<?xml version="1.0" encoding="UTF-8"?>
<testsuite name="io.airbyte.integrations.io.airbyte.integration_tests.sources.CdcInitialSnapshotPostgresSourceDatatypeTest" tests="2" skipped="0" failures="2" errors="0" timestamp="2023-05-20T14:19:20" hostname="MacBook-Pro-3" time="488.076">
  <properties/>
  <testcase name="testDataContent()" classname="io.airbyte.integrations.io.airbyte.integration_tests.sources.CdcInitialSnapshotPostgresSourceDatatypeTest" time="318.413">
    <failure message="org.opentest4j.AssertionFailedError: The stream 'test_2_numeric' checking type 'numeric' is missing values: [33.345]&#10;The stream 'test_1_pg_lsn' checking type 'pg_lsn' is missing values: [7/A25801C8, 0/0, null]&#10;The stream 'test_1_time_array' checking type 'time_array' is missing values: [[&quot;13:00:01&quot;,&quot;13:00:02&quot;,&quot;13:00:03&quot;,&quot;13:00:04&quot;,&quot;13:00:05&quot;,&quot;13:00:00.000000&quot;]]&#10;The stream 'test_1_bytea' checking type 'bytea' is missing values: [null, \x1234, \x31323334, \x61626364, \xabcd]&#10;The stream 'test_4_timestamp' checking type 'timestamp' is missing values: [null]&#10;The stream 'test_1_int4_array' checking type 'int4_array' is missing values: [[-2147483648,2147483646]]&#10;The stream 'test_1_text' checking type 'text' is missing values: [a, abc, Миші йдуть на південь, не питай чому;, 櫻花分店, , null, \xF0\x9F\x9A\x80]&#10;The stream 'test_1_int4' checking type 'int4' is missing values: [null, 1001, -2147483648, 2147483647]&#10;The stream 'test_2_numeric_array' checking type 'numeric_array' is missing values: [[131070,231072]]&#10;The stream 'test_2_char' checking type 'char' is missing values: [{asb123}, {asb12} ]&#10;The stream 'test_1_path' checking type 'path' is missing values: [((3.0,7.0),(15.0,18.0)), ((0.0,0.0),(0.0,0.0)), null]&#10;The stream 'test_1_varchar' checking type 'varchar' is missing values: [a, abc, Миші йдуть на південь, не питай чому;, 櫻花分店, , null, \xF0\x9F\x9A\x80]&#10;The stream 'test_1_decimal_array' checking type 'decimal_array' is missing values: [[131070.23,231072.476596593]]&#10;The stream 'test_1_timestamptz' checking type 'timestamptz' is missing values: [2004-10-19T18:23:00.000000Z, 2004-10-19T18:23:54.123456Z, 3004-10-19T18:23:54.123456Z BC, 0001-01-01T00:00:00.000000Z, 0001-12-31T23:59:59.999999Z BC, null]&#10;The stream 'test_2_timestamptz' checking type 'timestamptz' is missing values: [2004-10-19T18:23:00.000000Z, 2004-10-19T18:23:54.123456Z, 3004-10-19T18:23:54.123456Z BC, 0001-01-01T00:00:00.000000Z, 0001-12-31T23:59:59.999999Z BC, null]&#10;The stream 'test_1_char' checking type 'char' is missing values: [a, *, null]&#10;The stream 'test_5_timestamp' checking type 'timestamp' is missing values: [null]&#10;The stream 'test_1_double_precision' checking type 'double precision' is missing values: [123.0, 1.2345678901234567E9, null]&#10;The stream 'test_1_tsrange' checking type 'tsrange' is missing values: [(&quot;2010-01-01 14:30:00&quot;,&quot;2010-01-01 15:30:00&quot;), null]&#10;The stream 'test_1_money' checking type 'money' is missing values: [null, 999.99, 1001.01, -1000.0, 999.99, 1001.01, -1000.0]&#10;The stream 'test_1_hstore' checking type 'hstore' is missing values: [{&quot;ISBN-13&quot;:&quot;978-1449370000&quot;,&quot;weight&quot;:&quot;11.2 ounces&quot;,&quot;paperback&quot;:&quot;243&quot;,&quot;publisher&quot;:&quot;postgresqltutorial.com&quot;,&quot;language&quot;:&quot;English&quot;}, null]&#10;The stream 'test_3_numeric' checking type 'numeric' is missing values: [33]&#10;The stream 'test_1_char_array' checking type 'char_array' is missing values: [[&quot;l&quot;,&quot;d&quot;,&quot;a&quot;]]&#10;The stream 'test_1_int' checking type 'int' is missing values: [null, 1001, -2147483648, 2147483647]&#10;The stream 'test_1_mood' checking type 'mood' is missing values: [happy, null]&#10;The stream 'test_1_money_array' checking type 'money_array' is missing values: [[999.99,1001.01,45000.0,1.0,800.0,22222.01,1001.01]]&#10;The stream 'test_1_bigint' checking type 'bigint' is missing values: [-9223372036854775808, 9223372036854775807, 0, null]&#10;The stream 'test_1_bool' checking type 'bool' is missing values: [true, true, true, false, false, false, null]&#10;The stream 'test_1_line' checking type 'line' is missing values: [{4.0,5.0,6.0}, {0.0,1.0,0.0}, null]&#10;The stream 'test_5_time' checking type 'time' is missing values: [null]&#10;The stream 'test_1_bool_array' checking type 'bool_array' is missing values: [[true,true,true,false,false,false,null]]&#10;The stream 'test_2_bit' checking type 'bit' is missing values: [101]&#10;The stream 'test_1_json' checking type 'json' is missing values: [null, {&quot;a&quot;: 10, &quot;b&quot;: 15}]&#10;The stream 'test_2_varchar' checking type 'varchar' is missing values: [{asb123}, {asb12}]&#10;The stream 'test_2_date' checking type 'date' is missing values: [1999-01-08, 1991-02-10 BC, 2022-11-12, 1987-12-01]&#10;The stream 'test_1_int2' checking type 'int2' is missing values: [null, -32768, 32767]&#10;The stream 'test_1_float' checking type 'float' is missing values: [123.0, 1.2345678901234567E9, null]&#10;The stream 'test_1_polygon' checking type 'polygon' is missing values: [((3.0,7.0),(15.0,18.0)), ((0.0,0.0),(0.0,0.0)), ((0.0,0.0),(1.0E24,0.0)), null]&#10;The stream 'test_1_float4_array' checking type 'float4_array' is missing values: [[131070.234,231072.48]]&#10;The stream 'test_1_timestamptz_array' checking type 'timestamptz_array' is missing values: [[null,&quot;2004-10-19T18:23:00.000000Z&quot;,&quot;2004-10-19T18:23:54.123456Z&quot;]]&#10;The stream 'test_1_timetz_array' checking type 'timetz_array' is missing values: [[null,&quot;13:00:01-07:00&quot;,&quot;13:00:00.000000+08:00&quot;,&quot;13:00:03-08:00&quot;,&quot;13:00:04Z&quot;,&quot;13:00:05.012345-08:00&quot;,&quot;13:00:06+08:00&quot;,&quot;13:00:00.000000-07:00&quot;]]&#10;The stream 'test_1_box' checking type 'box' is missing values: [(15.0,18.0),(3.0,7.0), (0.0,0.0),(0.0,0.0), null]&#10;The stream 'test_1_timestamp_array' checking type 'timestamp_array' is missing values: [[null,&quot;2004-10-19T10:23:00.000000&quot;,&quot;2004-10-19T10:23:54.123456&quot;,&quot;3004-10-19T10:23:54.123456 BC&quot;]]&#10;The stream 'test_3_timestamp' checking type 'timestamp' is missing values: [2004-10-19T10:23:00.000000, 2004-10-19T10:23:54.123456, 3004-10-19T10:23:54.123456 BC, 0001-01-01T00:00:00.000000, 0001-12-31T23:59:59.999999 BC, 1970-01-01T00:00:00.000000]&#10;The stream 'test_1_interval' checking type 'interval' is missing values: [null, 1 year 2 mons 3 days 04:05:06, -49444:26:40, 49444:26:40]&#10;The stream 'test_3_decimal_array' checking type 'decimal_array' is missing values: [[131070.23,231072.48]]&#10;The stream 'test_6_timestamp' checking type 'timestamp' is missing values: [+292278994-08-16T23:00:00.000000, +292269055-12-02T23:00:00.000000 BC]&#10;The stream 'test_3_numeric_array' checking type 'numeric_array' is missing values: [[131070.23,231072.48]]&#10;The stream 'test_1_point' checking type 'point' is missing values: [(3.0,7.0), (0.0,0.0), (1.0E24,0.0), null]&#10;The stream 'test_1_bit_varying' checking type 'bit_varying' is missing values: [101, null]&#10;The stream 'test_2_bit_varying' checking type 'bit_varying' is missing values: [101, null]&#10;The stream 'test_1_serial4' checking type 'serial4' is missing values: [1, 2147483647, 0, -2147483647]&#10;The stream 'test_1_serial2' checking type 'serial2' is missing values: [1, 32767, 0, -32767]&#10;The stream 'test_8_timestamp' checking type 'timestamp' is missing values: [+292278994-08-16T23:00:00.000000, +292269055-12-02T23:00:00.000000 BC]&#10;The stream 'test_1_uuid' checking type 'uuid' is missing values: [a0eebc99-9c0b-4ef8-bb6d-6bb9bd380a11, null]&#10;The stream 'test_4_numeric' checking type 'numeric' is missing values: [123, null, 14525.22]&#10;The stream 'test_1_float8_array' checking type 'float8_array' is missing values: [[131070.237689,231072.476596593]]&#10;The stream 'test_2_character' checking type 'character' is missing values: [{asb123}, {asb12} ]&#10;The stream 'test_2_time' checking type 'time' is missing values: [13:00:01.010, 13:00:02.000001, 13:00:03, 13:00:04, 13:00:05.012340, 13:00:00.000000, 23:59:59.999999999]&#10;The stream 'test_1_bytea_array' checking type 'bytea_array' is missing values: [[&quot;eEE2Njk3RTk3NEU2QTMyMEY0NTQzOTBCRTAzRjc0OTU1RTg5NzhGMUE2OTcxRUE2NzMwNTQyRTM3QjY2MTc5QkM=&quot;,&quot;eDRCNTI0MTRCMDAwMDAwMDAwMDAwMDAwMDAwMDAwMDAwMDAwMDAwMDAwMDAwMDAwMDAwMDAwMDAwMDAwMDAwMDA=&quot;]]&#10;The stream 'test_2_decimal_array' checking type 'decimal_array' is missing values: [[131070,231072]]&#10;The stream 'test_1_date' checking type 'date' is missing values: [1999-01-08, 1991-02-10 BC, 2022-11-12, 1987-12-01]&#10;The stream 'test_1_decimal' checking type 'decimal' is missing values: [123, null, 1.2345678901234567E9]&#10;The stream 'test_1_xml' checking type 'xml' is missing values: [&lt;book&gt;&lt;title&gt;Manual&lt;/title&gt;&lt;chapter&gt;...&lt;/chapter&gt;&lt;/book&gt;, null, ]&#10;The stream 'test_7_timestamp' checking type 'timestamp' is missing values: [+292278994-08-16T23:00:00.000000, +292269055-12-02T23:00:00.000000 BC]&#10;The stream 'test_1_serial' checking type 'serial' is missing values: [1, 2147483647, 0, -2147483647]&#10;The stream 'test_1_tsquery' checking type 'tsquery' is missing values: [null, 'fat' &amp; ( 'rat' | 'cat' ), 'fat':AB &amp; 'cat']&#10;The stream 'test_1_float4' checking type 'float4' is missing values: [null, 3.4145]&#10;The stream 'test_1_float8' checking type 'float8' is missing values: [123.0, 1.2345678901234567E9, null]&#10;The stream 'test_1_bit' checking type 'bit' is missing values: [0]&#10;The stream 'test_1_smallserial' checking type 'smallserial' is missing values: [1, 32767, 0, -32767]&#10;The stream 'test_1_tsvector' checking type 'tsvector' is missing values: ['brown':3 'dog':9 'fox':4 'jumped':5 'lazy':8 'over':6 'quick':2 'the':1,7]&#10;The stream 'test_1_int8_array' checking type 'int8_array' is missing values: [[-9223372036854775808,9223372036854775801]]&#10;The stream 'test_1_character' checking type 'character' is missing values: [a, *, null]&#10;The stream 'test_1_time' checking type 'time' is missing values: [13:00:01.010, 13:00:02.000001, 13:00:03, 13:00:04, 13:00:05.012340, 13:00:00.000000, 23:59:59.999999999]&#10;The stream 'test_1_numeric_array' checking type 'numeric_array' is missing values: [[131070.23,231072.476596593]]&#10;The stream 'test_1_macaddr8' checking type 'macaddr8' is missing values: [null, 08:00:2b:01:02:03:04:05, 08:00:2b:01:02:03:04:06, 08:00:2b:01:02:03:04:07]&#10;The stream 'test_4_time' checking type 'time' is missing values: [null]&#10;The stream 'test_1_timetz' checking type 'timetz' is missing values: [null, 13:00:01.123456-07:00, 13:00:01+08:00, 13:00:03-08:00, 13:00:04Z, 13:00:05.012345-08:00, 13:00:06+08:00]&#10;The stream 'test_1_jsonb' checking type 'jsonb' is missing values: [null, [1, 2, 3]]&#10;The stream 'test_1_timestamp' checking type 'timestamp' is missing values: [2004-10-19T10:23:00.000000, 2004-10-19T10:23:54.123456, 3004-10-19T10:23:54.123456 BC, 0001-01-01T00:00:00.000000, 0001-12-31T23:59:59.999999 BC, 1970-01-01T00:00:00.000000]&#10;The stream 'test_1_inventory_item' checking type 'inventory_item' is missing values: [(&quot;fuzzy dice&quot;,42,1.99), null]&#10;The stream 'test_1_text_array' checking type 'text_array' is missing values: [[&quot;someeeeee loooooooooong teeeeext&quot;,&quot;vvvvvvveeeeeeeeeeeruyyyyyyyyy looooooooooooooooong teeeeeeeeeeeeeeext&quot;]]&#10;The stream 'test_3_date' checking type 'date' is missing values: [null]&#10;The stream 'test_5_numeric' checking type 'numeric' is missing values: [123, null, 1.2345678901234567E9]&#10;The stream 'test_1_boolean' checking type 'boolean' is missing values: [true, true, true, false, false, false, null]&#10;The stream 'test_1_bit_array' checking type 'bit_array' is missing values: [[null,true,false]]&#10;The stream 'test_1_smallint' checking type 'smallint' is missing values: [null, -32768, 32767]&#10;The stream 'test_1_oid_array' checking type 'oid_array' is missing values: [[564182,234181]]&#10;The stream 'test_2_timestamp' checking type 'timestamp' is missing values: [2004-10-19T10:23:00.000000, 2004-10-19T10:23:54.123456, 3004-10-19T10:23:54.123456 BC, 0001-01-01T00:00:00.000000, 0001-12-31T23:59:59.999999 BC, 1970-01-01T00:00:00.000000]&#10;The stream 'test_1_cidr' checking type 'cidr' is missing values: [null, 192.168.100.128/25, 192.168.0.0/24, 192.168.1.0/24, 128.1.0.0/16, 2001:4f8:3:ba::/64]&#10;The stream 'test_1_int2_array' checking type 'int2_array' is missing values: [[1,2,3], [4,5,6]]&#10;The stream 'test_1_date_array' checking type 'date_array' is missing values: [[&quot;1999-01-08&quot;,&quot;1991-02-10 BC&quot;]]&#10;The stream 'test_1_lseg' checking type 'lseg' is missing values: [[(3.0,7.0),(15.0,18.0)], [(0.0,0.0),(0.0,0.0)], null]&#10;The stream 'test_1_numeric' checking type 'numeric' is missing values: [33]&#10;The stream 'test_1_varchar_array' checking type 'varchar_array' is missing values: [[&quot;lorem ipsum&quot;,&quot;dolor sit&quot;,&quot;amet&quot;]]&#10;The stream 'test_1_real' checking type 'real' is missing values: [null, 3.4145]&#10;The stream 'test_1_name_array' checking type 'name_array' is missing values: [[&quot;object&quot;,&quot;integer&quot;]]&#10;The stream 'test_3_time' checking type 'time' is missing values: [13:00:01.010, 13:00:02.000001, 13:00:03, 13:00:04, 13:00:05.012340, 13:00:00.000000, 23:59:59.999999999]&#10;The stream 'test_1_macaddr' checking type 'macaddr' is missing values: [null, 08:00:2b:01:02:03, 08:00:2b:01:02:04, 08:00:2b:01:02:05]&#10;The stream 'test_1_bpchar_array' checking type 'bpchar_array' is missing values: [[&quot;l &quot;,&quot;d &quot;,&quot;a &quot;]]&#10;The stream 'test_1_inet' checking type 'inet' is missing values: [198.24.10.0/24, 198.24.10.0, 198.10.0.0/8, null]&#10;The stream 'test_1_bigserial' checking type 'bigserial' is missing values: [1, 9223372036854775807, 0, -9223372036854775808]&#10;The stream 'test_2_timetz' checking type 'timetz' is missing values: [null, 13:00:01.123456-07:00, 13:00:01+08:00, 13:00:03-08:00, 13:00:04Z, 13:00:05.012345-08:00, 13:00:06+08:00]&#10;The stream 'test_1_integer' checking type 'integer' is missing values: [null, 1001, -2147483648, 2147483647]&#10;The stream 'test_1_circle' checking type 'circle' is missing values: [&lt;(5.0,7.0),10.0&gt;, &lt;(0.0,0.0),0.0&gt;, &lt;(-10.0,-4.0),10.0&gt;, null] ==&gt; expected: &lt;true&gt; but was: &lt;false&gt;" type="org.opentest4j.AssertionFailedError">org.opentest4j.AssertionFailedError: The stream 'test_2_numeric' checking type 'numeric' is missing values: [33.345]
The stream 'test_1_pg_lsn' checking type 'pg_lsn' is missing values: [7/A25801C8, 0/0, null]
The stream 'test_1_time_array' checking type 'time_array' is missing values: [[&quot;13:00:01&quot;,&quot;13:00:02&quot;,&quot;13:00:03&quot;,&quot;13:00:04&quot;,&quot;13:00:05&quot;,&quot;13:00:00.000000&quot;]]
The stream 'test_1_bytea' checking type 'bytea' is missing values: [null, \x1234, \x31323334, \x61626364, \xabcd]
The stream 'test_4_timestamp' checking type 'timestamp' is missing values: [null]
The stream 'test_1_int4_array' checking type 'int4_array' is missing values: [[-2147483648,2147483646]]
The stream 'test_1_text' checking type 'text' is missing values: [a, abc, Миші йдуть на південь, не питай чому;, 櫻花分店, , null, \xF0\x9F\x9A\x80]
The stream 'test_1_int4' checking type 'int4' is missing values: [null, 1001, -2147483648, 2147483647]
The stream 'test_2_numeric_array' checking type 'numeric_array' is missing values: [[131070,231072]]
The stream 'test_2_char' checking type 'char' is missing values: [{asb123}, {asb12} ]
The stream 'test_1_path' checking type 'path' is missing values: [((3.0,7.0),(15.0,18.0)), ((0.0,0.0),(0.0,0.0)), null]
The stream 'test_1_varchar' checking type 'varchar' is missing values: [a, abc, Миші йдуть на південь, не питай чому;, 櫻花分店, , null, \xF0\x9F\x9A\x80]
The stream 'test_1_decimal_array' checking type 'decimal_array' is missing values: [[131070.23,231072.476596593]]
The stream 'test_1_timestamptz' checking type 'timestamptz' is missing values: [2004-10-19T18:23:00.000000Z, 2004-10-19T18:23:54.123456Z, 3004-10-19T18:23:54.123456Z BC, 0001-01-01T00:00:00.000000Z, 0001-12-31T23:59:59.999999Z BC, null]
The stream 'test_2_timestamptz' checking type 'timestamptz' is missing values: [2004-10-19T18:23:00.000000Z, 2004-10-19T18:23:54.123456Z, 3004-10-19T18:23:54.123456Z BC, 0001-01-01T00:00:00.000000Z, 0001-12-31T23:59:59.999999Z BC, null]
The stream 'test_1_char' checking type 'char' is missing values: [a, *, null]
The stream 'test_5_timestamp' checking type 'timestamp' is missing values: [null]
The stream 'test_1_double_precision' checking type 'double precision' is missing values: [123.0, 1.2345678901234567E9, null]
The stream 'test_1_tsrange' checking type 'tsrange' is missing values: [(&quot;2010-01-01 14:30:00&quot;,&quot;2010-01-01 15:30:00&quot;), null]
The stream 'test_1_money' checking type 'money' is missing values: [null, 999.99, 1001.01, -1000.0, 999.99, 1001.01, -1000.0]
The stream 'test_1_hstore' checking type 'hstore' is missing values: [{&quot;ISBN-13&quot;:&quot;978-1449370000&quot;,&quot;weight&quot;:&quot;11.2 ounces&quot;,&quot;paperback&quot;:&quot;243&quot;,&quot;publisher&quot;:&quot;postgresqltutorial.com&quot;,&quot;language&quot;:&quot;English&quot;}, null]
The stream 'test_3_numeric' checking type 'numeric' is missing values: [33]
The stream 'test_1_char_array' checking type 'char_array' is missing values: [[&quot;l&quot;,&quot;d&quot;,&quot;a&quot;]]
The stream 'test_1_int' checking type 'int' is missing values: [null, 1001, -2147483648, 2147483647]
The stream 'test_1_mood' checking type 'mood' is missing values: [happy, null]
The stream 'test_1_money_array' checking type 'money_array' is missing values: [[999.99,1001.01,45000.0,1.0,800.0,22222.01,1001.01]]
The stream 'test_1_bigint' checking type 'bigint' is missing values: [-9223372036854775808, 9223372036854775807, 0, null]
The stream 'test_1_bool' checking type 'bool' is missing values: [true, true, true, false, false, false, null]
The stream 'test_1_line' checking type 'line' is missing values: [{4.0,5.0,6.0}, {0.0,1.0,0.0}, null]
The stream 'test_5_time' checking type 'time' is missing values: [null]
The stream 'test_1_bool_array' checking type 'bool_array' is missing values: [[true,true,true,false,false,false,null]]
The stream 'test_2_bit' checking type 'bit' is missing values: [101]
The stream 'test_1_json' checking type 'json' is missing values: [null, {&quot;a&quot;: 10, &quot;b&quot;: 15}]
The stream 'test_2_varchar' checking type 'varchar' is missing values: [{asb123}, {asb12}]
The stream 'test_2_date' checking type 'date' is missing values: [1999-01-08, 1991-02-10 BC, 2022-11-12, 1987-12-01]
The stream 'test_1_int2' checking type 'int2' is missing values: [null, -32768, 32767]
The stream 'test_1_float' checking type 'float' is missing values: [123.0, 1.2345678901234567E9, null]
The stream 'test_1_polygon' checking type 'polygon' is missing values: [((3.0,7.0),(15.0,18.0)), ((0.0,0.0),(0.0,0.0)), ((0.0,0.0),(1.0E24,0.0)), null]
The stream 'test_1_float4_array' checking type 'float4_array' is missing values: [[131070.234,231072.48]]
The stream 'test_1_timestamptz_array' checking type 'timestamptz_array' is missing values: [[null,&quot;2004-10-19T18:23:00.000000Z&quot;,&quot;2004-10-19T18:23:54.123456Z&quot;]]
The stream 'test_1_timetz_array' checking type 'timetz_array' is missing values: [[null,&quot;13:00:01-07:00&quot;,&quot;13:00:00.000000+08:00&quot;,&quot;13:00:03-08:00&quot;,&quot;13:00:04Z&quot;,&quot;13:00:05.012345-08:00&quot;,&quot;13:00:06+08:00&quot;,&quot;13:00:00.000000-07:00&quot;]]
The stream 'test_1_box' checking type 'box' is missing values: [(15.0,18.0),(3.0,7.0), (0.0,0.0),(0.0,0.0), null]
The stream 'test_1_timestamp_array' checking type 'timestamp_array' is missing values: [[null,&quot;2004-10-19T10:23:00.000000&quot;,&quot;2004-10-19T10:23:54.123456&quot;,&quot;3004-10-19T10:23:54.123456 BC&quot;]]
The stream 'test_3_timestamp' checking type 'timestamp' is missing values: [2004-10-19T10:23:00.000000, 2004-10-19T10:23:54.123456, 3004-10-19T10:23:54.123456 BC, 0001-01-01T00:00:00.000000, 0001-12-31T23:59:59.999999 BC, 1970-01-01T00:00:00.000000]
The stream 'test_1_interval' checking type 'interval' is missing values: [null, 1 year 2 mons 3 days 04:05:06, -49444:26:40, 49444:26:40]
The stream 'test_3_decimal_array' checking type 'decimal_array' is missing values: [[131070.23,231072.48]]
The stream 'test_6_timestamp' checking type 'timestamp' is missing values: [+292278994-08-16T23:00:00.000000, +292269055-12-02T23:00:00.000000 BC]
The stream 'test_3_numeric_array' checking type 'numeric_array' is missing values: [[131070.23,231072.48]]
The stream 'test_1_point' checking type 'point' is missing values: [(3.0,7.0), (0.0,0.0), (1.0E24,0.0), null]
The stream 'test_1_bit_varying' checking type 'bit_varying' is missing values: [101, null]
The stream 'test_2_bit_varying' checking type 'bit_varying' is missing values: [101, null]
The stream 'test_1_serial4' checking type 'serial4' is missing values: [1, 2147483647, 0, -2147483647]
The stream 'test_1_serial2' checking type 'serial2' is missing values: [1, 32767, 0, -32767]
The stream 'test_8_timestamp' checking type 'timestamp' is missing values: [+292278994-08-16T23:00:00.000000, +292269055-12-02T23:00:00.000000 BC]
The stream 'test_1_uuid' checking type 'uuid' is missing values: [a0eebc99-9c0b-4ef8-bb6d-6bb9bd380a11, null]
The stream 'test_4_numeric' checking type 'numeric' is missing values: [123, null, 14525.22]
The stream 'test_1_float8_array' checking type 'float8_array' is missing values: [[131070.237689,231072.476596593]]
The stream 'test_2_character' checking type 'character' is missing values: [{asb123}, {asb12} ]
The stream 'test_2_time' checking type 'time' is missing values: [13:00:01.010, 13:00:02.000001, 13:00:03, 13:00:04, 13:00:05.012340, 13:00:00.000000, 23:59:59.999999999]
The stream 'test_1_bytea_array' checking type 'bytea_array' is missing values: [[&quot;eEE2Njk3RTk3NEU2QTMyMEY0NTQzOTBCRTAzRjc0OTU1RTg5NzhGMUE2OTcxRUE2NzMwNTQyRTM3QjY2MTc5QkM=&quot;,&quot;eDRCNTI0MTRCMDAwMDAwMDAwMDAwMDAwMDAwMDAwMDAwMDAwMDAwMDAwMDAwMDAwMDAwMDAwMDAwMDAwMDAwMDA=&quot;]]
The stream 'test_2_decimal_array' checking type 'decimal_array' is missing values: [[131070,231072]]
The stream 'test_1_date' checking type 'date' is missing values: [1999-01-08, 1991-02-10 BC, 2022-11-12, 1987-12-01]
The stream 'test_1_decimal' checking type 'decimal' is missing values: [123, null, 1.2345678901234567E9]
The stream 'test_1_xml' checking type 'xml' is missing values: [&lt;book&gt;&lt;title&gt;Manual&lt;/title&gt;&lt;chapter&gt;...&lt;/chapter&gt;&lt;/book&gt;, null, ]
The stream 'test_7_timestamp' checking type 'timestamp' is missing values: [+292278994-08-16T23:00:00.000000, +292269055-12-02T23:00:00.000000 BC]
The stream 'test_1_serial' checking type 'serial' is missing values: [1, 2147483647, 0, -2147483647]
The stream 'test_1_tsquery' checking type 'tsquery' is missing values: [null, 'fat' &amp; ( 'rat' | 'cat' ), 'fat':AB &amp; 'cat']
The stream 'test_1_float4' checking type 'float4' is missing values: [null, 3.4145]
The stream 'test_1_float8' checking type 'float8' is missing values: [123.0, 1.2345678901234567E9, null]
The stream 'test_1_bit' checking type 'bit' is missing values: [0]
The stream 'test_1_smallserial' checking type 'smallserial' is missing values: [1, 32767, 0, -32767]
The stream 'test_1_tsvector' checking type 'tsvector' is missing values: ['brown':3 'dog':9 'fox':4 'jumped':5 'lazy':8 'over':6 'quick':2 'the':1,7]
The stream 'test_1_int8_array' checking type 'int8_array' is missing values: [[-9223372036854775808,9223372036854775801]]
The stream 'test_1_character' checking type 'character' is missing values: [a, *, null]
The stream 'test_1_time' checking type 'time' is missing values: [13:00:01.010, 13:00:02.000001, 13:00:03, 13:00:04, 13:00:05.012340, 13:00:00.000000, 23:59:59.999999999]
The stream 'test_1_numeric_array' checking type 'numeric_array' is missing values: [[131070.23,231072.476596593]]
The stream 'test_1_macaddr8' checking type 'macaddr8' is missing values: [null, 08:00:2b:01:02:03:04:05, 08:00:2b:01:02:03:04:06, 08:00:2b:01:02:03:04:07]
The stream 'test_4_time' checking type 'time' is missing values: [null]
The stream 'test_1_timetz' checking type 'timetz' is missing values: [null, 13:00:01.123456-07:00, 13:00:01+08:00, 13:00:03-08:00, 13:00:04Z, 13:00:05.012345-08:00, 13:00:06+08:00]
The stream 'test_1_jsonb' checking type 'jsonb' is missing values: [null, [1, 2, 3]]
The stream 'test_1_timestamp' checking type 'timestamp' is missing values: [2004-10-19T10:23:00.000000, 2004-10-19T10:23:54.123456, 3004-10-19T10:23:54.123456 BC, 0001-01-01T00:00:00.000000, 0001-12-31T23:59:59.999999 BC, 1970-01-01T00:00:00.000000]
The stream 'test_1_inventory_item' checking type 'inventory_item' is missing values: [(&quot;fuzzy dice&quot;,42,1.99), null]
The stream 'test_1_text_array' checking type 'text_array' is missing values: [[&quot;someeeeee loooooooooong teeeeext&quot;,&quot;vvvvvvveeeeeeeeeeeruyyyyyyyyy looooooooooooooooong teeeeeeeeeeeeeeext&quot;]]
The stream 'test_3_date' checking type 'date' is missing values: [null]
The stream 'test_5_numeric' checking type 'numeric' is missing values: [123, null, 1.2345678901234567E9]
The stream 'test_1_boolean' checking type 'boolean' is missing values: [true, true, true, false, false, false, null]
The stream 'test_1_bit_array' checking type 'bit_array' is missing values: [[null,true,false]]
The stream 'test_1_smallint' checking type 'smallint' is missing values: [null, -32768, 32767]
The stream 'test_1_oid_array' checking type 'oid_array' is missing values: [[564182,234181]]
The stream 'test_2_timestamp' checking type 'timestamp' is missing values: [2004-10-19T10:23:00.000000, 2004-10-19T10:23:54.123456, 3004-10-19T10:23:54.123456 BC, 0001-01-01T00:00:00.000000, 0001-12-31T23:59:59.999999 BC, 1970-01-01T00:00:00.000000]
The stream 'test_1_cidr' checking type 'cidr' is missing values: [null, 192.168.100.128/25, 192.168.0.0/24, 192.168.1.0/24, 128.1.0.0/16, 2001:4f8:3:ba::/64]
The stream 'test_1_int2_array' checking type 'int2_array' is missing values: [[1,2,3], [4,5,6]]
The stream 'test_1_date_array' checking type 'date_array' is missing values: [[&quot;1999-01-08&quot;,&quot;1991-02-10 BC&quot;]]
The stream 'test_1_lseg' checking type 'lseg' is missing values: [[(3.0,7.0),(15.0,18.0)], [(0.0,0.0),(0.0,0.0)], null]
The stream 'test_1_numeric' checking type 'numeric' is missing values: [33]
The stream 'test_1_varchar_array' checking type 'varchar_array' is missing values: [[&quot;lorem ipsum&quot;,&quot;dolor sit&quot;,&quot;amet&quot;]]
The stream 'test_1_real' checking type 'real' is missing values: [null, 3.4145]
The stream 'test_1_name_array' checking type 'name_array' is missing values: [[&quot;object&quot;,&quot;integer&quot;]]
The stream 'test_3_time' checking type 'time' is missing values: [13:00:01.010, 13:00:02.000001, 13:00:03, 13:00:04, 13:00:05.012340, 13:00:00.000000, 23:59:59.999999999]
The stream 'test_1_macaddr' checking type 'macaddr' is missing values: [null, 08:00:2b:01:02:03, 08:00:2b:01:02:04, 08:00:2b:01:02:05]
The stream 'test_1_bpchar_array' checking type 'bpchar_array' is missing values: [[&quot;l &quot;,&quot;d &quot;,&quot;a &quot;]]
The stream 'test_1_inet' checking type 'inet' is missing values: [198.24.10.0/24, 198.24.10.0, 198.10.0.0/8, null]
The stream 'test_1_bigserial' checking type 'bigserial' is missing values: [1, 9223372036854775807, 0, -9223372036854775808]
The stream 'test_2_timetz' checking type 'timetz' is missing values: [null, 13:00:01.123456-07:00, 13:00:01+08:00, 13:00:03-08:00, 13:00:04Z, 13:00:05.012345-08:00, 13:00:06+08:00]
The stream 'test_1_integer' checking type 'integer' is missing values: [null, 1001, -2147483648, 2147483647]
The stream 'test_1_circle' checking type 'circle' is missing values: [&lt;(5.0,7.0),10.0&gt;, &lt;(0.0,0.0),0.0&gt;, &lt;(-10.0,-4.0),10.0&gt;, null] ==&gt; expected: &lt;true&gt; but was: &lt;false&gt;
	at app//org.junit.jupiter.api.AssertionFailureBuilder.build(AssertionFailureBuilder.java:151)
	at app//org.junit.jupiter.api.AssertionFailureBuilder.buildAndThrow(AssertionFailureBuilder.java:132)
	at app//org.junit.jupiter.api.AssertTrue.failNotTrue(AssertTrue.java:63)
	at app//org.junit.jupiter.api.AssertTrue.assertTrue(AssertTrue.java:36)
	at app//org.junit.jupiter.api.Assertions.assertTrue(Assertions.java:211)
	at app//io.airbyte.integrations.standardtest.source.AbstractSourceDatabaseTypeTest.testDataContent(AbstractSourceDatabaseTypeTest.java:184)
	at java.base@17.0.7/jdk.internal.reflect.NativeMethodAccessorImpl.invoke0(Native Method)
	at java.base@17.0.7/jdk.internal.reflect.NativeMethodAccessorImpl.invoke(NativeMethodAccessorImpl.java:77)
	at java.base@17.0.7/jdk.internal.reflect.DelegatingMethodAccessorImpl.invoke(DelegatingMethodAccessorImpl.java:43)
	at java.base@17.0.7/java.lang.reflect.Method.invoke(Method.java:568)
	at app//org.junit.platform.commons.util.ReflectionUtils.invokeMethod(ReflectionUtils.java:727)
	at app//org.junit.jupiter.engine.execution.MethodInvocation.proceed(MethodInvocation.java:60)
	at app//org.junit.jupiter.engine.execution.InvocationInterceptorChain$ValidatingInvocation.proceed(InvocationInterceptorChain.java:131)
	at app//org.junit.jupiter.engine.extension.TimeoutExtension.intercept(TimeoutExtension.java:156)
	at app//org.junit.jupiter.engine.extension.TimeoutExtension.interceptTestableMethod(TimeoutExtension.java:147)
	at app//org.junit.jupiter.engine.extension.TimeoutExtension.interceptTestMethod(TimeoutExtension.java:86)
	at app//org.junit.jupiter.engine.execution.InterceptingExecutableInvoker$ReflectiveInterceptorCall.lambda$ofVoidMethod$0(InterceptingExecutableInvoker.java:103)
	at app//org.junit.jupiter.engine.execution.InterceptingExecutableInvoker.lambda$invoke$0(InterceptingExecutableInvoker.java:93)
	at app//org.junit.jupiter.engine.execution.InvocationInterceptorChain$InterceptedInvocation.proceed(InvocationInterceptorChain.java:106)
	at app//org.junit.jupiter.engine.execution.InvocationInterceptorChain.proceed(InvocationInterceptorChain.java:64)
	at app//org.junit.jupiter.engine.execution.InvocationInterceptorChain.chainAndInvoke(InvocationInterceptorChain.java:45)
	at app//org.junit.jupiter.engine.execution.InvocationInterceptorChain.invoke(InvocationInterceptorChain.java:37)
	at app//org.junit.jupiter.engine.execution.InterceptingExecutableInvoker.invoke(InterceptingExecutableInvoker.java:92)
	at app//org.junit.jupiter.engine.execution.InterceptingExecutableInvoker.invoke(InterceptingExecutableInvoker.java:86)
	at app//org.junit.jupiter.engine.descriptor.TestMethodTestDescriptor.lambda$invokeTestMethod$7(TestMethodTestDescriptor.java:217)
	at app//org.junit.platform.engine.support.hierarchical.ThrowableCollector.execute(ThrowableCollector.java:73)
	at app//org.junit.jupiter.engine.descriptor.TestMethodTestDescriptor.invokeTestMethod(TestMethodTestDescriptor.java:213)
	at app//org.junit.jupiter.engine.descriptor.TestMethodTestDescriptor.execute(TestMethodTestDescriptor.java:138)
	at app//org.junit.jupiter.engine.descriptor.TestMethodTestDescriptor.execute(TestMethodTestDescriptor.java:68)
	at app//org.junit.platform.engine.support.hierarchical.NodeTestTask.lambda$executeRecursively$6(NodeTestTask.java:151)
	at app//org.junit.platform.engine.support.hierarchical.ThrowableCollector.execute(ThrowableCollector.java:73)
	at app//org.junit.platform.engine.support.hierarchical.NodeTestTask.lambda$executeRecursively$8(NodeTestTask.java:141)
	at app//org.junit.platform.engine.support.hierarchical.Node.around(Node.java:137)
	at app//org.junit.platform.engine.support.hierarchical.NodeTestTask.lambda$executeRecursively$9(NodeTestTask.java:139)
	at app//org.junit.platform.engine.support.hierarchical.ThrowableCollector.execute(ThrowableCollector.java:73)
	at app//org.junit.platform.engine.support.hierarchical.NodeTestTask.executeRecursively(NodeTestTask.java:138)
	at app//org.junit.platform.engine.support.hierarchical.NodeTestTask.execute(NodeTestTask.java:95)
	at java.base@17.0.7/java.util.ArrayList.forEach(ArrayList.java:1511)
	at app//org.junit.platform.engine.support.hierarchical.SameThreadHierarchicalTestExecutorService.invokeAll(SameThreadHierarchicalTestExecutorService.java:41)
	at app//org.junit.platform.engine.support.hierarchical.NodeTestTask.lambda$executeRecursively$6(NodeTestTask.java:155)
	at app//org.junit.platform.engine.support.hierarchical.ThrowableCollector.execute(ThrowableCollector.java:73)
	at app//org.junit.platform.engine.support.hierarchical.NodeTestTask.lambda$executeRecursively$8(NodeTestTask.java:141)
	at app//org.junit.platform.engine.support.hierarchical.Node.around(Node.java:137)
	at app//org.junit.platform.engine.support.hierarchical.NodeTestTask.lambda$executeRecursively$9(NodeTestTask.java:139)
	at app//org.junit.platform.engine.support.hierarchical.ThrowableCollector.execute(ThrowableCollector.java:73)
	at app//org.junit.platform.engine.support.hierarchical.NodeTestTask.executeRecursively(NodeTestTask.java:138)
	at app//org.junit.platform.engine.support.hierarchical.NodeTestTask.execute(NodeTestTask.java:95)
	at java.base@17.0.7/java.util.ArrayList.forEach(ArrayList.java:1511)
	at app//org.junit.platform.engine.support.hierarchical.SameThreadHierarchicalTestExecutorService.invokeAll(SameThreadHierarchicalTestExecutorService.java:41)
	at app//org.junit.platform.engine.support.hierarchical.NodeTestTask.lambda$executeRecursively$6(NodeTestTask.java:155)
	at app//org.junit.platform.engine.support.hierarchical.ThrowableCollector.execute(ThrowableCollector.java:73)
	at app//org.junit.platform.engine.support.hierarchical.NodeTestTask.lambda$executeRecursively$8(NodeTestTask.java:141)
	at app//org.junit.platform.engine.support.hierarchical.Node.around(Node.java:137)
	at app//org.junit.platform.engine.support.hierarchical.NodeTestTask.lambda$executeRecursively$9(NodeTestTask.java:139)
	at app//org.junit.platform.engine.support.hierarchical.ThrowableCollector.execute(ThrowableCollector.java:73)
	at app//org.junit.platform.engine.support.hierarchical.NodeTestTask.executeRecursively(NodeTestTask.java:138)
	at app//org.junit.platform.engine.support.hierarchical.NodeTestTask.execute(NodeTestTask.java:95)
	at app//org.junit.platform.engine.support.hierarchical.SameThreadHierarchicalTestExecutorService.submit(SameThreadHierarchicalTestExecutorService.java:35)
	at app//org.junit.platform.engine.support.hierarchical.HierarchicalTestExecutor.execute(HierarchicalTestExecutor.java:57)
	at app//org.junit.platform.engine.support.hierarchical.HierarchicalTestEngine.execute(HierarchicalTestEngine.java:54)
	at app//org.junit.platform.launcher.core.EngineExecutionOrchestrator.execute(EngineExecutionOrchestrator.java:147)
	at app//org.junit.platform.launcher.core.EngineExecutionOrchestrator.execute(EngineExecutionOrchestrator.java:127)
	at app//org.junit.platform.launcher.core.EngineExecutionOrchestrator.execute(EngineExecutionOrchestrator.java:90)
	at app//org.junit.platform.launcher.core.EngineExecutionOrchestrator.lambda$execute$0(EngineExecutionOrchestrator.java:55)
	at app//org.junit.platform.launcher.core.EngineExecutionOrchestrator.withInterceptedStreams(EngineExecutionOrchestrator.java:102)
	at app//org.junit.platform.launcher.core.EngineExecutionOrchestrator.execute(EngineExecutionOrchestrator.java:54)
	at app//org.junit.platform.launcher.core.DefaultLauncher.execute(DefaultLauncher.java:114)
	at app//org.junit.platform.launcher.core.DefaultLauncher.execute(DefaultLauncher.java:86)
	at app//org.junit.platform.launcher.core.DefaultLauncherSession$DelegatingLauncher.execute(DefaultLauncherSession.java:86)
	at app//org.junit.platform.launcher.core.SessionPerRequestLauncher.execute(SessionPerRequestLauncher.java:53)
	at org.gradle.api.internal.tasks.testing.junitplatform.JUnitPlatformTestClassProcessor$CollectAllTestClassesExecutor.processAllTestClasses(JUnitPlatformTestClassProcessor.java:99)
	at org.gradle.api.internal.tasks.testing.junitplatform.JUnitPlatformTestClassProcessor$CollectAllTestClassesExecutor.access$000(JUnitPlatformTestClassProcessor.java:79)
	at org.gradle.api.internal.tasks.testing.junitplatform.JUnitPlatformTestClassProcessor.stop(JUnitPlatformTestClassProcessor.java:75)
	at org.gradle.api.internal.tasks.testing.SuiteTestClassProcessor.stop(SuiteTestClassProcessor.java:62)
	at java.base@17.0.7/jdk.internal.reflect.NativeMethodAccessorImpl.invoke0(Native Method)
	at java.base@17.0.7/jdk.internal.reflect.NativeMethodAccessorImpl.invoke(NativeMethodAccessorImpl.java:77)
	at java.base@17.0.7/jdk.internal.reflect.DelegatingMethodAccessorImpl.invoke(DelegatingMethodAccessorImpl.java:43)
	at java.base@17.0.7/java.lang.reflect.Method.invoke(Method.java:568)
	at org.gradle.internal.dispatch.ReflectionDispatch.dispatch(ReflectionDispatch.java:36)
	at org.gradle.internal.dispatch.ReflectionDispatch.dispatch(ReflectionDispatch.java:24)
	at org.gradle.internal.dispatch.ContextClassLoaderDispatch.dispatch(ContextClassLoaderDispatch.java:33)
	at org.gradle.internal.dispatch.ProxyDispatchAdapter$DispatchingInvocationHandler.invoke(ProxyDispatchAdapter.java:94)
	at jdk.proxy2/jdk.proxy2.$Proxy5.stop(Unknown Source)
	at org.gradle.api.internal.tasks.testing.worker.TestWorker$3.run(TestWorker.java:193)
	at org.gradle.api.internal.tasks.testing.worker.TestWorker.executeAndMaintainThreadName(TestWorker.java:129)
	at org.gradle.api.internal.tasks.testing.worker.TestWorker.execute(TestWorker.java:100)
	at org.gradle.api.internal.tasks.testing.worker.TestWorker.execute(TestWorker.java:60)
	at org.gradle.process.internal.worker.child.ActionExecutionWorker.execute(ActionExecutionWorker.java:56)
	at org.gradle.process.internal.worker.child.SystemApplicationClassLoaderWorker.call(SystemApplicationClassLoaderWorker.java:113)
	at org.gradle.process.internal.worker.child.SystemApplicationClassLoaderWorker.call(SystemApplicationClassLoaderWorker.java:65)
	at app//worker.org.gradle.process.internal.worker.GradleWorkerMain.run(GradleWorkerMain.java:69)
	at app//worker.org.gradle.process.internal.worker.GradleWorkerMain.main(GradleWorkerMain.java:74)
</failure>
  </testcase>
  <testcase name="testDataTypes()" classname="io.airbyte.integrations.io.airbyte.integration_tests.sources.CdcInitialSnapshotPostgresSourceDatatypeTest" time="169.652">
    <failure message="Wanted but not invoked:&#10;sourceApi.writeDiscoverCatalogResult(&#10;    &lt;Capturing argument&gt;&#10;);&#10;-&gt; at io.airbyte.api.client.generated.SourceApi.writeDiscoverCatalogResult(SourceApi.java:961)&#10;Actually, there were zero interactions with this mock.&#10;" type="org.mockito.exceptions.verification.WantedButNotInvoked">Wanted but not invoked:
sourceApi.writeDiscoverCatalogResult(
    &lt;Capturing argument&gt;
);
-&gt; at io.airbyte.api.client.generated.SourceApi.writeDiscoverCatalogResult(SourceApi.java:961)
Actually, there were zero interactions with this mock.

	at app//io.airbyte.api.client.generated.SourceApi.writeDiscoverCatalogResult(SourceApi.java:961)
	at app//io.airbyte.integrations.standardtest.source.AbstractSourceConnectorTest.runDiscover(AbstractSourceConnectorTest.java:198)
	at app//io.airbyte.integrations.standardtest.source.AbstractSourceDatabaseTypeTest.testDataTypes(AbstractSourceDatabaseTypeTest.java:106)
	at java.base@17.0.7/jdk.internal.reflect.NativeMethodAccessorImpl.invoke0(Native Method)
	at java.base@17.0.7/jdk.internal.reflect.NativeMethodAccessorImpl.invoke(NativeMethodAccessorImpl.java:77)
	at java.base@17.0.7/jdk.internal.reflect.DelegatingMethodAccessorImpl.invoke(DelegatingMethodAccessorImpl.java:43)
	at java.base@17.0.7/java.lang.reflect.Method.invoke(Method.java:568)
	at app//org.junit.platform.commons.util.ReflectionUtils.invokeMethod(ReflectionUtils.java:727)
	at app//org.junit.jupiter.engine.execution.MethodInvocation.proceed(MethodInvocation.java:60)
	at app//org.junit.jupiter.engine.execution.InvocationInterceptorChain$ValidatingInvocation.proceed(InvocationInterceptorChain.java:131)
	at app//org.junit.jupiter.engine.extension.TimeoutExtension.intercept(TimeoutExtension.java:156)
	at app//org.junit.jupiter.engine.extension.TimeoutExtension.interceptTestableMethod(TimeoutExtension.java:147)
	at app//org.junit.jupiter.engine.extension.TimeoutExtension.interceptTestMethod(TimeoutExtension.java:86)
	at app//org.junit.jupiter.engine.execution.InterceptingExecutableInvoker$ReflectiveInterceptorCall.lambda$ofVoidMethod$0(InterceptingExecutableInvoker.java:103)
	at app//org.junit.jupiter.engine.execution.InterceptingExecutableInvoker.lambda$invoke$0(InterceptingExecutableInvoker.java:93)
	at app//org.junit.jupiter.engine.execution.InvocationInterceptorChain$InterceptedInvocation.proceed(InvocationInterceptorChain.java:106)
	at app//org.junit.jupiter.engine.execution.InvocationInterceptorChain.proceed(InvocationInterceptorChain.java:64)
	at app//org.junit.jupiter.engine.execution.InvocationInterceptorChain.chainAndInvoke(InvocationInterceptorChain.java:45)
	at app//org.junit.jupiter.engine.execution.InvocationInterceptorChain.invoke(InvocationInterceptorChain.java:37)
	at app//org.junit.jupiter.engine.execution.InterceptingExecutableInvoker.invoke(InterceptingExecutableInvoker.java:92)
	at app//org.junit.jupiter.engine.execution.InterceptingExecutableInvoker.invoke(InterceptingExecutableInvoker.java:86)
	at app//org.junit.jupiter.engine.descriptor.TestMethodTestDescriptor.lambda$invokeTestMethod$7(TestMethodTestDescriptor.java:217)
	at app//org.junit.platform.engine.support.hierarchical.ThrowableCollector.execute(ThrowableCollector.java:73)
	at app//org.junit.jupiter.engine.descriptor.TestMethodTestDescriptor.invokeTestMethod(TestMethodTestDescriptor.java:213)
	at app//org.junit.jupiter.engine.descriptor.TestMethodTestDescriptor.execute(TestMethodTestDescriptor.java:138)
	at app//org.junit.jupiter.engine.descriptor.TestMethodTestDescriptor.execute(TestMethodTestDescriptor.java:68)
	at app//org.junit.platform.engine.support.hierarchical.NodeTestTask.lambda$executeRecursively$6(NodeTestTask.java:151)
	at app//org.junit.platform.engine.support.hierarchical.ThrowableCollector.execute(ThrowableCollector.java:73)
	at app//org.junit.platform.engine.support.hierarchical.NodeTestTask.lambda$executeRecursively$8(NodeTestTask.java:141)
	at app//org.junit.platform.engine.support.hierarchical.Node.around(Node.java:137)
	at app//org.junit.platform.engine.support.hierarchical.NodeTestTask.lambda$executeRecursively$9(NodeTestTask.java:139)
	at app//org.junit.platform.engine.support.hierarchical.ThrowableCollector.execute(ThrowableCollector.java:73)
	at app//org.junit.platform.engine.support.hierarchical.NodeTestTask.executeRecursively(NodeTestTask.java:138)
	at app//org.junit.platform.engine.support.hierarchical.NodeTestTask.execute(NodeTestTask.java:95)
	at java.base@17.0.7/java.util.ArrayList.forEach(ArrayList.java:1511)
	at app//org.junit.platform.engine.support.hierarchical.SameThreadHierarchicalTestExecutorService.invokeAll(SameThreadHierarchicalTestExecutorService.java:41)
	at app//org.junit.platform.engine.support.hierarchical.NodeTestTask.lambda$executeRecursively$6(NodeTestTask.java:155)
	at app//org.junit.platform.engine.support.hierarchical.ThrowableCollector.execute(ThrowableCollector.java:73)
	at app//org.junit.platform.engine.support.hierarchical.NodeTestTask.lambda$executeRecursively$8(NodeTestTask.java:141)
	at app//org.junit.platform.engine.support.hierarchical.Node.around(Node.java:137)
	at app//org.junit.platform.engine.support.hierarchical.NodeTestTask.lambda$executeRecursively$9(NodeTestTask.java:139)
	at app//org.junit.platform.engine.support.hierarchical.ThrowableCollector.execute(ThrowableCollector.java:73)
	at app//org.junit.platform.engine.support.hierarchical.NodeTestTask.executeRecursively(NodeTestTask.java:138)
	at app//org.junit.platform.engine.support.hierarchical.NodeTestTask.execute(NodeTestTask.java:95)
	at java.base@17.0.7/java.util.ArrayList.forEach(ArrayList.java:1511)
	at app//org.junit.platform.engine.support.hierarchical.SameThreadHierarchicalTestExecutorService.invokeAll(SameThreadHierarchicalTestExecutorService.java:41)
	at app//org.junit.platform.engine.support.hierarchical.NodeTestTask.lambda$executeRecursively$6(NodeTestTask.java:155)
	at app//org.junit.platform.engine.support.hierarchical.ThrowableCollector.execute(ThrowableCollector.java:73)
	at app//org.junit.platform.engine.support.hierarchical.NodeTestTask.lambda$executeRecursively$8(NodeTestTask.java:141)
	at app//org.junit.platform.engine.support.hierarchical.Node.around(Node.java:137)
	at app//org.junit.platform.engine.support.hierarchical.NodeTestTask.lambda$executeRecursively$9(NodeTestTask.java:139)
	at app//org.junit.platform.engine.support.hierarchical.ThrowableCollector.execute(ThrowableCollector.java:73)
	at app//org.junit.platform.engine.support.hierarchical.NodeTestTask.executeRecursively(NodeTestTask.java:138)
	at app//org.junit.platform.engine.support.hierarchical.NodeTestTask.execute(NodeTestTask.java:95)
	at app//org.junit.platform.engine.support.hierarchical.SameThreadHierarchicalTestExecutorService.submit(SameThreadHierarchicalTestExecutorService.java:35)
	at app//org.junit.platform.engine.support.hierarchical.HierarchicalTestExecutor.execute(HierarchicalTestExecutor.java:57)
	at app//org.junit.platform.engine.support.hierarchical.HierarchicalTestEngine.execute(HierarchicalTestEngine.java:54)
	at app//org.junit.platform.launcher.core.EngineExecutionOrchestrator.execute(EngineExecutionOrchestrator.java:147)
	at app//org.junit.platform.launcher.core.EngineExecutionOrchestrator.execute(EngineExecutionOrchestrator.java:127)
	at app//org.junit.platform.launcher.core.EngineExecutionOrchestrator.execute(EngineExecutionOrchestrator.java:90)
	at app//org.junit.platform.launcher.core.EngineExecutionOrchestrator.lambda$execute$0(EngineExecutionOrchestrator.java:55)
	at app//org.junit.platform.launcher.core.EngineExecutionOrchestrator.withInterceptedStreams(EngineExecutionOrchestrator.java:102)
	at app//org.junit.platform.launcher.core.EngineExecutionOrchestrator.execute(EngineExecutionOrchestrator.java:54)
	at app//org.junit.platform.launcher.core.DefaultLauncher.execute(DefaultLauncher.java:114)
	at app//org.junit.platform.launcher.core.DefaultLauncher.execute(DefaultLauncher.java:86)
	at app//org.junit.platform.launcher.core.DefaultLauncherSession$DelegatingLauncher.execute(DefaultLauncherSession.java:86)
	at app//org.junit.platform.launcher.core.SessionPerRequestLauncher.execute(SessionPerRequestLauncher.java:53)
	at org.gradle.api.internal.tasks.testing.junitplatform.JUnitPlatformTestClassProcessor$CollectAllTestClassesExecutor.processAllTestClasses(JUnitPlatformTestClassProcessor.java:99)
	at org.gradle.api.internal.tasks.testing.junitplatform.JUnitPlatformTestClassProcessor$CollectAllTestClassesExecutor.access$000(JUnitPlatformTestClassProcessor.java:79)
	at org.gradle.api.internal.tasks.testing.junitplatform.JUnitPlatformTestClassProcessor.stop(JUnitPlatformTestClassProcessor.java:75)
	at org.gradle.api.internal.tasks.testing.SuiteTestClassProcessor.stop(SuiteTestClassProcessor.java:62)
	at java.base@17.0.7/jdk.internal.reflect.NativeMethodAccessorImpl.invoke0(Native Method)
	at java.base@17.0.7/jdk.internal.reflect.NativeMethodAccessorImpl.invoke(NativeMethodAccessorImpl.java:77)
	at java.base@17.0.7/jdk.internal.reflect.DelegatingMethodAccessorImpl.invoke(DelegatingMethodAccessorImpl.java:43)
	at java.base@17.0.7/java.lang.reflect.Method.invoke(Method.java:568)
	at org.gradle.internal.dispatch.ReflectionDispatch.dispatch(ReflectionDispatch.java:36)
	at org.gradle.internal.dispatch.ReflectionDispatch.dispatch(ReflectionDispatch.java:24)
	at org.gradle.internal.dispatch.ContextClassLoaderDispatch.dispatch(ContextClassLoaderDispatch.java:33)
	at org.gradle.internal.dispatch.ProxyDispatchAdapter$DispatchingInvocationHandler.invoke(ProxyDispatchAdapter.java:94)
	at jdk.proxy2/jdk.proxy2.$Proxy5.stop(Unknown Source)
	at org.gradle.api.internal.tasks.testing.worker.TestWorker$3.run(TestWorker.java:193)
	at org.gradle.api.internal.tasks.testing.worker.TestWorker.executeAndMaintainThreadName(TestWorker.java:129)
	at org.gradle.api.internal.tasks.testing.worker.TestWorker.execute(TestWorker.java:100)
	at org.gradle.api.internal.tasks.testing.worker.TestWorker.execute(TestWorker.java:60)
	at org.gradle.process.internal.worker.child.ActionExecutionWorker.execute(ActionExecutionWorker.java:56)
	at org.gradle.process.internal.worker.child.SystemApplicationClassLoaderWorker.call(SystemApplicationClassLoaderWorker.java:113)
	at org.gradle.process.internal.worker.child.SystemApplicationClassLoaderWorker.call(SystemApplicationClassLoaderWorker.java:65)
	at app//worker.org.gradle.process.internal.worker.GradleWorkerMain.run(GradleWorkerMain.java:69)
	at app//worker.org.gradle.process.internal.worker.GradleWorkerMain.main(GradleWorkerMain.java:74)
</failure>
  </testcase>
  <system-out><![CDATA[{"type":"LOG","log":{"level":"INFO","message":"INFO o.t.u.ImageNameSubstitutor(instance):55 Image name substitution will be performed by: DefaultImageNameSubstitutor (composite of 'ConfigurationFileImageNameSubstitutor' and 'PrefixingImageNameSubstitutor')"}}
{"type":"LOG","log":{"level":"INFO","message":"INFO o.t.d.DockerClientProviderStrategy(lambda$loadConfiguredStrategy$9):362 Loaded org.testcontainers.dockerclient.UnixSocketClientProviderStrategy from ~/.testcontainers.properties, will try it first"}}
{"type":"LOG","log":{"level":"INFO","message":"INFO o.t.d.DockerClientProviderStrategy(tryOutStrategy):272 Found Docker environment with local Unix socket (unix:///var/run/docker.sock)"}}
{"type":"LOG","log":{"level":"INFO","message":"INFO o.t.DockerClientFactory(client):198 Docker host IP address is localhost"}}
{"type":"LOG","log":{"level":"INFO","message":"INFO o.t.DockerClientFactory(client):205 Connected to docker: \n  Server Version: 20.10.12\n  API Version: 1.41\n  Operating System: Docker Desktop\n  Total Memory: 1985 MB"}}
{"type":"LOG","log":{"level":"INFO","message":"INFO o.t.c.GenericContainer(tryStart):376 Creating container for image: testcontainers/ryuk:0.3.4"}}
{"type":"LOG","log":{"level":"INFO","message":"INFO o.t.c.GenericContainer(tryStart):440 Container testcontainers/ryuk:0.3.4 is starting: d5700b62f2b87b45e26a9402a25ac1319ce065d2d4d35c83d79f056a08ab0e0b"}}
{"type":"LOG","log":{"level":"INFO","message":"INFO o.t.c.GenericContainer(tryStart):520 Container testcontainers/ryuk:0.3.4 started in PT32.965176S"}}
{"type":"LOG","log":{"level":"INFO","message":"INFO o.t.u.RyukResourceReaper(init):43 Ryuk started - will monitor and terminate Testcontainers containers on JVM exit"}}
{"type":"LOG","log":{"level":"INFO","message":"INFO o.t.DockerClientFactory(client):235 Checking the system..."}}
{"type":"LOG","log":{"level":"INFO","message":"INFO o.t.DockerClientFactory(check):256 ✔︎ Docker server version should be at least 1.6.0"}}
{"type":"LOG","log":{"level":"INFO","message":"INFO o.t.c.GenericContainer(tryStart):376 Creating container for image: postgres:14-alpine"}}
{"type":"LOG","log":{"level":"INFO","message":"INFO o.t.c.GenericContainer(tryStart):440 Container postgres:14-alpine is starting: 92e43827c62c02a0e81897d7c3a930a38dec52dd8fe100f207502c01a8914942"}}
{"type":"LOG","log":{"level":"INFO","message":"INFO o.t.c.GenericContainer(tryStart):520 Container postgres:14-alpine started in PT45.012368S"}}
{"type":"LOG","log":{"level":"INFO","message":"INFO c.z.h.HikariDataSource(<init>):80 HikariPool-1 - Starting..."}}
{"type":"LOG","log":{"level":"INFO","message":"INFO c.z.h.HikariDataSource(<init>):82 HikariPool-1 - Start completed."}}
{"type":"LOG","log":{"level":"INFO","message":"INFO o.j.t.JooqLogger(info):312 \n                                      \n@@@@@@@@@@@@@@@@@@@@@@@@@@@@@@@@@@@@@@\n@@@@@@@@@@@@@@@@@@@@@@@@@@@@@@@@@@@@@@\n@@@@@@@@@@@@@@@@  @@        @@@@@@@@@@\n@@@@@@@@@@@@@@@@@@@@        @@@@@@@@@@\n@@@@@@@@@@@@@@@@  @@  @@    @@@@@@@@@@\n@@@@@@@@@@  @@@@  @@  @@    @@@@@@@@@@\n@@@@@@@@@@        @@        @@@@@@@@@@\n@@@@@@@@@@@@@@@@@@@@@@@@@@@@@@@@@@@@@@\n@@@@@@@@@@@@@@@@@@@@@@@@@@@@@@@@@@@@@@\n@@@@@@@@@@        @@        @@@@@@@@@@\n@@@@@@@@@@    @@  @@  @@@@  @@@@@@@@@@\n@@@@@@@@@@    @@  @@  @@@@  @@@@@@@@@@\n@@@@@@@@@@        @@  @  @  @@@@@@@@@@\n@@@@@@@@@@        @@        @@@@@@@@@@\n@@@@@@@@@@@@@@@@@@@@@@@  @@@@@@@@@@@@@\n@@@@@@@@@@@@@@@@@@@@@@@@@@@@@@@@@@@@@@\n@@@@@@@@@@@@@@@@@@@@@@@@@@@@@@@@@@@@@@  Thank you for using jOOQ 3.13.4\n                                      "}}
{"type":"LOG","log":{"level":"INFO","message":"INFO i.a.i.s.s.TestEnvConfigs(getEnvOrDefault):119 Using default value for environment variable WORKER_ENVIRONMENT: 'DOCKER'"}}
{"type":"LOG","log":{"level":"INFO","message":"INFO i.a.i.s.s.TestEnvConfigs(getEnvOrDefault):119 Using default value for environment variable DEPLOYMENT_MODE: 'OSS'"}}
{"type":"LOG","log":{"level":"INFO","message":"INFO i.a.c.i.LineGobbler(voidCall):114 Checking if airbyte/source-postgres:dev exists..."}}
{"type":"LOG","log":{"level":"INFO","message":"INFO i.a.c.i.LineGobbler(voidCall):114 airbyte/source-postgres:dev was found locally."}}
{"type":"LOG","log":{"level":"INFO","message":"INFO i.a.w.p.DockerProcessFactory(create):126 Creating docker container = source-postgres-read-0-0-yijga with resources null and allowedHosts null"}}
{"type":"LOG","log":{"level":"INFO","message":"INFO i.a.w.p.DockerProcessFactory(create):171 Preparing command: docker run --rm --init -i -w /data/job --log-driver none --name source-postgres-read-0-0-yijga --network host -v /tmp/airbyte_tests/test10801768202989802327:/data -v /tmp/airbyte_tests/output1503052823510267432:/local -e DEPLOYMENT_MODE=OSS -e USE_STREAM_CAPABLE_STATE=false -e FIELD_SELECTION_WORKSPACES= -e WORKER_ENVIRONMENT=DOCKER -e AIRBYTE_ROLE= -e APPLY_FIELD_SELECTION=false -e WORKER_CONNECTOR_IMAGE=airbyte/source-postgres:dev -e WORKER_JOB_ATTEMPT=0 -e AUTO_DETECT_SCHEMA=true -e AIRBYTE_VERSION= -e WORKER_JOB_ID=0 airbyte/source-postgres:dev read --config source_config.json --catalog source_catalog.json"}}
{"type":"LOG","log":{"level":"INFO","message":"INFO i.a.w.i.DefaultAirbyteStreamFactory(internalLog):159 INFO i.a.i.s.p.PostgresSource(main):507 starting source: class io.airbyte.integrations.source.postgres.PostgresSource"}}
{"type":"LOG","log":{"level":"INFO","message":"INFO i.a.w.i.DefaultAirbyteStreamFactory(internalLog):159 INFO i.a.i.b.IntegrationCliParser(parseOptions):126 integration args: {read=null, catalog=source_catalog.json, config=source_config.json}"}}
{"type":"LOG","log":{"level":"INFO","message":"INFO i.a.w.i.DefaultAirbyteStreamFactory(internalLog):159 INFO i.a.i.b.IntegrationRunner(runInternal):108 Running integration: io.airbyte.integrations.base.ssh.SshWrappedSource"}}
{"type":"LOG","log":{"level":"INFO","message":"INFO i.a.w.i.DefaultAirbyteStreamFactory(internalLog):159 INFO i.a.i.b.IntegrationRunner(runInternal):109 Command: READ"}}
{"type":"LOG","log":{"level":"INFO","message":"INFO i.a.w.i.DefaultAirbyteStreamFactory(internalLog):159 INFO i.a.i.b.IntegrationRunner(runInternal):110 Integration config: IntegrationConfig{command=READ, configPath='source_config.json', catalogPath='source_catalog.json', statePath='null'}"}}
{"type":"LOG","log":{"level":"WARN","message":"WARN i.a.w.i.DefaultAirbyteStreamFactory(internalLog):156 WARN c.n.s.JsonMetaSchema(newValidator):278 Unknown keyword groups - you should define your own Meta Schema. If the keyword is irrelevant for validation, just use a NonValidationKeyword"}}
{"type":"LOG","log":{"level":"WARN","message":"WARN i.a.w.i.DefaultAirbyteStreamFactory(internalLog):156 WARN c.n.s.JsonMetaSchema(newValidator):278 Unknown keyword order - you should define your own Meta Schema. If the keyword is irrelevant for validation, just use a NonValidationKeyword"}}
{"type":"LOG","log":{"level":"WARN","message":"WARN i.a.w.i.DefaultAirbyteStreamFactory(internalLog):156 WARN c.n.s.JsonMetaSchema(newValidator):278 Unknown keyword group - you should define your own Meta Schema. If the keyword is irrelevant for validation, just use a NonValidationKeyword"}}
{"type":"LOG","log":{"level":"WARN","message":"WARN i.a.w.i.DefaultAirbyteStreamFactory(internalLog):156 WARN c.n.s.JsonMetaSchema(newValidator):278 Unknown keyword airbyte_secret - you should define your own Meta Schema. If the keyword is irrelevant for validation, just use a NonValidationKeyword"}}
{"type":"LOG","log":{"level":"WARN","message":"WARN i.a.w.i.DefaultAirbyteStreamFactory(internalLog):156 WARN c.n.s.JsonMetaSchema(newValidator):278 Unknown keyword always_show - you should define your own Meta Schema. If the keyword is irrelevant for validation, just use a NonValidationKeyword"}}
{"type":"LOG","log":{"level":"WARN","message":"WARN i.a.w.i.DefaultAirbyteStreamFactory(internalLog):156 WARN c.n.s.JsonMetaSchema(newValidator):278 Unknown keyword min - you should define your own Meta Schema. If the keyword is irrelevant for validation, just use a NonValidationKeyword"}}
{"type":"LOG","log":{"level":"WARN","message":"WARN i.a.w.i.DefaultAirbyteStreamFactory(internalLog):156 WARN c.n.s.JsonMetaSchema(newValidator):278 Unknown keyword max - you should define your own Meta Schema. If the keyword is irrelevant for validation, just use a NonValidationKeyword"}}
{"type":"LOG","log":{"level":"INFO","message":"INFO i.a.w.i.DefaultAirbyteStreamFactory(internalLog):159 INFO i.a.i.b.s.SshTunnel(getInstance):204 Starting connection with method: NO_TUNNEL"}}
{"type":"LOG","log":{"level":"INFO","message":"INFO i.a.w.i.DefaultAirbyteStreamFactory(internalLog):159 INFO i.a.i.s.r.s.StateManagerFactory(createStateManager):48 Legacy state manager selected to manage state object with type LEGACY."}}
{"type":"LOG","log":{"level":"INFO","message":"INFO i.a.w.i.DefaultAirbyteStreamFactory(internalLog):159 INFO i.a.i.s.r.s.CursorManager(createCursorInfoForStream):182 No cursor field set in catalog but not present in state. Stream: test_test_1_bool_array, New Cursor Field: id. Resetting cursor value"}}
{"type":"LOG","log":{"level":"INFO","message":"INFO i.a.w.i.DefaultAirbyteStreamFactory(internalLog):159 INFO i.a.i.s.r.s.CursorManager(createCursorInfoForStream):182 No cursor field set in catalog but not present in state. Stream: test_test_2_numeric_array, New Cursor Field: id. Resetting cursor value"}}
{"type":"LOG","log":{"level":"INFO","message":"INFO i.a.w.i.DefaultAirbyteStreamFactory(internalLog):159 INFO i.a.i.s.r.s.CursorManager(createCursorInfoForStream):182 No cursor field set in catalog but not present in state. Stream: test_test_2_time, New Cursor Field: id. Resetting cursor value"}}
{"type":"LOG","log":{"level":"INFO","message":"INFO i.a.w.i.DefaultAirbyteStreamFactory(internalLog):159 INFO i.a.i.s.r.s.CursorManager(createCursorInfoForStream):182 No cursor field set in catalog but not present in state. Stream: test_test_1_smallint, New Cursor Field: id. Resetting cursor value"}}
{"type":"LOG","log":{"level":"INFO","message":"INFO i.a.w.i.DefaultAirbyteStreamFactory(internalLog):159 INFO i.a.i.s.r.s.CursorManager(createCursorInfoForStream):182 No cursor field set in catalog but not present in state. Stream: test_test_1_money_array, New Cursor Field: id. Resetting cursor value"}}
{"type":"LOG","log":{"level":"INFO","message":"INFO i.a.w.i.DefaultAirbyteStreamFactory(internalLog):159 INFO i.a.i.s.r.s.CursorManager(createCursorInfoForStream):182 No cursor field set in catalog but not present in state. Stream: test_test_1_oid_array, New Cursor Field: id. Resetting cursor value"}}
{"type":"LOG","log":{"level":"INFO","message":"INFO i.a.w.i.DefaultAirbyteStreamFactory(internalLog):159 INFO i.a.i.s.r.s.CursorManager(createCursorInfoForStream):182 No cursor field set in catalog but not present in state. Stream: test_test_1_varchar, New Cursor Field: id. Resetting cursor value"}}
{"type":"LOG","log":{"level":"INFO","message":"INFO i.a.w.i.DefaultAirbyteStreamFactory(internalLog):159 INFO i.a.i.s.r.s.CursorManager(createCursorInfoForStream):182 No cursor field set in catalog but not present in state. Stream: test_test_1_time_array, New Cursor Field: id. Resetting cursor value"}}
{"type":"LOG","log":{"level":"INFO","message":"INFO i.a.w.i.DefaultAirbyteStreamFactory(internalLog):159 INFO i.a.i.s.r.s.CursorManager(createCursorInfoForStream):182 No cursor field set in catalog but not present in state. Stream: test_test_1_bit_array, New Cursor Field: id. Resetting cursor value"}}
{"type":"LOG","log":{"level":"INFO","message":"INFO i.a.w.i.DefaultAirbyteStreamFactory(internalLog):159 INFO i.a.i.s.r.s.CursorManager(createCursorInfoForStream):182 No cursor field set in catalog but not present in state. Stream: test_test_1_real, New Cursor Field: id. Resetting cursor value"}}
{"type":"LOG","log":{"level":"INFO","message":"INFO i.a.w.i.DefaultAirbyteStreamFactory(internalLog):159 INFO i.a.i.s.r.s.CursorManager(createCursorInfoForStream):182 No cursor field set in catalog but not present in state. Stream: test_test_1_lseg, New Cursor Field: id. Resetting cursor value"}}
{"type":"LOG","log":{"level":"INFO","message":"INFO i.a.w.i.DefaultAirbyteStreamFactory(internalLog):159 INFO i.a.i.s.r.s.CursorManager(createCursorInfoForStream):182 No cursor field set in catalog but not present in state. Stream: test_test_3_numeric, New Cursor Field: id. Resetting cursor value"}}
{"type":"LOG","log":{"level":"INFO","message":"INFO i.a.w.i.DefaultAirbyteStreamFactory(internalLog):159 INFO i.a.i.s.r.s.CursorManager(createCursorInfoForStream):182 No cursor field set in catalog but not present in state. Stream: test_test_1_character, New Cursor Field: id. Resetting cursor value"}}
{"type":"LOG","log":{"level":"INFO","message":"INFO i.a.w.i.DefaultAirbyteStreamFactory(internalLog):159 INFO i.a.i.s.r.s.CursorManager(createCursorInfoForStream):182 No cursor field set in catalog but not present in state. Stream: test_test_1_bigint, New Cursor Field: id. Resetting cursor value"}}
{"type":"LOG","log":{"level":"INFO","message":"INFO i.a.w.i.DefaultAirbyteStreamFactory(internalLog):159 INFO i.a.i.s.r.s.CursorManager(createCursorInfoForStream):182 No cursor field set in catalog but not present in state. Stream: test_test_1_boolean, New Cursor Field: id. Resetting cursor value"}}
{"type":"LOG","log":{"level":"INFO","message":"INFO i.a.w.i.DefaultAirbyteStreamFactory(internalLog):159 INFO i.a.i.s.r.s.CursorManager(createCursorInfoForStream):182 No cursor field set in catalog but not present in state. Stream: test_test_1_bool, New Cursor Field: id. Resetting cursor value"}}
{"type":"LOG","log":{"level":"INFO","message":"INFO i.a.w.i.DefaultAirbyteStreamFactory(internalLog):159 INFO i.a.i.s.r.s.CursorManager(createCursorInfoForStream):182 No cursor field set in catalog but not present in state. Stream: test_test_2_date, New Cursor Field: id. Resetting cursor value"}}
{"type":"LOG","log":{"level":"INFO","message":"INFO i.a.w.i.DefaultAirbyteStreamFactory(internalLog):159 INFO i.a.i.s.r.s.CursorManager(createCursorInfoForStream):182 No cursor field set in catalog but not present in state. Stream: test_test_2_character, New Cursor Field: id. Resetting cursor value"}}
{"type":"LOG","log":{"level":"INFO","message":"INFO i.a.w.i.DefaultAirbyteStreamFactory(internalLog):159 INFO i.a.i.s.r.s.CursorManager(createCursorInfoForStream):182 No cursor field set in catalog but not present in state. Stream: test_test_4_numeric, New Cursor Field: id. Resetting cursor value"}}
{"type":"LOG","log":{"level":"INFO","message":"INFO i.a.w.i.DefaultAirbyteStreamFactory(internalLog):159 INFO i.a.i.s.r.s.CursorManager(createCursorInfoForStream):182 No cursor field set in catalog but not present in state. Stream: test_test_5_time, New Cursor Field: id. Resetting cursor value"}}
{"type":"LOG","log":{"level":"INFO","message":"INFO i.a.w.i.DefaultAirbyteStreamFactory(internalLog):159 INFO i.a.i.s.r.s.CursorManager(createCursorInfoForStream):182 No cursor field set in catalog but not present in state. Stream: test_test_1_polygon, New Cursor Field: id. Resetting cursor value"}}
{"type":"LOG","log":{"level":"INFO","message":"INFO i.a.w.i.DefaultAirbyteStreamFactory(internalLog):159 INFO i.a.i.s.r.s.CursorManager(createCursorInfoForStream):182 No cursor field set in catalog but not present in state. Stream: test_test_5_timestamp, New Cursor Field: id. Resetting cursor value"}}
{"type":"LOG","log":{"level":"INFO","message":"INFO i.a.w.i.DefaultAirbyteStreamFactory(internalLog):159 INFO i.a.i.s.r.s.CursorManager(createCursorInfoForStream):182 No cursor field set in catalog but not present in state. Stream: test_test_1_integer, New Cursor Field: id. Resetting cursor value"}}
{"type":"LOG","log":{"level":"INFO","message":"INFO i.a.w.i.DefaultAirbyteStreamFactory(internalLog):159 INFO i.a.i.s.r.s.CursorManager(createCursorInfoForStream):182 No cursor field set in catalog but not present in state. Stream: test_test_1_serial2, New Cursor Field: id. Resetting cursor value"}}
{"type":"LOG","log":{"level":"INFO","message":"INFO i.a.w.i.DefaultAirbyteStreamFactory(internalLog):159 INFO i.a.i.s.r.s.CursorManager(createCursorInfoForStream):182 No cursor field set in catalog but not present in state. Stream: test_test_1_varchar_array, New Cursor Field: id. Resetting cursor value"}}
{"type":"LOG","log":{"level":"INFO","message":"INFO i.a.w.i.DefaultAirbyteStreamFactory(internalLog):159 INFO i.a.i.s.r.s.CursorManager(createCursorInfoForStream):182 No cursor field set in catalog but not present in state. Stream: test_test_1_int4, New Cursor Field: id. Resetting cursor value"}}
{"type":"LOG","log":{"level":"INFO","message":"INFO i.a.w.i.DefaultAirbyteStreamFactory(internalLog):159 INFO i.a.i.s.r.s.CursorManager(createCursorInfoForStream):182 No cursor field set in catalog but not present in state. Stream: test_test_1_timestamp_array, New Cursor Field: id. Resetting cursor value"}}
{"type":"LOG","log":{"level":"INFO","message":"INFO i.a.w.i.DefaultAirbyteStreamFactory(internalLog):159 INFO i.a.i.s.r.s.CursorManager(createCursorInfoForStream):182 No cursor field set in catalog but not present in state. Stream: test_test_1_tsrange, New Cursor Field: id. Resetting cursor value"}}
{"type":"LOG","log":{"level":"INFO","message":"INFO i.a.w.i.DefaultAirbyteStreamFactory(internalLog):159 INFO i.a.i.s.r.s.CursorManager(createCursorInfoForStream):182 No cursor field set in catalog but not present in state. Stream: test_test_1_name_array, New Cursor Field: id. Resetting cursor value"}}
{"type":"LOG","log":{"level":"INFO","message":"INFO i.a.w.i.DefaultAirbyteStreamFactory(internalLog):159 INFO i.a.i.s.r.s.CursorManager(createCursorInfoForStream):182 No cursor field set in catalog but not present in state. Stream: test_test_1_tsvector, New Cursor Field: id. Resetting cursor value"}}
{"type":"LOG","log":{"level":"INFO","message":"INFO i.a.w.i.DefaultAirbyteStreamFactory(internalLog):159 INFO i.a.i.s.r.s.CursorManager(createCursorInfoForStream):182 No cursor field set in catalog but not present in state. Stream: test_test_1_timetz, New Cursor Field: id. Resetting cursor value"}}
{"type":"LOG","log":{"level":"INFO","message":"INFO i.a.w.i.DefaultAirbyteStreamFactory(internalLog):159 INFO i.a.i.s.r.s.CursorManager(createCursorInfoForStream):182 No cursor field set in catalog but not present in state. Stream: test_test_1_bytea, New Cursor Field: id. Resetting cursor value"}}
{"type":"LOG","log":{"level":"INFO","message":"INFO i.a.w.i.DefaultAirbyteStreamFactory(internalLog):159 INFO i.a.i.s.r.s.CursorManager(createCursorInfoForStream):182 No cursor field set in catalog but not present in state. Stream: test_test_4_timestamp, New Cursor Field: id. Resetting cursor value"}}
{"type":"LOG","log":{"level":"INFO","message":"INFO i.a.w.i.DefaultAirbyteStreamFactory(internalLog):159 INFO i.a.i.s.r.s.CursorManager(createCursorInfoForStream):182 No cursor field set in catalog but not present in state. Stream: test_test_1_int4_array, New Cursor Field: id. Resetting cursor value"}}
{"type":"LOG","log":{"level":"INFO","message":"INFO i.a.w.i.DefaultAirbyteStreamFactory(internalLog):159 INFO i.a.i.s.r.s.CursorManager(createCursorInfoForStream):182 No cursor field set in catalog but not present in state. Stream: test_test_1_bpchar_array, New Cursor Field: id. Resetting cursor value"}}
{"type":"LOG","log":{"level":"INFO","message":"INFO i.a.w.i.DefaultAirbyteStreamFactory(internalLog):159 INFO i.a.i.s.r.s.CursorManager(createCursorInfoForStream):182 No cursor field set in catalog but not present in state. Stream: test_test_4_time, New Cursor Field: id. Resetting cursor value"}}
{"type":"LOG","log":{"level":"INFO","message":"INFO i.a.w.i.DefaultAirbyteStreamFactory(internalLog):159 INFO i.a.i.s.r.s.CursorManager(createCursorInfoForStream):182 No cursor field set in catalog but not present in state. Stream: test_test_1_tsquery, New Cursor Field: id. Resetting cursor value"}}
{"type":"LOG","log":{"level":"INFO","message":"INFO i.a.w.i.DefaultAirbyteStreamFactory(internalLog):159 INFO i.a.i.s.r.s.CursorManager(createCursorInfoForStream):182 No cursor field set in catalog but not present in state. Stream: test_test_1_int8_array, New Cursor Field: id. Resetting cursor value"}}
{"type":"LOG","log":{"level":"INFO","message":"INFO i.a.w.i.DefaultAirbyteStreamFactory(internalLog):159 INFO i.a.i.s.r.s.CursorManager(createCursorInfoForStream):182 No cursor field set in catalog but not present in state. Stream: test_test_1_bytea_array, New Cursor Field: id. Resetting cursor value"}}
{"type":"LOG","log":{"level":"INFO","message":"INFO i.a.w.i.DefaultAirbyteStreamFactory(internalLog):159 INFO i.a.i.s.r.s.CursorManager(createCursorInfoForStream):182 No cursor field set in catalog but not present in state. Stream: test_test_3_time, New Cursor Field: id. Resetting cursor value"}}
{"type":"LOG","log":{"level":"INFO","message":"INFO i.a.w.i.DefaultAirbyteStreamFactory(internalLog):159 INFO i.a.i.s.r.s.CursorManager(createCursorInfoForStream):182 No cursor field set in catalog but not present in state. Stream: test_test_2_timestamp, New Cursor Field: id. Resetting cursor value"}}
{"type":"LOG","log":{"level":"INFO","message":"INFO i.a.w.i.DefaultAirbyteStreamFactory(internalLog):159 INFO i.a.i.s.r.s.CursorManager(createCursorInfoForStream):182 No cursor field set in catalog but not present in state. Stream: test_test_3_decimal_array, New Cursor Field: id. Resetting cursor value"}}
{"type":"LOG","log":{"level":"INFO","message":"INFO i.a.w.i.DefaultAirbyteStreamFactory(internalLog):159 INFO i.a.i.s.r.s.CursorManager(createCursorInfoForStream):182 No cursor field set in catalog but not present in state. Stream: test_test_1_circle, New Cursor Field: id. Resetting cursor value"}}
{"type":"LOG","log":{"level":"INFO","message":"INFO i.a.w.i.DefaultAirbyteStreamFactory(internalLog):159 INFO i.a.i.s.r.s.CursorManager(createCursorInfoForStream):182 No cursor field set in catalog but not present in state. Stream: test_test_1_hstore, New Cursor Field: id. Resetting cursor value"}}
{"type":"LOG","log":{"level":"INFO","message":"INFO i.a.w.i.DefaultAirbyteStreamFactory(internalLog):159 INFO i.a.i.s.r.s.CursorManager(createCursorInfoForStream):182 No cursor field set in catalog but not present in state. Stream: test_test_1_timestamptz_array, New Cursor Field: id. Resetting cursor value"}}
{"type":"LOG","log":{"level":"INFO","message":"INFO i.a.w.i.DefaultAirbyteStreamFactory(internalLog):159 INFO i.a.i.s.r.s.CursorManager(createCursorInfoForStream):182 No cursor field set in catalog but not present in state. Stream: test_test_1_smallserial, New Cursor Field: id. Resetting cursor value"}}
{"type":"LOG","log":{"level":"INFO","message":"INFO i.a.w.i.DefaultAirbyteStreamFactory(internalLog):159 INFO i.a.i.s.r.s.CursorManager(createCursorInfoForStream):182 No cursor field set in catalog but not present in state. Stream: test_test_2_timestamptz, New Cursor Field: id. Resetting cursor value"}}
{"type":"LOG","log":{"level":"INFO","message":"INFO i.a.w.i.DefaultAirbyteStreamFactory(internalLog):159 INFO i.a.i.s.r.s.CursorManager(createCursorInfoForStream):182 No cursor field set in catalog but not present in state. Stream: test_test_1_line, New Cursor Field: id. Resetting cursor value"}}
{"type":"LOG","log":{"level":"INFO","message":"INFO i.a.w.i.DefaultAirbyteStreamFactory(internalLog):159 INFO i.a.i.s.r.s.CursorManager(createCursorInfoForStream):182 No cursor field set in catalog but not present in state. Stream: test_test_1_bigserial, New Cursor Field: id. Resetting cursor value"}}
{"type":"LOG","log":{"level":"INFO","message":"INFO i.a.w.i.DefaultAirbyteStreamFactory(internalLog):159 INFO i.a.i.s.r.s.CursorManager(createCursorInfoForStream):182 No cursor field set in catalog but not present in state. Stream: test_test_1_cidr, New Cursor Field: id. Resetting cursor value"}}
{"type":"LOG","log":{"level":"INFO","message":"INFO i.a.w.i.DefaultAirbyteStreamFactory(internalLog):159 INFO i.a.i.s.r.s.CursorManager(createCursorInfoForStream):182 No cursor field set in catalog but not present in state. Stream: test_test_1_date, New Cursor Field: id. Resetting cursor value"}}
{"type":"LOG","log":{"level":"INFO","message":"INFO i.a.w.i.DefaultAirbyteStreamFactory(internalLog):159 INFO i.a.i.s.r.s.CursorManager(createCursorInfoForStream):182 No cursor field set in catalog but not present in state. Stream: test_test_2_varchar, New Cursor Field: id. Resetting cursor value"}}
{"type":"LOG","log":{"level":"INFO","message":"INFO i.a.w.i.DefaultAirbyteStreamFactory(internalLog):159 INFO i.a.i.s.r.s.CursorManager(createCursorInfoForStream):182 No cursor field set in catalog but not present in state. Stream: test_test_1_timestamp, New Cursor Field: id. Resetting cursor value"}}
{"type":"LOG","log":{"level":"INFO","message":"INFO i.a.w.i.DefaultAirbyteStreamFactory(internalLog):159 INFO i.a.i.s.r.s.CursorManager(createCursorInfoForStream):182 No cursor field set in catalog but not present in state. Stream: test_test_1_decimal_array, New Cursor Field: id. Resetting cursor value"}}
{"type":"LOG","log":{"level":"INFO","message":"INFO i.a.w.i.DefaultAirbyteStreamFactory(internalLog):159 INFO i.a.i.s.r.s.CursorManager(createCursorInfoForStream):182 No cursor field set in catalog but not present in state. Stream: test_test_1_float, New Cursor Field: id. Resetting cursor value"}}
{"type":"LOG","log":{"level":"INFO","message":"INFO i.a.w.i.DefaultAirbyteStreamFactory(internalLog):159 INFO i.a.i.s.r.s.CursorManager(createCursorInfoForStream):182 No cursor field set in catalog but not present in state. Stream: test_test_1_money, New Cursor Field: id. Resetting cursor value"}}
{"type":"LOG","log":{"level":"INFO","message":"INFO i.a.w.i.DefaultAirbyteStreamFactory(internalLog):159 INFO i.a.i.s.r.s.CursorManager(createCursorInfoForStream):182 No cursor field set in catalog but not present in state. Stream: test_test_3_date, New Cursor Field: id. Resetting cursor value"}}
{"type":"LOG","log":{"level":"INFO","message":"INFO i.a.w.i.DefaultAirbyteStreamFactory(internalLog):159 INFO i.a.i.s.r.s.CursorManager(createCursorInfoForStream):182 No cursor field set in catalog but not present in state. Stream: test_test_1_inventory_item, New Cursor Field: id. Resetting cursor value"}}
{"type":"LOG","log":{"level":"INFO","message":"INFO i.a.w.i.DefaultAirbyteStreamFactory(internalLog):159 INFO i.a.i.s.r.s.CursorManager(createCursorInfoForStream):182 No cursor field set in catalog but not present in state. Stream: test_test_1_timetz_array, New Cursor Field: id. Resetting cursor value"}}
{"type":"LOG","log":{"level":"INFO","message":"INFO i.a.w.i.DefaultAirbyteStreamFactory(internalLog):159 INFO i.a.i.s.r.s.CursorManager(createCursorInfoForStream):182 No cursor field set in catalog but not present in state. Stream: test_test_1_json, New Cursor Field: id. Resetting cursor value"}}
{"type":"LOG","log":{"level":"INFO","message":"INFO i.a.w.i.DefaultAirbyteStreamFactory(internalLog):159 INFO i.a.i.s.r.s.CursorManager(createCursorInfoForStream):182 No cursor field set in catalog but not present in state. Stream: test_test_1_bit, New Cursor Field: id. Resetting cursor value"}}
{"type":"LOG","log":{"level":"INFO","message":"INFO i.a.w.i.DefaultAirbyteStreamFactory(internalLog):159 INFO i.a.i.s.r.s.CursorManager(createCursorInfoForStream):182 No cursor field set in catalog but not present in state. Stream: test_test_1_box, New Cursor Field: id. Resetting cursor value"}}
{"type":"LOG","log":{"level":"INFO","message":"INFO i.a.w.i.DefaultAirbyteStreamFactory(internalLog):159 INFO i.a.i.s.r.s.CursorManager(createCursorInfoForStream):182 No cursor field set in catalog but not present in state. Stream: test_test_1_numeric, New Cursor Field: id. Resetting cursor value"}}
{"type":"LOG","log":{"level":"INFO","message":"INFO i.a.w.i.DefaultAirbyteStreamFactory(internalLog):159 INFO i.a.i.s.r.s.CursorManager(createCursorInfoForStream):182 No cursor field set in catalog but not present in state. Stream: test_test_1_float4, New Cursor Field: id. Resetting cursor value"}}
{"type":"LOG","log":{"level":"INFO","message":"INFO i.a.w.i.DefaultAirbyteStreamFactory(internalLog):159 INFO i.a.i.s.r.s.CursorManager(createCursorInfoForStream):182 No cursor field set in catalog but not present in state. Stream: test_test_1_pg_lsn, New Cursor Field: id. Resetting cursor value"}}
{"type":"LOG","log":{"level":"INFO","message":"INFO i.a.w.i.DefaultAirbyteStreamFactory(internalLog):159 INFO i.a.i.s.r.s.CursorManager(createCursorInfoForStream):182 No cursor field set in catalog but not present in state. Stream: test_test_1_point, New Cursor Field: id. Resetting cursor value"}}
{"type":"LOG","log":{"level":"INFO","message":"INFO i.a.w.i.DefaultAirbyteStreamFactory(internalLog):159 INFO i.a.i.s.r.s.CursorManager(createCursorInfoForStream):182 No cursor field set in catalog but not present in state. Stream: test_test_2_timetz, New Cursor Field: id. Resetting cursor value"}}
{"type":"LOG","log":{"level":"INFO","message":"INFO i.a.w.i.DefaultAirbyteStreamFactory(internalLog):159 INFO i.a.i.s.r.s.CursorManager(createCursorInfoForStream):182 No cursor field set in catalog but not present in state. Stream: test_test_1_path, New Cursor Field: id. Resetting cursor value"}}
{"type":"LOG","log":{"level":"INFO","message":"INFO i.a.w.i.DefaultAirbyteStreamFactory(internalLog):159 INFO i.a.i.s.r.s.CursorManager(createCursorInfoForStream):182 No cursor field set in catalog but not present in state. Stream: test_test_1_serial, New Cursor Field: id. Resetting cursor value"}}
{"type":"LOG","log":{"level":"INFO","message":"INFO i.a.w.i.DefaultAirbyteStreamFactory(internalLog):159 INFO i.a.i.s.r.s.CursorManager(createCursorInfoForStream):182 No cursor field set in catalog but not present in state. Stream: test_test_3_timestamp, New Cursor Field: id. Resetting cursor value"}}
{"type":"LOG","log":{"level":"INFO","message":"INFO i.a.w.i.DefaultAirbyteStreamFactory(internalLog):159 INFO i.a.i.s.r.s.CursorManager(createCursorInfoForStream):182 No cursor field set in catalog but not present in state. Stream: test_test_1_xml, New Cursor Field: id. Resetting cursor value"}}
{"type":"LOG","log":{"level":"INFO","message":"INFO i.a.w.i.DefaultAirbyteStreamFactory(internalLog):159 INFO i.a.i.s.r.s.CursorManager(createCursorInfoForStream):182 No cursor field set in catalog but not present in state. Stream: test_test_1_interval, New Cursor Field: id. Resetting cursor value"}}
{"type":"LOG","log":{"level":"INFO","message":"INFO i.a.w.i.DefaultAirbyteStreamFactory(internalLog):159 INFO i.a.i.s.r.s.CursorManager(createCursorInfoForStream):182 No cursor field set in catalog but not present in state. Stream: test_test_1_macaddr8, New Cursor Field: id. Resetting cursor value"}}
{"type":"LOG","log":{"level":"INFO","message":"INFO i.a.w.i.DefaultAirbyteStreamFactory(internalLog):159 INFO i.a.i.s.r.s.CursorManager(createCursorInfoForStream):182 No cursor field set in catalog but not present in state. Stream: test_test_1_time, New Cursor Field: id. Resetting cursor value"}}
{"type":"LOG","log":{"level":"INFO","message":"INFO i.a.w.i.DefaultAirbyteStreamFactory(internalLog):159 INFO i.a.i.s.r.s.CursorManager(createCursorInfoForStream):182 No cursor field set in catalog but not present in state. Stream: test_test_1_char_array, New Cursor Field: id. Resetting cursor value"}}
{"type":"LOG","log":{"level":"INFO","message":"INFO i.a.w.i.DefaultAirbyteStreamFactory(internalLog):159 INFO i.a.i.s.r.s.CursorManager(createCursorInfoForStream):182 No cursor field set in catalog but not present in state. Stream: test_test_1_inet, New Cursor Field: id. Resetting cursor value"}}
{"type":"LOG","log":{"level":"INFO","message":"INFO i.a.w.i.DefaultAirbyteStreamFactory(internalLog):159 INFO i.a.i.s.r.s.CursorManager(createCursorInfoForStream):182 No cursor field set in catalog but not present in state. Stream: test_test_2_bit_varying, New Cursor Field: id. Resetting cursor value"}}
{"type":"LOG","log":{"level":"INFO","message":"INFO i.a.w.i.DefaultAirbyteStreamFactory(internalLog):159 INFO i.a.i.s.r.s.CursorManager(createCursorInfoForStream):182 No cursor field set in catalog but not present in state. Stream: test_test_6_timestamp, New Cursor Field: id. Resetting cursor value"}}
{"type":"LOG","log":{"level":"INFO","message":"INFO i.a.w.i.DefaultAirbyteStreamFactory(internalLog):159 INFO i.a.i.s.r.s.CursorManager(createCursorInfoForStream):182 No cursor field set in catalog but not present in state. Stream: test_test_1_float4_array, New Cursor Field: id. Resetting cursor value"}}
{"type":"LOG","log":{"level":"INFO","message":"INFO i.a.w.i.DefaultAirbyteStreamFactory(internalLog):159 INFO i.a.i.s.r.s.CursorManager(createCursorInfoForStream):182 No cursor field set in catalog but not present in state. Stream: test_test_1_float8_array, New Cursor Field: id. Resetting cursor value"}}
{"type":"LOG","log":{"level":"INFO","message":"INFO i.a.w.i.DefaultAirbyteStreamFactory(internalLog):159 INFO i.a.i.s.r.s.CursorManager(createCursorInfoForStream):182 No cursor field set in catalog but not present in state. Stream: test_test_1_bit_varying, New Cursor Field: id. Resetting cursor value"}}
{"type":"LOG","log":{"level":"INFO","message":"INFO i.a.w.i.DefaultAirbyteStreamFactory(internalLog):159 INFO i.a.i.s.r.s.CursorManager(createCursorInfoForStream):182 No cursor field set in catalog but not present in state. Stream: test_test_1_text, New Cursor Field: id. Resetting cursor value"}}
{"type":"LOG","log":{"level":"INFO","message":"INFO i.a.w.i.DefaultAirbyteStreamFactory(internalLog):159 INFO i.a.i.s.r.s.CursorManager(createCursorInfoForStream):182 No cursor field set in catalog but not present in state. Stream: test_test_1_decimal, New Cursor Field: id. Resetting cursor value"}}
{"type":"LOG","log":{"level":"INFO","message":"INFO i.a.w.i.DefaultAirbyteStreamFactory(internalLog):159 INFO i.a.i.s.r.s.CursorManager(createCursorInfoForStream):182 No cursor field set in catalog but not present in state. Stream: test_test_3_numeric_array, New Cursor Field: id. Resetting cursor value"}}
{"type":"LOG","log":{"level":"INFO","message":"INFO i.a.w.i.DefaultAirbyteStreamFactory(internalLog):159 INFO i.a.i.s.r.s.CursorManager(createCursorInfoForStream):182 No cursor field set in catalog but not present in state. Stream: test_test_5_numeric, New Cursor Field: id. Resetting cursor value"}}
{"type":"LOG","log":{"level":"INFO","message":"INFO i.a.w.i.DefaultAirbyteStreamFactory(internalLog):159 INFO i.a.i.s.r.s.CursorManager(createCursorInfoForStream):182 No cursor field set in catalog but not present in state. Stream: test_test_1_macaddr, New Cursor Field: id. Resetting cursor value"}}
{"type":"LOG","log":{"level":"INFO","message":"INFO i.a.w.i.DefaultAirbyteStreamFactory(internalLog):159 INFO i.a.i.s.r.s.CursorManager(createCursorInfoForStream):182 No cursor field set in catalog but not present in state. Stream: test_test_1_text_array, New Cursor Field: id. Resetting cursor value"}}
{"type":"LOG","log":{"level":"INFO","message":"INFO i.a.w.i.DefaultAirbyteStreamFactory(internalLog):159 INFO i.a.i.s.r.s.CursorManager(createCursorInfoForStream):182 No cursor field set in catalog but not present in state. Stream: test_test_1_int, New Cursor Field: id. Resetting cursor value"}}
{"type":"LOG","log":{"level":"INFO","message":"INFO i.a.w.i.DefaultAirbyteStreamFactory(internalLog):159 INFO i.a.i.s.r.s.CursorManager(createCursorInfoForStream):182 No cursor field set in catalog but not present in state. Stream: test_test_1_char, New Cursor Field: id. Resetting cursor value"}}
{"type":"LOG","log":{"level":"INFO","message":"INFO i.a.w.i.DefaultAirbyteStreamFactory(internalLog):159 INFO i.a.i.s.r.s.CursorManager(createCursorInfoForStream):182 No cursor field set in catalog but not present in state. Stream: test_test_1_double_precision, New Cursor Field: id. Resetting cursor value"}}
{"type":"LOG","log":{"level":"INFO","message":"INFO i.a.w.i.DefaultAirbyteStreamFactory(internalLog):159 INFO i.a.i.s.r.s.CursorManager(createCursorInfoForStream):182 No cursor field set in catalog but not present in state. Stream: test_test_1_int2_array, New Cursor Field: id. Resetting cursor value"}}
{"type":"LOG","log":{"level":"INFO","message":"INFO i.a.w.i.DefaultAirbyteStreamFactory(internalLog):159 INFO i.a.i.s.r.s.CursorManager(createCursorInfoForStream):182 No cursor field set in catalog but not present in state. Stream: test_test_1_numeric_array, New Cursor Field: id. Resetting cursor value"}}
{"type":"LOG","log":{"level":"INFO","message":"INFO i.a.w.i.DefaultAirbyteStreamFactory(internalLog):159 INFO i.a.i.s.r.s.CursorManager(createCursorInfoForStream):182 No cursor field set in catalog but not present in state. Stream: test_test_1_date_array, New Cursor Field: id. Resetting cursor value"}}
{"type":"LOG","log":{"level":"INFO","message":"INFO i.a.w.i.DefaultAirbyteStreamFactory(internalLog):159 INFO i.a.i.s.r.s.CursorManager(createCursorInfoForStream):182 No cursor field set in catalog but not present in state. Stream: test_test_7_timestamp, New Cursor Field: id. Resetting cursor value"}}
{"type":"LOG","log":{"level":"INFO","message":"INFO i.a.w.i.DefaultAirbyteStreamFactory(internalLog):159 INFO i.a.i.s.r.s.CursorManager(createCursorInfoForStream):182 No cursor field set in catalog but not present in state. Stream: test_test_1_mood, New Cursor Field: id. Resetting cursor value"}}
{"type":"LOG","log":{"level":"INFO","message":"INFO i.a.w.i.DefaultAirbyteStreamFactory(internalLog):159 INFO i.a.i.s.r.s.CursorManager(createCursorInfoForStream):182 No cursor field set in catalog but not present in state. Stream: test_test_2_bit, New Cursor Field: id. Resetting cursor value"}}
{"type":"LOG","log":{"level":"INFO","message":"INFO i.a.w.i.DefaultAirbyteStreamFactory(internalLog):159 INFO i.a.i.s.r.s.CursorManager(createCursorInfoForStream):182 No cursor field set in catalog but not present in state. Stream: test_test_1_serial4, New Cursor Field: id. Resetting cursor value"}}
{"type":"LOG","log":{"level":"INFO","message":"INFO i.a.w.i.DefaultAirbyteStreamFactory(internalLog):159 INFO i.a.i.s.r.s.CursorManager(createCursorInfoForStream):182 No cursor field set in catalog but not present in state. Stream: test_test_1_uuid, New Cursor Field: id. Resetting cursor value"}}
{"type":"LOG","log":{"level":"INFO","message":"INFO i.a.w.i.DefaultAirbyteStreamFactory(internalLog):159 INFO i.a.i.s.r.s.CursorManager(createCursorInfoForStream):182 No cursor field set in catalog but not present in state. Stream: test_test_1_float8, New Cursor Field: id. Resetting cursor value"}}
{"type":"LOG","log":{"level":"INFO","message":"INFO i.a.w.i.DefaultAirbyteStreamFactory(internalLog):159 INFO i.a.i.s.r.s.CursorManager(createCursorInfoForStream):182 No cursor field set in catalog but not present in state. Stream: test_test_2_decimal_array, New Cursor Field: id. Resetting cursor value"}}
{"type":"LOG","log":{"level":"INFO","message":"INFO i.a.w.i.DefaultAirbyteStreamFactory(internalLog):159 INFO i.a.i.s.r.s.CursorManager(createCursorInfoForStream):182 No cursor field set in catalog but not present in state. Stream: test_test_8_timestamp, New Cursor Field: id. Resetting cursor value"}}
{"type":"LOG","log":{"level":"INFO","message":"INFO i.a.w.i.DefaultAirbyteStreamFactory(internalLog):159 INFO i.a.i.s.r.s.CursorManager(createCursorInfoForStream):182 No cursor field set in catalog but not present in state. Stream: test_test_2_char, New Cursor Field: id. Resetting cursor value"}}
{"type":"LOG","log":{"level":"INFO","message":"INFO i.a.w.i.DefaultAirbyteStreamFactory(internalLog):159 INFO i.a.i.s.r.s.CursorManager(createCursorInfoForStream):182 No cursor field set in catalog but not present in state. Stream: test_test_1_timestamptz, New Cursor Field: id. Resetting cursor value"}}
{"type":"LOG","log":{"level":"INFO","message":"INFO i.a.w.i.DefaultAirbyteStreamFactory(internalLog):159 INFO i.a.i.s.r.s.CursorManager(createCursorInfoForStream):182 No cursor field set in catalog but not present in state. Stream: test_test_2_numeric, New Cursor Field: id. Resetting cursor value"}}
{"type":"LOG","log":{"level":"INFO","message":"INFO i.a.w.i.DefaultAirbyteStreamFactory(internalLog):159 INFO i.a.i.s.r.s.CursorManager(createCursorInfoForStream):182 No cursor field set in catalog but not present in state. Stream: test_test_1_jsonb, New Cursor Field: id. Resetting cursor value"}}
{"type":"LOG","log":{"level":"INFO","message":"INFO i.a.w.i.DefaultAirbyteStreamFactory(internalLog):159 INFO i.a.i.s.r.s.CursorManager(createCursorInfoForStream):182 No cursor field set in catalog but not present in state. Stream: test_test_1_int2, New Cursor Field: id. Resetting cursor value"}}
{"type":"LOG","log":{"level":"INFO","message":"INFO i.a.w.i.DefaultAirbyteStreamFactory(internalLog):159 INFO i.a.i.s.r.CdcStateManager(<init>):29 Initialized CDC state with: null"}}
{"type":"LOG","log":{"level":"INFO","message":"INFO i.a.w.i.DefaultAirbyteStreamFactory(internalLog):159 INFO c.z.h.HikariDataSource(<init>):80 HikariPool-1 - Starting..."}}
{"type":"LOG","log":{"level":"INFO","message":"INFO i.a.w.i.DefaultAirbyteStreamFactory(internalLog):159 INFO c.z.h.HikariDataSource(<init>):82 HikariPool-1 - Start completed."}}
{"type":"LOG","log":{"level":"INFO","message":"INFO i.a.w.i.DefaultAirbyteStreamFactory(internalLog):159 INFO i.a.i.s.p.PostgresUtils(isCdc):53 using CDC: true"}}
{"type":"LOG","log":{"level":"INFO","message":"INFO i.a.w.i.DefaultAirbyteStreamFactory(internalLog):159 INFO i.a.d.j.s.AdaptiveStreamingQueryConfig(initialize):31 Set initial fetch size: 10 rows"}}
{"type":"LOG","log":{"level":"INFO","message":"INFO i.a.w.i.DefaultAirbyteStreamFactory(internalLog):159 INFO i.a.d.j.s.AdaptiveStreamingQueryConfig(accept):40 Set new fetch size: 1618173 rows"}}
{"type":"LOG","log":{"level":"INFO","message":"INFO i.a.w.i.DefaultAirbyteStreamFactory(internalLog):159 INFO i.a.d.j.s.TwoStageSizeEstimator(getTargetBufferByteSize):71 Max memory limit: 1562378240, JDBC buffer size: 937426944"}}
{"type":"LOG","log":{"level":"INFO","message":"INFO i.a.w.i.DefaultAirbyteStreamFactory(internalLog):159 INFO i.a.i.s.p.PostgresCdcCatalogHelper(getPublicizedTables):119 For CDC, only tables in publication publication will be included in the sync: [test.test_1_bool_array, test.test_2_numeric_array, test.test_2_time, test.test_1_smallint, test.test_1_money_array, test.test_1_oid_array, test.test_1_varchar, test.test_1_time_array, test.test_1_bit_array, test.test_1_real, test.test_1_lseg, test.test_3_numeric, test.test_1_character, test.test_1_bigint, test.test_1_boolean, test.test_1_bool, test.test_2_date, test.test_2_character, test.test_4_numeric, test.test_5_time, test.test_1_polygon, test.test_5_timestamp, test.test_1_integer, test.test_1_serial2, test.test_1_varchar_array, test.test_1_int4, test.test_1_timestamp_array, test.test_1_tsrange, test.test_1_name_array, test.test_1_tsvector, test.test_1_timetz, test.test_1_bytea, test.test_4_timestamp, test.test_1_int4_array, test.test_1_bpchar_array, test.test_4_time, test.test_1_tsquery, test.test_1_int8_array, test.test_1_bytea_array, test.test_3_time, test.test_2_timestamp, test.test_3_decimal_array, test.test_1_circle, test.test_1_hstore, test.test_1_timestamptz_array, test.test_1_smallserial, test.test_2_timestamptz, test.test_1_line, test.test_1_bigserial, test.test_1_cidr, test.test_1_date, test.test_2_varchar, test.test_1_timestamp, test.test_1_decimal_array, test.test_1_float, test.test_1_money, test.test_3_date, test.test_1_inventory_item, test.test_1_timetz_array, test.test_1_json, test.test_1_bit, test.test_1_box, test.test_1_numeric, test.test_1_float4, test.test_1_pg_lsn, test.test_1_point, test.test_2_timetz, test.test_1_path, test.test_1_serial, test.test_3_timestamp, test.test_1_xml, test.test_1_interval, test.test_1_macaddr8, test.test_1_time, test.test_1_char_array, test.test_1_inet, test.test_2_bit_varying, test.test_6_timestamp, test.test_1_float4_array, test.test_1_float8_array, test.test_1_bit_varying, test.test_1_text, test.test_1_decimal, test.test_3_numeric_array, test.test_5_numeric, test.test_1_macaddr, test.test_1_text_array, test.test_1_int, test.test_1_char, test.test_1_double_precision, test.test_1_int2_array, test.test_1_numeric_array, test.test_1_date_array, test.test_7_timestamp, test.test_1_mood, test.test_2_bit, test.test_1_serial4, test.test_1_uuid, test.test_1_float8, test.test_2_decimal_array, test.test_8_timestamp, test.test_2_char, test.test_1_timestamptz, test.test_2_numeric, test.test_1_jsonb, test.test_1_int2]"}}
{"type":"LOG","log":{"level":"INFO","message":"INFO i.a.w.i.DefaultAirbyteStreamFactory(internalLog):159 INFO i.a.i.s.j.AbstractJdbcSource(logPreSyncDebugData):450 Data source product recognized as PostgreSQL:14.8"}}
{"type":"LOG","log":{"level":"INFO","message":"INFO i.a.w.i.DefaultAirbyteStreamFactory(internalLog):159 INFO i.a.i.s.p.PostgresSource(logPreSyncDebugData):221 Discovering indexes for schema \"test\", table \"test_1_bigint\""}}
{"type":"LOG","log":{"level":"INFO","message":"INFO i.a.w.i.DefaultAirbyteStreamFactory(internalLog):159 INFO i.a.i.s.p.PostgresSource(logPreSyncDebugData):223 Index name: test_1_bigint_pkey, Column: id, Unique: true"}}
{"type":"LOG","log":{"level":"INFO","message":"INFO i.a.w.i.DefaultAirbyteStreamFactory(internalLog):159 INFO i.a.i.s.p.PostgresSource(logPreSyncDebugData):221 Discovering indexes for schema \"test\", table \"test_1_bigserial\""}}
{"type":"LOG","log":{"level":"INFO","message":"INFO i.a.w.i.DefaultAirbyteStreamFactory(internalLog):159 INFO i.a.i.s.p.PostgresSource(logPreSyncDebugData):223 Index name: test_1_bigserial_pkey, Column: id, Unique: true"}}
{"type":"LOG","log":{"level":"INFO","message":"INFO i.a.w.i.DefaultAirbyteStreamFactory(internalLog):159 INFO i.a.i.s.p.PostgresSource(logPreSyncDebugData):221 Discovering indexes for schema \"test\", table \"test_1_bit\""}}
{"type":"LOG","log":{"level":"INFO","message":"INFO i.a.w.i.DefaultAirbyteStreamFactory(internalLog):159 INFO i.a.i.s.p.PostgresSource(logPreSyncDebugData):223 Index name: test_1_bit_pkey, Column: id, Unique: true"}}
{"type":"LOG","log":{"level":"INFO","message":"INFO i.a.w.i.DefaultAirbyteStreamFactory(internalLog):159 INFO i.a.i.s.p.PostgresSource(logPreSyncDebugData):221 Discovering indexes for schema \"test\", table \"test_2_bit\""}}
{"type":"LOG","log":{"level":"INFO","message":"INFO i.a.w.i.DefaultAirbyteStreamFactory(internalLog):159 INFO i.a.i.s.p.PostgresSource(logPreSyncDebugData):223 Index name: test_2_bit_pkey, Column: id, Unique: true"}}
{"type":"LOG","log":{"level":"INFO","message":"INFO i.a.w.i.DefaultAirbyteStreamFactory(internalLog):159 INFO i.a.i.s.p.PostgresSource(logPreSyncDebugData):221 Discovering indexes for schema \"test\", table \"test_1_bit_varying\""}}
{"type":"LOG","log":{"level":"INFO","message":"INFO i.a.w.i.DefaultAirbyteStreamFactory(internalLog):159 INFO i.a.i.s.p.PostgresSource(logPreSyncDebugData):223 Index name: test_1_bit_varying_pkey, Column: id, Unique: true"}}
{"type":"LOG","log":{"level":"INFO","message":"INFO i.a.w.i.DefaultAirbyteStreamFactory(internalLog):159 INFO i.a.i.s.p.PostgresSource(logPreSyncDebugData):221 Discovering indexes for schema \"test\", table \"test_2_bit_varying\""}}
{"type":"LOG","log":{"level":"INFO","message":"INFO i.a.w.i.DefaultAirbyteStreamFactory(internalLog):159 INFO i.a.i.s.p.PostgresSource(logPreSyncDebugData):223 Index name: test_2_bit_varying_pkey, Column: id, Unique: true"}}
{"type":"LOG","log":{"level":"INFO","message":"INFO i.a.w.i.DefaultAirbyteStreamFactory(internalLog):159 INFO i.a.i.s.p.PostgresSource(logPreSyncDebugData):221 Discovering indexes for schema \"test\", table \"test_1_bool\""}}
{"type":"LOG","log":{"level":"INFO","message":"INFO i.a.w.i.DefaultAirbyteStreamFactory(internalLog):159 INFO i.a.i.s.p.PostgresSource(logPreSyncDebugData):223 Index name: test_1_bool_pkey, Column: id, Unique: true"}}
{"type":"LOG","log":{"level":"INFO","message":"INFO i.a.w.i.DefaultAirbyteStreamFactory(internalLog):159 INFO i.a.i.s.p.PostgresSource(logPreSyncDebugData):221 Discovering indexes for schema \"test\", table \"test_1_boolean\""}}
{"type":"LOG","log":{"level":"INFO","message":"INFO i.a.w.i.DefaultAirbyteStreamFactory(internalLog):159 INFO i.a.i.s.p.PostgresSource(logPreSyncDebugData):223 Index name: test_1_boolean_pkey, Column: id, Unique: true"}}
{"type":"LOG","log":{"level":"INFO","message":"INFO i.a.w.i.DefaultAirbyteStreamFactory(internalLog):159 INFO i.a.i.s.p.PostgresSource(logPreSyncDebugData):221 Discovering indexes for schema \"test\", table \"test_1_box\""}}
{"type":"LOG","log":{"level":"INFO","message":"INFO i.a.w.i.DefaultAirbyteStreamFactory(internalLog):159 INFO i.a.i.s.p.PostgresSource(logPreSyncDebugData):223 Index name: test_1_box_pkey, Column: id, Unique: true"}}
{"type":"LOG","log":{"level":"INFO","message":"INFO i.a.w.i.DefaultAirbyteStreamFactory(internalLog):159 INFO i.a.i.s.p.PostgresSource(logPreSyncDebugData):221 Discovering indexes for schema \"test\", table \"test_1_bytea\""}}
{"type":"LOG","log":{"level":"INFO","message":"INFO i.a.w.i.DefaultAirbyteStreamFactory(internalLog):159 INFO i.a.i.s.p.PostgresSource(logPreSyncDebugData):223 Index name: test_1_bytea_pkey, Column: id, Unique: true"}}
{"type":"LOG","log":{"level":"INFO","message":"INFO i.a.w.i.DefaultAirbyteStreamFactory(internalLog):159 INFO i.a.i.s.p.PostgresSource(logPreSyncDebugData):221 Discovering indexes for schema \"test\", table \"test_1_char\""}}
{"type":"LOG","log":{"level":"INFO","message":"INFO i.a.w.i.DefaultAirbyteStreamFactory(internalLog):159 INFO i.a.i.s.p.PostgresSource(logPreSyncDebugData):223 Index name: test_1_char_pkey, Column: id, Unique: true"}}
{"type":"LOG","log":{"level":"INFO","message":"INFO i.a.w.i.DefaultAirbyteStreamFactory(internalLog):159 INFO i.a.i.s.p.PostgresSource(logPreSyncDebugData):221 Discovering indexes for schema \"test\", table \"test_2_char\""}}
{"type":"LOG","log":{"level":"INFO","message":"INFO i.a.w.i.DefaultAirbyteStreamFactory(internalLog):159 INFO i.a.i.s.p.PostgresSource(logPreSyncDebugData):223 Index name: test_2_char_pkey, Column: id, Unique: true"}}
{"type":"LOG","log":{"level":"INFO","message":"INFO i.a.w.i.DefaultAirbyteStreamFactory(internalLog):159 INFO i.a.i.s.p.PostgresSource(logPreSyncDebugData):221 Discovering indexes for schema \"test\", table \"test_1_character\""}}
{"type":"LOG","log":{"level":"INFO","message":"INFO i.a.w.i.DefaultAirbyteStreamFactory(internalLog):159 INFO i.a.i.s.p.PostgresSource(logPreSyncDebugData):223 Index name: test_1_character_pkey, Column: id, Unique: true"}}
{"type":"LOG","log":{"level":"INFO","message":"INFO i.a.w.i.DefaultAirbyteStreamFactory(internalLog):159 INFO i.a.i.s.p.PostgresSource(logPreSyncDebugData):221 Discovering indexes for schema \"test\", table \"test_2_character\""}}
{"type":"LOG","log":{"level":"INFO","message":"INFO i.a.w.i.DefaultAirbyteStreamFactory(internalLog):159 INFO i.a.i.s.p.PostgresSource(logPreSyncDebugData):223 Index name: test_2_character_pkey, Column: id, Unique: true"}}
{"type":"LOG","log":{"level":"INFO","message":"INFO i.a.w.i.DefaultAirbyteStreamFactory(internalLog):159 INFO i.a.i.s.p.PostgresSource(logPreSyncDebugData):221 Discovering indexes for schema \"test\", table \"test_1_text\""}}
{"type":"LOG","log":{"level":"INFO","message":"INFO i.a.w.i.DefaultAirbyteStreamFactory(internalLog):159 INFO i.a.i.s.p.PostgresSource(logPreSyncDebugData):223 Index name: test_1_text_pkey, Column: id, Unique: true"}}
{"type":"LOG","log":{"level":"INFO","message":"INFO i.a.w.i.DefaultAirbyteStreamFactory(internalLog):159 INFO i.a.i.s.p.PostgresSource(logPreSyncDebugData):221 Discovering indexes for schema \"test\", table \"test_1_varchar\""}}
{"type":"LOG","log":{"level":"INFO","message":"INFO i.a.w.i.DefaultAirbyteStreamFactory(internalLog):159 INFO i.a.i.s.p.PostgresSource(logPreSyncDebugData):223 Index name: test_1_varchar_pkey, Column: id, Unique: true"}}
{"type":"LOG","log":{"level":"INFO","message":"INFO i.a.w.i.DefaultAirbyteStreamFactory(internalLog):159 INFO i.a.i.s.p.PostgresSource(logPreSyncDebugData):221 Discovering indexes for schema \"test\", table \"test_2_varchar\""}}
{"type":"LOG","log":{"level":"INFO","message":"INFO i.a.w.i.DefaultAirbyteStreamFactory(internalLog):159 INFO i.a.i.s.p.PostgresSource(logPreSyncDebugData):223 Index name: test_2_varchar_pkey, Column: id, Unique: true"}}
{"type":"LOG","log":{"level":"INFO","message":"INFO i.a.w.i.DefaultAirbyteStreamFactory(internalLog):159 INFO i.a.i.s.p.PostgresSource(logPreSyncDebugData):221 Discovering indexes for schema \"test\", table \"test_1_cidr\""}}
{"type":"LOG","log":{"level":"INFO","message":"INFO i.a.w.i.DefaultAirbyteStreamFactory(internalLog):159 INFO i.a.i.s.p.PostgresSource(logPreSyncDebugData):223 Index name: test_1_cidr_pkey, Column: id, Unique: true"}}
{"type":"LOG","log":{"level":"INFO","message":"INFO i.a.w.i.DefaultAirbyteStreamFactory(internalLog):159 INFO i.a.i.s.p.PostgresSource(logPreSyncDebugData):221 Discovering indexes for schema \"test\", table \"test_1_circle\""}}
{"type":"LOG","log":{"level":"INFO","message":"INFO i.a.w.i.DefaultAirbyteStreamFactory(internalLog):159 INFO i.a.i.s.p.PostgresSource(logPreSyncDebugData):223 Index name: test_1_circle_pkey, Column: id, Unique: true"}}
{"type":"LOG","log":{"level":"INFO","message":"INFO i.a.w.i.DefaultAirbyteStreamFactory(internalLog):159 INFO i.a.i.s.p.PostgresSource(logPreSyncDebugData):221 Discovering indexes for schema \"test\", table \"test_1_date\""}}
{"type":"LOG","log":{"level":"INFO","message":"INFO i.a.w.i.DefaultAirbyteStreamFactory(internalLog):159 INFO i.a.i.s.p.PostgresSource(logPreSyncDebugData):223 Index name: test_1_date_pkey, Column: id, Unique: true"}}
{"type":"LOG","log":{"level":"INFO","message":"INFO i.a.w.i.DefaultAirbyteStreamFactory(internalLog):159 INFO i.a.i.s.p.PostgresSource(logPreSyncDebugData):221 Discovering indexes for schema \"test\", table \"test_2_date\""}}
{"type":"LOG","log":{"level":"INFO","message":"INFO i.a.w.i.DefaultAirbyteStreamFactory(internalLog):159 INFO i.a.i.s.p.PostgresSource(logPreSyncDebugData):223 Index name: test_2_date_pkey, Column: id, Unique: true"}}
{"type":"LOG","log":{"level":"INFO","message":"INFO i.a.w.i.DefaultAirbyteStreamFactory(internalLog):159 INFO i.a.i.s.p.PostgresSource(logPreSyncDebugData):221 Discovering indexes for schema \"test\", table \"test_3_date\""}}
{"type":"LOG","log":{"level":"INFO","message":"INFO i.a.w.i.DefaultAirbyteStreamFactory(internalLog):159 INFO i.a.i.s.p.PostgresSource(logPreSyncDebugData):223 Index name: test_3_date_pkey, Column: id, Unique: true"}}
{"type":"LOG","log":{"level":"INFO","message":"INFO i.a.w.i.DefaultAirbyteStreamFactory(internalLog):159 INFO i.a.i.s.p.PostgresSource(logPreSyncDebugData):221 Discovering indexes for schema \"test\", table \"test_1_float\""}}
{"type":"LOG","log":{"level":"INFO","message":"INFO i.a.w.i.DefaultAirbyteStreamFactory(internalLog):159 INFO i.a.i.s.p.PostgresSource(logPreSyncDebugData):223 Index name: test_1_float_pkey, Column: id, Unique: true"}}
{"type":"LOG","log":{"level":"INFO","message":"INFO i.a.w.i.DefaultAirbyteStreamFactory(internalLog):159 INFO i.a.i.s.p.PostgresSource(logPreSyncDebugData):221 Discovering indexes for schema \"test\", table \"test_1_double_precision\""}}
{"type":"LOG","log":{"level":"INFO","message":"INFO i.a.w.i.DefaultAirbyteStreamFactory(internalLog):159 INFO i.a.i.s.p.PostgresSource(logPreSyncDebugData):223 Index name: test_1_double_precision_pkey, Column: id, Unique: true"}}
{"type":"LOG","log":{"level":"INFO","message":"INFO i.a.w.i.DefaultAirbyteStreamFactory(internalLog):159 INFO i.a.i.s.p.PostgresSource(logPreSyncDebugData):221 Discovering indexes for schema \"test\", table \"test_1_float8\""}}
{"type":"LOG","log":{"level":"INFO","message":"INFO i.a.w.i.DefaultAirbyteStreamFactory(internalLog):159 INFO i.a.i.s.p.PostgresSource(logPreSyncDebugData):223 Index name: test_1_float8_pkey, Column: id, Unique: true"}}
{"type":"LOG","log":{"level":"INFO","message":"INFO i.a.w.i.DefaultAirbyteStreamFactory(internalLog):159 INFO i.a.i.s.p.PostgresSource(logPreSyncDebugData):221 Discovering indexes for schema \"test\", table \"test_1_inet\""}}
{"type":"LOG","log":{"level":"INFO","message":"INFO i.a.w.i.DefaultAirbyteStreamFactory(internalLog):159 INFO i.a.i.s.p.PostgresSource(logPreSyncDebugData):223 Index name: test_1_inet_pkey, Column: id, Unique: true"}}
{"type":"LOG","log":{"level":"INFO","message":"INFO i.a.w.i.DefaultAirbyteStreamFactory(internalLog):159 INFO i.a.i.s.p.PostgresSource(logPreSyncDebugData):221 Discovering indexes for schema \"test\", table \"test_1_int4\""}}
{"type":"LOG","log":{"level":"INFO","message":"INFO i.a.w.i.DefaultAirbyteStreamFactory(internalLog):159 INFO i.a.i.s.p.PostgresSource(logPreSyncDebugData):223 Index name: test_1_int4_pkey, Column: id, Unique: true"}}
{"type":"LOG","log":{"level":"INFO","message":"INFO i.a.w.i.DefaultAirbyteStreamFactory(internalLog):159 INFO i.a.i.s.p.PostgresSource(logPreSyncDebugData):221 Discovering indexes for schema \"test\", table \"test_1_int\""}}
{"type":"LOG","log":{"level":"INFO","message":"INFO i.a.w.i.DefaultAirbyteStreamFactory(internalLog):159 INFO i.a.i.s.p.PostgresSource(logPreSyncDebugData):223 Index name: test_1_int_pkey, Column: id, Unique: true"}}
{"type":"LOG","log":{"level":"INFO","message":"INFO i.a.w.i.DefaultAirbyteStreamFactory(internalLog):159 INFO i.a.i.s.p.PostgresSource(logPreSyncDebugData):221 Discovering indexes for schema \"test\", table \"test_1_integer\""}}
{"type":"LOG","log":{"level":"INFO","message":"INFO i.a.w.i.DefaultAirbyteStreamFactory(internalLog):159 INFO i.a.i.s.p.PostgresSource(logPreSyncDebugData):223 Index name: test_1_integer_pkey, Column: id, Unique: true"}}
{"type":"LOG","log":{"level":"INFO","message":"INFO i.a.w.i.DefaultAirbyteStreamFactory(internalLog):159 INFO i.a.i.s.p.PostgresSource(logPreSyncDebugData):221 Discovering indexes for schema \"test\", table \"test_1_interval\""}}
{"type":"LOG","log":{"level":"INFO","message":"INFO i.a.w.i.DefaultAirbyteStreamFactory(internalLog):159 INFO i.a.i.s.p.PostgresSource(logPreSyncDebugData):223 Index name: test_1_interval_pkey, Column: id, Unique: true"}}
{"type":"LOG","log":{"level":"INFO","message":"INFO i.a.w.i.DefaultAirbyteStreamFactory(internalLog):159 INFO i.a.i.s.p.PostgresSource(logPreSyncDebugData):221 Discovering indexes for schema \"test\", table \"test_1_json\""}}
{"type":"LOG","log":{"level":"INFO","message":"INFO i.a.w.i.DefaultAirbyteStreamFactory(internalLog):159 INFO i.a.i.s.p.PostgresSource(logPreSyncDebugData):223 Index name: test_1_json_pkey, Column: id, Unique: true"}}
{"type":"LOG","log":{"level":"INFO","message":"INFO i.a.w.i.DefaultAirbyteStreamFactory(internalLog):159 INFO i.a.i.s.p.PostgresSource(logPreSyncDebugData):221 Discovering indexes for schema \"test\", table \"test_1_jsonb\""}}
{"type":"LOG","log":{"level":"INFO","message":"INFO i.a.w.i.DefaultAirbyteStreamFactory(internalLog):159 INFO i.a.i.s.p.PostgresSource(logPreSyncDebugData):223 Index name: test_1_jsonb_pkey, Column: id, Unique: true"}}
{"type":"LOG","log":{"level":"INFO","message":"INFO i.a.w.i.DefaultAirbyteStreamFactory(internalLog):159 INFO i.a.i.s.p.PostgresSource(logPreSyncDebugData):221 Discovering indexes for schema \"test\", table \"test_1_line\""}}
{"type":"LOG","log":{"level":"INFO","message":"INFO i.a.w.i.DefaultAirbyteStreamFactory(internalLog):159 INFO i.a.i.s.p.PostgresSource(logPreSyncDebugData):223 Index name: test_1_line_pkey, Column: id, Unique: true"}}
{"type":"LOG","log":{"level":"INFO","message":"INFO i.a.w.i.DefaultAirbyteStreamFactory(internalLog):159 INFO i.a.i.s.p.PostgresSource(logPreSyncDebugData):221 Discovering indexes for schema \"test\", table \"test_1_lseg\""}}
{"type":"LOG","log":{"level":"INFO","message":"INFO i.a.w.i.DefaultAirbyteStreamFactory(internalLog):159 INFO i.a.i.s.p.PostgresSource(logPreSyncDebugData):223 Index name: test_1_lseg_pkey, Column: id, Unique: true"}}
{"type":"LOG","log":{"level":"INFO","message":"INFO i.a.w.i.DefaultAirbyteStreamFactory(internalLog):159 INFO i.a.i.s.p.PostgresSource(logPreSyncDebugData):221 Discovering indexes for schema \"test\", table \"test_1_macaddr\""}}
{"type":"LOG","log":{"level":"INFO","message":"INFO i.a.w.i.DefaultAirbyteStreamFactory(internalLog):159 INFO i.a.i.s.p.PostgresSource(logPreSyncDebugData):223 Index name: test_1_macaddr_pkey, Column: id, Unique: true"}}
{"type":"LOG","log":{"level":"INFO","message":"INFO i.a.w.i.DefaultAirbyteStreamFactory(internalLog):159 INFO i.a.i.s.p.PostgresSource(logPreSyncDebugData):221 Discovering indexes for schema \"test\", table \"test_1_macaddr8\""}}
{"type":"LOG","log":{"level":"INFO","message":"INFO i.a.w.i.DefaultAirbyteStreamFactory(internalLog):159 INFO i.a.i.s.p.PostgresSource(logPreSyncDebugData):223 Index name: test_1_macaddr8_pkey, Column: id, Unique: true"}}
{"type":"LOG","log":{"level":"INFO","message":"INFO i.a.w.i.DefaultAirbyteStreamFactory(internalLog):159 INFO i.a.i.s.p.PostgresSource(logPreSyncDebugData):221 Discovering indexes for schema \"test\", table \"test_1_numeric\""}}
{"type":"LOG","log":{"level":"INFO","message":"INFO i.a.w.i.DefaultAirbyteStreamFactory(internalLog):159 INFO i.a.i.s.p.PostgresSource(logPreSyncDebugData):223 Index name: test_1_numeric_pkey, Column: id, Unique: true"}}
{"type":"LOG","log":{"level":"INFO","message":"INFO i.a.w.i.DefaultAirbyteStreamFactory(internalLog):159 INFO i.a.i.s.p.PostgresSource(logPreSyncDebugData):221 Discovering indexes for schema \"test\", table \"test_2_numeric\""}}
{"type":"LOG","log":{"level":"INFO","message":"INFO i.a.w.i.DefaultAirbyteStreamFactory(internalLog):159 INFO i.a.i.s.p.PostgresSource(logPreSyncDebugData):223 Index name: test_2_numeric_pkey, Column: id, Unique: true"}}
{"type":"LOG","log":{"level":"INFO","message":"INFO i.a.w.i.DefaultAirbyteStreamFactory(internalLog):159 INFO i.a.i.s.p.PostgresSource(logPreSyncDebugData):221 Discovering indexes for schema \"test\", table \"test_3_numeric\""}}
{"type":"LOG","log":{"level":"INFO","message":"INFO i.a.w.i.DefaultAirbyteStreamFactory(internalLog):159 INFO i.a.i.s.p.PostgresSource(logPreSyncDebugData):223 Index name: test_3_numeric_pkey, Column: id, Unique: true"}}
{"type":"LOG","log":{"level":"INFO","message":"INFO i.a.w.i.DefaultAirbyteStreamFactory(internalLog):159 INFO i.a.i.s.p.PostgresSource(logPreSyncDebugData):221 Discovering indexes for schema \"test\", table \"test_4_numeric\""}}
{"type":"LOG","log":{"level":"INFO","message":"INFO i.a.w.i.DefaultAirbyteStreamFactory(internalLog):159 INFO i.a.i.s.p.PostgresSource(logPreSyncDebugData):223 Index name: test_4_numeric_pkey, Column: id, Unique: true"}}
{"type":"LOG","log":{"level":"INFO","message":"INFO i.a.w.i.DefaultAirbyteStreamFactory(internalLog):159 INFO i.a.i.s.p.PostgresSource(logPreSyncDebugData):221 Discovering indexes for schema \"test\", table \"test_1_decimal\""}}
{"type":"LOG","log":{"level":"INFO","message":"INFO i.a.w.i.DefaultAirbyteStreamFactory(internalLog):159 INFO i.a.i.s.p.PostgresSource(logPreSyncDebugData):223 Index name: test_1_decimal_pkey, Column: id, Unique: true"}}
{"type":"LOG","log":{"level":"INFO","message":"INFO i.a.w.i.DefaultAirbyteStreamFactory(internalLog):159 INFO i.a.i.s.p.PostgresSource(logPreSyncDebugData):221 Discovering indexes for schema \"test\", table \"test_5_numeric\""}}
{"type":"LOG","log":{"level":"INFO","message":"INFO i.a.w.i.DefaultAirbyteStreamFactory(internalLog):159 INFO i.a.i.s.p.PostgresSource(logPreSyncDebugData):223 Index name: test_5_numeric_pkey, Column: id, Unique: true"}}
{"type":"LOG","log":{"level":"INFO","message":"INFO i.a.w.i.DefaultAirbyteStreamFactory(internalLog):159 INFO i.a.i.s.p.PostgresSource(logPreSyncDebugData):221 Discovering indexes for schema \"test\", table \"test_1_path\""}}
{"type":"LOG","log":{"level":"INFO","message":"INFO i.a.w.i.DefaultAirbyteStreamFactory(internalLog):159 INFO i.a.i.s.p.PostgresSource(logPreSyncDebugData):223 Index name: test_1_path_pkey, Column: id, Unique: true"}}
{"type":"LOG","log":{"level":"INFO","message":"INFO i.a.w.i.DefaultAirbyteStreamFactory(internalLog):159 INFO i.a.i.s.p.PostgresSource(logPreSyncDebugData):221 Discovering indexes for schema \"test\", table \"test_1_pg_lsn\""}}
{"type":"LOG","log":{"level":"INFO","message":"INFO i.a.w.i.DefaultAirbyteStreamFactory(internalLog):159 INFO i.a.i.s.p.PostgresSource(logPreSyncDebugData):223 Index name: test_1_pg_lsn_pkey, Column: id, Unique: true"}}
{"type":"LOG","log":{"level":"INFO","message":"INFO i.a.w.i.DefaultAirbyteStreamFactory(internalLog):159 INFO i.a.i.s.p.PostgresSource(logPreSyncDebugData):221 Discovering indexes for schema \"test\", table \"test_1_point\""}}
{"type":"LOG","log":{"level":"INFO","message":"INFO i.a.w.i.DefaultAirbyteStreamFactory(internalLog):159 INFO i.a.i.s.p.PostgresSource(logPreSyncDebugData):223 Index name: test_1_point_pkey, Column: id, Unique: true"}}
{"type":"LOG","log":{"level":"INFO","message":"INFO i.a.w.i.DefaultAirbyteStreamFactory(internalLog):159 INFO i.a.i.s.p.PostgresSource(logPreSyncDebugData):221 Discovering indexes for schema \"test\", table \"test_1_polygon\""}}
{"type":"LOG","log":{"level":"INFO","message":"INFO i.a.w.i.DefaultAirbyteStreamFactory(internalLog):159 INFO i.a.i.s.p.PostgresSource(logPreSyncDebugData):223 Index name: test_1_polygon_pkey, Column: id, Unique: true"}}
{"type":"LOG","log":{"level":"INFO","message":"INFO i.a.w.i.DefaultAirbyteStreamFactory(internalLog):159 INFO i.a.i.s.p.PostgresSource(logPreSyncDebugData):221 Discovering indexes for schema \"test\", table \"test_1_float4\""}}
{"type":"LOG","log":{"level":"INFO","message":"INFO i.a.w.i.DefaultAirbyteStreamFactory(internalLog):159 INFO i.a.i.s.p.PostgresSource(logPreSyncDebugData):223 Index name: test_1_float4_pkey, Column: id, Unique: true"}}
{"type":"LOG","log":{"level":"INFO","message":"INFO i.a.w.i.DefaultAirbyteStreamFactory(internalLog):159 INFO i.a.i.s.p.PostgresSource(logPreSyncDebugData):221 Discovering indexes for schema \"test\", table \"test_1_real\""}}
{"type":"LOG","log":{"level":"INFO","message":"INFO i.a.w.i.DefaultAirbyteStreamFactory(internalLog):159 INFO i.a.i.s.p.PostgresSource(logPreSyncDebugData):223 Index name: test_1_real_pkey, Column: id, Unique: true"}}
{"type":"LOG","log":{"level":"INFO","message":"INFO i.a.w.i.DefaultAirbyteStreamFactory(internalLog):159 INFO i.a.i.s.p.PostgresSource(logPreSyncDebugData):221 Discovering indexes for schema \"test\", table \"test_1_int2\""}}
{"type":"LOG","log":{"level":"INFO","message":"INFO i.a.w.i.DefaultAirbyteStreamFactory(internalLog):159 INFO i.a.i.s.p.PostgresSource(logPreSyncDebugData):223 Index name: test_1_int2_pkey, Column: id, Unique: true"}}
{"type":"LOG","log":{"level":"INFO","message":"INFO i.a.w.i.DefaultAirbyteStreamFactory(internalLog):159 INFO i.a.i.s.p.PostgresSource(logPreSyncDebugData):221 Discovering indexes for schema \"test\", table \"test_1_smallint\""}}
{"type":"LOG","log":{"level":"INFO","message":"INFO i.a.w.i.DefaultAirbyteStreamFactory(internalLog):159 INFO i.a.i.s.p.PostgresSource(logPreSyncDebugData):223 Index name: test_1_smallint_pkey, Column: id, Unique: true"}}
{"type":"LOG","log":{"level":"INFO","message":"INFO i.a.w.i.DefaultAirbyteStreamFactory(internalLog):159 INFO i.a.i.s.p.PostgresSource(logPreSyncDebugData):221 Discovering indexes for schema \"test\", table \"test_1_serial2\""}}
{"type":"LOG","log":{"level":"INFO","message":"INFO i.a.w.i.DefaultAirbyteStreamFactory(internalLog):159 INFO i.a.i.s.p.PostgresSource(logPreSyncDebugData):223 Index name: test_1_serial2_pkey, Column: id, Unique: true"}}
{"type":"LOG","log":{"level":"INFO","message":"INFO i.a.w.i.DefaultAirbyteStreamFactory(internalLog):159 INFO i.a.i.s.p.PostgresSource(logPreSyncDebugData):221 Discovering indexes for schema \"test\", table \"test_1_smallserial\""}}
{"type":"LOG","log":{"level":"INFO","message":"INFO i.a.w.i.DefaultAirbyteStreamFactory(internalLog):159 INFO i.a.i.s.p.PostgresSource(logPreSyncDebugData):223 Index name: test_1_smallserial_pkey, Column: id, Unique: true"}}
{"type":"LOG","log":{"level":"INFO","message":"INFO i.a.w.i.DefaultAirbyteStreamFactory(internalLog):159 INFO i.a.i.s.p.PostgresSource(logPreSyncDebugData):221 Discovering indexes for schema \"test\", table \"test_1_serial4\""}}
{"type":"LOG","log":{"level":"INFO","message":"INFO i.a.w.i.DefaultAirbyteStreamFactory(internalLog):159 INFO i.a.i.s.p.PostgresSource(logPreSyncDebugData):223 Index name: test_1_serial4_pkey, Column: id, Unique: true"}}
{"type":"LOG","log":{"level":"INFO","message":"INFO i.a.w.i.DefaultAirbyteStreamFactory(internalLog):159 INFO i.a.i.s.p.PostgresSource(logPreSyncDebugData):221 Discovering indexes for schema \"test\", table \"test_1_serial\""}}
{"type":"LOG","log":{"level":"INFO","message":"INFO i.a.w.i.DefaultAirbyteStreamFactory(internalLog):159 INFO i.a.i.s.p.PostgresSource(logPreSyncDebugData):223 Index name: test_1_serial_pkey, Column: id, Unique: true"}}
{"type":"LOG","log":{"level":"INFO","message":"INFO i.a.w.i.DefaultAirbyteStreamFactory(internalLog):159 INFO i.a.i.s.p.PostgresSource(logPreSyncDebugData):221 Discovering indexes for schema \"test\", table \"test_1_time\""}}
{"type":"LOG","log":{"level":"INFO","message":"INFO i.a.w.i.DefaultAirbyteStreamFactory(internalLog):159 INFO i.a.i.s.p.PostgresSource(logPreSyncDebugData):223 Index name: test_1_time_pkey, Column: id, Unique: true"}}
{"type":"LOG","log":{"level":"INFO","message":"INFO i.a.w.i.DefaultAirbyteStreamFactory(internalLog):159 INFO i.a.i.s.p.PostgresSource(logPreSyncDebugData):221 Discovering indexes for schema \"test\", table \"test_2_time\""}}
{"type":"LOG","log":{"level":"INFO","message":"INFO i.a.w.i.DefaultAirbyteStreamFactory(internalLog):159 INFO i.a.i.s.p.PostgresSource(logPreSyncDebugData):223 Index name: test_2_time_pkey, Column: id, Unique: true"}}
{"type":"LOG","log":{"level":"INFO","message":"INFO i.a.w.i.DefaultAirbyteStreamFactory(internalLog):159 INFO i.a.i.s.p.PostgresSource(logPreSyncDebugData):221 Discovering indexes for schema \"test\", table \"test_3_time\""}}
{"type":"LOG","log":{"level":"INFO","message":"INFO i.a.w.i.DefaultAirbyteStreamFactory(internalLog):159 INFO i.a.i.s.p.PostgresSource(logPreSyncDebugData):223 Index name: test_3_time_pkey, Column: id, Unique: true"}}
{"type":"LOG","log":{"level":"INFO","message":"INFO i.a.w.i.DefaultAirbyteStreamFactory(internalLog):159 INFO i.a.i.s.p.PostgresSource(logPreSyncDebugData):221 Discovering indexes for schema \"test\", table \"test_4_time\""}}
{"type":"LOG","log":{"level":"INFO","message":"INFO i.a.w.i.DefaultAirbyteStreamFactory(internalLog):159 INFO i.a.i.s.p.PostgresSource(logPreSyncDebugData):223 Index name: test_4_time_pkey, Column: id, Unique: true"}}
{"type":"LOG","log":{"level":"INFO","message":"INFO i.a.w.i.DefaultAirbyteStreamFactory(internalLog):159 INFO i.a.i.s.p.PostgresSource(logPreSyncDebugData):221 Discovering indexes for schema \"test\", table \"test_5_time\""}}
{"type":"LOG","log":{"level":"INFO","message":"INFO i.a.w.i.DefaultAirbyteStreamFactory(internalLog):159 INFO i.a.i.s.p.PostgresSource(logPreSyncDebugData):223 Index name: test_5_time_pkey, Column: id, Unique: true"}}
{"type":"LOG","log":{"level":"INFO","message":"INFO i.a.w.i.DefaultAirbyteStreamFactory(internalLog):159 INFO i.a.i.s.p.PostgresSource(logPreSyncDebugData):221 Discovering indexes for schema \"test\", table \"test_1_timestamp\""}}
{"type":"LOG","log":{"level":"INFO","message":"INFO i.a.w.i.DefaultAirbyteStreamFactory(internalLog):159 INFO i.a.i.s.p.PostgresSource(logPreSyncDebugData):223 Index name: test_1_timestamp_pkey, Column: id, Unique: true"}}
{"type":"LOG","log":{"level":"INFO","message":"INFO i.a.w.i.DefaultAirbyteStreamFactory(internalLog):159 INFO i.a.i.s.p.PostgresSource(logPreSyncDebugData):221 Discovering indexes for schema \"test\", table \"test_2_timestamp\""}}
{"type":"LOG","log":{"level":"INFO","message":"INFO i.a.w.i.DefaultAirbyteStreamFactory(internalLog):159 INFO i.a.i.s.p.PostgresSource(logPreSyncDebugData):223 Index name: test_2_timestamp_pkey, Column: id, Unique: true"}}
{"type":"LOG","log":{"level":"INFO","message":"INFO i.a.w.i.DefaultAirbyteStreamFactory(internalLog):159 INFO i.a.i.s.p.PostgresSource(logPreSyncDebugData):221 Discovering indexes for schema \"test\", table \"test_3_timestamp\""}}
{"type":"LOG","log":{"level":"INFO","message":"INFO i.a.w.i.DefaultAirbyteStreamFactory(internalLog):159 INFO i.a.i.s.p.PostgresSource(logPreSyncDebugData):223 Index name: test_3_timestamp_pkey, Column: id, Unique: true"}}
{"type":"LOG","log":{"level":"INFO","message":"INFO i.a.w.i.DefaultAirbyteStreamFactory(internalLog):159 INFO i.a.i.s.p.PostgresSource(logPreSyncDebugData):221 Discovering indexes for schema \"test\", table \"test_4_timestamp\""}}
{"type":"LOG","log":{"level":"INFO","message":"INFO i.a.w.i.DefaultAirbyteStreamFactory(internalLog):159 INFO i.a.i.s.p.PostgresSource(logPreSyncDebugData):223 Index name: test_4_timestamp_pkey, Column: id, Unique: true"}}
{"type":"LOG","log":{"level":"INFO","message":"INFO i.a.w.i.DefaultAirbyteStreamFactory(internalLog):159 INFO i.a.i.s.p.PostgresSource(logPreSyncDebugData):221 Discovering indexes for schema \"test\", table \"test_5_timestamp\""}}
{"type":"LOG","log":{"level":"INFO","message":"INFO i.a.w.i.DefaultAirbyteStreamFactory(internalLog):159 INFO i.a.i.s.p.PostgresSource(logPreSyncDebugData):223 Index name: test_5_timestamp_pkey, Column: id, Unique: true"}}
{"type":"LOG","log":{"level":"INFO","message":"INFO i.a.w.i.DefaultAirbyteStreamFactory(internalLog):159 INFO i.a.i.s.p.PostgresSource(logPreSyncDebugData):221 Discovering indexes for schema \"test\", table \"test_6_timestamp\""}}
{"type":"LOG","log":{"level":"INFO","message":"INFO i.a.w.i.DefaultAirbyteStreamFactory(internalLog):159 INFO i.a.i.s.p.PostgresSource(logPreSyncDebugData):223 Index name: test_6_timestamp_pkey, Column: id, Unique: true"}}
{"type":"LOG","log":{"level":"INFO","message":"INFO i.a.w.i.DefaultAirbyteStreamFactory(internalLog):159 INFO i.a.i.s.p.PostgresSource(logPreSyncDebugData):221 Discovering indexes for schema \"test\", table \"test_7_timestamp\""}}
{"type":"LOG","log":{"level":"INFO","message":"INFO i.a.w.i.DefaultAirbyteStreamFactory(internalLog):159 INFO i.a.i.s.p.PostgresSource(logPreSyncDebugData):223 Index name: test_7_timestamp_pkey, Column: id, Unique: true"}}
{"type":"LOG","log":{"level":"INFO","message":"INFO i.a.w.i.DefaultAirbyteStreamFactory(internalLog):159 INFO i.a.i.s.p.PostgresSource(logPreSyncDebugData):221 Discovering indexes for schema \"test\", table \"test_8_timestamp\""}}
{"type":"LOG","log":{"level":"INFO","message":"INFO i.a.w.i.DefaultAirbyteStreamFactory(internalLog):159 INFO i.a.i.s.p.PostgresSource(logPreSyncDebugData):223 Index name: test_8_timestamp_pkey, Column: id, Unique: true"}}
{"type":"LOG","log":{"level":"INFO","message":"INFO i.a.w.i.DefaultAirbyteStreamFactory(internalLog):159 INFO i.a.i.s.p.PostgresSource(logPreSyncDebugData):221 Discovering indexes for schema \"test\", table \"test_1_timestamptz\""}}
{"type":"LOG","log":{"level":"INFO","message":"INFO i.a.w.i.DefaultAirbyteStreamFactory(internalLog):159 INFO i.a.i.s.p.PostgresSource(logPreSyncDebugData):223 Index name: test_1_timestamptz_pkey, Column: id, Unique: true"}}
{"type":"LOG","log":{"level":"INFO","message":"INFO i.a.w.i.DefaultAirbyteStreamFactory(internalLog):159 INFO i.a.i.s.p.PostgresSource(logPreSyncDebugData):221 Discovering indexes for schema \"test\", table \"test_2_timestamptz\""}}
{"type":"LOG","log":{"level":"INFO","message":"INFO i.a.w.i.DefaultAirbyteStreamFactory(internalLog):159 INFO i.a.i.s.p.PostgresSource(logPreSyncDebugData):223 Index name: test_2_timestamptz_pkey, Column: id, Unique: true"}}
{"type":"LOG","log":{"level":"INFO","message":"INFO i.a.w.i.DefaultAirbyteStreamFactory(internalLog):159 INFO i.a.i.s.p.PostgresSource(logPreSyncDebugData):221 Discovering indexes for schema \"test\", table \"test_1_tsquery\""}}
{"type":"LOG","log":{"level":"INFO","message":"INFO i.a.w.i.DefaultAirbyteStreamFactory(internalLog):159 INFO i.a.i.s.p.PostgresSource(logPreSyncDebugData):223 Index name: test_1_tsquery_pkey, Column: id, Unique: true"}}
{"type":"LOG","log":{"level":"INFO","message":"INFO i.a.w.i.DefaultAirbyteStreamFactory(internalLog):159 INFO i.a.i.s.p.PostgresSource(logPreSyncDebugData):221 Discovering indexes for schema \"test\", table \"test_1_tsvector\""}}
{"type":"LOG","log":{"level":"INFO","message":"INFO i.a.w.i.DefaultAirbyteStreamFactory(internalLog):159 INFO i.a.i.s.p.PostgresSource(logPreSyncDebugData):223 Index name: test_1_tsvector_pkey, Column: id, Unique: true"}}
{"type":"LOG","log":{"level":"INFO","message":"INFO i.a.w.i.DefaultAirbyteStreamFactory(internalLog):159 INFO i.a.i.s.p.PostgresSource(logPreSyncDebugData):221 Discovering indexes for schema \"test\", table \"test_1_uuid\""}}
{"type":"LOG","log":{"level":"INFO","message":"INFO i.a.w.i.DefaultAirbyteStreamFactory(internalLog):159 INFO i.a.i.s.p.PostgresSource(logPreSyncDebugData):223 Index name: test_1_uuid_pkey, Column: id, Unique: true"}}
{"type":"LOG","log":{"level":"INFO","message":"INFO i.a.w.i.DefaultAirbyteStreamFactory(internalLog):159 INFO i.a.i.s.p.PostgresSource(logPreSyncDebugData):221 Discovering indexes for schema \"test\", table \"test_1_xml\""}}
{"type":"LOG","log":{"level":"INFO","message":"INFO i.a.w.i.DefaultAirbyteStreamFactory(internalLog):159 INFO i.a.i.s.p.PostgresSource(logPreSyncDebugData):223 Index name: test_1_xml_pkey, Column: id, Unique: true"}}
{"type":"LOG","log":{"level":"INFO","message":"INFO i.a.w.i.DefaultAirbyteStreamFactory(internalLog):159 INFO i.a.i.s.p.PostgresSource(logPreSyncDebugData):221 Discovering indexes for schema \"test\", table \"test_1_mood\""}}
{"type":"LOG","log":{"level":"INFO","message":"INFO i.a.w.i.DefaultAirbyteStreamFactory(internalLog):159 INFO i.a.i.s.p.PostgresSource(logPreSyncDebugData):223 Index name: test_1_mood_pkey, Column: id, Unique: true"}}
{"type":"LOG","log":{"level":"INFO","message":"INFO i.a.w.i.DefaultAirbyteStreamFactory(internalLog):159 INFO i.a.i.s.p.PostgresSource(logPreSyncDebugData):221 Discovering indexes for schema \"test\", table \"test_1_tsrange\""}}
{"type":"LOG","log":{"level":"INFO","message":"INFO i.a.w.i.DefaultAirbyteStreamFactory(internalLog):159 INFO i.a.i.s.p.PostgresSource(logPreSyncDebugData):223 Index name: test_1_tsrange_pkey, Column: id, Unique: true"}}
{"type":"LOG","log":{"level":"INFO","message":"INFO i.a.w.i.DefaultAirbyteStreamFactory(internalLog):159 INFO i.a.i.s.p.PostgresSource(logPreSyncDebugData):221 Discovering indexes for schema \"test\", table \"test_1_inventory_item\""}}
{"type":"LOG","log":{"level":"INFO","message":"INFO i.a.w.i.DefaultAirbyteStreamFactory(internalLog):159 INFO i.a.i.s.p.PostgresSource(logPreSyncDebugData):223 Index name: test_1_inventory_item_pkey, Column: id, Unique: true"}}
{"type":"LOG","log":{"level":"INFO","message":"INFO i.a.w.i.DefaultAirbyteStreamFactory(internalLog):159 INFO i.a.i.s.p.PostgresSource(logPreSyncDebugData):221 Discovering indexes for schema \"test\", table \"test_1_hstore\""}}
{"type":"LOG","log":{"level":"INFO","message":"INFO i.a.w.i.DefaultAirbyteStreamFactory(internalLog):159 INFO i.a.i.s.p.PostgresSource(logPreSyncDebugData):223 Index name: test_1_hstore_pkey, Column: id, Unique: true"}}
{"type":"LOG","log":{"level":"INFO","message":"INFO i.a.w.i.DefaultAirbyteStreamFactory(internalLog):159 INFO i.a.i.s.p.PostgresSource(logPreSyncDebugData):221 Discovering indexes for schema \"test\", table \"test_1_timetz\""}}
{"type":"LOG","log":{"level":"INFO","message":"INFO i.a.w.i.DefaultAirbyteStreamFactory(internalLog):159 INFO i.a.i.s.p.PostgresSource(logPreSyncDebugData):223 Index name: test_1_timetz_pkey, Column: id, Unique: true"}}
{"type":"LOG","log":{"level":"INFO","message":"INFO i.a.w.i.DefaultAirbyteStreamFactory(internalLog):159 INFO i.a.i.s.p.PostgresSource(logPreSyncDebugData):221 Discovering indexes for schema \"test\", table \"test_2_timetz\""}}
{"type":"LOG","log":{"level":"INFO","message":"INFO i.a.w.i.DefaultAirbyteStreamFactory(internalLog):159 INFO i.a.i.s.p.PostgresSource(logPreSyncDebugData):223 Index name: test_2_timetz_pkey, Column: id, Unique: true"}}
{"type":"LOG","log":{"level":"INFO","message":"INFO i.a.w.i.DefaultAirbyteStreamFactory(internalLog):159 INFO i.a.i.s.p.PostgresSource(logPreSyncDebugData):221 Discovering indexes for schema \"test\", table \"test_1_int2_array\""}}
{"type":"LOG","log":{"level":"INFO","message":"INFO i.a.w.i.DefaultAirbyteStreamFactory(internalLog):159 INFO i.a.i.s.p.PostgresSource(logPreSyncDebugData):223 Index name: test_1_int2_array_pkey, Column: id, Unique: true"}}
{"type":"LOG","log":{"level":"INFO","message":"INFO i.a.w.i.DefaultAirbyteStreamFactory(internalLog):159 INFO i.a.i.s.p.PostgresSource(logPreSyncDebugData):221 Discovering indexes for schema \"test\", table \"test_1_int4_array\""}}
{"type":"LOG","log":{"level":"INFO","message":"INFO i.a.w.i.DefaultAirbyteStreamFactory(internalLog):159 INFO i.a.i.s.p.PostgresSource(logPreSyncDebugData):223 Index name: test_1_int4_array_pkey, Column: id, Unique: true"}}
{"type":"LOG","log":{"level":"INFO","message":"INFO i.a.w.i.DefaultAirbyteStreamFactory(internalLog):159 INFO i.a.i.s.p.PostgresSource(logPreSyncDebugData):221 Discovering indexes for schema \"test\", table \"test_1_int8_array\""}}
{"type":"LOG","log":{"level":"INFO","message":"INFO i.a.w.i.DefaultAirbyteStreamFactory(internalLog):159 INFO i.a.i.s.p.PostgresSource(logPreSyncDebugData):223 Index name: test_1_int8_array_pkey, Column: id, Unique: true"}}
{"type":"LOG","log":{"level":"INFO","message":"INFO i.a.w.i.DefaultAirbyteStreamFactory(internalLog):159 INFO i.a.i.s.p.PostgresSource(logPreSyncDebugData):221 Discovering indexes for schema \"test\", table \"test_1_oid_array\""}}
{"type":"LOG","log":{"level":"INFO","message":"INFO i.a.w.i.DefaultAirbyteStreamFactory(internalLog):159 INFO i.a.i.s.p.PostgresSource(logPreSyncDebugData):223 Index name: test_1_oid_array_pkey, Column: id, Unique: true"}}
{"type":"LOG","log":{"level":"INFO","message":"INFO i.a.w.i.DefaultAirbyteStreamFactory(internalLog):159 INFO i.a.i.s.p.PostgresSource(logPreSyncDebugData):221 Discovering indexes for schema \"test\", table \"test_1_varchar_array\""}}
{"type":"LOG","log":{"level":"INFO","message":"INFO i.a.w.i.DefaultAirbyteStreamFactory(internalLog):159 INFO i.a.i.s.p.PostgresSource(logPreSyncDebugData):223 Index name: test_1_varchar_array_pkey, Column: id, Unique: true"}}
{"type":"LOG","log":{"level":"INFO","message":"INFO i.a.w.i.DefaultAirbyteStreamFactory(internalLog):159 INFO i.a.i.s.p.PostgresSource(logPreSyncDebugData):221 Discovering indexes for schema \"test\", table \"test_1_char_array\""}}
{"type":"LOG","log":{"level":"INFO","message":"INFO i.a.w.i.DefaultAirbyteStreamFactory(internalLog):159 INFO i.a.i.s.p.PostgresSource(logPreSyncDebugData):223 Index name: test_1_char_array_pkey, Column: id, Unique: true"}}
{"type":"LOG","log":{"level":"INFO","message":"INFO i.a.w.i.DefaultAirbyteStreamFactory(internalLog):159 INFO i.a.i.s.p.PostgresSource(logPreSyncDebugData):221 Discovering indexes for schema \"test\", table \"test_1_bpchar_array\""}}
{"type":"LOG","log":{"level":"INFO","message":"INFO i.a.w.i.DefaultAirbyteStreamFactory(internalLog):159 INFO i.a.i.s.p.PostgresSource(logPreSyncDebugData):223 Index name: test_1_bpchar_array_pkey, Column: id, Unique: true"}}
{"type":"LOG","log":{"level":"INFO","message":"INFO i.a.w.i.DefaultAirbyteStreamFactory(internalLog):159 INFO i.a.i.s.p.PostgresSource(logPreSyncDebugData):221 Discovering indexes for schema \"test\", table \"test_1_text_array\""}}
{"type":"LOG","log":{"level":"INFO","message":"INFO i.a.w.i.DefaultAirbyteStreamFactory(internalLog):159 INFO i.a.i.s.p.PostgresSource(logPreSyncDebugData):223 Index name: test_1_text_array_pkey, Column: id, Unique: true"}}
{"type":"LOG","log":{"level":"INFO","message":"INFO i.a.w.i.DefaultAirbyteStreamFactory(internalLog):159 INFO i.a.i.s.p.PostgresSource(logPreSyncDebugData):221 Discovering indexes for schema \"test\", table \"test_1_name_array\""}}
{"type":"LOG","log":{"level":"INFO","message":"INFO i.a.w.i.DefaultAirbyteStreamFactory(internalLog):159 INFO i.a.i.s.p.PostgresSource(logPreSyncDebugData):223 Index name: test_1_name_array_pkey, Column: id, Unique: true"}}
{"type":"LOG","log":{"level":"INFO","message":"INFO i.a.w.i.DefaultAirbyteStreamFactory(internalLog):159 INFO i.a.i.s.p.PostgresSource(logPreSyncDebugData):221 Discovering indexes for schema \"test\", table \"test_1_decimal_array\""}}
{"type":"LOG","log":{"level":"INFO","message":"INFO i.a.w.i.DefaultAirbyteStreamFactory(internalLog):159 INFO i.a.i.s.p.PostgresSource(logPreSyncDebugData):223 Index name: test_1_decimal_array_pkey, Column: id, Unique: true"}}
{"type":"LOG","log":{"level":"INFO","message":"INFO i.a.w.i.DefaultAirbyteStreamFactory(internalLog):159 INFO i.a.i.s.p.PostgresSource(logPreSyncDebugData):221 Discovering indexes for schema \"test\", table \"test_2_decimal_array\""}}
{"type":"LOG","log":{"level":"INFO","message":"INFO i.a.w.i.DefaultAirbyteStreamFactory(internalLog):159 INFO i.a.i.s.p.PostgresSource(logPreSyncDebugData):223 Index name: test_2_decimal_array_pkey, Column: id, Unique: true"}}
{"type":"LOG","log":{"level":"INFO","message":"INFO i.a.w.i.DefaultAirbyteStreamFactory(internalLog):159 INFO i.a.i.s.p.PostgresSource(logPreSyncDebugData):221 Discovering indexes for schema \"test\", table \"test_3_decimal_array\""}}
{"type":"LOG","log":{"level":"INFO","message":"INFO i.a.w.i.DefaultAirbyteStreamFactory(internalLog):159 INFO i.a.i.s.p.PostgresSource(logPreSyncDebugData):223 Index name: test_3_decimal_array_pkey, Column: id, Unique: true"}}
{"type":"LOG","log":{"level":"INFO","message":"INFO i.a.w.i.DefaultAirbyteStreamFactory(internalLog):159 INFO i.a.i.s.p.PostgresSource(logPreSyncDebugData):221 Discovering indexes for schema \"test\", table \"test_1_numeric_array\""}}
{"type":"LOG","log":{"level":"INFO","message":"INFO i.a.w.i.DefaultAirbyteStreamFactory(internalLog):159 INFO i.a.i.s.p.PostgresSource(logPreSyncDebugData):223 Index name: test_1_numeric_array_pkey, Column: id, Unique: true"}}
{"type":"LOG","log":{"level":"INFO","message":"INFO i.a.w.i.DefaultAirbyteStreamFactory(internalLog):159 INFO i.a.i.s.p.PostgresSource(logPreSyncDebugData):221 Discovering indexes for schema \"test\", table \"test_2_numeric_array\""}}
{"type":"LOG","log":{"level":"INFO","message":"INFO i.a.w.i.DefaultAirbyteStreamFactory(internalLog):159 INFO i.a.i.s.p.PostgresSource(logPreSyncDebugData):223 Index name: test_2_numeric_array_pkey, Column: id, Unique: true"}}
{"type":"LOG","log":{"level":"INFO","message":"INFO i.a.w.i.DefaultAirbyteStreamFactory(internalLog):159 INFO i.a.i.s.p.PostgresSource(logPreSyncDebugData):221 Discovering indexes for schema \"test\", table \"test_3_numeric_array\""}}
{"type":"LOG","log":{"level":"INFO","message":"INFO i.a.w.i.DefaultAirbyteStreamFactory(internalLog):159 INFO i.a.i.s.p.PostgresSource(logPreSyncDebugData):223 Index name: test_3_numeric_array_pkey, Column: id, Unique: true"}}
{"type":"LOG","log":{"level":"INFO","message":"INFO i.a.w.i.DefaultAirbyteStreamFactory(internalLog):159 INFO i.a.i.s.p.PostgresSource(logPreSyncDebugData):221 Discovering indexes for schema \"test\", table \"test_1_float4_array\""}}
{"type":"LOG","log":{"level":"INFO","message":"INFO i.a.w.i.DefaultAirbyteStreamFactory(internalLog):159 INFO i.a.i.s.p.PostgresSource(logPreSyncDebugData):223 Index name: test_1_float4_array_pkey, Column: id, Unique: true"}}
{"type":"LOG","log":{"level":"INFO","message":"INFO i.a.w.i.DefaultAirbyteStreamFactory(internalLog):159 INFO i.a.i.s.p.PostgresSource(logPreSyncDebugData):221 Discovering indexes for schema \"test\", table \"test_1_float8_array\""}}
{"type":"LOG","log":{"level":"INFO","message":"INFO i.a.w.i.DefaultAirbyteStreamFactory(internalLog):159 INFO i.a.i.s.p.PostgresSource(logPreSyncDebugData):223 Index name: test_1_float8_array_pkey, Column: id, Unique: true"}}
{"type":"LOG","log":{"level":"INFO","message":"INFO i.a.w.i.DefaultAirbyteStreamFactory(internalLog):159 INFO i.a.i.s.p.PostgresSource(logPreSyncDebugData):221 Discovering indexes for schema \"test\", table \"test_1_money_array\""}}
{"type":"LOG","log":{"level":"INFO","message":"INFO i.a.w.i.DefaultAirbyteStreamFactory(internalLog):159 INFO i.a.i.s.p.PostgresSource(logPreSyncDebugData):223 Index name: test_1_money_array_pkey, Column: id, Unique: true"}}
{"type":"LOG","log":{"level":"INFO","message":"INFO i.a.w.i.DefaultAirbyteStreamFactory(internalLog):159 INFO i.a.i.s.p.PostgresSource(logPreSyncDebugData):221 Discovering indexes for schema \"test\", table \"test_1_bool_array\""}}
{"type":"LOG","log":{"level":"INFO","message":"INFO i.a.w.i.DefaultAirbyteStreamFactory(internalLog):159 INFO i.a.i.s.p.PostgresSource(logPreSyncDebugData):223 Index name: test_1_bool_array_pkey, Column: id, Unique: true"}}
{"type":"LOG","log":{"level":"INFO","message":"INFO i.a.w.i.DefaultAirbyteStreamFactory(internalLog):159 INFO i.a.i.s.p.PostgresSource(logPreSyncDebugData):221 Discovering indexes for schema \"test\", table \"test_1_bit_array\""}}
{"type":"LOG","log":{"level":"INFO","message":"INFO i.a.w.i.DefaultAirbyteStreamFactory(internalLog):159 INFO i.a.i.s.p.PostgresSource(logPreSyncDebugData):223 Index name: test_1_bit_array_pkey, Column: id, Unique: true"}}
{"type":"LOG","log":{"level":"INFO","message":"INFO i.a.w.i.DefaultAirbyteStreamFactory(internalLog):159 INFO i.a.i.s.p.PostgresSource(logPreSyncDebugData):221 Discovering indexes for schema \"test\", table \"test_1_bytea_array\""}}
{"type":"LOG","log":{"level":"INFO","message":"INFO i.a.w.i.DefaultAirbyteStreamFactory(internalLog):159 INFO i.a.i.s.p.PostgresSource(logPreSyncDebugData):223 Index name: test_1_bytea_array_pkey, Column: id, Unique: true"}}
{"type":"LOG","log":{"level":"INFO","message":"INFO i.a.w.i.DefaultAirbyteStreamFactory(internalLog):159 INFO i.a.i.s.p.PostgresSource(logPreSyncDebugData):221 Discovering indexes for schema \"test\", table \"test_1_date_array\""}}
{"type":"LOG","log":{"level":"INFO","message":"INFO i.a.w.i.DefaultAirbyteStreamFactory(internalLog):159 INFO i.a.i.s.p.PostgresSource(logPreSyncDebugData):223 Index name: test_1_date_array_pkey, Column: id, Unique: true"}}
{"type":"LOG","log":{"level":"INFO","message":"INFO i.a.w.i.DefaultAirbyteStreamFactory(internalLog):159 INFO i.a.i.s.p.PostgresSource(logPreSyncDebugData):221 Discovering indexes for schema \"test\", table \"test_1_time_array\""}}
{"type":"LOG","log":{"level":"INFO","message":"INFO i.a.w.i.DefaultAirbyteStreamFactory(internalLog):159 INFO i.a.i.s.p.PostgresSource(logPreSyncDebugData):223 Index name: test_1_time_array_pkey, Column: id, Unique: true"}}
{"type":"LOG","log":{"level":"INFO","message":"INFO i.a.w.i.DefaultAirbyteStreamFactory(internalLog):159 INFO i.a.i.s.p.PostgresSource(logPreSyncDebugData):221 Discovering indexes for schema \"test\", table \"test_1_timetz_array\""}}
{"type":"LOG","log":{"level":"INFO","message":"INFO i.a.w.i.DefaultAirbyteStreamFactory(internalLog):159 INFO i.a.i.s.p.PostgresSource(logPreSyncDebugData):223 Index name: test_1_timetz_array_pkey, Column: id, Unique: true"}}
{"type":"LOG","log":{"level":"INFO","message":"INFO i.a.w.i.DefaultAirbyteStreamFactory(internalLog):159 INFO i.a.i.s.p.PostgresSource(logPreSyncDebugData):221 Discovering indexes for schema \"test\", table \"test_1_timestamptz_array\""}}
{"type":"LOG","log":{"level":"INFO","message":"INFO i.a.w.i.DefaultAirbyteStreamFactory(internalLog):159 INFO i.a.i.s.p.PostgresSource(logPreSyncDebugData):223 Index name: test_1_timestamptz_array_pkey, Column: id, Unique: true"}}
{"type":"LOG","log":{"level":"INFO","message":"INFO i.a.w.i.DefaultAirbyteStreamFactory(internalLog):159 INFO i.a.i.s.p.PostgresSource(logPreSyncDebugData):221 Discovering indexes for schema \"test\", table \"test_1_timestamp_array\""}}
{"type":"LOG","log":{"level":"INFO","message":"INFO i.a.w.i.DefaultAirbyteStreamFactory(internalLog):159 INFO i.a.i.s.p.PostgresSource(logPreSyncDebugData):223 Index name: test_1_timestamp_array_pkey, Column: id, Unique: true"}}
{"type":"LOG","log":{"level":"INFO","message":"INFO i.a.w.i.DefaultAirbyteStreamFactory(internalLog):159 INFO i.a.i.s.p.PostgresSource(logPreSyncDebugData):221 Discovering indexes for schema \"test\", table \"test_1_money\""}}
{"type":"LOG","log":{"level":"INFO","message":"INFO i.a.w.i.DefaultAirbyteStreamFactory(internalLog):159 INFO i.a.i.s.p.PostgresSource(logPreSyncDebugData):223 Index name: test_1_money_pkey, Column: id, Unique: true"}}
{"type":"LOG","log":{"level":"INFO","message":"INFO i.a.w.i.DefaultAirbyteStreamFactory(internalLog):159 INFO i.a.i.s.p.PostgresQueryUtils(logXminStatus):77 Xmin Status : {Number of wraparounds: 0, Xmin Transaction Value: 1158, Xmin Raw Value: 1158"}}
{"type":"LOG","log":{"level":"INFO","message":"INFO i.a.w.i.DefaultAirbyteStreamFactory(internalLog):159 INFO i.a.i.s.j.AbstractJdbcSource(discoverInternal):166 Internal schemas to exclude: [catalog_history, information_schema, pg_catalog, pg_internal]"}}
{"type":"LOG","log":{"level":"INFO","message":"INFO i.a.w.i.DefaultAirbyteStreamFactory(internalLog):159 INFO i.a.d.j.s.AdaptiveStreamingQueryConfig(initialize):31 Set initial fetch size: 10 rows"}}
{"type":"LOG","log":{"level":"INFO","message":"INFO i.a.w.i.DefaultAirbyteStreamFactory(internalLog):159 INFO i.a.d.j.s.AdaptiveStreamingQueryConfig(accept):40 Set new fetch size: 1533006 rows"}}
{"type":"LOG","log":{"level":"INFO","message":"INFO i.a.w.i.DefaultAirbyteStreamFactory(internalLog):159 INFO i.a.d.j.s.TwoStageSizeEstimator(getTargetBufferByteSize):71 Max memory limit: 1562378240, JDBC buffer size: 937426944"}}
{"type":"LOG","log":{"level":"INFO","message":"INFO i.a.w.i.DefaultAirbyteStreamFactory(internalLog):159 INFO i.a.i.s.p.PostgresUtils(isCdc):53 using CDC: true"}}
{"type":"LOG","log":{"level":"INFO","message":"INFO i.a.w.i.DefaultAirbyteStreamFactory(internalLog):159 INFO i.a.i.s.p.PostgresUtils(getFirstRecordWaitTime):111 First record waiting time: 30 seconds"}}
{"type":"LOG","log":{"level":"INFO","message":"INFO i.a.w.i.DefaultAirbyteStreamFactory(internalLog):159 INFO i.a.i.s.p.PostgresSource(getIncrementalIterators):369 First record waiting time: 30 seconds"}}
{"type":"LOG","log":{"level":"INFO","message":"INFO i.a.w.i.DefaultAirbyteStreamFactory(internalLog):159 INFO i.a.i.s.p.PostgresUtils(shouldFlushAfterSync):61 Should flush after sync: false"}}
{"type":"LOG","log":{"level":"INFO","message":"INFO i.a.w.i.DefaultAirbyteStreamFactory(internalLog):159 INFO o.a.k.c.c.AbstractConfig(logAll):376 StandaloneConfig values: \n\taccess.control.allow.methods = \n\taccess.control.allow.origin = \n\tadmin.listeners = null\n\tauto.include.jmx.reporter = true\n\tbootstrap.servers = [localhost:9092]\n\tclient.dns.lookup = use_all_dns_ips\n\tconfig.providers = []\n\tconnector.client.config.override.policy = All\n\theader.converter = class org.apache.kafka.connect.storage.SimpleHeaderConverter\n\tkey.converter = class org.apache.kafka.connect.json.JsonConverter\n\tlisteners = [http://:8083]\n\tmetric.reporters = []\n\tmetrics.num.samples = 2\n\tmetrics.recording.level = INFO\n\tmetrics.sample.window.ms = 30000\n\toffset.flush.interval.ms = 1000\n\toffset.flush.timeout.ms = 5000\n\toffset.storage.file.filename = /tmp/cdc-state-offset5211295498702762894/offset.dat\n\tplugin.path = null\n\tresponse.http.headers.config = \n\trest.advertised.host.name = null\n\trest.advertised.listener = null\n\trest.advertised.port = null\n\trest.extension.classes = []\n\tssl.cipher.suites = null\n\tssl.client.auth = none\n\tssl.enabled.protocols = [TLSv1.2, TLSv1.3]\n\tssl.endpoint.identification.algorithm = https\n\tssl.engine.factory.class = null\n\tssl.key.password = null\n\tssl.keymanager.algorithm = SunX509\n\tssl.keystore.certificate.chain = null\n\tssl.keystore.key = null\n\tssl.keystore.location = null\n\tssl.keystore.password = null\n\tssl.keystore.type = JKS\n\tssl.protocol = TLSv1.3\n\tssl.provider = null\n\tssl.secure.random.implementation = null\n\tssl.trustmanager.algorithm = PKIX\n\tssl.truststore.certificates = null\n\tssl.truststore.location = null\n\tssl.truststore.password = null\n\tssl.truststore.type = JKS\n\ttask.shutdown.graceful.timeout.ms = 5000\n\ttopic.creation.enable = true\n\ttopic.tracking.allow.reset = true\n\ttopic.tracking.enable = true\n\tvalue.converter = class org.apache.kafka.connect.json.JsonConverter\n"}}
{"type":"LOG","log":{"level":"WARN","message":"WARN i.a.w.i.DefaultAirbyteStreamFactory(internalLog):156 WARN o.a.k.c.r.WorkerConfig(logPluginPathConfigProviderWarning):379 Variables cannot be used in the 'plugin.path' property, since the property is used by plugin scanning before the config providers that replace the variables are initialized. The raw value 'null' was used for plugin scanning, as opposed to the transformed value 'null', and this may cause unexpected results."}}
{"type":"LOG","log":{"level":"INFO","message":"INFO i.a.w.i.DefaultAirbyteStreamFactory(internalLog):159 INFO o.a.k.c.s.FileOffsetBackingStore(start):58 Starting FileOffsetBackingStore with file /tmp/cdc-state-offset5211295498702762894/offset.dat"}}
{"type":"LOG","log":{"level":"INFO","message":"INFO i.a.w.i.DefaultAirbyteStreamFactory(internalLog):159 INFO o.a.k.c.c.AbstractConfig(logAll):376 JsonConverterConfig values: \n\tconverter.type = key\n\tdecimal.format = BASE64\n\tschemas.cache.size = 1000\n\tschemas.enable = false\n"}}
{"type":"LOG","log":{"level":"INFO","message":"INFO i.a.w.i.DefaultAirbyteStreamFactory(internalLog):159 INFO o.a.k.c.c.AbstractConfig(logAll):376 JsonConverterConfig values: \n\tconverter.type = value\n\tdecimal.format = BASE64\n\tschemas.cache.size = 1000\n\tschemas.enable = false\n"}}
{"type":"LOG","log":{"level":"INFO","message":"INFO i.a.w.i.DefaultAirbyteStreamFactory(internalLog):159 INFO i.a.i.d.i.p.PostgresDebeziumStateUtil(extractLsn):206 No previous offsets found"}}
{"type":"LOG","log":{"level":"INFO","message":"INFO i.a.w.i.DefaultAirbyteStreamFactory(internalLog):159 INFO i.a.i.d.i.p.PostgresDebeziumStateUtil(parseSavedOffset):181 Closing offsetStorageReader and fileOffsetBackingStore"}}
{"type":"LOG","log":{"level":"INFO","message":"INFO i.a.w.i.DefaultAirbyteStreamFactory(internalLog):159 INFO o.a.k.c.s.FileOffsetBackingStore(stop):66 Stopped FileOffsetBackingStore"}}
{"type":"LOG","log":{"level":"INFO","message":"INFO i.a.w.i.DefaultAirbyteStreamFactory(internalLog):159 INFO i.a.i.s.p.PostgresSource(lambda$getReplicationSlot$4):296 Attempting to find the named replication slot using the query: HikariProxyPreparedStatement@1917607102 wrapping SELECT * FROM pg_replication_slots WHERE slot_name = 'debezium_slot' AND plugin = 'pgoutput' AND database = 'test'"}}
{"type":"LOG","log":{"level":"INFO","message":"INFO i.a.w.i.DefaultAirbyteStreamFactory(internalLog):159 INFO i.a.d.j.s.AdaptiveStreamingQueryConfig(initialize):31 Set initial fetch size: 10 rows"}}
{"type":"LOG","log":{"level":"INFO","message":"INFO i.a.w.i.DefaultAirbyteStreamFactory(internalLog):159 INFO i.a.i.s.p.PostgresUtils(shouldFlushAfterSync):61 Should flush after sync: false"}}
{"type":"LOG","log":{"level":"INFO","message":"INFO i.a.w.i.DefaultAirbyteStreamFactory(internalLog):159 INFO i.a.i.d.i.p.PostgresCdcTargetPosition(targetPosition):49 identified target lsn: PgLsn{lsn=26845552}"}}
{"type":"LOG","log":{"level":"INFO","message":"INFO i.a.w.i.DefaultAirbyteStreamFactory(internalLog):159 INFO i.a.i.s.p.PostgresUtils(shouldFlushAfterSync):61 Should flush after sync: false"}}
{"type":"LOG","log":{"level":"INFO","message":"INFO i.a.w.i.DefaultAirbyteStreamFactory(internalLog):159 INFO i.a.i.d.AirbyteDebeziumHandler(getIncrementalIterators):95 Using CDC: true"}}
{"type":"LOG","log":{"level":"INFO","message":"INFO i.a.w.i.DefaultAirbyteStreamFactory(internalLog):159 INFO o.a.k.c.c.AbstractConfig(logAll):376 JsonConverterConfig values: \n\tconverter.type = key\n\tdecimal.format = BASE64\n\tschemas.cache.size = 1000\n\tschemas.enable = false\n"}}
{"type":"LOG","log":{"level":"INFO","message":"INFO i.a.w.i.DefaultAirbyteStreamFactory(internalLog):159 INFO o.a.k.c.c.AbstractConfig(logAll):376 JsonConverterConfig values: \n\tconverter.type = value\n\tdecimal.format = BASE64\n\tschemas.cache.size = 1000\n\tschemas.enable = false\n"}}
{"type":"LOG","log":{"level":"INFO","message":"INFO i.a.w.i.DefaultAirbyteStreamFactory(internalLog):159 INFO o.a.k.c.c.AbstractConfig(logAll):376 EmbeddedConfig values: \n\taccess.control.allow.methods = \n\taccess.control.allow.origin = \n\tadmin.listeners = null\n\tauto.include.jmx.reporter = true\n\tbootstrap.servers = [localhost:9092]\n\tclient.dns.lookup = use_all_dns_ips\n\tconfig.providers = []\n\tconnector.client.config.override.policy = All\n\theader.converter = class org.apache.kafka.connect.storage.SimpleHeaderConverter\n\tkey.converter = class org.apache.kafka.connect.json.JsonConverter\n\tlisteners = [http://:8083]\n\tmetric.reporters = []\n\tmetrics.num.samples = 2\n\tmetrics.recording.level = INFO\n\tmetrics.sample.window.ms = 30000\n\toffset.flush.interval.ms = 1000\n\toffset.flush.timeout.ms = 5000\n\toffset.storage.file.filename = /tmp/cdc-state-offset3049416405552542329/offset.dat\n\toffset.storage.partitions = null\n\toffset.storage.replication.factor = null\n\toffset.storage.topic = \n\tplugin.path = null\n\tresponse.http.headers.config = \n\trest.advertised.host.name = null\n\trest.advertised.listener = null\n\trest.advertised.port = null\n\trest.extension.classes = []\n\tssl.cipher.suites = null\n\tssl.client.auth = none\n\tssl.enabled.protocols = [TLSv1.2, TLSv1.3]\n\tssl.endpoint.identification.algorithm = https\n\tssl.engine.factory.class = null\n\tssl.key.password = null\n\tssl.keymanager.algorithm = SunX509\n\tssl.keystore.certificate.chain = null\n\tssl.keystore.key = null\n\tssl.keystore.location = null\n\tssl.keystore.password = null\n\tssl.keystore.type = JKS\n\tssl.protocol = TLSv1.3\n\tssl.provider = null\n\tssl.secure.random.implementation = null\n\tssl.trustmanager.algorithm = PKIX\n\tssl.truststore.certificates = null\n\tssl.truststore.location = null\n\tssl.truststore.password = null\n\tssl.truststore.type = JKS\n\ttask.shutdown.graceful.timeout.ms = 5000\n\ttopic.creation.enable = true\n\ttopic.tracking.allow.reset = true\n\ttopic.tracking.enable = true\n\tvalue.converter = class org.apache.kafka.connect.json.JsonConverter\n"}}
{"type":"LOG","log":{"level":"WARN","message":"WARN i.a.w.i.DefaultAirbyteStreamFactory(internalLog):156 WARN o.a.k.c.r.WorkerConfig(logPluginPathConfigProviderWarning):379 Variables cannot be used in the 'plugin.path' property, since the property is used by plugin scanning before the config providers that replace the variables are initialized. The raw value 'null' was used for plugin scanning, as opposed to the transformed value 'null', and this may cause unexpected results."}}
{"type":"LOG","log":{"level":"INFO","message":"INFO i.a.w.i.DefaultAirbyteStreamFactory(internalLog):159 INFO o.a.k.c.c.AbstractConfig(logAll):376 JsonConverterConfig values: \n\tconverter.type = key\n\tdecimal.format = BASE64\n\tschemas.cache.size = 1000\n\tschemas.enable = false\n"}}
{"type":"LOG","log":{"level":"INFO","message":"INFO i.a.w.i.DefaultAirbyteStreamFactory(internalLog):159 INFO o.a.k.c.c.AbstractConfig(logAll):376 JsonConverterConfig values: \n\tconverter.type = value\n\tdecimal.format = BASE64\n\tschemas.cache.size = 1000\n\tschemas.enable = false\n"}}
{"type":"LOG","log":{"level":"INFO","message":"INFO i.a.w.i.DefaultAirbyteStreamFactory(internalLog):159 INFO i.d.c.p.PostgresConnector(testConnection):154 Successfully tested connection for jdbc:postgresql://172.17.0.8:5432/test with user 'test'"}}
{"type":"LOG","log":{"level":"INFO","message":"INFO i.a.w.i.DefaultAirbyteStreamFactory(internalLog):159 INFO i.a.i.d.i.DebeziumRecordIterator(requestClose):208 No records were returned by Debezium in the timeout seconds 30, closing the engine and iterator"}}
{"type":"LOG","log":{"level":"INFO","message":"INFO i.a.w.i.DefaultAirbyteStreamFactory(internalLog):159 INFO i.d.e.EmbeddedEngine(stop):1146 Stopping the embedded engine"}}
{"type":"LOG","log":{"level":"INFO","message":"INFO i.a.w.i.DefaultAirbyteStreamFactory(internalLog):159 INFO i.d.j.JdbcConnection(lambda$doClose$4):947 Connection gracefully closed"}}
{"type":"LOG","log":{"level":"INFO","message":"INFO i.a.w.i.DefaultAirbyteStreamFactory(internalLog):159 INFO i.d.e.EmbeddedEngine(stop):1153 Waiting for PT5M for connector to stop"}}
{"type":"LOG","log":{"level":"INFO","message":"INFO i.a.w.i.DefaultAirbyteStreamFactory(internalLog):159 INFO o.a.k.c.s.FileOffsetBackingStore(start):58 Starting FileOffsetBackingStore with file /tmp/cdc-state-offset3049416405552542329/offset.dat"}}
{"type":"LOG","log":{"level":"INFO","message":"INFO i.a.w.i.DefaultAirbyteStreamFactory(internalLog):159 INFO i.d.c.c.BaseSourceTask(start):124 Starting PostgresConnectorTask with configuration:"}}
{"type":"LOG","log":{"level":"INFO","message":"INFO i.a.w.i.DefaultAirbyteStreamFactory(internalLog):159 INFO i.d.c.c.BaseSourceTask(lambda$start$0):126    connector.class = io.debezium.connector.postgresql.PostgresConnector"}}
{"type":"LOG","log":{"level":"INFO","message":"INFO i.a.w.i.DefaultAirbyteStreamFactory(internalLog):159 INFO i.d.c.c.BaseSourceTask(lambda$start$0):126    max.queue.size = 8192"}}
{"type":"LOG","log":{"level":"INFO","message":"INFO i.a.w.i.DefaultAirbyteStreamFactory(internalLog):159 INFO i.d.c.c.BaseSourceTask(lambda$start$0):126    slot.name = debezium_slot"}}
{"type":"LOG","log":{"level":"INFO","message":"INFO i.a.w.i.DefaultAirbyteStreamFactory(internalLog):159 INFO i.d.c.c.BaseSourceTask(lambda$start$0):126    publication.name = publication"}}
{"type":"LOG","log":{"level":"INFO","message":"INFO i.a.w.i.DefaultAirbyteStreamFactory(internalLog):159 INFO i.d.c.c.BaseSourceTask(lambda$start$0):126    topic.prefix = test"}}
{"type":"LOG","log":{"level":"INFO","message":"INFO i.a.w.i.DefaultAirbyteStreamFactory(internalLog):159 INFO i.d.c.c.BaseSourceTask(lambda$start$0):126    offset.storage.file.filename = /tmp/cdc-state-offset3049416405552542329/offset.dat"}}
{"type":"LOG","log":{"level":"INFO","message":"INFO i.a.w.i.DefaultAirbyteStreamFactory(internalLog):159 INFO i.d.c.c.BaseSourceTask(lambda$start$0):126    decimal.handling.mode = string"}}
{"type":"LOG","log":{"level":"INFO","message":"INFO i.a.w.i.DefaultAirbyteStreamFactory(internalLog):159 INFO i.d.c.c.BaseSourceTask(lambda$start$0):126    converters = datetime"}}
{"type":"LOG","log":{"level":"INFO","message":"INFO i.a.w.i.DefaultAirbyteStreamFactory(internalLog):159 INFO i.d.c.c.BaseSourceTask(lambda$start$0):126    errors.retry.delay.initial.ms = 299"}}
{"type":"LOG","log":{"level":"INFO","message":"INFO i.a.w.i.DefaultAirbyteStreamFactory(internalLog):159 INFO i.d.c.c.BaseSourceTask(lambda$start$0):126    datetime.type = io.airbyte.integrations.debezium.internals.postgres.PostgresConverter"}}
{"type":"LOG","log":{"level":"INFO","message":"INFO i.a.w.i.DefaultAirbyteStreamFactory(internalLog):159 INFO i.d.c.c.BaseSourceTask(lambda$start$0):126    value.converter = org.apache.kafka.connect.json.JsonConverter"}}
{"type":"LOG","log":{"level":"INFO","message":"INFO i.a.w.i.DefaultAirbyteStreamFactory(internalLog):159 INFO i.d.c.c.BaseSourceTask(lambda$start$0):126    key.converter = org.apache.kafka.connect.json.JsonConverter"}}
{"type":"LOG","log":{"level":"INFO","message":"INFO i.a.w.i.DefaultAirbyteStreamFactory(internalLog):159 INFO i.d.c.c.BaseSourceTask(lambda$start$0):126    publication.autocreate.mode = disabled"}}
{"type":"LOG","log":{"level":"INFO","message":"INFO i.a.w.i.DefaultAirbyteStreamFactory(internalLog):159 INFO i.d.c.c.BaseSourceTask(lambda$start$0):126    database.user = test"}}
{"type":"LOG","log":{"level":"INFO","message":"INFO i.a.w.i.DefaultAirbyteStreamFactory(internalLog):159 INFO i.d.c.c.BaseSourceTask(lambda$start$0):126    database.dbname = test"}}
{"type":"LOG","log":{"level":"INFO","message":"INFO i.a.w.i.DefaultAirbyteStreamFactory(internalLog):159 INFO i.d.c.c.BaseSourceTask(lambda$start$0):126    offset.storage = org.apache.kafka.connect.storage.FileOffsetBackingStore"}}
{"type":"LOG","log":{"level":"INFO","message":"INFO i.a.w.i.DefaultAirbyteStreamFactory(internalLog):159 INFO i.d.c.c.BaseSourceTask(lambda$start$0):126    errors.retry.delay.max.ms = 300"}}
{"type":"LOG","log":{"level":"INFO","message":"INFO i.a.w.i.DefaultAirbyteStreamFactory(internalLog):159 INFO i.d.c.c.BaseSourceTask(lambda$start$0):126    offset.flush.timeout.ms = 5000"}}
{"type":"LOG","log":{"level":"INFO","message":"INFO i.a.w.i.DefaultAirbyteStreamFactory(internalLog):159 INFO i.d.c.c.BaseSourceTask(lambda$start$0):126    heartbeat.interval.ms = 10000"}}
{"type":"LOG","log":{"level":"INFO","message":"INFO i.a.w.i.DefaultAirbyteStreamFactory(internalLog):159 INFO i.d.c.c.BaseSourceTask(lambda$start$0):126    column.include.list = \\Qtest.test_1_bigint\\E\\.(\\Qid\\E|\\Qtest_column\\E),\\Qtest.test_1_bigserial\\E\\.(\\Qid\\E|\\Qtest_column\\E),\\Qtest.test_1_bit\\E\\.(\\Qid\\E|\\Qtest_column\\E),\\Qtest.test_2_bit\\E\\.(\\Qid\\E|\\Qtest_column\\E),\\Qtest.test_1_bit_varying\\E\\.(\\Qid\\E|\\Qtest_column\\E),\\Qtest.test_2_bit_varying\\E\\.(\\Qid\\E|\\Qtest_column\\E),\\Qtest.test_1_bool\\E\\.(\\Qid\\E|\\Qtest_column\\E),\\Qtest.test_1_boolean\\E\\.(\\Qid\\E|\\Qtest_column\\E),\\Qtest.test_1_box\\E\\.(\\Qid\\E|\\Qtest_column\\E),\\Qtest.test_1_bytea\\E\\.(\\Qid\\E|\\Qtest_column\\E),\\Qtest.test_1_char\\E\\.(\\Qid\\E|\\Qtest_column\\E),\\Qtest.test_2_char\\E\\.(\\Qid\\E|\\Qtest_column\\E),\\Qtest.test_1_character\\E\\.(\\Qid\\E|\\Qtest_column\\E),\\Qtest.test_2_character\\E\\.(\\Qid\\E|\\Qtest_column\\E),\\Qtest.test_1_text\\E\\.(\\Qid\\E|\\Qtest_column\\E),\\Qtest.test_1_varchar\\E\\.(\\Qid\\E|\\Qtest_column\\E),\\Qtest.test_2_varchar\\E\\.(\\Qid\\E|\\Qtest_column\\E),\\Qtest.test_1_cidr\\E\\.(\\Qid\\E|\\Qtest_column\\E),\\Qtest.test_1_circle\\E\\.(\\Qid\\E|\\Qtest_column\\E),\\Qtest.test_1_date\\E\\.(\\Qid\\E|\\Qtest_column\\E),\\Qtest.test_2_date\\E\\.(\\Qid\\E|\\Qtest_column\\E),\\Qtest.test_3_date\\E\\.(\\Qid\\E|\\Qtest_column\\E),\\Qtest.test_1_float\\E\\.(\\Qid\\E|\\Qtest_column\\E),\\Qtest.test_1_double_precision\\E\\.(\\Qid\\E|\\Qtest_column\\E),\\Qtest.test_1_float8\\E\\.(\\Qid\\E|\\Qtest_column\\E),\\Qtest.test_1_inet\\E\\.(\\Qid\\E|\\Qtest_column\\E),\\Qtest.test_1_int4\\E\\.(\\Qid\\E|\\Qtest_column\\E),\\Qtest.test_1_int\\E\\.(\\Qid\\E|\\Qtest_column\\E),\\Qtest.test_1_integer\\E\\.(\\Qid\\E|\\Qtest_column\\E),\\Qtest.test_1_interval\\E\\.(\\Qid\\E|\\Qtest_column\\E),\\Qtest.test_1_json\\E\\.(\\Qid\\E|\\Qtest_column\\E),\\Qtest.test_1_jsonb\\E\\.(\\Qid\\E|\\Qtest_column\\E),\\Qtest.test_1_line\\E\\.(\\Qid\\E|\\Qtest_column\\E),\\Qtest.test_1_lseg\\E\\.(\\Qid\\E|\\Qtest_column\\E),\\Qtest.test_1_macaddr\\E\\.(\\Qid\\E|\\Qtest_column\\E),\\Qtest.test_1_macaddr8\\E\\.(\\Qid\\E|\\Qtest_column\\E),\\Qtest.test_1_numeric\\E\\.(\\Qid\\E|\\Qtest_column\\E),\\Qtest.test_2_numeric\\E\\.(\\Qid\\E|\\Qtest_column\\E),\\Qtest.test_3_numeric\\E\\.(\\Qid\\E|\\Qtest_column\\E),\\Qtest.test_4_numeric\\E\\.(\\Qid\\E|\\Qtest_column\\E),\\Qtest.test_1_decimal\\E\\.(\\Qid\\E|\\Qtest_column\\E),\\Qtest.test_5_numeric\\E\\.(\\Qid\\E|\\Qtest_column\\E),\\Qtest.test_1_path\\E\\.(\\Qid\\E|\\Qtest_column\\E),\\Qtest.test_1_pg_lsn\\E\\.(\\Qid\\E|\\Qtest_column\\E),\\Qtest.test_1_point\\E\\.(\\Qid\\E|\\Qtest_column\\E),\\Qtest.test_1_polygon\\E\\.(\\Qid\\E|\\Qtest_column\\E),\\Qtest.test_1_float4\\E\\.(\\Qid\\E|\\Qtest_column\\E),\\Qtest.test_1_real\\E\\.(\\Qid\\E|\\Qtest_column\\E),\\Qtest.test_1_int2\\E\\.(\\Qid\\E|\\Qtest_column\\E),\\Qtest.test_1_smallint\\E\\.(\\Qid\\E|\\Qtest_column\\E),\\Qtest.test_1_serial2\\E\\.(\\Qid\\E|\\Qtest_column\\E),\\Qtest.test_1_smallserial\\E\\.(\\Qid\\E|\\Qtest_column\\E),\\Qtest.test_1_serial4\\E\\.(\\Qid\\E|\\Qtest_column\\E),\\Qtest.test_1_serial\\E\\.(\\Qid\\E|\\Qtest_column\\E),\\Qtest.test_1_time\\E\\.(\\Qid\\E|\\Qtest_column\\E),\\Qtest.test_2_time\\E\\.(\\Qid\\E|\\Qtest_column\\E),\\Qtest.test_3_time\\E\\.(\\Qid\\E|\\Qtest_column\\E),\\Qtest.test_4_time\\E\\.(\\Qid\\E|\\Qtest_column\\E),\\Qtest.test_5_time\\E\\.(\\Qid\\E|\\Qtest_column\\E),\\Qtest.test_1_timestamp\\E\\.(\\Qid\\E|\\Qtest_column\\E),\\Qtest.test_2_timestamp\\E\\.(\\Qid\\E|\\Qtest_column\\E),\\Qtest.test_3_timestamp\\E\\.(\\Qid\\E|\\Qtest_column\\E),\\Qtest.test_4_timestamp\\E\\.(\\Qid\\E|\\Qtest_column\\E),\\Qtest.test_5_timestamp\\E\\.(\\Qid\\E|\\Qtest_column\\E),\\Qtest.test_6_timestamp\\E\\.(\\Qid\\E|\\Qtest_column\\E),\\Qtest.test_7_timestamp\\E\\.(\\Qid\\E|\\Qtest_column\\E),\\Qtest.test_8_timestamp\\E\\.(\\Qid\\E|\\Qtest_column\\E),\\Qtest.test_1_timestamptz\\E\\.(\\Qid\\E|\\Qtest_column\\E),\\Qtest.test_2_timestamptz\\E\\.(\\Qid\\E|\\Qtest_column\\E),\\Qtest.test_1_tsquery\\E\\.(\\Qid\\E|\\Qtest_column\\E),\\Qtest.test_1_tsvector\\E\\.(\\Qid\\E|\\Qtest_column\\E),\\Qtest.test_1_uuid\\E\\.(\\Qid\\E|\\Qtest_column\\E),\\Qtest.test_1_xml\\E\\.(\\Qid\\E|\\Qtest_column\\E),\\Qtest.test_1_mood\\E\\.(\\Qid\\E|\\Qtest_column\\E),\\Qtest.test_1_tsrange\\E\\.(\\Qid\\E|\\Qtest_column\\E),\\Qtest.test_1_inventory_item\\E\\.(\\Qid\\E|\\Qtest_column\\E),\\Qtest.test_1_hstore\\E\\.(\\Qid\\E|\\Qtest_column\\E),\\Qtest.test_1_timetz\\E\\.(\\Qid\\E|\\Qtest_column\\E),\\Qtest.test_2_timetz\\E\\.(\\Qid\\E|\\Qtest_column\\E),\\Qtest.test_1_int2_array\\E\\.(\\Qid\\E|\\Qtest_column\\E),\\Qtest.test_1_int4_array\\E\\.(\\Qid\\E|\\Qtest_column\\E),\\Qtest.test_1_int8_array\\E\\.(\\Qid\\E|\\Qtest_column\\E),\\Qtest.test_1_oid_array\\E\\.(\\Qid\\E|\\Qtest_column\\E),\\Qtest.test_1_varchar_array\\E\\.(\\Qid\\E|\\Qtest_column\\E),\\Qtest.test_1_char_array\\E\\.(\\Qid\\E|\\Qtest_column\\E),\\Qtest.test_1_bpchar_array\\E\\.(\\Qid\\E|\\Qtest_column\\E),\\Qtest.test_1_text_array\\E\\.(\\Qid\\E|\\Qtest_column\\E),\\Qtest.test_1_name_array\\E\\.(\\Qid\\E|\\Qtest_column\\E),\\Qtest.test_1_decimal_array\\E\\.(\\Qid\\E|\\Qtest_column\\E),\\Qtest.test_2_decimal_array\\E\\.(\\Qid\\E|\\Qtest_column\\E),\\Qtest.test_3_decimal_array\\E\\.(\\Qid\\E|\\Qtest_column\\E),\\Qtest.test_1_numeric_array\\E\\.(\\Qid\\E|\\Qtest_column\\E),\\Qtest.test_2_numeric_array\\E\\.(\\Qid\\E|\\Qtest_column\\E),\\Qtest.test_3_numeric_array\\E\\.(\\Qid\\E|\\Qtest_column\\E),\\Qtest.test_1_float4_array\\E\\.(\\Qid\\E|\\Qtest_column\\E),\\Qtest.test_1_float8_array\\E\\.(\\Qid\\E|\\Qtest_column\\E),\\Qtest.test_1_money_array\\E\\.(\\Qid\\E|\\Qtest_column\\E),\\Qtest.test_1_bool_array\\E\\.(\\Qid\\E|\\Qtest_column\\E),\\Qtest.test_1_bit_array\\E\\.(\\Qid\\E|\\Qtest_column\\E),\\Qtest.test_1_bytea_array\\E\\.(\\Qid\\E|\\Qtest_column\\E),\\Qtest.test_1_date_array\\E\\.(\\Qid\\E|\\Qtest_column\\E),\\Qtest.test_1_time_array\\E\\.(\\Qid\\E|\\Qtest_column\\E),\\Qtest.test_1_timetz_array\\E\\.(\\Qid\\E|\\Qtest_column\\E),\\Qtest.test_1_timestamptz_array\\E\\.(\\Qid\\E|\\Qtest_column\\E),\\Qtest.test_1_timestamp_array\\E\\.(\\Qid\\E|\\Qtest_column\\E),\\Qtest.test_1_money\\E\\.(\\Qid\\E|\\Qtest_column\\E)"}}
{"type":"LOG","log":{"level":"INFO","message":"INFO i.a.w.i.DefaultAirbyteStreamFactory(internalLog):159 INFO i.d.c.c.BaseSourceTask(lambda$start$0):126    plugin.name = pgoutput"}}
{"type":"LOG","log":{"level":"INFO","message":"INFO i.a.w.i.DefaultAirbyteStreamFactory(internalLog):159 INFO i.d.c.c.BaseSourceTask(lambda$start$0):126    database.port = 5432"}}
{"type":"LOG","log":{"level":"INFO","message":"INFO i.a.w.i.DefaultAirbyteStreamFactory(internalLog):159 INFO i.d.c.c.BaseSourceTask(lambda$start$0):126    offset.flush.interval.ms = 1000"}}
{"type":"LOG","log":{"level":"INFO","message":"INFO i.a.w.i.DefaultAirbyteStreamFactory(internalLog):159 INFO i.d.c.c.BaseSourceTask(lambda$start$0):126    key.converter.schemas.enable = false"}}
{"type":"LOG","log":{"level":"INFO","message":"INFO i.a.w.i.DefaultAirbyteStreamFactory(internalLog):159 INFO i.d.c.c.BaseSourceTask(lambda$start$0):126    include.unknown.datatypes = true"}}
{"type":"LOG","log":{"level":"INFO","message":"INFO i.a.w.i.DefaultAirbyteStreamFactory(internalLog):159 INFO i.d.c.c.BaseSourceTask(lambda$start$0):126    errors.max.retries = 10"}}
{"type":"LOG","log":{"level":"INFO","message":"INFO i.a.w.i.DefaultAirbyteStreamFactory(internalLog):159 INFO i.d.c.c.BaseSourceTask(lambda$start$0):126    database.hostname = 172.17.0.8"}}
{"type":"LOG","log":{"level":"INFO","message":"INFO i.a.w.i.DefaultAirbyteStreamFactory(internalLog):159 INFO i.d.c.c.BaseSourceTask(lambda$start$0):126    database.password = ********"}}
{"type":"LOG","log":{"level":"INFO","message":"INFO i.a.w.i.DefaultAirbyteStreamFactory(internalLog):159 INFO i.d.c.c.BaseSourceTask(lambda$start$0):126    value.converter.schemas.enable = false"}}
{"type":"LOG","log":{"level":"INFO","message":"INFO i.a.w.i.DefaultAirbyteStreamFactory(internalLog):159 INFO i.d.c.c.BaseSourceTask(lambda$start$0):126    name = test"}}
{"type":"LOG","log":{"level":"INFO","message":"INFO i.a.w.i.DefaultAirbyteStreamFactory(internalLog):159 INFO i.d.c.c.BaseSourceTask(lambda$start$0):126    max.batch.size = 2048"}}
{"type":"LOG","log":{"level":"INFO","message":"INFO i.a.w.i.DefaultAirbyteStreamFactory(internalLog):159 INFO i.d.c.c.BaseSourceTask(lambda$start$0):126    table.include.list = \\Qtest.test_1_bigint\\E,\\Qtest.test_1_bigserial\\E,\\Qtest.test_1_bit\\E,\\Qtest.test_2_bit\\E,\\Qtest.test_1_bit_varying\\E,\\Qtest.test_2_bit_varying\\E,\\Qtest.test_1_bool\\E,\\Qtest.test_1_boolean\\E,\\Qtest.test_1_box\\E,\\Qtest.test_1_bytea\\E,\\Qtest.test_1_char\\E,\\Qtest.test_2_char\\E,\\Qtest.test_1_character\\E,\\Qtest.test_2_character\\E,\\Qtest.test_1_text\\E,\\Qtest.test_1_varchar\\E,\\Qtest.test_2_varchar\\E,\\Qtest.test_1_cidr\\E,\\Qtest.test_1_circle\\E,\\Qtest.test_1_date\\E,\\Qtest.test_2_date\\E,\\Qtest.test_3_date\\E,\\Qtest.test_1_float\\E,\\Qtest.test_1_double_precision\\E,\\Qtest.test_1_float8\\E,\\Qtest.test_1_inet\\E,\\Qtest.test_1_int4\\E,\\Qtest.test_1_int\\E,\\Qtest.test_1_integer\\E,\\Qtest.test_1_interval\\E,\\Qtest.test_1_json\\E,\\Qtest.test_1_jsonb\\E,\\Qtest.test_1_line\\E,\\Qtest.test_1_lseg\\E,\\Qtest.test_1_macaddr\\E,\\Qtest.test_1_macaddr8\\E,\\Qtest.test_1_numeric\\E,\\Qtest.test_2_numeric\\E,\\Qtest.test_3_numeric\\E,\\Qtest.test_4_numeric\\E,\\Qtest.test_1_decimal\\E,\\Qtest.test_5_numeric\\E,\\Qtest.test_1_path\\E,\\Qtest.test_1_pg_lsn\\E,\\Qtest.test_1_point\\E,\\Qtest.test_1_polygon\\E,\\Qtest.test_1_float4\\E,\\Qtest.test_1_real\\E,\\Qtest.test_1_int2\\E,\\Qtest.test_1_smallint\\E,\\Qtest.test_1_serial2\\E,\\Qtest.test_1_smallserial\\E,\\Qtest.test_1_serial4\\E,\\Qtest.test_1_serial\\E,\\Qtest.test_1_time\\E,\\Qtest.test_2_time\\E,\\Qtest.test_3_time\\E,\\Qtest.test_4_time\\E,\\Qtest.test_5_time\\E,\\Qtest.test_1_timestamp\\E,\\Qtest.test_2_timestamp\\E,\\Qtest.test_3_timestamp\\E,\\Qtest.test_4_timestamp\\E,\\Qtest.test_5_timestamp\\E,\\Qtest.test_6_timestamp\\E,\\Qtest.test_7_timestamp\\E,\\Qtest.test_8_timestamp\\E,\\Qtest.test_1_timestamptz\\E,\\Qtest.test_2_timestamptz\\E,\\Qtest.test_1_tsquery\\E,\\Qtest.test_1_tsvector\\E,\\Qtest.test_1_uuid\\E,\\Qtest.test_1_xml\\E,\\Qtest.test_1_mood\\E,\\Qtest.test_1_tsrange\\E,\\Qtest.test_1_inventory_item\\E,\\Qtest.test_1_hstore\\E,\\Qtest.test_1_timetz\\E,\\Qtest.test_2_timetz\\E,\\Qtest.test_1_int2_array\\E,\\Qtest.test_1_int4_array\\E,\\Qtest.test_1_int8_array\\E,\\Qtest.test_1_oid_array\\E,\\Qtest.test_1_varchar_array\\E,\\Qtest.test_1_char_array\\E,\\Qtest.test_1_bpchar_array\\E,\\Qtest.test_1_text_array\\E,\\Qtest.test_1_name_array\\E,\\Qtest.test_1_decimal_array\\E,\\Qtest.test_2_decimal_array\\E,\\Qtest.test_3_decimal_array\\E,\\Qtest.test_1_numeric_array\\E,\\Qtest.test_2_numeric_array\\E,\\Qtest.test_3_numeric_array\\E,\\Qtest.test_1_float4_array\\E,\\Qtest.test_1_float8_array\\E,\\Qtest.test_1_money_array\\E,\\Qtest.test_1_bool_array\\E,\\Qtest.test_1_bit_array\\E,\\Qtest.test_1_bytea_array\\E,\\Qtest.test_1_date_array\\E,\\Qtest.test_1_time_array\\E,\\Qtest.test_1_timetz_array\\E,\\Qtest.test_1_timestamptz_array\\E,\\Qtest.test_1_timestamp_array\\E,\\Qtest.test_1_money\\E"}}
{"type":"LOG","log":{"level":"INFO","message":"INFO i.a.w.i.DefaultAirbyteStreamFactory(internalLog):159 INFO i.d.c.c.BaseSourceTask(lambda$start$0):126    snapshot.mode = initial_only"}}
{"type":"LOG","log":{"level":"INFO","message":"INFO i.a.w.i.DefaultAirbyteStreamFactory(internalLog):159 INFO i.d.e.EmbeddedEngine(run):944 Stopping the task and engine"}}
{"type":"LOG","log":{"level":"INFO","message":"INFO i.a.w.i.DefaultAirbyteStreamFactory(internalLog):159 INFO i.d.c.c.BaseSourceTask(stop):278 Stopping down connector"}}
{"type":"LOG","log":{"level":"INFO","message":"INFO i.a.w.i.DefaultAirbyteStreamFactory(internalLog):159 INFO o.a.k.c.s.FileOffsetBackingStore(stop):66 Stopped FileOffsetBackingStore"}}
{"type":"LOG","log":{"level":"INFO","message":"INFO i.a.w.i.DefaultAirbyteStreamFactory(internalLog):159 INFO i.a.i.d.i.DebeziumRecordPublisher(lambda$start$1):73 Debezium engine shutdown."}}
{"type":"LOG","log":{"level":"INFO","message":"INFO i.a.w.i.DefaultAirbyteStreamFactory(internalLog):159 INFO i.a.i.d.i.DebeziumRecordPublisher(lambda$start$1):74 Connector 'io.debezium.connector.postgresql.PostgresConnector' completed normally."}}
{"type":"LOG","log":{"level":"INFO","message":"INFO i.a.w.i.DefaultAirbyteStreamFactory(internalLog):159 INFO i.a.i.d.i.DebeziumRecordIterator(computeNext):107 no record found. polling again."}}
{"type":"LOG","log":{"level":"INFO","message":"INFO i.a.w.i.DefaultAirbyteStreamFactory(internalLog):159 INFO i.a.i.s.p.PostgresCdcStateHandler(saveState):37 debezium state: {}"}}
{"type":"LOG","log":{"level":"INFO","message":"INFO i.a.w.i.DefaultAirbyteStreamFactory(internalLog):159 INFO i.a.i.s.r.s.LegacyStateManager(toState):99 Generated legacy state for 106 streams"}}
{"type":"LOG","log":{"level":"WARN","message":"WARN c.n.s.JsonMetaSchema(newValidator):278 Unknown keyword existingJavaType - you should define your own Meta Schema. If the keyword is irrelevant for validation, just use a NonValidationKeyword"}}
{"type":"LOG","log":{"level":"INFO","message":"INFO i.a.w.i.DefaultAirbyteStreamFactory(internalLog):159 INFO i.a.i.s.r.AbstractDbSource(lambda$read$1):173 Closing database connection pool."}}
{"type":"LOG","log":{"level":"INFO","message":"INFO i.a.w.i.DefaultAirbyteStreamFactory(internalLog):159 INFO c.z.h.HikariDataSource(close):350 HikariPool-1 - Shutdown initiated..."}}
{"type":"LOG","log":{"level":"INFO","message":"INFO i.a.w.i.DefaultAirbyteStreamFactory(internalLog):159 INFO c.z.h.HikariDataSource(close):352 HikariPool-1 - Shutdown completed."}}
{"type":"LOG","log":{"level":"INFO","message":"INFO i.a.w.i.DefaultAirbyteStreamFactory(internalLog):159 INFO i.a.i.s.r.AbstractDbSource(lambda$read$1):175 Closed database connection pool."}}
{"type":"LOG","log":{"level":"INFO","message":"INFO i.a.w.i.DefaultAirbyteStreamFactory(internalLog):159 INFO i.a.i.b.IntegrationRunner(runInternal):186 Completed integration: io.airbyte.integrations.base.ssh.SshWrappedSource"}}
{"type":"LOG","log":{"level":"INFO","message":"INFO i.a.w.i.DefaultAirbyteStreamFactory(internalLog):159 INFO i.a.i.s.p.PostgresSource(main):509 completed source: class io.airbyte.integrations.source.postgres.PostgresSource"}}
{"type":"LOG","log":{"level":"INFO","message":"INFO o.t.c.GenericContainer(tryStart):376 Creating container for image: postgres:14-alpine"}}
{"type":"LOG","log":{"level":"INFO","message":"INFO o.t.c.GenericContainer(tryStart):440 Container postgres:14-alpine is starting: 499165affc9b138577d969f772f411bbf183a0e888025f9ab929fb2a8fd36e57"}}
{"type":"LOG","log":{"level":"INFO","message":"INFO o.t.c.GenericContainer(tryStart):520 Container postgres:14-alpine started in PT41.728443S"}}
{"type":"LOG","log":{"level":"INFO","message":"INFO c.z.h.HikariDataSource(<init>):80 HikariPool-2 - Starting..."}}
{"type":"LOG","log":{"level":"INFO","message":"INFO c.z.h.HikariDataSource(<init>):82 HikariPool-2 - Start completed."}}
{"type":"LOG","log":{"level":"INFO","message":"INFO i.a.i.s.s.TestEnvConfigs(getEnvOrDefault):119 Using default value for environment variable WORKER_ENVIRONMENT: 'DOCKER'"}}
{"type":"LOG","log":{"level":"INFO","message":"INFO i.a.i.s.s.TestEnvConfigs(getEnvOrDefault):119 Using default value for environment variable DEPLOYMENT_MODE: 'OSS'"}}
{"type":"LOG","log":{"level":"INFO","message":"INFO i.a.c.i.LineGobbler(voidCall):114 Checking if airbyte/source-postgres:dev exists..."}}
{"type":"LOG","log":{"level":"INFO","message":"INFO i.a.c.i.LineGobbler(voidCall):114 airbyte/source-postgres:dev was found locally."}}
{"type":"LOG","log":{"level":"INFO","message":"INFO i.a.w.p.DockerProcessFactory(create):126 Creating docker container = source-postgres-discover-0-0-dleye with resources null and allowedHosts null"}}
{"type":"LOG","log":{"level":"INFO","message":"INFO i.a.w.p.DockerProcessFactory(create):171 Preparing command: docker run --rm --init -i -w /data/job --log-driver none --name source-postgres-discover-0-0-dleye --network host -v /tmp/airbyte_tests/test8829226327711184517:/data -v /tmp/airbyte_tests/output3556117832736508302:/local -e DEPLOYMENT_MODE=OSS -e USE_STREAM_CAPABLE_STATE=false -e FIELD_SELECTION_WORKSPACES= -e WORKER_ENVIRONMENT=DOCKER -e AIRBYTE_ROLE= -e APPLY_FIELD_SELECTION=false -e WORKER_CONNECTOR_IMAGE=airbyte/source-postgres:dev -e WORKER_JOB_ATTEMPT=0 -e AUTO_DETECT_SCHEMA=true -e AIRBYTE_VERSION= -e WORKER_JOB_ID=0 airbyte/source-postgres:dev discover --config source_config.json"}}
{"type":"LOG","log":{"level":"INFO","message":"INFO i.a.w.i.DefaultAirbyteStreamFactory(internalLog):159 INFO i.a.i.s.p.PostgresSource(main):507 starting source: class io.airbyte.integrations.source.postgres.PostgresSource"}}
{"type":"LOG","log":{"level":"INFO","message":"INFO i.a.w.i.DefaultAirbyteStreamFactory(internalLog):159 INFO i.a.i.b.IntegrationCliParser(parseOptions):126 integration args: {discover=null, config=source_config.json}"}}
{"type":"LOG","log":{"level":"INFO","message":"INFO i.a.w.i.DefaultAirbyteStreamFactory(internalLog):159 INFO i.a.i.b.IntegrationRunner(runInternal):108 Running integration: io.airbyte.integrations.base.ssh.SshWrappedSource"}}
{"type":"LOG","log":{"level":"INFO","message":"INFO i.a.w.i.DefaultAirbyteStreamFactory(internalLog):159 INFO i.a.i.b.IntegrationRunner(runInternal):109 Command: DISCOVER"}}
{"type":"LOG","log":{"level":"INFO","message":"INFO i.a.w.i.DefaultAirbyteStreamFactory(internalLog):159 INFO i.a.i.b.IntegrationRunner(runInternal):110 Integration config: IntegrationConfig{command=DISCOVER, configPath='source_config.json', catalogPath='null', statePath='null'}"}}
{"type":"LOG","log":{"level":"WARN","message":"WARN i.a.w.i.DefaultAirbyteStreamFactory(internalLog):156 WARN c.n.s.JsonMetaSchema(newValidator):278 Unknown keyword groups - you should define your own Meta Schema. If the keyword is irrelevant for validation, just use a NonValidationKeyword"}}
{"type":"LOG","log":{"level":"WARN","message":"WARN i.a.w.i.DefaultAirbyteStreamFactory(internalLog):156 WARN c.n.s.JsonMetaSchema(newValidator):278 Unknown keyword order - you should define your own Meta Schema. If the keyword is irrelevant for validation, just use a NonValidationKeyword"}}
{"type":"LOG","log":{"level":"WARN","message":"WARN i.a.w.i.DefaultAirbyteStreamFactory(internalLog):156 WARN c.n.s.JsonMetaSchema(newValidator):278 Unknown keyword group - you should define your own Meta Schema. If the keyword is irrelevant for validation, just use a NonValidationKeyword"}}
{"type":"LOG","log":{"level":"WARN","message":"WARN i.a.w.i.DefaultAirbyteStreamFactory(internalLog):156 WARN c.n.s.JsonMetaSchema(newValidator):278 Unknown keyword airbyte_secret - you should define your own Meta Schema. If the keyword is irrelevant for validation, just use a NonValidationKeyword"}}
{"type":"LOG","log":{"level":"WARN","message":"WARN i.a.w.i.DefaultAirbyteStreamFactory(internalLog):156 WARN c.n.s.JsonMetaSchema(newValidator):278 Unknown keyword always_show - you should define your own Meta Schema. If the keyword is irrelevant for validation, just use a NonValidationKeyword"}}
{"type":"LOG","log":{"level":"WARN","message":"WARN i.a.w.i.DefaultAirbyteStreamFactory(internalLog):156 WARN c.n.s.JsonMetaSchema(newValidator):278 Unknown keyword min - you should define your own Meta Schema. If the keyword is irrelevant for validation, just use a NonValidationKeyword"}}
{"type":"LOG","log":{"level":"WARN","message":"WARN i.a.w.i.DefaultAirbyteStreamFactory(internalLog):156 WARN c.n.s.JsonMetaSchema(newValidator):278 Unknown keyword max - you should define your own Meta Schema. If the keyword is irrelevant for validation, just use a NonValidationKeyword"}}
{"type":"LOG","log":{"level":"INFO","message":"INFO i.a.w.i.DefaultAirbyteStreamFactory(internalLog):159 INFO i.a.i.b.s.SshTunnel(getInstance):204 Starting connection with method: NO_TUNNEL"}}
{"type":"LOG","log":{"level":"INFO","message":"INFO i.a.w.i.DefaultAirbyteStreamFactory(internalLog):159 INFO c.z.h.HikariDataSource(<init>):80 HikariPool-1 - Starting..."}}
{"type":"LOG","log":{"level":"INFO","message":"INFO i.a.w.i.DefaultAirbyteStreamFactory(internalLog):159 INFO c.z.h.HikariDataSource(<init>):82 HikariPool-1 - Start completed."}}
{"type":"LOG","log":{"level":"INFO","message":"INFO i.a.w.i.DefaultAirbyteStreamFactory(internalLog):159 INFO c.z.h.HikariDataSource(close):350 HikariPool-1 - Shutdown initiated..."}}
{"type":"LOG","log":{"level":"INFO","message":"INFO i.a.w.i.DefaultAirbyteStreamFactory(internalLog):159 INFO c.z.h.HikariDataSource(close):352 HikariPool-1 - Shutdown completed."}}
{"type":"LOG","log":{"level":"ERROR","message":"ERROR i.a.w.i.DefaultAirbyteStreamFactory(internalLog):155 ERROR i.a.i.b.AirbyteExceptionHandler(uncaughtException):26 Something went wrong in the connector. See the logs for more details. io.airbyte.commons.exceptions.ConnectionErrorException: java.sql.SQLTransientConnectionException: HikariPool-1 - Connection is not available, request timed out after 10482ms.\n\tat io.airbyte.db.jdbc.DefaultJdbcDatabase.getMetaData(DefaultJdbcDatabase.java:84) ~[io.airbyte.airbyte-db-db-lib-0.44.4.jar:?]\n\tat io.airbyte.integrations.source.jdbc.AbstractJdbcSource.createDatabase(AbstractJdbcSource.java:434) ~[io.airbyte.airbyte-integrations.connectors-source-jdbc-0.44.4.jar:?]\n\tat io.airbyte.integrations.source.postgres.PostgresSource.createDatabase(PostgresSource.java:257) ~[io.airbyte.airbyte-integrations.connectors-source-postgres-0.44.4.jar:?]\n\tat io.airbyte.integrations.source.postgres.PostgresSource.createDatabase(PostgresSource.java:96) ~[io.airbyte.airbyte-integrations.connectors-source-postgres-0.44.4.jar:?]\n\tat io.airbyte.integrations.source.relationaldb.AbstractDbSource.discover(AbstractDbSource.java:114) ~[io.airbyte.airbyte-integrations.connectors-source-relational-db-0.44.4.jar:?]\n\tat io.airbyte.integrations.source.postgres.PostgresSource.discover(PostgresSource.java:236) ~[io.airbyte.airbyte-integrations.connectors-source-postgres-0.44.4.jar:?]\n\tat io.airbyte.integrations.base.ssh.SshTunnel.sshWrap(SshTunnel.java:270) ~[io.airbyte.airbyte-integrations.bases-base-java-0.44.4.jar:?]\n\tat io.airbyte.integrations.base.ssh.SshWrappedSource.discover(SshWrappedSource.java:65) ~[io.airbyte.airbyte-integrations.bases-base-java-0.44.4.jar:?]\n\tat io.airbyte.integrations.base.IntegrationRunner.runInternal(IntegrationRunner.java:132) ~[io.airbyte.airbyte-integrations.bases-base-java-0.44.4.jar:?]\n\tat io.airbyte.integrations.base.IntegrationRunner.run(IntegrationRunner.java:101) ~[io.airbyte.airbyte-integrations.bases-base-java-0.44.4.jar:?]\n\tat io.airbyte.integrations.source.postgres.PostgresSource.main(PostgresSource.java:508) ~[io.airbyte.airbyte-integrations.connectors-source-postgres-0.44.4.jar:?]\nCaused by: java.sql.SQLTransientConnectionException: HikariPool-1 - Connection is not available, request timed out after 10482ms.\n\tat com.zaxxer.hikari.pool.HikariPool.createTimeoutException(HikariPool.java:696) ~[HikariCP-5.0.1.jar:?]\n\tat com.zaxxer.hikari.pool.HikariPool.getConnection(HikariPool.java:181) ~[HikariCP-5.0.1.jar:?]\n\tat com.zaxxer.hikari.pool.HikariPool.getConnection(HikariPool.java:146) ~[HikariCP-5.0.1.jar:?]\n\tat com.zaxxer.hikari.HikariDataSource.getConnection(HikariDataSource.java:100) ~[HikariCP-5.0.1.jar:?]\n\tat io.airbyte.db.jdbc.DefaultJdbcDatabase.getMetaData(DefaultJdbcDatabase.java:78) ~[io.airbyte.airbyte-db-db-lib-0.44.4.jar:?]\n\t... 10 more\n\nStack Trace: io.airbyte.commons.exceptions.ConnectionErrorException: java.sql.SQLTransientConnectionException: HikariPool-1 - Connection is not available, request timed out after 10482ms.\n\tat io.airbyte.db.jdbc.DefaultJdbcDatabase.getMetaData(DefaultJdbcDatabase.java:84)\n\tat io.airbyte.integrations.source.jdbc.AbstractJdbcSource.createDatabase(AbstractJdbcSource.java:434)\n\tat io.airbyte.integrations.source.postgres.PostgresSource.createDatabase(PostgresSource.java:257)\n\tat io.airbyte.integrations.source.postgres.PostgresSource.createDatabase(PostgresSource.java:96)\n\tat io.airbyte.integrations.source.relationaldb.AbstractDbSource.discover(AbstractDbSource.java:114)\n\tat io.airbyte.integrations.source.postgres.PostgresSource.discover(PostgresSource.java:236)\n\tat io.airbyte.integrations.base.ssh.SshTunnel.sshWrap(SshTunnel.java:270)\n\tat io.airbyte.integrations.base.ssh.SshWrappedSource.discover(SshWrappedSource.java:65)\n\tat io.airbyte.integrations.base.IntegrationRunner.runInternal(IntegrationRunner.java:132)\n\tat io.airbyte.integrations.base.IntegrationRunner.run(IntegrationRunner.java:101)\n\tat io.airbyte.integrations.source.postgres.PostgresSource.main(PostgresSource.java:508)\nCaused by: java.sql.SQLTransientConnectionException: HikariPool-1 - Connection is not available, request timed out after 10482ms.\n\tat com.zaxxer.hikari.pool.HikariPool.createTimeoutException(HikariPool.java:696)\n\tat com.zaxxer.hikari.pool.HikariPool.getConnection(HikariPool.java:181)\n\tat com.zaxxer.hikari.pool.HikariPool.getConnection(HikariPool.java:146)\n\tat com.zaxxer.hikari.HikariDataSource.getConnection(HikariDataSource.java:100)\n\tat io.airbyte.db.jdbc.DefaultJdbcDatabase.getMetaData(DefaultJdbcDatabase.java:78)\n\t... 10 more\n"}}
{"type":"LOG","log":{"level":"WARN","message":"WARN i.a.w.g.DefaultDiscoverCatalogTestHarness(run):99 Discover job subprocess finished with exit codee 1"}}
]]></system-out>
  <system-err><![CDATA[]]></system-err>
</testsuite>
