<?xml version="1.0" encoding="UTF-8"?>
<testsuite name="io.airbyte.integrations.io.airbyte.integration_tests.sources.PostgresSourceAcceptanceTest" tests="10" skipped="0" failures="0" errors="0" timestamp="2023-05-20T14:41:04" hostname="MacBook-Pro-3" time="231.736">
  <properties/>
  <testcase name="testIdenticalFullRefreshes()" classname="io.airbyte.integrations.io.airbyte.integration_tests.sources.PostgresSourceAcceptanceTest" time="35.062"/>
  <testcase name="testEntrypointEnvVar()" classname="io.airbyte.integrations.io.airbyte.integration_tests.sources.PostgresSourceAcceptanceTest" time="33.296"/>
  <testcase name="testIncrementalSyncWithState()" classname="io.airbyte.integrations.io.airbyte.integration_tests.sources.PostgresSourceAcceptanceTest" time="40.979"/>
  <testcase name="testEmptyStateIncrementalIdenticalToFullRefresh()" classname="io.airbyte.integrations.io.airbyte.integration_tests.sources.PostgresSourceAcceptanceTest" time="22.248"/>
  <testcase name="testGetSpec()" classname="io.airbyte.integrations.io.airbyte.integration_tests.sources.PostgresSourceAcceptanceTest" time="12.279"/>
  <testcase name="testFullRefreshRead()" classname="io.airbyte.integrations.io.airbyte.integration_tests.sources.PostgresSourceAcceptanceTest" time="13.835"/>
  <testcase name="testCheckConnection()" classname="io.airbyte.integrations.io.airbyte.integration_tests.sources.PostgresSourceAcceptanceTest" time="16.158"/>
  <testcase name="testDiscover()" classname="io.airbyte.integrations.io.airbyte.integration_tests.sources.PostgresSourceAcceptanceTest" time="20.415"/>
  <testcase name="testDiscoverWithRevokingSchemaPermissions()" classname="io.airbyte.integrations.io.airbyte.integration_tests.sources.PostgresSourceAcceptanceTest" time="15.797"/>
  <testcase name="testFullRefreshWithRevokingSchemaPermissions()" classname="io.airbyte.integrations.io.airbyte.integration_tests.sources.PostgresSourceAcceptanceTest" time="21.647"/>
  <system-out><![CDATA[{"type":"LOG","log":{"level":"INFO","message":"INFO o.t.c.GenericContainer(tryStart):376 Creating container for image: postgres:13-alpine"}}
{"type":"LOG","log":{"level":"INFO","message":"INFO o.t.c.GenericContainer(tryStart):440 Container postgres:13-alpine is starting: b7b0ec913c3dd87a797c62b2e17773386420dee7ae37bbf57c3287fbc97ac20b"}}
{"type":"LOG","log":{"level":"INFO","message":"INFO o.t.c.GenericContainer(tryStart):520 Container postgres:13-alpine started in PT11.323573S"}}
{"type":"LOG","log":{"level":"INFO","message":"INFO c.z.h.HikariDataSource(<init>):80 HikariPool-9 - Starting..."}}
{"type":"LOG","log":{"level":"INFO","message":"INFO c.z.h.HikariDataSource(<init>):82 HikariPool-9 - Start completed."}}
{"type":"LOG","log":{"level":"INFO","message":"INFO i.a.i.s.s.TestEnvConfigs(getEnvOrDefault):119 Using default value for environment variable WORKER_ENVIRONMENT: 'DOCKER'"}}
{"type":"LOG","log":{"level":"INFO","message":"INFO i.a.i.s.s.TestEnvConfigs(getEnvOrDefault):119 Using default value for environment variable DEPLOYMENT_MODE: 'OSS'"}}
{"type":"LOG","log":{"level":"INFO","message":"INFO i.a.c.i.LineGobbler(voidCall):114 Checking if airbyte/source-postgres:dev exists..."}}
{"type":"LOG","log":{"level":"INFO","message":"INFO i.a.c.i.LineGobbler(voidCall):114 airbyte/source-postgres:dev was found locally."}}
{"type":"LOG","log":{"level":"INFO","message":"INFO i.a.w.p.DockerProcessFactory(create):126 Creating docker container = source-postgres-read-0-0-ijval with resources null and allowedHosts null"}}
{"type":"LOG","log":{"level":"INFO","message":"INFO i.a.w.p.DockerProcessFactory(create):171 Preparing command: docker run --rm --init -i -w /data/job --log-driver none --name source-postgres-read-0-0-ijval --network host -v /tmp/airbyte_tests/test12796671348840149354:/data -v /tmp/airbyte_tests/output7422027618997415047:/local -e DEPLOYMENT_MODE=OSS -e USE_STREAM_CAPABLE_STATE=true -e FIELD_SELECTION_WORKSPACES= -e WORKER_ENVIRONMENT=DOCKER -e AIRBYTE_ROLE= -e APPLY_FIELD_SELECTION=false -e WORKER_CONNECTOR_IMAGE=airbyte/source-postgres:dev -e WORKER_JOB_ATTEMPT=0 -e AUTO_DETECT_SCHEMA=true -e AIRBYTE_VERSION= -e WORKER_JOB_ID=0 airbyte/source-postgres:dev read --config source_config.json --catalog source_catalog.json"}}
{"type":"LOG","log":{"level":"INFO","message":"INFO i.a.w.i.DefaultAirbyteStreamFactory(internalLog):159 INFO i.a.i.s.p.PostgresSource(main):507 starting source: class io.airbyte.integrations.source.postgres.PostgresSource"}}
{"type":"LOG","log":{"level":"INFO","message":"INFO i.a.w.i.DefaultAirbyteStreamFactory(internalLog):159 INFO i.a.i.b.IntegrationCliParser(parseOptions):126 integration args: {read=null, catalog=source_catalog.json, config=source_config.json}"}}
{"type":"LOG","log":{"level":"INFO","message":"INFO i.a.w.i.DefaultAirbyteStreamFactory(internalLog):159 INFO i.a.i.b.IntegrationRunner(runInternal):108 Running integration: io.airbyte.integrations.base.ssh.SshWrappedSource"}}
{"type":"LOG","log":{"level":"INFO","message":"INFO i.a.w.i.DefaultAirbyteStreamFactory(internalLog):159 INFO i.a.i.b.IntegrationRunner(runInternal):109 Command: READ"}}
{"type":"LOG","log":{"level":"INFO","message":"INFO i.a.w.i.DefaultAirbyteStreamFactory(internalLog):159 INFO i.a.i.b.IntegrationRunner(runInternal):110 Integration config: IntegrationConfig{command=READ, configPath='source_config.json', catalogPath='source_catalog.json', statePath='null'}"}}
{"type":"LOG","log":{"level":"WARN","message":"WARN i.a.w.i.DefaultAirbyteStreamFactory(internalLog):156 WARN c.n.s.JsonMetaSchema(newValidator):278 Unknown keyword groups - you should define your own Meta Schema. If the keyword is irrelevant for validation, just use a NonValidationKeyword"}}
{"type":"LOG","log":{"level":"WARN","message":"WARN i.a.w.i.DefaultAirbyteStreamFactory(internalLog):156 WARN c.n.s.JsonMetaSchema(newValidator):278 Unknown keyword order - you should define your own Meta Schema. If the keyword is irrelevant for validation, just use a NonValidationKeyword"}}
{"type":"LOG","log":{"level":"WARN","message":"WARN i.a.w.i.DefaultAirbyteStreamFactory(internalLog):156 WARN c.n.s.JsonMetaSchema(newValidator):278 Unknown keyword group - you should define your own Meta Schema. If the keyword is irrelevant for validation, just use a NonValidationKeyword"}}
{"type":"LOG","log":{"level":"WARN","message":"WARN i.a.w.i.DefaultAirbyteStreamFactory(internalLog):156 WARN c.n.s.JsonMetaSchema(newValidator):278 Unknown keyword airbyte_secret - you should define your own Meta Schema. If the keyword is irrelevant for validation, just use a NonValidationKeyword"}}
{"type":"LOG","log":{"level":"WARN","message":"WARN i.a.w.i.DefaultAirbyteStreamFactory(internalLog):156 WARN c.n.s.JsonMetaSchema(newValidator):278 Unknown keyword always_show - you should define your own Meta Schema. If the keyword is irrelevant for validation, just use a NonValidationKeyword"}}
{"type":"LOG","log":{"level":"INFO","message":"INFO i.a.w.i.DefaultAirbyteStreamFactory(internalLog):159 INFO i.a.i.b.s.SshTunnel(getInstance):204 Starting connection with method: NO_TUNNEL"}}
{"type":"LOG","log":{"level":"INFO","message":"INFO i.a.w.i.DefaultAirbyteStreamFactory(internalLog):159 INFO i.a.i.s.p.PostgresUtils(isCdc):53 using CDC: false"}}
{"type":"LOG","log":{"level":"INFO","message":"INFO i.a.w.i.DefaultAirbyteStreamFactory(internalLog):159 INFO i.a.i.s.r.s.StateManagerFactory(createStateManager):55 Stream state manager selected to manage state object with type STREAM."}}
{"type":"LOG","log":{"level":"INFO","message":"INFO i.a.w.i.DefaultAirbyteStreamFactory(internalLog):159 INFO i.a.i.s.r.s.CursorManager(createCursorInfoForStream):182 No cursor field set in catalog but not present in state. Stream: public_testview, New Cursor Field: id. Resetting cursor value"}}
{"type":"LOG","log":{"level":"INFO","message":"INFO i.a.w.i.DefaultAirbyteStreamFactory(internalLog):159 INFO i.a.i.s.r.s.CursorManager(createCursorInfoForStream):182 No cursor field set in catalog but not present in state. Stream: public_id_and_name, New Cursor Field: id. Resetting cursor value"}}
{"type":"LOG","log":{"level":"INFO","message":"INFO i.a.w.i.DefaultAirbyteStreamFactory(internalLog):159 INFO i.a.i.s.r.s.CursorManager(createCursorInfoForStream):182 No cursor field set in catalog but not present in state. Stream: public_starships, New Cursor Field: id. Resetting cursor value"}}
{"type":"LOG","log":{"level":"INFO","message":"INFO i.a.w.i.DefaultAirbyteStreamFactory(internalLog):159 INFO c.z.h.HikariDataSource(<init>):80 HikariPool-1 - Starting..."}}
{"type":"LOG","log":{"level":"INFO","message":"INFO i.a.w.i.DefaultAirbyteStreamFactory(internalLog):159 INFO c.z.h.HikariDataSource(<init>):82 HikariPool-1 - Start completed."}}
{"type":"LOG","log":{"level":"INFO","message":"INFO i.a.w.i.DefaultAirbyteStreamFactory(internalLog):159 INFO i.a.i.s.p.PostgresUtils(isCdc):53 using CDC: false"}}
{"type":"LOG","log":{"level":"INFO","message":"INFO i.a.w.i.DefaultAirbyteStreamFactory(internalLog):159 INFO i.a.i.s.j.AbstractJdbcSource(logPreSyncDebugData):450 Data source product recognized as PostgreSQL:13.11"}}
{"type":"LOG","log":{"level":"INFO","message":"INFO i.a.w.i.DefaultAirbyteStreamFactory(internalLog):159 INFO i.a.i.s.p.PostgresSource(logPreSyncDebugData):221 Discovering indexes for schema \"public\", table \"id_and_name\""}}
{"type":"LOG","log":{"level":"INFO","message":"INFO i.a.w.i.DefaultAirbyteStreamFactory(internalLog):159 INFO i.a.i.s.p.PostgresSource(logPreSyncDebugData):221 Discovering indexes for schema \"public\", table \"starships\""}}
{"type":"LOG","log":{"level":"INFO","message":"INFO i.a.w.i.DefaultAirbyteStreamFactory(internalLog):159 INFO i.a.i.s.p.PostgresSource(logPreSyncDebugData):221 Discovering indexes for schema \"public\", table \"testview\""}}
{"type":"LOG","log":{"level":"INFO","message":"INFO i.a.w.i.DefaultAirbyteStreamFactory(internalLog):159 INFO i.a.i.s.p.PostgresQueryUtils(logXminStatus):77 Xmin Status : {Number of wraparounds: 0, Xmin Transaction Value: 492, Xmin Raw Value: 492"}}
{"type":"LOG","log":{"level":"INFO","message":"INFO i.a.w.i.DefaultAirbyteStreamFactory(internalLog):159 INFO i.a.i.s.j.AbstractJdbcSource(discoverInternal):166 Internal schemas to exclude: [catalog_history, information_schema, pg_catalog, pg_internal]"}}
{"type":"LOG","log":{"level":"INFO","message":"INFO i.a.w.i.DefaultAirbyteStreamFactory(internalLog):159 INFO i.a.d.j.s.AdaptiveStreamingQueryConfig(initialize):31 Set initial fetch size: 10 rows"}}
{"type":"LOG","log":{"level":"WARN","message":"WARN i.a.w.i.DefaultAirbyteStreamFactory(internalLog):156 WARN i.a.i.s.r.DbSourceDiscoverUtil(logSourceSchemaChange):82 Source schema changed for table public.id_and_name! Potential mismatches: [id]. Actual schema: {\"type\":\"object\",\"properties\":{\"name\":{\"type\":\"string\"},\"id\":{\"type\":\"number\",\"airbyte_type\":\"integer\"}}}. Catalog schema: {\"type\":\"object\",\"properties\":{\"name\":{\"type\":\"string\"},\"id\":{\"type\":\"number\"}}}"}}
{"type":"LOG","log":{"level":"WARN","message":"WARN i.a.w.i.DefaultAirbyteStreamFactory(internalLog):156 WARN i.a.i.s.r.DbSourceDiscoverUtil(logSourceSchemaChange):82 Source schema changed for table public.starships! Potential mismatches: [id]. Actual schema: {\"type\":\"object\",\"properties\":{\"name\":{\"type\":\"string\"},\"id\":{\"type\":\"number\",\"airbyte_type\":\"integer\"}}}. Catalog schema: {\"type\":\"object\",\"properties\":{\"name\":{\"type\":\"string\"},\"id\":{\"type\":\"number\"}}}"}}
{"type":"LOG","log":{"level":"WARN","message":"WARN i.a.w.i.DefaultAirbyteStreamFactory(internalLog):156 WARN i.a.i.s.r.DbSourceDiscoverUtil(logSourceSchemaChange):82 Source schema changed for table public.testview! Potential mismatches: [id]. Actual schema: {\"type\":\"object\",\"properties\":{\"name\":{\"type\":\"string\"},\"id\":{\"type\":\"number\",\"airbyte_type\":\"integer\"}}}. Catalog schema: {\"type\":\"object\",\"properties\":{\"name\":{\"type\":\"string\"},\"id\":{\"type\":\"number\"}}}"}}
{"type":"LOG","log":{"level":"INFO","message":"INFO i.a.w.i.DefaultAirbyteStreamFactory(internalLog):159 INFO i.a.i.s.p.PostgresUtils(isCdc):53 using CDC: false"}}
{"type":"LOG","log":{"level":"INFO","message":"INFO i.a.w.i.DefaultAirbyteStreamFactory(internalLog):159 INFO i.a.i.s.j.AbstractJdbcSource(queryTableFullRefresh):112 Queueing query for table: id_and_name"}}
{"type":"LOG","log":{"level":"INFO","message":"INFO i.a.w.i.DefaultAirbyteStreamFactory(internalLog):159 INFO i.a.i.s.j.AbstractJdbcSource(queryTableFullRefresh):112 Queueing query for table: starships"}}
{"type":"LOG","log":{"level":"INFO","message":"INFO i.a.w.i.DefaultAirbyteStreamFactory(internalLog):159 INFO i.a.i.s.j.AbstractJdbcSource(queryTableFullRefresh):112 Queueing query for table: testview"}}
{"type":"LOG","log":{"level":"INFO","message":"INFO i.a.w.i.DefaultAirbyteStreamFactory(internalLog):159 INFO i.a.i.s.r.RelationalDbQueryUtils(lambda$queryTable$0):73 Queueing query: SELECT \"id\",\"name\" FROM \"public\".\"id_and_name\""}}
{"type":"LOG","log":{"level":"INFO","message":"INFO i.a.w.i.DefaultAirbyteStreamFactory(internalLog):159 INFO i.a.d.j.s.AdaptiveStreamingQueryConfig(initialize):31 Set initial fetch size: 10 rows"}}
{"type":"LOG","log":{"level":"INFO","message":"INFO i.a.w.i.DefaultAirbyteStreamFactory(internalLog):159 INFO i.a.c.u.CompositeIterator(lambda$emitStartStreamStatus$1):155 STARTING -> public_id_and_name"}}
{"type":"LOG","log":{"level":"INFO","message":"INFO i.a.w.i.DefaultAirbyteStreamFactory(internalLog):159 INFO i.a.c.u.CompositeIterator(lambda$emitRunningStreamStatus$0):148 RUNNING -> public_id_and_name"}}
{"type":"LOG","log":{"level":"INFO","message":"INFO i.a.w.i.DefaultAirbyteStreamFactory(internalLog):159 INFO i.a.c.u.CompositeIterator(lambda$emitCompleteStreamStatus$2):162 COMPLETE -> public_id_and_name"}}
{"type":"LOG","log":{"level":"INFO","message":"INFO i.a.w.i.DefaultAirbyteStreamFactory(internalLog):159 INFO i.a.c.u.CompositeIterator(lambda$emitStartStreamStatus$1):155 STARTING -> public_starships"}}
{"type":"LOG","log":{"level":"INFO","message":"INFO i.a.w.i.DefaultAirbyteStreamFactory(internalLog):159 INFO i.a.i.s.r.RelationalDbQueryUtils(lambda$queryTable$0):73 Queueing query: SELECT \"id\",\"name\" FROM \"public\".\"starships\""}}
{"type":"LOG","log":{"level":"INFO","message":"INFO i.a.w.i.DefaultAirbyteStreamFactory(internalLog):159 INFO i.a.d.j.s.AdaptiveStreamingQueryConfig(initialize):31 Set initial fetch size: 10 rows"}}
{"type":"LOG","log":{"level":"INFO","message":"INFO i.a.w.i.DefaultAirbyteStreamFactory(internalLog):159 INFO i.a.c.u.CompositeIterator(lambda$emitRunningStreamStatus$0):148 RUNNING -> public_starships"}}
{"type":"LOG","log":{"level":"INFO","message":"INFO i.a.w.i.DefaultAirbyteStreamFactory(internalLog):159 INFO i.a.c.u.CompositeIterator(lambda$emitCompleteStreamStatus$2):162 COMPLETE -> public_starships"}}
{"type":"LOG","log":{"level":"INFO","message":"INFO i.a.w.i.DefaultAirbyteStreamFactory(internalLog):159 INFO i.a.c.u.CompositeIterator(lambda$emitStartStreamStatus$1):155 STARTING -> public_testview"}}
{"type":"LOG","log":{"level":"INFO","message":"INFO i.a.w.i.DefaultAirbyteStreamFactory(internalLog):159 INFO i.a.i.s.r.RelationalDbQueryUtils(lambda$queryTable$0):73 Queueing query: SELECT \"id\",\"name\" FROM \"public\".\"testview\""}}
{"type":"LOG","log":{"level":"INFO","message":"INFO i.a.w.i.DefaultAirbyteStreamFactory(internalLog):159 INFO i.a.d.j.s.AdaptiveStreamingQueryConfig(initialize):31 Set initial fetch size: 10 rows"}}
{"type":"LOG","log":{"level":"INFO","message":"INFO i.a.w.i.DefaultAirbyteStreamFactory(internalLog):159 INFO i.a.c.u.CompositeIterator(lambda$emitRunningStreamStatus$0):148 RUNNING -> public_testview"}}
{"type":"LOG","log":{"level":"INFO","message":"INFO i.a.w.i.DefaultAirbyteStreamFactory(internalLog):159 INFO i.a.c.u.CompositeIterator(lambda$emitCompleteStreamStatus$2):162 COMPLETE -> public_testview"}}
{"type":"LOG","log":{"level":"INFO","message":"INFO i.a.w.i.DefaultAirbyteStreamFactory(internalLog):159 INFO i.a.i.s.r.AbstractDbSource(lambda$read$1):173 Closing database connection pool."}}
{"type":"LOG","log":{"level":"INFO","message":"INFO i.a.w.i.DefaultAirbyteStreamFactory(internalLog):159 INFO c.z.h.HikariDataSource(close):350 HikariPool-1 - Shutdown initiated..."}}
{"type":"LOG","log":{"level":"INFO","message":"INFO i.a.w.i.DefaultAirbyteStreamFactory(internalLog):159 INFO c.z.h.HikariDataSource(close):352 HikariPool-1 - Shutdown completed."}}
{"type":"LOG","log":{"level":"INFO","message":"INFO i.a.w.i.DefaultAirbyteStreamFactory(internalLog):159 INFO i.a.i.s.r.AbstractDbSource(lambda$read$1):175 Closed database connection pool."}}
{"type":"LOG","log":{"level":"INFO","message":"INFO i.a.w.i.DefaultAirbyteStreamFactory(internalLog):159 INFO i.a.i.b.IntegrationRunner(runInternal):186 Completed integration: io.airbyte.integrations.base.ssh.SshWrappedSource"}}
{"type":"LOG","log":{"level":"INFO","message":"INFO i.a.w.i.DefaultAirbyteStreamFactory(internalLog):159 INFO i.a.i.s.p.PostgresSource(main):509 completed source: class io.airbyte.integrations.source.postgres.PostgresSource"}}
{"type":"LOG","log":{"level":"INFO","message":"INFO i.a.c.i.LineGobbler(voidCall):114 Checking if airbyte/source-postgres:dev exists..."}}
{"type":"LOG","log":{"level":"INFO","message":"INFO i.a.c.i.LineGobbler(voidCall):114 airbyte/source-postgres:dev was found locally."}}
{"type":"LOG","log":{"level":"INFO","message":"INFO i.a.w.p.DockerProcessFactory(create):126 Creating docker container = source-postgres-read-0-0-iecaj with resources null and allowedHosts null"}}
{"type":"LOG","log":{"level":"INFO","message":"INFO i.a.w.p.DockerProcessFactory(create):171 Preparing command: docker run --rm --init -i -w /data/job --log-driver none --name source-postgres-read-0-0-iecaj --network host -v /tmp/airbyte_tests/test12796671348840149354:/data -v /tmp/airbyte_tests/output7422027618997415047:/local -e DEPLOYMENT_MODE=OSS -e USE_STREAM_CAPABLE_STATE=true -e FIELD_SELECTION_WORKSPACES= -e WORKER_ENVIRONMENT=DOCKER -e AIRBYTE_ROLE= -e APPLY_FIELD_SELECTION=false -e WORKER_CONNECTOR_IMAGE=airbyte/source-postgres:dev -e WORKER_JOB_ATTEMPT=0 -e AUTO_DETECT_SCHEMA=true -e AIRBYTE_VERSION= -e WORKER_JOB_ID=0 airbyte/source-postgres:dev read --config source_config.json --catalog source_catalog.json"}}
{"type":"LOG","log":{"level":"INFO","message":"INFO i.a.w.i.DefaultAirbyteStreamFactory(internalLog):159 INFO i.a.i.s.p.PostgresSource(main):507 starting source: class io.airbyte.integrations.source.postgres.PostgresSource"}}
{"type":"LOG","log":{"level":"INFO","message":"INFO i.a.w.i.DefaultAirbyteStreamFactory(internalLog):159 INFO i.a.i.b.IntegrationCliParser(parseOptions):126 integration args: {read=null, catalog=source_catalog.json, config=source_config.json}"}}
{"type":"LOG","log":{"level":"INFO","message":"INFO i.a.w.i.DefaultAirbyteStreamFactory(internalLog):159 INFO i.a.i.b.IntegrationRunner(runInternal):108 Running integration: io.airbyte.integrations.base.ssh.SshWrappedSource"}}
{"type":"LOG","log":{"level":"INFO","message":"INFO i.a.w.i.DefaultAirbyteStreamFactory(internalLog):159 INFO i.a.i.b.IntegrationRunner(runInternal):109 Command: READ"}}
{"type":"LOG","log":{"level":"INFO","message":"INFO i.a.w.i.DefaultAirbyteStreamFactory(internalLog):159 INFO i.a.i.b.IntegrationRunner(runInternal):110 Integration config: IntegrationConfig{command=READ, configPath='source_config.json', catalogPath='source_catalog.json', statePath='null'}"}}
{"type":"LOG","log":{"level":"WARN","message":"WARN i.a.w.i.DefaultAirbyteStreamFactory(internalLog):156 WARN c.n.s.JsonMetaSchema(newValidator):278 Unknown keyword groups - you should define your own Meta Schema. If the keyword is irrelevant for validation, just use a NonValidationKeyword"}}
{"type":"LOG","log":{"level":"WARN","message":"WARN i.a.w.i.DefaultAirbyteStreamFactory(internalLog):156 WARN c.n.s.JsonMetaSchema(newValidator):278 Unknown keyword order - you should define your own Meta Schema. If the keyword is irrelevant for validation, just use a NonValidationKeyword"}}
{"type":"LOG","log":{"level":"WARN","message":"WARN i.a.w.i.DefaultAirbyteStreamFactory(internalLog):156 WARN c.n.s.JsonMetaSchema(newValidator):278 Unknown keyword group - you should define your own Meta Schema. If the keyword is irrelevant for validation, just use a NonValidationKeyword"}}
{"type":"LOG","log":{"level":"WARN","message":"WARN i.a.w.i.DefaultAirbyteStreamFactory(internalLog):156 WARN c.n.s.JsonMetaSchema(newValidator):278 Unknown keyword airbyte_secret - you should define your own Meta Schema. If the keyword is irrelevant for validation, just use a NonValidationKeyword"}}
{"type":"LOG","log":{"level":"WARN","message":"WARN i.a.w.i.DefaultAirbyteStreamFactory(internalLog):156 WARN c.n.s.JsonMetaSchema(newValidator):278 Unknown keyword always_show - you should define your own Meta Schema. If the keyword is irrelevant for validation, just use a NonValidationKeyword"}}
{"type":"LOG","log":{"level":"INFO","message":"INFO i.a.w.i.DefaultAirbyteStreamFactory(internalLog):159 INFO i.a.i.b.s.SshTunnel(getInstance):204 Starting connection with method: NO_TUNNEL"}}
{"type":"LOG","log":{"level":"INFO","message":"INFO i.a.w.i.DefaultAirbyteStreamFactory(internalLog):159 INFO i.a.i.s.p.PostgresUtils(isCdc):53 using CDC: false"}}
{"type":"LOG","log":{"level":"INFO","message":"INFO i.a.w.i.DefaultAirbyteStreamFactory(internalLog):159 INFO i.a.i.s.r.s.StateManagerFactory(createStateManager):55 Stream state manager selected to manage state object with type STREAM."}}
{"type":"LOG","log":{"level":"INFO","message":"INFO i.a.w.i.DefaultAirbyteStreamFactory(internalLog):159 INFO i.a.i.s.r.s.CursorManager(createCursorInfoForStream):182 No cursor field set in catalog but not present in state. Stream: public_testview, New Cursor Field: id. Resetting cursor value"}}
{"type":"LOG","log":{"level":"INFO","message":"INFO i.a.w.i.DefaultAirbyteStreamFactory(internalLog):159 INFO i.a.i.s.r.s.CursorManager(createCursorInfoForStream):182 No cursor field set in catalog but not present in state. Stream: public_id_and_name, New Cursor Field: id. Resetting cursor value"}}
{"type":"LOG","log":{"level":"INFO","message":"INFO i.a.w.i.DefaultAirbyteStreamFactory(internalLog):159 INFO i.a.i.s.r.s.CursorManager(createCursorInfoForStream):182 No cursor field set in catalog but not present in state. Stream: public_starships, New Cursor Field: id. Resetting cursor value"}}
{"type":"LOG","log":{"level":"INFO","message":"INFO i.a.w.i.DefaultAirbyteStreamFactory(internalLog):159 INFO c.z.h.HikariDataSource(<init>):80 HikariPool-1 - Starting..."}}
{"type":"LOG","log":{"level":"INFO","message":"INFO i.a.w.i.DefaultAirbyteStreamFactory(internalLog):159 INFO c.z.h.HikariDataSource(<init>):82 HikariPool-1 - Start completed."}}
{"type":"LOG","log":{"level":"INFO","message":"INFO i.a.w.i.DefaultAirbyteStreamFactory(internalLog):159 INFO i.a.i.s.p.PostgresUtils(isCdc):53 using CDC: false"}}
{"type":"LOG","log":{"level":"INFO","message":"INFO i.a.w.i.DefaultAirbyteStreamFactory(internalLog):159 INFO i.a.i.s.j.AbstractJdbcSource(logPreSyncDebugData):450 Data source product recognized as PostgreSQL:13.11"}}
{"type":"LOG","log":{"level":"INFO","message":"INFO i.a.w.i.DefaultAirbyteStreamFactory(internalLog):159 INFO i.a.i.s.p.PostgresSource(logPreSyncDebugData):221 Discovering indexes for schema \"public\", table \"id_and_name\""}}
{"type":"LOG","log":{"level":"INFO","message":"INFO i.a.w.i.DefaultAirbyteStreamFactory(internalLog):159 INFO i.a.i.s.p.PostgresSource(logPreSyncDebugData):221 Discovering indexes for schema \"public\", table \"starships\""}}
{"type":"LOG","log":{"level":"INFO","message":"INFO i.a.w.i.DefaultAirbyteStreamFactory(internalLog):159 INFO i.a.i.s.p.PostgresSource(logPreSyncDebugData):221 Discovering indexes for schema \"public\", table \"testview\""}}
{"type":"LOG","log":{"level":"INFO","message":"INFO i.a.w.i.DefaultAirbyteStreamFactory(internalLog):159 INFO i.a.i.s.p.PostgresQueryUtils(logXminStatus):77 Xmin Status : {Number of wraparounds: 0, Xmin Transaction Value: 492, Xmin Raw Value: 492"}}
{"type":"LOG","log":{"level":"INFO","message":"INFO i.a.w.i.DefaultAirbyteStreamFactory(internalLog):159 INFO i.a.i.s.j.AbstractJdbcSource(discoverInternal):166 Internal schemas to exclude: [catalog_history, information_schema, pg_catalog, pg_internal]"}}
{"type":"LOG","log":{"level":"INFO","message":"INFO i.a.w.i.DefaultAirbyteStreamFactory(internalLog):159 INFO i.a.d.j.s.AdaptiveStreamingQueryConfig(initialize):31 Set initial fetch size: 10 rows"}}
{"type":"LOG","log":{"level":"WARN","message":"WARN i.a.w.i.DefaultAirbyteStreamFactory(internalLog):156 WARN i.a.i.s.r.DbSourceDiscoverUtil(logSourceSchemaChange):82 Source schema changed for table public.id_and_name! Potential mismatches: [id]. Actual schema: {\"type\":\"object\",\"properties\":{\"name\":{\"type\":\"string\"},\"id\":{\"type\":\"number\",\"airbyte_type\":\"integer\"}}}. Catalog schema: {\"type\":\"object\",\"properties\":{\"name\":{\"type\":\"string\"},\"id\":{\"type\":\"number\"}}}"}}
{"type":"LOG","log":{"level":"WARN","message":"WARN i.a.w.i.DefaultAirbyteStreamFactory(internalLog):156 WARN i.a.i.s.r.DbSourceDiscoverUtil(logSourceSchemaChange):82 Source schema changed for table public.starships! Potential mismatches: [id]. Actual schema: {\"type\":\"object\",\"properties\":{\"name\":{\"type\":\"string\"},\"id\":{\"type\":\"number\",\"airbyte_type\":\"integer\"}}}. Catalog schema: {\"type\":\"object\",\"properties\":{\"name\":{\"type\":\"string\"},\"id\":{\"type\":\"number\"}}}"}}
{"type":"LOG","log":{"level":"WARN","message":"WARN i.a.w.i.DefaultAirbyteStreamFactory(internalLog):156 WARN i.a.i.s.r.DbSourceDiscoverUtil(logSourceSchemaChange):82 Source schema changed for table public.testview! Potential mismatches: [id]. Actual schema: {\"type\":\"object\",\"properties\":{\"name\":{\"type\":\"string\"},\"id\":{\"type\":\"number\",\"airbyte_type\":\"integer\"}}}. Catalog schema: {\"type\":\"object\",\"properties\":{\"name\":{\"type\":\"string\"},\"id\":{\"type\":\"number\"}}}"}}
{"type":"LOG","log":{"level":"INFO","message":"INFO i.a.w.i.DefaultAirbyteStreamFactory(internalLog):159 INFO i.a.i.s.p.PostgresUtils(isCdc):53 using CDC: false"}}
{"type":"LOG","log":{"level":"INFO","message":"INFO i.a.w.i.DefaultAirbyteStreamFactory(internalLog):159 INFO i.a.i.s.j.AbstractJdbcSource(queryTableFullRefresh):112 Queueing query for table: id_and_name"}}
{"type":"LOG","log":{"level":"INFO","message":"INFO i.a.w.i.DefaultAirbyteStreamFactory(internalLog):159 INFO i.a.i.s.j.AbstractJdbcSource(queryTableFullRefresh):112 Queueing query for table: starships"}}
{"type":"LOG","log":{"level":"INFO","message":"INFO i.a.w.i.DefaultAirbyteStreamFactory(internalLog):159 INFO i.a.i.s.j.AbstractJdbcSource(queryTableFullRefresh):112 Queueing query for table: testview"}}
{"type":"LOG","log":{"level":"INFO","message":"INFO i.a.w.i.DefaultAirbyteStreamFactory(internalLog):159 INFO i.a.i.s.r.RelationalDbQueryUtils(lambda$queryTable$0):73 Queueing query: SELECT \"id\",\"name\" FROM \"public\".\"id_and_name\""}}
{"type":"LOG","log":{"level":"INFO","message":"INFO i.a.w.i.DefaultAirbyteStreamFactory(internalLog):159 INFO i.a.d.j.s.AdaptiveStreamingQueryConfig(initialize):31 Set initial fetch size: 10 rows"}}
{"type":"LOG","log":{"level":"INFO","message":"INFO i.a.w.i.DefaultAirbyteStreamFactory(internalLog):159 INFO i.a.c.u.CompositeIterator(lambda$emitStartStreamStatus$1):155 STARTING -> public_id_and_name"}}
{"type":"LOG","log":{"level":"INFO","message":"INFO i.a.w.i.DefaultAirbyteStreamFactory(internalLog):159 INFO i.a.c.u.CompositeIterator(lambda$emitRunningStreamStatus$0):148 RUNNING -> public_id_and_name"}}
{"type":"LOG","log":{"level":"INFO","message":"INFO i.a.w.i.DefaultAirbyteStreamFactory(internalLog):159 INFO i.a.c.u.CompositeIterator(lambda$emitCompleteStreamStatus$2):162 COMPLETE -> public_id_and_name"}}
{"type":"LOG","log":{"level":"INFO","message":"INFO i.a.w.i.DefaultAirbyteStreamFactory(internalLog):159 INFO i.a.c.u.CompositeIterator(lambda$emitStartStreamStatus$1):155 STARTING -> public_starships"}}
{"type":"LOG","log":{"level":"INFO","message":"INFO i.a.w.i.DefaultAirbyteStreamFactory(internalLog):159 INFO i.a.i.s.r.RelationalDbQueryUtils(lambda$queryTable$0):73 Queueing query: SELECT \"id\",\"name\" FROM \"public\".\"starships\""}}
{"type":"LOG","log":{"level":"INFO","message":"INFO i.a.w.i.DefaultAirbyteStreamFactory(internalLog):159 INFO i.a.d.j.s.AdaptiveStreamingQueryConfig(initialize):31 Set initial fetch size: 10 rows"}}
{"type":"LOG","log":{"level":"INFO","message":"INFO i.a.w.i.DefaultAirbyteStreamFactory(internalLog):159 INFO i.a.c.u.CompositeIterator(lambda$emitRunningStreamStatus$0):148 RUNNING -> public_starships"}}
{"type":"LOG","log":{"level":"INFO","message":"INFO i.a.w.i.DefaultAirbyteStreamFactory(internalLog):159 INFO i.a.c.u.CompositeIterator(lambda$emitCompleteStreamStatus$2):162 COMPLETE -> public_starships"}}
{"type":"LOG","log":{"level":"INFO","message":"INFO i.a.w.i.DefaultAirbyteStreamFactory(internalLog):159 INFO i.a.c.u.CompositeIterator(lambda$emitStartStreamStatus$1):155 STARTING -> public_testview"}}
{"type":"LOG","log":{"level":"INFO","message":"INFO i.a.w.i.DefaultAirbyteStreamFactory(internalLog):159 INFO i.a.i.s.r.RelationalDbQueryUtils(lambda$queryTable$0):73 Queueing query: SELECT \"id\",\"name\" FROM \"public\".\"testview\""}}
{"type":"LOG","log":{"level":"INFO","message":"INFO i.a.w.i.DefaultAirbyteStreamFactory(internalLog):159 INFO i.a.d.j.s.AdaptiveStreamingQueryConfig(initialize):31 Set initial fetch size: 10 rows"}}
{"type":"LOG","log":{"level":"INFO","message":"INFO i.a.w.i.DefaultAirbyteStreamFactory(internalLog):159 INFO i.a.c.u.CompositeIterator(lambda$emitRunningStreamStatus$0):148 RUNNING -> public_testview"}}
{"type":"LOG","log":{"level":"INFO","message":"INFO i.a.w.i.DefaultAirbyteStreamFactory(internalLog):159 INFO i.a.c.u.CompositeIterator(lambda$emitCompleteStreamStatus$2):162 COMPLETE -> public_testview"}}
{"type":"LOG","log":{"level":"INFO","message":"INFO i.a.w.i.DefaultAirbyteStreamFactory(internalLog):159 INFO i.a.i.s.r.AbstractDbSource(lambda$read$1):173 Closing database connection pool."}}
{"type":"LOG","log":{"level":"INFO","message":"INFO i.a.w.i.DefaultAirbyteStreamFactory(internalLog):159 INFO c.z.h.HikariDataSource(close):350 HikariPool-1 - Shutdown initiated..."}}
{"type":"LOG","log":{"level":"INFO","message":"INFO i.a.w.i.DefaultAirbyteStreamFactory(internalLog):159 INFO c.z.h.HikariDataSource(close):352 HikariPool-1 - Shutdown completed."}}
{"type":"LOG","log":{"level":"INFO","message":"INFO i.a.w.i.DefaultAirbyteStreamFactory(internalLog):159 INFO i.a.i.s.r.AbstractDbSource(lambda$read$1):175 Closed database connection pool."}}
{"type":"LOG","log":{"level":"INFO","message":"INFO i.a.w.i.DefaultAirbyteStreamFactory(internalLog):159 INFO i.a.i.b.IntegrationRunner(runInternal):186 Completed integration: io.airbyte.integrations.base.ssh.SshWrappedSource"}}
{"type":"LOG","log":{"level":"INFO","message":"INFO i.a.w.i.DefaultAirbyteStreamFactory(internalLog):159 INFO i.a.i.s.p.PostgresSource(main):509 completed source: class io.airbyte.integrations.source.postgres.PostgresSource"}}
{"type":"LOG","log":{"level":"INFO","message":"INFO o.t.c.GenericContainer(tryStart):376 Creating container for image: postgres:13-alpine"}}
{"type":"LOG","log":{"level":"INFO","message":"INFO o.t.c.GenericContainer(tryStart):440 Container postgres:13-alpine is starting: bd6ff42ef8380150e01af13da80de0ab6563c7dd9a5aaca9a38d699620a99fe5"}}
{"type":"LOG","log":{"level":"INFO","message":"INFO o.t.c.GenericContainer(tryStart):520 Container postgres:13-alpine started in PT26.766966S"}}
{"type":"LOG","log":{"level":"INFO","message":"INFO c.z.h.HikariDataSource(<init>):80 HikariPool-10 - Starting..."}}
{"type":"LOG","log":{"level":"INFO","message":"INFO c.z.h.HikariDataSource(<init>):82 HikariPool-10 - Start completed."}}
{"type":"LOG","log":{"level":"INFO","message":"INFO i.a.i.s.s.TestEnvConfigs(getEnvOrDefault):119 Using default value for environment variable WORKER_ENVIRONMENT: 'DOCKER'"}}
{"type":"LOG","log":{"level":"INFO","message":"INFO i.a.i.s.s.TestEnvConfigs(getEnvOrDefault):119 Using default value for environment variable DEPLOYMENT_MODE: 'OSS'"}}
{"type":"LOG","log":{"level":"INFO","message":"INFO i.a.c.i.LineGobbler(voidCall):114 Checking if airbyte/source-postgres:dev exists..."}}
{"type":"LOG","log":{"level":"INFO","message":"INFO i.a.c.i.LineGobbler(voidCall):114 airbyte/source-postgres:dev was found locally."}}
{"type":"LOG","log":{"level":"INFO","message":"INFO i.a.w.p.DockerProcessFactory(create):126 Creating docker container = source-postgres-entrypoint-checker-0-0-okbfh with resources null and allowedHosts null"}}
{"type":"LOG","log":{"level":"INFO","message":"INFO i.a.w.p.DockerProcessFactory(create):171 Preparing command: docker run --rm --init -i -w /data/job --log-driver none --name source-postgres-entrypoint-checker-0-0-okbfh --network host -v /tmp/airbyte_tests/test6166988016326093094:/data -v /tmp/airbyte_tests/output16381823404947526649:/local -e DEPLOYMENT_MODE=OSS -e WORKER_ENVIRONMENT=DOCKER -e AIRBYTE_ROLE= -e AIRBYTE_VERSION= --entrypoint printenv airbyte/source-postgres:dev"}}
{"type":"LOG","log":{"level":"INFO","message":"INFO o.t.c.GenericContainer(tryStart):376 Creating container for image: postgres:13-alpine"}}
{"type":"LOG","log":{"level":"INFO","message":"INFO o.t.c.GenericContainer(tryStart):440 Container postgres:13-alpine is starting: 09bb310d5c9a80b50282b2eb2b09183df7064d03d38fdd596cbe2ca5a2acbef2"}}
{"type":"LOG","log":{"level":"INFO","message":"INFO o.t.c.GenericContainer(tryStart):520 Container postgres:13-alpine started in PT22.670025S"}}
{"type":"LOG","log":{"level":"INFO","message":"INFO c.z.h.HikariDataSource(<init>):80 HikariPool-11 - Starting..."}}
{"type":"LOG","log":{"level":"INFO","message":"INFO c.z.h.HikariDataSource(<init>):82 HikariPool-11 - Start completed."}}
{"type":"LOG","log":{"level":"INFO","message":"INFO i.a.i.s.s.TestEnvConfigs(getEnvOrDefault):119 Using default value for environment variable WORKER_ENVIRONMENT: 'DOCKER'"}}
{"type":"LOG","log":{"level":"INFO","message":"INFO i.a.i.s.s.TestEnvConfigs(getEnvOrDefault):119 Using default value for environment variable DEPLOYMENT_MODE: 'OSS'"}}
{"type":"LOG","log":{"level":"INFO","message":"INFO i.a.c.i.LineGobbler(voidCall):114 Checking if airbyte/source-postgres:dev exists..."}}
{"type":"LOG","log":{"level":"INFO","message":"INFO i.a.c.i.LineGobbler(voidCall):114 airbyte/source-postgres:dev was found locally."}}
{"type":"LOG","log":{"level":"INFO","message":"INFO i.a.w.p.DockerProcessFactory(create):126 Creating docker container = source-postgres-read-0-0-lgaue with resources null and allowedHosts null"}}
{"type":"LOG","log":{"level":"INFO","message":"INFO i.a.w.p.DockerProcessFactory(create):171 Preparing command: docker run --rm --init -i -w /data/job --log-driver none --name source-postgres-read-0-0-lgaue --network host -v /tmp/airbyte_tests/test9169040612432943860:/data -v /tmp/airbyte_tests/output5073022752166738996:/local -e DEPLOYMENT_MODE=OSS -e USE_STREAM_CAPABLE_STATE=true -e FIELD_SELECTION_WORKSPACES= -e WORKER_ENVIRONMENT=DOCKER -e AIRBYTE_ROLE= -e APPLY_FIELD_SELECTION=false -e WORKER_CONNECTOR_IMAGE=airbyte/source-postgres:dev -e WORKER_JOB_ATTEMPT=0 -e AUTO_DETECT_SCHEMA=true -e AIRBYTE_VERSION= -e WORKER_JOB_ID=0 airbyte/source-postgres:dev read --config source_config.json --catalog source_catalog.json --state input_state.json"}}
{"type":"LOG","log":{"level":"INFO","message":"INFO i.a.w.i.DefaultAirbyteStreamFactory(internalLog):159 INFO i.a.i.s.p.PostgresSource(main):507 starting source: class io.airbyte.integrations.source.postgres.PostgresSource"}}
{"type":"LOG","log":{"level":"INFO","message":"INFO i.a.w.i.DefaultAirbyteStreamFactory(internalLog):159 INFO i.a.i.b.IntegrationCliParser(parseOptions):126 integration args: {read=null, catalog=source_catalog.json, state=input_state.json, config=source_config.json}"}}
{"type":"LOG","log":{"level":"INFO","message":"INFO i.a.w.i.DefaultAirbyteStreamFactory(internalLog):159 INFO i.a.i.b.IntegrationRunner(runInternal):108 Running integration: io.airbyte.integrations.base.ssh.SshWrappedSource"}}
{"type":"LOG","log":{"level":"INFO","message":"INFO i.a.w.i.DefaultAirbyteStreamFactory(internalLog):159 INFO i.a.i.b.IntegrationRunner(runInternal):109 Command: READ"}}
{"type":"LOG","log":{"level":"INFO","message":"INFO i.a.w.i.DefaultAirbyteStreamFactory(internalLog):159 INFO i.a.i.b.IntegrationRunner(runInternal):110 Integration config: IntegrationConfig{command=READ, configPath='source_config.json', catalogPath='source_catalog.json', statePath='input_state.json'}"}}
{"type":"LOG","log":{"level":"WARN","message":"WARN i.a.w.i.DefaultAirbyteStreamFactory(internalLog):156 WARN c.n.s.JsonMetaSchema(newValidator):278 Unknown keyword groups - you should define your own Meta Schema. If the keyword is irrelevant for validation, just use a NonValidationKeyword"}}
{"type":"LOG","log":{"level":"WARN","message":"WARN i.a.w.i.DefaultAirbyteStreamFactory(internalLog):156 WARN c.n.s.JsonMetaSchema(newValidator):278 Unknown keyword order - you should define your own Meta Schema. If the keyword is irrelevant for validation, just use a NonValidationKeyword"}}
{"type":"LOG","log":{"level":"WARN","message":"WARN i.a.w.i.DefaultAirbyteStreamFactory(internalLog):156 WARN c.n.s.JsonMetaSchema(newValidator):278 Unknown keyword group - you should define your own Meta Schema. If the keyword is irrelevant for validation, just use a NonValidationKeyword"}}
{"type":"LOG","log":{"level":"WARN","message":"WARN i.a.w.i.DefaultAirbyteStreamFactory(internalLog):156 WARN c.n.s.JsonMetaSchema(newValidator):278 Unknown keyword airbyte_secret - you should define your own Meta Schema. If the keyword is irrelevant for validation, just use a NonValidationKeyword"}}
{"type":"LOG","log":{"level":"WARN","message":"WARN i.a.w.i.DefaultAirbyteStreamFactory(internalLog):156 WARN c.n.s.JsonMetaSchema(newValidator):278 Unknown keyword always_show - you should define your own Meta Schema. If the keyword is irrelevant for validation, just use a NonValidationKeyword"}}
{"type":"LOG","log":{"level":"INFO","message":"INFO i.a.w.i.DefaultAirbyteStreamFactory(internalLog):159 INFO i.a.i.b.s.SshTunnel(getInstance):204 Starting connection with method: NO_TUNNEL"}}
{"type":"LOG","log":{"level":"INFO","message":"INFO i.a.w.i.DefaultAirbyteStreamFactory(internalLog):159 INFO i.a.i.s.p.PostgresUtils(isCdc):53 using CDC: false"}}
{"type":"LOG","log":{"level":"INFO","message":"INFO i.a.w.i.DefaultAirbyteStreamFactory(internalLog):159 INFO i.a.i.s.r.s.StateManagerFactory(createStateManager):55 Stream state manager selected to manage state object with type LEGACY."}}
{"type":"LOG","log":{"level":"INFO","message":"INFO i.a.w.i.DefaultAirbyteStreamFactory(internalLog):159 INFO i.a.i.s.r.s.CursorManager(createCursorInfoForStream):182 No cursor field set in catalog but not present in state. Stream: public_testview, New Cursor Field: id. Resetting cursor value"}}
{"type":"LOG","log":{"level":"INFO","message":"INFO i.a.w.i.DefaultAirbyteStreamFactory(internalLog):159 INFO i.a.i.s.r.s.CursorManager(createCursorInfoForStream):182 No cursor field set in catalog but not present in state. Stream: public_id_and_name, New Cursor Field: id. Resetting cursor value"}}
{"type":"LOG","log":{"level":"INFO","message":"INFO i.a.w.i.DefaultAirbyteStreamFactory(internalLog):159 INFO i.a.i.s.r.s.CursorManager(createCursorInfoForStream):182 No cursor field set in catalog but not present in state. Stream: public_starships, New Cursor Field: id. Resetting cursor value"}}
{"type":"LOG","log":{"level":"INFO","message":"INFO i.a.w.i.DefaultAirbyteStreamFactory(internalLog):159 INFO c.z.h.HikariDataSource(<init>):80 HikariPool-1 - Starting..."}}
{"type":"LOG","log":{"level":"INFO","message":"INFO i.a.w.i.DefaultAirbyteStreamFactory(internalLog):159 INFO c.z.h.HikariDataSource(<init>):82 HikariPool-1 - Start completed."}}
{"type":"LOG","log":{"level":"INFO","message":"INFO i.a.w.i.DefaultAirbyteStreamFactory(internalLog):159 INFO i.a.i.s.p.PostgresUtils(isCdc):53 using CDC: false"}}
{"type":"LOG","log":{"level":"INFO","message":"INFO i.a.w.i.DefaultAirbyteStreamFactory(internalLog):159 INFO i.a.i.s.j.AbstractJdbcSource(logPreSyncDebugData):450 Data source product recognized as PostgreSQL:13.11"}}
{"type":"LOG","log":{"level":"INFO","message":"INFO i.a.w.i.DefaultAirbyteStreamFactory(internalLog):159 INFO i.a.i.s.p.PostgresSource(logPreSyncDebugData):221 Discovering indexes for schema \"public\", table \"id_and_name\""}}
{"type":"LOG","log":{"level":"INFO","message":"INFO i.a.w.i.DefaultAirbyteStreamFactory(internalLog):159 INFO i.a.i.s.p.PostgresSource(logPreSyncDebugData):221 Discovering indexes for schema \"public\", table \"starships\""}}
{"type":"LOG","log":{"level":"INFO","message":"INFO i.a.w.i.DefaultAirbyteStreamFactory(internalLog):159 INFO i.a.i.s.p.PostgresSource(logPreSyncDebugData):221 Discovering indexes for schema \"public\", table \"testview\""}}
{"type":"LOG","log":{"level":"INFO","message":"INFO i.a.w.i.DefaultAirbyteStreamFactory(internalLog):159 INFO i.a.i.s.p.PostgresQueryUtils(logXminStatus):77 Xmin Status : {Number of wraparounds: 0, Xmin Transaction Value: 492, Xmin Raw Value: 492"}}
{"type":"LOG","log":{"level":"INFO","message":"INFO i.a.w.i.DefaultAirbyteStreamFactory(internalLog):159 INFO i.a.i.s.j.AbstractJdbcSource(discoverInternal):166 Internal schemas to exclude: [catalog_history, information_schema, pg_catalog, pg_internal]"}}
{"type":"LOG","log":{"level":"INFO","message":"INFO i.a.w.i.DefaultAirbyteStreamFactory(internalLog):159 INFO i.a.d.j.s.AdaptiveStreamingQueryConfig(initialize):31 Set initial fetch size: 10 rows"}}
{"type":"LOG","log":{"level":"WARN","message":"WARN i.a.w.i.DefaultAirbyteStreamFactory(internalLog):156 WARN i.a.i.s.r.DbSourceDiscoverUtil(logSourceSchemaChange):82 Source schema changed for table public.id_and_name! Potential mismatches: [id]. Actual schema: {\"type\":\"object\",\"properties\":{\"name\":{\"type\":\"string\"},\"id\":{\"type\":\"number\",\"airbyte_type\":\"integer\"}}}. Catalog schema: {\"type\":\"object\",\"properties\":{\"name\":{\"type\":\"string\"},\"id\":{\"type\":\"number\"}}}"}}
{"type":"LOG","log":{"level":"WARN","message":"WARN i.a.w.i.DefaultAirbyteStreamFactory(internalLog):156 WARN i.a.i.s.r.DbSourceDiscoverUtil(logSourceSchemaChange):82 Source schema changed for table public.starships! Potential mismatches: [id]. Actual schema: {\"type\":\"object\",\"properties\":{\"name\":{\"type\":\"string\"},\"id\":{\"type\":\"number\",\"airbyte_type\":\"integer\"}}}. Catalog schema: {\"type\":\"object\",\"properties\":{\"name\":{\"type\":\"string\"},\"id\":{\"type\":\"number\"}}}"}}
{"type":"LOG","log":{"level":"WARN","message":"WARN i.a.w.i.DefaultAirbyteStreamFactory(internalLog):156 WARN i.a.i.s.r.DbSourceDiscoverUtil(logSourceSchemaChange):82 Source schema changed for table public.testview! Potential mismatches: [id]. Actual schema: {\"type\":\"object\",\"properties\":{\"name\":{\"type\":\"string\"},\"id\":{\"type\":\"number\",\"airbyte_type\":\"integer\"}}}. Catalog schema: {\"type\":\"object\",\"properties\":{\"name\":{\"type\":\"string\"},\"id\":{\"type\":\"number\"}}}"}}
{"type":"LOG","log":{"level":"INFO","message":"INFO i.a.w.i.DefaultAirbyteStreamFactory(internalLog):159 INFO i.a.i.s.p.PostgresUtils(isCdc):53 using CDC: false"}}
{"type":"LOG","log":{"level":"INFO","message":"INFO i.a.w.i.DefaultAirbyteStreamFactory(internalLog):159 INFO i.a.i.s.j.AbstractJdbcSource(queryTableFullRefresh):112 Queueing query for table: id_and_name"}}
{"type":"LOG","log":{"level":"INFO","message":"INFO i.a.w.i.DefaultAirbyteStreamFactory(internalLog):159 INFO i.a.i.s.j.AbstractJdbcSource(queryTableFullRefresh):112 Queueing query for table: starships"}}
{"type":"LOG","log":{"level":"INFO","message":"INFO i.a.w.i.DefaultAirbyteStreamFactory(internalLog):159 INFO i.a.i.s.j.AbstractJdbcSource(queryTableFullRefresh):112 Queueing query for table: testview"}}
{"type":"LOG","log":{"level":"INFO","message":"INFO i.a.w.i.DefaultAirbyteStreamFactory(internalLog):159 INFO i.a.i.s.r.RelationalDbQueryUtils(lambda$queryTable$0):73 Queueing query: SELECT \"id\",\"name\" FROM \"public\".\"id_and_name\" ORDER BY \"id\" ASC"}}
{"type":"LOG","log":{"level":"INFO","message":"INFO i.a.w.i.DefaultAirbyteStreamFactory(internalLog):159 INFO i.a.d.j.s.AdaptiveStreamingQueryConfig(initialize):31 Set initial fetch size: 10 rows"}}
{"type":"LOG","log":{"level":"INFO","message":"INFO i.a.w.i.DefaultAirbyteStreamFactory(internalLog):159 INFO i.a.c.u.CompositeIterator(lambda$emitStartStreamStatus$1):155 STARTING -> public_id_and_name"}}
{"type":"LOG","log":{"level":"INFO","message":"INFO i.a.w.i.DefaultAirbyteStreamFactory(internalLog):159 INFO i.a.c.u.CompositeIterator(lambda$emitRunningStreamStatus$0):148 RUNNING -> public_id_and_name"}}
{"type":"LOG","log":{"level":"INFO","message":"INFO i.a.w.i.DefaultAirbyteStreamFactory(internalLog):159 INFO i.a.c.u.CompositeIterator(lambda$emitCompleteStreamStatus$2):162 COMPLETE -> public_id_and_name"}}
{"type":"LOG","log":{"level":"INFO","message":"INFO i.a.w.i.DefaultAirbyteStreamFactory(internalLog):159 INFO i.a.c.u.CompositeIterator(lambda$emitStartStreamStatus$1):155 STARTING -> public_starships"}}
{"type":"LOG","log":{"level":"INFO","message":"INFO i.a.w.i.DefaultAirbyteStreamFactory(internalLog):159 INFO i.a.i.s.r.RelationalDbQueryUtils(lambda$queryTable$0):73 Queueing query: SELECT \"id\",\"name\" FROM \"public\".\"starships\" ORDER BY \"id\" ASC"}}
{"type":"LOG","log":{"level":"INFO","message":"INFO i.a.w.i.DefaultAirbyteStreamFactory(internalLog):159 INFO i.a.d.j.s.AdaptiveStreamingQueryConfig(initialize):31 Set initial fetch size: 10 rows"}}
{"type":"LOG","log":{"level":"INFO","message":"INFO i.a.w.i.DefaultAirbyteStreamFactory(internalLog):159 INFO i.a.c.u.CompositeIterator(lambda$emitRunningStreamStatus$0):148 RUNNING -> public_starships"}}
{"type":"LOG","log":{"level":"INFO","message":"INFO i.a.w.i.DefaultAirbyteStreamFactory(internalLog):159 INFO i.a.c.u.CompositeIterator(lambda$emitCompleteStreamStatus$2):162 COMPLETE -> public_starships"}}
{"type":"LOG","log":{"level":"INFO","message":"INFO i.a.w.i.DefaultAirbyteStreamFactory(internalLog):159 INFO i.a.c.u.CompositeIterator(lambda$emitStartStreamStatus$1):155 STARTING -> public_testview"}}
{"type":"LOG","log":{"level":"INFO","message":"INFO i.a.w.i.DefaultAirbyteStreamFactory(internalLog):159 INFO i.a.i.s.r.RelationalDbQueryUtils(lambda$queryTable$0):73 Queueing query: SELECT \"id\",\"name\" FROM \"public\".\"testview\" ORDER BY \"id\" ASC"}}
{"type":"LOG","log":{"level":"INFO","message":"INFO i.a.w.i.DefaultAirbyteStreamFactory(internalLog):159 INFO i.a.d.j.s.AdaptiveStreamingQueryConfig(initialize):31 Set initial fetch size: 10 rows"}}
{"type":"LOG","log":{"level":"INFO","message":"INFO i.a.w.i.DefaultAirbyteStreamFactory(internalLog):159 INFO i.a.c.u.CompositeIterator(lambda$emitRunningStreamStatus$0):148 RUNNING -> public_testview"}}
{"type":"LOG","log":{"level":"INFO","message":"INFO i.a.w.i.DefaultAirbyteStreamFactory(internalLog):159 INFO i.a.c.u.CompositeIterator(lambda$emitCompleteStreamStatus$2):162 COMPLETE -> public_testview"}}
{"type":"LOG","log":{"level":"INFO","message":"INFO i.a.w.i.DefaultAirbyteStreamFactory(internalLog):159 INFO i.a.i.s.r.AbstractDbSource(lambda$read$1):173 Closing database connection pool."}}
{"type":"LOG","log":{"level":"INFO","message":"INFO i.a.w.i.DefaultAirbyteStreamFactory(internalLog):159 INFO c.z.h.HikariDataSource(close):350 HikariPool-1 - Shutdown initiated..."}}
{"type":"LOG","log":{"level":"INFO","message":"INFO i.a.w.i.DefaultAirbyteStreamFactory(internalLog):159 INFO c.z.h.HikariDataSource(close):352 HikariPool-1 - Shutdown completed."}}
{"type":"LOG","log":{"level":"INFO","message":"INFO i.a.w.i.DefaultAirbyteStreamFactory(internalLog):159 INFO i.a.i.s.r.AbstractDbSource(lambda$read$1):175 Closed database connection pool."}}
{"type":"LOG","log":{"level":"INFO","message":"INFO i.a.w.i.DefaultAirbyteStreamFactory(internalLog):159 INFO i.a.i.b.IntegrationRunner(runInternal):186 Completed integration: io.airbyte.integrations.base.ssh.SshWrappedSource"}}
{"type":"LOG","log":{"level":"INFO","message":"INFO i.a.w.i.DefaultAirbyteStreamFactory(internalLog):159 INFO i.a.i.s.p.PostgresSource(main):509 completed source: class io.airbyte.integrations.source.postgres.PostgresSource"}}
{"type":"LOG","log":{"level":"INFO","message":"INFO i.a.c.i.LineGobbler(voidCall):114 Checking if airbyte/source-postgres:dev exists..."}}
{"type":"LOG","log":{"level":"INFO","message":"INFO i.a.c.i.LineGobbler(voidCall):114 airbyte/source-postgres:dev was found locally."}}
{"type":"LOG","log":{"level":"INFO","message":"INFO i.a.w.p.DockerProcessFactory(create):126 Creating docker container = source-postgres-read-0-0-ubkae with resources null and allowedHosts null"}}
{"type":"LOG","log":{"level":"INFO","message":"INFO i.a.w.p.DockerProcessFactory(create):171 Preparing command: docker run --rm --init -i -w /data/job --log-driver none --name source-postgres-read-0-0-ubkae --network host -v /tmp/airbyte_tests/test9169040612432943860:/data -v /tmp/airbyte_tests/output5073022752166738996:/local -e DEPLOYMENT_MODE=OSS -e USE_STREAM_CAPABLE_STATE=true -e FIELD_SELECTION_WORKSPACES= -e WORKER_ENVIRONMENT=DOCKER -e AIRBYTE_ROLE= -e APPLY_FIELD_SELECTION=false -e WORKER_CONNECTOR_IMAGE=airbyte/source-postgres:dev -e WORKER_JOB_ATTEMPT=0 -e AUTO_DETECT_SCHEMA=true -e AIRBYTE_VERSION= -e WORKER_JOB_ID=0 airbyte/source-postgres:dev read --config source_config.json --catalog source_catalog.json --state input_state.json"}}
{"type":"LOG","log":{"level":"INFO","message":"INFO i.a.w.i.DefaultAirbyteStreamFactory(internalLog):159 INFO i.a.i.s.p.PostgresSource(main):507 starting source: class io.airbyte.integrations.source.postgres.PostgresSource"}}
{"type":"LOG","log":{"level":"INFO","message":"INFO i.a.w.i.DefaultAirbyteStreamFactory(internalLog):159 INFO i.a.i.b.IntegrationCliParser(parseOptions):126 integration args: {read=null, catalog=source_catalog.json, state=input_state.json, config=source_config.json}"}}
{"type":"LOG","log":{"level":"INFO","message":"INFO i.a.w.i.DefaultAirbyteStreamFactory(internalLog):159 INFO i.a.i.b.IntegrationRunner(runInternal):108 Running integration: io.airbyte.integrations.base.ssh.SshWrappedSource"}}
{"type":"LOG","log":{"level":"INFO","message":"INFO i.a.w.i.DefaultAirbyteStreamFactory(internalLog):159 INFO i.a.i.b.IntegrationRunner(runInternal):109 Command: READ"}}
{"type":"LOG","log":{"level":"INFO","message":"INFO i.a.w.i.DefaultAirbyteStreamFactory(internalLog):159 INFO i.a.i.b.IntegrationRunner(runInternal):110 Integration config: IntegrationConfig{command=READ, configPath='source_config.json', catalogPath='source_catalog.json', statePath='input_state.json'}"}}
{"type":"LOG","log":{"level":"WARN","message":"WARN i.a.w.i.DefaultAirbyteStreamFactory(internalLog):156 WARN c.n.s.JsonMetaSchema(newValidator):278 Unknown keyword groups - you should define your own Meta Schema. If the keyword is irrelevant for validation, just use a NonValidationKeyword"}}
{"type":"LOG","log":{"level":"WARN","message":"WARN i.a.w.i.DefaultAirbyteStreamFactory(internalLog):156 WARN c.n.s.JsonMetaSchema(newValidator):278 Unknown keyword order - you should define your own Meta Schema. If the keyword is irrelevant for validation, just use a NonValidationKeyword"}}
{"type":"LOG","log":{"level":"WARN","message":"WARN i.a.w.i.DefaultAirbyteStreamFactory(internalLog):156 WARN c.n.s.JsonMetaSchema(newValidator):278 Unknown keyword group - you should define your own Meta Schema. If the keyword is irrelevant for validation, just use a NonValidationKeyword"}}
{"type":"LOG","log":{"level":"WARN","message":"WARN i.a.w.i.DefaultAirbyteStreamFactory(internalLog):156 WARN c.n.s.JsonMetaSchema(newValidator):278 Unknown keyword airbyte_secret - you should define your own Meta Schema. If the keyword is irrelevant for validation, just use a NonValidationKeyword"}}
{"type":"LOG","log":{"level":"WARN","message":"WARN i.a.w.i.DefaultAirbyteStreamFactory(internalLog):156 WARN c.n.s.JsonMetaSchema(newValidator):278 Unknown keyword always_show - you should define your own Meta Schema. If the keyword is irrelevant for validation, just use a NonValidationKeyword"}}
{"type":"LOG","log":{"level":"INFO","message":"INFO i.a.w.i.DefaultAirbyteStreamFactory(internalLog):159 INFO i.a.i.b.s.SshTunnel(getInstance):204 Starting connection with method: NO_TUNNEL"}}
{"type":"LOG","log":{"level":"INFO","message":"INFO i.a.w.i.DefaultAirbyteStreamFactory(internalLog):159 INFO i.a.i.s.p.PostgresUtils(isCdc):53 using CDC: false"}}
{"type":"LOG","log":{"level":"INFO","message":"INFO i.a.w.i.DefaultAirbyteStreamFactory(internalLog):159 INFO i.a.i.s.r.s.StateManagerFactory(createStateManager):55 Stream state manager selected to manage state object with type STREAM."}}
{"type":"LOG","log":{"level":"INFO","message":"INFO i.a.w.i.DefaultAirbyteStreamFactory(internalLog):159 INFO i.a.i.s.r.s.CursorManager(createCursorInfoForStream):169 Found matching cursor in state. Stream: public_testview. Cursor Field: id Value: 2 Count: 1"}}
{"type":"LOG","log":{"level":"INFO","message":"INFO i.a.w.i.DefaultAirbyteStreamFactory(internalLog):159 INFO i.a.i.s.r.s.CursorManager(createCursorInfoForStream):169 Found matching cursor in state. Stream: public_id_and_name. Cursor Field: id Value: 3 Count: 1"}}
{"type":"LOG","log":{"level":"INFO","message":"INFO i.a.w.i.DefaultAirbyteStreamFactory(internalLog):159 INFO i.a.i.s.r.s.CursorManager(createCursorInfoForStream):169 Found matching cursor in state. Stream: public_starships. Cursor Field: id Value: 3 Count: 1"}}
{"type":"LOG","log":{"level":"INFO","message":"INFO i.a.w.i.DefaultAirbyteStreamFactory(internalLog):159 INFO c.z.h.HikariDataSource(<init>):80 HikariPool-1 - Starting..."}}
{"type":"LOG","log":{"level":"INFO","message":"INFO i.a.w.i.DefaultAirbyteStreamFactory(internalLog):159 INFO c.z.h.HikariDataSource(<init>):82 HikariPool-1 - Start completed."}}
{"type":"LOG","log":{"level":"INFO","message":"INFO i.a.w.i.DefaultAirbyteStreamFactory(internalLog):159 INFO i.a.i.s.p.PostgresUtils(isCdc):53 using CDC: false"}}
{"type":"LOG","log":{"level":"INFO","message":"INFO i.a.w.i.DefaultAirbyteStreamFactory(internalLog):159 INFO i.a.i.s.j.AbstractJdbcSource(logPreSyncDebugData):450 Data source product recognized as PostgreSQL:13.11"}}
{"type":"LOG","log":{"level":"INFO","message":"INFO i.a.w.i.DefaultAirbyteStreamFactory(internalLog):159 INFO i.a.i.s.p.PostgresSource(logPreSyncDebugData):221 Discovering indexes for schema \"public\", table \"id_and_name\""}}
{"type":"LOG","log":{"level":"INFO","message":"INFO i.a.w.i.DefaultAirbyteStreamFactory(internalLog):159 INFO i.a.i.s.p.PostgresSource(logPreSyncDebugData):221 Discovering indexes for schema \"public\", table \"starships\""}}
{"type":"LOG","log":{"level":"INFO","message":"INFO i.a.w.i.DefaultAirbyteStreamFactory(internalLog):159 INFO i.a.i.s.p.PostgresSource(logPreSyncDebugData):221 Discovering indexes for schema \"public\", table \"testview\""}}
{"type":"LOG","log":{"level":"INFO","message":"INFO i.a.w.i.DefaultAirbyteStreamFactory(internalLog):159 INFO i.a.i.s.p.PostgresQueryUtils(logXminStatus):77 Xmin Status : {Number of wraparounds: 0, Xmin Transaction Value: 492, Xmin Raw Value: 492"}}
{"type":"LOG","log":{"level":"INFO","message":"INFO i.a.w.i.DefaultAirbyteStreamFactory(internalLog):159 INFO i.a.i.s.j.AbstractJdbcSource(discoverInternal):166 Internal schemas to exclude: [catalog_history, information_schema, pg_catalog, pg_internal]"}}
{"type":"LOG","log":{"level":"INFO","message":"INFO i.a.w.i.DefaultAirbyteStreamFactory(internalLog):159 INFO i.a.d.j.s.AdaptiveStreamingQueryConfig(initialize):31 Set initial fetch size: 10 rows"}}
{"type":"LOG","log":{"level":"WARN","message":"WARN i.a.w.i.DefaultAirbyteStreamFactory(internalLog):156 WARN i.a.i.s.r.DbSourceDiscoverUtil(logSourceSchemaChange):82 Source schema changed for table public.id_and_name! Potential mismatches: [id]. Actual schema: {\"type\":\"object\",\"properties\":{\"name\":{\"type\":\"string\"},\"id\":{\"type\":\"number\",\"airbyte_type\":\"integer\"}}}. Catalog schema: {\"type\":\"object\",\"properties\":{\"name\":{\"type\":\"string\"},\"id\":{\"type\":\"number\"}}}"}}
{"type":"LOG","log":{"level":"WARN","message":"WARN i.a.w.i.DefaultAirbyteStreamFactory(internalLog):156 WARN i.a.i.s.r.DbSourceDiscoverUtil(logSourceSchemaChange):82 Source schema changed for table public.starships! Potential mismatches: [id]. Actual schema: {\"type\":\"object\",\"properties\":{\"name\":{\"type\":\"string\"},\"id\":{\"type\":\"number\",\"airbyte_type\":\"integer\"}}}. Catalog schema: {\"type\":\"object\",\"properties\":{\"name\":{\"type\":\"string\"},\"id\":{\"type\":\"number\"}}}"}}
{"type":"LOG","log":{"level":"WARN","message":"WARN i.a.w.i.DefaultAirbyteStreamFactory(internalLog):156 WARN i.a.i.s.r.DbSourceDiscoverUtil(logSourceSchemaChange):82 Source schema changed for table public.testview! Potential mismatches: [id]. Actual schema: {\"type\":\"object\",\"properties\":{\"name\":{\"type\":\"string\"},\"id\":{\"type\":\"number\",\"airbyte_type\":\"integer\"}}}. Catalog schema: {\"type\":\"object\",\"properties\":{\"name\":{\"type\":\"string\"},\"id\":{\"type\":\"number\"}}}"}}
{"type":"LOG","log":{"level":"INFO","message":"INFO i.a.w.i.DefaultAirbyteStreamFactory(internalLog):159 INFO i.a.i.s.p.PostgresUtils(isCdc):53 using CDC: false"}}
{"type":"LOG","log":{"level":"INFO","message":"INFO i.a.w.i.DefaultAirbyteStreamFactory(internalLog):159 INFO i.a.i.s.j.AbstractJdbcSource(queryTableIncremental):320 Queueing query for table: id_and_name"}}
{"type":"LOG","log":{"level":"INFO","message":"INFO i.a.w.i.DefaultAirbyteStreamFactory(internalLog):159 INFO i.a.i.s.j.AbstractJdbcSource(queryTableIncremental):320 Queueing query for table: starships"}}
{"type":"LOG","log":{"level":"INFO","message":"INFO i.a.w.i.DefaultAirbyteStreamFactory(internalLog):159 INFO i.a.i.s.j.AbstractJdbcSource(queryTableIncremental):320 Queueing query for table: testview"}}
{"type":"LOG","log":{"level":"INFO","message":"INFO i.a.w.i.DefaultAirbyteStreamFactory(internalLog):159 INFO i.a.i.s.j.AbstractJdbcSource(lambda$queryTableIncremental$18):327 Preparing query for table: id_and_name"}}
{"type":"LOG","log":{"level":"INFO","message":"INFO i.a.w.i.DefaultAirbyteStreamFactory(internalLog):159 INFO i.a.i.s.j.AbstractJdbcSource(lambda$queryTableIncremental$18):337 Table id_and_name cursor count: expected 1, actual 1"}}
{"type":"LOG","log":{"level":"INFO","message":"INFO i.a.w.i.DefaultAirbyteStreamFactory(internalLog):159 INFO i.a.i.s.j.AbstractJdbcSource(lambda$queryTableIncremental$18):358 Executing query for table id_and_name: HikariProxyPreparedStatement@1457148583 wrapping SELECT \"id\",\"name\" FROM \"public\".\"id_and_name\" WHERE \"id\" > ? ORDER BY \"id\" ASC"}}
{"type":"LOG","log":{"level":"INFO","message":"INFO i.a.w.i.DefaultAirbyteStreamFactory(internalLog):159 INFO i.a.d.j.s.AdaptiveStreamingQueryConfig(initialize):31 Set initial fetch size: 10 rows"}}
{"type":"LOG","log":{"level":"INFO","message":"INFO i.a.w.i.DefaultAirbyteStreamFactory(internalLog):159 INFO i.a.i.s.r.StateDecoratingIterator(createStateMessage):207 State report for stream public_id_and_name - original: id = 3 (count 1) -> latest: id = 3 (count 1)"}}
{"type":"LOG","log":{"level":"INFO","message":"INFO i.a.w.i.DefaultAirbyteStreamFactory(internalLog):159 INFO i.a.c.u.CompositeIterator(lambda$emitStartStreamStatus$1):155 STARTING -> public_id_and_name"}}
{"type":"LOG","log":{"level":"INFO","message":"INFO i.a.w.i.DefaultAirbyteStreamFactory(internalLog):159 INFO i.a.c.u.CompositeIterator(lambda$emitRunningStreamStatus$0):148 RUNNING -> public_id_and_name"}}
{"type":"LOG","log":{"level":"INFO","message":"INFO i.a.w.i.DefaultAirbyteStreamFactory(internalLog):159 INFO i.a.c.u.CompositeIterator(lambda$emitCompleteStreamStatus$2):162 COMPLETE -> public_id_and_name"}}
{"type":"LOG","log":{"level":"INFO","message":"INFO i.a.w.i.DefaultAirbyteStreamFactory(internalLog):159 INFO i.a.c.u.CompositeIterator(lambda$emitStartStreamStatus$1):155 STARTING -> public_starships"}}
{"type":"LOG","log":{"level":"INFO","message":"INFO i.a.w.i.DefaultAirbyteStreamFactory(internalLog):159 INFO i.a.i.s.j.AbstractJdbcSource(lambda$queryTableIncremental$18):327 Preparing query for table: starships"}}
{"type":"LOG","log":{"level":"INFO","message":"INFO i.a.w.i.DefaultAirbyteStreamFactory(internalLog):159 INFO i.a.i.s.j.AbstractJdbcSource(lambda$queryTableIncremental$18):337 Table starships cursor count: expected 1, actual 1"}}
{"type":"LOG","log":{"level":"INFO","message":"INFO i.a.w.i.DefaultAirbyteStreamFactory(internalLog):159 INFO i.a.i.s.j.AbstractJdbcSource(lambda$queryTableIncremental$18):358 Executing query for table starships: HikariProxyPreparedStatement@1199833406 wrapping SELECT \"id\",\"name\" FROM \"public\".\"starships\" WHERE \"id\" > ? ORDER BY \"id\" ASC"}}
{"type":"LOG","log":{"level":"INFO","message":"INFO i.a.w.i.DefaultAirbyteStreamFactory(internalLog):159 INFO i.a.d.j.s.AdaptiveStreamingQueryConfig(initialize):31 Set initial fetch size: 10 rows"}}
{"type":"LOG","log":{"level":"INFO","message":"INFO i.a.w.i.DefaultAirbyteStreamFactory(internalLog):159 INFO i.a.i.s.r.StateDecoratingIterator(createStateMessage):207 State report for stream public_starships - original: id = 3 (count 1) -> latest: id = 3 (count 1)"}}
{"type":"LOG","log":{"level":"INFO","message":"INFO i.a.w.i.DefaultAirbyteStreamFactory(internalLog):159 INFO i.a.c.u.CompositeIterator(lambda$emitRunningStreamStatus$0):148 RUNNING -> public_starships"}}
{"type":"LOG","log":{"level":"INFO","message":"INFO i.a.w.i.DefaultAirbyteStreamFactory(internalLog):159 INFO i.a.c.u.CompositeIterator(lambda$emitCompleteStreamStatus$2):162 COMPLETE -> public_starships"}}
{"type":"LOG","log":{"level":"INFO","message":"INFO i.a.w.i.DefaultAirbyteStreamFactory(internalLog):159 INFO i.a.c.u.CompositeIterator(lambda$emitStartStreamStatus$1):155 STARTING -> public_testview"}}
{"type":"LOG","log":{"level":"INFO","message":"INFO i.a.w.i.DefaultAirbyteStreamFactory(internalLog):159 INFO i.a.i.s.j.AbstractJdbcSource(lambda$queryTableIncremental$18):327 Preparing query for table: testview"}}
{"type":"LOG","log":{"level":"INFO","message":"INFO i.a.w.i.DefaultAirbyteStreamFactory(internalLog):159 INFO i.a.i.s.j.AbstractJdbcSource(lambda$queryTableIncremental$18):337 Table testview cursor count: expected 1, actual 1"}}
{"type":"LOG","log":{"level":"INFO","message":"INFO i.a.w.i.DefaultAirbyteStreamFactory(internalLog):159 INFO i.a.i.s.j.AbstractJdbcSource(lambda$queryTableIncremental$18):358 Executing query for table testview: HikariProxyPreparedStatement@1499825229 wrapping SELECT \"id\",\"name\" FROM \"public\".\"testview\" WHERE \"id\" > ? ORDER BY \"id\" ASC"}}
{"type":"LOG","log":{"level":"INFO","message":"INFO i.a.w.i.DefaultAirbyteStreamFactory(internalLog):159 INFO i.a.d.j.s.AdaptiveStreamingQueryConfig(initialize):31 Set initial fetch size: 10 rows"}}
{"type":"LOG","log":{"level":"INFO","message":"INFO i.a.w.i.DefaultAirbyteStreamFactory(internalLog):159 INFO i.a.i.s.r.StateDecoratingIterator(createStateMessage):207 State report for stream public_testview - original: id = 2 (count 1) -> latest: id = 2 (count 1)"}}
{"type":"LOG","log":{"level":"INFO","message":"INFO i.a.w.i.DefaultAirbyteStreamFactory(internalLog):159 INFO i.a.c.u.CompositeIterator(lambda$emitRunningStreamStatus$0):148 RUNNING -> public_testview"}}
{"type":"LOG","log":{"level":"INFO","message":"INFO i.a.w.i.DefaultAirbyteStreamFactory(internalLog):159 INFO i.a.c.u.CompositeIterator(lambda$emitCompleteStreamStatus$2):162 COMPLETE -> public_testview"}}
{"type":"LOG","log":{"level":"INFO","message":"INFO i.a.w.i.DefaultAirbyteStreamFactory(internalLog):159 INFO i.a.i.s.r.AbstractDbSource(lambda$read$1):173 Closing database connection pool."}}
{"type":"LOG","log":{"level":"INFO","message":"INFO i.a.w.i.DefaultAirbyteStreamFactory(internalLog):159 INFO c.z.h.HikariDataSource(close):350 HikariPool-1 - Shutdown initiated..."}}
{"type":"LOG","log":{"level":"INFO","message":"INFO i.a.w.i.DefaultAirbyteStreamFactory(internalLog):159 INFO c.z.h.HikariDataSource(close):352 HikariPool-1 - Shutdown completed."}}
{"type":"LOG","log":{"level":"INFO","message":"INFO i.a.w.i.DefaultAirbyteStreamFactory(internalLog):159 INFO i.a.i.s.r.AbstractDbSource(lambda$read$1):175 Closed database connection pool."}}
{"type":"LOG","log":{"level":"INFO","message":"INFO i.a.w.i.DefaultAirbyteStreamFactory(internalLog):159 INFO i.a.i.b.IntegrationRunner(runInternal):186 Completed integration: io.airbyte.integrations.base.ssh.SshWrappedSource"}}
{"type":"LOG","log":{"level":"INFO","message":"INFO i.a.w.i.DefaultAirbyteStreamFactory(internalLog):159 INFO i.a.i.s.p.PostgresSource(main):509 completed source: class io.airbyte.integrations.source.postgres.PostgresSource"}}
{"type":"LOG","log":{"level":"INFO","message":"INFO o.t.c.GenericContainer(tryStart):376 Creating container for image: postgres:13-alpine"}}
{"type":"LOG","log":{"level":"INFO","message":"INFO o.t.c.GenericContainer(tryStart):440 Container postgres:13-alpine is starting: 9312a32af5f0489cd66b3ed3cb9a9894040f928c4d78ba2f1f3105947d2ba255"}}
{"type":"LOG","log":{"level":"INFO","message":"INFO o.t.c.GenericContainer(tryStart):520 Container postgres:13-alpine started in PT5.494849S"}}
{"type":"LOG","log":{"level":"INFO","message":"INFO c.z.h.HikariDataSource(<init>):80 HikariPool-12 - Starting..."}}
{"type":"LOG","log":{"level":"INFO","message":"INFO c.z.h.HikariDataSource(<init>):82 HikariPool-12 - Start completed."}}
{"type":"LOG","log":{"level":"INFO","message":"INFO i.a.i.s.s.TestEnvConfigs(getEnvOrDefault):119 Using default value for environment variable WORKER_ENVIRONMENT: 'DOCKER'"}}
{"type":"LOG","log":{"level":"INFO","message":"INFO i.a.i.s.s.TestEnvConfigs(getEnvOrDefault):119 Using default value for environment variable DEPLOYMENT_MODE: 'OSS'"}}
{"type":"LOG","log":{"level":"INFO","message":"INFO i.a.c.i.LineGobbler(voidCall):114 Checking if airbyte/source-postgres:dev exists..."}}
{"type":"LOG","log":{"level":"INFO","message":"INFO i.a.c.i.LineGobbler(voidCall):114 airbyte/source-postgres:dev was found locally."}}
{"type":"LOG","log":{"level":"INFO","message":"INFO i.a.w.p.DockerProcessFactory(create):126 Creating docker container = source-postgres-read-0-0-rfpdb with resources null and allowedHosts null"}}
{"type":"LOG","log":{"level":"INFO","message":"INFO i.a.w.p.DockerProcessFactory(create):171 Preparing command: docker run --rm --init -i -w /data/job --log-driver none --name source-postgres-read-0-0-rfpdb --network host -v /tmp/airbyte_tests/test14337798938560144686:/data -v /tmp/airbyte_tests/output17809285654039079760:/local -e DEPLOYMENT_MODE=OSS -e USE_STREAM_CAPABLE_STATE=true -e FIELD_SELECTION_WORKSPACES= -e WORKER_ENVIRONMENT=DOCKER -e AIRBYTE_ROLE= -e APPLY_FIELD_SELECTION=false -e WORKER_CONNECTOR_IMAGE=airbyte/source-postgres:dev -e WORKER_JOB_ATTEMPT=0 -e AUTO_DETECT_SCHEMA=true -e AIRBYTE_VERSION= -e WORKER_JOB_ID=0 airbyte/source-postgres:dev read --config source_config.json --catalog source_catalog.json"}}
{"type":"LOG","log":{"level":"INFO","message":"INFO i.a.w.i.DefaultAirbyteStreamFactory(internalLog):159 INFO i.a.i.s.p.PostgresSource(main):507 starting source: class io.airbyte.integrations.source.postgres.PostgresSource"}}
{"type":"LOG","log":{"level":"INFO","message":"INFO i.a.w.i.DefaultAirbyteStreamFactory(internalLog):159 INFO i.a.i.b.IntegrationCliParser(parseOptions):126 integration args: {read=null, catalog=source_catalog.json, config=source_config.json}"}}
{"type":"LOG","log":{"level":"INFO","message":"INFO i.a.w.i.DefaultAirbyteStreamFactory(internalLog):159 INFO i.a.i.b.IntegrationRunner(runInternal):108 Running integration: io.airbyte.integrations.base.ssh.SshWrappedSource"}}
{"type":"LOG","log":{"level":"INFO","message":"INFO i.a.w.i.DefaultAirbyteStreamFactory(internalLog):159 INFO i.a.i.b.IntegrationRunner(runInternal):109 Command: READ"}}
{"type":"LOG","log":{"level":"INFO","message":"INFO i.a.w.i.DefaultAirbyteStreamFactory(internalLog):159 INFO i.a.i.b.IntegrationRunner(runInternal):110 Integration config: IntegrationConfig{command=READ, configPath='source_config.json', catalogPath='source_catalog.json', statePath='null'}"}}
{"type":"LOG","log":{"level":"WARN","message":"WARN i.a.w.i.DefaultAirbyteStreamFactory(internalLog):156 WARN c.n.s.JsonMetaSchema(newValidator):278 Unknown keyword groups - you should define your own Meta Schema. If the keyword is irrelevant for validation, just use a NonValidationKeyword"}}
{"type":"LOG","log":{"level":"WARN","message":"WARN i.a.w.i.DefaultAirbyteStreamFactory(internalLog):156 WARN c.n.s.JsonMetaSchema(newValidator):278 Unknown keyword order - you should define your own Meta Schema. If the keyword is irrelevant for validation, just use a NonValidationKeyword"}}
{"type":"LOG","log":{"level":"WARN","message":"WARN i.a.w.i.DefaultAirbyteStreamFactory(internalLog):156 WARN c.n.s.JsonMetaSchema(newValidator):278 Unknown keyword group - you should define your own Meta Schema. If the keyword is irrelevant for validation, just use a NonValidationKeyword"}}
{"type":"LOG","log":{"level":"WARN","message":"WARN i.a.w.i.DefaultAirbyteStreamFactory(internalLog):156 WARN c.n.s.JsonMetaSchema(newValidator):278 Unknown keyword airbyte_secret - you should define your own Meta Schema. If the keyword is irrelevant for validation, just use a NonValidationKeyword"}}
{"type":"LOG","log":{"level":"WARN","message":"WARN i.a.w.i.DefaultAirbyteStreamFactory(internalLog):156 WARN c.n.s.JsonMetaSchema(newValidator):278 Unknown keyword always_show - you should define your own Meta Schema. If the keyword is irrelevant for validation, just use a NonValidationKeyword"}}
{"type":"LOG","log":{"level":"INFO","message":"INFO i.a.w.i.DefaultAirbyteStreamFactory(internalLog):159 INFO i.a.i.b.s.SshTunnel(getInstance):204 Starting connection with method: NO_TUNNEL"}}
{"type":"LOG","log":{"level":"INFO","message":"INFO i.a.w.i.DefaultAirbyteStreamFactory(internalLog):159 INFO i.a.i.s.p.PostgresUtils(isCdc):53 using CDC: false"}}
{"type":"LOG","log":{"level":"INFO","message":"INFO i.a.w.i.DefaultAirbyteStreamFactory(internalLog):159 INFO i.a.i.s.r.s.StateManagerFactory(createStateManager):55 Stream state manager selected to manage state object with type STREAM."}}
{"type":"LOG","log":{"level":"INFO","message":"INFO i.a.w.i.DefaultAirbyteStreamFactory(internalLog):159 INFO i.a.i.s.r.s.CursorManager(createCursorInfoForStream):182 No cursor field set in catalog but not present in state. Stream: public_testview, New Cursor Field: id. Resetting cursor value"}}
{"type":"LOG","log":{"level":"INFO","message":"INFO i.a.w.i.DefaultAirbyteStreamFactory(internalLog):159 INFO i.a.i.s.r.s.CursorManager(createCursorInfoForStream):182 No cursor field set in catalog but not present in state. Stream: public_id_and_name, New Cursor Field: id. Resetting cursor value"}}
{"type":"LOG","log":{"level":"INFO","message":"INFO i.a.w.i.DefaultAirbyteStreamFactory(internalLog):159 INFO i.a.i.s.r.s.CursorManager(createCursorInfoForStream):182 No cursor field set in catalog but not present in state. Stream: public_starships, New Cursor Field: id. Resetting cursor value"}}
{"type":"LOG","log":{"level":"INFO","message":"INFO i.a.w.i.DefaultAirbyteStreamFactory(internalLog):159 INFO c.z.h.HikariDataSource(<init>):80 HikariPool-1 - Starting..."}}
{"type":"LOG","log":{"level":"INFO","message":"INFO i.a.w.i.DefaultAirbyteStreamFactory(internalLog):159 INFO c.z.h.HikariDataSource(<init>):82 HikariPool-1 - Start completed."}}
{"type":"LOG","log":{"level":"INFO","message":"INFO i.a.w.i.DefaultAirbyteStreamFactory(internalLog):159 INFO i.a.i.s.p.PostgresUtils(isCdc):53 using CDC: false"}}
{"type":"LOG","log":{"level":"INFO","message":"INFO i.a.w.i.DefaultAirbyteStreamFactory(internalLog):159 INFO i.a.i.s.j.AbstractJdbcSource(logPreSyncDebugData):450 Data source product recognized as PostgreSQL:13.11"}}
{"type":"LOG","log":{"level":"INFO","message":"INFO i.a.w.i.DefaultAirbyteStreamFactory(internalLog):159 INFO i.a.i.s.p.PostgresSource(logPreSyncDebugData):221 Discovering indexes for schema \"public\", table \"id_and_name\""}}
{"type":"LOG","log":{"level":"INFO","message":"INFO i.a.w.i.DefaultAirbyteStreamFactory(internalLog):159 INFO i.a.i.s.p.PostgresSource(logPreSyncDebugData):221 Discovering indexes for schema \"public\", table \"starships\""}}
{"type":"LOG","log":{"level":"INFO","message":"INFO i.a.w.i.DefaultAirbyteStreamFactory(internalLog):159 INFO i.a.i.s.p.PostgresSource(logPreSyncDebugData):221 Discovering indexes for schema \"public\", table \"testview\""}}
{"type":"LOG","log":{"level":"INFO","message":"INFO i.a.w.i.DefaultAirbyteStreamFactory(internalLog):159 INFO i.a.i.s.p.PostgresQueryUtils(logXminStatus):77 Xmin Status : {Number of wraparounds: 0, Xmin Transaction Value: 492, Xmin Raw Value: 492"}}
{"type":"LOG","log":{"level":"INFO","message":"INFO i.a.w.i.DefaultAirbyteStreamFactory(internalLog):159 INFO i.a.i.s.j.AbstractJdbcSource(discoverInternal):166 Internal schemas to exclude: [catalog_history, information_schema, pg_catalog, pg_internal]"}}
{"type":"LOG","log":{"level":"INFO","message":"INFO i.a.w.i.DefaultAirbyteStreamFactory(internalLog):159 INFO i.a.d.j.s.AdaptiveStreamingQueryConfig(initialize):31 Set initial fetch size: 10 rows"}}
{"type":"LOG","log":{"level":"WARN","message":"WARN i.a.w.i.DefaultAirbyteStreamFactory(internalLog):156 WARN i.a.i.s.r.DbSourceDiscoverUtil(logSourceSchemaChange):82 Source schema changed for table public.id_and_name! Potential mismatches: [id]. Actual schema: {\"type\":\"object\",\"properties\":{\"name\":{\"type\":\"string\"},\"id\":{\"type\":\"number\",\"airbyte_type\":\"integer\"}}}. Catalog schema: {\"type\":\"object\",\"properties\":{\"name\":{\"type\":\"string\"},\"id\":{\"type\":\"number\"}}}"}}
{"type":"LOG","log":{"level":"WARN","message":"WARN i.a.w.i.DefaultAirbyteStreamFactory(internalLog):156 WARN i.a.i.s.r.DbSourceDiscoverUtil(logSourceSchemaChange):82 Source schema changed for table public.starships! Potential mismatches: [id]. Actual schema: {\"type\":\"object\",\"properties\":{\"name\":{\"type\":\"string\"},\"id\":{\"type\":\"number\",\"airbyte_type\":\"integer\"}}}. Catalog schema: {\"type\":\"object\",\"properties\":{\"name\":{\"type\":\"string\"},\"id\":{\"type\":\"number\"}}}"}}
{"type":"LOG","log":{"level":"WARN","message":"WARN i.a.w.i.DefaultAirbyteStreamFactory(internalLog):156 WARN i.a.i.s.r.DbSourceDiscoverUtil(logSourceSchemaChange):82 Source schema changed for table public.testview! Potential mismatches: [id]. Actual schema: {\"type\":\"object\",\"properties\":{\"name\":{\"type\":\"string\"},\"id\":{\"type\":\"number\",\"airbyte_type\":\"integer\"}}}. Catalog schema: {\"type\":\"object\",\"properties\":{\"name\":{\"type\":\"string\"},\"id\":{\"type\":\"number\"}}}"}}
{"type":"LOG","log":{"level":"INFO","message":"INFO i.a.w.i.DefaultAirbyteStreamFactory(internalLog):159 INFO i.a.i.s.p.PostgresUtils(isCdc):53 using CDC: false"}}
{"type":"LOG","log":{"level":"INFO","message":"INFO i.a.w.i.DefaultAirbyteStreamFactory(internalLog):159 INFO i.a.i.s.j.AbstractJdbcSource(queryTableFullRefresh):112 Queueing query for table: id_and_name"}}
{"type":"LOG","log":{"level":"INFO","message":"INFO i.a.w.i.DefaultAirbyteStreamFactory(internalLog):159 INFO i.a.i.s.j.AbstractJdbcSource(queryTableFullRefresh):112 Queueing query for table: starships"}}
{"type":"LOG","log":{"level":"INFO","message":"INFO i.a.w.i.DefaultAirbyteStreamFactory(internalLog):159 INFO i.a.i.s.j.AbstractJdbcSource(queryTableFullRefresh):112 Queueing query for table: testview"}}
{"type":"LOG","log":{"level":"INFO","message":"INFO i.a.w.i.DefaultAirbyteStreamFactory(internalLog):159 INFO i.a.i.s.r.RelationalDbQueryUtils(lambda$queryTable$0):73 Queueing query: SELECT \"id\",\"name\" FROM \"public\".\"id_and_name\""}}
{"type":"LOG","log":{"level":"INFO","message":"INFO i.a.w.i.DefaultAirbyteStreamFactory(internalLog):159 INFO i.a.d.j.s.AdaptiveStreamingQueryConfig(initialize):31 Set initial fetch size: 10 rows"}}
{"type":"LOG","log":{"level":"INFO","message":"INFO i.a.w.i.DefaultAirbyteStreamFactory(internalLog):159 INFO i.a.c.u.CompositeIterator(lambda$emitStartStreamStatus$1):155 STARTING -> public_id_and_name"}}
{"type":"LOG","log":{"level":"INFO","message":"INFO i.a.w.i.DefaultAirbyteStreamFactory(internalLog):159 INFO i.a.c.u.CompositeIterator(lambda$emitRunningStreamStatus$0):148 RUNNING -> public_id_and_name"}}
{"type":"LOG","log":{"level":"INFO","message":"INFO i.a.w.i.DefaultAirbyteStreamFactory(internalLog):159 INFO i.a.c.u.CompositeIterator(lambda$emitCompleteStreamStatus$2):162 COMPLETE -> public_id_and_name"}}
{"type":"LOG","log":{"level":"INFO","message":"INFO i.a.w.i.DefaultAirbyteStreamFactory(internalLog):159 INFO i.a.c.u.CompositeIterator(lambda$emitStartStreamStatus$1):155 STARTING -> public_starships"}}
{"type":"LOG","log":{"level":"INFO","message":"INFO i.a.w.i.DefaultAirbyteStreamFactory(internalLog):159 INFO i.a.i.s.r.RelationalDbQueryUtils(lambda$queryTable$0):73 Queueing query: SELECT \"id\",\"name\" FROM \"public\".\"starships\""}}
{"type":"LOG","log":{"level":"INFO","message":"INFO i.a.w.i.DefaultAirbyteStreamFactory(internalLog):159 INFO i.a.d.j.s.AdaptiveStreamingQueryConfig(initialize):31 Set initial fetch size: 10 rows"}}
{"type":"LOG","log":{"level":"INFO","message":"INFO i.a.w.i.DefaultAirbyteStreamFactory(internalLog):159 INFO i.a.c.u.CompositeIterator(lambda$emitRunningStreamStatus$0):148 RUNNING -> public_starships"}}
{"type":"LOG","log":{"level":"INFO","message":"INFO i.a.w.i.DefaultAirbyteStreamFactory(internalLog):159 INFO i.a.c.u.CompositeIterator(lambda$emitCompleteStreamStatus$2):162 COMPLETE -> public_starships"}}
{"type":"LOG","log":{"level":"INFO","message":"INFO i.a.w.i.DefaultAirbyteStreamFactory(internalLog):159 INFO i.a.c.u.CompositeIterator(lambda$emitStartStreamStatus$1):155 STARTING -> public_testview"}}
{"type":"LOG","log":{"level":"INFO","message":"INFO i.a.w.i.DefaultAirbyteStreamFactory(internalLog):159 INFO i.a.i.s.r.RelationalDbQueryUtils(lambda$queryTable$0):73 Queueing query: SELECT \"id\",\"name\" FROM \"public\".\"testview\""}}
{"type":"LOG","log":{"level":"INFO","message":"INFO i.a.w.i.DefaultAirbyteStreamFactory(internalLog):159 INFO i.a.d.j.s.AdaptiveStreamingQueryConfig(initialize):31 Set initial fetch size: 10 rows"}}
{"type":"LOG","log":{"level":"INFO","message":"INFO i.a.w.i.DefaultAirbyteStreamFactory(internalLog):159 INFO i.a.c.u.CompositeIterator(lambda$emitRunningStreamStatus$0):148 RUNNING -> public_testview"}}
{"type":"LOG","log":{"level":"INFO","message":"INFO i.a.w.i.DefaultAirbyteStreamFactory(internalLog):159 INFO i.a.c.u.CompositeIterator(lambda$emitCompleteStreamStatus$2):162 COMPLETE -> public_testview"}}
{"type":"LOG","log":{"level":"INFO","message":"INFO i.a.w.i.DefaultAirbyteStreamFactory(internalLog):159 INFO i.a.i.s.r.AbstractDbSource(lambda$read$1):173 Closing database connection pool."}}
{"type":"LOG","log":{"level":"INFO","message":"INFO i.a.w.i.DefaultAirbyteStreamFactory(internalLog):159 INFO c.z.h.HikariDataSource(close):350 HikariPool-1 - Shutdown initiated..."}}
{"type":"LOG","log":{"level":"INFO","message":"INFO i.a.w.i.DefaultAirbyteStreamFactory(internalLog):159 INFO c.z.h.HikariDataSource(close):352 HikariPool-1 - Shutdown completed."}}
{"type":"LOG","log":{"level":"INFO","message":"INFO i.a.w.i.DefaultAirbyteStreamFactory(internalLog):159 INFO i.a.i.s.r.AbstractDbSource(lambda$read$1):175 Closed database connection pool."}}
{"type":"LOG","log":{"level":"INFO","message":"INFO i.a.w.i.DefaultAirbyteStreamFactory(internalLog):159 INFO i.a.i.b.IntegrationRunner(runInternal):186 Completed integration: io.airbyte.integrations.base.ssh.SshWrappedSource"}}
{"type":"LOG","log":{"level":"INFO","message":"INFO i.a.w.i.DefaultAirbyteStreamFactory(internalLog):159 INFO i.a.i.s.p.PostgresSource(main):509 completed source: class io.airbyte.integrations.source.postgres.PostgresSource"}}
{"type":"LOG","log":{"level":"INFO","message":"INFO i.a.c.i.LineGobbler(voidCall):114 Checking if airbyte/source-postgres:dev exists..."}}
{"type":"LOG","log":{"level":"INFO","message":"INFO i.a.c.i.LineGobbler(voidCall):114 airbyte/source-postgres:dev was found locally."}}
{"type":"LOG","log":{"level":"INFO","message":"INFO i.a.w.p.DockerProcessFactory(create):126 Creating docker container = source-postgres-read-0-0-yfdhc with resources null and allowedHosts null"}}
{"type":"LOG","log":{"level":"INFO","message":"INFO i.a.w.p.DockerProcessFactory(create):171 Preparing command: docker run --rm --init -i -w /data/job --log-driver none --name source-postgres-read-0-0-yfdhc --network host -v /tmp/airbyte_tests/test14337798938560144686:/data -v /tmp/airbyte_tests/output17809285654039079760:/local -e DEPLOYMENT_MODE=OSS -e USE_STREAM_CAPABLE_STATE=true -e FIELD_SELECTION_WORKSPACES= -e WORKER_ENVIRONMENT=DOCKER -e AIRBYTE_ROLE= -e APPLY_FIELD_SELECTION=false -e WORKER_CONNECTOR_IMAGE=airbyte/source-postgres:dev -e WORKER_JOB_ATTEMPT=0 -e AUTO_DETECT_SCHEMA=true -e AIRBYTE_VERSION= -e WORKER_JOB_ID=0 airbyte/source-postgres:dev read --config source_config.json --catalog source_catalog.json --state input_state.json"}}
{"type":"LOG","log":{"level":"INFO","message":"INFO i.a.w.i.DefaultAirbyteStreamFactory(internalLog):159 INFO i.a.i.s.p.PostgresSource(main):507 starting source: class io.airbyte.integrations.source.postgres.PostgresSource"}}
{"type":"LOG","log":{"level":"INFO","message":"INFO i.a.w.i.DefaultAirbyteStreamFactory(internalLog):159 INFO i.a.i.b.IntegrationCliParser(parseOptions):126 integration args: {read=null, catalog=source_catalog.json, state=input_state.json, config=source_config.json}"}}
{"type":"LOG","log":{"level":"INFO","message":"INFO i.a.w.i.DefaultAirbyteStreamFactory(internalLog):159 INFO i.a.i.b.IntegrationRunner(runInternal):108 Running integration: io.airbyte.integrations.base.ssh.SshWrappedSource"}}
{"type":"LOG","log":{"level":"INFO","message":"INFO i.a.w.i.DefaultAirbyteStreamFactory(internalLog):159 INFO i.a.i.b.IntegrationRunner(runInternal):109 Command: READ"}}
{"type":"LOG","log":{"level":"INFO","message":"INFO i.a.w.i.DefaultAirbyteStreamFactory(internalLog):159 INFO i.a.i.b.IntegrationRunner(runInternal):110 Integration config: IntegrationConfig{command=READ, configPath='source_config.json', catalogPath='source_catalog.json', statePath='input_state.json'}"}}
{"type":"LOG","log":{"level":"WARN","message":"WARN i.a.w.i.DefaultAirbyteStreamFactory(internalLog):156 WARN c.n.s.JsonMetaSchema(newValidator):278 Unknown keyword groups - you should define your own Meta Schema. If the keyword is irrelevant for validation, just use a NonValidationKeyword"}}
{"type":"LOG","log":{"level":"WARN","message":"WARN i.a.w.i.DefaultAirbyteStreamFactory(internalLog):156 WARN c.n.s.JsonMetaSchema(newValidator):278 Unknown keyword order - you should define your own Meta Schema. If the keyword is irrelevant for validation, just use a NonValidationKeyword"}}
{"type":"LOG","log":{"level":"WARN","message":"WARN i.a.w.i.DefaultAirbyteStreamFactory(internalLog):156 WARN c.n.s.JsonMetaSchema(newValidator):278 Unknown keyword group - you should define your own Meta Schema. If the keyword is irrelevant for validation, just use a NonValidationKeyword"}}
{"type":"LOG","log":{"level":"WARN","message":"WARN i.a.w.i.DefaultAirbyteStreamFactory(internalLog):156 WARN c.n.s.JsonMetaSchema(newValidator):278 Unknown keyword airbyte_secret - you should define your own Meta Schema. If the keyword is irrelevant for validation, just use a NonValidationKeyword"}}
{"type":"LOG","log":{"level":"WARN","message":"WARN i.a.w.i.DefaultAirbyteStreamFactory(internalLog):156 WARN c.n.s.JsonMetaSchema(newValidator):278 Unknown keyword always_show - you should define your own Meta Schema. If the keyword is irrelevant for validation, just use a NonValidationKeyword"}}
{"type":"LOG","log":{"level":"INFO","message":"INFO i.a.w.i.DefaultAirbyteStreamFactory(internalLog):159 INFO i.a.i.b.s.SshTunnel(getInstance):204 Starting connection with method: NO_TUNNEL"}}
{"type":"LOG","log":{"level":"INFO","message":"INFO i.a.w.i.DefaultAirbyteStreamFactory(internalLog):159 INFO i.a.i.s.p.PostgresUtils(isCdc):53 using CDC: false"}}
{"type":"LOG","log":{"level":"INFO","message":"INFO i.a.w.i.DefaultAirbyteStreamFactory(internalLog):159 INFO i.a.i.s.r.s.StateManagerFactory(createStateManager):55 Stream state manager selected to manage state object with type LEGACY."}}
{"type":"LOG","log":{"level":"INFO","message":"INFO i.a.w.i.DefaultAirbyteStreamFactory(internalLog):159 INFO i.a.i.s.r.s.CursorManager(createCursorInfoForStream):182 No cursor field set in catalog but not present in state. Stream: public_testview, New Cursor Field: id. Resetting cursor value"}}
{"type":"LOG","log":{"level":"INFO","message":"INFO i.a.w.i.DefaultAirbyteStreamFactory(internalLog):159 INFO i.a.i.s.r.s.CursorManager(createCursorInfoForStream):182 No cursor field set in catalog but not present in state. Stream: public_id_and_name, New Cursor Field: id. Resetting cursor value"}}
{"type":"LOG","log":{"level":"INFO","message":"INFO i.a.w.i.DefaultAirbyteStreamFactory(internalLog):159 INFO i.a.i.s.r.s.CursorManager(createCursorInfoForStream):182 No cursor field set in catalog but not present in state. Stream: public_starships, New Cursor Field: id. Resetting cursor value"}}
{"type":"LOG","log":{"level":"INFO","message":"INFO i.a.w.i.DefaultAirbyteStreamFactory(internalLog):159 INFO c.z.h.HikariDataSource(<init>):80 HikariPool-1 - Starting..."}}
{"type":"LOG","log":{"level":"INFO","message":"INFO i.a.w.i.DefaultAirbyteStreamFactory(internalLog):159 INFO c.z.h.HikariDataSource(<init>):82 HikariPool-1 - Start completed."}}
{"type":"LOG","log":{"level":"INFO","message":"INFO i.a.w.i.DefaultAirbyteStreamFactory(internalLog):159 INFO i.a.i.s.p.PostgresUtils(isCdc):53 using CDC: false"}}
{"type":"LOG","log":{"level":"INFO","message":"INFO i.a.w.i.DefaultAirbyteStreamFactory(internalLog):159 INFO i.a.i.s.j.AbstractJdbcSource(logPreSyncDebugData):450 Data source product recognized as PostgreSQL:13.11"}}
{"type":"LOG","log":{"level":"INFO","message":"INFO i.a.w.i.DefaultAirbyteStreamFactory(internalLog):159 INFO i.a.i.s.p.PostgresSource(logPreSyncDebugData):221 Discovering indexes for schema \"public\", table \"id_and_name\""}}
{"type":"LOG","log":{"level":"INFO","message":"INFO i.a.w.i.DefaultAirbyteStreamFactory(internalLog):159 INFO i.a.i.s.p.PostgresSource(logPreSyncDebugData):221 Discovering indexes for schema \"public\", table \"starships\""}}
{"type":"LOG","log":{"level":"INFO","message":"INFO i.a.w.i.DefaultAirbyteStreamFactory(internalLog):159 INFO i.a.i.s.p.PostgresSource(logPreSyncDebugData):221 Discovering indexes for schema \"public\", table \"testview\""}}
{"type":"LOG","log":{"level":"INFO","message":"INFO i.a.w.i.DefaultAirbyteStreamFactory(internalLog):159 INFO i.a.i.s.p.PostgresQueryUtils(logXminStatus):77 Xmin Status : {Number of wraparounds: 0, Xmin Transaction Value: 492, Xmin Raw Value: 492"}}
{"type":"LOG","log":{"level":"INFO","message":"INFO i.a.w.i.DefaultAirbyteStreamFactory(internalLog):159 INFO i.a.i.s.j.AbstractJdbcSource(discoverInternal):166 Internal schemas to exclude: [catalog_history, information_schema, pg_catalog, pg_internal]"}}
{"type":"LOG","log":{"level":"INFO","message":"INFO i.a.w.i.DefaultAirbyteStreamFactory(internalLog):159 INFO i.a.d.j.s.AdaptiveStreamingQueryConfig(initialize):31 Set initial fetch size: 10 rows"}}
{"type":"LOG","log":{"level":"WARN","message":"WARN i.a.w.i.DefaultAirbyteStreamFactory(internalLog):156 WARN i.a.i.s.r.DbSourceDiscoverUtil(logSourceSchemaChange):82 Source schema changed for table public.id_and_name! Potential mismatches: [id]. Actual schema: {\"type\":\"object\",\"properties\":{\"name\":{\"type\":\"string\"},\"id\":{\"type\":\"number\",\"airbyte_type\":\"integer\"}}}. Catalog schema: {\"type\":\"object\",\"properties\":{\"name\":{\"type\":\"string\"},\"id\":{\"type\":\"number\"}}}"}}
{"type":"LOG","log":{"level":"WARN","message":"WARN i.a.w.i.DefaultAirbyteStreamFactory(internalLog):156 WARN i.a.i.s.r.DbSourceDiscoverUtil(logSourceSchemaChange):82 Source schema changed for table public.starships! Potential mismatches: [id]. Actual schema: {\"type\":\"object\",\"properties\":{\"name\":{\"type\":\"string\"},\"id\":{\"type\":\"number\",\"airbyte_type\":\"integer\"}}}. Catalog schema: {\"type\":\"object\",\"properties\":{\"name\":{\"type\":\"string\"},\"id\":{\"type\":\"number\"}}}"}}
{"type":"LOG","log":{"level":"WARN","message":"WARN i.a.w.i.DefaultAirbyteStreamFactory(internalLog):156 WARN i.a.i.s.r.DbSourceDiscoverUtil(logSourceSchemaChange):82 Source schema changed for table public.testview! Potential mismatches: [id]. Actual schema: {\"type\":\"object\",\"properties\":{\"name\":{\"type\":\"string\"},\"id\":{\"type\":\"number\",\"airbyte_type\":\"integer\"}}}. Catalog schema: {\"type\":\"object\",\"properties\":{\"name\":{\"type\":\"string\"},\"id\":{\"type\":\"number\"}}}"}}
{"type":"LOG","log":{"level":"INFO","message":"INFO i.a.w.i.DefaultAirbyteStreamFactory(internalLog):159 INFO i.a.i.s.p.PostgresUtils(isCdc):53 using CDC: false"}}
{"type":"LOG","log":{"level":"INFO","message":"INFO i.a.w.i.DefaultAirbyteStreamFactory(internalLog):159 INFO i.a.i.s.j.AbstractJdbcSource(queryTableFullRefresh):112 Queueing query for table: id_and_name"}}
{"type":"LOG","log":{"level":"INFO","message":"INFO i.a.w.i.DefaultAirbyteStreamFactory(internalLog):159 INFO i.a.i.s.j.AbstractJdbcSource(queryTableFullRefresh):112 Queueing query for table: starships"}}
{"type":"LOG","log":{"level":"INFO","message":"INFO i.a.w.i.DefaultAirbyteStreamFactory(internalLog):159 INFO i.a.i.s.j.AbstractJdbcSource(queryTableFullRefresh):112 Queueing query for table: testview"}}
{"type":"LOG","log":{"level":"INFO","message":"INFO i.a.w.i.DefaultAirbyteStreamFactory(internalLog):159 INFO i.a.i.s.r.RelationalDbQueryUtils(lambda$queryTable$0):73 Queueing query: SELECT \"id\",\"name\" FROM \"public\".\"id_and_name\" ORDER BY \"id\" ASC"}}
{"type":"LOG","log":{"level":"INFO","message":"INFO i.a.w.i.DefaultAirbyteStreamFactory(internalLog):159 INFO i.a.d.j.s.AdaptiveStreamingQueryConfig(initialize):31 Set initial fetch size: 10 rows"}}
{"type":"LOG","log":{"level":"INFO","message":"INFO i.a.w.i.DefaultAirbyteStreamFactory(internalLog):159 INFO i.a.c.u.CompositeIterator(lambda$emitStartStreamStatus$1):155 STARTING -> public_id_and_name"}}
{"type":"LOG","log":{"level":"INFO","message":"INFO i.a.w.i.DefaultAirbyteStreamFactory(internalLog):159 INFO i.a.c.u.CompositeIterator(lambda$emitRunningStreamStatus$0):148 RUNNING -> public_id_and_name"}}
{"type":"LOG","log":{"level":"INFO","message":"INFO i.a.w.i.DefaultAirbyteStreamFactory(internalLog):159 INFO i.a.c.u.CompositeIterator(lambda$emitCompleteStreamStatus$2):162 COMPLETE -> public_id_and_name"}}
{"type":"LOG","log":{"level":"INFO","message":"INFO i.a.w.i.DefaultAirbyteStreamFactory(internalLog):159 INFO i.a.c.u.CompositeIterator(lambda$emitStartStreamStatus$1):155 STARTING -> public_starships"}}
{"type":"LOG","log":{"level":"INFO","message":"INFO i.a.w.i.DefaultAirbyteStreamFactory(internalLog):159 INFO i.a.i.s.r.RelationalDbQueryUtils(lambda$queryTable$0):73 Queueing query: SELECT \"id\",\"name\" FROM \"public\".\"starships\" ORDER BY \"id\" ASC"}}
{"type":"LOG","log":{"level":"INFO","message":"INFO i.a.w.i.DefaultAirbyteStreamFactory(internalLog):159 INFO i.a.d.j.s.AdaptiveStreamingQueryConfig(initialize):31 Set initial fetch size: 10 rows"}}
{"type":"LOG","log":{"level":"INFO","message":"INFO i.a.w.i.DefaultAirbyteStreamFactory(internalLog):159 INFO i.a.c.u.CompositeIterator(lambda$emitRunningStreamStatus$0):148 RUNNING -> public_starships"}}
{"type":"LOG","log":{"level":"INFO","message":"INFO i.a.w.i.DefaultAirbyteStreamFactory(internalLog):159 INFO i.a.c.u.CompositeIterator(lambda$emitCompleteStreamStatus$2):162 COMPLETE -> public_starships"}}
{"type":"LOG","log":{"level":"INFO","message":"INFO i.a.w.i.DefaultAirbyteStreamFactory(internalLog):159 INFO i.a.c.u.CompositeIterator(lambda$emitStartStreamStatus$1):155 STARTING -> public_testview"}}
{"type":"LOG","log":{"level":"INFO","message":"INFO i.a.w.i.DefaultAirbyteStreamFactory(internalLog):159 INFO i.a.i.s.r.RelationalDbQueryUtils(lambda$queryTable$0):73 Queueing query: SELECT \"id\",\"name\" FROM \"public\".\"testview\" ORDER BY \"id\" ASC"}}
{"type":"LOG","log":{"level":"INFO","message":"INFO i.a.w.i.DefaultAirbyteStreamFactory(internalLog):159 INFO i.a.d.j.s.AdaptiveStreamingQueryConfig(initialize):31 Set initial fetch size: 10 rows"}}
{"type":"LOG","log":{"level":"INFO","message":"INFO i.a.w.i.DefaultAirbyteStreamFactory(internalLog):159 INFO i.a.c.u.CompositeIterator(lambda$emitRunningStreamStatus$0):148 RUNNING -> public_testview"}}
{"type":"LOG","log":{"level":"INFO","message":"INFO i.a.w.i.DefaultAirbyteStreamFactory(internalLog):159 INFO i.a.c.u.CompositeIterator(lambda$emitCompleteStreamStatus$2):162 COMPLETE -> public_testview"}}
{"type":"LOG","log":{"level":"INFO","message":"INFO i.a.w.i.DefaultAirbyteStreamFactory(internalLog):159 INFO i.a.i.s.r.AbstractDbSource(lambda$read$1):173 Closing database connection pool."}}
{"type":"LOG","log":{"level":"INFO","message":"INFO i.a.w.i.DefaultAirbyteStreamFactory(internalLog):159 INFO c.z.h.HikariDataSource(close):350 HikariPool-1 - Shutdown initiated..."}}
{"type":"LOG","log":{"level":"INFO","message":"INFO i.a.w.i.DefaultAirbyteStreamFactory(internalLog):159 INFO c.z.h.HikariDataSource(close):352 HikariPool-1 - Shutdown completed."}}
{"type":"LOG","log":{"level":"INFO","message":"INFO i.a.w.i.DefaultAirbyteStreamFactory(internalLog):159 INFO i.a.i.s.r.AbstractDbSource(lambda$read$1):175 Closed database connection pool."}}
{"type":"LOG","log":{"level":"INFO","message":"INFO i.a.w.i.DefaultAirbyteStreamFactory(internalLog):159 INFO i.a.i.b.IntegrationRunner(runInternal):186 Completed integration: io.airbyte.integrations.base.ssh.SshWrappedSource"}}
{"type":"LOG","log":{"level":"INFO","message":"INFO i.a.w.i.DefaultAirbyteStreamFactory(internalLog):159 INFO i.a.i.s.p.PostgresSource(main):509 completed source: class io.airbyte.integrations.source.postgres.PostgresSource"}}
{"type":"LOG","log":{"level":"INFO","message":"INFO o.t.c.GenericContainer(tryStart):376 Creating container for image: postgres:13-alpine"}}
{"type":"LOG","log":{"level":"INFO","message":"INFO o.t.c.GenericContainer(tryStart):440 Container postgres:13-alpine is starting: 130a827bec580f71760dc41d81923dff9e65ff19d1e764542f8ef1ca88d0e7bb"}}
{"type":"LOG","log":{"level":"INFO","message":"INFO o.t.c.GenericContainer(tryStart):520 Container postgres:13-alpine started in PT4.113227S"}}
{"type":"LOG","log":{"level":"INFO","message":"INFO c.z.h.HikariDataSource(<init>):80 HikariPool-13 - Starting..."}}
{"type":"LOG","log":{"level":"INFO","message":"INFO c.z.h.HikariDataSource(<init>):82 HikariPool-13 - Start completed."}}
{"type":"LOG","log":{"level":"INFO","message":"INFO i.a.i.s.s.TestEnvConfigs(getEnvOrDefault):119 Using default value for environment variable WORKER_ENVIRONMENT: 'DOCKER'"}}
{"type":"LOG","log":{"level":"INFO","message":"INFO i.a.i.s.s.TestEnvConfigs(getEnvOrDefault):119 Using default value for environment variable DEPLOYMENT_MODE: 'OSS'"}}
{"type":"LOG","log":{"level":"INFO","message":"INFO i.a.c.i.LineGobbler(voidCall):114 Checking if airbyte/source-postgres:dev exists..."}}
{"type":"LOG","log":{"level":"INFO","message":"INFO i.a.c.i.LineGobbler(voidCall):114 airbyte/source-postgres:dev was found locally."}}
{"type":"LOG","log":{"level":"INFO","message":"INFO i.a.w.p.DockerProcessFactory(create):126 Creating docker container = source-postgres-spec-0-0-rjylw with resources null and allowedHosts null"}}
{"type":"LOG","log":{"level":"INFO","message":"INFO i.a.w.p.DockerProcessFactory(create):171 Preparing command: docker run --rm --init -i -w /data/job --log-driver none --name source-postgres-spec-0-0-rjylw --network host -v /tmp/airbyte_tests/test14772159389289991448:/data -v /tmp/airbyte_tests/output15035072656364821117:/local -e DEPLOYMENT_MODE=OSS -e USE_STREAM_CAPABLE_STATE=true -e FIELD_SELECTION_WORKSPACES= -e WORKER_ENVIRONMENT=DOCKER -e AIRBYTE_ROLE= -e APPLY_FIELD_SELECTION=false -e WORKER_CONNECTOR_IMAGE=airbyte/source-postgres:dev -e WORKER_JOB_ATTEMPT=0 -e AUTO_DETECT_SCHEMA=true -e AIRBYTE_VERSION= -e WORKER_JOB_ID=0 airbyte/source-postgres:dev spec"}}
{"type":"LOG","log":{"level":"INFO","message":"INFO i.a.w.i.DefaultAirbyteStreamFactory(internalLog):159 INFO i.a.i.s.p.PostgresSource(main):507 starting source: class io.airbyte.integrations.source.postgres.PostgresSource"}}
{"type":"LOG","log":{"level":"INFO","message":"INFO i.a.w.i.DefaultAirbyteStreamFactory(internalLog):159 INFO i.a.i.b.IntegrationCliParser(parseOptions):126 integration args: {spec=null}"}}
{"type":"LOG","log":{"level":"INFO","message":"INFO i.a.w.i.DefaultAirbyteStreamFactory(internalLog):159 INFO i.a.i.b.IntegrationRunner(runInternal):108 Running integration: io.airbyte.integrations.base.ssh.SshWrappedSource"}}
{"type":"LOG","log":{"level":"INFO","message":"INFO i.a.w.i.DefaultAirbyteStreamFactory(internalLog):159 INFO i.a.i.b.IntegrationRunner(runInternal):109 Command: SPEC"}}
{"type":"LOG","log":{"level":"INFO","message":"INFO i.a.w.i.DefaultAirbyteStreamFactory(internalLog):159 INFO i.a.i.b.IntegrationRunner(runInternal):110 Integration config: IntegrationConfig{command=SPEC, configPath='null', catalogPath='null', statePath='null'}"}}
{"type":"LOG","log":{"level":"INFO","message":"INFO i.a.w.i.DefaultAirbyteStreamFactory(internalLog):159 INFO i.a.i.b.IntegrationRunner(runInternal):186 Completed integration: io.airbyte.integrations.base.ssh.SshWrappedSource"}}
{"type":"LOG","log":{"level":"INFO","message":"INFO i.a.w.i.DefaultAirbyteStreamFactory(internalLog):159 INFO i.a.i.s.p.PostgresSource(main):509 completed source: class io.airbyte.integrations.source.postgres.PostgresSource"}}
{"type":"LOG","log":{"level":"INFO","message":"INFO o.t.c.GenericContainer(tryStart):376 Creating container for image: postgres:13-alpine"}}
{"type":"LOG","log":{"level":"INFO","message":"INFO o.t.c.GenericContainer(tryStart):440 Container postgres:13-alpine is starting: 595ef9148a28d2a8e93f3b8baf03df0baff59e29bb70a6f2fa11d2a1997f78be"}}
{"type":"LOG","log":{"level":"INFO","message":"INFO o.t.c.GenericContainer(tryStart):520 Container postgres:13-alpine started in PT4.296482S"}}
{"type":"LOG","log":{"level":"INFO","message":"INFO c.z.h.HikariDataSource(<init>):80 HikariPool-14 - Starting..."}}
{"type":"LOG","log":{"level":"INFO","message":"INFO c.z.h.HikariDataSource(<init>):82 HikariPool-14 - Start completed."}}
{"type":"LOG","log":{"level":"INFO","message":"INFO i.a.i.s.s.TestEnvConfigs(getEnvOrDefault):119 Using default value for environment variable WORKER_ENVIRONMENT: 'DOCKER'"}}
{"type":"LOG","log":{"level":"INFO","message":"INFO i.a.i.s.s.TestEnvConfigs(getEnvOrDefault):119 Using default value for environment variable DEPLOYMENT_MODE: 'OSS'"}}
{"type":"LOG","log":{"level":"INFO","message":"INFO i.a.c.i.LineGobbler(voidCall):114 Checking if airbyte/source-postgres:dev exists..."}}
{"type":"LOG","log":{"level":"INFO","message":"INFO i.a.c.i.LineGobbler(voidCall):114 airbyte/source-postgres:dev was found locally."}}
{"type":"LOG","log":{"level":"INFO","message":"INFO i.a.w.p.DockerProcessFactory(create):126 Creating docker container = source-postgres-read-0-0-dhznk with resources null and allowedHosts null"}}
{"type":"LOG","log":{"level":"INFO","message":"INFO i.a.w.p.DockerProcessFactory(create):171 Preparing command: docker run --rm --init -i -w /data/job --log-driver none --name source-postgres-read-0-0-dhznk --network host -v /tmp/airbyte_tests/test17445184090558684452:/data -v /tmp/airbyte_tests/output8105403020517293437:/local -e DEPLOYMENT_MODE=OSS -e USE_STREAM_CAPABLE_STATE=true -e FIELD_SELECTION_WORKSPACES= -e WORKER_ENVIRONMENT=DOCKER -e AIRBYTE_ROLE= -e APPLY_FIELD_SELECTION=false -e WORKER_CONNECTOR_IMAGE=airbyte/source-postgres:dev -e WORKER_JOB_ATTEMPT=0 -e AUTO_DETECT_SCHEMA=true -e AIRBYTE_VERSION= -e WORKER_JOB_ID=0 airbyte/source-postgres:dev read --config source_config.json --catalog source_catalog.json"}}
{"type":"LOG","log":{"level":"INFO","message":"INFO i.a.w.i.DefaultAirbyteStreamFactory(internalLog):159 INFO i.a.i.s.p.PostgresSource(main):507 starting source: class io.airbyte.integrations.source.postgres.PostgresSource"}}
{"type":"LOG","log":{"level":"INFO","message":"INFO i.a.w.i.DefaultAirbyteStreamFactory(internalLog):159 INFO i.a.i.b.IntegrationCliParser(parseOptions):126 integration args: {read=null, catalog=source_catalog.json, config=source_config.json}"}}
{"type":"LOG","log":{"level":"INFO","message":"INFO i.a.w.i.DefaultAirbyteStreamFactory(internalLog):159 INFO i.a.i.b.IntegrationRunner(runInternal):108 Running integration: io.airbyte.integrations.base.ssh.SshWrappedSource"}}
{"type":"LOG","log":{"level":"INFO","message":"INFO i.a.w.i.DefaultAirbyteStreamFactory(internalLog):159 INFO i.a.i.b.IntegrationRunner(runInternal):109 Command: READ"}}
{"type":"LOG","log":{"level":"INFO","message":"INFO i.a.w.i.DefaultAirbyteStreamFactory(internalLog):159 INFO i.a.i.b.IntegrationRunner(runInternal):110 Integration config: IntegrationConfig{command=READ, configPath='source_config.json', catalogPath='source_catalog.json', statePath='null'}"}}
{"type":"LOG","log":{"level":"WARN","message":"WARN i.a.w.i.DefaultAirbyteStreamFactory(internalLog):156 WARN c.n.s.JsonMetaSchema(newValidator):278 Unknown keyword groups - you should define your own Meta Schema. If the keyword is irrelevant for validation, just use a NonValidationKeyword"}}
{"type":"LOG","log":{"level":"WARN","message":"WARN i.a.w.i.DefaultAirbyteStreamFactory(internalLog):156 WARN c.n.s.JsonMetaSchema(newValidator):278 Unknown keyword order - you should define your own Meta Schema. If the keyword is irrelevant for validation, just use a NonValidationKeyword"}}
{"type":"LOG","log":{"level":"WARN","message":"WARN i.a.w.i.DefaultAirbyteStreamFactory(internalLog):156 WARN c.n.s.JsonMetaSchema(newValidator):278 Unknown keyword group - you should define your own Meta Schema. If the keyword is irrelevant for validation, just use a NonValidationKeyword"}}
{"type":"LOG","log":{"level":"WARN","message":"WARN i.a.w.i.DefaultAirbyteStreamFactory(internalLog):156 WARN c.n.s.JsonMetaSchema(newValidator):278 Unknown keyword airbyte_secret - you should define your own Meta Schema. If the keyword is irrelevant for validation, just use a NonValidationKeyword"}}
{"type":"LOG","log":{"level":"WARN","message":"WARN i.a.w.i.DefaultAirbyteStreamFactory(internalLog):156 WARN c.n.s.JsonMetaSchema(newValidator):278 Unknown keyword always_show - you should define your own Meta Schema. If the keyword is irrelevant for validation, just use a NonValidationKeyword"}}
{"type":"LOG","log":{"level":"INFO","message":"INFO i.a.w.i.DefaultAirbyteStreamFactory(internalLog):159 INFO i.a.i.b.s.SshTunnel(getInstance):204 Starting connection with method: NO_TUNNEL"}}
{"type":"LOG","log":{"level":"INFO","message":"INFO i.a.w.i.DefaultAirbyteStreamFactory(internalLog):159 INFO i.a.i.s.p.PostgresUtils(isCdc):53 using CDC: false"}}
{"type":"LOG","log":{"level":"INFO","message":"INFO i.a.w.i.DefaultAirbyteStreamFactory(internalLog):159 INFO i.a.i.s.r.s.StateManagerFactory(createStateManager):55 Stream state manager selected to manage state object with type STREAM."}}
{"type":"LOG","log":{"level":"INFO","message":"INFO i.a.w.i.DefaultAirbyteStreamFactory(internalLog):159 INFO i.a.i.s.r.s.CursorManager(createCursorInfoForStream):182 No cursor field set in catalog but not present in state. Stream: public_testview, New Cursor Field: id. Resetting cursor value"}}
{"type":"LOG","log":{"level":"INFO","message":"INFO i.a.w.i.DefaultAirbyteStreamFactory(internalLog):159 INFO i.a.i.s.r.s.CursorManager(createCursorInfoForStream):182 No cursor field set in catalog but not present in state. Stream: public_id_and_name, New Cursor Field: id. Resetting cursor value"}}
{"type":"LOG","log":{"level":"INFO","message":"INFO i.a.w.i.DefaultAirbyteStreamFactory(internalLog):159 INFO i.a.i.s.r.s.CursorManager(createCursorInfoForStream):182 No cursor field set in catalog but not present in state. Stream: public_starships, New Cursor Field: id. Resetting cursor value"}}
{"type":"LOG","log":{"level":"INFO","message":"INFO i.a.w.i.DefaultAirbyteStreamFactory(internalLog):159 INFO c.z.h.HikariDataSource(<init>):80 HikariPool-1 - Starting..."}}
{"type":"LOG","log":{"level":"INFO","message":"INFO i.a.w.i.DefaultAirbyteStreamFactory(internalLog):159 INFO c.z.h.HikariDataSource(<init>):82 HikariPool-1 - Start completed."}}
{"type":"LOG","log":{"level":"INFO","message":"INFO i.a.w.i.DefaultAirbyteStreamFactory(internalLog):159 INFO i.a.i.s.p.PostgresUtils(isCdc):53 using CDC: false"}}
{"type":"LOG","log":{"level":"INFO","message":"INFO i.a.w.i.DefaultAirbyteStreamFactory(internalLog):159 INFO i.a.i.s.j.AbstractJdbcSource(logPreSyncDebugData):450 Data source product recognized as PostgreSQL:13.11"}}
{"type":"LOG","log":{"level":"INFO","message":"INFO i.a.w.i.DefaultAirbyteStreamFactory(internalLog):159 INFO i.a.i.s.p.PostgresSource(logPreSyncDebugData):221 Discovering indexes for schema \"public\", table \"id_and_name\""}}
{"type":"LOG","log":{"level":"INFO","message":"INFO i.a.w.i.DefaultAirbyteStreamFactory(internalLog):159 INFO i.a.i.s.p.PostgresSource(logPreSyncDebugData):221 Discovering indexes for schema \"public\", table \"starships\""}}
{"type":"LOG","log":{"level":"INFO","message":"INFO i.a.w.i.DefaultAirbyteStreamFactory(internalLog):159 INFO i.a.i.s.p.PostgresSource(logPreSyncDebugData):221 Discovering indexes for schema \"public\", table \"testview\""}}
{"type":"LOG","log":{"level":"INFO","message":"INFO i.a.w.i.DefaultAirbyteStreamFactory(internalLog):159 INFO i.a.i.s.p.PostgresQueryUtils(logXminStatus):77 Xmin Status : {Number of wraparounds: 0, Xmin Transaction Value: 492, Xmin Raw Value: 492"}}
{"type":"LOG","log":{"level":"INFO","message":"INFO i.a.w.i.DefaultAirbyteStreamFactory(internalLog):159 INFO i.a.i.s.j.AbstractJdbcSource(discoverInternal):166 Internal schemas to exclude: [catalog_history, information_schema, pg_catalog, pg_internal]"}}
{"type":"LOG","log":{"level":"INFO","message":"INFO i.a.w.i.DefaultAirbyteStreamFactory(internalLog):159 INFO i.a.d.j.s.AdaptiveStreamingQueryConfig(initialize):31 Set initial fetch size: 10 rows"}}
{"type":"LOG","log":{"level":"WARN","message":"WARN i.a.w.i.DefaultAirbyteStreamFactory(internalLog):156 WARN i.a.i.s.r.DbSourceDiscoverUtil(logSourceSchemaChange):82 Source schema changed for table public.id_and_name! Potential mismatches: [id]. Actual schema: {\"type\":\"object\",\"properties\":{\"name\":{\"type\":\"string\"},\"id\":{\"type\":\"number\",\"airbyte_type\":\"integer\"}}}. Catalog schema: {\"type\":\"object\",\"properties\":{\"name\":{\"type\":\"string\"},\"id\":{\"type\":\"number\"}}}"}}
{"type":"LOG","log":{"level":"WARN","message":"WARN i.a.w.i.DefaultAirbyteStreamFactory(internalLog):156 WARN i.a.i.s.r.DbSourceDiscoverUtil(logSourceSchemaChange):82 Source schema changed for table public.starships! Potential mismatches: [id]. Actual schema: {\"type\":\"object\",\"properties\":{\"name\":{\"type\":\"string\"},\"id\":{\"type\":\"number\",\"airbyte_type\":\"integer\"}}}. Catalog schema: {\"type\":\"object\",\"properties\":{\"name\":{\"type\":\"string\"},\"id\":{\"type\":\"number\"}}}"}}
{"type":"LOG","log":{"level":"WARN","message":"WARN i.a.w.i.DefaultAirbyteStreamFactory(internalLog):156 WARN i.a.i.s.r.DbSourceDiscoverUtil(logSourceSchemaChange):82 Source schema changed for table public.testview! Potential mismatches: [id]. Actual schema: {\"type\":\"object\",\"properties\":{\"name\":{\"type\":\"string\"},\"id\":{\"type\":\"number\",\"airbyte_type\":\"integer\"}}}. Catalog schema: {\"type\":\"object\",\"properties\":{\"name\":{\"type\":\"string\"},\"id\":{\"type\":\"number\"}}}"}}
{"type":"LOG","log":{"level":"INFO","message":"INFO i.a.w.i.DefaultAirbyteStreamFactory(internalLog):159 INFO i.a.i.s.p.PostgresUtils(isCdc):53 using CDC: false"}}
{"type":"LOG","log":{"level":"INFO","message":"INFO i.a.w.i.DefaultAirbyteStreamFactory(internalLog):159 INFO i.a.i.s.j.AbstractJdbcSource(queryTableFullRefresh):112 Queueing query for table: id_and_name"}}
{"type":"LOG","log":{"level":"INFO","message":"INFO i.a.w.i.DefaultAirbyteStreamFactory(internalLog):159 INFO i.a.i.s.j.AbstractJdbcSource(queryTableFullRefresh):112 Queueing query for table: starships"}}
{"type":"LOG","log":{"level":"INFO","message":"INFO i.a.w.i.DefaultAirbyteStreamFactory(internalLog):159 INFO i.a.i.s.j.AbstractJdbcSource(queryTableFullRefresh):112 Queueing query for table: testview"}}
{"type":"LOG","log":{"level":"INFO","message":"INFO i.a.w.i.DefaultAirbyteStreamFactory(internalLog):159 INFO i.a.i.s.r.RelationalDbQueryUtils(lambda$queryTable$0):73 Queueing query: SELECT \"id\",\"name\" FROM \"public\".\"id_and_name\""}}
{"type":"LOG","log":{"level":"INFO","message":"INFO i.a.w.i.DefaultAirbyteStreamFactory(internalLog):159 INFO i.a.d.j.s.AdaptiveStreamingQueryConfig(initialize):31 Set initial fetch size: 10 rows"}}
{"type":"LOG","log":{"level":"INFO","message":"INFO i.a.w.i.DefaultAirbyteStreamFactory(internalLog):159 INFO i.a.c.u.CompositeIterator(lambda$emitStartStreamStatus$1):155 STARTING -> public_id_and_name"}}
{"type":"LOG","log":{"level":"INFO","message":"INFO i.a.w.i.DefaultAirbyteStreamFactory(internalLog):159 INFO i.a.c.u.CompositeIterator(lambda$emitRunningStreamStatus$0):148 RUNNING -> public_id_and_name"}}
{"type":"LOG","log":{"level":"INFO","message":"INFO i.a.w.i.DefaultAirbyteStreamFactory(internalLog):159 INFO i.a.c.u.CompositeIterator(lambda$emitCompleteStreamStatus$2):162 COMPLETE -> public_id_and_name"}}
{"type":"LOG","log":{"level":"INFO","message":"INFO i.a.w.i.DefaultAirbyteStreamFactory(internalLog):159 INFO i.a.c.u.CompositeIterator(lambda$emitStartStreamStatus$1):155 STARTING -> public_starships"}}
{"type":"LOG","log":{"level":"INFO","message":"INFO i.a.w.i.DefaultAirbyteStreamFactory(internalLog):159 INFO i.a.i.s.r.RelationalDbQueryUtils(lambda$queryTable$0):73 Queueing query: SELECT \"id\",\"name\" FROM \"public\".\"starships\""}}
{"type":"LOG","log":{"level":"INFO","message":"INFO i.a.w.i.DefaultAirbyteStreamFactory(internalLog):159 INFO i.a.d.j.s.AdaptiveStreamingQueryConfig(initialize):31 Set initial fetch size: 10 rows"}}
{"type":"LOG","log":{"level":"INFO","message":"INFO i.a.w.i.DefaultAirbyteStreamFactory(internalLog):159 INFO i.a.c.u.CompositeIterator(lambda$emitRunningStreamStatus$0):148 RUNNING -> public_starships"}}
{"type":"LOG","log":{"level":"INFO","message":"INFO i.a.w.i.DefaultAirbyteStreamFactory(internalLog):159 INFO i.a.c.u.CompositeIterator(lambda$emitCompleteStreamStatus$2):162 COMPLETE -> public_starships"}}
{"type":"LOG","log":{"level":"INFO","message":"INFO i.a.w.i.DefaultAirbyteStreamFactory(internalLog):159 INFO i.a.c.u.CompositeIterator(lambda$emitStartStreamStatus$1):155 STARTING -> public_testview"}}
{"type":"LOG","log":{"level":"INFO","message":"INFO i.a.w.i.DefaultAirbyteStreamFactory(internalLog):159 INFO i.a.i.s.r.RelationalDbQueryUtils(lambda$queryTable$0):73 Queueing query: SELECT \"id\",\"name\" FROM \"public\".\"testview\""}}
{"type":"LOG","log":{"level":"INFO","message":"INFO i.a.w.i.DefaultAirbyteStreamFactory(internalLog):159 INFO i.a.d.j.s.AdaptiveStreamingQueryConfig(initialize):31 Set initial fetch size: 10 rows"}}
{"type":"LOG","log":{"level":"INFO","message":"INFO i.a.w.i.DefaultAirbyteStreamFactory(internalLog):159 INFO i.a.c.u.CompositeIterator(lambda$emitRunningStreamStatus$0):148 RUNNING -> public_testview"}}
{"type":"LOG","log":{"level":"INFO","message":"INFO i.a.w.i.DefaultAirbyteStreamFactory(internalLog):159 INFO i.a.c.u.CompositeIterator(lambda$emitCompleteStreamStatus$2):162 COMPLETE -> public_testview"}}
{"type":"LOG","log":{"level":"INFO","message":"INFO i.a.w.i.DefaultAirbyteStreamFactory(internalLog):159 INFO i.a.i.s.r.AbstractDbSource(lambda$read$1):173 Closing database connection pool."}}
{"type":"LOG","log":{"level":"INFO","message":"INFO i.a.w.i.DefaultAirbyteStreamFactory(internalLog):159 INFO c.z.h.HikariDataSource(close):350 HikariPool-1 - Shutdown initiated..."}}
{"type":"LOG","log":{"level":"INFO","message":"INFO i.a.w.i.DefaultAirbyteStreamFactory(internalLog):159 INFO c.z.h.HikariDataSource(close):352 HikariPool-1 - Shutdown completed."}}
{"type":"LOG","log":{"level":"INFO","message":"INFO i.a.w.i.DefaultAirbyteStreamFactory(internalLog):159 INFO i.a.i.s.r.AbstractDbSource(lambda$read$1):175 Closed database connection pool."}}
{"type":"LOG","log":{"level":"INFO","message":"INFO i.a.w.i.DefaultAirbyteStreamFactory(internalLog):159 INFO i.a.i.b.IntegrationRunner(runInternal):186 Completed integration: io.airbyte.integrations.base.ssh.SshWrappedSource"}}
{"type":"LOG","log":{"level":"INFO","message":"INFO i.a.w.i.DefaultAirbyteStreamFactory(internalLog):159 INFO i.a.i.s.p.PostgresSource(main):509 completed source: class io.airbyte.integrations.source.postgres.PostgresSource"}}
{"type":"LOG","log":{"level":"INFO","message":"INFO o.t.c.GenericContainer(tryStart):376 Creating container for image: postgres:13-alpine"}}
{"type":"LOG","log":{"level":"INFO","message":"INFO o.t.c.GenericContainer(tryStart):440 Container postgres:13-alpine is starting: b2dda5a4506fa1ca9d7bcace835196ec9ed68ebf046fb630edcd78bfc6df26a1"}}
{"type":"LOG","log":{"level":"INFO","message":"INFO o.t.c.GenericContainer(tryStart):520 Container postgres:13-alpine started in PT6.093761S"}}
{"type":"LOG","log":{"level":"INFO","message":"INFO c.z.h.HikariDataSource(<init>):80 HikariPool-15 - Starting..."}}
{"type":"LOG","log":{"level":"INFO","message":"INFO c.z.h.HikariDataSource(<init>):82 HikariPool-15 - Start completed."}}
{"type":"LOG","log":{"level":"INFO","message":"INFO i.a.i.s.s.TestEnvConfigs(getEnvOrDefault):119 Using default value for environment variable WORKER_ENVIRONMENT: 'DOCKER'"}}
{"type":"LOG","log":{"level":"INFO","message":"INFO i.a.i.s.s.TestEnvConfigs(getEnvOrDefault):119 Using default value for environment variable DEPLOYMENT_MODE: 'OSS'"}}
{"type":"LOG","log":{"level":"INFO","message":"INFO i.a.c.i.LineGobbler(voidCall):114 "}}
{"type":"LOG","log":{"level":"INFO","message":"INFO i.a.c.i.LineGobbler(voidCall):114 ----- START CHECK -----"}}
{"type":"LOG","log":{"level":"INFO","message":"INFO i.a.c.i.LineGobbler(voidCall):114 "}}
{"type":"LOG","log":{"level":"INFO","message":"INFO i.a.c.i.LineGobbler(voidCall):114 Checking if airbyte/source-postgres:dev exists..."}}
{"type":"LOG","log":{"level":"INFO","message":"INFO i.a.c.i.LineGobbler(voidCall):114 airbyte/source-postgres:dev was found locally."}}
{"type":"LOG","log":{"level":"INFO","message":"INFO i.a.w.p.DockerProcessFactory(create):126 Creating docker container = source-postgres-check-0-0-tsspp with resources null and allowedHosts null"}}
{"type":"LOG","log":{"level":"INFO","message":"INFO i.a.w.p.DockerProcessFactory(create):171 Preparing command: docker run --rm --init -i -w /data/job --log-driver none --name source-postgres-check-0-0-tsspp --network host -v /tmp/airbyte_tests/test11402916458151898528:/data -v /tmp/airbyte_tests/output4382732462595101124:/local -e DEPLOYMENT_MODE=OSS -e USE_STREAM_CAPABLE_STATE=true -e FIELD_SELECTION_WORKSPACES= -e WORKER_ENVIRONMENT=DOCKER -e AIRBYTE_ROLE= -e APPLY_FIELD_SELECTION=false -e WORKER_CONNECTOR_IMAGE=airbyte/source-postgres:dev -e WORKER_JOB_ATTEMPT=0 -e AUTO_DETECT_SCHEMA=true -e AIRBYTE_VERSION= -e WORKER_JOB_ID=0 airbyte/source-postgres:dev check --config source_config.json"}}
{"type":"LOG","log":{"level":"INFO","message":"INFO i.a.w.i.DefaultAirbyteStreamFactory(internalLog):159 INFO i.a.i.s.p.PostgresSource(main):507 starting source: class io.airbyte.integrations.source.postgres.PostgresSource"}}
{"type":"LOG","log":{"level":"INFO","message":"INFO i.a.w.i.DefaultAirbyteStreamFactory(internalLog):159 INFO i.a.i.b.IntegrationCliParser(parseOptions):126 integration args: {check=null, config=source_config.json}"}}
{"type":"LOG","log":{"level":"INFO","message":"INFO i.a.w.i.DefaultAirbyteStreamFactory(internalLog):159 INFO i.a.i.b.IntegrationRunner(runInternal):108 Running integration: io.airbyte.integrations.base.ssh.SshWrappedSource"}}
{"type":"LOG","log":{"level":"INFO","message":"INFO i.a.w.i.DefaultAirbyteStreamFactory(internalLog):159 INFO i.a.i.b.IntegrationRunner(runInternal):109 Command: CHECK"}}
{"type":"LOG","log":{"level":"INFO","message":"INFO i.a.w.i.DefaultAirbyteStreamFactory(internalLog):159 INFO i.a.i.b.IntegrationRunner(runInternal):110 Integration config: IntegrationConfig{command=CHECK, configPath='source_config.json', catalogPath='null', statePath='null'}"}}
{"type":"LOG","log":{"level":"WARN","message":"WARN i.a.w.i.DefaultAirbyteStreamFactory(internalLog):156 WARN c.n.s.JsonMetaSchema(newValidator):278 Unknown keyword groups - you should define your own Meta Schema. If the keyword is irrelevant for validation, just use a NonValidationKeyword"}}
{"type":"LOG","log":{"level":"WARN","message":"WARN i.a.w.i.DefaultAirbyteStreamFactory(internalLog):156 WARN c.n.s.JsonMetaSchema(newValidator):278 Unknown keyword order - you should define your own Meta Schema. If the keyword is irrelevant for validation, just use a NonValidationKeyword"}}
{"type":"LOG","log":{"level":"WARN","message":"WARN i.a.w.i.DefaultAirbyteStreamFactory(internalLog):156 WARN c.n.s.JsonMetaSchema(newValidator):278 Unknown keyword group - you should define your own Meta Schema. If the keyword is irrelevant for validation, just use a NonValidationKeyword"}}
{"type":"LOG","log":{"level":"WARN","message":"WARN i.a.w.i.DefaultAirbyteStreamFactory(internalLog):156 WARN c.n.s.JsonMetaSchema(newValidator):278 Unknown keyword airbyte_secret - you should define your own Meta Schema. If the keyword is irrelevant for validation, just use a NonValidationKeyword"}}
{"type":"LOG","log":{"level":"WARN","message":"WARN i.a.w.i.DefaultAirbyteStreamFactory(internalLog):156 WARN c.n.s.JsonMetaSchema(newValidator):278 Unknown keyword always_show - you should define your own Meta Schema. If the keyword is irrelevant for validation, just use a NonValidationKeyword"}}
{"type":"LOG","log":{"level":"INFO","message":"INFO i.a.w.i.DefaultAirbyteStreamFactory(internalLog):159 INFO i.a.i.b.s.SshTunnel(getInstance):204 Starting connection with method: NO_TUNNEL"}}
{"type":"LOG","log":{"level":"INFO","message":"INFO i.a.w.i.DefaultAirbyteStreamFactory(internalLog):159 INFO i.a.i.s.p.PostgresUtils(isCdc):53 using CDC: false"}}
{"type":"LOG","log":{"level":"INFO","message":"INFO i.a.w.i.DefaultAirbyteStreamFactory(internalLog):159 INFO c.z.h.HikariDataSource(<init>):80 HikariPool-1 - Starting..."}}
{"type":"LOG","log":{"level":"INFO","message":"INFO i.a.w.i.DefaultAirbyteStreamFactory(internalLog):159 INFO c.z.h.HikariDataSource(<init>):82 HikariPool-1 - Start completed."}}
{"type":"LOG","log":{"level":"INFO","message":"INFO i.a.w.i.DefaultAirbyteStreamFactory(internalLog):159 INFO i.a.i.s.p.PostgresUtils(isCdc):53 using CDC: false"}}
{"type":"LOG","log":{"level":"INFO","message":"INFO i.a.w.i.DefaultAirbyteStreamFactory(internalLog):159 INFO i.a.i.s.p.PostgresUtils(isCdc):53 using CDC: false"}}
{"type":"LOG","log":{"level":"INFO","message":"INFO i.a.w.i.DefaultAirbyteStreamFactory(internalLog):159 INFO i.a.i.s.j.AbstractJdbcSource(lambda$getCheckOperations$1):138 Attempting to get metadata from the database to see if we can connect."}}
{"type":"LOG","log":{"level":"INFO","message":"INFO i.a.w.i.DefaultAirbyteStreamFactory(internalLog):159 INFO c.z.h.HikariDataSource(close):350 HikariPool-1 - Shutdown initiated..."}}
{"type":"LOG","log":{"level":"INFO","message":"INFO i.a.w.i.DefaultAirbyteStreamFactory(internalLog):159 INFO c.z.h.HikariDataSource(close):352 HikariPool-1 - Shutdown completed."}}
{"type":"LOG","log":{"level":"INFO","message":"INFO i.a.w.i.DefaultAirbyteStreamFactory(internalLog):159 INFO i.a.i.b.IntegrationRunner(runInternal):186 Completed integration: io.airbyte.integrations.base.ssh.SshWrappedSource"}}
{"type":"LOG","log":{"level":"INFO","message":"INFO i.a.w.i.DefaultAirbyteStreamFactory(internalLog):159 INFO i.a.i.s.p.PostgresSource(main):509 completed source: class io.airbyte.integrations.source.postgres.PostgresSource"}}
{"type":"LOG","log":{"level":"INFO","message":"INFO i.a.w.g.DefaultCheckConnectionTestHarness(run):107 Check connection job received output: io.airbyte.configoss.StandardCheckConnectionOutput@256c45a6[status=succeeded,message=<null>]"}}
{"type":"LOG","log":{"level":"INFO","message":"INFO i.a.c.i.LineGobbler(voidCall):114 "}}
{"type":"LOG","log":{"level":"INFO","message":"INFO i.a.c.i.LineGobbler(voidCall):114 ----- END CHECK -----"}}
{"type":"LOG","log":{"level":"INFO","message":"INFO i.a.c.i.LineGobbler(voidCall):114 "}}
{"type":"LOG","log":{"level":"INFO","message":"INFO o.t.c.GenericContainer(tryStart):376 Creating container for image: postgres:13-alpine"}}
{"type":"LOG","log":{"level":"INFO","message":"INFO o.t.c.GenericContainer(tryStart):440 Container postgres:13-alpine is starting: f0c39dfe0cfcfc88387697a2baaaf544ea08c7a62e845277ae072d738808f3f5"}}
{"type":"LOG","log":{"level":"INFO","message":"INFO o.t.c.GenericContainer(tryStart):520 Container postgres:13-alpine started in PT7.613991S"}}
{"type":"LOG","log":{"level":"INFO","message":"INFO c.z.h.HikariDataSource(<init>):80 HikariPool-16 - Starting..."}}
{"type":"LOG","log":{"level":"INFO","message":"INFO c.z.h.HikariDataSource(<init>):82 HikariPool-16 - Start completed."}}
{"type":"LOG","log":{"level":"INFO","message":"INFO i.a.i.s.s.TestEnvConfigs(getEnvOrDefault):119 Using default value for environment variable WORKER_ENVIRONMENT: 'DOCKER'"}}
{"type":"LOG","log":{"level":"INFO","message":"INFO i.a.i.s.s.TestEnvConfigs(getEnvOrDefault):119 Using default value for environment variable DEPLOYMENT_MODE: 'OSS'"}}
{"type":"LOG","log":{"level":"INFO","message":"INFO i.a.c.i.LineGobbler(voidCall):114 Checking if airbyte/source-postgres:dev exists..."}}
{"type":"LOG","log":{"level":"INFO","message":"INFO i.a.c.i.LineGobbler(voidCall):114 airbyte/source-postgres:dev was found locally."}}
{"type":"LOG","log":{"level":"INFO","message":"INFO i.a.w.p.DockerProcessFactory(create):126 Creating docker container = source-postgres-discover-0-0-kiydb with resources null and allowedHosts null"}}
{"type":"LOG","log":{"level":"INFO","message":"INFO i.a.w.p.DockerProcessFactory(create):171 Preparing command: docker run --rm --init -i -w /data/job --log-driver none --name source-postgres-discover-0-0-kiydb --network host -v /tmp/airbyte_tests/test10659621696887445218:/data -v /tmp/airbyte_tests/output3108310025499117122:/local -e DEPLOYMENT_MODE=OSS -e USE_STREAM_CAPABLE_STATE=true -e FIELD_SELECTION_WORKSPACES= -e WORKER_ENVIRONMENT=DOCKER -e AIRBYTE_ROLE= -e APPLY_FIELD_SELECTION=false -e WORKER_CONNECTOR_IMAGE=airbyte/source-postgres:dev -e WORKER_JOB_ATTEMPT=0 -e AUTO_DETECT_SCHEMA=true -e AIRBYTE_VERSION= -e WORKER_JOB_ID=0 airbyte/source-postgres:dev discover --config source_config.json"}}
{"type":"LOG","log":{"level":"INFO","message":"INFO i.a.w.i.DefaultAirbyteStreamFactory(internalLog):159 INFO i.a.i.s.p.PostgresSource(main):507 starting source: class io.airbyte.integrations.source.postgres.PostgresSource"}}
{"type":"LOG","log":{"level":"INFO","message":"INFO i.a.w.i.DefaultAirbyteStreamFactory(internalLog):159 INFO i.a.i.b.IntegrationCliParser(parseOptions):126 integration args: {discover=null, config=source_config.json}"}}
{"type":"LOG","log":{"level":"INFO","message":"INFO i.a.w.i.DefaultAirbyteStreamFactory(internalLog):159 INFO i.a.i.b.IntegrationRunner(runInternal):108 Running integration: io.airbyte.integrations.base.ssh.SshWrappedSource"}}
{"type":"LOG","log":{"level":"INFO","message":"INFO i.a.w.i.DefaultAirbyteStreamFactory(internalLog):159 INFO i.a.i.b.IntegrationRunner(runInternal):109 Command: DISCOVER"}}
{"type":"LOG","log":{"level":"INFO","message":"INFO i.a.w.i.DefaultAirbyteStreamFactory(internalLog):159 INFO i.a.i.b.IntegrationRunner(runInternal):110 Integration config: IntegrationConfig{command=DISCOVER, configPath='source_config.json', catalogPath='null', statePath='null'}"}}
{"type":"LOG","log":{"level":"WARN","message":"WARN i.a.w.i.DefaultAirbyteStreamFactory(internalLog):156 WARN c.n.s.JsonMetaSchema(newValidator):278 Unknown keyword groups - you should define your own Meta Schema. If the keyword is irrelevant for validation, just use a NonValidationKeyword"}}
{"type":"LOG","log":{"level":"WARN","message":"WARN i.a.w.i.DefaultAirbyteStreamFactory(internalLog):156 WARN c.n.s.JsonMetaSchema(newValidator):278 Unknown keyword order - you should define your own Meta Schema. If the keyword is irrelevant for validation, just use a NonValidationKeyword"}}
{"type":"LOG","log":{"level":"WARN","message":"WARN i.a.w.i.DefaultAirbyteStreamFactory(internalLog):156 WARN c.n.s.JsonMetaSchema(newValidator):278 Unknown keyword group - you should define your own Meta Schema. If the keyword is irrelevant for validation, just use a NonValidationKeyword"}}
{"type":"LOG","log":{"level":"WARN","message":"WARN i.a.w.i.DefaultAirbyteStreamFactory(internalLog):156 WARN c.n.s.JsonMetaSchema(newValidator):278 Unknown keyword airbyte_secret - you should define your own Meta Schema. If the keyword is irrelevant for validation, just use a NonValidationKeyword"}}
{"type":"LOG","log":{"level":"WARN","message":"WARN i.a.w.i.DefaultAirbyteStreamFactory(internalLog):156 WARN c.n.s.JsonMetaSchema(newValidator):278 Unknown keyword always_show - you should define your own Meta Schema. If the keyword is irrelevant for validation, just use a NonValidationKeyword"}}
{"type":"LOG","log":{"level":"INFO","message":"INFO i.a.w.i.DefaultAirbyteStreamFactory(internalLog):159 INFO i.a.i.b.s.SshTunnel(getInstance):204 Starting connection with method: NO_TUNNEL"}}
{"type":"LOG","log":{"level":"INFO","message":"INFO i.a.w.i.DefaultAirbyteStreamFactory(internalLog):159 INFO c.z.h.HikariDataSource(<init>):80 HikariPool-1 - Starting..."}}
{"type":"LOG","log":{"level":"INFO","message":"INFO i.a.w.i.DefaultAirbyteStreamFactory(internalLog):159 INFO c.z.h.HikariDataSource(<init>):82 HikariPool-1 - Start completed."}}
{"type":"LOG","log":{"level":"INFO","message":"INFO i.a.w.i.DefaultAirbyteStreamFactory(internalLog):159 INFO i.a.i.s.p.PostgresUtils(isCdc):53 using CDC: false"}}
{"type":"LOG","log":{"level":"INFO","message":"INFO i.a.w.i.DefaultAirbyteStreamFactory(internalLog):159 INFO i.a.i.s.j.AbstractJdbcSource(discoverInternal):166 Internal schemas to exclude: [catalog_history, information_schema, pg_catalog, pg_internal]"}}
{"type":"LOG","log":{"level":"INFO","message":"INFO i.a.w.i.DefaultAirbyteStreamFactory(internalLog):159 INFO i.a.d.j.s.AdaptiveStreamingQueryConfig(initialize):31 Set initial fetch size: 10 rows"}}
{"type":"LOG","log":{"level":"INFO","message":"INFO i.a.w.i.DefaultAirbyteStreamFactory(internalLog):159 INFO i.a.i.s.j.AbstractJdbcSource(discoverPrimaryKeys):266 Discover primary keys for tables: [testview, id_and_name, starships]"}}
{"type":"LOG","log":{"level":"INFO","message":"INFO i.a.w.i.DefaultAirbyteStreamFactory(internalLog):159 INFO c.z.h.HikariDataSource(close):350 HikariPool-1 - Shutdown initiated..."}}
{"type":"LOG","log":{"level":"INFO","message":"INFO i.a.w.i.DefaultAirbyteStreamFactory(internalLog):159 INFO c.z.h.HikariDataSource(close):352 HikariPool-1 - Shutdown completed."}}
{"type":"LOG","log":{"level":"INFO","message":"INFO i.a.w.i.DefaultAirbyteStreamFactory(internalLog):159 INFO i.a.i.s.p.PostgresUtils(isCdc):53 using CDC: false"}}
{"type":"LOG","log":{"level":"INFO","message":"INFO i.a.w.i.DefaultAirbyteStreamFactory(internalLog):159 INFO i.a.i.b.IntegrationRunner(runInternal):186 Completed integration: io.airbyte.integrations.base.ssh.SshWrappedSource"}}
{"type":"LOG","log":{"level":"INFO","message":"INFO i.a.w.i.DefaultAirbyteStreamFactory(internalLog):159 INFO i.a.i.s.p.PostgresSource(main):509 completed source: class io.airbyte.integrations.source.postgres.PostgresSource"}}
{"type":"LOG","log":{"level":"INFO","message":"INFO i.a.a.c.AirbyteApiClient(retryWithJitter):172 Attempt 0 to call to write discover schema result"}}
{"type":"LOG","log":{"level":"INFO","message":"INFO o.t.c.GenericContainer(tryStart):376 Creating container for image: postgres:13-alpine"}}
{"type":"LOG","log":{"level":"INFO","message":"INFO o.t.c.GenericContainer(tryStart):440 Container postgres:13-alpine is starting: 1382f4741332a58ecf7d235867308af3d13572694e541409013c45e875fd3ba5"}}
{"type":"LOG","log":{"level":"INFO","message":"INFO o.t.c.GenericContainer(tryStart):520 Container postgres:13-alpine started in PT5.241742S"}}
{"type":"LOG","log":{"level":"INFO","message":"INFO c.z.h.HikariDataSource(<init>):80 HikariPool-17 - Starting..."}}
{"type":"LOG","log":{"level":"INFO","message":"INFO c.z.h.HikariDataSource(<init>):82 HikariPool-17 - Start completed."}}
{"type":"LOG","log":{"level":"INFO","message":"INFO i.a.i.s.s.TestEnvConfigs(getEnvOrDefault):119 Using default value for environment variable WORKER_ENVIRONMENT: 'DOCKER'"}}
{"type":"LOG","log":{"level":"INFO","message":"INFO i.a.i.s.s.TestEnvConfigs(getEnvOrDefault):119 Using default value for environment variable DEPLOYMENT_MODE: 'OSS'"}}
{"type":"LOG","log":{"level":"INFO","message":"INFO i.a.c.i.LineGobbler(voidCall):114 Checking if airbyte/source-postgres:dev exists..."}}
{"type":"LOG","log":{"level":"INFO","message":"INFO i.a.c.i.LineGobbler(voidCall):114 airbyte/source-postgres:dev was found locally."}}
{"type":"LOG","log":{"level":"INFO","message":"INFO i.a.w.p.DockerProcessFactory(create):126 Creating docker container = source-postgres-discover-0-0-ewmjv with resources null and allowedHosts null"}}
{"type":"LOG","log":{"level":"INFO","message":"INFO i.a.w.p.DockerProcessFactory(create):171 Preparing command: docker run --rm --init -i -w /data/job --log-driver none --name source-postgres-discover-0-0-ewmjv --network host -v /tmp/airbyte_tests/test16004188646157564252:/data -v /tmp/airbyte_tests/output16443055975047954550:/local -e DEPLOYMENT_MODE=OSS -e USE_STREAM_CAPABLE_STATE=true -e FIELD_SELECTION_WORKSPACES= -e WORKER_ENVIRONMENT=DOCKER -e AIRBYTE_ROLE= -e APPLY_FIELD_SELECTION=false -e WORKER_CONNECTOR_IMAGE=airbyte/source-postgres:dev -e WORKER_JOB_ATTEMPT=0 -e AUTO_DETECT_SCHEMA=true -e AIRBYTE_VERSION= -e WORKER_JOB_ID=0 airbyte/source-postgres:dev discover --config source_config.json"}}
{"type":"LOG","log":{"level":"INFO","message":"INFO i.a.w.i.DefaultAirbyteStreamFactory(internalLog):159 INFO i.a.i.s.p.PostgresSource(main):507 starting source: class io.airbyte.integrations.source.postgres.PostgresSource"}}
{"type":"LOG","log":{"level":"INFO","message":"INFO i.a.w.i.DefaultAirbyteStreamFactory(internalLog):159 INFO i.a.i.b.IntegrationCliParser(parseOptions):126 integration args: {discover=null, config=source_config.json}"}}
{"type":"LOG","log":{"level":"INFO","message":"INFO i.a.w.i.DefaultAirbyteStreamFactory(internalLog):159 INFO i.a.i.b.IntegrationRunner(runInternal):108 Running integration: io.airbyte.integrations.base.ssh.SshWrappedSource"}}
{"type":"LOG","log":{"level":"INFO","message":"INFO i.a.w.i.DefaultAirbyteStreamFactory(internalLog):159 INFO i.a.i.b.IntegrationRunner(runInternal):109 Command: DISCOVER"}}
{"type":"LOG","log":{"level":"INFO","message":"INFO i.a.w.i.DefaultAirbyteStreamFactory(internalLog):159 INFO i.a.i.b.IntegrationRunner(runInternal):110 Integration config: IntegrationConfig{command=DISCOVER, configPath='source_config.json', catalogPath='null', statePath='null'}"}}
{"type":"LOG","log":{"level":"WARN","message":"WARN i.a.w.i.DefaultAirbyteStreamFactory(internalLog):156 WARN c.n.s.JsonMetaSchema(newValidator):278 Unknown keyword groups - you should define your own Meta Schema. If the keyword is irrelevant for validation, just use a NonValidationKeyword"}}
{"type":"LOG","log":{"level":"WARN","message":"WARN i.a.w.i.DefaultAirbyteStreamFactory(internalLog):156 WARN c.n.s.JsonMetaSchema(newValidator):278 Unknown keyword order - you should define your own Meta Schema. If the keyword is irrelevant for validation, just use a NonValidationKeyword"}}
{"type":"LOG","log":{"level":"WARN","message":"WARN i.a.w.i.DefaultAirbyteStreamFactory(internalLog):156 WARN c.n.s.JsonMetaSchema(newValidator):278 Unknown keyword group - you should define your own Meta Schema. If the keyword is irrelevant for validation, just use a NonValidationKeyword"}}
{"type":"LOG","log":{"level":"WARN","message":"WARN i.a.w.i.DefaultAirbyteStreamFactory(internalLog):156 WARN c.n.s.JsonMetaSchema(newValidator):278 Unknown keyword airbyte_secret - you should define your own Meta Schema. If the keyword is irrelevant for validation, just use a NonValidationKeyword"}}
{"type":"LOG","log":{"level":"WARN","message":"WARN i.a.w.i.DefaultAirbyteStreamFactory(internalLog):156 WARN c.n.s.JsonMetaSchema(newValidator):278 Unknown keyword always_show - you should define your own Meta Schema. If the keyword is irrelevant for validation, just use a NonValidationKeyword"}}
{"type":"LOG","log":{"level":"INFO","message":"INFO i.a.w.i.DefaultAirbyteStreamFactory(internalLog):159 INFO i.a.i.b.s.SshTunnel(getInstance):204 Starting connection with method: NO_TUNNEL"}}
{"type":"LOG","log":{"level":"INFO","message":"INFO i.a.w.i.DefaultAirbyteStreamFactory(internalLog):159 INFO c.z.h.HikariDataSource(<init>):80 HikariPool-1 - Starting..."}}
{"type":"LOG","log":{"level":"INFO","message":"INFO i.a.w.i.DefaultAirbyteStreamFactory(internalLog):159 INFO c.z.h.HikariDataSource(<init>):82 HikariPool-1 - Start completed."}}
{"type":"LOG","log":{"level":"INFO","message":"INFO i.a.w.i.DefaultAirbyteStreamFactory(internalLog):159 INFO i.a.i.s.p.PostgresUtils(isCdc):53 using CDC: false"}}
{"type":"LOG","log":{"level":"INFO","message":"INFO i.a.w.i.DefaultAirbyteStreamFactory(internalLog):159 INFO i.a.i.s.j.AbstractJdbcSource(discoverInternal):166 Internal schemas to exclude: [catalog_history, information_schema, pg_catalog, pg_internal]"}}
{"type":"LOG","log":{"level":"INFO","message":"INFO i.a.w.i.DefaultAirbyteStreamFactory(internalLog):159 INFO i.a.d.j.s.AdaptiveStreamingQueryConfig(initialize):31 Set initial fetch size: 10 rows"}}
{"type":"LOG","log":{"level":"INFO","message":"INFO i.a.w.i.DefaultAirbyteStreamFactory(internalLog):159 INFO i.a.i.s.j.AbstractJdbcSource(discoverPrimaryKeys):266 Discover primary keys for tables: []"}}
{"type":"LOG","log":{"level":"INFO","message":"INFO i.a.w.i.DefaultAirbyteStreamFactory(internalLog):159 INFO c.z.h.HikariDataSource(close):350 HikariPool-1 - Shutdown initiated..."}}
{"type":"LOG","log":{"level":"INFO","message":"INFO i.a.w.i.DefaultAirbyteStreamFactory(internalLog):159 INFO c.z.h.HikariDataSource(close):352 HikariPool-1 - Shutdown completed."}}
{"type":"LOG","log":{"level":"INFO","message":"INFO i.a.w.i.DefaultAirbyteStreamFactory(internalLog):159 INFO i.a.i.s.p.PostgresUtils(isCdc):53 using CDC: false"}}
{"type":"LOG","log":{"level":"INFO","message":"INFO i.a.w.i.DefaultAirbyteStreamFactory(internalLog):159 INFO i.a.i.b.IntegrationRunner(runInternal):186 Completed integration: io.airbyte.integrations.base.ssh.SshWrappedSource"}}
{"type":"LOG","log":{"level":"INFO","message":"INFO i.a.w.i.DefaultAirbyteStreamFactory(internalLog):159 INFO i.a.i.s.p.PostgresSource(main):509 completed source: class io.airbyte.integrations.source.postgres.PostgresSource"}}
{"type":"LOG","log":{"level":"INFO","message":"INFO i.a.a.c.AirbyteApiClient(retryWithJitter):172 Attempt 0 to call to write discover schema result"}}
{"type":"LOG","log":{"level":"INFO","message":"INFO o.t.c.GenericContainer(tryStart):376 Creating container for image: postgres:13-alpine"}}
{"type":"LOG","log":{"level":"INFO","message":"INFO o.t.c.GenericContainer(tryStart):440 Container postgres:13-alpine is starting: 2c377d8f80424b4071b121684c9c16e6a20b4ab96001ba9bf3a7fcaa8683f0cf"}}
{"type":"LOG","log":{"level":"INFO","message":"INFO o.t.c.GenericContainer(tryStart):520 Container postgres:13-alpine started in PT4.67803S"}}
{"type":"LOG","log":{"level":"INFO","message":"INFO c.z.h.HikariDataSource(<init>):80 HikariPool-18 - Starting..."}}
{"type":"LOG","log":{"level":"INFO","message":"INFO c.z.h.HikariDataSource(<init>):82 HikariPool-18 - Start completed."}}
{"type":"LOG","log":{"level":"INFO","message":"INFO i.a.i.s.s.TestEnvConfigs(getEnvOrDefault):119 Using default value for environment variable WORKER_ENVIRONMENT: 'DOCKER'"}}
{"type":"LOG","log":{"level":"INFO","message":"INFO i.a.i.s.s.TestEnvConfigs(getEnvOrDefault):119 Using default value for environment variable DEPLOYMENT_MODE: 'OSS'"}}
{"type":"LOG","log":{"level":"INFO","message":"INFO i.a.c.i.LineGobbler(voidCall):114 Checking if airbyte/source-postgres:dev exists..."}}
{"type":"LOG","log":{"level":"INFO","message":"INFO i.a.c.i.LineGobbler(voidCall):114 airbyte/source-postgres:dev was found locally."}}
{"type":"LOG","log":{"level":"INFO","message":"INFO i.a.w.p.DockerProcessFactory(create):126 Creating docker container = source-postgres-read-0-0-usrfx with resources null and allowedHosts null"}}
{"type":"LOG","log":{"level":"INFO","message":"INFO i.a.w.p.DockerProcessFactory(create):171 Preparing command: docker run --rm --init -i -w /data/job --log-driver none --name source-postgres-read-0-0-usrfx --network host -v /tmp/airbyte_tests/test10803448412814225867:/data -v /tmp/airbyte_tests/output33481745347702580:/local -e DEPLOYMENT_MODE=OSS -e USE_STREAM_CAPABLE_STATE=true -e FIELD_SELECTION_WORKSPACES= -e WORKER_ENVIRONMENT=DOCKER -e AIRBYTE_ROLE= -e APPLY_FIELD_SELECTION=false -e WORKER_CONNECTOR_IMAGE=airbyte/source-postgres:dev -e WORKER_JOB_ATTEMPT=0 -e AUTO_DETECT_SCHEMA=true -e AIRBYTE_VERSION= -e WORKER_JOB_ID=0 airbyte/source-postgres:dev read --config source_config.json --catalog source_catalog.json"}}
{"type":"LOG","log":{"level":"INFO","message":"INFO i.a.w.i.DefaultAirbyteStreamFactory(internalLog):159 INFO i.a.i.s.p.PostgresSource(main):507 starting source: class io.airbyte.integrations.source.postgres.PostgresSource"}}
{"type":"LOG","log":{"level":"INFO","message":"INFO i.a.w.i.DefaultAirbyteStreamFactory(internalLog):159 INFO i.a.i.b.IntegrationCliParser(parseOptions):126 integration args: {read=null, catalog=source_catalog.json, config=source_config.json}"}}
{"type":"LOG","log":{"level":"INFO","message":"INFO i.a.w.i.DefaultAirbyteStreamFactory(internalLog):159 INFO i.a.i.b.IntegrationRunner(runInternal):108 Running integration: io.airbyte.integrations.base.ssh.SshWrappedSource"}}
{"type":"LOG","log":{"level":"INFO","message":"INFO i.a.w.i.DefaultAirbyteStreamFactory(internalLog):159 INFO i.a.i.b.IntegrationRunner(runInternal):109 Command: READ"}}
{"type":"LOG","log":{"level":"INFO","message":"INFO i.a.w.i.DefaultAirbyteStreamFactory(internalLog):159 INFO i.a.i.b.IntegrationRunner(runInternal):110 Integration config: IntegrationConfig{command=READ, configPath='source_config.json', catalogPath='source_catalog.json', statePath='null'}"}}
{"type":"LOG","log":{"level":"WARN","message":"WARN i.a.w.i.DefaultAirbyteStreamFactory(internalLog):156 WARN c.n.s.JsonMetaSchema(newValidator):278 Unknown keyword groups - you should define your own Meta Schema. If the keyword is irrelevant for validation, just use a NonValidationKeyword"}}
{"type":"LOG","log":{"level":"WARN","message":"WARN i.a.w.i.DefaultAirbyteStreamFactory(internalLog):156 WARN c.n.s.JsonMetaSchema(newValidator):278 Unknown keyword order - you should define your own Meta Schema. If the keyword is irrelevant for validation, just use a NonValidationKeyword"}}
{"type":"LOG","log":{"level":"WARN","message":"WARN i.a.w.i.DefaultAirbyteStreamFactory(internalLog):156 WARN c.n.s.JsonMetaSchema(newValidator):278 Unknown keyword group - you should define your own Meta Schema. If the keyword is irrelevant for validation, just use a NonValidationKeyword"}}
{"type":"LOG","log":{"level":"WARN","message":"WARN i.a.w.i.DefaultAirbyteStreamFactory(internalLog):156 WARN c.n.s.JsonMetaSchema(newValidator):278 Unknown keyword airbyte_secret - you should define your own Meta Schema. If the keyword is irrelevant for validation, just use a NonValidationKeyword"}}
{"type":"LOG","log":{"level":"WARN","message":"WARN i.a.w.i.DefaultAirbyteStreamFactory(internalLog):156 WARN c.n.s.JsonMetaSchema(newValidator):278 Unknown keyword always_show - you should define your own Meta Schema. If the keyword is irrelevant for validation, just use a NonValidationKeyword"}}
{"type":"LOG","log":{"level":"INFO","message":"INFO i.a.w.i.DefaultAirbyteStreamFactory(internalLog):159 INFO i.a.i.b.s.SshTunnel(getInstance):204 Starting connection with method: NO_TUNNEL"}}
{"type":"LOG","log":{"level":"INFO","message":"INFO i.a.w.i.DefaultAirbyteStreamFactory(internalLog):159 INFO i.a.i.s.p.PostgresUtils(isCdc):53 using CDC: false"}}
{"type":"LOG","log":{"level":"INFO","message":"INFO i.a.w.i.DefaultAirbyteStreamFactory(internalLog):159 INFO i.a.i.s.r.s.StateManagerFactory(createStateManager):55 Stream state manager selected to manage state object with type STREAM."}}
{"type":"LOG","log":{"level":"INFO","message":"INFO i.a.w.i.DefaultAirbyteStreamFactory(internalLog):159 INFO i.a.i.s.r.s.CursorManager(createCursorInfoForStream):182 No cursor field set in catalog but not present in state. Stream: limit_perm_schema_id_and_name, New Cursor Field: id. Resetting cursor value"}}
{"type":"LOG","log":{"level":"INFO","message":"INFO i.a.w.i.DefaultAirbyteStreamFactory(internalLog):159 INFO c.z.h.HikariDataSource(<init>):80 HikariPool-1 - Starting..."}}
{"type":"LOG","log":{"level":"INFO","message":"INFO i.a.w.i.DefaultAirbyteStreamFactory(internalLog):159 INFO c.z.h.HikariDataSource(<init>):82 HikariPool-1 - Start completed."}}
{"type":"LOG","log":{"level":"INFO","message":"INFO i.a.w.i.DefaultAirbyteStreamFactory(internalLog):159 INFO i.a.i.s.p.PostgresUtils(isCdc):53 using CDC: false"}}
{"type":"LOG","log":{"level":"INFO","message":"INFO i.a.w.i.DefaultAirbyteStreamFactory(internalLog):159 INFO i.a.i.s.j.AbstractJdbcSource(logPreSyncDebugData):450 Data source product recognized as PostgreSQL:13.11"}}
{"type":"LOG","log":{"level":"INFO","message":"INFO i.a.w.i.DefaultAirbyteStreamFactory(internalLog):159 INFO i.a.i.s.p.PostgresSource(logPreSyncDebugData):221 Discovering indexes for schema \"limit_perm_schema\", table \"id_and_name\""}}
{"type":"LOG","log":{"level":"INFO","message":"INFO i.a.w.i.DefaultAirbyteStreamFactory(internalLog):159 INFO i.a.i.s.p.PostgresQueryUtils(logXminStatus):77 Xmin Status : {Number of wraparounds: 0, Xmin Transaction Value: 499, Xmin Raw Value: 499"}}
{"type":"LOG","log":{"level":"INFO","message":"INFO i.a.w.i.DefaultAirbyteStreamFactory(internalLog):159 INFO i.a.i.s.j.AbstractJdbcSource(discoverInternal):166 Internal schemas to exclude: [catalog_history, information_schema, pg_catalog, pg_internal]"}}
{"type":"LOG","log":{"level":"INFO","message":"INFO i.a.w.i.DefaultAirbyteStreamFactory(internalLog):159 INFO i.a.d.j.s.AdaptiveStreamingQueryConfig(initialize):31 Set initial fetch size: 10 rows"}}
{"type":"LOG","log":{"level":"WARN","message":"WARN i.a.w.i.DefaultAirbyteStreamFactory(internalLog):156 WARN i.a.i.s.r.DbSourceDiscoverUtil(logSourceSchemaChange):82 Source schema changed for table limit_perm_schema.id_and_name! Potential mismatches: [id]. Actual schema: {\"type\":\"object\",\"properties\":{\"name\":{\"type\":\"string\"},\"id\":{\"type\":\"number\",\"airbyte_type\":\"integer\"}}}. Catalog schema: {\"type\":\"object\",\"properties\":{\"name\":{\"type\":\"string\"},\"id\":{\"type\":\"number\"}}}"}}
{"type":"LOG","log":{"level":"INFO","message":"INFO i.a.w.i.DefaultAirbyteStreamFactory(internalLog):159 INFO i.a.i.s.p.PostgresUtils(isCdc):53 using CDC: false"}}
{"type":"LOG","log":{"level":"INFO","message":"INFO i.a.w.i.DefaultAirbyteStreamFactory(internalLog):159 INFO i.a.i.s.j.AbstractJdbcSource(queryTableFullRefresh):112 Queueing query for table: id_and_name"}}
{"type":"LOG","log":{"level":"INFO","message":"INFO i.a.w.i.DefaultAirbyteStreamFactory(internalLog):159 INFO i.a.i.s.r.RelationalDbQueryUtils(lambda$queryTable$0):73 Queueing query: SELECT \"id\",\"name\" FROM \"limit_perm_schema\".\"id_and_name\" ORDER BY \"id\" ASC"}}
{"type":"LOG","log":{"level":"INFO","message":"INFO i.a.w.i.DefaultAirbyteStreamFactory(internalLog):159 INFO i.a.d.j.s.AdaptiveStreamingQueryConfig(initialize):31 Set initial fetch size: 10 rows"}}
{"type":"LOG","log":{"level":"INFO","message":"INFO i.a.w.i.DefaultAirbyteStreamFactory(internalLog):159 INFO i.a.c.u.CompositeIterator(lambda$emitStartStreamStatus$1):155 STARTING -> limit_perm_schema_id_and_name"}}
{"type":"LOG","log":{"level":"INFO","message":"INFO i.a.w.i.DefaultAirbyteStreamFactory(internalLog):159 INFO i.a.c.u.CompositeIterator(lambda$emitRunningStreamStatus$0):148 RUNNING -> limit_perm_schema_id_and_name"}}
{"type":"LOG","log":{"level":"INFO","message":"INFO i.a.w.i.DefaultAirbyteStreamFactory(internalLog):159 INFO i.a.c.u.CompositeIterator(lambda$emitCompleteStreamStatus$2):162 COMPLETE -> limit_perm_schema_id_and_name"}}
{"type":"LOG","log":{"level":"INFO","message":"INFO i.a.w.i.DefaultAirbyteStreamFactory(internalLog):159 INFO i.a.i.s.r.AbstractDbSource(lambda$read$1):173 Closing database connection pool."}}
{"type":"LOG","log":{"level":"INFO","message":"INFO i.a.w.i.DefaultAirbyteStreamFactory(internalLog):159 INFO c.z.h.HikariDataSource(close):350 HikariPool-1 - Shutdown initiated..."}}
{"type":"LOG","log":{"level":"INFO","message":"INFO i.a.w.i.DefaultAirbyteStreamFactory(internalLog):159 INFO c.z.h.HikariDataSource(close):352 HikariPool-1 - Shutdown completed."}}
{"type":"LOG","log":{"level":"INFO","message":"INFO i.a.w.i.DefaultAirbyteStreamFactory(internalLog):159 INFO i.a.i.s.r.AbstractDbSource(lambda$read$1):175 Closed database connection pool."}}
{"type":"LOG","log":{"level":"INFO","message":"INFO i.a.w.i.DefaultAirbyteStreamFactory(internalLog):159 INFO i.a.i.b.IntegrationRunner(runInternal):186 Completed integration: io.airbyte.integrations.base.ssh.SshWrappedSource"}}
{"type":"LOG","log":{"level":"INFO","message":"INFO i.a.w.i.DefaultAirbyteStreamFactory(internalLog):159 INFO i.a.i.s.p.PostgresSource(main):509 completed source: class io.airbyte.integrations.source.postgres.PostgresSource"}}
{"type":"LOG","log":{"level":"INFO","message":"INFO i.a.c.i.LineGobbler(voidCall):114 Checking if airbyte/source-postgres:dev exists..."}}
{"type":"LOG","log":{"level":"INFO","message":"INFO i.a.c.i.LineGobbler(voidCall):114 airbyte/source-postgres:dev was found locally."}}
{"type":"LOG","log":{"level":"INFO","message":"INFO i.a.w.p.DockerProcessFactory(create):126 Creating docker container = source-postgres-read-0-0-efrcw with resources null and allowedHosts null"}}
{"type":"LOG","log":{"level":"INFO","message":"INFO i.a.w.p.DockerProcessFactory(create):171 Preparing command: docker run --rm --init -i -w /data/job --log-driver none --name source-postgres-read-0-0-efrcw --network host -v /tmp/airbyte_tests/test10803448412814225867:/data -v /tmp/airbyte_tests/output33481745347702580:/local -e DEPLOYMENT_MODE=OSS -e USE_STREAM_CAPABLE_STATE=true -e FIELD_SELECTION_WORKSPACES= -e WORKER_ENVIRONMENT=DOCKER -e AIRBYTE_ROLE= -e APPLY_FIELD_SELECTION=false -e WORKER_CONNECTOR_IMAGE=airbyte/source-postgres:dev -e WORKER_JOB_ATTEMPT=0 -e AUTO_DETECT_SCHEMA=true -e AIRBYTE_VERSION= -e WORKER_JOB_ID=0 airbyte/source-postgres:dev read --config source_config.json --catalog source_catalog.json"}}
{"type":"LOG","log":{"level":"INFO","message":"INFO i.a.w.i.DefaultAirbyteStreamFactory(internalLog):159 INFO i.a.i.s.p.PostgresSource(main):507 starting source: class io.airbyte.integrations.source.postgres.PostgresSource"}}
{"type":"LOG","log":{"level":"INFO","message":"INFO i.a.w.i.DefaultAirbyteStreamFactory(internalLog):159 INFO i.a.i.b.IntegrationCliParser(parseOptions):126 integration args: {read=null, catalog=source_catalog.json, config=source_config.json}"}}
{"type":"LOG","log":{"level":"INFO","message":"INFO i.a.w.i.DefaultAirbyteStreamFactory(internalLog):159 INFO i.a.i.b.IntegrationRunner(runInternal):108 Running integration: io.airbyte.integrations.base.ssh.SshWrappedSource"}}
{"type":"LOG","log":{"level":"INFO","message":"INFO i.a.w.i.DefaultAirbyteStreamFactory(internalLog):159 INFO i.a.i.b.IntegrationRunner(runInternal):109 Command: READ"}}
{"type":"LOG","log":{"level":"INFO","message":"INFO i.a.w.i.DefaultAirbyteStreamFactory(internalLog):159 INFO i.a.i.b.IntegrationRunner(runInternal):110 Integration config: IntegrationConfig{command=READ, configPath='source_config.json', catalogPath='source_catalog.json', statePath='null'}"}}
{"type":"LOG","log":{"level":"WARN","message":"WARN i.a.w.i.DefaultAirbyteStreamFactory(internalLog):156 WARN c.n.s.JsonMetaSchema(newValidator):278 Unknown keyword groups - you should define your own Meta Schema. If the keyword is irrelevant for validation, just use a NonValidationKeyword"}}
{"type":"LOG","log":{"level":"WARN","message":"WARN i.a.w.i.DefaultAirbyteStreamFactory(internalLog):156 WARN c.n.s.JsonMetaSchema(newValidator):278 Unknown keyword order - you should define your own Meta Schema. If the keyword is irrelevant for validation, just use a NonValidationKeyword"}}
{"type":"LOG","log":{"level":"WARN","message":"WARN i.a.w.i.DefaultAirbyteStreamFactory(internalLog):156 WARN c.n.s.JsonMetaSchema(newValidator):278 Unknown keyword group - you should define your own Meta Schema. If the keyword is irrelevant for validation, just use a NonValidationKeyword"}}
{"type":"LOG","log":{"level":"WARN","message":"WARN i.a.w.i.DefaultAirbyteStreamFactory(internalLog):156 WARN c.n.s.JsonMetaSchema(newValidator):278 Unknown keyword airbyte_secret - you should define your own Meta Schema. If the keyword is irrelevant for validation, just use a NonValidationKeyword"}}
{"type":"LOG","log":{"level":"WARN","message":"WARN i.a.w.i.DefaultAirbyteStreamFactory(internalLog):156 WARN c.n.s.JsonMetaSchema(newValidator):278 Unknown keyword always_show - you should define your own Meta Schema. If the keyword is irrelevant for validation, just use a NonValidationKeyword"}}
{"type":"LOG","log":{"level":"INFO","message":"INFO i.a.w.i.DefaultAirbyteStreamFactory(internalLog):159 INFO i.a.i.b.s.SshTunnel(getInstance):204 Starting connection with method: NO_TUNNEL"}}
{"type":"LOG","log":{"level":"INFO","message":"INFO i.a.w.i.DefaultAirbyteStreamFactory(internalLog):159 INFO i.a.i.s.p.PostgresUtils(isCdc):53 using CDC: false"}}
{"type":"LOG","log":{"level":"INFO","message":"INFO i.a.w.i.DefaultAirbyteStreamFactory(internalLog):159 INFO i.a.i.s.r.s.StateManagerFactory(createStateManager):55 Stream state manager selected to manage state object with type STREAM."}}
{"type":"LOG","log":{"level":"INFO","message":"INFO i.a.w.i.DefaultAirbyteStreamFactory(internalLog):159 INFO i.a.i.s.r.s.CursorManager(createCursorInfoForStream):182 No cursor field set in catalog but not present in state. Stream: limit_perm_schema_id_and_name, New Cursor Field: id. Resetting cursor value"}}
{"type":"LOG","log":{"level":"INFO","message":"INFO i.a.w.i.DefaultAirbyteStreamFactory(internalLog):159 INFO c.z.h.HikariDataSource(<init>):80 HikariPool-1 - Starting..."}}
{"type":"LOG","log":{"level":"INFO","message":"INFO i.a.w.i.DefaultAirbyteStreamFactory(internalLog):159 INFO c.z.h.HikariDataSource(<init>):82 HikariPool-1 - Start completed."}}
{"type":"LOG","log":{"level":"INFO","message":"INFO i.a.w.i.DefaultAirbyteStreamFactory(internalLog):159 INFO i.a.i.s.p.PostgresUtils(isCdc):53 using CDC: false"}}
{"type":"LOG","log":{"level":"INFO","message":"INFO i.a.w.i.DefaultAirbyteStreamFactory(internalLog):159 INFO i.a.i.s.j.AbstractJdbcSource(logPreSyncDebugData):450 Data source product recognized as PostgreSQL:13.11"}}
{"type":"LOG","log":{"level":"INFO","message":"INFO i.a.w.i.DefaultAirbyteStreamFactory(internalLog):159 INFO i.a.i.s.p.PostgresSource(logPreSyncDebugData):221 Discovering indexes for schema \"limit_perm_schema\", table \"id_and_name\""}}
{"type":"LOG","log":{"level":"INFO","message":"INFO i.a.w.i.DefaultAirbyteStreamFactory(internalLog):159 INFO i.a.i.s.p.PostgresQueryUtils(logXminStatus):77 Xmin Status : {Number of wraparounds: 0, Xmin Transaction Value: 500, Xmin Raw Value: 500"}}
{"type":"LOG","log":{"level":"INFO","message":"INFO i.a.w.i.DefaultAirbyteStreamFactory(internalLog):159 INFO i.a.i.s.j.AbstractJdbcSource(discoverInternal):166 Internal schemas to exclude: [catalog_history, information_schema, pg_catalog, pg_internal]"}}
{"type":"LOG","log":{"level":"INFO","message":"INFO i.a.w.i.DefaultAirbyteStreamFactory(internalLog):159 INFO i.a.d.j.s.AdaptiveStreamingQueryConfig(initialize):31 Set initial fetch size: 10 rows"}}
{"type":"LOG","log":{"level":"INFO","message":"INFO i.a.w.i.DefaultAirbyteStreamFactory(internalLog):159 INFO i.a.i.s.p.PostgresUtils(isCdc):53 using CDC: false"}}
{"type":"LOG","log":{"level":"INFO","message":"INFO i.a.w.i.DefaultAirbyteStreamFactory(internalLog):159 INFO i.a.i.s.r.AbstractDbSource(getSelectedIterators):334 Skipping stream limit_perm_schema.id_and_name because it is not in the source"}}
{"type":"LOG","log":{"level":"INFO","message":"INFO i.a.w.i.DefaultAirbyteStreamFactory(internalLog):159 INFO i.a.i.s.r.AbstractDbSource(lambda$read$1):173 Closing database connection pool."}}
{"type":"LOG","log":{"level":"INFO","message":"INFO i.a.w.i.DefaultAirbyteStreamFactory(internalLog):159 INFO c.z.h.HikariDataSource(close):350 HikariPool-1 - Shutdown initiated..."}}
{"type":"LOG","log":{"level":"INFO","message":"INFO i.a.w.i.DefaultAirbyteStreamFactory(internalLog):159 INFO c.z.h.HikariDataSource(close):352 HikariPool-1 - Shutdown completed."}}
{"type":"LOG","log":{"level":"INFO","message":"INFO i.a.w.i.DefaultAirbyteStreamFactory(internalLog):159 INFO i.a.i.s.r.AbstractDbSource(lambda$read$1):175 Closed database connection pool."}}
{"type":"LOG","log":{"level":"INFO","message":"INFO i.a.w.i.DefaultAirbyteStreamFactory(internalLog):159 INFO i.a.i.b.IntegrationRunner(runInternal):186 Completed integration: io.airbyte.integrations.base.ssh.SshWrappedSource"}}
{"type":"LOG","log":{"level":"INFO","message":"INFO i.a.w.i.DefaultAirbyteStreamFactory(internalLog):159 INFO i.a.i.s.p.PostgresSource(main):509 completed source: class io.airbyte.integrations.source.postgres.PostgresSource"}}
]]></system-out>
  <system-err><![CDATA[]]></system-err>
</testsuite>
