<?xml version="1.0" encoding="UTF-8"?>
<testsuite name="io.airbyte.integrations.io.airbyte.integration_tests.sources.PostgresSourceSSLCaCertificateAcceptanceTest" tests="8" skipped="0" failures="0" errors="0" timestamp="2023-05-20T14:19:54" hostname="MacBook-Pro-3" time="847.666">
  <properties/>
  <testcase name="testIdenticalFullRefreshes()" classname="io.airbyte.integrations.io.airbyte.integration_tests.sources.PostgresSourceSSLCaCertificateAcceptanceTest" time="290.174"/>
  <testcase name="testEntrypointEnvVar()" classname="io.airbyte.integrations.io.airbyte.integration_tests.sources.PostgresSourceSSLCaCertificateAcceptanceTest" time="48.276"/>
  <testcase name="testIncrementalSyncWithState()" classname="io.airbyte.integrations.io.airbyte.integration_tests.sources.PostgresSourceSSLCaCertificateAcceptanceTest" time="143.897"/>
  <testcase name="testEmptyStateIncrementalIdenticalToFullRefresh()" classname="io.airbyte.integrations.io.airbyte.integration_tests.sources.PostgresSourceSSLCaCertificateAcceptanceTest" time="104.066"/>
  <testcase name="testGetSpec()" classname="io.airbyte.integrations.io.airbyte.integration_tests.sources.PostgresSourceSSLCaCertificateAcceptanceTest" time="75.75"/>
  <testcase name="testFullRefreshRead()" classname="io.airbyte.integrations.io.airbyte.integration_tests.sources.PostgresSourceSSLCaCertificateAcceptanceTest" time="62.117"/>
  <testcase name="testCheckConnection()" classname="io.airbyte.integrations.io.airbyte.integration_tests.sources.PostgresSourceSSLCaCertificateAcceptanceTest" time="71.104"/>
  <testcase name="testDiscover()" classname="io.airbyte.integrations.io.airbyte.integration_tests.sources.PostgresSourceSSLCaCertificateAcceptanceTest" time="52.254"/>
  <system-out><![CDATA[{"type":"LOG","log":{"level":"INFO","message":"INFO o.t.u.ImageNameSubstitutor(instance):55 Image name substitution will be performed by: DefaultImageNameSubstitutor (composite of 'ConfigurationFileImageNameSubstitutor' and 'PrefixingImageNameSubstitutor')"}}
{"type":"LOG","log":{"level":"INFO","message":"INFO o.t.d.DockerClientProviderStrategy(lambda$loadConfiguredStrategy$9):362 Loaded org.testcontainers.dockerclient.UnixSocketClientProviderStrategy from ~/.testcontainers.properties, will try it first"}}
{"type":"LOG","log":{"level":"INFO","message":"INFO o.t.d.DockerClientProviderStrategy(tryOutStrategy):272 Found Docker environment with local Unix socket (unix:///var/run/docker.sock)"}}
{"type":"LOG","log":{"level":"INFO","message":"INFO o.t.DockerClientFactory(client):198 Docker host IP address is localhost"}}
{"type":"LOG","log":{"level":"INFO","message":"INFO o.t.DockerClientFactory(client):205 Connected to docker: \n  Server Version: 20.10.12\n  API Version: 1.41\n  Operating System: Docker Desktop\n  Total Memory: 1985 MB"}}
{"type":"LOG","log":{"level":"INFO","message":"INFO o.t.c.GenericContainer(tryStart):376 Creating container for image: testcontainers/ryuk:0.3.4"}}
{"type":"LOG","log":{"level":"INFO","message":"INFO o.t.c.GenericContainer(tryStart):440 Container testcontainers/ryuk:0.3.4 is starting: 6610e4acc2955b9248b32212ba09ba7a1423748eb2297c32a3479946d9a3a25e"}}
{"type":"LOG","log":{"level":"INFO","message":"INFO o.t.c.GenericContainer(tryStart):520 Container testcontainers/ryuk:0.3.4 started in PT20.307309S"}}
{"type":"LOG","log":{"level":"INFO","message":"INFO o.t.u.RyukResourceReaper(init):43 Ryuk started - will monitor and terminate Testcontainers containers on JVM exit"}}
{"type":"LOG","log":{"level":"INFO","message":"INFO o.t.DockerClientFactory(client):235 Checking the system..."}}
{"type":"LOG","log":{"level":"INFO","message":"INFO o.t.DockerClientFactory(check):256 ✔︎ Docker server version should be at least 1.6.0"}}
{"type":"LOG","log":{"level":"INFO","message":"INFO o.t.c.GenericContainer(tryStart):376 Creating container for image: postgres:bullseye"}}
{"type":"LOG","log":{"level":"INFO","message":"INFO o.t.c.GenericContainer(tryStart):440 Container postgres:bullseye is starting: 9cd8ed15d69d66cfc05816a3608be2505ac2cea22e67ab12f3fb3d564988fd19"}}
{"type":"LOG","log":{"level":"INFO","message":"INFO o.t.c.GenericContainer(tryStart):520 Container postgres:bullseye started in PT20.406262S"}}
{"type":"LOG","log":{"level":"INFO","message":"INFO c.z.h.HikariDataSource(<init>):80 HikariPool-1 - Starting..."}}
{"type":"LOG","log":{"level":"INFO","message":"INFO c.z.h.HikariDataSource(<init>):82 HikariPool-1 - Start completed."}}
{"type":"LOG","log":{"level":"INFO","message":"INFO o.j.t.JooqLogger(info):312 \n                                      \n@@@@@@@@@@@@@@@@@@@@@@@@@@@@@@@@@@@@@@\n@@@@@@@@@@@@@@@@@@@@@@@@@@@@@@@@@@@@@@\n@@@@@@@@@@@@@@@@  @@        @@@@@@@@@@\n@@@@@@@@@@@@@@@@@@@@        @@@@@@@@@@\n@@@@@@@@@@@@@@@@  @@  @@    @@@@@@@@@@\n@@@@@@@@@@  @@@@  @@  @@    @@@@@@@@@@\n@@@@@@@@@@        @@        @@@@@@@@@@\n@@@@@@@@@@@@@@@@@@@@@@@@@@@@@@@@@@@@@@\n@@@@@@@@@@@@@@@@@@@@@@@@@@@@@@@@@@@@@@\n@@@@@@@@@@        @@        @@@@@@@@@@\n@@@@@@@@@@    @@  @@  @@@@  @@@@@@@@@@\n@@@@@@@@@@    @@  @@  @@@@  @@@@@@@@@@\n@@@@@@@@@@        @@  @  @  @@@@@@@@@@\n@@@@@@@@@@        @@        @@@@@@@@@@\n@@@@@@@@@@@@@@@@@@@@@@@  @@@@@@@@@@@@@\n@@@@@@@@@@@@@@@@@@@@@@@@@@@@@@@@@@@@@@\n@@@@@@@@@@@@@@@@@@@@@@@@@@@@@@@@@@@@@@  Thank you for using jOOQ 3.13.4\n                                      "}}
{"type":"LOG","log":{"level":"INFO","message":"INFO i.a.i.s.s.TestEnvConfigs(getEnvOrDefault):119 Using default value for environment variable DEPLOYMENT_MODE: 'OSS'"}}
{"type":"LOG","log":{"level":"INFO","message":"INFO i.a.i.s.s.TestEnvConfigs(getEnvOrDefault):119 Using default value for environment variable WORKER_ENVIRONMENT: 'DOCKER'"}}
{"type":"LOG","log":{"level":"INFO","message":"INFO i.a.c.i.LineGobbler(voidCall):114 Checking if airbyte/source-postgres:dev exists..."}}
{"type":"LOG","log":{"level":"INFO","message":"INFO i.a.c.i.LineGobbler(voidCall):114 airbyte/source-postgres:dev was found locally."}}
{"type":"LOG","log":{"level":"INFO","message":"INFO i.a.w.p.DockerProcessFactory(create):126 Creating docker container = source-postgres-read-0-0-msves with resources null and allowedHosts null"}}
{"type":"LOG","log":{"level":"INFO","message":"INFO i.a.w.p.DockerProcessFactory(create):171 Preparing command: docker run --rm --init -i -w /data/job --log-driver none --name source-postgres-read-0-0-msves --network host -v /tmp/airbyte_tests/test4638014459831380405:/data -v /tmp/airbyte_tests/output13452425786034040364:/local -e DEPLOYMENT_MODE=OSS -e USE_STREAM_CAPABLE_STATE=true -e FIELD_SELECTION_WORKSPACES= -e AIRBYTE_ROLE= -e WORKER_ENVIRONMENT=DOCKER -e APPLY_FIELD_SELECTION=false -e WORKER_CONNECTOR_IMAGE=airbyte/source-postgres:dev -e WORKER_JOB_ATTEMPT=0 -e AUTO_DETECT_SCHEMA=true -e AIRBYTE_VERSION= -e WORKER_JOB_ID=0 airbyte/source-postgres:dev read --config source_config.json --catalog source_catalog.json"}}
{"type":"LOG","log":{"level":"INFO","message":"INFO i.a.w.i.DefaultAirbyteStreamFactory(internalLog):159 INFO i.a.i.s.p.PostgresSource(main):507 starting source: class io.airbyte.integrations.source.postgres.PostgresSource"}}
{"type":"LOG","log":{"level":"INFO","message":"INFO i.a.w.i.DefaultAirbyteStreamFactory(internalLog):159 INFO i.a.i.b.IntegrationCliParser(parseOptions):126 integration args: {read=null, catalog=source_catalog.json, config=source_config.json}"}}
{"type":"LOG","log":{"level":"INFO","message":"INFO i.a.w.i.DefaultAirbyteStreamFactory(internalLog):159 INFO i.a.i.b.IntegrationRunner(runInternal):108 Running integration: io.airbyte.integrations.base.ssh.SshWrappedSource"}}
{"type":"LOG","log":{"level":"INFO","message":"INFO i.a.w.i.DefaultAirbyteStreamFactory(internalLog):159 INFO i.a.i.b.IntegrationRunner(runInternal):109 Command: READ"}}
{"type":"LOG","log":{"level":"INFO","message":"INFO i.a.w.i.DefaultAirbyteStreamFactory(internalLog):159 INFO i.a.i.b.IntegrationRunner(runInternal):110 Integration config: IntegrationConfig{command=READ, configPath='source_config.json', catalogPath='source_catalog.json', statePath='null'}"}}
{"type":"LOG","log":{"level":"WARN","message":"WARN i.a.w.i.DefaultAirbyteStreamFactory(internalLog):156 WARN c.n.s.JsonMetaSchema(newValidator):278 Unknown keyword groups - you should define your own Meta Schema. If the keyword is irrelevant for validation, just use a NonValidationKeyword"}}
{"type":"LOG","log":{"level":"WARN","message":"WARN i.a.w.i.DefaultAirbyteStreamFactory(internalLog):156 WARN c.n.s.JsonMetaSchema(newValidator):278 Unknown keyword order - you should define your own Meta Schema. If the keyword is irrelevant for validation, just use a NonValidationKeyword"}}
{"type":"LOG","log":{"level":"WARN","message":"WARN i.a.w.i.DefaultAirbyteStreamFactory(internalLog):156 WARN c.n.s.JsonMetaSchema(newValidator):278 Unknown keyword group - you should define your own Meta Schema. If the keyword is irrelevant for validation, just use a NonValidationKeyword"}}
{"type":"LOG","log":{"level":"WARN","message":"WARN i.a.w.i.DefaultAirbyteStreamFactory(internalLog):156 WARN c.n.s.JsonMetaSchema(newValidator):278 Unknown keyword airbyte_secret - you should define your own Meta Schema. If the keyword is irrelevant for validation, just use a NonValidationKeyword"}}
{"type":"LOG","log":{"level":"WARN","message":"WARN i.a.w.i.DefaultAirbyteStreamFactory(internalLog):156 WARN c.n.s.JsonMetaSchema(newValidator):278 Unknown keyword always_show - you should define your own Meta Schema. If the keyword is irrelevant for validation, just use a NonValidationKeyword"}}
{"type":"LOG","log":{"level":"WARN","message":"WARN i.a.w.i.DefaultAirbyteStreamFactory(internalLog):156 WARN c.n.s.JsonMetaSchema(newValidator):278 Unknown keyword multiline - you should define your own Meta Schema. If the keyword is irrelevant for validation, just use a NonValidationKeyword"}}
{"type":"LOG","log":{"level":"INFO","message":"INFO i.a.w.i.DefaultAirbyteStreamFactory(internalLog):159 INFO i.a.i.b.s.SshTunnel(getInstance):204 Starting connection with method: NO_TUNNEL"}}
{"type":"LOG","log":{"level":"INFO","message":"INFO i.a.w.i.DefaultAirbyteStreamFactory(internalLog):159 INFO i.a.i.s.p.PostgresUtils(isCdc):53 using CDC: false"}}
{"type":"LOG","log":{"level":"INFO","message":"INFO i.a.w.i.DefaultAirbyteStreamFactory(internalLog):159 INFO i.a.i.s.r.s.StateManagerFactory(createStateManager):55 Stream state manager selected to manage state object with type STREAM."}}
{"type":"LOG","log":{"level":"INFO","message":"INFO i.a.w.i.DefaultAirbyteStreamFactory(internalLog):159 INFO i.a.i.s.r.s.CursorManager(createCursorInfoForStream):182 No cursor field set in catalog but not present in state. Stream: public_testview, New Cursor Field: id. Resetting cursor value"}}
{"type":"LOG","log":{"level":"INFO","message":"INFO i.a.w.i.DefaultAirbyteStreamFactory(internalLog):159 INFO i.a.i.s.r.s.CursorManager(createCursorInfoForStream):182 No cursor field set in catalog but not present in state. Stream: public_id_and_name, New Cursor Field: id. Resetting cursor value"}}
{"type":"LOG","log":{"level":"INFO","message":"INFO i.a.w.i.DefaultAirbyteStreamFactory(internalLog):159 INFO i.a.i.s.r.s.CursorManager(createCursorInfoForStream):182 No cursor field set in catalog but not present in state. Stream: public_starships, New Cursor Field: id. Resetting cursor value"}}
{"type":"LOG","log":{"level":"INFO","message":"INFO i.a.w.i.DefaultAirbyteStreamFactory(internalLog):159 INFO i.a.i.s.p.PostgresSource(toSslJdbcParamInternal):544 VERIFY_CA toSslJdbcParam verify-ca"}}
{"type":"LOG","log":{"level":"INFO","message":"INFO i.a.w.i.DefaultAirbyteStreamFactory(internalLog):159 INFO c.z.h.HikariDataSource(<init>):80 HikariPool-1 - Starting..."}}
{"type":"LOG","log":{"level":"INFO","message":"INFO i.a.w.i.DefaultAirbyteStreamFactory(internalLog):159 INFO c.z.h.HikariDataSource(<init>):82 HikariPool-1 - Start completed."}}
{"type":"LOG","log":{"level":"INFO","message":"INFO i.a.w.i.DefaultAirbyteStreamFactory(internalLog):159 INFO i.a.i.s.p.PostgresUtils(isCdc):53 using CDC: false"}}
{"type":"LOG","log":{"level":"INFO","message":"INFO i.a.w.i.DefaultAirbyteStreamFactory(internalLog):159 INFO i.a.i.s.j.AbstractJdbcSource(logPreSyncDebugData):450 Data source product recognized as PostgreSQL:15.3 (Debian 15.3-1.pgdg110+1)"}}
{"type":"LOG","log":{"level":"INFO","message":"INFO i.a.w.i.DefaultAirbyteStreamFactory(internalLog):159 INFO i.a.i.s.p.PostgresSource(logPreSyncDebugData):221 Discovering indexes for schema \"public\", table \"id_and_name\""}}
{"type":"LOG","log":{"level":"INFO","message":"INFO i.a.w.i.DefaultAirbyteStreamFactory(internalLog):159 INFO i.a.i.s.p.PostgresSource(logPreSyncDebugData):221 Discovering indexes for schema \"public\", table \"starships\""}}
{"type":"LOG","log":{"level":"INFO","message":"INFO i.a.w.i.DefaultAirbyteStreamFactory(internalLog):159 INFO i.a.i.s.p.PostgresSource(logPreSyncDebugData):221 Discovering indexes for schema \"public\", table \"testview\""}}
{"type":"LOG","log":{"level":"INFO","message":"INFO i.a.w.i.DefaultAirbyteStreamFactory(internalLog):159 INFO i.a.i.s.p.PostgresQueryUtils(logXminStatus):77 Xmin Status : {Number of wraparounds: 0, Xmin Transaction Value: 740, Xmin Raw Value: 740"}}
{"type":"LOG","log":{"level":"INFO","message":"INFO i.a.w.i.DefaultAirbyteStreamFactory(internalLog):159 INFO i.a.i.s.j.AbstractJdbcSource(discoverInternal):166 Internal schemas to exclude: [catalog_history, information_schema, pg_catalog, pg_internal]"}}
{"type":"LOG","log":{"level":"INFO","message":"INFO i.a.w.i.DefaultAirbyteStreamFactory(internalLog):159 INFO i.a.d.j.s.AdaptiveStreamingQueryConfig(initialize):31 Set initial fetch size: 10 rows"}}
{"type":"LOG","log":{"level":"WARN","message":"WARN i.a.w.i.DefaultAirbyteStreamFactory(internalLog):156 WARN i.a.i.s.r.DbSourceDiscoverUtil(logSourceSchemaChange):82 Source schema changed for table public.id_and_name! Potential mismatches: [id]. Actual schema: {\"type\":\"object\",\"properties\":{\"name\":{\"type\":\"string\"},\"id\":{\"type\":\"number\",\"airbyte_type\":\"integer\"}}}. Catalog schema: {\"type\":\"object\",\"properties\":{\"name\":{\"type\":\"string\"},\"id\":{\"type\":\"number\"}}}"}}
{"type":"LOG","log":{"level":"WARN","message":"WARN i.a.w.i.DefaultAirbyteStreamFactory(internalLog):156 WARN i.a.i.s.r.DbSourceDiscoverUtil(logSourceSchemaChange):82 Source schema changed for table public.starships! Potential mismatches: [id]. Actual schema: {\"type\":\"object\",\"properties\":{\"name\":{\"type\":\"string\"},\"id\":{\"type\":\"number\",\"airbyte_type\":\"integer\"}}}. Catalog schema: {\"type\":\"object\",\"properties\":{\"name\":{\"type\":\"string\"},\"id\":{\"type\":\"number\"}}}"}}
{"type":"LOG","log":{"level":"WARN","message":"WARN i.a.w.i.DefaultAirbyteStreamFactory(internalLog):156 WARN i.a.i.s.r.DbSourceDiscoverUtil(logSourceSchemaChange):82 Source schema changed for table public.testview! Potential mismatches: [id]. Actual schema: {\"type\":\"object\",\"properties\":{\"name\":{\"type\":\"string\"},\"id\":{\"type\":\"number\",\"airbyte_type\":\"integer\"}}}. Catalog schema: {\"type\":\"object\",\"properties\":{\"name\":{\"type\":\"string\"},\"id\":{\"type\":\"number\"}}}"}}
{"type":"LOG","log":{"level":"INFO","message":"INFO i.a.w.i.DefaultAirbyteStreamFactory(internalLog):159 INFO i.a.i.s.p.PostgresUtils(isCdc):53 using CDC: false"}}
{"type":"LOG","log":{"level":"INFO","message":"INFO i.a.w.i.DefaultAirbyteStreamFactory(internalLog):159 INFO i.a.i.s.j.AbstractJdbcSource(queryTableFullRefresh):112 Queueing query for table: id_and_name"}}
{"type":"LOG","log":{"level":"INFO","message":"INFO i.a.w.i.DefaultAirbyteStreamFactory(internalLog):159 INFO i.a.i.s.j.AbstractJdbcSource(queryTableFullRefresh):112 Queueing query for table: starships"}}
{"type":"LOG","log":{"level":"INFO","message":"INFO i.a.w.i.DefaultAirbyteStreamFactory(internalLog):159 INFO i.a.i.s.j.AbstractJdbcSource(queryTableFullRefresh):112 Queueing query for table: testview"}}
{"type":"LOG","log":{"level":"INFO","message":"INFO i.a.w.i.DefaultAirbyteStreamFactory(internalLog):159 INFO i.a.i.s.r.RelationalDbQueryUtils(lambda$queryTable$0):73 Queueing query: SELECT \"id\",\"name\" FROM \"public\".\"id_and_name\""}}
{"type":"LOG","log":{"level":"INFO","message":"INFO i.a.w.i.DefaultAirbyteStreamFactory(internalLog):159 INFO i.a.d.j.s.AdaptiveStreamingQueryConfig(initialize):31 Set initial fetch size: 10 rows"}}
{"type":"LOG","log":{"level":"INFO","message":"INFO i.a.w.i.DefaultAirbyteStreamFactory(internalLog):159 INFO i.a.c.u.CompositeIterator(lambda$emitStartStreamStatus$1):155 STARTING -> public_id_and_name"}}
{"type":"LOG","log":{"level":"INFO","message":"INFO i.a.w.i.DefaultAirbyteStreamFactory(internalLog):159 INFO i.a.c.u.CompositeIterator(lambda$emitRunningStreamStatus$0):148 RUNNING -> public_id_and_name"}}
{"type":"LOG","log":{"level":"WARN","message":"WARN c.n.s.JsonMetaSchema(newValidator):278 Unknown keyword existingJavaType - you should define your own Meta Schema. If the keyword is irrelevant for validation, just use a NonValidationKeyword"}}
{"type":"LOG","log":{"level":"INFO","message":"INFO i.a.w.i.DefaultAirbyteStreamFactory(internalLog):159 INFO i.a.c.u.CompositeIterator(lambda$emitCompleteStreamStatus$2):162 COMPLETE -> public_id_and_name"}}
{"type":"LOG","log":{"level":"INFO","message":"INFO i.a.w.i.DefaultAirbyteStreamFactory(internalLog):159 INFO i.a.c.u.CompositeIterator(lambda$emitStartStreamStatus$1):155 STARTING -> public_starships"}}
{"type":"LOG","log":{"level":"INFO","message":"INFO i.a.w.i.DefaultAirbyteStreamFactory(internalLog):159 INFO i.a.i.s.r.RelationalDbQueryUtils(lambda$queryTable$0):73 Queueing query: SELECT \"id\",\"name\" FROM \"public\".\"starships\""}}
{"type":"LOG","log":{"level":"INFO","message":"INFO i.a.w.i.DefaultAirbyteStreamFactory(internalLog):159 INFO i.a.d.j.s.AdaptiveStreamingQueryConfig(initialize):31 Set initial fetch size: 10 rows"}}
{"type":"LOG","log":{"level":"INFO","message":"INFO i.a.w.i.DefaultAirbyteStreamFactory(internalLog):159 INFO i.a.c.u.CompositeIterator(lambda$emitRunningStreamStatus$0):148 RUNNING -> public_starships"}}
{"type":"LOG","log":{"level":"INFO","message":"INFO i.a.w.i.DefaultAirbyteStreamFactory(internalLog):159 INFO i.a.c.u.CompositeIterator(lambda$emitCompleteStreamStatus$2):162 COMPLETE -> public_starships"}}
{"type":"LOG","log":{"level":"INFO","message":"INFO i.a.w.i.DefaultAirbyteStreamFactory(internalLog):159 INFO i.a.c.u.CompositeIterator(lambda$emitStartStreamStatus$1):155 STARTING -> public_testview"}}
{"type":"LOG","log":{"level":"INFO","message":"INFO i.a.w.i.DefaultAirbyteStreamFactory(internalLog):159 INFO i.a.i.s.r.RelationalDbQueryUtils(lambda$queryTable$0):73 Queueing query: SELECT \"id\",\"name\" FROM \"public\".\"testview\""}}
{"type":"LOG","log":{"level":"INFO","message":"INFO i.a.w.i.DefaultAirbyteStreamFactory(internalLog):159 INFO i.a.d.j.s.AdaptiveStreamingQueryConfig(initialize):31 Set initial fetch size: 10 rows"}}
{"type":"LOG","log":{"level":"INFO","message":"INFO i.a.w.i.DefaultAirbyteStreamFactory(internalLog):159 INFO i.a.c.u.CompositeIterator(lambda$emitRunningStreamStatus$0):148 RUNNING -> public_testview"}}
{"type":"LOG","log":{"level":"INFO","message":"INFO i.a.w.i.DefaultAirbyteStreamFactory(internalLog):159 INFO i.a.c.u.CompositeIterator(lambda$emitCompleteStreamStatus$2):162 COMPLETE -> public_testview"}}
{"type":"LOG","log":{"level":"INFO","message":"INFO i.a.w.i.DefaultAirbyteStreamFactory(internalLog):159 INFO i.a.i.s.r.AbstractDbSource(lambda$read$1):173 Closing database connection pool."}}
{"type":"LOG","log":{"level":"INFO","message":"INFO i.a.w.i.DefaultAirbyteStreamFactory(internalLog):159 INFO c.z.h.HikariDataSource(close):350 HikariPool-1 - Shutdown initiated..."}}
{"type":"LOG","log":{"level":"INFO","message":"INFO i.a.w.i.DefaultAirbyteStreamFactory(internalLog):159 INFO c.z.h.HikariDataSource(close):352 HikariPool-1 - Shutdown completed."}}
{"type":"LOG","log":{"level":"INFO","message":"INFO i.a.w.i.DefaultAirbyteStreamFactory(internalLog):159 INFO i.a.i.s.r.AbstractDbSource(lambda$read$1):175 Closed database connection pool."}}
{"type":"LOG","log":{"level":"INFO","message":"INFO i.a.w.i.DefaultAirbyteStreamFactory(internalLog):159 INFO i.a.i.b.IntegrationRunner(runInternal):186 Completed integration: io.airbyte.integrations.base.ssh.SshWrappedSource"}}
{"type":"LOG","log":{"level":"INFO","message":"INFO i.a.w.i.DefaultAirbyteStreamFactory(internalLog):159 INFO i.a.i.s.p.PostgresSource(main):509 completed source: class io.airbyte.integrations.source.postgres.PostgresSource"}}
{"type":"LOG","log":{"level":"INFO","message":"INFO i.a.c.i.LineGobbler(voidCall):114 Checking if airbyte/source-postgres:dev exists..."}}
{"type":"LOG","log":{"level":"INFO","message":"INFO i.a.c.i.LineGobbler(voidCall):114 airbyte/source-postgres:dev was found locally."}}
{"type":"LOG","log":{"level":"INFO","message":"INFO i.a.w.p.DockerProcessFactory(create):126 Creating docker container = source-postgres-read-0-0-bfsqr with resources null and allowedHosts null"}}
{"type":"LOG","log":{"level":"INFO","message":"INFO i.a.w.p.DockerProcessFactory(create):171 Preparing command: docker run --rm --init -i -w /data/job --log-driver none --name source-postgres-read-0-0-bfsqr --network host -v /tmp/airbyte_tests/test4638014459831380405:/data -v /tmp/airbyte_tests/output13452425786034040364:/local -e DEPLOYMENT_MODE=OSS -e USE_STREAM_CAPABLE_STATE=true -e FIELD_SELECTION_WORKSPACES= -e AIRBYTE_ROLE= -e WORKER_ENVIRONMENT=DOCKER -e APPLY_FIELD_SELECTION=false -e WORKER_CONNECTOR_IMAGE=airbyte/source-postgres:dev -e WORKER_JOB_ATTEMPT=0 -e AUTO_DETECT_SCHEMA=true -e AIRBYTE_VERSION= -e WORKER_JOB_ID=0 airbyte/source-postgres:dev read --config source_config.json --catalog source_catalog.json"}}
{"type":"LOG","log":{"level":"INFO","message":"INFO i.a.w.i.DefaultAirbyteStreamFactory(internalLog):159 INFO i.a.i.s.p.PostgresSource(main):507 starting source: class io.airbyte.integrations.source.postgres.PostgresSource"}}
{"type":"LOG","log":{"level":"INFO","message":"INFO i.a.w.i.DefaultAirbyteStreamFactory(internalLog):159 INFO i.a.i.b.IntegrationCliParser(parseOptions):126 integration args: {read=null, catalog=source_catalog.json, config=source_config.json}"}}
{"type":"LOG","log":{"level":"INFO","message":"INFO i.a.w.i.DefaultAirbyteStreamFactory(internalLog):159 INFO i.a.i.b.IntegrationRunner(runInternal):108 Running integration: io.airbyte.integrations.base.ssh.SshWrappedSource"}}
{"type":"LOG","log":{"level":"INFO","message":"INFO i.a.w.i.DefaultAirbyteStreamFactory(internalLog):159 INFO i.a.i.b.IntegrationRunner(runInternal):109 Command: READ"}}
{"type":"LOG","log":{"level":"INFO","message":"INFO i.a.w.i.DefaultAirbyteStreamFactory(internalLog):159 INFO i.a.i.b.IntegrationRunner(runInternal):110 Integration config: IntegrationConfig{command=READ, configPath='source_config.json', catalogPath='source_catalog.json', statePath='null'}"}}
{"type":"LOG","log":{"level":"WARN","message":"WARN i.a.w.i.DefaultAirbyteStreamFactory(internalLog):156 WARN c.n.s.JsonMetaSchema(newValidator):278 Unknown keyword groups - you should define your own Meta Schema. If the keyword is irrelevant for validation, just use a NonValidationKeyword"}}
{"type":"LOG","log":{"level":"WARN","message":"WARN i.a.w.i.DefaultAirbyteStreamFactory(internalLog):156 WARN c.n.s.JsonMetaSchema(newValidator):278 Unknown keyword order - you should define your own Meta Schema. If the keyword is irrelevant for validation, just use a NonValidationKeyword"}}
{"type":"LOG","log":{"level":"WARN","message":"WARN i.a.w.i.DefaultAirbyteStreamFactory(internalLog):156 WARN c.n.s.JsonMetaSchema(newValidator):278 Unknown keyword group - you should define your own Meta Schema. If the keyword is irrelevant for validation, just use a NonValidationKeyword"}}
{"type":"LOG","log":{"level":"WARN","message":"WARN i.a.w.i.DefaultAirbyteStreamFactory(internalLog):156 WARN c.n.s.JsonMetaSchema(newValidator):278 Unknown keyword airbyte_secret - you should define your own Meta Schema. If the keyword is irrelevant for validation, just use a NonValidationKeyword"}}
{"type":"LOG","log":{"level":"WARN","message":"WARN i.a.w.i.DefaultAirbyteStreamFactory(internalLog):156 WARN c.n.s.JsonMetaSchema(newValidator):278 Unknown keyword always_show - you should define your own Meta Schema. If the keyword is irrelevant for validation, just use a NonValidationKeyword"}}
{"type":"LOG","log":{"level":"WARN","message":"WARN i.a.w.i.DefaultAirbyteStreamFactory(internalLog):156 WARN c.n.s.JsonMetaSchema(newValidator):278 Unknown keyword multiline - you should define your own Meta Schema. If the keyword is irrelevant for validation, just use a NonValidationKeyword"}}
{"type":"LOG","log":{"level":"INFO","message":"INFO i.a.w.i.DefaultAirbyteStreamFactory(internalLog):159 INFO i.a.i.b.s.SshTunnel(getInstance):204 Starting connection with method: NO_TUNNEL"}}
{"type":"LOG","log":{"level":"INFO","message":"INFO i.a.w.i.DefaultAirbyteStreamFactory(internalLog):159 INFO i.a.i.s.p.PostgresUtils(isCdc):53 using CDC: false"}}
{"type":"LOG","log":{"level":"INFO","message":"INFO i.a.w.i.DefaultAirbyteStreamFactory(internalLog):159 INFO i.a.i.s.r.s.StateManagerFactory(createStateManager):55 Stream state manager selected to manage state object with type STREAM."}}
{"type":"LOG","log":{"level":"INFO","message":"INFO i.a.w.i.DefaultAirbyteStreamFactory(internalLog):159 INFO i.a.i.s.r.s.CursorManager(createCursorInfoForStream):182 No cursor field set in catalog but not present in state. Stream: public_testview, New Cursor Field: id. Resetting cursor value"}}
{"type":"LOG","log":{"level":"INFO","message":"INFO i.a.w.i.DefaultAirbyteStreamFactory(internalLog):159 INFO i.a.i.s.r.s.CursorManager(createCursorInfoForStream):182 No cursor field set in catalog but not present in state. Stream: public_id_and_name, New Cursor Field: id. Resetting cursor value"}}
{"type":"LOG","log":{"level":"INFO","message":"INFO i.a.w.i.DefaultAirbyteStreamFactory(internalLog):159 INFO i.a.i.s.r.s.CursorManager(createCursorInfoForStream):182 No cursor field set in catalog but not present in state. Stream: public_starships, New Cursor Field: id. Resetting cursor value"}}
{"type":"LOG","log":{"level":"INFO","message":"INFO i.a.w.i.DefaultAirbyteStreamFactory(internalLog):159 INFO i.a.i.s.p.PostgresSource(toSslJdbcParamInternal):544 VERIFY_CA toSslJdbcParam verify-ca"}}
{"type":"LOG","log":{"level":"INFO","message":"INFO i.a.w.i.DefaultAirbyteStreamFactory(internalLog):159 INFO c.z.h.HikariDataSource(<init>):80 HikariPool-1 - Starting..."}}
{"type":"LOG","log":{"level":"INFO","message":"INFO i.a.w.i.DefaultAirbyteStreamFactory(internalLog):159 INFO c.z.h.HikariDataSource(<init>):82 HikariPool-1 - Start completed."}}
{"type":"LOG","log":{"level":"INFO","message":"INFO i.a.w.i.DefaultAirbyteStreamFactory(internalLog):159 INFO i.a.i.s.p.PostgresUtils(isCdc):53 using CDC: false"}}
{"type":"LOG","log":{"level":"INFO","message":"INFO i.a.w.i.DefaultAirbyteStreamFactory(internalLog):159 INFO i.a.i.s.j.AbstractJdbcSource(logPreSyncDebugData):450 Data source product recognized as PostgreSQL:15.3 (Debian 15.3-1.pgdg110+1)"}}
{"type":"LOG","log":{"level":"INFO","message":"INFO i.a.w.i.DefaultAirbyteStreamFactory(internalLog):159 INFO i.a.i.s.p.PostgresSource(logPreSyncDebugData):221 Discovering indexes for schema \"public\", table \"id_and_name\""}}
{"type":"LOG","log":{"level":"INFO","message":"INFO i.a.w.i.DefaultAirbyteStreamFactory(internalLog):159 INFO i.a.i.s.p.PostgresSource(logPreSyncDebugData):221 Discovering indexes for schema \"public\", table \"starships\""}}
{"type":"LOG","log":{"level":"INFO","message":"INFO i.a.w.i.DefaultAirbyteStreamFactory(internalLog):159 INFO i.a.i.s.p.PostgresSource(logPreSyncDebugData):221 Discovering indexes for schema \"public\", table \"testview\""}}
{"type":"LOG","log":{"level":"INFO","message":"INFO i.a.w.i.DefaultAirbyteStreamFactory(internalLog):159 INFO i.a.i.s.p.PostgresQueryUtils(logXminStatus):77 Xmin Status : {Number of wraparounds: 0, Xmin Transaction Value: 740, Xmin Raw Value: 740"}}
{"type":"LOG","log":{"level":"INFO","message":"INFO i.a.w.i.DefaultAirbyteStreamFactory(internalLog):159 INFO i.a.i.s.j.AbstractJdbcSource(discoverInternal):166 Internal schemas to exclude: [catalog_history, information_schema, pg_catalog, pg_internal]"}}
{"type":"LOG","log":{"level":"INFO","message":"INFO i.a.w.i.DefaultAirbyteStreamFactory(internalLog):159 INFO i.a.d.j.s.AdaptiveStreamingQueryConfig(initialize):31 Set initial fetch size: 10 rows"}}
{"type":"LOG","log":{"level":"WARN","message":"WARN i.a.w.i.DefaultAirbyteStreamFactory(internalLog):156 WARN i.a.i.s.r.DbSourceDiscoverUtil(logSourceSchemaChange):82 Source schema changed for table public.id_and_name! Potential mismatches: [id]. Actual schema: {\"type\":\"object\",\"properties\":{\"name\":{\"type\":\"string\"},\"id\":{\"type\":\"number\",\"airbyte_type\":\"integer\"}}}. Catalog schema: {\"type\":\"object\",\"properties\":{\"name\":{\"type\":\"string\"},\"id\":{\"type\":\"number\"}}}"}}
{"type":"LOG","log":{"level":"WARN","message":"WARN i.a.w.i.DefaultAirbyteStreamFactory(internalLog):156 WARN i.a.i.s.r.DbSourceDiscoverUtil(logSourceSchemaChange):82 Source schema changed for table public.starships! Potential mismatches: [id]. Actual schema: {\"type\":\"object\",\"properties\":{\"name\":{\"type\":\"string\"},\"id\":{\"type\":\"number\",\"airbyte_type\":\"integer\"}}}. Catalog schema: {\"type\":\"object\",\"properties\":{\"name\":{\"type\":\"string\"},\"id\":{\"type\":\"number\"}}}"}}
{"type":"LOG","log":{"level":"WARN","message":"WARN i.a.w.i.DefaultAirbyteStreamFactory(internalLog):156 WARN i.a.i.s.r.DbSourceDiscoverUtil(logSourceSchemaChange):82 Source schema changed for table public.testview! Potential mismatches: [id]. Actual schema: {\"type\":\"object\",\"properties\":{\"name\":{\"type\":\"string\"},\"id\":{\"type\":\"number\",\"airbyte_type\":\"integer\"}}}. Catalog schema: {\"type\":\"object\",\"properties\":{\"name\":{\"type\":\"string\"},\"id\":{\"type\":\"number\"}}}"}}
{"type":"LOG","log":{"level":"INFO","message":"INFO i.a.w.i.DefaultAirbyteStreamFactory(internalLog):159 INFO i.a.i.s.p.PostgresUtils(isCdc):53 using CDC: false"}}
{"type":"LOG","log":{"level":"INFO","message":"INFO i.a.w.i.DefaultAirbyteStreamFactory(internalLog):159 INFO i.a.i.s.j.AbstractJdbcSource(queryTableFullRefresh):112 Queueing query for table: id_and_name"}}
{"type":"LOG","log":{"level":"INFO","message":"INFO i.a.w.i.DefaultAirbyteStreamFactory(internalLog):159 INFO i.a.i.s.j.AbstractJdbcSource(queryTableFullRefresh):112 Queueing query for table: starships"}}
{"type":"LOG","log":{"level":"INFO","message":"INFO i.a.w.i.DefaultAirbyteStreamFactory(internalLog):159 INFO i.a.i.s.j.AbstractJdbcSource(queryTableFullRefresh):112 Queueing query for table: testview"}}
{"type":"LOG","log":{"level":"INFO","message":"INFO i.a.w.i.DefaultAirbyteStreamFactory(internalLog):159 INFO i.a.i.s.r.RelationalDbQueryUtils(lambda$queryTable$0):73 Queueing query: SELECT \"id\",\"name\" FROM \"public\".\"id_and_name\""}}
{"type":"LOG","log":{"level":"INFO","message":"INFO i.a.w.i.DefaultAirbyteStreamFactory(internalLog):159 INFO i.a.d.j.s.AdaptiveStreamingQueryConfig(initialize):31 Set initial fetch size: 10 rows"}}
{"type":"LOG","log":{"level":"INFO","message":"INFO i.a.w.i.DefaultAirbyteStreamFactory(internalLog):159 INFO i.a.c.u.CompositeIterator(lambda$emitStartStreamStatus$1):155 STARTING -> public_id_and_name"}}
{"type":"LOG","log":{"level":"INFO","message":"INFO i.a.w.i.DefaultAirbyteStreamFactory(internalLog):159 INFO i.a.c.u.CompositeIterator(lambda$emitRunningStreamStatus$0):148 RUNNING -> public_id_and_name"}}
{"type":"LOG","log":{"level":"INFO","message":"INFO i.a.w.i.DefaultAirbyteStreamFactory(internalLog):159 INFO i.a.c.u.CompositeIterator(lambda$emitCompleteStreamStatus$2):162 COMPLETE -> public_id_and_name"}}
{"type":"LOG","log":{"level":"INFO","message":"INFO i.a.w.i.DefaultAirbyteStreamFactory(internalLog):159 INFO i.a.c.u.CompositeIterator(lambda$emitStartStreamStatus$1):155 STARTING -> public_starships"}}
{"type":"LOG","log":{"level":"INFO","message":"INFO i.a.w.i.DefaultAirbyteStreamFactory(internalLog):159 INFO i.a.i.s.r.RelationalDbQueryUtils(lambda$queryTable$0):73 Queueing query: SELECT \"id\",\"name\" FROM \"public\".\"starships\""}}
{"type":"LOG","log":{"level":"INFO","message":"INFO i.a.w.i.DefaultAirbyteStreamFactory(internalLog):159 INFO i.a.d.j.s.AdaptiveStreamingQueryConfig(initialize):31 Set initial fetch size: 10 rows"}}
{"type":"LOG","log":{"level":"INFO","message":"INFO i.a.w.i.DefaultAirbyteStreamFactory(internalLog):159 INFO i.a.c.u.CompositeIterator(lambda$emitRunningStreamStatus$0):148 RUNNING -> public_starships"}}
{"type":"LOG","log":{"level":"INFO","message":"INFO i.a.w.i.DefaultAirbyteStreamFactory(internalLog):159 INFO i.a.c.u.CompositeIterator(lambda$emitCompleteStreamStatus$2):162 COMPLETE -> public_starships"}}
{"type":"LOG","log":{"level":"INFO","message":"INFO i.a.w.i.DefaultAirbyteStreamFactory(internalLog):159 INFO i.a.c.u.CompositeIterator(lambda$emitStartStreamStatus$1):155 STARTING -> public_testview"}}
{"type":"LOG","log":{"level":"INFO","message":"INFO i.a.w.i.DefaultAirbyteStreamFactory(internalLog):159 INFO i.a.i.s.r.RelationalDbQueryUtils(lambda$queryTable$0):73 Queueing query: SELECT \"id\",\"name\" FROM \"public\".\"testview\""}}
{"type":"LOG","log":{"level":"INFO","message":"INFO i.a.w.i.DefaultAirbyteStreamFactory(internalLog):159 INFO i.a.d.j.s.AdaptiveStreamingQueryConfig(initialize):31 Set initial fetch size: 10 rows"}}
{"type":"LOG","log":{"level":"INFO","message":"INFO i.a.w.i.DefaultAirbyteStreamFactory(internalLog):159 INFO i.a.c.u.CompositeIterator(lambda$emitRunningStreamStatus$0):148 RUNNING -> public_testview"}}
{"type":"LOG","log":{"level":"INFO","message":"INFO i.a.w.i.DefaultAirbyteStreamFactory(internalLog):159 INFO i.a.c.u.CompositeIterator(lambda$emitCompleteStreamStatus$2):162 COMPLETE -> public_testview"}}
{"type":"LOG","log":{"level":"INFO","message":"INFO i.a.w.i.DefaultAirbyteStreamFactory(internalLog):159 INFO i.a.i.s.r.AbstractDbSource(lambda$read$1):173 Closing database connection pool."}}
{"type":"LOG","log":{"level":"INFO","message":"INFO i.a.w.i.DefaultAirbyteStreamFactory(internalLog):159 INFO c.z.h.HikariDataSource(close):350 HikariPool-1 - Shutdown initiated..."}}
{"type":"LOG","log":{"level":"INFO","message":"INFO i.a.w.i.DefaultAirbyteStreamFactory(internalLog):159 INFO c.z.h.HikariDataSource(close):352 HikariPool-1 - Shutdown completed."}}
{"type":"LOG","log":{"level":"INFO","message":"INFO i.a.w.i.DefaultAirbyteStreamFactory(internalLog):159 INFO i.a.i.s.r.AbstractDbSource(lambda$read$1):175 Closed database connection pool."}}
{"type":"LOG","log":{"level":"INFO","message":"INFO i.a.w.i.DefaultAirbyteStreamFactory(internalLog):159 INFO i.a.i.b.IntegrationRunner(runInternal):186 Completed integration: io.airbyte.integrations.base.ssh.SshWrappedSource"}}
{"type":"LOG","log":{"level":"INFO","message":"INFO i.a.w.i.DefaultAirbyteStreamFactory(internalLog):159 INFO i.a.i.s.p.PostgresSource(main):509 completed source: class io.airbyte.integrations.source.postgres.PostgresSource"}}
{"type":"LOG","log":{"level":"INFO","message":"INFO o.t.c.GenericContainer(tryStart):376 Creating container for image: postgres:bullseye"}}
{"type":"LOG","log":{"level":"INFO","message":"INFO o.t.c.GenericContainer(tryStart):440 Container postgres:bullseye is starting: a53580cbad9498804949fe5b3476216a43782c074e6ebcc8e0c8b27ea0aaa071"}}
{"type":"LOG","log":{"level":"INFO","message":"INFO o.t.c.GenericContainer(tryStart):520 Container postgres:bullseye started in PT25.641448S"}}
{"type":"LOG","log":{"level":"INFO","message":"INFO c.z.h.HikariDataSource(<init>):80 HikariPool-2 - Starting..."}}
{"type":"LOG","log":{"level":"INFO","message":"INFO c.z.h.HikariDataSource(<init>):82 HikariPool-2 - Start completed."}}
{"type":"LOG","log":{"level":"INFO","message":"INFO i.a.i.s.s.TestEnvConfigs(getEnvOrDefault):119 Using default value for environment variable DEPLOYMENT_MODE: 'OSS'"}}
{"type":"LOG","log":{"level":"INFO","message":"INFO i.a.i.s.s.TestEnvConfigs(getEnvOrDefault):119 Using default value for environment variable WORKER_ENVIRONMENT: 'DOCKER'"}}
{"type":"LOG","log":{"level":"INFO","message":"INFO i.a.c.i.LineGobbler(voidCall):114 Checking if airbyte/source-postgres:dev exists..."}}
{"type":"LOG","log":{"level":"INFO","message":"INFO i.a.c.i.LineGobbler(voidCall):114 airbyte/source-postgres:dev was found locally."}}
{"type":"LOG","log":{"level":"INFO","message":"INFO i.a.w.p.DockerProcessFactory(create):126 Creating docker container = source-postgres-entrypoint-checker-0-0-ptsej with resources null and allowedHosts null"}}
{"type":"LOG","log":{"level":"INFO","message":"INFO i.a.w.p.DockerProcessFactory(create):171 Preparing command: docker run --rm --init -i -w /data/job --log-driver none --name source-postgres-entrypoint-checker-0-0-ptsej --network host -v /tmp/airbyte_tests/test302777671199734854:/data -v /tmp/airbyte_tests/output15672174397014033569:/local -e DEPLOYMENT_MODE=OSS -e AIRBYTE_ROLE= -e WORKER_ENVIRONMENT=DOCKER -e AIRBYTE_VERSION= --entrypoint printenv airbyte/source-postgres:dev"}}
{"type":"LOG","log":{"level":"INFO","message":"INFO o.t.c.GenericContainer(tryStart):376 Creating container for image: postgres:bullseye"}}
{"type":"LOG","log":{"level":"INFO","message":"INFO o.t.c.GenericContainer(tryStart):440 Container postgres:bullseye is starting: f5704c9faf2729d0bb81d654f1ecc1784db9d3b6fa4d112ae32bba0b0b9b2bc5"}}
{"type":"LOG","log":{"level":"INFO","message":"INFO o.t.c.GenericContainer(tryStart):520 Container postgres:bullseye started in PT48.048696S"}}
{"type":"LOG","log":{"level":"INFO","message":"INFO c.z.h.HikariDataSource(<init>):80 HikariPool-3 - Starting..."}}
{"type":"LOG","log":{"level":"INFO","message":"INFO c.z.h.HikariDataSource(<init>):82 HikariPool-3 - Start completed."}}
{"type":"LOG","log":{"level":"INFO","message":"INFO i.a.i.s.s.TestEnvConfigs(getEnvOrDefault):119 Using default value for environment variable DEPLOYMENT_MODE: 'OSS'"}}
{"type":"LOG","log":{"level":"INFO","message":"INFO i.a.i.s.s.TestEnvConfigs(getEnvOrDefault):119 Using default value for environment variable WORKER_ENVIRONMENT: 'DOCKER'"}}
{"type":"LOG","log":{"level":"INFO","message":"INFO i.a.c.i.LineGobbler(voidCall):114 Checking if airbyte/source-postgres:dev exists..."}}
{"type":"LOG","log":{"level":"INFO","message":"INFO i.a.c.i.LineGobbler(voidCall):114 airbyte/source-postgres:dev was found locally."}}
{"type":"LOG","log":{"level":"INFO","message":"INFO i.a.w.p.DockerProcessFactory(create):126 Creating docker container = source-postgres-read-0-0-dyjvr with resources null and allowedHosts null"}}
{"type":"LOG","log":{"level":"INFO","message":"INFO i.a.w.p.DockerProcessFactory(create):171 Preparing command: docker run --rm --init -i -w /data/job --log-driver none --name source-postgres-read-0-0-dyjvr --network host -v /tmp/airbyte_tests/test17145224241008871705:/data -v /tmp/airbyte_tests/output5046923614990961369:/local -e DEPLOYMENT_MODE=OSS -e USE_STREAM_CAPABLE_STATE=true -e FIELD_SELECTION_WORKSPACES= -e AIRBYTE_ROLE= -e WORKER_ENVIRONMENT=DOCKER -e APPLY_FIELD_SELECTION=false -e WORKER_CONNECTOR_IMAGE=airbyte/source-postgres:dev -e WORKER_JOB_ATTEMPT=0 -e AUTO_DETECT_SCHEMA=true -e AIRBYTE_VERSION= -e WORKER_JOB_ID=0 airbyte/source-postgres:dev read --config source_config.json --catalog source_catalog.json --state input_state.json"}}
{"type":"LOG","log":{"level":"INFO","message":"INFO i.a.w.i.DefaultAirbyteStreamFactory(internalLog):159 INFO i.a.i.s.p.PostgresSource(main):507 starting source: class io.airbyte.integrations.source.postgres.PostgresSource"}}
{"type":"LOG","log":{"level":"INFO","message":"INFO i.a.w.i.DefaultAirbyteStreamFactory(internalLog):159 INFO i.a.i.b.IntegrationCliParser(parseOptions):126 integration args: {read=null, catalog=source_catalog.json, state=input_state.json, config=source_config.json}"}}
{"type":"LOG","log":{"level":"INFO","message":"INFO i.a.w.i.DefaultAirbyteStreamFactory(internalLog):159 INFO i.a.i.b.IntegrationRunner(runInternal):108 Running integration: io.airbyte.integrations.base.ssh.SshWrappedSource"}}
{"type":"LOG","log":{"level":"INFO","message":"INFO i.a.w.i.DefaultAirbyteStreamFactory(internalLog):159 INFO i.a.i.b.IntegrationRunner(runInternal):109 Command: READ"}}
{"type":"LOG","log":{"level":"INFO","message":"INFO i.a.w.i.DefaultAirbyteStreamFactory(internalLog):159 INFO i.a.i.b.IntegrationRunner(runInternal):110 Integration config: IntegrationConfig{command=READ, configPath='source_config.json', catalogPath='source_catalog.json', statePath='input_state.json'}"}}
{"type":"LOG","log":{"level":"WARN","message":"WARN i.a.w.i.DefaultAirbyteStreamFactory(internalLog):156 WARN c.n.s.JsonMetaSchema(newValidator):278 Unknown keyword groups - you should define your own Meta Schema. If the keyword is irrelevant for validation, just use a NonValidationKeyword"}}
{"type":"LOG","log":{"level":"WARN","message":"WARN i.a.w.i.DefaultAirbyteStreamFactory(internalLog):156 WARN c.n.s.JsonMetaSchema(newValidator):278 Unknown keyword order - you should define your own Meta Schema. If the keyword is irrelevant for validation, just use a NonValidationKeyword"}}
{"type":"LOG","log":{"level":"WARN","message":"WARN i.a.w.i.DefaultAirbyteStreamFactory(internalLog):156 WARN c.n.s.JsonMetaSchema(newValidator):278 Unknown keyword group - you should define your own Meta Schema. If the keyword is irrelevant for validation, just use a NonValidationKeyword"}}
{"type":"LOG","log":{"level":"WARN","message":"WARN i.a.w.i.DefaultAirbyteStreamFactory(internalLog):156 WARN c.n.s.JsonMetaSchema(newValidator):278 Unknown keyword airbyte_secret - you should define your own Meta Schema. If the keyword is irrelevant for validation, just use a NonValidationKeyword"}}
{"type":"LOG","log":{"level":"WARN","message":"WARN i.a.w.i.DefaultAirbyteStreamFactory(internalLog):156 WARN c.n.s.JsonMetaSchema(newValidator):278 Unknown keyword always_show - you should define your own Meta Schema. If the keyword is irrelevant for validation, just use a NonValidationKeyword"}}
{"type":"LOG","log":{"level":"WARN","message":"WARN i.a.w.i.DefaultAirbyteStreamFactory(internalLog):156 WARN c.n.s.JsonMetaSchema(newValidator):278 Unknown keyword multiline - you should define your own Meta Schema. If the keyword is irrelevant for validation, just use a NonValidationKeyword"}}
{"type":"LOG","log":{"level":"INFO","message":"INFO i.a.w.i.DefaultAirbyteStreamFactory(internalLog):159 INFO i.a.i.b.s.SshTunnel(getInstance):204 Starting connection with method: NO_TUNNEL"}}
{"type":"LOG","log":{"level":"INFO","message":"INFO i.a.w.i.DefaultAirbyteStreamFactory(internalLog):159 INFO i.a.i.s.p.PostgresUtils(isCdc):53 using CDC: false"}}
{"type":"LOG","log":{"level":"INFO","message":"INFO i.a.w.i.DefaultAirbyteStreamFactory(internalLog):159 INFO i.a.i.s.r.s.StateManagerFactory(createStateManager):55 Stream state manager selected to manage state object with type LEGACY."}}
{"type":"LOG","log":{"level":"INFO","message":"INFO i.a.w.i.DefaultAirbyteStreamFactory(internalLog):159 INFO i.a.i.s.r.s.CursorManager(createCursorInfoForStream):182 No cursor field set in catalog but not present in state. Stream: public_testview, New Cursor Field: id. Resetting cursor value"}}
{"type":"LOG","log":{"level":"INFO","message":"INFO i.a.w.i.DefaultAirbyteStreamFactory(internalLog):159 INFO i.a.i.s.r.s.CursorManager(createCursorInfoForStream):182 No cursor field set in catalog but not present in state. Stream: public_id_and_name, New Cursor Field: id. Resetting cursor value"}}
{"type":"LOG","log":{"level":"INFO","message":"INFO i.a.w.i.DefaultAirbyteStreamFactory(internalLog):159 INFO i.a.i.s.r.s.CursorManager(createCursorInfoForStream):182 No cursor field set in catalog but not present in state. Stream: public_starships, New Cursor Field: id. Resetting cursor value"}}
{"type":"LOG","log":{"level":"INFO","message":"INFO i.a.w.i.DefaultAirbyteStreamFactory(internalLog):159 INFO i.a.i.s.p.PostgresSource(toSslJdbcParamInternal):544 VERIFY_CA toSslJdbcParam verify-ca"}}
{"type":"LOG","log":{"level":"INFO","message":"INFO i.a.w.i.DefaultAirbyteStreamFactory(internalLog):159 INFO c.z.h.HikariDataSource(<init>):80 HikariPool-1 - Starting..."}}
{"type":"LOG","log":{"level":"INFO","message":"INFO i.a.w.i.DefaultAirbyteStreamFactory(internalLog):159 INFO c.z.h.HikariDataSource(<init>):82 HikariPool-1 - Start completed."}}
{"type":"LOG","log":{"level":"INFO","message":"INFO i.a.w.i.DefaultAirbyteStreamFactory(internalLog):159 INFO i.a.i.s.p.PostgresUtils(isCdc):53 using CDC: false"}}
{"type":"LOG","log":{"level":"INFO","message":"INFO i.a.w.i.DefaultAirbyteStreamFactory(internalLog):159 INFO i.a.i.s.j.AbstractJdbcSource(logPreSyncDebugData):450 Data source product recognized as PostgreSQL:15.3 (Debian 15.3-1.pgdg110+1)"}}
{"type":"LOG","log":{"level":"INFO","message":"INFO i.a.w.i.DefaultAirbyteStreamFactory(internalLog):159 INFO i.a.i.s.p.PostgresSource(logPreSyncDebugData):221 Discovering indexes for schema \"public\", table \"id_and_name\""}}
{"type":"LOG","log":{"level":"INFO","message":"INFO i.a.w.i.DefaultAirbyteStreamFactory(internalLog):159 INFO i.a.i.s.p.PostgresSource(logPreSyncDebugData):221 Discovering indexes for schema \"public\", table \"starships\""}}
{"type":"LOG","log":{"level":"INFO","message":"INFO i.a.w.i.DefaultAirbyteStreamFactory(internalLog):159 INFO i.a.i.s.p.PostgresSource(logPreSyncDebugData):221 Discovering indexes for schema \"public\", table \"testview\""}}
{"type":"LOG","log":{"level":"INFO","message":"INFO i.a.w.i.DefaultAirbyteStreamFactory(internalLog):159 INFO i.a.i.s.p.PostgresQueryUtils(logXminStatus):77 Xmin Status : {Number of wraparounds: 0, Xmin Transaction Value: 745, Xmin Raw Value: 745"}}
{"type":"LOG","log":{"level":"INFO","message":"INFO i.a.w.i.DefaultAirbyteStreamFactory(internalLog):159 INFO i.a.i.s.j.AbstractJdbcSource(discoverInternal):166 Internal schemas to exclude: [catalog_history, information_schema, pg_catalog, pg_internal]"}}
{"type":"LOG","log":{"level":"INFO","message":"INFO i.a.w.i.DefaultAirbyteStreamFactory(internalLog):159 INFO i.a.d.j.s.AdaptiveStreamingQueryConfig(initialize):31 Set initial fetch size: 10 rows"}}
{"type":"LOG","log":{"level":"WARN","message":"WARN i.a.w.i.DefaultAirbyteStreamFactory(internalLog):156 WARN i.a.i.s.r.DbSourceDiscoverUtil(logSourceSchemaChange):82 Source schema changed for table public.id_and_name! Potential mismatches: [id]. Actual schema: {\"type\":\"object\",\"properties\":{\"name\":{\"type\":\"string\"},\"id\":{\"type\":\"number\",\"airbyte_type\":\"integer\"}}}. Catalog schema: {\"type\":\"object\",\"properties\":{\"name\":{\"type\":\"string\"},\"id\":{\"type\":\"number\"}}}"}}
{"type":"LOG","log":{"level":"WARN","message":"WARN i.a.w.i.DefaultAirbyteStreamFactory(internalLog):156 WARN i.a.i.s.r.DbSourceDiscoverUtil(logSourceSchemaChange):82 Source schema changed for table public.starships! Potential mismatches: [id]. Actual schema: {\"type\":\"object\",\"properties\":{\"name\":{\"type\":\"string\"},\"id\":{\"type\":\"number\",\"airbyte_type\":\"integer\"}}}. Catalog schema: {\"type\":\"object\",\"properties\":{\"name\":{\"type\":\"string\"},\"id\":{\"type\":\"number\"}}}"}}
{"type":"LOG","log":{"level":"WARN","message":"WARN i.a.w.i.DefaultAirbyteStreamFactory(internalLog):156 WARN i.a.i.s.r.DbSourceDiscoverUtil(logSourceSchemaChange):82 Source schema changed for table public.testview! Potential mismatches: [id]. Actual schema: {\"type\":\"object\",\"properties\":{\"name\":{\"type\":\"string\"},\"id\":{\"type\":\"number\",\"airbyte_type\":\"integer\"}}}. Catalog schema: {\"type\":\"object\",\"properties\":{\"name\":{\"type\":\"string\"},\"id\":{\"type\":\"number\"}}}"}}
{"type":"LOG","log":{"level":"INFO","message":"INFO i.a.w.i.DefaultAirbyteStreamFactory(internalLog):159 INFO i.a.i.s.p.PostgresUtils(isCdc):53 using CDC: false"}}
{"type":"LOG","log":{"level":"INFO","message":"INFO i.a.w.i.DefaultAirbyteStreamFactory(internalLog):159 INFO i.a.i.s.j.AbstractJdbcSource(queryTableFullRefresh):112 Queueing query for table: id_and_name"}}
{"type":"LOG","log":{"level":"INFO","message":"INFO i.a.w.i.DefaultAirbyteStreamFactory(internalLog):159 INFO i.a.i.s.j.AbstractJdbcSource(queryTableFullRefresh):112 Queueing query for table: starships"}}
{"type":"LOG","log":{"level":"INFO","message":"INFO i.a.w.i.DefaultAirbyteStreamFactory(internalLog):159 INFO i.a.i.s.j.AbstractJdbcSource(queryTableFullRefresh):112 Queueing query for table: testview"}}
{"type":"LOG","log":{"level":"INFO","message":"INFO i.a.w.i.DefaultAirbyteStreamFactory(internalLog):159 INFO i.a.i.s.r.RelationalDbQueryUtils(lambda$queryTable$0):73 Queueing query: SELECT \"id\",\"name\" FROM \"public\".\"id_and_name\" ORDER BY \"id\" ASC"}}
{"type":"LOG","log":{"level":"INFO","message":"INFO i.a.w.i.DefaultAirbyteStreamFactory(internalLog):159 INFO i.a.d.j.s.AdaptiveStreamingQueryConfig(initialize):31 Set initial fetch size: 10 rows"}}
{"type":"LOG","log":{"level":"INFO","message":"INFO i.a.w.i.DefaultAirbyteStreamFactory(internalLog):159 INFO i.a.c.u.CompositeIterator(lambda$emitStartStreamStatus$1):155 STARTING -> public_id_and_name"}}
{"type":"LOG","log":{"level":"INFO","message":"INFO i.a.w.i.DefaultAirbyteStreamFactory(internalLog):159 INFO i.a.c.u.CompositeIterator(lambda$emitRunningStreamStatus$0):148 RUNNING -> public_id_and_name"}}
{"type":"LOG","log":{"level":"INFO","message":"INFO i.a.w.i.DefaultAirbyteStreamFactory(internalLog):159 INFO i.a.c.u.CompositeIterator(lambda$emitCompleteStreamStatus$2):162 COMPLETE -> public_id_and_name"}}
{"type":"LOG","log":{"level":"INFO","message":"INFO i.a.w.i.DefaultAirbyteStreamFactory(internalLog):159 INFO i.a.c.u.CompositeIterator(lambda$emitStartStreamStatus$1):155 STARTING -> public_starships"}}
{"type":"LOG","log":{"level":"INFO","message":"INFO i.a.w.i.DefaultAirbyteStreamFactory(internalLog):159 INFO i.a.i.s.r.RelationalDbQueryUtils(lambda$queryTable$0):73 Queueing query: SELECT \"id\",\"name\" FROM \"public\".\"starships\" ORDER BY \"id\" ASC"}}
{"type":"LOG","log":{"level":"INFO","message":"INFO i.a.w.i.DefaultAirbyteStreamFactory(internalLog):159 INFO i.a.d.j.s.AdaptiveStreamingQueryConfig(initialize):31 Set initial fetch size: 10 rows"}}
{"type":"LOG","log":{"level":"INFO","message":"INFO i.a.w.i.DefaultAirbyteStreamFactory(internalLog):159 INFO i.a.c.u.CompositeIterator(lambda$emitRunningStreamStatus$0):148 RUNNING -> public_starships"}}
{"type":"LOG","log":{"level":"INFO","message":"INFO i.a.w.i.DefaultAirbyteStreamFactory(internalLog):159 INFO i.a.c.u.CompositeIterator(lambda$emitCompleteStreamStatus$2):162 COMPLETE -> public_starships"}}
{"type":"LOG","log":{"level":"INFO","message":"INFO i.a.w.i.DefaultAirbyteStreamFactory(internalLog):159 INFO i.a.c.u.CompositeIterator(lambda$emitStartStreamStatus$1):155 STARTING -> public_testview"}}
{"type":"LOG","log":{"level":"INFO","message":"INFO i.a.w.i.DefaultAirbyteStreamFactory(internalLog):159 INFO i.a.i.s.r.RelationalDbQueryUtils(lambda$queryTable$0):73 Queueing query: SELECT \"id\",\"name\" FROM \"public\".\"testview\" ORDER BY \"id\" ASC"}}
{"type":"LOG","log":{"level":"INFO","message":"INFO i.a.w.i.DefaultAirbyteStreamFactory(internalLog):159 INFO i.a.d.j.s.AdaptiveStreamingQueryConfig(initialize):31 Set initial fetch size: 10 rows"}}
{"type":"LOG","log":{"level":"INFO","message":"INFO i.a.w.i.DefaultAirbyteStreamFactory(internalLog):159 INFO i.a.c.u.CompositeIterator(lambda$emitRunningStreamStatus$0):148 RUNNING -> public_testview"}}
{"type":"LOG","log":{"level":"INFO","message":"INFO i.a.w.i.DefaultAirbyteStreamFactory(internalLog):159 INFO i.a.c.u.CompositeIterator(lambda$emitCompleteStreamStatus$2):162 COMPLETE -> public_testview"}}
{"type":"LOG","log":{"level":"INFO","message":"INFO i.a.w.i.DefaultAirbyteStreamFactory(internalLog):159 INFO i.a.i.s.r.AbstractDbSource(lambda$read$1):173 Closing database connection pool."}}
{"type":"LOG","log":{"level":"INFO","message":"INFO i.a.w.i.DefaultAirbyteStreamFactory(internalLog):159 INFO c.z.h.HikariDataSource(close):350 HikariPool-1 - Shutdown initiated..."}}
{"type":"LOG","log":{"level":"INFO","message":"INFO i.a.w.i.DefaultAirbyteStreamFactory(internalLog):159 INFO c.z.h.HikariDataSource(close):352 HikariPool-1 - Shutdown completed."}}
{"type":"LOG","log":{"level":"INFO","message":"INFO i.a.w.i.DefaultAirbyteStreamFactory(internalLog):159 INFO i.a.i.s.r.AbstractDbSource(lambda$read$1):175 Closed database connection pool."}}
{"type":"LOG","log":{"level":"INFO","message":"INFO i.a.w.i.DefaultAirbyteStreamFactory(internalLog):159 INFO i.a.i.b.IntegrationRunner(runInternal):186 Completed integration: io.airbyte.integrations.base.ssh.SshWrappedSource"}}
{"type":"LOG","log":{"level":"INFO","message":"INFO i.a.w.i.DefaultAirbyteStreamFactory(internalLog):159 INFO i.a.i.s.p.PostgresSource(main):509 completed source: class io.airbyte.integrations.source.postgres.PostgresSource"}}
{"type":"LOG","log":{"level":"INFO","message":"INFO i.a.c.i.LineGobbler(voidCall):114 Checking if airbyte/source-postgres:dev exists..."}}
{"type":"LOG","log":{"level":"INFO","message":"INFO i.a.c.i.LineGobbler(voidCall):114 airbyte/source-postgres:dev was found locally."}}
{"type":"LOG","log":{"level":"INFO","message":"INFO i.a.w.p.DockerProcessFactory(create):126 Creating docker container = source-postgres-read-0-0-uuegj with resources null and allowedHosts null"}}
{"type":"LOG","log":{"level":"INFO","message":"INFO i.a.w.p.DockerProcessFactory(create):171 Preparing command: docker run --rm --init -i -w /data/job --log-driver none --name source-postgres-read-0-0-uuegj --network host -v /tmp/airbyte_tests/test17145224241008871705:/data -v /tmp/airbyte_tests/output5046923614990961369:/local -e DEPLOYMENT_MODE=OSS -e USE_STREAM_CAPABLE_STATE=true -e FIELD_SELECTION_WORKSPACES= -e AIRBYTE_ROLE= -e WORKER_ENVIRONMENT=DOCKER -e APPLY_FIELD_SELECTION=false -e WORKER_CONNECTOR_IMAGE=airbyte/source-postgres:dev -e WORKER_JOB_ATTEMPT=0 -e AUTO_DETECT_SCHEMA=true -e AIRBYTE_VERSION= -e WORKER_JOB_ID=0 airbyte/source-postgres:dev read --config source_config.json --catalog source_catalog.json --state input_state.json"}}
{"type":"LOG","log":{"level":"INFO","message":"INFO i.a.w.i.DefaultAirbyteStreamFactory(internalLog):159 INFO i.a.i.s.p.PostgresSource(main):507 starting source: class io.airbyte.integrations.source.postgres.PostgresSource"}}
{"type":"LOG","log":{"level":"INFO","message":"INFO i.a.w.i.DefaultAirbyteStreamFactory(internalLog):159 INFO i.a.i.b.IntegrationCliParser(parseOptions):126 integration args: {read=null, catalog=source_catalog.json, state=input_state.json, config=source_config.json}"}}
{"type":"LOG","log":{"level":"INFO","message":"INFO i.a.w.i.DefaultAirbyteStreamFactory(internalLog):159 INFO i.a.i.b.IntegrationRunner(runInternal):108 Running integration: io.airbyte.integrations.base.ssh.SshWrappedSource"}}
{"type":"LOG","log":{"level":"INFO","message":"INFO i.a.w.i.DefaultAirbyteStreamFactory(internalLog):159 INFO i.a.i.b.IntegrationRunner(runInternal):109 Command: READ"}}
{"type":"LOG","log":{"level":"INFO","message":"INFO i.a.w.i.DefaultAirbyteStreamFactory(internalLog):159 INFO i.a.i.b.IntegrationRunner(runInternal):110 Integration config: IntegrationConfig{command=READ, configPath='source_config.json', catalogPath='source_catalog.json', statePath='input_state.json'}"}}
{"type":"LOG","log":{"level":"WARN","message":"WARN i.a.w.i.DefaultAirbyteStreamFactory(internalLog):156 WARN c.n.s.JsonMetaSchema(newValidator):278 Unknown keyword groups - you should define your own Meta Schema. If the keyword is irrelevant for validation, just use a NonValidationKeyword"}}
{"type":"LOG","log":{"level":"WARN","message":"WARN i.a.w.i.DefaultAirbyteStreamFactory(internalLog):156 WARN c.n.s.JsonMetaSchema(newValidator):278 Unknown keyword order - you should define your own Meta Schema. If the keyword is irrelevant for validation, just use a NonValidationKeyword"}}
{"type":"LOG","log":{"level":"WARN","message":"WARN i.a.w.i.DefaultAirbyteStreamFactory(internalLog):156 WARN c.n.s.JsonMetaSchema(newValidator):278 Unknown keyword group - you should define your own Meta Schema. If the keyword is irrelevant for validation, just use a NonValidationKeyword"}}
{"type":"LOG","log":{"level":"WARN","message":"WARN i.a.w.i.DefaultAirbyteStreamFactory(internalLog):156 WARN c.n.s.JsonMetaSchema(newValidator):278 Unknown keyword airbyte_secret - you should define your own Meta Schema. If the keyword is irrelevant for validation, just use a NonValidationKeyword"}}
{"type":"LOG","log":{"level":"WARN","message":"WARN i.a.w.i.DefaultAirbyteStreamFactory(internalLog):156 WARN c.n.s.JsonMetaSchema(newValidator):278 Unknown keyword always_show - you should define your own Meta Schema. If the keyword is irrelevant for validation, just use a NonValidationKeyword"}}
{"type":"LOG","log":{"level":"WARN","message":"WARN i.a.w.i.DefaultAirbyteStreamFactory(internalLog):156 WARN c.n.s.JsonMetaSchema(newValidator):278 Unknown keyword multiline - you should define your own Meta Schema. If the keyword is irrelevant for validation, just use a NonValidationKeyword"}}
{"type":"LOG","log":{"level":"INFO","message":"INFO i.a.w.i.DefaultAirbyteStreamFactory(internalLog):159 INFO i.a.i.b.s.SshTunnel(getInstance):204 Starting connection with method: NO_TUNNEL"}}
{"type":"LOG","log":{"level":"INFO","message":"INFO i.a.w.i.DefaultAirbyteStreamFactory(internalLog):159 INFO i.a.i.s.p.PostgresUtils(isCdc):53 using CDC: false"}}
{"type":"LOG","log":{"level":"INFO","message":"INFO i.a.w.i.DefaultAirbyteStreamFactory(internalLog):159 INFO i.a.i.s.r.s.StateManagerFactory(createStateManager):55 Stream state manager selected to manage state object with type STREAM."}}
{"type":"LOG","log":{"level":"INFO","message":"INFO i.a.w.i.DefaultAirbyteStreamFactory(internalLog):159 INFO i.a.i.s.r.s.CursorManager(createCursorInfoForStream):169 Found matching cursor in state. Stream: public_testview. Cursor Field: id Value: 2 Count: 1"}}
{"type":"LOG","log":{"level":"INFO","message":"INFO i.a.w.i.DefaultAirbyteStreamFactory(internalLog):159 INFO i.a.i.s.r.s.CursorManager(createCursorInfoForStream):169 Found matching cursor in state. Stream: public_id_and_name. Cursor Field: id Value: 3 Count: 1"}}
{"type":"LOG","log":{"level":"INFO","message":"INFO i.a.w.i.DefaultAirbyteStreamFactory(internalLog):159 INFO i.a.i.s.r.s.CursorManager(createCursorInfoForStream):169 Found matching cursor in state. Stream: public_starships. Cursor Field: id Value: 3 Count: 1"}}
{"type":"LOG","log":{"level":"INFO","message":"INFO i.a.w.i.DefaultAirbyteStreamFactory(internalLog):159 INFO i.a.i.s.p.PostgresSource(toSslJdbcParamInternal):544 VERIFY_CA toSslJdbcParam verify-ca"}}
{"type":"LOG","log":{"level":"INFO","message":"INFO i.a.w.i.DefaultAirbyteStreamFactory(internalLog):159 INFO c.z.h.HikariDataSource(<init>):80 HikariPool-1 - Starting..."}}
{"type":"LOG","log":{"level":"INFO","message":"INFO i.a.w.i.DefaultAirbyteStreamFactory(internalLog):159 INFO c.z.h.HikariDataSource(<init>):82 HikariPool-1 - Start completed."}}
{"type":"LOG","log":{"level":"INFO","message":"INFO i.a.w.i.DefaultAirbyteStreamFactory(internalLog):159 INFO i.a.i.s.p.PostgresUtils(isCdc):53 using CDC: false"}}
{"type":"LOG","log":{"level":"INFO","message":"INFO i.a.w.i.DefaultAirbyteStreamFactory(internalLog):159 INFO i.a.i.s.j.AbstractJdbcSource(logPreSyncDebugData):450 Data source product recognized as PostgreSQL:15.3 (Debian 15.3-1.pgdg110+1)"}}
{"type":"LOG","log":{"level":"INFO","message":"INFO i.a.w.i.DefaultAirbyteStreamFactory(internalLog):159 INFO i.a.i.s.p.PostgresSource(logPreSyncDebugData):221 Discovering indexes for schema \"public\", table \"id_and_name\""}}
{"type":"LOG","log":{"level":"INFO","message":"INFO i.a.w.i.DefaultAirbyteStreamFactory(internalLog):159 INFO i.a.i.s.p.PostgresSource(logPreSyncDebugData):221 Discovering indexes for schema \"public\", table \"starships\""}}
{"type":"LOG","log":{"level":"INFO","message":"INFO i.a.w.i.DefaultAirbyteStreamFactory(internalLog):159 INFO i.a.i.s.p.PostgresSource(logPreSyncDebugData):221 Discovering indexes for schema \"public\", table \"testview\""}}
{"type":"LOG","log":{"level":"INFO","message":"INFO i.a.w.i.DefaultAirbyteStreamFactory(internalLog):159 INFO i.a.i.s.p.PostgresQueryUtils(logXminStatus):77 Xmin Status : {Number of wraparounds: 0, Xmin Transaction Value: 745, Xmin Raw Value: 745"}}
{"type":"LOG","log":{"level":"INFO","message":"INFO i.a.w.i.DefaultAirbyteStreamFactory(internalLog):159 INFO i.a.i.s.j.AbstractJdbcSource(discoverInternal):166 Internal schemas to exclude: [catalog_history, information_schema, pg_catalog, pg_internal]"}}
{"type":"LOG","log":{"level":"INFO","message":"INFO i.a.w.i.DefaultAirbyteStreamFactory(internalLog):159 INFO i.a.d.j.s.AdaptiveStreamingQueryConfig(initialize):31 Set initial fetch size: 10 rows"}}
{"type":"LOG","log":{"level":"WARN","message":"WARN i.a.w.i.DefaultAirbyteStreamFactory(internalLog):156 WARN i.a.i.s.r.DbSourceDiscoverUtil(logSourceSchemaChange):82 Source schema changed for table public.id_and_name! Potential mismatches: [id]. Actual schema: {\"type\":\"object\",\"properties\":{\"name\":{\"type\":\"string\"},\"id\":{\"type\":\"number\",\"airbyte_type\":\"integer\"}}}. Catalog schema: {\"type\":\"object\",\"properties\":{\"name\":{\"type\":\"string\"},\"id\":{\"type\":\"number\"}}}"}}
{"type":"LOG","log":{"level":"WARN","message":"WARN i.a.w.i.DefaultAirbyteStreamFactory(internalLog):156 WARN i.a.i.s.r.DbSourceDiscoverUtil(logSourceSchemaChange):82 Source schema changed for table public.starships! Potential mismatches: [id]. Actual schema: {\"type\":\"object\",\"properties\":{\"name\":{\"type\":\"string\"},\"id\":{\"type\":\"number\",\"airbyte_type\":\"integer\"}}}. Catalog schema: {\"type\":\"object\",\"properties\":{\"name\":{\"type\":\"string\"},\"id\":{\"type\":\"number\"}}}"}}
{"type":"LOG","log":{"level":"WARN","message":"WARN i.a.w.i.DefaultAirbyteStreamFactory(internalLog):156 WARN i.a.i.s.r.DbSourceDiscoverUtil(logSourceSchemaChange):82 Source schema changed for table public.testview! Potential mismatches: [id]. Actual schema: {\"type\":\"object\",\"properties\":{\"name\":{\"type\":\"string\"},\"id\":{\"type\":\"number\",\"airbyte_type\":\"integer\"}}}. Catalog schema: {\"type\":\"object\",\"properties\":{\"name\":{\"type\":\"string\"},\"id\":{\"type\":\"number\"}}}"}}
{"type":"LOG","log":{"level":"INFO","message":"INFO i.a.w.i.DefaultAirbyteStreamFactory(internalLog):159 INFO i.a.i.s.p.PostgresUtils(isCdc):53 using CDC: false"}}
{"type":"LOG","log":{"level":"INFO","message":"INFO i.a.w.i.DefaultAirbyteStreamFactory(internalLog):159 INFO i.a.i.s.j.AbstractJdbcSource(queryTableIncremental):320 Queueing query for table: id_and_name"}}
{"type":"LOG","log":{"level":"INFO","message":"INFO i.a.w.i.DefaultAirbyteStreamFactory(internalLog):159 INFO i.a.i.s.j.AbstractJdbcSource(queryTableIncremental):320 Queueing query for table: starships"}}
{"type":"LOG","log":{"level":"INFO","message":"INFO i.a.w.i.DefaultAirbyteStreamFactory(internalLog):159 INFO i.a.i.s.j.AbstractJdbcSource(queryTableIncremental):320 Queueing query for table: testview"}}
{"type":"LOG","log":{"level":"INFO","message":"INFO i.a.w.i.DefaultAirbyteStreamFactory(internalLog):159 INFO i.a.i.s.j.AbstractJdbcSource(lambda$queryTableIncremental$18):327 Preparing query for table: id_and_name"}}
{"type":"LOG","log":{"level":"INFO","message":"INFO i.a.w.i.DefaultAirbyteStreamFactory(internalLog):159 INFO i.a.i.s.j.AbstractJdbcSource(lambda$queryTableIncremental$18):337 Table id_and_name cursor count: expected 1, actual 1"}}
{"type":"LOG","log":{"level":"INFO","message":"INFO i.a.w.i.DefaultAirbyteStreamFactory(internalLog):159 INFO i.a.i.s.j.AbstractJdbcSource(lambda$queryTableIncremental$18):358 Executing query for table id_and_name: HikariProxyPreparedStatement@1142735456 wrapping SELECT \"id\",\"name\" FROM \"public\".\"id_and_name\" WHERE \"id\" > ? ORDER BY \"id\" ASC"}}
{"type":"LOG","log":{"level":"INFO","message":"INFO i.a.w.i.DefaultAirbyteStreamFactory(internalLog):159 INFO i.a.d.j.s.AdaptiveStreamingQueryConfig(initialize):31 Set initial fetch size: 10 rows"}}
{"type":"LOG","log":{"level":"INFO","message":"INFO i.a.w.i.DefaultAirbyteStreamFactory(internalLog):159 INFO i.a.i.s.r.StateDecoratingIterator(createStateMessage):207 State report for stream public_id_and_name - original: id = 3 (count 1) -> latest: id = 3 (count 1)"}}
{"type":"LOG","log":{"level":"INFO","message":"INFO i.a.w.i.DefaultAirbyteStreamFactory(internalLog):159 INFO i.a.c.u.CompositeIterator(lambda$emitStartStreamStatus$1):155 STARTING -> public_id_and_name"}}
{"type":"LOG","log":{"level":"INFO","message":"INFO i.a.w.i.DefaultAirbyteStreamFactory(internalLog):159 INFO i.a.c.u.CompositeIterator(lambda$emitRunningStreamStatus$0):148 RUNNING -> public_id_and_name"}}
{"type":"LOG","log":{"level":"INFO","message":"INFO i.a.w.i.DefaultAirbyteStreamFactory(internalLog):159 INFO i.a.c.u.CompositeIterator(lambda$emitCompleteStreamStatus$2):162 COMPLETE -> public_id_and_name"}}
{"type":"LOG","log":{"level":"INFO","message":"INFO i.a.w.i.DefaultAirbyteStreamFactory(internalLog):159 INFO i.a.c.u.CompositeIterator(lambda$emitStartStreamStatus$1):155 STARTING -> public_starships"}}
{"type":"LOG","log":{"level":"INFO","message":"INFO i.a.w.i.DefaultAirbyteStreamFactory(internalLog):159 INFO i.a.i.s.j.AbstractJdbcSource(lambda$queryTableIncremental$18):327 Preparing query for table: starships"}}
{"type":"LOG","log":{"level":"INFO","message":"INFO i.a.w.i.DefaultAirbyteStreamFactory(internalLog):159 INFO i.a.i.s.j.AbstractJdbcSource(lambda$queryTableIncremental$18):337 Table starships cursor count: expected 1, actual 1"}}
{"type":"LOG","log":{"level":"INFO","message":"INFO i.a.w.i.DefaultAirbyteStreamFactory(internalLog):159 INFO i.a.i.s.j.AbstractJdbcSource(lambda$queryTableIncremental$18):358 Executing query for table starships: HikariProxyPreparedStatement@2041263297 wrapping SELECT \"id\",\"name\" FROM \"public\".\"starships\" WHERE \"id\" > ? ORDER BY \"id\" ASC"}}
{"type":"LOG","log":{"level":"INFO","message":"INFO i.a.w.i.DefaultAirbyteStreamFactory(internalLog):159 INFO i.a.d.j.s.AdaptiveStreamingQueryConfig(initialize):31 Set initial fetch size: 10 rows"}}
{"type":"LOG","log":{"level":"INFO","message":"INFO i.a.w.i.DefaultAirbyteStreamFactory(internalLog):159 INFO i.a.i.s.r.StateDecoratingIterator(createStateMessage):207 State report for stream public_starships - original: id = 3 (count 1) -> latest: id = 3 (count 1)"}}
{"type":"LOG","log":{"level":"INFO","message":"INFO i.a.w.i.DefaultAirbyteStreamFactory(internalLog):159 INFO i.a.c.u.CompositeIterator(lambda$emitRunningStreamStatus$0):148 RUNNING -> public_starships"}}
{"type":"LOG","log":{"level":"INFO","message":"INFO i.a.w.i.DefaultAirbyteStreamFactory(internalLog):159 INFO i.a.c.u.CompositeIterator(lambda$emitCompleteStreamStatus$2):162 COMPLETE -> public_starships"}}
{"type":"LOG","log":{"level":"INFO","message":"INFO i.a.w.i.DefaultAirbyteStreamFactory(internalLog):159 INFO i.a.c.u.CompositeIterator(lambda$emitStartStreamStatus$1):155 STARTING -> public_testview"}}
{"type":"LOG","log":{"level":"INFO","message":"INFO i.a.w.i.DefaultAirbyteStreamFactory(internalLog):159 INFO i.a.i.s.j.AbstractJdbcSource(lambda$queryTableIncremental$18):327 Preparing query for table: testview"}}
{"type":"LOG","log":{"level":"INFO","message":"INFO i.a.w.i.DefaultAirbyteStreamFactory(internalLog):159 INFO i.a.i.s.j.AbstractJdbcSource(lambda$queryTableIncremental$18):337 Table testview cursor count: expected 1, actual 1"}}
{"type":"LOG","log":{"level":"INFO","message":"INFO i.a.w.i.DefaultAirbyteStreamFactory(internalLog):159 INFO i.a.i.s.j.AbstractJdbcSource(lambda$queryTableIncremental$18):358 Executing query for table testview: HikariProxyPreparedStatement@673129458 wrapping SELECT \"id\",\"name\" FROM \"public\".\"testview\" WHERE \"id\" > ? ORDER BY \"id\" ASC"}}
{"type":"LOG","log":{"level":"INFO","message":"INFO i.a.w.i.DefaultAirbyteStreamFactory(internalLog):159 INFO i.a.d.j.s.AdaptiveStreamingQueryConfig(initialize):31 Set initial fetch size: 10 rows"}}
{"type":"LOG","log":{"level":"INFO","message":"INFO i.a.w.i.DefaultAirbyteStreamFactory(internalLog):159 INFO i.a.i.s.r.StateDecoratingIterator(createStateMessage):207 State report for stream public_testview - original: id = 2 (count 1) -> latest: id = 2 (count 1)"}}
{"type":"LOG","log":{"level":"INFO","message":"INFO i.a.w.i.DefaultAirbyteStreamFactory(internalLog):159 INFO i.a.c.u.CompositeIterator(lambda$emitRunningStreamStatus$0):148 RUNNING -> public_testview"}}
{"type":"LOG","log":{"level":"INFO","message":"INFO i.a.w.i.DefaultAirbyteStreamFactory(internalLog):159 INFO i.a.c.u.CompositeIterator(lambda$emitCompleteStreamStatus$2):162 COMPLETE -> public_testview"}}
{"type":"LOG","log":{"level":"INFO","message":"INFO i.a.w.i.DefaultAirbyteStreamFactory(internalLog):159 INFO i.a.i.s.r.AbstractDbSource(lambda$read$1):173 Closing database connection pool."}}
{"type":"LOG","log":{"level":"INFO","message":"INFO i.a.w.i.DefaultAirbyteStreamFactory(internalLog):159 INFO c.z.h.HikariDataSource(close):350 HikariPool-1 - Shutdown initiated..."}}
{"type":"LOG","log":{"level":"INFO","message":"INFO i.a.w.i.DefaultAirbyteStreamFactory(internalLog):159 INFO c.z.h.HikariDataSource(close):352 HikariPool-1 - Shutdown completed."}}
{"type":"LOG","log":{"level":"INFO","message":"INFO i.a.w.i.DefaultAirbyteStreamFactory(internalLog):159 INFO i.a.i.s.r.AbstractDbSource(lambda$read$1):175 Closed database connection pool."}}
{"type":"LOG","log":{"level":"INFO","message":"INFO i.a.w.i.DefaultAirbyteStreamFactory(internalLog):159 INFO i.a.i.b.IntegrationRunner(runInternal):186 Completed integration: io.airbyte.integrations.base.ssh.SshWrappedSource"}}
{"type":"LOG","log":{"level":"INFO","message":"INFO i.a.w.i.DefaultAirbyteStreamFactory(internalLog):159 INFO i.a.i.s.p.PostgresSource(main):509 completed source: class io.airbyte.integrations.source.postgres.PostgresSource"}}
{"type":"LOG","log":{"level":"INFO","message":"INFO o.t.c.GenericContainer(tryStart):376 Creating container for image: postgres:bullseye"}}
{"type":"LOG","log":{"level":"INFO","message":"INFO o.t.c.GenericContainer(tryStart):440 Container postgres:bullseye is starting: 98a4a1c6af159afa65d0bf8c43a6c32635bf0da38763e62b089ec0d18e1ec13e"}}
{"type":"LOG","log":{"level":"INFO","message":"INFO o.t.c.GenericContainer(tryStart):520 Container postgres:bullseye started in PT30.502348S"}}
{"type":"LOG","log":{"level":"INFO","message":"INFO c.z.h.HikariDataSource(<init>):80 HikariPool-4 - Starting..."}}
{"type":"LOG","log":{"level":"INFO","message":"INFO c.z.h.HikariDataSource(<init>):82 HikariPool-4 - Start completed."}}
{"type":"LOG","log":{"level":"INFO","message":"INFO i.a.i.s.s.TestEnvConfigs(getEnvOrDefault):119 Using default value for environment variable DEPLOYMENT_MODE: 'OSS'"}}
{"type":"LOG","log":{"level":"INFO","message":"INFO i.a.i.s.s.TestEnvConfigs(getEnvOrDefault):119 Using default value for environment variable WORKER_ENVIRONMENT: 'DOCKER'"}}
{"type":"LOG","log":{"level":"INFO","message":"INFO i.a.c.i.LineGobbler(voidCall):114 Checking if airbyte/source-postgres:dev exists..."}}
{"type":"LOG","log":{"level":"INFO","message":"INFO i.a.c.i.LineGobbler(voidCall):114 airbyte/source-postgres:dev was found locally."}}
{"type":"LOG","log":{"level":"INFO","message":"INFO i.a.w.p.DockerProcessFactory(create):126 Creating docker container = source-postgres-read-0-0-mpypd with resources null and allowedHosts null"}}
{"type":"LOG","log":{"level":"INFO","message":"INFO i.a.w.p.DockerProcessFactory(create):171 Preparing command: docker run --rm --init -i -w /data/job --log-driver none --name source-postgres-read-0-0-mpypd --network host -v /tmp/airbyte_tests/test843836458267798593:/data -v /tmp/airbyte_tests/output10751925566358433236:/local -e DEPLOYMENT_MODE=OSS -e USE_STREAM_CAPABLE_STATE=true -e FIELD_SELECTION_WORKSPACES= -e AIRBYTE_ROLE= -e WORKER_ENVIRONMENT=DOCKER -e APPLY_FIELD_SELECTION=false -e WORKER_CONNECTOR_IMAGE=airbyte/source-postgres:dev -e WORKER_JOB_ATTEMPT=0 -e AUTO_DETECT_SCHEMA=true -e AIRBYTE_VERSION= -e WORKER_JOB_ID=0 airbyte/source-postgres:dev read --config source_config.json --catalog source_catalog.json"}}
{"type":"LOG","log":{"level":"INFO","message":"INFO i.a.w.i.DefaultAirbyteStreamFactory(internalLog):159 INFO i.a.i.s.p.PostgresSource(main):507 starting source: class io.airbyte.integrations.source.postgres.PostgresSource"}}
{"type":"LOG","log":{"level":"INFO","message":"INFO i.a.w.i.DefaultAirbyteStreamFactory(internalLog):159 INFO i.a.i.b.IntegrationCliParser(parseOptions):126 integration args: {read=null, catalog=source_catalog.json, config=source_config.json}"}}
{"type":"LOG","log":{"level":"INFO","message":"INFO i.a.w.i.DefaultAirbyteStreamFactory(internalLog):159 INFO i.a.i.b.IntegrationRunner(runInternal):108 Running integration: io.airbyte.integrations.base.ssh.SshWrappedSource"}}
{"type":"LOG","log":{"level":"INFO","message":"INFO i.a.w.i.DefaultAirbyteStreamFactory(internalLog):159 INFO i.a.i.b.IntegrationRunner(runInternal):109 Command: READ"}}
{"type":"LOG","log":{"level":"INFO","message":"INFO i.a.w.i.DefaultAirbyteStreamFactory(internalLog):159 INFO i.a.i.b.IntegrationRunner(runInternal):110 Integration config: IntegrationConfig{command=READ, configPath='source_config.json', catalogPath='source_catalog.json', statePath='null'}"}}
{"type":"LOG","log":{"level":"WARN","message":"WARN i.a.w.i.DefaultAirbyteStreamFactory(internalLog):156 WARN c.n.s.JsonMetaSchema(newValidator):278 Unknown keyword groups - you should define your own Meta Schema. If the keyword is irrelevant for validation, just use a NonValidationKeyword"}}
{"type":"LOG","log":{"level":"WARN","message":"WARN i.a.w.i.DefaultAirbyteStreamFactory(internalLog):156 WARN c.n.s.JsonMetaSchema(newValidator):278 Unknown keyword order - you should define your own Meta Schema. If the keyword is irrelevant for validation, just use a NonValidationKeyword"}}
{"type":"LOG","log":{"level":"WARN","message":"WARN i.a.w.i.DefaultAirbyteStreamFactory(internalLog):156 WARN c.n.s.JsonMetaSchema(newValidator):278 Unknown keyword group - you should define your own Meta Schema. If the keyword is irrelevant for validation, just use a NonValidationKeyword"}}
{"type":"LOG","log":{"level":"WARN","message":"WARN i.a.w.i.DefaultAirbyteStreamFactory(internalLog):156 WARN c.n.s.JsonMetaSchema(newValidator):278 Unknown keyword airbyte_secret - you should define your own Meta Schema. If the keyword is irrelevant for validation, just use a NonValidationKeyword"}}
{"type":"LOG","log":{"level":"WARN","message":"WARN i.a.w.i.DefaultAirbyteStreamFactory(internalLog):156 WARN c.n.s.JsonMetaSchema(newValidator):278 Unknown keyword always_show - you should define your own Meta Schema. If the keyword is irrelevant for validation, just use a NonValidationKeyword"}}
{"type":"LOG","log":{"level":"WARN","message":"WARN i.a.w.i.DefaultAirbyteStreamFactory(internalLog):156 WARN c.n.s.JsonMetaSchema(newValidator):278 Unknown keyword multiline - you should define your own Meta Schema. If the keyword is irrelevant for validation, just use a NonValidationKeyword"}}
{"type":"LOG","log":{"level":"INFO","message":"INFO i.a.w.i.DefaultAirbyteStreamFactory(internalLog):159 INFO i.a.i.b.s.SshTunnel(getInstance):204 Starting connection with method: NO_TUNNEL"}}
{"type":"LOG","log":{"level":"INFO","message":"INFO i.a.w.i.DefaultAirbyteStreamFactory(internalLog):159 INFO i.a.i.s.p.PostgresUtils(isCdc):53 using CDC: false"}}
{"type":"LOG","log":{"level":"INFO","message":"INFO i.a.w.i.DefaultAirbyteStreamFactory(internalLog):159 INFO i.a.i.s.r.s.StateManagerFactory(createStateManager):55 Stream state manager selected to manage state object with type STREAM."}}
{"type":"LOG","log":{"level":"INFO","message":"INFO i.a.w.i.DefaultAirbyteStreamFactory(internalLog):159 INFO i.a.i.s.r.s.CursorManager(createCursorInfoForStream):182 No cursor field set in catalog but not present in state. Stream: public_testview, New Cursor Field: id. Resetting cursor value"}}
{"type":"LOG","log":{"level":"INFO","message":"INFO i.a.w.i.DefaultAirbyteStreamFactory(internalLog):159 INFO i.a.i.s.r.s.CursorManager(createCursorInfoForStream):182 No cursor field set in catalog but not present in state. Stream: public_id_and_name, New Cursor Field: id. Resetting cursor value"}}
{"type":"LOG","log":{"level":"INFO","message":"INFO i.a.w.i.DefaultAirbyteStreamFactory(internalLog):159 INFO i.a.i.s.r.s.CursorManager(createCursorInfoForStream):182 No cursor field set in catalog but not present in state. Stream: public_starships, New Cursor Field: id. Resetting cursor value"}}
{"type":"LOG","log":{"level":"INFO","message":"INFO i.a.w.i.DefaultAirbyteStreamFactory(internalLog):159 INFO i.a.i.s.p.PostgresSource(toSslJdbcParamInternal):544 VERIFY_CA toSslJdbcParam verify-ca"}}
{"type":"LOG","log":{"level":"INFO","message":"INFO i.a.w.i.DefaultAirbyteStreamFactory(internalLog):159 INFO c.z.h.HikariDataSource(<init>):80 HikariPool-1 - Starting..."}}
{"type":"LOG","log":{"level":"INFO","message":"INFO i.a.w.i.DefaultAirbyteStreamFactory(internalLog):159 INFO c.z.h.HikariDataSource(<init>):82 HikariPool-1 - Start completed."}}
{"type":"LOG","log":{"level":"INFO","message":"INFO i.a.w.i.DefaultAirbyteStreamFactory(internalLog):159 INFO i.a.i.s.p.PostgresUtils(isCdc):53 using CDC: false"}}
{"type":"LOG","log":{"level":"INFO","message":"INFO i.a.w.i.DefaultAirbyteStreamFactory(internalLog):159 INFO i.a.i.s.j.AbstractJdbcSource(logPreSyncDebugData):450 Data source product recognized as PostgreSQL:15.3 (Debian 15.3-1.pgdg110+1)"}}
{"type":"LOG","log":{"level":"INFO","message":"INFO i.a.w.i.DefaultAirbyteStreamFactory(internalLog):159 INFO i.a.i.s.p.PostgresSource(logPreSyncDebugData):221 Discovering indexes for schema \"public\", table \"id_and_name\""}}
{"type":"LOG","log":{"level":"INFO","message":"INFO i.a.w.i.DefaultAirbyteStreamFactory(internalLog):159 INFO i.a.i.s.p.PostgresSource(logPreSyncDebugData):221 Discovering indexes for schema \"public\", table \"starships\""}}
{"type":"LOG","log":{"level":"INFO","message":"INFO i.a.w.i.DefaultAirbyteStreamFactory(internalLog):159 INFO i.a.i.s.p.PostgresSource(logPreSyncDebugData):221 Discovering indexes for schema \"public\", table \"testview\""}}
{"type":"LOG","log":{"level":"INFO","message":"INFO i.a.w.i.DefaultAirbyteStreamFactory(internalLog):159 INFO i.a.i.s.p.PostgresQueryUtils(logXminStatus):77 Xmin Status : {Number of wraparounds: 0, Xmin Transaction Value: 734, Xmin Raw Value: 734"}}
{"type":"LOG","log":{"level":"INFO","message":"INFO i.a.w.i.DefaultAirbyteStreamFactory(internalLog):159 INFO i.a.i.s.j.AbstractJdbcSource(discoverInternal):166 Internal schemas to exclude: [catalog_history, information_schema, pg_catalog, pg_internal]"}}
{"type":"LOG","log":{"level":"INFO","message":"INFO i.a.w.i.DefaultAirbyteStreamFactory(internalLog):159 INFO i.a.d.j.s.AdaptiveStreamingQueryConfig(initialize):31 Set initial fetch size: 10 rows"}}
{"type":"LOG","log":{"level":"WARN","message":"WARN i.a.w.i.DefaultAirbyteStreamFactory(internalLog):156 WARN i.a.i.s.r.DbSourceDiscoverUtil(logSourceSchemaChange):82 Source schema changed for table public.id_and_name! Potential mismatches: [id]. Actual schema: {\"type\":\"object\",\"properties\":{\"name\":{\"type\":\"string\"},\"id\":{\"type\":\"number\",\"airbyte_type\":\"integer\"}}}. Catalog schema: {\"type\":\"object\",\"properties\":{\"name\":{\"type\":\"string\"},\"id\":{\"type\":\"number\"}}}"}}
{"type":"LOG","log":{"level":"WARN","message":"WARN i.a.w.i.DefaultAirbyteStreamFactory(internalLog):156 WARN i.a.i.s.r.DbSourceDiscoverUtil(logSourceSchemaChange):82 Source schema changed for table public.starships! Potential mismatches: [id]. Actual schema: {\"type\":\"object\",\"properties\":{\"name\":{\"type\":\"string\"},\"id\":{\"type\":\"number\",\"airbyte_type\":\"integer\"}}}. Catalog schema: {\"type\":\"object\",\"properties\":{\"name\":{\"type\":\"string\"},\"id\":{\"type\":\"number\"}}}"}}
{"type":"LOG","log":{"level":"WARN","message":"WARN i.a.w.i.DefaultAirbyteStreamFactory(internalLog):156 WARN i.a.i.s.r.DbSourceDiscoverUtil(logSourceSchemaChange):82 Source schema changed for table public.testview! Potential mismatches: [id]. Actual schema: {\"type\":\"object\",\"properties\":{\"name\":{\"type\":\"string\"},\"id\":{\"type\":\"number\",\"airbyte_type\":\"integer\"}}}. Catalog schema: {\"type\":\"object\",\"properties\":{\"name\":{\"type\":\"string\"},\"id\":{\"type\":\"number\"}}}"}}
{"type":"LOG","log":{"level":"INFO","message":"INFO i.a.w.i.DefaultAirbyteStreamFactory(internalLog):159 INFO i.a.i.s.p.PostgresUtils(isCdc):53 using CDC: false"}}
{"type":"LOG","log":{"level":"INFO","message":"INFO i.a.w.i.DefaultAirbyteStreamFactory(internalLog):159 INFO i.a.i.s.j.AbstractJdbcSource(queryTableFullRefresh):112 Queueing query for table: id_and_name"}}
{"type":"LOG","log":{"level":"INFO","message":"INFO i.a.w.i.DefaultAirbyteStreamFactory(internalLog):159 INFO i.a.i.s.j.AbstractJdbcSource(queryTableFullRefresh):112 Queueing query for table: starships"}}
{"type":"LOG","log":{"level":"INFO","message":"INFO i.a.w.i.DefaultAirbyteStreamFactory(internalLog):159 INFO i.a.i.s.j.AbstractJdbcSource(queryTableFullRefresh):112 Queueing query for table: testview"}}
{"type":"LOG","log":{"level":"INFO","message":"INFO i.a.w.i.DefaultAirbyteStreamFactory(internalLog):159 INFO i.a.i.s.r.RelationalDbQueryUtils(lambda$queryTable$0):73 Queueing query: SELECT \"id\",\"name\" FROM \"public\".\"id_and_name\""}}
{"type":"LOG","log":{"level":"INFO","message":"INFO i.a.w.i.DefaultAirbyteStreamFactory(internalLog):159 INFO i.a.d.j.s.AdaptiveStreamingQueryConfig(initialize):31 Set initial fetch size: 10 rows"}}
{"type":"LOG","log":{"level":"INFO","message":"INFO i.a.w.i.DefaultAirbyteStreamFactory(internalLog):159 INFO i.a.c.u.CompositeIterator(lambda$emitStartStreamStatus$1):155 STARTING -> public_id_and_name"}}
{"type":"LOG","log":{"level":"INFO","message":"INFO i.a.w.i.DefaultAirbyteStreamFactory(internalLog):159 INFO i.a.c.u.CompositeIterator(lambda$emitRunningStreamStatus$0):148 RUNNING -> public_id_and_name"}}
{"type":"LOG","log":{"level":"INFO","message":"INFO i.a.w.i.DefaultAirbyteStreamFactory(internalLog):159 INFO i.a.c.u.CompositeIterator(lambda$emitCompleteStreamStatus$2):162 COMPLETE -> public_id_and_name"}}
{"type":"LOG","log":{"level":"INFO","message":"INFO i.a.w.i.DefaultAirbyteStreamFactory(internalLog):159 INFO i.a.c.u.CompositeIterator(lambda$emitStartStreamStatus$1):155 STARTING -> public_starships"}}
{"type":"LOG","log":{"level":"INFO","message":"INFO i.a.w.i.DefaultAirbyteStreamFactory(internalLog):159 INFO i.a.i.s.r.RelationalDbQueryUtils(lambda$queryTable$0):73 Queueing query: SELECT \"id\",\"name\" FROM \"public\".\"starships\""}}
{"type":"LOG","log":{"level":"INFO","message":"INFO i.a.w.i.DefaultAirbyteStreamFactory(internalLog):159 INFO i.a.d.j.s.AdaptiveStreamingQueryConfig(initialize):31 Set initial fetch size: 10 rows"}}
{"type":"LOG","log":{"level":"INFO","message":"INFO i.a.w.i.DefaultAirbyteStreamFactory(internalLog):159 INFO i.a.c.u.CompositeIterator(lambda$emitRunningStreamStatus$0):148 RUNNING -> public_starships"}}
{"type":"LOG","log":{"level":"INFO","message":"INFO i.a.w.i.DefaultAirbyteStreamFactory(internalLog):159 INFO i.a.c.u.CompositeIterator(lambda$emitCompleteStreamStatus$2):162 COMPLETE -> public_starships"}}
{"type":"LOG","log":{"level":"INFO","message":"INFO i.a.w.i.DefaultAirbyteStreamFactory(internalLog):159 INFO i.a.c.u.CompositeIterator(lambda$emitStartStreamStatus$1):155 STARTING -> public_testview"}}
{"type":"LOG","log":{"level":"INFO","message":"INFO i.a.w.i.DefaultAirbyteStreamFactory(internalLog):159 INFO i.a.i.s.r.RelationalDbQueryUtils(lambda$queryTable$0):73 Queueing query: SELECT \"id\",\"name\" FROM \"public\".\"testview\""}}
{"type":"LOG","log":{"level":"INFO","message":"INFO i.a.w.i.DefaultAirbyteStreamFactory(internalLog):159 INFO i.a.d.j.s.AdaptiveStreamingQueryConfig(initialize):31 Set initial fetch size: 10 rows"}}
{"type":"LOG","log":{"level":"INFO","message":"INFO i.a.w.i.DefaultAirbyteStreamFactory(internalLog):159 INFO i.a.c.u.CompositeIterator(lambda$emitRunningStreamStatus$0):148 RUNNING -> public_testview"}}
{"type":"LOG","log":{"level":"INFO","message":"INFO i.a.w.i.DefaultAirbyteStreamFactory(internalLog):159 INFO i.a.c.u.CompositeIterator(lambda$emitCompleteStreamStatus$2):162 COMPLETE -> public_testview"}}
{"type":"LOG","log":{"level":"INFO","message":"INFO i.a.w.i.DefaultAirbyteStreamFactory(internalLog):159 INFO i.a.i.s.r.AbstractDbSource(lambda$read$1):173 Closing database connection pool."}}
{"type":"LOG","log":{"level":"INFO","message":"INFO i.a.w.i.DefaultAirbyteStreamFactory(internalLog):159 INFO c.z.h.HikariDataSource(close):350 HikariPool-1 - Shutdown initiated..."}}
{"type":"LOG","log":{"level":"INFO","message":"INFO i.a.w.i.DefaultAirbyteStreamFactory(internalLog):159 INFO c.z.h.HikariDataSource(close):352 HikariPool-1 - Shutdown completed."}}
{"type":"LOG","log":{"level":"INFO","message":"INFO i.a.w.i.DefaultAirbyteStreamFactory(internalLog):159 INFO i.a.i.s.r.AbstractDbSource(lambda$read$1):175 Closed database connection pool."}}
{"type":"LOG","log":{"level":"INFO","message":"INFO i.a.w.i.DefaultAirbyteStreamFactory(internalLog):159 INFO i.a.i.b.IntegrationRunner(runInternal):186 Completed integration: io.airbyte.integrations.base.ssh.SshWrappedSource"}}
{"type":"LOG","log":{"level":"INFO","message":"INFO i.a.w.i.DefaultAirbyteStreamFactory(internalLog):159 INFO i.a.i.s.p.PostgresSource(main):509 completed source: class io.airbyte.integrations.source.postgres.PostgresSource"}}
{"type":"LOG","log":{"level":"INFO","message":"INFO i.a.c.i.LineGobbler(voidCall):114 Checking if airbyte/source-postgres:dev exists..."}}
{"type":"LOG","log":{"level":"INFO","message":"INFO i.a.c.i.LineGobbler(voidCall):114 airbyte/source-postgres:dev was found locally."}}
{"type":"LOG","log":{"level":"INFO","message":"INFO i.a.w.p.DockerProcessFactory(create):126 Creating docker container = source-postgres-read-0-0-uohrh with resources null and allowedHosts null"}}
{"type":"LOG","log":{"level":"INFO","message":"INFO i.a.w.p.DockerProcessFactory(create):171 Preparing command: docker run --rm --init -i -w /data/job --log-driver none --name source-postgres-read-0-0-uohrh --network host -v /tmp/airbyte_tests/test843836458267798593:/data -v /tmp/airbyte_tests/output10751925566358433236:/local -e DEPLOYMENT_MODE=OSS -e USE_STREAM_CAPABLE_STATE=true -e FIELD_SELECTION_WORKSPACES= -e AIRBYTE_ROLE= -e WORKER_ENVIRONMENT=DOCKER -e APPLY_FIELD_SELECTION=false -e WORKER_CONNECTOR_IMAGE=airbyte/source-postgres:dev -e WORKER_JOB_ATTEMPT=0 -e AUTO_DETECT_SCHEMA=true -e AIRBYTE_VERSION= -e WORKER_JOB_ID=0 airbyte/source-postgres:dev read --config source_config.json --catalog source_catalog.json --state input_state.json"}}
{"type":"LOG","log":{"level":"INFO","message":"INFO i.a.w.i.DefaultAirbyteStreamFactory(internalLog):159 INFO i.a.i.s.p.PostgresSource(main):507 starting source: class io.airbyte.integrations.source.postgres.PostgresSource"}}
{"type":"LOG","log":{"level":"INFO","message":"INFO i.a.w.i.DefaultAirbyteStreamFactory(internalLog):159 INFO i.a.i.b.IntegrationCliParser(parseOptions):126 integration args: {read=null, catalog=source_catalog.json, state=input_state.json, config=source_config.json}"}}
{"type":"LOG","log":{"level":"INFO","message":"INFO i.a.w.i.DefaultAirbyteStreamFactory(internalLog):159 INFO i.a.i.b.IntegrationRunner(runInternal):108 Running integration: io.airbyte.integrations.base.ssh.SshWrappedSource"}}
{"type":"LOG","log":{"level":"INFO","message":"INFO i.a.w.i.DefaultAirbyteStreamFactory(internalLog):159 INFO i.a.i.b.IntegrationRunner(runInternal):109 Command: READ"}}
{"type":"LOG","log":{"level":"INFO","message":"INFO i.a.w.i.DefaultAirbyteStreamFactory(internalLog):159 INFO i.a.i.b.IntegrationRunner(runInternal):110 Integration config: IntegrationConfig{command=READ, configPath='source_config.json', catalogPath='source_catalog.json', statePath='input_state.json'}"}}
{"type":"LOG","log":{"level":"WARN","message":"WARN i.a.w.i.DefaultAirbyteStreamFactory(internalLog):156 WARN c.n.s.JsonMetaSchema(newValidator):278 Unknown keyword groups - you should define your own Meta Schema. If the keyword is irrelevant for validation, just use a NonValidationKeyword"}}
{"type":"LOG","log":{"level":"WARN","message":"WARN i.a.w.i.DefaultAirbyteStreamFactory(internalLog):156 WARN c.n.s.JsonMetaSchema(newValidator):278 Unknown keyword order - you should define your own Meta Schema. If the keyword is irrelevant for validation, just use a NonValidationKeyword"}}
{"type":"LOG","log":{"level":"WARN","message":"WARN i.a.w.i.DefaultAirbyteStreamFactory(internalLog):156 WARN c.n.s.JsonMetaSchema(newValidator):278 Unknown keyword group - you should define your own Meta Schema. If the keyword is irrelevant for validation, just use a NonValidationKeyword"}}
{"type":"LOG","log":{"level":"WARN","message":"WARN i.a.w.i.DefaultAirbyteStreamFactory(internalLog):156 WARN c.n.s.JsonMetaSchema(newValidator):278 Unknown keyword airbyte_secret - you should define your own Meta Schema. If the keyword is irrelevant for validation, just use a NonValidationKeyword"}}
{"type":"LOG","log":{"level":"WARN","message":"WARN i.a.w.i.DefaultAirbyteStreamFactory(internalLog):156 WARN c.n.s.JsonMetaSchema(newValidator):278 Unknown keyword always_show - you should define your own Meta Schema. If the keyword is irrelevant for validation, just use a NonValidationKeyword"}}
{"type":"LOG","log":{"level":"WARN","message":"WARN i.a.w.i.DefaultAirbyteStreamFactory(internalLog):156 WARN c.n.s.JsonMetaSchema(newValidator):278 Unknown keyword multiline - you should define your own Meta Schema. If the keyword is irrelevant for validation, just use a NonValidationKeyword"}}
{"type":"LOG","log":{"level":"INFO","message":"INFO i.a.w.i.DefaultAirbyteStreamFactory(internalLog):159 INFO i.a.i.b.s.SshTunnel(getInstance):204 Starting connection with method: NO_TUNNEL"}}
{"type":"LOG","log":{"level":"INFO","message":"INFO i.a.w.i.DefaultAirbyteStreamFactory(internalLog):159 INFO i.a.i.s.p.PostgresUtils(isCdc):53 using CDC: false"}}
{"type":"LOG","log":{"level":"INFO","message":"INFO i.a.w.i.DefaultAirbyteStreamFactory(internalLog):159 INFO i.a.i.s.r.s.StateManagerFactory(createStateManager):55 Stream state manager selected to manage state object with type LEGACY."}}
{"type":"LOG","log":{"level":"INFO","message":"INFO i.a.w.i.DefaultAirbyteStreamFactory(internalLog):159 INFO i.a.i.s.r.s.CursorManager(createCursorInfoForStream):182 No cursor field set in catalog but not present in state. Stream: public_testview, New Cursor Field: id. Resetting cursor value"}}
{"type":"LOG","log":{"level":"INFO","message":"INFO i.a.w.i.DefaultAirbyteStreamFactory(internalLog):159 INFO i.a.i.s.r.s.CursorManager(createCursorInfoForStream):182 No cursor field set in catalog but not present in state. Stream: public_id_and_name, New Cursor Field: id. Resetting cursor value"}}
{"type":"LOG","log":{"level":"INFO","message":"INFO i.a.w.i.DefaultAirbyteStreamFactory(internalLog):159 INFO i.a.i.s.r.s.CursorManager(createCursorInfoForStream):182 No cursor field set in catalog but not present in state. Stream: public_starships, New Cursor Field: id. Resetting cursor value"}}
{"type":"LOG","log":{"level":"INFO","message":"INFO i.a.w.i.DefaultAirbyteStreamFactory(internalLog):159 INFO i.a.i.s.p.PostgresSource(toSslJdbcParamInternal):544 VERIFY_CA toSslJdbcParam verify-ca"}}
{"type":"LOG","log":{"level":"INFO","message":"INFO i.a.w.i.DefaultAirbyteStreamFactory(internalLog):159 INFO c.z.h.HikariDataSource(<init>):80 HikariPool-1 - Starting..."}}
{"type":"LOG","log":{"level":"INFO","message":"INFO i.a.w.i.DefaultAirbyteStreamFactory(internalLog):159 INFO c.z.h.HikariDataSource(<init>):82 HikariPool-1 - Start completed."}}
{"type":"LOG","log":{"level":"INFO","message":"INFO i.a.w.i.DefaultAirbyteStreamFactory(internalLog):159 INFO i.a.i.s.p.PostgresUtils(isCdc):53 using CDC: false"}}
{"type":"LOG","log":{"level":"INFO","message":"INFO i.a.w.i.DefaultAirbyteStreamFactory(internalLog):159 INFO i.a.i.s.j.AbstractJdbcSource(logPreSyncDebugData):450 Data source product recognized as PostgreSQL:15.3 (Debian 15.3-1.pgdg110+1)"}}
{"type":"LOG","log":{"level":"INFO","message":"INFO i.a.w.i.DefaultAirbyteStreamFactory(internalLog):159 INFO i.a.i.s.p.PostgresSource(logPreSyncDebugData):221 Discovering indexes for schema \"public\", table \"id_and_name\""}}
{"type":"LOG","log":{"level":"INFO","message":"INFO i.a.w.i.DefaultAirbyteStreamFactory(internalLog):159 INFO i.a.i.s.p.PostgresSource(logPreSyncDebugData):221 Discovering indexes for schema \"public\", table \"starships\""}}
{"type":"LOG","log":{"level":"INFO","message":"INFO i.a.w.i.DefaultAirbyteStreamFactory(internalLog):159 INFO i.a.i.s.p.PostgresSource(logPreSyncDebugData):221 Discovering indexes for schema \"public\", table \"testview\""}}
{"type":"LOG","log":{"level":"INFO","message":"INFO i.a.w.i.DefaultAirbyteStreamFactory(internalLog):159 INFO i.a.i.s.p.PostgresQueryUtils(logXminStatus):77 Xmin Status : {Number of wraparounds: 0, Xmin Transaction Value: 745, Xmin Raw Value: 745"}}
{"type":"LOG","log":{"level":"INFO","message":"INFO i.a.w.i.DefaultAirbyteStreamFactory(internalLog):159 INFO i.a.i.s.j.AbstractJdbcSource(discoverInternal):166 Internal schemas to exclude: [catalog_history, information_schema, pg_catalog, pg_internal]"}}
{"type":"LOG","log":{"level":"INFO","message":"INFO i.a.w.i.DefaultAirbyteStreamFactory(internalLog):159 INFO i.a.d.j.s.AdaptiveStreamingQueryConfig(initialize):31 Set initial fetch size: 10 rows"}}
{"type":"LOG","log":{"level":"WARN","message":"WARN i.a.w.i.DefaultAirbyteStreamFactory(internalLog):156 WARN i.a.i.s.r.DbSourceDiscoverUtil(logSourceSchemaChange):82 Source schema changed for table public.id_and_name! Potential mismatches: [id]. Actual schema: {\"type\":\"object\",\"properties\":{\"name\":{\"type\":\"string\"},\"id\":{\"type\":\"number\",\"airbyte_type\":\"integer\"}}}. Catalog schema: {\"type\":\"object\",\"properties\":{\"name\":{\"type\":\"string\"},\"id\":{\"type\":\"number\"}}}"}}
{"type":"LOG","log":{"level":"WARN","message":"WARN i.a.w.i.DefaultAirbyteStreamFactory(internalLog):156 WARN i.a.i.s.r.DbSourceDiscoverUtil(logSourceSchemaChange):82 Source schema changed for table public.starships! Potential mismatches: [id]. Actual schema: {\"type\":\"object\",\"properties\":{\"name\":{\"type\":\"string\"},\"id\":{\"type\":\"number\",\"airbyte_type\":\"integer\"}}}. Catalog schema: {\"type\":\"object\",\"properties\":{\"name\":{\"type\":\"string\"},\"id\":{\"type\":\"number\"}}}"}}
{"type":"LOG","log":{"level":"WARN","message":"WARN i.a.w.i.DefaultAirbyteStreamFactory(internalLog):156 WARN i.a.i.s.r.DbSourceDiscoverUtil(logSourceSchemaChange):82 Source schema changed for table public.testview! Potential mismatches: [id]. Actual schema: {\"type\":\"object\",\"properties\":{\"name\":{\"type\":\"string\"},\"id\":{\"type\":\"number\",\"airbyte_type\":\"integer\"}}}. Catalog schema: {\"type\":\"object\",\"properties\":{\"name\":{\"type\":\"string\"},\"id\":{\"type\":\"number\"}}}"}}
{"type":"LOG","log":{"level":"INFO","message":"INFO i.a.w.i.DefaultAirbyteStreamFactory(internalLog):159 INFO i.a.i.s.p.PostgresUtils(isCdc):53 using CDC: false"}}
{"type":"LOG","log":{"level":"INFO","message":"INFO i.a.w.i.DefaultAirbyteStreamFactory(internalLog):159 INFO i.a.i.s.j.AbstractJdbcSource(queryTableFullRefresh):112 Queueing query for table: id_and_name"}}
{"type":"LOG","log":{"level":"INFO","message":"INFO i.a.w.i.DefaultAirbyteStreamFactory(internalLog):159 INFO i.a.i.s.j.AbstractJdbcSource(queryTableFullRefresh):112 Queueing query for table: starships"}}
{"type":"LOG","log":{"level":"INFO","message":"INFO i.a.w.i.DefaultAirbyteStreamFactory(internalLog):159 INFO i.a.i.s.j.AbstractJdbcSource(queryTableFullRefresh):112 Queueing query for table: testview"}}
{"type":"LOG","log":{"level":"INFO","message":"INFO i.a.w.i.DefaultAirbyteStreamFactory(internalLog):159 INFO i.a.i.s.r.RelationalDbQueryUtils(lambda$queryTable$0):73 Queueing query: SELECT \"id\",\"name\" FROM \"public\".\"id_and_name\" ORDER BY \"id\" ASC"}}
{"type":"LOG","log":{"level":"INFO","message":"INFO i.a.w.i.DefaultAirbyteStreamFactory(internalLog):159 INFO i.a.d.j.s.AdaptiveStreamingQueryConfig(initialize):31 Set initial fetch size: 10 rows"}}
{"type":"LOG","log":{"level":"INFO","message":"INFO i.a.w.i.DefaultAirbyteStreamFactory(internalLog):159 INFO i.a.c.u.CompositeIterator(lambda$emitStartStreamStatus$1):155 STARTING -> public_id_and_name"}}
{"type":"LOG","log":{"level":"INFO","message":"INFO i.a.w.i.DefaultAirbyteStreamFactory(internalLog):159 INFO i.a.c.u.CompositeIterator(lambda$emitRunningStreamStatus$0):148 RUNNING -> public_id_and_name"}}
{"type":"LOG","log":{"level":"INFO","message":"INFO i.a.w.i.DefaultAirbyteStreamFactory(internalLog):159 INFO i.a.c.u.CompositeIterator(lambda$emitCompleteStreamStatus$2):162 COMPLETE -> public_id_and_name"}}
{"type":"LOG","log":{"level":"INFO","message":"INFO i.a.w.i.DefaultAirbyteStreamFactory(internalLog):159 INFO i.a.c.u.CompositeIterator(lambda$emitStartStreamStatus$1):155 STARTING -> public_starships"}}
{"type":"LOG","log":{"level":"INFO","message":"INFO i.a.w.i.DefaultAirbyteStreamFactory(internalLog):159 INFO i.a.i.s.r.RelationalDbQueryUtils(lambda$queryTable$0):73 Queueing query: SELECT \"id\",\"name\" FROM \"public\".\"starships\" ORDER BY \"id\" ASC"}}
{"type":"LOG","log":{"level":"INFO","message":"INFO i.a.w.i.DefaultAirbyteStreamFactory(internalLog):159 INFO i.a.d.j.s.AdaptiveStreamingQueryConfig(initialize):31 Set initial fetch size: 10 rows"}}
{"type":"LOG","log":{"level":"INFO","message":"INFO i.a.w.i.DefaultAirbyteStreamFactory(internalLog):159 INFO i.a.c.u.CompositeIterator(lambda$emitRunningStreamStatus$0):148 RUNNING -> public_starships"}}
{"type":"LOG","log":{"level":"INFO","message":"INFO i.a.w.i.DefaultAirbyteStreamFactory(internalLog):159 INFO i.a.c.u.CompositeIterator(lambda$emitCompleteStreamStatus$2):162 COMPLETE -> public_starships"}}
{"type":"LOG","log":{"level":"INFO","message":"INFO i.a.w.i.DefaultAirbyteStreamFactory(internalLog):159 INFO i.a.c.u.CompositeIterator(lambda$emitStartStreamStatus$1):155 STARTING -> public_testview"}}
{"type":"LOG","log":{"level":"INFO","message":"INFO i.a.w.i.DefaultAirbyteStreamFactory(internalLog):159 INFO i.a.i.s.r.RelationalDbQueryUtils(lambda$queryTable$0):73 Queueing query: SELECT \"id\",\"name\" FROM \"public\".\"testview\" ORDER BY \"id\" ASC"}}
{"type":"LOG","log":{"level":"INFO","message":"INFO i.a.w.i.DefaultAirbyteStreamFactory(internalLog):159 INFO i.a.d.j.s.AdaptiveStreamingQueryConfig(initialize):31 Set initial fetch size: 10 rows"}}
{"type":"LOG","log":{"level":"INFO","message":"INFO i.a.w.i.DefaultAirbyteStreamFactory(internalLog):159 INFO i.a.c.u.CompositeIterator(lambda$emitRunningStreamStatus$0):148 RUNNING -> public_testview"}}
{"type":"LOG","log":{"level":"INFO","message":"INFO i.a.w.i.DefaultAirbyteStreamFactory(internalLog):159 INFO i.a.c.u.CompositeIterator(lambda$emitCompleteStreamStatus$2):162 COMPLETE -> public_testview"}}
{"type":"LOG","log":{"level":"INFO","message":"INFO i.a.w.i.DefaultAirbyteStreamFactory(internalLog):159 INFO i.a.i.s.r.AbstractDbSource(lambda$read$1):173 Closing database connection pool."}}
{"type":"LOG","log":{"level":"INFO","message":"INFO i.a.w.i.DefaultAirbyteStreamFactory(internalLog):159 INFO c.z.h.HikariDataSource(close):350 HikariPool-1 - Shutdown initiated..."}}
{"type":"LOG","log":{"level":"INFO","message":"INFO i.a.w.i.DefaultAirbyteStreamFactory(internalLog):159 INFO c.z.h.HikariDataSource(close):352 HikariPool-1 - Shutdown completed."}}
{"type":"LOG","log":{"level":"INFO","message":"INFO i.a.w.i.DefaultAirbyteStreamFactory(internalLog):159 INFO i.a.i.s.r.AbstractDbSource(lambda$read$1):175 Closed database connection pool."}}
{"type":"LOG","log":{"level":"INFO","message":"INFO i.a.w.i.DefaultAirbyteStreamFactory(internalLog):159 INFO i.a.i.b.IntegrationRunner(runInternal):186 Completed integration: io.airbyte.integrations.base.ssh.SshWrappedSource"}}
{"type":"LOG","log":{"level":"INFO","message":"INFO i.a.w.i.DefaultAirbyteStreamFactory(internalLog):159 INFO i.a.i.s.p.PostgresSource(main):509 completed source: class io.airbyte.integrations.source.postgres.PostgresSource"}}
{"type":"LOG","log":{"level":"INFO","message":"INFO o.t.c.GenericContainer(tryStart):376 Creating container for image: postgres:bullseye"}}
{"type":"LOG","log":{"level":"INFO","message":"INFO o.t.c.GenericContainer(tryStart):440 Container postgres:bullseye is starting: be4a3e12ace10c58cd1f90118e262286a1de34d6983461e6f31064bb748afec7"}}
{"type":"LOG","log":{"level":"INFO","message":"INFO o.t.c.GenericContainer(tryStart):520 Container postgres:bullseye started in PT27.112328S"}}
{"type":"LOG","log":{"level":"INFO","message":"INFO c.z.h.HikariDataSource(<init>):80 HikariPool-5 - Starting..."}}
{"type":"LOG","log":{"level":"INFO","message":"INFO c.z.h.HikariDataSource(<init>):82 HikariPool-5 - Start completed."}}
{"type":"LOG","log":{"level":"INFO","message":"INFO i.a.i.s.s.TestEnvConfigs(getEnvOrDefault):119 Using default value for environment variable DEPLOYMENT_MODE: 'OSS'"}}
{"type":"LOG","log":{"level":"INFO","message":"INFO i.a.i.s.s.TestEnvConfigs(getEnvOrDefault):119 Using default value for environment variable WORKER_ENVIRONMENT: 'DOCKER'"}}
{"type":"LOG","log":{"level":"INFO","message":"INFO i.a.c.i.LineGobbler(voidCall):114 Checking if airbyte/source-postgres:dev exists..."}}
{"type":"LOG","log":{"level":"INFO","message":"INFO i.a.c.i.LineGobbler(voidCall):114 airbyte/source-postgres:dev was found locally."}}
{"type":"LOG","log":{"level":"INFO","message":"INFO i.a.w.p.DockerProcessFactory(create):126 Creating docker container = source-postgres-spec-0-0-hnnun with resources null and allowedHosts null"}}
{"type":"LOG","log":{"level":"INFO","message":"INFO i.a.w.p.DockerProcessFactory(create):171 Preparing command: docker run --rm --init -i -w /data/job --log-driver none --name source-postgres-spec-0-0-hnnun --network host -v /tmp/airbyte_tests/test13862173390416572909:/data -v /tmp/airbyte_tests/output15569038921522675455:/local -e DEPLOYMENT_MODE=OSS -e USE_STREAM_CAPABLE_STATE=true -e FIELD_SELECTION_WORKSPACES= -e AIRBYTE_ROLE= -e WORKER_ENVIRONMENT=DOCKER -e APPLY_FIELD_SELECTION=false -e WORKER_CONNECTOR_IMAGE=airbyte/source-postgres:dev -e WORKER_JOB_ATTEMPT=0 -e AUTO_DETECT_SCHEMA=true -e AIRBYTE_VERSION= -e WORKER_JOB_ID=0 airbyte/source-postgres:dev spec"}}
{"type":"LOG","log":{"level":"INFO","message":"INFO i.a.w.i.DefaultAirbyteStreamFactory(internalLog):159 INFO i.a.i.s.p.PostgresSource(main):507 starting source: class io.airbyte.integrations.source.postgres.PostgresSource"}}
{"type":"LOG","log":{"level":"INFO","message":"INFO i.a.w.i.DefaultAirbyteStreamFactory(internalLog):159 INFO i.a.i.b.IntegrationCliParser(parseOptions):126 integration args: {spec=null}"}}
{"type":"LOG","log":{"level":"INFO","message":"INFO i.a.w.i.DefaultAirbyteStreamFactory(internalLog):159 INFO i.a.i.b.IntegrationRunner(runInternal):108 Running integration: io.airbyte.integrations.base.ssh.SshWrappedSource"}}
{"type":"LOG","log":{"level":"INFO","message":"INFO i.a.w.i.DefaultAirbyteStreamFactory(internalLog):159 INFO i.a.i.b.IntegrationRunner(runInternal):109 Command: SPEC"}}
{"type":"LOG","log":{"level":"INFO","message":"INFO i.a.w.i.DefaultAirbyteStreamFactory(internalLog):159 INFO i.a.i.b.IntegrationRunner(runInternal):110 Integration config: IntegrationConfig{command=SPEC, configPath='null', catalogPath='null', statePath='null'}"}}
{"type":"LOG","log":{"level":"INFO","message":"INFO i.a.w.i.DefaultAirbyteStreamFactory(internalLog):159 INFO i.a.i.b.IntegrationRunner(runInternal):186 Completed integration: io.airbyte.integrations.base.ssh.SshWrappedSource"}}
{"type":"LOG","log":{"level":"INFO","message":"INFO i.a.w.i.DefaultAirbyteStreamFactory(internalLog):159 INFO i.a.i.s.p.PostgresSource(main):509 completed source: class io.airbyte.integrations.source.postgres.PostgresSource"}}
{"type":"LOG","log":{"level":"INFO","message":"INFO o.t.c.GenericContainer(tryStart):376 Creating container for image: postgres:bullseye"}}
{"type":"LOG","log":{"level":"INFO","message":"INFO o.t.c.GenericContainer(tryStart):440 Container postgres:bullseye is starting: c4303821d622e9ef7889c259ac936dffe2b356f45bec443e162431bcce08b39a"}}
{"type":"LOG","log":{"level":"INFO","message":"INFO o.t.c.GenericContainer(tryStart):520 Container postgres:bullseye started in PT13.189023S"}}
{"type":"LOG","log":{"level":"INFO","message":"INFO c.z.h.HikariDataSource(<init>):80 HikariPool-6 - Starting..."}}
{"type":"LOG","log":{"level":"INFO","message":"INFO c.z.h.HikariDataSource(<init>):82 HikariPool-6 - Start completed."}}
{"type":"LOG","log":{"level":"INFO","message":"INFO i.a.i.s.s.TestEnvConfigs(getEnvOrDefault):119 Using default value for environment variable DEPLOYMENT_MODE: 'OSS'"}}
{"type":"LOG","log":{"level":"INFO","message":"INFO i.a.i.s.s.TestEnvConfigs(getEnvOrDefault):119 Using default value for environment variable WORKER_ENVIRONMENT: 'DOCKER'"}}
{"type":"LOG","log":{"level":"INFO","message":"INFO i.a.c.i.LineGobbler(voidCall):114 Checking if airbyte/source-postgres:dev exists..."}}
{"type":"LOG","log":{"level":"INFO","message":"INFO i.a.c.i.LineGobbler(voidCall):114 airbyte/source-postgres:dev was found locally."}}
{"type":"LOG","log":{"level":"INFO","message":"INFO i.a.w.p.DockerProcessFactory(create):126 Creating docker container = source-postgres-read-0-0-auoxg with resources null and allowedHosts null"}}
{"type":"LOG","log":{"level":"INFO","message":"INFO i.a.w.p.DockerProcessFactory(create):171 Preparing command: docker run --rm --init -i -w /data/job --log-driver none --name source-postgres-read-0-0-auoxg --network host -v /tmp/airbyte_tests/test14517492923941347824:/data -v /tmp/airbyte_tests/output16818395063879450253:/local -e DEPLOYMENT_MODE=OSS -e USE_STREAM_CAPABLE_STATE=true -e FIELD_SELECTION_WORKSPACES= -e AIRBYTE_ROLE= -e WORKER_ENVIRONMENT=DOCKER -e APPLY_FIELD_SELECTION=false -e WORKER_CONNECTOR_IMAGE=airbyte/source-postgres:dev -e WORKER_JOB_ATTEMPT=0 -e AUTO_DETECT_SCHEMA=true -e AIRBYTE_VERSION= -e WORKER_JOB_ID=0 airbyte/source-postgres:dev read --config source_config.json --catalog source_catalog.json"}}
{"type":"LOG","log":{"level":"INFO","message":"INFO i.a.w.i.DefaultAirbyteStreamFactory(internalLog):159 INFO i.a.i.s.p.PostgresSource(main):507 starting source: class io.airbyte.integrations.source.postgres.PostgresSource"}}
{"type":"LOG","log":{"level":"INFO","message":"INFO i.a.w.i.DefaultAirbyteStreamFactory(internalLog):159 INFO i.a.i.b.IntegrationCliParser(parseOptions):126 integration args: {read=null, catalog=source_catalog.json, config=source_config.json}"}}
{"type":"LOG","log":{"level":"INFO","message":"INFO i.a.w.i.DefaultAirbyteStreamFactory(internalLog):159 INFO i.a.i.b.IntegrationRunner(runInternal):108 Running integration: io.airbyte.integrations.base.ssh.SshWrappedSource"}}
{"type":"LOG","log":{"level":"INFO","message":"INFO i.a.w.i.DefaultAirbyteStreamFactory(internalLog):159 INFO i.a.i.b.IntegrationRunner(runInternal):109 Command: READ"}}
{"type":"LOG","log":{"level":"INFO","message":"INFO i.a.w.i.DefaultAirbyteStreamFactory(internalLog):159 INFO i.a.i.b.IntegrationRunner(runInternal):110 Integration config: IntegrationConfig{command=READ, configPath='source_config.json', catalogPath='source_catalog.json', statePath='null'}"}}
{"type":"LOG","log":{"level":"WARN","message":"WARN i.a.w.i.DefaultAirbyteStreamFactory(internalLog):156 WARN c.n.s.JsonMetaSchema(newValidator):278 Unknown keyword groups - you should define your own Meta Schema. If the keyword is irrelevant for validation, just use a NonValidationKeyword"}}
{"type":"LOG","log":{"level":"WARN","message":"WARN i.a.w.i.DefaultAirbyteStreamFactory(internalLog):156 WARN c.n.s.JsonMetaSchema(newValidator):278 Unknown keyword order - you should define your own Meta Schema. If the keyword is irrelevant for validation, just use a NonValidationKeyword"}}
{"type":"LOG","log":{"level":"WARN","message":"WARN i.a.w.i.DefaultAirbyteStreamFactory(internalLog):156 WARN c.n.s.JsonMetaSchema(newValidator):278 Unknown keyword group - you should define your own Meta Schema. If the keyword is irrelevant for validation, just use a NonValidationKeyword"}}
{"type":"LOG","log":{"level":"WARN","message":"WARN i.a.w.i.DefaultAirbyteStreamFactory(internalLog):156 WARN c.n.s.JsonMetaSchema(newValidator):278 Unknown keyword airbyte_secret - you should define your own Meta Schema. If the keyword is irrelevant for validation, just use a NonValidationKeyword"}}
{"type":"LOG","log":{"level":"WARN","message":"WARN i.a.w.i.DefaultAirbyteStreamFactory(internalLog):156 WARN c.n.s.JsonMetaSchema(newValidator):278 Unknown keyword always_show - you should define your own Meta Schema. If the keyword is irrelevant for validation, just use a NonValidationKeyword"}}
{"type":"LOG","log":{"level":"WARN","message":"WARN i.a.w.i.DefaultAirbyteStreamFactory(internalLog):156 WARN c.n.s.JsonMetaSchema(newValidator):278 Unknown keyword multiline - you should define your own Meta Schema. If the keyword is irrelevant for validation, just use a NonValidationKeyword"}}
{"type":"LOG","log":{"level":"INFO","message":"INFO i.a.w.i.DefaultAirbyteStreamFactory(internalLog):159 INFO i.a.i.b.s.SshTunnel(getInstance):204 Starting connection with method: NO_TUNNEL"}}
{"type":"LOG","log":{"level":"INFO","message":"INFO i.a.w.i.DefaultAirbyteStreamFactory(internalLog):159 INFO i.a.i.s.p.PostgresUtils(isCdc):53 using CDC: false"}}
{"type":"LOG","log":{"level":"INFO","message":"INFO i.a.w.i.DefaultAirbyteStreamFactory(internalLog):159 INFO i.a.i.s.r.s.StateManagerFactory(createStateManager):55 Stream state manager selected to manage state object with type STREAM."}}
{"type":"LOG","log":{"level":"INFO","message":"INFO i.a.w.i.DefaultAirbyteStreamFactory(internalLog):159 INFO i.a.i.s.r.s.CursorManager(createCursorInfoForStream):182 No cursor field set in catalog but not present in state. Stream: public_testview, New Cursor Field: id. Resetting cursor value"}}
{"type":"LOG","log":{"level":"INFO","message":"INFO i.a.w.i.DefaultAirbyteStreamFactory(internalLog):159 INFO i.a.i.s.r.s.CursorManager(createCursorInfoForStream):182 No cursor field set in catalog but not present in state. Stream: public_id_and_name, New Cursor Field: id. Resetting cursor value"}}
{"type":"LOG","log":{"level":"INFO","message":"INFO i.a.w.i.DefaultAirbyteStreamFactory(internalLog):159 INFO i.a.i.s.r.s.CursorManager(createCursorInfoForStream):182 No cursor field set in catalog but not present in state. Stream: public_starships, New Cursor Field: id. Resetting cursor value"}}
{"type":"LOG","log":{"level":"INFO","message":"INFO i.a.w.i.DefaultAirbyteStreamFactory(internalLog):159 INFO i.a.i.s.p.PostgresSource(toSslJdbcParamInternal):544 VERIFY_CA toSslJdbcParam verify-ca"}}
{"type":"LOG","log":{"level":"INFO","message":"INFO i.a.w.i.DefaultAirbyteStreamFactory(internalLog):159 INFO c.z.h.HikariDataSource(<init>):80 HikariPool-1 - Starting..."}}
{"type":"LOG","log":{"level":"INFO","message":"INFO i.a.w.i.DefaultAirbyteStreamFactory(internalLog):159 INFO c.z.h.HikariDataSource(<init>):82 HikariPool-1 - Start completed."}}
{"type":"LOG","log":{"level":"INFO","message":"INFO i.a.w.i.DefaultAirbyteStreamFactory(internalLog):159 INFO i.a.i.s.p.PostgresUtils(isCdc):53 using CDC: false"}}
{"type":"LOG","log":{"level":"INFO","message":"INFO i.a.w.i.DefaultAirbyteStreamFactory(internalLog):159 INFO i.a.i.s.j.AbstractJdbcSource(logPreSyncDebugData):450 Data source product recognized as PostgreSQL:15.3 (Debian 15.3-1.pgdg110+1)"}}
{"type":"LOG","log":{"level":"INFO","message":"INFO i.a.w.i.DefaultAirbyteStreamFactory(internalLog):159 INFO i.a.i.s.p.PostgresSource(logPreSyncDebugData):221 Discovering indexes for schema \"public\", table \"id_and_name\""}}
{"type":"LOG","log":{"level":"INFO","message":"INFO i.a.w.i.DefaultAirbyteStreamFactory(internalLog):159 INFO i.a.i.s.p.PostgresSource(logPreSyncDebugData):221 Discovering indexes for schema \"public\", table \"starships\""}}
{"type":"LOG","log":{"level":"INFO","message":"INFO i.a.w.i.DefaultAirbyteStreamFactory(internalLog):159 INFO i.a.i.s.p.PostgresSource(logPreSyncDebugData):221 Discovering indexes for schema \"public\", table \"testview\""}}
{"type":"LOG","log":{"level":"INFO","message":"INFO i.a.w.i.DefaultAirbyteStreamFactory(internalLog):159 INFO i.a.i.s.p.PostgresQueryUtils(logXminStatus):77 Xmin Status : {Number of wraparounds: 0, Xmin Transaction Value: 734, Xmin Raw Value: 734"}}
{"type":"LOG","log":{"level":"INFO","message":"INFO i.a.w.i.DefaultAirbyteStreamFactory(internalLog):159 INFO i.a.i.s.j.AbstractJdbcSource(discoverInternal):166 Internal schemas to exclude: [catalog_history, information_schema, pg_catalog, pg_internal]"}}
{"type":"LOG","log":{"level":"INFO","message":"INFO i.a.w.i.DefaultAirbyteStreamFactory(internalLog):159 INFO i.a.d.j.s.AdaptiveStreamingQueryConfig(initialize):31 Set initial fetch size: 10 rows"}}
{"type":"LOG","log":{"level":"WARN","message":"WARN i.a.w.i.DefaultAirbyteStreamFactory(internalLog):156 WARN i.a.i.s.r.DbSourceDiscoverUtil(logSourceSchemaChange):82 Source schema changed for table public.id_and_name! Potential mismatches: [id]. Actual schema: {\"type\":\"object\",\"properties\":{\"name\":{\"type\":\"string\"},\"id\":{\"type\":\"number\",\"airbyte_type\":\"integer\"}}}. Catalog schema: {\"type\":\"object\",\"properties\":{\"name\":{\"type\":\"string\"},\"id\":{\"type\":\"number\"}}}"}}
{"type":"LOG","log":{"level":"WARN","message":"WARN i.a.w.i.DefaultAirbyteStreamFactory(internalLog):156 WARN i.a.i.s.r.DbSourceDiscoverUtil(logSourceSchemaChange):82 Source schema changed for table public.starships! Potential mismatches: [id]. Actual schema: {\"type\":\"object\",\"properties\":{\"name\":{\"type\":\"string\"},\"id\":{\"type\":\"number\",\"airbyte_type\":\"integer\"}}}. Catalog schema: {\"type\":\"object\",\"properties\":{\"name\":{\"type\":\"string\"},\"id\":{\"type\":\"number\"}}}"}}
{"type":"LOG","log":{"level":"WARN","message":"WARN i.a.w.i.DefaultAirbyteStreamFactory(internalLog):156 WARN i.a.i.s.r.DbSourceDiscoverUtil(logSourceSchemaChange):82 Source schema changed for table public.testview! Potential mismatches: [id]. Actual schema: {\"type\":\"object\",\"properties\":{\"name\":{\"type\":\"string\"},\"id\":{\"type\":\"number\",\"airbyte_type\":\"integer\"}}}. Catalog schema: {\"type\":\"object\",\"properties\":{\"name\":{\"type\":\"string\"},\"id\":{\"type\":\"number\"}}}"}}
{"type":"LOG","log":{"level":"INFO","message":"INFO i.a.w.i.DefaultAirbyteStreamFactory(internalLog):159 INFO i.a.i.s.p.PostgresUtils(isCdc):53 using CDC: false"}}
{"type":"LOG","log":{"level":"INFO","message":"INFO i.a.w.i.DefaultAirbyteStreamFactory(internalLog):159 INFO i.a.i.s.j.AbstractJdbcSource(queryTableFullRefresh):112 Queueing query for table: id_and_name"}}
{"type":"LOG","log":{"level":"INFO","message":"INFO i.a.w.i.DefaultAirbyteStreamFactory(internalLog):159 INFO i.a.i.s.j.AbstractJdbcSource(queryTableFullRefresh):112 Queueing query for table: starships"}}
{"type":"LOG","log":{"level":"INFO","message":"INFO i.a.w.i.DefaultAirbyteStreamFactory(internalLog):159 INFO i.a.i.s.j.AbstractJdbcSource(queryTableFullRefresh):112 Queueing query for table: testview"}}
{"type":"LOG","log":{"level":"INFO","message":"INFO i.a.w.i.DefaultAirbyteStreamFactory(internalLog):159 INFO i.a.i.s.r.RelationalDbQueryUtils(lambda$queryTable$0):73 Queueing query: SELECT \"id\",\"name\" FROM \"public\".\"id_and_name\""}}
{"type":"LOG","log":{"level":"INFO","message":"INFO i.a.w.i.DefaultAirbyteStreamFactory(internalLog):159 INFO i.a.d.j.s.AdaptiveStreamingQueryConfig(initialize):31 Set initial fetch size: 10 rows"}}
{"type":"LOG","log":{"level":"INFO","message":"INFO i.a.w.i.DefaultAirbyteStreamFactory(internalLog):159 INFO i.a.c.u.CompositeIterator(lambda$emitStartStreamStatus$1):155 STARTING -> public_id_and_name"}}
{"type":"LOG","log":{"level":"INFO","message":"INFO i.a.w.i.DefaultAirbyteStreamFactory(internalLog):159 INFO i.a.c.u.CompositeIterator(lambda$emitRunningStreamStatus$0):148 RUNNING -> public_id_and_name"}}
{"type":"LOG","log":{"level":"INFO","message":"INFO i.a.w.i.DefaultAirbyteStreamFactory(internalLog):159 INFO i.a.c.u.CompositeIterator(lambda$emitCompleteStreamStatus$2):162 COMPLETE -> public_id_and_name"}}
{"type":"LOG","log":{"level":"INFO","message":"INFO i.a.w.i.DefaultAirbyteStreamFactory(internalLog):159 INFO i.a.c.u.CompositeIterator(lambda$emitStartStreamStatus$1):155 STARTING -> public_starships"}}
{"type":"LOG","log":{"level":"INFO","message":"INFO i.a.w.i.DefaultAirbyteStreamFactory(internalLog):159 INFO i.a.i.s.r.RelationalDbQueryUtils(lambda$queryTable$0):73 Queueing query: SELECT \"id\",\"name\" FROM \"public\".\"starships\""}}
{"type":"LOG","log":{"level":"INFO","message":"INFO i.a.w.i.DefaultAirbyteStreamFactory(internalLog):159 INFO i.a.d.j.s.AdaptiveStreamingQueryConfig(initialize):31 Set initial fetch size: 10 rows"}}
{"type":"LOG","log":{"level":"INFO","message":"INFO i.a.w.i.DefaultAirbyteStreamFactory(internalLog):159 INFO i.a.c.u.CompositeIterator(lambda$emitRunningStreamStatus$0):148 RUNNING -> public_starships"}}
{"type":"LOG","log":{"level":"INFO","message":"INFO i.a.w.i.DefaultAirbyteStreamFactory(internalLog):159 INFO i.a.c.u.CompositeIterator(lambda$emitCompleteStreamStatus$2):162 COMPLETE -> public_starships"}}
{"type":"LOG","log":{"level":"INFO","message":"INFO i.a.w.i.DefaultAirbyteStreamFactory(internalLog):159 INFO i.a.c.u.CompositeIterator(lambda$emitStartStreamStatus$1):155 STARTING -> public_testview"}}
{"type":"LOG","log":{"level":"INFO","message":"INFO i.a.w.i.DefaultAirbyteStreamFactory(internalLog):159 INFO i.a.i.s.r.RelationalDbQueryUtils(lambda$queryTable$0):73 Queueing query: SELECT \"id\",\"name\" FROM \"public\".\"testview\""}}
{"type":"LOG","log":{"level":"INFO","message":"INFO i.a.w.i.DefaultAirbyteStreamFactory(internalLog):159 INFO i.a.d.j.s.AdaptiveStreamingQueryConfig(initialize):31 Set initial fetch size: 10 rows"}}
{"type":"LOG","log":{"level":"INFO","message":"INFO i.a.w.i.DefaultAirbyteStreamFactory(internalLog):159 INFO i.a.c.u.CompositeIterator(lambda$emitRunningStreamStatus$0):148 RUNNING -> public_testview"}}
{"type":"LOG","log":{"level":"INFO","message":"INFO i.a.w.i.DefaultAirbyteStreamFactory(internalLog):159 INFO i.a.c.u.CompositeIterator(lambda$emitCompleteStreamStatus$2):162 COMPLETE -> public_testview"}}
{"type":"LOG","log":{"level":"INFO","message":"INFO i.a.w.i.DefaultAirbyteStreamFactory(internalLog):159 INFO i.a.i.s.r.AbstractDbSource(lambda$read$1):173 Closing database connection pool."}}
{"type":"LOG","log":{"level":"INFO","message":"INFO i.a.w.i.DefaultAirbyteStreamFactory(internalLog):159 INFO c.z.h.HikariDataSource(close):350 HikariPool-1 - Shutdown initiated..."}}
{"type":"LOG","log":{"level":"INFO","message":"INFO i.a.w.i.DefaultAirbyteStreamFactory(internalLog):159 INFO c.z.h.HikariDataSource(close):352 HikariPool-1 - Shutdown completed."}}
{"type":"LOG","log":{"level":"INFO","message":"INFO i.a.w.i.DefaultAirbyteStreamFactory(internalLog):159 INFO i.a.i.s.r.AbstractDbSource(lambda$read$1):175 Closed database connection pool."}}
{"type":"LOG","log":{"level":"INFO","message":"INFO i.a.w.i.DefaultAirbyteStreamFactory(internalLog):159 INFO i.a.i.b.IntegrationRunner(runInternal):186 Completed integration: io.airbyte.integrations.base.ssh.SshWrappedSource"}}
{"type":"LOG","log":{"level":"INFO","message":"INFO i.a.w.i.DefaultAirbyteStreamFactory(internalLog):159 INFO i.a.i.s.p.PostgresSource(main):509 completed source: class io.airbyte.integrations.source.postgres.PostgresSource"}}
{"type":"LOG","log":{"level":"INFO","message":"INFO o.t.c.GenericContainer(tryStart):376 Creating container for image: postgres:bullseye"}}
{"type":"LOG","log":{"level":"INFO","message":"INFO o.t.c.GenericContainer(tryStart):440 Container postgres:bullseye is starting: 0fecde4ce785ee0c05d4e44681acf931771f28654e0afd823ce9ffc5bd0d2472"}}
{"type":"LOG","log":{"level":"INFO","message":"INFO o.t.c.GenericContainer(tryStart):520 Container postgres:bullseye started in PT22.407341S"}}
{"type":"LOG","log":{"level":"INFO","message":"INFO c.z.h.HikariDataSource(<init>):80 HikariPool-7 - Starting..."}}
{"type":"LOG","log":{"level":"INFO","message":"INFO c.z.h.HikariDataSource(<init>):82 HikariPool-7 - Start completed."}}
{"type":"LOG","log":{"level":"INFO","message":"INFO i.a.i.s.s.TestEnvConfigs(getEnvOrDefault):119 Using default value for environment variable DEPLOYMENT_MODE: 'OSS'"}}
{"type":"LOG","log":{"level":"INFO","message":"INFO i.a.i.s.s.TestEnvConfigs(getEnvOrDefault):119 Using default value for environment variable WORKER_ENVIRONMENT: 'DOCKER'"}}
{"type":"LOG","log":{"level":"INFO","message":"INFO i.a.c.i.LineGobbler(voidCall):114 "}}
{"type":"LOG","log":{"level":"INFO","message":"INFO i.a.c.i.LineGobbler(voidCall):114 ----- START CHECK -----"}}
{"type":"LOG","log":{"level":"INFO","message":"INFO i.a.c.i.LineGobbler(voidCall):114 "}}
{"type":"LOG","log":{"level":"INFO","message":"INFO i.a.c.i.LineGobbler(voidCall):114 Checking if airbyte/source-postgres:dev exists..."}}
{"type":"LOG","log":{"level":"INFO","message":"INFO i.a.c.i.LineGobbler(voidCall):114 airbyte/source-postgres:dev was found locally."}}
{"type":"LOG","log":{"level":"INFO","message":"INFO i.a.w.p.DockerProcessFactory(create):126 Creating docker container = source-postgres-check-0-0-swqmn with resources null and allowedHosts null"}}
{"type":"LOG","log":{"level":"INFO","message":"INFO i.a.w.p.DockerProcessFactory(create):171 Preparing command: docker run --rm --init -i -w /data/job --log-driver none --name source-postgres-check-0-0-swqmn --network host -v /tmp/airbyte_tests/test8787178114895483982:/data -v /tmp/airbyte_tests/output11426810172891191818:/local -e DEPLOYMENT_MODE=OSS -e USE_STREAM_CAPABLE_STATE=true -e FIELD_SELECTION_WORKSPACES= -e AIRBYTE_ROLE= -e WORKER_ENVIRONMENT=DOCKER -e APPLY_FIELD_SELECTION=false -e WORKER_CONNECTOR_IMAGE=airbyte/source-postgres:dev -e WORKER_JOB_ATTEMPT=0 -e AUTO_DETECT_SCHEMA=true -e AIRBYTE_VERSION= -e WORKER_JOB_ID=0 airbyte/source-postgres:dev check --config source_config.json"}}
{"type":"LOG","log":{"level":"INFO","message":"INFO i.a.w.i.DefaultAirbyteStreamFactory(internalLog):159 INFO i.a.i.s.p.PostgresSource(main):507 starting source: class io.airbyte.integrations.source.postgres.PostgresSource"}}
{"type":"LOG","log":{"level":"INFO","message":"INFO i.a.w.i.DefaultAirbyteStreamFactory(internalLog):159 INFO i.a.i.b.IntegrationCliParser(parseOptions):126 integration args: {check=null, config=source_config.json}"}}
{"type":"LOG","log":{"level":"INFO","message":"INFO i.a.w.i.DefaultAirbyteStreamFactory(internalLog):159 INFO i.a.i.b.IntegrationRunner(runInternal):108 Running integration: io.airbyte.integrations.base.ssh.SshWrappedSource"}}
{"type":"LOG","log":{"level":"INFO","message":"INFO i.a.w.i.DefaultAirbyteStreamFactory(internalLog):159 INFO i.a.i.b.IntegrationRunner(runInternal):109 Command: CHECK"}}
{"type":"LOG","log":{"level":"INFO","message":"INFO i.a.w.i.DefaultAirbyteStreamFactory(internalLog):159 INFO i.a.i.b.IntegrationRunner(runInternal):110 Integration config: IntegrationConfig{command=CHECK, configPath='source_config.json', catalogPath='null', statePath='null'}"}}
{"type":"LOG","log":{"level":"WARN","message":"WARN i.a.w.i.DefaultAirbyteStreamFactory(internalLog):156 WARN c.n.s.JsonMetaSchema(newValidator):278 Unknown keyword groups - you should define your own Meta Schema. If the keyword is irrelevant for validation, just use a NonValidationKeyword"}}
{"type":"LOG","log":{"level":"WARN","message":"WARN i.a.w.i.DefaultAirbyteStreamFactory(internalLog):156 WARN c.n.s.JsonMetaSchema(newValidator):278 Unknown keyword order - you should define your own Meta Schema. If the keyword is irrelevant for validation, just use a NonValidationKeyword"}}
{"type":"LOG","log":{"level":"WARN","message":"WARN i.a.w.i.DefaultAirbyteStreamFactory(internalLog):156 WARN c.n.s.JsonMetaSchema(newValidator):278 Unknown keyword group - you should define your own Meta Schema. If the keyword is irrelevant for validation, just use a NonValidationKeyword"}}
{"type":"LOG","log":{"level":"WARN","message":"WARN i.a.w.i.DefaultAirbyteStreamFactory(internalLog):156 WARN c.n.s.JsonMetaSchema(newValidator):278 Unknown keyword airbyte_secret - you should define your own Meta Schema. If the keyword is irrelevant for validation, just use a NonValidationKeyword"}}
{"type":"LOG","log":{"level":"WARN","message":"WARN i.a.w.i.DefaultAirbyteStreamFactory(internalLog):156 WARN c.n.s.JsonMetaSchema(newValidator):278 Unknown keyword always_show - you should define your own Meta Schema. If the keyword is irrelevant for validation, just use a NonValidationKeyword"}}
{"type":"LOG","log":{"level":"WARN","message":"WARN i.a.w.i.DefaultAirbyteStreamFactory(internalLog):156 WARN c.n.s.JsonMetaSchema(newValidator):278 Unknown keyword multiline - you should define your own Meta Schema. If the keyword is irrelevant for validation, just use a NonValidationKeyword"}}
{"type":"LOG","log":{"level":"INFO","message":"INFO i.a.w.i.DefaultAirbyteStreamFactory(internalLog):159 INFO i.a.i.b.s.SshTunnel(getInstance):204 Starting connection with method: NO_TUNNEL"}}
{"type":"LOG","log":{"level":"INFO","message":"INFO i.a.w.i.DefaultAirbyteStreamFactory(internalLog):159 INFO i.a.i.s.p.PostgresUtils(isCdc):53 using CDC: false"}}
{"type":"LOG","log":{"level":"INFO","message":"INFO i.a.w.i.DefaultAirbyteStreamFactory(internalLog):159 INFO i.a.i.s.p.PostgresSource(toSslJdbcParamInternal):544 VERIFY_CA toSslJdbcParam verify-ca"}}
{"type":"LOG","log":{"level":"INFO","message":"INFO i.a.w.i.DefaultAirbyteStreamFactory(internalLog):159 INFO c.z.h.HikariDataSource(<init>):80 HikariPool-1 - Starting..."}}
{"type":"LOG","log":{"level":"INFO","message":"INFO i.a.w.i.DefaultAirbyteStreamFactory(internalLog):159 INFO c.z.h.HikariDataSource(<init>):82 HikariPool-1 - Start completed."}}
{"type":"LOG","log":{"level":"INFO","message":"INFO i.a.w.i.DefaultAirbyteStreamFactory(internalLog):159 INFO i.a.i.s.p.PostgresUtils(isCdc):53 using CDC: false"}}
{"type":"LOG","log":{"level":"INFO","message":"INFO i.a.w.i.DefaultAirbyteStreamFactory(internalLog):159 INFO i.a.i.s.p.PostgresUtils(isCdc):53 using CDC: false"}}
{"type":"LOG","log":{"level":"INFO","message":"INFO i.a.w.i.DefaultAirbyteStreamFactory(internalLog):159 INFO i.a.i.s.j.AbstractJdbcSource(lambda$getCheckOperations$1):138 Attempting to get metadata from the database to see if we can connect."}}
{"type":"LOG","log":{"level":"INFO","message":"INFO i.a.w.i.DefaultAirbyteStreamFactory(internalLog):159 INFO c.z.h.HikariDataSource(close):350 HikariPool-1 - Shutdown initiated..."}}
{"type":"LOG","log":{"level":"INFO","message":"INFO i.a.w.i.DefaultAirbyteStreamFactory(internalLog):159 INFO c.z.h.HikariDataSource(close):352 HikariPool-1 - Shutdown completed."}}
{"type":"LOG","log":{"level":"INFO","message":"INFO i.a.w.i.DefaultAirbyteStreamFactory(internalLog):159 INFO i.a.i.b.IntegrationRunner(runInternal):186 Completed integration: io.airbyte.integrations.base.ssh.SshWrappedSource"}}
{"type":"LOG","log":{"level":"INFO","message":"INFO i.a.w.i.DefaultAirbyteStreamFactory(internalLog):159 INFO i.a.i.s.p.PostgresSource(main):509 completed source: class io.airbyte.integrations.source.postgres.PostgresSource"}}
{"type":"LOG","log":{"level":"INFO","message":"INFO i.a.w.g.DefaultCheckConnectionTestHarness(run):107 Check connection job received output: io.airbyte.configoss.StandardCheckConnectionOutput@390e6f21[status=succeeded,message=<null>]"}}
{"type":"LOG","log":{"level":"INFO","message":"INFO i.a.c.i.LineGobbler(voidCall):114 "}}
{"type":"LOG","log":{"level":"INFO","message":"INFO i.a.c.i.LineGobbler(voidCall):114 ----- END CHECK -----"}}
{"type":"LOG","log":{"level":"INFO","message":"INFO i.a.c.i.LineGobbler(voidCall):114 "}}
{"type":"LOG","log":{"level":"INFO","message":"INFO o.t.c.GenericContainer(tryStart):376 Creating container for image: postgres:bullseye"}}
{"type":"LOG","log":{"level":"INFO","message":"INFO o.t.c.GenericContainer(tryStart):440 Container postgres:bullseye is starting: de672820a9a389d2cae8460e8135827d6a723e81ace07fce1d0ec1c2a6cc9154"}}
{"type":"LOG","log":{"level":"INFO","message":"INFO o.t.c.GenericContainer(tryStart):520 Container postgres:bullseye started in PT11.674192S"}}
{"type":"LOG","log":{"level":"INFO","message":"INFO c.z.h.HikariDataSource(<init>):80 HikariPool-8 - Starting..."}}
{"type":"LOG","log":{"level":"INFO","message":"INFO c.z.h.HikariDataSource(<init>):82 HikariPool-8 - Start completed."}}
{"type":"LOG","log":{"level":"INFO","message":"INFO i.a.i.s.s.TestEnvConfigs(getEnvOrDefault):119 Using default value for environment variable DEPLOYMENT_MODE: 'OSS'"}}
{"type":"LOG","log":{"level":"INFO","message":"INFO i.a.i.s.s.TestEnvConfigs(getEnvOrDefault):119 Using default value for environment variable WORKER_ENVIRONMENT: 'DOCKER'"}}
{"type":"LOG","log":{"level":"INFO","message":"INFO i.a.c.i.LineGobbler(voidCall):114 Checking if airbyte/source-postgres:dev exists..."}}
{"type":"LOG","log":{"level":"INFO","message":"INFO i.a.c.i.LineGobbler(voidCall):114 airbyte/source-postgres:dev was found locally."}}
{"type":"LOG","log":{"level":"INFO","message":"INFO i.a.w.p.DockerProcessFactory(create):126 Creating docker container = source-postgres-discover-0-0-fybrp with resources null and allowedHosts null"}}
{"type":"LOG","log":{"level":"INFO","message":"INFO i.a.w.p.DockerProcessFactory(create):171 Preparing command: docker run --rm --init -i -w /data/job --log-driver none --name source-postgres-discover-0-0-fybrp --network host -v /tmp/airbyte_tests/test18240419949003121058:/data -v /tmp/airbyte_tests/output9860370374842201565:/local -e DEPLOYMENT_MODE=OSS -e USE_STREAM_CAPABLE_STATE=true -e FIELD_SELECTION_WORKSPACES= -e AIRBYTE_ROLE= -e WORKER_ENVIRONMENT=DOCKER -e APPLY_FIELD_SELECTION=false -e WORKER_CONNECTOR_IMAGE=airbyte/source-postgres:dev -e WORKER_JOB_ATTEMPT=0 -e AUTO_DETECT_SCHEMA=true -e AIRBYTE_VERSION= -e WORKER_JOB_ID=0 airbyte/source-postgres:dev discover --config source_config.json"}}
{"type":"LOG","log":{"level":"INFO","message":"INFO i.a.w.i.DefaultAirbyteStreamFactory(internalLog):159 INFO i.a.i.s.p.PostgresSource(main):507 starting source: class io.airbyte.integrations.source.postgres.PostgresSource"}}
{"type":"LOG","log":{"level":"INFO","message":"INFO i.a.w.i.DefaultAirbyteStreamFactory(internalLog):159 INFO i.a.i.b.IntegrationCliParser(parseOptions):126 integration args: {discover=null, config=source_config.json}"}}
{"type":"LOG","log":{"level":"INFO","message":"INFO i.a.w.i.DefaultAirbyteStreamFactory(internalLog):159 INFO i.a.i.b.IntegrationRunner(runInternal):108 Running integration: io.airbyte.integrations.base.ssh.SshWrappedSource"}}
{"type":"LOG","log":{"level":"INFO","message":"INFO i.a.w.i.DefaultAirbyteStreamFactory(internalLog):159 INFO i.a.i.b.IntegrationRunner(runInternal):109 Command: DISCOVER"}}
{"type":"LOG","log":{"level":"INFO","message":"INFO i.a.w.i.DefaultAirbyteStreamFactory(internalLog):159 INFO i.a.i.b.IntegrationRunner(runInternal):110 Integration config: IntegrationConfig{command=DISCOVER, configPath='source_config.json', catalogPath='null', statePath='null'}"}}
{"type":"LOG","log":{"level":"WARN","message":"WARN i.a.w.i.DefaultAirbyteStreamFactory(internalLog):156 WARN c.n.s.JsonMetaSchema(newValidator):278 Unknown keyword groups - you should define your own Meta Schema. If the keyword is irrelevant for validation, just use a NonValidationKeyword"}}
{"type":"LOG","log":{"level":"WARN","message":"WARN i.a.w.i.DefaultAirbyteStreamFactory(internalLog):156 WARN c.n.s.JsonMetaSchema(newValidator):278 Unknown keyword order - you should define your own Meta Schema. If the keyword is irrelevant for validation, just use a NonValidationKeyword"}}
{"type":"LOG","log":{"level":"WARN","message":"WARN i.a.w.i.DefaultAirbyteStreamFactory(internalLog):156 WARN c.n.s.JsonMetaSchema(newValidator):278 Unknown keyword group - you should define your own Meta Schema. If the keyword is irrelevant for validation, just use a NonValidationKeyword"}}
{"type":"LOG","log":{"level":"WARN","message":"WARN i.a.w.i.DefaultAirbyteStreamFactory(internalLog):156 WARN c.n.s.JsonMetaSchema(newValidator):278 Unknown keyword airbyte_secret - you should define your own Meta Schema. If the keyword is irrelevant for validation, just use a NonValidationKeyword"}}
{"type":"LOG","log":{"level":"WARN","message":"WARN i.a.w.i.DefaultAirbyteStreamFactory(internalLog):156 WARN c.n.s.JsonMetaSchema(newValidator):278 Unknown keyword always_show - you should define your own Meta Schema. If the keyword is irrelevant for validation, just use a NonValidationKeyword"}}
{"type":"LOG","log":{"level":"WARN","message":"WARN i.a.w.i.DefaultAirbyteStreamFactory(internalLog):156 WARN c.n.s.JsonMetaSchema(newValidator):278 Unknown keyword multiline - you should define your own Meta Schema. If the keyword is irrelevant for validation, just use a NonValidationKeyword"}}
{"type":"LOG","log":{"level":"INFO","message":"INFO i.a.w.i.DefaultAirbyteStreamFactory(internalLog):159 INFO i.a.i.b.s.SshTunnel(getInstance):204 Starting connection with method: NO_TUNNEL"}}
{"type":"LOG","log":{"level":"INFO","message":"INFO i.a.w.i.DefaultAirbyteStreamFactory(internalLog):159 INFO i.a.i.s.p.PostgresSource(toSslJdbcParamInternal):544 VERIFY_CA toSslJdbcParam verify-ca"}}
{"type":"LOG","log":{"level":"INFO","message":"INFO i.a.w.i.DefaultAirbyteStreamFactory(internalLog):159 INFO c.z.h.HikariDataSource(<init>):80 HikariPool-1 - Starting..."}}
{"type":"LOG","log":{"level":"INFO","message":"INFO i.a.w.i.DefaultAirbyteStreamFactory(internalLog):159 INFO c.z.h.HikariDataSource(<init>):82 HikariPool-1 - Start completed."}}
{"type":"LOG","log":{"level":"INFO","message":"INFO i.a.w.i.DefaultAirbyteStreamFactory(internalLog):159 INFO i.a.i.s.p.PostgresUtils(isCdc):53 using CDC: false"}}
{"type":"LOG","log":{"level":"INFO","message":"INFO i.a.w.i.DefaultAirbyteStreamFactory(internalLog):159 INFO i.a.i.s.j.AbstractJdbcSource(discoverInternal):166 Internal schemas to exclude: [catalog_history, information_schema, pg_catalog, pg_internal]"}}
{"type":"LOG","log":{"level":"INFO","message":"INFO i.a.w.i.DefaultAirbyteStreamFactory(internalLog):159 INFO i.a.d.j.s.AdaptiveStreamingQueryConfig(initialize):31 Set initial fetch size: 10 rows"}}
{"type":"LOG","log":{"level":"INFO","message":"INFO i.a.w.i.DefaultAirbyteStreamFactory(internalLog):159 INFO i.a.i.s.j.AbstractJdbcSource(discoverPrimaryKeys):266 Discover primary keys for tables: [testview, id_and_name, starships]"}}
{"type":"LOG","log":{"level":"INFO","message":"INFO i.a.w.i.DefaultAirbyteStreamFactory(internalLog):159 INFO c.z.h.HikariDataSource(close):350 HikariPool-1 - Shutdown initiated..."}}
{"type":"LOG","log":{"level":"INFO","message":"INFO i.a.w.i.DefaultAirbyteStreamFactory(internalLog):159 INFO c.z.h.HikariDataSource(close):352 HikariPool-1 - Shutdown completed."}}
{"type":"LOG","log":{"level":"INFO","message":"INFO i.a.w.i.DefaultAirbyteStreamFactory(internalLog):159 INFO i.a.i.s.p.PostgresUtils(isCdc):53 using CDC: false"}}
{"type":"LOG","log":{"level":"INFO","message":"INFO i.a.w.i.DefaultAirbyteStreamFactory(internalLog):159 INFO i.a.i.b.IntegrationRunner(runInternal):186 Completed integration: io.airbyte.integrations.base.ssh.SshWrappedSource"}}
{"type":"LOG","log":{"level":"INFO","message":"INFO i.a.w.i.DefaultAirbyteStreamFactory(internalLog):159 INFO i.a.i.s.p.PostgresSource(main):509 completed source: class io.airbyte.integrations.source.postgres.PostgresSource"}}
{"type":"LOG","log":{"level":"INFO","message":"INFO i.a.a.c.AirbyteApiClient(retryWithJitter):172 Attempt 0 to call to write discover schema result"}}
]]></system-out>
  <system-err><![CDATA[]]></system-err>
</testsuite>
