<?xml version="1.0" encoding="UTF-8"?>
<testsuite name="io.airbyte.integrations.io.airbyte.integration_tests.sources.PostgresSourceSSLFullCertificateAcceptanceTest" tests="8" skipped="0" failures="0" errors="0" timestamp="2023-05-20T14:20:05" hostname="MacBook-Pro-3" time="837.079">
  <properties/>
  <testcase name="testIdenticalFullRefreshes()" classname="io.airbyte.integrations.io.airbyte.integration_tests.sources.PostgresSourceSSLFullCertificateAcceptanceTest" time="280.751"/>
  <testcase name="testEntrypointEnvVar()" classname="io.airbyte.integrations.io.airbyte.integration_tests.sources.PostgresSourceSSLFullCertificateAcceptanceTest" time="46.961"/>
  <testcase name="testIncrementalSyncWithState()" classname="io.airbyte.integrations.io.airbyte.integration_tests.sources.PostgresSourceSSLFullCertificateAcceptanceTest" time="144.104"/>
  <testcase name="testEmptyStateIncrementalIdenticalToFullRefresh()" classname="io.airbyte.integrations.io.airbyte.integration_tests.sources.PostgresSourceSSLFullCertificateAcceptanceTest" time="104.786"/>
  <testcase name="testGetSpec()" classname="io.airbyte.integrations.io.airbyte.integration_tests.sources.PostgresSourceSSLFullCertificateAcceptanceTest" time="74.823"/>
  <testcase name="testFullRefreshRead()" classname="io.airbyte.integrations.io.airbyte.integration_tests.sources.PostgresSourceSSLFullCertificateAcceptanceTest" time="62.834"/>
  <testcase name="testCheckConnection()" classname="io.airbyte.integrations.io.airbyte.integration_tests.sources.PostgresSourceSSLFullCertificateAcceptanceTest" time="70.641"/>
  <testcase name="testDiscover()" classname="io.airbyte.integrations.io.airbyte.integration_tests.sources.PostgresSourceSSLFullCertificateAcceptanceTest" time="52.146"/>
  <system-out><![CDATA[{"type":"LOG","log":{"level":"INFO","message":"INFO o.t.u.ImageNameSubstitutor(instance):55 Image name substitution will be performed by: DefaultImageNameSubstitutor (composite of 'ConfigurationFileImageNameSubstitutor' and 'PrefixingImageNameSubstitutor')"}}
{"type":"LOG","log":{"level":"INFO","message":"INFO o.t.d.DockerClientProviderStrategy(lambda$loadConfiguredStrategy$9):362 Loaded org.testcontainers.dockerclient.UnixSocketClientProviderStrategy from ~/.testcontainers.properties, will try it first"}}
{"type":"LOG","log":{"level":"INFO","message":"INFO o.t.d.DockerClientProviderStrategy(tryOutStrategy):272 Found Docker environment with local Unix socket (unix:///var/run/docker.sock)"}}
{"type":"LOG","log":{"level":"INFO","message":"INFO o.t.DockerClientFactory(client):198 Docker host IP address is localhost"}}
{"type":"LOG","log":{"level":"INFO","message":"INFO o.t.DockerClientFactory(client):205 Connected to docker: \n  Server Version: 20.10.12\n  API Version: 1.41\n  Operating System: Docker Desktop\n  Total Memory: 1985 MB"}}
{"type":"LOG","log":{"level":"INFO","message":"INFO o.t.c.GenericContainer(tryStart):376 Creating container for image: testcontainers/ryuk:0.3.4"}}
{"type":"LOG","log":{"level":"INFO","message":"INFO o.t.c.GenericContainer(tryStart):440 Container testcontainers/ryuk:0.3.4 is starting: 0c13a97416e31dd48ed77078782c5a39259360f07e81d64587fdb52b8e0d4bc8"}}
{"type":"LOG","log":{"level":"INFO","message":"INFO o.t.c.GenericContainer(tryStart):520 Container testcontainers/ryuk:0.3.4 started in PT6.144045S"}}
{"type":"LOG","log":{"level":"INFO","message":"INFO o.t.u.RyukResourceReaper(init):43 Ryuk started - will monitor and terminate Testcontainers containers on JVM exit"}}
{"type":"LOG","log":{"level":"INFO","message":"INFO o.t.DockerClientFactory(client):235 Checking the system..."}}
{"type":"LOG","log":{"level":"INFO","message":"INFO o.t.DockerClientFactory(check):256 ✔︎ Docker server version should be at least 1.6.0"}}
{"type":"LOG","log":{"level":"INFO","message":"INFO o.t.c.GenericContainer(tryStart):376 Creating container for image: postgres:bullseye"}}
{"type":"LOG","log":{"level":"INFO","message":"INFO o.t.c.GenericContainer(tryStart):440 Container postgres:bullseye is starting: b41e862de0768c4e483bd84da73133afbdded0e0db3b9c186027e116ec18cf31"}}
{"type":"LOG","log":{"level":"INFO","message":"INFO o.t.c.GenericContainer(tryStart):520 Container postgres:bullseye started in PT15.95923S"}}
{"type":"LOG","log":{"level":"INFO","message":"INFO c.z.h.HikariDataSource(<init>):80 HikariPool-1 - Starting..."}}
{"type":"LOG","log":{"level":"INFO","message":"INFO c.z.h.HikariDataSource(<init>):82 HikariPool-1 - Start completed."}}
{"type":"LOG","log":{"level":"INFO","message":"INFO o.j.t.JooqLogger(info):312 \n                                      \n@@@@@@@@@@@@@@@@@@@@@@@@@@@@@@@@@@@@@@\n@@@@@@@@@@@@@@@@@@@@@@@@@@@@@@@@@@@@@@\n@@@@@@@@@@@@@@@@  @@        @@@@@@@@@@\n@@@@@@@@@@@@@@@@@@@@        @@@@@@@@@@\n@@@@@@@@@@@@@@@@  @@  @@    @@@@@@@@@@\n@@@@@@@@@@  @@@@  @@  @@    @@@@@@@@@@\n@@@@@@@@@@        @@        @@@@@@@@@@\n@@@@@@@@@@@@@@@@@@@@@@@@@@@@@@@@@@@@@@\n@@@@@@@@@@@@@@@@@@@@@@@@@@@@@@@@@@@@@@\n@@@@@@@@@@        @@        @@@@@@@@@@\n@@@@@@@@@@    @@  @@  @@@@  @@@@@@@@@@\n@@@@@@@@@@    @@  @@  @@@@  @@@@@@@@@@\n@@@@@@@@@@        @@  @  @  @@@@@@@@@@\n@@@@@@@@@@        @@        @@@@@@@@@@\n@@@@@@@@@@@@@@@@@@@@@@@  @@@@@@@@@@@@@\n@@@@@@@@@@@@@@@@@@@@@@@@@@@@@@@@@@@@@@\n@@@@@@@@@@@@@@@@@@@@@@@@@@@@@@@@@@@@@@  Thank you for using jOOQ 3.13.4\n                                      "}}
{"type":"LOG","log":{"level":"INFO","message":"INFO i.a.i.s.s.TestEnvConfigs(getEnvOrDefault):119 Using default value for environment variable WORKER_ENVIRONMENT: 'DOCKER'"}}
{"type":"LOG","log":{"level":"INFO","message":"INFO i.a.i.s.s.TestEnvConfigs(getEnvOrDefault):119 Using default value for environment variable DEPLOYMENT_MODE: 'OSS'"}}
{"type":"LOG","log":{"level":"INFO","message":"INFO i.a.c.i.LineGobbler(voidCall):114 Checking if airbyte/source-postgres:dev exists..."}}
{"type":"LOG","log":{"level":"INFO","message":"INFO i.a.c.i.LineGobbler(voidCall):114 airbyte/source-postgres:dev was found locally."}}
{"type":"LOG","log":{"level":"INFO","message":"INFO i.a.w.p.DockerProcessFactory(create):126 Creating docker container = source-postgres-read-0-0-tbahp with resources null and allowedHosts null"}}
{"type":"LOG","log":{"level":"INFO","message":"INFO i.a.w.p.DockerProcessFactory(create):171 Preparing command: docker run --rm --init -i -w /data/job --log-driver none --name source-postgres-read-0-0-tbahp --network host -v /tmp/airbyte_tests/test10471906921740821560:/data -v /tmp/airbyte_tests/output4153464502587155242:/local -e DEPLOYMENT_MODE=OSS -e USE_STREAM_CAPABLE_STATE=true -e FIELD_SELECTION_WORKSPACES= -e WORKER_ENVIRONMENT=DOCKER -e AIRBYTE_ROLE= -e APPLY_FIELD_SELECTION=false -e WORKER_CONNECTOR_IMAGE=airbyte/source-postgres:dev -e WORKER_JOB_ATTEMPT=0 -e AUTO_DETECT_SCHEMA=true -e AIRBYTE_VERSION= -e WORKER_JOB_ID=0 airbyte/source-postgres:dev read --config source_config.json --catalog source_catalog.json"}}
{"type":"LOG","log":{"level":"INFO","message":"INFO i.a.w.i.DefaultAirbyteStreamFactory(internalLog):159 INFO i.a.i.s.p.PostgresSource(main):507 starting source: class io.airbyte.integrations.source.postgres.PostgresSource"}}
{"type":"LOG","log":{"level":"INFO","message":"INFO i.a.w.i.DefaultAirbyteStreamFactory(internalLog):159 INFO i.a.i.b.IntegrationCliParser(parseOptions):126 integration args: {read=null, catalog=source_catalog.json, config=source_config.json}"}}
{"type":"LOG","log":{"level":"INFO","message":"INFO i.a.w.i.DefaultAirbyteStreamFactory(internalLog):159 INFO i.a.i.b.IntegrationRunner(runInternal):108 Running integration: io.airbyte.integrations.base.ssh.SshWrappedSource"}}
{"type":"LOG","log":{"level":"INFO","message":"INFO i.a.w.i.DefaultAirbyteStreamFactory(internalLog):159 INFO i.a.i.b.IntegrationRunner(runInternal):109 Command: READ"}}
{"type":"LOG","log":{"level":"INFO","message":"INFO i.a.w.i.DefaultAirbyteStreamFactory(internalLog):159 INFO i.a.i.b.IntegrationRunner(runInternal):110 Integration config: IntegrationConfig{command=READ, configPath='source_config.json', catalogPath='source_catalog.json', statePath='null'}"}}
{"type":"LOG","log":{"level":"WARN","message":"WARN i.a.w.i.DefaultAirbyteStreamFactory(internalLog):156 WARN c.n.s.JsonMetaSchema(newValidator):278 Unknown keyword groups - you should define your own Meta Schema. If the keyword is irrelevant for validation, just use a NonValidationKeyword"}}
{"type":"LOG","log":{"level":"WARN","message":"WARN i.a.w.i.DefaultAirbyteStreamFactory(internalLog):156 WARN c.n.s.JsonMetaSchema(newValidator):278 Unknown keyword order - you should define your own Meta Schema. If the keyword is irrelevant for validation, just use a NonValidationKeyword"}}
{"type":"LOG","log":{"level":"WARN","message":"WARN i.a.w.i.DefaultAirbyteStreamFactory(internalLog):156 WARN c.n.s.JsonMetaSchema(newValidator):278 Unknown keyword group - you should define your own Meta Schema. If the keyword is irrelevant for validation, just use a NonValidationKeyword"}}
{"type":"LOG","log":{"level":"WARN","message":"WARN i.a.w.i.DefaultAirbyteStreamFactory(internalLog):156 WARN c.n.s.JsonMetaSchema(newValidator):278 Unknown keyword airbyte_secret - you should define your own Meta Schema. If the keyword is irrelevant for validation, just use a NonValidationKeyword"}}
{"type":"LOG","log":{"level":"WARN","message":"WARN i.a.w.i.DefaultAirbyteStreamFactory(internalLog):156 WARN c.n.s.JsonMetaSchema(newValidator):278 Unknown keyword always_show - you should define your own Meta Schema. If the keyword is irrelevant for validation, just use a NonValidationKeyword"}}
{"type":"LOG","log":{"level":"WARN","message":"WARN i.a.w.i.DefaultAirbyteStreamFactory(internalLog):156 WARN c.n.s.JsonMetaSchema(newValidator):278 Unknown keyword multiline - you should define your own Meta Schema. If the keyword is irrelevant for validation, just use a NonValidationKeyword"}}
{"type":"LOG","log":{"level":"INFO","message":"INFO i.a.w.i.DefaultAirbyteStreamFactory(internalLog):159 INFO i.a.i.b.s.SshTunnel(getInstance):204 Starting connection with method: NO_TUNNEL"}}
{"type":"LOG","log":{"level":"INFO","message":"INFO i.a.w.i.DefaultAirbyteStreamFactory(internalLog):159 INFO i.a.i.s.p.PostgresUtils(isCdc):53 using CDC: false"}}
{"type":"LOG","log":{"level":"INFO","message":"INFO i.a.w.i.DefaultAirbyteStreamFactory(internalLog):159 INFO i.a.i.s.r.s.StateManagerFactory(createStateManager):55 Stream state manager selected to manage state object with type STREAM."}}
{"type":"LOG","log":{"level":"INFO","message":"INFO i.a.w.i.DefaultAirbyteStreamFactory(internalLog):159 INFO i.a.i.s.r.s.CursorManager(createCursorInfoForStream):182 No cursor field set in catalog but not present in state. Stream: public_testview, New Cursor Field: id. Resetting cursor value"}}
{"type":"LOG","log":{"level":"INFO","message":"INFO i.a.w.i.DefaultAirbyteStreamFactory(internalLog):159 INFO i.a.i.s.r.s.CursorManager(createCursorInfoForStream):182 No cursor field set in catalog but not present in state. Stream: public_id_and_name, New Cursor Field: id. Resetting cursor value"}}
{"type":"LOG","log":{"level":"INFO","message":"INFO i.a.w.i.DefaultAirbyteStreamFactory(internalLog):159 INFO i.a.i.s.r.s.CursorManager(createCursorInfoForStream):182 No cursor field set in catalog but not present in state. Stream: public_starships, New Cursor Field: id. Resetting cursor value"}}
{"type":"LOG","log":{"level":"INFO","message":"INFO i.a.w.i.DefaultAirbyteStreamFactory(internalLog):159 INFO i.a.i.s.p.PostgresSource(toSslJdbcParamInternal):544 VERIFY_CA toSslJdbcParam verify-ca"}}
{"type":"LOG","log":{"level":"INFO","message":"INFO i.a.w.i.DefaultAirbyteStreamFactory(internalLog):159 INFO c.z.h.HikariDataSource(<init>):80 HikariPool-1 - Starting..."}}
{"type":"LOG","log":{"level":"INFO","message":"INFO i.a.w.i.DefaultAirbyteStreamFactory(internalLog):159 INFO c.z.h.HikariDataSource(<init>):82 HikariPool-1 - Start completed."}}
{"type":"LOG","log":{"level":"INFO","message":"INFO i.a.w.i.DefaultAirbyteStreamFactory(internalLog):159 INFO i.a.i.s.p.PostgresUtils(isCdc):53 using CDC: false"}}
{"type":"LOG","log":{"level":"INFO","message":"INFO i.a.w.i.DefaultAirbyteStreamFactory(internalLog):159 INFO i.a.i.s.j.AbstractJdbcSource(logPreSyncDebugData):450 Data source product recognized as PostgreSQL:15.3 (Debian 15.3-1.pgdg110+1)"}}
{"type":"LOG","log":{"level":"INFO","message":"INFO i.a.w.i.DefaultAirbyteStreamFactory(internalLog):159 INFO i.a.i.s.p.PostgresSource(logPreSyncDebugData):221 Discovering indexes for schema \"public\", table \"id_and_name\""}}
{"type":"LOG","log":{"level":"INFO","message":"INFO i.a.w.i.DefaultAirbyteStreamFactory(internalLog):159 INFO i.a.i.s.p.PostgresSource(logPreSyncDebugData):221 Discovering indexes for schema \"public\", table \"starships\""}}
{"type":"LOG","log":{"level":"INFO","message":"INFO i.a.w.i.DefaultAirbyteStreamFactory(internalLog):159 INFO i.a.i.s.p.PostgresSource(logPreSyncDebugData):221 Discovering indexes for schema \"public\", table \"testview\""}}
{"type":"LOG","log":{"level":"INFO","message":"INFO i.a.w.i.DefaultAirbyteStreamFactory(internalLog):159 INFO i.a.i.s.p.PostgresQueryUtils(logXminStatus):77 Xmin Status : {Number of wraparounds: 0, Xmin Transaction Value: 745, Xmin Raw Value: 745"}}
{"type":"LOG","log":{"level":"INFO","message":"INFO i.a.w.i.DefaultAirbyteStreamFactory(internalLog):159 INFO i.a.i.s.j.AbstractJdbcSource(discoverInternal):166 Internal schemas to exclude: [catalog_history, information_schema, pg_catalog, pg_internal]"}}
{"type":"LOG","log":{"level":"INFO","message":"INFO i.a.w.i.DefaultAirbyteStreamFactory(internalLog):159 INFO i.a.d.j.s.AdaptiveStreamingQueryConfig(initialize):31 Set initial fetch size: 10 rows"}}
{"type":"LOG","log":{"level":"WARN","message":"WARN i.a.w.i.DefaultAirbyteStreamFactory(internalLog):156 WARN i.a.i.s.r.DbSourceDiscoverUtil(logSourceSchemaChange):82 Source schema changed for table public.id_and_name! Potential mismatches: [id]. Actual schema: {\"type\":\"object\",\"properties\":{\"name\":{\"type\":\"string\"},\"id\":{\"type\":\"number\",\"airbyte_type\":\"integer\"}}}. Catalog schema: {\"type\":\"object\",\"properties\":{\"name\":{\"type\":\"string\"},\"id\":{\"type\":\"number\"}}}"}}
{"type":"LOG","log":{"level":"WARN","message":"WARN i.a.w.i.DefaultAirbyteStreamFactory(internalLog):156 WARN i.a.i.s.r.DbSourceDiscoverUtil(logSourceSchemaChange):82 Source schema changed for table public.starships! Potential mismatches: [id]. Actual schema: {\"type\":\"object\",\"properties\":{\"name\":{\"type\":\"string\"},\"id\":{\"type\":\"number\",\"airbyte_type\":\"integer\"}}}. Catalog schema: {\"type\":\"object\",\"properties\":{\"name\":{\"type\":\"string\"},\"id\":{\"type\":\"number\"}}}"}}
{"type":"LOG","log":{"level":"WARN","message":"WARN i.a.w.i.DefaultAirbyteStreamFactory(internalLog):156 WARN i.a.i.s.r.DbSourceDiscoverUtil(logSourceSchemaChange):82 Source schema changed for table public.testview! Potential mismatches: [id]. Actual schema: {\"type\":\"object\",\"properties\":{\"name\":{\"type\":\"string\"},\"id\":{\"type\":\"number\",\"airbyte_type\":\"integer\"}}}. Catalog schema: {\"type\":\"object\",\"properties\":{\"name\":{\"type\":\"string\"},\"id\":{\"type\":\"number\"}}}"}}
{"type":"LOG","log":{"level":"INFO","message":"INFO i.a.w.i.DefaultAirbyteStreamFactory(internalLog):159 INFO i.a.i.s.p.PostgresUtils(isCdc):53 using CDC: false"}}
{"type":"LOG","log":{"level":"INFO","message":"INFO i.a.w.i.DefaultAirbyteStreamFactory(internalLog):159 INFO i.a.i.s.j.AbstractJdbcSource(queryTableFullRefresh):112 Queueing query for table: id_and_name"}}
{"type":"LOG","log":{"level":"INFO","message":"INFO i.a.w.i.DefaultAirbyteStreamFactory(internalLog):159 INFO i.a.i.s.j.AbstractJdbcSource(queryTableFullRefresh):112 Queueing query for table: starships"}}
{"type":"LOG","log":{"level":"INFO","message":"INFO i.a.w.i.DefaultAirbyteStreamFactory(internalLog):159 INFO i.a.i.s.j.AbstractJdbcSource(queryTableFullRefresh):112 Queueing query for table: testview"}}
{"type":"LOG","log":{"level":"INFO","message":"INFO i.a.w.i.DefaultAirbyteStreamFactory(internalLog):159 INFO i.a.i.s.r.RelationalDbQueryUtils(lambda$queryTable$0):73 Queueing query: SELECT \"id\",\"name\" FROM \"public\".\"id_and_name\""}}
{"type":"LOG","log":{"level":"INFO","message":"INFO i.a.w.i.DefaultAirbyteStreamFactory(internalLog):159 INFO i.a.d.j.s.AdaptiveStreamingQueryConfig(initialize):31 Set initial fetch size: 10 rows"}}
{"type":"LOG","log":{"level":"INFO","message":"INFO i.a.w.i.DefaultAirbyteStreamFactory(internalLog):159 INFO i.a.c.u.CompositeIterator(lambda$emitStartStreamStatus$1):155 STARTING -> public_id_and_name"}}
{"type":"LOG","log":{"level":"INFO","message":"INFO i.a.w.i.DefaultAirbyteStreamFactory(internalLog):159 INFO i.a.c.u.CompositeIterator(lambda$emitRunningStreamStatus$0):148 RUNNING -> public_id_and_name"}}
{"type":"LOG","log":{"level":"WARN","message":"WARN c.n.s.JsonMetaSchema(newValidator):278 Unknown keyword existingJavaType - you should define your own Meta Schema. If the keyword is irrelevant for validation, just use a NonValidationKeyword"}}
{"type":"LOG","log":{"level":"INFO","message":"INFO i.a.w.i.DefaultAirbyteStreamFactory(internalLog):159 INFO i.a.c.u.CompositeIterator(lambda$emitCompleteStreamStatus$2):162 COMPLETE -> public_id_and_name"}}
{"type":"LOG","log":{"level":"INFO","message":"INFO i.a.w.i.DefaultAirbyteStreamFactory(internalLog):159 INFO i.a.c.u.CompositeIterator(lambda$emitStartStreamStatus$1):155 STARTING -> public_starships"}}
{"type":"LOG","log":{"level":"INFO","message":"INFO i.a.w.i.DefaultAirbyteStreamFactory(internalLog):159 INFO i.a.i.s.r.RelationalDbQueryUtils(lambda$queryTable$0):73 Queueing query: SELECT \"id\",\"name\" FROM \"public\".\"starships\""}}
{"type":"LOG","log":{"level":"INFO","message":"INFO i.a.w.i.DefaultAirbyteStreamFactory(internalLog):159 INFO i.a.d.j.s.AdaptiveStreamingQueryConfig(initialize):31 Set initial fetch size: 10 rows"}}
{"type":"LOG","log":{"level":"INFO","message":"INFO i.a.w.i.DefaultAirbyteStreamFactory(internalLog):159 INFO i.a.c.u.CompositeIterator(lambda$emitRunningStreamStatus$0):148 RUNNING -> public_starships"}}
{"type":"LOG","log":{"level":"INFO","message":"INFO i.a.w.i.DefaultAirbyteStreamFactory(internalLog):159 INFO i.a.c.u.CompositeIterator(lambda$emitCompleteStreamStatus$2):162 COMPLETE -> public_starships"}}
{"type":"LOG","log":{"level":"INFO","message":"INFO i.a.w.i.DefaultAirbyteStreamFactory(internalLog):159 INFO i.a.c.u.CompositeIterator(lambda$emitStartStreamStatus$1):155 STARTING -> public_testview"}}
{"type":"LOG","log":{"level":"INFO","message":"INFO i.a.w.i.DefaultAirbyteStreamFactory(internalLog):159 INFO i.a.i.s.r.RelationalDbQueryUtils(lambda$queryTable$0):73 Queueing query: SELECT \"id\",\"name\" FROM \"public\".\"testview\""}}
{"type":"LOG","log":{"level":"INFO","message":"INFO i.a.w.i.DefaultAirbyteStreamFactory(internalLog):159 INFO i.a.d.j.s.AdaptiveStreamingQueryConfig(initialize):31 Set initial fetch size: 10 rows"}}
{"type":"LOG","log":{"level":"INFO","message":"INFO i.a.w.i.DefaultAirbyteStreamFactory(internalLog):159 INFO i.a.c.u.CompositeIterator(lambda$emitRunningStreamStatus$0):148 RUNNING -> public_testview"}}
{"type":"LOG","log":{"level":"INFO","message":"INFO i.a.w.i.DefaultAirbyteStreamFactory(internalLog):159 INFO i.a.c.u.CompositeIterator(lambda$emitCompleteStreamStatus$2):162 COMPLETE -> public_testview"}}
{"type":"LOG","log":{"level":"INFO","message":"INFO i.a.w.i.DefaultAirbyteStreamFactory(internalLog):159 INFO i.a.i.s.r.AbstractDbSource(lambda$read$1):173 Closing database connection pool."}}
{"type":"LOG","log":{"level":"INFO","message":"INFO i.a.w.i.DefaultAirbyteStreamFactory(internalLog):159 INFO c.z.h.HikariDataSource(close):350 HikariPool-1 - Shutdown initiated..."}}
{"type":"LOG","log":{"level":"INFO","message":"INFO i.a.w.i.DefaultAirbyteStreamFactory(internalLog):159 INFO c.z.h.HikariDataSource(close):352 HikariPool-1 - Shutdown completed."}}
{"type":"LOG","log":{"level":"INFO","message":"INFO i.a.w.i.DefaultAirbyteStreamFactory(internalLog):159 INFO i.a.i.s.r.AbstractDbSource(lambda$read$1):175 Closed database connection pool."}}
{"type":"LOG","log":{"level":"INFO","message":"INFO i.a.w.i.DefaultAirbyteStreamFactory(internalLog):159 INFO i.a.i.b.IntegrationRunner(runInternal):186 Completed integration: io.airbyte.integrations.base.ssh.SshWrappedSource"}}
{"type":"LOG","log":{"level":"INFO","message":"INFO i.a.w.i.DefaultAirbyteStreamFactory(internalLog):159 INFO i.a.i.s.p.PostgresSource(main):509 completed source: class io.airbyte.integrations.source.postgres.PostgresSource"}}
{"type":"LOG","log":{"level":"INFO","message":"INFO i.a.c.i.LineGobbler(voidCall):114 Checking if airbyte/source-postgres:dev exists..."}}
{"type":"LOG","log":{"level":"INFO","message":"INFO i.a.c.i.LineGobbler(voidCall):114 airbyte/source-postgres:dev was found locally."}}
{"type":"LOG","log":{"level":"INFO","message":"INFO i.a.w.p.DockerProcessFactory(create):126 Creating docker container = source-postgres-read-0-0-ydldf with resources null and allowedHosts null"}}
{"type":"LOG","log":{"level":"INFO","message":"INFO i.a.w.p.DockerProcessFactory(create):171 Preparing command: docker run --rm --init -i -w /data/job --log-driver none --name source-postgres-read-0-0-ydldf --network host -v /tmp/airbyte_tests/test10471906921740821560:/data -v /tmp/airbyte_tests/output4153464502587155242:/local -e DEPLOYMENT_MODE=OSS -e USE_STREAM_CAPABLE_STATE=true -e FIELD_SELECTION_WORKSPACES= -e WORKER_ENVIRONMENT=DOCKER -e AIRBYTE_ROLE= -e APPLY_FIELD_SELECTION=false -e WORKER_CONNECTOR_IMAGE=airbyte/source-postgres:dev -e WORKER_JOB_ATTEMPT=0 -e AUTO_DETECT_SCHEMA=true -e AIRBYTE_VERSION= -e WORKER_JOB_ID=0 airbyte/source-postgres:dev read --config source_config.json --catalog source_catalog.json"}}
{"type":"LOG","log":{"level":"INFO","message":"INFO i.a.w.i.DefaultAirbyteStreamFactory(internalLog):159 INFO i.a.i.s.p.PostgresSource(main):507 starting source: class io.airbyte.integrations.source.postgres.PostgresSource"}}
{"type":"LOG","log":{"level":"INFO","message":"INFO i.a.w.i.DefaultAirbyteStreamFactory(internalLog):159 INFO i.a.i.b.IntegrationCliParser(parseOptions):126 integration args: {read=null, catalog=source_catalog.json, config=source_config.json}"}}
{"type":"LOG","log":{"level":"INFO","message":"INFO i.a.w.i.DefaultAirbyteStreamFactory(internalLog):159 INFO i.a.i.b.IntegrationRunner(runInternal):108 Running integration: io.airbyte.integrations.base.ssh.SshWrappedSource"}}
{"type":"LOG","log":{"level":"INFO","message":"INFO i.a.w.i.DefaultAirbyteStreamFactory(internalLog):159 INFO i.a.i.b.IntegrationRunner(runInternal):109 Command: READ"}}
{"type":"LOG","log":{"level":"INFO","message":"INFO i.a.w.i.DefaultAirbyteStreamFactory(internalLog):159 INFO i.a.i.b.IntegrationRunner(runInternal):110 Integration config: IntegrationConfig{command=READ, configPath='source_config.json', catalogPath='source_catalog.json', statePath='null'}"}}
{"type":"LOG","log":{"level":"WARN","message":"WARN i.a.w.i.DefaultAirbyteStreamFactory(internalLog):156 WARN c.n.s.JsonMetaSchema(newValidator):278 Unknown keyword groups - you should define your own Meta Schema. If the keyword is irrelevant for validation, just use a NonValidationKeyword"}}
{"type":"LOG","log":{"level":"WARN","message":"WARN i.a.w.i.DefaultAirbyteStreamFactory(internalLog):156 WARN c.n.s.JsonMetaSchema(newValidator):278 Unknown keyword order - you should define your own Meta Schema. If the keyword is irrelevant for validation, just use a NonValidationKeyword"}}
{"type":"LOG","log":{"level":"WARN","message":"WARN i.a.w.i.DefaultAirbyteStreamFactory(internalLog):156 WARN c.n.s.JsonMetaSchema(newValidator):278 Unknown keyword group - you should define your own Meta Schema. If the keyword is irrelevant for validation, just use a NonValidationKeyword"}}
{"type":"LOG","log":{"level":"WARN","message":"WARN i.a.w.i.DefaultAirbyteStreamFactory(internalLog):156 WARN c.n.s.JsonMetaSchema(newValidator):278 Unknown keyword airbyte_secret - you should define your own Meta Schema. If the keyword is irrelevant for validation, just use a NonValidationKeyword"}}
{"type":"LOG","log":{"level":"WARN","message":"WARN i.a.w.i.DefaultAirbyteStreamFactory(internalLog):156 WARN c.n.s.JsonMetaSchema(newValidator):278 Unknown keyword always_show - you should define your own Meta Schema. If the keyword is irrelevant for validation, just use a NonValidationKeyword"}}
{"type":"LOG","log":{"level":"WARN","message":"WARN i.a.w.i.DefaultAirbyteStreamFactory(internalLog):156 WARN c.n.s.JsonMetaSchema(newValidator):278 Unknown keyword multiline - you should define your own Meta Schema. If the keyword is irrelevant for validation, just use a NonValidationKeyword"}}
{"type":"LOG","log":{"level":"INFO","message":"INFO i.a.w.i.DefaultAirbyteStreamFactory(internalLog):159 INFO i.a.i.b.s.SshTunnel(getInstance):204 Starting connection with method: NO_TUNNEL"}}
{"type":"LOG","log":{"level":"INFO","message":"INFO i.a.w.i.DefaultAirbyteStreamFactory(internalLog):159 INFO i.a.i.s.p.PostgresUtils(isCdc):53 using CDC: false"}}
{"type":"LOG","log":{"level":"INFO","message":"INFO i.a.w.i.DefaultAirbyteStreamFactory(internalLog):159 INFO i.a.i.s.r.s.StateManagerFactory(createStateManager):55 Stream state manager selected to manage state object with type STREAM."}}
{"type":"LOG","log":{"level":"INFO","message":"INFO i.a.w.i.DefaultAirbyteStreamFactory(internalLog):159 INFO i.a.i.s.r.s.CursorManager(createCursorInfoForStream):182 No cursor field set in catalog but not present in state. Stream: public_testview, New Cursor Field: id. Resetting cursor value"}}
{"type":"LOG","log":{"level":"INFO","message":"INFO i.a.w.i.DefaultAirbyteStreamFactory(internalLog):159 INFO i.a.i.s.r.s.CursorManager(createCursorInfoForStream):182 No cursor field set in catalog but not present in state. Stream: public_id_and_name, New Cursor Field: id. Resetting cursor value"}}
{"type":"LOG","log":{"level":"INFO","message":"INFO i.a.w.i.DefaultAirbyteStreamFactory(internalLog):159 INFO i.a.i.s.r.s.CursorManager(createCursorInfoForStream):182 No cursor field set in catalog but not present in state. Stream: public_starships, New Cursor Field: id. Resetting cursor value"}}
{"type":"LOG","log":{"level":"INFO","message":"INFO i.a.w.i.DefaultAirbyteStreamFactory(internalLog):159 INFO i.a.i.s.p.PostgresSource(toSslJdbcParamInternal):544 VERIFY_CA toSslJdbcParam verify-ca"}}
{"type":"LOG","log":{"level":"INFO","message":"INFO i.a.w.i.DefaultAirbyteStreamFactory(internalLog):159 INFO c.z.h.HikariDataSource(<init>):80 HikariPool-1 - Starting..."}}
{"type":"LOG","log":{"level":"INFO","message":"INFO i.a.w.i.DefaultAirbyteStreamFactory(internalLog):159 INFO c.z.h.HikariDataSource(<init>):82 HikariPool-1 - Start completed."}}
{"type":"LOG","log":{"level":"INFO","message":"INFO i.a.w.i.DefaultAirbyteStreamFactory(internalLog):159 INFO i.a.i.s.p.PostgresUtils(isCdc):53 using CDC: false"}}
{"type":"LOG","log":{"level":"INFO","message":"INFO i.a.w.i.DefaultAirbyteStreamFactory(internalLog):159 INFO i.a.i.s.j.AbstractJdbcSource(logPreSyncDebugData):450 Data source product recognized as PostgreSQL:15.3 (Debian 15.3-1.pgdg110+1)"}}
{"type":"LOG","log":{"level":"INFO","message":"INFO i.a.w.i.DefaultAirbyteStreamFactory(internalLog):159 INFO i.a.i.s.p.PostgresSource(logPreSyncDebugData):221 Discovering indexes for schema \"public\", table \"id_and_name\""}}
{"type":"LOG","log":{"level":"INFO","message":"INFO i.a.w.i.DefaultAirbyteStreamFactory(internalLog):159 INFO i.a.i.s.p.PostgresSource(logPreSyncDebugData):221 Discovering indexes for schema \"public\", table \"starships\""}}
{"type":"LOG","log":{"level":"INFO","message":"INFO i.a.w.i.DefaultAirbyteStreamFactory(internalLog):159 INFO i.a.i.s.p.PostgresSource(logPreSyncDebugData):221 Discovering indexes for schema \"public\", table \"testview\""}}
{"type":"LOG","log":{"level":"INFO","message":"INFO i.a.w.i.DefaultAirbyteStreamFactory(internalLog):159 INFO i.a.i.s.p.PostgresQueryUtils(logXminStatus):77 Xmin Status : {Number of wraparounds: 0, Xmin Transaction Value: 745, Xmin Raw Value: 745"}}
{"type":"LOG","log":{"level":"INFO","message":"INFO i.a.w.i.DefaultAirbyteStreamFactory(internalLog):159 INFO i.a.i.s.j.AbstractJdbcSource(discoverInternal):166 Internal schemas to exclude: [catalog_history, information_schema, pg_catalog, pg_internal]"}}
{"type":"LOG","log":{"level":"INFO","message":"INFO i.a.w.i.DefaultAirbyteStreamFactory(internalLog):159 INFO i.a.d.j.s.AdaptiveStreamingQueryConfig(initialize):31 Set initial fetch size: 10 rows"}}
{"type":"LOG","log":{"level":"WARN","message":"WARN i.a.w.i.DefaultAirbyteStreamFactory(internalLog):156 WARN i.a.i.s.r.DbSourceDiscoverUtil(logSourceSchemaChange):82 Source schema changed for table public.id_and_name! Potential mismatches: [id]. Actual schema: {\"type\":\"object\",\"properties\":{\"name\":{\"type\":\"string\"},\"id\":{\"type\":\"number\",\"airbyte_type\":\"integer\"}}}. Catalog schema: {\"type\":\"object\",\"properties\":{\"name\":{\"type\":\"string\"},\"id\":{\"type\":\"number\"}}}"}}
{"type":"LOG","log":{"level":"WARN","message":"WARN i.a.w.i.DefaultAirbyteStreamFactory(internalLog):156 WARN i.a.i.s.r.DbSourceDiscoverUtil(logSourceSchemaChange):82 Source schema changed for table public.starships! Potential mismatches: [id]. Actual schema: {\"type\":\"object\",\"properties\":{\"name\":{\"type\":\"string\"},\"id\":{\"type\":\"number\",\"airbyte_type\":\"integer\"}}}. Catalog schema: {\"type\":\"object\",\"properties\":{\"name\":{\"type\":\"string\"},\"id\":{\"type\":\"number\"}}}"}}
{"type":"LOG","log":{"level":"WARN","message":"WARN i.a.w.i.DefaultAirbyteStreamFactory(internalLog):156 WARN i.a.i.s.r.DbSourceDiscoverUtil(logSourceSchemaChange):82 Source schema changed for table public.testview! Potential mismatches: [id]. Actual schema: {\"type\":\"object\",\"properties\":{\"name\":{\"type\":\"string\"},\"id\":{\"type\":\"number\",\"airbyte_type\":\"integer\"}}}. Catalog schema: {\"type\":\"object\",\"properties\":{\"name\":{\"type\":\"string\"},\"id\":{\"type\":\"number\"}}}"}}
{"type":"LOG","log":{"level":"INFO","message":"INFO i.a.w.i.DefaultAirbyteStreamFactory(internalLog):159 INFO i.a.i.s.p.PostgresUtils(isCdc):53 using CDC: false"}}
{"type":"LOG","log":{"level":"INFO","message":"INFO i.a.w.i.DefaultAirbyteStreamFactory(internalLog):159 INFO i.a.i.s.j.AbstractJdbcSource(queryTableFullRefresh):112 Queueing query for table: id_and_name"}}
{"type":"LOG","log":{"level":"INFO","message":"INFO i.a.w.i.DefaultAirbyteStreamFactory(internalLog):159 INFO i.a.i.s.j.AbstractJdbcSource(queryTableFullRefresh):112 Queueing query for table: starships"}}
{"type":"LOG","log":{"level":"INFO","message":"INFO i.a.w.i.DefaultAirbyteStreamFactory(internalLog):159 INFO i.a.i.s.j.AbstractJdbcSource(queryTableFullRefresh):112 Queueing query for table: testview"}}
{"type":"LOG","log":{"level":"INFO","message":"INFO i.a.w.i.DefaultAirbyteStreamFactory(internalLog):159 INFO i.a.i.s.r.RelationalDbQueryUtils(lambda$queryTable$0):73 Queueing query: SELECT \"id\",\"name\" FROM \"public\".\"id_and_name\""}}
{"type":"LOG","log":{"level":"INFO","message":"INFO i.a.w.i.DefaultAirbyteStreamFactory(internalLog):159 INFO i.a.d.j.s.AdaptiveStreamingQueryConfig(initialize):31 Set initial fetch size: 10 rows"}}
{"type":"LOG","log":{"level":"INFO","message":"INFO i.a.w.i.DefaultAirbyteStreamFactory(internalLog):159 INFO i.a.c.u.CompositeIterator(lambda$emitStartStreamStatus$1):155 STARTING -> public_id_and_name"}}
{"type":"LOG","log":{"level":"INFO","message":"INFO i.a.w.i.DefaultAirbyteStreamFactory(internalLog):159 INFO i.a.c.u.CompositeIterator(lambda$emitRunningStreamStatus$0):148 RUNNING -> public_id_and_name"}}
{"type":"LOG","log":{"level":"INFO","message":"INFO i.a.w.i.DefaultAirbyteStreamFactory(internalLog):159 INFO i.a.c.u.CompositeIterator(lambda$emitCompleteStreamStatus$2):162 COMPLETE -> public_id_and_name"}}
{"type":"LOG","log":{"level":"INFO","message":"INFO i.a.w.i.DefaultAirbyteStreamFactory(internalLog):159 INFO i.a.c.u.CompositeIterator(lambda$emitStartStreamStatus$1):155 STARTING -> public_starships"}}
{"type":"LOG","log":{"level":"INFO","message":"INFO i.a.w.i.DefaultAirbyteStreamFactory(internalLog):159 INFO i.a.i.s.r.RelationalDbQueryUtils(lambda$queryTable$0):73 Queueing query: SELECT \"id\",\"name\" FROM \"public\".\"starships\""}}
{"type":"LOG","log":{"level":"INFO","message":"INFO i.a.w.i.DefaultAirbyteStreamFactory(internalLog):159 INFO i.a.d.j.s.AdaptiveStreamingQueryConfig(initialize):31 Set initial fetch size: 10 rows"}}
{"type":"LOG","log":{"level":"INFO","message":"INFO i.a.w.i.DefaultAirbyteStreamFactory(internalLog):159 INFO i.a.c.u.CompositeIterator(lambda$emitRunningStreamStatus$0):148 RUNNING -> public_starships"}}
{"type":"LOG","log":{"level":"INFO","message":"INFO i.a.w.i.DefaultAirbyteStreamFactory(internalLog):159 INFO i.a.c.u.CompositeIterator(lambda$emitCompleteStreamStatus$2):162 COMPLETE -> public_starships"}}
{"type":"LOG","log":{"level":"INFO","message":"INFO i.a.w.i.DefaultAirbyteStreamFactory(internalLog):159 INFO i.a.c.u.CompositeIterator(lambda$emitStartStreamStatus$1):155 STARTING -> public_testview"}}
{"type":"LOG","log":{"level":"INFO","message":"INFO i.a.w.i.DefaultAirbyteStreamFactory(internalLog):159 INFO i.a.i.s.r.RelationalDbQueryUtils(lambda$queryTable$0):73 Queueing query: SELECT \"id\",\"name\" FROM \"public\".\"testview\""}}
{"type":"LOG","log":{"level":"INFO","message":"INFO i.a.w.i.DefaultAirbyteStreamFactory(internalLog):159 INFO i.a.d.j.s.AdaptiveStreamingQueryConfig(initialize):31 Set initial fetch size: 10 rows"}}
{"type":"LOG","log":{"level":"INFO","message":"INFO i.a.w.i.DefaultAirbyteStreamFactory(internalLog):159 INFO i.a.c.u.CompositeIterator(lambda$emitRunningStreamStatus$0):148 RUNNING -> public_testview"}}
{"type":"LOG","log":{"level":"INFO","message":"INFO i.a.w.i.DefaultAirbyteStreamFactory(internalLog):159 INFO i.a.c.u.CompositeIterator(lambda$emitCompleteStreamStatus$2):162 COMPLETE -> public_testview"}}
{"type":"LOG","log":{"level":"INFO","message":"INFO i.a.w.i.DefaultAirbyteStreamFactory(internalLog):159 INFO i.a.i.s.r.AbstractDbSource(lambda$read$1):173 Closing database connection pool."}}
{"type":"LOG","log":{"level":"INFO","message":"INFO i.a.w.i.DefaultAirbyteStreamFactory(internalLog):159 INFO c.z.h.HikariDataSource(close):350 HikariPool-1 - Shutdown initiated..."}}
{"type":"LOG","log":{"level":"INFO","message":"INFO i.a.w.i.DefaultAirbyteStreamFactory(internalLog):159 INFO c.z.h.HikariDataSource(close):352 HikariPool-1 - Shutdown completed."}}
{"type":"LOG","log":{"level":"INFO","message":"INFO i.a.w.i.DefaultAirbyteStreamFactory(internalLog):159 INFO i.a.i.s.r.AbstractDbSource(lambda$read$1):175 Closed database connection pool."}}
{"type":"LOG","log":{"level":"INFO","message":"INFO i.a.w.i.DefaultAirbyteStreamFactory(internalLog):159 INFO i.a.i.b.IntegrationRunner(runInternal):186 Completed integration: io.airbyte.integrations.base.ssh.SshWrappedSource"}}
{"type":"LOG","log":{"level":"INFO","message":"INFO i.a.w.i.DefaultAirbyteStreamFactory(internalLog):159 INFO i.a.i.s.p.PostgresSource(main):509 completed source: class io.airbyte.integrations.source.postgres.PostgresSource"}}
{"type":"LOG","log":{"level":"INFO","message":"INFO o.t.c.GenericContainer(tryStart):376 Creating container for image: postgres:bullseye"}}
{"type":"LOG","log":{"level":"INFO","message":"INFO o.t.c.GenericContainer(tryStart):440 Container postgres:bullseye is starting: 8506491bb6432c9a02abac50ad4f8390d055415f53ae8ebc1f74d5d7d6d3c3fa"}}
{"type":"LOG","log":{"level":"INFO","message":"INFO o.t.c.GenericContainer(tryStart):520 Container postgres:bullseye started in PT24.986028S"}}
{"type":"LOG","log":{"level":"INFO","message":"INFO c.z.h.HikariDataSource(<init>):80 HikariPool-2 - Starting..."}}
{"type":"LOG","log":{"level":"INFO","message":"INFO c.z.h.HikariDataSource(<init>):82 HikariPool-2 - Start completed."}}
{"type":"LOG","log":{"level":"INFO","message":"INFO i.a.i.s.s.TestEnvConfigs(getEnvOrDefault):119 Using default value for environment variable WORKER_ENVIRONMENT: 'DOCKER'"}}
{"type":"LOG","log":{"level":"INFO","message":"INFO i.a.i.s.s.TestEnvConfigs(getEnvOrDefault):119 Using default value for environment variable DEPLOYMENT_MODE: 'OSS'"}}
{"type":"LOG","log":{"level":"INFO","message":"INFO i.a.c.i.LineGobbler(voidCall):114 Checking if airbyte/source-postgres:dev exists..."}}
{"type":"LOG","log":{"level":"INFO","message":"INFO i.a.c.i.LineGobbler(voidCall):114 airbyte/source-postgres:dev was found locally."}}
{"type":"LOG","log":{"level":"INFO","message":"INFO i.a.w.p.DockerProcessFactory(create):126 Creating docker container = source-postgres-entrypoint-checker-0-0-smljg with resources null and allowedHosts null"}}
{"type":"LOG","log":{"level":"INFO","message":"INFO i.a.w.p.DockerProcessFactory(create):171 Preparing command: docker run --rm --init -i -w /data/job --log-driver none --name source-postgres-entrypoint-checker-0-0-smljg --network host -v /tmp/airbyte_tests/test17709452606303626290:/data -v /tmp/airbyte_tests/output13688597109402220736:/local -e DEPLOYMENT_MODE=OSS -e WORKER_ENVIRONMENT=DOCKER -e AIRBYTE_ROLE= -e AIRBYTE_VERSION= --entrypoint printenv airbyte/source-postgres:dev"}}
{"type":"LOG","log":{"level":"INFO","message":"INFO o.t.c.GenericContainer(tryStart):376 Creating container for image: postgres:bullseye"}}
{"type":"LOG","log":{"level":"INFO","message":"INFO o.t.c.GenericContainer(tryStart):440 Container postgres:bullseye is starting: 4b1915b7ce21f371d8434db2373974c844b0d9a88a72c782298a3ec5f84675c3"}}
{"type":"LOG","log":{"level":"INFO","message":"INFO o.t.c.GenericContainer(tryStart):520 Container postgres:bullseye started in PT48.51441S"}}
{"type":"LOG","log":{"level":"INFO","message":"INFO c.z.h.HikariDataSource(<init>):80 HikariPool-3 - Starting..."}}
{"type":"LOG","log":{"level":"INFO","message":"INFO c.z.h.HikariDataSource(<init>):82 HikariPool-3 - Start completed."}}
{"type":"LOG","log":{"level":"INFO","message":"INFO i.a.i.s.s.TestEnvConfigs(getEnvOrDefault):119 Using default value for environment variable WORKER_ENVIRONMENT: 'DOCKER'"}}
{"type":"LOG","log":{"level":"INFO","message":"INFO i.a.i.s.s.TestEnvConfigs(getEnvOrDefault):119 Using default value for environment variable DEPLOYMENT_MODE: 'OSS'"}}
{"type":"LOG","log":{"level":"INFO","message":"INFO i.a.c.i.LineGobbler(voidCall):114 Checking if airbyte/source-postgres:dev exists..."}}
{"type":"LOG","log":{"level":"INFO","message":"INFO i.a.c.i.LineGobbler(voidCall):114 airbyte/source-postgres:dev was found locally."}}
{"type":"LOG","log":{"level":"INFO","message":"INFO i.a.w.p.DockerProcessFactory(create):126 Creating docker container = source-postgres-read-0-0-xdurm with resources null and allowedHosts null"}}
{"type":"LOG","log":{"level":"INFO","message":"INFO i.a.w.p.DockerProcessFactory(create):171 Preparing command: docker run --rm --init -i -w /data/job --log-driver none --name source-postgres-read-0-0-xdurm --network host -v /tmp/airbyte_tests/test12800631100868601679:/data -v /tmp/airbyte_tests/output5062240065959116007:/local -e DEPLOYMENT_MODE=OSS -e USE_STREAM_CAPABLE_STATE=true -e FIELD_SELECTION_WORKSPACES= -e WORKER_ENVIRONMENT=DOCKER -e AIRBYTE_ROLE= -e APPLY_FIELD_SELECTION=false -e WORKER_CONNECTOR_IMAGE=airbyte/source-postgres:dev -e WORKER_JOB_ATTEMPT=0 -e AUTO_DETECT_SCHEMA=true -e AIRBYTE_VERSION= -e WORKER_JOB_ID=0 airbyte/source-postgres:dev read --config source_config.json --catalog source_catalog.json --state input_state.json"}}
{"type":"LOG","log":{"level":"INFO","message":"INFO i.a.w.i.DefaultAirbyteStreamFactory(internalLog):159 INFO i.a.i.s.p.PostgresSource(main):507 starting source: class io.airbyte.integrations.source.postgres.PostgresSource"}}
{"type":"LOG","log":{"level":"INFO","message":"INFO i.a.w.i.DefaultAirbyteStreamFactory(internalLog):159 INFO i.a.i.b.IntegrationCliParser(parseOptions):126 integration args: {read=null, catalog=source_catalog.json, state=input_state.json, config=source_config.json}"}}
{"type":"LOG","log":{"level":"INFO","message":"INFO i.a.w.i.DefaultAirbyteStreamFactory(internalLog):159 INFO i.a.i.b.IntegrationRunner(runInternal):108 Running integration: io.airbyte.integrations.base.ssh.SshWrappedSource"}}
{"type":"LOG","log":{"level":"INFO","message":"INFO i.a.w.i.DefaultAirbyteStreamFactory(internalLog):159 INFO i.a.i.b.IntegrationRunner(runInternal):109 Command: READ"}}
{"type":"LOG","log":{"level":"INFO","message":"INFO i.a.w.i.DefaultAirbyteStreamFactory(internalLog):159 INFO i.a.i.b.IntegrationRunner(runInternal):110 Integration config: IntegrationConfig{command=READ, configPath='source_config.json', catalogPath='source_catalog.json', statePath='input_state.json'}"}}
{"type":"LOG","log":{"level":"WARN","message":"WARN i.a.w.i.DefaultAirbyteStreamFactory(internalLog):156 WARN c.n.s.JsonMetaSchema(newValidator):278 Unknown keyword groups - you should define your own Meta Schema. If the keyword is irrelevant for validation, just use a NonValidationKeyword"}}
{"type":"LOG","log":{"level":"WARN","message":"WARN i.a.w.i.DefaultAirbyteStreamFactory(internalLog):156 WARN c.n.s.JsonMetaSchema(newValidator):278 Unknown keyword order - you should define your own Meta Schema. If the keyword is irrelevant for validation, just use a NonValidationKeyword"}}
{"type":"LOG","log":{"level":"WARN","message":"WARN i.a.w.i.DefaultAirbyteStreamFactory(internalLog):156 WARN c.n.s.JsonMetaSchema(newValidator):278 Unknown keyword group - you should define your own Meta Schema. If the keyword is irrelevant for validation, just use a NonValidationKeyword"}}
{"type":"LOG","log":{"level":"WARN","message":"WARN i.a.w.i.DefaultAirbyteStreamFactory(internalLog):156 WARN c.n.s.JsonMetaSchema(newValidator):278 Unknown keyword airbyte_secret - you should define your own Meta Schema. If the keyword is irrelevant for validation, just use a NonValidationKeyword"}}
{"type":"LOG","log":{"level":"WARN","message":"WARN i.a.w.i.DefaultAirbyteStreamFactory(internalLog):156 WARN c.n.s.JsonMetaSchema(newValidator):278 Unknown keyword always_show - you should define your own Meta Schema. If the keyword is irrelevant for validation, just use a NonValidationKeyword"}}
{"type":"LOG","log":{"level":"WARN","message":"WARN i.a.w.i.DefaultAirbyteStreamFactory(internalLog):156 WARN c.n.s.JsonMetaSchema(newValidator):278 Unknown keyword multiline - you should define your own Meta Schema. If the keyword is irrelevant for validation, just use a NonValidationKeyword"}}
{"type":"LOG","log":{"level":"INFO","message":"INFO i.a.w.i.DefaultAirbyteStreamFactory(internalLog):159 INFO i.a.i.b.s.SshTunnel(getInstance):204 Starting connection with method: NO_TUNNEL"}}
{"type":"LOG","log":{"level":"INFO","message":"INFO i.a.w.i.DefaultAirbyteStreamFactory(internalLog):159 INFO i.a.i.s.p.PostgresUtils(isCdc):53 using CDC: false"}}
{"type":"LOG","log":{"level":"INFO","message":"INFO i.a.w.i.DefaultAirbyteStreamFactory(internalLog):159 INFO i.a.i.s.r.s.StateManagerFactory(createStateManager):55 Stream state manager selected to manage state object with type LEGACY."}}
{"type":"LOG","log":{"level":"INFO","message":"INFO i.a.w.i.DefaultAirbyteStreamFactory(internalLog):159 INFO i.a.i.s.r.s.CursorManager(createCursorInfoForStream):182 No cursor field set in catalog but not present in state. Stream: public_testview, New Cursor Field: id. Resetting cursor value"}}
{"type":"LOG","log":{"level":"INFO","message":"INFO i.a.w.i.DefaultAirbyteStreamFactory(internalLog):159 INFO i.a.i.s.r.s.CursorManager(createCursorInfoForStream):182 No cursor field set in catalog but not present in state. Stream: public_id_and_name, New Cursor Field: id. Resetting cursor value"}}
{"type":"LOG","log":{"level":"INFO","message":"INFO i.a.w.i.DefaultAirbyteStreamFactory(internalLog):159 INFO i.a.i.s.r.s.CursorManager(createCursorInfoForStream):182 No cursor field set in catalog but not present in state. Stream: public_starships, New Cursor Field: id. Resetting cursor value"}}
{"type":"LOG","log":{"level":"INFO","message":"INFO i.a.w.i.DefaultAirbyteStreamFactory(internalLog):159 INFO i.a.i.s.p.PostgresSource(toSslJdbcParamInternal):544 VERIFY_CA toSslJdbcParam verify-ca"}}
{"type":"LOG","log":{"level":"INFO","message":"INFO i.a.w.i.DefaultAirbyteStreamFactory(internalLog):159 INFO c.z.h.HikariDataSource(<init>):80 HikariPool-1 - Starting..."}}
{"type":"LOG","log":{"level":"INFO","message":"INFO i.a.w.i.DefaultAirbyteStreamFactory(internalLog):159 INFO c.z.h.HikariDataSource(<init>):82 HikariPool-1 - Start completed."}}
{"type":"LOG","log":{"level":"INFO","message":"INFO i.a.w.i.DefaultAirbyteStreamFactory(internalLog):159 INFO i.a.i.s.p.PostgresUtils(isCdc):53 using CDC: false"}}
{"type":"LOG","log":{"level":"INFO","message":"INFO i.a.w.i.DefaultAirbyteStreamFactory(internalLog):159 INFO i.a.i.s.j.AbstractJdbcSource(logPreSyncDebugData):450 Data source product recognized as PostgreSQL:15.3 (Debian 15.3-1.pgdg110+1)"}}
{"type":"LOG","log":{"level":"INFO","message":"INFO i.a.w.i.DefaultAirbyteStreamFactory(internalLog):159 INFO i.a.i.s.p.PostgresSource(logPreSyncDebugData):221 Discovering indexes for schema \"public\", table \"id_and_name\""}}
{"type":"LOG","log":{"level":"INFO","message":"INFO i.a.w.i.DefaultAirbyteStreamFactory(internalLog):159 INFO i.a.i.s.p.PostgresSource(logPreSyncDebugData):221 Discovering indexes for schema \"public\", table \"starships\""}}
{"type":"LOG","log":{"level":"INFO","message":"INFO i.a.w.i.DefaultAirbyteStreamFactory(internalLog):159 INFO i.a.i.s.p.PostgresSource(logPreSyncDebugData):221 Discovering indexes for schema \"public\", table \"testview\""}}
{"type":"LOG","log":{"level":"INFO","message":"INFO i.a.w.i.DefaultAirbyteStreamFactory(internalLog):159 INFO i.a.i.s.p.PostgresQueryUtils(logXminStatus):77 Xmin Status : {Number of wraparounds: 0, Xmin Transaction Value: 745, Xmin Raw Value: 745"}}
{"type":"LOG","log":{"level":"INFO","message":"INFO i.a.w.i.DefaultAirbyteStreamFactory(internalLog):159 INFO i.a.i.s.j.AbstractJdbcSource(discoverInternal):166 Internal schemas to exclude: [catalog_history, information_schema, pg_catalog, pg_internal]"}}
{"type":"LOG","log":{"level":"INFO","message":"INFO i.a.w.i.DefaultAirbyteStreamFactory(internalLog):159 INFO i.a.d.j.s.AdaptiveStreamingQueryConfig(initialize):31 Set initial fetch size: 10 rows"}}
{"type":"LOG","log":{"level":"WARN","message":"WARN i.a.w.i.DefaultAirbyteStreamFactory(internalLog):156 WARN i.a.i.s.r.DbSourceDiscoverUtil(logSourceSchemaChange):82 Source schema changed for table public.id_and_name! Potential mismatches: [id]. Actual schema: {\"type\":\"object\",\"properties\":{\"name\":{\"type\":\"string\"},\"id\":{\"type\":\"number\",\"airbyte_type\":\"integer\"}}}. Catalog schema: {\"type\":\"object\",\"properties\":{\"name\":{\"type\":\"string\"},\"id\":{\"type\":\"number\"}}}"}}
{"type":"LOG","log":{"level":"WARN","message":"WARN i.a.w.i.DefaultAirbyteStreamFactory(internalLog):156 WARN i.a.i.s.r.DbSourceDiscoverUtil(logSourceSchemaChange):82 Source schema changed for table public.starships! Potential mismatches: [id]. Actual schema: {\"type\":\"object\",\"properties\":{\"name\":{\"type\":\"string\"},\"id\":{\"type\":\"number\",\"airbyte_type\":\"integer\"}}}. Catalog schema: {\"type\":\"object\",\"properties\":{\"name\":{\"type\":\"string\"},\"id\":{\"type\":\"number\"}}}"}}
{"type":"LOG","log":{"level":"WARN","message":"WARN i.a.w.i.DefaultAirbyteStreamFactory(internalLog):156 WARN i.a.i.s.r.DbSourceDiscoverUtil(logSourceSchemaChange):82 Source schema changed for table public.testview! Potential mismatches: [id]. Actual schema: {\"type\":\"object\",\"properties\":{\"name\":{\"type\":\"string\"},\"id\":{\"type\":\"number\",\"airbyte_type\":\"integer\"}}}. Catalog schema: {\"type\":\"object\",\"properties\":{\"name\":{\"type\":\"string\"},\"id\":{\"type\":\"number\"}}}"}}
{"type":"LOG","log":{"level":"INFO","message":"INFO i.a.w.i.DefaultAirbyteStreamFactory(internalLog):159 INFO i.a.i.s.p.PostgresUtils(isCdc):53 using CDC: false"}}
{"type":"LOG","log":{"level":"INFO","message":"INFO i.a.w.i.DefaultAirbyteStreamFactory(internalLog):159 INFO i.a.i.s.j.AbstractJdbcSource(queryTableFullRefresh):112 Queueing query for table: id_and_name"}}
{"type":"LOG","log":{"level":"INFO","message":"INFO i.a.w.i.DefaultAirbyteStreamFactory(internalLog):159 INFO i.a.i.s.j.AbstractJdbcSource(queryTableFullRefresh):112 Queueing query for table: starships"}}
{"type":"LOG","log":{"level":"INFO","message":"INFO i.a.w.i.DefaultAirbyteStreamFactory(internalLog):159 INFO i.a.i.s.j.AbstractJdbcSource(queryTableFullRefresh):112 Queueing query for table: testview"}}
{"type":"LOG","log":{"level":"INFO","message":"INFO i.a.w.i.DefaultAirbyteStreamFactory(internalLog):159 INFO i.a.i.s.r.RelationalDbQueryUtils(lambda$queryTable$0):73 Queueing query: SELECT \"id\",\"name\" FROM \"public\".\"id_and_name\" ORDER BY \"id\" ASC"}}
{"type":"LOG","log":{"level":"INFO","message":"INFO i.a.w.i.DefaultAirbyteStreamFactory(internalLog):159 INFO i.a.d.j.s.AdaptiveStreamingQueryConfig(initialize):31 Set initial fetch size: 10 rows"}}
{"type":"LOG","log":{"level":"INFO","message":"INFO i.a.w.i.DefaultAirbyteStreamFactory(internalLog):159 INFO i.a.c.u.CompositeIterator(lambda$emitStartStreamStatus$1):155 STARTING -> public_id_and_name"}}
{"type":"LOG","log":{"level":"INFO","message":"INFO i.a.w.i.DefaultAirbyteStreamFactory(internalLog):159 INFO i.a.c.u.CompositeIterator(lambda$emitRunningStreamStatus$0):148 RUNNING -> public_id_and_name"}}
{"type":"LOG","log":{"level":"INFO","message":"INFO i.a.w.i.DefaultAirbyteStreamFactory(internalLog):159 INFO i.a.c.u.CompositeIterator(lambda$emitCompleteStreamStatus$2):162 COMPLETE -> public_id_and_name"}}
{"type":"LOG","log":{"level":"INFO","message":"INFO i.a.w.i.DefaultAirbyteStreamFactory(internalLog):159 INFO i.a.c.u.CompositeIterator(lambda$emitStartStreamStatus$1):155 STARTING -> public_starships"}}
{"type":"LOG","log":{"level":"INFO","message":"INFO i.a.w.i.DefaultAirbyteStreamFactory(internalLog):159 INFO i.a.i.s.r.RelationalDbQueryUtils(lambda$queryTable$0):73 Queueing query: SELECT \"id\",\"name\" FROM \"public\".\"starships\" ORDER BY \"id\" ASC"}}
{"type":"LOG","log":{"level":"INFO","message":"INFO i.a.w.i.DefaultAirbyteStreamFactory(internalLog):159 INFO i.a.d.j.s.AdaptiveStreamingQueryConfig(initialize):31 Set initial fetch size: 10 rows"}}
{"type":"LOG","log":{"level":"INFO","message":"INFO i.a.w.i.DefaultAirbyteStreamFactory(internalLog):159 INFO i.a.c.u.CompositeIterator(lambda$emitRunningStreamStatus$0):148 RUNNING -> public_starships"}}
{"type":"LOG","log":{"level":"INFO","message":"INFO i.a.w.i.DefaultAirbyteStreamFactory(internalLog):159 INFO i.a.c.u.CompositeIterator(lambda$emitCompleteStreamStatus$2):162 COMPLETE -> public_starships"}}
{"type":"LOG","log":{"level":"INFO","message":"INFO i.a.w.i.DefaultAirbyteStreamFactory(internalLog):159 INFO i.a.c.u.CompositeIterator(lambda$emitStartStreamStatus$1):155 STARTING -> public_testview"}}
{"type":"LOG","log":{"level":"INFO","message":"INFO i.a.w.i.DefaultAirbyteStreamFactory(internalLog):159 INFO i.a.i.s.r.RelationalDbQueryUtils(lambda$queryTable$0):73 Queueing query: SELECT \"id\",\"name\" FROM \"public\".\"testview\" ORDER BY \"id\" ASC"}}
{"type":"LOG","log":{"level":"INFO","message":"INFO i.a.w.i.DefaultAirbyteStreamFactory(internalLog):159 INFO i.a.d.j.s.AdaptiveStreamingQueryConfig(initialize):31 Set initial fetch size: 10 rows"}}
{"type":"LOG","log":{"level":"INFO","message":"INFO i.a.w.i.DefaultAirbyteStreamFactory(internalLog):159 INFO i.a.c.u.CompositeIterator(lambda$emitRunningStreamStatus$0):148 RUNNING -> public_testview"}}
{"type":"LOG","log":{"level":"INFO","message":"INFO i.a.w.i.DefaultAirbyteStreamFactory(internalLog):159 INFO i.a.c.u.CompositeIterator(lambda$emitCompleteStreamStatus$2):162 COMPLETE -> public_testview"}}
{"type":"LOG","log":{"level":"INFO","message":"INFO i.a.w.i.DefaultAirbyteStreamFactory(internalLog):159 INFO i.a.i.s.r.AbstractDbSource(lambda$read$1):173 Closing database connection pool."}}
{"type":"LOG","log":{"level":"INFO","message":"INFO i.a.w.i.DefaultAirbyteStreamFactory(internalLog):159 INFO c.z.h.HikariDataSource(close):350 HikariPool-1 - Shutdown initiated..."}}
{"type":"LOG","log":{"level":"INFO","message":"INFO i.a.w.i.DefaultAirbyteStreamFactory(internalLog):159 INFO c.z.h.HikariDataSource(close):352 HikariPool-1 - Shutdown completed."}}
{"type":"LOG","log":{"level":"INFO","message":"INFO i.a.w.i.DefaultAirbyteStreamFactory(internalLog):159 INFO i.a.i.s.r.AbstractDbSource(lambda$read$1):175 Closed database connection pool."}}
{"type":"LOG","log":{"level":"INFO","message":"INFO i.a.w.i.DefaultAirbyteStreamFactory(internalLog):159 INFO i.a.i.b.IntegrationRunner(runInternal):186 Completed integration: io.airbyte.integrations.base.ssh.SshWrappedSource"}}
{"type":"LOG","log":{"level":"INFO","message":"INFO i.a.w.i.DefaultAirbyteStreamFactory(internalLog):159 INFO i.a.i.s.p.PostgresSource(main):509 completed source: class io.airbyte.integrations.source.postgres.PostgresSource"}}
{"type":"LOG","log":{"level":"INFO","message":"INFO i.a.c.i.LineGobbler(voidCall):114 Checking if airbyte/source-postgres:dev exists..."}}
{"type":"LOG","log":{"level":"INFO","message":"INFO i.a.c.i.LineGobbler(voidCall):114 airbyte/source-postgres:dev was found locally."}}
{"type":"LOG","log":{"level":"INFO","message":"INFO i.a.w.p.DockerProcessFactory(create):126 Creating docker container = source-postgres-read-0-0-liuyo with resources null and allowedHosts null"}}
{"type":"LOG","log":{"level":"INFO","message":"INFO i.a.w.p.DockerProcessFactory(create):171 Preparing command: docker run --rm --init -i -w /data/job --log-driver none --name source-postgres-read-0-0-liuyo --network host -v /tmp/airbyte_tests/test12800631100868601679:/data -v /tmp/airbyte_tests/output5062240065959116007:/local -e DEPLOYMENT_MODE=OSS -e USE_STREAM_CAPABLE_STATE=true -e FIELD_SELECTION_WORKSPACES= -e WORKER_ENVIRONMENT=DOCKER -e AIRBYTE_ROLE= -e APPLY_FIELD_SELECTION=false -e WORKER_CONNECTOR_IMAGE=airbyte/source-postgres:dev -e WORKER_JOB_ATTEMPT=0 -e AUTO_DETECT_SCHEMA=true -e AIRBYTE_VERSION= -e WORKER_JOB_ID=0 airbyte/source-postgres:dev read --config source_config.json --catalog source_catalog.json --state input_state.json"}}
{"type":"LOG","log":{"level":"INFO","message":"INFO i.a.w.i.DefaultAirbyteStreamFactory(internalLog):159 INFO i.a.i.s.p.PostgresSource(main):507 starting source: class io.airbyte.integrations.source.postgres.PostgresSource"}}
{"type":"LOG","log":{"level":"INFO","message":"INFO i.a.w.i.DefaultAirbyteStreamFactory(internalLog):159 INFO i.a.i.b.IntegrationCliParser(parseOptions):126 integration args: {read=null, catalog=source_catalog.json, state=input_state.json, config=source_config.json}"}}
{"type":"LOG","log":{"level":"INFO","message":"INFO i.a.w.i.DefaultAirbyteStreamFactory(internalLog):159 INFO i.a.i.b.IntegrationRunner(runInternal):108 Running integration: io.airbyte.integrations.base.ssh.SshWrappedSource"}}
{"type":"LOG","log":{"level":"INFO","message":"INFO i.a.w.i.DefaultAirbyteStreamFactory(internalLog):159 INFO i.a.i.b.IntegrationRunner(runInternal):109 Command: READ"}}
{"type":"LOG","log":{"level":"INFO","message":"INFO i.a.w.i.DefaultAirbyteStreamFactory(internalLog):159 INFO i.a.i.b.IntegrationRunner(runInternal):110 Integration config: IntegrationConfig{command=READ, configPath='source_config.json', catalogPath='source_catalog.json', statePath='input_state.json'}"}}
{"type":"LOG","log":{"level":"WARN","message":"WARN i.a.w.i.DefaultAirbyteStreamFactory(internalLog):156 WARN c.n.s.JsonMetaSchema(newValidator):278 Unknown keyword groups - you should define your own Meta Schema. If the keyword is irrelevant for validation, just use a NonValidationKeyword"}}
{"type":"LOG","log":{"level":"WARN","message":"WARN i.a.w.i.DefaultAirbyteStreamFactory(internalLog):156 WARN c.n.s.JsonMetaSchema(newValidator):278 Unknown keyword order - you should define your own Meta Schema. If the keyword is irrelevant for validation, just use a NonValidationKeyword"}}
{"type":"LOG","log":{"level":"WARN","message":"WARN i.a.w.i.DefaultAirbyteStreamFactory(internalLog):156 WARN c.n.s.JsonMetaSchema(newValidator):278 Unknown keyword group - you should define your own Meta Schema. If the keyword is irrelevant for validation, just use a NonValidationKeyword"}}
{"type":"LOG","log":{"level":"WARN","message":"WARN i.a.w.i.DefaultAirbyteStreamFactory(internalLog):156 WARN c.n.s.JsonMetaSchema(newValidator):278 Unknown keyword airbyte_secret - you should define your own Meta Schema. If the keyword is irrelevant for validation, just use a NonValidationKeyword"}}
{"type":"LOG","log":{"level":"WARN","message":"WARN i.a.w.i.DefaultAirbyteStreamFactory(internalLog):156 WARN c.n.s.JsonMetaSchema(newValidator):278 Unknown keyword always_show - you should define your own Meta Schema. If the keyword is irrelevant for validation, just use a NonValidationKeyword"}}
{"type":"LOG","log":{"level":"WARN","message":"WARN i.a.w.i.DefaultAirbyteStreamFactory(internalLog):156 WARN c.n.s.JsonMetaSchema(newValidator):278 Unknown keyword multiline - you should define your own Meta Schema. If the keyword is irrelevant for validation, just use a NonValidationKeyword"}}
{"type":"LOG","log":{"level":"INFO","message":"INFO i.a.w.i.DefaultAirbyteStreamFactory(internalLog):159 INFO i.a.i.b.s.SshTunnel(getInstance):204 Starting connection with method: NO_TUNNEL"}}
{"type":"LOG","log":{"level":"INFO","message":"INFO i.a.w.i.DefaultAirbyteStreamFactory(internalLog):159 INFO i.a.i.s.p.PostgresUtils(isCdc):53 using CDC: false"}}
{"type":"LOG","log":{"level":"INFO","message":"INFO i.a.w.i.DefaultAirbyteStreamFactory(internalLog):159 INFO i.a.i.s.r.s.StateManagerFactory(createStateManager):55 Stream state manager selected to manage state object with type STREAM."}}
{"type":"LOG","log":{"level":"INFO","message":"INFO i.a.w.i.DefaultAirbyteStreamFactory(internalLog):159 INFO i.a.i.s.r.s.CursorManager(createCursorInfoForStream):169 Found matching cursor in state. Stream: public_testview. Cursor Field: id Value: 2 Count: 1"}}
{"type":"LOG","log":{"level":"INFO","message":"INFO i.a.w.i.DefaultAirbyteStreamFactory(internalLog):159 INFO i.a.i.s.r.s.CursorManager(createCursorInfoForStream):169 Found matching cursor in state. Stream: public_id_and_name. Cursor Field: id Value: 3 Count: 1"}}
{"type":"LOG","log":{"level":"INFO","message":"INFO i.a.w.i.DefaultAirbyteStreamFactory(internalLog):159 INFO i.a.i.s.r.s.CursorManager(createCursorInfoForStream):169 Found matching cursor in state. Stream: public_starships. Cursor Field: id Value: 3 Count: 1"}}
{"type":"LOG","log":{"level":"INFO","message":"INFO i.a.w.i.DefaultAirbyteStreamFactory(internalLog):159 INFO i.a.i.s.p.PostgresSource(toSslJdbcParamInternal):544 VERIFY_CA toSslJdbcParam verify-ca"}}
{"type":"LOG","log":{"level":"INFO","message":"INFO i.a.w.i.DefaultAirbyteStreamFactory(internalLog):159 INFO c.z.h.HikariDataSource(<init>):80 HikariPool-1 - Starting..."}}
{"type":"LOG","log":{"level":"INFO","message":"INFO i.a.w.i.DefaultAirbyteStreamFactory(internalLog):159 INFO c.z.h.HikariDataSource(<init>):82 HikariPool-1 - Start completed."}}
{"type":"LOG","log":{"level":"INFO","message":"INFO i.a.w.i.DefaultAirbyteStreamFactory(internalLog):159 INFO i.a.i.s.p.PostgresUtils(isCdc):53 using CDC: false"}}
{"type":"LOG","log":{"level":"INFO","message":"INFO i.a.w.i.DefaultAirbyteStreamFactory(internalLog):159 INFO i.a.i.s.j.AbstractJdbcSource(logPreSyncDebugData):450 Data source product recognized as PostgreSQL:15.3 (Debian 15.3-1.pgdg110+1)"}}
{"type":"LOG","log":{"level":"INFO","message":"INFO i.a.w.i.DefaultAirbyteStreamFactory(internalLog):159 INFO i.a.i.s.p.PostgresSource(logPreSyncDebugData):221 Discovering indexes for schema \"public\", table \"id_and_name\""}}
{"type":"LOG","log":{"level":"INFO","message":"INFO i.a.w.i.DefaultAirbyteStreamFactory(internalLog):159 INFO i.a.i.s.p.PostgresSource(logPreSyncDebugData):221 Discovering indexes for schema \"public\", table \"starships\""}}
{"type":"LOG","log":{"level":"INFO","message":"INFO i.a.w.i.DefaultAirbyteStreamFactory(internalLog):159 INFO i.a.i.s.p.PostgresSource(logPreSyncDebugData):221 Discovering indexes for schema \"public\", table \"testview\""}}
{"type":"LOG","log":{"level":"INFO","message":"INFO i.a.w.i.DefaultAirbyteStreamFactory(internalLog):159 INFO i.a.i.s.p.PostgresQueryUtils(logXminStatus):77 Xmin Status : {Number of wraparounds: 0, Xmin Transaction Value: 745, Xmin Raw Value: 745"}}
{"type":"LOG","log":{"level":"INFO","message":"INFO i.a.w.i.DefaultAirbyteStreamFactory(internalLog):159 INFO i.a.i.s.j.AbstractJdbcSource(discoverInternal):166 Internal schemas to exclude: [catalog_history, information_schema, pg_catalog, pg_internal]"}}
{"type":"LOG","log":{"level":"INFO","message":"INFO i.a.w.i.DefaultAirbyteStreamFactory(internalLog):159 INFO i.a.d.j.s.AdaptiveStreamingQueryConfig(initialize):31 Set initial fetch size: 10 rows"}}
{"type":"LOG","log":{"level":"WARN","message":"WARN i.a.w.i.DefaultAirbyteStreamFactory(internalLog):156 WARN i.a.i.s.r.DbSourceDiscoverUtil(logSourceSchemaChange):82 Source schema changed for table public.id_and_name! Potential mismatches: [id]. Actual schema: {\"type\":\"object\",\"properties\":{\"name\":{\"type\":\"string\"},\"id\":{\"type\":\"number\",\"airbyte_type\":\"integer\"}}}. Catalog schema: {\"type\":\"object\",\"properties\":{\"name\":{\"type\":\"string\"},\"id\":{\"type\":\"number\"}}}"}}
{"type":"LOG","log":{"level":"WARN","message":"WARN i.a.w.i.DefaultAirbyteStreamFactory(internalLog):156 WARN i.a.i.s.r.DbSourceDiscoverUtil(logSourceSchemaChange):82 Source schema changed for table public.starships! Potential mismatches: [id]. Actual schema: {\"type\":\"object\",\"properties\":{\"name\":{\"type\":\"string\"},\"id\":{\"type\":\"number\",\"airbyte_type\":\"integer\"}}}. Catalog schema: {\"type\":\"object\",\"properties\":{\"name\":{\"type\":\"string\"},\"id\":{\"type\":\"number\"}}}"}}
{"type":"LOG","log":{"level":"WARN","message":"WARN i.a.w.i.DefaultAirbyteStreamFactory(internalLog):156 WARN i.a.i.s.r.DbSourceDiscoverUtil(logSourceSchemaChange):82 Source schema changed for table public.testview! Potential mismatches: [id]. Actual schema: {\"type\":\"object\",\"properties\":{\"name\":{\"type\":\"string\"},\"id\":{\"type\":\"number\",\"airbyte_type\":\"integer\"}}}. Catalog schema: {\"type\":\"object\",\"properties\":{\"name\":{\"type\":\"string\"},\"id\":{\"type\":\"number\"}}}"}}
{"type":"LOG","log":{"level":"INFO","message":"INFO i.a.w.i.DefaultAirbyteStreamFactory(internalLog):159 INFO i.a.i.s.p.PostgresUtils(isCdc):53 using CDC: false"}}
{"type":"LOG","log":{"level":"INFO","message":"INFO i.a.w.i.DefaultAirbyteStreamFactory(internalLog):159 INFO i.a.i.s.j.AbstractJdbcSource(queryTableIncremental):320 Queueing query for table: id_and_name"}}
{"type":"LOG","log":{"level":"INFO","message":"INFO i.a.w.i.DefaultAirbyteStreamFactory(internalLog):159 INFO i.a.i.s.j.AbstractJdbcSource(queryTableIncremental):320 Queueing query for table: starships"}}
{"type":"LOG","log":{"level":"INFO","message":"INFO i.a.w.i.DefaultAirbyteStreamFactory(internalLog):159 INFO i.a.i.s.j.AbstractJdbcSource(queryTableIncremental):320 Queueing query for table: testview"}}
{"type":"LOG","log":{"level":"INFO","message":"INFO i.a.w.i.DefaultAirbyteStreamFactory(internalLog):159 INFO i.a.i.s.j.AbstractJdbcSource(lambda$queryTableIncremental$18):327 Preparing query for table: id_and_name"}}
{"type":"LOG","log":{"level":"INFO","message":"INFO i.a.w.i.DefaultAirbyteStreamFactory(internalLog):159 INFO i.a.i.s.j.AbstractJdbcSource(lambda$queryTableIncremental$18):337 Table id_and_name cursor count: expected 1, actual 1"}}
{"type":"LOG","log":{"level":"INFO","message":"INFO i.a.w.i.DefaultAirbyteStreamFactory(internalLog):159 INFO i.a.i.s.j.AbstractJdbcSource(lambda$queryTableIncremental$18):358 Executing query for table id_and_name: HikariProxyPreparedStatement@1289563251 wrapping SELECT \"id\",\"name\" FROM \"public\".\"id_and_name\" WHERE \"id\" > ? ORDER BY \"id\" ASC"}}
{"type":"LOG","log":{"level":"INFO","message":"INFO i.a.w.i.DefaultAirbyteStreamFactory(internalLog):159 INFO i.a.d.j.s.AdaptiveStreamingQueryConfig(initialize):31 Set initial fetch size: 10 rows"}}
{"type":"LOG","log":{"level":"INFO","message":"INFO i.a.w.i.DefaultAirbyteStreamFactory(internalLog):159 INFO i.a.i.s.r.StateDecoratingIterator(createStateMessage):207 State report for stream public_id_and_name - original: id = 3 (count 1) -> latest: id = 3 (count 1)"}}
{"type":"LOG","log":{"level":"INFO","message":"INFO i.a.w.i.DefaultAirbyteStreamFactory(internalLog):159 INFO i.a.c.u.CompositeIterator(lambda$emitStartStreamStatus$1):155 STARTING -> public_id_and_name"}}
{"type":"LOG","log":{"level":"INFO","message":"INFO i.a.w.i.DefaultAirbyteStreamFactory(internalLog):159 INFO i.a.c.u.CompositeIterator(lambda$emitRunningStreamStatus$0):148 RUNNING -> public_id_and_name"}}
{"type":"LOG","log":{"level":"INFO","message":"INFO i.a.w.i.DefaultAirbyteStreamFactory(internalLog):159 INFO i.a.c.u.CompositeIterator(lambda$emitCompleteStreamStatus$2):162 COMPLETE -> public_id_and_name"}}
{"type":"LOG","log":{"level":"INFO","message":"INFO i.a.w.i.DefaultAirbyteStreamFactory(internalLog):159 INFO i.a.c.u.CompositeIterator(lambda$emitStartStreamStatus$1):155 STARTING -> public_starships"}}
{"type":"LOG","log":{"level":"INFO","message":"INFO i.a.w.i.DefaultAirbyteStreamFactory(internalLog):159 INFO i.a.i.s.j.AbstractJdbcSource(lambda$queryTableIncremental$18):327 Preparing query for table: starships"}}
{"type":"LOG","log":{"level":"INFO","message":"INFO i.a.w.i.DefaultAirbyteStreamFactory(internalLog):159 INFO i.a.i.s.j.AbstractJdbcSource(lambda$queryTableIncremental$18):337 Table starships cursor count: expected 1, actual 1"}}
{"type":"LOG","log":{"level":"INFO","message":"INFO i.a.w.i.DefaultAirbyteStreamFactory(internalLog):159 INFO i.a.i.s.j.AbstractJdbcSource(lambda$queryTableIncremental$18):358 Executing query for table starships: HikariProxyPreparedStatement@1847559273 wrapping SELECT \"id\",\"name\" FROM \"public\".\"starships\" WHERE \"id\" > ? ORDER BY \"id\" ASC"}}
{"type":"LOG","log":{"level":"INFO","message":"INFO i.a.w.i.DefaultAirbyteStreamFactory(internalLog):159 INFO i.a.d.j.s.AdaptiveStreamingQueryConfig(initialize):31 Set initial fetch size: 10 rows"}}
{"type":"LOG","log":{"level":"INFO","message":"INFO i.a.w.i.DefaultAirbyteStreamFactory(internalLog):159 INFO i.a.i.s.r.StateDecoratingIterator(createStateMessage):207 State report for stream public_starships - original: id = 3 (count 1) -> latest: id = 3 (count 1)"}}
{"type":"LOG","log":{"level":"INFO","message":"INFO i.a.w.i.DefaultAirbyteStreamFactory(internalLog):159 INFO i.a.c.u.CompositeIterator(lambda$emitRunningStreamStatus$0):148 RUNNING -> public_starships"}}
{"type":"LOG","log":{"level":"INFO","message":"INFO i.a.w.i.DefaultAirbyteStreamFactory(internalLog):159 INFO i.a.c.u.CompositeIterator(lambda$emitCompleteStreamStatus$2):162 COMPLETE -> public_starships"}}
{"type":"LOG","log":{"level":"INFO","message":"INFO i.a.w.i.DefaultAirbyteStreamFactory(internalLog):159 INFO i.a.c.u.CompositeIterator(lambda$emitStartStreamStatus$1):155 STARTING -> public_testview"}}
{"type":"LOG","log":{"level":"INFO","message":"INFO i.a.w.i.DefaultAirbyteStreamFactory(internalLog):159 INFO i.a.i.s.j.AbstractJdbcSource(lambda$queryTableIncremental$18):327 Preparing query for table: testview"}}
{"type":"LOG","log":{"level":"INFO","message":"INFO i.a.w.i.DefaultAirbyteStreamFactory(internalLog):159 INFO i.a.i.s.j.AbstractJdbcSource(lambda$queryTableIncremental$18):337 Table testview cursor count: expected 1, actual 1"}}
{"type":"LOG","log":{"level":"INFO","message":"INFO i.a.w.i.DefaultAirbyteStreamFactory(internalLog):159 INFO i.a.i.s.j.AbstractJdbcSource(lambda$queryTableIncremental$18):358 Executing query for table testview: HikariProxyPreparedStatement@62309924 wrapping SELECT \"id\",\"name\" FROM \"public\".\"testview\" WHERE \"id\" > ? ORDER BY \"id\" ASC"}}
{"type":"LOG","log":{"level":"INFO","message":"INFO i.a.w.i.DefaultAirbyteStreamFactory(internalLog):159 INFO i.a.d.j.s.AdaptiveStreamingQueryConfig(initialize):31 Set initial fetch size: 10 rows"}}
{"type":"LOG","log":{"level":"INFO","message":"INFO i.a.w.i.DefaultAirbyteStreamFactory(internalLog):159 INFO i.a.i.s.r.StateDecoratingIterator(createStateMessage):207 State report for stream public_testview - original: id = 2 (count 1) -> latest: id = 2 (count 1)"}}
{"type":"LOG","log":{"level":"INFO","message":"INFO i.a.w.i.DefaultAirbyteStreamFactory(internalLog):159 INFO i.a.c.u.CompositeIterator(lambda$emitRunningStreamStatus$0):148 RUNNING -> public_testview"}}
{"type":"LOG","log":{"level":"INFO","message":"INFO i.a.w.i.DefaultAirbyteStreamFactory(internalLog):159 INFO i.a.c.u.CompositeIterator(lambda$emitCompleteStreamStatus$2):162 COMPLETE -> public_testview"}}
{"type":"LOG","log":{"level":"INFO","message":"INFO i.a.w.i.DefaultAirbyteStreamFactory(internalLog):159 INFO i.a.i.s.r.AbstractDbSource(lambda$read$1):173 Closing database connection pool."}}
{"type":"LOG","log":{"level":"INFO","message":"INFO i.a.w.i.DefaultAirbyteStreamFactory(internalLog):159 INFO c.z.h.HikariDataSource(close):350 HikariPool-1 - Shutdown initiated..."}}
{"type":"LOG","log":{"level":"INFO","message":"INFO i.a.w.i.DefaultAirbyteStreamFactory(internalLog):159 INFO c.z.h.HikariDataSource(close):352 HikariPool-1 - Shutdown completed."}}
{"type":"LOG","log":{"level":"INFO","message":"INFO i.a.w.i.DefaultAirbyteStreamFactory(internalLog):159 INFO i.a.i.s.r.AbstractDbSource(lambda$read$1):175 Closed database connection pool."}}
{"type":"LOG","log":{"level":"INFO","message":"INFO i.a.w.i.DefaultAirbyteStreamFactory(internalLog):159 INFO i.a.i.b.IntegrationRunner(runInternal):186 Completed integration: io.airbyte.integrations.base.ssh.SshWrappedSource"}}
{"type":"LOG","log":{"level":"INFO","message":"INFO i.a.w.i.DefaultAirbyteStreamFactory(internalLog):159 INFO i.a.i.s.p.PostgresSource(main):509 completed source: class io.airbyte.integrations.source.postgres.PostgresSource"}}
{"type":"LOG","log":{"level":"INFO","message":"INFO o.t.c.GenericContainer(tryStart):376 Creating container for image: postgres:bullseye"}}
{"type":"LOG","log":{"level":"INFO","message":"INFO o.t.c.GenericContainer(tryStart):440 Container postgres:bullseye is starting: 6d53cdeded8317295598b927fca2a37977a940e7b9f816771a03e9608ed63dec"}}
{"type":"LOG","log":{"level":"INFO","message":"INFO o.t.c.GenericContainer(tryStart):520 Container postgres:bullseye started in PT30.679356S"}}
{"type":"LOG","log":{"level":"INFO","message":"INFO c.z.h.HikariDataSource(<init>):80 HikariPool-4 - Starting..."}}
{"type":"LOG","log":{"level":"INFO","message":"INFO c.z.h.HikariDataSource(<init>):82 HikariPool-4 - Start completed."}}
{"type":"LOG","log":{"level":"INFO","message":"INFO i.a.i.s.s.TestEnvConfigs(getEnvOrDefault):119 Using default value for environment variable WORKER_ENVIRONMENT: 'DOCKER'"}}
{"type":"LOG","log":{"level":"INFO","message":"INFO i.a.i.s.s.TestEnvConfigs(getEnvOrDefault):119 Using default value for environment variable DEPLOYMENT_MODE: 'OSS'"}}
{"type":"LOG","log":{"level":"INFO","message":"INFO i.a.c.i.LineGobbler(voidCall):114 Checking if airbyte/source-postgres:dev exists..."}}
{"type":"LOG","log":{"level":"INFO","message":"INFO i.a.c.i.LineGobbler(voidCall):114 airbyte/source-postgres:dev was found locally."}}
{"type":"LOG","log":{"level":"INFO","message":"INFO i.a.w.p.DockerProcessFactory(create):126 Creating docker container = source-postgres-read-0-0-dubza with resources null and allowedHosts null"}}
{"type":"LOG","log":{"level":"INFO","message":"INFO i.a.w.p.DockerProcessFactory(create):171 Preparing command: docker run --rm --init -i -w /data/job --log-driver none --name source-postgres-read-0-0-dubza --network host -v /tmp/airbyte_tests/test6168001152265600270:/data -v /tmp/airbyte_tests/output17617076781365636428:/local -e DEPLOYMENT_MODE=OSS -e USE_STREAM_CAPABLE_STATE=true -e FIELD_SELECTION_WORKSPACES= -e WORKER_ENVIRONMENT=DOCKER -e AIRBYTE_ROLE= -e APPLY_FIELD_SELECTION=false -e WORKER_CONNECTOR_IMAGE=airbyte/source-postgres:dev -e WORKER_JOB_ATTEMPT=0 -e AUTO_DETECT_SCHEMA=true -e AIRBYTE_VERSION= -e WORKER_JOB_ID=0 airbyte/source-postgres:dev read --config source_config.json --catalog source_catalog.json"}}
{"type":"LOG","log":{"level":"INFO","message":"INFO i.a.w.i.DefaultAirbyteStreamFactory(internalLog):159 INFO i.a.i.s.p.PostgresSource(main):507 starting source: class io.airbyte.integrations.source.postgres.PostgresSource"}}
{"type":"LOG","log":{"level":"INFO","message":"INFO i.a.w.i.DefaultAirbyteStreamFactory(internalLog):159 INFO i.a.i.b.IntegrationCliParser(parseOptions):126 integration args: {read=null, catalog=source_catalog.json, config=source_config.json}"}}
{"type":"LOG","log":{"level":"INFO","message":"INFO i.a.w.i.DefaultAirbyteStreamFactory(internalLog):159 INFO i.a.i.b.IntegrationRunner(runInternal):108 Running integration: io.airbyte.integrations.base.ssh.SshWrappedSource"}}
{"type":"LOG","log":{"level":"INFO","message":"INFO i.a.w.i.DefaultAirbyteStreamFactory(internalLog):159 INFO i.a.i.b.IntegrationRunner(runInternal):109 Command: READ"}}
{"type":"LOG","log":{"level":"INFO","message":"INFO i.a.w.i.DefaultAirbyteStreamFactory(internalLog):159 INFO i.a.i.b.IntegrationRunner(runInternal):110 Integration config: IntegrationConfig{command=READ, configPath='source_config.json', catalogPath='source_catalog.json', statePath='null'}"}}
{"type":"LOG","log":{"level":"WARN","message":"WARN i.a.w.i.DefaultAirbyteStreamFactory(internalLog):156 WARN c.n.s.JsonMetaSchema(newValidator):278 Unknown keyword groups - you should define your own Meta Schema. If the keyword is irrelevant for validation, just use a NonValidationKeyword"}}
{"type":"LOG","log":{"level":"WARN","message":"WARN i.a.w.i.DefaultAirbyteStreamFactory(internalLog):156 WARN c.n.s.JsonMetaSchema(newValidator):278 Unknown keyword order - you should define your own Meta Schema. If the keyword is irrelevant for validation, just use a NonValidationKeyword"}}
{"type":"LOG","log":{"level":"WARN","message":"WARN i.a.w.i.DefaultAirbyteStreamFactory(internalLog):156 WARN c.n.s.JsonMetaSchema(newValidator):278 Unknown keyword group - you should define your own Meta Schema. If the keyword is irrelevant for validation, just use a NonValidationKeyword"}}
{"type":"LOG","log":{"level":"WARN","message":"WARN i.a.w.i.DefaultAirbyteStreamFactory(internalLog):156 WARN c.n.s.JsonMetaSchema(newValidator):278 Unknown keyword airbyte_secret - you should define your own Meta Schema. If the keyword is irrelevant for validation, just use a NonValidationKeyword"}}
{"type":"LOG","log":{"level":"WARN","message":"WARN i.a.w.i.DefaultAirbyteStreamFactory(internalLog):156 WARN c.n.s.JsonMetaSchema(newValidator):278 Unknown keyword always_show - you should define your own Meta Schema. If the keyword is irrelevant for validation, just use a NonValidationKeyword"}}
{"type":"LOG","log":{"level":"WARN","message":"WARN i.a.w.i.DefaultAirbyteStreamFactory(internalLog):156 WARN c.n.s.JsonMetaSchema(newValidator):278 Unknown keyword multiline - you should define your own Meta Schema. If the keyword is irrelevant for validation, just use a NonValidationKeyword"}}
{"type":"LOG","log":{"level":"INFO","message":"INFO i.a.w.i.DefaultAirbyteStreamFactory(internalLog):159 INFO i.a.i.b.s.SshTunnel(getInstance):204 Starting connection with method: NO_TUNNEL"}}
{"type":"LOG","log":{"level":"INFO","message":"INFO i.a.w.i.DefaultAirbyteStreamFactory(internalLog):159 INFO i.a.i.s.p.PostgresUtils(isCdc):53 using CDC: false"}}
{"type":"LOG","log":{"level":"INFO","message":"INFO i.a.w.i.DefaultAirbyteStreamFactory(internalLog):159 INFO i.a.i.s.r.s.StateManagerFactory(createStateManager):55 Stream state manager selected to manage state object with type STREAM."}}
{"type":"LOG","log":{"level":"INFO","message":"INFO i.a.w.i.DefaultAirbyteStreamFactory(internalLog):159 INFO i.a.i.s.r.s.CursorManager(createCursorInfoForStream):182 No cursor field set in catalog but not present in state. Stream: public_testview, New Cursor Field: id. Resetting cursor value"}}
{"type":"LOG","log":{"level":"INFO","message":"INFO i.a.w.i.DefaultAirbyteStreamFactory(internalLog):159 INFO i.a.i.s.r.s.CursorManager(createCursorInfoForStream):182 No cursor field set in catalog but not present in state. Stream: public_id_and_name, New Cursor Field: id. Resetting cursor value"}}
{"type":"LOG","log":{"level":"INFO","message":"INFO i.a.w.i.DefaultAirbyteStreamFactory(internalLog):159 INFO i.a.i.s.r.s.CursorManager(createCursorInfoForStream):182 No cursor field set in catalog but not present in state. Stream: public_starships, New Cursor Field: id. Resetting cursor value"}}
{"type":"LOG","log":{"level":"INFO","message":"INFO i.a.w.i.DefaultAirbyteStreamFactory(internalLog):159 INFO i.a.i.s.p.PostgresSource(toSslJdbcParamInternal):544 VERIFY_CA toSslJdbcParam verify-ca"}}
{"type":"LOG","log":{"level":"INFO","message":"INFO i.a.w.i.DefaultAirbyteStreamFactory(internalLog):159 INFO c.z.h.HikariDataSource(<init>):80 HikariPool-1 - Starting..."}}
{"type":"LOG","log":{"level":"INFO","message":"INFO i.a.w.i.DefaultAirbyteStreamFactory(internalLog):159 INFO c.z.h.HikariDataSource(<init>):82 HikariPool-1 - Start completed."}}
{"type":"LOG","log":{"level":"INFO","message":"INFO i.a.w.i.DefaultAirbyteStreamFactory(internalLog):159 INFO i.a.i.s.p.PostgresUtils(isCdc):53 using CDC: false"}}
{"type":"LOG","log":{"level":"INFO","message":"INFO i.a.w.i.DefaultAirbyteStreamFactory(internalLog):159 INFO i.a.i.s.j.AbstractJdbcSource(logPreSyncDebugData):450 Data source product recognized as PostgreSQL:15.3 (Debian 15.3-1.pgdg110+1)"}}
{"type":"LOG","log":{"level":"INFO","message":"INFO i.a.w.i.DefaultAirbyteStreamFactory(internalLog):159 INFO i.a.i.s.p.PostgresSource(logPreSyncDebugData):221 Discovering indexes for schema \"public\", table \"id_and_name\""}}
{"type":"LOG","log":{"level":"INFO","message":"INFO i.a.w.i.DefaultAirbyteStreamFactory(internalLog):159 INFO i.a.i.s.p.PostgresSource(logPreSyncDebugData):221 Discovering indexes for schema \"public\", table \"starships\""}}
{"type":"LOG","log":{"level":"INFO","message":"INFO i.a.w.i.DefaultAirbyteStreamFactory(internalLog):159 INFO i.a.i.s.p.PostgresSource(logPreSyncDebugData):221 Discovering indexes for schema \"public\", table \"testview\""}}
{"type":"LOG","log":{"level":"INFO","message":"INFO i.a.w.i.DefaultAirbyteStreamFactory(internalLog):159 INFO i.a.i.s.p.PostgresQueryUtils(logXminStatus):77 Xmin Status : {Number of wraparounds: 0, Xmin Transaction Value: 734, Xmin Raw Value: 734"}}
{"type":"LOG","log":{"level":"INFO","message":"INFO i.a.w.i.DefaultAirbyteStreamFactory(internalLog):159 INFO i.a.i.s.j.AbstractJdbcSource(discoverInternal):166 Internal schemas to exclude: [catalog_history, information_schema, pg_catalog, pg_internal]"}}
{"type":"LOG","log":{"level":"INFO","message":"INFO i.a.w.i.DefaultAirbyteStreamFactory(internalLog):159 INFO i.a.d.j.s.AdaptiveStreamingQueryConfig(initialize):31 Set initial fetch size: 10 rows"}}
{"type":"LOG","log":{"level":"WARN","message":"WARN i.a.w.i.DefaultAirbyteStreamFactory(internalLog):156 WARN i.a.i.s.r.DbSourceDiscoverUtil(logSourceSchemaChange):82 Source schema changed for table public.id_and_name! Potential mismatches: [id]. Actual schema: {\"type\":\"object\",\"properties\":{\"name\":{\"type\":\"string\"},\"id\":{\"type\":\"number\",\"airbyte_type\":\"integer\"}}}. Catalog schema: {\"type\":\"object\",\"properties\":{\"name\":{\"type\":\"string\"},\"id\":{\"type\":\"number\"}}}"}}
{"type":"LOG","log":{"level":"WARN","message":"WARN i.a.w.i.DefaultAirbyteStreamFactory(internalLog):156 WARN i.a.i.s.r.DbSourceDiscoverUtil(logSourceSchemaChange):82 Source schema changed for table public.starships! Potential mismatches: [id]. Actual schema: {\"type\":\"object\",\"properties\":{\"name\":{\"type\":\"string\"},\"id\":{\"type\":\"number\",\"airbyte_type\":\"integer\"}}}. Catalog schema: {\"type\":\"object\",\"properties\":{\"name\":{\"type\":\"string\"},\"id\":{\"type\":\"number\"}}}"}}
{"type":"LOG","log":{"level":"WARN","message":"WARN i.a.w.i.DefaultAirbyteStreamFactory(internalLog):156 WARN i.a.i.s.r.DbSourceDiscoverUtil(logSourceSchemaChange):82 Source schema changed for table public.testview! Potential mismatches: [id]. Actual schema: {\"type\":\"object\",\"properties\":{\"name\":{\"type\":\"string\"},\"id\":{\"type\":\"number\",\"airbyte_type\":\"integer\"}}}. Catalog schema: {\"type\":\"object\",\"properties\":{\"name\":{\"type\":\"string\"},\"id\":{\"type\":\"number\"}}}"}}
{"type":"LOG","log":{"level":"INFO","message":"INFO i.a.w.i.DefaultAirbyteStreamFactory(internalLog):159 INFO i.a.i.s.p.PostgresUtils(isCdc):53 using CDC: false"}}
{"type":"LOG","log":{"level":"INFO","message":"INFO i.a.w.i.DefaultAirbyteStreamFactory(internalLog):159 INFO i.a.i.s.j.AbstractJdbcSource(queryTableFullRefresh):112 Queueing query for table: id_and_name"}}
{"type":"LOG","log":{"level":"INFO","message":"INFO i.a.w.i.DefaultAirbyteStreamFactory(internalLog):159 INFO i.a.i.s.j.AbstractJdbcSource(queryTableFullRefresh):112 Queueing query for table: starships"}}
{"type":"LOG","log":{"level":"INFO","message":"INFO i.a.w.i.DefaultAirbyteStreamFactory(internalLog):159 INFO i.a.i.s.j.AbstractJdbcSource(queryTableFullRefresh):112 Queueing query for table: testview"}}
{"type":"LOG","log":{"level":"INFO","message":"INFO i.a.w.i.DefaultAirbyteStreamFactory(internalLog):159 INFO i.a.i.s.r.RelationalDbQueryUtils(lambda$queryTable$0):73 Queueing query: SELECT \"id\",\"name\" FROM \"public\".\"id_and_name\""}}
{"type":"LOG","log":{"level":"INFO","message":"INFO i.a.w.i.DefaultAirbyteStreamFactory(internalLog):159 INFO i.a.d.j.s.AdaptiveStreamingQueryConfig(initialize):31 Set initial fetch size: 10 rows"}}
{"type":"LOG","log":{"level":"INFO","message":"INFO i.a.w.i.DefaultAirbyteStreamFactory(internalLog):159 INFO i.a.c.u.CompositeIterator(lambda$emitStartStreamStatus$1):155 STARTING -> public_id_and_name"}}
{"type":"LOG","log":{"level":"INFO","message":"INFO i.a.w.i.DefaultAirbyteStreamFactory(internalLog):159 INFO i.a.c.u.CompositeIterator(lambda$emitRunningStreamStatus$0):148 RUNNING -> public_id_and_name"}}
{"type":"LOG","log":{"level":"INFO","message":"INFO i.a.w.i.DefaultAirbyteStreamFactory(internalLog):159 INFO i.a.c.u.CompositeIterator(lambda$emitCompleteStreamStatus$2):162 COMPLETE -> public_id_and_name"}}
{"type":"LOG","log":{"level":"INFO","message":"INFO i.a.w.i.DefaultAirbyteStreamFactory(internalLog):159 INFO i.a.c.u.CompositeIterator(lambda$emitStartStreamStatus$1):155 STARTING -> public_starships"}}
{"type":"LOG","log":{"level":"INFO","message":"INFO i.a.w.i.DefaultAirbyteStreamFactory(internalLog):159 INFO i.a.i.s.r.RelationalDbQueryUtils(lambda$queryTable$0):73 Queueing query: SELECT \"id\",\"name\" FROM \"public\".\"starships\""}}
{"type":"LOG","log":{"level":"INFO","message":"INFO i.a.w.i.DefaultAirbyteStreamFactory(internalLog):159 INFO i.a.d.j.s.AdaptiveStreamingQueryConfig(initialize):31 Set initial fetch size: 10 rows"}}
{"type":"LOG","log":{"level":"INFO","message":"INFO i.a.w.i.DefaultAirbyteStreamFactory(internalLog):159 INFO i.a.c.u.CompositeIterator(lambda$emitRunningStreamStatus$0):148 RUNNING -> public_starships"}}
{"type":"LOG","log":{"level":"INFO","message":"INFO i.a.w.i.DefaultAirbyteStreamFactory(internalLog):159 INFO i.a.c.u.CompositeIterator(lambda$emitCompleteStreamStatus$2):162 COMPLETE -> public_starships"}}
{"type":"LOG","log":{"level":"INFO","message":"INFO i.a.w.i.DefaultAirbyteStreamFactory(internalLog):159 INFO i.a.c.u.CompositeIterator(lambda$emitStartStreamStatus$1):155 STARTING -> public_testview"}}
{"type":"LOG","log":{"level":"INFO","message":"INFO i.a.w.i.DefaultAirbyteStreamFactory(internalLog):159 INFO i.a.i.s.r.RelationalDbQueryUtils(lambda$queryTable$0):73 Queueing query: SELECT \"id\",\"name\" FROM \"public\".\"testview\""}}
{"type":"LOG","log":{"level":"INFO","message":"INFO i.a.w.i.DefaultAirbyteStreamFactory(internalLog):159 INFO i.a.d.j.s.AdaptiveStreamingQueryConfig(initialize):31 Set initial fetch size: 10 rows"}}
{"type":"LOG","log":{"level":"INFO","message":"INFO i.a.w.i.DefaultAirbyteStreamFactory(internalLog):159 INFO i.a.c.u.CompositeIterator(lambda$emitRunningStreamStatus$0):148 RUNNING -> public_testview"}}
{"type":"LOG","log":{"level":"INFO","message":"INFO i.a.w.i.DefaultAirbyteStreamFactory(internalLog):159 INFO i.a.c.u.CompositeIterator(lambda$emitCompleteStreamStatus$2):162 COMPLETE -> public_testview"}}
{"type":"LOG","log":{"level":"INFO","message":"INFO i.a.w.i.DefaultAirbyteStreamFactory(internalLog):159 INFO i.a.i.s.r.AbstractDbSource(lambda$read$1):173 Closing database connection pool."}}
{"type":"LOG","log":{"level":"INFO","message":"INFO i.a.w.i.DefaultAirbyteStreamFactory(internalLog):159 INFO c.z.h.HikariDataSource(close):350 HikariPool-1 - Shutdown initiated..."}}
{"type":"LOG","log":{"level":"INFO","message":"INFO i.a.w.i.DefaultAirbyteStreamFactory(internalLog):159 INFO c.z.h.HikariDataSource(close):352 HikariPool-1 - Shutdown completed."}}
{"type":"LOG","log":{"level":"INFO","message":"INFO i.a.w.i.DefaultAirbyteStreamFactory(internalLog):159 INFO i.a.i.s.r.AbstractDbSource(lambda$read$1):175 Closed database connection pool."}}
{"type":"LOG","log":{"level":"INFO","message":"INFO i.a.w.i.DefaultAirbyteStreamFactory(internalLog):159 INFO i.a.i.b.IntegrationRunner(runInternal):186 Completed integration: io.airbyte.integrations.base.ssh.SshWrappedSource"}}
{"type":"LOG","log":{"level":"INFO","message":"INFO i.a.w.i.DefaultAirbyteStreamFactory(internalLog):159 INFO i.a.i.s.p.PostgresSource(main):509 completed source: class io.airbyte.integrations.source.postgres.PostgresSource"}}
{"type":"LOG","log":{"level":"INFO","message":"INFO i.a.c.i.LineGobbler(voidCall):114 Checking if airbyte/source-postgres:dev exists..."}}
{"type":"LOG","log":{"level":"INFO","message":"INFO i.a.c.i.LineGobbler(voidCall):114 airbyte/source-postgres:dev was found locally."}}
{"type":"LOG","log":{"level":"INFO","message":"INFO i.a.w.p.DockerProcessFactory(create):126 Creating docker container = source-postgres-read-0-0-zyoiv with resources null and allowedHosts null"}}
{"type":"LOG","log":{"level":"INFO","message":"INFO i.a.w.p.DockerProcessFactory(create):171 Preparing command: docker run --rm --init -i -w /data/job --log-driver none --name source-postgres-read-0-0-zyoiv --network host -v /tmp/airbyte_tests/test6168001152265600270:/data -v /tmp/airbyte_tests/output17617076781365636428:/local -e DEPLOYMENT_MODE=OSS -e USE_STREAM_CAPABLE_STATE=true -e FIELD_SELECTION_WORKSPACES= -e WORKER_ENVIRONMENT=DOCKER -e AIRBYTE_ROLE= -e APPLY_FIELD_SELECTION=false -e WORKER_CONNECTOR_IMAGE=airbyte/source-postgres:dev -e WORKER_JOB_ATTEMPT=0 -e AUTO_DETECT_SCHEMA=true -e AIRBYTE_VERSION= -e WORKER_JOB_ID=0 airbyte/source-postgres:dev read --config source_config.json --catalog source_catalog.json --state input_state.json"}}
{"type":"LOG","log":{"level":"INFO","message":"INFO i.a.w.i.DefaultAirbyteStreamFactory(internalLog):159 INFO i.a.i.s.p.PostgresSource(main):507 starting source: class io.airbyte.integrations.source.postgres.PostgresSource"}}
{"type":"LOG","log":{"level":"INFO","message":"INFO i.a.w.i.DefaultAirbyteStreamFactory(internalLog):159 INFO i.a.i.b.IntegrationCliParser(parseOptions):126 integration args: {read=null, catalog=source_catalog.json, state=input_state.json, config=source_config.json}"}}
{"type":"LOG","log":{"level":"INFO","message":"INFO i.a.w.i.DefaultAirbyteStreamFactory(internalLog):159 INFO i.a.i.b.IntegrationRunner(runInternal):108 Running integration: io.airbyte.integrations.base.ssh.SshWrappedSource"}}
{"type":"LOG","log":{"level":"INFO","message":"INFO i.a.w.i.DefaultAirbyteStreamFactory(internalLog):159 INFO i.a.i.b.IntegrationRunner(runInternal):109 Command: READ"}}
{"type":"LOG","log":{"level":"INFO","message":"INFO i.a.w.i.DefaultAirbyteStreamFactory(internalLog):159 INFO i.a.i.b.IntegrationRunner(runInternal):110 Integration config: IntegrationConfig{command=READ, configPath='source_config.json', catalogPath='source_catalog.json', statePath='input_state.json'}"}}
{"type":"LOG","log":{"level":"WARN","message":"WARN i.a.w.i.DefaultAirbyteStreamFactory(internalLog):156 WARN c.n.s.JsonMetaSchema(newValidator):278 Unknown keyword groups - you should define your own Meta Schema. If the keyword is irrelevant for validation, just use a NonValidationKeyword"}}
{"type":"LOG","log":{"level":"WARN","message":"WARN i.a.w.i.DefaultAirbyteStreamFactory(internalLog):156 WARN c.n.s.JsonMetaSchema(newValidator):278 Unknown keyword order - you should define your own Meta Schema. If the keyword is irrelevant for validation, just use a NonValidationKeyword"}}
{"type":"LOG","log":{"level":"WARN","message":"WARN i.a.w.i.DefaultAirbyteStreamFactory(internalLog):156 WARN c.n.s.JsonMetaSchema(newValidator):278 Unknown keyword group - you should define your own Meta Schema. If the keyword is irrelevant for validation, just use a NonValidationKeyword"}}
{"type":"LOG","log":{"level":"WARN","message":"WARN i.a.w.i.DefaultAirbyteStreamFactory(internalLog):156 WARN c.n.s.JsonMetaSchema(newValidator):278 Unknown keyword airbyte_secret - you should define your own Meta Schema. If the keyword is irrelevant for validation, just use a NonValidationKeyword"}}
{"type":"LOG","log":{"level":"WARN","message":"WARN i.a.w.i.DefaultAirbyteStreamFactory(internalLog):156 WARN c.n.s.JsonMetaSchema(newValidator):278 Unknown keyword always_show - you should define your own Meta Schema. If the keyword is irrelevant for validation, just use a NonValidationKeyword"}}
{"type":"LOG","log":{"level":"WARN","message":"WARN i.a.w.i.DefaultAirbyteStreamFactory(internalLog):156 WARN c.n.s.JsonMetaSchema(newValidator):278 Unknown keyword multiline - you should define your own Meta Schema. If the keyword is irrelevant for validation, just use a NonValidationKeyword"}}
{"type":"LOG","log":{"level":"INFO","message":"INFO i.a.w.i.DefaultAirbyteStreamFactory(internalLog):159 INFO i.a.i.b.s.SshTunnel(getInstance):204 Starting connection with method: NO_TUNNEL"}}
{"type":"LOG","log":{"level":"INFO","message":"INFO i.a.w.i.DefaultAirbyteStreamFactory(internalLog):159 INFO i.a.i.s.p.PostgresUtils(isCdc):53 using CDC: false"}}
{"type":"LOG","log":{"level":"INFO","message":"INFO i.a.w.i.DefaultAirbyteStreamFactory(internalLog):159 INFO i.a.i.s.r.s.StateManagerFactory(createStateManager):55 Stream state manager selected to manage state object with type LEGACY."}}
{"type":"LOG","log":{"level":"INFO","message":"INFO i.a.w.i.DefaultAirbyteStreamFactory(internalLog):159 INFO i.a.i.s.r.s.CursorManager(createCursorInfoForStream):182 No cursor field set in catalog but not present in state. Stream: public_testview, New Cursor Field: id. Resetting cursor value"}}
{"type":"LOG","log":{"level":"INFO","message":"INFO i.a.w.i.DefaultAirbyteStreamFactory(internalLog):159 INFO i.a.i.s.r.s.CursorManager(createCursorInfoForStream):182 No cursor field set in catalog but not present in state. Stream: public_id_and_name, New Cursor Field: id. Resetting cursor value"}}
{"type":"LOG","log":{"level":"INFO","message":"INFO i.a.w.i.DefaultAirbyteStreamFactory(internalLog):159 INFO i.a.i.s.r.s.CursorManager(createCursorInfoForStream):182 No cursor field set in catalog but not present in state. Stream: public_starships, New Cursor Field: id. Resetting cursor value"}}
{"type":"LOG","log":{"level":"INFO","message":"INFO i.a.w.i.DefaultAirbyteStreamFactory(internalLog):159 INFO i.a.i.s.p.PostgresSource(toSslJdbcParamInternal):544 VERIFY_CA toSslJdbcParam verify-ca"}}
{"type":"LOG","log":{"level":"INFO","message":"INFO i.a.w.i.DefaultAirbyteStreamFactory(internalLog):159 INFO c.z.h.HikariDataSource(<init>):80 HikariPool-1 - Starting..."}}
{"type":"LOG","log":{"level":"INFO","message":"INFO i.a.w.i.DefaultAirbyteStreamFactory(internalLog):159 INFO c.z.h.HikariDataSource(<init>):82 HikariPool-1 - Start completed."}}
{"type":"LOG","log":{"level":"INFO","message":"INFO i.a.w.i.DefaultAirbyteStreamFactory(internalLog):159 INFO i.a.i.s.p.PostgresUtils(isCdc):53 using CDC: false"}}
{"type":"LOG","log":{"level":"INFO","message":"INFO i.a.w.i.DefaultAirbyteStreamFactory(internalLog):159 INFO i.a.i.s.j.AbstractJdbcSource(logPreSyncDebugData):450 Data source product recognized as PostgreSQL:15.3 (Debian 15.3-1.pgdg110+1)"}}
{"type":"LOG","log":{"level":"INFO","message":"INFO i.a.w.i.DefaultAirbyteStreamFactory(internalLog):159 INFO i.a.i.s.p.PostgresSource(logPreSyncDebugData):221 Discovering indexes for schema \"public\", table \"id_and_name\""}}
{"type":"LOG","log":{"level":"INFO","message":"INFO i.a.w.i.DefaultAirbyteStreamFactory(internalLog):159 INFO i.a.i.s.p.PostgresSource(logPreSyncDebugData):221 Discovering indexes for schema \"public\", table \"starships\""}}
{"type":"LOG","log":{"level":"INFO","message":"INFO i.a.w.i.DefaultAirbyteStreamFactory(internalLog):159 INFO i.a.i.s.p.PostgresSource(logPreSyncDebugData):221 Discovering indexes for schema \"public\", table \"testview\""}}
{"type":"LOG","log":{"level":"INFO","message":"INFO i.a.w.i.DefaultAirbyteStreamFactory(internalLog):159 INFO i.a.i.s.p.PostgresQueryUtils(logXminStatus):77 Xmin Status : {Number of wraparounds: 0, Xmin Transaction Value: 745, Xmin Raw Value: 745"}}
{"type":"LOG","log":{"level":"INFO","message":"INFO i.a.w.i.DefaultAirbyteStreamFactory(internalLog):159 INFO i.a.i.s.j.AbstractJdbcSource(discoverInternal):166 Internal schemas to exclude: [catalog_history, information_schema, pg_catalog, pg_internal]"}}
{"type":"LOG","log":{"level":"INFO","message":"INFO i.a.w.i.DefaultAirbyteStreamFactory(internalLog):159 INFO i.a.d.j.s.AdaptiveStreamingQueryConfig(initialize):31 Set initial fetch size: 10 rows"}}
{"type":"LOG","log":{"level":"WARN","message":"WARN i.a.w.i.DefaultAirbyteStreamFactory(internalLog):156 WARN i.a.i.s.r.DbSourceDiscoverUtil(logSourceSchemaChange):82 Source schema changed for table public.id_and_name! Potential mismatches: [id]. Actual schema: {\"type\":\"object\",\"properties\":{\"name\":{\"type\":\"string\"},\"id\":{\"type\":\"number\",\"airbyte_type\":\"integer\"}}}. Catalog schema: {\"type\":\"object\",\"properties\":{\"name\":{\"type\":\"string\"},\"id\":{\"type\":\"number\"}}}"}}
{"type":"LOG","log":{"level":"WARN","message":"WARN i.a.w.i.DefaultAirbyteStreamFactory(internalLog):156 WARN i.a.i.s.r.DbSourceDiscoverUtil(logSourceSchemaChange):82 Source schema changed for table public.starships! Potential mismatches: [id]. Actual schema: {\"type\":\"object\",\"properties\":{\"name\":{\"type\":\"string\"},\"id\":{\"type\":\"number\",\"airbyte_type\":\"integer\"}}}. Catalog schema: {\"type\":\"object\",\"properties\":{\"name\":{\"type\":\"string\"},\"id\":{\"type\":\"number\"}}}"}}
{"type":"LOG","log":{"level":"WARN","message":"WARN i.a.w.i.DefaultAirbyteStreamFactory(internalLog):156 WARN i.a.i.s.r.DbSourceDiscoverUtil(logSourceSchemaChange):82 Source schema changed for table public.testview! Potential mismatches: [id]. Actual schema: {\"type\":\"object\",\"properties\":{\"name\":{\"type\":\"string\"},\"id\":{\"type\":\"number\",\"airbyte_type\":\"integer\"}}}. Catalog schema: {\"type\":\"object\",\"properties\":{\"name\":{\"type\":\"string\"},\"id\":{\"type\":\"number\"}}}"}}
{"type":"LOG","log":{"level":"INFO","message":"INFO i.a.w.i.DefaultAirbyteStreamFactory(internalLog):159 INFO i.a.i.s.p.PostgresUtils(isCdc):53 using CDC: false"}}
{"type":"LOG","log":{"level":"INFO","message":"INFO i.a.w.i.DefaultAirbyteStreamFactory(internalLog):159 INFO i.a.i.s.j.AbstractJdbcSource(queryTableFullRefresh):112 Queueing query for table: id_and_name"}}
{"type":"LOG","log":{"level":"INFO","message":"INFO i.a.w.i.DefaultAirbyteStreamFactory(internalLog):159 INFO i.a.i.s.j.AbstractJdbcSource(queryTableFullRefresh):112 Queueing query for table: starships"}}
{"type":"LOG","log":{"level":"INFO","message":"INFO i.a.w.i.DefaultAirbyteStreamFactory(internalLog):159 INFO i.a.i.s.j.AbstractJdbcSource(queryTableFullRefresh):112 Queueing query for table: testview"}}
{"type":"LOG","log":{"level":"INFO","message":"INFO i.a.w.i.DefaultAirbyteStreamFactory(internalLog):159 INFO i.a.i.s.r.RelationalDbQueryUtils(lambda$queryTable$0):73 Queueing query: SELECT \"id\",\"name\" FROM \"public\".\"id_and_name\" ORDER BY \"id\" ASC"}}
{"type":"LOG","log":{"level":"INFO","message":"INFO i.a.w.i.DefaultAirbyteStreamFactory(internalLog):159 INFO i.a.d.j.s.AdaptiveStreamingQueryConfig(initialize):31 Set initial fetch size: 10 rows"}}
{"type":"LOG","log":{"level":"INFO","message":"INFO i.a.w.i.DefaultAirbyteStreamFactory(internalLog):159 INFO i.a.c.u.CompositeIterator(lambda$emitStartStreamStatus$1):155 STARTING -> public_id_and_name"}}
{"type":"LOG","log":{"level":"INFO","message":"INFO i.a.w.i.DefaultAirbyteStreamFactory(internalLog):159 INFO i.a.c.u.CompositeIterator(lambda$emitRunningStreamStatus$0):148 RUNNING -> public_id_and_name"}}
{"type":"LOG","log":{"level":"INFO","message":"INFO i.a.w.i.DefaultAirbyteStreamFactory(internalLog):159 INFO i.a.c.u.CompositeIterator(lambda$emitCompleteStreamStatus$2):162 COMPLETE -> public_id_and_name"}}
{"type":"LOG","log":{"level":"INFO","message":"INFO i.a.w.i.DefaultAirbyteStreamFactory(internalLog):159 INFO i.a.c.u.CompositeIterator(lambda$emitStartStreamStatus$1):155 STARTING -> public_starships"}}
{"type":"LOG","log":{"level":"INFO","message":"INFO i.a.w.i.DefaultAirbyteStreamFactory(internalLog):159 INFO i.a.i.s.r.RelationalDbQueryUtils(lambda$queryTable$0):73 Queueing query: SELECT \"id\",\"name\" FROM \"public\".\"starships\" ORDER BY \"id\" ASC"}}
{"type":"LOG","log":{"level":"INFO","message":"INFO i.a.w.i.DefaultAirbyteStreamFactory(internalLog):159 INFO i.a.d.j.s.AdaptiveStreamingQueryConfig(initialize):31 Set initial fetch size: 10 rows"}}
{"type":"LOG","log":{"level":"INFO","message":"INFO i.a.w.i.DefaultAirbyteStreamFactory(internalLog):159 INFO i.a.c.u.CompositeIterator(lambda$emitRunningStreamStatus$0):148 RUNNING -> public_starships"}}
{"type":"LOG","log":{"level":"INFO","message":"INFO i.a.w.i.DefaultAirbyteStreamFactory(internalLog):159 INFO i.a.c.u.CompositeIterator(lambda$emitCompleteStreamStatus$2):162 COMPLETE -> public_starships"}}
{"type":"LOG","log":{"level":"INFO","message":"INFO i.a.w.i.DefaultAirbyteStreamFactory(internalLog):159 INFO i.a.c.u.CompositeIterator(lambda$emitStartStreamStatus$1):155 STARTING -> public_testview"}}
{"type":"LOG","log":{"level":"INFO","message":"INFO i.a.w.i.DefaultAirbyteStreamFactory(internalLog):159 INFO i.a.i.s.r.RelationalDbQueryUtils(lambda$queryTable$0):73 Queueing query: SELECT \"id\",\"name\" FROM \"public\".\"testview\" ORDER BY \"id\" ASC"}}
{"type":"LOG","log":{"level":"INFO","message":"INFO i.a.w.i.DefaultAirbyteStreamFactory(internalLog):159 INFO i.a.d.j.s.AdaptiveStreamingQueryConfig(initialize):31 Set initial fetch size: 10 rows"}}
{"type":"LOG","log":{"level":"INFO","message":"INFO i.a.w.i.DefaultAirbyteStreamFactory(internalLog):159 INFO i.a.c.u.CompositeIterator(lambda$emitRunningStreamStatus$0):148 RUNNING -> public_testview"}}
{"type":"LOG","log":{"level":"INFO","message":"INFO i.a.w.i.DefaultAirbyteStreamFactory(internalLog):159 INFO i.a.c.u.CompositeIterator(lambda$emitCompleteStreamStatus$2):162 COMPLETE -> public_testview"}}
{"type":"LOG","log":{"level":"INFO","message":"INFO i.a.w.i.DefaultAirbyteStreamFactory(internalLog):159 INFO i.a.i.s.r.AbstractDbSource(lambda$read$1):173 Closing database connection pool."}}
{"type":"LOG","log":{"level":"INFO","message":"INFO i.a.w.i.DefaultAirbyteStreamFactory(internalLog):159 INFO c.z.h.HikariDataSource(close):350 HikariPool-1 - Shutdown initiated..."}}
{"type":"LOG","log":{"level":"INFO","message":"INFO i.a.w.i.DefaultAirbyteStreamFactory(internalLog):159 INFO c.z.h.HikariDataSource(close):352 HikariPool-1 - Shutdown completed."}}
{"type":"LOG","log":{"level":"INFO","message":"INFO i.a.w.i.DefaultAirbyteStreamFactory(internalLog):159 INFO i.a.i.s.r.AbstractDbSource(lambda$read$1):175 Closed database connection pool."}}
{"type":"LOG","log":{"level":"INFO","message":"INFO i.a.w.i.DefaultAirbyteStreamFactory(internalLog):159 INFO i.a.i.b.IntegrationRunner(runInternal):186 Completed integration: io.airbyte.integrations.base.ssh.SshWrappedSource"}}
{"type":"LOG","log":{"level":"INFO","message":"INFO i.a.w.i.DefaultAirbyteStreamFactory(internalLog):159 INFO i.a.i.s.p.PostgresSource(main):509 completed source: class io.airbyte.integrations.source.postgres.PostgresSource"}}
{"type":"LOG","log":{"level":"INFO","message":"INFO o.t.c.GenericContainer(tryStart):376 Creating container for image: postgres:bullseye"}}
{"type":"LOG","log":{"level":"INFO","message":"INFO o.t.c.GenericContainer(tryStart):440 Container postgres:bullseye is starting: e0b5c0fdab9ed305544ea149540e1a85c5e2afb9667b6d29282b63d0a4c78dd8"}}
{"type":"LOG","log":{"level":"INFO","message":"INFO o.t.c.GenericContainer(tryStart):520 Container postgres:bullseye started in PT27.214377S"}}
{"type":"LOG","log":{"level":"INFO","message":"INFO c.z.h.HikariDataSource(<init>):80 HikariPool-5 - Starting..."}}
{"type":"LOG","log":{"level":"INFO","message":"INFO c.z.h.HikariDataSource(<init>):82 HikariPool-5 - Start completed."}}
{"type":"LOG","log":{"level":"INFO","message":"INFO i.a.i.s.s.TestEnvConfigs(getEnvOrDefault):119 Using default value for environment variable WORKER_ENVIRONMENT: 'DOCKER'"}}
{"type":"LOG","log":{"level":"INFO","message":"INFO i.a.i.s.s.TestEnvConfigs(getEnvOrDefault):119 Using default value for environment variable DEPLOYMENT_MODE: 'OSS'"}}
{"type":"LOG","log":{"level":"INFO","message":"INFO i.a.c.i.LineGobbler(voidCall):114 Checking if airbyte/source-postgres:dev exists..."}}
{"type":"LOG","log":{"level":"INFO","message":"INFO i.a.c.i.LineGobbler(voidCall):114 airbyte/source-postgres:dev was found locally."}}
{"type":"LOG","log":{"level":"INFO","message":"INFO i.a.w.p.DockerProcessFactory(create):126 Creating docker container = source-postgres-spec-0-0-gqtco with resources null and allowedHosts null"}}
{"type":"LOG","log":{"level":"INFO","message":"INFO i.a.w.p.DockerProcessFactory(create):171 Preparing command: docker run --rm --init -i -w /data/job --log-driver none --name source-postgres-spec-0-0-gqtco --network host -v /tmp/airbyte_tests/test15585550534117402021:/data -v /tmp/airbyte_tests/output4239190437926657054:/local -e DEPLOYMENT_MODE=OSS -e USE_STREAM_CAPABLE_STATE=true -e FIELD_SELECTION_WORKSPACES= -e WORKER_ENVIRONMENT=DOCKER -e AIRBYTE_ROLE= -e APPLY_FIELD_SELECTION=false -e WORKER_CONNECTOR_IMAGE=airbyte/source-postgres:dev -e WORKER_JOB_ATTEMPT=0 -e AUTO_DETECT_SCHEMA=true -e AIRBYTE_VERSION= -e WORKER_JOB_ID=0 airbyte/source-postgres:dev spec"}}
{"type":"LOG","log":{"level":"INFO","message":"INFO i.a.w.i.DefaultAirbyteStreamFactory(internalLog):159 INFO i.a.i.s.p.PostgresSource(main):507 starting source: class io.airbyte.integrations.source.postgres.PostgresSource"}}
{"type":"LOG","log":{"level":"INFO","message":"INFO i.a.w.i.DefaultAirbyteStreamFactory(internalLog):159 INFO i.a.i.b.IntegrationCliParser(parseOptions):126 integration args: {spec=null}"}}
{"type":"LOG","log":{"level":"INFO","message":"INFO i.a.w.i.DefaultAirbyteStreamFactory(internalLog):159 INFO i.a.i.b.IntegrationRunner(runInternal):108 Running integration: io.airbyte.integrations.base.ssh.SshWrappedSource"}}
{"type":"LOG","log":{"level":"INFO","message":"INFO i.a.w.i.DefaultAirbyteStreamFactory(internalLog):159 INFO i.a.i.b.IntegrationRunner(runInternal):109 Command: SPEC"}}
{"type":"LOG","log":{"level":"INFO","message":"INFO i.a.w.i.DefaultAirbyteStreamFactory(internalLog):159 INFO i.a.i.b.IntegrationRunner(runInternal):110 Integration config: IntegrationConfig{command=SPEC, configPath='null', catalogPath='null', statePath='null'}"}}
{"type":"LOG","log":{"level":"INFO","message":"INFO i.a.w.i.DefaultAirbyteStreamFactory(internalLog):159 INFO i.a.i.b.IntegrationRunner(runInternal):186 Completed integration: io.airbyte.integrations.base.ssh.SshWrappedSource"}}
{"type":"LOG","log":{"level":"INFO","message":"INFO i.a.w.i.DefaultAirbyteStreamFactory(internalLog):159 INFO i.a.i.s.p.PostgresSource(main):509 completed source: class io.airbyte.integrations.source.postgres.PostgresSource"}}
{"type":"LOG","log":{"level":"INFO","message":"INFO o.t.c.GenericContainer(tryStart):376 Creating container for image: postgres:bullseye"}}
{"type":"LOG","log":{"level":"INFO","message":"INFO o.t.c.GenericContainer(tryStart):440 Container postgres:bullseye is starting: 41ec2e9484377eb4cc565356ed547d5e426c3dc41807d4bbdadada7ef4b0f42f"}}
{"type":"LOG","log":{"level":"INFO","message":"INFO o.t.c.GenericContainer(tryStart):520 Container postgres:bullseye started in PT13.631261S"}}
{"type":"LOG","log":{"level":"INFO","message":"INFO c.z.h.HikariDataSource(<init>):80 HikariPool-6 - Starting..."}}
{"type":"LOG","log":{"level":"INFO","message":"INFO c.z.h.HikariDataSource(<init>):82 HikariPool-6 - Start completed."}}
{"type":"LOG","log":{"level":"INFO","message":"INFO i.a.i.s.s.TestEnvConfigs(getEnvOrDefault):119 Using default value for environment variable WORKER_ENVIRONMENT: 'DOCKER'"}}
{"type":"LOG","log":{"level":"INFO","message":"INFO i.a.i.s.s.TestEnvConfigs(getEnvOrDefault):119 Using default value for environment variable DEPLOYMENT_MODE: 'OSS'"}}
{"type":"LOG","log":{"level":"INFO","message":"INFO i.a.c.i.LineGobbler(voidCall):114 Checking if airbyte/source-postgres:dev exists..."}}
{"type":"LOG","log":{"level":"INFO","message":"INFO i.a.c.i.LineGobbler(voidCall):114 airbyte/source-postgres:dev was found locally."}}
{"type":"LOG","log":{"level":"INFO","message":"INFO i.a.w.p.DockerProcessFactory(create):126 Creating docker container = source-postgres-read-0-0-ycwqj with resources null and allowedHosts null"}}
{"type":"LOG","log":{"level":"INFO","message":"INFO i.a.w.p.DockerProcessFactory(create):171 Preparing command: docker run --rm --init -i -w /data/job --log-driver none --name source-postgres-read-0-0-ycwqj --network host -v /tmp/airbyte_tests/test2066316772098167955:/data -v /tmp/airbyte_tests/output30846825156398045:/local -e DEPLOYMENT_MODE=OSS -e USE_STREAM_CAPABLE_STATE=true -e FIELD_SELECTION_WORKSPACES= -e WORKER_ENVIRONMENT=DOCKER -e AIRBYTE_ROLE= -e APPLY_FIELD_SELECTION=false -e WORKER_CONNECTOR_IMAGE=airbyte/source-postgres:dev -e WORKER_JOB_ATTEMPT=0 -e AUTO_DETECT_SCHEMA=true -e AIRBYTE_VERSION= -e WORKER_JOB_ID=0 airbyte/source-postgres:dev read --config source_config.json --catalog source_catalog.json"}}
{"type":"LOG","log":{"level":"INFO","message":"INFO i.a.w.i.DefaultAirbyteStreamFactory(internalLog):159 INFO i.a.i.s.p.PostgresSource(main):507 starting source: class io.airbyte.integrations.source.postgres.PostgresSource"}}
{"type":"LOG","log":{"level":"INFO","message":"INFO i.a.w.i.DefaultAirbyteStreamFactory(internalLog):159 INFO i.a.i.b.IntegrationCliParser(parseOptions):126 integration args: {read=null, catalog=source_catalog.json, config=source_config.json}"}}
{"type":"LOG","log":{"level":"INFO","message":"INFO i.a.w.i.DefaultAirbyteStreamFactory(internalLog):159 INFO i.a.i.b.IntegrationRunner(runInternal):108 Running integration: io.airbyte.integrations.base.ssh.SshWrappedSource"}}
{"type":"LOG","log":{"level":"INFO","message":"INFO i.a.w.i.DefaultAirbyteStreamFactory(internalLog):159 INFO i.a.i.b.IntegrationRunner(runInternal):109 Command: READ"}}
{"type":"LOG","log":{"level":"INFO","message":"INFO i.a.w.i.DefaultAirbyteStreamFactory(internalLog):159 INFO i.a.i.b.IntegrationRunner(runInternal):110 Integration config: IntegrationConfig{command=READ, configPath='source_config.json', catalogPath='source_catalog.json', statePath='null'}"}}
{"type":"LOG","log":{"level":"WARN","message":"WARN i.a.w.i.DefaultAirbyteStreamFactory(internalLog):156 WARN c.n.s.JsonMetaSchema(newValidator):278 Unknown keyword groups - you should define your own Meta Schema. If the keyword is irrelevant for validation, just use a NonValidationKeyword"}}
{"type":"LOG","log":{"level":"WARN","message":"WARN i.a.w.i.DefaultAirbyteStreamFactory(internalLog):156 WARN c.n.s.JsonMetaSchema(newValidator):278 Unknown keyword order - you should define your own Meta Schema. If the keyword is irrelevant for validation, just use a NonValidationKeyword"}}
{"type":"LOG","log":{"level":"WARN","message":"WARN i.a.w.i.DefaultAirbyteStreamFactory(internalLog):156 WARN c.n.s.JsonMetaSchema(newValidator):278 Unknown keyword group - you should define your own Meta Schema. If the keyword is irrelevant for validation, just use a NonValidationKeyword"}}
{"type":"LOG","log":{"level":"WARN","message":"WARN i.a.w.i.DefaultAirbyteStreamFactory(internalLog):156 WARN c.n.s.JsonMetaSchema(newValidator):278 Unknown keyword airbyte_secret - you should define your own Meta Schema. If the keyword is irrelevant for validation, just use a NonValidationKeyword"}}
{"type":"LOG","log":{"level":"WARN","message":"WARN i.a.w.i.DefaultAirbyteStreamFactory(internalLog):156 WARN c.n.s.JsonMetaSchema(newValidator):278 Unknown keyword always_show - you should define your own Meta Schema. If the keyword is irrelevant for validation, just use a NonValidationKeyword"}}
{"type":"LOG","log":{"level":"WARN","message":"WARN i.a.w.i.DefaultAirbyteStreamFactory(internalLog):156 WARN c.n.s.JsonMetaSchema(newValidator):278 Unknown keyword multiline - you should define your own Meta Schema. If the keyword is irrelevant for validation, just use a NonValidationKeyword"}}
{"type":"LOG","log":{"level":"INFO","message":"INFO i.a.w.i.DefaultAirbyteStreamFactory(internalLog):159 INFO i.a.i.b.s.SshTunnel(getInstance):204 Starting connection with method: NO_TUNNEL"}}
{"type":"LOG","log":{"level":"INFO","message":"INFO i.a.w.i.DefaultAirbyteStreamFactory(internalLog):159 INFO i.a.i.s.p.PostgresUtils(isCdc):53 using CDC: false"}}
{"type":"LOG","log":{"level":"INFO","message":"INFO i.a.w.i.DefaultAirbyteStreamFactory(internalLog):159 INFO i.a.i.s.r.s.StateManagerFactory(createStateManager):55 Stream state manager selected to manage state object with type STREAM."}}
{"type":"LOG","log":{"level":"INFO","message":"INFO i.a.w.i.DefaultAirbyteStreamFactory(internalLog):159 INFO i.a.i.s.r.s.CursorManager(createCursorInfoForStream):182 No cursor field set in catalog but not present in state. Stream: public_testview, New Cursor Field: id. Resetting cursor value"}}
{"type":"LOG","log":{"level":"INFO","message":"INFO i.a.w.i.DefaultAirbyteStreamFactory(internalLog):159 INFO i.a.i.s.r.s.CursorManager(createCursorInfoForStream):182 No cursor field set in catalog but not present in state. Stream: public_id_and_name, New Cursor Field: id. Resetting cursor value"}}
{"type":"LOG","log":{"level":"INFO","message":"INFO i.a.w.i.DefaultAirbyteStreamFactory(internalLog):159 INFO i.a.i.s.r.s.CursorManager(createCursorInfoForStream):182 No cursor field set in catalog but not present in state. Stream: public_starships, New Cursor Field: id. Resetting cursor value"}}
{"type":"LOG","log":{"level":"INFO","message":"INFO i.a.w.i.DefaultAirbyteStreamFactory(internalLog):159 INFO i.a.i.s.p.PostgresSource(toSslJdbcParamInternal):544 VERIFY_CA toSslJdbcParam verify-ca"}}
{"type":"LOG","log":{"level":"INFO","message":"INFO i.a.w.i.DefaultAirbyteStreamFactory(internalLog):159 INFO c.z.h.HikariDataSource(<init>):80 HikariPool-1 - Starting..."}}
{"type":"LOG","log":{"level":"INFO","message":"INFO i.a.w.i.DefaultAirbyteStreamFactory(internalLog):159 INFO c.z.h.HikariDataSource(<init>):82 HikariPool-1 - Start completed."}}
{"type":"LOG","log":{"level":"INFO","message":"INFO i.a.w.i.DefaultAirbyteStreamFactory(internalLog):159 INFO i.a.i.s.p.PostgresUtils(isCdc):53 using CDC: false"}}
{"type":"LOG","log":{"level":"INFO","message":"INFO i.a.w.i.DefaultAirbyteStreamFactory(internalLog):159 INFO i.a.i.s.j.AbstractJdbcSource(logPreSyncDebugData):450 Data source product recognized as PostgreSQL:15.3 (Debian 15.3-1.pgdg110+1)"}}
{"type":"LOG","log":{"level":"INFO","message":"INFO i.a.w.i.DefaultAirbyteStreamFactory(internalLog):159 INFO i.a.i.s.p.PostgresSource(logPreSyncDebugData):221 Discovering indexes for schema \"public\", table \"id_and_name\""}}
{"type":"LOG","log":{"level":"INFO","message":"INFO i.a.w.i.DefaultAirbyteStreamFactory(internalLog):159 INFO i.a.i.s.p.PostgresSource(logPreSyncDebugData):221 Discovering indexes for schema \"public\", table \"starships\""}}
{"type":"LOG","log":{"level":"INFO","message":"INFO i.a.w.i.DefaultAirbyteStreamFactory(internalLog):159 INFO i.a.i.s.p.PostgresSource(logPreSyncDebugData):221 Discovering indexes for schema \"public\", table \"testview\""}}
{"type":"LOG","log":{"level":"INFO","message":"INFO i.a.w.i.DefaultAirbyteStreamFactory(internalLog):159 INFO i.a.i.s.p.PostgresQueryUtils(logXminStatus):77 Xmin Status : {Number of wraparounds: 0, Xmin Transaction Value: 734, Xmin Raw Value: 734"}}
{"type":"LOG","log":{"level":"INFO","message":"INFO i.a.w.i.DefaultAirbyteStreamFactory(internalLog):159 INFO i.a.i.s.j.AbstractJdbcSource(discoverInternal):166 Internal schemas to exclude: [catalog_history, information_schema, pg_catalog, pg_internal]"}}
{"type":"LOG","log":{"level":"INFO","message":"INFO i.a.w.i.DefaultAirbyteStreamFactory(internalLog):159 INFO i.a.d.j.s.AdaptiveStreamingQueryConfig(initialize):31 Set initial fetch size: 10 rows"}}
{"type":"LOG","log":{"level":"WARN","message":"WARN i.a.w.i.DefaultAirbyteStreamFactory(internalLog):156 WARN i.a.i.s.r.DbSourceDiscoverUtil(logSourceSchemaChange):82 Source schema changed for table public.id_and_name! Potential mismatches: [id]. Actual schema: {\"type\":\"object\",\"properties\":{\"name\":{\"type\":\"string\"},\"id\":{\"type\":\"number\",\"airbyte_type\":\"integer\"}}}. Catalog schema: {\"type\":\"object\",\"properties\":{\"name\":{\"type\":\"string\"},\"id\":{\"type\":\"number\"}}}"}}
{"type":"LOG","log":{"level":"WARN","message":"WARN i.a.w.i.DefaultAirbyteStreamFactory(internalLog):156 WARN i.a.i.s.r.DbSourceDiscoverUtil(logSourceSchemaChange):82 Source schema changed for table public.starships! Potential mismatches: [id]. Actual schema: {\"type\":\"object\",\"properties\":{\"name\":{\"type\":\"string\"},\"id\":{\"type\":\"number\",\"airbyte_type\":\"integer\"}}}. Catalog schema: {\"type\":\"object\",\"properties\":{\"name\":{\"type\":\"string\"},\"id\":{\"type\":\"number\"}}}"}}
{"type":"LOG","log":{"level":"WARN","message":"WARN i.a.w.i.DefaultAirbyteStreamFactory(internalLog):156 WARN i.a.i.s.r.DbSourceDiscoverUtil(logSourceSchemaChange):82 Source schema changed for table public.testview! Potential mismatches: [id]. Actual schema: {\"type\":\"object\",\"properties\":{\"name\":{\"type\":\"string\"},\"id\":{\"type\":\"number\",\"airbyte_type\":\"integer\"}}}. Catalog schema: {\"type\":\"object\",\"properties\":{\"name\":{\"type\":\"string\"},\"id\":{\"type\":\"number\"}}}"}}
{"type":"LOG","log":{"level":"INFO","message":"INFO i.a.w.i.DefaultAirbyteStreamFactory(internalLog):159 INFO i.a.i.s.p.PostgresUtils(isCdc):53 using CDC: false"}}
{"type":"LOG","log":{"level":"INFO","message":"INFO i.a.w.i.DefaultAirbyteStreamFactory(internalLog):159 INFO i.a.i.s.j.AbstractJdbcSource(queryTableFullRefresh):112 Queueing query for table: id_and_name"}}
{"type":"LOG","log":{"level":"INFO","message":"INFO i.a.w.i.DefaultAirbyteStreamFactory(internalLog):159 INFO i.a.i.s.j.AbstractJdbcSource(queryTableFullRefresh):112 Queueing query for table: starships"}}
{"type":"LOG","log":{"level":"INFO","message":"INFO i.a.w.i.DefaultAirbyteStreamFactory(internalLog):159 INFO i.a.i.s.j.AbstractJdbcSource(queryTableFullRefresh):112 Queueing query for table: testview"}}
{"type":"LOG","log":{"level":"INFO","message":"INFO i.a.w.i.DefaultAirbyteStreamFactory(internalLog):159 INFO i.a.i.s.r.RelationalDbQueryUtils(lambda$queryTable$0):73 Queueing query: SELECT \"id\",\"name\" FROM \"public\".\"id_and_name\""}}
{"type":"LOG","log":{"level":"INFO","message":"INFO i.a.w.i.DefaultAirbyteStreamFactory(internalLog):159 INFO i.a.d.j.s.AdaptiveStreamingQueryConfig(initialize):31 Set initial fetch size: 10 rows"}}
{"type":"LOG","log":{"level":"INFO","message":"INFO i.a.w.i.DefaultAirbyteStreamFactory(internalLog):159 INFO i.a.c.u.CompositeIterator(lambda$emitStartStreamStatus$1):155 STARTING -> public_id_and_name"}}
{"type":"LOG","log":{"level":"INFO","message":"INFO i.a.w.i.DefaultAirbyteStreamFactory(internalLog):159 INFO i.a.c.u.CompositeIterator(lambda$emitRunningStreamStatus$0):148 RUNNING -> public_id_and_name"}}
{"type":"LOG","log":{"level":"INFO","message":"INFO i.a.w.i.DefaultAirbyteStreamFactory(internalLog):159 INFO i.a.c.u.CompositeIterator(lambda$emitCompleteStreamStatus$2):162 COMPLETE -> public_id_and_name"}}
{"type":"LOG","log":{"level":"INFO","message":"INFO i.a.w.i.DefaultAirbyteStreamFactory(internalLog):159 INFO i.a.c.u.CompositeIterator(lambda$emitStartStreamStatus$1):155 STARTING -> public_starships"}}
{"type":"LOG","log":{"level":"INFO","message":"INFO i.a.w.i.DefaultAirbyteStreamFactory(internalLog):159 INFO i.a.i.s.r.RelationalDbQueryUtils(lambda$queryTable$0):73 Queueing query: SELECT \"id\",\"name\" FROM \"public\".\"starships\""}}
{"type":"LOG","log":{"level":"INFO","message":"INFO i.a.w.i.DefaultAirbyteStreamFactory(internalLog):159 INFO i.a.d.j.s.AdaptiveStreamingQueryConfig(initialize):31 Set initial fetch size: 10 rows"}}
{"type":"LOG","log":{"level":"INFO","message":"INFO i.a.w.i.DefaultAirbyteStreamFactory(internalLog):159 INFO i.a.c.u.CompositeIterator(lambda$emitRunningStreamStatus$0):148 RUNNING -> public_starships"}}
{"type":"LOG","log":{"level":"INFO","message":"INFO i.a.w.i.DefaultAirbyteStreamFactory(internalLog):159 INFO i.a.c.u.CompositeIterator(lambda$emitCompleteStreamStatus$2):162 COMPLETE -> public_starships"}}
{"type":"LOG","log":{"level":"INFO","message":"INFO i.a.w.i.DefaultAirbyteStreamFactory(internalLog):159 INFO i.a.c.u.CompositeIterator(lambda$emitStartStreamStatus$1):155 STARTING -> public_testview"}}
{"type":"LOG","log":{"level":"INFO","message":"INFO i.a.w.i.DefaultAirbyteStreamFactory(internalLog):159 INFO i.a.i.s.r.RelationalDbQueryUtils(lambda$queryTable$0):73 Queueing query: SELECT \"id\",\"name\" FROM \"public\".\"testview\""}}
{"type":"LOG","log":{"level":"INFO","message":"INFO i.a.w.i.DefaultAirbyteStreamFactory(internalLog):159 INFO i.a.d.j.s.AdaptiveStreamingQueryConfig(initialize):31 Set initial fetch size: 10 rows"}}
{"type":"LOG","log":{"level":"INFO","message":"INFO i.a.w.i.DefaultAirbyteStreamFactory(internalLog):159 INFO i.a.c.u.CompositeIterator(lambda$emitRunningStreamStatus$0):148 RUNNING -> public_testview"}}
{"type":"LOG","log":{"level":"INFO","message":"INFO i.a.w.i.DefaultAirbyteStreamFactory(internalLog):159 INFO i.a.c.u.CompositeIterator(lambda$emitCompleteStreamStatus$2):162 COMPLETE -> public_testview"}}
{"type":"LOG","log":{"level":"INFO","message":"INFO i.a.w.i.DefaultAirbyteStreamFactory(internalLog):159 INFO i.a.i.s.r.AbstractDbSource(lambda$read$1):173 Closing database connection pool."}}
{"type":"LOG","log":{"level":"INFO","message":"INFO i.a.w.i.DefaultAirbyteStreamFactory(internalLog):159 INFO c.z.h.HikariDataSource(close):350 HikariPool-1 - Shutdown initiated..."}}
{"type":"LOG","log":{"level":"INFO","message":"INFO i.a.w.i.DefaultAirbyteStreamFactory(internalLog):159 INFO c.z.h.HikariDataSource(close):352 HikariPool-1 - Shutdown completed."}}
{"type":"LOG","log":{"level":"INFO","message":"INFO i.a.w.i.DefaultAirbyteStreamFactory(internalLog):159 INFO i.a.i.s.r.AbstractDbSource(lambda$read$1):175 Closed database connection pool."}}
{"type":"LOG","log":{"level":"INFO","message":"INFO i.a.w.i.DefaultAirbyteStreamFactory(internalLog):159 INFO i.a.i.b.IntegrationRunner(runInternal):186 Completed integration: io.airbyte.integrations.base.ssh.SshWrappedSource"}}
{"type":"LOG","log":{"level":"INFO","message":"INFO i.a.w.i.DefaultAirbyteStreamFactory(internalLog):159 INFO i.a.i.s.p.PostgresSource(main):509 completed source: class io.airbyte.integrations.source.postgres.PostgresSource"}}
{"type":"LOG","log":{"level":"INFO","message":"INFO o.t.c.GenericContainer(tryStart):376 Creating container for image: postgres:bullseye"}}
{"type":"LOG","log":{"level":"INFO","message":"INFO o.t.c.GenericContainer(tryStart):440 Container postgres:bullseye is starting: 8a8053ad6bc1a7c009dc4795b34f077c833c2fae9fdbdb556b579d570452cfbe"}}
{"type":"LOG","log":{"level":"INFO","message":"INFO o.t.c.GenericContainer(tryStart):520 Container postgres:bullseye started in PT22.162577S"}}
{"type":"LOG","log":{"level":"INFO","message":"INFO c.z.h.HikariDataSource(<init>):80 HikariPool-7 - Starting..."}}
{"type":"LOG","log":{"level":"INFO","message":"INFO c.z.h.HikariDataSource(<init>):82 HikariPool-7 - Start completed."}}
{"type":"LOG","log":{"level":"INFO","message":"INFO i.a.i.s.s.TestEnvConfigs(getEnvOrDefault):119 Using default value for environment variable WORKER_ENVIRONMENT: 'DOCKER'"}}
{"type":"LOG","log":{"level":"INFO","message":"INFO i.a.i.s.s.TestEnvConfigs(getEnvOrDefault):119 Using default value for environment variable DEPLOYMENT_MODE: 'OSS'"}}
{"type":"LOG","log":{"level":"INFO","message":"INFO i.a.c.i.LineGobbler(voidCall):114 "}}
{"type":"LOG","log":{"level":"INFO","message":"INFO i.a.c.i.LineGobbler(voidCall):114 ----- START CHECK -----"}}
{"type":"LOG","log":{"level":"INFO","message":"INFO i.a.c.i.LineGobbler(voidCall):114 "}}
{"type":"LOG","log":{"level":"INFO","message":"INFO i.a.c.i.LineGobbler(voidCall):114 Checking if airbyte/source-postgres:dev exists..."}}
{"type":"LOG","log":{"level":"INFO","message":"INFO i.a.c.i.LineGobbler(voidCall):114 airbyte/source-postgres:dev was found locally."}}
{"type":"LOG","log":{"level":"INFO","message":"INFO i.a.w.p.DockerProcessFactory(create):126 Creating docker container = source-postgres-check-0-0-hsxov with resources null and allowedHosts null"}}
{"type":"LOG","log":{"level":"INFO","message":"INFO i.a.w.p.DockerProcessFactory(create):171 Preparing command: docker run --rm --init -i -w /data/job --log-driver none --name source-postgres-check-0-0-hsxov --network host -v /tmp/airbyte_tests/test12639001725969533379:/data -v /tmp/airbyte_tests/output13488463027345817420:/local -e DEPLOYMENT_MODE=OSS -e USE_STREAM_CAPABLE_STATE=true -e FIELD_SELECTION_WORKSPACES= -e WORKER_ENVIRONMENT=DOCKER -e AIRBYTE_ROLE= -e APPLY_FIELD_SELECTION=false -e WORKER_CONNECTOR_IMAGE=airbyte/source-postgres:dev -e WORKER_JOB_ATTEMPT=0 -e AUTO_DETECT_SCHEMA=true -e AIRBYTE_VERSION= -e WORKER_JOB_ID=0 airbyte/source-postgres:dev check --config source_config.json"}}
{"type":"LOG","log":{"level":"INFO","message":"INFO i.a.w.i.DefaultAirbyteStreamFactory(internalLog):159 INFO i.a.i.s.p.PostgresSource(main):507 starting source: class io.airbyte.integrations.source.postgres.PostgresSource"}}
{"type":"LOG","log":{"level":"INFO","message":"INFO i.a.w.i.DefaultAirbyteStreamFactory(internalLog):159 INFO i.a.i.b.IntegrationCliParser(parseOptions):126 integration args: {check=null, config=source_config.json}"}}
{"type":"LOG","log":{"level":"INFO","message":"INFO i.a.w.i.DefaultAirbyteStreamFactory(internalLog):159 INFO i.a.i.b.IntegrationRunner(runInternal):108 Running integration: io.airbyte.integrations.base.ssh.SshWrappedSource"}}
{"type":"LOG","log":{"level":"INFO","message":"INFO i.a.w.i.DefaultAirbyteStreamFactory(internalLog):159 INFO i.a.i.b.IntegrationRunner(runInternal):109 Command: CHECK"}}
{"type":"LOG","log":{"level":"INFO","message":"INFO i.a.w.i.DefaultAirbyteStreamFactory(internalLog):159 INFO i.a.i.b.IntegrationRunner(runInternal):110 Integration config: IntegrationConfig{command=CHECK, configPath='source_config.json', catalogPath='null', statePath='null'}"}}
{"type":"LOG","log":{"level":"WARN","message":"WARN i.a.w.i.DefaultAirbyteStreamFactory(internalLog):156 WARN c.n.s.JsonMetaSchema(newValidator):278 Unknown keyword groups - you should define your own Meta Schema. If the keyword is irrelevant for validation, just use a NonValidationKeyword"}}
{"type":"LOG","log":{"level":"WARN","message":"WARN i.a.w.i.DefaultAirbyteStreamFactory(internalLog):156 WARN c.n.s.JsonMetaSchema(newValidator):278 Unknown keyword order - you should define your own Meta Schema. If the keyword is irrelevant for validation, just use a NonValidationKeyword"}}
{"type":"LOG","log":{"level":"WARN","message":"WARN i.a.w.i.DefaultAirbyteStreamFactory(internalLog):156 WARN c.n.s.JsonMetaSchema(newValidator):278 Unknown keyword group - you should define your own Meta Schema. If the keyword is irrelevant for validation, just use a NonValidationKeyword"}}
{"type":"LOG","log":{"level":"WARN","message":"WARN i.a.w.i.DefaultAirbyteStreamFactory(internalLog):156 WARN c.n.s.JsonMetaSchema(newValidator):278 Unknown keyword airbyte_secret - you should define your own Meta Schema. If the keyword is irrelevant for validation, just use a NonValidationKeyword"}}
{"type":"LOG","log":{"level":"WARN","message":"WARN i.a.w.i.DefaultAirbyteStreamFactory(internalLog):156 WARN c.n.s.JsonMetaSchema(newValidator):278 Unknown keyword always_show - you should define your own Meta Schema. If the keyword is irrelevant for validation, just use a NonValidationKeyword"}}
{"type":"LOG","log":{"level":"WARN","message":"WARN i.a.w.i.DefaultAirbyteStreamFactory(internalLog):156 WARN c.n.s.JsonMetaSchema(newValidator):278 Unknown keyword multiline - you should define your own Meta Schema. If the keyword is irrelevant for validation, just use a NonValidationKeyword"}}
{"type":"LOG","log":{"level":"INFO","message":"INFO i.a.w.i.DefaultAirbyteStreamFactory(internalLog):159 INFO i.a.i.b.s.SshTunnel(getInstance):204 Starting connection with method: NO_TUNNEL"}}
{"type":"LOG","log":{"level":"INFO","message":"INFO i.a.w.i.DefaultAirbyteStreamFactory(internalLog):159 INFO i.a.i.s.p.PostgresUtils(isCdc):53 using CDC: false"}}
{"type":"LOG","log":{"level":"INFO","message":"INFO i.a.w.i.DefaultAirbyteStreamFactory(internalLog):159 INFO i.a.i.s.p.PostgresSource(toSslJdbcParamInternal):544 VERIFY_CA toSslJdbcParam verify-ca"}}
{"type":"LOG","log":{"level":"INFO","message":"INFO i.a.w.i.DefaultAirbyteStreamFactory(internalLog):159 INFO c.z.h.HikariDataSource(<init>):80 HikariPool-1 - Starting..."}}
{"type":"LOG","log":{"level":"INFO","message":"INFO i.a.w.i.DefaultAirbyteStreamFactory(internalLog):159 INFO c.z.h.HikariDataSource(<init>):82 HikariPool-1 - Start completed."}}
{"type":"LOG","log":{"level":"INFO","message":"INFO i.a.w.i.DefaultAirbyteStreamFactory(internalLog):159 INFO i.a.i.s.p.PostgresUtils(isCdc):53 using CDC: false"}}
{"type":"LOG","log":{"level":"INFO","message":"INFO i.a.w.i.DefaultAirbyteStreamFactory(internalLog):159 INFO i.a.i.s.p.PostgresUtils(isCdc):53 using CDC: false"}}
{"type":"LOG","log":{"level":"INFO","message":"INFO i.a.w.i.DefaultAirbyteStreamFactory(internalLog):159 INFO i.a.i.s.j.AbstractJdbcSource(lambda$getCheckOperations$1):138 Attempting to get metadata from the database to see if we can connect."}}
{"type":"LOG","log":{"level":"INFO","message":"INFO i.a.w.i.DefaultAirbyteStreamFactory(internalLog):159 INFO c.z.h.HikariDataSource(close):350 HikariPool-1 - Shutdown initiated..."}}
{"type":"LOG","log":{"level":"INFO","message":"INFO i.a.w.i.DefaultAirbyteStreamFactory(internalLog):159 INFO c.z.h.HikariDataSource(close):352 HikariPool-1 - Shutdown completed."}}
{"type":"LOG","log":{"level":"INFO","message":"INFO i.a.w.i.DefaultAirbyteStreamFactory(internalLog):159 INFO i.a.i.b.IntegrationRunner(runInternal):186 Completed integration: io.airbyte.integrations.base.ssh.SshWrappedSource"}}
{"type":"LOG","log":{"level":"INFO","message":"INFO i.a.w.i.DefaultAirbyteStreamFactory(internalLog):159 INFO i.a.i.s.p.PostgresSource(main):509 completed source: class io.airbyte.integrations.source.postgres.PostgresSource"}}
{"type":"LOG","log":{"level":"INFO","message":"INFO i.a.w.g.DefaultCheckConnectionTestHarness(run):107 Check connection job received output: io.airbyte.configoss.StandardCheckConnectionOutput@bc16dcd[status=succeeded,message=<null>]"}}
{"type":"LOG","log":{"level":"INFO","message":"INFO i.a.c.i.LineGobbler(voidCall):114 "}}
{"type":"LOG","log":{"level":"INFO","message":"INFO i.a.c.i.LineGobbler(voidCall):114 ----- END CHECK -----"}}
{"type":"LOG","log":{"level":"INFO","message":"INFO i.a.c.i.LineGobbler(voidCall):114 "}}
{"type":"LOG","log":{"level":"INFO","message":"INFO o.t.c.GenericContainer(tryStart):376 Creating container for image: postgres:bullseye"}}
{"type":"LOG","log":{"level":"INFO","message":"INFO o.t.c.GenericContainer(tryStart):440 Container postgres:bullseye is starting: ceeb71fdaebd0633a99de2ff36af82220cfe04748b22f40036ccbe3df69f8a59"}}
{"type":"LOG","log":{"level":"INFO","message":"INFO o.t.c.GenericContainer(tryStart):520 Container postgres:bullseye started in PT11.40598S"}}
{"type":"LOG","log":{"level":"INFO","message":"INFO c.z.h.HikariDataSource(<init>):80 HikariPool-8 - Starting..."}}
{"type":"LOG","log":{"level":"INFO","message":"INFO c.z.h.HikariDataSource(<init>):82 HikariPool-8 - Start completed."}}
{"type":"LOG","log":{"level":"INFO","message":"INFO i.a.i.s.s.TestEnvConfigs(getEnvOrDefault):119 Using default value for environment variable WORKER_ENVIRONMENT: 'DOCKER'"}}
{"type":"LOG","log":{"level":"INFO","message":"INFO i.a.i.s.s.TestEnvConfigs(getEnvOrDefault):119 Using default value for environment variable DEPLOYMENT_MODE: 'OSS'"}}
{"type":"LOG","log":{"level":"INFO","message":"INFO i.a.c.i.LineGobbler(voidCall):114 Checking if airbyte/source-postgres:dev exists..."}}
{"type":"LOG","log":{"level":"INFO","message":"INFO i.a.c.i.LineGobbler(voidCall):114 airbyte/source-postgres:dev was found locally."}}
{"type":"LOG","log":{"level":"INFO","message":"INFO i.a.w.p.DockerProcessFactory(create):126 Creating docker container = source-postgres-discover-0-0-qgfps with resources null and allowedHosts null"}}
{"type":"LOG","log":{"level":"INFO","message":"INFO i.a.w.p.DockerProcessFactory(create):171 Preparing command: docker run --rm --init -i -w /data/job --log-driver none --name source-postgres-discover-0-0-qgfps --network host -v /tmp/airbyte_tests/test11931504667640837527:/data -v /tmp/airbyte_tests/output16641599709696530064:/local -e DEPLOYMENT_MODE=OSS -e USE_STREAM_CAPABLE_STATE=true -e FIELD_SELECTION_WORKSPACES= -e WORKER_ENVIRONMENT=DOCKER -e AIRBYTE_ROLE= -e APPLY_FIELD_SELECTION=false -e WORKER_CONNECTOR_IMAGE=airbyte/source-postgres:dev -e WORKER_JOB_ATTEMPT=0 -e AUTO_DETECT_SCHEMA=true -e AIRBYTE_VERSION= -e WORKER_JOB_ID=0 airbyte/source-postgres:dev discover --config source_config.json"}}
{"type":"LOG","log":{"level":"INFO","message":"INFO i.a.w.i.DefaultAirbyteStreamFactory(internalLog):159 INFO i.a.i.s.p.PostgresSource(main):507 starting source: class io.airbyte.integrations.source.postgres.PostgresSource"}}
{"type":"LOG","log":{"level":"INFO","message":"INFO i.a.w.i.DefaultAirbyteStreamFactory(internalLog):159 INFO i.a.i.b.IntegrationCliParser(parseOptions):126 integration args: {discover=null, config=source_config.json}"}}
{"type":"LOG","log":{"level":"INFO","message":"INFO i.a.w.i.DefaultAirbyteStreamFactory(internalLog):159 INFO i.a.i.b.IntegrationRunner(runInternal):108 Running integration: io.airbyte.integrations.base.ssh.SshWrappedSource"}}
{"type":"LOG","log":{"level":"INFO","message":"INFO i.a.w.i.DefaultAirbyteStreamFactory(internalLog):159 INFO i.a.i.b.IntegrationRunner(runInternal):109 Command: DISCOVER"}}
{"type":"LOG","log":{"level":"INFO","message":"INFO i.a.w.i.DefaultAirbyteStreamFactory(internalLog):159 INFO i.a.i.b.IntegrationRunner(runInternal):110 Integration config: IntegrationConfig{command=DISCOVER, configPath='source_config.json', catalogPath='null', statePath='null'}"}}
{"type":"LOG","log":{"level":"WARN","message":"WARN i.a.w.i.DefaultAirbyteStreamFactory(internalLog):156 WARN c.n.s.JsonMetaSchema(newValidator):278 Unknown keyword groups - you should define your own Meta Schema. If the keyword is irrelevant for validation, just use a NonValidationKeyword"}}
{"type":"LOG","log":{"level":"WARN","message":"WARN i.a.w.i.DefaultAirbyteStreamFactory(internalLog):156 WARN c.n.s.JsonMetaSchema(newValidator):278 Unknown keyword order - you should define your own Meta Schema. If the keyword is irrelevant for validation, just use a NonValidationKeyword"}}
{"type":"LOG","log":{"level":"WARN","message":"WARN i.a.w.i.DefaultAirbyteStreamFactory(internalLog):156 WARN c.n.s.JsonMetaSchema(newValidator):278 Unknown keyword group - you should define your own Meta Schema. If the keyword is irrelevant for validation, just use a NonValidationKeyword"}}
{"type":"LOG","log":{"level":"WARN","message":"WARN i.a.w.i.DefaultAirbyteStreamFactory(internalLog):156 WARN c.n.s.JsonMetaSchema(newValidator):278 Unknown keyword airbyte_secret - you should define your own Meta Schema. If the keyword is irrelevant for validation, just use a NonValidationKeyword"}}
{"type":"LOG","log":{"level":"WARN","message":"WARN i.a.w.i.DefaultAirbyteStreamFactory(internalLog):156 WARN c.n.s.JsonMetaSchema(newValidator):278 Unknown keyword always_show - you should define your own Meta Schema. If the keyword is irrelevant for validation, just use a NonValidationKeyword"}}
{"type":"LOG","log":{"level":"WARN","message":"WARN i.a.w.i.DefaultAirbyteStreamFactory(internalLog):156 WARN c.n.s.JsonMetaSchema(newValidator):278 Unknown keyword multiline - you should define your own Meta Schema. If the keyword is irrelevant for validation, just use a NonValidationKeyword"}}
{"type":"LOG","log":{"level":"INFO","message":"INFO i.a.w.i.DefaultAirbyteStreamFactory(internalLog):159 INFO i.a.i.b.s.SshTunnel(getInstance):204 Starting connection with method: NO_TUNNEL"}}
{"type":"LOG","log":{"level":"INFO","message":"INFO i.a.w.i.DefaultAirbyteStreamFactory(internalLog):159 INFO i.a.i.s.p.PostgresSource(toSslJdbcParamInternal):544 VERIFY_CA toSslJdbcParam verify-ca"}}
{"type":"LOG","log":{"level":"INFO","message":"INFO i.a.w.i.DefaultAirbyteStreamFactory(internalLog):159 INFO c.z.h.HikariDataSource(<init>):80 HikariPool-1 - Starting..."}}
{"type":"LOG","log":{"level":"INFO","message":"INFO i.a.w.i.DefaultAirbyteStreamFactory(internalLog):159 INFO c.z.h.HikariDataSource(<init>):82 HikariPool-1 - Start completed."}}
{"type":"LOG","log":{"level":"INFO","message":"INFO i.a.w.i.DefaultAirbyteStreamFactory(internalLog):159 INFO i.a.i.s.p.PostgresUtils(isCdc):53 using CDC: false"}}
{"type":"LOG","log":{"level":"INFO","message":"INFO i.a.w.i.DefaultAirbyteStreamFactory(internalLog):159 INFO i.a.i.s.j.AbstractJdbcSource(discoverInternal):166 Internal schemas to exclude: [catalog_history, information_schema, pg_catalog, pg_internal]"}}
{"type":"LOG","log":{"level":"INFO","message":"INFO i.a.w.i.DefaultAirbyteStreamFactory(internalLog):159 INFO i.a.d.j.s.AdaptiveStreamingQueryConfig(initialize):31 Set initial fetch size: 10 rows"}}
{"type":"LOG","log":{"level":"INFO","message":"INFO i.a.w.i.DefaultAirbyteStreamFactory(internalLog):159 INFO i.a.i.s.j.AbstractJdbcSource(discoverPrimaryKeys):266 Discover primary keys for tables: [testview, id_and_name, starships]"}}
{"type":"LOG","log":{"level":"INFO","message":"INFO i.a.w.i.DefaultAirbyteStreamFactory(internalLog):159 INFO c.z.h.HikariDataSource(close):350 HikariPool-1 - Shutdown initiated..."}}
{"type":"LOG","log":{"level":"INFO","message":"INFO i.a.w.i.DefaultAirbyteStreamFactory(internalLog):159 INFO c.z.h.HikariDataSource(close):352 HikariPool-1 - Shutdown completed."}}
{"type":"LOG","log":{"level":"INFO","message":"INFO i.a.w.i.DefaultAirbyteStreamFactory(internalLog):159 INFO i.a.i.s.p.PostgresUtils(isCdc):53 using CDC: false"}}
{"type":"LOG","log":{"level":"INFO","message":"INFO i.a.w.i.DefaultAirbyteStreamFactory(internalLog):159 INFO i.a.i.b.IntegrationRunner(runInternal):186 Completed integration: io.airbyte.integrations.base.ssh.SshWrappedSource"}}
{"type":"LOG","log":{"level":"INFO","message":"INFO i.a.w.i.DefaultAirbyteStreamFactory(internalLog):159 INFO i.a.i.s.p.PostgresSource(main):509 completed source: class io.airbyte.integrations.source.postgres.PostgresSource"}}
{"type":"LOG","log":{"level":"INFO","message":"INFO i.a.a.c.AirbyteApiClient(retryWithJitter):172 Attempt 0 to call to write discover schema result"}}
]]></system-out>
  <system-err><![CDATA[]]></system-err>
</testsuite>
