<?xml version="1.0" encoding="UTF-8"?>
<testsuite name="io.airbyte.integrations.io.airbyte.integration_tests.sources.CdcPostgresSourceAcceptanceTest" tests="10" skipped="0" failures="0" errors="0" timestamp="2023-05-20T14:19:20" hostname="MacBook-Pro-3" time="1105.666">
  <properties/>
  <testcase name="testIdenticalFullRefreshes()" classname="io.airbyte.integrations.io.airbyte.integration_tests.sources.CdcPostgresSourceAcceptanceTest" time="319.299"/>
  <testcase name="testEntrypointEnvVar()" classname="io.airbyte.integrations.io.airbyte.integration_tests.sources.CdcPostgresSourceAcceptanceTest" time="65.382"/>
  <testcase name="testIncrementalSyncWithState()" classname="io.airbyte.integrations.io.airbyte.integration_tests.sources.CdcPostgresSourceAcceptanceTest" time="226.023"/>
  <testcase name="testEmptyStateIncrementalIdenticalToFullRefresh()" classname="io.airbyte.integrations.io.airbyte.integration_tests.sources.CdcPostgresSourceAcceptanceTest" time="139.951"/>
  <testcase name="testGetSpec()" classname="io.airbyte.integrations.io.airbyte.integration_tests.sources.CdcPostgresSourceAcceptanceTest" time="67.978"/>
  <testcase name="testFullRefreshRead()" classname="io.airbyte.integrations.io.airbyte.integration_tests.sources.CdcPostgresSourceAcceptanceTest" time="40.808"/>
  <testcase name="testCheckConnection()" classname="io.airbyte.integrations.io.airbyte.integration_tests.sources.CdcPostgresSourceAcceptanceTest" time="42.15"/>
  <testcase name="testDiscover()" classname="io.airbyte.integrations.io.airbyte.integration_tests.sources.CdcPostgresSourceAcceptanceTest" time="55.309"/>
  <testcase name="testFullRefreshReadSelectedColumns()" classname="io.airbyte.integrations.io.airbyte.integration_tests.sources.CdcPostgresSourceAcceptanceTest" time="70.609"/>
  <testcase name="testIncrementalReadSelectedColumns()" classname="io.airbyte.integrations.io.airbyte.integration_tests.sources.CdcPostgresSourceAcceptanceTest" time="78.131"/>
  <system-out><![CDATA[{"type":"LOG","log":{"level":"INFO","message":"INFO o.t.u.ImageNameSubstitutor(instance):55 Image name substitution will be performed by: DefaultImageNameSubstitutor (composite of 'ConfigurationFileImageNameSubstitutor' and 'PrefixingImageNameSubstitutor')"}}
{"type":"LOG","log":{"level":"INFO","message":"INFO o.t.d.DockerClientProviderStrategy(lambda$loadConfiguredStrategy$9):362 Loaded org.testcontainers.dockerclient.UnixSocketClientProviderStrategy from ~/.testcontainers.properties, will try it first"}}
{"type":"LOG","log":{"level":"INFO","message":"INFO o.t.d.DockerClientProviderStrategy(tryOutStrategy):272 Found Docker environment with local Unix socket (unix:///var/run/docker.sock)"}}
{"type":"LOG","log":{"level":"INFO","message":"INFO o.t.DockerClientFactory(client):198 Docker host IP address is localhost"}}
{"type":"LOG","log":{"level":"INFO","message":"INFO o.t.DockerClientFactory(client):205 Connected to docker: \n  Server Version: 20.10.12\n  API Version: 1.41\n  Operating System: Docker Desktop\n  Total Memory: 1985 MB"}}
{"type":"LOG","log":{"level":"INFO","message":"INFO o.t.c.GenericContainer(tryStart):376 Creating container for image: testcontainers/ryuk:0.3.4"}}
{"type":"LOG","log":{"level":"INFO","message":"INFO o.t.c.GenericContainer(tryStart):440 Container testcontainers/ryuk:0.3.4 is starting: fc15fd741d95e8fec87d8c1b7596708ac84e4d11ad723efa0ffd4ddd219c9175"}}
{"type":"LOG","log":{"level":"INFO","message":"INFO o.t.c.GenericContainer(tryStart):520 Container testcontainers/ryuk:0.3.4 started in PT36.618878S"}}
{"type":"LOG","log":{"level":"INFO","message":"INFO o.t.u.RyukResourceReaper(init):43 Ryuk started - will monitor and terminate Testcontainers containers on JVM exit"}}
{"type":"LOG","log":{"level":"INFO","message":"INFO o.t.DockerClientFactory(client):235 Checking the system..."}}
{"type":"LOG","log":{"level":"INFO","message":"INFO o.t.DockerClientFactory(check):256 ✔︎ Docker server version should be at least 1.6.0"}}
{"type":"LOG","log":{"level":"INFO","message":"INFO o.t.c.GenericContainer(tryStart):376 Creating container for image: postgres:13-alpine"}}
{"type":"LOG","log":{"level":"INFO","message":"INFO o.t.c.GenericContainer(tryStart):440 Container postgres:13-alpine is starting: 6d04b2aa7ed9f7c7d83fbb03778a679db90740dc50e050940b3babe13fb69a6e"}}
{"type":"LOG","log":{"level":"INFO","message":"INFO o.t.c.GenericContainer(tryStart):520 Container postgres:13-alpine started in PT39.548261S"}}
{"type":"LOG","log":{"level":"INFO","message":"INFO c.z.h.HikariDataSource(<init>):80 HikariPool-1 - Starting..."}}
{"type":"LOG","log":{"level":"INFO","message":"INFO c.z.h.HikariDataSource(<init>):82 HikariPool-1 - Start completed."}}
{"type":"LOG","log":{"level":"INFO","message":"INFO o.j.t.JooqLogger(info):312 \n                                      \n@@@@@@@@@@@@@@@@@@@@@@@@@@@@@@@@@@@@@@\n@@@@@@@@@@@@@@@@@@@@@@@@@@@@@@@@@@@@@@\n@@@@@@@@@@@@@@@@  @@        @@@@@@@@@@\n@@@@@@@@@@@@@@@@@@@@        @@@@@@@@@@\n@@@@@@@@@@@@@@@@  @@  @@    @@@@@@@@@@\n@@@@@@@@@@  @@@@  @@  @@    @@@@@@@@@@\n@@@@@@@@@@        @@        @@@@@@@@@@\n@@@@@@@@@@@@@@@@@@@@@@@@@@@@@@@@@@@@@@\n@@@@@@@@@@@@@@@@@@@@@@@@@@@@@@@@@@@@@@\n@@@@@@@@@@        @@        @@@@@@@@@@\n@@@@@@@@@@    @@  @@  @@@@  @@@@@@@@@@\n@@@@@@@@@@    @@  @@  @@@@  @@@@@@@@@@\n@@@@@@@@@@        @@  @  @  @@@@@@@@@@\n@@@@@@@@@@        @@        @@@@@@@@@@\n@@@@@@@@@@@@@@@@@@@@@@@  @@@@@@@@@@@@@\n@@@@@@@@@@@@@@@@@@@@@@@@@@@@@@@@@@@@@@\n@@@@@@@@@@@@@@@@@@@@@@@@@@@@@@@@@@@@@@  Thank you for using jOOQ 3.13.4\n                                      "}}
{"type":"LOG","log":{"level":"INFO","message":"INFO i.a.i.s.s.TestEnvConfigs(getEnvOrDefault):119 Using default value for environment variable WORKER_ENVIRONMENT: 'DOCKER'"}}
{"type":"LOG","log":{"level":"INFO","message":"INFO i.a.i.s.s.TestEnvConfigs(getEnvOrDefault):119 Using default value for environment variable DEPLOYMENT_MODE: 'OSS'"}}
{"type":"LOG","log":{"level":"INFO","message":"INFO i.a.c.i.LineGobbler(voidCall):114 Checking if airbyte/source-postgres:dev exists..."}}
{"type":"LOG","log":{"level":"INFO","message":"INFO i.a.c.i.LineGobbler(voidCall):114 airbyte/source-postgres:dev was found locally."}}
{"type":"LOG","log":{"level":"INFO","message":"INFO i.a.w.p.DockerProcessFactory(create):126 Creating docker container = source-postgres-read-0-0-bjbwc with resources null and allowedHosts null"}}
{"type":"LOG","log":{"level":"INFO","message":"INFO i.a.w.p.DockerProcessFactory(create):171 Preparing command: docker run --rm --init -i -w /data/job --log-driver none --name source-postgres-read-0-0-bjbwc --network host -v /tmp/airbyte_tests/test15603580467535384658:/data -v /tmp/airbyte_tests/output3197451200721056396:/local -e DEPLOYMENT_MODE=OSS -e USE_STREAM_CAPABLE_STATE=false -e FIELD_SELECTION_WORKSPACES= -e WORKER_ENVIRONMENT=DOCKER -e AIRBYTE_ROLE= -e APPLY_FIELD_SELECTION=false -e WORKER_CONNECTOR_IMAGE=airbyte/source-postgres:dev -e WORKER_JOB_ATTEMPT=0 -e AUTO_DETECT_SCHEMA=true -e AIRBYTE_VERSION= -e WORKER_JOB_ID=0 airbyte/source-postgres:dev read --config source_config.json --catalog source_catalog.json"}}
{"type":"LOG","log":{"level":"INFO","message":"INFO i.a.w.i.DefaultAirbyteStreamFactory(internalLog):159 INFO i.a.i.s.p.PostgresSource(main):507 starting source: class io.airbyte.integrations.source.postgres.PostgresSource"}}
{"type":"LOG","log":{"level":"INFO","message":"INFO i.a.w.i.DefaultAirbyteStreamFactory(internalLog):159 INFO i.a.i.b.IntegrationCliParser(parseOptions):126 integration args: {read=null, catalog=source_catalog.json, config=source_config.json}"}}
{"type":"LOG","log":{"level":"INFO","message":"INFO i.a.w.i.DefaultAirbyteStreamFactory(internalLog):159 INFO i.a.i.b.IntegrationRunner(runInternal):108 Running integration: io.airbyte.integrations.base.ssh.SshWrappedSource"}}
{"type":"LOG","log":{"level":"INFO","message":"INFO i.a.w.i.DefaultAirbyteStreamFactory(internalLog):159 INFO i.a.i.b.IntegrationRunner(runInternal):109 Command: READ"}}
{"type":"LOG","log":{"level":"INFO","message":"INFO i.a.w.i.DefaultAirbyteStreamFactory(internalLog):159 INFO i.a.i.b.IntegrationRunner(runInternal):110 Integration config: IntegrationConfig{command=READ, configPath='source_config.json', catalogPath='source_catalog.json', statePath='null'}"}}
{"type":"LOG","log":{"level":"WARN","message":"WARN i.a.w.i.DefaultAirbyteStreamFactory(internalLog):156 WARN c.n.s.JsonMetaSchema(newValidator):278 Unknown keyword groups - you should define your own Meta Schema. If the keyword is irrelevant for validation, just use a NonValidationKeyword"}}
{"type":"LOG","log":{"level":"WARN","message":"WARN i.a.w.i.DefaultAirbyteStreamFactory(internalLog):156 WARN c.n.s.JsonMetaSchema(newValidator):278 Unknown keyword order - you should define your own Meta Schema. If the keyword is irrelevant for validation, just use a NonValidationKeyword"}}
{"type":"LOG","log":{"level":"WARN","message":"WARN i.a.w.i.DefaultAirbyteStreamFactory(internalLog):156 WARN c.n.s.JsonMetaSchema(newValidator):278 Unknown keyword group - you should define your own Meta Schema. If the keyword is irrelevant for validation, just use a NonValidationKeyword"}}
{"type":"LOG","log":{"level":"WARN","message":"WARN i.a.w.i.DefaultAirbyteStreamFactory(internalLog):156 WARN c.n.s.JsonMetaSchema(newValidator):278 Unknown keyword airbyte_secret - you should define your own Meta Schema. If the keyword is irrelevant for validation, just use a NonValidationKeyword"}}
{"type":"LOG","log":{"level":"WARN","message":"WARN i.a.w.i.DefaultAirbyteStreamFactory(internalLog):156 WARN c.n.s.JsonMetaSchema(newValidator):278 Unknown keyword always_show - you should define your own Meta Schema. If the keyword is irrelevant for validation, just use a NonValidationKeyword"}}
{"type":"LOG","log":{"level":"WARN","message":"WARN i.a.w.i.DefaultAirbyteStreamFactory(internalLog):156 WARN c.n.s.JsonMetaSchema(newValidator):278 Unknown keyword min - you should define your own Meta Schema. If the keyword is irrelevant for validation, just use a NonValidationKeyword"}}
{"type":"LOG","log":{"level":"WARN","message":"WARN i.a.w.i.DefaultAirbyteStreamFactory(internalLog):156 WARN c.n.s.JsonMetaSchema(newValidator):278 Unknown keyword max - you should define your own Meta Schema. If the keyword is irrelevant for validation, just use a NonValidationKeyword"}}
{"type":"LOG","log":{"level":"INFO","message":"INFO i.a.w.i.DefaultAirbyteStreamFactory(internalLog):159 INFO i.a.i.b.s.SshTunnel(getInstance):204 Starting connection with method: NO_TUNNEL"}}
{"type":"LOG","log":{"level":"INFO","message":"INFO i.a.w.i.DefaultAirbyteStreamFactory(internalLog):159 INFO i.a.i.s.r.s.StateManagerFactory(createStateManager):48 Legacy state manager selected to manage state object with type LEGACY."}}
{"type":"LOG","log":{"level":"INFO","message":"INFO i.a.w.i.DefaultAirbyteStreamFactory(internalLog):159 INFO i.a.i.s.r.s.CursorManager(createCursorInfoForStream):182 No cursor field set in catalog but not present in state. Stream: public_id_and_name, New Cursor Field: null. Resetting cursor value"}}
{"type":"LOG","log":{"level":"INFO","message":"INFO i.a.w.i.DefaultAirbyteStreamFactory(internalLog):159 INFO i.a.i.s.r.s.CursorManager(createCursorInfoForStream):182 No cursor field set in catalog but not present in state. Stream: public_starships, New Cursor Field: null. Resetting cursor value"}}
{"type":"LOG","log":{"level":"INFO","message":"INFO i.a.w.i.DefaultAirbyteStreamFactory(internalLog):159 INFO i.a.i.s.r.CdcStateManager(<init>):29 Initialized CDC state with: null"}}
{"type":"LOG","log":{"level":"INFO","message":"INFO i.a.w.i.DefaultAirbyteStreamFactory(internalLog):159 INFO c.z.h.HikariDataSource(<init>):80 HikariPool-1 - Starting..."}}
{"type":"LOG","log":{"level":"INFO","message":"INFO i.a.w.i.DefaultAirbyteStreamFactory(internalLog):159 INFO c.z.h.HikariDataSource(<init>):82 HikariPool-1 - Start completed."}}
{"type":"LOG","log":{"level":"INFO","message":"INFO i.a.w.i.DefaultAirbyteStreamFactory(internalLog):159 INFO i.a.i.s.p.PostgresUtils(isCdc):53 using CDC: true"}}
{"type":"LOG","log":{"level":"INFO","message":"INFO i.a.w.i.DefaultAirbyteStreamFactory(internalLog):159 INFO i.a.d.j.s.AdaptiveStreamingQueryConfig(initialize):31 Set initial fetch size: 10 rows"}}
{"type":"LOG","log":{"level":"INFO","message":"INFO i.a.w.i.DefaultAirbyteStreamFactory(internalLog):159 INFO i.a.i.s.p.PostgresCdcCatalogHelper(getPublicizedTables):119 For CDC, only tables in publication publication will be included in the sync: [public.id_and_name, public.starships]"}}
{"type":"LOG","log":{"level":"INFO","message":"INFO i.a.w.i.DefaultAirbyteStreamFactory(internalLog):159 INFO i.a.i.s.j.AbstractJdbcSource(logPreSyncDebugData):450 Data source product recognized as PostgreSQL:13.11"}}
{"type":"LOG","log":{"level":"INFO","message":"INFO i.a.w.i.DefaultAirbyteStreamFactory(internalLog):159 INFO i.a.i.s.p.PostgresSource(logPreSyncDebugData):221 Discovering indexes for schema \"public\", table \"id_and_name\""}}
{"type":"LOG","log":{"level":"INFO","message":"INFO i.a.w.i.DefaultAirbyteStreamFactory(internalLog):159 INFO i.a.i.s.p.PostgresSource(logPreSyncDebugData):223 Index name: id_and_name_pkey, Column: id, Unique: true"}}
{"type":"LOG","log":{"level":"INFO","message":"INFO i.a.w.i.DefaultAirbyteStreamFactory(internalLog):159 INFO i.a.i.s.p.PostgresSource(logPreSyncDebugData):221 Discovering indexes for schema \"public\", table \"starships\""}}
{"type":"LOG","log":{"level":"INFO","message":"INFO i.a.w.i.DefaultAirbyteStreamFactory(internalLog):159 INFO i.a.i.s.p.PostgresSource(logPreSyncDebugData):223 Index name: starships_pkey, Column: id, Unique: true"}}
{"type":"LOG","log":{"level":"INFO","message":"INFO i.a.w.i.DefaultAirbyteStreamFactory(internalLog):159 INFO i.a.i.s.p.PostgresQueryUtils(logXminStatus):77 Xmin Status : {Number of wraparounds: 0, Xmin Transaction Value: 492, Xmin Raw Value: 492"}}
{"type":"LOG","log":{"level":"INFO","message":"INFO i.a.w.i.DefaultAirbyteStreamFactory(internalLog):159 INFO i.a.i.s.j.AbstractJdbcSource(discoverInternal):166 Internal schemas to exclude: [catalog_history, information_schema, pg_catalog, pg_internal]"}}
{"type":"LOG","log":{"level":"INFO","message":"INFO i.a.w.i.DefaultAirbyteStreamFactory(internalLog):159 INFO i.a.d.j.s.AdaptiveStreamingQueryConfig(initialize):31 Set initial fetch size: 10 rows"}}
{"type":"LOG","log":{"level":"INFO","message":"INFO i.a.w.i.DefaultAirbyteStreamFactory(internalLog):159 INFO i.a.i.s.p.PostgresUtils(isCdc):53 using CDC: true"}}
{"type":"LOG","log":{"level":"INFO","message":"INFO i.a.w.i.DefaultAirbyteStreamFactory(internalLog):159 INFO i.a.i.s.j.AbstractJdbcSource(queryTableFullRefresh):112 Queueing query for table: id_and_name"}}
{"type":"LOG","log":{"level":"INFO","message":"INFO i.a.w.i.DefaultAirbyteStreamFactory(internalLog):159 INFO i.a.i.s.j.AbstractJdbcSource(queryTableFullRefresh):112 Queueing query for table: starships"}}
{"type":"LOG","log":{"level":"INFO","message":"INFO i.a.w.i.DefaultAirbyteStreamFactory(internalLog):159 INFO i.a.i.s.r.RelationalDbQueryUtils(lambda$queryTable$0):73 Queueing query: SELECT \"id\",\"name\" FROM \"public\".\"id_and_name\""}}
{"type":"LOG","log":{"level":"INFO","message":"INFO i.a.w.i.DefaultAirbyteStreamFactory(internalLog):159 INFO i.a.d.j.s.AdaptiveStreamingQueryConfig(initialize):31 Set initial fetch size: 10 rows"}}
{"type":"LOG","log":{"level":"INFO","message":"INFO i.a.w.i.DefaultAirbyteStreamFactory(internalLog):159 INFO i.a.c.u.CompositeIterator(lambda$emitStartStreamStatus$1):155 STARTING -> public_id_and_name"}}
{"type":"LOG","log":{"level":"INFO","message":"INFO i.a.w.i.DefaultAirbyteStreamFactory(internalLog):159 INFO i.a.c.u.CompositeIterator(lambda$emitRunningStreamStatus$0):148 RUNNING -> public_id_and_name"}}
{"type":"LOG","log":{"level":"WARN","message":"WARN c.n.s.JsonMetaSchema(newValidator):278 Unknown keyword existingJavaType - you should define your own Meta Schema. If the keyword is irrelevant for validation, just use a NonValidationKeyword"}}
{"type":"LOG","log":{"level":"INFO","message":"INFO i.a.w.i.DefaultAirbyteStreamFactory(internalLog):159 INFO i.a.c.u.CompositeIterator(lambda$emitCompleteStreamStatus$2):162 COMPLETE -> public_id_and_name"}}
{"type":"LOG","log":{"level":"INFO","message":"INFO i.a.w.i.DefaultAirbyteStreamFactory(internalLog):159 INFO i.a.c.u.CompositeIterator(lambda$emitStartStreamStatus$1):155 STARTING -> public_starships"}}
{"type":"LOG","log":{"level":"INFO","message":"INFO i.a.w.i.DefaultAirbyteStreamFactory(internalLog):159 INFO i.a.i.s.r.RelationalDbQueryUtils(lambda$queryTable$0):73 Queueing query: SELECT \"id\",\"name\" FROM \"public\".\"starships\""}}
{"type":"LOG","log":{"level":"INFO","message":"INFO i.a.w.i.DefaultAirbyteStreamFactory(internalLog):159 INFO i.a.d.j.s.AdaptiveStreamingQueryConfig(initialize):31 Set initial fetch size: 10 rows"}}
{"type":"LOG","log":{"level":"INFO","message":"INFO i.a.w.i.DefaultAirbyteStreamFactory(internalLog):159 INFO i.a.c.u.CompositeIterator(lambda$emitRunningStreamStatus$0):148 RUNNING -> public_starships"}}
{"type":"LOG","log":{"level":"INFO","message":"INFO i.a.w.i.DefaultAirbyteStreamFactory(internalLog):159 INFO i.a.c.u.CompositeIterator(lambda$emitCompleteStreamStatus$2):162 COMPLETE -> public_starships"}}
{"type":"LOG","log":{"level":"INFO","message":"INFO i.a.w.i.DefaultAirbyteStreamFactory(internalLog):159 INFO i.a.i.s.r.AbstractDbSource(lambda$read$1):173 Closing database connection pool."}}
{"type":"LOG","log":{"level":"INFO","message":"INFO i.a.w.i.DefaultAirbyteStreamFactory(internalLog):159 INFO c.z.h.HikariDataSource(close):350 HikariPool-1 - Shutdown initiated..."}}
{"type":"LOG","log":{"level":"INFO","message":"INFO i.a.w.i.DefaultAirbyteStreamFactory(internalLog):159 INFO c.z.h.HikariDataSource(close):352 HikariPool-1 - Shutdown completed."}}
{"type":"LOG","log":{"level":"INFO","message":"INFO i.a.w.i.DefaultAirbyteStreamFactory(internalLog):159 INFO i.a.i.s.r.AbstractDbSource(lambda$read$1):175 Closed database connection pool."}}
{"type":"LOG","log":{"level":"INFO","message":"INFO i.a.w.i.DefaultAirbyteStreamFactory(internalLog):159 INFO i.a.i.b.IntegrationRunner(runInternal):186 Completed integration: io.airbyte.integrations.base.ssh.SshWrappedSource"}}
{"type":"LOG","log":{"level":"INFO","message":"INFO i.a.w.i.DefaultAirbyteStreamFactory(internalLog):159 INFO i.a.i.s.p.PostgresSource(main):509 completed source: class io.airbyte.integrations.source.postgres.PostgresSource"}}
{"type":"LOG","log":{"level":"INFO","message":"INFO i.a.c.i.LineGobbler(voidCall):114 Checking if airbyte/source-postgres:dev exists..."}}
{"type":"LOG","log":{"level":"INFO","message":"INFO i.a.c.i.LineGobbler(voidCall):114 airbyte/source-postgres:dev was found locally."}}
{"type":"LOG","log":{"level":"INFO","message":"INFO i.a.w.p.DockerProcessFactory(create):126 Creating docker container = source-postgres-read-0-0-voprb with resources null and allowedHosts null"}}
{"type":"LOG","log":{"level":"INFO","message":"INFO i.a.w.p.DockerProcessFactory(create):171 Preparing command: docker run --rm --init -i -w /data/job --log-driver none --name source-postgres-read-0-0-voprb --network host -v /tmp/airbyte_tests/test15603580467535384658:/data -v /tmp/airbyte_tests/output3197451200721056396:/local -e DEPLOYMENT_MODE=OSS -e USE_STREAM_CAPABLE_STATE=false -e FIELD_SELECTION_WORKSPACES= -e WORKER_ENVIRONMENT=DOCKER -e AIRBYTE_ROLE= -e APPLY_FIELD_SELECTION=false -e WORKER_CONNECTOR_IMAGE=airbyte/source-postgres:dev -e WORKER_JOB_ATTEMPT=0 -e AUTO_DETECT_SCHEMA=true -e AIRBYTE_VERSION= -e WORKER_JOB_ID=0 airbyte/source-postgres:dev read --config source_config.json --catalog source_catalog.json"}}
{"type":"LOG","log":{"level":"INFO","message":"INFO i.a.w.i.DefaultAirbyteStreamFactory(internalLog):159 INFO i.a.i.s.p.PostgresSource(main):507 starting source: class io.airbyte.integrations.source.postgres.PostgresSource"}}
{"type":"LOG","log":{"level":"INFO","message":"INFO i.a.w.i.DefaultAirbyteStreamFactory(internalLog):159 INFO i.a.i.b.IntegrationCliParser(parseOptions):126 integration args: {read=null, catalog=source_catalog.json, config=source_config.json}"}}
{"type":"LOG","log":{"level":"INFO","message":"INFO i.a.w.i.DefaultAirbyteStreamFactory(internalLog):159 INFO i.a.i.b.IntegrationRunner(runInternal):108 Running integration: io.airbyte.integrations.base.ssh.SshWrappedSource"}}
{"type":"LOG","log":{"level":"INFO","message":"INFO i.a.w.i.DefaultAirbyteStreamFactory(internalLog):159 INFO i.a.i.b.IntegrationRunner(runInternal):109 Command: READ"}}
{"type":"LOG","log":{"level":"INFO","message":"INFO i.a.w.i.DefaultAirbyteStreamFactory(internalLog):159 INFO i.a.i.b.IntegrationRunner(runInternal):110 Integration config: IntegrationConfig{command=READ, configPath='source_config.json', catalogPath='source_catalog.json', statePath='null'}"}}
{"type":"LOG","log":{"level":"WARN","message":"WARN i.a.w.i.DefaultAirbyteStreamFactory(internalLog):156 WARN c.n.s.JsonMetaSchema(newValidator):278 Unknown keyword groups - you should define your own Meta Schema. If the keyword is irrelevant for validation, just use a NonValidationKeyword"}}
{"type":"LOG","log":{"level":"WARN","message":"WARN i.a.w.i.DefaultAirbyteStreamFactory(internalLog):156 WARN c.n.s.JsonMetaSchema(newValidator):278 Unknown keyword order - you should define your own Meta Schema. If the keyword is irrelevant for validation, just use a NonValidationKeyword"}}
{"type":"LOG","log":{"level":"WARN","message":"WARN i.a.w.i.DefaultAirbyteStreamFactory(internalLog):156 WARN c.n.s.JsonMetaSchema(newValidator):278 Unknown keyword group - you should define your own Meta Schema. If the keyword is irrelevant for validation, just use a NonValidationKeyword"}}
{"type":"LOG","log":{"level":"WARN","message":"WARN i.a.w.i.DefaultAirbyteStreamFactory(internalLog):156 WARN c.n.s.JsonMetaSchema(newValidator):278 Unknown keyword airbyte_secret - you should define your own Meta Schema. If the keyword is irrelevant for validation, just use a NonValidationKeyword"}}
{"type":"LOG","log":{"level":"WARN","message":"WARN i.a.w.i.DefaultAirbyteStreamFactory(internalLog):156 WARN c.n.s.JsonMetaSchema(newValidator):278 Unknown keyword always_show - you should define your own Meta Schema. If the keyword is irrelevant for validation, just use a NonValidationKeyword"}}
{"type":"LOG","log":{"level":"WARN","message":"WARN i.a.w.i.DefaultAirbyteStreamFactory(internalLog):156 WARN c.n.s.JsonMetaSchema(newValidator):278 Unknown keyword min - you should define your own Meta Schema. If the keyword is irrelevant for validation, just use a NonValidationKeyword"}}
{"type":"LOG","log":{"level":"WARN","message":"WARN i.a.w.i.DefaultAirbyteStreamFactory(internalLog):156 WARN c.n.s.JsonMetaSchema(newValidator):278 Unknown keyword max - you should define your own Meta Schema. If the keyword is irrelevant for validation, just use a NonValidationKeyword"}}
{"type":"LOG","log":{"level":"INFO","message":"INFO i.a.w.i.DefaultAirbyteStreamFactory(internalLog):159 INFO i.a.i.b.s.SshTunnel(getInstance):204 Starting connection with method: NO_TUNNEL"}}
{"type":"LOG","log":{"level":"INFO","message":"INFO i.a.w.i.DefaultAirbyteStreamFactory(internalLog):159 INFO i.a.i.s.r.s.StateManagerFactory(createStateManager):48 Legacy state manager selected to manage state object with type LEGACY."}}
{"type":"LOG","log":{"level":"INFO","message":"INFO i.a.w.i.DefaultAirbyteStreamFactory(internalLog):159 INFO i.a.i.s.r.s.CursorManager(createCursorInfoForStream):182 No cursor field set in catalog but not present in state. Stream: public_id_and_name, New Cursor Field: null. Resetting cursor value"}}
{"type":"LOG","log":{"level":"INFO","message":"INFO i.a.w.i.DefaultAirbyteStreamFactory(internalLog):159 INFO i.a.i.s.r.s.CursorManager(createCursorInfoForStream):182 No cursor field set in catalog but not present in state. Stream: public_starships, New Cursor Field: null. Resetting cursor value"}}
{"type":"LOG","log":{"level":"INFO","message":"INFO i.a.w.i.DefaultAirbyteStreamFactory(internalLog):159 INFO i.a.i.s.r.CdcStateManager(<init>):29 Initialized CDC state with: null"}}
{"type":"LOG","log":{"level":"INFO","message":"INFO i.a.w.i.DefaultAirbyteStreamFactory(internalLog):159 INFO c.z.h.HikariDataSource(<init>):80 HikariPool-1 - Starting..."}}
{"type":"LOG","log":{"level":"INFO","message":"INFO i.a.w.i.DefaultAirbyteStreamFactory(internalLog):159 INFO c.z.h.HikariDataSource(<init>):82 HikariPool-1 - Start completed."}}
{"type":"LOG","log":{"level":"INFO","message":"INFO i.a.w.i.DefaultAirbyteStreamFactory(internalLog):159 INFO i.a.i.s.p.PostgresUtils(isCdc):53 using CDC: true"}}
{"type":"LOG","log":{"level":"INFO","message":"INFO i.a.w.i.DefaultAirbyteStreamFactory(internalLog):159 INFO i.a.d.j.s.AdaptiveStreamingQueryConfig(initialize):31 Set initial fetch size: 10 rows"}}
{"type":"LOG","log":{"level":"INFO","message":"INFO i.a.w.i.DefaultAirbyteStreamFactory(internalLog):159 INFO i.a.i.s.p.PostgresCdcCatalogHelper(getPublicizedTables):119 For CDC, only tables in publication publication will be included in the sync: [public.id_and_name, public.starships]"}}
{"type":"LOG","log":{"level":"INFO","message":"INFO i.a.w.i.DefaultAirbyteStreamFactory(internalLog):159 INFO i.a.i.s.j.AbstractJdbcSource(logPreSyncDebugData):450 Data source product recognized as PostgreSQL:13.11"}}
{"type":"LOG","log":{"level":"INFO","message":"INFO i.a.w.i.DefaultAirbyteStreamFactory(internalLog):159 INFO i.a.i.s.p.PostgresSource(logPreSyncDebugData):221 Discovering indexes for schema \"public\", table \"id_and_name\""}}
{"type":"LOG","log":{"level":"INFO","message":"INFO i.a.w.i.DefaultAirbyteStreamFactory(internalLog):159 INFO i.a.i.s.p.PostgresSource(logPreSyncDebugData):223 Index name: id_and_name_pkey, Column: id, Unique: true"}}
{"type":"LOG","log":{"level":"INFO","message":"INFO i.a.w.i.DefaultAirbyteStreamFactory(internalLog):159 INFO i.a.i.s.p.PostgresSource(logPreSyncDebugData):221 Discovering indexes for schema \"public\", table \"starships\""}}
{"type":"LOG","log":{"level":"INFO","message":"INFO i.a.w.i.DefaultAirbyteStreamFactory(internalLog):159 INFO i.a.i.s.p.PostgresSource(logPreSyncDebugData):223 Index name: starships_pkey, Column: id, Unique: true"}}
{"type":"LOG","log":{"level":"INFO","message":"INFO i.a.w.i.DefaultAirbyteStreamFactory(internalLog):159 INFO i.a.i.s.p.PostgresQueryUtils(logXminStatus):77 Xmin Status : {Number of wraparounds: 0, Xmin Transaction Value: 492, Xmin Raw Value: 492"}}
{"type":"LOG","log":{"level":"INFO","message":"INFO i.a.w.i.DefaultAirbyteStreamFactory(internalLog):159 INFO i.a.i.s.j.AbstractJdbcSource(discoverInternal):166 Internal schemas to exclude: [catalog_history, information_schema, pg_catalog, pg_internal]"}}
{"type":"LOG","log":{"level":"INFO","message":"INFO i.a.w.i.DefaultAirbyteStreamFactory(internalLog):159 INFO i.a.d.j.s.AdaptiveStreamingQueryConfig(initialize):31 Set initial fetch size: 10 rows"}}
{"type":"LOG","log":{"level":"INFO","message":"INFO i.a.w.i.DefaultAirbyteStreamFactory(internalLog):159 INFO i.a.i.s.p.PostgresUtils(isCdc):53 using CDC: true"}}
{"type":"LOG","log":{"level":"INFO","message":"INFO i.a.w.i.DefaultAirbyteStreamFactory(internalLog):159 INFO i.a.i.s.j.AbstractJdbcSource(queryTableFullRefresh):112 Queueing query for table: id_and_name"}}
{"type":"LOG","log":{"level":"INFO","message":"INFO i.a.w.i.DefaultAirbyteStreamFactory(internalLog):159 INFO i.a.i.s.j.AbstractJdbcSource(queryTableFullRefresh):112 Queueing query for table: starships"}}
{"type":"LOG","log":{"level":"INFO","message":"INFO i.a.w.i.DefaultAirbyteStreamFactory(internalLog):159 INFO i.a.i.s.r.RelationalDbQueryUtils(lambda$queryTable$0):73 Queueing query: SELECT \"id\",\"name\" FROM \"public\".\"id_and_name\""}}
{"type":"LOG","log":{"level":"INFO","message":"INFO i.a.w.i.DefaultAirbyteStreamFactory(internalLog):159 INFO i.a.d.j.s.AdaptiveStreamingQueryConfig(initialize):31 Set initial fetch size: 10 rows"}}
{"type":"LOG","log":{"level":"INFO","message":"INFO i.a.w.i.DefaultAirbyteStreamFactory(internalLog):159 INFO i.a.c.u.CompositeIterator(lambda$emitStartStreamStatus$1):155 STARTING -> public_id_and_name"}}
{"type":"LOG","log":{"level":"INFO","message":"INFO i.a.w.i.DefaultAirbyteStreamFactory(internalLog):159 INFO i.a.c.u.CompositeIterator(lambda$emitRunningStreamStatus$0):148 RUNNING -> public_id_and_name"}}
{"type":"LOG","log":{"level":"INFO","message":"INFO i.a.w.i.DefaultAirbyteStreamFactory(internalLog):159 INFO i.a.c.u.CompositeIterator(lambda$emitCompleteStreamStatus$2):162 COMPLETE -> public_id_and_name"}}
{"type":"LOG","log":{"level":"INFO","message":"INFO i.a.w.i.DefaultAirbyteStreamFactory(internalLog):159 INFO i.a.c.u.CompositeIterator(lambda$emitStartStreamStatus$1):155 STARTING -> public_starships"}}
{"type":"LOG","log":{"level":"INFO","message":"INFO i.a.w.i.DefaultAirbyteStreamFactory(internalLog):159 INFO i.a.i.s.r.RelationalDbQueryUtils(lambda$queryTable$0):73 Queueing query: SELECT \"id\",\"name\" FROM \"public\".\"starships\""}}
{"type":"LOG","log":{"level":"INFO","message":"INFO i.a.w.i.DefaultAirbyteStreamFactory(internalLog):159 INFO i.a.d.j.s.AdaptiveStreamingQueryConfig(initialize):31 Set initial fetch size: 10 rows"}}
{"type":"LOG","log":{"level":"INFO","message":"INFO i.a.w.i.DefaultAirbyteStreamFactory(internalLog):159 INFO i.a.c.u.CompositeIterator(lambda$emitRunningStreamStatus$0):148 RUNNING -> public_starships"}}
{"type":"LOG","log":{"level":"INFO","message":"INFO i.a.w.i.DefaultAirbyteStreamFactory(internalLog):159 INFO i.a.c.u.CompositeIterator(lambda$emitCompleteStreamStatus$2):162 COMPLETE -> public_starships"}}
{"type":"LOG","log":{"level":"INFO","message":"INFO i.a.w.i.DefaultAirbyteStreamFactory(internalLog):159 INFO i.a.i.s.r.AbstractDbSource(lambda$read$1):173 Closing database connection pool."}}
{"type":"LOG","log":{"level":"INFO","message":"INFO i.a.w.i.DefaultAirbyteStreamFactory(internalLog):159 INFO c.z.h.HikariDataSource(close):350 HikariPool-1 - Shutdown initiated..."}}
{"type":"LOG","log":{"level":"INFO","message":"INFO i.a.w.i.DefaultAirbyteStreamFactory(internalLog):159 INFO c.z.h.HikariDataSource(close):352 HikariPool-1 - Shutdown completed."}}
{"type":"LOG","log":{"level":"INFO","message":"INFO i.a.w.i.DefaultAirbyteStreamFactory(internalLog):159 INFO i.a.i.s.r.AbstractDbSource(lambda$read$1):175 Closed database connection pool."}}
{"type":"LOG","log":{"level":"INFO","message":"INFO i.a.w.i.DefaultAirbyteStreamFactory(internalLog):159 INFO i.a.i.b.IntegrationRunner(runInternal):186 Completed integration: io.airbyte.integrations.base.ssh.SshWrappedSource"}}
{"type":"LOG","log":{"level":"INFO","message":"INFO i.a.w.i.DefaultAirbyteStreamFactory(internalLog):159 INFO i.a.i.s.p.PostgresSource(main):509 completed source: class io.airbyte.integrations.source.postgres.PostgresSource"}}
{"type":"LOG","log":{"level":"INFO","message":"INFO o.t.c.GenericContainer(tryStart):376 Creating container for image: postgres:13-alpine"}}
{"type":"LOG","log":{"level":"INFO","message":"INFO o.t.c.GenericContainer(tryStart):440 Container postgres:13-alpine is starting: f7d6eac69ec959a151f2de4f60c9742ee491232f544bc79ac7651d59c37eab59"}}
{"type":"LOG","log":{"level":"INFO","message":"INFO o.t.c.GenericContainer(tryStart):520 Container postgres:13-alpine started in PT53.052877S"}}
{"type":"LOG","log":{"level":"INFO","message":"INFO c.z.h.HikariDataSource(<init>):80 HikariPool-2 - Starting..."}}
{"type":"LOG","log":{"level":"INFO","message":"INFO c.z.h.HikariDataSource(<init>):82 HikariPool-2 - Start completed."}}
{"type":"LOG","log":{"level":"INFO","message":"INFO i.a.i.s.s.TestEnvConfigs(getEnvOrDefault):119 Using default value for environment variable WORKER_ENVIRONMENT: 'DOCKER'"}}
{"type":"LOG","log":{"level":"INFO","message":"INFO i.a.i.s.s.TestEnvConfigs(getEnvOrDefault):119 Using default value for environment variable DEPLOYMENT_MODE: 'OSS'"}}
{"type":"LOG","log":{"level":"INFO","message":"INFO i.a.c.i.LineGobbler(voidCall):114 Checking if airbyte/source-postgres:dev exists..."}}
{"type":"LOG","log":{"level":"INFO","message":"INFO i.a.c.i.LineGobbler(voidCall):114 airbyte/source-postgres:dev was found locally."}}
{"type":"LOG","log":{"level":"INFO","message":"INFO i.a.w.p.DockerProcessFactory(create):126 Creating docker container = source-postgres-entrypoint-checker-0-0-btdzq with resources null and allowedHosts null"}}
{"type":"LOG","log":{"level":"INFO","message":"INFO i.a.w.p.DockerProcessFactory(create):171 Preparing command: docker run --rm --init -i -w /data/job --log-driver none --name source-postgres-entrypoint-checker-0-0-btdzq --network host -v /tmp/airbyte_tests/test15564932688798351252:/data -v /tmp/airbyte_tests/output14882160839272035430:/local -e DEPLOYMENT_MODE=OSS -e WORKER_ENVIRONMENT=DOCKER -e AIRBYTE_ROLE= -e AIRBYTE_VERSION= --entrypoint printenv airbyte/source-postgres:dev"}}
{"type":"LOG","log":{"level":"INFO","message":"INFO o.t.c.GenericContainer(tryStart):376 Creating container for image: postgres:13-alpine"}}
{"type":"LOG","log":{"level":"INFO","message":"INFO o.t.c.GenericContainer(tryStart):440 Container postgres:13-alpine is starting: 5c9685f39f37c95d7feb8ab6fd1ff3748c8238754f6c422993635b4ad4914acb"}}
{"type":"LOG","log":{"level":"INFO","message":"INFO o.t.c.GenericContainer(tryStart):520 Container postgres:13-alpine started in PT59.381525S"}}
{"type":"LOG","log":{"level":"INFO","message":"INFO c.z.h.HikariDataSource(<init>):80 HikariPool-3 - Starting..."}}
{"type":"LOG","log":{"level":"INFO","message":"INFO c.z.h.HikariDataSource(<init>):82 HikariPool-3 - Start completed."}}
{"type":"LOG","log":{"level":"INFO","message":"INFO i.a.i.s.s.TestEnvConfigs(getEnvOrDefault):119 Using default value for environment variable WORKER_ENVIRONMENT: 'DOCKER'"}}
{"type":"LOG","log":{"level":"INFO","message":"INFO i.a.i.s.s.TestEnvConfigs(getEnvOrDefault):119 Using default value for environment variable DEPLOYMENT_MODE: 'OSS'"}}
{"type":"LOG","log":{"level":"INFO","message":"INFO i.a.c.i.LineGobbler(voidCall):114 Checking if airbyte/source-postgres:dev exists..."}}
{"type":"LOG","log":{"level":"INFO","message":"INFO i.a.c.i.LineGobbler(voidCall):114 airbyte/source-postgres:dev was found locally."}}
{"type":"LOG","log":{"level":"INFO","message":"INFO i.a.w.p.DockerProcessFactory(create):126 Creating docker container = source-postgres-read-0-0-lvadz with resources null and allowedHosts null"}}
{"type":"LOG","log":{"level":"INFO","message":"INFO i.a.w.p.DockerProcessFactory(create):171 Preparing command: docker run --rm --init -i -w /data/job --log-driver none --name source-postgres-read-0-0-lvadz --network host -v /tmp/airbyte_tests/test15795685277702485713:/data -v /tmp/airbyte_tests/output2228579064700268637:/local -e DEPLOYMENT_MODE=OSS -e USE_STREAM_CAPABLE_STATE=false -e FIELD_SELECTION_WORKSPACES= -e WORKER_ENVIRONMENT=DOCKER -e AIRBYTE_ROLE= -e APPLY_FIELD_SELECTION=false -e WORKER_CONNECTOR_IMAGE=airbyte/source-postgres:dev -e WORKER_JOB_ATTEMPT=0 -e AUTO_DETECT_SCHEMA=true -e AIRBYTE_VERSION= -e WORKER_JOB_ID=0 airbyte/source-postgres:dev read --config source_config.json --catalog source_catalog.json --state input_state.json"}}
{"type":"LOG","log":{"level":"INFO","message":"INFO i.a.w.i.DefaultAirbyteStreamFactory(internalLog):159 INFO i.a.i.s.p.PostgresSource(main):507 starting source: class io.airbyte.integrations.source.postgres.PostgresSource"}}
{"type":"LOG","log":{"level":"INFO","message":"INFO i.a.w.i.DefaultAirbyteStreamFactory(internalLog):159 INFO i.a.i.b.IntegrationCliParser(parseOptions):126 integration args: {read=null, catalog=source_catalog.json, state=input_state.json, config=source_config.json}"}}
{"type":"LOG","log":{"level":"INFO","message":"INFO i.a.w.i.DefaultAirbyteStreamFactory(internalLog):159 INFO i.a.i.b.IntegrationRunner(runInternal):108 Running integration: io.airbyte.integrations.base.ssh.SshWrappedSource"}}
{"type":"LOG","log":{"level":"INFO","message":"INFO i.a.w.i.DefaultAirbyteStreamFactory(internalLog):159 INFO i.a.i.b.IntegrationRunner(runInternal):109 Command: READ"}}
{"type":"LOG","log":{"level":"INFO","message":"INFO i.a.w.i.DefaultAirbyteStreamFactory(internalLog):159 INFO i.a.i.b.IntegrationRunner(runInternal):110 Integration config: IntegrationConfig{command=READ, configPath='source_config.json', catalogPath='source_catalog.json', statePath='input_state.json'}"}}
{"type":"LOG","log":{"level":"WARN","message":"WARN i.a.w.i.DefaultAirbyteStreamFactory(internalLog):156 WARN c.n.s.JsonMetaSchema(newValidator):278 Unknown keyword groups - you should define your own Meta Schema. If the keyword is irrelevant for validation, just use a NonValidationKeyword"}}
{"type":"LOG","log":{"level":"WARN","message":"WARN i.a.w.i.DefaultAirbyteStreamFactory(internalLog):156 WARN c.n.s.JsonMetaSchema(newValidator):278 Unknown keyword order - you should define your own Meta Schema. If the keyword is irrelevant for validation, just use a NonValidationKeyword"}}
{"type":"LOG","log":{"level":"WARN","message":"WARN i.a.w.i.DefaultAirbyteStreamFactory(internalLog):156 WARN c.n.s.JsonMetaSchema(newValidator):278 Unknown keyword group - you should define your own Meta Schema. If the keyword is irrelevant for validation, just use a NonValidationKeyword"}}
{"type":"LOG","log":{"level":"WARN","message":"WARN i.a.w.i.DefaultAirbyteStreamFactory(internalLog):156 WARN c.n.s.JsonMetaSchema(newValidator):278 Unknown keyword airbyte_secret - you should define your own Meta Schema. If the keyword is irrelevant for validation, just use a NonValidationKeyword"}}
{"type":"LOG","log":{"level":"WARN","message":"WARN i.a.w.i.DefaultAirbyteStreamFactory(internalLog):156 WARN c.n.s.JsonMetaSchema(newValidator):278 Unknown keyword always_show - you should define your own Meta Schema. If the keyword is irrelevant for validation, just use a NonValidationKeyword"}}
{"type":"LOG","log":{"level":"WARN","message":"WARN i.a.w.i.DefaultAirbyteStreamFactory(internalLog):156 WARN c.n.s.JsonMetaSchema(newValidator):278 Unknown keyword min - you should define your own Meta Schema. If the keyword is irrelevant for validation, just use a NonValidationKeyword"}}
{"type":"LOG","log":{"level":"WARN","message":"WARN i.a.w.i.DefaultAirbyteStreamFactory(internalLog):156 WARN c.n.s.JsonMetaSchema(newValidator):278 Unknown keyword max - you should define your own Meta Schema. If the keyword is irrelevant for validation, just use a NonValidationKeyword"}}
{"type":"LOG","log":{"level":"INFO","message":"INFO i.a.w.i.DefaultAirbyteStreamFactory(internalLog):159 INFO i.a.i.b.s.SshTunnel(getInstance):204 Starting connection with method: NO_TUNNEL"}}
{"type":"LOG","log":{"level":"INFO","message":"INFO i.a.w.i.DefaultAirbyteStreamFactory(internalLog):159 INFO i.a.i.s.r.s.StateManagerFactory(createStateManager):48 Legacy state manager selected to manage state object with type LEGACY."}}
{"type":"LOG","log":{"level":"INFO","message":"INFO i.a.w.i.DefaultAirbyteStreamFactory(internalLog):159 INFO i.a.i.s.r.s.CursorManager(createCursorInfoForStream):182 No cursor field set in catalog but not present in state. Stream: public_id_and_name, New Cursor Field: null. Resetting cursor value"}}
{"type":"LOG","log":{"level":"INFO","message":"INFO i.a.w.i.DefaultAirbyteStreamFactory(internalLog):159 INFO i.a.i.s.r.s.CursorManager(createCursorInfoForStream):182 No cursor field set in catalog but not present in state. Stream: public_starships, New Cursor Field: null. Resetting cursor value"}}
{"type":"LOG","log":{"level":"INFO","message":"INFO i.a.w.i.DefaultAirbyteStreamFactory(internalLog):159 INFO i.a.i.s.r.CdcStateManager(<init>):29 Initialized CDC state with: null"}}
{"type":"LOG","log":{"level":"INFO","message":"INFO i.a.w.i.DefaultAirbyteStreamFactory(internalLog):159 INFO c.z.h.HikariDataSource(<init>):80 HikariPool-1 - Starting..."}}
{"type":"LOG","log":{"level":"INFO","message":"INFO i.a.w.i.DefaultAirbyteStreamFactory(internalLog):159 INFO c.z.h.HikariDataSource(<init>):82 HikariPool-1 - Start completed."}}
{"type":"LOG","log":{"level":"INFO","message":"INFO i.a.w.i.DefaultAirbyteStreamFactory(internalLog):159 INFO i.a.i.s.p.PostgresUtils(isCdc):53 using CDC: true"}}
{"type":"LOG","log":{"level":"INFO","message":"INFO i.a.w.i.DefaultAirbyteStreamFactory(internalLog):159 INFO i.a.d.j.s.AdaptiveStreamingQueryConfig(initialize):31 Set initial fetch size: 10 rows"}}
{"type":"LOG","log":{"level":"INFO","message":"INFO i.a.w.i.DefaultAirbyteStreamFactory(internalLog):159 INFO i.a.i.s.p.PostgresCdcCatalogHelper(getPublicizedTables):119 For CDC, only tables in publication publication will be included in the sync: [public.id_and_name, public.starships]"}}
{"type":"LOG","log":{"level":"INFO","message":"INFO i.a.w.i.DefaultAirbyteStreamFactory(internalLog):159 INFO i.a.i.s.j.AbstractJdbcSource(logPreSyncDebugData):450 Data source product recognized as PostgreSQL:13.11"}}
{"type":"LOG","log":{"level":"INFO","message":"INFO i.a.w.i.DefaultAirbyteStreamFactory(internalLog):159 INFO i.a.i.s.p.PostgresSource(logPreSyncDebugData):221 Discovering indexes for schema \"public\", table \"id_and_name\""}}
{"type":"LOG","log":{"level":"INFO","message":"INFO i.a.w.i.DefaultAirbyteStreamFactory(internalLog):159 INFO i.a.i.s.p.PostgresSource(logPreSyncDebugData):223 Index name: id_and_name_pkey, Column: id, Unique: true"}}
{"type":"LOG","log":{"level":"INFO","message":"INFO i.a.w.i.DefaultAirbyteStreamFactory(internalLog):159 INFO i.a.i.s.p.PostgresSource(logPreSyncDebugData):221 Discovering indexes for schema \"public\", table \"starships\""}}
{"type":"LOG","log":{"level":"INFO","message":"INFO i.a.w.i.DefaultAirbyteStreamFactory(internalLog):159 INFO i.a.i.s.p.PostgresSource(logPreSyncDebugData):223 Index name: starships_pkey, Column: id, Unique: true"}}
{"type":"LOG","log":{"level":"INFO","message":"INFO i.a.w.i.DefaultAirbyteStreamFactory(internalLog):159 INFO i.a.i.s.p.PostgresQueryUtils(logXminStatus):77 Xmin Status : {Number of wraparounds: 0, Xmin Transaction Value: 492, Xmin Raw Value: 492"}}
{"type":"LOG","log":{"level":"INFO","message":"INFO i.a.w.i.DefaultAirbyteStreamFactory(internalLog):159 INFO i.a.i.s.j.AbstractJdbcSource(discoverInternal):166 Internal schemas to exclude: [catalog_history, information_schema, pg_catalog, pg_internal]"}}
{"type":"LOG","log":{"level":"INFO","message":"INFO i.a.w.i.DefaultAirbyteStreamFactory(internalLog):159 INFO i.a.d.j.s.AdaptiveStreamingQueryConfig(initialize):31 Set initial fetch size: 10 rows"}}
{"type":"LOG","log":{"level":"INFO","message":"INFO i.a.w.i.DefaultAirbyteStreamFactory(internalLog):159 INFO i.a.i.s.p.PostgresUtils(isCdc):53 using CDC: true"}}
{"type":"LOG","log":{"level":"INFO","message":"INFO i.a.w.i.DefaultAirbyteStreamFactory(internalLog):159 INFO i.a.i.s.p.PostgresUtils(getFirstRecordWaitTime):111 First record waiting time: 30 seconds"}}
{"type":"LOG","log":{"level":"INFO","message":"INFO i.a.w.i.DefaultAirbyteStreamFactory(internalLog):159 INFO i.a.i.s.p.PostgresSource(getIncrementalIterators):369 First record waiting time: 30 seconds"}}
{"type":"LOG","log":{"level":"INFO","message":"INFO i.a.w.i.DefaultAirbyteStreamFactory(internalLog):159 INFO i.a.i.s.p.PostgresUtils(shouldFlushAfterSync):61 Should flush after sync: false"}}
{"type":"LOG","log":{"level":"INFO","message":"INFO i.a.w.i.DefaultAirbyteStreamFactory(internalLog):159 INFO o.a.k.c.c.AbstractConfig(logAll):376 StandaloneConfig values: \n\taccess.control.allow.methods = \n\taccess.control.allow.origin = \n\tadmin.listeners = null\n\tauto.include.jmx.reporter = true\n\tbootstrap.servers = [localhost:9092]\n\tclient.dns.lookup = use_all_dns_ips\n\tconfig.providers = []\n\tconnector.client.config.override.policy = All\n\theader.converter = class org.apache.kafka.connect.storage.SimpleHeaderConverter\n\tkey.converter = class org.apache.kafka.connect.json.JsonConverter\n\tlisteners = [http://:8083]\n\tmetric.reporters = []\n\tmetrics.num.samples = 2\n\tmetrics.recording.level = INFO\n\tmetrics.sample.window.ms = 30000\n\toffset.flush.interval.ms = 1000\n\toffset.flush.timeout.ms = 5000\n\toffset.storage.file.filename = /tmp/cdc-state-offset6338436534878562210/offset.dat\n\tplugin.path = null\n\tresponse.http.headers.config = \n\trest.advertised.host.name = null\n\trest.advertised.listener = null\n\trest.advertised.port = null\n\trest.extension.classes = []\n\tssl.cipher.suites = null\n\tssl.client.auth = none\n\tssl.enabled.protocols = [TLSv1.2, TLSv1.3]\n\tssl.endpoint.identification.algorithm = https\n\tssl.engine.factory.class = null\n\tssl.key.password = null\n\tssl.keymanager.algorithm = SunX509\n\tssl.keystore.certificate.chain = null\n\tssl.keystore.key = null\n\tssl.keystore.location = null\n\tssl.keystore.password = null\n\tssl.keystore.type = JKS\n\tssl.protocol = TLSv1.3\n\tssl.provider = null\n\tssl.secure.random.implementation = null\n\tssl.trustmanager.algorithm = PKIX\n\tssl.truststore.certificates = null\n\tssl.truststore.location = null\n\tssl.truststore.password = null\n\tssl.truststore.type = JKS\n\ttask.shutdown.graceful.timeout.ms = 5000\n\ttopic.creation.enable = true\n\ttopic.tracking.allow.reset = true\n\ttopic.tracking.enable = true\n\tvalue.converter = class org.apache.kafka.connect.json.JsonConverter\n"}}
{"type":"LOG","log":{"level":"WARN","message":"WARN i.a.w.i.DefaultAirbyteStreamFactory(internalLog):156 WARN o.a.k.c.r.WorkerConfig(logPluginPathConfigProviderWarning):379 Variables cannot be used in the 'plugin.path' property, since the property is used by plugin scanning before the config providers that replace the variables are initialized. The raw value 'null' was used for plugin scanning, as opposed to the transformed value 'null', and this may cause unexpected results."}}
{"type":"LOG","log":{"level":"INFO","message":"INFO i.a.w.i.DefaultAirbyteStreamFactory(internalLog):159 INFO o.a.k.c.s.FileOffsetBackingStore(start):58 Starting FileOffsetBackingStore with file /tmp/cdc-state-offset6338436534878562210/offset.dat"}}
{"type":"LOG","log":{"level":"INFO","message":"INFO i.a.w.i.DefaultAirbyteStreamFactory(internalLog):159 INFO o.a.k.c.c.AbstractConfig(logAll):376 JsonConverterConfig values: \n\tconverter.type = key\n\tdecimal.format = BASE64\n\tschemas.cache.size = 1000\n\tschemas.enable = false\n"}}
{"type":"LOG","log":{"level":"INFO","message":"INFO i.a.w.i.DefaultAirbyteStreamFactory(internalLog):159 INFO o.a.k.c.c.AbstractConfig(logAll):376 JsonConverterConfig values: \n\tconverter.type = value\n\tdecimal.format = BASE64\n\tschemas.cache.size = 1000\n\tschemas.enable = false\n"}}
{"type":"LOG","log":{"level":"INFO","message":"INFO i.a.w.i.DefaultAirbyteStreamFactory(internalLog):159 INFO i.a.i.d.i.p.PostgresDebeziumStateUtil(extractLsn):206 No previous offsets found"}}
{"type":"LOG","log":{"level":"INFO","message":"INFO i.a.w.i.DefaultAirbyteStreamFactory(internalLog):159 INFO i.a.i.d.i.p.PostgresDebeziumStateUtil(parseSavedOffset):181 Closing offsetStorageReader and fileOffsetBackingStore"}}
{"type":"LOG","log":{"level":"INFO","message":"INFO i.a.w.i.DefaultAirbyteStreamFactory(internalLog):159 INFO o.a.k.c.s.FileOffsetBackingStore(stop):66 Stopped FileOffsetBackingStore"}}
{"type":"LOG","log":{"level":"INFO","message":"INFO i.a.w.i.DefaultAirbyteStreamFactory(internalLog):159 INFO i.a.i.s.p.PostgresSource(lambda$getReplicationSlot$4):296 Attempting to find the named replication slot using the query: HikariProxyPreparedStatement@1238339624 wrapping SELECT * FROM pg_replication_slots WHERE slot_name = 'debezium_slot' AND plugin = 'pgoutput' AND database = 'test'"}}
{"type":"LOG","log":{"level":"INFO","message":"INFO i.a.w.i.DefaultAirbyteStreamFactory(internalLog):159 INFO i.a.d.j.s.AdaptiveStreamingQueryConfig(initialize):31 Set initial fetch size: 10 rows"}}
{"type":"LOG","log":{"level":"INFO","message":"INFO i.a.w.i.DefaultAirbyteStreamFactory(internalLog):159 INFO i.a.i.s.p.PostgresUtils(shouldFlushAfterSync):61 Should flush after sync: false"}}
{"type":"LOG","log":{"level":"INFO","message":"INFO i.a.w.i.DefaultAirbyteStreamFactory(internalLog):159 INFO i.a.i.d.i.p.PostgresCdcTargetPosition(targetPosition):49 identified target lsn: PgLsn{lsn=22996488}"}}
{"type":"LOG","log":{"level":"INFO","message":"INFO i.a.w.i.DefaultAirbyteStreamFactory(internalLog):159 INFO i.a.i.s.p.PostgresUtils(shouldFlushAfterSync):61 Should flush after sync: false"}}
{"type":"LOG","log":{"level":"INFO","message":"INFO i.a.w.i.DefaultAirbyteStreamFactory(internalLog):159 INFO i.a.i.d.AirbyteDebeziumHandler(getIncrementalIterators):95 Using CDC: true"}}
{"type":"LOG","log":{"level":"INFO","message":"INFO i.a.w.i.DefaultAirbyteStreamFactory(internalLog):159 INFO o.a.k.c.c.AbstractConfig(logAll):376 JsonConverterConfig values: \n\tconverter.type = key\n\tdecimal.format = BASE64\n\tschemas.cache.size = 1000\n\tschemas.enable = false\n"}}
{"type":"LOG","log":{"level":"INFO","message":"INFO i.a.w.i.DefaultAirbyteStreamFactory(internalLog):159 INFO o.a.k.c.c.AbstractConfig(logAll):376 JsonConverterConfig values: \n\tconverter.type = value\n\tdecimal.format = BASE64\n\tschemas.cache.size = 1000\n\tschemas.enable = false\n"}}
{"type":"LOG","log":{"level":"INFO","message":"INFO i.a.w.i.DefaultAirbyteStreamFactory(internalLog):159 INFO o.a.k.c.c.AbstractConfig(logAll):376 EmbeddedConfig values: \n\taccess.control.allow.methods = \n\taccess.control.allow.origin = \n\tadmin.listeners = null\n\tauto.include.jmx.reporter = true\n\tbootstrap.servers = [localhost:9092]\n\tclient.dns.lookup = use_all_dns_ips\n\tconfig.providers = []\n\tconnector.client.config.override.policy = All\n\theader.converter = class org.apache.kafka.connect.storage.SimpleHeaderConverter\n\tkey.converter = class org.apache.kafka.connect.json.JsonConverter\n\tlisteners = [http://:8083]\n\tmetric.reporters = []\n\tmetrics.num.samples = 2\n\tmetrics.recording.level = INFO\n\tmetrics.sample.window.ms = 30000\n\toffset.flush.interval.ms = 1000\n\toffset.flush.timeout.ms = 5000\n\toffset.storage.file.filename = /tmp/cdc-state-offset6343469744556078979/offset.dat\n\toffset.storage.partitions = null\n\toffset.storage.replication.factor = null\n\toffset.storage.topic = \n\tplugin.path = null\n\tresponse.http.headers.config = \n\trest.advertised.host.name = null\n\trest.advertised.listener = null\n\trest.advertised.port = null\n\trest.extension.classes = []\n\tssl.cipher.suites = null\n\tssl.client.auth = none\n\tssl.enabled.protocols = [TLSv1.2, TLSv1.3]\n\tssl.endpoint.identification.algorithm = https\n\tssl.engine.factory.class = null\n\tssl.key.password = null\n\tssl.keymanager.algorithm = SunX509\n\tssl.keystore.certificate.chain = null\n\tssl.keystore.key = null\n\tssl.keystore.location = null\n\tssl.keystore.password = null\n\tssl.keystore.type = JKS\n\tssl.protocol = TLSv1.3\n\tssl.provider = null\n\tssl.secure.random.implementation = null\n\tssl.trustmanager.algorithm = PKIX\n\tssl.truststore.certificates = null\n\tssl.truststore.location = null\n\tssl.truststore.password = null\n\tssl.truststore.type = JKS\n\ttask.shutdown.graceful.timeout.ms = 5000\n\ttopic.creation.enable = true\n\ttopic.tracking.allow.reset = true\n\ttopic.tracking.enable = true\n\tvalue.converter = class org.apache.kafka.connect.json.JsonConverter\n"}}
{"type":"LOG","log":{"level":"WARN","message":"WARN i.a.w.i.DefaultAirbyteStreamFactory(internalLog):156 WARN o.a.k.c.r.WorkerConfig(logPluginPathConfigProviderWarning):379 Variables cannot be used in the 'plugin.path' property, since the property is used by plugin scanning before the config providers that replace the variables are initialized. The raw value 'null' was used for plugin scanning, as opposed to the transformed value 'null', and this may cause unexpected results."}}
{"type":"LOG","log":{"level":"INFO","message":"INFO i.a.w.i.DefaultAirbyteStreamFactory(internalLog):159 INFO o.a.k.c.c.AbstractConfig(logAll):376 JsonConverterConfig values: \n\tconverter.type = key\n\tdecimal.format = BASE64\n\tschemas.cache.size = 1000\n\tschemas.enable = false\n"}}
{"type":"LOG","log":{"level":"INFO","message":"INFO i.a.w.i.DefaultAirbyteStreamFactory(internalLog):159 INFO o.a.k.c.c.AbstractConfig(logAll):376 JsonConverterConfig values: \n\tconverter.type = value\n\tdecimal.format = BASE64\n\tschemas.cache.size = 1000\n\tschemas.enable = false\n"}}
{"type":"LOG","log":{"level":"INFO","message":"INFO i.a.w.i.DefaultAirbyteStreamFactory(internalLog):159 INFO i.d.c.p.PostgresConnector(testConnection):154 Successfully tested connection for jdbc:postgresql://172.17.0.10:5432/test with user 'test'"}}
{"type":"LOG","log":{"level":"INFO","message":"INFO i.a.w.i.DefaultAirbyteStreamFactory(internalLog):159 INFO i.d.j.JdbcConnection(lambda$doClose$4):947 Connection gracefully closed"}}
{"type":"LOG","log":{"level":"INFO","message":"INFO i.a.w.i.DefaultAirbyteStreamFactory(internalLog):159 INFO o.a.k.c.s.FileOffsetBackingStore(start):58 Starting FileOffsetBackingStore with file /tmp/cdc-state-offset6343469744556078979/offset.dat"}}
{"type":"LOG","log":{"level":"INFO","message":"INFO i.a.w.i.DefaultAirbyteStreamFactory(internalLog):159 INFO i.d.c.c.BaseSourceTask(start):124 Starting PostgresConnectorTask with configuration:"}}
{"type":"LOG","log":{"level":"INFO","message":"INFO i.a.w.i.DefaultAirbyteStreamFactory(internalLog):159 INFO i.d.c.c.BaseSourceTask(lambda$start$0):126    connector.class = io.debezium.connector.postgresql.PostgresConnector"}}
{"type":"LOG","log":{"level":"INFO","message":"INFO i.a.w.i.DefaultAirbyteStreamFactory(internalLog):159 INFO i.d.c.c.BaseSourceTask(lambda$start$0):126    max.queue.size = 8192"}}
{"type":"LOG","log":{"level":"INFO","message":"INFO i.a.w.i.DefaultAirbyteStreamFactory(internalLog):159 INFO i.d.c.c.BaseSourceTask(lambda$start$0):126    slot.name = debezium_slot"}}
{"type":"LOG","log":{"level":"INFO","message":"INFO i.a.w.i.DefaultAirbyteStreamFactory(internalLog):159 INFO i.d.c.c.BaseSourceTask(lambda$start$0):126    publication.name = publication"}}
{"type":"LOG","log":{"level":"INFO","message":"INFO i.a.w.i.DefaultAirbyteStreamFactory(internalLog):159 INFO i.d.c.c.BaseSourceTask(lambda$start$0):126    topic.prefix = test"}}
{"type":"LOG","log":{"level":"INFO","message":"INFO i.a.w.i.DefaultAirbyteStreamFactory(internalLog):159 INFO i.d.c.c.BaseSourceTask(lambda$start$0):126    offset.storage.file.filename = /tmp/cdc-state-offset6343469744556078979/offset.dat"}}
{"type":"LOG","log":{"level":"INFO","message":"INFO i.a.w.i.DefaultAirbyteStreamFactory(internalLog):159 INFO i.d.c.c.BaseSourceTask(lambda$start$0):126    decimal.handling.mode = string"}}
{"type":"LOG","log":{"level":"INFO","message":"INFO i.a.w.i.DefaultAirbyteStreamFactory(internalLog):159 INFO i.d.c.c.BaseSourceTask(lambda$start$0):126    converters = datetime"}}
{"type":"LOG","log":{"level":"INFO","message":"INFO i.a.w.i.DefaultAirbyteStreamFactory(internalLog):159 INFO i.d.c.c.BaseSourceTask(lambda$start$0):126    errors.retry.delay.initial.ms = 299"}}
{"type":"LOG","log":{"level":"INFO","message":"INFO i.a.w.i.DefaultAirbyteStreamFactory(internalLog):159 INFO i.d.c.c.BaseSourceTask(lambda$start$0):126    datetime.type = io.airbyte.integrations.debezium.internals.postgres.PostgresConverter"}}
{"type":"LOG","log":{"level":"INFO","message":"INFO i.a.w.i.DefaultAirbyteStreamFactory(internalLog):159 INFO i.d.c.c.BaseSourceTask(lambda$start$0):126    value.converter = org.apache.kafka.connect.json.JsonConverter"}}
{"type":"LOG","log":{"level":"INFO","message":"INFO i.a.w.i.DefaultAirbyteStreamFactory(internalLog):159 INFO i.d.c.c.BaseSourceTask(lambda$start$0):126    key.converter = org.apache.kafka.connect.json.JsonConverter"}}
{"type":"LOG","log":{"level":"INFO","message":"INFO i.a.w.i.DefaultAirbyteStreamFactory(internalLog):159 INFO i.d.c.c.BaseSourceTask(lambda$start$0):126    publication.autocreate.mode = disabled"}}
{"type":"LOG","log":{"level":"INFO","message":"INFO i.a.w.i.DefaultAirbyteStreamFactory(internalLog):159 INFO i.d.c.c.BaseSourceTask(lambda$start$0):126    database.user = test"}}
{"type":"LOG","log":{"level":"INFO","message":"INFO i.a.w.i.DefaultAirbyteStreamFactory(internalLog):159 INFO i.d.c.c.BaseSourceTask(lambda$start$0):126    database.dbname = test"}}
{"type":"LOG","log":{"level":"INFO","message":"INFO i.a.w.i.DefaultAirbyteStreamFactory(internalLog):159 INFO i.d.c.c.BaseSourceTask(lambda$start$0):126    offset.storage = org.apache.kafka.connect.storage.FileOffsetBackingStore"}}
{"type":"LOG","log":{"level":"INFO","message":"INFO i.a.w.i.DefaultAirbyteStreamFactory(internalLog):159 INFO i.d.c.c.BaseSourceTask(lambda$start$0):126    errors.retry.delay.max.ms = 300"}}
{"type":"LOG","log":{"level":"INFO","message":"INFO i.a.w.i.DefaultAirbyteStreamFactory(internalLog):159 INFO i.d.c.c.BaseSourceTask(lambda$start$0):126    offset.flush.timeout.ms = 5000"}}
{"type":"LOG","log":{"level":"INFO","message":"INFO i.a.w.i.DefaultAirbyteStreamFactory(internalLog):159 INFO i.d.c.c.BaseSourceTask(lambda$start$0):126    heartbeat.interval.ms = 10000"}}
{"type":"LOG","log":{"level":"INFO","message":"INFO i.a.w.i.DefaultAirbyteStreamFactory(internalLog):159 INFO i.d.c.c.BaseSourceTask(lambda$start$0):126    column.include.list = \\Qpublic.id_and_name\\E\\.(\\Qname\\E|\\Qid\\E),\\Qpublic.starships\\E\\.(\\Qname\\E|\\Qid\\E)"}}
{"type":"LOG","log":{"level":"INFO","message":"INFO i.a.w.i.DefaultAirbyteStreamFactory(internalLog):159 INFO i.d.c.c.BaseSourceTask(lambda$start$0):126    plugin.name = pgoutput"}}
{"type":"LOG","log":{"level":"INFO","message":"INFO i.a.w.i.DefaultAirbyteStreamFactory(internalLog):159 INFO i.d.c.c.BaseSourceTask(lambda$start$0):126    database.port = 5432"}}
{"type":"LOG","log":{"level":"INFO","message":"INFO i.a.w.i.DefaultAirbyteStreamFactory(internalLog):159 INFO i.d.c.c.BaseSourceTask(lambda$start$0):126    offset.flush.interval.ms = 1000"}}
{"type":"LOG","log":{"level":"INFO","message":"INFO i.a.w.i.DefaultAirbyteStreamFactory(internalLog):159 INFO i.d.c.c.BaseSourceTask(lambda$start$0):126    key.converter.schemas.enable = false"}}
{"type":"LOG","log":{"level":"INFO","message":"INFO i.a.w.i.DefaultAirbyteStreamFactory(internalLog):159 INFO i.d.c.c.BaseSourceTask(lambda$start$0):126    include.unknown.datatypes = true"}}
{"type":"LOG","log":{"level":"INFO","message":"INFO i.a.w.i.DefaultAirbyteStreamFactory(internalLog):159 INFO i.d.c.c.BaseSourceTask(lambda$start$0):126    errors.max.retries = 10"}}
{"type":"LOG","log":{"level":"INFO","message":"INFO i.a.w.i.DefaultAirbyteStreamFactory(internalLog):159 INFO i.d.c.c.BaseSourceTask(lambda$start$0):126    database.hostname = 172.17.0.10"}}
{"type":"LOG","log":{"level":"INFO","message":"INFO i.a.w.i.DefaultAirbyteStreamFactory(internalLog):159 INFO i.d.c.c.BaseSourceTask(lambda$start$0):126    database.password = ********"}}
{"type":"LOG","log":{"level":"INFO","message":"INFO i.a.w.i.DefaultAirbyteStreamFactory(internalLog):159 INFO i.d.c.c.BaseSourceTask(lambda$start$0):126    value.converter.schemas.enable = false"}}
{"type":"LOG","log":{"level":"INFO","message":"INFO i.a.w.i.DefaultAirbyteStreamFactory(internalLog):159 INFO i.d.c.c.BaseSourceTask(lambda$start$0):126    name = test"}}
{"type":"LOG","log":{"level":"INFO","message":"INFO i.a.w.i.DefaultAirbyteStreamFactory(internalLog):159 INFO i.d.c.c.BaseSourceTask(lambda$start$0):126    max.batch.size = 2048"}}
{"type":"LOG","log":{"level":"INFO","message":"INFO i.a.w.i.DefaultAirbyteStreamFactory(internalLog):159 INFO i.d.c.c.BaseSourceTask(lambda$start$0):126    table.include.list = \\Qpublic.id_and_name\\E,\\Qpublic.starships\\E"}}
{"type":"LOG","log":{"level":"INFO","message":"INFO i.a.w.i.DefaultAirbyteStreamFactory(internalLog):159 INFO i.d.c.c.BaseSourceTask(lambda$start$0):126    snapshot.mode = initial"}}
{"type":"LOG","log":{"level":"INFO","message":"INFO i.a.w.i.DefaultAirbyteStreamFactory(internalLog):159 INFO i.d.c.c.BaseSourceTask(startIfNeededAndPossible):243 Attempting to start task"}}
{"type":"LOG","log":{"level":"INFO","message":"INFO i.a.w.i.DefaultAirbyteStreamFactory(internalLog):159 INFO i.d.c.CommonConnectorConfig(getTopicNamingStrategy):849 Loading the custom topic naming strategy plugin: io.debezium.schema.SchemaTopicNamingStrategy"}}
{"type":"LOG","log":{"level":"INFO","message":"INFO i.a.w.i.DefaultAirbyteStreamFactory(internalLog):159 INFO i.d.j.JdbcConnection(lambda$doClose$4):947 Connection gracefully closed"}}
{"type":"LOG","log":{"level":"INFO","message":"INFO i.a.w.i.DefaultAirbyteStreamFactory(internalLog):159 INFO i.d.c.c.BaseSourceTask(getPreviousOffsets):375 No previous offsets found"}}
{"type":"LOG","log":{"level":"INFO","message":"INFO i.a.w.i.DefaultAirbyteStreamFactory(internalLog):159 INFO i.d.c.p.PostgresConnectorTask(start):113 user 'test' connected to database 'test' on PostgreSQL 13.11 on x86_64-pc-linux-musl, compiled by gcc (Alpine 12.2.1_git20220924-r10) 12.2.1 20220924, 64-bit with roles:\n\trole 'pg_read_all_settings' [superuser: false, replication: false, inherit: true, create role: false, create db: false, can log in: false]\n\trole 'pg_stat_scan_tables' [superuser: false, replication: false, inherit: true, create role: false, create db: false, can log in: false]\n\trole 'pg_write_server_files' [superuser: false, replication: false, inherit: true, create role: false, create db: false, can log in: false]\n\trole 'test' [superuser: true, replication: true, inherit: true, create role: true, create db: true, can log in: true]\n\trole 'pg_monitor' [superuser: false, replication: false, inherit: true, create role: false, create db: false, can log in: false]\n\trole 'pg_read_server_files' [superuser: false, replication: false, inherit: true, create role: false, create db: false, can log in: false]\n\trole 'pg_execute_server_program' [superuser: false, replication: false, inherit: true, create role: false, create db: false, can log in: false]\n\trole 'pg_read_all_stats' [superuser: false, replication: false, inherit: true, create role: false, create db: false, can log in: false]\n\trole 'pg_signal_backend' [superuser: false, replication: false, inherit: true, create role: false, create db: false, can log in: false]"}}
{"type":"LOG","log":{"level":"INFO","message":"INFO i.a.w.i.DefaultAirbyteStreamFactory(internalLog):159 INFO i.d.c.p.c.PostgresConnection(readReplicationSlotInfo):264 Obtained valid replication slot ReplicationSlot [active=false, latestFlushedLsn=LSN{0/15EE348}, catalogXmin=491]"}}
{"type":"LOG","log":{"level":"INFO","message":"INFO i.a.w.i.DefaultAirbyteStreamFactory(internalLog):159 INFO i.d.c.p.PostgresConnectorTask(start):122 No previous offset found"}}
{"type":"LOG","log":{"level":"INFO","message":"INFO i.a.w.i.DefaultAirbyteStreamFactory(internalLog):159 INFO i.d.u.Threads(threadFactory):270 Requested thread factory for connector PostgresConnector, id = test named = change-event-source-coordinator"}}
{"type":"LOG","log":{"level":"INFO","message":"INFO i.a.w.i.DefaultAirbyteStreamFactory(internalLog):159 INFO i.d.u.Threads$3(newThread):287 Creating thread debezium-postgresconnector-test-change-event-source-coordinator"}}
{"type":"LOG","log":{"level":"INFO","message":"INFO i.a.w.i.DefaultAirbyteStreamFactory(internalLog):159 INFO i.d.c.c.BaseSourceTask(startIfNeededAndPossible):245 Successfully started task"}}
{"type":"LOG","log":{"level":"INFO","message":"INFO i.a.w.i.DefaultAirbyteStreamFactory(internalLog):159 INFO i.d.p.ChangeEventSourceCoordinator(lambda$start$0):103 Metrics registered"}}
{"type":"LOG","log":{"level":"INFO","message":"INFO i.a.w.i.DefaultAirbyteStreamFactory(internalLog):159 INFO i.d.p.ChangeEventSourceCoordinator(lambda$start$0):106 Context created"}}
{"type":"LOG","log":{"level":"INFO","message":"INFO i.a.w.i.DefaultAirbyteStreamFactory(internalLog):159 INFO i.d.c.p.s.InitialSnapshotter(shouldSnapshot):34 Taking initial snapshot for new datasource"}}
{"type":"LOG","log":{"level":"INFO","message":"INFO i.a.w.i.DefaultAirbyteStreamFactory(internalLog):159 INFO i.d.c.p.PostgresSnapshotChangeEventSource(getSnapshottingTask):65 According to the connector configuration data will be snapshotted"}}
{"type":"LOG","log":{"level":"INFO","message":"INFO i.a.w.i.DefaultAirbyteStreamFactory(internalLog):159 INFO i.d.r.RelationalSnapshotChangeEventSource(doExecute):110 Snapshot step 1 - Preparing"}}
{"type":"LOG","log":{"level":"INFO","message":"INFO i.a.w.i.DefaultAirbyteStreamFactory(internalLog):159 INFO i.d.r.RelationalSnapshotChangeEventSource(doExecute):119 Snapshot step 2 - Determining captured tables"}}
{"type":"LOG","log":{"level":"INFO","message":"INFO i.a.w.i.DefaultAirbyteStreamFactory(internalLog):159 INFO i.d.r.RelationalSnapshotChangeEventSource(determineCapturedTables):267 Adding table public.id_and_name to the list of capture schema tables"}}
{"type":"LOG","log":{"level":"INFO","message":"INFO i.a.w.i.DefaultAirbyteStreamFactory(internalLog):159 INFO i.d.r.RelationalSnapshotChangeEventSource(determineCapturedTables):267 Adding table public.starships to the list of capture schema tables"}}
{"type":"LOG","log":{"level":"INFO","message":"INFO i.a.w.i.DefaultAirbyteStreamFactory(internalLog):159 INFO i.d.r.RelationalSnapshotChangeEventSource(doExecute):126 Snapshot step 3 - Locking captured tables [public.id_and_name, public.starships]"}}
{"type":"LOG","log":{"level":"INFO","message":"INFO i.a.w.i.DefaultAirbyteStreamFactory(internalLog):159 INFO i.d.r.RelationalSnapshotChangeEventSource(doExecute):132 Snapshot step 4 - Determining snapshot offset"}}
{"type":"LOG","log":{"level":"INFO","message":"INFO i.a.w.i.DefaultAirbyteStreamFactory(internalLog):159 INFO i.d.c.p.PostgresOffsetContext(initialContext):233 Creating initial offset context"}}
{"type":"LOG","log":{"level":"INFO","message":"INFO i.a.w.i.DefaultAirbyteStreamFactory(internalLog):159 INFO i.d.c.p.PostgresOffsetContext(initialContext):236 Read xlogStart at 'LSN{0/15EE608}' from transaction '492'"}}
{"type":"LOG","log":{"level":"INFO","message":"INFO i.a.w.i.DefaultAirbyteStreamFactory(internalLog):159 INFO i.d.c.p.PostgresSnapshotChangeEventSource(updateOffsetForSnapshot):147 Read xlogStart at 'LSN{0/15EE608}' from transaction '492'"}}
{"type":"LOG","log":{"level":"INFO","message":"INFO i.a.w.i.DefaultAirbyteStreamFactory(internalLog):159 INFO i.d.r.RelationalSnapshotChangeEventSource(doExecute):135 Snapshot step 5 - Reading structure of captured tables"}}
{"type":"LOG","log":{"level":"INFO","message":"INFO i.a.w.i.DefaultAirbyteStreamFactory(internalLog):159 INFO i.d.c.p.PostgresSnapshotChangeEventSource(readTableStructure):193 Reading structure of schema 'public' of catalog 'test'"}}
{"type":"LOG","log":{"level":"INFO","message":"INFO i.a.w.i.DefaultAirbyteStreamFactory(internalLog):159 INFO i.d.r.RelationalSnapshotChangeEventSource(doExecute):139 Snapshot step 5.a - Creating connection pool"}}
{"type":"LOG","log":{"level":"INFO","message":"INFO i.a.w.i.DefaultAirbyteStreamFactory(internalLog):159 INFO i.d.r.RelationalSnapshotChangeEventSource(createConnectionPool):213 Created connection pool with 1 threads"}}
{"type":"LOG","log":{"level":"INFO","message":"INFO i.a.w.i.DefaultAirbyteStreamFactory(internalLog):159 INFO i.d.r.RelationalSnapshotChangeEventSource(doExecute):144 Snapshot step 6 - Persisting schema history"}}
{"type":"LOG","log":{"level":"INFO","message":"INFO i.a.w.i.DefaultAirbyteStreamFactory(internalLog):159 INFO i.d.r.RelationalSnapshotChangeEventSource(doExecute):156 Snapshot step 7 - Snapshotting data"}}
{"type":"LOG","log":{"level":"INFO","message":"INFO i.a.w.i.DefaultAirbyteStreamFactory(internalLog):159 INFO i.d.r.RelationalSnapshotChangeEventSource(createDataEvents):390 Creating snapshot worker pool with 1 worker thread(s)"}}
{"type":"LOG","log":{"level":"INFO","message":"INFO i.a.w.i.DefaultAirbyteStreamFactory(internalLog):159 INFO i.d.r.RelationalSnapshotChangeEventSource(createDataEvents):399 For table 'public.id_and_name' using select statement: 'SELECT \"id\", \"name\" FROM \"public\".\"id_and_name\"'"}}
{"type":"LOG","log":{"level":"INFO","message":"INFO i.a.w.i.DefaultAirbyteStreamFactory(internalLog):159 INFO i.d.r.RelationalSnapshotChangeEventSource(createDataEvents):399 For table 'public.starships' using select statement: 'SELECT \"id\", \"name\" FROM \"public\".\"starships\"'"}}
{"type":"LOG","log":{"level":"INFO","message":"INFO i.a.w.i.DefaultAirbyteStreamFactory(internalLog):159 INFO i.d.r.RelationalSnapshotChangeEventSource(doCreateDataEventsForTable):513 Exporting data from table 'public.id_and_name' (1 of 2 tables)"}}
{"type":"LOG","log":{"level":"INFO","message":"INFO i.a.w.i.DefaultAirbyteStreamFactory(internalLog):159 INFO i.d.r.RelationalSnapshotChangeEventSource(doCreateDataEventsForTable):559 \t Finished exporting 3 records for table 'public.id_and_name' (1 of 2 tables); total duration '00:00:00.105'"}}
{"type":"LOG","log":{"level":"INFO","message":"INFO i.a.w.i.DefaultAirbyteStreamFactory(internalLog):159 INFO i.d.r.RelationalSnapshotChangeEventSource(doCreateDataEventsForTable):513 Exporting data from table 'public.starships' (2 of 2 tables)"}}
{"type":"LOG","log":{"level":"INFO","message":"INFO i.a.w.i.DefaultAirbyteStreamFactory(internalLog):159 INFO i.d.r.RelationalSnapshotChangeEventSource(doCreateDataEventsForTable):559 \t Finished exporting 3 records for table 'public.starships' (2 of 2 tables); total duration '00:00:00.01'"}}
{"type":"LOG","log":{"level":"INFO","message":"INFO i.a.w.i.DefaultAirbyteStreamFactory(internalLog):159 INFO i.d.p.s.AbstractSnapshotChangeEventSource(execute):88 Snapshot - Final stage"}}
{"type":"LOG","log":{"level":"INFO","message":"INFO i.a.w.i.DefaultAirbyteStreamFactory(internalLog):159 INFO i.d.p.s.AbstractSnapshotChangeEventSource(execute):92 Snapshot completed"}}
{"type":"LOG","log":{"level":"INFO","message":"INFO i.a.w.i.DefaultAirbyteStreamFactory(internalLog):159 INFO i.d.p.ChangeEventSourceCoordinator(doSnapshot):156 Snapshot ended with SnapshotResult [status=COMPLETED, offset=PostgresOffsetContext [sourceInfoSchema=Schema{io.debezium.connector.postgresql.Source:STRUCT}, sourceInfo=source_info[server='test'db='test', lsn=LSN{0/15EE608}, txId=492, timestamp=2023-05-20T14:27:53.133835Z, snapshot=FALSE, schema=public, table=starships], lastSnapshotRecord=true, lastCompletelyProcessedLsn=null, lastCommitLsn=null, streamingStoppingLsn=null, transactionContext=TransactionContext [currentTransactionId=null, perTableEventCount={}, totalEventCount=0], incrementalSnapshotContext=IncrementalSnapshotContext [windowOpened=false, chunkEndPosition=null, dataCollectionsToSnapshot=[], lastEventKeySent=null, maximumKey=null]]]"}}
{"type":"LOG","log":{"level":"INFO","message":"INFO i.a.w.i.DefaultAirbyteStreamFactory(internalLog):159 INFO i.d.p.ChangeEventSourceCoordinator(streamingConnected):240 Connected metrics set to 'true'"}}
{"type":"LOG","log":{"level":"INFO","message":"INFO i.a.w.i.DefaultAirbyteStreamFactory(internalLog):159 INFO i.d.c.p.PostgresSchema(printReplicaIdentityInfo):100 REPLICA IDENTITY for 'public.id_and_name' is 'DEFAULT'; UPDATE and DELETE events will contain previous values only for PK columns"}}
{"type":"LOG","log":{"level":"INFO","message":"INFO i.a.w.i.DefaultAirbyteStreamFactory(internalLog):159 INFO i.d.c.p.PostgresSchema(printReplicaIdentityInfo):100 REPLICA IDENTITY for 'public.starships' is 'DEFAULT'; UPDATE and DELETE events will contain previous values only for PK columns"}}
{"type":"LOG","log":{"level":"INFO","message":"INFO i.a.w.i.DefaultAirbyteStreamFactory(internalLog):159 INFO i.d.p.ChangeEventSourceCoordinator(streamEvents):173 Starting streaming"}}
{"type":"LOG","log":{"level":"INFO","message":"INFO i.a.w.i.DefaultAirbyteStreamFactory(internalLog):159 INFO i.d.c.p.PostgresStreamingChangeEventSource(execute):136 Retrieved latest position from stored offset 'LSN{0/15EE608}'"}}
{"type":"LOG","log":{"level":"INFO","message":"INFO i.a.w.i.DefaultAirbyteStreamFactory(internalLog):159 INFO i.d.c.p.c.WalPositionLocator(<init>):48 Looking for WAL restart position for last commit LSN 'null' and last change LSN 'LSN{0/15EE608}'"}}
{"type":"LOG","log":{"level":"INFO","message":"INFO i.a.w.i.DefaultAirbyteStreamFactory(internalLog):159 INFO i.d.c.p.c.PostgresReplicationConnection(initPublication):147 Initializing PgOutput logical decoder publication"}}
{"type":"LOG","log":{"level":"INFO","message":"INFO i.a.w.i.DefaultAirbyteStreamFactory(internalLog):159 INFO i.d.c.p.c.PostgresConnection(readReplicationSlotInfo):264 Obtained valid replication slot ReplicationSlot [active=false, latestFlushedLsn=LSN{0/15EE348}, catalogXmin=491]"}}
{"type":"LOG","log":{"level":"INFO","message":"INFO i.a.w.i.DefaultAirbyteStreamFactory(internalLog):159 INFO i.d.j.JdbcConnection(lambda$doClose$4):947 Connection gracefully closed"}}
{"type":"LOG","log":{"level":"INFO","message":"INFO i.a.w.i.DefaultAirbyteStreamFactory(internalLog):159 INFO i.d.c.p.c.PostgresReplicationConnection(validateSlotIsInExpectedState):364 Seeking to LSN{0/15EE608} on the replication slot with command SELECT pg_replication_slot_advance('debezium_slot', '0/15EE608')"}}
{"type":"LOG","log":{"level":"INFO","message":"INFO i.a.w.i.DefaultAirbyteStreamFactory(internalLog):159 INFO i.a.i.d.i.p.PostgresCdcTargetPosition(reachedTargetPosition):61 Signalling close because Snapshot is complete"}}
{"type":"LOG","log":{"level":"INFO","message":"INFO i.a.w.i.DefaultAirbyteStreamFactory(internalLog):159 INFO i.a.i.d.i.DebeziumRecordIterator(requestClose):208 Closing: Change event reached target position"}}
{"type":"LOG","log":{"level":"INFO","message":"INFO i.a.w.i.DefaultAirbyteStreamFactory(internalLog):159 INFO i.d.e.EmbeddedEngine(stop):1146 Stopping the embedded engine"}}
{"type":"LOG","log":{"level":"INFO","message":"INFO i.a.w.i.DefaultAirbyteStreamFactory(internalLog):159 INFO i.d.e.EmbeddedEngine(stop):1153 Waiting for PT5M for connector to stop"}}
{"type":"LOG","log":{"level":"INFO","message":"INFO i.a.w.i.DefaultAirbyteStreamFactory(internalLog):159 INFO i.d.e.EmbeddedEngine(run):944 Stopping the task and engine"}}
{"type":"LOG","log":{"level":"INFO","message":"INFO i.a.w.i.DefaultAirbyteStreamFactory(internalLog):159 INFO i.d.c.c.BaseSourceTask(stop):278 Stopping down connector"}}
{"type":"LOG","log":{"level":"INFO","message":"INFO i.a.w.i.DefaultAirbyteStreamFactory(internalLog):159 INFO i.d.u.Threads(threadFactory):270 Requested thread factory for connector PostgresConnector, id = test named = keep-alive"}}
{"type":"LOG","log":{"level":"INFO","message":"INFO i.a.w.i.DefaultAirbyteStreamFactory(internalLog):159 INFO i.d.u.Threads$3(newThread):287 Creating thread debezium-postgresconnector-test-keep-alive"}}
{"type":"LOG","log":{"level":"INFO","message":"INFO i.a.w.i.DefaultAirbyteStreamFactory(internalLog):159 INFO i.d.c.p.PostgresSchema(printReplicaIdentityInfo):100 REPLICA IDENTITY for 'public.id_and_name' is 'DEFAULT'; UPDATE and DELETE events will contain previous values only for PK columns"}}
{"type":"LOG","log":{"level":"INFO","message":"INFO i.a.w.i.DefaultAirbyteStreamFactory(internalLog):159 INFO i.d.c.p.PostgresSchema(printReplicaIdentityInfo):100 REPLICA IDENTITY for 'public.starships' is 'DEFAULT'; UPDATE and DELETE events will contain previous values only for PK columns"}}
{"type":"LOG","log":{"level":"INFO","message":"INFO i.a.w.i.DefaultAirbyteStreamFactory(internalLog):159 INFO i.d.c.p.PostgresStreamingChangeEventSource(searchWalPosition):327 Searching for WAL resume position"}}
{"type":"LOG","log":{"level":"INFO","message":"INFO i.a.w.i.DefaultAirbyteStreamFactory(internalLog):159 INFO i.d.c.p.PostgresStreamingChangeEventSource(searchWalPosition):348 WAL resume position 'null' discovered"}}
{"type":"LOG","log":{"level":"INFO","message":"INFO i.a.w.i.DefaultAirbyteStreamFactory(internalLog):159 INFO i.d.j.JdbcConnection(lambda$doClose$4):947 Connection gracefully closed"}}
{"type":"LOG","log":{"level":"INFO","message":"INFO i.a.w.i.DefaultAirbyteStreamFactory(internalLog):159 INFO i.d.j.JdbcConnection(lambda$doClose$4):947 Connection gracefully closed"}}
{"type":"LOG","log":{"level":"INFO","message":"INFO i.a.w.i.DefaultAirbyteStreamFactory(internalLog):159 INFO i.d.c.p.c.PostgresReplicationConnection(initPublication):147 Initializing PgOutput logical decoder publication"}}
{"type":"LOG","log":{"level":"INFO","message":"INFO i.a.w.i.DefaultAirbyteStreamFactory(internalLog):159 INFO i.d.c.p.c.PostgresReplicationConnection(validateSlotIsInExpectedState):364 Seeking to LSN{0/15EE608} on the replication slot with command SELECT pg_replication_slot_advance('debezium_slot', '0/15EE608')"}}
{"type":"LOG","log":{"level":"INFO","message":"INFO i.a.w.i.DefaultAirbyteStreamFactory(internalLog):159 INFO i.d.u.Threads(threadFactory):270 Requested thread factory for connector PostgresConnector, id = test named = keep-alive"}}
{"type":"LOG","log":{"level":"INFO","message":"INFO i.a.w.i.DefaultAirbyteStreamFactory(internalLog):159 INFO i.d.u.Threads$3(newThread):287 Creating thread debezium-postgresconnector-test-keep-alive"}}
{"type":"LOG","log":{"level":"INFO","message":"INFO i.a.w.i.DefaultAirbyteStreamFactory(internalLog):159 INFO i.d.c.p.PostgresStreamingChangeEventSource(processMessages):211 Processing messages"}}
{"type":"LOG","log":{"level":"INFO","message":"INFO i.a.w.i.DefaultAirbyteStreamFactory(internalLog):159 INFO i.d.j.JdbcConnection(lambda$doClose$4):947 Connection gracefully closed"}}
{"type":"LOG","log":{"level":"INFO","message":"INFO i.a.w.i.DefaultAirbyteStreamFactory(internalLog):159 INFO i.d.j.JdbcConnection(lambda$doClose$4):947 Connection gracefully closed"}}
{"type":"LOG","log":{"level":"INFO","message":"INFO i.a.w.i.DefaultAirbyteStreamFactory(internalLog):159 INFO i.d.p.ChangeEventSourceCoordinator(streamEvents):175 Finished streaming"}}
{"type":"LOG","log":{"level":"INFO","message":"INFO i.a.w.i.DefaultAirbyteStreamFactory(internalLog):159 INFO i.d.p.ChangeEventSourceCoordinator(streamingConnected):240 Connected metrics set to 'false'"}}
{"type":"LOG","log":{"level":"INFO","message":"INFO i.a.w.i.DefaultAirbyteStreamFactory(internalLog):159 INFO o.a.k.c.s.FileOffsetBackingStore(stop):66 Stopped FileOffsetBackingStore"}}
{"type":"LOG","log":{"level":"INFO","message":"INFO i.a.w.i.DefaultAirbyteStreamFactory(internalLog):159 INFO i.a.i.d.i.DebeziumRecordPublisher(lambda$start$1):73 Debezium engine shutdown."}}
{"type":"LOG","log":{"level":"INFO","message":"INFO i.a.w.i.DefaultAirbyteStreamFactory(internalLog):159 INFO i.a.i.d.i.DebeziumRecordPublisher(lambda$start$1):74 Connector 'io.debezium.connector.postgresql.PostgresConnector' completed normally."}}
{"type":"LOG","log":{"level":"INFO","message":"INFO i.a.w.i.DefaultAirbyteStreamFactory(internalLog):159 INFO i.a.i.s.p.PostgresCdcStateHandler(saveState):37 debezium state: {\"[\\\"test\\\",{\\\"server\\\":\\\"test\\\"}]\":\"{\\\"transaction_id\\\":null,\\\"lsn\\\":22996488,\\\"txId\\\":492,\\\"ts_usec\\\":1684592873133835}\"}"}}
{"type":"LOG","log":{"level":"INFO","message":"INFO i.a.w.i.DefaultAirbyteStreamFactory(internalLog):159 INFO i.a.i.s.r.s.LegacyStateManager(toState):99 Generated legacy state for 2 streams"}}
{"type":"LOG","log":{"level":"INFO","message":"INFO i.a.w.i.DefaultAirbyteStreamFactory(internalLog):159 INFO i.a.i.s.r.AbstractDbSource(lambda$read$1):173 Closing database connection pool."}}
{"type":"LOG","log":{"level":"INFO","message":"INFO i.a.w.i.DefaultAirbyteStreamFactory(internalLog):159 INFO c.z.h.HikariDataSource(close):350 HikariPool-1 - Shutdown initiated..."}}
{"type":"LOG","log":{"level":"INFO","message":"INFO i.a.w.i.DefaultAirbyteStreamFactory(internalLog):159 INFO c.z.h.HikariDataSource(close):352 HikariPool-1 - Shutdown completed."}}
{"type":"LOG","log":{"level":"INFO","message":"INFO i.a.w.i.DefaultAirbyteStreamFactory(internalLog):159 INFO i.a.i.s.r.AbstractDbSource(lambda$read$1):175 Closed database connection pool."}}
{"type":"LOG","log":{"level":"INFO","message":"INFO i.a.w.i.DefaultAirbyteStreamFactory(internalLog):159 INFO i.a.i.b.IntegrationRunner(runInternal):186 Completed integration: io.airbyte.integrations.base.ssh.SshWrappedSource"}}
{"type":"LOG","log":{"level":"INFO","message":"INFO i.a.w.i.DefaultAirbyteStreamFactory(internalLog):159 INFO i.a.i.s.p.PostgresSource(main):509 completed source: class io.airbyte.integrations.source.postgres.PostgresSource"}}
{"type":"LOG","log":{"level":"INFO","message":"INFO i.a.c.i.LineGobbler(voidCall):114 Checking if airbyte/source-postgres:dev exists..."}}
{"type":"LOG","log":{"level":"INFO","message":"INFO i.a.c.i.LineGobbler(voidCall):114 airbyte/source-postgres:dev was found locally."}}
{"type":"LOG","log":{"level":"INFO","message":"INFO i.a.w.p.DockerProcessFactory(create):126 Creating docker container = source-postgres-read-0-0-nkzip with resources null and allowedHosts null"}}
{"type":"LOG","log":{"level":"INFO","message":"INFO i.a.w.p.DockerProcessFactory(create):171 Preparing command: docker run --rm --init -i -w /data/job --log-driver none --name source-postgres-read-0-0-nkzip --network host -v /tmp/airbyte_tests/test15795685277702485713:/data -v /tmp/airbyte_tests/output2228579064700268637:/local -e DEPLOYMENT_MODE=OSS -e USE_STREAM_CAPABLE_STATE=false -e FIELD_SELECTION_WORKSPACES= -e WORKER_ENVIRONMENT=DOCKER -e AIRBYTE_ROLE= -e APPLY_FIELD_SELECTION=false -e WORKER_CONNECTOR_IMAGE=airbyte/source-postgres:dev -e WORKER_JOB_ATTEMPT=0 -e AUTO_DETECT_SCHEMA=true -e AIRBYTE_VERSION= -e WORKER_JOB_ID=0 airbyte/source-postgres:dev read --config source_config.json --catalog source_catalog.json --state input_state.json"}}
{"type":"LOG","log":{"level":"INFO","message":"INFO i.a.w.i.DefaultAirbyteStreamFactory(internalLog):159 INFO i.a.i.s.p.PostgresSource(main):507 starting source: class io.airbyte.integrations.source.postgres.PostgresSource"}}
{"type":"LOG","log":{"level":"INFO","message":"INFO i.a.w.i.DefaultAirbyteStreamFactory(internalLog):159 INFO i.a.i.b.IntegrationCliParser(parseOptions):126 integration args: {read=null, catalog=source_catalog.json, state=input_state.json, config=source_config.json}"}}
{"type":"LOG","log":{"level":"INFO","message":"INFO i.a.w.i.DefaultAirbyteStreamFactory(internalLog):159 INFO i.a.i.b.IntegrationRunner(runInternal):108 Running integration: io.airbyte.integrations.base.ssh.SshWrappedSource"}}
{"type":"LOG","log":{"level":"INFO","message":"INFO i.a.w.i.DefaultAirbyteStreamFactory(internalLog):159 INFO i.a.i.b.IntegrationRunner(runInternal):109 Command: READ"}}
{"type":"LOG","log":{"level":"INFO","message":"INFO i.a.w.i.DefaultAirbyteStreamFactory(internalLog):159 INFO i.a.i.b.IntegrationRunner(runInternal):110 Integration config: IntegrationConfig{command=READ, configPath='source_config.json', catalogPath='source_catalog.json', statePath='input_state.json'}"}}
{"type":"LOG","log":{"level":"WARN","message":"WARN i.a.w.i.DefaultAirbyteStreamFactory(internalLog):156 WARN c.n.s.JsonMetaSchema(newValidator):278 Unknown keyword groups - you should define your own Meta Schema. If the keyword is irrelevant for validation, just use a NonValidationKeyword"}}
{"type":"LOG","log":{"level":"WARN","message":"WARN i.a.w.i.DefaultAirbyteStreamFactory(internalLog):156 WARN c.n.s.JsonMetaSchema(newValidator):278 Unknown keyword order - you should define your own Meta Schema. If the keyword is irrelevant for validation, just use a NonValidationKeyword"}}
{"type":"LOG","log":{"level":"WARN","message":"WARN i.a.w.i.DefaultAirbyteStreamFactory(internalLog):156 WARN c.n.s.JsonMetaSchema(newValidator):278 Unknown keyword group - you should define your own Meta Schema. If the keyword is irrelevant for validation, just use a NonValidationKeyword"}}
{"type":"LOG","log":{"level":"WARN","message":"WARN i.a.w.i.DefaultAirbyteStreamFactory(internalLog):156 WARN c.n.s.JsonMetaSchema(newValidator):278 Unknown keyword airbyte_secret - you should define your own Meta Schema. If the keyword is irrelevant for validation, just use a NonValidationKeyword"}}
{"type":"LOG","log":{"level":"WARN","message":"WARN i.a.w.i.DefaultAirbyteStreamFactory(internalLog):156 WARN c.n.s.JsonMetaSchema(newValidator):278 Unknown keyword always_show - you should define your own Meta Schema. If the keyword is irrelevant for validation, just use a NonValidationKeyword"}}
{"type":"LOG","log":{"level":"WARN","message":"WARN i.a.w.i.DefaultAirbyteStreamFactory(internalLog):156 WARN c.n.s.JsonMetaSchema(newValidator):278 Unknown keyword min - you should define your own Meta Schema. If the keyword is irrelevant for validation, just use a NonValidationKeyword"}}
{"type":"LOG","log":{"level":"WARN","message":"WARN i.a.w.i.DefaultAirbyteStreamFactory(internalLog):156 WARN c.n.s.JsonMetaSchema(newValidator):278 Unknown keyword max - you should define your own Meta Schema. If the keyword is irrelevant for validation, just use a NonValidationKeyword"}}
{"type":"LOG","log":{"level":"INFO","message":"INFO i.a.w.i.DefaultAirbyteStreamFactory(internalLog):159 INFO i.a.i.b.s.SshTunnel(getInstance):204 Starting connection with method: NO_TUNNEL"}}
{"type":"LOG","log":{"level":"INFO","message":"INFO i.a.w.i.DefaultAirbyteStreamFactory(internalLog):159 INFO i.a.i.s.r.s.StateManagerFactory(createStateManager):48 Legacy state manager selected to manage state object with type LEGACY."}}
{"type":"LOG","log":{"level":"INFO","message":"INFO i.a.w.i.DefaultAirbyteStreamFactory(internalLog):159 INFO i.a.i.s.r.CdcStateManager(<init>):29 Initialized CDC state with: io.airbyte.integrations.source.relationaldb.models.CdcState@73e132e0[state={\"[\\\"test\\\",{\\\"server\\\":\\\"test\\\"}]\":\"{\\\"transaction_id\\\":null,\\\"lsn\\\":22996488,\\\"txId\\\":492,\\\"ts_usec\\\":1684592873133835}\"},additionalProperties={}]"}}
{"type":"LOG","log":{"level":"INFO","message":"INFO i.a.w.i.DefaultAirbyteStreamFactory(internalLog):159 INFO c.z.h.HikariDataSource(<init>):80 HikariPool-1 - Starting..."}}
{"type":"LOG","log":{"level":"INFO","message":"INFO i.a.w.i.DefaultAirbyteStreamFactory(internalLog):159 INFO c.z.h.HikariDataSource(<init>):82 HikariPool-1 - Start completed."}}
{"type":"LOG","log":{"level":"INFO","message":"INFO i.a.w.i.DefaultAirbyteStreamFactory(internalLog):159 INFO i.a.i.s.p.PostgresUtils(isCdc):53 using CDC: true"}}
{"type":"LOG","log":{"level":"INFO","message":"INFO i.a.w.i.DefaultAirbyteStreamFactory(internalLog):159 INFO i.a.d.j.s.AdaptiveStreamingQueryConfig(initialize):31 Set initial fetch size: 10 rows"}}
{"type":"LOG","log":{"level":"INFO","message":"INFO i.a.w.i.DefaultAirbyteStreamFactory(internalLog):159 INFO i.a.i.s.p.PostgresCdcCatalogHelper(getPublicizedTables):119 For CDC, only tables in publication publication will be included in the sync: [public.id_and_name, public.starships]"}}
{"type":"LOG","log":{"level":"INFO","message":"INFO i.a.w.i.DefaultAirbyteStreamFactory(internalLog):159 INFO i.a.i.s.j.AbstractJdbcSource(logPreSyncDebugData):450 Data source product recognized as PostgreSQL:13.11"}}
{"type":"LOG","log":{"level":"INFO","message":"INFO i.a.w.i.DefaultAirbyteStreamFactory(internalLog):159 INFO i.a.i.s.p.PostgresSource(logPreSyncDebugData):221 Discovering indexes for schema \"public\", table \"id_and_name\""}}
{"type":"LOG","log":{"level":"INFO","message":"INFO i.a.w.i.DefaultAirbyteStreamFactory(internalLog):159 INFO i.a.i.s.p.PostgresSource(logPreSyncDebugData):223 Index name: id_and_name_pkey, Column: id, Unique: true"}}
{"type":"LOG","log":{"level":"INFO","message":"INFO i.a.w.i.DefaultAirbyteStreamFactory(internalLog):159 INFO i.a.i.s.p.PostgresSource(logPreSyncDebugData):221 Discovering indexes for schema \"public\", table \"starships\""}}
{"type":"LOG","log":{"level":"INFO","message":"INFO i.a.w.i.DefaultAirbyteStreamFactory(internalLog):159 INFO i.a.i.s.p.PostgresSource(logPreSyncDebugData):223 Index name: starships_pkey, Column: id, Unique: true"}}
{"type":"LOG","log":{"level":"INFO","message":"INFO i.a.w.i.DefaultAirbyteStreamFactory(internalLog):159 INFO i.a.i.s.p.PostgresQueryUtils(logXminStatus):77 Xmin Status : {Number of wraparounds: 0, Xmin Transaction Value: 493, Xmin Raw Value: 493"}}
{"type":"LOG","log":{"level":"INFO","message":"INFO i.a.w.i.DefaultAirbyteStreamFactory(internalLog):159 INFO i.a.i.s.j.AbstractJdbcSource(discoverInternal):166 Internal schemas to exclude: [catalog_history, information_schema, pg_catalog, pg_internal]"}}
{"type":"LOG","log":{"level":"INFO","message":"INFO i.a.w.i.DefaultAirbyteStreamFactory(internalLog):159 INFO i.a.d.j.s.AdaptiveStreamingQueryConfig(initialize):31 Set initial fetch size: 10 rows"}}
{"type":"LOG","log":{"level":"INFO","message":"INFO i.a.w.i.DefaultAirbyteStreamFactory(internalLog):159 INFO i.a.i.s.p.PostgresUtils(isCdc):53 using CDC: true"}}
{"type":"LOG","log":{"level":"INFO","message":"INFO i.a.w.i.DefaultAirbyteStreamFactory(internalLog):159 INFO i.a.i.s.p.PostgresUtils(getFirstRecordWaitTime):111 First record waiting time: 30 seconds"}}
{"type":"LOG","log":{"level":"INFO","message":"INFO i.a.w.i.DefaultAirbyteStreamFactory(internalLog):159 INFO i.a.i.s.p.PostgresSource(getIncrementalIterators):369 First record waiting time: 30 seconds"}}
{"type":"LOG","log":{"level":"INFO","message":"INFO i.a.w.i.DefaultAirbyteStreamFactory(internalLog):159 INFO i.a.i.s.p.PostgresUtils(shouldFlushAfterSync):61 Should flush after sync: false"}}
{"type":"LOG","log":{"level":"INFO","message":"INFO i.a.w.i.DefaultAirbyteStreamFactory(internalLog):159 INFO o.a.k.c.c.AbstractConfig(logAll):376 StandaloneConfig values: \n\taccess.control.allow.methods = \n\taccess.control.allow.origin = \n\tadmin.listeners = null\n\tauto.include.jmx.reporter = true\n\tbootstrap.servers = [localhost:9092]\n\tclient.dns.lookup = use_all_dns_ips\n\tconfig.providers = []\n\tconnector.client.config.override.policy = All\n\theader.converter = class org.apache.kafka.connect.storage.SimpleHeaderConverter\n\tkey.converter = class org.apache.kafka.connect.json.JsonConverter\n\tlisteners = [http://:8083]\n\tmetric.reporters = []\n\tmetrics.num.samples = 2\n\tmetrics.recording.level = INFO\n\tmetrics.sample.window.ms = 30000\n\toffset.flush.interval.ms = 1000\n\toffset.flush.timeout.ms = 5000\n\toffset.storage.file.filename = /tmp/cdc-state-offset12323813627705183072/offset.dat\n\tplugin.path = null\n\tresponse.http.headers.config = \n\trest.advertised.host.name = null\n\trest.advertised.listener = null\n\trest.advertised.port = null\n\trest.extension.classes = []\n\tssl.cipher.suites = null\n\tssl.client.auth = none\n\tssl.enabled.protocols = [TLSv1.2, TLSv1.3]\n\tssl.endpoint.identification.algorithm = https\n\tssl.engine.factory.class = null\n\tssl.key.password = null\n\tssl.keymanager.algorithm = SunX509\n\tssl.keystore.certificate.chain = null\n\tssl.keystore.key = null\n\tssl.keystore.location = null\n\tssl.keystore.password = null\n\tssl.keystore.type = JKS\n\tssl.protocol = TLSv1.3\n\tssl.provider = null\n\tssl.secure.random.implementation = null\n\tssl.trustmanager.algorithm = PKIX\n\tssl.truststore.certificates = null\n\tssl.truststore.location = null\n\tssl.truststore.password = null\n\tssl.truststore.type = JKS\n\ttask.shutdown.graceful.timeout.ms = 5000\n\ttopic.creation.enable = true\n\ttopic.tracking.allow.reset = true\n\ttopic.tracking.enable = true\n\tvalue.converter = class org.apache.kafka.connect.json.JsonConverter\n"}}
{"type":"LOG","log":{"level":"WARN","message":"WARN i.a.w.i.DefaultAirbyteStreamFactory(internalLog):156 WARN o.a.k.c.r.WorkerConfig(logPluginPathConfigProviderWarning):379 Variables cannot be used in the 'plugin.path' property, since the property is used by plugin scanning before the config providers that replace the variables are initialized. The raw value 'null' was used for plugin scanning, as opposed to the transformed value 'null', and this may cause unexpected results."}}
{"type":"LOG","log":{"level":"INFO","message":"INFO i.a.w.i.DefaultAirbyteStreamFactory(internalLog):159 INFO o.a.k.c.s.FileOffsetBackingStore(start):58 Starting FileOffsetBackingStore with file /tmp/cdc-state-offset12323813627705183072/offset.dat"}}
{"type":"LOG","log":{"level":"INFO","message":"INFO i.a.w.i.DefaultAirbyteStreamFactory(internalLog):159 INFO o.a.k.c.c.AbstractConfig(logAll):376 JsonConverterConfig values: \n\tconverter.type = key\n\tdecimal.format = BASE64\n\tschemas.cache.size = 1000\n\tschemas.enable = false\n"}}
{"type":"LOG","log":{"level":"INFO","message":"INFO i.a.w.i.DefaultAirbyteStreamFactory(internalLog):159 INFO o.a.k.c.c.AbstractConfig(logAll):376 JsonConverterConfig values: \n\tconverter.type = value\n\tdecimal.format = BASE64\n\tschemas.cache.size = 1000\n\tschemas.enable = false\n"}}
{"type":"LOG","log":{"level":"INFO","message":"INFO i.a.w.i.DefaultAirbyteStreamFactory(internalLog):159 INFO i.a.i.d.i.p.PostgresDebeziumStateUtil(extractLsn):201 Found previous partition offset PostgresPartition [sourcePartition={server=test}]: {transaction_id=null, lsn=22996488, txId=492, ts_usec=1684592873133835}"}}
{"type":"LOG","log":{"level":"INFO","message":"INFO i.a.w.i.DefaultAirbyteStreamFactory(internalLog):159 INFO i.a.i.d.i.p.PostgresDebeziumStateUtil(parseSavedOffset):181 Closing offsetStorageReader and fileOffsetBackingStore"}}
{"type":"LOG","log":{"level":"INFO","message":"INFO i.a.w.i.DefaultAirbyteStreamFactory(internalLog):159 INFO o.a.k.c.s.FileOffsetBackingStore(stop):66 Stopped FileOffsetBackingStore"}}
{"type":"LOG","log":{"level":"INFO","message":"INFO i.a.w.i.DefaultAirbyteStreamFactory(internalLog):159 INFO i.a.i.s.p.PostgresSource(lambda$getReplicationSlot$4):296 Attempting to find the named replication slot using the query: HikariProxyPreparedStatement@1946636596 wrapping SELECT * FROM pg_replication_slots WHERE slot_name = 'debezium_slot' AND plugin = 'pgoutput' AND database = 'test'"}}
{"type":"LOG","log":{"level":"INFO","message":"INFO i.a.w.i.DefaultAirbyteStreamFactory(internalLog):159 INFO i.a.d.j.s.AdaptiveStreamingQueryConfig(initialize):31 Set initial fetch size: 10 rows"}}
{"type":"LOG","log":{"level":"INFO","message":"INFO i.a.w.i.DefaultAirbyteStreamFactory(internalLog):159 INFO i.a.i.d.i.p.PostgresDebeziumStateUtil(isSavedOffsetAfterReplicationSlotLSN):62 Replication slot confirmed_flush_lsn : 22996488 Saved offset LSN : 22996488"}}
{"type":"LOG","log":{"level":"INFO","message":"INFO i.a.w.i.DefaultAirbyteStreamFactory(internalLog):159 INFO i.a.i.s.p.PostgresUtils(shouldFlushAfterSync):61 Should flush after sync: false"}}
{"type":"LOG","log":{"level":"INFO","message":"INFO i.a.w.i.DefaultAirbyteStreamFactory(internalLog):159 INFO i.a.i.d.i.p.PostgresCdcTargetPosition(targetPosition):49 identified target lsn: PgLsn{lsn=22996584}"}}
{"type":"LOG","log":{"level":"INFO","message":"INFO i.a.w.i.DefaultAirbyteStreamFactory(internalLog):159 INFO i.a.i.s.p.PostgresUtils(shouldFlushAfterSync):61 Should flush after sync: false"}}
{"type":"LOG","log":{"level":"INFO","message":"INFO i.a.w.i.DefaultAirbyteStreamFactory(internalLog):159 INFO i.a.i.d.AirbyteDebeziumHandler(getIncrementalIterators):95 Using CDC: true"}}
{"type":"LOG","log":{"level":"INFO","message":"INFO i.a.w.i.DefaultAirbyteStreamFactory(internalLog):159 INFO o.a.k.c.c.AbstractConfig(logAll):376 JsonConverterConfig values: \n\tconverter.type = key\n\tdecimal.format = BASE64\n\tschemas.cache.size = 1000\n\tschemas.enable = false\n"}}
{"type":"LOG","log":{"level":"INFO","message":"INFO i.a.w.i.DefaultAirbyteStreamFactory(internalLog):159 INFO o.a.k.c.c.AbstractConfig(logAll):376 JsonConverterConfig values: \n\tconverter.type = value\n\tdecimal.format = BASE64\n\tschemas.cache.size = 1000\n\tschemas.enable = false\n"}}
{"type":"LOG","log":{"level":"INFO","message":"INFO i.a.w.i.DefaultAirbyteStreamFactory(internalLog):159 INFO o.a.k.c.c.AbstractConfig(logAll):376 EmbeddedConfig values: \n\taccess.control.allow.methods = \n\taccess.control.allow.origin = \n\tadmin.listeners = null\n\tauto.include.jmx.reporter = true\n\tbootstrap.servers = [localhost:9092]\n\tclient.dns.lookup = use_all_dns_ips\n\tconfig.providers = []\n\tconnector.client.config.override.policy = All\n\theader.converter = class org.apache.kafka.connect.storage.SimpleHeaderConverter\n\tkey.converter = class org.apache.kafka.connect.json.JsonConverter\n\tlisteners = [http://:8083]\n\tmetric.reporters = []\n\tmetrics.num.samples = 2\n\tmetrics.recording.level = INFO\n\tmetrics.sample.window.ms = 30000\n\toffset.flush.interval.ms = 1000\n\toffset.flush.timeout.ms = 5000\n\toffset.storage.file.filename = /tmp/cdc-state-offset12315749868837240938/offset.dat\n\toffset.storage.partitions = null\n\toffset.storage.replication.factor = null\n\toffset.storage.topic = \n\tplugin.path = null\n\tresponse.http.headers.config = \n\trest.advertised.host.name = null\n\trest.advertised.listener = null\n\trest.advertised.port = null\n\trest.extension.classes = []\n\tssl.cipher.suites = null\n\tssl.client.auth = none\n\tssl.enabled.protocols = [TLSv1.2, TLSv1.3]\n\tssl.endpoint.identification.algorithm = https\n\tssl.engine.factory.class = null\n\tssl.key.password = null\n\tssl.keymanager.algorithm = SunX509\n\tssl.keystore.certificate.chain = null\n\tssl.keystore.key = null\n\tssl.keystore.location = null\n\tssl.keystore.password = null\n\tssl.keystore.type = JKS\n\tssl.protocol = TLSv1.3\n\tssl.provider = null\n\tssl.secure.random.implementation = null\n\tssl.trustmanager.algorithm = PKIX\n\tssl.truststore.certificates = null\n\tssl.truststore.location = null\n\tssl.truststore.password = null\n\tssl.truststore.type = JKS\n\ttask.shutdown.graceful.timeout.ms = 5000\n\ttopic.creation.enable = true\n\ttopic.tracking.allow.reset = true\n\ttopic.tracking.enable = true\n\tvalue.converter = class org.apache.kafka.connect.json.JsonConverter\n"}}
{"type":"LOG","log":{"level":"WARN","message":"WARN i.a.w.i.DefaultAirbyteStreamFactory(internalLog):156 WARN o.a.k.c.r.WorkerConfig(logPluginPathConfigProviderWarning):379 Variables cannot be used in the 'plugin.path' property, since the property is used by plugin scanning before the config providers that replace the variables are initialized. The raw value 'null' was used for plugin scanning, as opposed to the transformed value 'null', and this may cause unexpected results."}}
{"type":"LOG","log":{"level":"INFO","message":"INFO i.a.w.i.DefaultAirbyteStreamFactory(internalLog):159 INFO o.a.k.c.c.AbstractConfig(logAll):376 JsonConverterConfig values: \n\tconverter.type = key\n\tdecimal.format = BASE64\n\tschemas.cache.size = 1000\n\tschemas.enable = false\n"}}
{"type":"LOG","log":{"level":"INFO","message":"INFO i.a.w.i.DefaultAirbyteStreamFactory(internalLog):159 INFO o.a.k.c.c.AbstractConfig(logAll):376 JsonConverterConfig values: \n\tconverter.type = value\n\tdecimal.format = BASE64\n\tschemas.cache.size = 1000\n\tschemas.enable = false\n"}}
{"type":"LOG","log":{"level":"INFO","message":"INFO i.a.w.i.DefaultAirbyteStreamFactory(internalLog):159 INFO i.d.c.p.PostgresConnector(testConnection):154 Successfully tested connection for jdbc:postgresql://172.17.0.10:5432/test with user 'test'"}}
{"type":"LOG","log":{"level":"INFO","message":"INFO i.a.w.i.DefaultAirbyteStreamFactory(internalLog):159 INFO i.d.j.JdbcConnection(lambda$doClose$4):947 Connection gracefully closed"}}
{"type":"LOG","log":{"level":"INFO","message":"INFO i.a.w.i.DefaultAirbyteStreamFactory(internalLog):159 INFO o.a.k.c.s.FileOffsetBackingStore(start):58 Starting FileOffsetBackingStore with file /tmp/cdc-state-offset12315749868837240938/offset.dat"}}
{"type":"LOG","log":{"level":"INFO","message":"INFO i.a.w.i.DefaultAirbyteStreamFactory(internalLog):159 INFO i.d.c.c.BaseSourceTask(start):124 Starting PostgresConnectorTask with configuration:"}}
{"type":"LOG","log":{"level":"INFO","message":"INFO i.a.w.i.DefaultAirbyteStreamFactory(internalLog):159 INFO i.d.c.c.BaseSourceTask(lambda$start$0):126    connector.class = io.debezium.connector.postgresql.PostgresConnector"}}
{"type":"LOG","log":{"level":"INFO","message":"INFO i.a.w.i.DefaultAirbyteStreamFactory(internalLog):159 INFO i.d.c.c.BaseSourceTask(lambda$start$0):126    max.queue.size = 8192"}}
{"type":"LOG","log":{"level":"INFO","message":"INFO i.a.w.i.DefaultAirbyteStreamFactory(internalLog):159 INFO i.d.c.c.BaseSourceTask(lambda$start$0):126    slot.name = debezium_slot"}}
{"type":"LOG","log":{"level":"INFO","message":"INFO i.a.w.i.DefaultAirbyteStreamFactory(internalLog):159 INFO i.d.c.c.BaseSourceTask(lambda$start$0):126    publication.name = publication"}}
{"type":"LOG","log":{"level":"INFO","message":"INFO i.a.w.i.DefaultAirbyteStreamFactory(internalLog):159 INFO i.d.c.c.BaseSourceTask(lambda$start$0):126    topic.prefix = test"}}
{"type":"LOG","log":{"level":"INFO","message":"INFO i.a.w.i.DefaultAirbyteStreamFactory(internalLog):159 INFO i.d.c.c.BaseSourceTask(lambda$start$0):126    offset.storage.file.filename = /tmp/cdc-state-offset12315749868837240938/offset.dat"}}
{"type":"LOG","log":{"level":"INFO","message":"INFO i.a.w.i.DefaultAirbyteStreamFactory(internalLog):159 INFO i.d.c.c.BaseSourceTask(lambda$start$0):126    decimal.handling.mode = string"}}
{"type":"LOG","log":{"level":"INFO","message":"INFO i.a.w.i.DefaultAirbyteStreamFactory(internalLog):159 INFO i.d.c.c.BaseSourceTask(lambda$start$0):126    converters = datetime"}}
{"type":"LOG","log":{"level":"INFO","message":"INFO i.a.w.i.DefaultAirbyteStreamFactory(internalLog):159 INFO i.d.c.c.BaseSourceTask(lambda$start$0):126    errors.retry.delay.initial.ms = 299"}}
{"type":"LOG","log":{"level":"INFO","message":"INFO i.a.w.i.DefaultAirbyteStreamFactory(internalLog):159 INFO i.d.c.c.BaseSourceTask(lambda$start$0):126    datetime.type = io.airbyte.integrations.debezium.internals.postgres.PostgresConverter"}}
{"type":"LOG","log":{"level":"INFO","message":"INFO i.a.w.i.DefaultAirbyteStreamFactory(internalLog):159 INFO i.d.c.c.BaseSourceTask(lambda$start$0):126    value.converter = org.apache.kafka.connect.json.JsonConverter"}}
{"type":"LOG","log":{"level":"INFO","message":"INFO i.a.w.i.DefaultAirbyteStreamFactory(internalLog):159 INFO i.d.c.c.BaseSourceTask(lambda$start$0):126    key.converter = org.apache.kafka.connect.json.JsonConverter"}}
{"type":"LOG","log":{"level":"INFO","message":"INFO i.a.w.i.DefaultAirbyteStreamFactory(internalLog):159 INFO i.d.c.c.BaseSourceTask(lambda$start$0):126    publication.autocreate.mode = disabled"}}
{"type":"LOG","log":{"level":"INFO","message":"INFO i.a.w.i.DefaultAirbyteStreamFactory(internalLog):159 INFO i.d.c.c.BaseSourceTask(lambda$start$0):126    database.user = test"}}
{"type":"LOG","log":{"level":"INFO","message":"INFO i.a.w.i.DefaultAirbyteStreamFactory(internalLog):159 INFO i.d.c.c.BaseSourceTask(lambda$start$0):126    database.dbname = test"}}
{"type":"LOG","log":{"level":"INFO","message":"INFO i.a.w.i.DefaultAirbyteStreamFactory(internalLog):159 INFO i.d.c.c.BaseSourceTask(lambda$start$0):126    offset.storage = org.apache.kafka.connect.storage.FileOffsetBackingStore"}}
{"type":"LOG","log":{"level":"INFO","message":"INFO i.a.w.i.DefaultAirbyteStreamFactory(internalLog):159 INFO i.d.c.c.BaseSourceTask(lambda$start$0):126    errors.retry.delay.max.ms = 300"}}
{"type":"LOG","log":{"level":"INFO","message":"INFO i.a.w.i.DefaultAirbyteStreamFactory(internalLog):159 INFO i.d.c.c.BaseSourceTask(lambda$start$0):126    offset.flush.timeout.ms = 5000"}}
{"type":"LOG","log":{"level":"INFO","message":"INFO i.a.w.i.DefaultAirbyteStreamFactory(internalLog):159 INFO i.d.c.c.BaseSourceTask(lambda$start$0):126    heartbeat.interval.ms = 10000"}}
{"type":"LOG","log":{"level":"INFO","message":"INFO i.a.w.i.DefaultAirbyteStreamFactory(internalLog):159 INFO i.d.c.c.BaseSourceTask(lambda$start$0):126    column.include.list = \\Qpublic.id_and_name\\E\\.(\\Qname\\E|\\Qid\\E),\\Qpublic.starships\\E\\.(\\Qname\\E|\\Qid\\E)"}}
{"type":"LOG","log":{"level":"INFO","message":"INFO i.a.w.i.DefaultAirbyteStreamFactory(internalLog):159 INFO i.d.c.c.BaseSourceTask(lambda$start$0):126    plugin.name = pgoutput"}}
{"type":"LOG","log":{"level":"INFO","message":"INFO i.a.w.i.DefaultAirbyteStreamFactory(internalLog):159 INFO i.d.c.c.BaseSourceTask(lambda$start$0):126    database.port = 5432"}}
{"type":"LOG","log":{"level":"INFO","message":"INFO i.a.w.i.DefaultAirbyteStreamFactory(internalLog):159 INFO i.d.c.c.BaseSourceTask(lambda$start$0):126    offset.flush.interval.ms = 1000"}}
{"type":"LOG","log":{"level":"INFO","message":"INFO i.a.w.i.DefaultAirbyteStreamFactory(internalLog):159 INFO i.d.c.c.BaseSourceTask(lambda$start$0):126    key.converter.schemas.enable = false"}}
{"type":"LOG","log":{"level":"INFO","message":"INFO i.a.w.i.DefaultAirbyteStreamFactory(internalLog):159 INFO i.d.c.c.BaseSourceTask(lambda$start$0):126    include.unknown.datatypes = true"}}
{"type":"LOG","log":{"level":"INFO","message":"INFO i.a.w.i.DefaultAirbyteStreamFactory(internalLog):159 INFO i.d.c.c.BaseSourceTask(lambda$start$0):126    errors.max.retries = 10"}}
{"type":"LOG","log":{"level":"INFO","message":"INFO i.a.w.i.DefaultAirbyteStreamFactory(internalLog):159 INFO i.d.c.c.BaseSourceTask(lambda$start$0):126    database.hostname = 172.17.0.10"}}
{"type":"LOG","log":{"level":"INFO","message":"INFO i.a.w.i.DefaultAirbyteStreamFactory(internalLog):159 INFO i.d.c.c.BaseSourceTask(lambda$start$0):126    database.password = ********"}}
{"type":"LOG","log":{"level":"INFO","message":"INFO i.a.w.i.DefaultAirbyteStreamFactory(internalLog):159 INFO i.d.c.c.BaseSourceTask(lambda$start$0):126    value.converter.schemas.enable = false"}}
{"type":"LOG","log":{"level":"INFO","message":"INFO i.a.w.i.DefaultAirbyteStreamFactory(internalLog):159 INFO i.d.c.c.BaseSourceTask(lambda$start$0):126    name = test"}}
{"type":"LOG","log":{"level":"INFO","message":"INFO i.a.w.i.DefaultAirbyteStreamFactory(internalLog):159 INFO i.d.c.c.BaseSourceTask(lambda$start$0):126    max.batch.size = 2048"}}
{"type":"LOG","log":{"level":"INFO","message":"INFO i.a.w.i.DefaultAirbyteStreamFactory(internalLog):159 INFO i.d.c.c.BaseSourceTask(lambda$start$0):126    table.include.list = \\Qpublic.id_and_name\\E,\\Qpublic.starships\\E"}}
{"type":"LOG","log":{"level":"INFO","message":"INFO i.a.w.i.DefaultAirbyteStreamFactory(internalLog):159 INFO i.d.c.c.BaseSourceTask(lambda$start$0):126    snapshot.mode = initial"}}
{"type":"LOG","log":{"level":"INFO","message":"INFO i.a.w.i.DefaultAirbyteStreamFactory(internalLog):159 INFO i.d.c.c.BaseSourceTask(startIfNeededAndPossible):243 Attempting to start task"}}
{"type":"LOG","log":{"level":"INFO","message":"INFO i.a.w.i.DefaultAirbyteStreamFactory(internalLog):159 INFO i.d.c.CommonConnectorConfig(getTopicNamingStrategy):849 Loading the custom topic naming strategy plugin: io.debezium.schema.SchemaTopicNamingStrategy"}}
{"type":"LOG","log":{"level":"INFO","message":"INFO i.a.w.i.DefaultAirbyteStreamFactory(internalLog):159 INFO i.d.j.JdbcConnection(lambda$doClose$4):947 Connection gracefully closed"}}
{"type":"LOG","log":{"level":"INFO","message":"INFO i.a.w.i.DefaultAirbyteStreamFactory(internalLog):159 INFO i.d.c.c.BaseSourceTask(getPreviousOffsets):370 Found previous partition offset PostgresPartition [sourcePartition={server=test}]: {transaction_id=null, lsn=22996488, txId=492, ts_usec=1684592873133835}"}}
{"type":"LOG","log":{"level":"INFO","message":"INFO i.a.w.i.DefaultAirbyteStreamFactory(internalLog):159 INFO i.d.c.p.PostgresConnectorTask(start):113 user 'test' connected to database 'test' on PostgreSQL 13.11 on x86_64-pc-linux-musl, compiled by gcc (Alpine 12.2.1_git20220924-r10) 12.2.1 20220924, 64-bit with roles:\n\trole 'pg_read_all_settings' [superuser: false, replication: false, inherit: true, create role: false, create db: false, can log in: false]\n\trole 'pg_stat_scan_tables' [superuser: false, replication: false, inherit: true, create role: false, create db: false, can log in: false]\n\trole 'pg_write_server_files' [superuser: false, replication: false, inherit: true, create role: false, create db: false, can log in: false]\n\trole 'test' [superuser: true, replication: true, inherit: true, create role: true, create db: true, can log in: true]\n\trole 'pg_monitor' [superuser: false, replication: false, inherit: true, create role: false, create db: false, can log in: false]\n\trole 'pg_read_server_files' [superuser: false, replication: false, inherit: true, create role: false, create db: false, can log in: false]\n\trole 'pg_execute_server_program' [superuser: false, replication: false, inherit: true, create role: false, create db: false, can log in: false]\n\trole 'pg_read_all_stats' [superuser: false, replication: false, inherit: true, create role: false, create db: false, can log in: false]\n\trole 'pg_signal_backend' [superuser: false, replication: false, inherit: true, create role: false, create db: false, can log in: false]"}}
{"type":"LOG","log":{"level":"INFO","message":"INFO i.a.w.i.DefaultAirbyteStreamFactory(internalLog):159 INFO i.d.c.p.c.PostgresConnection(readReplicationSlotInfo):264 Obtained valid replication slot ReplicationSlot [active=false, latestFlushedLsn=LSN{0/15EE608}, catalogXmin=492]"}}
{"type":"LOG","log":{"level":"INFO","message":"INFO i.a.w.i.DefaultAirbyteStreamFactory(internalLog):159 INFO i.d.c.p.PostgresConnectorTask(start):127 Found previous offset PostgresOffsetContext [sourceInfoSchema=Schema{io.debezium.connector.postgresql.Source:STRUCT}, sourceInfo=source_info[server='test'db='test', lsn=LSN{0/15EE608}, txId=492, timestamp=2023-05-20T14:27:53.133835Z, snapshot=FALSE, schema=, table=], lastSnapshotRecord=false, lastCompletelyProcessedLsn=null, lastCommitLsn=null, streamingStoppingLsn=null, transactionContext=TransactionContext [currentTransactionId=null, perTableEventCount={}, totalEventCount=0], incrementalSnapshotContext=IncrementalSnapshotContext [windowOpened=false, chunkEndPosition=null, dataCollectionsToSnapshot=[], lastEventKeySent=null, maximumKey=null]]"}}
{"type":"LOG","log":{"level":"INFO","message":"INFO i.a.w.i.DefaultAirbyteStreamFactory(internalLog):159 INFO i.d.u.Threads(threadFactory):270 Requested thread factory for connector PostgresConnector, id = test named = change-event-source-coordinator"}}
{"type":"LOG","log":{"level":"INFO","message":"INFO i.a.w.i.DefaultAirbyteStreamFactory(internalLog):159 INFO i.d.u.Threads$3(newThread):287 Creating thread debezium-postgresconnector-test-change-event-source-coordinator"}}
{"type":"LOG","log":{"level":"INFO","message":"INFO i.a.w.i.DefaultAirbyteStreamFactory(internalLog):159 INFO i.d.c.c.BaseSourceTask(startIfNeededAndPossible):245 Successfully started task"}}
{"type":"LOG","log":{"level":"INFO","message":"INFO i.a.w.i.DefaultAirbyteStreamFactory(internalLog):159 INFO i.d.p.ChangeEventSourceCoordinator(lambda$start$0):103 Metrics registered"}}
{"type":"LOG","log":{"level":"INFO","message":"INFO i.a.w.i.DefaultAirbyteStreamFactory(internalLog):159 INFO i.d.p.ChangeEventSourceCoordinator(lambda$start$0):106 Context created"}}
{"type":"LOG","log":{"level":"INFO","message":"INFO i.a.w.i.DefaultAirbyteStreamFactory(internalLog):159 INFO i.d.c.p.s.InitialSnapshotter(shouldSnapshot):42 Previous snapshot has completed successfully, streaming logical changes from last known position"}}
{"type":"LOG","log":{"level":"INFO","message":"INFO i.a.w.i.DefaultAirbyteStreamFactory(internalLog):159 INFO i.d.c.p.PostgresSnapshotChangeEventSource(getSnapshottingTask):68 According to the connector configuration no snapshot will be executed"}}
{"type":"LOG","log":{"level":"INFO","message":"INFO i.a.w.i.DefaultAirbyteStreamFactory(internalLog):159 INFO i.d.p.ChangeEventSourceCoordinator(doSnapshot):156 Snapshot ended with SnapshotResult [status=SKIPPED, offset=PostgresOffsetContext [sourceInfoSchema=Schema{io.debezium.connector.postgresql.Source:STRUCT}, sourceInfo=source_info[server='test'db='test', lsn=LSN{0/15EE608}, txId=492, timestamp=2023-05-20T14:27:53.133835Z, snapshot=FALSE, schema=, table=], lastSnapshotRecord=false, lastCompletelyProcessedLsn=null, lastCommitLsn=null, streamingStoppingLsn=null, transactionContext=TransactionContext [currentTransactionId=null, perTableEventCount={}, totalEventCount=0], incrementalSnapshotContext=IncrementalSnapshotContext [windowOpened=false, chunkEndPosition=null, dataCollectionsToSnapshot=[], lastEventKeySent=null, maximumKey=null]]]"}}
{"type":"LOG","log":{"level":"INFO","message":"INFO i.a.w.i.DefaultAirbyteStreamFactory(internalLog):159 INFO i.d.p.ChangeEventSourceCoordinator(streamingConnected):240 Connected metrics set to 'true'"}}
{"type":"LOG","log":{"level":"INFO","message":"INFO i.a.w.i.DefaultAirbyteStreamFactory(internalLog):159 INFO i.d.c.p.PostgresSchema(printReplicaIdentityInfo):100 REPLICA IDENTITY for 'public.id_and_name' is 'DEFAULT'; UPDATE and DELETE events will contain previous values only for PK columns"}}
{"type":"LOG","log":{"level":"INFO","message":"INFO i.a.w.i.DefaultAirbyteStreamFactory(internalLog):159 INFO i.d.c.p.PostgresSchema(printReplicaIdentityInfo):100 REPLICA IDENTITY for 'public.starships' is 'DEFAULT'; UPDATE and DELETE events will contain previous values only for PK columns"}}
{"type":"LOG","log":{"level":"INFO","message":"INFO i.a.w.i.DefaultAirbyteStreamFactory(internalLog):159 INFO i.d.p.ChangeEventSourceCoordinator(streamEvents):173 Starting streaming"}}
{"type":"LOG","log":{"level":"INFO","message":"INFO i.a.w.i.DefaultAirbyteStreamFactory(internalLog):159 INFO i.d.c.p.PostgresStreamingChangeEventSource(execute):136 Retrieved latest position from stored offset 'LSN{0/15EE608}'"}}
{"type":"LOG","log":{"level":"INFO","message":"INFO i.a.w.i.DefaultAirbyteStreamFactory(internalLog):159 INFO i.d.c.p.c.WalPositionLocator(<init>):48 Looking for WAL restart position for last commit LSN 'null' and last change LSN 'LSN{0/15EE608}'"}}
{"type":"LOG","log":{"level":"INFO","message":"INFO i.a.w.i.DefaultAirbyteStreamFactory(internalLog):159 INFO i.d.c.p.c.PostgresReplicationConnection(initPublication):147 Initializing PgOutput logical decoder publication"}}
{"type":"LOG","log":{"level":"INFO","message":"INFO i.a.w.i.DefaultAirbyteStreamFactory(internalLog):159 INFO i.d.c.p.c.PostgresConnection(readReplicationSlotInfo):264 Obtained valid replication slot ReplicationSlot [active=false, latestFlushedLsn=LSN{0/15EE608}, catalogXmin=492]"}}
{"type":"LOG","log":{"level":"INFO","message":"INFO i.a.w.i.DefaultAirbyteStreamFactory(internalLog):159 INFO i.d.j.JdbcConnection(lambda$doClose$4):947 Connection gracefully closed"}}
{"type":"LOG","log":{"level":"INFO","message":"INFO i.a.w.i.DefaultAirbyteStreamFactory(internalLog):159 INFO i.d.c.p.c.PostgresReplicationConnection(validateSlotIsInExpectedState):364 Seeking to LSN{0/15EE608} on the replication slot with command SELECT pg_replication_slot_advance('debezium_slot', '0/15EE608')"}}
{"type":"LOG","log":{"level":"INFO","message":"INFO i.a.w.i.DefaultAirbyteStreamFactory(internalLog):159 INFO i.d.u.Threads(threadFactory):270 Requested thread factory for connector PostgresConnector, id = test named = keep-alive"}}
{"type":"LOG","log":{"level":"INFO","message":"INFO i.a.w.i.DefaultAirbyteStreamFactory(internalLog):159 INFO i.d.u.Threads$3(newThread):287 Creating thread debezium-postgresconnector-test-keep-alive"}}
{"type":"LOG","log":{"level":"INFO","message":"INFO i.a.w.i.DefaultAirbyteStreamFactory(internalLog):159 INFO i.d.c.p.PostgresSchema(printReplicaIdentityInfo):100 REPLICA IDENTITY for 'public.id_and_name' is 'DEFAULT'; UPDATE and DELETE events will contain previous values only for PK columns"}}
{"type":"LOG","log":{"level":"INFO","message":"INFO i.a.w.i.DefaultAirbyteStreamFactory(internalLog):159 INFO i.d.c.p.PostgresSchema(printReplicaIdentityInfo):100 REPLICA IDENTITY for 'public.starships' is 'DEFAULT'; UPDATE and DELETE events will contain previous values only for PK columns"}}
{"type":"LOG","log":{"level":"INFO","message":"INFO i.a.w.i.DefaultAirbyteStreamFactory(internalLog):159 INFO i.d.c.p.PostgresStreamingChangeEventSource(searchWalPosition):327 Searching for WAL resume position"}}
{"type":"LOG","log":{"level":"INFO","message":"INFO i.a.w.i.DefaultAirbyteStreamFactory(internalLog):159 INFO i.a.i.d.i.DebeziumRecordIterator(requestClose):208 No records were returned by Debezium in the timeout seconds 30, closing the engine and iterator"}}
{"type":"LOG","log":{"level":"INFO","message":"INFO i.a.w.i.DefaultAirbyteStreamFactory(internalLog):159 INFO i.d.e.EmbeddedEngine(stop):1146 Stopping the embedded engine"}}
{"type":"LOG","log":{"level":"INFO","message":"INFO i.a.w.i.DefaultAirbyteStreamFactory(internalLog):159 INFO i.d.e.EmbeddedEngine(stop):1153 Waiting for PT5M for connector to stop"}}
{"type":"LOG","log":{"level":"INFO","message":"INFO i.a.w.i.DefaultAirbyteStreamFactory(internalLog):159 INFO i.d.e.EmbeddedEngine(run):944 Stopping the task and engine"}}
{"type":"LOG","log":{"level":"INFO","message":"INFO i.a.w.i.DefaultAirbyteStreamFactory(internalLog):159 INFO i.d.c.c.BaseSourceTask(stop):278 Stopping down connector"}}
{"type":"LOG","log":{"level":"INFO","message":"INFO i.a.w.i.DefaultAirbyteStreamFactory(internalLog):159 INFO i.d.c.p.PostgresStreamingChangeEventSource(searchWalPosition):348 WAL resume position 'null' discovered"}}
{"type":"LOG","log":{"level":"INFO","message":"INFO i.a.w.i.DefaultAirbyteStreamFactory(internalLog):159 INFO i.d.j.JdbcConnection(lambda$doClose$4):947 Connection gracefully closed"}}
{"type":"LOG","log":{"level":"INFO","message":"INFO i.a.w.i.DefaultAirbyteStreamFactory(internalLog):159 INFO i.d.j.JdbcConnection(lambda$doClose$4):947 Connection gracefully closed"}}
{"type":"LOG","log":{"level":"INFO","message":"INFO i.a.w.i.DefaultAirbyteStreamFactory(internalLog):159 INFO i.d.c.p.c.PostgresReplicationConnection(initPublication):147 Initializing PgOutput logical decoder publication"}}
{"type":"LOG","log":{"level":"INFO","message":"INFO i.a.w.i.DefaultAirbyteStreamFactory(internalLog):159 INFO i.d.c.p.c.PostgresReplicationConnection(validateSlotIsInExpectedState):364 Seeking to LSN{0/15EE608} on the replication slot with command SELECT pg_replication_slot_advance('debezium_slot', '0/15EE608')"}}
{"type":"LOG","log":{"level":"INFO","message":"INFO i.a.w.i.DefaultAirbyteStreamFactory(internalLog):159 INFO i.d.u.Threads(threadFactory):270 Requested thread factory for connector PostgresConnector, id = test named = keep-alive"}}
{"type":"LOG","log":{"level":"INFO","message":"INFO i.a.w.i.DefaultAirbyteStreamFactory(internalLog):159 INFO i.d.u.Threads$3(newThread):287 Creating thread debezium-postgresconnector-test-keep-alive"}}
{"type":"LOG","log":{"level":"INFO","message":"INFO i.a.w.i.DefaultAirbyteStreamFactory(internalLog):159 INFO i.d.c.p.PostgresStreamingChangeEventSource(processMessages):211 Processing messages"}}
{"type":"LOG","log":{"level":"INFO","message":"INFO i.a.w.i.DefaultAirbyteStreamFactory(internalLog):159 INFO i.d.j.JdbcConnection(lambda$doClose$4):947 Connection gracefully closed"}}
{"type":"LOG","log":{"level":"INFO","message":"INFO i.a.w.i.DefaultAirbyteStreamFactory(internalLog):159 INFO i.d.j.JdbcConnection(lambda$doClose$4):947 Connection gracefully closed"}}
{"type":"LOG","log":{"level":"INFO","message":"INFO i.a.w.i.DefaultAirbyteStreamFactory(internalLog):159 INFO i.d.p.ChangeEventSourceCoordinator(streamEvents):175 Finished streaming"}}
{"type":"LOG","log":{"level":"INFO","message":"INFO i.a.w.i.DefaultAirbyteStreamFactory(internalLog):159 INFO i.d.p.ChangeEventSourceCoordinator(streamingConnected):240 Connected metrics set to 'false'"}}
{"type":"LOG","log":{"level":"INFO","message":"INFO i.a.w.i.DefaultAirbyteStreamFactory(internalLog):159 INFO o.a.k.c.s.FileOffsetBackingStore(stop):66 Stopped FileOffsetBackingStore"}}
{"type":"LOG","log":{"level":"INFO","message":"INFO i.a.w.i.DefaultAirbyteStreamFactory(internalLog):159 INFO i.a.i.d.i.DebeziumRecordPublisher(lambda$start$1):73 Debezium engine shutdown."}}
{"type":"LOG","log":{"level":"INFO","message":"INFO i.a.w.i.DefaultAirbyteStreamFactory(internalLog):159 INFO i.a.i.d.i.DebeziumRecordPublisher(lambda$start$1):74 Connector 'io.debezium.connector.postgresql.PostgresConnector' completed normally."}}
{"type":"LOG","log":{"level":"INFO","message":"INFO i.a.w.i.DefaultAirbyteStreamFactory(internalLog):159 INFO i.a.i.d.i.DebeziumRecordIterator(computeNext):107 no record found. polling again."}}
{"type":"LOG","log":{"level":"INFO","message":"INFO i.a.w.i.DefaultAirbyteStreamFactory(internalLog):159 INFO i.a.i.s.p.PostgresCdcStateHandler(saveState):37 debezium state: {\"[\\\"test\\\",{\\\"server\\\":\\\"test\\\"}]\":\"{\\\"transaction_id\\\":null,\\\"lsn\\\":22996488,\\\"txId\\\":492,\\\"ts_usec\\\":1684592873133835}\"}"}}
{"type":"LOG","log":{"level":"INFO","message":"INFO i.a.w.i.DefaultAirbyteStreamFactory(internalLog):159 INFO i.a.i.s.r.s.LegacyStateManager(toState):99 Generated legacy state for 2 streams"}}
{"type":"LOG","log":{"level":"INFO","message":"INFO i.a.w.i.DefaultAirbyteStreamFactory(internalLog):159 INFO i.a.i.s.r.AbstractDbSource(lambda$read$1):173 Closing database connection pool."}}
{"type":"LOG","log":{"level":"INFO","message":"INFO i.a.w.i.DefaultAirbyteStreamFactory(internalLog):159 INFO c.z.h.HikariDataSource(close):350 HikariPool-1 - Shutdown initiated..."}}
{"type":"LOG","log":{"level":"INFO","message":"INFO i.a.w.i.DefaultAirbyteStreamFactory(internalLog):159 INFO c.z.h.HikariDataSource(close):352 HikariPool-1 - Shutdown completed."}}
{"type":"LOG","log":{"level":"INFO","message":"INFO i.a.w.i.DefaultAirbyteStreamFactory(internalLog):159 INFO i.a.i.s.r.AbstractDbSource(lambda$read$1):175 Closed database connection pool."}}
{"type":"LOG","log":{"level":"INFO","message":"INFO i.a.w.i.DefaultAirbyteStreamFactory(internalLog):159 INFO i.a.i.b.IntegrationRunner(runInternal):186 Completed integration: io.airbyte.integrations.base.ssh.SshWrappedSource"}}
{"type":"LOG","log":{"level":"INFO","message":"INFO i.a.w.i.DefaultAirbyteStreamFactory(internalLog):159 INFO i.a.i.s.p.PostgresSource(main):509 completed source: class io.airbyte.integrations.source.postgres.PostgresSource"}}
{"type":"LOG","log":{"level":"INFO","message":"INFO o.t.c.GenericContainer(tryStart):376 Creating container for image: postgres:13-alpine"}}
{"type":"LOG","log":{"level":"INFO","message":"INFO o.t.c.GenericContainer(tryStart):440 Container postgres:13-alpine is starting: 53e31d22477a35b1025d350761cdc90339ccea8f811b258043a1a32767f84ec4"}}
{"type":"LOG","log":{"level":"INFO","message":"INFO o.t.c.GenericContainer(tryStart):520 Container postgres:13-alpine started in PT50.131048S"}}
{"type":"LOG","log":{"level":"INFO","message":"INFO c.z.h.HikariDataSource(<init>):80 HikariPool-4 - Starting..."}}
{"type":"LOG","log":{"level":"INFO","message":"INFO c.z.h.HikariDataSource(<init>):82 HikariPool-4 - Start completed."}}
{"type":"LOG","log":{"level":"INFO","message":"INFO i.a.i.s.s.TestEnvConfigs(getEnvOrDefault):119 Using default value for environment variable WORKER_ENVIRONMENT: 'DOCKER'"}}
{"type":"LOG","log":{"level":"INFO","message":"INFO i.a.i.s.s.TestEnvConfigs(getEnvOrDefault):119 Using default value for environment variable DEPLOYMENT_MODE: 'OSS'"}}
{"type":"LOG","log":{"level":"INFO","message":"INFO i.a.c.i.LineGobbler(voidCall):114 Checking if airbyte/source-postgres:dev exists..."}}
{"type":"LOG","log":{"level":"INFO","message":"INFO i.a.c.i.LineGobbler(voidCall):114 airbyte/source-postgres:dev was found locally."}}
{"type":"LOG","log":{"level":"INFO","message":"INFO i.a.w.p.DockerProcessFactory(create):126 Creating docker container = source-postgres-read-0-0-yngjn with resources null and allowedHosts null"}}
{"type":"LOG","log":{"level":"INFO","message":"INFO i.a.w.p.DockerProcessFactory(create):171 Preparing command: docker run --rm --init -i -w /data/job --log-driver none --name source-postgres-read-0-0-yngjn --network host -v /tmp/airbyte_tests/test11468829038351096297:/data -v /tmp/airbyte_tests/output4707691871936683638:/local -e DEPLOYMENT_MODE=OSS -e USE_STREAM_CAPABLE_STATE=false -e FIELD_SELECTION_WORKSPACES= -e WORKER_ENVIRONMENT=DOCKER -e AIRBYTE_ROLE= -e APPLY_FIELD_SELECTION=false -e WORKER_CONNECTOR_IMAGE=airbyte/source-postgres:dev -e WORKER_JOB_ATTEMPT=0 -e AUTO_DETECT_SCHEMA=true -e AIRBYTE_VERSION= -e WORKER_JOB_ID=0 airbyte/source-postgres:dev read --config source_config.json --catalog source_catalog.json"}}
{"type":"LOG","log":{"level":"INFO","message":"INFO i.a.w.i.DefaultAirbyteStreamFactory(internalLog):159 INFO i.a.i.s.p.PostgresSource(main):507 starting source: class io.airbyte.integrations.source.postgres.PostgresSource"}}
{"type":"LOG","log":{"level":"INFO","message":"INFO i.a.w.i.DefaultAirbyteStreamFactory(internalLog):159 INFO i.a.i.b.IntegrationCliParser(parseOptions):126 integration args: {read=null, catalog=source_catalog.json, config=source_config.json}"}}
{"type":"LOG","log":{"level":"INFO","message":"INFO i.a.w.i.DefaultAirbyteStreamFactory(internalLog):159 INFO i.a.i.b.IntegrationRunner(runInternal):108 Running integration: io.airbyte.integrations.base.ssh.SshWrappedSource"}}
{"type":"LOG","log":{"level":"INFO","message":"INFO i.a.w.i.DefaultAirbyteStreamFactory(internalLog):159 INFO i.a.i.b.IntegrationRunner(runInternal):109 Command: READ"}}
{"type":"LOG","log":{"level":"INFO","message":"INFO i.a.w.i.DefaultAirbyteStreamFactory(internalLog):159 INFO i.a.i.b.IntegrationRunner(runInternal):110 Integration config: IntegrationConfig{command=READ, configPath='source_config.json', catalogPath='source_catalog.json', statePath='null'}"}}
{"type":"LOG","log":{"level":"WARN","message":"WARN i.a.w.i.DefaultAirbyteStreamFactory(internalLog):156 WARN c.n.s.JsonMetaSchema(newValidator):278 Unknown keyword groups - you should define your own Meta Schema. If the keyword is irrelevant for validation, just use a NonValidationKeyword"}}
{"type":"LOG","log":{"level":"WARN","message":"WARN i.a.w.i.DefaultAirbyteStreamFactory(internalLog):156 WARN c.n.s.JsonMetaSchema(newValidator):278 Unknown keyword order - you should define your own Meta Schema. If the keyword is irrelevant for validation, just use a NonValidationKeyword"}}
{"type":"LOG","log":{"level":"WARN","message":"WARN i.a.w.i.DefaultAirbyteStreamFactory(internalLog):156 WARN c.n.s.JsonMetaSchema(newValidator):278 Unknown keyword group - you should define your own Meta Schema. If the keyword is irrelevant for validation, just use a NonValidationKeyword"}}
{"type":"LOG","log":{"level":"WARN","message":"WARN i.a.w.i.DefaultAirbyteStreamFactory(internalLog):156 WARN c.n.s.JsonMetaSchema(newValidator):278 Unknown keyword airbyte_secret - you should define your own Meta Schema. If the keyword is irrelevant for validation, just use a NonValidationKeyword"}}
{"type":"LOG","log":{"level":"WARN","message":"WARN i.a.w.i.DefaultAirbyteStreamFactory(internalLog):156 WARN c.n.s.JsonMetaSchema(newValidator):278 Unknown keyword always_show - you should define your own Meta Schema. If the keyword is irrelevant for validation, just use a NonValidationKeyword"}}
{"type":"LOG","log":{"level":"WARN","message":"WARN i.a.w.i.DefaultAirbyteStreamFactory(internalLog):156 WARN c.n.s.JsonMetaSchema(newValidator):278 Unknown keyword min - you should define your own Meta Schema. If the keyword is irrelevant for validation, just use a NonValidationKeyword"}}
{"type":"LOG","log":{"level":"WARN","message":"WARN i.a.w.i.DefaultAirbyteStreamFactory(internalLog):156 WARN c.n.s.JsonMetaSchema(newValidator):278 Unknown keyword max - you should define your own Meta Schema. If the keyword is irrelevant for validation, just use a NonValidationKeyword"}}
{"type":"LOG","log":{"level":"INFO","message":"INFO i.a.w.i.DefaultAirbyteStreamFactory(internalLog):159 INFO i.a.i.b.s.SshTunnel(getInstance):204 Starting connection with method: NO_TUNNEL"}}
{"type":"LOG","log":{"level":"INFO","message":"INFO i.a.w.i.DefaultAirbyteStreamFactory(internalLog):159 INFO i.a.i.s.r.s.StateManagerFactory(createStateManager):48 Legacy state manager selected to manage state object with type LEGACY."}}
{"type":"LOG","log":{"level":"INFO","message":"INFO i.a.w.i.DefaultAirbyteStreamFactory(internalLog):159 INFO i.a.i.s.r.s.CursorManager(createCursorInfoForStream):182 No cursor field set in catalog but not present in state. Stream: public_id_and_name, New Cursor Field: null. Resetting cursor value"}}
{"type":"LOG","log":{"level":"INFO","message":"INFO i.a.w.i.DefaultAirbyteStreamFactory(internalLog):159 INFO i.a.i.s.r.s.CursorManager(createCursorInfoForStream):182 No cursor field set in catalog but not present in state. Stream: public_starships, New Cursor Field: null. Resetting cursor value"}}
{"type":"LOG","log":{"level":"INFO","message":"INFO i.a.w.i.DefaultAirbyteStreamFactory(internalLog):159 INFO i.a.i.s.r.CdcStateManager(<init>):29 Initialized CDC state with: null"}}
{"type":"LOG","log":{"level":"INFO","message":"INFO i.a.w.i.DefaultAirbyteStreamFactory(internalLog):159 INFO c.z.h.HikariDataSource(<init>):80 HikariPool-1 - Starting..."}}
{"type":"LOG","log":{"level":"INFO","message":"INFO i.a.w.i.DefaultAirbyteStreamFactory(internalLog):159 INFO c.z.h.HikariDataSource(<init>):82 HikariPool-1 - Start completed."}}
{"type":"LOG","log":{"level":"INFO","message":"INFO i.a.w.i.DefaultAirbyteStreamFactory(internalLog):159 INFO i.a.i.s.p.PostgresUtils(isCdc):53 using CDC: true"}}
{"type":"LOG","log":{"level":"INFO","message":"INFO i.a.w.i.DefaultAirbyteStreamFactory(internalLog):159 INFO i.a.d.j.s.AdaptiveStreamingQueryConfig(initialize):31 Set initial fetch size: 10 rows"}}
{"type":"LOG","log":{"level":"INFO","message":"INFO i.a.w.i.DefaultAirbyteStreamFactory(internalLog):159 INFO i.a.i.s.p.PostgresCdcCatalogHelper(getPublicizedTables):119 For CDC, only tables in publication publication will be included in the sync: [public.id_and_name, public.starships]"}}
{"type":"LOG","log":{"level":"INFO","message":"INFO i.a.w.i.DefaultAirbyteStreamFactory(internalLog):159 INFO i.a.i.s.j.AbstractJdbcSource(logPreSyncDebugData):450 Data source product recognized as PostgreSQL:13.11"}}
{"type":"LOG","log":{"level":"INFO","message":"INFO i.a.w.i.DefaultAirbyteStreamFactory(internalLog):159 INFO i.a.i.s.p.PostgresSource(logPreSyncDebugData):221 Discovering indexes for schema \"public\", table \"id_and_name\""}}
{"type":"LOG","log":{"level":"INFO","message":"INFO i.a.w.i.DefaultAirbyteStreamFactory(internalLog):159 INFO i.a.i.s.p.PostgresSource(logPreSyncDebugData):223 Index name: id_and_name_pkey, Column: id, Unique: true"}}
{"type":"LOG","log":{"level":"INFO","message":"INFO i.a.w.i.DefaultAirbyteStreamFactory(internalLog):159 INFO i.a.i.s.p.PostgresSource(logPreSyncDebugData):221 Discovering indexes for schema \"public\", table \"starships\""}}
{"type":"LOG","log":{"level":"INFO","message":"INFO i.a.w.i.DefaultAirbyteStreamFactory(internalLog):159 INFO i.a.i.s.p.PostgresSource(logPreSyncDebugData):223 Index name: starships_pkey, Column: id, Unique: true"}}
{"type":"LOG","log":{"level":"INFO","message":"INFO i.a.w.i.DefaultAirbyteStreamFactory(internalLog):159 INFO i.a.i.s.p.PostgresQueryUtils(logXminStatus):77 Xmin Status : {Number of wraparounds: 0, Xmin Transaction Value: 492, Xmin Raw Value: 492"}}
{"type":"LOG","log":{"level":"INFO","message":"INFO i.a.w.i.DefaultAirbyteStreamFactory(internalLog):159 INFO i.a.i.s.j.AbstractJdbcSource(discoverInternal):166 Internal schemas to exclude: [catalog_history, information_schema, pg_catalog, pg_internal]"}}
{"type":"LOG","log":{"level":"INFO","message":"INFO i.a.w.i.DefaultAirbyteStreamFactory(internalLog):159 INFO i.a.d.j.s.AdaptiveStreamingQueryConfig(initialize):31 Set initial fetch size: 10 rows"}}
{"type":"LOG","log":{"level":"INFO","message":"INFO i.a.w.i.DefaultAirbyteStreamFactory(internalLog):159 INFO i.a.i.s.p.PostgresUtils(isCdc):53 using CDC: true"}}
{"type":"LOG","log":{"level":"INFO","message":"INFO i.a.w.i.DefaultAirbyteStreamFactory(internalLog):159 INFO i.a.i.s.j.AbstractJdbcSource(queryTableFullRefresh):112 Queueing query for table: id_and_name"}}
{"type":"LOG","log":{"level":"INFO","message":"INFO i.a.w.i.DefaultAirbyteStreamFactory(internalLog):159 INFO i.a.i.s.j.AbstractJdbcSource(queryTableFullRefresh):112 Queueing query for table: starships"}}
{"type":"LOG","log":{"level":"INFO","message":"INFO i.a.w.i.DefaultAirbyteStreamFactory(internalLog):159 INFO i.a.i.s.r.RelationalDbQueryUtils(lambda$queryTable$0):73 Queueing query: SELECT \"id\",\"name\" FROM \"public\".\"id_and_name\""}}
{"type":"LOG","log":{"level":"INFO","message":"INFO i.a.w.i.DefaultAirbyteStreamFactory(internalLog):159 INFO i.a.d.j.s.AdaptiveStreamingQueryConfig(initialize):31 Set initial fetch size: 10 rows"}}
{"type":"LOG","log":{"level":"INFO","message":"INFO i.a.w.i.DefaultAirbyteStreamFactory(internalLog):159 INFO i.a.c.u.CompositeIterator(lambda$emitStartStreamStatus$1):155 STARTING -> public_id_and_name"}}
{"type":"LOG","log":{"level":"INFO","message":"INFO i.a.w.i.DefaultAirbyteStreamFactory(internalLog):159 INFO i.a.c.u.CompositeIterator(lambda$emitRunningStreamStatus$0):148 RUNNING -> public_id_and_name"}}
{"type":"LOG","log":{"level":"INFO","message":"INFO i.a.w.i.DefaultAirbyteStreamFactory(internalLog):159 INFO i.a.c.u.CompositeIterator(lambda$emitCompleteStreamStatus$2):162 COMPLETE -> public_id_and_name"}}
{"type":"LOG","log":{"level":"INFO","message":"INFO i.a.w.i.DefaultAirbyteStreamFactory(internalLog):159 INFO i.a.c.u.CompositeIterator(lambda$emitStartStreamStatus$1):155 STARTING -> public_starships"}}
{"type":"LOG","log":{"level":"INFO","message":"INFO i.a.w.i.DefaultAirbyteStreamFactory(internalLog):159 INFO i.a.i.s.r.RelationalDbQueryUtils(lambda$queryTable$0):73 Queueing query: SELECT \"id\",\"name\" FROM \"public\".\"starships\""}}
{"type":"LOG","log":{"level":"INFO","message":"INFO i.a.w.i.DefaultAirbyteStreamFactory(internalLog):159 INFO i.a.d.j.s.AdaptiveStreamingQueryConfig(initialize):31 Set initial fetch size: 10 rows"}}
{"type":"LOG","log":{"level":"INFO","message":"INFO i.a.w.i.DefaultAirbyteStreamFactory(internalLog):159 INFO i.a.c.u.CompositeIterator(lambda$emitRunningStreamStatus$0):148 RUNNING -> public_starships"}}
{"type":"LOG","log":{"level":"INFO","message":"INFO i.a.w.i.DefaultAirbyteStreamFactory(internalLog):159 INFO i.a.c.u.CompositeIterator(lambda$emitCompleteStreamStatus$2):162 COMPLETE -> public_starships"}}
{"type":"LOG","log":{"level":"INFO","message":"INFO i.a.w.i.DefaultAirbyteStreamFactory(internalLog):159 INFO i.a.i.s.r.AbstractDbSource(lambda$read$1):173 Closing database connection pool."}}
{"type":"LOG","log":{"level":"INFO","message":"INFO i.a.w.i.DefaultAirbyteStreamFactory(internalLog):159 INFO c.z.h.HikariDataSource(close):350 HikariPool-1 - Shutdown initiated..."}}
{"type":"LOG","log":{"level":"INFO","message":"INFO i.a.w.i.DefaultAirbyteStreamFactory(internalLog):159 INFO c.z.h.HikariDataSource(close):352 HikariPool-1 - Shutdown completed."}}
{"type":"LOG","log":{"level":"INFO","message":"INFO i.a.w.i.DefaultAirbyteStreamFactory(internalLog):159 INFO i.a.i.s.r.AbstractDbSource(lambda$read$1):175 Closed database connection pool."}}
{"type":"LOG","log":{"level":"INFO","message":"INFO i.a.w.i.DefaultAirbyteStreamFactory(internalLog):159 INFO i.a.i.b.IntegrationRunner(runInternal):186 Completed integration: io.airbyte.integrations.base.ssh.SshWrappedSource"}}
{"type":"LOG","log":{"level":"INFO","message":"INFO i.a.w.i.DefaultAirbyteStreamFactory(internalLog):159 INFO i.a.i.s.p.PostgresSource(main):509 completed source: class io.airbyte.integrations.source.postgres.PostgresSource"}}
{"type":"LOG","log":{"level":"INFO","message":"INFO i.a.c.i.LineGobbler(voidCall):114 Checking if airbyte/source-postgres:dev exists..."}}
{"type":"LOG","log":{"level":"INFO","message":"INFO i.a.c.i.LineGobbler(voidCall):114 airbyte/source-postgres:dev was found locally."}}
{"type":"LOG","log":{"level":"INFO","message":"INFO i.a.w.p.DockerProcessFactory(create):126 Creating docker container = source-postgres-read-0-0-zgkgr with resources null and allowedHosts null"}}
{"type":"LOG","log":{"level":"INFO","message":"INFO i.a.w.p.DockerProcessFactory(create):171 Preparing command: docker run --rm --init -i -w /data/job --log-driver none --name source-postgres-read-0-0-zgkgr --network host -v /tmp/airbyte_tests/test11468829038351096297:/data -v /tmp/airbyte_tests/output4707691871936683638:/local -e DEPLOYMENT_MODE=OSS -e USE_STREAM_CAPABLE_STATE=false -e FIELD_SELECTION_WORKSPACES= -e WORKER_ENVIRONMENT=DOCKER -e AIRBYTE_ROLE= -e APPLY_FIELD_SELECTION=false -e WORKER_CONNECTOR_IMAGE=airbyte/source-postgres:dev -e WORKER_JOB_ATTEMPT=0 -e AUTO_DETECT_SCHEMA=true -e AIRBYTE_VERSION= -e WORKER_JOB_ID=0 airbyte/source-postgres:dev read --config source_config.json --catalog source_catalog.json --state input_state.json"}}
{"type":"LOG","log":{"level":"INFO","message":"INFO i.a.w.i.DefaultAirbyteStreamFactory(internalLog):159 INFO i.a.i.s.p.PostgresSource(main):507 starting source: class io.airbyte.integrations.source.postgres.PostgresSource"}}
{"type":"LOG","log":{"level":"INFO","message":"INFO i.a.w.i.DefaultAirbyteStreamFactory(internalLog):159 INFO i.a.i.b.IntegrationCliParser(parseOptions):126 integration args: {read=null, catalog=source_catalog.json, state=input_state.json, config=source_config.json}"}}
{"type":"LOG","log":{"level":"INFO","message":"INFO i.a.w.i.DefaultAirbyteStreamFactory(internalLog):159 INFO i.a.i.b.IntegrationRunner(runInternal):108 Running integration: io.airbyte.integrations.base.ssh.SshWrappedSource"}}
{"type":"LOG","log":{"level":"INFO","message":"INFO i.a.w.i.DefaultAirbyteStreamFactory(internalLog):159 INFO i.a.i.b.IntegrationRunner(runInternal):109 Command: READ"}}
{"type":"LOG","log":{"level":"INFO","message":"INFO i.a.w.i.DefaultAirbyteStreamFactory(internalLog):159 INFO i.a.i.b.IntegrationRunner(runInternal):110 Integration config: IntegrationConfig{command=READ, configPath='source_config.json', catalogPath='source_catalog.json', statePath='input_state.json'}"}}
{"type":"LOG","log":{"level":"WARN","message":"WARN i.a.w.i.DefaultAirbyteStreamFactory(internalLog):156 WARN c.n.s.JsonMetaSchema(newValidator):278 Unknown keyword groups - you should define your own Meta Schema. If the keyword is irrelevant for validation, just use a NonValidationKeyword"}}
{"type":"LOG","log":{"level":"WARN","message":"WARN i.a.w.i.DefaultAirbyteStreamFactory(internalLog):156 WARN c.n.s.JsonMetaSchema(newValidator):278 Unknown keyword order - you should define your own Meta Schema. If the keyword is irrelevant for validation, just use a NonValidationKeyword"}}
{"type":"LOG","log":{"level":"WARN","message":"WARN i.a.w.i.DefaultAirbyteStreamFactory(internalLog):156 WARN c.n.s.JsonMetaSchema(newValidator):278 Unknown keyword group - you should define your own Meta Schema. If the keyword is irrelevant for validation, just use a NonValidationKeyword"}}
{"type":"LOG","log":{"level":"WARN","message":"WARN i.a.w.i.DefaultAirbyteStreamFactory(internalLog):156 WARN c.n.s.JsonMetaSchema(newValidator):278 Unknown keyword airbyte_secret - you should define your own Meta Schema. If the keyword is irrelevant for validation, just use a NonValidationKeyword"}}
{"type":"LOG","log":{"level":"WARN","message":"WARN i.a.w.i.DefaultAirbyteStreamFactory(internalLog):156 WARN c.n.s.JsonMetaSchema(newValidator):278 Unknown keyword always_show - you should define your own Meta Schema. If the keyword is irrelevant for validation, just use a NonValidationKeyword"}}
{"type":"LOG","log":{"level":"WARN","message":"WARN i.a.w.i.DefaultAirbyteStreamFactory(internalLog):156 WARN c.n.s.JsonMetaSchema(newValidator):278 Unknown keyword min - you should define your own Meta Schema. If the keyword is irrelevant for validation, just use a NonValidationKeyword"}}
{"type":"LOG","log":{"level":"WARN","message":"WARN i.a.w.i.DefaultAirbyteStreamFactory(internalLog):156 WARN c.n.s.JsonMetaSchema(newValidator):278 Unknown keyword max - you should define your own Meta Schema. If the keyword is irrelevant for validation, just use a NonValidationKeyword"}}
{"type":"LOG","log":{"level":"INFO","message":"INFO i.a.w.i.DefaultAirbyteStreamFactory(internalLog):159 INFO i.a.i.b.s.SshTunnel(getInstance):204 Starting connection with method: NO_TUNNEL"}}
{"type":"LOG","log":{"level":"INFO","message":"INFO i.a.w.i.DefaultAirbyteStreamFactory(internalLog):159 INFO i.a.i.s.r.s.StateManagerFactory(createStateManager):48 Legacy state manager selected to manage state object with type LEGACY."}}
{"type":"LOG","log":{"level":"INFO","message":"INFO i.a.w.i.DefaultAirbyteStreamFactory(internalLog):159 INFO i.a.i.s.r.s.CursorManager(createCursorInfoForStream):182 No cursor field set in catalog but not present in state. Stream: public_id_and_name, New Cursor Field: null. Resetting cursor value"}}
{"type":"LOG","log":{"level":"INFO","message":"INFO i.a.w.i.DefaultAirbyteStreamFactory(internalLog):159 INFO i.a.i.s.r.s.CursorManager(createCursorInfoForStream):182 No cursor field set in catalog but not present in state. Stream: public_starships, New Cursor Field: null. Resetting cursor value"}}
{"type":"LOG","log":{"level":"INFO","message":"INFO i.a.w.i.DefaultAirbyteStreamFactory(internalLog):159 INFO i.a.i.s.r.CdcStateManager(<init>):29 Initialized CDC state with: null"}}
{"type":"LOG","log":{"level":"INFO","message":"INFO i.a.w.i.DefaultAirbyteStreamFactory(internalLog):159 INFO c.z.h.HikariDataSource(<init>):80 HikariPool-1 - Starting..."}}
{"type":"LOG","log":{"level":"INFO","message":"INFO i.a.w.i.DefaultAirbyteStreamFactory(internalLog):159 INFO c.z.h.HikariDataSource(<init>):82 HikariPool-1 - Start completed."}}
{"type":"LOG","log":{"level":"INFO","message":"INFO i.a.w.i.DefaultAirbyteStreamFactory(internalLog):159 INFO i.a.i.s.p.PostgresUtils(isCdc):53 using CDC: true"}}
{"type":"LOG","log":{"level":"INFO","message":"INFO i.a.w.i.DefaultAirbyteStreamFactory(internalLog):159 INFO i.a.d.j.s.AdaptiveStreamingQueryConfig(initialize):31 Set initial fetch size: 10 rows"}}
{"type":"LOG","log":{"level":"INFO","message":"INFO i.a.w.i.DefaultAirbyteStreamFactory(internalLog):159 INFO i.a.i.s.p.PostgresCdcCatalogHelper(getPublicizedTables):119 For CDC, only tables in publication publication will be included in the sync: [public.id_and_name, public.starships]"}}
{"type":"LOG","log":{"level":"INFO","message":"INFO i.a.w.i.DefaultAirbyteStreamFactory(internalLog):159 INFO i.a.i.s.j.AbstractJdbcSource(logPreSyncDebugData):450 Data source product recognized as PostgreSQL:13.11"}}
{"type":"LOG","log":{"level":"INFO","message":"INFO i.a.w.i.DefaultAirbyteStreamFactory(internalLog):159 INFO i.a.i.s.p.PostgresSource(logPreSyncDebugData):221 Discovering indexes for schema \"public\", table \"id_and_name\""}}
{"type":"LOG","log":{"level":"INFO","message":"INFO i.a.w.i.DefaultAirbyteStreamFactory(internalLog):159 INFO i.a.i.s.p.PostgresSource(logPreSyncDebugData):223 Index name: id_and_name_pkey, Column: id, Unique: true"}}
{"type":"LOG","log":{"level":"INFO","message":"INFO i.a.w.i.DefaultAirbyteStreamFactory(internalLog):159 INFO i.a.i.s.p.PostgresSource(logPreSyncDebugData):221 Discovering indexes for schema \"public\", table \"starships\""}}
{"type":"LOG","log":{"level":"INFO","message":"INFO i.a.w.i.DefaultAirbyteStreamFactory(internalLog):159 INFO i.a.i.s.p.PostgresSource(logPreSyncDebugData):223 Index name: starships_pkey, Column: id, Unique: true"}}
{"type":"LOG","log":{"level":"INFO","message":"INFO i.a.w.i.DefaultAirbyteStreamFactory(internalLog):159 INFO i.a.i.s.p.PostgresQueryUtils(logXminStatus):77 Xmin Status : {Number of wraparounds: 0, Xmin Transaction Value: 492, Xmin Raw Value: 492"}}
{"type":"LOG","log":{"level":"INFO","message":"INFO i.a.w.i.DefaultAirbyteStreamFactory(internalLog):159 INFO i.a.i.s.j.AbstractJdbcSource(discoverInternal):166 Internal schemas to exclude: [catalog_history, information_schema, pg_catalog, pg_internal]"}}
{"type":"LOG","log":{"level":"INFO","message":"INFO i.a.w.i.DefaultAirbyteStreamFactory(internalLog):159 INFO i.a.d.j.s.AdaptiveStreamingQueryConfig(initialize):31 Set initial fetch size: 10 rows"}}
{"type":"LOG","log":{"level":"INFO","message":"INFO i.a.w.i.DefaultAirbyteStreamFactory(internalLog):159 INFO i.a.i.s.p.PostgresUtils(isCdc):53 using CDC: true"}}
{"type":"LOG","log":{"level":"INFO","message":"INFO i.a.w.i.DefaultAirbyteStreamFactory(internalLog):159 INFO i.a.i.s.p.PostgresUtils(getFirstRecordWaitTime):111 First record waiting time: 30 seconds"}}
{"type":"LOG","log":{"level":"INFO","message":"INFO i.a.w.i.DefaultAirbyteStreamFactory(internalLog):159 INFO i.a.i.s.p.PostgresSource(getIncrementalIterators):369 First record waiting time: 30 seconds"}}
{"type":"LOG","log":{"level":"INFO","message":"INFO i.a.w.i.DefaultAirbyteStreamFactory(internalLog):159 INFO i.a.i.s.p.PostgresUtils(shouldFlushAfterSync):61 Should flush after sync: false"}}
{"type":"LOG","log":{"level":"INFO","message":"INFO i.a.w.i.DefaultAirbyteStreamFactory(internalLog):159 INFO o.a.k.c.c.AbstractConfig(logAll):376 StandaloneConfig values: \n\taccess.control.allow.methods = \n\taccess.control.allow.origin = \n\tadmin.listeners = null\n\tauto.include.jmx.reporter = true\n\tbootstrap.servers = [localhost:9092]\n\tclient.dns.lookup = use_all_dns_ips\n\tconfig.providers = []\n\tconnector.client.config.override.policy = All\n\theader.converter = class org.apache.kafka.connect.storage.SimpleHeaderConverter\n\tkey.converter = class org.apache.kafka.connect.json.JsonConverter\n\tlisteners = [http://:8083]\n\tmetric.reporters = []\n\tmetrics.num.samples = 2\n\tmetrics.recording.level = INFO\n\tmetrics.sample.window.ms = 30000\n\toffset.flush.interval.ms = 1000\n\toffset.flush.timeout.ms = 5000\n\toffset.storage.file.filename = /tmp/cdc-state-offset2002645644659770001/offset.dat\n\tplugin.path = null\n\tresponse.http.headers.config = \n\trest.advertised.host.name = null\n\trest.advertised.listener = null\n\trest.advertised.port = null\n\trest.extension.classes = []\n\tssl.cipher.suites = null\n\tssl.client.auth = none\n\tssl.enabled.protocols = [TLSv1.2, TLSv1.3]\n\tssl.endpoint.identification.algorithm = https\n\tssl.engine.factory.class = null\n\tssl.key.password = null\n\tssl.keymanager.algorithm = SunX509\n\tssl.keystore.certificate.chain = null\n\tssl.keystore.key = null\n\tssl.keystore.location = null\n\tssl.keystore.password = null\n\tssl.keystore.type = JKS\n\tssl.protocol = TLSv1.3\n\tssl.provider = null\n\tssl.secure.random.implementation = null\n\tssl.trustmanager.algorithm = PKIX\n\tssl.truststore.certificates = null\n\tssl.truststore.location = null\n\tssl.truststore.password = null\n\tssl.truststore.type = JKS\n\ttask.shutdown.graceful.timeout.ms = 5000\n\ttopic.creation.enable = true\n\ttopic.tracking.allow.reset = true\n\ttopic.tracking.enable = true\n\tvalue.converter = class org.apache.kafka.connect.json.JsonConverter\n"}}
{"type":"LOG","log":{"level":"WARN","message":"WARN i.a.w.i.DefaultAirbyteStreamFactory(internalLog):156 WARN o.a.k.c.r.WorkerConfig(logPluginPathConfigProviderWarning):379 Variables cannot be used in the 'plugin.path' property, since the property is used by plugin scanning before the config providers that replace the variables are initialized. The raw value 'null' was used for plugin scanning, as opposed to the transformed value 'null', and this may cause unexpected results."}}
{"type":"LOG","log":{"level":"INFO","message":"INFO i.a.w.i.DefaultAirbyteStreamFactory(internalLog):159 INFO o.a.k.c.s.FileOffsetBackingStore(start):58 Starting FileOffsetBackingStore with file /tmp/cdc-state-offset2002645644659770001/offset.dat"}}
{"type":"LOG","log":{"level":"INFO","message":"INFO i.a.w.i.DefaultAirbyteStreamFactory(internalLog):159 INFO o.a.k.c.c.AbstractConfig(logAll):376 JsonConverterConfig values: \n\tconverter.type = key\n\tdecimal.format = BASE64\n\tschemas.cache.size = 1000\n\tschemas.enable = false\n"}}
{"type":"LOG","log":{"level":"INFO","message":"INFO i.a.w.i.DefaultAirbyteStreamFactory(internalLog):159 INFO o.a.k.c.c.AbstractConfig(logAll):376 JsonConverterConfig values: \n\tconverter.type = value\n\tdecimal.format = BASE64\n\tschemas.cache.size = 1000\n\tschemas.enable = false\n"}}
{"type":"LOG","log":{"level":"INFO","message":"INFO i.a.w.i.DefaultAirbyteStreamFactory(internalLog):159 INFO i.a.i.d.i.p.PostgresDebeziumStateUtil(extractLsn):206 No previous offsets found"}}
{"type":"LOG","log":{"level":"INFO","message":"INFO i.a.w.i.DefaultAirbyteStreamFactory(internalLog):159 INFO i.a.i.d.i.p.PostgresDebeziumStateUtil(parseSavedOffset):181 Closing offsetStorageReader and fileOffsetBackingStore"}}
{"type":"LOG","log":{"level":"INFO","message":"INFO i.a.w.i.DefaultAirbyteStreamFactory(internalLog):159 INFO o.a.k.c.s.FileOffsetBackingStore(stop):66 Stopped FileOffsetBackingStore"}}
{"type":"LOG","log":{"level":"INFO","message":"INFO i.a.w.i.DefaultAirbyteStreamFactory(internalLog):159 INFO i.a.i.s.p.PostgresSource(lambda$getReplicationSlot$4):296 Attempting to find the named replication slot using the query: HikariProxyPreparedStatement@1238339624 wrapping SELECT * FROM pg_replication_slots WHERE slot_name = 'debezium_slot' AND plugin = 'pgoutput' AND database = 'test'"}}
{"type":"LOG","log":{"level":"INFO","message":"INFO i.a.w.i.DefaultAirbyteStreamFactory(internalLog):159 INFO i.a.d.j.s.AdaptiveStreamingQueryConfig(initialize):31 Set initial fetch size: 10 rows"}}
{"type":"LOG","log":{"level":"INFO","message":"INFO i.a.w.i.DefaultAirbyteStreamFactory(internalLog):159 INFO i.a.i.s.p.PostgresUtils(shouldFlushAfterSync):61 Should flush after sync: false"}}
{"type":"LOG","log":{"level":"INFO","message":"INFO i.a.w.i.DefaultAirbyteStreamFactory(internalLog):159 INFO i.a.i.d.i.p.PostgresCdcTargetPosition(targetPosition):49 identified target lsn: PgLsn{lsn=22996488}"}}
{"type":"LOG","log":{"level":"INFO","message":"INFO i.a.w.i.DefaultAirbyteStreamFactory(internalLog):159 INFO i.a.i.s.p.PostgresUtils(shouldFlushAfterSync):61 Should flush after sync: false"}}
{"type":"LOG","log":{"level":"INFO","message":"INFO i.a.w.i.DefaultAirbyteStreamFactory(internalLog):159 INFO i.a.i.d.AirbyteDebeziumHandler(getIncrementalIterators):95 Using CDC: true"}}
{"type":"LOG","log":{"level":"INFO","message":"INFO i.a.w.i.DefaultAirbyteStreamFactory(internalLog):159 INFO o.a.k.c.c.AbstractConfig(logAll):376 JsonConverterConfig values: \n\tconverter.type = key\n\tdecimal.format = BASE64\n\tschemas.cache.size = 1000\n\tschemas.enable = false\n"}}
{"type":"LOG","log":{"level":"INFO","message":"INFO i.a.w.i.DefaultAirbyteStreamFactory(internalLog):159 INFO o.a.k.c.c.AbstractConfig(logAll):376 JsonConverterConfig values: \n\tconverter.type = value\n\tdecimal.format = BASE64\n\tschemas.cache.size = 1000\n\tschemas.enable = false\n"}}
{"type":"LOG","log":{"level":"INFO","message":"INFO i.a.w.i.DefaultAirbyteStreamFactory(internalLog):159 INFO o.a.k.c.c.AbstractConfig(logAll):376 EmbeddedConfig values: \n\taccess.control.allow.methods = \n\taccess.control.allow.origin = \n\tadmin.listeners = null\n\tauto.include.jmx.reporter = true\n\tbootstrap.servers = [localhost:9092]\n\tclient.dns.lookup = use_all_dns_ips\n\tconfig.providers = []\n\tconnector.client.config.override.policy = All\n\theader.converter = class org.apache.kafka.connect.storage.SimpleHeaderConverter\n\tkey.converter = class org.apache.kafka.connect.json.JsonConverter\n\tlisteners = [http://:8083]\n\tmetric.reporters = []\n\tmetrics.num.samples = 2\n\tmetrics.recording.level = INFO\n\tmetrics.sample.window.ms = 30000\n\toffset.flush.interval.ms = 1000\n\toffset.flush.timeout.ms = 5000\n\toffset.storage.file.filename = /tmp/cdc-state-offset18439188956297401055/offset.dat\n\toffset.storage.partitions = null\n\toffset.storage.replication.factor = null\n\toffset.storage.topic = \n\tplugin.path = null\n\tresponse.http.headers.config = \n\trest.advertised.host.name = null\n\trest.advertised.listener = null\n\trest.advertised.port = null\n\trest.extension.classes = []\n\tssl.cipher.suites = null\n\tssl.client.auth = none\n\tssl.enabled.protocols = [TLSv1.2, TLSv1.3]\n\tssl.endpoint.identification.algorithm = https\n\tssl.engine.factory.class = null\n\tssl.key.password = null\n\tssl.keymanager.algorithm = SunX509\n\tssl.keystore.certificate.chain = null\n\tssl.keystore.key = null\n\tssl.keystore.location = null\n\tssl.keystore.password = null\n\tssl.keystore.type = JKS\n\tssl.protocol = TLSv1.3\n\tssl.provider = null\n\tssl.secure.random.implementation = null\n\tssl.trustmanager.algorithm = PKIX\n\tssl.truststore.certificates = null\n\tssl.truststore.location = null\n\tssl.truststore.password = null\n\tssl.truststore.type = JKS\n\ttask.shutdown.graceful.timeout.ms = 5000\n\ttopic.creation.enable = true\n\ttopic.tracking.allow.reset = true\n\ttopic.tracking.enable = true\n\tvalue.converter = class org.apache.kafka.connect.json.JsonConverter\n"}}
{"type":"LOG","log":{"level":"WARN","message":"WARN i.a.w.i.DefaultAirbyteStreamFactory(internalLog):156 WARN o.a.k.c.r.WorkerConfig(logPluginPathConfigProviderWarning):379 Variables cannot be used in the 'plugin.path' property, since the property is used by plugin scanning before the config providers that replace the variables are initialized. The raw value 'null' was used for plugin scanning, as opposed to the transformed value 'null', and this may cause unexpected results."}}
{"type":"LOG","log":{"level":"INFO","message":"INFO i.a.w.i.DefaultAirbyteStreamFactory(internalLog):159 INFO o.a.k.c.c.AbstractConfig(logAll):376 JsonConverterConfig values: \n\tconverter.type = key\n\tdecimal.format = BASE64\n\tschemas.cache.size = 1000\n\tschemas.enable = false\n"}}
{"type":"LOG","log":{"level":"INFO","message":"INFO i.a.w.i.DefaultAirbyteStreamFactory(internalLog):159 INFO o.a.k.c.c.AbstractConfig(logAll):376 JsonConverterConfig values: \n\tconverter.type = value\n\tdecimal.format = BASE64\n\tschemas.cache.size = 1000\n\tschemas.enable = false\n"}}
{"type":"LOG","log":{"level":"INFO","message":"INFO i.a.w.i.DefaultAirbyteStreamFactory(internalLog):159 INFO i.d.c.p.PostgresConnector(testConnection):154 Successfully tested connection for jdbc:postgresql://172.17.0.9:5432/test with user 'test'"}}
{"type":"LOG","log":{"level":"INFO","message":"INFO i.a.w.i.DefaultAirbyteStreamFactory(internalLog):159 INFO i.d.j.JdbcConnection(lambda$doClose$4):947 Connection gracefully closed"}}
{"type":"LOG","log":{"level":"INFO","message":"INFO i.a.w.i.DefaultAirbyteStreamFactory(internalLog):159 INFO o.a.k.c.s.FileOffsetBackingStore(start):58 Starting FileOffsetBackingStore with file /tmp/cdc-state-offset18439188956297401055/offset.dat"}}
{"type":"LOG","log":{"level":"INFO","message":"INFO i.a.w.i.DefaultAirbyteStreamFactory(internalLog):159 INFO i.d.c.c.BaseSourceTask(start):124 Starting PostgresConnectorTask with configuration:"}}
{"type":"LOG","log":{"level":"INFO","message":"INFO i.a.w.i.DefaultAirbyteStreamFactory(internalLog):159 INFO i.d.c.c.BaseSourceTask(lambda$start$0):126    connector.class = io.debezium.connector.postgresql.PostgresConnector"}}
{"type":"LOG","log":{"level":"INFO","message":"INFO i.a.w.i.DefaultAirbyteStreamFactory(internalLog):159 INFO i.d.c.c.BaseSourceTask(lambda$start$0):126    max.queue.size = 8192"}}
{"type":"LOG","log":{"level":"INFO","message":"INFO i.a.w.i.DefaultAirbyteStreamFactory(internalLog):159 INFO i.d.c.c.BaseSourceTask(lambda$start$0):126    slot.name = debezium_slot"}}
{"type":"LOG","log":{"level":"INFO","message":"INFO i.a.w.i.DefaultAirbyteStreamFactory(internalLog):159 INFO i.d.c.c.BaseSourceTask(lambda$start$0):126    publication.name = publication"}}
{"type":"LOG","log":{"level":"INFO","message":"INFO i.a.w.i.DefaultAirbyteStreamFactory(internalLog):159 INFO i.d.c.c.BaseSourceTask(lambda$start$0):126    topic.prefix = test"}}
{"type":"LOG","log":{"level":"INFO","message":"INFO i.a.w.i.DefaultAirbyteStreamFactory(internalLog):159 INFO i.d.c.c.BaseSourceTask(lambda$start$0):126    offset.storage.file.filename = /tmp/cdc-state-offset18439188956297401055/offset.dat"}}
{"type":"LOG","log":{"level":"INFO","message":"INFO i.a.w.i.DefaultAirbyteStreamFactory(internalLog):159 INFO i.d.c.c.BaseSourceTask(lambda$start$0):126    decimal.handling.mode = string"}}
{"type":"LOG","log":{"level":"INFO","message":"INFO i.a.w.i.DefaultAirbyteStreamFactory(internalLog):159 INFO i.d.c.c.BaseSourceTask(lambda$start$0):126    converters = datetime"}}
{"type":"LOG","log":{"level":"INFO","message":"INFO i.a.w.i.DefaultAirbyteStreamFactory(internalLog):159 INFO i.d.c.c.BaseSourceTask(lambda$start$0):126    errors.retry.delay.initial.ms = 299"}}
{"type":"LOG","log":{"level":"INFO","message":"INFO i.a.w.i.DefaultAirbyteStreamFactory(internalLog):159 INFO i.d.c.c.BaseSourceTask(lambda$start$0):126    datetime.type = io.airbyte.integrations.debezium.internals.postgres.PostgresConverter"}}
{"type":"LOG","log":{"level":"INFO","message":"INFO i.a.w.i.DefaultAirbyteStreamFactory(internalLog):159 INFO i.d.c.c.BaseSourceTask(lambda$start$0):126    value.converter = org.apache.kafka.connect.json.JsonConverter"}}
{"type":"LOG","log":{"level":"INFO","message":"INFO i.a.w.i.DefaultAirbyteStreamFactory(internalLog):159 INFO i.d.c.c.BaseSourceTask(lambda$start$0):126    key.converter = org.apache.kafka.connect.json.JsonConverter"}}
{"type":"LOG","log":{"level":"INFO","message":"INFO i.a.w.i.DefaultAirbyteStreamFactory(internalLog):159 INFO i.d.c.c.BaseSourceTask(lambda$start$0):126    publication.autocreate.mode = disabled"}}
{"type":"LOG","log":{"level":"INFO","message":"INFO i.a.w.i.DefaultAirbyteStreamFactory(internalLog):159 INFO i.d.c.c.BaseSourceTask(lambda$start$0):126    database.user = test"}}
{"type":"LOG","log":{"level":"INFO","message":"INFO i.a.w.i.DefaultAirbyteStreamFactory(internalLog):159 INFO i.d.c.c.BaseSourceTask(lambda$start$0):126    database.dbname = test"}}
{"type":"LOG","log":{"level":"INFO","message":"INFO i.a.w.i.DefaultAirbyteStreamFactory(internalLog):159 INFO i.d.c.c.BaseSourceTask(lambda$start$0):126    offset.storage = org.apache.kafka.connect.storage.FileOffsetBackingStore"}}
{"type":"LOG","log":{"level":"INFO","message":"INFO i.a.w.i.DefaultAirbyteStreamFactory(internalLog):159 INFO i.d.c.c.BaseSourceTask(lambda$start$0):126    errors.retry.delay.max.ms = 300"}}
{"type":"LOG","log":{"level":"INFO","message":"INFO i.a.w.i.DefaultAirbyteStreamFactory(internalLog):159 INFO i.d.c.c.BaseSourceTask(lambda$start$0):126    offset.flush.timeout.ms = 5000"}}
{"type":"LOG","log":{"level":"INFO","message":"INFO i.a.w.i.DefaultAirbyteStreamFactory(internalLog):159 INFO i.d.c.c.BaseSourceTask(lambda$start$0):126    heartbeat.interval.ms = 10000"}}
{"type":"LOG","log":{"level":"INFO","message":"INFO i.a.w.i.DefaultAirbyteStreamFactory(internalLog):159 INFO i.d.c.c.BaseSourceTask(lambda$start$0):126    column.include.list = \\Qpublic.id_and_name\\E\\.(\\Qname\\E|\\Qid\\E),\\Qpublic.starships\\E\\.(\\Qname\\E|\\Qid\\E)"}}
{"type":"LOG","log":{"level":"INFO","message":"INFO i.a.w.i.DefaultAirbyteStreamFactory(internalLog):159 INFO i.d.c.c.BaseSourceTask(lambda$start$0):126    plugin.name = pgoutput"}}
{"type":"LOG","log":{"level":"INFO","message":"INFO i.a.w.i.DefaultAirbyteStreamFactory(internalLog):159 INFO i.d.c.c.BaseSourceTask(lambda$start$0):126    database.port = 5432"}}
{"type":"LOG","log":{"level":"INFO","message":"INFO i.a.w.i.DefaultAirbyteStreamFactory(internalLog):159 INFO i.d.c.c.BaseSourceTask(lambda$start$0):126    offset.flush.interval.ms = 1000"}}
{"type":"LOG","log":{"level":"INFO","message":"INFO i.a.w.i.DefaultAirbyteStreamFactory(internalLog):159 INFO i.d.c.c.BaseSourceTask(lambda$start$0):126    key.converter.schemas.enable = false"}}
{"type":"LOG","log":{"level":"INFO","message":"INFO i.a.w.i.DefaultAirbyteStreamFactory(internalLog):159 INFO i.d.c.c.BaseSourceTask(lambda$start$0):126    include.unknown.datatypes = true"}}
{"type":"LOG","log":{"level":"INFO","message":"INFO i.a.w.i.DefaultAirbyteStreamFactory(internalLog):159 INFO i.d.c.c.BaseSourceTask(lambda$start$0):126    errors.max.retries = 10"}}
{"type":"LOG","log":{"level":"INFO","message":"INFO i.a.w.i.DefaultAirbyteStreamFactory(internalLog):159 INFO i.d.c.c.BaseSourceTask(lambda$start$0):126    database.hostname = 172.17.0.9"}}
{"type":"LOG","log":{"level":"INFO","message":"INFO i.a.w.i.DefaultAirbyteStreamFactory(internalLog):159 INFO i.d.c.c.BaseSourceTask(lambda$start$0):126    database.password = ********"}}
{"type":"LOG","log":{"level":"INFO","message":"INFO i.a.w.i.DefaultAirbyteStreamFactory(internalLog):159 INFO i.d.c.c.BaseSourceTask(lambda$start$0):126    value.converter.schemas.enable = false"}}
{"type":"LOG","log":{"level":"INFO","message":"INFO i.a.w.i.DefaultAirbyteStreamFactory(internalLog):159 INFO i.d.c.c.BaseSourceTask(lambda$start$0):126    name = test"}}
{"type":"LOG","log":{"level":"INFO","message":"INFO i.a.w.i.DefaultAirbyteStreamFactory(internalLog):159 INFO i.d.c.c.BaseSourceTask(lambda$start$0):126    max.batch.size = 2048"}}
{"type":"LOG","log":{"level":"INFO","message":"INFO i.a.w.i.DefaultAirbyteStreamFactory(internalLog):159 INFO i.d.c.c.BaseSourceTask(lambda$start$0):126    table.include.list = \\Qpublic.id_and_name\\E,\\Qpublic.starships\\E"}}
{"type":"LOG","log":{"level":"INFO","message":"INFO i.a.w.i.DefaultAirbyteStreamFactory(internalLog):159 INFO i.d.c.c.BaseSourceTask(lambda$start$0):126    snapshot.mode = initial"}}
{"type":"LOG","log":{"level":"INFO","message":"INFO i.a.w.i.DefaultAirbyteStreamFactory(internalLog):159 INFO i.d.c.c.BaseSourceTask(startIfNeededAndPossible):243 Attempting to start task"}}
{"type":"LOG","log":{"level":"INFO","message":"INFO i.a.w.i.DefaultAirbyteStreamFactory(internalLog):159 INFO i.d.c.CommonConnectorConfig(getTopicNamingStrategy):849 Loading the custom topic naming strategy plugin: io.debezium.schema.SchemaTopicNamingStrategy"}}
{"type":"LOG","log":{"level":"INFO","message":"INFO i.a.w.i.DefaultAirbyteStreamFactory(internalLog):159 INFO i.d.j.JdbcConnection(lambda$doClose$4):947 Connection gracefully closed"}}
{"type":"LOG","log":{"level":"INFO","message":"INFO i.a.w.i.DefaultAirbyteStreamFactory(internalLog):159 INFO i.d.c.c.BaseSourceTask(getPreviousOffsets):375 No previous offsets found"}}
{"type":"LOG","log":{"level":"INFO","message":"INFO i.a.w.i.DefaultAirbyteStreamFactory(internalLog):159 INFO i.d.c.p.PostgresConnectorTask(start):113 user 'test' connected to database 'test' on PostgreSQL 13.11 on x86_64-pc-linux-musl, compiled by gcc (Alpine 12.2.1_git20220924-r10) 12.2.1 20220924, 64-bit with roles:\n\trole 'pg_read_all_settings' [superuser: false, replication: false, inherit: true, create role: false, create db: false, can log in: false]\n\trole 'pg_stat_scan_tables' [superuser: false, replication: false, inherit: true, create role: false, create db: false, can log in: false]\n\trole 'pg_write_server_files' [superuser: false, replication: false, inherit: true, create role: false, create db: false, can log in: false]\n\trole 'test' [superuser: true, replication: true, inherit: true, create role: true, create db: true, can log in: true]\n\trole 'pg_monitor' [superuser: false, replication: false, inherit: true, create role: false, create db: false, can log in: false]\n\trole 'pg_read_server_files' [superuser: false, replication: false, inherit: true, create role: false, create db: false, can log in: false]\n\trole 'pg_execute_server_program' [superuser: false, replication: false, inherit: true, create role: false, create db: false, can log in: false]\n\trole 'pg_read_all_stats' [superuser: false, replication: false, inherit: true, create role: false, create db: false, can log in: false]\n\trole 'pg_signal_backend' [superuser: false, replication: false, inherit: true, create role: false, create db: false, can log in: false]"}}
{"type":"LOG","log":{"level":"INFO","message":"INFO i.a.w.i.DefaultAirbyteStreamFactory(internalLog):159 INFO i.d.c.p.c.PostgresConnection(readReplicationSlotInfo):264 Obtained valid replication slot ReplicationSlot [active=false, latestFlushedLsn=LSN{0/15EE348}, catalogXmin=491]"}}
{"type":"LOG","log":{"level":"INFO","message":"INFO i.a.w.i.DefaultAirbyteStreamFactory(internalLog):159 INFO i.d.c.p.PostgresConnectorTask(start):122 No previous offset found"}}
{"type":"LOG","log":{"level":"INFO","message":"INFO i.a.w.i.DefaultAirbyteStreamFactory(internalLog):159 INFO i.d.u.Threads(threadFactory):270 Requested thread factory for connector PostgresConnector, id = test named = change-event-source-coordinator"}}
{"type":"LOG","log":{"level":"INFO","message":"INFO i.a.w.i.DefaultAirbyteStreamFactory(internalLog):159 INFO i.d.u.Threads$3(newThread):287 Creating thread debezium-postgresconnector-test-change-event-source-coordinator"}}
{"type":"LOG","log":{"level":"INFO","message":"INFO i.a.w.i.DefaultAirbyteStreamFactory(internalLog):159 INFO i.d.c.c.BaseSourceTask(startIfNeededAndPossible):245 Successfully started task"}}
{"type":"LOG","log":{"level":"INFO","message":"INFO i.a.w.i.DefaultAirbyteStreamFactory(internalLog):159 INFO i.d.p.ChangeEventSourceCoordinator(lambda$start$0):103 Metrics registered"}}
{"type":"LOG","log":{"level":"INFO","message":"INFO i.a.w.i.DefaultAirbyteStreamFactory(internalLog):159 INFO i.d.p.ChangeEventSourceCoordinator(lambda$start$0):106 Context created"}}
{"type":"LOG","log":{"level":"INFO","message":"INFO i.a.w.i.DefaultAirbyteStreamFactory(internalLog):159 INFO i.d.c.p.s.InitialSnapshotter(shouldSnapshot):34 Taking initial snapshot for new datasource"}}
{"type":"LOG","log":{"level":"INFO","message":"INFO i.a.w.i.DefaultAirbyteStreamFactory(internalLog):159 INFO i.d.c.p.PostgresSnapshotChangeEventSource(getSnapshottingTask):65 According to the connector configuration data will be snapshotted"}}
{"type":"LOG","log":{"level":"INFO","message":"INFO i.a.w.i.DefaultAirbyteStreamFactory(internalLog):159 INFO i.d.r.RelationalSnapshotChangeEventSource(doExecute):110 Snapshot step 1 - Preparing"}}
{"type":"LOG","log":{"level":"INFO","message":"INFO i.a.w.i.DefaultAirbyteStreamFactory(internalLog):159 INFO i.d.r.RelationalSnapshotChangeEventSource(doExecute):119 Snapshot step 2 - Determining captured tables"}}
{"type":"LOG","log":{"level":"INFO","message":"INFO i.a.w.i.DefaultAirbyteStreamFactory(internalLog):159 INFO i.d.r.RelationalSnapshotChangeEventSource(determineCapturedTables):267 Adding table public.id_and_name to the list of capture schema tables"}}
{"type":"LOG","log":{"level":"INFO","message":"INFO i.a.w.i.DefaultAirbyteStreamFactory(internalLog):159 INFO i.d.r.RelationalSnapshotChangeEventSource(determineCapturedTables):267 Adding table public.starships to the list of capture schema tables"}}
{"type":"LOG","log":{"level":"INFO","message":"INFO i.a.w.i.DefaultAirbyteStreamFactory(internalLog):159 INFO i.d.r.RelationalSnapshotChangeEventSource(doExecute):126 Snapshot step 3 - Locking captured tables [public.id_and_name, public.starships]"}}
{"type":"LOG","log":{"level":"INFO","message":"INFO i.a.w.i.DefaultAirbyteStreamFactory(internalLog):159 INFO i.d.r.RelationalSnapshotChangeEventSource(doExecute):132 Snapshot step 4 - Determining snapshot offset"}}
{"type":"LOG","log":{"level":"INFO","message":"INFO i.a.w.i.DefaultAirbyteStreamFactory(internalLog):159 INFO i.d.c.p.PostgresOffsetContext(initialContext):233 Creating initial offset context"}}
{"type":"LOG","log":{"level":"INFO","message":"INFO i.a.w.i.DefaultAirbyteStreamFactory(internalLog):159 INFO i.d.c.p.PostgresOffsetContext(initialContext):236 Read xlogStart at 'LSN{0/15EE608}' from transaction '492'"}}
{"type":"LOG","log":{"level":"INFO","message":"INFO i.a.w.i.DefaultAirbyteStreamFactory(internalLog):159 INFO i.d.c.p.PostgresSnapshotChangeEventSource(updateOffsetForSnapshot):147 Read xlogStart at 'LSN{0/15EE608}' from transaction '492'"}}
{"type":"LOG","log":{"level":"INFO","message":"INFO i.a.w.i.DefaultAirbyteStreamFactory(internalLog):159 INFO i.d.r.RelationalSnapshotChangeEventSource(doExecute):135 Snapshot step 5 - Reading structure of captured tables"}}
{"type":"LOG","log":{"level":"INFO","message":"INFO i.a.w.i.DefaultAirbyteStreamFactory(internalLog):159 INFO i.d.c.p.PostgresSnapshotChangeEventSource(readTableStructure):193 Reading structure of schema 'public' of catalog 'test'"}}
{"type":"LOG","log":{"level":"INFO","message":"INFO i.a.w.i.DefaultAirbyteStreamFactory(internalLog):159 INFO i.d.r.RelationalSnapshotChangeEventSource(doExecute):139 Snapshot step 5.a - Creating connection pool"}}
{"type":"LOG","log":{"level":"INFO","message":"INFO i.a.w.i.DefaultAirbyteStreamFactory(internalLog):159 INFO i.d.r.RelationalSnapshotChangeEventSource(createConnectionPool):213 Created connection pool with 1 threads"}}
{"type":"LOG","log":{"level":"INFO","message":"INFO i.a.w.i.DefaultAirbyteStreamFactory(internalLog):159 INFO i.d.r.RelationalSnapshotChangeEventSource(doExecute):144 Snapshot step 6 - Persisting schema history"}}
{"type":"LOG","log":{"level":"INFO","message":"INFO i.a.w.i.DefaultAirbyteStreamFactory(internalLog):159 INFO i.d.r.RelationalSnapshotChangeEventSource(doExecute):156 Snapshot step 7 - Snapshotting data"}}
{"type":"LOG","log":{"level":"INFO","message":"INFO i.a.w.i.DefaultAirbyteStreamFactory(internalLog):159 INFO i.d.r.RelationalSnapshotChangeEventSource(createDataEvents):390 Creating snapshot worker pool with 1 worker thread(s)"}}
{"type":"LOG","log":{"level":"INFO","message":"INFO i.a.w.i.DefaultAirbyteStreamFactory(internalLog):159 INFO i.d.r.RelationalSnapshotChangeEventSource(createDataEvents):399 For table 'public.id_and_name' using select statement: 'SELECT \"id\", \"name\" FROM \"public\".\"id_and_name\"'"}}
{"type":"LOG","log":{"level":"INFO","message":"INFO i.a.w.i.DefaultAirbyteStreamFactory(internalLog):159 INFO i.d.r.RelationalSnapshotChangeEventSource(createDataEvents):399 For table 'public.starships' using select statement: 'SELECT \"id\", \"name\" FROM \"public\".\"starships\"'"}}
{"type":"LOG","log":{"level":"INFO","message":"INFO i.a.w.i.DefaultAirbyteStreamFactory(internalLog):159 INFO i.d.r.RelationalSnapshotChangeEventSource(doCreateDataEventsForTable):513 Exporting data from table 'public.id_and_name' (1 of 2 tables)"}}
{"type":"LOG","log":{"level":"INFO","message":"INFO i.a.w.i.DefaultAirbyteStreamFactory(internalLog):159 INFO i.d.r.RelationalSnapshotChangeEventSource(doCreateDataEventsForTable):559 \t Finished exporting 3 records for table 'public.id_and_name' (1 of 2 tables); total duration '00:00:00.058'"}}
{"type":"LOG","log":{"level":"INFO","message":"INFO i.a.w.i.DefaultAirbyteStreamFactory(internalLog):159 INFO i.d.r.RelationalSnapshotChangeEventSource(doCreateDataEventsForTable):513 Exporting data from table 'public.starships' (2 of 2 tables)"}}
{"type":"LOG","log":{"level":"INFO","message":"INFO i.a.w.i.DefaultAirbyteStreamFactory(internalLog):159 INFO i.d.r.RelationalSnapshotChangeEventSource(doCreateDataEventsForTable):559 \t Finished exporting 3 records for table 'public.starships' (2 of 2 tables); total duration '00:00:00.013'"}}
{"type":"LOG","log":{"level":"INFO","message":"INFO i.a.w.i.DefaultAirbyteStreamFactory(internalLog):159 INFO i.d.p.s.AbstractSnapshotChangeEventSource(execute):88 Snapshot - Final stage"}}
{"type":"LOG","log":{"level":"INFO","message":"INFO i.a.w.i.DefaultAirbyteStreamFactory(internalLog):159 INFO i.d.p.s.AbstractSnapshotChangeEventSource(execute):92 Snapshot completed"}}
{"type":"LOG","log":{"level":"INFO","message":"INFO i.a.w.i.DefaultAirbyteStreamFactory(internalLog):159 INFO i.d.p.ChangeEventSourceCoordinator(doSnapshot):156 Snapshot ended with SnapshotResult [status=COMPLETED, offset=PostgresOffsetContext [sourceInfoSchema=Schema{io.debezium.connector.postgresql.Source:STRUCT}, sourceInfo=source_info[server='test'db='test', lsn=LSN{0/15EE608}, txId=492, timestamp=2023-05-20T14:31:36.693786Z, snapshot=FALSE, schema=public, table=starships], lastSnapshotRecord=true, lastCompletelyProcessedLsn=null, lastCommitLsn=null, streamingStoppingLsn=null, transactionContext=TransactionContext [currentTransactionId=null, perTableEventCount={}, totalEventCount=0], incrementalSnapshotContext=IncrementalSnapshotContext [windowOpened=false, chunkEndPosition=null, dataCollectionsToSnapshot=[], lastEventKeySent=null, maximumKey=null]]]"}}
{"type":"LOG","log":{"level":"INFO","message":"INFO i.a.w.i.DefaultAirbyteStreamFactory(internalLog):159 INFO i.d.p.ChangeEventSourceCoordinator(streamingConnected):240 Connected metrics set to 'true'"}}
{"type":"LOG","log":{"level":"INFO","message":"INFO i.a.w.i.DefaultAirbyteStreamFactory(internalLog):159 INFO i.d.c.p.PostgresSchema(printReplicaIdentityInfo):100 REPLICA IDENTITY for 'public.id_and_name' is 'DEFAULT'; UPDATE and DELETE events will contain previous values only for PK columns"}}
{"type":"LOG","log":{"level":"INFO","message":"INFO i.a.w.i.DefaultAirbyteStreamFactory(internalLog):159 INFO i.d.c.p.PostgresSchema(printReplicaIdentityInfo):100 REPLICA IDENTITY for 'public.starships' is 'DEFAULT'; UPDATE and DELETE events will contain previous values only for PK columns"}}
{"type":"LOG","log":{"level":"INFO","message":"INFO i.a.w.i.DefaultAirbyteStreamFactory(internalLog):159 INFO i.d.p.ChangeEventSourceCoordinator(streamEvents):173 Starting streaming"}}
{"type":"LOG","log":{"level":"INFO","message":"INFO i.a.w.i.DefaultAirbyteStreamFactory(internalLog):159 INFO i.d.c.p.PostgresStreamingChangeEventSource(execute):136 Retrieved latest position from stored offset 'LSN{0/15EE608}'"}}
{"type":"LOG","log":{"level":"INFO","message":"INFO i.a.w.i.DefaultAirbyteStreamFactory(internalLog):159 INFO i.d.c.p.c.WalPositionLocator(<init>):48 Looking for WAL restart position for last commit LSN 'null' and last change LSN 'LSN{0/15EE608}'"}}
{"type":"LOG","log":{"level":"INFO","message":"INFO i.a.w.i.DefaultAirbyteStreamFactory(internalLog):159 INFO i.d.c.p.c.PostgresReplicationConnection(initPublication):147 Initializing PgOutput logical decoder publication"}}
{"type":"LOG","log":{"level":"INFO","message":"INFO i.a.w.i.DefaultAirbyteStreamFactory(internalLog):159 INFO i.a.i.d.i.p.PostgresCdcTargetPosition(reachedTargetPosition):61 Signalling close because Snapshot is complete"}}
{"type":"LOG","log":{"level":"INFO","message":"INFO i.a.w.i.DefaultAirbyteStreamFactory(internalLog):159 INFO i.a.i.d.i.DebeziumRecordIterator(requestClose):208 Closing: Change event reached target position"}}
{"type":"LOG","log":{"level":"INFO","message":"INFO i.a.w.i.DefaultAirbyteStreamFactory(internalLog):159 INFO i.d.e.EmbeddedEngine(stop):1146 Stopping the embedded engine"}}
{"type":"LOG","log":{"level":"INFO","message":"INFO i.a.w.i.DefaultAirbyteStreamFactory(internalLog):159 INFO i.d.e.EmbeddedEngine(stop):1153 Waiting for PT5M for connector to stop"}}
{"type":"LOG","log":{"level":"INFO","message":"INFO i.a.w.i.DefaultAirbyteStreamFactory(internalLog):159 INFO i.d.c.p.c.PostgresConnection(readReplicationSlotInfo):264 Obtained valid replication slot ReplicationSlot [active=false, latestFlushedLsn=LSN{0/15EE348}, catalogXmin=491]"}}
{"type":"LOG","log":{"level":"INFO","message":"INFO i.a.w.i.DefaultAirbyteStreamFactory(internalLog):159 INFO i.d.j.JdbcConnection(lambda$doClose$4):947 Connection gracefully closed"}}
{"type":"LOG","log":{"level":"INFO","message":"INFO i.a.w.i.DefaultAirbyteStreamFactory(internalLog):159 INFO i.d.c.p.c.PostgresReplicationConnection(validateSlotIsInExpectedState):364 Seeking to LSN{0/15EE608} on the replication slot with command SELECT pg_replication_slot_advance('debezium_slot', '0/15EE608')"}}
{"type":"LOG","log":{"level":"INFO","message":"INFO i.a.w.i.DefaultAirbyteStreamFactory(internalLog):159 INFO i.d.e.EmbeddedEngine(run):944 Stopping the task and engine"}}
{"type":"LOG","log":{"level":"INFO","message":"INFO i.a.w.i.DefaultAirbyteStreamFactory(internalLog):159 INFO i.d.c.c.BaseSourceTask(stop):278 Stopping down connector"}}
{"type":"LOG","log":{"level":"INFO","message":"INFO i.a.w.i.DefaultAirbyteStreamFactory(internalLog):159 INFO i.d.u.Threads(threadFactory):270 Requested thread factory for connector PostgresConnector, id = test named = keep-alive"}}
{"type":"LOG","log":{"level":"INFO","message":"INFO i.a.w.i.DefaultAirbyteStreamFactory(internalLog):159 INFO i.d.u.Threads$3(newThread):287 Creating thread debezium-postgresconnector-test-keep-alive"}}
{"type":"LOG","log":{"level":"INFO","message":"INFO i.a.w.i.DefaultAirbyteStreamFactory(internalLog):159 INFO i.d.c.p.PostgresSchema(printReplicaIdentityInfo):100 REPLICA IDENTITY for 'public.id_and_name' is 'DEFAULT'; UPDATE and DELETE events will contain previous values only for PK columns"}}
{"type":"LOG","log":{"level":"INFO","message":"INFO i.a.w.i.DefaultAirbyteStreamFactory(internalLog):159 INFO i.d.c.p.PostgresSchema(printReplicaIdentityInfo):100 REPLICA IDENTITY for 'public.starships' is 'DEFAULT'; UPDATE and DELETE events will contain previous values only for PK columns"}}
{"type":"LOG","log":{"level":"INFO","message":"INFO i.a.w.i.DefaultAirbyteStreamFactory(internalLog):159 INFO i.d.c.p.PostgresStreamingChangeEventSource(searchWalPosition):327 Searching for WAL resume position"}}
{"type":"LOG","log":{"level":"INFO","message":"INFO i.a.w.i.DefaultAirbyteStreamFactory(internalLog):159 INFO i.d.c.p.PostgresStreamingChangeEventSource(searchWalPosition):348 WAL resume position 'null' discovered"}}
{"type":"LOG","log":{"level":"INFO","message":"INFO i.a.w.i.DefaultAirbyteStreamFactory(internalLog):159 INFO i.d.j.JdbcConnection(lambda$doClose$4):947 Connection gracefully closed"}}
{"type":"LOG","log":{"level":"INFO","message":"INFO i.a.w.i.DefaultAirbyteStreamFactory(internalLog):159 INFO i.d.j.JdbcConnection(lambda$doClose$4):947 Connection gracefully closed"}}
{"type":"LOG","log":{"level":"INFO","message":"INFO i.a.w.i.DefaultAirbyteStreamFactory(internalLog):159 INFO i.d.c.p.c.PostgresReplicationConnection(initPublication):147 Initializing PgOutput logical decoder publication"}}
{"type":"LOG","log":{"level":"INFO","message":"INFO i.a.w.i.DefaultAirbyteStreamFactory(internalLog):159 INFO i.d.c.p.c.PostgresReplicationConnection(validateSlotIsInExpectedState):364 Seeking to LSN{0/15EE608} on the replication slot with command SELECT pg_replication_slot_advance('debezium_slot', '0/15EE608')"}}
{"type":"LOG","log":{"level":"INFO","message":"INFO i.a.w.i.DefaultAirbyteStreamFactory(internalLog):159 INFO i.d.u.Threads(threadFactory):270 Requested thread factory for connector PostgresConnector, id = test named = keep-alive"}}
{"type":"LOG","log":{"level":"INFO","message":"INFO i.a.w.i.DefaultAirbyteStreamFactory(internalLog):159 INFO i.d.u.Threads$3(newThread):287 Creating thread debezium-postgresconnector-test-keep-alive"}}
{"type":"LOG","log":{"level":"INFO","message":"INFO i.a.w.i.DefaultAirbyteStreamFactory(internalLog):159 INFO i.d.c.p.PostgresStreamingChangeEventSource(processMessages):211 Processing messages"}}
{"type":"LOG","log":{"level":"INFO","message":"INFO i.a.w.i.DefaultAirbyteStreamFactory(internalLog):159 INFO i.d.j.JdbcConnection(lambda$doClose$4):947 Connection gracefully closed"}}
{"type":"LOG","log":{"level":"INFO","message":"INFO i.a.w.i.DefaultAirbyteStreamFactory(internalLog):159 INFO i.d.j.JdbcConnection(lambda$doClose$4):947 Connection gracefully closed"}}
{"type":"LOG","log":{"level":"INFO","message":"INFO i.a.w.i.DefaultAirbyteStreamFactory(internalLog):159 INFO i.d.p.ChangeEventSourceCoordinator(streamEvents):175 Finished streaming"}}
{"type":"LOG","log":{"level":"INFO","message":"INFO i.a.w.i.DefaultAirbyteStreamFactory(internalLog):159 INFO i.d.p.ChangeEventSourceCoordinator(streamingConnected):240 Connected metrics set to 'false'"}}
{"type":"LOG","log":{"level":"INFO","message":"INFO i.a.w.i.DefaultAirbyteStreamFactory(internalLog):159 INFO o.a.k.c.s.FileOffsetBackingStore(stop):66 Stopped FileOffsetBackingStore"}}
{"type":"LOG","log":{"level":"INFO","message":"INFO i.a.w.i.DefaultAirbyteStreamFactory(internalLog):159 INFO i.a.i.d.i.DebeziumRecordPublisher(lambda$start$1):73 Debezium engine shutdown."}}
{"type":"LOG","log":{"level":"INFO","message":"INFO i.a.w.i.DefaultAirbyteStreamFactory(internalLog):159 INFO i.a.i.d.i.DebeziumRecordPublisher(lambda$start$1):74 Connector 'io.debezium.connector.postgresql.PostgresConnector' completed normally."}}
{"type":"LOG","log":{"level":"INFO","message":"INFO i.a.w.i.DefaultAirbyteStreamFactory(internalLog):159 INFO i.a.i.s.p.PostgresCdcStateHandler(saveState):37 debezium state: {\"[\\\"test\\\",{\\\"server\\\":\\\"test\\\"}]\":\"{\\\"transaction_id\\\":null,\\\"lsn\\\":22996488,\\\"txId\\\":492,\\\"ts_usec\\\":1684593096693786}\"}"}}
{"type":"LOG","log":{"level":"INFO","message":"INFO i.a.w.i.DefaultAirbyteStreamFactory(internalLog):159 INFO i.a.i.s.r.s.LegacyStateManager(toState):99 Generated legacy state for 2 streams"}}
{"type":"LOG","log":{"level":"INFO","message":"INFO i.a.w.i.DefaultAirbyteStreamFactory(internalLog):159 INFO i.a.i.s.r.AbstractDbSource(lambda$read$1):173 Closing database connection pool."}}
{"type":"LOG","log":{"level":"INFO","message":"INFO i.a.w.i.DefaultAirbyteStreamFactory(internalLog):159 INFO c.z.h.HikariDataSource(close):350 HikariPool-1 - Shutdown initiated..."}}
{"type":"LOG","log":{"level":"INFO","message":"INFO i.a.w.i.DefaultAirbyteStreamFactory(internalLog):159 INFO c.z.h.HikariDataSource(close):352 HikariPool-1 - Shutdown completed."}}
{"type":"LOG","log":{"level":"INFO","message":"INFO i.a.w.i.DefaultAirbyteStreamFactory(internalLog):159 INFO i.a.i.s.r.AbstractDbSource(lambda$read$1):175 Closed database connection pool."}}
{"type":"LOG","log":{"level":"INFO","message":"INFO i.a.w.i.DefaultAirbyteStreamFactory(internalLog):159 INFO i.a.i.b.IntegrationRunner(runInternal):186 Completed integration: io.airbyte.integrations.base.ssh.SshWrappedSource"}}
{"type":"LOG","log":{"level":"INFO","message":"INFO i.a.w.i.DefaultAirbyteStreamFactory(internalLog):159 INFO i.a.i.s.p.PostgresSource(main):509 completed source: class io.airbyte.integrations.source.postgres.PostgresSource"}}
{"type":"LOG","log":{"level":"INFO","message":"INFO o.t.c.GenericContainer(tryStart):376 Creating container for image: postgres:13-alpine"}}
{"type":"LOG","log":{"level":"INFO","message":"INFO o.t.c.GenericContainer(tryStart):440 Container postgres:13-alpine is starting: c28aa6b8891d04512370468e15ffdb986801ffe5c665bb133aecafc6a22e824e"}}
{"type":"LOG","log":{"level":"INFO","message":"INFO o.t.c.GenericContainer(tryStart):520 Container postgres:13-alpine started in PT35.518911S"}}
{"type":"LOG","log":{"level":"INFO","message":"INFO c.z.h.HikariDataSource(<init>):80 HikariPool-5 - Starting..."}}
{"type":"LOG","log":{"level":"INFO","message":"INFO c.z.h.HikariDataSource(<init>):82 HikariPool-5 - Start completed."}}
{"type":"LOG","log":{"level":"INFO","message":"INFO i.a.i.s.s.TestEnvConfigs(getEnvOrDefault):119 Using default value for environment variable WORKER_ENVIRONMENT: 'DOCKER'"}}
{"type":"LOG","log":{"level":"INFO","message":"INFO i.a.i.s.s.TestEnvConfigs(getEnvOrDefault):119 Using default value for environment variable DEPLOYMENT_MODE: 'OSS'"}}
{"type":"LOG","log":{"level":"INFO","message":"INFO i.a.c.i.LineGobbler(voidCall):114 Checking if airbyte/source-postgres:dev exists..."}}
{"type":"LOG","log":{"level":"INFO","message":"INFO i.a.c.i.LineGobbler(voidCall):114 airbyte/source-postgres:dev was found locally."}}
{"type":"LOG","log":{"level":"INFO","message":"INFO i.a.w.p.DockerProcessFactory(create):126 Creating docker container = source-postgres-spec-0-0-kzgzh with resources null and allowedHosts null"}}
{"type":"LOG","log":{"level":"INFO","message":"INFO i.a.w.p.DockerProcessFactory(create):171 Preparing command: docker run --rm --init -i -w /data/job --log-driver none --name source-postgres-spec-0-0-kzgzh --network host -v /tmp/airbyte_tests/test12892518767125399342:/data -v /tmp/airbyte_tests/output350002803531597784:/local -e DEPLOYMENT_MODE=OSS -e USE_STREAM_CAPABLE_STATE=false -e FIELD_SELECTION_WORKSPACES= -e WORKER_ENVIRONMENT=DOCKER -e AIRBYTE_ROLE= -e APPLY_FIELD_SELECTION=false -e WORKER_CONNECTOR_IMAGE=airbyte/source-postgres:dev -e WORKER_JOB_ATTEMPT=0 -e AUTO_DETECT_SCHEMA=true -e AIRBYTE_VERSION= -e WORKER_JOB_ID=0 airbyte/source-postgres:dev spec"}}
{"type":"LOG","log":{"level":"INFO","message":"INFO i.a.w.i.DefaultAirbyteStreamFactory(internalLog):159 INFO i.a.i.s.p.PostgresSource(main):507 starting source: class io.airbyte.integrations.source.postgres.PostgresSource"}}
{"type":"LOG","log":{"level":"INFO","message":"INFO i.a.w.i.DefaultAirbyteStreamFactory(internalLog):159 INFO i.a.i.b.IntegrationCliParser(parseOptions):126 integration args: {spec=null}"}}
{"type":"LOG","log":{"level":"INFO","message":"INFO i.a.w.i.DefaultAirbyteStreamFactory(internalLog):159 INFO i.a.i.b.IntegrationRunner(runInternal):108 Running integration: io.airbyte.integrations.base.ssh.SshWrappedSource"}}
{"type":"LOG","log":{"level":"INFO","message":"INFO i.a.w.i.DefaultAirbyteStreamFactory(internalLog):159 INFO i.a.i.b.IntegrationRunner(runInternal):109 Command: SPEC"}}
{"type":"LOG","log":{"level":"INFO","message":"INFO i.a.w.i.DefaultAirbyteStreamFactory(internalLog):159 INFO i.a.i.b.IntegrationRunner(runInternal):110 Integration config: IntegrationConfig{command=SPEC, configPath='null', catalogPath='null', statePath='null'}"}}
{"type":"LOG","log":{"level":"INFO","message":"INFO i.a.w.i.DefaultAirbyteStreamFactory(internalLog):159 INFO i.a.i.b.IntegrationRunner(runInternal):186 Completed integration: io.airbyte.integrations.base.ssh.SshWrappedSource"}}
{"type":"LOG","log":{"level":"INFO","message":"INFO i.a.w.i.DefaultAirbyteStreamFactory(internalLog):159 INFO i.a.i.s.p.PostgresSource(main):509 completed source: class io.airbyte.integrations.source.postgres.PostgresSource"}}
{"type":"LOG","log":{"level":"INFO","message":"INFO o.t.c.GenericContainer(tryStart):376 Creating container for image: postgres:13-alpine"}}
{"type":"LOG","log":{"level":"INFO","message":"INFO o.t.c.GenericContainer(tryStart):440 Container postgres:13-alpine is starting: 55844c539fda5751a3077c3ae483b35c35e082b9f8106d5c2e4eea1b275faf63"}}
{"type":"LOG","log":{"level":"INFO","message":"INFO o.t.c.GenericContainer(tryStart):520 Container postgres:13-alpine started in PT19.502157S"}}
{"type":"LOG","log":{"level":"INFO","message":"INFO c.z.h.HikariDataSource(<init>):80 HikariPool-6 - Starting..."}}
{"type":"LOG","log":{"level":"INFO","message":"INFO c.z.h.HikariDataSource(<init>):82 HikariPool-6 - Start completed."}}
{"type":"LOG","log":{"level":"INFO","message":"INFO i.a.i.s.s.TestEnvConfigs(getEnvOrDefault):119 Using default value for environment variable WORKER_ENVIRONMENT: 'DOCKER'"}}
{"type":"LOG","log":{"level":"INFO","message":"INFO i.a.i.s.s.TestEnvConfigs(getEnvOrDefault):119 Using default value for environment variable DEPLOYMENT_MODE: 'OSS'"}}
{"type":"LOG","log":{"level":"INFO","message":"INFO i.a.c.i.LineGobbler(voidCall):114 Checking if airbyte/source-postgres:dev exists..."}}
{"type":"LOG","log":{"level":"INFO","message":"INFO i.a.c.i.LineGobbler(voidCall):114 airbyte/source-postgres:dev was found locally."}}
{"type":"LOG","log":{"level":"INFO","message":"INFO i.a.w.p.DockerProcessFactory(create):126 Creating docker container = source-postgres-read-0-0-rmrud with resources null and allowedHosts null"}}
{"type":"LOG","log":{"level":"INFO","message":"INFO i.a.w.p.DockerProcessFactory(create):171 Preparing command: docker run --rm --init -i -w /data/job --log-driver none --name source-postgres-read-0-0-rmrud --network host -v /tmp/airbyte_tests/test7452483613857263007:/data -v /tmp/airbyte_tests/output17832882639557866216:/local -e DEPLOYMENT_MODE=OSS -e USE_STREAM_CAPABLE_STATE=false -e FIELD_SELECTION_WORKSPACES= -e WORKER_ENVIRONMENT=DOCKER -e AIRBYTE_ROLE= -e APPLY_FIELD_SELECTION=false -e WORKER_CONNECTOR_IMAGE=airbyte/source-postgres:dev -e WORKER_JOB_ATTEMPT=0 -e AUTO_DETECT_SCHEMA=true -e AIRBYTE_VERSION= -e WORKER_JOB_ID=0 airbyte/source-postgres:dev read --config source_config.json --catalog source_catalog.json"}}
{"type":"LOG","log":{"level":"INFO","message":"INFO i.a.w.i.DefaultAirbyteStreamFactory(internalLog):159 INFO i.a.i.s.p.PostgresSource(main):507 starting source: class io.airbyte.integrations.source.postgres.PostgresSource"}}
{"type":"LOG","log":{"level":"INFO","message":"INFO i.a.w.i.DefaultAirbyteStreamFactory(internalLog):159 INFO i.a.i.b.IntegrationCliParser(parseOptions):126 integration args: {read=null, catalog=source_catalog.json, config=source_config.json}"}}
{"type":"LOG","log":{"level":"INFO","message":"INFO i.a.w.i.DefaultAirbyteStreamFactory(internalLog):159 INFO i.a.i.b.IntegrationRunner(runInternal):108 Running integration: io.airbyte.integrations.base.ssh.SshWrappedSource"}}
{"type":"LOG","log":{"level":"INFO","message":"INFO i.a.w.i.DefaultAirbyteStreamFactory(internalLog):159 INFO i.a.i.b.IntegrationRunner(runInternal):109 Command: READ"}}
{"type":"LOG","log":{"level":"INFO","message":"INFO i.a.w.i.DefaultAirbyteStreamFactory(internalLog):159 INFO i.a.i.b.IntegrationRunner(runInternal):110 Integration config: IntegrationConfig{command=READ, configPath='source_config.json', catalogPath='source_catalog.json', statePath='null'}"}}
{"type":"LOG","log":{"level":"WARN","message":"WARN i.a.w.i.DefaultAirbyteStreamFactory(internalLog):156 WARN c.n.s.JsonMetaSchema(newValidator):278 Unknown keyword groups - you should define your own Meta Schema. If the keyword is irrelevant for validation, just use a NonValidationKeyword"}}
{"type":"LOG","log":{"level":"WARN","message":"WARN i.a.w.i.DefaultAirbyteStreamFactory(internalLog):156 WARN c.n.s.JsonMetaSchema(newValidator):278 Unknown keyword order - you should define your own Meta Schema. If the keyword is irrelevant for validation, just use a NonValidationKeyword"}}
{"type":"LOG","log":{"level":"WARN","message":"WARN i.a.w.i.DefaultAirbyteStreamFactory(internalLog):156 WARN c.n.s.JsonMetaSchema(newValidator):278 Unknown keyword group - you should define your own Meta Schema. If the keyword is irrelevant for validation, just use a NonValidationKeyword"}}
{"type":"LOG","log":{"level":"WARN","message":"WARN i.a.w.i.DefaultAirbyteStreamFactory(internalLog):156 WARN c.n.s.JsonMetaSchema(newValidator):278 Unknown keyword airbyte_secret - you should define your own Meta Schema. If the keyword is irrelevant for validation, just use a NonValidationKeyword"}}
{"type":"LOG","log":{"level":"WARN","message":"WARN i.a.w.i.DefaultAirbyteStreamFactory(internalLog):156 WARN c.n.s.JsonMetaSchema(newValidator):278 Unknown keyword always_show - you should define your own Meta Schema. If the keyword is irrelevant for validation, just use a NonValidationKeyword"}}
{"type":"LOG","log":{"level":"WARN","message":"WARN i.a.w.i.DefaultAirbyteStreamFactory(internalLog):156 WARN c.n.s.JsonMetaSchema(newValidator):278 Unknown keyword min - you should define your own Meta Schema. If the keyword is irrelevant for validation, just use a NonValidationKeyword"}}
{"type":"LOG","log":{"level":"WARN","message":"WARN i.a.w.i.DefaultAirbyteStreamFactory(internalLog):156 WARN c.n.s.JsonMetaSchema(newValidator):278 Unknown keyword max - you should define your own Meta Schema. If the keyword is irrelevant for validation, just use a NonValidationKeyword"}}
{"type":"LOG","log":{"level":"INFO","message":"INFO i.a.w.i.DefaultAirbyteStreamFactory(internalLog):159 INFO i.a.i.b.s.SshTunnel(getInstance):204 Starting connection with method: NO_TUNNEL"}}
{"type":"LOG","log":{"level":"INFO","message":"INFO i.a.w.i.DefaultAirbyteStreamFactory(internalLog):159 INFO i.a.i.s.r.s.StateManagerFactory(createStateManager):48 Legacy state manager selected to manage state object with type LEGACY."}}
{"type":"LOG","log":{"level":"INFO","message":"INFO i.a.w.i.DefaultAirbyteStreamFactory(internalLog):159 INFO i.a.i.s.r.s.CursorManager(createCursorInfoForStream):182 No cursor field set in catalog but not present in state. Stream: public_id_and_name, New Cursor Field: null. Resetting cursor value"}}
{"type":"LOG","log":{"level":"INFO","message":"INFO i.a.w.i.DefaultAirbyteStreamFactory(internalLog):159 INFO i.a.i.s.r.s.CursorManager(createCursorInfoForStream):182 No cursor field set in catalog but not present in state. Stream: public_starships, New Cursor Field: null. Resetting cursor value"}}
{"type":"LOG","log":{"level":"INFO","message":"INFO i.a.w.i.DefaultAirbyteStreamFactory(internalLog):159 INFO i.a.i.s.r.CdcStateManager(<init>):29 Initialized CDC state with: null"}}
{"type":"LOG","log":{"level":"INFO","message":"INFO i.a.w.i.DefaultAirbyteStreamFactory(internalLog):159 INFO c.z.h.HikariDataSource(<init>):80 HikariPool-1 - Starting..."}}
{"type":"LOG","log":{"level":"INFO","message":"INFO i.a.w.i.DefaultAirbyteStreamFactory(internalLog):159 INFO c.z.h.HikariDataSource(<init>):82 HikariPool-1 - Start completed."}}
{"type":"LOG","log":{"level":"INFO","message":"INFO i.a.w.i.DefaultAirbyteStreamFactory(internalLog):159 INFO i.a.i.s.p.PostgresUtils(isCdc):53 using CDC: true"}}
{"type":"LOG","log":{"level":"INFO","message":"INFO i.a.w.i.DefaultAirbyteStreamFactory(internalLog):159 INFO i.a.d.j.s.AdaptiveStreamingQueryConfig(initialize):31 Set initial fetch size: 10 rows"}}
{"type":"LOG","log":{"level":"INFO","message":"INFO i.a.w.i.DefaultAirbyteStreamFactory(internalLog):159 INFO i.a.i.s.p.PostgresCdcCatalogHelper(getPublicizedTables):119 For CDC, only tables in publication publication will be included in the sync: [public.id_and_name, public.starships]"}}
{"type":"LOG","log":{"level":"INFO","message":"INFO i.a.w.i.DefaultAirbyteStreamFactory(internalLog):159 INFO i.a.i.s.j.AbstractJdbcSource(logPreSyncDebugData):450 Data source product recognized as PostgreSQL:13.11"}}
{"type":"LOG","log":{"level":"INFO","message":"INFO i.a.w.i.DefaultAirbyteStreamFactory(internalLog):159 INFO i.a.i.s.p.PostgresSource(logPreSyncDebugData):221 Discovering indexes for schema \"public\", table \"id_and_name\""}}
{"type":"LOG","log":{"level":"INFO","message":"INFO i.a.w.i.DefaultAirbyteStreamFactory(internalLog):159 INFO i.a.i.s.p.PostgresSource(logPreSyncDebugData):223 Index name: id_and_name_pkey, Column: id, Unique: true"}}
{"type":"LOG","log":{"level":"INFO","message":"INFO i.a.w.i.DefaultAirbyteStreamFactory(internalLog):159 INFO i.a.i.s.p.PostgresSource(logPreSyncDebugData):221 Discovering indexes for schema \"public\", table \"starships\""}}
{"type":"LOG","log":{"level":"INFO","message":"INFO i.a.w.i.DefaultAirbyteStreamFactory(internalLog):159 INFO i.a.i.s.p.PostgresSource(logPreSyncDebugData):223 Index name: starships_pkey, Column: id, Unique: true"}}
{"type":"LOG","log":{"level":"INFO","message":"INFO i.a.w.i.DefaultAirbyteStreamFactory(internalLog):159 INFO i.a.i.s.p.PostgresQueryUtils(logXminStatus):77 Xmin Status : {Number of wraparounds: 0, Xmin Transaction Value: 492, Xmin Raw Value: 492"}}
{"type":"LOG","log":{"level":"INFO","message":"INFO i.a.w.i.DefaultAirbyteStreamFactory(internalLog):159 INFO i.a.i.s.j.AbstractJdbcSource(discoverInternal):166 Internal schemas to exclude: [catalog_history, information_schema, pg_catalog, pg_internal]"}}
{"type":"LOG","log":{"level":"INFO","message":"INFO i.a.w.i.DefaultAirbyteStreamFactory(internalLog):159 INFO i.a.d.j.s.AdaptiveStreamingQueryConfig(initialize):31 Set initial fetch size: 10 rows"}}
{"type":"LOG","log":{"level":"INFO","message":"INFO i.a.w.i.DefaultAirbyteStreamFactory(internalLog):159 INFO i.a.i.s.p.PostgresUtils(isCdc):53 using CDC: true"}}
{"type":"LOG","log":{"level":"INFO","message":"INFO i.a.w.i.DefaultAirbyteStreamFactory(internalLog):159 INFO i.a.i.s.j.AbstractJdbcSource(queryTableFullRefresh):112 Queueing query for table: id_and_name"}}
{"type":"LOG","log":{"level":"INFO","message":"INFO i.a.w.i.DefaultAirbyteStreamFactory(internalLog):159 INFO i.a.i.s.j.AbstractJdbcSource(queryTableFullRefresh):112 Queueing query for table: starships"}}
{"type":"LOG","log":{"level":"INFO","message":"INFO i.a.w.i.DefaultAirbyteStreamFactory(internalLog):159 INFO i.a.i.s.r.RelationalDbQueryUtils(lambda$queryTable$0):73 Queueing query: SELECT \"id\",\"name\" FROM \"public\".\"id_and_name\""}}
{"type":"LOG","log":{"level":"INFO","message":"INFO i.a.w.i.DefaultAirbyteStreamFactory(internalLog):159 INFO i.a.d.j.s.AdaptiveStreamingQueryConfig(initialize):31 Set initial fetch size: 10 rows"}}
{"type":"LOG","log":{"level":"INFO","message":"INFO i.a.w.i.DefaultAirbyteStreamFactory(internalLog):159 INFO i.a.c.u.CompositeIterator(lambda$emitStartStreamStatus$1):155 STARTING -> public_id_and_name"}}
{"type":"LOG","log":{"level":"INFO","message":"INFO i.a.w.i.DefaultAirbyteStreamFactory(internalLog):159 INFO i.a.c.u.CompositeIterator(lambda$emitRunningStreamStatus$0):148 RUNNING -> public_id_and_name"}}
{"type":"LOG","log":{"level":"INFO","message":"INFO i.a.w.i.DefaultAirbyteStreamFactory(internalLog):159 INFO i.a.c.u.CompositeIterator(lambda$emitCompleteStreamStatus$2):162 COMPLETE -> public_id_and_name"}}
{"type":"LOG","log":{"level":"INFO","message":"INFO i.a.w.i.DefaultAirbyteStreamFactory(internalLog):159 INFO i.a.c.u.CompositeIterator(lambda$emitStartStreamStatus$1):155 STARTING -> public_starships"}}
{"type":"LOG","log":{"level":"INFO","message":"INFO i.a.w.i.DefaultAirbyteStreamFactory(internalLog):159 INFO i.a.i.s.r.RelationalDbQueryUtils(lambda$queryTable$0):73 Queueing query: SELECT \"id\",\"name\" FROM \"public\".\"starships\""}}
{"type":"LOG","log":{"level":"INFO","message":"INFO i.a.w.i.DefaultAirbyteStreamFactory(internalLog):159 INFO i.a.d.j.s.AdaptiveStreamingQueryConfig(initialize):31 Set initial fetch size: 10 rows"}}
{"type":"LOG","log":{"level":"INFO","message":"INFO i.a.w.i.DefaultAirbyteStreamFactory(internalLog):159 INFO i.a.c.u.CompositeIterator(lambda$emitRunningStreamStatus$0):148 RUNNING -> public_starships"}}
{"type":"LOG","log":{"level":"INFO","message":"INFO i.a.w.i.DefaultAirbyteStreamFactory(internalLog):159 INFO i.a.c.u.CompositeIterator(lambda$emitCompleteStreamStatus$2):162 COMPLETE -> public_starships"}}
{"type":"LOG","log":{"level":"INFO","message":"INFO i.a.w.i.DefaultAirbyteStreamFactory(internalLog):159 INFO i.a.i.s.r.AbstractDbSource(lambda$read$1):173 Closing database connection pool."}}
{"type":"LOG","log":{"level":"INFO","message":"INFO i.a.w.i.DefaultAirbyteStreamFactory(internalLog):159 INFO c.z.h.HikariDataSource(close):350 HikariPool-1 - Shutdown initiated..."}}
{"type":"LOG","log":{"level":"INFO","message":"INFO i.a.w.i.DefaultAirbyteStreamFactory(internalLog):159 INFO c.z.h.HikariDataSource(close):352 HikariPool-1 - Shutdown completed."}}
{"type":"LOG","log":{"level":"INFO","message":"INFO i.a.w.i.DefaultAirbyteStreamFactory(internalLog):159 INFO i.a.i.s.r.AbstractDbSource(lambda$read$1):175 Closed database connection pool."}}
{"type":"LOG","log":{"level":"INFO","message":"INFO i.a.w.i.DefaultAirbyteStreamFactory(internalLog):159 INFO i.a.i.b.IntegrationRunner(runInternal):186 Completed integration: io.airbyte.integrations.base.ssh.SshWrappedSource"}}
{"type":"LOG","log":{"level":"INFO","message":"INFO i.a.w.i.DefaultAirbyteStreamFactory(internalLog):159 INFO i.a.i.s.p.PostgresSource(main):509 completed source: class io.airbyte.integrations.source.postgres.PostgresSource"}}
{"type":"LOG","log":{"level":"INFO","message":"INFO o.t.c.GenericContainer(tryStart):376 Creating container for image: postgres:13-alpine"}}
{"type":"LOG","log":{"level":"INFO","message":"INFO o.t.c.GenericContainer(tryStart):440 Container postgres:13-alpine is starting: 131cb2ea2d6a6181712cc4c138118ce252691bad830d3d54eea633c5aa68c060"}}
{"type":"LOG","log":{"level":"INFO","message":"INFO o.t.c.GenericContainer(tryStart):520 Container postgres:13-alpine started in PT8.564542S"}}
{"type":"LOG","log":{"level":"INFO","message":"INFO c.z.h.HikariDataSource(<init>):80 HikariPool-7 - Starting..."}}
{"type":"LOG","log":{"level":"INFO","message":"INFO c.z.h.HikariDataSource(<init>):82 HikariPool-7 - Start completed."}}
{"type":"LOG","log":{"level":"INFO","message":"INFO i.a.i.s.s.TestEnvConfigs(getEnvOrDefault):119 Using default value for environment variable WORKER_ENVIRONMENT: 'DOCKER'"}}
{"type":"LOG","log":{"level":"INFO","message":"INFO i.a.i.s.s.TestEnvConfigs(getEnvOrDefault):119 Using default value for environment variable DEPLOYMENT_MODE: 'OSS'"}}
{"type":"LOG","log":{"level":"INFO","message":"INFO i.a.c.i.LineGobbler(voidCall):114 "}}
{"type":"LOG","log":{"level":"INFO","message":"INFO i.a.c.i.LineGobbler(voidCall):114 ----- START CHECK -----"}}
{"type":"LOG","log":{"level":"INFO","message":"INFO i.a.c.i.LineGobbler(voidCall):114 "}}
{"type":"LOG","log":{"level":"INFO","message":"INFO i.a.c.i.LineGobbler(voidCall):114 Checking if airbyte/source-postgres:dev exists..."}}
{"type":"LOG","log":{"level":"INFO","message":"INFO i.a.c.i.LineGobbler(voidCall):114 airbyte/source-postgres:dev was found locally."}}
{"type":"LOG","log":{"level":"INFO","message":"INFO i.a.w.p.DockerProcessFactory(create):126 Creating docker container = source-postgres-check-0-0-ufmbm with resources null and allowedHosts null"}}
{"type":"LOG","log":{"level":"INFO","message":"INFO i.a.w.p.DockerProcessFactory(create):171 Preparing command: docker run --rm --init -i -w /data/job --log-driver none --name source-postgres-check-0-0-ufmbm --network host -v /tmp/airbyte_tests/test15143887416414660248:/data -v /tmp/airbyte_tests/output11162849131766859408:/local -e DEPLOYMENT_MODE=OSS -e USE_STREAM_CAPABLE_STATE=false -e FIELD_SELECTION_WORKSPACES= -e WORKER_ENVIRONMENT=DOCKER -e AIRBYTE_ROLE= -e APPLY_FIELD_SELECTION=false -e WORKER_CONNECTOR_IMAGE=airbyte/source-postgres:dev -e WORKER_JOB_ATTEMPT=0 -e AUTO_DETECT_SCHEMA=true -e AIRBYTE_VERSION= -e WORKER_JOB_ID=0 airbyte/source-postgres:dev check --config source_config.json"}}
{"type":"LOG","log":{"level":"INFO","message":"INFO i.a.w.i.DefaultAirbyteStreamFactory(internalLog):159 INFO i.a.i.s.p.PostgresSource(main):507 starting source: class io.airbyte.integrations.source.postgres.PostgresSource"}}
{"type":"LOG","log":{"level":"INFO","message":"INFO i.a.w.i.DefaultAirbyteStreamFactory(internalLog):159 INFO i.a.i.b.IntegrationCliParser(parseOptions):126 integration args: {check=null, config=source_config.json}"}}
{"type":"LOG","log":{"level":"INFO","message":"INFO i.a.w.i.DefaultAirbyteStreamFactory(internalLog):159 INFO i.a.i.b.IntegrationRunner(runInternal):108 Running integration: io.airbyte.integrations.base.ssh.SshWrappedSource"}}
{"type":"LOG","log":{"level":"INFO","message":"INFO i.a.w.i.DefaultAirbyteStreamFactory(internalLog):159 INFO i.a.i.b.IntegrationRunner(runInternal):109 Command: CHECK"}}
{"type":"LOG","log":{"level":"INFO","message":"INFO i.a.w.i.DefaultAirbyteStreamFactory(internalLog):159 INFO i.a.i.b.IntegrationRunner(runInternal):110 Integration config: IntegrationConfig{command=CHECK, configPath='source_config.json', catalogPath='null', statePath='null'}"}}
{"type":"LOG","log":{"level":"WARN","message":"WARN i.a.w.i.DefaultAirbyteStreamFactory(internalLog):156 WARN c.n.s.JsonMetaSchema(newValidator):278 Unknown keyword groups - you should define your own Meta Schema. If the keyword is irrelevant for validation, just use a NonValidationKeyword"}}
{"type":"LOG","log":{"level":"WARN","message":"WARN i.a.w.i.DefaultAirbyteStreamFactory(internalLog):156 WARN c.n.s.JsonMetaSchema(newValidator):278 Unknown keyword order - you should define your own Meta Schema. If the keyword is irrelevant for validation, just use a NonValidationKeyword"}}
{"type":"LOG","log":{"level":"WARN","message":"WARN i.a.w.i.DefaultAirbyteStreamFactory(internalLog):156 WARN c.n.s.JsonMetaSchema(newValidator):278 Unknown keyword group - you should define your own Meta Schema. If the keyword is irrelevant for validation, just use a NonValidationKeyword"}}
{"type":"LOG","log":{"level":"WARN","message":"WARN i.a.w.i.DefaultAirbyteStreamFactory(internalLog):156 WARN c.n.s.JsonMetaSchema(newValidator):278 Unknown keyword airbyte_secret - you should define your own Meta Schema. If the keyword is irrelevant for validation, just use a NonValidationKeyword"}}
{"type":"LOG","log":{"level":"WARN","message":"WARN i.a.w.i.DefaultAirbyteStreamFactory(internalLog):156 WARN c.n.s.JsonMetaSchema(newValidator):278 Unknown keyword always_show - you should define your own Meta Schema. If the keyword is irrelevant for validation, just use a NonValidationKeyword"}}
{"type":"LOG","log":{"level":"WARN","message":"WARN i.a.w.i.DefaultAirbyteStreamFactory(internalLog):156 WARN c.n.s.JsonMetaSchema(newValidator):278 Unknown keyword min - you should define your own Meta Schema. If the keyword is irrelevant for validation, just use a NonValidationKeyword"}}
{"type":"LOG","log":{"level":"WARN","message":"WARN i.a.w.i.DefaultAirbyteStreamFactory(internalLog):156 WARN c.n.s.JsonMetaSchema(newValidator):278 Unknown keyword max - you should define your own Meta Schema. If the keyword is irrelevant for validation, just use a NonValidationKeyword"}}
{"type":"LOG","log":{"level":"INFO","message":"INFO i.a.w.i.DefaultAirbyteStreamFactory(internalLog):159 INFO i.a.i.b.s.SshTunnel(getInstance):204 Starting connection with method: NO_TUNNEL"}}
{"type":"LOG","log":{"level":"INFO","message":"INFO i.a.w.i.DefaultAirbyteStreamFactory(internalLog):159 INFO i.a.i.s.p.PostgresUtils(isCdc):53 using CDC: true"}}
{"type":"LOG","log":{"level":"INFO","message":"INFO i.a.w.i.DefaultAirbyteStreamFactory(internalLog):159 INFO c.z.h.HikariDataSource(<init>):80 HikariPool-1 - Starting..."}}
{"type":"LOG","log":{"level":"INFO","message":"INFO i.a.w.i.DefaultAirbyteStreamFactory(internalLog):159 INFO c.z.h.HikariDataSource(<init>):82 HikariPool-1 - Start completed."}}
{"type":"LOG","log":{"level":"INFO","message":"INFO i.a.w.i.DefaultAirbyteStreamFactory(internalLog):159 INFO i.a.i.s.p.PostgresUtils(isCdc):53 using CDC: true"}}
{"type":"LOG","log":{"level":"INFO","message":"INFO i.a.w.i.DefaultAirbyteStreamFactory(internalLog):159 INFO i.a.d.j.s.AdaptiveStreamingQueryConfig(initialize):31 Set initial fetch size: 10 rows"}}
{"type":"LOG","log":{"level":"INFO","message":"INFO i.a.w.i.DefaultAirbyteStreamFactory(internalLog):159 INFO i.a.i.s.p.PostgresCdcCatalogHelper(getPublicizedTables):119 For CDC, only tables in publication publication will be included in the sync: [public.id_and_name, public.starships]"}}
{"type":"LOG","log":{"level":"INFO","message":"INFO i.a.w.i.DefaultAirbyteStreamFactory(internalLog):159 INFO i.a.i.s.p.PostgresUtils(isCdc):53 using CDC: true"}}
{"type":"LOG","log":{"level":"INFO","message":"INFO i.a.w.i.DefaultAirbyteStreamFactory(internalLog):159 INFO i.a.i.s.j.AbstractJdbcSource(lambda$getCheckOperations$1):138 Attempting to get metadata from the database to see if we can connect."}}
{"type":"LOG","log":{"level":"INFO","message":"INFO i.a.w.i.DefaultAirbyteStreamFactory(internalLog):159 INFO i.a.i.s.p.PostgresSource(lambda$getReplicationSlot$4):296 Attempting to find the named replication slot using the query: HikariProxyPreparedStatement@1124317168 wrapping SELECT * FROM pg_replication_slots WHERE slot_name = 'debezium_slot' AND plugin = 'pgoutput' AND database = 'test'"}}
{"type":"LOG","log":{"level":"INFO","message":"INFO i.a.w.i.DefaultAirbyteStreamFactory(internalLog):159 INFO i.a.d.j.s.AdaptiveStreamingQueryConfig(initialize):31 Set initial fetch size: 10 rows"}}
{"type":"LOG","log":{"level":"INFO","message":"INFO i.a.w.i.DefaultAirbyteStreamFactory(internalLog):159 INFO i.a.i.s.p.PostgresSource(lambda$getCheckOperations$6):328 Attempting to find the publication using the query: HikariProxyPreparedStatement@1397530667 wrapping SELECT * FROM pg_publication WHERE pubname = 'publication'"}}
{"type":"LOG","log":{"level":"INFO","message":"INFO i.a.w.i.DefaultAirbyteStreamFactory(internalLog):159 INFO i.a.d.j.s.AdaptiveStreamingQueryConfig(initialize):31 Set initial fetch size: 10 rows"}}
{"type":"LOG","log":{"level":"INFO","message":"INFO i.a.w.i.DefaultAirbyteStreamFactory(internalLog):159 INFO i.a.i.d.i.p.PostgresReplicationConnection(createConnection):44 Creating a replication connection."}}
{"type":"LOG","log":{"level":"INFO","message":"INFO i.a.w.i.DefaultAirbyteStreamFactory(internalLog):159 INFO i.a.i.d.i.p.PostgresReplicationConnection(createConnection):47 Validating replication connection."}}
{"type":"LOG","log":{"level":"INFO","message":"INFO i.a.w.i.DefaultAirbyteStreamFactory(internalLog):159 INFO c.z.h.HikariDataSource(close):350 HikariPool-1 - Shutdown initiated..."}}
{"type":"LOG","log":{"level":"INFO","message":"INFO i.a.w.i.DefaultAirbyteStreamFactory(internalLog):159 INFO c.z.h.HikariDataSource(close):352 HikariPool-1 - Shutdown completed."}}
{"type":"LOG","log":{"level":"INFO","message":"INFO i.a.w.i.DefaultAirbyteStreamFactory(internalLog):159 INFO i.a.i.b.IntegrationRunner(runInternal):186 Completed integration: io.airbyte.integrations.base.ssh.SshWrappedSource"}}
{"type":"LOG","log":{"level":"INFO","message":"INFO i.a.w.i.DefaultAirbyteStreamFactory(internalLog):159 INFO i.a.i.s.p.PostgresSource(main):509 completed source: class io.airbyte.integrations.source.postgres.PostgresSource"}}
{"type":"LOG","log":{"level":"INFO","message":"INFO i.a.w.g.DefaultCheckConnectionTestHarness(run):107 Check connection job received output: io.airbyte.configoss.StandardCheckConnectionOutput@24d70c5[status=succeeded,message=<null>]"}}
{"type":"LOG","log":{"level":"INFO","message":"INFO i.a.c.i.LineGobbler(voidCall):114 "}}
{"type":"LOG","log":{"level":"INFO","message":"INFO i.a.c.i.LineGobbler(voidCall):114 ----- END CHECK -----"}}
{"type":"LOG","log":{"level":"INFO","message":"INFO i.a.c.i.LineGobbler(voidCall):114 "}}
{"type":"LOG","log":{"level":"INFO","message":"INFO o.t.c.GenericContainer(tryStart):376 Creating container for image: postgres:13-alpine"}}
{"type":"LOG","log":{"level":"INFO","message":"INFO o.t.c.GenericContainer(tryStart):440 Container postgres:13-alpine is starting: 291e941a8228f971c607cc552c53a9d1a0c56773105d732b103db43e35c821eb"}}
{"type":"LOG","log":{"level":"INFO","message":"INFO o.t.c.GenericContainer(tryStart):520 Container postgres:13-alpine started in PT19.44365S"}}
{"type":"LOG","log":{"level":"INFO","message":"INFO c.z.h.HikariDataSource(<init>):80 HikariPool-8 - Starting..."}}
{"type":"LOG","log":{"level":"INFO","message":"INFO c.z.h.HikariDataSource(<init>):82 HikariPool-8 - Start completed."}}
{"type":"LOG","log":{"level":"INFO","message":"INFO i.a.i.s.s.TestEnvConfigs(getEnvOrDefault):119 Using default value for environment variable WORKER_ENVIRONMENT: 'DOCKER'"}}
{"type":"LOG","log":{"level":"INFO","message":"INFO i.a.i.s.s.TestEnvConfigs(getEnvOrDefault):119 Using default value for environment variable DEPLOYMENT_MODE: 'OSS'"}}
{"type":"LOG","log":{"level":"INFO","message":"INFO i.a.c.i.LineGobbler(voidCall):114 Checking if airbyte/source-postgres:dev exists..."}}
{"type":"LOG","log":{"level":"INFO","message":"INFO i.a.c.i.LineGobbler(voidCall):114 airbyte/source-postgres:dev was found locally."}}
{"type":"LOG","log":{"level":"INFO","message":"INFO i.a.w.p.DockerProcessFactory(create):126 Creating docker container = source-postgres-discover-0-0-dxrkk with resources null and allowedHosts null"}}
{"type":"LOG","log":{"level":"INFO","message":"INFO i.a.w.p.DockerProcessFactory(create):171 Preparing command: docker run --rm --init -i -w /data/job --log-driver none --name source-postgres-discover-0-0-dxrkk --network host -v /tmp/airbyte_tests/test4585803465246801397:/data -v /tmp/airbyte_tests/output7810791291741466179:/local -e DEPLOYMENT_MODE=OSS -e USE_STREAM_CAPABLE_STATE=false -e FIELD_SELECTION_WORKSPACES= -e WORKER_ENVIRONMENT=DOCKER -e AIRBYTE_ROLE= -e APPLY_FIELD_SELECTION=false -e WORKER_CONNECTOR_IMAGE=airbyte/source-postgres:dev -e WORKER_JOB_ATTEMPT=0 -e AUTO_DETECT_SCHEMA=true -e AIRBYTE_VERSION= -e WORKER_JOB_ID=0 airbyte/source-postgres:dev discover --config source_config.json"}}
{"type":"LOG","log":{"level":"INFO","message":"INFO i.a.w.i.DefaultAirbyteStreamFactory(internalLog):159 INFO i.a.i.s.p.PostgresSource(main):507 starting source: class io.airbyte.integrations.source.postgres.PostgresSource"}}
{"type":"LOG","log":{"level":"INFO","message":"INFO i.a.w.i.DefaultAirbyteStreamFactory(internalLog):159 INFO i.a.i.b.IntegrationCliParser(parseOptions):126 integration args: {discover=null, config=source_config.json}"}}
{"type":"LOG","log":{"level":"INFO","message":"INFO i.a.w.i.DefaultAirbyteStreamFactory(internalLog):159 INFO i.a.i.b.IntegrationRunner(runInternal):108 Running integration: io.airbyte.integrations.base.ssh.SshWrappedSource"}}
{"type":"LOG","log":{"level":"INFO","message":"INFO i.a.w.i.DefaultAirbyteStreamFactory(internalLog):159 INFO i.a.i.b.IntegrationRunner(runInternal):109 Command: DISCOVER"}}
{"type":"LOG","log":{"level":"INFO","message":"INFO i.a.w.i.DefaultAirbyteStreamFactory(internalLog):159 INFO i.a.i.b.IntegrationRunner(runInternal):110 Integration config: IntegrationConfig{command=DISCOVER, configPath='source_config.json', catalogPath='null', statePath='null'}"}}
{"type":"LOG","log":{"level":"WARN","message":"WARN i.a.w.i.DefaultAirbyteStreamFactory(internalLog):156 WARN c.n.s.JsonMetaSchema(newValidator):278 Unknown keyword groups - you should define your own Meta Schema. If the keyword is irrelevant for validation, just use a NonValidationKeyword"}}
{"type":"LOG","log":{"level":"WARN","message":"WARN i.a.w.i.DefaultAirbyteStreamFactory(internalLog):156 WARN c.n.s.JsonMetaSchema(newValidator):278 Unknown keyword order - you should define your own Meta Schema. If the keyword is irrelevant for validation, just use a NonValidationKeyword"}}
{"type":"LOG","log":{"level":"WARN","message":"WARN i.a.w.i.DefaultAirbyteStreamFactory(internalLog):156 WARN c.n.s.JsonMetaSchema(newValidator):278 Unknown keyword group - you should define your own Meta Schema. If the keyword is irrelevant for validation, just use a NonValidationKeyword"}}
{"type":"LOG","log":{"level":"WARN","message":"WARN i.a.w.i.DefaultAirbyteStreamFactory(internalLog):156 WARN c.n.s.JsonMetaSchema(newValidator):278 Unknown keyword airbyte_secret - you should define your own Meta Schema. If the keyword is irrelevant for validation, just use a NonValidationKeyword"}}
{"type":"LOG","log":{"level":"WARN","message":"WARN i.a.w.i.DefaultAirbyteStreamFactory(internalLog):156 WARN c.n.s.JsonMetaSchema(newValidator):278 Unknown keyword always_show - you should define your own Meta Schema. If the keyword is irrelevant for validation, just use a NonValidationKeyword"}}
{"type":"LOG","log":{"level":"WARN","message":"WARN i.a.w.i.DefaultAirbyteStreamFactory(internalLog):156 WARN c.n.s.JsonMetaSchema(newValidator):278 Unknown keyword min - you should define your own Meta Schema. If the keyword is irrelevant for validation, just use a NonValidationKeyword"}}
{"type":"LOG","log":{"level":"WARN","message":"WARN i.a.w.i.DefaultAirbyteStreamFactory(internalLog):156 WARN c.n.s.JsonMetaSchema(newValidator):278 Unknown keyword max - you should define your own Meta Schema. If the keyword is irrelevant for validation, just use a NonValidationKeyword"}}
{"type":"LOG","log":{"level":"INFO","message":"INFO i.a.w.i.DefaultAirbyteStreamFactory(internalLog):159 INFO i.a.i.b.s.SshTunnel(getInstance):204 Starting connection with method: NO_TUNNEL"}}
{"type":"LOG","log":{"level":"INFO","message":"INFO i.a.w.i.DefaultAirbyteStreamFactory(internalLog):159 INFO c.z.h.HikariDataSource(<init>):80 HikariPool-1 - Starting..."}}
{"type":"LOG","log":{"level":"INFO","message":"INFO i.a.w.i.DefaultAirbyteStreamFactory(internalLog):159 INFO c.z.h.HikariDataSource(<init>):82 HikariPool-1 - Start completed."}}
{"type":"LOG","log":{"level":"INFO","message":"INFO i.a.w.i.DefaultAirbyteStreamFactory(internalLog):159 INFO i.a.i.s.p.PostgresUtils(isCdc):53 using CDC: true"}}
{"type":"LOG","log":{"level":"INFO","message":"INFO i.a.w.i.DefaultAirbyteStreamFactory(internalLog):159 INFO i.a.d.j.s.AdaptiveStreamingQueryConfig(initialize):31 Set initial fetch size: 10 rows"}}
{"type":"LOG","log":{"level":"INFO","message":"INFO i.a.w.i.DefaultAirbyteStreamFactory(internalLog):159 INFO i.a.i.s.p.PostgresCdcCatalogHelper(getPublicizedTables):119 For CDC, only tables in publication publication will be included in the sync: [public.id_and_name, public.starships]"}}
{"type":"LOG","log":{"level":"INFO","message":"INFO i.a.w.i.DefaultAirbyteStreamFactory(internalLog):159 INFO i.a.i.s.j.AbstractJdbcSource(discoverInternal):166 Internal schemas to exclude: [catalog_history, information_schema, pg_catalog, pg_internal]"}}
{"type":"LOG","log":{"level":"INFO","message":"INFO i.a.w.i.DefaultAirbyteStreamFactory(internalLog):159 INFO i.a.d.j.s.AdaptiveStreamingQueryConfig(initialize):31 Set initial fetch size: 10 rows"}}
{"type":"LOG","log":{"level":"INFO","message":"INFO i.a.w.i.DefaultAirbyteStreamFactory(internalLog):159 INFO i.a.i.s.j.AbstractJdbcSource(discoverPrimaryKeys):266 Discover primary keys for tables: [id_and_name, starships]"}}
{"type":"LOG","log":{"level":"INFO","message":"INFO i.a.w.i.DefaultAirbyteStreamFactory(internalLog):159 INFO c.z.h.HikariDataSource(close):350 HikariPool-1 - Shutdown initiated..."}}
{"type":"LOG","log":{"level":"INFO","message":"INFO i.a.w.i.DefaultAirbyteStreamFactory(internalLog):159 INFO c.z.h.HikariDataSource(close):352 HikariPool-1 - Shutdown completed."}}
{"type":"LOG","log":{"level":"INFO","message":"INFO i.a.w.i.DefaultAirbyteStreamFactory(internalLog):159 INFO i.a.i.s.p.PostgresUtils(isCdc):53 using CDC: true"}}
{"type":"LOG","log":{"level":"INFO","message":"INFO i.a.w.i.DefaultAirbyteStreamFactory(internalLog):159 INFO i.a.i.b.IntegrationRunner(runInternal):186 Completed integration: io.airbyte.integrations.base.ssh.SshWrappedSource"}}
{"type":"LOG","log":{"level":"INFO","message":"INFO i.a.w.i.DefaultAirbyteStreamFactory(internalLog):159 INFO i.a.i.s.p.PostgresSource(main):509 completed source: class io.airbyte.integrations.source.postgres.PostgresSource"}}
{"type":"LOG","log":{"level":"INFO","message":"INFO i.a.a.c.AirbyteApiClient(retryWithJitter):172 Attempt 0 to call to write discover schema result"}}
{"type":"LOG","log":{"level":"INFO","message":"INFO o.t.c.GenericContainer(tryStart):376 Creating container for image: postgres:13-alpine"}}
{"type":"LOG","log":{"level":"INFO","message":"INFO o.t.c.GenericContainer(tryStart):440 Container postgres:13-alpine is starting: 2d5de40c3d25c97227e541845c477c03b295f916be9e4bc27740d7086d556dcf"}}
{"type":"LOG","log":{"level":"INFO","message":"INFO o.t.c.GenericContainer(tryStart):520 Container postgres:13-alpine started in PT36.534534S"}}
{"type":"LOG","log":{"level":"INFO","message":"INFO c.z.h.HikariDataSource(<init>):80 HikariPool-9 - Starting..."}}
{"type":"LOG","log":{"level":"INFO","message":"INFO c.z.h.HikariDataSource(<init>):82 HikariPool-9 - Start completed."}}
{"type":"LOG","log":{"level":"INFO","message":"INFO i.a.i.s.s.TestEnvConfigs(getEnvOrDefault):119 Using default value for environment variable WORKER_ENVIRONMENT: 'DOCKER'"}}
{"type":"LOG","log":{"level":"INFO","message":"INFO i.a.i.s.s.TestEnvConfigs(getEnvOrDefault):119 Using default value for environment variable DEPLOYMENT_MODE: 'OSS'"}}
{"type":"LOG","log":{"level":"INFO","message":"INFO i.a.c.i.LineGobbler(voidCall):114 Checking if airbyte/source-postgres:dev exists..."}}
{"type":"LOG","log":{"level":"INFO","message":"INFO i.a.c.i.LineGobbler(voidCall):114 airbyte/source-postgres:dev was found locally."}}
{"type":"LOG","log":{"level":"INFO","message":"INFO i.a.w.p.DockerProcessFactory(create):126 Creating docker container = source-postgres-read-0-0-xktho with resources null and allowedHosts null"}}
{"type":"LOG","log":{"level":"INFO","message":"INFO i.a.w.p.DockerProcessFactory(create):171 Preparing command: docker run --rm --init -i -w /data/job --log-driver none --name source-postgres-read-0-0-xktho --network host -v /tmp/airbyte_tests/test16743811066498078462:/data -v /tmp/airbyte_tests/output5321315273701629229:/local -e DEPLOYMENT_MODE=OSS -e USE_STREAM_CAPABLE_STATE=false -e FIELD_SELECTION_WORKSPACES= -e WORKER_ENVIRONMENT=DOCKER -e AIRBYTE_ROLE= -e APPLY_FIELD_SELECTION=false -e WORKER_CONNECTOR_IMAGE=airbyte/source-postgres:dev -e WORKER_JOB_ATTEMPT=0 -e AUTO_DETECT_SCHEMA=true -e AIRBYTE_VERSION= -e WORKER_JOB_ID=0 airbyte/source-postgres:dev read --config source_config.json --catalog source_catalog.json"}}
{"type":"LOG","log":{"level":"INFO","message":"INFO i.a.w.i.DefaultAirbyteStreamFactory(internalLog):159 INFO i.a.i.s.p.PostgresSource(main):507 starting source: class io.airbyte.integrations.source.postgres.PostgresSource"}}
{"type":"LOG","log":{"level":"INFO","message":"INFO i.a.w.i.DefaultAirbyteStreamFactory(internalLog):159 INFO i.a.i.b.IntegrationCliParser(parseOptions):126 integration args: {read=null, catalog=source_catalog.json, config=source_config.json}"}}
{"type":"LOG","log":{"level":"INFO","message":"INFO i.a.w.i.DefaultAirbyteStreamFactory(internalLog):159 INFO i.a.i.b.IntegrationRunner(runInternal):108 Running integration: io.airbyte.integrations.base.ssh.SshWrappedSource"}}
{"type":"LOG","log":{"level":"INFO","message":"INFO i.a.w.i.DefaultAirbyteStreamFactory(internalLog):159 INFO i.a.i.b.IntegrationRunner(runInternal):109 Command: READ"}}
{"type":"LOG","log":{"level":"INFO","message":"INFO i.a.w.i.DefaultAirbyteStreamFactory(internalLog):159 INFO i.a.i.b.IntegrationRunner(runInternal):110 Integration config: IntegrationConfig{command=READ, configPath='source_config.json', catalogPath='source_catalog.json', statePath='null'}"}}
{"type":"LOG","log":{"level":"WARN","message":"WARN i.a.w.i.DefaultAirbyteStreamFactory(internalLog):156 WARN c.n.s.JsonMetaSchema(newValidator):278 Unknown keyword groups - you should define your own Meta Schema. If the keyword is irrelevant for validation, just use a NonValidationKeyword"}}
{"type":"LOG","log":{"level":"WARN","message":"WARN i.a.w.i.DefaultAirbyteStreamFactory(internalLog):156 WARN c.n.s.JsonMetaSchema(newValidator):278 Unknown keyword order - you should define your own Meta Schema. If the keyword is irrelevant for validation, just use a NonValidationKeyword"}}
{"type":"LOG","log":{"level":"WARN","message":"WARN i.a.w.i.DefaultAirbyteStreamFactory(internalLog):156 WARN c.n.s.JsonMetaSchema(newValidator):278 Unknown keyword group - you should define your own Meta Schema. If the keyword is irrelevant for validation, just use a NonValidationKeyword"}}
{"type":"LOG","log":{"level":"WARN","message":"WARN i.a.w.i.DefaultAirbyteStreamFactory(internalLog):156 WARN c.n.s.JsonMetaSchema(newValidator):278 Unknown keyword airbyte_secret - you should define your own Meta Schema. If the keyword is irrelevant for validation, just use a NonValidationKeyword"}}
{"type":"LOG","log":{"level":"WARN","message":"WARN i.a.w.i.DefaultAirbyteStreamFactory(internalLog):156 WARN c.n.s.JsonMetaSchema(newValidator):278 Unknown keyword always_show - you should define your own Meta Schema. If the keyword is irrelevant for validation, just use a NonValidationKeyword"}}
{"type":"LOG","log":{"level":"WARN","message":"WARN i.a.w.i.DefaultAirbyteStreamFactory(internalLog):156 WARN c.n.s.JsonMetaSchema(newValidator):278 Unknown keyword min - you should define your own Meta Schema. If the keyword is irrelevant for validation, just use a NonValidationKeyword"}}
{"type":"LOG","log":{"level":"WARN","message":"WARN i.a.w.i.DefaultAirbyteStreamFactory(internalLog):156 WARN c.n.s.JsonMetaSchema(newValidator):278 Unknown keyword max - you should define your own Meta Schema. If the keyword is irrelevant for validation, just use a NonValidationKeyword"}}
{"type":"LOG","log":{"level":"INFO","message":"INFO i.a.w.i.DefaultAirbyteStreamFactory(internalLog):159 INFO i.a.i.b.s.SshTunnel(getInstance):204 Starting connection with method: NO_TUNNEL"}}
{"type":"LOG","log":{"level":"INFO","message":"INFO i.a.w.i.DefaultAirbyteStreamFactory(internalLog):159 INFO i.a.i.s.r.s.StateManagerFactory(createStateManager):48 Legacy state manager selected to manage state object with type LEGACY."}}
{"type":"LOG","log":{"level":"INFO","message":"INFO i.a.w.i.DefaultAirbyteStreamFactory(internalLog):159 INFO i.a.i.s.r.s.CursorManager(createCursorInfoForStream):182 No cursor field set in catalog but not present in state. Stream: public_id_and_name, New Cursor Field: null. Resetting cursor value"}}
{"type":"LOG","log":{"level":"INFO","message":"INFO i.a.w.i.DefaultAirbyteStreamFactory(internalLog):159 INFO i.a.i.s.r.s.CursorManager(createCursorInfoForStream):182 No cursor field set in catalog but not present in state. Stream: public_starships, New Cursor Field: null. Resetting cursor value"}}
{"type":"LOG","log":{"level":"INFO","message":"INFO i.a.w.i.DefaultAirbyteStreamFactory(internalLog):159 INFO i.a.i.s.r.CdcStateManager(<init>):29 Initialized CDC state with: null"}}
{"type":"LOG","log":{"level":"INFO","message":"INFO i.a.w.i.DefaultAirbyteStreamFactory(internalLog):159 INFO c.z.h.HikariDataSource(<init>):80 HikariPool-1 - Starting..."}}
{"type":"LOG","log":{"level":"INFO","message":"INFO i.a.w.i.DefaultAirbyteStreamFactory(internalLog):159 INFO c.z.h.HikariDataSource(<init>):82 HikariPool-1 - Start completed."}}
{"type":"LOG","log":{"level":"INFO","message":"INFO i.a.w.i.DefaultAirbyteStreamFactory(internalLog):159 INFO i.a.i.s.p.PostgresUtils(isCdc):53 using CDC: true"}}
{"type":"LOG","log":{"level":"INFO","message":"INFO i.a.w.i.DefaultAirbyteStreamFactory(internalLog):159 INFO i.a.d.j.s.AdaptiveStreamingQueryConfig(initialize):31 Set initial fetch size: 10 rows"}}
{"type":"LOG","log":{"level":"INFO","message":"INFO i.a.w.i.DefaultAirbyteStreamFactory(internalLog):159 INFO i.a.i.s.p.PostgresCdcCatalogHelper(getPublicizedTables):119 For CDC, only tables in publication publication will be included in the sync: [public.id_and_name, public.starships]"}}
{"type":"LOG","log":{"level":"INFO","message":"INFO i.a.w.i.DefaultAirbyteStreamFactory(internalLog):159 INFO i.a.i.s.j.AbstractJdbcSource(logPreSyncDebugData):450 Data source product recognized as PostgreSQL:13.11"}}
{"type":"LOG","log":{"level":"INFO","message":"INFO i.a.w.i.DefaultAirbyteStreamFactory(internalLog):159 INFO i.a.i.s.p.PostgresSource(logPreSyncDebugData):221 Discovering indexes for schema \"public\", table \"id_and_name\""}}
{"type":"LOG","log":{"level":"INFO","message":"INFO i.a.w.i.DefaultAirbyteStreamFactory(internalLog):159 INFO i.a.i.s.p.PostgresSource(logPreSyncDebugData):223 Index name: id_and_name_pkey, Column: id, Unique: true"}}
{"type":"LOG","log":{"level":"INFO","message":"INFO i.a.w.i.DefaultAirbyteStreamFactory(internalLog):159 INFO i.a.i.s.p.PostgresSource(logPreSyncDebugData):221 Discovering indexes for schema \"public\", table \"starships\""}}
{"type":"LOG","log":{"level":"INFO","message":"INFO i.a.w.i.DefaultAirbyteStreamFactory(internalLog):159 INFO i.a.i.s.p.PostgresSource(logPreSyncDebugData):223 Index name: starships_pkey, Column: id, Unique: true"}}
{"type":"LOG","log":{"level":"INFO","message":"INFO i.a.w.i.DefaultAirbyteStreamFactory(internalLog):159 INFO i.a.i.s.p.PostgresQueryUtils(logXminStatus):77 Xmin Status : {Number of wraparounds: 0, Xmin Transaction Value: 492, Xmin Raw Value: 492"}}
{"type":"LOG","log":{"level":"INFO","message":"INFO i.a.w.i.DefaultAirbyteStreamFactory(internalLog):159 INFO i.a.i.s.j.AbstractJdbcSource(discoverInternal):166 Internal schemas to exclude: [catalog_history, information_schema, pg_catalog, pg_internal]"}}
{"type":"LOG","log":{"level":"INFO","message":"INFO i.a.w.i.DefaultAirbyteStreamFactory(internalLog):159 INFO i.a.d.j.s.AdaptiveStreamingQueryConfig(initialize):31 Set initial fetch size: 10 rows"}}
{"type":"LOG","log":{"level":"INFO","message":"INFO i.a.w.i.DefaultAirbyteStreamFactory(internalLog):159 INFO i.a.i.s.p.PostgresUtils(isCdc):53 using CDC: true"}}
{"type":"LOG","log":{"level":"INFO","message":"INFO i.a.w.i.DefaultAirbyteStreamFactory(internalLog):159 INFO i.a.i.s.j.AbstractJdbcSource(queryTableFullRefresh):112 Queueing query for table: id_and_name"}}
{"type":"LOG","log":{"level":"INFO","message":"INFO i.a.w.i.DefaultAirbyteStreamFactory(internalLog):159 INFO i.a.i.s.j.AbstractJdbcSource(queryTableFullRefresh):112 Queueing query for table: starships"}}
{"type":"LOG","log":{"level":"INFO","message":"INFO i.a.w.i.DefaultAirbyteStreamFactory(internalLog):159 INFO i.a.i.s.r.RelationalDbQueryUtils(lambda$queryTable$0):73 Queueing query: SELECT \"id\" FROM \"public\".\"id_and_name\""}}
{"type":"LOG","log":{"level":"INFO","message":"INFO i.a.w.i.DefaultAirbyteStreamFactory(internalLog):159 INFO i.a.d.j.s.AdaptiveStreamingQueryConfig(initialize):31 Set initial fetch size: 10 rows"}}
{"type":"LOG","log":{"level":"INFO","message":"INFO i.a.w.i.DefaultAirbyteStreamFactory(internalLog):159 INFO i.a.c.u.CompositeIterator(lambda$emitStartStreamStatus$1):155 STARTING -> public_id_and_name"}}
{"type":"LOG","log":{"level":"INFO","message":"INFO i.a.w.i.DefaultAirbyteStreamFactory(internalLog):159 INFO i.a.c.u.CompositeIterator(lambda$emitRunningStreamStatus$0):148 RUNNING -> public_id_and_name"}}
{"type":"LOG","log":{"level":"INFO","message":"INFO i.a.w.i.DefaultAirbyteStreamFactory(internalLog):159 INFO i.a.c.u.CompositeIterator(lambda$emitCompleteStreamStatus$2):162 COMPLETE -> public_id_and_name"}}
{"type":"LOG","log":{"level":"INFO","message":"INFO i.a.w.i.DefaultAirbyteStreamFactory(internalLog):159 INFO i.a.c.u.CompositeIterator(lambda$emitStartStreamStatus$1):155 STARTING -> public_starships"}}
{"type":"LOG","log":{"level":"INFO","message":"INFO i.a.w.i.DefaultAirbyteStreamFactory(internalLog):159 INFO i.a.i.s.r.RelationalDbQueryUtils(lambda$queryTable$0):73 Queueing query: SELECT \"name\" FROM \"public\".\"starships\""}}
{"type":"LOG","log":{"level":"INFO","message":"INFO i.a.w.i.DefaultAirbyteStreamFactory(internalLog):159 INFO i.a.d.j.s.AdaptiveStreamingQueryConfig(initialize):31 Set initial fetch size: 10 rows"}}
{"type":"LOG","log":{"level":"INFO","message":"INFO i.a.w.i.DefaultAirbyteStreamFactory(internalLog):159 INFO i.a.c.u.CompositeIterator(lambda$emitRunningStreamStatus$0):148 RUNNING -> public_starships"}}
{"type":"LOG","log":{"level":"INFO","message":"INFO i.a.w.i.DefaultAirbyteStreamFactory(internalLog):159 INFO i.a.c.u.CompositeIterator(lambda$emitCompleteStreamStatus$2):162 COMPLETE -> public_starships"}}
{"type":"LOG","log":{"level":"INFO","message":"INFO i.a.w.i.DefaultAirbyteStreamFactory(internalLog):159 INFO i.a.i.s.r.AbstractDbSource(lambda$read$1):173 Closing database connection pool."}}
{"type":"LOG","log":{"level":"INFO","message":"INFO i.a.w.i.DefaultAirbyteStreamFactory(internalLog):159 INFO c.z.h.HikariDataSource(close):350 HikariPool-1 - Shutdown initiated..."}}
{"type":"LOG","log":{"level":"INFO","message":"INFO i.a.w.i.DefaultAirbyteStreamFactory(internalLog):159 INFO c.z.h.HikariDataSource(close):352 HikariPool-1 - Shutdown completed."}}
{"type":"LOG","log":{"level":"INFO","message":"INFO i.a.w.i.DefaultAirbyteStreamFactory(internalLog):159 INFO i.a.i.s.r.AbstractDbSource(lambda$read$1):175 Closed database connection pool."}}
{"type":"LOG","log":{"level":"INFO","message":"INFO i.a.w.i.DefaultAirbyteStreamFactory(internalLog):159 INFO i.a.i.b.IntegrationRunner(runInternal):186 Completed integration: io.airbyte.integrations.base.ssh.SshWrappedSource"}}
{"type":"LOG","log":{"level":"INFO","message":"INFO i.a.w.i.DefaultAirbyteStreamFactory(internalLog):159 INFO i.a.i.s.p.PostgresSource(main):509 completed source: class io.airbyte.integrations.source.postgres.PostgresSource"}}
{"type":"LOG","log":{"level":"INFO","message":"INFO o.t.c.GenericContainer(tryStart):376 Creating container for image: postgres:13-alpine"}}
{"type":"LOG","log":{"level":"INFO","message":"INFO o.t.c.GenericContainer(tryStart):440 Container postgres:13-alpine is starting: a8e8169d4965dbc0d93d8a8f97c0cc274c61325c10841b7b8d1fc7f38b8b5a8d"}}
{"type":"LOG","log":{"level":"INFO","message":"INFO o.t.c.GenericContainer(tryStart):520 Container postgres:13-alpine started in PT31.927595S"}}
{"type":"LOG","log":{"level":"INFO","message":"INFO c.z.h.HikariDataSource(<init>):80 HikariPool-10 - Starting..."}}
{"type":"LOG","log":{"level":"INFO","message":"INFO c.z.h.HikariDataSource(<init>):82 HikariPool-10 - Start completed."}}
{"type":"LOG","log":{"level":"INFO","message":"INFO i.a.i.s.s.TestEnvConfigs(getEnvOrDefault):119 Using default value for environment variable WORKER_ENVIRONMENT: 'DOCKER'"}}
{"type":"LOG","log":{"level":"INFO","message":"INFO i.a.i.s.s.TestEnvConfigs(getEnvOrDefault):119 Using default value for environment variable DEPLOYMENT_MODE: 'OSS'"}}
{"type":"LOG","log":{"level":"INFO","message":"INFO i.a.c.i.LineGobbler(voidCall):114 Checking if airbyte/source-postgres:dev exists..."}}
{"type":"LOG","log":{"level":"INFO","message":"INFO i.a.c.i.LineGobbler(voidCall):114 airbyte/source-postgres:dev was found locally."}}
{"type":"LOG","log":{"level":"INFO","message":"INFO i.a.w.p.DockerProcessFactory(create):126 Creating docker container = source-postgres-read-0-0-iwrjy with resources null and allowedHosts null"}}
{"type":"LOG","log":{"level":"INFO","message":"INFO i.a.w.p.DockerProcessFactory(create):171 Preparing command: docker run --rm --init -i -w /data/job --log-driver none --name source-postgres-read-0-0-iwrjy --network host -v /tmp/airbyte_tests/test7892785935775656009:/data -v /tmp/airbyte_tests/output13705881776437820965:/local -e DEPLOYMENT_MODE=OSS -e USE_STREAM_CAPABLE_STATE=false -e FIELD_SELECTION_WORKSPACES= -e WORKER_ENVIRONMENT=DOCKER -e AIRBYTE_ROLE= -e APPLY_FIELD_SELECTION=false -e WORKER_CONNECTOR_IMAGE=airbyte/source-postgres:dev -e WORKER_JOB_ATTEMPT=0 -e AUTO_DETECT_SCHEMA=true -e AIRBYTE_VERSION= -e WORKER_JOB_ID=0 airbyte/source-postgres:dev read --config source_config.json --catalog source_catalog.json"}}
{"type":"LOG","log":{"level":"INFO","message":"INFO i.a.w.i.DefaultAirbyteStreamFactory(internalLog):159 INFO i.a.i.s.p.PostgresSource(main):507 starting source: class io.airbyte.integrations.source.postgres.PostgresSource"}}
{"type":"LOG","log":{"level":"INFO","message":"INFO i.a.w.i.DefaultAirbyteStreamFactory(internalLog):159 INFO i.a.i.b.IntegrationCliParser(parseOptions):126 integration args: {read=null, catalog=source_catalog.json, config=source_config.json}"}}
{"type":"LOG","log":{"level":"INFO","message":"INFO i.a.w.i.DefaultAirbyteStreamFactory(internalLog):159 INFO i.a.i.b.IntegrationRunner(runInternal):108 Running integration: io.airbyte.integrations.base.ssh.SshWrappedSource"}}
{"type":"LOG","log":{"level":"INFO","message":"INFO i.a.w.i.DefaultAirbyteStreamFactory(internalLog):159 INFO i.a.i.b.IntegrationRunner(runInternal):109 Command: READ"}}
{"type":"LOG","log":{"level":"INFO","message":"INFO i.a.w.i.DefaultAirbyteStreamFactory(internalLog):159 INFO i.a.i.b.IntegrationRunner(runInternal):110 Integration config: IntegrationConfig{command=READ, configPath='source_config.json', catalogPath='source_catalog.json', statePath='null'}"}}
{"type":"LOG","log":{"level":"WARN","message":"WARN i.a.w.i.DefaultAirbyteStreamFactory(internalLog):156 WARN c.n.s.JsonMetaSchema(newValidator):278 Unknown keyword groups - you should define your own Meta Schema. If the keyword is irrelevant for validation, just use a NonValidationKeyword"}}
{"type":"LOG","log":{"level":"WARN","message":"WARN i.a.w.i.DefaultAirbyteStreamFactory(internalLog):156 WARN c.n.s.JsonMetaSchema(newValidator):278 Unknown keyword order - you should define your own Meta Schema. If the keyword is irrelevant for validation, just use a NonValidationKeyword"}}
{"type":"LOG","log":{"level":"WARN","message":"WARN i.a.w.i.DefaultAirbyteStreamFactory(internalLog):156 WARN c.n.s.JsonMetaSchema(newValidator):278 Unknown keyword group - you should define your own Meta Schema. If the keyword is irrelevant for validation, just use a NonValidationKeyword"}}
{"type":"LOG","log":{"level":"WARN","message":"WARN i.a.w.i.DefaultAirbyteStreamFactory(internalLog):156 WARN c.n.s.JsonMetaSchema(newValidator):278 Unknown keyword airbyte_secret - you should define your own Meta Schema. If the keyword is irrelevant for validation, just use a NonValidationKeyword"}}
{"type":"LOG","log":{"level":"WARN","message":"WARN i.a.w.i.DefaultAirbyteStreamFactory(internalLog):156 WARN c.n.s.JsonMetaSchema(newValidator):278 Unknown keyword always_show - you should define your own Meta Schema. If the keyword is irrelevant for validation, just use a NonValidationKeyword"}}
{"type":"LOG","log":{"level":"WARN","message":"WARN i.a.w.i.DefaultAirbyteStreamFactory(internalLog):156 WARN c.n.s.JsonMetaSchema(newValidator):278 Unknown keyword min - you should define your own Meta Schema. If the keyword is irrelevant for validation, just use a NonValidationKeyword"}}
{"type":"LOG","log":{"level":"WARN","message":"WARN i.a.w.i.DefaultAirbyteStreamFactory(internalLog):156 WARN c.n.s.JsonMetaSchema(newValidator):278 Unknown keyword max - you should define your own Meta Schema. If the keyword is irrelevant for validation, just use a NonValidationKeyword"}}
{"type":"LOG","log":{"level":"INFO","message":"INFO i.a.w.i.DefaultAirbyteStreamFactory(internalLog):159 INFO i.a.i.b.s.SshTunnel(getInstance):204 Starting connection with method: NO_TUNNEL"}}
{"type":"LOG","log":{"level":"INFO","message":"INFO i.a.w.i.DefaultAirbyteStreamFactory(internalLog):159 INFO i.a.i.s.r.s.StateManagerFactory(createStateManager):48 Legacy state manager selected to manage state object with type LEGACY."}}
{"type":"LOG","log":{"level":"INFO","message":"INFO i.a.w.i.DefaultAirbyteStreamFactory(internalLog):159 INFO i.a.i.s.r.s.CursorManager(createCursorInfoForStream):182 No cursor field set in catalog but not present in state. Stream: public_id_and_name, New Cursor Field: null. Resetting cursor value"}}
{"type":"LOG","log":{"level":"INFO","message":"INFO i.a.w.i.DefaultAirbyteStreamFactory(internalLog):159 INFO i.a.i.s.r.s.CursorManager(createCursorInfoForStream):182 No cursor field set in catalog but not present in state. Stream: public_starships, New Cursor Field: null. Resetting cursor value"}}
{"type":"LOG","log":{"level":"INFO","message":"INFO i.a.w.i.DefaultAirbyteStreamFactory(internalLog):159 INFO i.a.i.s.r.CdcStateManager(<init>):29 Initialized CDC state with: null"}}
{"type":"LOG","log":{"level":"INFO","message":"INFO i.a.w.i.DefaultAirbyteStreamFactory(internalLog):159 INFO c.z.h.HikariDataSource(<init>):80 HikariPool-1 - Starting..."}}
{"type":"LOG","log":{"level":"INFO","message":"INFO i.a.w.i.DefaultAirbyteStreamFactory(internalLog):159 INFO c.z.h.HikariDataSource(<init>):82 HikariPool-1 - Start completed."}}
{"type":"LOG","log":{"level":"INFO","message":"INFO i.a.w.i.DefaultAirbyteStreamFactory(internalLog):159 INFO i.a.i.s.p.PostgresUtils(isCdc):53 using CDC: true"}}
{"type":"LOG","log":{"level":"INFO","message":"INFO i.a.w.i.DefaultAirbyteStreamFactory(internalLog):159 INFO i.a.d.j.s.AdaptiveStreamingQueryConfig(initialize):31 Set initial fetch size: 10 rows"}}
{"type":"LOG","log":{"level":"INFO","message":"INFO i.a.w.i.DefaultAirbyteStreamFactory(internalLog):159 INFO i.a.i.s.p.PostgresCdcCatalogHelper(getPublicizedTables):119 For CDC, only tables in publication publication will be included in the sync: [public.id_and_name, public.starships]"}}
{"type":"LOG","log":{"level":"INFO","message":"INFO i.a.w.i.DefaultAirbyteStreamFactory(internalLog):159 INFO i.a.i.s.j.AbstractJdbcSource(logPreSyncDebugData):450 Data source product recognized as PostgreSQL:13.11"}}
{"type":"LOG","log":{"level":"INFO","message":"INFO i.a.w.i.DefaultAirbyteStreamFactory(internalLog):159 INFO i.a.i.s.p.PostgresSource(logPreSyncDebugData):221 Discovering indexes for schema \"public\", table \"id_and_name\""}}
{"type":"LOG","log":{"level":"INFO","message":"INFO i.a.w.i.DefaultAirbyteStreamFactory(internalLog):159 INFO i.a.i.s.p.PostgresSource(logPreSyncDebugData):223 Index name: id_and_name_pkey, Column: id, Unique: true"}}
{"type":"LOG","log":{"level":"INFO","message":"INFO i.a.w.i.DefaultAirbyteStreamFactory(internalLog):159 INFO i.a.i.s.p.PostgresSource(logPreSyncDebugData):221 Discovering indexes for schema \"public\", table \"starships\""}}
{"type":"LOG","log":{"level":"INFO","message":"INFO i.a.w.i.DefaultAirbyteStreamFactory(internalLog):159 INFO i.a.i.s.p.PostgresSource(logPreSyncDebugData):223 Index name: starships_pkey, Column: id, Unique: true"}}
{"type":"LOG","log":{"level":"INFO","message":"INFO i.a.w.i.DefaultAirbyteStreamFactory(internalLog):159 INFO i.a.i.s.p.PostgresQueryUtils(logXminStatus):77 Xmin Status : {Number of wraparounds: 0, Xmin Transaction Value: 492, Xmin Raw Value: 492"}}
{"type":"LOG","log":{"level":"INFO","message":"INFO i.a.w.i.DefaultAirbyteStreamFactory(internalLog):159 INFO i.a.i.s.j.AbstractJdbcSource(discoverInternal):166 Internal schemas to exclude: [catalog_history, information_schema, pg_catalog, pg_internal]"}}
{"type":"LOG","log":{"level":"INFO","message":"INFO i.a.w.i.DefaultAirbyteStreamFactory(internalLog):159 INFO i.a.d.j.s.AdaptiveStreamingQueryConfig(initialize):31 Set initial fetch size: 10 rows"}}
{"type":"LOG","log":{"level":"INFO","message":"INFO i.a.w.i.DefaultAirbyteStreamFactory(internalLog):159 INFO i.a.i.s.p.PostgresUtils(isCdc):53 using CDC: true"}}
{"type":"LOG","log":{"level":"INFO","message":"INFO i.a.w.i.DefaultAirbyteStreamFactory(internalLog):159 INFO i.a.i.s.p.PostgresUtils(getFirstRecordWaitTime):111 First record waiting time: 30 seconds"}}
{"type":"LOG","log":{"level":"INFO","message":"INFO i.a.w.i.DefaultAirbyteStreamFactory(internalLog):159 INFO i.a.i.s.p.PostgresSource(getIncrementalIterators):369 First record waiting time: 30 seconds"}}
{"type":"LOG","log":{"level":"INFO","message":"INFO i.a.w.i.DefaultAirbyteStreamFactory(internalLog):159 INFO i.a.i.s.p.PostgresUtils(shouldFlushAfterSync):61 Should flush after sync: false"}}
{"type":"LOG","log":{"level":"INFO","message":"INFO i.a.w.i.DefaultAirbyteStreamFactory(internalLog):159 INFO o.a.k.c.c.AbstractConfig(logAll):376 StandaloneConfig values: \n\taccess.control.allow.methods = \n\taccess.control.allow.origin = \n\tadmin.listeners = null\n\tauto.include.jmx.reporter = true\n\tbootstrap.servers = [localhost:9092]\n\tclient.dns.lookup = use_all_dns_ips\n\tconfig.providers = []\n\tconnector.client.config.override.policy = All\n\theader.converter = class org.apache.kafka.connect.storage.SimpleHeaderConverter\n\tkey.converter = class org.apache.kafka.connect.json.JsonConverter\n\tlisteners = [http://:8083]\n\tmetric.reporters = []\n\tmetrics.num.samples = 2\n\tmetrics.recording.level = INFO\n\tmetrics.sample.window.ms = 30000\n\toffset.flush.interval.ms = 1000\n\toffset.flush.timeout.ms = 5000\n\toffset.storage.file.filename = /tmp/cdc-state-offset4485219219976730265/offset.dat\n\tplugin.path = null\n\tresponse.http.headers.config = \n\trest.advertised.host.name = null\n\trest.advertised.listener = null\n\trest.advertised.port = null\n\trest.extension.classes = []\n\tssl.cipher.suites = null\n\tssl.client.auth = none\n\tssl.enabled.protocols = [TLSv1.2, TLSv1.3]\n\tssl.endpoint.identification.algorithm = https\n\tssl.engine.factory.class = null\n\tssl.key.password = null\n\tssl.keymanager.algorithm = SunX509\n\tssl.keystore.certificate.chain = null\n\tssl.keystore.key = null\n\tssl.keystore.location = null\n\tssl.keystore.password = null\n\tssl.keystore.type = JKS\n\tssl.protocol = TLSv1.3\n\tssl.provider = null\n\tssl.secure.random.implementation = null\n\tssl.trustmanager.algorithm = PKIX\n\tssl.truststore.certificates = null\n\tssl.truststore.location = null\n\tssl.truststore.password = null\n\tssl.truststore.type = JKS\n\ttask.shutdown.graceful.timeout.ms = 5000\n\ttopic.creation.enable = true\n\ttopic.tracking.allow.reset = true\n\ttopic.tracking.enable = true\n\tvalue.converter = class org.apache.kafka.connect.json.JsonConverter\n"}}
{"type":"LOG","log":{"level":"WARN","message":"WARN i.a.w.i.DefaultAirbyteStreamFactory(internalLog):156 WARN o.a.k.c.r.WorkerConfig(logPluginPathConfigProviderWarning):379 Variables cannot be used in the 'plugin.path' property, since the property is used by plugin scanning before the config providers that replace the variables are initialized. The raw value 'null' was used for plugin scanning, as opposed to the transformed value 'null', and this may cause unexpected results."}}
{"type":"LOG","log":{"level":"INFO","message":"INFO i.a.w.i.DefaultAirbyteStreamFactory(internalLog):159 INFO o.a.k.c.s.FileOffsetBackingStore(start):58 Starting FileOffsetBackingStore with file /tmp/cdc-state-offset4485219219976730265/offset.dat"}}
{"type":"LOG","log":{"level":"INFO","message":"INFO i.a.w.i.DefaultAirbyteStreamFactory(internalLog):159 INFO o.a.k.c.c.AbstractConfig(logAll):376 JsonConverterConfig values: \n\tconverter.type = key\n\tdecimal.format = BASE64\n\tschemas.cache.size = 1000\n\tschemas.enable = false\n"}}
{"type":"LOG","log":{"level":"INFO","message":"INFO i.a.w.i.DefaultAirbyteStreamFactory(internalLog):159 INFO o.a.k.c.c.AbstractConfig(logAll):376 JsonConverterConfig values: \n\tconverter.type = value\n\tdecimal.format = BASE64\n\tschemas.cache.size = 1000\n\tschemas.enable = false\n"}}
{"type":"LOG","log":{"level":"INFO","message":"INFO i.a.w.i.DefaultAirbyteStreamFactory(internalLog):159 INFO i.a.i.d.i.p.PostgresDebeziumStateUtil(extractLsn):206 No previous offsets found"}}
{"type":"LOG","log":{"level":"INFO","message":"INFO i.a.w.i.DefaultAirbyteStreamFactory(internalLog):159 INFO i.a.i.d.i.p.PostgresDebeziumStateUtil(parseSavedOffset):181 Closing offsetStorageReader and fileOffsetBackingStore"}}
{"type":"LOG","log":{"level":"INFO","message":"INFO i.a.w.i.DefaultAirbyteStreamFactory(internalLog):159 INFO o.a.k.c.s.FileOffsetBackingStore(stop):66 Stopped FileOffsetBackingStore"}}
{"type":"LOG","log":{"level":"INFO","message":"INFO i.a.w.i.DefaultAirbyteStreamFactory(internalLog):159 INFO i.a.i.s.p.PostgresSource(lambda$getReplicationSlot$4):296 Attempting to find the named replication slot using the query: HikariProxyPreparedStatement@2003305136 wrapping SELECT * FROM pg_replication_slots WHERE slot_name = 'debezium_slot' AND plugin = 'pgoutput' AND database = 'test'"}}
{"type":"LOG","log":{"level":"INFO","message":"INFO i.a.w.i.DefaultAirbyteStreamFactory(internalLog):159 INFO i.a.d.j.s.AdaptiveStreamingQueryConfig(initialize):31 Set initial fetch size: 10 rows"}}
{"type":"LOG","log":{"level":"INFO","message":"INFO i.a.w.i.DefaultAirbyteStreamFactory(internalLog):159 INFO i.a.i.s.p.PostgresUtils(shouldFlushAfterSync):61 Should flush after sync: false"}}
{"type":"LOG","log":{"level":"INFO","message":"INFO i.a.w.i.DefaultAirbyteStreamFactory(internalLog):159 INFO i.a.i.d.i.p.PostgresCdcTargetPosition(targetPosition):49 identified target lsn: PgLsn{lsn=22996488}"}}
{"type":"LOG","log":{"level":"INFO","message":"INFO i.a.w.i.DefaultAirbyteStreamFactory(internalLog):159 INFO i.a.i.s.p.PostgresUtils(shouldFlushAfterSync):61 Should flush after sync: false"}}
{"type":"LOG","log":{"level":"INFO","message":"INFO i.a.w.i.DefaultAirbyteStreamFactory(internalLog):159 INFO i.a.i.d.AirbyteDebeziumHandler(getIncrementalIterators):95 Using CDC: true"}}
{"type":"LOG","log":{"level":"INFO","message":"INFO i.a.w.i.DefaultAirbyteStreamFactory(internalLog):159 INFO o.a.k.c.c.AbstractConfig(logAll):376 JsonConverterConfig values: \n\tconverter.type = key\n\tdecimal.format = BASE64\n\tschemas.cache.size = 1000\n\tschemas.enable = false\n"}}
{"type":"LOG","log":{"level":"INFO","message":"INFO i.a.w.i.DefaultAirbyteStreamFactory(internalLog):159 INFO o.a.k.c.c.AbstractConfig(logAll):376 JsonConverterConfig values: \n\tconverter.type = value\n\tdecimal.format = BASE64\n\tschemas.cache.size = 1000\n\tschemas.enable = false\n"}}
{"type":"LOG","log":{"level":"INFO","message":"INFO i.a.w.i.DefaultAirbyteStreamFactory(internalLog):159 INFO o.a.k.c.c.AbstractConfig(logAll):376 EmbeddedConfig values: \n\taccess.control.allow.methods = \n\taccess.control.allow.origin = \n\tadmin.listeners = null\n\tauto.include.jmx.reporter = true\n\tbootstrap.servers = [localhost:9092]\n\tclient.dns.lookup = use_all_dns_ips\n\tconfig.providers = []\n\tconnector.client.config.override.policy = All\n\theader.converter = class org.apache.kafka.connect.storage.SimpleHeaderConverter\n\tkey.converter = class org.apache.kafka.connect.json.JsonConverter\n\tlisteners = [http://:8083]\n\tmetric.reporters = []\n\tmetrics.num.samples = 2\n\tmetrics.recording.level = INFO\n\tmetrics.sample.window.ms = 30000\n\toffset.flush.interval.ms = 1000\n\toffset.flush.timeout.ms = 5000\n\toffset.storage.file.filename = /tmp/cdc-state-offset6426025096611118950/offset.dat\n\toffset.storage.partitions = null\n\toffset.storage.replication.factor = null\n\toffset.storage.topic = \n\tplugin.path = null\n\tresponse.http.headers.config = \n\trest.advertised.host.name = null\n\trest.advertised.listener = null\n\trest.advertised.port = null\n\trest.extension.classes = []\n\tssl.cipher.suites = null\n\tssl.client.auth = none\n\tssl.enabled.protocols = [TLSv1.2, TLSv1.3]\n\tssl.endpoint.identification.algorithm = https\n\tssl.engine.factory.class = null\n\tssl.key.password = null\n\tssl.keymanager.algorithm = SunX509\n\tssl.keystore.certificate.chain = null\n\tssl.keystore.key = null\n\tssl.keystore.location = null\n\tssl.keystore.password = null\n\tssl.keystore.type = JKS\n\tssl.protocol = TLSv1.3\n\tssl.provider = null\n\tssl.secure.random.implementation = null\n\tssl.trustmanager.algorithm = PKIX\n\tssl.truststore.certificates = null\n\tssl.truststore.location = null\n\tssl.truststore.password = null\n\tssl.truststore.type = JKS\n\ttask.shutdown.graceful.timeout.ms = 5000\n\ttopic.creation.enable = true\n\ttopic.tracking.allow.reset = true\n\ttopic.tracking.enable = true\n\tvalue.converter = class org.apache.kafka.connect.json.JsonConverter\n"}}
{"type":"LOG","log":{"level":"WARN","message":"WARN i.a.w.i.DefaultAirbyteStreamFactory(internalLog):156 WARN o.a.k.c.r.WorkerConfig(logPluginPathConfigProviderWarning):379 Variables cannot be used in the 'plugin.path' property, since the property is used by plugin scanning before the config providers that replace the variables are initialized. The raw value 'null' was used for plugin scanning, as opposed to the transformed value 'null', and this may cause unexpected results."}}
{"type":"LOG","log":{"level":"INFO","message":"INFO i.a.w.i.DefaultAirbyteStreamFactory(internalLog):159 INFO o.a.k.c.c.AbstractConfig(logAll):376 JsonConverterConfig values: \n\tconverter.type = key\n\tdecimal.format = BASE64\n\tschemas.cache.size = 1000\n\tschemas.enable = false\n"}}
{"type":"LOG","log":{"level":"INFO","message":"INFO i.a.w.i.DefaultAirbyteStreamFactory(internalLog):159 INFO o.a.k.c.c.AbstractConfig(logAll):376 JsonConverterConfig values: \n\tconverter.type = value\n\tdecimal.format = BASE64\n\tschemas.cache.size = 1000\n\tschemas.enable = false\n"}}
{"type":"LOG","log":{"level":"INFO","message":"INFO i.a.w.i.DefaultAirbyteStreamFactory(internalLog):159 INFO i.d.c.p.PostgresConnector(testConnection):154 Successfully tested connection for jdbc:postgresql://172.17.0.8:5432/test with user 'test'"}}
{"type":"LOG","log":{"level":"INFO","message":"INFO i.a.w.i.DefaultAirbyteStreamFactory(internalLog):159 INFO i.d.j.JdbcConnection(lambda$doClose$4):947 Connection gracefully closed"}}
{"type":"LOG","log":{"level":"INFO","message":"INFO i.a.w.i.DefaultAirbyteStreamFactory(internalLog):159 INFO o.a.k.c.s.FileOffsetBackingStore(start):58 Starting FileOffsetBackingStore with file /tmp/cdc-state-offset6426025096611118950/offset.dat"}}
{"type":"LOG","log":{"level":"INFO","message":"INFO i.a.w.i.DefaultAirbyteStreamFactory(internalLog):159 INFO i.d.c.c.BaseSourceTask(start):124 Starting PostgresConnectorTask with configuration:"}}
{"type":"LOG","log":{"level":"INFO","message":"INFO i.a.w.i.DefaultAirbyteStreamFactory(internalLog):159 INFO i.d.c.c.BaseSourceTask(lambda$start$0):126    connector.class = io.debezium.connector.postgresql.PostgresConnector"}}
{"type":"LOG","log":{"level":"INFO","message":"INFO i.a.w.i.DefaultAirbyteStreamFactory(internalLog):159 INFO i.d.c.c.BaseSourceTask(lambda$start$0):126    max.queue.size = 8192"}}
{"type":"LOG","log":{"level":"INFO","message":"INFO i.a.w.i.DefaultAirbyteStreamFactory(internalLog):159 INFO i.d.c.c.BaseSourceTask(lambda$start$0):126    slot.name = debezium_slot"}}
{"type":"LOG","log":{"level":"INFO","message":"INFO i.a.w.i.DefaultAirbyteStreamFactory(internalLog):159 INFO i.d.c.c.BaseSourceTask(lambda$start$0):126    publication.name = publication"}}
{"type":"LOG","log":{"level":"INFO","message":"INFO i.a.w.i.DefaultAirbyteStreamFactory(internalLog):159 INFO i.d.c.c.BaseSourceTask(lambda$start$0):126    topic.prefix = test"}}
{"type":"LOG","log":{"level":"INFO","message":"INFO i.a.w.i.DefaultAirbyteStreamFactory(internalLog):159 INFO i.d.c.c.BaseSourceTask(lambda$start$0):126    offset.storage.file.filename = /tmp/cdc-state-offset6426025096611118950/offset.dat"}}
{"type":"LOG","log":{"level":"INFO","message":"INFO i.a.w.i.DefaultAirbyteStreamFactory(internalLog):159 INFO i.d.c.c.BaseSourceTask(lambda$start$0):126    decimal.handling.mode = string"}}
{"type":"LOG","log":{"level":"INFO","message":"INFO i.a.w.i.DefaultAirbyteStreamFactory(internalLog):159 INFO i.d.c.c.BaseSourceTask(lambda$start$0):126    converters = datetime"}}
{"type":"LOG","log":{"level":"INFO","message":"INFO i.a.w.i.DefaultAirbyteStreamFactory(internalLog):159 INFO i.d.c.c.BaseSourceTask(lambda$start$0):126    errors.retry.delay.initial.ms = 299"}}
{"type":"LOG","log":{"level":"INFO","message":"INFO i.a.w.i.DefaultAirbyteStreamFactory(internalLog):159 INFO i.d.c.c.BaseSourceTask(lambda$start$0):126    datetime.type = io.airbyte.integrations.debezium.internals.postgres.PostgresConverter"}}
{"type":"LOG","log":{"level":"INFO","message":"INFO i.a.w.i.DefaultAirbyteStreamFactory(internalLog):159 INFO i.d.c.c.BaseSourceTask(lambda$start$0):126    value.converter = org.apache.kafka.connect.json.JsonConverter"}}
{"type":"LOG","log":{"level":"INFO","message":"INFO i.a.w.i.DefaultAirbyteStreamFactory(internalLog):159 INFO i.d.c.c.BaseSourceTask(lambda$start$0):126    key.converter = org.apache.kafka.connect.json.JsonConverter"}}
{"type":"LOG","log":{"level":"INFO","message":"INFO i.a.w.i.DefaultAirbyteStreamFactory(internalLog):159 INFO i.d.c.c.BaseSourceTask(lambda$start$0):126    publication.autocreate.mode = disabled"}}
{"type":"LOG","log":{"level":"INFO","message":"INFO i.a.w.i.DefaultAirbyteStreamFactory(internalLog):159 INFO i.d.c.c.BaseSourceTask(lambda$start$0):126    database.user = test"}}
{"type":"LOG","log":{"level":"INFO","message":"INFO i.a.w.i.DefaultAirbyteStreamFactory(internalLog):159 INFO i.d.c.c.BaseSourceTask(lambda$start$0):126    database.dbname = test"}}
{"type":"LOG","log":{"level":"INFO","message":"INFO i.a.w.i.DefaultAirbyteStreamFactory(internalLog):159 INFO i.d.c.c.BaseSourceTask(lambda$start$0):126    offset.storage = org.apache.kafka.connect.storage.FileOffsetBackingStore"}}
{"type":"LOG","log":{"level":"INFO","message":"INFO i.a.w.i.DefaultAirbyteStreamFactory(internalLog):159 INFO i.d.c.c.BaseSourceTask(lambda$start$0):126    errors.retry.delay.max.ms = 300"}}
{"type":"LOG","log":{"level":"INFO","message":"INFO i.a.w.i.DefaultAirbyteStreamFactory(internalLog):159 INFO i.d.c.c.BaseSourceTask(lambda$start$0):126    offset.flush.timeout.ms = 5000"}}
{"type":"LOG","log":{"level":"INFO","message":"INFO i.a.w.i.DefaultAirbyteStreamFactory(internalLog):159 INFO i.d.c.c.BaseSourceTask(lambda$start$0):126    heartbeat.interval.ms = 10000"}}
{"type":"LOG","log":{"level":"INFO","message":"INFO i.a.w.i.DefaultAirbyteStreamFactory(internalLog):159 INFO i.d.c.c.BaseSourceTask(lambda$start$0):126    column.include.list = \\Qpublic.id_and_name\\E\\.(\\Qid\\E),\\Qpublic.starships\\E\\.(\\Qname\\E)"}}
{"type":"LOG","log":{"level":"INFO","message":"INFO i.a.w.i.DefaultAirbyteStreamFactory(internalLog):159 INFO i.d.c.c.BaseSourceTask(lambda$start$0):126    plugin.name = pgoutput"}}
{"type":"LOG","log":{"level":"INFO","message":"INFO i.a.w.i.DefaultAirbyteStreamFactory(internalLog):159 INFO i.d.c.c.BaseSourceTask(lambda$start$0):126    database.port = 5432"}}
{"type":"LOG","log":{"level":"INFO","message":"INFO i.a.w.i.DefaultAirbyteStreamFactory(internalLog):159 INFO i.d.c.c.BaseSourceTask(lambda$start$0):126    offset.flush.interval.ms = 1000"}}
{"type":"LOG","log":{"level":"INFO","message":"INFO i.a.w.i.DefaultAirbyteStreamFactory(internalLog):159 INFO i.d.c.c.BaseSourceTask(lambda$start$0):126    key.converter.schemas.enable = false"}}
{"type":"LOG","log":{"level":"INFO","message":"INFO i.a.w.i.DefaultAirbyteStreamFactory(internalLog):159 INFO i.d.c.c.BaseSourceTask(lambda$start$0):126    include.unknown.datatypes = true"}}
{"type":"LOG","log":{"level":"INFO","message":"INFO i.a.w.i.DefaultAirbyteStreamFactory(internalLog):159 INFO i.d.c.c.BaseSourceTask(lambda$start$0):126    errors.max.retries = 10"}}
{"type":"LOG","log":{"level":"INFO","message":"INFO i.a.w.i.DefaultAirbyteStreamFactory(internalLog):159 INFO i.d.c.c.BaseSourceTask(lambda$start$0):126    database.hostname = 172.17.0.8"}}
{"type":"LOG","log":{"level":"INFO","message":"INFO i.a.w.i.DefaultAirbyteStreamFactory(internalLog):159 INFO i.d.c.c.BaseSourceTask(lambda$start$0):126    database.password = ********"}}
{"type":"LOG","log":{"level":"INFO","message":"INFO i.a.w.i.DefaultAirbyteStreamFactory(internalLog):159 INFO i.d.c.c.BaseSourceTask(lambda$start$0):126    value.converter.schemas.enable = false"}}
{"type":"LOG","log":{"level":"INFO","message":"INFO i.a.w.i.DefaultAirbyteStreamFactory(internalLog):159 INFO i.d.c.c.BaseSourceTask(lambda$start$0):126    name = test"}}
{"type":"LOG","log":{"level":"INFO","message":"INFO i.a.w.i.DefaultAirbyteStreamFactory(internalLog):159 INFO i.d.c.c.BaseSourceTask(lambda$start$0):126    max.batch.size = 2048"}}
{"type":"LOG","log":{"level":"INFO","message":"INFO i.a.w.i.DefaultAirbyteStreamFactory(internalLog):159 INFO i.d.c.c.BaseSourceTask(lambda$start$0):126    table.include.list = \\Qpublic.id_and_name\\E,\\Qpublic.starships\\E"}}
{"type":"LOG","log":{"level":"INFO","message":"INFO i.a.w.i.DefaultAirbyteStreamFactory(internalLog):159 INFO i.d.c.c.BaseSourceTask(lambda$start$0):126    snapshot.mode = initial"}}
{"type":"LOG","log":{"level":"INFO","message":"INFO i.a.w.i.DefaultAirbyteStreamFactory(internalLog):159 INFO i.d.c.c.BaseSourceTask(startIfNeededAndPossible):243 Attempting to start task"}}
{"type":"LOG","log":{"level":"INFO","message":"INFO i.a.w.i.DefaultAirbyteStreamFactory(internalLog):159 INFO i.d.c.CommonConnectorConfig(getTopicNamingStrategy):849 Loading the custom topic naming strategy plugin: io.debezium.schema.SchemaTopicNamingStrategy"}}
{"type":"LOG","log":{"level":"INFO","message":"INFO i.a.w.i.DefaultAirbyteStreamFactory(internalLog):159 INFO i.d.j.JdbcConnection(lambda$doClose$4):947 Connection gracefully closed"}}
{"type":"LOG","log":{"level":"INFO","message":"INFO i.a.w.i.DefaultAirbyteStreamFactory(internalLog):159 INFO i.d.c.c.BaseSourceTask(getPreviousOffsets):375 No previous offsets found"}}
{"type":"LOG","log":{"level":"INFO","message":"INFO i.a.w.i.DefaultAirbyteStreamFactory(internalLog):159 INFO i.d.c.p.PostgresConnectorTask(start):113 user 'test' connected to database 'test' on PostgreSQL 13.11 on x86_64-pc-linux-musl, compiled by gcc (Alpine 12.2.1_git20220924-r10) 12.2.1 20220924, 64-bit with roles:\n\trole 'pg_read_all_settings' [superuser: false, replication: false, inherit: true, create role: false, create db: false, can log in: false]\n\trole 'pg_stat_scan_tables' [superuser: false, replication: false, inherit: true, create role: false, create db: false, can log in: false]\n\trole 'pg_write_server_files' [superuser: false, replication: false, inherit: true, create role: false, create db: false, can log in: false]\n\trole 'test' [superuser: true, replication: true, inherit: true, create role: true, create db: true, can log in: true]\n\trole 'pg_monitor' [superuser: false, replication: false, inherit: true, create role: false, create db: false, can log in: false]\n\trole 'pg_read_server_files' [superuser: false, replication: false, inherit: true, create role: false, create db: false, can log in: false]\n\trole 'pg_execute_server_program' [superuser: false, replication: false, inherit: true, create role: false, create db: false, can log in: false]\n\trole 'pg_read_all_stats' [superuser: false, replication: false, inherit: true, create role: false, create db: false, can log in: false]\n\trole 'pg_signal_backend' [superuser: false, replication: false, inherit: true, create role: false, create db: false, can log in: false]"}}
{"type":"LOG","log":{"level":"INFO","message":"INFO i.a.w.i.DefaultAirbyteStreamFactory(internalLog):159 INFO i.d.c.p.c.PostgresConnection(readReplicationSlotInfo):264 Obtained valid replication slot ReplicationSlot [active=false, latestFlushedLsn=LSN{0/15EE348}, catalogXmin=491]"}}
{"type":"LOG","log":{"level":"INFO","message":"INFO i.a.w.i.DefaultAirbyteStreamFactory(internalLog):159 INFO i.d.c.p.PostgresConnectorTask(start):122 No previous offset found"}}
{"type":"LOG","log":{"level":"INFO","message":"INFO i.a.w.i.DefaultAirbyteStreamFactory(internalLog):159 INFO i.d.u.Threads(threadFactory):270 Requested thread factory for connector PostgresConnector, id = test named = change-event-source-coordinator"}}
{"type":"LOG","log":{"level":"INFO","message":"INFO i.a.w.i.DefaultAirbyteStreamFactory(internalLog):159 INFO i.d.u.Threads$3(newThread):287 Creating thread debezium-postgresconnector-test-change-event-source-coordinator"}}
{"type":"LOG","log":{"level":"INFO","message":"INFO i.a.w.i.DefaultAirbyteStreamFactory(internalLog):159 INFO i.d.c.c.BaseSourceTask(startIfNeededAndPossible):245 Successfully started task"}}
{"type":"LOG","log":{"level":"INFO","message":"INFO i.a.w.i.DefaultAirbyteStreamFactory(internalLog):159 INFO i.d.p.ChangeEventSourceCoordinator(lambda$start$0):103 Metrics registered"}}
{"type":"LOG","log":{"level":"INFO","message":"INFO i.a.w.i.DefaultAirbyteStreamFactory(internalLog):159 INFO i.d.p.ChangeEventSourceCoordinator(lambda$start$0):106 Context created"}}
{"type":"LOG","log":{"level":"INFO","message":"INFO i.a.w.i.DefaultAirbyteStreamFactory(internalLog):159 INFO i.d.c.p.s.InitialSnapshotter(shouldSnapshot):34 Taking initial snapshot for new datasource"}}
{"type":"LOG","log":{"level":"INFO","message":"INFO i.a.w.i.DefaultAirbyteStreamFactory(internalLog):159 INFO i.d.c.p.PostgresSnapshotChangeEventSource(getSnapshottingTask):65 According to the connector configuration data will be snapshotted"}}
{"type":"LOG","log":{"level":"INFO","message":"INFO i.a.w.i.DefaultAirbyteStreamFactory(internalLog):159 INFO i.d.r.RelationalSnapshotChangeEventSource(doExecute):110 Snapshot step 1 - Preparing"}}
{"type":"LOG","log":{"level":"INFO","message":"INFO i.a.w.i.DefaultAirbyteStreamFactory(internalLog):159 INFO i.d.r.RelationalSnapshotChangeEventSource(doExecute):119 Snapshot step 2 - Determining captured tables"}}
{"type":"LOG","log":{"level":"INFO","message":"INFO i.a.w.i.DefaultAirbyteStreamFactory(internalLog):159 INFO i.d.r.RelationalSnapshotChangeEventSource(determineCapturedTables):267 Adding table public.id_and_name to the list of capture schema tables"}}
{"type":"LOG","log":{"level":"INFO","message":"INFO i.a.w.i.DefaultAirbyteStreamFactory(internalLog):159 INFO i.d.r.RelationalSnapshotChangeEventSource(determineCapturedTables):267 Adding table public.starships to the list of capture schema tables"}}
{"type":"LOG","log":{"level":"INFO","message":"INFO i.a.w.i.DefaultAirbyteStreamFactory(internalLog):159 INFO i.d.r.RelationalSnapshotChangeEventSource(doExecute):126 Snapshot step 3 - Locking captured tables [public.id_and_name, public.starships]"}}
{"type":"LOG","log":{"level":"INFO","message":"INFO i.a.w.i.DefaultAirbyteStreamFactory(internalLog):159 INFO i.d.r.RelationalSnapshotChangeEventSource(doExecute):132 Snapshot step 4 - Determining snapshot offset"}}
{"type":"LOG","log":{"level":"INFO","message":"INFO i.a.w.i.DefaultAirbyteStreamFactory(internalLog):159 INFO i.d.c.p.PostgresOffsetContext(initialContext):233 Creating initial offset context"}}
{"type":"LOG","log":{"level":"INFO","message":"INFO i.a.w.i.DefaultAirbyteStreamFactory(internalLog):159 INFO i.d.c.p.PostgresOffsetContext(initialContext):236 Read xlogStart at 'LSN{0/15EE608}' from transaction '492'"}}
{"type":"LOG","log":{"level":"INFO","message":"INFO i.a.w.i.DefaultAirbyteStreamFactory(internalLog):159 INFO i.d.c.p.PostgresSnapshotChangeEventSource(updateOffsetForSnapshot):147 Read xlogStart at 'LSN{0/15EE608}' from transaction '492'"}}
{"type":"LOG","log":{"level":"INFO","message":"INFO i.a.w.i.DefaultAirbyteStreamFactory(internalLog):159 INFO i.d.r.RelationalSnapshotChangeEventSource(doExecute):135 Snapshot step 5 - Reading structure of captured tables"}}
{"type":"LOG","log":{"level":"INFO","message":"INFO i.a.w.i.DefaultAirbyteStreamFactory(internalLog):159 INFO i.d.c.p.PostgresSnapshotChangeEventSource(readTableStructure):193 Reading structure of schema 'public' of catalog 'test'"}}
{"type":"LOG","log":{"level":"INFO","message":"INFO i.a.w.i.DefaultAirbyteStreamFactory(internalLog):159 INFO i.d.r.RelationalSnapshotChangeEventSource(doExecute):139 Snapshot step 5.a - Creating connection pool"}}
{"type":"LOG","log":{"level":"INFO","message":"INFO i.a.w.i.DefaultAirbyteStreamFactory(internalLog):159 INFO i.d.r.RelationalSnapshotChangeEventSource(createConnectionPool):213 Created connection pool with 1 threads"}}
{"type":"LOG","log":{"level":"INFO","message":"INFO i.a.w.i.DefaultAirbyteStreamFactory(internalLog):159 INFO i.d.r.RelationalSnapshotChangeEventSource(doExecute):144 Snapshot step 6 - Persisting schema history"}}
{"type":"LOG","log":{"level":"INFO","message":"INFO i.a.w.i.DefaultAirbyteStreamFactory(internalLog):159 INFO i.d.r.RelationalSnapshotChangeEventSource(doExecute):156 Snapshot step 7 - Snapshotting data"}}
{"type":"LOG","log":{"level":"INFO","message":"INFO i.a.w.i.DefaultAirbyteStreamFactory(internalLog):159 INFO i.d.r.RelationalSnapshotChangeEventSource(createDataEvents):390 Creating snapshot worker pool with 1 worker thread(s)"}}
{"type":"LOG","log":{"level":"INFO","message":"INFO i.a.w.i.DefaultAirbyteStreamFactory(internalLog):159 INFO i.d.r.RelationalSnapshotChangeEventSource(createDataEvents):399 For table 'public.id_and_name' using select statement: 'SELECT \"id\" FROM \"public\".\"id_and_name\"'"}}
{"type":"LOG","log":{"level":"INFO","message":"INFO i.a.w.i.DefaultAirbyteStreamFactory(internalLog):159 INFO i.d.r.RelationalSnapshotChangeEventSource(createDataEvents):399 For table 'public.starships' using select statement: 'SELECT \"name\" FROM \"public\".\"starships\"'"}}
{"type":"LOG","log":{"level":"INFO","message":"INFO i.a.w.i.DefaultAirbyteStreamFactory(internalLog):159 INFO i.d.r.RelationalSnapshotChangeEventSource(doCreateDataEventsForTable):513 Exporting data from table 'public.id_and_name' (1 of 2 tables)"}}
{"type":"LOG","log":{"level":"INFO","message":"INFO i.a.w.i.DefaultAirbyteStreamFactory(internalLog):159 INFO i.d.r.RelationalSnapshotChangeEventSource(doCreateDataEventsForTable):559 \t Finished exporting 3 records for table 'public.id_and_name' (1 of 2 tables); total duration '00:00:00.106'"}}
{"type":"LOG","log":{"level":"INFO","message":"INFO i.a.w.i.DefaultAirbyteStreamFactory(internalLog):159 INFO i.d.r.RelationalSnapshotChangeEventSource(doCreateDataEventsForTable):513 Exporting data from table 'public.starships' (2 of 2 tables)"}}
{"type":"LOG","log":{"level":"INFO","message":"INFO i.a.w.i.DefaultAirbyteStreamFactory(internalLog):159 INFO i.d.r.RelationalSnapshotChangeEventSource(doCreateDataEventsForTable):559 \t Finished exporting 3 records for table 'public.starships' (2 of 2 tables); total duration '00:00:00.009'"}}
{"type":"LOG","log":{"level":"INFO","message":"INFO i.a.w.i.DefaultAirbyteStreamFactory(internalLog):159 INFO i.d.p.s.AbstractSnapshotChangeEventSource(execute):88 Snapshot - Final stage"}}
{"type":"LOG","log":{"level":"INFO","message":"INFO i.a.w.i.DefaultAirbyteStreamFactory(internalLog):159 INFO i.d.p.s.AbstractSnapshotChangeEventSource(execute):92 Snapshot completed"}}
{"type":"LOG","log":{"level":"INFO","message":"INFO i.a.w.i.DefaultAirbyteStreamFactory(internalLog):159 INFO i.d.p.ChangeEventSourceCoordinator(doSnapshot):156 Snapshot ended with SnapshotResult [status=COMPLETED, offset=PostgresOffsetContext [sourceInfoSchema=Schema{io.debezium.connector.postgresql.Source:STRUCT}, sourceInfo=source_info[server='test'db='test', lsn=LSN{0/15EE608}, txId=492, timestamp=2023-05-20T14:37:32.709463Z, snapshot=FALSE, schema=public, table=starships], lastSnapshotRecord=true, lastCompletelyProcessedLsn=null, lastCommitLsn=null, streamingStoppingLsn=null, transactionContext=TransactionContext [currentTransactionId=null, perTableEventCount={}, totalEventCount=0], incrementalSnapshotContext=IncrementalSnapshotContext [windowOpened=false, chunkEndPosition=null, dataCollectionsToSnapshot=[], lastEventKeySent=null, maximumKey=null]]]"}}
{"type":"LOG","log":{"level":"INFO","message":"INFO i.a.w.i.DefaultAirbyteStreamFactory(internalLog):159 INFO i.d.p.ChangeEventSourceCoordinator(streamingConnected):240 Connected metrics set to 'true'"}}
{"type":"LOG","log":{"level":"INFO","message":"INFO i.a.w.i.DefaultAirbyteStreamFactory(internalLog):159 INFO i.a.i.d.i.p.PostgresCdcTargetPosition(reachedTargetPosition):61 Signalling close because Snapshot is complete"}}
{"type":"LOG","log":{"level":"INFO","message":"INFO i.a.w.i.DefaultAirbyteStreamFactory(internalLog):159 INFO i.a.i.d.i.DebeziumRecordIterator(requestClose):208 Closing: Change event reached target position"}}
{"type":"LOG","log":{"level":"INFO","message":"INFO i.a.w.i.DefaultAirbyteStreamFactory(internalLog):159 INFO i.d.c.p.PostgresSchema(printReplicaIdentityInfo):100 REPLICA IDENTITY for 'public.id_and_name' is 'DEFAULT'; UPDATE and DELETE events will contain previous values only for PK columns"}}
{"type":"LOG","log":{"level":"INFO","message":"INFO i.a.w.i.DefaultAirbyteStreamFactory(internalLog):159 INFO i.d.c.p.PostgresSchema(printReplicaIdentityInfo):100 REPLICA IDENTITY for 'public.starships' is 'DEFAULT'; UPDATE and DELETE events will contain previous values only for PK columns"}}
{"type":"LOG","log":{"level":"INFO","message":"INFO i.a.w.i.DefaultAirbyteStreamFactory(internalLog):159 INFO i.d.p.ChangeEventSourceCoordinator(streamEvents):173 Starting streaming"}}
{"type":"LOG","log":{"level":"INFO","message":"INFO i.a.w.i.DefaultAirbyteStreamFactory(internalLog):159 INFO i.d.c.p.PostgresStreamingChangeEventSource(execute):136 Retrieved latest position from stored offset 'LSN{0/15EE608}'"}}
{"type":"LOG","log":{"level":"INFO","message":"INFO i.a.w.i.DefaultAirbyteStreamFactory(internalLog):159 INFO i.d.c.p.c.WalPositionLocator(<init>):48 Looking for WAL restart position for last commit LSN 'null' and last change LSN 'LSN{0/15EE608}'"}}
{"type":"LOG","log":{"level":"INFO","message":"INFO i.a.w.i.DefaultAirbyteStreamFactory(internalLog):159 INFO i.d.c.p.c.PostgresReplicationConnection(initPublication):147 Initializing PgOutput logical decoder publication"}}
{"type":"LOG","log":{"level":"INFO","message":"INFO i.a.w.i.DefaultAirbyteStreamFactory(internalLog):159 INFO i.d.e.EmbeddedEngine(stop):1146 Stopping the embedded engine"}}
{"type":"LOG","log":{"level":"INFO","message":"INFO i.a.w.i.DefaultAirbyteStreamFactory(internalLog):159 INFO i.d.e.EmbeddedEngine(stop):1153 Waiting for PT5M for connector to stop"}}
{"type":"LOG","log":{"level":"INFO","message":"INFO i.a.w.i.DefaultAirbyteStreamFactory(internalLog):159 INFO i.d.c.p.c.PostgresConnection(readReplicationSlotInfo):264 Obtained valid replication slot ReplicationSlot [active=false, latestFlushedLsn=LSN{0/15EE348}, catalogXmin=491]"}}
{"type":"LOG","log":{"level":"INFO","message":"INFO i.a.w.i.DefaultAirbyteStreamFactory(internalLog):159 INFO i.d.j.JdbcConnection(lambda$doClose$4):947 Connection gracefully closed"}}
{"type":"LOG","log":{"level":"INFO","message":"INFO i.a.w.i.DefaultAirbyteStreamFactory(internalLog):159 INFO i.d.c.p.c.PostgresReplicationConnection(validateSlotIsInExpectedState):364 Seeking to LSN{0/15EE608} on the replication slot with command SELECT pg_replication_slot_advance('debezium_slot', '0/15EE608')"}}
{"type":"LOG","log":{"level":"INFO","message":"INFO i.a.w.i.DefaultAirbyteStreamFactory(internalLog):159 INFO i.d.e.EmbeddedEngine(run):944 Stopping the task and engine"}}
{"type":"LOG","log":{"level":"INFO","message":"INFO i.a.w.i.DefaultAirbyteStreamFactory(internalLog):159 INFO i.d.c.c.BaseSourceTask(stop):278 Stopping down connector"}}
{"type":"LOG","log":{"level":"INFO","message":"INFO i.a.w.i.DefaultAirbyteStreamFactory(internalLog):159 INFO i.d.u.Threads(threadFactory):270 Requested thread factory for connector PostgresConnector, id = test named = keep-alive"}}
{"type":"LOG","log":{"level":"INFO","message":"INFO i.a.w.i.DefaultAirbyteStreamFactory(internalLog):159 INFO i.d.u.Threads$3(newThread):287 Creating thread debezium-postgresconnector-test-keep-alive"}}
{"type":"LOG","log":{"level":"INFO","message":"INFO i.a.w.i.DefaultAirbyteStreamFactory(internalLog):159 INFO i.d.c.p.PostgresSchema(printReplicaIdentityInfo):100 REPLICA IDENTITY for 'public.id_and_name' is 'DEFAULT'; UPDATE and DELETE events will contain previous values only for PK columns"}}
{"type":"LOG","log":{"level":"INFO","message":"INFO i.a.w.i.DefaultAirbyteStreamFactory(internalLog):159 INFO i.d.c.p.PostgresSchema(printReplicaIdentityInfo):100 REPLICA IDENTITY for 'public.starships' is 'DEFAULT'; UPDATE and DELETE events will contain previous values only for PK columns"}}
{"type":"LOG","log":{"level":"INFO","message":"INFO i.a.w.i.DefaultAirbyteStreamFactory(internalLog):159 INFO i.d.c.p.PostgresStreamingChangeEventSource(searchWalPosition):327 Searching for WAL resume position"}}
{"type":"LOG","log":{"level":"INFO","message":"INFO i.a.w.i.DefaultAirbyteStreamFactory(internalLog):159 INFO i.d.c.p.PostgresStreamingChangeEventSource(searchWalPosition):348 WAL resume position 'null' discovered"}}
{"type":"LOG","log":{"level":"INFO","message":"INFO i.a.w.i.DefaultAirbyteStreamFactory(internalLog):159 INFO i.d.j.JdbcConnection(lambda$doClose$4):947 Connection gracefully closed"}}
{"type":"LOG","log":{"level":"INFO","message":"INFO i.a.w.i.DefaultAirbyteStreamFactory(internalLog):159 INFO i.d.j.JdbcConnection(lambda$doClose$4):947 Connection gracefully closed"}}
{"type":"LOG","log":{"level":"INFO","message":"INFO i.a.w.i.DefaultAirbyteStreamFactory(internalLog):159 INFO i.d.c.p.c.PostgresReplicationConnection(initPublication):147 Initializing PgOutput logical decoder publication"}}
{"type":"LOG","log":{"level":"INFO","message":"INFO i.a.w.i.DefaultAirbyteStreamFactory(internalLog):159 INFO i.d.c.p.c.PostgresReplicationConnection(validateSlotIsInExpectedState):364 Seeking to LSN{0/15EE608} on the replication slot with command SELECT pg_replication_slot_advance('debezium_slot', '0/15EE608')"}}
{"type":"LOG","log":{"level":"INFO","message":"INFO i.a.w.i.DefaultAirbyteStreamFactory(internalLog):159 INFO i.d.u.Threads(threadFactory):270 Requested thread factory for connector PostgresConnector, id = test named = keep-alive"}}
{"type":"LOG","log":{"level":"INFO","message":"INFO i.a.w.i.DefaultAirbyteStreamFactory(internalLog):159 INFO i.d.u.Threads$3(newThread):287 Creating thread debezium-postgresconnector-test-keep-alive"}}
{"type":"LOG","log":{"level":"INFO","message":"INFO i.a.w.i.DefaultAirbyteStreamFactory(internalLog):159 INFO i.d.c.p.PostgresStreamingChangeEventSource(processMessages):211 Processing messages"}}
{"type":"LOG","log":{"level":"INFO","message":"INFO i.a.w.i.DefaultAirbyteStreamFactory(internalLog):159 INFO i.d.j.JdbcConnection(lambda$doClose$4):947 Connection gracefully closed"}}
{"type":"LOG","log":{"level":"INFO","message":"INFO i.a.w.i.DefaultAirbyteStreamFactory(internalLog):159 INFO i.d.j.JdbcConnection(lambda$doClose$4):947 Connection gracefully closed"}}
{"type":"LOG","log":{"level":"INFO","message":"INFO i.a.w.i.DefaultAirbyteStreamFactory(internalLog):159 INFO i.d.p.ChangeEventSourceCoordinator(streamEvents):175 Finished streaming"}}
{"type":"LOG","log":{"level":"INFO","message":"INFO i.a.w.i.DefaultAirbyteStreamFactory(internalLog):159 INFO i.d.p.ChangeEventSourceCoordinator(streamingConnected):240 Connected metrics set to 'false'"}}
{"type":"LOG","log":{"level":"INFO","message":"INFO i.a.w.i.DefaultAirbyteStreamFactory(internalLog):159 INFO o.a.k.c.s.FileOffsetBackingStore(stop):66 Stopped FileOffsetBackingStore"}}
{"type":"LOG","log":{"level":"INFO","message":"INFO i.a.w.i.DefaultAirbyteStreamFactory(internalLog):159 INFO i.a.i.d.i.DebeziumRecordPublisher(lambda$start$1):73 Debezium engine shutdown."}}
{"type":"LOG","log":{"level":"INFO","message":"INFO i.a.w.i.DefaultAirbyteStreamFactory(internalLog):159 INFO i.a.i.d.i.DebeziumRecordPublisher(lambda$start$1):74 Connector 'io.debezium.connector.postgresql.PostgresConnector' completed normally."}}
{"type":"LOG","log":{"level":"INFO","message":"INFO i.a.w.i.DefaultAirbyteStreamFactory(internalLog):159 INFO i.a.i.s.p.PostgresCdcStateHandler(saveState):37 debezium state: {\"[\\\"test\\\",{\\\"server\\\":\\\"test\\\"}]\":\"{\\\"transaction_id\\\":null,\\\"lsn\\\":22996488,\\\"txId\\\":492,\\\"ts_usec\\\":1684593452709463}\"}"}}
{"type":"LOG","log":{"level":"INFO","message":"INFO i.a.w.i.DefaultAirbyteStreamFactory(internalLog):159 INFO i.a.i.s.r.s.LegacyStateManager(toState):99 Generated legacy state for 2 streams"}}
{"type":"LOG","log":{"level":"INFO","message":"INFO i.a.w.i.DefaultAirbyteStreamFactory(internalLog):159 INFO i.a.i.s.r.AbstractDbSource(lambda$read$1):173 Closing database connection pool."}}
{"type":"LOG","log":{"level":"INFO","message":"INFO i.a.w.i.DefaultAirbyteStreamFactory(internalLog):159 INFO c.z.h.HikariDataSource(close):350 HikariPool-1 - Shutdown initiated..."}}
{"type":"LOG","log":{"level":"INFO","message":"INFO i.a.w.i.DefaultAirbyteStreamFactory(internalLog):159 INFO c.z.h.HikariDataSource(close):352 HikariPool-1 - Shutdown completed."}}
{"type":"LOG","log":{"level":"INFO","message":"INFO i.a.w.i.DefaultAirbyteStreamFactory(internalLog):159 INFO i.a.i.s.r.AbstractDbSource(lambda$read$1):175 Closed database connection pool."}}
{"type":"LOG","log":{"level":"INFO","message":"INFO i.a.w.i.DefaultAirbyteStreamFactory(internalLog):159 INFO i.a.i.b.IntegrationRunner(runInternal):186 Completed integration: io.airbyte.integrations.base.ssh.SshWrappedSource"}}
{"type":"LOG","log":{"level":"INFO","message":"INFO i.a.w.i.DefaultAirbyteStreamFactory(internalLog):159 INFO i.a.i.s.p.PostgresSource(main):509 completed source: class io.airbyte.integrations.source.postgres.PostgresSource"}}
]]></system-out>
  <system-err><![CDATA[]]></system-err>
</testsuite>
