<?xml version="1.0" encoding="UTF-8"?>
<testsuite name="io.airbyte.integrations.io.airbyte.integration_tests.sources.CdcWalLogsPostgresSourceDatatypeTest" tests="2" skipped="0" failures="0" errors="0" timestamp="2023-05-20T14:34:02" hostname="MacBook-Pro-3" time="519.858">
  <properties/>
  <testcase name="testDataContent()" classname="io.airbyte.integrations.io.airbyte.integration_tests.sources.CdcWalLogsPostgresSourceDatatypeTest" time="318.15"/>
  <testcase name="testDataTypes()" classname="io.airbyte.integrations.io.airbyte.integration_tests.sources.CdcWalLogsPostgresSourceDatatypeTest" time="201.704"/>
  <system-out><![CDATA[{"type":"LOG","log":{"level":"INFO","message":"INFO o.t.c.GenericContainer(tryStart):376 Creating container for image: postgres:14-alpine"}}
{"type":"LOG","log":{"level":"INFO","message":"INFO o.t.c.GenericContainer(tryStart):440 Container postgres:14-alpine is starting: 23f76d36f1071349cafff61b1f947798210bb57be711da6f5d69449009a5f93d"}}
{"type":"LOG","log":{"level":"INFO","message":"INFO o.t.c.GenericContainer(tryStart):520 Container postgres:14-alpine started in PT31.450567S"}}
{"type":"LOG","log":{"level":"INFO","message":"INFO c.z.h.HikariDataSource(<init>):80 HikariPool-9 - Starting..."}}
{"type":"LOG","log":{"level":"INFO","message":"INFO c.z.h.HikariDataSource(<init>):82 HikariPool-9 - Start completed."}}
{"type":"LOG","log":{"level":"INFO","message":"INFO i.a.i.s.s.TestEnvConfigs(getEnvOrDefault):119 Using default value for environment variable WORKER_ENVIRONMENT: 'DOCKER'"}}
{"type":"LOG","log":{"level":"INFO","message":"INFO i.a.i.s.s.TestEnvConfigs(getEnvOrDefault):119 Using default value for environment variable DEPLOYMENT_MODE: 'OSS'"}}
{"type":"LOG","log":{"level":"INFO","message":"INFO o.t.c.GenericContainer(tryStart):376 Creating container for image: postgres:14-alpine"}}
{"type":"LOG","log":{"level":"INFO","message":"INFO o.t.c.GenericContainer(tryStart):440 Container postgres:14-alpine is starting: fd5e0fd9219a385e53f68cc0c901cf9b65189a780e13ce105c2b81e2d515ff12"}}
{"type":"LOG","log":{"level":"INFO","message":"INFO o.t.c.GenericContainer(tryStart):520 Container postgres:14-alpine started in PT11.627135S"}}
{"type":"LOG","log":{"level":"INFO","message":"INFO c.z.h.HikariDataSource(<init>):80 HikariPool-10 - Starting..."}}
{"type":"LOG","log":{"level":"INFO","message":"INFO c.z.h.HikariDataSource(<init>):82 HikariPool-10 - Start completed."}}
{"type":"LOG","log":{"level":"INFO","message":"INFO i.a.c.i.LineGobbler(voidCall):114 Checking if airbyte/source-postgres:dev exists..."}}
{"type":"LOG","log":{"level":"INFO","message":"INFO i.a.c.i.LineGobbler(voidCall):114 airbyte/source-postgres:dev was found locally."}}
{"type":"LOG","log":{"level":"INFO","message":"INFO i.a.w.p.DockerProcessFactory(create):126 Creating docker container = source-postgres-read-0-0-orhfr with resources null and allowedHosts null"}}
{"type":"LOG","log":{"level":"INFO","message":"INFO i.a.w.p.DockerProcessFactory(create):171 Preparing command: docker run --rm --init -i -w /data/job --log-driver none --name source-postgres-read-0-0-orhfr --network host -v /tmp/airbyte_tests/test13292451363881142266:/data -v /tmp/airbyte_tests/output12343200492731887021:/local -e DEPLOYMENT_MODE=OSS -e USE_STREAM_CAPABLE_STATE=false -e FIELD_SELECTION_WORKSPACES= -e WORKER_ENVIRONMENT=DOCKER -e AIRBYTE_ROLE= -e APPLY_FIELD_SELECTION=false -e WORKER_CONNECTOR_IMAGE=airbyte/source-postgres:dev -e WORKER_JOB_ATTEMPT=0 -e AUTO_DETECT_SCHEMA=true -e AIRBYTE_VERSION= -e WORKER_JOB_ID=0 airbyte/source-postgres:dev read --config source_config.json --catalog source_catalog.json"}}
{"type":"LOG","log":{"level":"INFO","message":"INFO i.a.w.i.DefaultAirbyteStreamFactory(internalLog):159 INFO i.a.i.s.p.PostgresSource(main):507 starting source: class io.airbyte.integrations.source.postgres.PostgresSource"}}
{"type":"LOG","log":{"level":"INFO","message":"INFO i.a.w.i.DefaultAirbyteStreamFactory(internalLog):159 INFO i.a.i.b.IntegrationCliParser(parseOptions):126 integration args: {read=null, catalog=source_catalog.json, config=source_config.json}"}}
{"type":"LOG","log":{"level":"INFO","message":"INFO i.a.w.i.DefaultAirbyteStreamFactory(internalLog):159 INFO i.a.i.b.IntegrationRunner(runInternal):108 Running integration: io.airbyte.integrations.base.ssh.SshWrappedSource"}}
{"type":"LOG","log":{"level":"INFO","message":"INFO i.a.w.i.DefaultAirbyteStreamFactory(internalLog):159 INFO i.a.i.b.IntegrationRunner(runInternal):109 Command: READ"}}
{"type":"LOG","log":{"level":"INFO","message":"INFO i.a.w.i.DefaultAirbyteStreamFactory(internalLog):159 INFO i.a.i.b.IntegrationRunner(runInternal):110 Integration config: IntegrationConfig{command=READ, configPath='source_config.json', catalogPath='source_catalog.json', statePath='null'}"}}
{"type":"LOG","log":{"level":"WARN","message":"WARN i.a.w.i.DefaultAirbyteStreamFactory(internalLog):156 WARN c.n.s.JsonMetaSchema(newValidator):278 Unknown keyword groups - you should define your own Meta Schema. If the keyword is irrelevant for validation, just use a NonValidationKeyword"}}
{"type":"LOG","log":{"level":"WARN","message":"WARN i.a.w.i.DefaultAirbyteStreamFactory(internalLog):156 WARN c.n.s.JsonMetaSchema(newValidator):278 Unknown keyword order - you should define your own Meta Schema. If the keyword is irrelevant for validation, just use a NonValidationKeyword"}}
{"type":"LOG","log":{"level":"WARN","message":"WARN i.a.w.i.DefaultAirbyteStreamFactory(internalLog):156 WARN c.n.s.JsonMetaSchema(newValidator):278 Unknown keyword group - you should define your own Meta Schema. If the keyword is irrelevant for validation, just use a NonValidationKeyword"}}
{"type":"LOG","log":{"level":"WARN","message":"WARN i.a.w.i.DefaultAirbyteStreamFactory(internalLog):156 WARN c.n.s.JsonMetaSchema(newValidator):278 Unknown keyword airbyte_secret - you should define your own Meta Schema. If the keyword is irrelevant for validation, just use a NonValidationKeyword"}}
{"type":"LOG","log":{"level":"WARN","message":"WARN i.a.w.i.DefaultAirbyteStreamFactory(internalLog):156 WARN c.n.s.JsonMetaSchema(newValidator):278 Unknown keyword always_show - you should define your own Meta Schema. If the keyword is irrelevant for validation, just use a NonValidationKeyword"}}
{"type":"LOG","log":{"level":"WARN","message":"WARN i.a.w.i.DefaultAirbyteStreamFactory(internalLog):156 WARN c.n.s.JsonMetaSchema(newValidator):278 Unknown keyword min - you should define your own Meta Schema. If the keyword is irrelevant for validation, just use a NonValidationKeyword"}}
{"type":"LOG","log":{"level":"WARN","message":"WARN i.a.w.i.DefaultAirbyteStreamFactory(internalLog):156 WARN c.n.s.JsonMetaSchema(newValidator):278 Unknown keyword max - you should define your own Meta Schema. If the keyword is irrelevant for validation, just use a NonValidationKeyword"}}
{"type":"LOG","log":{"level":"INFO","message":"INFO i.a.w.i.DefaultAirbyteStreamFactory(internalLog):159 INFO i.a.i.b.s.SshTunnel(getInstance):204 Starting connection with method: NO_TUNNEL"}}
{"type":"LOG","log":{"level":"INFO","message":"INFO i.a.w.i.DefaultAirbyteStreamFactory(internalLog):159 INFO i.a.i.s.r.s.StateManagerFactory(createStateManager):48 Legacy state manager selected to manage state object with type LEGACY."}}
{"type":"LOG","log":{"level":"INFO","message":"INFO i.a.w.i.DefaultAirbyteStreamFactory(internalLog):159 INFO i.a.i.s.r.s.CursorManager(createCursorInfoForStream):182 No cursor field set in catalog but not present in state. Stream: test_test_1_bool_array, New Cursor Field: id. Resetting cursor value"}}
{"type":"LOG","log":{"level":"INFO","message":"INFO i.a.w.i.DefaultAirbyteStreamFactory(internalLog):159 INFO i.a.i.s.r.s.CursorManager(createCursorInfoForStream):182 No cursor field set in catalog but not present in state. Stream: test_test_2_polygon, New Cursor Field: id. Resetting cursor value"}}
{"type":"LOG","log":{"level":"INFO","message":"INFO i.a.w.i.DefaultAirbyteStreamFactory(internalLog):159 INFO i.a.i.s.r.s.CursorManager(createCursorInfoForStream):182 No cursor field set in catalog but not present in state. Stream: test_test_2_tsquery, New Cursor Field: id. Resetting cursor value"}}
{"type":"LOG","log":{"level":"INFO","message":"INFO i.a.w.i.DefaultAirbyteStreamFactory(internalLog):159 INFO i.a.i.s.r.s.CursorManager(createCursorInfoForStream):182 No cursor field set in catalog but not present in state. Stream: test_test_2_numeric_array, New Cursor Field: id. Resetting cursor value"}}
{"type":"LOG","log":{"level":"INFO","message":"INFO i.a.w.i.DefaultAirbyteStreamFactory(internalLog):159 INFO i.a.i.s.r.s.CursorManager(createCursorInfoForStream):182 No cursor field set in catalog but not present in state. Stream: test_test_1_smallint, New Cursor Field: id. Resetting cursor value"}}
{"type":"LOG","log":{"level":"INFO","message":"INFO i.a.w.i.DefaultAirbyteStreamFactory(internalLog):159 INFO i.a.i.s.r.s.CursorManager(createCursorInfoForStream):182 No cursor field set in catalog but not present in state. Stream: test_test_2_bool_array, New Cursor Field: id. Resetting cursor value"}}
{"type":"LOG","log":{"level":"INFO","message":"INFO i.a.w.i.DefaultAirbyteStreamFactory(internalLog):159 INFO i.a.i.s.r.s.CursorManager(createCursorInfoForStream):182 No cursor field set in catalog but not present in state. Stream: test_test_1_varchar, New Cursor Field: id. Resetting cursor value"}}
{"type":"LOG","log":{"level":"INFO","message":"INFO i.a.w.i.DefaultAirbyteStreamFactory(internalLog):159 INFO i.a.i.s.r.s.CursorManager(createCursorInfoForStream):182 No cursor field set in catalog but not present in state. Stream: test_test_1_time_array, New Cursor Field: id. Resetting cursor value"}}
{"type":"LOG","log":{"level":"INFO","message":"INFO i.a.w.i.DefaultAirbyteStreamFactory(internalLog):159 INFO i.a.i.s.r.s.CursorManager(createCursorInfoForStream):182 No cursor field set in catalog but not present in state. Stream: test_test_4_bit_varying, New Cursor Field: id. Resetting cursor value"}}
{"type":"LOG","log":{"level":"INFO","message":"INFO i.a.w.i.DefaultAirbyteStreamFactory(internalLog):159 INFO i.a.i.s.r.s.CursorManager(createCursorInfoForStream):182 No cursor field set in catalog but not present in state. Stream: test_test_2_tsvector, New Cursor Field: id. Resetting cursor value"}}
{"type":"LOG","log":{"level":"INFO","message":"INFO i.a.w.i.DefaultAirbyteStreamFactory(internalLog):159 INFO i.a.i.s.r.s.CursorManager(createCursorInfoForStream):182 No cursor field set in catalog but not present in state. Stream: test_test_4_timetz, New Cursor Field: id. Resetting cursor value"}}
{"type":"LOG","log":{"level":"INFO","message":"INFO i.a.w.i.DefaultAirbyteStreamFactory(internalLog):159 INFO i.a.i.s.r.s.CursorManager(createCursorInfoForStream):182 No cursor field set in catalog but not present in state. Stream: test_test_1_bit_array, New Cursor Field: id. Resetting cursor value"}}
{"type":"LOG","log":{"level":"INFO","message":"INFO i.a.w.i.DefaultAirbyteStreamFactory(internalLog):159 INFO i.a.i.s.r.s.CursorManager(createCursorInfoForStream):182 No cursor field set in catalog but not present in state. Stream: test_test_2_time_array, New Cursor Field: id. Resetting cursor value"}}
{"type":"LOG","log":{"level":"INFO","message":"INFO i.a.w.i.DefaultAirbyteStreamFactory(internalLog):159 INFO i.a.i.s.r.s.CursorManager(createCursorInfoForStream):182 No cursor field set in catalog but not present in state. Stream: test_test_1_real, New Cursor Field: id. Resetting cursor value"}}
{"type":"LOG","log":{"level":"INFO","message":"INFO i.a.w.i.DefaultAirbyteStreamFactory(internalLog):159 INFO i.a.i.s.r.s.CursorManager(createCursorInfoForStream):182 No cursor field set in catalog but not present in state. Stream: test_test_10_time, New Cursor Field: id. Resetting cursor value"}}
{"type":"LOG","log":{"level":"INFO","message":"INFO i.a.w.i.DefaultAirbyteStreamFactory(internalLog):159 INFO i.a.i.s.r.s.CursorManager(createCursorInfoForStream):182 No cursor field set in catalog but not present in state. Stream: test_test_2_integer, New Cursor Field: id. Resetting cursor value"}}
{"type":"LOG","log":{"level":"INFO","message":"INFO i.a.w.i.DefaultAirbyteStreamFactory(internalLog):159 INFO i.a.i.s.r.s.CursorManager(createCursorInfoForStream):182 No cursor field set in catalog but not present in state. Stream: test_test_2_bytea_array, New Cursor Field: id. Resetting cursor value"}}
{"type":"LOG","log":{"level":"INFO","message":"INFO i.a.w.i.DefaultAirbyteStreamFactory(internalLog):159 INFO i.a.i.s.r.s.CursorManager(createCursorInfoForStream):182 No cursor field set in catalog but not present in state. Stream: test_test_15_timestamp, New Cursor Field: id. Resetting cursor value"}}
{"type":"LOG","log":{"level":"INFO","message":"INFO i.a.w.i.DefaultAirbyteStreamFactory(internalLog):159 INFO i.a.i.s.r.s.CursorManager(createCursorInfoForStream):182 No cursor field set in catalog but not present in state. Stream: test_test_9_numeric, New Cursor Field: id. Resetting cursor value"}}
{"type":"LOG","log":{"level":"INFO","message":"INFO i.a.w.i.DefaultAirbyteStreamFactory(internalLog):159 INFO i.a.i.s.r.s.CursorManager(createCursorInfoForStream):182 No cursor field set in catalog but not present in state. Stream: test_test_1_boolean, New Cursor Field: id. Resetting cursor value"}}
{"type":"LOG","log":{"level":"INFO","message":"INFO i.a.w.i.DefaultAirbyteStreamFactory(internalLog):159 INFO i.a.i.s.r.s.CursorManager(createCursorInfoForStream):182 No cursor field set in catalog but not present in state. Stream: test_test_2_serial, New Cursor Field: id. Resetting cursor value"}}
{"type":"LOG","log":{"level":"INFO","message":"INFO i.a.w.i.DefaultAirbyteStreamFactory(internalLog):159 INFO i.a.i.s.r.s.CursorManager(createCursorInfoForStream):182 No cursor field set in catalog but not present in state. Stream: test_test_3_bit_varying, New Cursor Field: id. Resetting cursor value"}}
{"type":"LOG","log":{"level":"INFO","message":"INFO i.a.w.i.DefaultAirbyteStreamFactory(internalLog):159 INFO i.a.i.s.r.s.CursorManager(createCursorInfoForStream):182 No cursor field set in catalog but not present in state. Stream: test_test_2_inventory_item, New Cursor Field: id. Resetting cursor value"}}
{"type":"LOG","log":{"level":"INFO","message":"INFO i.a.w.i.DefaultAirbyteStreamFactory(internalLog):159 INFO i.a.i.s.r.s.CursorManager(createCursorInfoForStream):182 No cursor field set in catalog but not present in state. Stream: test_test_4_numeric, New Cursor Field: id. Resetting cursor value"}}
{"type":"LOG","log":{"level":"INFO","message":"INFO i.a.w.i.DefaultAirbyteStreamFactory(internalLog):159 INFO i.a.i.s.r.s.CursorManager(createCursorInfoForStream):182 No cursor field set in catalog but not present in state. Stream: test_test_5_time, New Cursor Field: id. Resetting cursor value"}}
{"type":"LOG","log":{"level":"INFO","message":"INFO i.a.w.i.DefaultAirbyteStreamFactory(internalLog):159 INFO i.a.i.s.r.s.CursorManager(createCursorInfoForStream):182 No cursor field set in catalog but not present in state. Stream: test_test_5_timestamp, New Cursor Field: id. Resetting cursor value"}}
{"type":"LOG","log":{"level":"INFO","message":"INFO i.a.w.i.DefaultAirbyteStreamFactory(internalLog):159 INFO i.a.i.s.r.s.CursorManager(createCursorInfoForStream):182 No cursor field set in catalog but not present in state. Stream: test_test_1_serial2, New Cursor Field: id. Resetting cursor value"}}
{"type":"LOG","log":{"level":"INFO","message":"INFO i.a.w.i.DefaultAirbyteStreamFactory(internalLog):159 INFO i.a.i.s.r.s.CursorManager(createCursorInfoForStream):182 No cursor field set in catalog but not present in state. Stream: test_test_2_jsonb, New Cursor Field: id. Resetting cursor value"}}
{"type":"LOG","log":{"level":"INFO","message":"INFO i.a.w.i.DefaultAirbyteStreamFactory(internalLog):159 INFO i.a.i.s.r.s.CursorManager(createCursorInfoForStream):182 No cursor field set in catalog but not present in state. Stream: test_test_1_name_array, New Cursor Field: id. Resetting cursor value"}}
{"type":"LOG","log":{"level":"INFO","message":"INFO i.a.w.i.DefaultAirbyteStreamFactory(internalLog):159 INFO i.a.i.s.r.s.CursorManager(createCursorInfoForStream):182 No cursor field set in catalog but not present in state. Stream: test_test_1_tsvector, New Cursor Field: id. Resetting cursor value"}}
{"type":"LOG","log":{"level":"INFO","message":"INFO i.a.w.i.DefaultAirbyteStreamFactory(internalLog):159 INFO i.a.i.s.r.s.CursorManager(createCursorInfoForStream):182 No cursor field set in catalog but not present in state. Stream: test_test_2_name_array, New Cursor Field: id. Resetting cursor value"}}
{"type":"LOG","log":{"level":"INFO","message":"INFO i.a.w.i.DefaultAirbyteStreamFactory(internalLog):159 INFO i.a.i.s.r.s.CursorManager(createCursorInfoForStream):182 No cursor field set in catalog but not present in state. Stream: test_test_1_timetz, New Cursor Field: id. Resetting cursor value"}}
{"type":"LOG","log":{"level":"INFO","message":"INFO i.a.w.i.DefaultAirbyteStreamFactory(internalLog):159 INFO i.a.i.s.r.s.CursorManager(createCursorInfoForStream):182 No cursor field set in catalog but not present in state. Stream: test_test_1_bytea, New Cursor Field: id. Resetting cursor value"}}
{"type":"LOG","log":{"level":"INFO","message":"INFO i.a.w.i.DefaultAirbyteStreamFactory(internalLog):159 INFO i.a.i.s.r.s.CursorManager(createCursorInfoForStream):182 No cursor field set in catalog but not present in state. Stream: test_test_4_timestamp, New Cursor Field: id. Resetting cursor value"}}
{"type":"LOG","log":{"level":"INFO","message":"INFO i.a.w.i.DefaultAirbyteStreamFactory(internalLog):159 INFO i.a.i.s.r.s.CursorManager(createCursorInfoForStream):182 No cursor field set in catalog but not present in state. Stream: test_test_2_cidr, New Cursor Field: id. Resetting cursor value"}}
{"type":"LOG","log":{"level":"INFO","message":"INFO i.a.w.i.DefaultAirbyteStreamFactory(internalLog):159 INFO i.a.i.s.r.s.CursorManager(createCursorInfoForStream):182 No cursor field set in catalog but not present in state. Stream: test_test_4_character, New Cursor Field: id. Resetting cursor value"}}
{"type":"LOG","log":{"level":"INFO","message":"INFO i.a.w.i.DefaultAirbyteStreamFactory(internalLog):159 INFO i.a.i.s.r.s.CursorManager(createCursorInfoForStream):182 No cursor field set in catalog but not present in state. Stream: test_test_1_int4_array, New Cursor Field: id. Resetting cursor value"}}
{"type":"LOG","log":{"level":"INFO","message":"INFO i.a.w.i.DefaultAirbyteStreamFactory(internalLog):159 INFO i.a.i.s.r.s.CursorManager(createCursorInfoForStream):182 No cursor field set in catalog but not present in state. Stream: test_test_1_bpchar_array, New Cursor Field: id. Resetting cursor value"}}
{"type":"LOG","log":{"level":"INFO","message":"INFO i.a.w.i.DefaultAirbyteStreamFactory(internalLog):159 INFO i.a.i.s.r.s.CursorManager(createCursorInfoForStream):182 No cursor field set in catalog but not present in state. Stream: test_test_2_int4_array, New Cursor Field: id. Resetting cursor value"}}
{"type":"LOG","log":{"level":"INFO","message":"INFO i.a.w.i.DefaultAirbyteStreamFactory(internalLog):159 INFO i.a.i.s.r.s.CursorManager(createCursorInfoForStream):182 No cursor field set in catalog but not present in state. Stream: test_test_4_time, New Cursor Field: id. Resetting cursor value"}}
{"type":"LOG","log":{"level":"INFO","message":"INFO i.a.w.i.DefaultAirbyteStreamFactory(internalLog):159 INFO i.a.i.s.r.s.CursorManager(createCursorInfoForStream):182 No cursor field set in catalog but not present in state. Stream: test_test_1_int8_array, New Cursor Field: id. Resetting cursor value"}}
{"type":"LOG","log":{"level":"INFO","message":"INFO i.a.w.i.DefaultAirbyteStreamFactory(internalLog):159 INFO i.a.i.s.r.s.CursorManager(createCursorInfoForStream):182 No cursor field set in catalog but not present in state. Stream: test_test_2_int8_array, New Cursor Field: id. Resetting cursor value"}}
{"type":"LOG","log":{"level":"INFO","message":"INFO i.a.w.i.DefaultAirbyteStreamFactory(internalLog):159 INFO i.a.i.s.r.s.CursorManager(createCursorInfoForStream):182 No cursor field set in catalog but not present in state. Stream: test_test_1_bytea_array, New Cursor Field: id. Resetting cursor value"}}
{"type":"LOG","log":{"level":"INFO","message":"INFO i.a.w.i.DefaultAirbyteStreamFactory(internalLog):159 INFO i.a.i.s.r.s.CursorManager(createCursorInfoForStream):182 No cursor field set in catalog but not present in state. Stream: test_test_3_decimal_array, New Cursor Field: id. Resetting cursor value"}}
{"type":"LOG","log":{"level":"INFO","message":"INFO i.a.w.i.DefaultAirbyteStreamFactory(internalLog):159 INFO i.a.i.s.r.s.CursorManager(createCursorInfoForStream):182 No cursor field set in catalog but not present in state. Stream: test_test_1_circle, New Cursor Field: id. Resetting cursor value"}}
{"type":"LOG","log":{"level":"INFO","message":"INFO i.a.w.i.DefaultAirbyteStreamFactory(internalLog):159 INFO i.a.i.s.r.s.CursorManager(createCursorInfoForStream):182 No cursor field set in catalog but not present in state. Stream: test_test_6_numeric, New Cursor Field: id. Resetting cursor value"}}
{"type":"LOG","log":{"level":"INFO","message":"INFO i.a.w.i.DefaultAirbyteStreamFactory(internalLog):159 INFO i.a.i.s.r.s.CursorManager(createCursorInfoForStream):182 No cursor field set in catalog but not present in state. Stream: test_test_1_hstore, New Cursor Field: id. Resetting cursor value"}}
{"type":"LOG","log":{"level":"INFO","message":"INFO i.a.w.i.DefaultAirbyteStreamFactory(internalLog):159 INFO i.a.i.s.r.s.CursorManager(createCursorInfoForStream):182 No cursor field set in catalog but not present in state. Stream: test_test_1_timestamptz_array, New Cursor Field: id. Resetting cursor value"}}
{"type":"LOG","log":{"level":"INFO","message":"INFO i.a.w.i.DefaultAirbyteStreamFactory(internalLog):159 INFO i.a.i.s.r.s.CursorManager(createCursorInfoForStream):182 No cursor field set in catalog but not present in state. Stream: test_test_2_real, New Cursor Field: id. Resetting cursor value"}}
{"type":"LOG","log":{"level":"INFO","message":"INFO i.a.w.i.DefaultAirbyteStreamFactory(internalLog):159 INFO i.a.i.s.r.s.CursorManager(createCursorInfoForStream):182 No cursor field set in catalog but not present in state. Stream: test_test_1_cidr, New Cursor Field: id. Resetting cursor value"}}
{"type":"LOG","log":{"level":"INFO","message":"INFO i.a.w.i.DefaultAirbyteStreamFactory(internalLog):159 INFO i.a.i.s.r.s.CursorManager(createCursorInfoForStream):182 No cursor field set in catalog but not present in state. Stream: test_test_1_decimal_array, New Cursor Field: id. Resetting cursor value"}}
{"type":"LOG","log":{"level":"INFO","message":"INFO i.a.w.i.DefaultAirbyteStreamFactory(internalLog):159 INFO i.a.i.s.r.s.CursorManager(createCursorInfoForStream):182 No cursor field set in catalog but not present in state. Stream: test_test_2_interval, New Cursor Field: id. Resetting cursor value"}}
{"type":"LOG","log":{"level":"INFO","message":"INFO i.a.w.i.DefaultAirbyteStreamFactory(internalLog):159 INFO i.a.i.s.r.s.CursorManager(createCursorInfoForStream):182 No cursor field set in catalog but not present in state. Stream: test_test_2_float, New Cursor Field: id. Resetting cursor value"}}
{"type":"LOG","log":{"level":"INFO","message":"INFO i.a.w.i.DefaultAirbyteStreamFactory(internalLog):159 INFO i.a.i.s.r.s.CursorManager(createCursorInfoForStream):182 No cursor field set in catalog but not present in state. Stream: test_test_10_timestamp, New Cursor Field: id. Resetting cursor value"}}
{"type":"LOG","log":{"level":"INFO","message":"INFO i.a.w.i.DefaultAirbyteStreamFactory(internalLog):159 INFO i.a.i.s.r.s.CursorManager(createCursorInfoForStream):182 No cursor field set in catalog but not present in state. Stream: test_test_2_money, New Cursor Field: id. Resetting cursor value"}}
{"type":"LOG","log":{"level":"INFO","message":"INFO i.a.w.i.DefaultAirbyteStreamFactory(internalLog):159 INFO i.a.i.s.r.s.CursorManager(createCursorInfoForStream):182 No cursor field set in catalog but not present in state. Stream: test_test_1_inventory_item, New Cursor Field: id. Resetting cursor value"}}
{"type":"LOG","log":{"level":"INFO","message":"INFO i.a.w.i.DefaultAirbyteStreamFactory(internalLog):159 INFO i.a.i.s.r.s.CursorManager(createCursorInfoForStream):182 No cursor field set in catalog but not present in state. Stream: test_test_1_timetz_array, New Cursor Field: id. Resetting cursor value"}}
{"type":"LOG","log":{"level":"INFO","message":"INFO i.a.w.i.DefaultAirbyteStreamFactory(internalLog):159 INFO i.a.i.s.r.s.CursorManager(createCursorInfoForStream):182 No cursor field set in catalog but not present in state. Stream: test_test_2_varchar_array, New Cursor Field: id. Resetting cursor value"}}
{"type":"LOG","log":{"level":"INFO","message":"INFO i.a.w.i.DefaultAirbyteStreamFactory(internalLog):159 INFO i.a.i.s.r.s.CursorManager(createCursorInfoForStream):182 No cursor field set in catalog but not present in state. Stream: test_test_1_bit, New Cursor Field: id. Resetting cursor value"}}
{"type":"LOG","log":{"level":"INFO","message":"INFO i.a.w.i.DefaultAirbyteStreamFactory(internalLog):159 INFO i.a.i.s.r.s.CursorManager(createCursorInfoForStream):182 No cursor field set in catalog but not present in state. Stream: test_test_2_macaddr8, New Cursor Field: id. Resetting cursor value"}}
{"type":"LOG","log":{"level":"INFO","message":"INFO i.a.w.i.DefaultAirbyteStreamFactory(internalLog):159 INFO i.a.i.s.r.s.CursorManager(createCursorInfoForStream):182 No cursor field set in catalog but not present in state. Stream: test_test_1_numeric, New Cursor Field: id. Resetting cursor value"}}
{"type":"LOG","log":{"level":"INFO","message":"INFO i.a.w.i.DefaultAirbyteStreamFactory(internalLog):159 INFO i.a.i.s.r.s.CursorManager(createCursorInfoForStream):182 No cursor field set in catalog but not present in state. Stream: test_test_2_tsrange, New Cursor Field: id. Resetting cursor value"}}
{"type":"LOG","log":{"level":"INFO","message":"INFO i.a.w.i.DefaultAirbyteStreamFactory(internalLog):159 INFO i.a.i.s.r.s.CursorManager(createCursorInfoForStream):182 No cursor field set in catalog but not present in state. Stream: test_test_1_float4, New Cursor Field: id. Resetting cursor value"}}
{"type":"LOG","log":{"level":"INFO","message":"INFO i.a.w.i.DefaultAirbyteStreamFactory(internalLog):159 INFO i.a.i.s.r.s.CursorManager(createCursorInfoForStream):182 No cursor field set in catalog but not present in state. Stream: test_test_1_pg_lsn, New Cursor Field: id. Resetting cursor value"}}
{"type":"LOG","log":{"level":"INFO","message":"INFO i.a.w.i.DefaultAirbyteStreamFactory(internalLog):159 INFO i.a.i.s.r.s.CursorManager(createCursorInfoForStream):182 No cursor field set in catalog but not present in state. Stream: test_test_1_point, New Cursor Field: id. Resetting cursor value"}}
{"type":"LOG","log":{"level":"INFO","message":"INFO i.a.w.i.DefaultAirbyteStreamFactory(internalLog):159 INFO i.a.i.s.r.s.CursorManager(createCursorInfoForStream):182 No cursor field set in catalog but not present in state. Stream: test_test_1_path, New Cursor Field: id. Resetting cursor value"}}
{"type":"LOG","log":{"level":"INFO","message":"INFO i.a.w.i.DefaultAirbyteStreamFactory(internalLog):159 INFO i.a.i.s.r.s.CursorManager(createCursorInfoForStream):182 No cursor field set in catalog but not present in state. Stream: test_test_2_point, New Cursor Field: id. Resetting cursor value"}}
{"type":"LOG","log":{"level":"INFO","message":"INFO i.a.w.i.DefaultAirbyteStreamFactory(internalLog):159 INFO i.a.i.s.r.s.CursorManager(createCursorInfoForStream):182 No cursor field set in catalog but not present in state. Stream: test_test_2_bigserial, New Cursor Field: id. Resetting cursor value"}}
{"type":"LOG","log":{"level":"INFO","message":"INFO i.a.w.i.DefaultAirbyteStreamFactory(internalLog):159 INFO i.a.i.s.r.s.CursorManager(createCursorInfoForStream):182 No cursor field set in catalog but not present in state. Stream: test_test_1_serial, New Cursor Field: id. Resetting cursor value"}}
{"type":"LOG","log":{"level":"INFO","message":"INFO i.a.w.i.DefaultAirbyteStreamFactory(internalLog):159 INFO i.a.i.s.r.s.CursorManager(createCursorInfoForStream):182 No cursor field set in catalog but not present in state. Stream: test_test_2_xml, New Cursor Field: id. Resetting cursor value"}}
{"type":"LOG","log":{"level":"INFO","message":"INFO i.a.w.i.DefaultAirbyteStreamFactory(internalLog):159 INFO i.a.i.s.r.s.CursorManager(createCursorInfoForStream):182 No cursor field set in catalog but not present in state. Stream: test_test_1_xml, New Cursor Field: id. Resetting cursor value"}}
{"type":"LOG","log":{"level":"INFO","message":"INFO i.a.w.i.DefaultAirbyteStreamFactory(internalLog):159 INFO i.a.i.s.r.s.CursorManager(createCursorInfoForStream):182 No cursor field set in catalog but not present in state. Stream: test_test_1_interval, New Cursor Field: id. Resetting cursor value"}}
{"type":"LOG","log":{"level":"INFO","message":"INFO i.a.w.i.DefaultAirbyteStreamFactory(internalLog):159 INFO i.a.i.s.r.s.CursorManager(createCursorInfoForStream):182 No cursor field set in catalog but not present in state. Stream: test_test_2_oid_array, New Cursor Field: id. Resetting cursor value"}}
{"type":"LOG","log":{"level":"INFO","message":"INFO i.a.w.i.DefaultAirbyteStreamFactory(internalLog):159 INFO i.a.i.s.r.s.CursorManager(createCursorInfoForStream):182 No cursor field set in catalog but not present in state. Stream: test_test_1_time, New Cursor Field: id. Resetting cursor value"}}
{"type":"LOG","log":{"level":"INFO","message":"INFO i.a.w.i.DefaultAirbyteStreamFactory(internalLog):159 INFO i.a.i.s.r.s.CursorManager(createCursorInfoForStream):182 No cursor field set in catalog but not present in state. Stream: test_test_1_char_array, New Cursor Field: id. Resetting cursor value"}}
{"type":"LOG","log":{"level":"INFO","message":"INFO i.a.w.i.DefaultAirbyteStreamFactory(internalLog):159 INFO i.a.i.s.r.s.CursorManager(createCursorInfoForStream):182 No cursor field set in catalog but not present in state. Stream: test_test_2_lseg, New Cursor Field: id. Resetting cursor value"}}
{"type":"LOG","log":{"level":"INFO","message":"INFO i.a.w.i.DefaultAirbyteStreamFactory(internalLog):159 INFO i.a.i.s.r.s.CursorManager(createCursorInfoForStream):182 No cursor field set in catalog but not present in state. Stream: test_test_6_timestamp, New Cursor Field: id. Resetting cursor value"}}
{"type":"LOG","log":{"level":"INFO","message":"INFO i.a.w.i.DefaultAirbyteStreamFactory(internalLog):159 INFO i.a.i.s.r.s.CursorManager(createCursorInfoForStream):182 No cursor field set in catalog but not present in state. Stream: test_test_1_float4_array, New Cursor Field: id. Resetting cursor value"}}
{"type":"LOG","log":{"level":"INFO","message":"INFO i.a.w.i.DefaultAirbyteStreamFactory(internalLog):159 INFO i.a.i.s.r.s.CursorManager(createCursorInfoForStream):182 No cursor field set in catalog but not present in state. Stream: test_test_1_text, New Cursor Field: id. Resetting cursor value"}}
{"type":"LOG","log":{"level":"INFO","message":"INFO i.a.w.i.DefaultAirbyteStreamFactory(internalLog):159 INFO i.a.i.s.r.s.CursorManager(createCursorInfoForStream):182 No cursor field set in catalog but not present in state. Stream: test_test_16_timestamp, New Cursor Field: id. Resetting cursor value"}}
{"type":"LOG","log":{"level":"INFO","message":"INFO i.a.w.i.DefaultAirbyteStreamFactory(internalLog):159 INFO i.a.i.s.r.s.CursorManager(createCursorInfoForStream):182 No cursor field set in catalog but not present in state. Stream: test_test_1_decimal, New Cursor Field: id. Resetting cursor value"}}
{"type":"LOG","log":{"level":"INFO","message":"INFO i.a.w.i.DefaultAirbyteStreamFactory(internalLog):159 INFO i.a.i.s.r.s.CursorManager(createCursorInfoForStream):182 No cursor field set in catalog but not present in state. Stream: test_test_3_bit, New Cursor Field: id. Resetting cursor value"}}
{"type":"LOG","log":{"level":"INFO","message":"INFO i.a.w.i.DefaultAirbyteStreamFactory(internalLog):159 INFO i.a.i.s.r.s.CursorManager(createCursorInfoForStream):182 No cursor field set in catalog but not present in state. Stream: test_test_1_macaddr, New Cursor Field: id. Resetting cursor value"}}
{"type":"LOG","log":{"level":"INFO","message":"INFO i.a.w.i.DefaultAirbyteStreamFactory(internalLog):159 INFO i.a.i.s.r.s.CursorManager(createCursorInfoForStream):182 No cursor field set in catalog but not present in state. Stream: test_test_1_text_array, New Cursor Field: id. Resetting cursor value"}}
{"type":"LOG","log":{"level":"INFO","message":"INFO i.a.w.i.DefaultAirbyteStreamFactory(internalLog):159 INFO i.a.i.s.r.s.CursorManager(createCursorInfoForStream):182 No cursor field set in catalog but not present in state. Stream: test_test_3_timetz, New Cursor Field: id. Resetting cursor value"}}
{"type":"LOG","log":{"level":"INFO","message":"INFO i.a.w.i.DefaultAirbyteStreamFactory(internalLog):159 INFO i.a.i.s.r.s.CursorManager(createCursorInfoForStream):182 No cursor field set in catalog but not present in state. Stream: test_test_1_char, New Cursor Field: id. Resetting cursor value"}}
{"type":"LOG","log":{"level":"INFO","message":"INFO i.a.w.i.DefaultAirbyteStreamFactory(internalLog):159 INFO i.a.i.s.r.s.CursorManager(createCursorInfoForStream):182 No cursor field set in catalog but not present in state. Stream: test_test_1_double_precision, New Cursor Field: id. Resetting cursor value"}}
{"type":"LOG","log":{"level":"INFO","message":"INFO i.a.w.i.DefaultAirbyteStreamFactory(internalLog):159 INFO i.a.i.s.r.s.CursorManager(createCursorInfoForStream):182 No cursor field set in catalog but not present in state. Stream: test_test_14_timestamp, New Cursor Field: id. Resetting cursor value"}}
{"type":"LOG","log":{"level":"INFO","message":"INFO i.a.w.i.DefaultAirbyteStreamFactory(internalLog):159 INFO i.a.i.s.r.s.CursorManager(createCursorInfoForStream):182 No cursor field set in catalog but not present in state. Stream: test_test_3_varchar, New Cursor Field: id. Resetting cursor value"}}
{"type":"LOG","log":{"level":"INFO","message":"INFO i.a.w.i.DefaultAirbyteStreamFactory(internalLog):159 INFO i.a.i.s.r.s.CursorManager(createCursorInfoForStream):182 No cursor field set in catalog but not present in state. Stream: test_test_1_int2_array, New Cursor Field: id. Resetting cursor value"}}
{"type":"LOG","log":{"level":"INFO","message":"INFO i.a.w.i.DefaultAirbyteStreamFactory(internalLog):159 INFO i.a.i.s.r.s.CursorManager(createCursorInfoForStream):182 No cursor field set in catalog but not present in state. Stream: test_test_1_numeric_array, New Cursor Field: id. Resetting cursor value"}}
{"type":"LOG","log":{"level":"INFO","message":"INFO i.a.w.i.DefaultAirbyteStreamFactory(internalLog):159 INFO i.a.i.s.r.s.CursorManager(createCursorInfoForStream):182 No cursor field set in catalog but not present in state. Stream: test_test_1_date_array, New Cursor Field: id. Resetting cursor value"}}
{"type":"LOG","log":{"level":"INFO","message":"INFO i.a.w.i.DefaultAirbyteStreamFactory(internalLog):159 INFO i.a.i.s.r.s.CursorManager(createCursorInfoForStream):182 No cursor field set in catalog but not present in state. Stream: test_test_2_bit, New Cursor Field: id. Resetting cursor value"}}
{"type":"LOG","log":{"level":"INFO","message":"INFO i.a.w.i.DefaultAirbyteStreamFactory(internalLog):159 INFO i.a.i.s.r.s.CursorManager(createCursorInfoForStream):182 No cursor field set in catalog but not present in state. Stream: test_test_2_bit_array, New Cursor Field: id. Resetting cursor value"}}
{"type":"LOG","log":{"level":"INFO","message":"INFO i.a.w.i.DefaultAirbyteStreamFactory(internalLog):159 INFO i.a.i.s.r.s.CursorManager(createCursorInfoForStream):182 No cursor field set in catalog but not present in state. Stream: test_test_1_serial4, New Cursor Field: id. Resetting cursor value"}}
{"type":"LOG","log":{"level":"INFO","message":"INFO i.a.w.i.DefaultAirbyteStreamFactory(internalLog):159 INFO i.a.i.s.r.s.CursorManager(createCursorInfoForStream):182 No cursor field set in catalog but not present in state. Stream: test_test_5_numeric_array, New Cursor Field: id. Resetting cursor value"}}
{"type":"LOG","log":{"level":"INFO","message":"INFO i.a.w.i.DefaultAirbyteStreamFactory(internalLog):159 INFO i.a.i.s.r.s.CursorManager(createCursorInfoForStream):182 No cursor field set in catalog but not present in state. Stream: test_test_2_text, New Cursor Field: id. Resetting cursor value"}}
{"type":"LOG","log":{"level":"INFO","message":"INFO i.a.w.i.DefaultAirbyteStreamFactory(internalLog):159 INFO i.a.i.s.r.s.CursorManager(createCursorInfoForStream):182 No cursor field set in catalog but not present in state. Stream: test_test_1_float8, New Cursor Field: id. Resetting cursor value"}}
{"type":"LOG","log":{"level":"INFO","message":"INFO i.a.w.i.DefaultAirbyteStreamFactory(internalLog):159 INFO i.a.i.s.r.s.CursorManager(createCursorInfoForStream):182 No cursor field set in catalog but not present in state. Stream: test_test_2_decimal_array, New Cursor Field: id. Resetting cursor value"}}
{"type":"LOG","log":{"level":"INFO","message":"INFO i.a.w.i.DefaultAirbyteStreamFactory(internalLog):159 INFO i.a.i.s.r.s.CursorManager(createCursorInfoForStream):182 No cursor field set in catalog but not present in state. Stream: test_test_8_timestamp, New Cursor Field: id. Resetting cursor value"}}
{"type":"LOG","log":{"level":"INFO","message":"INFO i.a.w.i.DefaultAirbyteStreamFactory(internalLog):159 INFO i.a.i.s.r.s.CursorManager(createCursorInfoForStream):182 No cursor field set in catalog but not present in state. Stream: test_test_2_char, New Cursor Field: id. Resetting cursor value"}}
{"type":"LOG","log":{"level":"INFO","message":"INFO i.a.w.i.DefaultAirbyteStreamFactory(internalLog):159 INFO i.a.i.s.r.s.CursorManager(createCursorInfoForStream):182 No cursor field set in catalog but not present in state. Stream: test_test_1_timestamptz, New Cursor Field: id. Resetting cursor value"}}
{"type":"LOG","log":{"level":"INFO","message":"INFO i.a.w.i.DefaultAirbyteStreamFactory(internalLog):159 INFO i.a.i.s.r.s.CursorManager(createCursorInfoForStream):182 No cursor field set in catalog but not present in state. Stream: test_test_12_timestamp, New Cursor Field: id. Resetting cursor value"}}
{"type":"LOG","log":{"level":"INFO","message":"INFO i.a.w.i.DefaultAirbyteStreamFactory(internalLog):159 INFO i.a.i.s.r.s.CursorManager(createCursorInfoForStream):182 No cursor field set in catalog but not present in state. Stream: test_test_1_jsonb, New Cursor Field: id. Resetting cursor value"}}
{"type":"LOG","log":{"level":"INFO","message":"INFO i.a.w.i.DefaultAirbyteStreamFactory(internalLog):159 INFO i.a.i.s.r.s.CursorManager(createCursorInfoForStream):182 No cursor field set in catalog but not present in state. Stream: test_test_7_numeric, New Cursor Field: id. Resetting cursor value"}}
{"type":"LOG","log":{"level":"INFO","message":"INFO i.a.w.i.DefaultAirbyteStreamFactory(internalLog):159 INFO i.a.i.s.r.s.CursorManager(createCursorInfoForStream):182 No cursor field set in catalog but not present in state. Stream: test_test_2_float4_array, New Cursor Field: id. Resetting cursor value"}}
{"type":"LOG","log":{"level":"INFO","message":"INFO i.a.w.i.DefaultAirbyteStreamFactory(internalLog):159 INFO i.a.i.s.r.s.CursorManager(createCursorInfoForStream):182 No cursor field set in catalog but not present in state. Stream: test_test_2_time, New Cursor Field: id. Resetting cursor value"}}
{"type":"LOG","log":{"level":"INFO","message":"INFO i.a.w.i.DefaultAirbyteStreamFactory(internalLog):159 INFO i.a.i.s.r.s.CursorManager(createCursorInfoForStream):182 No cursor field set in catalog but not present in state. Stream: test_test_2_float8_array, New Cursor Field: id. Resetting cursor value"}}
{"type":"LOG","log":{"level":"INFO","message":"INFO i.a.w.i.DefaultAirbyteStreamFactory(internalLog):159 INFO i.a.i.s.r.s.CursorManager(createCursorInfoForStream):182 No cursor field set in catalog but not present in state. Stream: test_test_1_money_array, New Cursor Field: id. Resetting cursor value"}}
{"type":"LOG","log":{"level":"INFO","message":"INFO i.a.w.i.DefaultAirbyteStreamFactory(internalLog):159 INFO i.a.i.s.r.s.CursorManager(createCursorInfoForStream):182 No cursor field set in catalog but not present in state. Stream: test_test_1_oid_array, New Cursor Field: id. Resetting cursor value"}}
{"type":"LOG","log":{"level":"INFO","message":"INFO i.a.w.i.DefaultAirbyteStreamFactory(internalLog):159 INFO i.a.i.s.r.s.CursorManager(createCursorInfoForStream):182 No cursor field set in catalog but not present in state. Stream: test_test_4_timestamptz, New Cursor Field: id. Resetting cursor value"}}
{"type":"LOG","log":{"level":"INFO","message":"INFO i.a.w.i.DefaultAirbyteStreamFactory(internalLog):159 INFO i.a.i.s.r.s.CursorManager(createCursorInfoForStream):182 No cursor field set in catalog but not present in state. Stream: test_test_2_int2, New Cursor Field: id. Resetting cursor value"}}
{"type":"LOG","log":{"level":"INFO","message":"INFO i.a.w.i.DefaultAirbyteStreamFactory(internalLog):159 INFO i.a.i.s.r.s.CursorManager(createCursorInfoForStream):182 No cursor field set in catalog but not present in state. Stream: test_test_3_char, New Cursor Field: id. Resetting cursor value"}}
{"type":"LOG","log":{"level":"INFO","message":"INFO i.a.w.i.DefaultAirbyteStreamFactory(internalLog):159 INFO i.a.i.s.r.s.CursorManager(createCursorInfoForStream):182 No cursor field set in catalog but not present in state. Stream: test_test_1_lseg, New Cursor Field: id. Resetting cursor value"}}
{"type":"LOG","log":{"level":"INFO","message":"INFO i.a.w.i.DefaultAirbyteStreamFactory(internalLog):159 INFO i.a.i.s.r.s.CursorManager(createCursorInfoForStream):182 No cursor field set in catalog but not present in state. Stream: test_test_2_serial2, New Cursor Field: id. Resetting cursor value"}}
{"type":"LOG","log":{"level":"INFO","message":"INFO i.a.w.i.DefaultAirbyteStreamFactory(internalLog):159 INFO i.a.i.s.r.s.CursorManager(createCursorInfoForStream):182 No cursor field set in catalog but not present in state. Stream: test_test_3_numeric, New Cursor Field: id. Resetting cursor value"}}
{"type":"LOG","log":{"level":"INFO","message":"INFO i.a.w.i.DefaultAirbyteStreamFactory(internalLog):159 INFO i.a.i.s.r.s.CursorManager(createCursorInfoForStream):182 No cursor field set in catalog but not present in state. Stream: test_test_1_character, New Cursor Field: id. Resetting cursor value"}}
{"type":"LOG","log":{"level":"INFO","message":"INFO i.a.w.i.DefaultAirbyteStreamFactory(internalLog):159 INFO i.a.i.s.r.s.CursorManager(createCursorInfoForStream):182 No cursor field set in catalog but not present in state. Stream: test_test_1_bigint, New Cursor Field: id. Resetting cursor value"}}
{"type":"LOG","log":{"level":"INFO","message":"INFO i.a.w.i.DefaultAirbyteStreamFactory(internalLog):159 INFO i.a.i.s.r.s.CursorManager(createCursorInfoForStream):182 No cursor field set in catalog but not present in state. Stream: test_test_2_timetz_array, New Cursor Field: id. Resetting cursor value"}}
{"type":"LOG","log":{"level":"INFO","message":"INFO i.a.w.i.DefaultAirbyteStreamFactory(internalLog):159 INFO i.a.i.s.r.s.CursorManager(createCursorInfoForStream):182 No cursor field set in catalog but not present in state. Stream: test_test_1_bool, New Cursor Field: id. Resetting cursor value"}}
{"type":"LOG","log":{"level":"INFO","message":"INFO i.a.w.i.DefaultAirbyteStreamFactory(internalLog):159 INFO i.a.i.s.r.s.CursorManager(createCursorInfoForStream):182 No cursor field set in catalog but not present in state. Stream: test_test_2_date, New Cursor Field: id. Resetting cursor value"}}
{"type":"LOG","log":{"level":"INFO","message":"INFO i.a.w.i.DefaultAirbyteStreamFactory(internalLog):159 INFO i.a.i.s.r.s.CursorManager(createCursorInfoForStream):182 No cursor field set in catalog but not present in state. Stream: test_test_2_character, New Cursor Field: id. Resetting cursor value"}}
{"type":"LOG","log":{"level":"INFO","message":"INFO i.a.w.i.DefaultAirbyteStreamFactory(internalLog):159 INFO i.a.i.s.r.s.CursorManager(createCursorInfoForStream):182 No cursor field set in catalog but not present in state. Stream: test_test_1_polygon, New Cursor Field: id. Resetting cursor value"}}
{"type":"LOG","log":{"level":"INFO","message":"INFO i.a.w.i.DefaultAirbyteStreamFactory(internalLog):159 INFO i.a.i.s.r.s.CursorManager(createCursorInfoForStream):182 No cursor field set in catalog but not present in state. Stream: test_test_1_integer, New Cursor Field: id. Resetting cursor value"}}
{"type":"LOG","log":{"level":"INFO","message":"INFO i.a.w.i.DefaultAirbyteStreamFactory(internalLog):159 INFO i.a.i.s.r.s.CursorManager(createCursorInfoForStream):182 No cursor field set in catalog but not present in state. Stream: test_test_1_varchar_array, New Cursor Field: id. Resetting cursor value"}}
{"type":"LOG","log":{"level":"INFO","message":"INFO i.a.w.i.DefaultAirbyteStreamFactory(internalLog):159 INFO i.a.i.s.r.s.CursorManager(createCursorInfoForStream):182 No cursor field set in catalog but not present in state. Stream: test_test_1_int4, New Cursor Field: id. Resetting cursor value"}}
{"type":"LOG","log":{"level":"INFO","message":"INFO i.a.w.i.DefaultAirbyteStreamFactory(internalLog):159 INFO i.a.i.s.r.s.CursorManager(createCursorInfoForStream):182 No cursor field set in catalog but not present in state. Stream: test_test_5_decimal_array, New Cursor Field: id. Resetting cursor value"}}
{"type":"LOG","log":{"level":"INFO","message":"INFO i.a.w.i.DefaultAirbyteStreamFactory(internalLog):159 INFO i.a.i.s.r.s.CursorManager(createCursorInfoForStream):182 No cursor field set in catalog but not present in state. Stream: test_test_1_timestamp_array, New Cursor Field: id. Resetting cursor value"}}
{"type":"LOG","log":{"level":"INFO","message":"INFO i.a.w.i.DefaultAirbyteStreamFactory(internalLog):159 INFO i.a.i.s.r.s.CursorManager(createCursorInfoForStream):182 No cursor field set in catalog but not present in state. Stream: test_test_8_time, New Cursor Field: id. Resetting cursor value"}}
{"type":"LOG","log":{"level":"INFO","message":"INFO i.a.w.i.DefaultAirbyteStreamFactory(internalLog):159 INFO i.a.i.s.r.s.CursorManager(createCursorInfoForStream):182 No cursor field set in catalog but not present in state. Stream: test_test_2_path, New Cursor Field: id. Resetting cursor value"}}
{"type":"LOG","log":{"level":"INFO","message":"INFO i.a.w.i.DefaultAirbyteStreamFactory(internalLog):159 INFO i.a.i.s.r.s.CursorManager(createCursorInfoForStream):182 No cursor field set in catalog but not present in state. Stream: test_test_2_double_precision, New Cursor Field: id. Resetting cursor value"}}
{"type":"LOG","log":{"level":"INFO","message":"INFO i.a.w.i.DefaultAirbyteStreamFactory(internalLog):159 INFO i.a.i.s.r.s.CursorManager(createCursorInfoForStream):182 No cursor field set in catalog but not present in state. Stream: test_test_4_char, New Cursor Field: id. Resetting cursor value"}}
{"type":"LOG","log":{"level":"INFO","message":"INFO i.a.w.i.DefaultAirbyteStreamFactory(internalLog):159 INFO i.a.i.s.r.s.CursorManager(createCursorInfoForStream):182 No cursor field set in catalog but not present in state. Stream: test_test_1_tsrange, New Cursor Field: id. Resetting cursor value"}}
{"type":"LOG","log":{"level":"INFO","message":"INFO i.a.w.i.DefaultAirbyteStreamFactory(internalLog):159 INFO i.a.i.s.r.s.CursorManager(createCursorInfoForStream):182 No cursor field set in catalog but not present in state. Stream: test_test_2_bpchar_array, New Cursor Field: id. Resetting cursor value"}}
{"type":"LOG","log":{"level":"INFO","message":"INFO i.a.w.i.DefaultAirbyteStreamFactory(internalLog):159 INFO i.a.i.s.r.s.CursorManager(createCursorInfoForStream):182 No cursor field set in catalog but not present in state. Stream: test_test_6_decimal_array, New Cursor Field: id. Resetting cursor value"}}
{"type":"LOG","log":{"level":"INFO","message":"INFO i.a.w.i.DefaultAirbyteStreamFactory(internalLog):159 INFO i.a.i.s.r.s.CursorManager(createCursorInfoForStream):182 No cursor field set in catalog but not present in state. Stream: test_test_8_numeric, New Cursor Field: id. Resetting cursor value"}}
{"type":"LOG","log":{"level":"INFO","message":"INFO i.a.w.i.DefaultAirbyteStreamFactory(internalLog):159 INFO i.a.i.s.r.s.CursorManager(createCursorInfoForStream):182 No cursor field set in catalog but not present in state. Stream: test_test_2_money_array, New Cursor Field: id. Resetting cursor value"}}
{"type":"LOG","log":{"level":"INFO","message":"INFO i.a.w.i.DefaultAirbyteStreamFactory(internalLog):159 INFO i.a.i.s.r.s.CursorManager(createCursorInfoForStream):182 No cursor field set in catalog but not present in state. Stream: test_test_2_bytea, New Cursor Field: id. Resetting cursor value"}}
{"type":"LOG","log":{"level":"INFO","message":"INFO i.a.w.i.DefaultAirbyteStreamFactory(internalLog):159 INFO i.a.i.s.r.s.CursorManager(createCursorInfoForStream):182 No cursor field set in catalog but not present in state. Stream: test_test_2_timestamp_array, New Cursor Field: id. Resetting cursor value"}}
{"type":"LOG","log":{"level":"INFO","message":"INFO i.a.w.i.DefaultAirbyteStreamFactory(internalLog):159 INFO i.a.i.s.r.s.CursorManager(createCursorInfoForStream):182 No cursor field set in catalog but not present in state. Stream: test_test_2_line, New Cursor Field: id. Resetting cursor value"}}
{"type":"LOG","log":{"level":"INFO","message":"INFO i.a.w.i.DefaultAirbyteStreamFactory(internalLog):159 INFO i.a.i.s.r.s.CursorManager(createCursorInfoForStream):182 No cursor field set in catalog but not present in state. Stream: test_test_6_numeric_array, New Cursor Field: id. Resetting cursor value"}}
{"type":"LOG","log":{"level":"INFO","message":"INFO i.a.w.i.DefaultAirbyteStreamFactory(internalLog):159 INFO i.a.i.s.r.s.CursorManager(createCursorInfoForStream):182 No cursor field set in catalog but not present in state. Stream: test_test_2_int4, New Cursor Field: id. Resetting cursor value"}}
{"type":"LOG","log":{"level":"INFO","message":"INFO i.a.w.i.DefaultAirbyteStreamFactory(internalLog):159 INFO i.a.i.s.r.s.CursorManager(createCursorInfoForStream):182 No cursor field set in catalog but not present in state. Stream: test_test_1_tsquery, New Cursor Field: id. Resetting cursor value"}}
{"type":"LOG","log":{"level":"INFO","message":"INFO i.a.w.i.DefaultAirbyteStreamFactory(internalLog):159 INFO i.a.i.s.r.s.CursorManager(createCursorInfoForStream):182 No cursor field set in catalog but not present in state. Stream: test_test_2_serial4, New Cursor Field: id. Resetting cursor value"}}
{"type":"LOG","log":{"level":"INFO","message":"INFO i.a.w.i.DefaultAirbyteStreamFactory(internalLog):159 INFO i.a.i.s.r.s.CursorManager(createCursorInfoForStream):182 No cursor field set in catalog but not present in state. Stream: test_test_3_time, New Cursor Field: id. Resetting cursor value"}}
{"type":"LOG","log":{"level":"INFO","message":"INFO i.a.w.i.DefaultAirbyteStreamFactory(internalLog):159 INFO i.a.i.s.r.s.CursorManager(createCursorInfoForStream):182 No cursor field set in catalog but not present in state. Stream: test_test_2_timestamp, New Cursor Field: id. Resetting cursor value"}}
{"type":"LOG","log":{"level":"INFO","message":"INFO i.a.w.i.DefaultAirbyteStreamFactory(internalLog):159 INFO i.a.i.s.r.s.CursorManager(createCursorInfoForStream):182 No cursor field set in catalog but not present in state. Stream: test_test_2_macaddr, New Cursor Field: id. Resetting cursor value"}}
{"type":"LOG","log":{"level":"INFO","message":"INFO i.a.w.i.DefaultAirbyteStreamFactory(internalLog):159 INFO i.a.i.s.r.s.CursorManager(createCursorInfoForStream):182 No cursor field set in catalog but not present in state. Stream: test_test_1_smallserial, New Cursor Field: id. Resetting cursor value"}}
{"type":"LOG","log":{"level":"INFO","message":"INFO i.a.w.i.DefaultAirbyteStreamFactory(internalLog):159 INFO i.a.i.s.r.s.CursorManager(createCursorInfoForStream):182 No cursor field set in catalog but not present in state. Stream: test_test_2_timestamptz_array, New Cursor Field: id. Resetting cursor value"}}
{"type":"LOG","log":{"level":"INFO","message":"INFO i.a.w.i.DefaultAirbyteStreamFactory(internalLog):159 INFO i.a.i.s.r.s.CursorManager(createCursorInfoForStream):182 No cursor field set in catalog but not present in state. Stream: test_test_2_timestamptz, New Cursor Field: id. Resetting cursor value"}}
{"type":"LOG","log":{"level":"INFO","message":"INFO i.a.w.i.DefaultAirbyteStreamFactory(internalLog):159 INFO i.a.i.s.r.s.CursorManager(createCursorInfoForStream):182 No cursor field set in catalog but not present in state. Stream: test_test_1_line, New Cursor Field: id. Resetting cursor value"}}
{"type":"LOG","log":{"level":"INFO","message":"INFO i.a.w.i.DefaultAirbyteStreamFactory(internalLog):159 INFO i.a.i.s.r.s.CursorManager(createCursorInfoForStream):182 No cursor field set in catalog but not present in state. Stream: test_test_1_bigserial, New Cursor Field: id. Resetting cursor value"}}
{"type":"LOG","log":{"level":"INFO","message":"INFO i.a.w.i.DefaultAirbyteStreamFactory(internalLog):159 INFO i.a.i.s.r.s.CursorManager(createCursorInfoForStream):182 No cursor field set in catalog but not present in state. Stream: test_test_4_bit, New Cursor Field: id. Resetting cursor value"}}
{"type":"LOG","log":{"level":"INFO","message":"INFO i.a.w.i.DefaultAirbyteStreamFactory(internalLog):159 INFO i.a.i.s.r.s.CursorManager(createCursorInfoForStream):182 No cursor field set in catalog but not present in state. Stream: test_test_1_date, New Cursor Field: id. Resetting cursor value"}}
{"type":"LOG","log":{"level":"INFO","message":"INFO i.a.w.i.DefaultAirbyteStreamFactory(internalLog):159 INFO i.a.i.s.r.s.CursorManager(createCursorInfoForStream):182 No cursor field set in catalog but not present in state. Stream: test_test_4_numeric_array, New Cursor Field: id. Resetting cursor value"}}
{"type":"LOG","log":{"level":"INFO","message":"INFO i.a.w.i.DefaultAirbyteStreamFactory(internalLog):159 INFO i.a.i.s.r.s.CursorManager(createCursorInfoForStream):182 No cursor field set in catalog but not present in state. Stream: test_test_2_varchar, New Cursor Field: id. Resetting cursor value"}}
{"type":"LOG","log":{"level":"INFO","message":"INFO i.a.w.i.DefaultAirbyteStreamFactory(internalLog):159 INFO i.a.i.s.r.s.CursorManager(createCursorInfoForStream):182 No cursor field set in catalog but not present in state. Stream: test_test_1_timestamp, New Cursor Field: id. Resetting cursor value"}}
{"type":"LOG","log":{"level":"INFO","message":"INFO i.a.w.i.DefaultAirbyteStreamFactory(internalLog):159 INFO i.a.i.s.r.s.CursorManager(createCursorInfoForStream):182 No cursor field set in catalog but not present in state. Stream: test_test_9_time, New Cursor Field: id. Resetting cursor value"}}
{"type":"LOG","log":{"level":"INFO","message":"INFO i.a.w.i.DefaultAirbyteStreamFactory(internalLog):159 INFO i.a.i.s.r.s.CursorManager(createCursorInfoForStream):182 No cursor field set in catalog but not present in state. Stream: test_test_1_float, New Cursor Field: id. Resetting cursor value"}}
{"type":"LOG","log":{"level":"INFO","message":"INFO i.a.w.i.DefaultAirbyteStreamFactory(internalLog):159 INFO i.a.i.s.r.s.CursorManager(createCursorInfoForStream):182 No cursor field set in catalog but not present in state. Stream: test_test_1_money, New Cursor Field: id. Resetting cursor value"}}
{"type":"LOG","log":{"level":"INFO","message":"INFO i.a.w.i.DefaultAirbyteStreamFactory(internalLog):159 INFO i.a.i.s.r.s.CursorManager(createCursorInfoForStream):182 No cursor field set in catalog but not present in state. Stream: test_test_2_bool, New Cursor Field: id. Resetting cursor value"}}
{"type":"LOG","log":{"level":"INFO","message":"INFO i.a.w.i.DefaultAirbyteStreamFactory(internalLog):159 INFO i.a.i.s.r.s.CursorManager(createCursorInfoForStream):182 No cursor field set in catalog but not present in state. Stream: test_test_3_date, New Cursor Field: id. Resetting cursor value"}}
{"type":"LOG","log":{"level":"INFO","message":"INFO i.a.w.i.DefaultAirbyteStreamFactory(internalLog):159 INFO i.a.i.s.r.s.CursorManager(createCursorInfoForStream):182 No cursor field set in catalog but not present in state. Stream: test_test_13_timestamp, New Cursor Field: id. Resetting cursor value"}}
{"type":"LOG","log":{"level":"INFO","message":"INFO i.a.w.i.DefaultAirbyteStreamFactory(internalLog):159 INFO i.a.i.s.r.s.CursorManager(createCursorInfoForStream):182 No cursor field set in catalog but not present in state. Stream: test_test_2_mood, New Cursor Field: id. Resetting cursor value"}}
{"type":"LOG","log":{"level":"INFO","message":"INFO i.a.w.i.DefaultAirbyteStreamFactory(internalLog):159 INFO i.a.i.s.r.s.CursorManager(createCursorInfoForStream):182 No cursor field set in catalog but not present in state. Stream: test_test_1_json, New Cursor Field: id. Resetting cursor value"}}
{"type":"LOG","log":{"level":"INFO","message":"INFO i.a.w.i.DefaultAirbyteStreamFactory(internalLog):159 INFO i.a.i.s.r.s.CursorManager(createCursorInfoForStream):182 No cursor field set in catalog but not present in state. Stream: test_test_3_character, New Cursor Field: id. Resetting cursor value"}}
{"type":"LOG","log":{"level":"INFO","message":"INFO i.a.w.i.DefaultAirbyteStreamFactory(internalLog):159 INFO i.a.i.s.r.s.CursorManager(createCursorInfoForStream):182 No cursor field set in catalog but not present in state. Stream: test_test_1_box, New Cursor Field: id. Resetting cursor value"}}
{"type":"LOG","log":{"level":"INFO","message":"INFO i.a.w.i.DefaultAirbyteStreamFactory(internalLog):159 INFO i.a.i.s.r.s.CursorManager(createCursorInfoForStream):182 No cursor field set in catalog but not present in state. Stream: test_test_2_decimal, New Cursor Field: id. Resetting cursor value"}}
{"type":"LOG","log":{"level":"INFO","message":"INFO i.a.w.i.DefaultAirbyteStreamFactory(internalLog):159 INFO i.a.i.s.r.s.CursorManager(createCursorInfoForStream):182 No cursor field set in catalog but not present in state. Stream: test_test_2_timetz, New Cursor Field: id. Resetting cursor value"}}
{"type":"LOG","log":{"level":"INFO","message":"INFO i.a.w.i.DefaultAirbyteStreamFactory(internalLog):159 INFO i.a.i.s.r.s.CursorManager(createCursorInfoForStream):182 No cursor field set in catalog but not present in state. Stream: test_random_dummy_table, New Cursor Field: id. Resetting cursor value"}}
{"type":"LOG","log":{"level":"INFO","message":"INFO i.a.w.i.DefaultAirbyteStreamFactory(internalLog):159 INFO i.a.i.s.r.s.CursorManager(createCursorInfoForStream):182 No cursor field set in catalog but not present in state. Stream: test_test_3_timestamp, New Cursor Field: id. Resetting cursor value"}}
{"type":"LOG","log":{"level":"INFO","message":"INFO i.a.w.i.DefaultAirbyteStreamFactory(internalLog):159 INFO i.a.i.s.r.s.CursorManager(createCursorInfoForStream):182 No cursor field set in catalog but not present in state. Stream: test_test_10_numeric, New Cursor Field: id. Resetting cursor value"}}
{"type":"LOG","log":{"level":"INFO","message":"INFO i.a.w.i.DefaultAirbyteStreamFactory(internalLog):159 INFO i.a.i.s.r.s.CursorManager(createCursorInfoForStream):182 No cursor field set in catalog but not present in state. Stream: test_test_2_circle, New Cursor Field: id. Resetting cursor value"}}
{"type":"LOG","log":{"level":"INFO","message":"INFO i.a.w.i.DefaultAirbyteStreamFactory(internalLog):159 INFO i.a.i.s.r.s.CursorManager(createCursorInfoForStream):182 No cursor field set in catalog but not present in state. Stream: test_test_1_macaddr8, New Cursor Field: id. Resetting cursor value"}}
{"type":"LOG","log":{"level":"INFO","message":"INFO i.a.w.i.DefaultAirbyteStreamFactory(internalLog):159 INFO i.a.i.s.r.s.CursorManager(createCursorInfoForStream):182 No cursor field set in catalog but not present in state. Stream: test_test_2_float8, New Cursor Field: id. Resetting cursor value"}}
{"type":"LOG","log":{"level":"INFO","message":"INFO i.a.w.i.DefaultAirbyteStreamFactory(internalLog):159 INFO i.a.i.s.r.s.CursorManager(createCursorInfoForStream):182 No cursor field set in catalog but not present in state. Stream: test_test_1_inet, New Cursor Field: id. Resetting cursor value"}}
{"type":"LOG","log":{"level":"INFO","message":"INFO i.a.w.i.DefaultAirbyteStreamFactory(internalLog):159 INFO i.a.i.s.r.s.CursorManager(createCursorInfoForStream):182 No cursor field set in catalog but not present in state. Stream: test_test_2_bit_varying, New Cursor Field: id. Resetting cursor value"}}
{"type":"LOG","log":{"level":"INFO","message":"INFO i.a.w.i.DefaultAirbyteStreamFactory(internalLog):159 INFO i.a.i.s.r.s.CursorManager(createCursorInfoForStream):182 No cursor field set in catalog but not present in state. Stream: test_test_1_float8_array, New Cursor Field: id. Resetting cursor value"}}
{"type":"LOG","log":{"level":"INFO","message":"INFO i.a.w.i.DefaultAirbyteStreamFactory(internalLog):159 INFO i.a.i.s.r.s.CursorManager(createCursorInfoForStream):182 No cursor field set in catalog but not present in state. Stream: test_test_2_char_array, New Cursor Field: id. Resetting cursor value"}}
{"type":"LOG","log":{"level":"INFO","message":"INFO i.a.w.i.DefaultAirbyteStreamFactory(internalLog):159 INFO i.a.i.s.r.s.CursorManager(createCursorInfoForStream):182 No cursor field set in catalog but not present in state. Stream: test_test_2_text_array, New Cursor Field: id. Resetting cursor value"}}
{"type":"LOG","log":{"level":"INFO","message":"INFO i.a.w.i.DefaultAirbyteStreamFactory(internalLog):159 INFO i.a.i.s.r.s.CursorManager(createCursorInfoForStream):182 No cursor field set in catalog but not present in state. Stream: test_test_4_varchar, New Cursor Field: id. Resetting cursor value"}}
{"type":"LOG","log":{"level":"INFO","message":"INFO i.a.w.i.DefaultAirbyteStreamFactory(internalLog):159 INFO i.a.i.s.r.s.CursorManager(createCursorInfoForStream):182 No cursor field set in catalog but not present in state. Stream: test_test_1_bit_varying, New Cursor Field: id. Resetting cursor value"}}
{"type":"LOG","log":{"level":"INFO","message":"INFO i.a.w.i.DefaultAirbyteStreamFactory(internalLog):159 INFO i.a.i.s.r.s.CursorManager(createCursorInfoForStream):182 No cursor field set in catalog but not present in state. Stream: test_test_6_date, New Cursor Field: id. Resetting cursor value"}}
{"type":"LOG","log":{"level":"INFO","message":"INFO i.a.w.i.DefaultAirbyteStreamFactory(internalLog):159 INFO i.a.i.s.r.s.CursorManager(createCursorInfoForStream):182 No cursor field set in catalog but not present in state. Stream: test_test_2_int, New Cursor Field: id. Resetting cursor value"}}
{"type":"LOG","log":{"level":"INFO","message":"INFO i.a.w.i.DefaultAirbyteStreamFactory(internalLog):159 INFO i.a.i.s.r.s.CursorManager(createCursorInfoForStream):182 No cursor field set in catalog but not present in state. Stream: test_test_3_numeric_array, New Cursor Field: id. Resetting cursor value"}}
{"type":"LOG","log":{"level":"INFO","message":"INFO i.a.w.i.DefaultAirbyteStreamFactory(internalLog):159 INFO i.a.i.s.r.s.CursorManager(createCursorInfoForStream):182 No cursor field set in catalog but not present in state. Stream: test_test_2_uuid, New Cursor Field: id. Resetting cursor value"}}
{"type":"LOG","log":{"level":"INFO","message":"INFO i.a.w.i.DefaultAirbyteStreamFactory(internalLog):159 INFO i.a.i.s.r.s.CursorManager(createCursorInfoForStream):182 No cursor field set in catalog but not present in state. Stream: test_test_5_numeric, New Cursor Field: id. Resetting cursor value"}}
{"type":"LOG","log":{"level":"INFO","message":"INFO i.a.w.i.DefaultAirbyteStreamFactory(internalLog):159 INFO i.a.i.s.r.s.CursorManager(createCursorInfoForStream):182 No cursor field set in catalog but not present in state. Stream: test_test_2_inet, New Cursor Field: id. Resetting cursor value"}}
{"type":"LOG","log":{"level":"INFO","message":"INFO i.a.w.i.DefaultAirbyteStreamFactory(internalLog):159 INFO i.a.i.s.r.s.CursorManager(createCursorInfoForStream):182 No cursor field set in catalog but not present in state. Stream: test_test_2_boolean, New Cursor Field: id. Resetting cursor value"}}
{"type":"LOG","log":{"level":"INFO","message":"INFO i.a.w.i.DefaultAirbyteStreamFactory(internalLog):159 INFO i.a.i.s.r.s.CursorManager(createCursorInfoForStream):182 No cursor field set in catalog but not present in state. Stream: test_test_1_int, New Cursor Field: id. Resetting cursor value"}}
{"type":"LOG","log":{"level":"INFO","message":"INFO i.a.w.i.DefaultAirbyteStreamFactory(internalLog):159 INFO i.a.i.s.r.s.CursorManager(createCursorInfoForStream):182 No cursor field set in catalog but not present in state. Stream: test_test_2_smallint, New Cursor Field: id. Resetting cursor value"}}
{"type":"LOG","log":{"level":"INFO","message":"INFO i.a.w.i.DefaultAirbyteStreamFactory(internalLog):159 INFO i.a.i.s.r.s.CursorManager(createCursorInfoForStream):182 No cursor field set in catalog but not present in state. Stream: test_test_4_decimal_array, New Cursor Field: id. Resetting cursor value"}}
{"type":"LOG","log":{"level":"INFO","message":"INFO i.a.w.i.DefaultAirbyteStreamFactory(internalLog):159 INFO i.a.i.s.r.s.CursorManager(createCursorInfoForStream):182 No cursor field set in catalog but not present in state. Stream: test_test_2_pg_lsn, New Cursor Field: id. Resetting cursor value"}}
{"type":"LOG","log":{"level":"INFO","message":"INFO i.a.w.i.DefaultAirbyteStreamFactory(internalLog):159 INFO i.a.i.s.r.s.CursorManager(createCursorInfoForStream):182 No cursor field set in catalog but not present in state. Stream: test_test_2_float4, New Cursor Field: id. Resetting cursor value"}}
{"type":"LOG","log":{"level":"INFO","message":"INFO i.a.w.i.DefaultAirbyteStreamFactory(internalLog):159 INFO i.a.i.s.r.s.CursorManager(createCursorInfoForStream):182 No cursor field set in catalog but not present in state. Stream: test_test_7_time, New Cursor Field: id. Resetting cursor value"}}
{"type":"LOG","log":{"level":"INFO","message":"INFO i.a.w.i.DefaultAirbyteStreamFactory(internalLog):159 INFO i.a.i.s.r.s.CursorManager(createCursorInfoForStream):182 No cursor field set in catalog but not present in state. Stream: test_test_2_int2_array, New Cursor Field: id. Resetting cursor value"}}
{"type":"LOG","log":{"level":"INFO","message":"INFO i.a.w.i.DefaultAirbyteStreamFactory(internalLog):159 INFO i.a.i.s.r.s.CursorManager(createCursorInfoForStream):182 No cursor field set in catalog but not present in state. Stream: test_test_5_date, New Cursor Field: id. Resetting cursor value"}}
{"type":"LOG","log":{"level":"INFO","message":"INFO i.a.w.i.DefaultAirbyteStreamFactory(internalLog):159 INFO i.a.i.s.r.s.CursorManager(createCursorInfoForStream):182 No cursor field set in catalog but not present in state. Stream: test_test_7_timestamp, New Cursor Field: id. Resetting cursor value"}}
{"type":"LOG","log":{"level":"INFO","message":"INFO i.a.w.i.DefaultAirbyteStreamFactory(internalLog):159 INFO i.a.i.s.r.s.CursorManager(createCursorInfoForStream):182 No cursor field set in catalog but not present in state. Stream: test_test_2_date_array, New Cursor Field: id. Resetting cursor value"}}
{"type":"LOG","log":{"level":"INFO","message":"INFO i.a.w.i.DefaultAirbyteStreamFactory(internalLog):159 INFO i.a.i.s.r.s.CursorManager(createCursorInfoForStream):182 No cursor field set in catalog but not present in state. Stream: test_test_1_mood, New Cursor Field: id. Resetting cursor value"}}
{"type":"LOG","log":{"level":"INFO","message":"INFO i.a.w.i.DefaultAirbyteStreamFactory(internalLog):159 INFO i.a.i.s.r.s.CursorManager(createCursorInfoForStream):182 No cursor field set in catalog but not present in state. Stream: test_test_2_box, New Cursor Field: id. Resetting cursor value"}}
{"type":"LOG","log":{"level":"INFO","message":"INFO i.a.w.i.DefaultAirbyteStreamFactory(internalLog):159 INFO i.a.i.s.r.s.CursorManager(createCursorInfoForStream):182 No cursor field set in catalog but not present in state. Stream: test_test_2_hstore, New Cursor Field: id. Resetting cursor value"}}
{"type":"LOG","log":{"level":"INFO","message":"INFO i.a.w.i.DefaultAirbyteStreamFactory(internalLog):159 INFO i.a.i.s.r.s.CursorManager(createCursorInfoForStream):182 No cursor field set in catalog but not present in state. Stream: test_test_4_date, New Cursor Field: id. Resetting cursor value"}}
{"type":"LOG","log":{"level":"INFO","message":"INFO i.a.w.i.DefaultAirbyteStreamFactory(internalLog):159 INFO i.a.i.s.r.s.CursorManager(createCursorInfoForStream):182 No cursor field set in catalog but not present in state. Stream: test_test_9_timestamp, New Cursor Field: id. Resetting cursor value"}}
{"type":"LOG","log":{"level":"INFO","message":"INFO i.a.w.i.DefaultAirbyteStreamFactory(internalLog):159 INFO i.a.i.s.r.s.CursorManager(createCursorInfoForStream):182 No cursor field set in catalog but not present in state. Stream: test_test_2_smallserial, New Cursor Field: id. Resetting cursor value"}}
{"type":"LOG","log":{"level":"INFO","message":"INFO i.a.w.i.DefaultAirbyteStreamFactory(internalLog):159 INFO i.a.i.s.r.s.CursorManager(createCursorInfoForStream):182 No cursor field set in catalog but not present in state. Stream: test_test_1_uuid, New Cursor Field: id. Resetting cursor value"}}
{"type":"LOG","log":{"level":"INFO","message":"INFO i.a.w.i.DefaultAirbyteStreamFactory(internalLog):159 INFO i.a.i.s.r.s.CursorManager(createCursorInfoForStream):182 No cursor field set in catalog but not present in state. Stream: test_test_11_timestamp, New Cursor Field: id. Resetting cursor value"}}
{"type":"LOG","log":{"level":"INFO","message":"INFO i.a.w.i.DefaultAirbyteStreamFactory(internalLog):159 INFO i.a.i.s.r.s.CursorManager(createCursorInfoForStream):182 No cursor field set in catalog but not present in state. Stream: test_test_2_json, New Cursor Field: id. Resetting cursor value"}}
{"type":"LOG","log":{"level":"INFO","message":"INFO i.a.w.i.DefaultAirbyteStreamFactory(internalLog):159 INFO i.a.i.s.r.s.CursorManager(createCursorInfoForStream):182 No cursor field set in catalog but not present in state. Stream: test_test_6_time, New Cursor Field: id. Resetting cursor value"}}
{"type":"LOG","log":{"level":"INFO","message":"INFO i.a.w.i.DefaultAirbyteStreamFactory(internalLog):159 INFO i.a.i.s.r.s.CursorManager(createCursorInfoForStream):182 No cursor field set in catalog but not present in state. Stream: test_test_3_timestamptz, New Cursor Field: id. Resetting cursor value"}}
{"type":"LOG","log":{"level":"INFO","message":"INFO i.a.w.i.DefaultAirbyteStreamFactory(internalLog):159 INFO i.a.i.s.r.s.CursorManager(createCursorInfoForStream):182 No cursor field set in catalog but not present in state. Stream: test_test_2_numeric, New Cursor Field: id. Resetting cursor value"}}
{"type":"LOG","log":{"level":"INFO","message":"INFO i.a.w.i.DefaultAirbyteStreamFactory(internalLog):159 INFO i.a.i.s.r.s.CursorManager(createCursorInfoForStream):182 No cursor field set in catalog but not present in state. Stream: test_test_2_bigint, New Cursor Field: id. Resetting cursor value"}}
{"type":"LOG","log":{"level":"INFO","message":"INFO i.a.w.i.DefaultAirbyteStreamFactory(internalLog):159 INFO i.a.i.s.r.s.CursorManager(createCursorInfoForStream):182 No cursor field set in catalog but not present in state. Stream: test_test_1_int2, New Cursor Field: id. Resetting cursor value"}}
{"type":"LOG","log":{"level":"INFO","message":"INFO i.a.w.i.DefaultAirbyteStreamFactory(internalLog):159 INFO i.a.i.s.r.CdcStateManager(<init>):29 Initialized CDC state with: null"}}
{"type":"LOG","log":{"level":"INFO","message":"INFO i.a.w.i.DefaultAirbyteStreamFactory(internalLog):159 INFO c.z.h.HikariDataSource(<init>):80 HikariPool-1 - Starting..."}}
{"type":"LOG","log":{"level":"INFO","message":"INFO i.a.w.i.DefaultAirbyteStreamFactory(internalLog):159 INFO c.z.h.HikariDataSource(<init>):82 HikariPool-1 - Start completed."}}
{"type":"LOG","log":{"level":"INFO","message":"INFO i.a.w.i.DefaultAirbyteStreamFactory(internalLog):159 INFO i.a.i.s.p.PostgresUtils(isCdc):53 using CDC: true"}}
{"type":"LOG","log":{"level":"INFO","message":"INFO i.a.w.i.DefaultAirbyteStreamFactory(internalLog):159 INFO i.a.d.j.s.AdaptiveStreamingQueryConfig(initialize):31 Set initial fetch size: 10 rows"}}
{"type":"LOG","log":{"level":"INFO","message":"INFO i.a.w.i.DefaultAirbyteStreamFactory(internalLog):159 INFO i.a.d.j.s.AdaptiveStreamingQueryConfig(accept):40 Set new fetch size: 1618173 rows"}}
{"type":"LOG","log":{"level":"INFO","message":"INFO i.a.w.i.DefaultAirbyteStreamFactory(internalLog):159 INFO i.a.d.j.s.TwoStageSizeEstimator(getTargetBufferByteSize):71 Max memory limit: 1562378240, JDBC buffer size: 937426944"}}
{"type":"LOG","log":{"level":"INFO","message":"INFO i.a.w.i.DefaultAirbyteStreamFactory(internalLog):159 INFO i.a.d.j.s.AdaptiveStreamingQueryConfig(accept):40 Set new fetch size: 5207927 rows"}}
{"type":"LOG","log":{"level":"INFO","message":"INFO i.a.w.i.DefaultAirbyteStreamFactory(internalLog):159 INFO i.a.i.s.p.PostgresCdcCatalogHelper(getPublicizedTables):119 For CDC, only tables in publication publication will be included in the sync: [test.test_1_bool_array, test.test_2_polygon, test.test_2_tsquery, test.test_2_numeric_array, test.test_1_smallint, test.test_2_bool_array, test.test_1_varchar, test.test_1_time_array, test.test_4_bit_varying, test.test_2_tsvector, test.test_4_timetz, test.test_1_bit_array, test.test_2_time_array, test.test_1_real, test.test_10_time, test.test_2_integer, test.test_2_bytea_array, test.test_15_timestamp, test.test_9_numeric, test.test_1_boolean, test.test_2_serial, test.test_3_bit_varying, test.test_2_inventory_item, test.test_4_numeric, test.test_5_time, test.test_5_timestamp, test.test_1_serial2, test.test_2_jsonb, test.test_1_name_array, test.test_1_tsvector, test.test_2_name_array, test.test_1_timetz, test.test_1_bytea, test.test_4_timestamp, test.test_2_cidr, test.test_4_character, test.test_1_int4_array, test.test_1_bpchar_array, test.test_2_int4_array, test.test_4_time, test.test_1_int8_array, test.test_2_int8_array, test.test_1_bytea_array, test.test_3_decimal_array, test.test_1_circle, test.test_6_numeric, test.test_1_hstore, test.test_1_timestamptz_array, test.test_2_real, test.test_1_cidr, test.test_1_decimal_array, test.test_2_interval, test.test_2_float, test.test_10_timestamp, test.test_2_money, test.test_1_inventory_item, test.test_1_timetz_array, test.test_2_varchar_array, test.test_1_bit, test.test_2_macaddr8, test.test_1_numeric, test.test_2_tsrange, test.test_1_float4, test.test_1_pg_lsn, test.test_1_point, test.test_1_path, test.test_2_point, test.test_2_bigserial, test.test_1_serial, test.test_2_xml, test.test_1_xml, test.test_1_interval, test.test_2_oid_array, test.test_1_time, test.test_1_char_array, test.test_2_lseg, test.test_6_timestamp, test.test_1_float4_array, test.test_1_text, test.test_16_timestamp, test.test_1_decimal, test.test_3_bit, test.test_1_macaddr, test.test_1_text_array, test.test_3_timetz, test.test_1_char, test.test_1_double_precision, test.test_14_timestamp, test.test_3_varchar, test.test_1_int2_array, test.test_1_numeric_array, test.test_1_date_array, test.test_2_bit, test.test_2_bit_array, test.test_1_serial4, test.test_5_numeric_array, test.test_2_text, test.test_1_float8, test.test_2_decimal_array, test.test_8_timestamp, test.test_2_char, test.test_1_timestamptz, test.test_12_timestamp, test.test_1_jsonb, test.test_7_numeric, test.test_2_float4_array, test.test_2_time, test.test_2_float8_array, test.test_1_money_array, test.test_1_oid_array, test.test_4_timestamptz, test.test_2_int2, test.test_3_char, test.test_1_lseg, test.test_2_serial2, test.test_3_numeric, test.test_1_character, test.test_1_bigint, test.test_2_timetz_array, test.test_1_bool, test.test_2_date, test.test_2_character, test.test_1_polygon, test.test_1_integer, test.test_1_varchar_array, test.test_1_int4, test.test_5_decimal_array, test.test_1_timestamp_array, test.test_8_time, test.test_2_path, test.test_2_double_precision, test.test_4_char, test.test_1_tsrange, test.test_2_bpchar_array, test.test_6_decimal_array, test.test_8_numeric, test.test_2_money_array, test.test_2_bytea, test.test_2_timestamp_array, test.test_2_line, test.test_6_numeric_array, test.test_2_int4, test.test_1_tsquery, test.test_2_serial4, test.test_3_time, test.test_2_timestamp, test.test_2_macaddr, test.test_1_smallserial, test.test_2_timestamptz_array, test.test_2_timestamptz, test.test_1_line, test.test_1_bigserial, test.test_4_bit, test.test_1_date, test.test_4_numeric_array, test.test_2_varchar, test.test_1_timestamp, test.test_9_time, test.test_1_float, test.test_1_money, test.test_2_bool, test.test_3_date, test.test_13_timestamp, test.test_2_mood, test.test_1_json, test.test_3_character, test.test_1_box, test.test_2_decimal, test.test_2_timetz, test.random_dummy_table, test.test_3_timestamp, test.test_10_numeric, test.test_2_circle, test.test_1_macaddr8, test.test_2_float8, test.test_1_inet, test.test_2_bit_varying, test.test_1_float8_array, test.test_2_char_array, test.test_2_text_array, test.test_4_varchar, test.test_1_bit_varying, test.test_6_date, test.test_2_int, test.test_3_numeric_array, test.test_2_uuid, test.test_5_numeric, test.test_2_inet, test.test_2_boolean, test.test_1_int, test.test_2_smallint, test.test_4_decimal_array, test.test_2_pg_lsn, test.test_2_float4, test.test_7_time, test.test_2_int2_array, test.test_5_date, test.test_7_timestamp, test.test_2_date_array, test.test_1_mood, test.test_2_box, test.test_2_hstore, test.test_4_date, test.test_9_timestamp, test.test_2_smallserial, test.test_1_uuid, test.test_11_timestamp, test.test_2_json, test.test_6_time, test.test_3_timestamptz, test.test_2_numeric, test.test_2_bigint, test.test_1_int2]"}}
{"type":"LOG","log":{"level":"INFO","message":"INFO i.a.w.i.DefaultAirbyteStreamFactory(internalLog):159 INFO i.a.i.s.j.AbstractJdbcSource(logPreSyncDebugData):450 Data source product recognized as PostgreSQL:14.8"}}
{"type":"LOG","log":{"level":"INFO","message":"INFO i.a.w.i.DefaultAirbyteStreamFactory(internalLog):159 INFO i.a.i.s.p.PostgresSource(logPreSyncDebugData):221 Discovering indexes for schema \"test\", table \"test_1_bigint\""}}
{"type":"LOG","log":{"level":"INFO","message":"INFO i.a.w.i.DefaultAirbyteStreamFactory(internalLog):159 INFO i.a.i.s.p.PostgresSource(logPreSyncDebugData):223 Index name: test_1_bigint_pkey, Column: id, Unique: true"}}
{"type":"LOG","log":{"level":"INFO","message":"INFO i.a.w.i.DefaultAirbyteStreamFactory(internalLog):159 INFO i.a.i.s.p.PostgresSource(logPreSyncDebugData):221 Discovering indexes for schema \"test\", table \"test_1_bigserial\""}}
{"type":"LOG","log":{"level":"INFO","message":"INFO i.a.w.i.DefaultAirbyteStreamFactory(internalLog):159 INFO i.a.i.s.p.PostgresSource(logPreSyncDebugData):223 Index name: test_1_bigserial_pkey, Column: id, Unique: true"}}
{"type":"LOG","log":{"level":"INFO","message":"INFO i.a.w.i.DefaultAirbyteStreamFactory(internalLog):159 INFO i.a.i.s.p.PostgresSource(logPreSyncDebugData):221 Discovering indexes for schema \"test\", table \"test_1_bit\""}}
{"type":"LOG","log":{"level":"INFO","message":"INFO i.a.w.i.DefaultAirbyteStreamFactory(internalLog):159 INFO i.a.i.s.p.PostgresSource(logPreSyncDebugData):223 Index name: test_1_bit_pkey, Column: id, Unique: true"}}
{"type":"LOG","log":{"level":"INFO","message":"INFO i.a.w.i.DefaultAirbyteStreamFactory(internalLog):159 INFO i.a.i.s.p.PostgresSource(logPreSyncDebugData):221 Discovering indexes for schema \"test\", table \"test_2_bit\""}}
{"type":"LOG","log":{"level":"INFO","message":"INFO i.a.w.i.DefaultAirbyteStreamFactory(internalLog):159 INFO i.a.i.s.p.PostgresSource(logPreSyncDebugData):223 Index name: test_2_bit_pkey, Column: id, Unique: true"}}
{"type":"LOG","log":{"level":"INFO","message":"INFO i.a.w.i.DefaultAirbyteStreamFactory(internalLog):159 INFO i.a.i.s.p.PostgresSource(logPreSyncDebugData):221 Discovering indexes for schema \"test\", table \"test_1_bit_varying\""}}
{"type":"LOG","log":{"level":"INFO","message":"INFO i.a.w.i.DefaultAirbyteStreamFactory(internalLog):159 INFO i.a.i.s.p.PostgresSource(logPreSyncDebugData):223 Index name: test_1_bit_varying_pkey, Column: id, Unique: true"}}
{"type":"LOG","log":{"level":"INFO","message":"INFO i.a.w.i.DefaultAirbyteStreamFactory(internalLog):159 INFO i.a.i.s.p.PostgresSource(logPreSyncDebugData):221 Discovering indexes for schema \"test\", table \"test_2_bit_varying\""}}
{"type":"LOG","log":{"level":"INFO","message":"INFO i.a.w.i.DefaultAirbyteStreamFactory(internalLog):159 INFO i.a.i.s.p.PostgresSource(logPreSyncDebugData):223 Index name: test_2_bit_varying_pkey, Column: id, Unique: true"}}
{"type":"LOG","log":{"level":"INFO","message":"INFO i.a.w.i.DefaultAirbyteStreamFactory(internalLog):159 INFO i.a.i.s.p.PostgresSource(logPreSyncDebugData):221 Discovering indexes for schema \"test\", table \"test_1_bool\""}}
{"type":"LOG","log":{"level":"INFO","message":"INFO i.a.w.i.DefaultAirbyteStreamFactory(internalLog):159 INFO i.a.i.s.p.PostgresSource(logPreSyncDebugData):223 Index name: test_1_bool_pkey, Column: id, Unique: true"}}
{"type":"LOG","log":{"level":"INFO","message":"INFO i.a.w.i.DefaultAirbyteStreamFactory(internalLog):159 INFO i.a.i.s.p.PostgresSource(logPreSyncDebugData):221 Discovering indexes for schema \"test\", table \"test_1_boolean\""}}
{"type":"LOG","log":{"level":"INFO","message":"INFO i.a.w.i.DefaultAirbyteStreamFactory(internalLog):159 INFO i.a.i.s.p.PostgresSource(logPreSyncDebugData):223 Index name: test_1_boolean_pkey, Column: id, Unique: true"}}
{"type":"LOG","log":{"level":"INFO","message":"INFO i.a.w.i.DefaultAirbyteStreamFactory(internalLog):159 INFO i.a.i.s.p.PostgresSource(logPreSyncDebugData):221 Discovering indexes for schema \"test\", table \"test_1_box\""}}
{"type":"LOG","log":{"level":"INFO","message":"INFO i.a.w.i.DefaultAirbyteStreamFactory(internalLog):159 INFO i.a.i.s.p.PostgresSource(logPreSyncDebugData):223 Index name: test_1_box_pkey, Column: id, Unique: true"}}
{"type":"LOG","log":{"level":"INFO","message":"INFO i.a.w.i.DefaultAirbyteStreamFactory(internalLog):159 INFO i.a.i.s.p.PostgresSource(logPreSyncDebugData):221 Discovering indexes for schema \"test\", table \"test_1_bytea\""}}
{"type":"LOG","log":{"level":"INFO","message":"INFO i.a.w.i.DefaultAirbyteStreamFactory(internalLog):159 INFO i.a.i.s.p.PostgresSource(logPreSyncDebugData):223 Index name: test_1_bytea_pkey, Column: id, Unique: true"}}
{"type":"LOG","log":{"level":"INFO","message":"INFO i.a.w.i.DefaultAirbyteStreamFactory(internalLog):159 INFO i.a.i.s.p.PostgresSource(logPreSyncDebugData):221 Discovering indexes for schema \"test\", table \"test_1_char\""}}
{"type":"LOG","log":{"level":"INFO","message":"INFO i.a.w.i.DefaultAirbyteStreamFactory(internalLog):159 INFO i.a.i.s.p.PostgresSource(logPreSyncDebugData):223 Index name: test_1_char_pkey, Column: id, Unique: true"}}
{"type":"LOG","log":{"level":"INFO","message":"INFO i.a.w.i.DefaultAirbyteStreamFactory(internalLog):159 INFO i.a.i.s.p.PostgresSource(logPreSyncDebugData):221 Discovering indexes for schema \"test\", table \"test_2_char\""}}
{"type":"LOG","log":{"level":"INFO","message":"INFO i.a.w.i.DefaultAirbyteStreamFactory(internalLog):159 INFO i.a.i.s.p.PostgresSource(logPreSyncDebugData):223 Index name: test_2_char_pkey, Column: id, Unique: true"}}
{"type":"LOG","log":{"level":"INFO","message":"INFO i.a.w.i.DefaultAirbyteStreamFactory(internalLog):159 INFO i.a.i.s.p.PostgresSource(logPreSyncDebugData):221 Discovering indexes for schema \"test\", table \"test_1_character\""}}
{"type":"LOG","log":{"level":"INFO","message":"INFO i.a.w.i.DefaultAirbyteStreamFactory(internalLog):159 INFO i.a.i.s.p.PostgresSource(logPreSyncDebugData):223 Index name: test_1_character_pkey, Column: id, Unique: true"}}
{"type":"LOG","log":{"level":"INFO","message":"INFO i.a.w.i.DefaultAirbyteStreamFactory(internalLog):159 INFO i.a.i.s.p.PostgresSource(logPreSyncDebugData):221 Discovering indexes for schema \"test\", table \"test_2_character\""}}
{"type":"LOG","log":{"level":"INFO","message":"INFO i.a.w.i.DefaultAirbyteStreamFactory(internalLog):159 INFO i.a.i.s.p.PostgresSource(logPreSyncDebugData):223 Index name: test_2_character_pkey, Column: id, Unique: true"}}
{"type":"LOG","log":{"level":"INFO","message":"INFO i.a.w.i.DefaultAirbyteStreamFactory(internalLog):159 INFO i.a.i.s.p.PostgresSource(logPreSyncDebugData):221 Discovering indexes for schema \"test\", table \"test_1_text\""}}
{"type":"LOG","log":{"level":"INFO","message":"INFO i.a.w.i.DefaultAirbyteStreamFactory(internalLog):159 INFO i.a.i.s.p.PostgresSource(logPreSyncDebugData):223 Index name: test_1_text_pkey, Column: id, Unique: true"}}
{"type":"LOG","log":{"level":"INFO","message":"INFO i.a.w.i.DefaultAirbyteStreamFactory(internalLog):159 INFO i.a.i.s.p.PostgresSource(logPreSyncDebugData):221 Discovering indexes for schema \"test\", table \"test_1_varchar\""}}
{"type":"LOG","log":{"level":"INFO","message":"INFO i.a.w.i.DefaultAirbyteStreamFactory(internalLog):159 INFO i.a.i.s.p.PostgresSource(logPreSyncDebugData):223 Index name: test_1_varchar_pkey, Column: id, Unique: true"}}
{"type":"LOG","log":{"level":"INFO","message":"INFO i.a.w.i.DefaultAirbyteStreamFactory(internalLog):159 INFO i.a.i.s.p.PostgresSource(logPreSyncDebugData):221 Discovering indexes for schema \"test\", table \"test_2_varchar\""}}
{"type":"LOG","log":{"level":"INFO","message":"INFO i.a.w.i.DefaultAirbyteStreamFactory(internalLog):159 INFO i.a.i.s.p.PostgresSource(logPreSyncDebugData):223 Index name: test_2_varchar_pkey, Column: id, Unique: true"}}
{"type":"LOG","log":{"level":"INFO","message":"INFO i.a.w.i.DefaultAirbyteStreamFactory(internalLog):159 INFO i.a.i.s.p.PostgresSource(logPreSyncDebugData):221 Discovering indexes for schema \"test\", table \"test_1_cidr\""}}
{"type":"LOG","log":{"level":"INFO","message":"INFO i.a.w.i.DefaultAirbyteStreamFactory(internalLog):159 INFO i.a.i.s.p.PostgresSource(logPreSyncDebugData):223 Index name: test_1_cidr_pkey, Column: id, Unique: true"}}
{"type":"LOG","log":{"level":"INFO","message":"INFO i.a.w.i.DefaultAirbyteStreamFactory(internalLog):159 INFO i.a.i.s.p.PostgresSource(logPreSyncDebugData):221 Discovering indexes for schema \"test\", table \"test_1_circle\""}}
{"type":"LOG","log":{"level":"INFO","message":"INFO i.a.w.i.DefaultAirbyteStreamFactory(internalLog):159 INFO i.a.i.s.p.PostgresSource(logPreSyncDebugData):223 Index name: test_1_circle_pkey, Column: id, Unique: true"}}
{"type":"LOG","log":{"level":"INFO","message":"INFO i.a.w.i.DefaultAirbyteStreamFactory(internalLog):159 INFO i.a.i.s.p.PostgresSource(logPreSyncDebugData):221 Discovering indexes for schema \"test\", table \"test_1_date\""}}
{"type":"LOG","log":{"level":"INFO","message":"INFO i.a.w.i.DefaultAirbyteStreamFactory(internalLog):159 INFO i.a.i.s.p.PostgresSource(logPreSyncDebugData):223 Index name: test_1_date_pkey, Column: id, Unique: true"}}
{"type":"LOG","log":{"level":"INFO","message":"INFO i.a.w.i.DefaultAirbyteStreamFactory(internalLog):159 INFO i.a.i.s.p.PostgresSource(logPreSyncDebugData):221 Discovering indexes for schema \"test\", table \"test_2_date\""}}
{"type":"LOG","log":{"level":"INFO","message":"INFO i.a.w.i.DefaultAirbyteStreamFactory(internalLog):159 INFO i.a.i.s.p.PostgresSource(logPreSyncDebugData):223 Index name: test_2_date_pkey, Column: id, Unique: true"}}
{"type":"LOG","log":{"level":"INFO","message":"INFO i.a.w.i.DefaultAirbyteStreamFactory(internalLog):159 INFO i.a.i.s.p.PostgresSource(logPreSyncDebugData):221 Discovering indexes for schema \"test\", table \"test_3_date\""}}
{"type":"LOG","log":{"level":"INFO","message":"INFO i.a.w.i.DefaultAirbyteStreamFactory(internalLog):159 INFO i.a.i.s.p.PostgresSource(logPreSyncDebugData):223 Index name: test_3_date_pkey, Column: id, Unique: true"}}
{"type":"LOG","log":{"level":"INFO","message":"INFO i.a.w.i.DefaultAirbyteStreamFactory(internalLog):159 INFO i.a.i.s.p.PostgresSource(logPreSyncDebugData):221 Discovering indexes for schema \"test\", table \"test_1_float\""}}
{"type":"LOG","log":{"level":"INFO","message":"INFO i.a.w.i.DefaultAirbyteStreamFactory(internalLog):159 INFO i.a.i.s.p.PostgresSource(logPreSyncDebugData):223 Index name: test_1_float_pkey, Column: id, Unique: true"}}
{"type":"LOG","log":{"level":"INFO","message":"INFO i.a.w.i.DefaultAirbyteStreamFactory(internalLog):159 INFO i.a.i.s.p.PostgresSource(logPreSyncDebugData):221 Discovering indexes for schema \"test\", table \"test_1_double_precision\""}}
{"type":"LOG","log":{"level":"INFO","message":"INFO i.a.w.i.DefaultAirbyteStreamFactory(internalLog):159 INFO i.a.i.s.p.PostgresSource(logPreSyncDebugData):223 Index name: test_1_double_precision_pkey, Column: id, Unique: true"}}
{"type":"LOG","log":{"level":"INFO","message":"INFO i.a.w.i.DefaultAirbyteStreamFactory(internalLog):159 INFO i.a.i.s.p.PostgresSource(logPreSyncDebugData):221 Discovering indexes for schema \"test\", table \"test_1_float8\""}}
{"type":"LOG","log":{"level":"INFO","message":"INFO i.a.w.i.DefaultAirbyteStreamFactory(internalLog):159 INFO i.a.i.s.p.PostgresSource(logPreSyncDebugData):223 Index name: test_1_float8_pkey, Column: id, Unique: true"}}
{"type":"LOG","log":{"level":"INFO","message":"INFO i.a.w.i.DefaultAirbyteStreamFactory(internalLog):159 INFO i.a.i.s.p.PostgresSource(logPreSyncDebugData):221 Discovering indexes for schema \"test\", table \"test_1_inet\""}}
{"type":"LOG","log":{"level":"INFO","message":"INFO i.a.w.i.DefaultAirbyteStreamFactory(internalLog):159 INFO i.a.i.s.p.PostgresSource(logPreSyncDebugData):223 Index name: test_1_inet_pkey, Column: id, Unique: true"}}
{"type":"LOG","log":{"level":"INFO","message":"INFO i.a.w.i.DefaultAirbyteStreamFactory(internalLog):159 INFO i.a.i.s.p.PostgresSource(logPreSyncDebugData):221 Discovering indexes for schema \"test\", table \"test_1_int4\""}}
{"type":"LOG","log":{"level":"INFO","message":"INFO i.a.w.i.DefaultAirbyteStreamFactory(internalLog):159 INFO i.a.i.s.p.PostgresSource(logPreSyncDebugData):223 Index name: test_1_int4_pkey, Column: id, Unique: true"}}
{"type":"LOG","log":{"level":"INFO","message":"INFO i.a.w.i.DefaultAirbyteStreamFactory(internalLog):159 INFO i.a.i.s.p.PostgresSource(logPreSyncDebugData):221 Discovering indexes for schema \"test\", table \"test_1_int\""}}
{"type":"LOG","log":{"level":"INFO","message":"INFO i.a.w.i.DefaultAirbyteStreamFactory(internalLog):159 INFO i.a.i.s.p.PostgresSource(logPreSyncDebugData):223 Index name: test_1_int_pkey, Column: id, Unique: true"}}
{"type":"LOG","log":{"level":"INFO","message":"INFO i.a.w.i.DefaultAirbyteStreamFactory(internalLog):159 INFO i.a.i.s.p.PostgresSource(logPreSyncDebugData):221 Discovering indexes for schema \"test\", table \"test_1_integer\""}}
{"type":"LOG","log":{"level":"INFO","message":"INFO i.a.w.i.DefaultAirbyteStreamFactory(internalLog):159 INFO i.a.i.s.p.PostgresSource(logPreSyncDebugData):223 Index name: test_1_integer_pkey, Column: id, Unique: true"}}
{"type":"LOG","log":{"level":"INFO","message":"INFO i.a.w.i.DefaultAirbyteStreamFactory(internalLog):159 INFO i.a.i.s.p.PostgresSource(logPreSyncDebugData):221 Discovering indexes for schema \"test\", table \"test_1_interval\""}}
{"type":"LOG","log":{"level":"INFO","message":"INFO i.a.w.i.DefaultAirbyteStreamFactory(internalLog):159 INFO i.a.i.s.p.PostgresSource(logPreSyncDebugData):223 Index name: test_1_interval_pkey, Column: id, Unique: true"}}
{"type":"LOG","log":{"level":"INFO","message":"INFO i.a.w.i.DefaultAirbyteStreamFactory(internalLog):159 INFO i.a.i.s.p.PostgresSource(logPreSyncDebugData):221 Discovering indexes for schema \"test\", table \"test_1_json\""}}
{"type":"LOG","log":{"level":"INFO","message":"INFO i.a.w.i.DefaultAirbyteStreamFactory(internalLog):159 INFO i.a.i.s.p.PostgresSource(logPreSyncDebugData):223 Index name: test_1_json_pkey, Column: id, Unique: true"}}
{"type":"LOG","log":{"level":"INFO","message":"INFO i.a.w.i.DefaultAirbyteStreamFactory(internalLog):159 INFO i.a.i.s.p.PostgresSource(logPreSyncDebugData):221 Discovering indexes for schema \"test\", table \"test_1_jsonb\""}}
{"type":"LOG","log":{"level":"INFO","message":"INFO i.a.w.i.DefaultAirbyteStreamFactory(internalLog):159 INFO i.a.i.s.p.PostgresSource(logPreSyncDebugData):223 Index name: test_1_jsonb_pkey, Column: id, Unique: true"}}
{"type":"LOG","log":{"level":"INFO","message":"INFO i.a.w.i.DefaultAirbyteStreamFactory(internalLog):159 INFO i.a.i.s.p.PostgresSource(logPreSyncDebugData):221 Discovering indexes for schema \"test\", table \"test_1_line\""}}
{"type":"LOG","log":{"level":"INFO","message":"INFO i.a.w.i.DefaultAirbyteStreamFactory(internalLog):159 INFO i.a.i.s.p.PostgresSource(logPreSyncDebugData):223 Index name: test_1_line_pkey, Column: id, Unique: true"}}
{"type":"LOG","log":{"level":"INFO","message":"INFO i.a.w.i.DefaultAirbyteStreamFactory(internalLog):159 INFO i.a.i.s.p.PostgresSource(logPreSyncDebugData):221 Discovering indexes for schema \"test\", table \"test_1_lseg\""}}
{"type":"LOG","log":{"level":"INFO","message":"INFO i.a.w.i.DefaultAirbyteStreamFactory(internalLog):159 INFO i.a.i.s.p.PostgresSource(logPreSyncDebugData):223 Index name: test_1_lseg_pkey, Column: id, Unique: true"}}
{"type":"LOG","log":{"level":"INFO","message":"INFO i.a.w.i.DefaultAirbyteStreamFactory(internalLog):159 INFO i.a.i.s.p.PostgresSource(logPreSyncDebugData):221 Discovering indexes for schema \"test\", table \"test_1_macaddr\""}}
{"type":"LOG","log":{"level":"INFO","message":"INFO i.a.w.i.DefaultAirbyteStreamFactory(internalLog):159 INFO i.a.i.s.p.PostgresSource(logPreSyncDebugData):223 Index name: test_1_macaddr_pkey, Column: id, Unique: true"}}
{"type":"LOG","log":{"level":"INFO","message":"INFO i.a.w.i.DefaultAirbyteStreamFactory(internalLog):159 INFO i.a.i.s.p.PostgresSource(logPreSyncDebugData):221 Discovering indexes for schema \"test\", table \"test_1_macaddr8\""}}
{"type":"LOG","log":{"level":"INFO","message":"INFO i.a.w.i.DefaultAirbyteStreamFactory(internalLog):159 INFO i.a.i.s.p.PostgresSource(logPreSyncDebugData):223 Index name: test_1_macaddr8_pkey, Column: id, Unique: true"}}
{"type":"LOG","log":{"level":"INFO","message":"INFO i.a.w.i.DefaultAirbyteStreamFactory(internalLog):159 INFO i.a.i.s.p.PostgresSource(logPreSyncDebugData):221 Discovering indexes for schema \"test\", table \"test_1_numeric\""}}
{"type":"LOG","log":{"level":"INFO","message":"INFO i.a.w.i.DefaultAirbyteStreamFactory(internalLog):159 INFO i.a.i.s.p.PostgresSource(logPreSyncDebugData):223 Index name: test_1_numeric_pkey, Column: id, Unique: true"}}
{"type":"LOG","log":{"level":"INFO","message":"INFO i.a.w.i.DefaultAirbyteStreamFactory(internalLog):159 INFO i.a.i.s.p.PostgresSource(logPreSyncDebugData):221 Discovering indexes for schema \"test\", table \"test_2_numeric\""}}
{"type":"LOG","log":{"level":"INFO","message":"INFO i.a.w.i.DefaultAirbyteStreamFactory(internalLog):159 INFO i.a.i.s.p.PostgresSource(logPreSyncDebugData):223 Index name: test_2_numeric_pkey, Column: id, Unique: true"}}
{"type":"LOG","log":{"level":"INFO","message":"INFO i.a.w.i.DefaultAirbyteStreamFactory(internalLog):159 INFO i.a.i.s.p.PostgresSource(logPreSyncDebugData):221 Discovering indexes for schema \"test\", table \"test_3_numeric\""}}
{"type":"LOG","log":{"level":"INFO","message":"INFO i.a.w.i.DefaultAirbyteStreamFactory(internalLog):159 INFO i.a.i.s.p.PostgresSource(logPreSyncDebugData):223 Index name: test_3_numeric_pkey, Column: id, Unique: true"}}
{"type":"LOG","log":{"level":"INFO","message":"INFO i.a.w.i.DefaultAirbyteStreamFactory(internalLog):159 INFO i.a.i.s.p.PostgresSource(logPreSyncDebugData):221 Discovering indexes for schema \"test\", table \"test_4_numeric\""}}
{"type":"LOG","log":{"level":"INFO","message":"INFO i.a.w.i.DefaultAirbyteStreamFactory(internalLog):159 INFO i.a.i.s.p.PostgresSource(logPreSyncDebugData):223 Index name: test_4_numeric_pkey, Column: id, Unique: true"}}
{"type":"LOG","log":{"level":"INFO","message":"INFO i.a.w.i.DefaultAirbyteStreamFactory(internalLog):159 INFO i.a.i.s.p.PostgresSource(logPreSyncDebugData):221 Discovering indexes for schema \"test\", table \"test_1_decimal\""}}
{"type":"LOG","log":{"level":"INFO","message":"INFO i.a.w.i.DefaultAirbyteStreamFactory(internalLog):159 INFO i.a.i.s.p.PostgresSource(logPreSyncDebugData):223 Index name: test_1_decimal_pkey, Column: id, Unique: true"}}
{"type":"LOG","log":{"level":"INFO","message":"INFO i.a.w.i.DefaultAirbyteStreamFactory(internalLog):159 INFO i.a.i.s.p.PostgresSource(logPreSyncDebugData):221 Discovering indexes for schema \"test\", table \"test_5_numeric\""}}
{"type":"LOG","log":{"level":"INFO","message":"INFO i.a.w.i.DefaultAirbyteStreamFactory(internalLog):159 INFO i.a.i.s.p.PostgresSource(logPreSyncDebugData):223 Index name: test_5_numeric_pkey, Column: id, Unique: true"}}
{"type":"LOG","log":{"level":"INFO","message":"INFO i.a.w.i.DefaultAirbyteStreamFactory(internalLog):159 INFO i.a.i.s.p.PostgresSource(logPreSyncDebugData):221 Discovering indexes for schema \"test\", table \"test_1_path\""}}
{"type":"LOG","log":{"level":"INFO","message":"INFO i.a.w.i.DefaultAirbyteStreamFactory(internalLog):159 INFO i.a.i.s.p.PostgresSource(logPreSyncDebugData):223 Index name: test_1_path_pkey, Column: id, Unique: true"}}
{"type":"LOG","log":{"level":"INFO","message":"INFO i.a.w.i.DefaultAirbyteStreamFactory(internalLog):159 INFO i.a.i.s.p.PostgresSource(logPreSyncDebugData):221 Discovering indexes for schema \"test\", table \"test_1_pg_lsn\""}}
{"type":"LOG","log":{"level":"INFO","message":"INFO i.a.w.i.DefaultAirbyteStreamFactory(internalLog):159 INFO i.a.i.s.p.PostgresSource(logPreSyncDebugData):223 Index name: test_1_pg_lsn_pkey, Column: id, Unique: true"}}
{"type":"LOG","log":{"level":"INFO","message":"INFO i.a.w.i.DefaultAirbyteStreamFactory(internalLog):159 INFO i.a.i.s.p.PostgresSource(logPreSyncDebugData):221 Discovering indexes for schema \"test\", table \"test_1_point\""}}
{"type":"LOG","log":{"level":"INFO","message":"INFO i.a.w.i.DefaultAirbyteStreamFactory(internalLog):159 INFO i.a.i.s.p.PostgresSource(logPreSyncDebugData):223 Index name: test_1_point_pkey, Column: id, Unique: true"}}
{"type":"LOG","log":{"level":"INFO","message":"INFO i.a.w.i.DefaultAirbyteStreamFactory(internalLog):159 INFO i.a.i.s.p.PostgresSource(logPreSyncDebugData):221 Discovering indexes for schema \"test\", table \"test_1_polygon\""}}
{"type":"LOG","log":{"level":"INFO","message":"INFO i.a.w.i.DefaultAirbyteStreamFactory(internalLog):159 INFO i.a.i.s.p.PostgresSource(logPreSyncDebugData):223 Index name: test_1_polygon_pkey, Column: id, Unique: true"}}
{"type":"LOG","log":{"level":"INFO","message":"INFO i.a.w.i.DefaultAirbyteStreamFactory(internalLog):159 INFO i.a.i.s.p.PostgresSource(logPreSyncDebugData):221 Discovering indexes for schema \"test\", table \"test_1_float4\""}}
{"type":"LOG","log":{"level":"INFO","message":"INFO i.a.w.i.DefaultAirbyteStreamFactory(internalLog):159 INFO i.a.i.s.p.PostgresSource(logPreSyncDebugData):223 Index name: test_1_float4_pkey, Column: id, Unique: true"}}
{"type":"LOG","log":{"level":"INFO","message":"INFO i.a.w.i.DefaultAirbyteStreamFactory(internalLog):159 INFO i.a.i.s.p.PostgresSource(logPreSyncDebugData):221 Discovering indexes for schema \"test\", table \"test_1_real\""}}
{"type":"LOG","log":{"level":"INFO","message":"INFO i.a.w.i.DefaultAirbyteStreamFactory(internalLog):159 INFO i.a.i.s.p.PostgresSource(logPreSyncDebugData):223 Index name: test_1_real_pkey, Column: id, Unique: true"}}
{"type":"LOG","log":{"level":"INFO","message":"INFO i.a.w.i.DefaultAirbyteStreamFactory(internalLog):159 INFO i.a.i.s.p.PostgresSource(logPreSyncDebugData):221 Discovering indexes for schema \"test\", table \"test_1_int2\""}}
{"type":"LOG","log":{"level":"INFO","message":"INFO i.a.w.i.DefaultAirbyteStreamFactory(internalLog):159 INFO i.a.i.s.p.PostgresSource(logPreSyncDebugData):223 Index name: test_1_int2_pkey, Column: id, Unique: true"}}
{"type":"LOG","log":{"level":"INFO","message":"INFO i.a.w.i.DefaultAirbyteStreamFactory(internalLog):159 INFO i.a.i.s.p.PostgresSource(logPreSyncDebugData):221 Discovering indexes for schema \"test\", table \"test_1_smallint\""}}
{"type":"LOG","log":{"level":"INFO","message":"INFO i.a.w.i.DefaultAirbyteStreamFactory(internalLog):159 INFO i.a.i.s.p.PostgresSource(logPreSyncDebugData):223 Index name: test_1_smallint_pkey, Column: id, Unique: true"}}
{"type":"LOG","log":{"level":"INFO","message":"INFO i.a.w.i.DefaultAirbyteStreamFactory(internalLog):159 INFO i.a.i.s.p.PostgresSource(logPreSyncDebugData):221 Discovering indexes for schema \"test\", table \"test_1_serial2\""}}
{"type":"LOG","log":{"level":"INFO","message":"INFO i.a.w.i.DefaultAirbyteStreamFactory(internalLog):159 INFO i.a.i.s.p.PostgresSource(logPreSyncDebugData):223 Index name: test_1_serial2_pkey, Column: id, Unique: true"}}
{"type":"LOG","log":{"level":"INFO","message":"INFO i.a.w.i.DefaultAirbyteStreamFactory(internalLog):159 INFO i.a.i.s.p.PostgresSource(logPreSyncDebugData):221 Discovering indexes for schema \"test\", table \"test_1_smallserial\""}}
{"type":"LOG","log":{"level":"INFO","message":"INFO i.a.w.i.DefaultAirbyteStreamFactory(internalLog):159 INFO i.a.i.s.p.PostgresSource(logPreSyncDebugData):223 Index name: test_1_smallserial_pkey, Column: id, Unique: true"}}
{"type":"LOG","log":{"level":"INFO","message":"INFO i.a.w.i.DefaultAirbyteStreamFactory(internalLog):159 INFO i.a.i.s.p.PostgresSource(logPreSyncDebugData):221 Discovering indexes for schema \"test\", table \"test_1_serial4\""}}
{"type":"LOG","log":{"level":"INFO","message":"INFO i.a.w.i.DefaultAirbyteStreamFactory(internalLog):159 INFO i.a.i.s.p.PostgresSource(logPreSyncDebugData):223 Index name: test_1_serial4_pkey, Column: id, Unique: true"}}
{"type":"LOG","log":{"level":"INFO","message":"INFO i.a.w.i.DefaultAirbyteStreamFactory(internalLog):159 INFO i.a.i.s.p.PostgresSource(logPreSyncDebugData):221 Discovering indexes for schema \"test\", table \"test_1_serial\""}}
{"type":"LOG","log":{"level":"INFO","message":"INFO i.a.w.i.DefaultAirbyteStreamFactory(internalLog):159 INFO i.a.i.s.p.PostgresSource(logPreSyncDebugData):223 Index name: test_1_serial_pkey, Column: id, Unique: true"}}
{"type":"LOG","log":{"level":"INFO","message":"INFO i.a.w.i.DefaultAirbyteStreamFactory(internalLog):159 INFO i.a.i.s.p.PostgresSource(logPreSyncDebugData):221 Discovering indexes for schema \"test\", table \"test_1_time\""}}
{"type":"LOG","log":{"level":"INFO","message":"INFO i.a.w.i.DefaultAirbyteStreamFactory(internalLog):159 INFO i.a.i.s.p.PostgresSource(logPreSyncDebugData):223 Index name: test_1_time_pkey, Column: id, Unique: true"}}
{"type":"LOG","log":{"level":"INFO","message":"INFO i.a.w.i.DefaultAirbyteStreamFactory(internalLog):159 INFO i.a.i.s.p.PostgresSource(logPreSyncDebugData):221 Discovering indexes for schema \"test\", table \"test_2_time\""}}
{"type":"LOG","log":{"level":"INFO","message":"INFO i.a.w.i.DefaultAirbyteStreamFactory(internalLog):159 INFO i.a.i.s.p.PostgresSource(logPreSyncDebugData):223 Index name: test_2_time_pkey, Column: id, Unique: true"}}
{"type":"LOG","log":{"level":"INFO","message":"INFO i.a.w.i.DefaultAirbyteStreamFactory(internalLog):159 INFO i.a.i.s.p.PostgresSource(logPreSyncDebugData):221 Discovering indexes for schema \"test\", table \"test_3_time\""}}
{"type":"LOG","log":{"level":"INFO","message":"INFO i.a.w.i.DefaultAirbyteStreamFactory(internalLog):159 INFO i.a.i.s.p.PostgresSource(logPreSyncDebugData):223 Index name: test_3_time_pkey, Column: id, Unique: true"}}
{"type":"LOG","log":{"level":"INFO","message":"INFO i.a.w.i.DefaultAirbyteStreamFactory(internalLog):159 INFO i.a.i.s.p.PostgresSource(logPreSyncDebugData):221 Discovering indexes for schema \"test\", table \"test_4_time\""}}
{"type":"LOG","log":{"level":"INFO","message":"INFO i.a.w.i.DefaultAirbyteStreamFactory(internalLog):159 INFO i.a.i.s.p.PostgresSource(logPreSyncDebugData):223 Index name: test_4_time_pkey, Column: id, Unique: true"}}
{"type":"LOG","log":{"level":"INFO","message":"INFO i.a.w.i.DefaultAirbyteStreamFactory(internalLog):159 INFO i.a.i.s.p.PostgresSource(logPreSyncDebugData):221 Discovering indexes for schema \"test\", table \"test_5_time\""}}
{"type":"LOG","log":{"level":"INFO","message":"INFO i.a.w.i.DefaultAirbyteStreamFactory(internalLog):159 INFO i.a.i.s.p.PostgresSource(logPreSyncDebugData):223 Index name: test_5_time_pkey, Column: id, Unique: true"}}
{"type":"LOG","log":{"level":"INFO","message":"INFO i.a.w.i.DefaultAirbyteStreamFactory(internalLog):159 INFO i.a.i.s.p.PostgresSource(logPreSyncDebugData):221 Discovering indexes for schema \"test\", table \"test_1_timestamp\""}}
{"type":"LOG","log":{"level":"INFO","message":"INFO i.a.w.i.DefaultAirbyteStreamFactory(internalLog):159 INFO i.a.i.s.p.PostgresSource(logPreSyncDebugData):223 Index name: test_1_timestamp_pkey, Column: id, Unique: true"}}
{"type":"LOG","log":{"level":"INFO","message":"INFO i.a.w.i.DefaultAirbyteStreamFactory(internalLog):159 INFO i.a.i.s.p.PostgresSource(logPreSyncDebugData):221 Discovering indexes for schema \"test\", table \"test_2_timestamp\""}}
{"type":"LOG","log":{"level":"INFO","message":"INFO i.a.w.i.DefaultAirbyteStreamFactory(internalLog):159 INFO i.a.i.s.p.PostgresSource(logPreSyncDebugData):223 Index name: test_2_timestamp_pkey, Column: id, Unique: true"}}
{"type":"LOG","log":{"level":"INFO","message":"INFO i.a.w.i.DefaultAirbyteStreamFactory(internalLog):159 INFO i.a.i.s.p.PostgresSource(logPreSyncDebugData):221 Discovering indexes for schema \"test\", table \"test_3_timestamp\""}}
{"type":"LOG","log":{"level":"INFO","message":"INFO i.a.w.i.DefaultAirbyteStreamFactory(internalLog):159 INFO i.a.i.s.p.PostgresSource(logPreSyncDebugData):223 Index name: test_3_timestamp_pkey, Column: id, Unique: true"}}
{"type":"LOG","log":{"level":"INFO","message":"INFO i.a.w.i.DefaultAirbyteStreamFactory(internalLog):159 INFO i.a.i.s.p.PostgresSource(logPreSyncDebugData):221 Discovering indexes for schema \"test\", table \"test_4_timestamp\""}}
{"type":"LOG","log":{"level":"INFO","message":"INFO i.a.w.i.DefaultAirbyteStreamFactory(internalLog):159 INFO i.a.i.s.p.PostgresSource(logPreSyncDebugData):223 Index name: test_4_timestamp_pkey, Column: id, Unique: true"}}
{"type":"LOG","log":{"level":"INFO","message":"INFO i.a.w.i.DefaultAirbyteStreamFactory(internalLog):159 INFO i.a.i.s.p.PostgresSource(logPreSyncDebugData):221 Discovering indexes for schema \"test\", table \"test_5_timestamp\""}}
{"type":"LOG","log":{"level":"INFO","message":"INFO i.a.w.i.DefaultAirbyteStreamFactory(internalLog):159 INFO i.a.i.s.p.PostgresSource(logPreSyncDebugData):223 Index name: test_5_timestamp_pkey, Column: id, Unique: true"}}
{"type":"LOG","log":{"level":"INFO","message":"INFO i.a.w.i.DefaultAirbyteStreamFactory(internalLog):159 INFO i.a.i.s.p.PostgresSource(logPreSyncDebugData):221 Discovering indexes for schema \"test\", table \"test_6_timestamp\""}}
{"type":"LOG","log":{"level":"INFO","message":"INFO i.a.w.i.DefaultAirbyteStreamFactory(internalLog):159 INFO i.a.i.s.p.PostgresSource(logPreSyncDebugData):223 Index name: test_6_timestamp_pkey, Column: id, Unique: true"}}
{"type":"LOG","log":{"level":"INFO","message":"INFO i.a.w.i.DefaultAirbyteStreamFactory(internalLog):159 INFO i.a.i.s.p.PostgresSource(logPreSyncDebugData):221 Discovering indexes for schema \"test\", table \"test_7_timestamp\""}}
{"type":"LOG","log":{"level":"INFO","message":"INFO i.a.w.i.DefaultAirbyteStreamFactory(internalLog):159 INFO i.a.i.s.p.PostgresSource(logPreSyncDebugData):223 Index name: test_7_timestamp_pkey, Column: id, Unique: true"}}
{"type":"LOG","log":{"level":"INFO","message":"INFO i.a.w.i.DefaultAirbyteStreamFactory(internalLog):159 INFO i.a.i.s.p.PostgresSource(logPreSyncDebugData):221 Discovering indexes for schema \"test\", table \"test_8_timestamp\""}}
{"type":"LOG","log":{"level":"INFO","message":"INFO i.a.w.i.DefaultAirbyteStreamFactory(internalLog):159 INFO i.a.i.s.p.PostgresSource(logPreSyncDebugData):223 Index name: test_8_timestamp_pkey, Column: id, Unique: true"}}
{"type":"LOG","log":{"level":"INFO","message":"INFO i.a.w.i.DefaultAirbyteStreamFactory(internalLog):159 INFO i.a.i.s.p.PostgresSource(logPreSyncDebugData):221 Discovering indexes for schema \"test\", table \"test_1_timestamptz\""}}
{"type":"LOG","log":{"level":"INFO","message":"INFO i.a.w.i.DefaultAirbyteStreamFactory(internalLog):159 INFO i.a.i.s.p.PostgresSource(logPreSyncDebugData):223 Index name: test_1_timestamptz_pkey, Column: id, Unique: true"}}
{"type":"LOG","log":{"level":"INFO","message":"INFO i.a.w.i.DefaultAirbyteStreamFactory(internalLog):159 INFO i.a.i.s.p.PostgresSource(logPreSyncDebugData):221 Discovering indexes for schema \"test\", table \"test_2_timestamptz\""}}
{"type":"LOG","log":{"level":"INFO","message":"INFO i.a.w.i.DefaultAirbyteStreamFactory(internalLog):159 INFO i.a.i.s.p.PostgresSource(logPreSyncDebugData):223 Index name: test_2_timestamptz_pkey, Column: id, Unique: true"}}
{"type":"LOG","log":{"level":"INFO","message":"INFO i.a.w.i.DefaultAirbyteStreamFactory(internalLog):159 INFO i.a.i.s.p.PostgresSource(logPreSyncDebugData):221 Discovering indexes for schema \"test\", table \"test_1_tsquery\""}}
{"type":"LOG","log":{"level":"INFO","message":"INFO i.a.w.i.DefaultAirbyteStreamFactory(internalLog):159 INFO i.a.i.s.p.PostgresSource(logPreSyncDebugData):223 Index name: test_1_tsquery_pkey, Column: id, Unique: true"}}
{"type":"LOG","log":{"level":"INFO","message":"INFO i.a.w.i.DefaultAirbyteStreamFactory(internalLog):159 INFO i.a.i.s.p.PostgresSource(logPreSyncDebugData):221 Discovering indexes for schema \"test\", table \"test_1_tsvector\""}}
{"type":"LOG","log":{"level":"INFO","message":"INFO i.a.w.i.DefaultAirbyteStreamFactory(internalLog):159 INFO i.a.i.s.p.PostgresSource(logPreSyncDebugData):223 Index name: test_1_tsvector_pkey, Column: id, Unique: true"}}
{"type":"LOG","log":{"level":"INFO","message":"INFO i.a.w.i.DefaultAirbyteStreamFactory(internalLog):159 INFO i.a.i.s.p.PostgresSource(logPreSyncDebugData):221 Discovering indexes for schema \"test\", table \"test_1_uuid\""}}
{"type":"LOG","log":{"level":"INFO","message":"INFO i.a.w.i.DefaultAirbyteStreamFactory(internalLog):159 INFO i.a.i.s.p.PostgresSource(logPreSyncDebugData):223 Index name: test_1_uuid_pkey, Column: id, Unique: true"}}
{"type":"LOG","log":{"level":"INFO","message":"INFO i.a.w.i.DefaultAirbyteStreamFactory(internalLog):159 INFO i.a.i.s.p.PostgresSource(logPreSyncDebugData):221 Discovering indexes for schema \"test\", table \"test_1_xml\""}}
{"type":"LOG","log":{"level":"INFO","message":"INFO i.a.w.i.DefaultAirbyteStreamFactory(internalLog):159 INFO i.a.i.s.p.PostgresSource(logPreSyncDebugData):223 Index name: test_1_xml_pkey, Column: id, Unique: true"}}
{"type":"LOG","log":{"level":"INFO","message":"INFO i.a.w.i.DefaultAirbyteStreamFactory(internalLog):159 INFO i.a.i.s.p.PostgresSource(logPreSyncDebugData):221 Discovering indexes for schema \"test\", table \"test_1_mood\""}}
{"type":"LOG","log":{"level":"INFO","message":"INFO i.a.w.i.DefaultAirbyteStreamFactory(internalLog):159 INFO i.a.i.s.p.PostgresSource(logPreSyncDebugData):223 Index name: test_1_mood_pkey, Column: id, Unique: true"}}
{"type":"LOG","log":{"level":"INFO","message":"INFO i.a.w.i.DefaultAirbyteStreamFactory(internalLog):159 INFO i.a.i.s.p.PostgresSource(logPreSyncDebugData):221 Discovering indexes for schema \"test\", table \"test_1_tsrange\""}}
{"type":"LOG","log":{"level":"INFO","message":"INFO i.a.w.i.DefaultAirbyteStreamFactory(internalLog):159 INFO i.a.i.s.p.PostgresSource(logPreSyncDebugData):223 Index name: test_1_tsrange_pkey, Column: id, Unique: true"}}
{"type":"LOG","log":{"level":"INFO","message":"INFO i.a.w.i.DefaultAirbyteStreamFactory(internalLog):159 INFO i.a.i.s.p.PostgresSource(logPreSyncDebugData):221 Discovering indexes for schema \"test\", table \"test_1_inventory_item\""}}
{"type":"LOG","log":{"level":"INFO","message":"INFO i.a.w.i.DefaultAirbyteStreamFactory(internalLog):159 INFO i.a.i.s.p.PostgresSource(logPreSyncDebugData):223 Index name: test_1_inventory_item_pkey, Column: id, Unique: true"}}
{"type":"LOG","log":{"level":"INFO","message":"INFO i.a.w.i.DefaultAirbyteStreamFactory(internalLog):159 INFO i.a.i.s.p.PostgresSource(logPreSyncDebugData):221 Discovering indexes for schema \"test\", table \"test_1_hstore\""}}
{"type":"LOG","log":{"level":"INFO","message":"INFO i.a.w.i.DefaultAirbyteStreamFactory(internalLog):159 INFO i.a.i.s.p.PostgresSource(logPreSyncDebugData):223 Index name: test_1_hstore_pkey, Column: id, Unique: true"}}
{"type":"LOG","log":{"level":"INFO","message":"INFO i.a.w.i.DefaultAirbyteStreamFactory(internalLog):159 INFO i.a.i.s.p.PostgresSource(logPreSyncDebugData):221 Discovering indexes for schema \"test\", table \"test_1_timetz\""}}
{"type":"LOG","log":{"level":"INFO","message":"INFO i.a.w.i.DefaultAirbyteStreamFactory(internalLog):159 INFO i.a.i.s.p.PostgresSource(logPreSyncDebugData):223 Index name: test_1_timetz_pkey, Column: id, Unique: true"}}
{"type":"LOG","log":{"level":"INFO","message":"INFO i.a.w.i.DefaultAirbyteStreamFactory(internalLog):159 INFO i.a.i.s.p.PostgresSource(logPreSyncDebugData):221 Discovering indexes for schema \"test\", table \"test_2_timetz\""}}
{"type":"LOG","log":{"level":"INFO","message":"INFO i.a.w.i.DefaultAirbyteStreamFactory(internalLog):159 INFO i.a.i.s.p.PostgresSource(logPreSyncDebugData):223 Index name: test_2_timetz_pkey, Column: id, Unique: true"}}
{"type":"LOG","log":{"level":"INFO","message":"INFO i.a.w.i.DefaultAirbyteStreamFactory(internalLog):159 INFO i.a.i.s.p.PostgresSource(logPreSyncDebugData):221 Discovering indexes for schema \"test\", table \"test_1_int2_array\""}}
{"type":"LOG","log":{"level":"INFO","message":"INFO i.a.w.i.DefaultAirbyteStreamFactory(internalLog):159 INFO i.a.i.s.p.PostgresSource(logPreSyncDebugData):223 Index name: test_1_int2_array_pkey, Column: id, Unique: true"}}
{"type":"LOG","log":{"level":"INFO","message":"INFO i.a.w.i.DefaultAirbyteStreamFactory(internalLog):159 INFO i.a.i.s.p.PostgresSource(logPreSyncDebugData):221 Discovering indexes for schema \"test\", table \"test_1_int4_array\""}}
{"type":"LOG","log":{"level":"INFO","message":"INFO i.a.w.i.DefaultAirbyteStreamFactory(internalLog):159 INFO i.a.i.s.p.PostgresSource(logPreSyncDebugData):223 Index name: test_1_int4_array_pkey, Column: id, Unique: true"}}
{"type":"LOG","log":{"level":"INFO","message":"INFO i.a.w.i.DefaultAirbyteStreamFactory(internalLog):159 INFO i.a.i.s.p.PostgresSource(logPreSyncDebugData):221 Discovering indexes for schema \"test\", table \"test_1_int8_array\""}}
{"type":"LOG","log":{"level":"INFO","message":"INFO i.a.w.i.DefaultAirbyteStreamFactory(internalLog):159 INFO i.a.i.s.p.PostgresSource(logPreSyncDebugData):223 Index name: test_1_int8_array_pkey, Column: id, Unique: true"}}
{"type":"LOG","log":{"level":"INFO","message":"INFO i.a.w.i.DefaultAirbyteStreamFactory(internalLog):159 INFO i.a.i.s.p.PostgresSource(logPreSyncDebugData):221 Discovering indexes for schema \"test\", table \"test_1_oid_array\""}}
{"type":"LOG","log":{"level":"INFO","message":"INFO i.a.w.i.DefaultAirbyteStreamFactory(internalLog):159 INFO i.a.i.s.p.PostgresSource(logPreSyncDebugData):223 Index name: test_1_oid_array_pkey, Column: id, Unique: true"}}
{"type":"LOG","log":{"level":"INFO","message":"INFO i.a.w.i.DefaultAirbyteStreamFactory(internalLog):159 INFO i.a.i.s.p.PostgresSource(logPreSyncDebugData):221 Discovering indexes for schema \"test\", table \"test_1_varchar_array\""}}
{"type":"LOG","log":{"level":"INFO","message":"INFO i.a.w.i.DefaultAirbyteStreamFactory(internalLog):159 INFO i.a.i.s.p.PostgresSource(logPreSyncDebugData):223 Index name: test_1_varchar_array_pkey, Column: id, Unique: true"}}
{"type":"LOG","log":{"level":"INFO","message":"INFO i.a.w.i.DefaultAirbyteStreamFactory(internalLog):159 INFO i.a.i.s.p.PostgresSource(logPreSyncDebugData):221 Discovering indexes for schema \"test\", table \"test_1_char_array\""}}
{"type":"LOG","log":{"level":"INFO","message":"INFO i.a.w.i.DefaultAirbyteStreamFactory(internalLog):159 INFO i.a.i.s.p.PostgresSource(logPreSyncDebugData):223 Index name: test_1_char_array_pkey, Column: id, Unique: true"}}
{"type":"LOG","log":{"level":"INFO","message":"INFO i.a.w.i.DefaultAirbyteStreamFactory(internalLog):159 INFO i.a.i.s.p.PostgresSource(logPreSyncDebugData):221 Discovering indexes for schema \"test\", table \"test_1_bpchar_array\""}}
{"type":"LOG","log":{"level":"INFO","message":"INFO i.a.w.i.DefaultAirbyteStreamFactory(internalLog):159 INFO i.a.i.s.p.PostgresSource(logPreSyncDebugData):223 Index name: test_1_bpchar_array_pkey, Column: id, Unique: true"}}
{"type":"LOG","log":{"level":"INFO","message":"INFO i.a.w.i.DefaultAirbyteStreamFactory(internalLog):159 INFO i.a.i.s.p.PostgresSource(logPreSyncDebugData):221 Discovering indexes for schema \"test\", table \"test_1_text_array\""}}
{"type":"LOG","log":{"level":"INFO","message":"INFO i.a.w.i.DefaultAirbyteStreamFactory(internalLog):159 INFO i.a.i.s.p.PostgresSource(logPreSyncDebugData):223 Index name: test_1_text_array_pkey, Column: id, Unique: true"}}
{"type":"LOG","log":{"level":"INFO","message":"INFO i.a.w.i.DefaultAirbyteStreamFactory(internalLog):159 INFO i.a.i.s.p.PostgresSource(logPreSyncDebugData):221 Discovering indexes for schema \"test\", table \"test_1_name_array\""}}
{"type":"LOG","log":{"level":"INFO","message":"INFO i.a.w.i.DefaultAirbyteStreamFactory(internalLog):159 INFO i.a.i.s.p.PostgresSource(logPreSyncDebugData):223 Index name: test_1_name_array_pkey, Column: id, Unique: true"}}
{"type":"LOG","log":{"level":"INFO","message":"INFO i.a.w.i.DefaultAirbyteStreamFactory(internalLog):159 INFO i.a.i.s.p.PostgresSource(logPreSyncDebugData):221 Discovering indexes for schema \"test\", table \"test_1_decimal_array\""}}
{"type":"LOG","log":{"level":"INFO","message":"INFO i.a.w.i.DefaultAirbyteStreamFactory(internalLog):159 INFO i.a.i.s.p.PostgresSource(logPreSyncDebugData):223 Index name: test_1_decimal_array_pkey, Column: id, Unique: true"}}
{"type":"LOG","log":{"level":"INFO","message":"INFO i.a.w.i.DefaultAirbyteStreamFactory(internalLog):159 INFO i.a.i.s.p.PostgresSource(logPreSyncDebugData):221 Discovering indexes for schema \"test\", table \"test_2_decimal_array\""}}
{"type":"LOG","log":{"level":"INFO","message":"INFO i.a.w.i.DefaultAirbyteStreamFactory(internalLog):159 INFO i.a.i.s.p.PostgresSource(logPreSyncDebugData):223 Index name: test_2_decimal_array_pkey, Column: id, Unique: true"}}
{"type":"LOG","log":{"level":"INFO","message":"INFO i.a.w.i.DefaultAirbyteStreamFactory(internalLog):159 INFO i.a.i.s.p.PostgresSource(logPreSyncDebugData):221 Discovering indexes for schema \"test\", table \"test_3_decimal_array\""}}
{"type":"LOG","log":{"level":"INFO","message":"INFO i.a.w.i.DefaultAirbyteStreamFactory(internalLog):159 INFO i.a.i.s.p.PostgresSource(logPreSyncDebugData):223 Index name: test_3_decimal_array_pkey, Column: id, Unique: true"}}
{"type":"LOG","log":{"level":"INFO","message":"INFO i.a.w.i.DefaultAirbyteStreamFactory(internalLog):159 INFO i.a.i.s.p.PostgresSource(logPreSyncDebugData):221 Discovering indexes for schema \"test\", table \"test_1_numeric_array\""}}
{"type":"LOG","log":{"level":"INFO","message":"INFO i.a.w.i.DefaultAirbyteStreamFactory(internalLog):159 INFO i.a.i.s.p.PostgresSource(logPreSyncDebugData):223 Index name: test_1_numeric_array_pkey, Column: id, Unique: true"}}
{"type":"LOG","log":{"level":"INFO","message":"INFO i.a.w.i.DefaultAirbyteStreamFactory(internalLog):159 INFO i.a.i.s.p.PostgresSource(logPreSyncDebugData):221 Discovering indexes for schema \"test\", table \"test_2_numeric_array\""}}
{"type":"LOG","log":{"level":"INFO","message":"INFO i.a.w.i.DefaultAirbyteStreamFactory(internalLog):159 INFO i.a.i.s.p.PostgresSource(logPreSyncDebugData):223 Index name: test_2_numeric_array_pkey, Column: id, Unique: true"}}
{"type":"LOG","log":{"level":"INFO","message":"INFO i.a.w.i.DefaultAirbyteStreamFactory(internalLog):159 INFO i.a.i.s.p.PostgresSource(logPreSyncDebugData):221 Discovering indexes for schema \"test\", table \"test_3_numeric_array\""}}
{"type":"LOG","log":{"level":"INFO","message":"INFO i.a.w.i.DefaultAirbyteStreamFactory(internalLog):159 INFO i.a.i.s.p.PostgresSource(logPreSyncDebugData):223 Index name: test_3_numeric_array_pkey, Column: id, Unique: true"}}
{"type":"LOG","log":{"level":"INFO","message":"INFO i.a.w.i.DefaultAirbyteStreamFactory(internalLog):159 INFO i.a.i.s.p.PostgresSource(logPreSyncDebugData):221 Discovering indexes for schema \"test\", table \"test_1_float4_array\""}}
{"type":"LOG","log":{"level":"INFO","message":"INFO i.a.w.i.DefaultAirbyteStreamFactory(internalLog):159 INFO i.a.i.s.p.PostgresSource(logPreSyncDebugData):223 Index name: test_1_float4_array_pkey, Column: id, Unique: true"}}
{"type":"LOG","log":{"level":"INFO","message":"INFO i.a.w.i.DefaultAirbyteStreamFactory(internalLog):159 INFO i.a.i.s.p.PostgresSource(logPreSyncDebugData):221 Discovering indexes for schema \"test\", table \"test_1_float8_array\""}}
{"type":"LOG","log":{"level":"INFO","message":"INFO i.a.w.i.DefaultAirbyteStreamFactory(internalLog):159 INFO i.a.i.s.p.PostgresSource(logPreSyncDebugData):223 Index name: test_1_float8_array_pkey, Column: id, Unique: true"}}
{"type":"LOG","log":{"level":"INFO","message":"INFO i.a.w.i.DefaultAirbyteStreamFactory(internalLog):159 INFO i.a.i.s.p.PostgresSource(logPreSyncDebugData):221 Discovering indexes for schema \"test\", table \"test_1_money_array\""}}
{"type":"LOG","log":{"level":"INFO","message":"INFO i.a.w.i.DefaultAirbyteStreamFactory(internalLog):159 INFO i.a.i.s.p.PostgresSource(logPreSyncDebugData):223 Index name: test_1_money_array_pkey, Column: id, Unique: true"}}
{"type":"LOG","log":{"level":"INFO","message":"INFO i.a.w.i.DefaultAirbyteStreamFactory(internalLog):159 INFO i.a.i.s.p.PostgresSource(logPreSyncDebugData):221 Discovering indexes for schema \"test\", table \"test_1_bool_array\""}}
{"type":"LOG","log":{"level":"INFO","message":"INFO i.a.w.i.DefaultAirbyteStreamFactory(internalLog):159 INFO i.a.i.s.p.PostgresSource(logPreSyncDebugData):223 Index name: test_1_bool_array_pkey, Column: id, Unique: true"}}
{"type":"LOG","log":{"level":"INFO","message":"INFO i.a.w.i.DefaultAirbyteStreamFactory(internalLog):159 INFO i.a.i.s.p.PostgresSource(logPreSyncDebugData):221 Discovering indexes for schema \"test\", table \"test_1_bit_array\""}}
{"type":"LOG","log":{"level":"INFO","message":"INFO i.a.w.i.DefaultAirbyteStreamFactory(internalLog):159 INFO i.a.i.s.p.PostgresSource(logPreSyncDebugData):223 Index name: test_1_bit_array_pkey, Column: id, Unique: true"}}
{"type":"LOG","log":{"level":"INFO","message":"INFO i.a.w.i.DefaultAirbyteStreamFactory(internalLog):159 INFO i.a.i.s.p.PostgresSource(logPreSyncDebugData):221 Discovering indexes for schema \"test\", table \"test_1_bytea_array\""}}
{"type":"LOG","log":{"level":"INFO","message":"INFO i.a.w.i.DefaultAirbyteStreamFactory(internalLog):159 INFO i.a.i.s.p.PostgresSource(logPreSyncDebugData):223 Index name: test_1_bytea_array_pkey, Column: id, Unique: true"}}
{"type":"LOG","log":{"level":"INFO","message":"INFO i.a.w.i.DefaultAirbyteStreamFactory(internalLog):159 INFO i.a.i.s.p.PostgresSource(logPreSyncDebugData):221 Discovering indexes for schema \"test\", table \"test_1_date_array\""}}
{"type":"LOG","log":{"level":"INFO","message":"INFO i.a.w.i.DefaultAirbyteStreamFactory(internalLog):159 INFO i.a.i.s.p.PostgresSource(logPreSyncDebugData):223 Index name: test_1_date_array_pkey, Column: id, Unique: true"}}
{"type":"LOG","log":{"level":"INFO","message":"INFO i.a.w.i.DefaultAirbyteStreamFactory(internalLog):159 INFO i.a.i.s.p.PostgresSource(logPreSyncDebugData):221 Discovering indexes for schema \"test\", table \"test_1_time_array\""}}
{"type":"LOG","log":{"level":"INFO","message":"INFO i.a.w.i.DefaultAirbyteStreamFactory(internalLog):159 INFO i.a.i.s.p.PostgresSource(logPreSyncDebugData):223 Index name: test_1_time_array_pkey, Column: id, Unique: true"}}
{"type":"LOG","log":{"level":"INFO","message":"INFO i.a.w.i.DefaultAirbyteStreamFactory(internalLog):159 INFO i.a.i.s.p.PostgresSource(logPreSyncDebugData):221 Discovering indexes for schema \"test\", table \"test_1_timetz_array\""}}
{"type":"LOG","log":{"level":"INFO","message":"INFO i.a.w.i.DefaultAirbyteStreamFactory(internalLog):159 INFO i.a.i.s.p.PostgresSource(logPreSyncDebugData):223 Index name: test_1_timetz_array_pkey, Column: id, Unique: true"}}
{"type":"LOG","log":{"level":"INFO","message":"INFO i.a.w.i.DefaultAirbyteStreamFactory(internalLog):159 INFO i.a.i.s.p.PostgresSource(logPreSyncDebugData):221 Discovering indexes for schema \"test\", table \"test_1_timestamptz_array\""}}
{"type":"LOG","log":{"level":"INFO","message":"INFO i.a.w.i.DefaultAirbyteStreamFactory(internalLog):159 INFO i.a.i.s.p.PostgresSource(logPreSyncDebugData):223 Index name: test_1_timestamptz_array_pkey, Column: id, Unique: true"}}
{"type":"LOG","log":{"level":"INFO","message":"INFO i.a.w.i.DefaultAirbyteStreamFactory(internalLog):159 INFO i.a.i.s.p.PostgresSource(logPreSyncDebugData):221 Discovering indexes for schema \"test\", table \"test_1_timestamp_array\""}}
{"type":"LOG","log":{"level":"INFO","message":"INFO i.a.w.i.DefaultAirbyteStreamFactory(internalLog):159 INFO i.a.i.s.p.PostgresSource(logPreSyncDebugData):223 Index name: test_1_timestamp_array_pkey, Column: id, Unique: true"}}
{"type":"LOG","log":{"level":"INFO","message":"INFO i.a.w.i.DefaultAirbyteStreamFactory(internalLog):159 INFO i.a.i.s.p.PostgresSource(logPreSyncDebugData):221 Discovering indexes for schema \"test\", table \"test_1_money\""}}
{"type":"LOG","log":{"level":"INFO","message":"INFO i.a.w.i.DefaultAirbyteStreamFactory(internalLog):159 INFO i.a.i.s.p.PostgresSource(logPreSyncDebugData):223 Index name: test_1_money_pkey, Column: id, Unique: true"}}
{"type":"LOG","log":{"level":"INFO","message":"INFO i.a.w.i.DefaultAirbyteStreamFactory(internalLog):159 INFO i.a.i.s.p.PostgresSource(logPreSyncDebugData):221 Discovering indexes for schema \"test\", table \"test_2_bigint\""}}
{"type":"LOG","log":{"level":"INFO","message":"INFO i.a.w.i.DefaultAirbyteStreamFactory(internalLog):159 INFO i.a.i.s.p.PostgresSource(logPreSyncDebugData):223 Index name: test_2_bigint_pkey, Column: id, Unique: true"}}
{"type":"LOG","log":{"level":"INFO","message":"INFO i.a.w.i.DefaultAirbyteStreamFactory(internalLog):159 INFO i.a.i.s.p.PostgresSource(logPreSyncDebugData):221 Discovering indexes for schema \"test\", table \"test_2_bigserial\""}}
{"type":"LOG","log":{"level":"INFO","message":"INFO i.a.w.i.DefaultAirbyteStreamFactory(internalLog):159 INFO i.a.i.s.p.PostgresSource(logPreSyncDebugData):223 Index name: test_2_bigserial_pkey, Column: id, Unique: true"}}
{"type":"LOG","log":{"level":"INFO","message":"INFO i.a.w.i.DefaultAirbyteStreamFactory(internalLog):159 INFO i.a.i.s.p.PostgresSource(logPreSyncDebugData):221 Discovering indexes for schema \"test\", table \"test_3_bit\""}}
{"type":"LOG","log":{"level":"INFO","message":"INFO i.a.w.i.DefaultAirbyteStreamFactory(internalLog):159 INFO i.a.i.s.p.PostgresSource(logPreSyncDebugData):223 Index name: test_3_bit_pkey, Column: id, Unique: true"}}
{"type":"LOG","log":{"level":"INFO","message":"INFO i.a.w.i.DefaultAirbyteStreamFactory(internalLog):159 INFO i.a.i.s.p.PostgresSource(logPreSyncDebugData):221 Discovering indexes for schema \"test\", table \"test_4_bit\""}}
{"type":"LOG","log":{"level":"INFO","message":"INFO i.a.w.i.DefaultAirbyteStreamFactory(internalLog):159 INFO i.a.i.s.p.PostgresSource(logPreSyncDebugData):223 Index name: test_4_bit_pkey, Column: id, Unique: true"}}
{"type":"LOG","log":{"level":"INFO","message":"INFO i.a.w.i.DefaultAirbyteStreamFactory(internalLog):159 INFO i.a.i.s.p.PostgresSource(logPreSyncDebugData):221 Discovering indexes for schema \"test\", table \"test_3_bit_varying\""}}
{"type":"LOG","log":{"level":"INFO","message":"INFO i.a.w.i.DefaultAirbyteStreamFactory(internalLog):159 INFO i.a.i.s.p.PostgresSource(logPreSyncDebugData):223 Index name: test_3_bit_varying_pkey, Column: id, Unique: true"}}
{"type":"LOG","log":{"level":"INFO","message":"INFO i.a.w.i.DefaultAirbyteStreamFactory(internalLog):159 INFO i.a.i.s.p.PostgresSource(logPreSyncDebugData):221 Discovering indexes for schema \"test\", table \"test_4_bit_varying\""}}
{"type":"LOG","log":{"level":"INFO","message":"INFO i.a.w.i.DefaultAirbyteStreamFactory(internalLog):159 INFO i.a.i.s.p.PostgresSource(logPreSyncDebugData):223 Index name: test_4_bit_varying_pkey, Column: id, Unique: true"}}
{"type":"LOG","log":{"level":"INFO","message":"INFO i.a.w.i.DefaultAirbyteStreamFactory(internalLog):159 INFO i.a.i.s.p.PostgresSource(logPreSyncDebugData):221 Discovering indexes for schema \"test\", table \"test_2_bool\""}}
{"type":"LOG","log":{"level":"INFO","message":"INFO i.a.w.i.DefaultAirbyteStreamFactory(internalLog):159 INFO i.a.i.s.p.PostgresSource(logPreSyncDebugData):223 Index name: test_2_bool_pkey, Column: id, Unique: true"}}
{"type":"LOG","log":{"level":"INFO","message":"INFO i.a.w.i.DefaultAirbyteStreamFactory(internalLog):159 INFO i.a.i.s.p.PostgresSource(logPreSyncDebugData):221 Discovering indexes for schema \"test\", table \"test_2_boolean\""}}
{"type":"LOG","log":{"level":"INFO","message":"INFO i.a.w.i.DefaultAirbyteStreamFactory(internalLog):159 INFO i.a.i.s.p.PostgresSource(logPreSyncDebugData):223 Index name: test_2_boolean_pkey, Column: id, Unique: true"}}
{"type":"LOG","log":{"level":"INFO","message":"INFO i.a.w.i.DefaultAirbyteStreamFactory(internalLog):159 INFO i.a.i.s.p.PostgresSource(logPreSyncDebugData):221 Discovering indexes for schema \"test\", table \"test_2_box\""}}
{"type":"LOG","log":{"level":"INFO","message":"INFO i.a.w.i.DefaultAirbyteStreamFactory(internalLog):159 INFO i.a.i.s.p.PostgresSource(logPreSyncDebugData):223 Index name: test_2_box_pkey, Column: id, Unique: true"}}
{"type":"LOG","log":{"level":"INFO","message":"INFO i.a.w.i.DefaultAirbyteStreamFactory(internalLog):159 INFO i.a.i.s.p.PostgresSource(logPreSyncDebugData):221 Discovering indexes for schema \"test\", table \"test_2_bytea\""}}
{"type":"LOG","log":{"level":"INFO","message":"INFO i.a.w.i.DefaultAirbyteStreamFactory(internalLog):159 INFO i.a.i.s.p.PostgresSource(logPreSyncDebugData):223 Index name: test_2_bytea_pkey, Column: id, Unique: true"}}
{"type":"LOG","log":{"level":"INFO","message":"INFO i.a.w.i.DefaultAirbyteStreamFactory(internalLog):159 INFO i.a.i.s.p.PostgresSource(logPreSyncDebugData):221 Discovering indexes for schema \"test\", table \"test_3_char\""}}
{"type":"LOG","log":{"level":"INFO","message":"INFO i.a.w.i.DefaultAirbyteStreamFactory(internalLog):159 INFO i.a.i.s.p.PostgresSource(logPreSyncDebugData):223 Index name: test_3_char_pkey, Column: id, Unique: true"}}
{"type":"LOG","log":{"level":"INFO","message":"INFO i.a.w.i.DefaultAirbyteStreamFactory(internalLog):159 INFO i.a.i.s.p.PostgresSource(logPreSyncDebugData):221 Discovering indexes for schema \"test\", table \"test_4_char\""}}
{"type":"LOG","log":{"level":"INFO","message":"INFO i.a.w.i.DefaultAirbyteStreamFactory(internalLog):159 INFO i.a.i.s.p.PostgresSource(logPreSyncDebugData):223 Index name: test_4_char_pkey, Column: id, Unique: true"}}
{"type":"LOG","log":{"level":"INFO","message":"INFO i.a.w.i.DefaultAirbyteStreamFactory(internalLog):159 INFO i.a.i.s.p.PostgresSource(logPreSyncDebugData):221 Discovering indexes for schema \"test\", table \"test_3_character\""}}
{"type":"LOG","log":{"level":"INFO","message":"INFO i.a.w.i.DefaultAirbyteStreamFactory(internalLog):159 INFO i.a.i.s.p.PostgresSource(logPreSyncDebugData):223 Index name: test_3_character_pkey, Column: id, Unique: true"}}
{"type":"LOG","log":{"level":"INFO","message":"INFO i.a.w.i.DefaultAirbyteStreamFactory(internalLog):159 INFO i.a.i.s.p.PostgresSource(logPreSyncDebugData):221 Discovering indexes for schema \"test\", table \"test_4_character\""}}
{"type":"LOG","log":{"level":"INFO","message":"INFO i.a.w.i.DefaultAirbyteStreamFactory(internalLog):159 INFO i.a.i.s.p.PostgresSource(logPreSyncDebugData):223 Index name: test_4_character_pkey, Column: id, Unique: true"}}
{"type":"LOG","log":{"level":"INFO","message":"INFO i.a.w.i.DefaultAirbyteStreamFactory(internalLog):159 INFO i.a.i.s.p.PostgresSource(logPreSyncDebugData):221 Discovering indexes for schema \"test\", table \"test_2_text\""}}
{"type":"LOG","log":{"level":"INFO","message":"INFO i.a.w.i.DefaultAirbyteStreamFactory(internalLog):159 INFO i.a.i.s.p.PostgresSource(logPreSyncDebugData):223 Index name: test_2_text_pkey, Column: id, Unique: true"}}
{"type":"LOG","log":{"level":"INFO","message":"INFO i.a.w.i.DefaultAirbyteStreamFactory(internalLog):159 INFO i.a.i.s.p.PostgresSource(logPreSyncDebugData):221 Discovering indexes for schema \"test\", table \"test_3_varchar\""}}
{"type":"LOG","log":{"level":"INFO","message":"INFO i.a.w.i.DefaultAirbyteStreamFactory(internalLog):159 INFO i.a.i.s.p.PostgresSource(logPreSyncDebugData):223 Index name: test_3_varchar_pkey, Column: id, Unique: true"}}
{"type":"LOG","log":{"level":"INFO","message":"INFO i.a.w.i.DefaultAirbyteStreamFactory(internalLog):159 INFO i.a.i.s.p.PostgresSource(logPreSyncDebugData):221 Discovering indexes for schema \"test\", table \"test_4_varchar\""}}
{"type":"LOG","log":{"level":"INFO","message":"INFO i.a.w.i.DefaultAirbyteStreamFactory(internalLog):159 INFO i.a.i.s.p.PostgresSource(logPreSyncDebugData):223 Index name: test_4_varchar_pkey, Column: id, Unique: true"}}
{"type":"LOG","log":{"level":"INFO","message":"INFO i.a.w.i.DefaultAirbyteStreamFactory(internalLog):159 INFO i.a.i.s.p.PostgresSource(logPreSyncDebugData):221 Discovering indexes for schema \"test\", table \"test_2_cidr\""}}
{"type":"LOG","log":{"level":"INFO","message":"INFO i.a.w.i.DefaultAirbyteStreamFactory(internalLog):159 INFO i.a.i.s.p.PostgresSource(logPreSyncDebugData):223 Index name: test_2_cidr_pkey, Column: id, Unique: true"}}
{"type":"LOG","log":{"level":"INFO","message":"INFO i.a.w.i.DefaultAirbyteStreamFactory(internalLog):159 INFO i.a.i.s.p.PostgresSource(logPreSyncDebugData):221 Discovering indexes for schema \"test\", table \"test_2_circle\""}}
{"type":"LOG","log":{"level":"INFO","message":"INFO i.a.w.i.DefaultAirbyteStreamFactory(internalLog):159 INFO i.a.i.s.p.PostgresSource(logPreSyncDebugData):223 Index name: test_2_circle_pkey, Column: id, Unique: true"}}
{"type":"LOG","log":{"level":"INFO","message":"INFO i.a.w.i.DefaultAirbyteStreamFactory(internalLog):159 INFO i.a.i.s.p.PostgresSource(logPreSyncDebugData):221 Discovering indexes for schema \"test\", table \"test_4_date\""}}
{"type":"LOG","log":{"level":"INFO","message":"INFO i.a.w.i.DefaultAirbyteStreamFactory(internalLog):159 INFO i.a.i.s.p.PostgresSource(logPreSyncDebugData):223 Index name: test_4_date_pkey, Column: id, Unique: true"}}
{"type":"LOG","log":{"level":"INFO","message":"INFO i.a.w.i.DefaultAirbyteStreamFactory(internalLog):159 INFO i.a.i.s.p.PostgresSource(logPreSyncDebugData):221 Discovering indexes for schema \"test\", table \"test_5_date\""}}
{"type":"LOG","log":{"level":"INFO","message":"INFO i.a.w.i.DefaultAirbyteStreamFactory(internalLog):159 INFO i.a.i.s.p.PostgresSource(logPreSyncDebugData):223 Index name: test_5_date_pkey, Column: id, Unique: true"}}
{"type":"LOG","log":{"level":"INFO","message":"INFO i.a.w.i.DefaultAirbyteStreamFactory(internalLog):159 INFO i.a.i.s.p.PostgresSource(logPreSyncDebugData):221 Discovering indexes for schema \"test\", table \"test_6_date\""}}
{"type":"LOG","log":{"level":"INFO","message":"INFO i.a.w.i.DefaultAirbyteStreamFactory(internalLog):159 INFO i.a.i.s.p.PostgresSource(logPreSyncDebugData):223 Index name: test_6_date_pkey, Column: id, Unique: true"}}
{"type":"LOG","log":{"level":"INFO","message":"INFO i.a.w.i.DefaultAirbyteStreamFactory(internalLog):159 INFO i.a.i.s.p.PostgresSource(logPreSyncDebugData):221 Discovering indexes for schema \"test\", table \"test_2_float\""}}
{"type":"LOG","log":{"level":"INFO","message":"INFO i.a.w.i.DefaultAirbyteStreamFactory(internalLog):159 INFO i.a.i.s.p.PostgresSource(logPreSyncDebugData):223 Index name: test_2_float_pkey, Column: id, Unique: true"}}
{"type":"LOG","log":{"level":"INFO","message":"INFO i.a.w.i.DefaultAirbyteStreamFactory(internalLog):159 INFO i.a.i.s.p.PostgresSource(logPreSyncDebugData):221 Discovering indexes for schema \"test\", table \"test_2_double_precision\""}}
{"type":"LOG","log":{"level":"INFO","message":"INFO i.a.w.i.DefaultAirbyteStreamFactory(internalLog):159 INFO i.a.i.s.p.PostgresSource(logPreSyncDebugData):223 Index name: test_2_double_precision_pkey, Column: id, Unique: true"}}
{"type":"LOG","log":{"level":"INFO","message":"INFO i.a.w.i.DefaultAirbyteStreamFactory(internalLog):159 INFO i.a.i.s.p.PostgresSource(logPreSyncDebugData):221 Discovering indexes for schema \"test\", table \"test_2_float8\""}}
{"type":"LOG","log":{"level":"INFO","message":"INFO i.a.w.i.DefaultAirbyteStreamFactory(internalLog):159 INFO i.a.i.s.p.PostgresSource(logPreSyncDebugData):223 Index name: test_2_float8_pkey, Column: id, Unique: true"}}
{"type":"LOG","log":{"level":"INFO","message":"INFO i.a.w.i.DefaultAirbyteStreamFactory(internalLog):159 INFO i.a.i.s.p.PostgresSource(logPreSyncDebugData):221 Discovering indexes for schema \"test\", table \"test_2_inet\""}}
{"type":"LOG","log":{"level":"INFO","message":"INFO i.a.w.i.DefaultAirbyteStreamFactory(internalLog):159 INFO i.a.i.s.p.PostgresSource(logPreSyncDebugData):223 Index name: test_2_inet_pkey, Column: id, Unique: true"}}
{"type":"LOG","log":{"level":"INFO","message":"INFO i.a.w.i.DefaultAirbyteStreamFactory(internalLog):159 INFO i.a.i.s.p.PostgresSource(logPreSyncDebugData):221 Discovering indexes for schema \"test\", table \"test_2_int4\""}}
{"type":"LOG","log":{"level":"INFO","message":"INFO i.a.w.i.DefaultAirbyteStreamFactory(internalLog):159 INFO i.a.i.s.p.PostgresSource(logPreSyncDebugData):223 Index name: test_2_int4_pkey, Column: id, Unique: true"}}
{"type":"LOG","log":{"level":"INFO","message":"INFO i.a.w.i.DefaultAirbyteStreamFactory(internalLog):159 INFO i.a.i.s.p.PostgresSource(logPreSyncDebugData):221 Discovering indexes for schema \"test\", table \"test_2_int\""}}
{"type":"LOG","log":{"level":"INFO","message":"INFO i.a.w.i.DefaultAirbyteStreamFactory(internalLog):159 INFO i.a.i.s.p.PostgresSource(logPreSyncDebugData):223 Index name: test_2_int_pkey, Column: id, Unique: true"}}
{"type":"LOG","log":{"level":"INFO","message":"INFO i.a.w.i.DefaultAirbyteStreamFactory(internalLog):159 INFO i.a.i.s.p.PostgresSource(logPreSyncDebugData):221 Discovering indexes for schema \"test\", table \"test_2_integer\""}}
{"type":"LOG","log":{"level":"INFO","message":"INFO i.a.w.i.DefaultAirbyteStreamFactory(internalLog):159 INFO i.a.i.s.p.PostgresSource(logPreSyncDebugData):223 Index name: test_2_integer_pkey, Column: id, Unique: true"}}
{"type":"LOG","log":{"level":"INFO","message":"INFO i.a.w.i.DefaultAirbyteStreamFactory(internalLog):159 INFO i.a.i.s.p.PostgresSource(logPreSyncDebugData):221 Discovering indexes for schema \"test\", table \"test_2_interval\""}}
{"type":"LOG","log":{"level":"INFO","message":"INFO i.a.w.i.DefaultAirbyteStreamFactory(internalLog):159 INFO i.a.i.s.p.PostgresSource(logPreSyncDebugData):223 Index name: test_2_interval_pkey, Column: id, Unique: true"}}
{"type":"LOG","log":{"level":"INFO","message":"INFO i.a.w.i.DefaultAirbyteStreamFactory(internalLog):159 INFO i.a.i.s.p.PostgresSource(logPreSyncDebugData):221 Discovering indexes for schema \"test\", table \"test_2_json\""}}
{"type":"LOG","log":{"level":"INFO","message":"INFO i.a.w.i.DefaultAirbyteStreamFactory(internalLog):159 INFO i.a.i.s.p.PostgresSource(logPreSyncDebugData):223 Index name: test_2_json_pkey, Column: id, Unique: true"}}
{"type":"LOG","log":{"level":"INFO","message":"INFO i.a.w.i.DefaultAirbyteStreamFactory(internalLog):159 INFO i.a.i.s.p.PostgresSource(logPreSyncDebugData):221 Discovering indexes for schema \"test\", table \"test_2_jsonb\""}}
{"type":"LOG","log":{"level":"INFO","message":"INFO i.a.w.i.DefaultAirbyteStreamFactory(internalLog):159 INFO i.a.i.s.p.PostgresSource(logPreSyncDebugData):223 Index name: test_2_jsonb_pkey, Column: id, Unique: true"}}
{"type":"LOG","log":{"level":"INFO","message":"INFO i.a.w.i.DefaultAirbyteStreamFactory(internalLog):159 INFO i.a.i.s.p.PostgresSource(logPreSyncDebugData):221 Discovering indexes for schema \"test\", table \"test_2_line\""}}
{"type":"LOG","log":{"level":"INFO","message":"INFO i.a.w.i.DefaultAirbyteStreamFactory(internalLog):159 INFO i.a.i.s.p.PostgresSource(logPreSyncDebugData):223 Index name: test_2_line_pkey, Column: id, Unique: true"}}
{"type":"LOG","log":{"level":"INFO","message":"INFO i.a.w.i.DefaultAirbyteStreamFactory(internalLog):159 INFO i.a.i.s.p.PostgresSource(logPreSyncDebugData):221 Discovering indexes for schema \"test\", table \"test_2_lseg\""}}
{"type":"LOG","log":{"level":"INFO","message":"INFO i.a.w.i.DefaultAirbyteStreamFactory(internalLog):159 INFO i.a.i.s.p.PostgresSource(logPreSyncDebugData):223 Index name: test_2_lseg_pkey, Column: id, Unique: true"}}
{"type":"LOG","log":{"level":"INFO","message":"INFO i.a.w.i.DefaultAirbyteStreamFactory(internalLog):159 INFO i.a.i.s.p.PostgresSource(logPreSyncDebugData):221 Discovering indexes for schema \"test\", table \"test_2_macaddr\""}}
{"type":"LOG","log":{"level":"INFO","message":"INFO i.a.w.i.DefaultAirbyteStreamFactory(internalLog):159 INFO i.a.i.s.p.PostgresSource(logPreSyncDebugData):223 Index name: test_2_macaddr_pkey, Column: id, Unique: true"}}
{"type":"LOG","log":{"level":"INFO","message":"INFO i.a.w.i.DefaultAirbyteStreamFactory(internalLog):159 INFO i.a.i.s.p.PostgresSource(logPreSyncDebugData):221 Discovering indexes for schema \"test\", table \"test_2_macaddr8\""}}
{"type":"LOG","log":{"level":"INFO","message":"INFO i.a.w.i.DefaultAirbyteStreamFactory(internalLog):159 INFO i.a.i.s.p.PostgresSource(logPreSyncDebugData):223 Index name: test_2_macaddr8_pkey, Column: id, Unique: true"}}
{"type":"LOG","log":{"level":"INFO","message":"INFO i.a.w.i.DefaultAirbyteStreamFactory(internalLog):159 INFO i.a.i.s.p.PostgresSource(logPreSyncDebugData):221 Discovering indexes for schema \"test\", table \"test_6_numeric\""}}
{"type":"LOG","log":{"level":"INFO","message":"INFO i.a.w.i.DefaultAirbyteStreamFactory(internalLog):159 INFO i.a.i.s.p.PostgresSource(logPreSyncDebugData):223 Index name: test_6_numeric_pkey, Column: id, Unique: true"}}
{"type":"LOG","log":{"level":"INFO","message":"INFO i.a.w.i.DefaultAirbyteStreamFactory(internalLog):159 INFO i.a.i.s.p.PostgresSource(logPreSyncDebugData):221 Discovering indexes for schema \"test\", table \"test_7_numeric\""}}
{"type":"LOG","log":{"level":"INFO","message":"INFO i.a.w.i.DefaultAirbyteStreamFactory(internalLog):159 INFO i.a.i.s.p.PostgresSource(logPreSyncDebugData):223 Index name: test_7_numeric_pkey, Column: id, Unique: true"}}
{"type":"LOG","log":{"level":"INFO","message":"INFO i.a.w.i.DefaultAirbyteStreamFactory(internalLog):159 INFO i.a.i.s.p.PostgresSource(logPreSyncDebugData):221 Discovering indexes for schema \"test\", table \"test_8_numeric\""}}
{"type":"LOG","log":{"level":"INFO","message":"INFO i.a.w.i.DefaultAirbyteStreamFactory(internalLog):159 INFO i.a.i.s.p.PostgresSource(logPreSyncDebugData):223 Index name: test_8_numeric_pkey, Column: id, Unique: true"}}
{"type":"LOG","log":{"level":"INFO","message":"INFO i.a.w.i.DefaultAirbyteStreamFactory(internalLog):159 INFO i.a.i.s.p.PostgresSource(logPreSyncDebugData):221 Discovering indexes for schema \"test\", table \"test_9_numeric\""}}
{"type":"LOG","log":{"level":"INFO","message":"INFO i.a.w.i.DefaultAirbyteStreamFactory(internalLog):159 INFO i.a.i.s.p.PostgresSource(logPreSyncDebugData):223 Index name: test_9_numeric_pkey, Column: id, Unique: true"}}
{"type":"LOG","log":{"level":"INFO","message":"INFO i.a.w.i.DefaultAirbyteStreamFactory(internalLog):159 INFO i.a.i.s.p.PostgresSource(logPreSyncDebugData):221 Discovering indexes for schema \"test\", table \"test_2_decimal\""}}
{"type":"LOG","log":{"level":"INFO","message":"INFO i.a.w.i.DefaultAirbyteStreamFactory(internalLog):159 INFO i.a.i.s.p.PostgresSource(logPreSyncDebugData):223 Index name: test_2_decimal_pkey, Column: id, Unique: true"}}
{"type":"LOG","log":{"level":"INFO","message":"INFO i.a.w.i.DefaultAirbyteStreamFactory(internalLog):159 INFO i.a.i.s.p.PostgresSource(logPreSyncDebugData):221 Discovering indexes for schema \"test\", table \"test_10_numeric\""}}
{"type":"LOG","log":{"level":"INFO","message":"INFO i.a.w.i.DefaultAirbyteStreamFactory(internalLog):159 INFO i.a.i.s.p.PostgresSource(logPreSyncDebugData):223 Index name: test_10_numeric_pkey, Column: id, Unique: true"}}
{"type":"LOG","log":{"level":"INFO","message":"INFO i.a.w.i.DefaultAirbyteStreamFactory(internalLog):159 INFO i.a.i.s.p.PostgresSource(logPreSyncDebugData):221 Discovering indexes for schema \"test\", table \"test_2_path\""}}
{"type":"LOG","log":{"level":"INFO","message":"INFO i.a.w.i.DefaultAirbyteStreamFactory(internalLog):159 INFO i.a.i.s.p.PostgresSource(logPreSyncDebugData):223 Index name: test_2_path_pkey, Column: id, Unique: true"}}
{"type":"LOG","log":{"level":"INFO","message":"INFO i.a.w.i.DefaultAirbyteStreamFactory(internalLog):159 INFO i.a.i.s.p.PostgresSource(logPreSyncDebugData):221 Discovering indexes for schema \"test\", table \"test_2_pg_lsn\""}}
{"type":"LOG","log":{"level":"INFO","message":"INFO i.a.w.i.DefaultAirbyteStreamFactory(internalLog):159 INFO i.a.i.s.p.PostgresSource(logPreSyncDebugData):223 Index name: test_2_pg_lsn_pkey, Column: id, Unique: true"}}
{"type":"LOG","log":{"level":"INFO","message":"INFO i.a.w.i.DefaultAirbyteStreamFactory(internalLog):159 INFO i.a.i.s.p.PostgresSource(logPreSyncDebugData):221 Discovering indexes for schema \"test\", table \"test_2_point\""}}
{"type":"LOG","log":{"level":"INFO","message":"INFO i.a.w.i.DefaultAirbyteStreamFactory(internalLog):159 INFO i.a.i.s.p.PostgresSource(logPreSyncDebugData):223 Index name: test_2_point_pkey, Column: id, Unique: true"}}
{"type":"LOG","log":{"level":"INFO","message":"INFO i.a.w.i.DefaultAirbyteStreamFactory(internalLog):159 INFO i.a.i.s.p.PostgresSource(logPreSyncDebugData):221 Discovering indexes for schema \"test\", table \"test_2_polygon\""}}
{"type":"LOG","log":{"level":"INFO","message":"INFO i.a.w.i.DefaultAirbyteStreamFactory(internalLog):159 INFO i.a.i.s.p.PostgresSource(logPreSyncDebugData):223 Index name: test_2_polygon_pkey, Column: id, Unique: true"}}
{"type":"LOG","log":{"level":"INFO","message":"INFO i.a.w.i.DefaultAirbyteStreamFactory(internalLog):159 INFO i.a.i.s.p.PostgresSource(logPreSyncDebugData):221 Discovering indexes for schema \"test\", table \"test_2_float4\""}}
{"type":"LOG","log":{"level":"INFO","message":"INFO i.a.w.i.DefaultAirbyteStreamFactory(internalLog):159 INFO i.a.i.s.p.PostgresSource(logPreSyncDebugData):223 Index name: test_2_float4_pkey, Column: id, Unique: true"}}
{"type":"LOG","log":{"level":"INFO","message":"INFO i.a.w.i.DefaultAirbyteStreamFactory(internalLog):159 INFO i.a.i.s.p.PostgresSource(logPreSyncDebugData):221 Discovering indexes for schema \"test\", table \"test_2_real\""}}
{"type":"LOG","log":{"level":"INFO","message":"INFO i.a.w.i.DefaultAirbyteStreamFactory(internalLog):159 INFO i.a.i.s.p.PostgresSource(logPreSyncDebugData):223 Index name: test_2_real_pkey, Column: id, Unique: true"}}
{"type":"LOG","log":{"level":"INFO","message":"INFO i.a.w.i.DefaultAirbyteStreamFactory(internalLog):159 INFO i.a.i.s.p.PostgresSource(logPreSyncDebugData):221 Discovering indexes for schema \"test\", table \"test_2_int2\""}}
{"type":"LOG","log":{"level":"INFO","message":"INFO i.a.w.i.DefaultAirbyteStreamFactory(internalLog):159 INFO i.a.i.s.p.PostgresSource(logPreSyncDebugData):223 Index name: test_2_int2_pkey, Column: id, Unique: true"}}
{"type":"LOG","log":{"level":"INFO","message":"INFO i.a.w.i.DefaultAirbyteStreamFactory(internalLog):159 INFO i.a.i.s.p.PostgresSource(logPreSyncDebugData):221 Discovering indexes for schema \"test\", table \"test_2_smallint\""}}
{"type":"LOG","log":{"level":"INFO","message":"INFO i.a.w.i.DefaultAirbyteStreamFactory(internalLog):159 INFO i.a.i.s.p.PostgresSource(logPreSyncDebugData):223 Index name: test_2_smallint_pkey, Column: id, Unique: true"}}
{"type":"LOG","log":{"level":"INFO","message":"INFO i.a.w.i.DefaultAirbyteStreamFactory(internalLog):159 INFO i.a.i.s.p.PostgresSource(logPreSyncDebugData):221 Discovering indexes for schema \"test\", table \"test_2_serial2\""}}
{"type":"LOG","log":{"level":"INFO","message":"INFO i.a.w.i.DefaultAirbyteStreamFactory(internalLog):159 INFO i.a.i.s.p.PostgresSource(logPreSyncDebugData):223 Index name: test_2_serial2_pkey, Column: id, Unique: true"}}
{"type":"LOG","log":{"level":"INFO","message":"INFO i.a.w.i.DefaultAirbyteStreamFactory(internalLog):159 INFO i.a.i.s.p.PostgresSource(logPreSyncDebugData):221 Discovering indexes for schema \"test\", table \"test_2_smallserial\""}}
{"type":"LOG","log":{"level":"INFO","message":"INFO i.a.w.i.DefaultAirbyteStreamFactory(internalLog):159 INFO i.a.i.s.p.PostgresSource(logPreSyncDebugData):223 Index name: test_2_smallserial_pkey, Column: id, Unique: true"}}
{"type":"LOG","log":{"level":"INFO","message":"INFO i.a.w.i.DefaultAirbyteStreamFactory(internalLog):159 INFO i.a.i.s.p.PostgresSource(logPreSyncDebugData):221 Discovering indexes for schema \"test\", table \"test_2_serial4\""}}
{"type":"LOG","log":{"level":"INFO","message":"INFO i.a.w.i.DefaultAirbyteStreamFactory(internalLog):159 INFO i.a.i.s.p.PostgresSource(logPreSyncDebugData):223 Index name: test_2_serial4_pkey, Column: id, Unique: true"}}
{"type":"LOG","log":{"level":"INFO","message":"INFO i.a.w.i.DefaultAirbyteStreamFactory(internalLog):159 INFO i.a.i.s.p.PostgresSource(logPreSyncDebugData):221 Discovering indexes for schema \"test\", table \"test_2_serial\""}}
{"type":"LOG","log":{"level":"INFO","message":"INFO i.a.w.i.DefaultAirbyteStreamFactory(internalLog):159 INFO i.a.i.s.p.PostgresSource(logPreSyncDebugData):223 Index name: test_2_serial_pkey, Column: id, Unique: true"}}
{"type":"LOG","log":{"level":"INFO","message":"INFO i.a.w.i.DefaultAirbyteStreamFactory(internalLog):159 INFO i.a.i.s.p.PostgresSource(logPreSyncDebugData):221 Discovering indexes for schema \"test\", table \"test_6_time\""}}
{"type":"LOG","log":{"level":"INFO","message":"INFO i.a.w.i.DefaultAirbyteStreamFactory(internalLog):159 INFO i.a.i.s.p.PostgresSource(logPreSyncDebugData):223 Index name: test_6_time_pkey, Column: id, Unique: true"}}
{"type":"LOG","log":{"level":"INFO","message":"INFO i.a.w.i.DefaultAirbyteStreamFactory(internalLog):159 INFO i.a.i.s.p.PostgresSource(logPreSyncDebugData):221 Discovering indexes for schema \"test\", table \"test_7_time\""}}
{"type":"LOG","log":{"level":"INFO","message":"INFO i.a.w.i.DefaultAirbyteStreamFactory(internalLog):159 INFO i.a.i.s.p.PostgresSource(logPreSyncDebugData):223 Index name: test_7_time_pkey, Column: id, Unique: true"}}
{"type":"LOG","log":{"level":"INFO","message":"INFO i.a.w.i.DefaultAirbyteStreamFactory(internalLog):159 INFO i.a.i.s.p.PostgresSource(logPreSyncDebugData):221 Discovering indexes for schema \"test\", table \"test_8_time\""}}
{"type":"LOG","log":{"level":"INFO","message":"INFO i.a.w.i.DefaultAirbyteStreamFactory(internalLog):159 INFO i.a.i.s.p.PostgresSource(logPreSyncDebugData):223 Index name: test_8_time_pkey, Column: id, Unique: true"}}
{"type":"LOG","log":{"level":"INFO","message":"INFO i.a.w.i.DefaultAirbyteStreamFactory(internalLog):159 INFO i.a.i.s.p.PostgresSource(logPreSyncDebugData):221 Discovering indexes for schema \"test\", table \"test_9_time\""}}
{"type":"LOG","log":{"level":"INFO","message":"INFO i.a.w.i.DefaultAirbyteStreamFactory(internalLog):159 INFO i.a.i.s.p.PostgresSource(logPreSyncDebugData):223 Index name: test_9_time_pkey, Column: id, Unique: true"}}
{"type":"LOG","log":{"level":"INFO","message":"INFO i.a.w.i.DefaultAirbyteStreamFactory(internalLog):159 INFO i.a.i.s.p.PostgresSource(logPreSyncDebugData):221 Discovering indexes for schema \"test\", table \"test_10_time\""}}
{"type":"LOG","log":{"level":"INFO","message":"INFO i.a.w.i.DefaultAirbyteStreamFactory(internalLog):159 INFO i.a.i.s.p.PostgresSource(logPreSyncDebugData):223 Index name: test_10_time_pkey, Column: id, Unique: true"}}
{"type":"LOG","log":{"level":"INFO","message":"INFO i.a.w.i.DefaultAirbyteStreamFactory(internalLog):159 INFO i.a.i.s.p.PostgresSource(logPreSyncDebugData):221 Discovering indexes for schema \"test\", table \"test_9_timestamp\""}}
{"type":"LOG","log":{"level":"INFO","message":"INFO i.a.w.i.DefaultAirbyteStreamFactory(internalLog):159 INFO i.a.i.s.p.PostgresSource(logPreSyncDebugData):223 Index name: test_9_timestamp_pkey, Column: id, Unique: true"}}
{"type":"LOG","log":{"level":"INFO","message":"INFO i.a.w.i.DefaultAirbyteStreamFactory(internalLog):159 INFO i.a.i.s.p.PostgresSource(logPreSyncDebugData):221 Discovering indexes for schema \"test\", table \"test_10_timestamp\""}}
{"type":"LOG","log":{"level":"INFO","message":"INFO i.a.w.i.DefaultAirbyteStreamFactory(internalLog):159 INFO i.a.i.s.p.PostgresSource(logPreSyncDebugData):223 Index name: test_10_timestamp_pkey, Column: id, Unique: true"}}
{"type":"LOG","log":{"level":"INFO","message":"INFO i.a.w.i.DefaultAirbyteStreamFactory(internalLog):159 INFO i.a.i.s.p.PostgresSource(logPreSyncDebugData):221 Discovering indexes for schema \"test\", table \"test_11_timestamp\""}}
{"type":"LOG","log":{"level":"INFO","message":"INFO i.a.w.i.DefaultAirbyteStreamFactory(internalLog):159 INFO i.a.i.s.p.PostgresSource(logPreSyncDebugData):223 Index name: test_11_timestamp_pkey, Column: id, Unique: true"}}
{"type":"LOG","log":{"level":"INFO","message":"INFO i.a.w.i.DefaultAirbyteStreamFactory(internalLog):159 INFO i.a.i.s.p.PostgresSource(logPreSyncDebugData):221 Discovering indexes for schema \"test\", table \"test_12_timestamp\""}}
{"type":"LOG","log":{"level":"INFO","message":"INFO i.a.w.i.DefaultAirbyteStreamFactory(internalLog):159 INFO i.a.i.s.p.PostgresSource(logPreSyncDebugData):223 Index name: test_12_timestamp_pkey, Column: id, Unique: true"}}
{"type":"LOG","log":{"level":"INFO","message":"INFO i.a.w.i.DefaultAirbyteStreamFactory(internalLog):159 INFO i.a.i.s.p.PostgresSource(logPreSyncDebugData):221 Discovering indexes for schema \"test\", table \"test_13_timestamp\""}}
{"type":"LOG","log":{"level":"INFO","message":"INFO i.a.w.i.DefaultAirbyteStreamFactory(internalLog):159 INFO i.a.i.s.p.PostgresSource(logPreSyncDebugData):223 Index name: test_13_timestamp_pkey, Column: id, Unique: true"}}
{"type":"LOG","log":{"level":"INFO","message":"INFO i.a.w.i.DefaultAirbyteStreamFactory(internalLog):159 INFO i.a.i.s.p.PostgresSource(logPreSyncDebugData):221 Discovering indexes for schema \"test\", table \"test_14_timestamp\""}}
{"type":"LOG","log":{"level":"INFO","message":"INFO i.a.w.i.DefaultAirbyteStreamFactory(internalLog):159 INFO i.a.i.s.p.PostgresSource(logPreSyncDebugData):223 Index name: test_14_timestamp_pkey, Column: id, Unique: true"}}
{"type":"LOG","log":{"level":"INFO","message":"INFO i.a.w.i.DefaultAirbyteStreamFactory(internalLog):159 INFO i.a.i.s.p.PostgresSource(logPreSyncDebugData):221 Discovering indexes for schema \"test\", table \"test_15_timestamp\""}}
{"type":"LOG","log":{"level":"INFO","message":"INFO i.a.w.i.DefaultAirbyteStreamFactory(internalLog):159 INFO i.a.i.s.p.PostgresSource(logPreSyncDebugData):223 Index name: test_15_timestamp_pkey, Column: id, Unique: true"}}
{"type":"LOG","log":{"level":"INFO","message":"INFO i.a.w.i.DefaultAirbyteStreamFactory(internalLog):159 INFO i.a.i.s.p.PostgresSource(logPreSyncDebugData):221 Discovering indexes for schema \"test\", table \"test_16_timestamp\""}}
{"type":"LOG","log":{"level":"INFO","message":"INFO i.a.w.i.DefaultAirbyteStreamFactory(internalLog):159 INFO i.a.i.s.p.PostgresSource(logPreSyncDebugData):223 Index name: test_16_timestamp_pkey, Column: id, Unique: true"}}
{"type":"LOG","log":{"level":"INFO","message":"INFO i.a.w.i.DefaultAirbyteStreamFactory(internalLog):159 INFO i.a.i.s.p.PostgresSource(logPreSyncDebugData):221 Discovering indexes for schema \"test\", table \"test_3_timestamptz\""}}
{"type":"LOG","log":{"level":"INFO","message":"INFO i.a.w.i.DefaultAirbyteStreamFactory(internalLog):159 INFO i.a.i.s.p.PostgresSource(logPreSyncDebugData):223 Index name: test_3_timestamptz_pkey, Column: id, Unique: true"}}
{"type":"LOG","log":{"level":"INFO","message":"INFO i.a.w.i.DefaultAirbyteStreamFactory(internalLog):159 INFO i.a.i.s.p.PostgresSource(logPreSyncDebugData):221 Discovering indexes for schema \"test\", table \"test_4_timestamptz\""}}
{"type":"LOG","log":{"level":"INFO","message":"INFO i.a.w.i.DefaultAirbyteStreamFactory(internalLog):159 INFO i.a.i.s.p.PostgresSource(logPreSyncDebugData):223 Index name: test_4_timestamptz_pkey, Column: id, Unique: true"}}
{"type":"LOG","log":{"level":"INFO","message":"INFO i.a.w.i.DefaultAirbyteStreamFactory(internalLog):159 INFO i.a.i.s.p.PostgresSource(logPreSyncDebugData):221 Discovering indexes for schema \"test\", table \"test_2_tsquery\""}}
{"type":"LOG","log":{"level":"INFO","message":"INFO i.a.w.i.DefaultAirbyteStreamFactory(internalLog):159 INFO i.a.i.s.p.PostgresSource(logPreSyncDebugData):223 Index name: test_2_tsquery_pkey, Column: id, Unique: true"}}
{"type":"LOG","log":{"level":"INFO","message":"INFO i.a.w.i.DefaultAirbyteStreamFactory(internalLog):159 INFO i.a.i.s.p.PostgresSource(logPreSyncDebugData):221 Discovering indexes for schema \"test\", table \"test_2_tsvector\""}}
{"type":"LOG","log":{"level":"INFO","message":"INFO i.a.w.i.DefaultAirbyteStreamFactory(internalLog):159 INFO i.a.i.s.p.PostgresSource(logPreSyncDebugData):223 Index name: test_2_tsvector_pkey, Column: id, Unique: true"}}
{"type":"LOG","log":{"level":"INFO","message":"INFO i.a.w.i.DefaultAirbyteStreamFactory(internalLog):159 INFO i.a.i.s.p.PostgresSource(logPreSyncDebugData):221 Discovering indexes for schema \"test\", table \"test_2_uuid\""}}
{"type":"LOG","log":{"level":"INFO","message":"INFO i.a.w.i.DefaultAirbyteStreamFactory(internalLog):159 INFO i.a.i.s.p.PostgresSource(logPreSyncDebugData):223 Index name: test_2_uuid_pkey, Column: id, Unique: true"}}
{"type":"LOG","log":{"level":"INFO","message":"INFO i.a.w.i.DefaultAirbyteStreamFactory(internalLog):159 INFO i.a.i.s.p.PostgresSource(logPreSyncDebugData):221 Discovering indexes for schema \"test\", table \"test_2_xml\""}}
{"type":"LOG","log":{"level":"INFO","message":"INFO i.a.w.i.DefaultAirbyteStreamFactory(internalLog):159 INFO i.a.i.s.p.PostgresSource(logPreSyncDebugData):223 Index name: test_2_xml_pkey, Column: id, Unique: true"}}
{"type":"LOG","log":{"level":"INFO","message":"INFO i.a.w.i.DefaultAirbyteStreamFactory(internalLog):159 INFO i.a.i.s.p.PostgresSource(logPreSyncDebugData):221 Discovering indexes for schema \"test\", table \"test_2_mood\""}}
{"type":"LOG","log":{"level":"INFO","message":"INFO i.a.w.i.DefaultAirbyteStreamFactory(internalLog):159 INFO i.a.i.s.p.PostgresSource(logPreSyncDebugData):223 Index name: test_2_mood_pkey, Column: id, Unique: true"}}
{"type":"LOG","log":{"level":"INFO","message":"INFO i.a.w.i.DefaultAirbyteStreamFactory(internalLog):159 INFO i.a.i.s.p.PostgresSource(logPreSyncDebugData):221 Discovering indexes for schema \"test\", table \"test_2_tsrange\""}}
{"type":"LOG","log":{"level":"INFO","message":"INFO i.a.w.i.DefaultAirbyteStreamFactory(internalLog):159 INFO i.a.i.s.p.PostgresSource(logPreSyncDebugData):223 Index name: test_2_tsrange_pkey, Column: id, Unique: true"}}
{"type":"LOG","log":{"level":"INFO","message":"INFO i.a.w.i.DefaultAirbyteStreamFactory(internalLog):159 INFO i.a.i.s.p.PostgresSource(logPreSyncDebugData):221 Discovering indexes for schema \"test\", table \"test_2_inventory_item\""}}
{"type":"LOG","log":{"level":"INFO","message":"INFO i.a.w.i.DefaultAirbyteStreamFactory(internalLog):159 INFO i.a.i.s.p.PostgresSource(logPreSyncDebugData):223 Index name: test_2_inventory_item_pkey, Column: id, Unique: true"}}
{"type":"LOG","log":{"level":"INFO","message":"INFO i.a.w.i.DefaultAirbyteStreamFactory(internalLog):159 INFO i.a.i.s.p.PostgresSource(logPreSyncDebugData):221 Discovering indexes for schema \"test\", table \"test_2_hstore\""}}
{"type":"LOG","log":{"level":"INFO","message":"INFO i.a.w.i.DefaultAirbyteStreamFactory(internalLog):159 INFO i.a.i.s.p.PostgresSource(logPreSyncDebugData):223 Index name: test_2_hstore_pkey, Column: id, Unique: true"}}
{"type":"LOG","log":{"level":"INFO","message":"INFO i.a.w.i.DefaultAirbyteStreamFactory(internalLog):159 INFO i.a.i.s.p.PostgresSource(logPreSyncDebugData):221 Discovering indexes for schema \"test\", table \"test_3_timetz\""}}
{"type":"LOG","log":{"level":"INFO","message":"INFO i.a.w.i.DefaultAirbyteStreamFactory(internalLog):159 INFO i.a.i.s.p.PostgresSource(logPreSyncDebugData):223 Index name: test_3_timetz_pkey, Column: id, Unique: true"}}
{"type":"LOG","log":{"level":"INFO","message":"INFO i.a.w.i.DefaultAirbyteStreamFactory(internalLog):159 INFO i.a.i.s.p.PostgresSource(logPreSyncDebugData):221 Discovering indexes for schema \"test\", table \"test_4_timetz\""}}
{"type":"LOG","log":{"level":"INFO","message":"INFO i.a.w.i.DefaultAirbyteStreamFactory(internalLog):159 INFO i.a.i.s.p.PostgresSource(logPreSyncDebugData):223 Index name: test_4_timetz_pkey, Column: id, Unique: true"}}
{"type":"LOG","log":{"level":"INFO","message":"INFO i.a.w.i.DefaultAirbyteStreamFactory(internalLog):159 INFO i.a.i.s.p.PostgresSource(logPreSyncDebugData):221 Discovering indexes for schema \"test\", table \"test_2_int2_array\""}}
{"type":"LOG","log":{"level":"INFO","message":"INFO i.a.w.i.DefaultAirbyteStreamFactory(internalLog):159 INFO i.a.i.s.p.PostgresSource(logPreSyncDebugData):223 Index name: test_2_int2_array_pkey, Column: id, Unique: true"}}
{"type":"LOG","log":{"level":"INFO","message":"INFO i.a.w.i.DefaultAirbyteStreamFactory(internalLog):159 INFO i.a.i.s.p.PostgresSource(logPreSyncDebugData):221 Discovering indexes for schema \"test\", table \"test_2_int4_array\""}}
{"type":"LOG","log":{"level":"INFO","message":"INFO i.a.w.i.DefaultAirbyteStreamFactory(internalLog):159 INFO i.a.i.s.p.PostgresSource(logPreSyncDebugData):223 Index name: test_2_int4_array_pkey, Column: id, Unique: true"}}
{"type":"LOG","log":{"level":"INFO","message":"INFO i.a.w.i.DefaultAirbyteStreamFactory(internalLog):159 INFO i.a.i.s.p.PostgresSource(logPreSyncDebugData):221 Discovering indexes for schema \"test\", table \"test_2_int8_array\""}}
{"type":"LOG","log":{"level":"INFO","message":"INFO i.a.w.i.DefaultAirbyteStreamFactory(internalLog):159 INFO i.a.i.s.p.PostgresSource(logPreSyncDebugData):223 Index name: test_2_int8_array_pkey, Column: id, Unique: true"}}
{"type":"LOG","log":{"level":"INFO","message":"INFO i.a.w.i.DefaultAirbyteStreamFactory(internalLog):159 INFO i.a.i.s.p.PostgresSource(logPreSyncDebugData):221 Discovering indexes for schema \"test\", table \"test_2_oid_array\""}}
{"type":"LOG","log":{"level":"INFO","message":"INFO i.a.w.i.DefaultAirbyteStreamFactory(internalLog):159 INFO i.a.i.s.p.PostgresSource(logPreSyncDebugData):223 Index name: test_2_oid_array_pkey, Column: id, Unique: true"}}
{"type":"LOG","log":{"level":"INFO","message":"INFO i.a.w.i.DefaultAirbyteStreamFactory(internalLog):159 INFO i.a.i.s.p.PostgresSource(logPreSyncDebugData):221 Discovering indexes for schema \"test\", table \"test_2_varchar_array\""}}
{"type":"LOG","log":{"level":"INFO","message":"INFO i.a.w.i.DefaultAirbyteStreamFactory(internalLog):159 INFO i.a.i.s.p.PostgresSource(logPreSyncDebugData):223 Index name: test_2_varchar_array_pkey, Column: id, Unique: true"}}
{"type":"LOG","log":{"level":"INFO","message":"INFO i.a.w.i.DefaultAirbyteStreamFactory(internalLog):159 INFO i.a.i.s.p.PostgresSource(logPreSyncDebugData):221 Discovering indexes for schema \"test\", table \"test_2_char_array\""}}
{"type":"LOG","log":{"level":"INFO","message":"INFO i.a.w.i.DefaultAirbyteStreamFactory(internalLog):159 INFO i.a.i.s.p.PostgresSource(logPreSyncDebugData):223 Index name: test_2_char_array_pkey, Column: id, Unique: true"}}
{"type":"LOG","log":{"level":"INFO","message":"INFO i.a.w.i.DefaultAirbyteStreamFactory(internalLog):159 INFO i.a.i.s.p.PostgresSource(logPreSyncDebugData):221 Discovering indexes for schema \"test\", table \"test_2_bpchar_array\""}}
{"type":"LOG","log":{"level":"INFO","message":"INFO i.a.w.i.DefaultAirbyteStreamFactory(internalLog):159 INFO i.a.i.s.p.PostgresSource(logPreSyncDebugData):223 Index name: test_2_bpchar_array_pkey, Column: id, Unique: true"}}
{"type":"LOG","log":{"level":"INFO","message":"INFO i.a.w.i.DefaultAirbyteStreamFactory(internalLog):159 INFO i.a.i.s.p.PostgresSource(logPreSyncDebugData):221 Discovering indexes for schema \"test\", table \"test_2_text_array\""}}
{"type":"LOG","log":{"level":"INFO","message":"INFO i.a.w.i.DefaultAirbyteStreamFactory(internalLog):159 INFO i.a.i.s.p.PostgresSource(logPreSyncDebugData):223 Index name: test_2_text_array_pkey, Column: id, Unique: true"}}
{"type":"LOG","log":{"level":"INFO","message":"INFO i.a.w.i.DefaultAirbyteStreamFactory(internalLog):159 INFO i.a.i.s.p.PostgresSource(logPreSyncDebugData):221 Discovering indexes for schema \"test\", table \"test_2_name_array\""}}
{"type":"LOG","log":{"level":"INFO","message":"INFO i.a.w.i.DefaultAirbyteStreamFactory(internalLog):159 INFO i.a.i.s.p.PostgresSource(logPreSyncDebugData):223 Index name: test_2_name_array_pkey, Column: id, Unique: true"}}
{"type":"LOG","log":{"level":"INFO","message":"INFO i.a.w.i.DefaultAirbyteStreamFactory(internalLog):159 INFO i.a.i.s.p.PostgresSource(logPreSyncDebugData):221 Discovering indexes for schema \"test\", table \"test_4_decimal_array\""}}
{"type":"LOG","log":{"level":"INFO","message":"INFO i.a.w.i.DefaultAirbyteStreamFactory(internalLog):159 INFO i.a.i.s.p.PostgresSource(logPreSyncDebugData):223 Index name: test_4_decimal_array_pkey, Column: id, Unique: true"}}
{"type":"LOG","log":{"level":"INFO","message":"INFO i.a.w.i.DefaultAirbyteStreamFactory(internalLog):159 INFO i.a.i.s.p.PostgresSource(logPreSyncDebugData):221 Discovering indexes for schema \"test\", table \"test_5_decimal_array\""}}
{"type":"LOG","log":{"level":"INFO","message":"INFO i.a.w.i.DefaultAirbyteStreamFactory(internalLog):159 INFO i.a.i.s.p.PostgresSource(logPreSyncDebugData):223 Index name: test_5_decimal_array_pkey, Column: id, Unique: true"}}
{"type":"LOG","log":{"level":"INFO","message":"INFO i.a.w.i.DefaultAirbyteStreamFactory(internalLog):159 INFO i.a.i.s.p.PostgresSource(logPreSyncDebugData):221 Discovering indexes for schema \"test\", table \"test_6_decimal_array\""}}
{"type":"LOG","log":{"level":"INFO","message":"INFO i.a.w.i.DefaultAirbyteStreamFactory(internalLog):159 INFO i.a.i.s.p.PostgresSource(logPreSyncDebugData):223 Index name: test_6_decimal_array_pkey, Column: id, Unique: true"}}
{"type":"LOG","log":{"level":"INFO","message":"INFO i.a.w.i.DefaultAirbyteStreamFactory(internalLog):159 INFO i.a.i.s.p.PostgresSource(logPreSyncDebugData):221 Discovering indexes for schema \"test\", table \"test_4_numeric_array\""}}
{"type":"LOG","log":{"level":"INFO","message":"INFO i.a.w.i.DefaultAirbyteStreamFactory(internalLog):159 INFO i.a.i.s.p.PostgresSource(logPreSyncDebugData):223 Index name: test_4_numeric_array_pkey, Column: id, Unique: true"}}
{"type":"LOG","log":{"level":"INFO","message":"INFO i.a.w.i.DefaultAirbyteStreamFactory(internalLog):159 INFO i.a.i.s.p.PostgresSource(logPreSyncDebugData):221 Discovering indexes for schema \"test\", table \"test_5_numeric_array\""}}
{"type":"LOG","log":{"level":"INFO","message":"INFO i.a.w.i.DefaultAirbyteStreamFactory(internalLog):159 INFO i.a.i.s.p.PostgresSource(logPreSyncDebugData):223 Index name: test_5_numeric_array_pkey, Column: id, Unique: true"}}
{"type":"LOG","log":{"level":"INFO","message":"INFO i.a.w.i.DefaultAirbyteStreamFactory(internalLog):159 INFO i.a.i.s.p.PostgresSource(logPreSyncDebugData):221 Discovering indexes for schema \"test\", table \"test_6_numeric_array\""}}
{"type":"LOG","log":{"level":"INFO","message":"INFO i.a.w.i.DefaultAirbyteStreamFactory(internalLog):159 INFO i.a.i.s.p.PostgresSource(logPreSyncDebugData):223 Index name: test_6_numeric_array_pkey, Column: id, Unique: true"}}
{"type":"LOG","log":{"level":"INFO","message":"INFO i.a.w.i.DefaultAirbyteStreamFactory(internalLog):159 INFO i.a.i.s.p.PostgresSource(logPreSyncDebugData):221 Discovering indexes for schema \"test\", table \"test_2_float4_array\""}}
{"type":"LOG","log":{"level":"INFO","message":"INFO i.a.w.i.DefaultAirbyteStreamFactory(internalLog):159 INFO i.a.i.s.p.PostgresSource(logPreSyncDebugData):223 Index name: test_2_float4_array_pkey, Column: id, Unique: true"}}
{"type":"LOG","log":{"level":"INFO","message":"INFO i.a.w.i.DefaultAirbyteStreamFactory(internalLog):159 INFO i.a.i.s.p.PostgresSource(logPreSyncDebugData):221 Discovering indexes for schema \"test\", table \"test_2_float8_array\""}}
{"type":"LOG","log":{"level":"INFO","message":"INFO i.a.w.i.DefaultAirbyteStreamFactory(internalLog):159 INFO i.a.i.s.p.PostgresSource(logPreSyncDebugData):223 Index name: test_2_float8_array_pkey, Column: id, Unique: true"}}
{"type":"LOG","log":{"level":"INFO","message":"INFO i.a.w.i.DefaultAirbyteStreamFactory(internalLog):159 INFO i.a.i.s.p.PostgresSource(logPreSyncDebugData):221 Discovering indexes for schema \"test\", table \"test_2_money_array\""}}
{"type":"LOG","log":{"level":"INFO","message":"INFO i.a.w.i.DefaultAirbyteStreamFactory(internalLog):159 INFO i.a.i.s.p.PostgresSource(logPreSyncDebugData):223 Index name: test_2_money_array_pkey, Column: id, Unique: true"}}
{"type":"LOG","log":{"level":"INFO","message":"INFO i.a.w.i.DefaultAirbyteStreamFactory(internalLog):159 INFO i.a.i.s.p.PostgresSource(logPreSyncDebugData):221 Discovering indexes for schema \"test\", table \"test_2_bool_array\""}}
{"type":"LOG","log":{"level":"INFO","message":"INFO i.a.w.i.DefaultAirbyteStreamFactory(internalLog):159 INFO i.a.i.s.p.PostgresSource(logPreSyncDebugData):223 Index name: test_2_bool_array_pkey, Column: id, Unique: true"}}
{"type":"LOG","log":{"level":"INFO","message":"INFO i.a.w.i.DefaultAirbyteStreamFactory(internalLog):159 INFO i.a.i.s.p.PostgresSource(logPreSyncDebugData):221 Discovering indexes for schema \"test\", table \"test_2_bit_array\""}}
{"type":"LOG","log":{"level":"INFO","message":"INFO i.a.w.i.DefaultAirbyteStreamFactory(internalLog):159 INFO i.a.i.s.p.PostgresSource(logPreSyncDebugData):223 Index name: test_2_bit_array_pkey, Column: id, Unique: true"}}
{"type":"LOG","log":{"level":"INFO","message":"INFO i.a.w.i.DefaultAirbyteStreamFactory(internalLog):159 INFO i.a.i.s.p.PostgresSource(logPreSyncDebugData):221 Discovering indexes for schema \"test\", table \"test_2_bytea_array\""}}
{"type":"LOG","log":{"level":"INFO","message":"INFO i.a.w.i.DefaultAirbyteStreamFactory(internalLog):159 INFO i.a.i.s.p.PostgresSource(logPreSyncDebugData):223 Index name: test_2_bytea_array_pkey, Column: id, Unique: true"}}
{"type":"LOG","log":{"level":"INFO","message":"INFO i.a.w.i.DefaultAirbyteStreamFactory(internalLog):159 INFO i.a.i.s.p.PostgresSource(logPreSyncDebugData):221 Discovering indexes for schema \"test\", table \"test_2_date_array\""}}
{"type":"LOG","log":{"level":"INFO","message":"INFO i.a.w.i.DefaultAirbyteStreamFactory(internalLog):159 INFO i.a.i.s.p.PostgresSource(logPreSyncDebugData):223 Index name: test_2_date_array_pkey, Column: id, Unique: true"}}
{"type":"LOG","log":{"level":"INFO","message":"INFO i.a.w.i.DefaultAirbyteStreamFactory(internalLog):159 INFO i.a.i.s.p.PostgresSource(logPreSyncDebugData):221 Discovering indexes for schema \"test\", table \"test_2_time_array\""}}
{"type":"LOG","log":{"level":"INFO","message":"INFO i.a.w.i.DefaultAirbyteStreamFactory(internalLog):159 INFO i.a.i.s.p.PostgresSource(logPreSyncDebugData):223 Index name: test_2_time_array_pkey, Column: id, Unique: true"}}
{"type":"LOG","log":{"level":"INFO","message":"INFO i.a.w.i.DefaultAirbyteStreamFactory(internalLog):159 INFO i.a.i.s.p.PostgresSource(logPreSyncDebugData):221 Discovering indexes for schema \"test\", table \"test_2_timetz_array\""}}
{"type":"LOG","log":{"level":"INFO","message":"INFO i.a.w.i.DefaultAirbyteStreamFactory(internalLog):159 INFO i.a.i.s.p.PostgresSource(logPreSyncDebugData):223 Index name: test_2_timetz_array_pkey, Column: id, Unique: true"}}
{"type":"LOG","log":{"level":"INFO","message":"INFO i.a.w.i.DefaultAirbyteStreamFactory(internalLog):159 INFO i.a.i.s.p.PostgresSource(logPreSyncDebugData):221 Discovering indexes for schema \"test\", table \"test_2_timestamptz_array\""}}
{"type":"LOG","log":{"level":"INFO","message":"INFO i.a.w.i.DefaultAirbyteStreamFactory(internalLog):159 INFO i.a.i.s.p.PostgresSource(logPreSyncDebugData):223 Index name: test_2_timestamptz_array_pkey, Column: id, Unique: true"}}
{"type":"LOG","log":{"level":"INFO","message":"INFO i.a.w.i.DefaultAirbyteStreamFactory(internalLog):159 INFO i.a.i.s.p.PostgresSource(logPreSyncDebugData):221 Discovering indexes for schema \"test\", table \"test_2_timestamp_array\""}}
{"type":"LOG","log":{"level":"INFO","message":"INFO i.a.w.i.DefaultAirbyteStreamFactory(internalLog):159 INFO i.a.i.s.p.PostgresSource(logPreSyncDebugData):223 Index name: test_2_timestamp_array_pkey, Column: id, Unique: true"}}
{"type":"LOG","log":{"level":"INFO","message":"INFO i.a.w.i.DefaultAirbyteStreamFactory(internalLog):159 INFO i.a.i.s.p.PostgresSource(logPreSyncDebugData):221 Discovering indexes for schema \"test\", table \"test_2_money\""}}
{"type":"LOG","log":{"level":"INFO","message":"INFO i.a.w.i.DefaultAirbyteStreamFactory(internalLog):159 INFO i.a.i.s.p.PostgresSource(logPreSyncDebugData):223 Index name: test_2_money_pkey, Column: id, Unique: true"}}
{"type":"LOG","log":{"level":"INFO","message":"INFO i.a.w.i.DefaultAirbyteStreamFactory(internalLog):159 INFO i.a.i.s.p.PostgresSource(logPreSyncDebugData):221 Discovering indexes for schema \"test\", table \"random_dummy_table\""}}
{"type":"LOG","log":{"level":"INFO","message":"INFO i.a.w.i.DefaultAirbyteStreamFactory(internalLog):159 INFO i.a.i.s.p.PostgresSource(logPreSyncDebugData):223 Index name: random_dummy_table_pkey, Column: id, Unique: true"}}
{"type":"LOG","log":{"level":"INFO","message":"INFO i.a.w.i.DefaultAirbyteStreamFactory(internalLog):159 INFO i.a.i.s.p.PostgresQueryUtils(logXminStatus):77 Xmin Status : {Number of wraparounds: 0, Xmin Transaction Value: 954, Xmin Raw Value: 954"}}
{"type":"LOG","log":{"level":"INFO","message":"INFO i.a.w.i.DefaultAirbyteStreamFactory(internalLog):159 INFO i.a.i.s.j.AbstractJdbcSource(discoverInternal):166 Internal schemas to exclude: [catalog_history, information_schema, pg_catalog, pg_internal]"}}
{"type":"LOG","log":{"level":"INFO","message":"INFO i.a.w.i.DefaultAirbyteStreamFactory(internalLog):159 INFO i.a.d.j.s.AdaptiveStreamingQueryConfig(initialize):31 Set initial fetch size: 10 rows"}}
{"type":"LOG","log":{"level":"INFO","message":"INFO i.a.w.i.DefaultAirbyteStreamFactory(internalLog):159 INFO i.a.d.j.s.AdaptiveStreamingQueryConfig(accept):40 Set new fetch size: 1533006 rows"}}
{"type":"LOG","log":{"level":"INFO","message":"INFO i.a.w.i.DefaultAirbyteStreamFactory(internalLog):159 INFO i.a.d.j.s.TwoStageSizeEstimator(getTargetBufferByteSize):71 Max memory limit: 1562378240, JDBC buffer size: 937426944"}}
{"type":"LOG","log":{"level":"INFO","message":"INFO i.a.w.i.DefaultAirbyteStreamFactory(internalLog):159 INFO i.a.d.j.s.AdaptiveStreamingQueryConfig(accept):40 Set new fetch size: 4959931 rows"}}
{"type":"LOG","log":{"level":"INFO","message":"INFO i.a.w.i.DefaultAirbyteStreamFactory(internalLog):159 INFO i.a.i.s.p.PostgresUtils(isCdc):53 using CDC: true"}}
{"type":"LOG","log":{"level":"INFO","message":"INFO i.a.w.i.DefaultAirbyteStreamFactory(internalLog):159 INFO i.a.i.s.p.PostgresUtils(getFirstRecordWaitTime):111 First record waiting time: 30 seconds"}}
{"type":"LOG","log":{"level":"INFO","message":"INFO i.a.w.i.DefaultAirbyteStreamFactory(internalLog):159 INFO i.a.i.s.p.PostgresSource(getIncrementalIterators):369 First record waiting time: 30 seconds"}}
{"type":"LOG","log":{"level":"INFO","message":"INFO i.a.w.i.DefaultAirbyteStreamFactory(internalLog):159 INFO i.a.i.s.p.PostgresUtils(shouldFlushAfterSync):61 Should flush after sync: false"}}
{"type":"LOG","log":{"level":"INFO","message":"INFO i.a.w.i.DefaultAirbyteStreamFactory(internalLog):159 INFO o.a.k.c.c.AbstractConfig(logAll):376 StandaloneConfig values: \n\taccess.control.allow.methods = \n\taccess.control.allow.origin = \n\tadmin.listeners = null\n\tauto.include.jmx.reporter = true\n\tbootstrap.servers = [localhost:9092]\n\tclient.dns.lookup = use_all_dns_ips\n\tconfig.providers = []\n\tconnector.client.config.override.policy = All\n\theader.converter = class org.apache.kafka.connect.storage.SimpleHeaderConverter\n\tkey.converter = class org.apache.kafka.connect.json.JsonConverter\n\tlisteners = [http://:8083]\n\tmetric.reporters = []\n\tmetrics.num.samples = 2\n\tmetrics.recording.level = INFO\n\tmetrics.sample.window.ms = 30000\n\toffset.flush.interval.ms = 1000\n\toffset.flush.timeout.ms = 5000\n\toffset.storage.file.filename = /tmp/cdc-state-offset17343466695786402699/offset.dat\n\tplugin.path = null\n\tresponse.http.headers.config = \n\trest.advertised.host.name = null\n\trest.advertised.listener = null\n\trest.advertised.port = null\n\trest.extension.classes = []\n\tssl.cipher.suites = null\n\tssl.client.auth = none\n\tssl.enabled.protocols = [TLSv1.2, TLSv1.3]\n\tssl.endpoint.identification.algorithm = https\n\tssl.engine.factory.class = null\n\tssl.key.password = null\n\tssl.keymanager.algorithm = SunX509\n\tssl.keystore.certificate.chain = null\n\tssl.keystore.key = null\n\tssl.keystore.location = null\n\tssl.keystore.password = null\n\tssl.keystore.type = JKS\n\tssl.protocol = TLSv1.3\n\tssl.provider = null\n\tssl.secure.random.implementation = null\n\tssl.trustmanager.algorithm = PKIX\n\tssl.truststore.certificates = null\n\tssl.truststore.location = null\n\tssl.truststore.password = null\n\tssl.truststore.type = JKS\n\ttask.shutdown.graceful.timeout.ms = 5000\n\ttopic.creation.enable = true\n\ttopic.tracking.allow.reset = true\n\ttopic.tracking.enable = true\n\tvalue.converter = class org.apache.kafka.connect.json.JsonConverter\n"}}
{"type":"LOG","log":{"level":"WARN","message":"WARN i.a.w.i.DefaultAirbyteStreamFactory(internalLog):156 WARN o.a.k.c.r.WorkerConfig(logPluginPathConfigProviderWarning):379 Variables cannot be used in the 'plugin.path' property, since the property is used by plugin scanning before the config providers that replace the variables are initialized. The raw value 'null' was used for plugin scanning, as opposed to the transformed value 'null', and this may cause unexpected results."}}
{"type":"LOG","log":{"level":"INFO","message":"INFO i.a.w.i.DefaultAirbyteStreamFactory(internalLog):159 INFO o.a.k.c.s.FileOffsetBackingStore(start):58 Starting FileOffsetBackingStore with file /tmp/cdc-state-offset17343466695786402699/offset.dat"}}
{"type":"LOG","log":{"level":"INFO","message":"INFO i.a.w.i.DefaultAirbyteStreamFactory(internalLog):159 INFO o.a.k.c.c.AbstractConfig(logAll):376 JsonConverterConfig values: \n\tconverter.type = key\n\tdecimal.format = BASE64\n\tschemas.cache.size = 1000\n\tschemas.enable = false\n"}}
{"type":"LOG","log":{"level":"INFO","message":"INFO i.a.w.i.DefaultAirbyteStreamFactory(internalLog):159 INFO o.a.k.c.c.AbstractConfig(logAll):376 JsonConverterConfig values: \n\tconverter.type = value\n\tdecimal.format = BASE64\n\tschemas.cache.size = 1000\n\tschemas.enable = false\n"}}
{"type":"LOG","log":{"level":"INFO","message":"INFO i.a.w.i.DefaultAirbyteStreamFactory(internalLog):159 INFO i.a.i.d.i.p.PostgresDebeziumStateUtil(extractLsn):206 No previous offsets found"}}
{"type":"LOG","log":{"level":"INFO","message":"INFO i.a.w.i.DefaultAirbyteStreamFactory(internalLog):159 INFO i.a.i.d.i.p.PostgresDebeziumStateUtil(parseSavedOffset):181 Closing offsetStorageReader and fileOffsetBackingStore"}}
{"type":"LOG","log":{"level":"INFO","message":"INFO i.a.w.i.DefaultAirbyteStreamFactory(internalLog):159 INFO o.a.k.c.s.FileOffsetBackingStore(stop):66 Stopped FileOffsetBackingStore"}}
{"type":"LOG","log":{"level":"INFO","message":"INFO i.a.w.i.DefaultAirbyteStreamFactory(internalLog):159 INFO i.a.i.s.p.PostgresSource(lambda$getReplicationSlot$4):296 Attempting to find the named replication slot using the query: HikariProxyPreparedStatement@1235381529 wrapping SELECT * FROM pg_replication_slots WHERE slot_name = 'debezium_slot' AND plugin = 'pgoutput' AND database = 'test'"}}
{"type":"LOG","log":{"level":"INFO","message":"INFO i.a.w.i.DefaultAirbyteStreamFactory(internalLog):159 INFO i.a.d.j.s.AdaptiveStreamingQueryConfig(initialize):31 Set initial fetch size: 10 rows"}}
{"type":"LOG","log":{"level":"INFO","message":"INFO i.a.w.i.DefaultAirbyteStreamFactory(internalLog):159 INFO i.a.i.s.p.PostgresUtils(shouldFlushAfterSync):61 Should flush after sync: false"}}
{"type":"LOG","log":{"level":"INFO","message":"INFO i.a.w.i.DefaultAirbyteStreamFactory(internalLog):159 INFO i.a.i.d.i.p.PostgresCdcTargetPosition(targetPosition):49 identified target lsn: PgLsn{lsn=27974704}"}}
{"type":"LOG","log":{"level":"INFO","message":"INFO i.a.w.i.DefaultAirbyteStreamFactory(internalLog):159 INFO i.a.i.s.p.PostgresUtils(shouldFlushAfterSync):61 Should flush after sync: false"}}
{"type":"LOG","log":{"level":"INFO","message":"INFO i.a.w.i.DefaultAirbyteStreamFactory(internalLog):159 INFO i.a.i.d.AirbyteDebeziumHandler(getIncrementalIterators):95 Using CDC: true"}}
{"type":"LOG","log":{"level":"INFO","message":"INFO i.a.w.i.DefaultAirbyteStreamFactory(internalLog):159 INFO o.a.k.c.c.AbstractConfig(logAll):376 JsonConverterConfig values: \n\tconverter.type = key\n\tdecimal.format = BASE64\n\tschemas.cache.size = 1000\n\tschemas.enable = false\n"}}
{"type":"LOG","log":{"level":"INFO","message":"INFO i.a.w.i.DefaultAirbyteStreamFactory(internalLog):159 INFO o.a.k.c.c.AbstractConfig(logAll):376 JsonConverterConfig values: \n\tconverter.type = value\n\tdecimal.format = BASE64\n\tschemas.cache.size = 1000\n\tschemas.enable = false\n"}}
{"type":"LOG","log":{"level":"INFO","message":"INFO i.a.w.i.DefaultAirbyteStreamFactory(internalLog):159 INFO o.a.k.c.c.AbstractConfig(logAll):376 EmbeddedConfig values: \n\taccess.control.allow.methods = \n\taccess.control.allow.origin = \n\tadmin.listeners = null\n\tauto.include.jmx.reporter = true\n\tbootstrap.servers = [localhost:9092]\n\tclient.dns.lookup = use_all_dns_ips\n\tconfig.providers = []\n\tconnector.client.config.override.policy = All\n\theader.converter = class org.apache.kafka.connect.storage.SimpleHeaderConverter\n\tkey.converter = class org.apache.kafka.connect.json.JsonConverter\n\tlisteners = [http://:8083]\n\tmetric.reporters = []\n\tmetrics.num.samples = 2\n\tmetrics.recording.level = INFO\n\tmetrics.sample.window.ms = 30000\n\toffset.flush.interval.ms = 1000\n\toffset.flush.timeout.ms = 5000\n\toffset.storage.file.filename = /tmp/cdc-state-offset11979872671126742229/offset.dat\n\toffset.storage.partitions = null\n\toffset.storage.replication.factor = null\n\toffset.storage.topic = \n\tplugin.path = null\n\tresponse.http.headers.config = \n\trest.advertised.host.name = null\n\trest.advertised.listener = null\n\trest.advertised.port = null\n\trest.extension.classes = []\n\tssl.cipher.suites = null\n\tssl.client.auth = none\n\tssl.enabled.protocols = [TLSv1.2, TLSv1.3]\n\tssl.endpoint.identification.algorithm = https\n\tssl.engine.factory.class = null\n\tssl.key.password = null\n\tssl.keymanager.algorithm = SunX509\n\tssl.keystore.certificate.chain = null\n\tssl.keystore.key = null\n\tssl.keystore.location = null\n\tssl.keystore.password = null\n\tssl.keystore.type = JKS\n\tssl.protocol = TLSv1.3\n\tssl.provider = null\n\tssl.secure.random.implementation = null\n\tssl.trustmanager.algorithm = PKIX\n\tssl.truststore.certificates = null\n\tssl.truststore.location = null\n\tssl.truststore.password = null\n\tssl.truststore.type = JKS\n\ttask.shutdown.graceful.timeout.ms = 5000\n\ttopic.creation.enable = true\n\ttopic.tracking.allow.reset = true\n\ttopic.tracking.enable = true\n\tvalue.converter = class org.apache.kafka.connect.json.JsonConverter\n"}}
{"type":"LOG","log":{"level":"WARN","message":"WARN i.a.w.i.DefaultAirbyteStreamFactory(internalLog):156 WARN o.a.k.c.r.WorkerConfig(logPluginPathConfigProviderWarning):379 Variables cannot be used in the 'plugin.path' property, since the property is used by plugin scanning before the config providers that replace the variables are initialized. The raw value 'null' was used for plugin scanning, as opposed to the transformed value 'null', and this may cause unexpected results."}}
{"type":"LOG","log":{"level":"INFO","message":"INFO i.a.w.i.DefaultAirbyteStreamFactory(internalLog):159 INFO o.a.k.c.c.AbstractConfig(logAll):376 JsonConverterConfig values: \n\tconverter.type = key\n\tdecimal.format = BASE64\n\tschemas.cache.size = 1000\n\tschemas.enable = false\n"}}
{"type":"LOG","log":{"level":"INFO","message":"INFO i.a.w.i.DefaultAirbyteStreamFactory(internalLog):159 INFO o.a.k.c.c.AbstractConfig(logAll):376 JsonConverterConfig values: \n\tconverter.type = value\n\tdecimal.format = BASE64\n\tschemas.cache.size = 1000\n\tschemas.enable = false\n"}}
{"type":"LOG","log":{"level":"INFO","message":"INFO i.a.w.i.DefaultAirbyteStreamFactory(internalLog):159 INFO i.d.c.p.PostgresConnector(testConnection):154 Successfully tested connection for jdbc:postgresql://172.17.0.9:5432/test with user 'test'"}}
{"type":"LOG","log":{"level":"INFO","message":"INFO i.a.w.i.DefaultAirbyteStreamFactory(internalLog):159 INFO i.d.j.JdbcConnection(lambda$doClose$4):947 Connection gracefully closed"}}
{"type":"LOG","log":{"level":"INFO","message":"INFO i.a.w.i.DefaultAirbyteStreamFactory(internalLog):159 INFO o.a.k.c.s.FileOffsetBackingStore(start):58 Starting FileOffsetBackingStore with file /tmp/cdc-state-offset11979872671126742229/offset.dat"}}
{"type":"LOG","log":{"level":"INFO","message":"INFO i.a.w.i.DefaultAirbyteStreamFactory(internalLog):159 INFO i.d.c.c.BaseSourceTask(start):124 Starting PostgresConnectorTask with configuration:"}}
{"type":"LOG","log":{"level":"INFO","message":"INFO i.a.w.i.DefaultAirbyteStreamFactory(internalLog):159 INFO i.d.c.c.BaseSourceTask(lambda$start$0):126    connector.class = io.debezium.connector.postgresql.PostgresConnector"}}
{"type":"LOG","log":{"level":"INFO","message":"INFO i.a.w.i.DefaultAirbyteStreamFactory(internalLog):159 INFO i.d.c.c.BaseSourceTask(lambda$start$0):126    max.queue.size = 8192"}}
{"type":"LOG","log":{"level":"INFO","message":"INFO i.a.w.i.DefaultAirbyteStreamFactory(internalLog):159 INFO i.d.c.c.BaseSourceTask(lambda$start$0):126    slot.name = debezium_slot"}}
{"type":"LOG","log":{"level":"INFO","message":"INFO i.a.w.i.DefaultAirbyteStreamFactory(internalLog):159 INFO i.d.c.c.BaseSourceTask(lambda$start$0):126    publication.name = publication"}}
{"type":"LOG","log":{"level":"INFO","message":"INFO i.a.w.i.DefaultAirbyteStreamFactory(internalLog):159 INFO i.d.c.c.BaseSourceTask(lambda$start$0):126    topic.prefix = test"}}
{"type":"LOG","log":{"level":"INFO","message":"INFO i.a.w.i.DefaultAirbyteStreamFactory(internalLog):159 INFO i.d.c.c.BaseSourceTask(lambda$start$0):126    offset.storage.file.filename = /tmp/cdc-state-offset11979872671126742229/offset.dat"}}
{"type":"LOG","log":{"level":"INFO","message":"INFO i.a.w.i.DefaultAirbyteStreamFactory(internalLog):159 INFO i.d.c.c.BaseSourceTask(lambda$start$0):126    decimal.handling.mode = string"}}
{"type":"LOG","log":{"level":"INFO","message":"INFO i.a.w.i.DefaultAirbyteStreamFactory(internalLog):159 INFO i.d.c.c.BaseSourceTask(lambda$start$0):126    converters = datetime"}}
{"type":"LOG","log":{"level":"INFO","message":"INFO i.a.w.i.DefaultAirbyteStreamFactory(internalLog):159 INFO i.d.c.c.BaseSourceTask(lambda$start$0):126    errors.retry.delay.initial.ms = 299"}}
{"type":"LOG","log":{"level":"INFO","message":"INFO i.a.w.i.DefaultAirbyteStreamFactory(internalLog):159 INFO i.d.c.c.BaseSourceTask(lambda$start$0):126    datetime.type = io.airbyte.integrations.debezium.internals.postgres.PostgresConverter"}}
{"type":"LOG","log":{"level":"INFO","message":"INFO i.a.w.i.DefaultAirbyteStreamFactory(internalLog):159 INFO i.d.c.c.BaseSourceTask(lambda$start$0):126    value.converter = org.apache.kafka.connect.json.JsonConverter"}}
{"type":"LOG","log":{"level":"INFO","message":"INFO i.a.w.i.DefaultAirbyteStreamFactory(internalLog):159 INFO i.d.c.c.BaseSourceTask(lambda$start$0):126    key.converter = org.apache.kafka.connect.json.JsonConverter"}}
{"type":"LOG","log":{"level":"INFO","message":"INFO i.a.w.i.DefaultAirbyteStreamFactory(internalLog):159 INFO i.d.c.c.BaseSourceTask(lambda$start$0):126    publication.autocreate.mode = disabled"}}
{"type":"LOG","log":{"level":"INFO","message":"INFO i.a.w.i.DefaultAirbyteStreamFactory(internalLog):159 INFO i.d.c.c.BaseSourceTask(lambda$start$0):126    database.user = test"}}
{"type":"LOG","log":{"level":"INFO","message":"INFO i.a.w.i.DefaultAirbyteStreamFactory(internalLog):159 INFO i.d.c.c.BaseSourceTask(lambda$start$0):126    database.dbname = test"}}
{"type":"LOG","log":{"level":"INFO","message":"INFO i.a.w.i.DefaultAirbyteStreamFactory(internalLog):159 INFO i.d.c.c.BaseSourceTask(lambda$start$0):126    offset.storage = org.apache.kafka.connect.storage.FileOffsetBackingStore"}}
{"type":"LOG","log":{"level":"INFO","message":"INFO i.a.w.i.DefaultAirbyteStreamFactory(internalLog):159 INFO i.d.c.c.BaseSourceTask(lambda$start$0):126    errors.retry.delay.max.ms = 300"}}
{"type":"LOG","log":{"level":"INFO","message":"INFO i.a.w.i.DefaultAirbyteStreamFactory(internalLog):159 INFO i.d.c.c.BaseSourceTask(lambda$start$0):126    offset.flush.timeout.ms = 5000"}}
{"type":"LOG","log":{"level":"INFO","message":"INFO i.a.w.i.DefaultAirbyteStreamFactory(internalLog):159 INFO i.d.c.c.BaseSourceTask(lambda$start$0):126    heartbeat.interval.ms = 10000"}}
{"type":"LOG","log":{"level":"INFO","message":"INFO i.a.w.i.DefaultAirbyteStreamFactory(internalLog):159 INFO i.d.c.c.BaseSourceTask(lambda$start$0):126    column.include.list = \\Qtest.test_1_bigint\\E\\.(\\Qid\\E|\\Qtest_column\\E),\\Qtest.test_1_bigserial\\E\\.(\\Qid\\E|\\Qtest_column\\E),\\Qtest.test_1_bit\\E\\.(\\Qid\\E|\\Qtest_column\\E),\\Qtest.test_2_bit\\E\\.(\\Qid\\E|\\Qtest_column\\E),\\Qtest.test_1_bit_varying\\E\\.(\\Qid\\E|\\Qtest_column\\E),\\Qtest.test_2_bit_varying\\E\\.(\\Qid\\E|\\Qtest_column\\E),\\Qtest.test_1_bool\\E\\.(\\Qid\\E|\\Qtest_column\\E),\\Qtest.test_1_boolean\\E\\.(\\Qid\\E|\\Qtest_column\\E),\\Qtest.test_1_box\\E\\.(\\Qid\\E|\\Qtest_column\\E),\\Qtest.test_1_bytea\\E\\.(\\Qid\\E|\\Qtest_column\\E),\\Qtest.test_1_char\\E\\.(\\Qid\\E|\\Qtest_column\\E),\\Qtest.test_2_char\\E\\.(\\Qid\\E|\\Qtest_column\\E),\\Qtest.test_1_character\\E\\.(\\Qid\\E|\\Qtest_column\\E),\\Qtest.test_2_character\\E\\.(\\Qid\\E|\\Qtest_column\\E),\\Qtest.test_1_text\\E\\.(\\Qid\\E|\\Qtest_column\\E),\\Qtest.test_1_varchar\\E\\.(\\Qid\\E|\\Qtest_column\\E),\\Qtest.test_2_varchar\\E\\.(\\Qid\\E|\\Qtest_column\\E),\\Qtest.test_1_cidr\\E\\.(\\Qid\\E|\\Qtest_column\\E),\\Qtest.test_1_circle\\E\\.(\\Qid\\E|\\Qtest_column\\E),\\Qtest.test_1_date\\E\\.(\\Qid\\E|\\Qtest_column\\E),\\Qtest.test_2_date\\E\\.(\\Qid\\E|\\Qtest_column\\E),\\Qtest.test_3_date\\E\\.(\\Qid\\E|\\Qtest_column\\E),\\Qtest.test_1_float\\E\\.(\\Qid\\E|\\Qtest_column\\E),\\Qtest.test_1_double_precision\\E\\.(\\Qid\\E|\\Qtest_column\\E),\\Qtest.test_1_float8\\E\\.(\\Qid\\E|\\Qtest_column\\E),\\Qtest.test_1_inet\\E\\.(\\Qid\\E|\\Qtest_column\\E),\\Qtest.test_1_int4\\E\\.(\\Qid\\E|\\Qtest_column\\E),\\Qtest.test_1_int\\E\\.(\\Qid\\E|\\Qtest_column\\E),\\Qtest.test_1_integer\\E\\.(\\Qid\\E|\\Qtest_column\\E),\\Qtest.test_1_interval\\E\\.(\\Qid\\E|\\Qtest_column\\E),\\Qtest.test_1_json\\E\\.(\\Qid\\E|\\Qtest_column\\E),\\Qtest.test_1_jsonb\\E\\.(\\Qid\\E|\\Qtest_column\\E),\\Qtest.test_1_line\\E\\.(\\Qid\\E|\\Qtest_column\\E),\\Qtest.test_1_lseg\\E\\.(\\Qid\\E|\\Qtest_column\\E),\\Qtest.test_1_macaddr\\E\\.(\\Qid\\E|\\Qtest_column\\E),\\Qtest.test_1_macaddr8\\E\\.(\\Qid\\E|\\Qtest_column\\E),\\Qtest.test_1_numeric\\E\\.(\\Qid\\E|\\Qtest_column\\E),\\Qtest.test_2_numeric\\E\\.(\\Qid\\E|\\Qtest_column\\E),\\Qtest.test_3_numeric\\E\\.(\\Qid\\E|\\Qtest_column\\E),\\Qtest.test_4_numeric\\E\\.(\\Qid\\E|\\Qtest_column\\E),\\Qtest.test_1_decimal\\E\\.(\\Qid\\E|\\Qtest_column\\E),\\Qtest.test_5_numeric\\E\\.(\\Qid\\E|\\Qtest_column\\E),\\Qtest.test_1_path\\E\\.(\\Qid\\E|\\Qtest_column\\E),\\Qtest.test_1_pg_lsn\\E\\.(\\Qid\\E|\\Qtest_column\\E),\\Qtest.test_1_point\\E\\.(\\Qid\\E|\\Qtest_column\\E),\\Qtest.test_1_polygon\\E\\.(\\Qid\\E|\\Qtest_column\\E),\\Qtest.test_1_float4\\E\\.(\\Qid\\E|\\Qtest_column\\E),\\Qtest.test_1_real\\E\\.(\\Qid\\E|\\Qtest_column\\E),\\Qtest.test_1_int2\\E\\.(\\Qid\\E|\\Qtest_column\\E),\\Qtest.test_1_smallint\\E\\.(\\Qid\\E|\\Qtest_column\\E),\\Qtest.test_1_serial2\\E\\.(\\Qid\\E|\\Qtest_column\\E),\\Qtest.test_1_smallserial\\E\\.(\\Qid\\E|\\Qtest_column\\E),\\Qtest.test_1_serial4\\E\\.(\\Qid\\E|\\Qtest_column\\E),\\Qtest.test_1_serial\\E\\.(\\Qid\\E|\\Qtest_column\\E),\\Qtest.test_1_time\\E\\.(\\Qid\\E|\\Qtest_column\\E),\\Qtest.test_2_time\\E\\.(\\Qid\\E|\\Qtest_column\\E),\\Qtest.test_3_time\\E\\.(\\Qid\\E|\\Qtest_column\\E),\\Qtest.test_4_time\\E\\.(\\Qid\\E|\\Qtest_column\\E),\\Qtest.test_5_time\\E\\.(\\Qid\\E|\\Qtest_column\\E),\\Qtest.test_1_timestamp\\E\\.(\\Qid\\E|\\Qtest_column\\E),\\Qtest.test_2_timestamp\\E\\.(\\Qid\\E|\\Qtest_column\\E),\\Qtest.test_3_timestamp\\E\\.(\\Qid\\E|\\Qtest_column\\E),\\Qtest.test_4_timestamp\\E\\.(\\Qid\\E|\\Qtest_column\\E),\\Qtest.test_5_timestamp\\E\\.(\\Qid\\E|\\Qtest_column\\E),\\Qtest.test_6_timestamp\\E\\.(\\Qid\\E|\\Qtest_column\\E),\\Qtest.test_7_timestamp\\E\\.(\\Qid\\E|\\Qtest_column\\E),\\Qtest.test_8_timestamp\\E\\.(\\Qid\\E|\\Qtest_column\\E),\\Qtest.test_1_timestamptz\\E\\.(\\Qid\\E|\\Qtest_column\\E),\\Qtest.test_2_timestamptz\\E\\.(\\Qid\\E|\\Qtest_column\\E),\\Qtest.test_1_tsquery\\E\\.(\\Qid\\E|\\Qtest_column\\E),\\Qtest.test_1_tsvector\\E\\.(\\Qid\\E|\\Qtest_column\\E),\\Qtest.test_1_uuid\\E\\.(\\Qid\\E|\\Qtest_column\\E),\\Qtest.test_1_xml\\E\\.(\\Qid\\E|\\Qtest_column\\E),\\Qtest.test_1_mood\\E\\.(\\Qid\\E|\\Qtest_column\\E),\\Qtest.test_1_tsrange\\E\\.(\\Qid\\E|\\Qtest_column\\E),\\Qtest.test_1_inventory_item\\E\\.(\\Qid\\E|\\Qtest_column\\E),\\Qtest.test_1_hstore\\E\\.(\\Qid\\E|\\Qtest_column\\E),\\Qtest.test_1_timetz\\E\\.(\\Qid\\E|\\Qtest_column\\E),\\Qtest.test_2_timetz\\E\\.(\\Qid\\E|\\Qtest_column\\E),\\Qtest.test_1_int2_array\\E\\.(\\Qid\\E|\\Qtest_column\\E),\\Qtest.test_1_int4_array\\E\\.(\\Qid\\E|\\Qtest_column\\E),\\Qtest.test_1_int8_array\\E\\.(\\Qid\\E|\\Qtest_column\\E),\\Qtest.test_1_oid_array\\E\\.(\\Qid\\E|\\Qtest_column\\E),\\Qtest.test_1_varchar_array\\E\\.(\\Qid\\E|\\Qtest_column\\E),\\Qtest.test_1_char_array\\E\\.(\\Qid\\E|\\Qtest_column\\E),\\Qtest.test_1_bpchar_array\\E\\.(\\Qid\\E|\\Qtest_column\\E),\\Qtest.test_1_text_array\\E\\.(\\Qid\\E|\\Qtest_column\\E),\\Qtest.test_1_name_array\\E\\.(\\Qid\\E|\\Qtest_column\\E),\\Qtest.test_1_decimal_array\\E\\.(\\Qid\\E|\\Qtest_column\\E),\\Qtest.test_2_decimal_array\\E\\.(\\Qid\\E|\\Qtest_column\\E),\\Qtest.test_3_decimal_array\\E\\.(\\Qid\\E|\\Qtest_column\\E),\\Qtest.test_1_numeric_array\\E\\.(\\Qid\\E|\\Qtest_column\\E),\\Qtest.test_2_numeric_array\\E\\.(\\Qid\\E|\\Qtest_column\\E),\\Qtest.test_3_numeric_array\\E\\.(\\Qid\\E|\\Qtest_column\\E),\\Qtest.test_1_float4_array\\E\\.(\\Qid\\E|\\Qtest_column\\E),\\Qtest.test_1_float8_array\\E\\.(\\Qid\\E|\\Qtest_column\\E),\\Qtest.test_1_money_array\\E\\.(\\Qid\\E|\\Qtest_column\\E),\\Qtest.test_1_bool_array\\E\\.(\\Qid\\E|\\Qtest_column\\E),\\Qtest.test_1_bit_array\\E\\.(\\Qid\\E|\\Qtest_column\\E),\\Qtest.test_1_bytea_array\\E\\.(\\Qid\\E|\\Qtest_column\\E),\\Qtest.test_1_date_array\\E\\.(\\Qid\\E|\\Qtest_column\\E),\\Qtest.test_1_time_array\\E\\.(\\Qid\\E|\\Qtest_column\\E),\\Qtest.test_1_timetz_array\\E\\.(\\Qid\\E|\\Qtest_column\\E),\\Qtest.test_1_timestamptz_array\\E\\.(\\Qid\\E|\\Qtest_column\\E),\\Qtest.test_1_timestamp_array\\E\\.(\\Qid\\E|\\Qtest_column\\E),\\Qtest.test_1_money\\E\\.(\\Qid\\E|\\Qtest_column\\E),\\Qtest.test_2_bigint\\E\\.(\\Qid\\E|\\Qtest_column\\E),\\Qtest.test_2_bigserial\\E\\.(\\Qid\\E|\\Qtest_column\\E),\\Qtest.test_3_bit\\E\\.(\\Qid\\E|\\Qtest_column\\E),\\Qtest.test_4_bit\\E\\.(\\Qid\\E|\\Qtest_column\\E),\\Qtest.test_3_bit_varying\\E\\.(\\Qid\\E|\\Qtest_column\\E),\\Qtest.test_4_bit_varying\\E\\.(\\Qid\\E|\\Qtest_column\\E),\\Qtest.test_2_bool\\E\\.(\\Qid\\E|\\Qtest_column\\E),\\Qtest.test_2_boolean\\E\\.(\\Qid\\E|\\Qtest_column\\E),\\Qtest.test_2_box\\E\\.(\\Qid\\E|\\Qtest_column\\E),\\Qtest.test_2_bytea\\E\\.(\\Qid\\E|\\Qtest_column\\E),\\Qtest.test_3_char\\E\\.(\\Qid\\E|\\Qtest_column\\E),\\Qtest.test_4_char\\E\\.(\\Qid\\E|\\Qtest_column\\E),\\Qtest.test_3_character\\E\\.(\\Qid\\E|\\Qtest_column\\E),\\Qtest.test_4_character\\E\\.(\\Qid\\E|\\Qtest_column\\E),\\Qtest.test_2_text\\E\\.(\\Qid\\E|\\Qtest_column\\E),\\Qtest.test_3_varchar\\E\\.(\\Qid\\E|\\Qtest_column\\E),\\Qtest.test_4_varchar\\E\\.(\\Qid\\E|\\Qtest_column\\E),\\Qtest.test_2_cidr\\E\\.(\\Qid\\E|\\Qtest_column\\E),\\Qtest.test_2_circle\\E\\.(\\Qid\\E|\\Qtest_column\\E),\\Qtest.test_4_date\\E\\.(\\Qid\\E|\\Qtest_column\\E),\\Qtest.test_5_date\\E\\.(\\Qid\\E|\\Qtest_column\\E),\\Qtest.test_6_date\\E\\.(\\Qid\\E|\\Qtest_column\\E),\\Qtest.test_2_float\\E\\.(\\Qid\\E|\\Qtest_column\\E),\\Qtest.test_2_double_precision\\E\\.(\\Qid\\E|\\Qtest_column\\E),\\Qtest.test_2_float8\\E\\.(\\Qid\\E|\\Qtest_column\\E),\\Qtest.test_2_inet\\E\\.(\\Qid\\E|\\Qtest_column\\E),\\Qtest.test_2_int4\\E\\.(\\Qid\\E|\\Qtest_column\\E),\\Qtest.test_2_int\\E\\.(\\Qid\\E|\\Qtest_column\\E),\\Qtest.test_2_integer\\E\\.(\\Qid\\E|\\Qtest_column\\E),\\Qtest.test_2_interval\\E\\.(\\Qid\\E|\\Qtest_column\\E),\\Qtest.test_2_json\\E\\.(\\Qid\\E|\\Qtest_column\\E),\\Qtest.test_2_jsonb\\E\\.(\\Qid\\E|\\Qtest_column\\E),\\Qtest.test_2_line\\E\\.(\\Qid\\E|\\Qtest_column\\E),\\Qtest.test_2_lseg\\E\\.(\\Qid\\E|\\Qtest_column\\E),\\Qtest.test_2_macaddr\\E\\.(\\Qid\\E|\\Qtest_column\\E),\\Qtest.test_2_macaddr8\\E\\.(\\Qid\\E|\\Qtest_column\\E),\\Qtest.test_6_numeric\\E\\.(\\Qid\\E|\\Qtest_column\\E),\\Qtest.test_7_numeric\\E\\.(\\Qid\\E|\\Qtest_column\\E),\\Qtest.test_8_numeric\\E\\.(\\Qid\\E|\\Qtest_column\\E),\\Qtest.test_9_numeric\\E\\.(\\Qid\\E|\\Qtest_column\\E),\\Qtest.test_2_decimal\\E\\.(\\Qid\\E|\\Qtest_column\\E),\\Qtest.test_10_numeric\\E\\.(\\Qid\\E|\\Qtest_column\\E),\\Qtest.test_2_path\\E\\.(\\Qid\\E|\\Qtest_column\\E),\\Qtest.test_2_pg_lsn\\E\\.(\\Qid\\E|\\Qtest_column\\E),\\Qtest.test_2_point\\E\\.(\\Qid\\E|\\Qtest_column\\E),\\Qtest.test_2_polygon\\E\\.(\\Qid\\E|\\Qtest_column\\E),\\Qtest.test_2_float4\\E\\.(\\Qid\\E|\\Qtest_column\\E),\\Qtest.test_2_real\\E\\.(\\Qid\\E|\\Qtest_column\\E),\\Qtest.test_2_int2\\E\\.(\\Qid\\E|\\Qtest_column\\E),\\Qtest.test_2_smallint\\E\\.(\\Qid\\E|\\Qtest_column\\E),\\Qtest.test_2_serial2\\E\\.(\\Qid\\E|\\Qtest_column\\E),\\Qtest.test_2_smallserial\\E\\.(\\Qid\\E|\\Qtest_column\\E),\\Qtest.test_2_serial4\\E\\.(\\Qid\\E|\\Qtest_column\\E),\\Qtest.test_2_serial\\E\\.(\\Qid\\E|\\Qtest_column\\E),\\Qtest.test_6_time\\E\\.(\\Qid\\E|\\Qtest_column\\E),\\Qtest.test_7_time\\E\\.(\\Qid\\E|\\Qtest_column\\E),\\Qtest.test_8_time\\E\\.(\\Qid\\E|\\Qtest_column\\E),\\Qtest.test_9_time\\E\\.(\\Qid\\E|\\Qtest_column\\E),\\Qtest.test_10_time\\E\\.(\\Qid\\E|\\Qtest_column\\E),\\Qtest.test_9_timestamp\\E\\.(\\Qid\\E|\\Qtest_column\\E),\\Qtest.test_10_timestamp\\E\\.(\\Qid\\E|\\Qtest_column\\E),\\Qtest.test_11_timestamp\\E\\.(\\Qid\\E|\\Qtest_column\\E),\\Qtest.test_12_timestamp\\E\\.(\\Qid\\E|\\Qtest_column\\E),\\Qtest.test_13_timestamp\\E\\.(\\Qid\\E|\\Qtest_column\\E),\\Qtest.test_14_timestamp\\E\\.(\\Qid\\E|\\Qtest_column\\E),\\Qtest.test_15_timestamp\\E\\.(\\Qid\\E|\\Qtest_column\\E),\\Qtest.test_16_timestamp\\E\\.(\\Qid\\E|\\Qtest_column\\E),\\Qtest.test_3_timestamptz\\E\\.(\\Qid\\E|\\Qtest_column\\E),\\Qtest.test_4_timestamptz\\E\\.(\\Qid\\E|\\Qtest_column\\E),\\Qtest.test_2_tsquery\\E\\.(\\Qid\\E|\\Qtest_column\\E),\\Qtest.test_2_tsvector\\E\\.(\\Qid\\E|\\Qtest_column\\E),\\Qtest.test_2_uuid\\E\\.(\\Qid\\E|\\Qtest_column\\E),\\Qtest.test_2_xml\\E\\.(\\Qid\\E|\\Qtest_column\\E),\\Qtest.test_2_mood\\E\\.(\\Qid\\E|\\Qtest_column\\E),\\Qtest.test_2_tsrange\\E\\.(\\Qid\\E|\\Qtest_column\\E),\\Qtest.test_2_inventory_item\\E\\.(\\Qid\\E|\\Qtest_column\\E),\\Qtest.test_2_hstore\\E\\.(\\Qid\\E|\\Qtest_column\\E),\\Qtest.test_3_timetz\\E\\.(\\Qid\\E|\\Qtest_column\\E),\\Qtest.test_4_timetz\\E\\.(\\Qid\\E|\\Qtest_column\\E),\\Qtest.test_2_int2_array\\E\\.(\\Qid\\E|\\Qtest_column\\E),\\Qtest.test_2_int4_array\\E\\.(\\Qid\\E|\\Qtest_column\\E),\\Qtest.test_2_int8_array\\E\\.(\\Qid\\E|\\Qtest_column\\E),\\Qtest.test_2_oid_array\\E\\.(\\Qid\\E|\\Qtest_column\\E),\\Qtest.test_2_varchar_array\\E\\.(\\Qid\\E|\\Qtest_column\\E),\\Qtest.test_2_char_array\\E\\.(\\Qid\\E|\\Qtest_column\\E),\\Qtest.test_2_bpchar_array\\E\\.(\\Qid\\E|\\Qtest_column\\E),\\Qtest.test_2_text_array\\E\\.(\\Qid\\E|\\Qtest_column\\E),\\Qtest.test_2_name_array\\E\\.(\\Qid\\E|\\Qtest_column\\E),\\Qtest.test_4_decimal_array\\E\\.(\\Qid\\E|\\Qtest_column\\E),\\Qtest.test_5_decimal_array\\E\\.(\\Qid\\E|\\Qtest_column\\E),\\Qtest.test_6_decimal_array\\E\\.(\\Qid\\E|\\Qtest_column\\E),\\Qtest.test_4_numeric_array\\E\\.(\\Qid\\E|\\Qtest_column\\E),\\Qtest.test_5_numeric_array\\E\\.(\\Qid\\E|\\Qtest_column\\E),\\Qtest.test_6_numeric_array\\E\\.(\\Qid\\E|\\Qtest_column\\E),\\Qtest.test_2_float4_array\\E\\.(\\Qid\\E|\\Qtest_column\\E),\\Qtest.test_2_float8_array\\E\\.(\\Qid\\E|\\Qtest_column\\E),\\Qtest.test_2_money_array\\E\\.(\\Qid\\E|\\Qtest_column\\E),\\Qtest.test_2_bool_array\\E\\.(\\Qid\\E|\\Qtest_column\\E),\\Qtest.test_2_bit_array\\E\\.(\\Qid\\E|\\Qtest_column\\E),\\Qtest.test_2_bytea_array\\E\\.(\\Qid\\E|\\Qtest_column\\E),\\Qtest.test_2_date_array\\E\\.(\\Qid\\E|\\Qtest_column\\E),\\Qtest.test_2_time_array\\E\\.(\\Qid\\E|\\Qtest_column\\E),\\Qtest.test_2_timetz_array\\E\\.(\\Qid\\E|\\Qtest_column\\E),\\Qtest.test_2_timestamptz_array\\E\\.(\\Qid\\E|\\Qtest_column\\E),\\Qtest.test_2_timestamp_array\\E\\.(\\Qid\\E|\\Qtest_column\\E),\\Qtest.test_2_money\\E\\.(\\Qid\\E|\\Qtest_column\\E),\\Qtest.random_dummy_table\\E\\.(\\Qid\\E|\\Qtest_column\\E)"}}
{"type":"LOG","log":{"level":"INFO","message":"INFO i.a.w.i.DefaultAirbyteStreamFactory(internalLog):159 INFO i.d.c.c.BaseSourceTask(lambda$start$0):126    plugin.name = pgoutput"}}
{"type":"LOG","log":{"level":"INFO","message":"INFO i.a.w.i.DefaultAirbyteStreamFactory(internalLog):159 INFO i.d.c.c.BaseSourceTask(lambda$start$0):126    database.port = 5432"}}
{"type":"LOG","log":{"level":"INFO","message":"INFO i.a.w.i.DefaultAirbyteStreamFactory(internalLog):159 INFO i.d.c.c.BaseSourceTask(lambda$start$0):126    offset.flush.interval.ms = 1000"}}
{"type":"LOG","log":{"level":"INFO","message":"INFO i.a.w.i.DefaultAirbyteStreamFactory(internalLog):159 INFO i.d.c.c.BaseSourceTask(lambda$start$0):126    key.converter.schemas.enable = false"}}
{"type":"LOG","log":{"level":"INFO","message":"INFO i.a.w.i.DefaultAirbyteStreamFactory(internalLog):159 INFO i.d.c.c.BaseSourceTask(lambda$start$0):126    include.unknown.datatypes = true"}}
{"type":"LOG","log":{"level":"INFO","message":"INFO i.a.w.i.DefaultAirbyteStreamFactory(internalLog):159 INFO i.d.c.c.BaseSourceTask(lambda$start$0):126    errors.max.retries = 10"}}
{"type":"LOG","log":{"level":"INFO","message":"INFO i.a.w.i.DefaultAirbyteStreamFactory(internalLog):159 INFO i.d.c.c.BaseSourceTask(lambda$start$0):126    database.hostname = 172.17.0.9"}}
{"type":"LOG","log":{"level":"INFO","message":"INFO i.a.w.i.DefaultAirbyteStreamFactory(internalLog):159 INFO i.d.c.c.BaseSourceTask(lambda$start$0):126    database.password = ********"}}
{"type":"LOG","log":{"level":"INFO","message":"INFO i.a.w.i.DefaultAirbyteStreamFactory(internalLog):159 INFO i.d.c.c.BaseSourceTask(lambda$start$0):126    value.converter.schemas.enable = false"}}
{"type":"LOG","log":{"level":"INFO","message":"INFO i.a.w.i.DefaultAirbyteStreamFactory(internalLog):159 INFO i.d.c.c.BaseSourceTask(lambda$start$0):126    name = test"}}
{"type":"LOG","log":{"level":"INFO","message":"INFO i.a.w.i.DefaultAirbyteStreamFactory(internalLog):159 INFO i.d.c.c.BaseSourceTask(lambda$start$0):126    max.batch.size = 2048"}}
{"type":"LOG","log":{"level":"INFO","message":"INFO i.a.w.i.DefaultAirbyteStreamFactory(internalLog):159 INFO i.d.c.c.BaseSourceTask(lambda$start$0):126    table.include.list = \\Qtest.test_1_bigint\\E,\\Qtest.test_1_bigserial\\E,\\Qtest.test_1_bit\\E,\\Qtest.test_2_bit\\E,\\Qtest.test_1_bit_varying\\E,\\Qtest.test_2_bit_varying\\E,\\Qtest.test_1_bool\\E,\\Qtest.test_1_boolean\\E,\\Qtest.test_1_box\\E,\\Qtest.test_1_bytea\\E,\\Qtest.test_1_char\\E,\\Qtest.test_2_char\\E,\\Qtest.test_1_character\\E,\\Qtest.test_2_character\\E,\\Qtest.test_1_text\\E,\\Qtest.test_1_varchar\\E,\\Qtest.test_2_varchar\\E,\\Qtest.test_1_cidr\\E,\\Qtest.test_1_circle\\E,\\Qtest.test_1_date\\E,\\Qtest.test_2_date\\E,\\Qtest.test_3_date\\E,\\Qtest.test_1_float\\E,\\Qtest.test_1_double_precision\\E,\\Qtest.test_1_float8\\E,\\Qtest.test_1_inet\\E,\\Qtest.test_1_int4\\E,\\Qtest.test_1_int\\E,\\Qtest.test_1_integer\\E,\\Qtest.test_1_interval\\E,\\Qtest.test_1_json\\E,\\Qtest.test_1_jsonb\\E,\\Qtest.test_1_line\\E,\\Qtest.test_1_lseg\\E,\\Qtest.test_1_macaddr\\E,\\Qtest.test_1_macaddr8\\E,\\Qtest.test_1_numeric\\E,\\Qtest.test_2_numeric\\E,\\Qtest.test_3_numeric\\E,\\Qtest.test_4_numeric\\E,\\Qtest.test_1_decimal\\E,\\Qtest.test_5_numeric\\E,\\Qtest.test_1_path\\E,\\Qtest.test_1_pg_lsn\\E,\\Qtest.test_1_point\\E,\\Qtest.test_1_polygon\\E,\\Qtest.test_1_float4\\E,\\Qtest.test_1_real\\E,\\Qtest.test_1_int2\\E,\\Qtest.test_1_smallint\\E,\\Qtest.test_1_serial2\\E,\\Qtest.test_1_smallserial\\E,\\Qtest.test_1_serial4\\E,\\Qtest.test_1_serial\\E,\\Qtest.test_1_time\\E,\\Qtest.test_2_time\\E,\\Qtest.test_3_time\\E,\\Qtest.test_4_time\\E,\\Qtest.test_5_time\\E,\\Qtest.test_1_timestamp\\E,\\Qtest.test_2_timestamp\\E,\\Qtest.test_3_timestamp\\E,\\Qtest.test_4_timestamp\\E,\\Qtest.test_5_timestamp\\E,\\Qtest.test_6_timestamp\\E,\\Qtest.test_7_timestamp\\E,\\Qtest.test_8_timestamp\\E,\\Qtest.test_1_timestamptz\\E,\\Qtest.test_2_timestamptz\\E,\\Qtest.test_1_tsquery\\E,\\Qtest.test_1_tsvector\\E,\\Qtest.test_1_uuid\\E,\\Qtest.test_1_xml\\E,\\Qtest.test_1_mood\\E,\\Qtest.test_1_tsrange\\E,\\Qtest.test_1_inventory_item\\E,\\Qtest.test_1_hstore\\E,\\Qtest.test_1_timetz\\E,\\Qtest.test_2_timetz\\E,\\Qtest.test_1_int2_array\\E,\\Qtest.test_1_int4_array\\E,\\Qtest.test_1_int8_array\\E,\\Qtest.test_1_oid_array\\E,\\Qtest.test_1_varchar_array\\E,\\Qtest.test_1_char_array\\E,\\Qtest.test_1_bpchar_array\\E,\\Qtest.test_1_text_array\\E,\\Qtest.test_1_name_array\\E,\\Qtest.test_1_decimal_array\\E,\\Qtest.test_2_decimal_array\\E,\\Qtest.test_3_decimal_array\\E,\\Qtest.test_1_numeric_array\\E,\\Qtest.test_2_numeric_array\\E,\\Qtest.test_3_numeric_array\\E,\\Qtest.test_1_float4_array\\E,\\Qtest.test_1_float8_array\\E,\\Qtest.test_1_money_array\\E,\\Qtest.test_1_bool_array\\E,\\Qtest.test_1_bit_array\\E,\\Qtest.test_1_bytea_array\\E,\\Qtest.test_1_date_array\\E,\\Qtest.test_1_time_array\\E,\\Qtest.test_1_timetz_array\\E,\\Qtest.test_1_timestamptz_array\\E,\\Qtest.test_1_timestamp_array\\E,\\Qtest.test_1_money\\E,\\Qtest.test_2_bigint\\E,\\Qtest.test_2_bigserial\\E,\\Qtest.test_3_bit\\E,\\Qtest.test_4_bit\\E,\\Qtest.test_3_bit_varying\\E,\\Qtest.test_4_bit_varying\\E,\\Qtest.test_2_bool\\E,\\Qtest.test_2_boolean\\E,\\Qtest.test_2_box\\E,\\Qtest.test_2_bytea\\E,\\Qtest.test_3_char\\E,\\Qtest.test_4_char\\E,\\Qtest.test_3_character\\E,\\Qtest.test_4_character\\E,\\Qtest.test_2_text\\E,\\Qtest.test_3_varchar\\E,\\Qtest.test_4_varchar\\E,\\Qtest.test_2_cidr\\E,\\Qtest.test_2_circle\\E,\\Qtest.test_4_date\\E,\\Qtest.test_5_date\\E,\\Qtest.test_6_date\\E,\\Qtest.test_2_float\\E,\\Qtest.test_2_double_precision\\E,\\Qtest.test_2_float8\\E,\\Qtest.test_2_inet\\E,\\Qtest.test_2_int4\\E,\\Qtest.test_2_int\\E,\\Qtest.test_2_integer\\E,\\Qtest.test_2_interval\\E,\\Qtest.test_2_json\\E,\\Qtest.test_2_jsonb\\E,\\Qtest.test_2_line\\E,\\Qtest.test_2_lseg\\E,\\Qtest.test_2_macaddr\\E,\\Qtest.test_2_macaddr8\\E,\\Qtest.test_6_numeric\\E,\\Qtest.test_7_numeric\\E,\\Qtest.test_8_numeric\\E,\\Qtest.test_9_numeric\\E,\\Qtest.test_2_decimal\\E,\\Qtest.test_10_numeric\\E,\\Qtest.test_2_path\\E,\\Qtest.test_2_pg_lsn\\E,\\Qtest.test_2_point\\E,\\Qtest.test_2_polygon\\E,\\Qtest.test_2_float4\\E,\\Qtest.test_2_real\\E,\\Qtest.test_2_int2\\E,\\Qtest.test_2_smallint\\E,\\Qtest.test_2_serial2\\E,\\Qtest.test_2_smallserial\\E,\\Qtest.test_2_serial4\\E,\\Qtest.test_2_serial\\E,\\Qtest.test_6_time\\E,\\Qtest.test_7_time\\E,\\Qtest.test_8_time\\E,\\Qtest.test_9_time\\E,\\Qtest.test_10_time\\E,\\Qtest.test_9_timestamp\\E,\\Qtest.test_10_timestamp\\E,\\Qtest.test_11_timestamp\\E,\\Qtest.test_12_timestamp\\E,\\Qtest.test_13_timestamp\\E,\\Qtest.test_14_timestamp\\E,\\Qtest.test_15_timestamp\\E,\\Qtest.test_16_timestamp\\E,\\Qtest.test_3_timestamptz\\E,\\Qtest.test_4_timestamptz\\E,\\Qtest.test_2_tsquery\\E,\\Qtest.test_2_tsvector\\E,\\Qtest.test_2_uuid\\E,\\Qtest.test_2_xml\\E,\\Qtest.test_2_mood\\E,\\Qtest.test_2_tsrange\\E,\\Qtest.test_2_inventory_item\\E,\\Qtest.test_2_hstore\\E,\\Qtest.test_3_timetz\\E,\\Qtest.test_4_timetz\\E,\\Qtest.test_2_int2_array\\E,\\Qtest.test_2_int4_array\\E,\\Qtest.test_2_int8_array\\E,\\Qtest.test_2_oid_array\\E,\\Qtest.test_2_varchar_array\\E,\\Qtest.test_2_char_array\\E,\\Qtest.test_2_bpchar_array\\E,\\Qtest.test_2_text_array\\E,\\Qtest.test_2_name_array\\E,\\Qtest.test_4_decimal_array\\E,\\Qtest.test_5_decimal_array\\E,\\Qtest.test_6_decimal_array\\E,\\Qtest.test_4_numeric_array\\E,\\Qtest.test_5_numeric_array\\E,\\Qtest.test_6_numeric_array\\E,\\Qtest.test_2_float4_array\\E,\\Qtest.test_2_float8_array\\E,\\Qtest.test_2_money_array\\E,\\Qtest.test_2_bool_array\\E,\\Qtest.test_2_bit_array\\E,\\Qtest.test_2_bytea_array\\E,\\Qtest.test_2_date_array\\E,\\Qtest.test_2_time_array\\E,\\Qtest.test_2_timetz_array\\E,\\Qtest.test_2_timestamptz_array\\E,\\Qtest.test_2_timestamp_array\\E,\\Qtest.test_2_money\\E,\\Qtest.random_dummy_table\\E"}}
{"type":"LOG","log":{"level":"INFO","message":"INFO i.a.w.i.DefaultAirbyteStreamFactory(internalLog):159 INFO i.d.c.c.BaseSourceTask(lambda$start$0):126    snapshot.mode = initial"}}
{"type":"LOG","log":{"level":"INFO","message":"INFO i.a.w.i.DefaultAirbyteStreamFactory(internalLog):159 INFO i.d.c.c.BaseSourceTask(startIfNeededAndPossible):243 Attempting to start task"}}
{"type":"LOG","log":{"level":"INFO","message":"INFO i.a.w.i.DefaultAirbyteStreamFactory(internalLog):159 INFO i.d.c.CommonConnectorConfig(getTopicNamingStrategy):849 Loading the custom topic naming strategy plugin: io.debezium.schema.SchemaTopicNamingStrategy"}}
{"type":"LOG","log":{"level":"INFO","message":"INFO i.a.w.i.DefaultAirbyteStreamFactory(internalLog):159 INFO i.d.j.JdbcConnection(lambda$doClose$4):947 Connection gracefully closed"}}
{"type":"LOG","log":{"level":"INFO","message":"INFO i.a.w.i.DefaultAirbyteStreamFactory(internalLog):159 INFO i.d.c.c.BaseSourceTask(getPreviousOffsets):375 No previous offsets found"}}
{"type":"LOG","log":{"level":"INFO","message":"INFO i.a.w.i.DefaultAirbyteStreamFactory(internalLog):159 INFO i.d.c.p.PostgresConnectorTask(start):113 user 'test' connected to database 'test' on PostgreSQL 14.8 on x86_64-pc-linux-musl, compiled by gcc (Alpine 12.2.1_git20220924-r10) 12.2.1 20220924, 64-bit with roles:\n\trole 'pg_read_all_settings' [superuser: false, replication: false, inherit: true, create role: false, create db: false, can log in: false]\n\trole 'pg_database_owner' [superuser: false, replication: false, inherit: true, create role: false, create db: false, can log in: false]\n\trole 'pg_read_all_data' [superuser: false, replication: false, inherit: true, create role: false, create db: false, can log in: false]\n\trole 'pg_stat_scan_tables' [superuser: false, replication: false, inherit: true, create role: false, create db: false, can log in: false]\n\trole 'pg_write_all_data' [superuser: false, replication: false, inherit: true, create role: false, create db: false, can log in: false]\n\trole 'pg_write_server_files' [superuser: false, replication: false, inherit: true, create role: false, create db: false, can log in: false]\n\trole 'test' [superuser: true, replication: true, inherit: true, create role: true, create db: true, can log in: true]\n\trole 'pg_monitor' [superuser: false, replication: false, inherit: true, create role: false, create db: false, can log in: false]\n\trole 'pg_read_server_files' [superuser: false, replication: false, inherit: true, create role: false, create db: false, can log in: false]\n\trole 'pg_execute_server_program' [superuser: false, replication: false, inherit: true, create role: false, create db: false, can log in: false]\n\trole 'pg_read_all_stats' [superuser: false, replication: false, inherit: true, create role: false, create db: false, can log in: false]\n\trole 'pg_signal_backend' [superuser: false, replication: false, inherit: true, create role: false, create db: false, can log in: false]"}}
{"type":"LOG","log":{"level":"INFO","message":"INFO i.a.w.i.DefaultAirbyteStreamFactory(internalLog):159 INFO i.d.c.p.c.PostgresConnection(readReplicationSlotInfo):264 Obtained valid replication slot ReplicationSlot [active=false, latestFlushedLsn=LSN{0/16FEAC8}, catalogXmin=735]"}}
{"type":"LOG","log":{"level":"INFO","message":"INFO i.a.w.i.DefaultAirbyteStreamFactory(internalLog):159 INFO i.d.c.p.PostgresConnectorTask(start):122 No previous offset found"}}
{"type":"LOG","log":{"level":"INFO","message":"INFO i.a.w.i.DefaultAirbyteStreamFactory(internalLog):159 INFO i.d.u.Threads(threadFactory):270 Requested thread factory for connector PostgresConnector, id = test named = change-event-source-coordinator"}}
{"type":"LOG","log":{"level":"INFO","message":"INFO i.a.w.i.DefaultAirbyteStreamFactory(internalLog):159 INFO i.d.u.Threads$3(newThread):287 Creating thread debezium-postgresconnector-test-change-event-source-coordinator"}}
{"type":"LOG","log":{"level":"INFO","message":"INFO i.a.w.i.DefaultAirbyteStreamFactory(internalLog):159 INFO i.d.c.c.BaseSourceTask(startIfNeededAndPossible):245 Successfully started task"}}
{"type":"LOG","log":{"level":"INFO","message":"INFO i.a.w.i.DefaultAirbyteStreamFactory(internalLog):159 INFO i.d.p.ChangeEventSourceCoordinator(lambda$start$0):103 Metrics registered"}}
{"type":"LOG","log":{"level":"INFO","message":"INFO i.a.w.i.DefaultAirbyteStreamFactory(internalLog):159 INFO i.d.p.ChangeEventSourceCoordinator(lambda$start$0):106 Context created"}}
{"type":"LOG","log":{"level":"INFO","message":"INFO i.a.w.i.DefaultAirbyteStreamFactory(internalLog):159 INFO i.d.c.p.s.InitialSnapshotter(shouldSnapshot):34 Taking initial snapshot for new datasource"}}
{"type":"LOG","log":{"level":"INFO","message":"INFO i.a.w.i.DefaultAirbyteStreamFactory(internalLog):159 INFO i.d.c.p.PostgresSnapshotChangeEventSource(getSnapshottingTask):65 According to the connector configuration data will be snapshotted"}}
{"type":"LOG","log":{"level":"INFO","message":"INFO i.a.w.i.DefaultAirbyteStreamFactory(internalLog):159 INFO i.d.r.RelationalSnapshotChangeEventSource(doExecute):110 Snapshot step 1 - Preparing"}}
{"type":"LOG","log":{"level":"INFO","message":"INFO i.a.w.i.DefaultAirbyteStreamFactory(internalLog):159 INFO i.d.r.RelationalSnapshotChangeEventSource(doExecute):119 Snapshot step 2 - Determining captured tables"}}
{"type":"LOG","log":{"level":"INFO","message":"INFO i.a.w.i.DefaultAirbyteStreamFactory(internalLog):159 INFO i.d.r.RelationalSnapshotChangeEventSource(determineCapturedTables):267 Adding table test.test_8_time to the list of capture schema tables"}}
{"type":"LOG","log":{"level":"INFO","message":"INFO i.a.w.i.DefaultAirbyteStreamFactory(internalLog):159 INFO i.d.r.RelationalSnapshotChangeEventSource(determineCapturedTables):267 Adding table test.test_8_timestamp to the list of capture schema tables"}}
{"type":"LOG","log":{"level":"INFO","message":"INFO i.a.w.i.DefaultAirbyteStreamFactory(internalLog):159 INFO i.d.r.RelationalSnapshotChangeEventSource(determineCapturedTables):267 Adding table test.test_3_char to the list of capture schema tables"}}
{"type":"LOG","log":{"level":"INFO","message":"INFO i.a.w.i.DefaultAirbyteStreamFactory(internalLog):159 INFO i.d.r.RelationalSnapshotChangeEventSource(determineCapturedTables):267 Adding table test.test_2_char_array to the list of capture schema tables"}}
{"type":"LOG","log":{"level":"INFO","message":"INFO i.a.w.i.DefaultAirbyteStreamFactory(internalLog):159 INFO i.d.r.RelationalSnapshotChangeEventSource(determineCapturedTables):267 Adding table test.test_7_numeric to the list of capture schema tables"}}
{"type":"LOG","log":{"level":"INFO","message":"INFO i.a.w.i.DefaultAirbyteStreamFactory(internalLog):159 INFO i.d.r.RelationalSnapshotChangeEventSource(determineCapturedTables):267 Adding table test.test_1_timetz_array to the list of capture schema tables"}}
{"type":"LOG","log":{"level":"INFO","message":"INFO i.a.w.i.DefaultAirbyteStreamFactory(internalLog):159 INFO i.d.r.RelationalSnapshotChangeEventSource(determineCapturedTables):267 Adding table test.test_1_circle to the list of capture schema tables"}}
{"type":"LOG","log":{"level":"INFO","message":"INFO i.a.w.i.DefaultAirbyteStreamFactory(internalLog):159 INFO i.d.r.RelationalSnapshotChangeEventSource(determineCapturedTables):267 Adding table test.test_2_varchar_array to the list of capture schema tables"}}
{"type":"LOG","log":{"level":"INFO","message":"INFO i.a.w.i.DefaultAirbyteStreamFactory(internalLog):159 INFO i.d.r.RelationalSnapshotChangeEventSource(determineCapturedTables):267 Adding table test.test_2_money to the list of capture schema tables"}}
{"type":"LOG","log":{"level":"INFO","message":"INFO i.a.w.i.DefaultAirbyteStreamFactory(internalLog):159 INFO i.d.r.RelationalSnapshotChangeEventSource(determineCapturedTables):267 Adding table test.test_1_float4_array to the list of capture schema tables"}}
{"type":"LOG","log":{"level":"INFO","message":"INFO i.a.w.i.DefaultAirbyteStreamFactory(internalLog):159 INFO i.d.r.RelationalSnapshotChangeEventSource(determineCapturedTables):267 Adding table test.test_1_tsquery to the list of capture schema tables"}}
{"type":"LOG","log":{"level":"INFO","message":"INFO i.a.w.i.DefaultAirbyteStreamFactory(internalLog):159 INFO i.d.r.RelationalSnapshotChangeEventSource(determineCapturedTables):267 Adding table test.test_1_text to the list of capture schema tables"}}
{"type":"LOG","log":{"level":"INFO","message":"INFO i.a.w.i.DefaultAirbyteStreamFactory(internalLog):159 INFO i.d.r.RelationalSnapshotChangeEventSource(determineCapturedTables):267 Adding table test.test_2_numeric_array to the list of capture schema tables"}}
{"type":"LOG","log":{"level":"INFO","message":"INFO i.a.w.i.DefaultAirbyteStreamFactory(internalLog):159 INFO i.d.r.RelationalSnapshotChangeEventSource(determineCapturedTables):267 Adding table test.test_2_date_array to the list of capture schema tables"}}
{"type":"LOG","log":{"level":"INFO","message":"INFO i.a.w.i.DefaultAirbyteStreamFactory(internalLog):159 INFO i.d.r.RelationalSnapshotChangeEventSource(determineCapturedTables):267 Adding table test.test_2_bytea to the list of capture schema tables"}}
{"type":"LOG","log":{"level":"INFO","message":"INFO i.a.w.i.DefaultAirbyteStreamFactory(internalLog):159 INFO i.d.r.RelationalSnapshotChangeEventSource(determineCapturedTables):267 Adding table test.test_2_path to the list of capture schema tables"}}
{"type":"LOG","log":{"level":"INFO","message":"INFO i.a.w.i.DefaultAirbyteStreamFactory(internalLog):159 INFO i.d.r.RelationalSnapshotChangeEventSource(determineCapturedTables):267 Adding table test.test_2_int2 to the list of capture schema tables"}}
{"type":"LOG","log":{"level":"INFO","message":"INFO i.a.w.i.DefaultAirbyteStreamFactory(internalLog):159 INFO i.d.r.RelationalSnapshotChangeEventSource(determineCapturedTables):267 Adding table test.test_1_serial to the list of capture schema tables"}}
{"type":"LOG","log":{"level":"INFO","message":"INFO i.a.w.i.DefaultAirbyteStreamFactory(internalLog):159 INFO i.d.r.RelationalSnapshotChangeEventSource(determineCapturedTables):267 Adding table test.test_2_int4 to the list of capture schema tables"}}
{"type":"LOG","log":{"level":"INFO","message":"INFO i.a.w.i.DefaultAirbyteStreamFactory(internalLog):159 INFO i.d.r.RelationalSnapshotChangeEventSource(determineCapturedTables):267 Adding table test.test_2_bool_array to the list of capture schema tables"}}
{"type":"LOG","log":{"level":"INFO","message":"INFO i.a.w.i.DefaultAirbyteStreamFactory(internalLog):159 INFO i.d.r.RelationalSnapshotChangeEventSource(determineCapturedTables):267 Adding table test.test_5_date to the list of capture schema tables"}}
{"type":"LOG","log":{"level":"INFO","message":"INFO i.a.w.i.DefaultAirbyteStreamFactory(internalLog):159 INFO i.d.r.RelationalSnapshotChangeEventSource(determineCapturedTables):267 Adding table test.test_7_timestamp to the list of capture schema tables"}}
{"type":"LOG","log":{"level":"INFO","message":"INFO i.a.w.i.DefaultAirbyteStreamFactory(internalLog):159 INFO i.d.r.RelationalSnapshotChangeEventSource(determineCapturedTables):267 Adding table test.test_3_decimal_array to the list of capture schema tables"}}
{"type":"LOG","log":{"level":"INFO","message":"INFO i.a.w.i.DefaultAirbyteStreamFactory(internalLog):159 INFO i.d.r.RelationalSnapshotChangeEventSource(determineCapturedTables):267 Adding table test.test_13_timestamp to the list of capture schema tables"}}
{"type":"LOG","log":{"level":"INFO","message":"INFO i.a.w.i.DefaultAirbyteStreamFactory(internalLog):159 INFO i.d.r.RelationalSnapshotChangeEventSource(determineCapturedTables):267 Adding table test.test_1_text_array to the list of capture schema tables"}}
{"type":"LOG","log":{"level":"INFO","message":"INFO i.a.w.i.DefaultAirbyteStreamFactory(internalLog):159 INFO i.d.r.RelationalSnapshotChangeEventSource(determineCapturedTables):267 Adding table test.test_2_timetz_array to the list of capture schema tables"}}
{"type":"LOG","log":{"level":"INFO","message":"INFO i.a.w.i.DefaultAirbyteStreamFactory(internalLog):159 INFO i.d.r.RelationalSnapshotChangeEventSource(determineCapturedTables):267 Adding table test.test_1_bigserial to the list of capture schema tables"}}
{"type":"LOG","log":{"level":"INFO","message":"INFO i.a.w.i.DefaultAirbyteStreamFactory(internalLog):159 INFO i.d.r.RelationalSnapshotChangeEventSource(determineCapturedTables):267 Adding table test.test_1_serial2 to the list of capture schema tables"}}
{"type":"LOG","log":{"level":"INFO","message":"INFO i.a.w.i.DefaultAirbyteStreamFactory(internalLog):159 INFO i.d.r.RelationalSnapshotChangeEventSource(determineCapturedTables):267 Adding table test.test_1_bool to the list of capture schema tables"}}
{"type":"LOG","log":{"level":"INFO","message":"INFO i.a.w.i.DefaultAirbyteStreamFactory(internalLog):159 INFO i.d.r.RelationalSnapshotChangeEventSource(determineCapturedTables):267 Adding table test.test_2_bit to the list of capture schema tables"}}
{"type":"LOG","log":{"level":"INFO","message":"INFO i.a.w.i.DefaultAirbyteStreamFactory(internalLog):159 INFO i.d.r.RelationalSnapshotChangeEventSource(determineCapturedTables):267 Adding table test.test_1_mood to the list of capture schema tables"}}
{"type":"LOG","log":{"level":"INFO","message":"INFO i.a.w.i.DefaultAirbyteStreamFactory(internalLog):159 INFO i.d.r.RelationalSnapshotChangeEventSource(determineCapturedTables):267 Adding table test.test_2_numeric to the list of capture schema tables"}}
{"type":"LOG","log":{"level":"INFO","message":"INFO i.a.w.i.DefaultAirbyteStreamFactory(internalLog):159 INFO i.d.r.RelationalSnapshotChangeEventSource(determineCapturedTables):267 Adding table test.test_2_time_array to the list of capture schema tables"}}
{"type":"LOG","log":{"level":"INFO","message":"INFO i.a.w.i.DefaultAirbyteStreamFactory(internalLog):159 INFO i.d.r.RelationalSnapshotChangeEventSource(determineCapturedTables):267 Adding table test.test_1_integer to the list of capture schema tables"}}
{"type":"LOG","log":{"level":"INFO","message":"INFO i.a.w.i.DefaultAirbyteStreamFactory(internalLog):159 INFO i.d.r.RelationalSnapshotChangeEventSource(determineCapturedTables):267 Adding table test.test_2_int8_array to the list of capture schema tables"}}
{"type":"LOG","log":{"level":"INFO","message":"INFO i.a.w.i.DefaultAirbyteStreamFactory(internalLog):159 INFO i.d.r.RelationalSnapshotChangeEventSource(determineCapturedTables):267 Adding table test.test_6_timestamp to the list of capture schema tables"}}
{"type":"LOG","log":{"level":"INFO","message":"INFO i.a.w.i.DefaultAirbyteStreamFactory(internalLog):159 INFO i.d.r.RelationalSnapshotChangeEventSource(determineCapturedTables):267 Adding table test.test_4_decimal_array to the list of capture schema tables"}}
{"type":"LOG","log":{"level":"INFO","message":"INFO i.a.w.i.DefaultAirbyteStreamFactory(internalLog):159 INFO i.d.r.RelationalSnapshotChangeEventSource(determineCapturedTables):267 Adding table test.test_2_float4_array to the list of capture schema tables"}}
{"type":"LOG","log":{"level":"INFO","message":"INFO i.a.w.i.DefaultAirbyteStreamFactory(internalLog):159 INFO i.d.r.RelationalSnapshotChangeEventSource(determineCapturedTables):267 Adding table test.test_3_timetz to the list of capture schema tables"}}
{"type":"LOG","log":{"level":"INFO","message":"INFO i.a.w.i.DefaultAirbyteStreamFactory(internalLog):159 INFO i.d.r.RelationalSnapshotChangeEventSource(determineCapturedTables):267 Adding table test.test_1_oid_array to the list of capture schema tables"}}
{"type":"LOG","log":{"level":"INFO","message":"INFO i.a.w.i.DefaultAirbyteStreamFactory(internalLog):159 INFO i.d.r.RelationalSnapshotChangeEventSource(determineCapturedTables):267 Adding table test.test_2_inet to the list of capture schema tables"}}
{"type":"LOG","log":{"level":"INFO","message":"INFO i.a.w.i.DefaultAirbyteStreamFactory(internalLog):159 INFO i.d.r.RelationalSnapshotChangeEventSource(determineCapturedTables):267 Adding table test.test_1_json to the list of capture schema tables"}}
{"type":"LOG","log":{"level":"INFO","message":"INFO i.a.w.i.DefaultAirbyteStreamFactory(internalLog):159 INFO i.d.r.RelationalSnapshotChangeEventSource(determineCapturedTables):267 Adding table test.test_1_interval to the list of capture schema tables"}}
{"type":"LOG","log":{"level":"INFO","message":"INFO i.a.w.i.DefaultAirbyteStreamFactory(internalLog):159 INFO i.d.r.RelationalSnapshotChangeEventSource(determineCapturedTables):267 Adding table test.test_1_name_array to the list of capture schema tables"}}
{"type":"LOG","log":{"level":"INFO","message":"INFO i.a.w.i.DefaultAirbyteStreamFactory(internalLog):159 INFO i.d.r.RelationalSnapshotChangeEventSource(determineCapturedTables):267 Adding table test.test_1_tsrange to the list of capture schema tables"}}
{"type":"LOG","log":{"level":"INFO","message":"INFO i.a.w.i.DefaultAirbyteStreamFactory(internalLog):159 INFO i.d.r.RelationalSnapshotChangeEventSource(determineCapturedTables):267 Adding table test.test_9_timestamp to the list of capture schema tables"}}
{"type":"LOG","log":{"level":"INFO","message":"INFO i.a.w.i.DefaultAirbyteStreamFactory(internalLog):159 INFO i.d.r.RelationalSnapshotChangeEventSource(determineCapturedTables):267 Adding table test.test_2_lseg to the list of capture schema tables"}}
{"type":"LOG","log":{"level":"INFO","message":"INFO i.a.w.i.DefaultAirbyteStreamFactory(internalLog):159 INFO i.d.r.RelationalSnapshotChangeEventSource(determineCapturedTables):267 Adding table test.test_1_varchar to the list of capture schema tables"}}
{"type":"LOG","log":{"level":"INFO","message":"INFO i.a.w.i.DefaultAirbyteStreamFactory(internalLog):159 INFO i.d.r.RelationalSnapshotChangeEventSource(determineCapturedTables):267 Adding table test.test_4_varchar to the list of capture schema tables"}}
{"type":"LOG","log":{"level":"INFO","message":"INFO i.a.w.i.DefaultAirbyteStreamFactory(internalLog):159 INFO i.d.r.RelationalSnapshotChangeEventSource(determineCapturedTables):267 Adding table test.test_14_timestamp to the list of capture schema tables"}}
{"type":"LOG","log":{"level":"INFO","message":"INFO i.a.w.i.DefaultAirbyteStreamFactory(internalLog):159 INFO i.d.r.RelationalSnapshotChangeEventSource(determineCapturedTables):267 Adding table test.test_1_macaddr to the list of capture schema tables"}}
{"type":"LOG","log":{"level":"INFO","message":"INFO i.a.w.i.DefaultAirbyteStreamFactory(internalLog):159 INFO i.d.r.RelationalSnapshotChangeEventSource(determineCapturedTables):267 Adding table test.test_1_int2_array to the list of capture schema tables"}}
{"type":"LOG","log":{"level":"INFO","message":"INFO i.a.w.i.DefaultAirbyteStreamFactory(internalLog):159 INFO i.d.r.RelationalSnapshotChangeEventSource(determineCapturedTables):267 Adding table test.test_1_boolean to the list of capture schema tables"}}
{"type":"LOG","log":{"level":"INFO","message":"INFO i.a.w.i.DefaultAirbyteStreamFactory(internalLog):159 INFO i.d.r.RelationalSnapshotChangeEventSource(determineCapturedTables):267 Adding table test.test_2_float to the list of capture schema tables"}}
{"type":"LOG","log":{"level":"INFO","message":"INFO i.a.w.i.DefaultAirbyteStreamFactory(internalLog):159 INFO i.d.r.RelationalSnapshotChangeEventSource(determineCapturedTables):267 Adding table test.test_1_time to the list of capture schema tables"}}
{"type":"LOG","log":{"level":"INFO","message":"INFO i.a.w.i.DefaultAirbyteStreamFactory(internalLog):159 INFO i.d.r.RelationalSnapshotChangeEventSource(determineCapturedTables):267 Adding table test.test_1_int8_array to the list of capture schema tables"}}
{"type":"LOG","log":{"level":"INFO","message":"INFO i.a.w.i.DefaultAirbyteStreamFactory(internalLog):159 INFO i.d.r.RelationalSnapshotChangeEventSource(determineCapturedTables):267 Adding table test.test_4_time to the list of capture schema tables"}}
{"type":"LOG","log":{"level":"INFO","message":"INFO i.a.w.i.DefaultAirbyteStreamFactory(internalLog):159 INFO i.d.r.RelationalSnapshotChangeEventSource(determineCapturedTables):267 Adding table test.test_1_serial4 to the list of capture schema tables"}}
{"type":"LOG","log":{"level":"INFO","message":"INFO i.a.w.i.DefaultAirbyteStreamFactory(internalLog):159 INFO i.d.r.RelationalSnapshotChangeEventSource(determineCapturedTables):267 Adding table test.test_11_timestamp to the list of capture schema tables"}}
{"type":"LOG","log":{"level":"INFO","message":"INFO i.a.w.i.DefaultAirbyteStreamFactory(internalLog):159 INFO i.d.r.RelationalSnapshotChangeEventSource(determineCapturedTables):267 Adding table test.test_1_date to the list of capture schema tables"}}
{"type":"LOG","log":{"level":"INFO","message":"INFO i.a.w.i.DefaultAirbyteStreamFactory(internalLog):159 INFO i.d.r.RelationalSnapshotChangeEventSource(determineCapturedTables):267 Adding table test.test_2_text_array to the list of capture schema tables"}}
{"type":"LOG","log":{"level":"INFO","message":"INFO i.a.w.i.DefaultAirbyteStreamFactory(internalLog):159 INFO i.d.r.RelationalSnapshotChangeEventSource(determineCapturedTables):267 Adding table test.test_2_time to the list of capture schema tables"}}
{"type":"LOG","log":{"level":"INFO","message":"INFO i.a.w.i.DefaultAirbyteStreamFactory(internalLog):159 INFO i.d.r.RelationalSnapshotChangeEventSource(determineCapturedTables):267 Adding table test.test_2_interval to the list of capture schema tables"}}
{"type":"LOG","log":{"level":"INFO","message":"INFO i.a.w.i.DefaultAirbyteStreamFactory(internalLog):159 INFO i.d.r.RelationalSnapshotChangeEventSource(determineCapturedTables):267 Adding table test.test_1_numeric to the list of capture schema tables"}}
{"type":"LOG","log":{"level":"INFO","message":"INFO i.a.w.i.DefaultAirbyteStreamFactory(internalLog):159 INFO i.d.r.RelationalSnapshotChangeEventSource(determineCapturedTables):267 Adding table test.test_2_bit_varying to the list of capture schema tables"}}
{"type":"LOG","log":{"level":"INFO","message":"INFO i.a.w.i.DefaultAirbyteStreamFactory(internalLog):159 INFO i.d.r.RelationalSnapshotChangeEventSource(determineCapturedTables):267 Adding table test.test_1_uuid to the list of capture schema tables"}}
{"type":"LOG","log":{"level":"INFO","message":"INFO i.a.w.i.DefaultAirbyteStreamFactory(internalLog):159 INFO i.d.r.RelationalSnapshotChangeEventSource(determineCapturedTables):267 Adding table test.test_4_bit_varying to the list of capture schema tables"}}
{"type":"LOG","log":{"level":"INFO","message":"INFO i.a.w.i.DefaultAirbyteStreamFactory(internalLog):159 INFO i.d.r.RelationalSnapshotChangeEventSource(determineCapturedTables):267 Adding table test.test_3_time to the list of capture schema tables"}}
{"type":"LOG","log":{"level":"INFO","message":"INFO i.a.w.i.DefaultAirbyteStreamFactory(internalLog):159 INFO i.d.r.RelationalSnapshotChangeEventSource(determineCapturedTables):267 Adding table test.test_1_bool_array to the list of capture schema tables"}}
{"type":"LOG","log":{"level":"INFO","message":"INFO i.a.w.i.DefaultAirbyteStreamFactory(internalLog):159 INFO i.d.r.RelationalSnapshotChangeEventSource(determineCapturedTables):267 Adding table test.test_2_bytea_array to the list of capture schema tables"}}
{"type":"LOG","log":{"level":"INFO","message":"INFO i.a.w.i.DefaultAirbyteStreamFactory(internalLog):159 INFO i.d.r.RelationalSnapshotChangeEventSource(determineCapturedTables):267 Adding table test.test_1_int4_array to the list of capture schema tables"}}
{"type":"LOG","log":{"level":"INFO","message":"INFO i.a.w.i.DefaultAirbyteStreamFactory(internalLog):159 INFO i.d.r.RelationalSnapshotChangeEventSource(determineCapturedTables):267 Adding table test.test_1_varchar_array to the list of capture schema tables"}}
{"type":"LOG","log":{"level":"INFO","message":"INFO i.a.w.i.DefaultAirbyteStreamFactory(internalLog):159 INFO i.d.r.RelationalSnapshotChangeEventSource(determineCapturedTables):267 Adding table test.test_3_varchar to the list of capture schema tables"}}
{"type":"LOG","log":{"level":"INFO","message":"INFO i.a.w.i.DefaultAirbyteStreamFactory(internalLog):159 INFO i.d.r.RelationalSnapshotChangeEventSource(determineCapturedTables):267 Adding table test.test_3_numeric_array to the list of capture schema tables"}}
{"type":"LOG","log":{"level":"INFO","message":"INFO i.a.w.i.DefaultAirbyteStreamFactory(internalLog):159 INFO i.d.r.RelationalSnapshotChangeEventSource(determineCapturedTables):267 Adding table test.test_1_real to the list of capture schema tables"}}
{"type":"LOG","log":{"level":"INFO","message":"INFO i.a.w.i.DefaultAirbyteStreamFactory(internalLog):159 INFO i.d.r.RelationalSnapshotChangeEventSource(determineCapturedTables):267 Adding table test.test_1_money to the list of capture schema tables"}}
{"type":"LOG","log":{"level":"INFO","message":"INFO i.a.w.i.DefaultAirbyteStreamFactory(internalLog):159 INFO i.d.r.RelationalSnapshotChangeEventSource(determineCapturedTables):267 Adding table test.test_2_name_array to the list of capture schema tables"}}
{"type":"LOG","log":{"level":"INFO","message":"INFO i.a.w.i.DefaultAirbyteStreamFactory(internalLog):159 INFO i.d.r.RelationalSnapshotChangeEventSource(determineCapturedTables):267 Adding table test.test_1_bit_array to the list of capture schema tables"}}
{"type":"LOG","log":{"level":"INFO","message":"INFO i.a.w.i.DefaultAirbyteStreamFactory(internalLog):159 INFO i.d.r.RelationalSnapshotChangeEventSource(determineCapturedTables):267 Adding table test.test_1_pg_lsn to the list of capture schema tables"}}
{"type":"LOG","log":{"level":"INFO","message":"INFO i.a.w.i.DefaultAirbyteStreamFactory(internalLog):159 INFO i.d.r.RelationalSnapshotChangeEventSource(determineCapturedTables):267 Adding table test.test_2_boolean to the list of capture schema tables"}}
{"type":"LOG","log":{"level":"INFO","message":"INFO i.a.w.i.DefaultAirbyteStreamFactory(internalLog):159 INFO i.d.r.RelationalSnapshotChangeEventSource(determineCapturedTables):267 Adding table test.test_1_jsonb to the list of capture schema tables"}}
{"type":"LOG","log":{"level":"INFO","message":"INFO i.a.w.i.DefaultAirbyteStreamFactory(internalLog):159 INFO i.d.r.RelationalSnapshotChangeEventSource(determineCapturedTables):267 Adding table test.test_2_integer to the list of capture schema tables"}}
{"type":"LOG","log":{"level":"INFO","message":"INFO i.a.w.i.DefaultAirbyteStreamFactory(internalLog):159 INFO i.d.r.RelationalSnapshotChangeEventSource(determineCapturedTables):267 Adding table test.test_3_timestamp to the list of capture schema tables"}}
{"type":"LOG","log":{"level":"INFO","message":"INFO i.a.w.i.DefaultAirbyteStreamFactory(internalLog):159 INFO i.d.r.RelationalSnapshotChangeEventSource(determineCapturedTables):267 Adding table test.test_1_decimal to the list of capture schema tables"}}
{"type":"LOG","log":{"level":"INFO","message":"INFO i.a.w.i.DefaultAirbyteStreamFactory(internalLog):159 INFO i.d.r.RelationalSnapshotChangeEventSource(determineCapturedTables):267 Adding table test.test_4_numeric to the list of capture schema tables"}}
{"type":"LOG","log":{"level":"INFO","message":"INFO i.a.w.i.DefaultAirbyteStreamFactory(internalLog):159 INFO i.d.r.RelationalSnapshotChangeEventSource(determineCapturedTables):267 Adding table test.test_2_money_array to the list of capture schema tables"}}
{"type":"LOG","log":{"level":"INFO","message":"INFO i.a.w.i.DefaultAirbyteStreamFactory(internalLog):159 INFO i.d.r.RelationalSnapshotChangeEventSource(determineCapturedTables):267 Adding table test.test_1_smallserial to the list of capture schema tables"}}
{"type":"LOG","log":{"level":"INFO","message":"INFO i.a.w.i.DefaultAirbyteStreamFactory(internalLog):159 INFO i.d.r.RelationalSnapshotChangeEventSource(determineCapturedTables):267 Adding table test.test_4_timetz to the list of capture schema tables"}}
{"type":"LOG","log":{"level":"INFO","message":"INFO i.a.w.i.DefaultAirbyteStreamFactory(internalLog):159 INFO i.d.r.RelationalSnapshotChangeEventSource(determineCapturedTables):267 Adding table test.test_1_date_array to the list of capture schema tables"}}
{"type":"LOG","log":{"level":"INFO","message":"INFO i.a.w.i.DefaultAirbyteStreamFactory(internalLog):159 INFO i.d.r.RelationalSnapshotChangeEventSource(determineCapturedTables):267 Adding table test.test_12_timestamp to the list of capture schema tables"}}
{"type":"LOG","log":{"level":"INFO","message":"INFO i.a.w.i.DefaultAirbyteStreamFactory(internalLog):159 INFO i.d.r.RelationalSnapshotChangeEventSource(determineCapturedTables):267 Adding table test.test_1_timetz to the list of capture schema tables"}}
{"type":"LOG","log":{"level":"INFO","message":"INFO i.a.w.i.DefaultAirbyteStreamFactory(internalLog):159 INFO i.d.r.RelationalSnapshotChangeEventSource(determineCapturedTables):267 Adding table test.test_2_float8 to the list of capture schema tables"}}
{"type":"LOG","log":{"level":"INFO","message":"INFO i.a.w.i.DefaultAirbyteStreamFactory(internalLog):159 INFO i.d.r.RelationalSnapshotChangeEventSource(determineCapturedTables):267 Adding table test.test_2_bpchar_array to the list of capture schema tables"}}
{"type":"LOG","log":{"level":"INFO","message":"INFO i.a.w.i.DefaultAirbyteStreamFactory(internalLog):159 INFO i.d.r.RelationalSnapshotChangeEventSource(determineCapturedTables):267 Adding table test.test_2_jsonb to the list of capture schema tables"}}
{"type":"LOG","log":{"level":"INFO","message":"INFO i.a.w.i.DefaultAirbyteStreamFactory(internalLog):159 INFO i.d.r.RelationalSnapshotChangeEventSource(determineCapturedTables):267 Adding table test.test_2_tsvector to the list of capture schema tables"}}
{"type":"LOG","log":{"level":"INFO","message":"INFO i.a.w.i.DefaultAirbyteStreamFactory(internalLog):159 INFO i.d.r.RelationalSnapshotChangeEventSource(determineCapturedTables):267 Adding table test.test_2_bit_array to the list of capture schema tables"}}
{"type":"LOG","log":{"level":"INFO","message":"INFO i.a.w.i.DefaultAirbyteStreamFactory(internalLog):159 INFO i.d.r.RelationalSnapshotChangeEventSource(determineCapturedTables):267 Adding table test.test_1_cidr to the list of capture schema tables"}}
{"type":"LOG","log":{"level":"INFO","message":"INFO i.a.w.i.DefaultAirbyteStreamFactory(internalLog):159 INFO i.d.r.RelationalSnapshotChangeEventSource(determineCapturedTables):267 Adding table test.test_2_float4 to the list of capture schema tables"}}
{"type":"LOG","log":{"level":"INFO","message":"INFO i.a.w.i.DefaultAirbyteStreamFactory(internalLog):159 INFO i.d.r.RelationalSnapshotChangeEventSource(determineCapturedTables):267 Adding table test.test_2_timestamp_array to the list of capture schema tables"}}
{"type":"LOG","log":{"level":"INFO","message":"INFO i.a.w.i.DefaultAirbyteStreamFactory(internalLog):159 INFO i.d.r.RelationalSnapshotChangeEventSource(determineCapturedTables):267 Adding table test.test_2_hstore to the list of capture schema tables"}}
{"type":"LOG","log":{"level":"INFO","message":"INFO i.a.w.i.DefaultAirbyteStreamFactory(internalLog):159 INFO i.d.r.RelationalSnapshotChangeEventSource(determineCapturedTables):267 Adding table test.test_2_timestamptz_array to the list of capture schema tables"}}
{"type":"LOG","log":{"level":"INFO","message":"INFO i.a.w.i.DefaultAirbyteStreamFactory(internalLog):159 INFO i.d.r.RelationalSnapshotChangeEventSource(determineCapturedTables):267 Adding table test.test_2_json to the list of capture schema tables"}}
{"type":"LOG","log":{"level":"INFO","message":"INFO i.a.w.i.DefaultAirbyteStreamFactory(internalLog):159 INFO i.d.r.RelationalSnapshotChangeEventSource(determineCapturedTables):267 Adding table test.test_2_timestamp to the list of capture schema tables"}}
{"type":"LOG","log":{"level":"INFO","message":"INFO i.a.w.i.DefaultAirbyteStreamFactory(internalLog):159 INFO i.d.r.RelationalSnapshotChangeEventSource(determineCapturedTables):267 Adding table test.test_1_bigint to the list of capture schema tables"}}
{"type":"LOG","log":{"level":"INFO","message":"INFO i.a.w.i.DefaultAirbyteStreamFactory(internalLog):159 INFO i.d.r.RelationalSnapshotChangeEventSource(determineCapturedTables):267 Adding table test.test_2_bool to the list of capture schema tables"}}
{"type":"LOG","log":{"level":"INFO","message":"INFO i.a.w.i.DefaultAirbyteStreamFactory(internalLog):159 INFO i.d.r.RelationalSnapshotChangeEventSource(determineCapturedTables):267 Adding table test.test_2_macaddr8 to the list of capture schema tables"}}
{"type":"LOG","log":{"level":"INFO","message":"INFO i.a.w.i.DefaultAirbyteStreamFactory(internalLog):159 INFO i.d.r.RelationalSnapshotChangeEventSource(determineCapturedTables):267 Adding table test.test_1_bit to the list of capture schema tables"}}
{"type":"LOG","log":{"level":"INFO","message":"INFO i.a.w.i.DefaultAirbyteStreamFactory(internalLog):159 INFO i.d.r.RelationalSnapshotChangeEventSource(determineCapturedTables):267 Adding table test.test_2_oid_array to the list of capture schema tables"}}
{"type":"LOG","log":{"level":"INFO","message":"INFO i.a.w.i.DefaultAirbyteStreamFactory(internalLog):159 INFO i.d.r.RelationalSnapshotChangeEventSource(determineCapturedTables):267 Adding table test.test_2_mood to the list of capture schema tables"}}
{"type":"LOG","log":{"level":"INFO","message":"INFO i.a.w.i.DefaultAirbyteStreamFactory(internalLog):159 INFO i.d.r.RelationalSnapshotChangeEventSource(determineCapturedTables):267 Adding table test.test_1_polygon to the list of capture schema tables"}}
{"type":"LOG","log":{"level":"INFO","message":"INFO i.a.w.i.DefaultAirbyteStreamFactory(internalLog):159 INFO i.d.r.RelationalSnapshotChangeEventSource(determineCapturedTables):267 Adding table test.test_1_char to the list of capture schema tables"}}
{"type":"LOG","log":{"level":"INFO","message":"INFO i.a.w.i.DefaultAirbyteStreamFactory(internalLog):159 INFO i.d.r.RelationalSnapshotChangeEventSource(determineCapturedTables):267 Adding table test.test_6_date to the list of capture schema tables"}}
{"type":"LOG","log":{"level":"INFO","message":"INFO i.a.w.i.DefaultAirbyteStreamFactory(internalLog):159 INFO i.d.r.RelationalSnapshotChangeEventSource(determineCapturedTables):267 Adding table test.test_1_numeric_array to the list of capture schema tables"}}
{"type":"LOG","log":{"level":"INFO","message":"INFO i.a.w.i.DefaultAirbyteStreamFactory(internalLog):159 INFO i.d.r.RelationalSnapshotChangeEventSource(determineCapturedTables):267 Adding table test.test_2_double_precision to the list of capture schema tables"}}
{"type":"LOG","log":{"level":"INFO","message":"INFO i.a.w.i.DefaultAirbyteStreamFactory(internalLog):159 INFO i.d.r.RelationalSnapshotChangeEventSource(determineCapturedTables):267 Adding table test.test_2_box to the list of capture schema tables"}}
{"type":"LOG","log":{"level":"INFO","message":"INFO i.a.w.i.DefaultAirbyteStreamFactory(internalLog):159 INFO i.d.r.RelationalSnapshotChangeEventSource(determineCapturedTables):267 Adding table test.test_2_inventory_item to the list of capture schema tables"}}
{"type":"LOG","log":{"level":"INFO","message":"INFO i.a.w.i.DefaultAirbyteStreamFactory(internalLog):159 INFO i.d.r.RelationalSnapshotChangeEventSource(determineCapturedTables):267 Adding table test.test_1_timestamp to the list of capture schema tables"}}
{"type":"LOG","log":{"level":"INFO","message":"INFO i.a.w.i.DefaultAirbyteStreamFactory(internalLog):159 INFO i.d.r.RelationalSnapshotChangeEventSource(determineCapturedTables):267 Adding table test.test_2_circle to the list of capture schema tables"}}
{"type":"LOG","log":{"level":"INFO","message":"INFO i.a.w.i.DefaultAirbyteStreamFactory(internalLog):159 INFO i.d.r.RelationalSnapshotChangeEventSource(determineCapturedTables):267 Adding table test.test_3_timestamptz to the list of capture schema tables"}}
{"type":"LOG","log":{"level":"INFO","message":"INFO i.a.w.i.DefaultAirbyteStreamFactory(internalLog):159 INFO i.d.r.RelationalSnapshotChangeEventSource(determineCapturedTables):267 Adding table test.test_1_int2 to the list of capture schema tables"}}
{"type":"LOG","log":{"level":"INFO","message":"INFO i.a.w.i.DefaultAirbyteStreamFactory(internalLog):159 INFO i.d.r.RelationalSnapshotChangeEventSource(determineCapturedTables):267 Adding table test.test_1_int4 to the list of capture schema tables"}}
{"type":"LOG","log":{"level":"INFO","message":"INFO i.a.w.i.DefaultAirbyteStreamFactory(internalLog):159 INFO i.d.r.RelationalSnapshotChangeEventSource(determineCapturedTables):267 Adding table test.test_1_timestamptz to the list of capture schema tables"}}
{"type":"LOG","log":{"level":"INFO","message":"INFO i.a.w.i.DefaultAirbyteStreamFactory(internalLog):159 INFO i.d.r.RelationalSnapshotChangeEventSource(determineCapturedTables):267 Adding table test.test_2_timestamptz to the list of capture schema tables"}}
{"type":"LOG","log":{"level":"INFO","message":"INFO i.a.w.i.DefaultAirbyteStreamFactory(internalLog):159 INFO i.d.r.RelationalSnapshotChangeEventSource(determineCapturedTables):267 Adding table test.test_2_char to the list of capture schema tables"}}
{"type":"LOG","log":{"level":"INFO","message":"INFO i.a.w.i.DefaultAirbyteStreamFactory(internalLog):159 INFO i.d.r.RelationalSnapshotChangeEventSource(determineCapturedTables):267 Adding table test.test_1_bpchar_array to the list of capture schema tables"}}
{"type":"LOG","log":{"level":"INFO","message":"INFO i.a.w.i.DefaultAirbyteStreamFactory(internalLog):159 INFO i.d.r.RelationalSnapshotChangeEventSource(determineCapturedTables):267 Adding table test.test_1_path to the list of capture schema tables"}}
{"type":"LOG","log":{"level":"INFO","message":"INFO i.a.w.i.DefaultAirbyteStreamFactory(internalLog):159 INFO i.d.r.RelationalSnapshotChangeEventSource(determineCapturedTables):267 Adding table test.test_2_character to the list of capture schema tables"}}
{"type":"LOG","log":{"level":"INFO","message":"INFO i.a.w.i.DefaultAirbyteStreamFactory(internalLog):159 INFO i.d.r.RelationalSnapshotChangeEventSource(determineCapturedTables):267 Adding table test.test_3_numeric to the list of capture schema tables"}}
{"type":"LOG","log":{"level":"INFO","message":"INFO i.a.w.i.DefaultAirbyteStreamFactory(internalLog):159 INFO i.d.r.RelationalSnapshotChangeEventSource(determineCapturedTables):267 Adding table test.test_9_time to the list of capture schema tables"}}
{"type":"LOG","log":{"level":"INFO","message":"INFO i.a.w.i.DefaultAirbyteStreamFactory(internalLog):159 INFO i.d.r.RelationalSnapshotChangeEventSource(determineCapturedTables):267 Adding table test.test_2_varchar to the list of capture schema tables"}}
{"type":"LOG","log":{"level":"INFO","message":"INFO i.a.w.i.DefaultAirbyteStreamFactory(internalLog):159 INFO i.d.r.RelationalSnapshotChangeEventSource(determineCapturedTables):267 Adding table test.test_2_text to the list of capture schema tables"}}
{"type":"LOG","log":{"level":"INFO","message":"INFO i.a.w.i.DefaultAirbyteStreamFactory(internalLog):159 INFO i.d.r.RelationalSnapshotChangeEventSource(determineCapturedTables):267 Adding table test.test_2_bigint to the list of capture schema tables"}}
{"type":"LOG","log":{"level":"INFO","message":"INFO i.a.w.i.DefaultAirbyteStreamFactory(internalLog):159 INFO i.d.r.RelationalSnapshotChangeEventSource(determineCapturedTables):267 Adding table test.test_1_tsvector to the list of capture schema tables"}}
{"type":"LOG","log":{"level":"INFO","message":"INFO i.a.w.i.DefaultAirbyteStreamFactory(internalLog):159 INFO i.d.r.RelationalSnapshotChangeEventSource(determineCapturedTables):267 Adding table test.test_2_polygon to the list of capture schema tables"}}
{"type":"LOG","log":{"level":"INFO","message":"INFO i.a.w.i.DefaultAirbyteStreamFactory(internalLog):159 INFO i.d.r.RelationalSnapshotChangeEventSource(determineCapturedTables):267 Adding table test.random_dummy_table to the list of capture schema tables"}}
{"type":"LOG","log":{"level":"INFO","message":"INFO i.a.w.i.DefaultAirbyteStreamFactory(internalLog):159 INFO i.d.r.RelationalSnapshotChangeEventSource(determineCapturedTables):267 Adding table test.test_4_bit to the list of capture schema tables"}}
{"type":"LOG","log":{"level":"INFO","message":"INFO i.a.w.i.DefaultAirbyteStreamFactory(internalLog):159 INFO i.d.r.RelationalSnapshotChangeEventSource(determineCapturedTables):267 Adding table test.test_3_character to the list of capture schema tables"}}
{"type":"LOG","log":{"level":"INFO","message":"INFO i.a.w.i.DefaultAirbyteStreamFactory(internalLog):159 INFO i.d.r.RelationalSnapshotChangeEventSource(determineCapturedTables):267 Adding table test.test_4_numeric_array to the list of capture schema tables"}}
{"type":"LOG","log":{"level":"INFO","message":"INFO i.a.w.i.DefaultAirbyteStreamFactory(internalLog):159 INFO i.d.r.RelationalSnapshotChangeEventSource(determineCapturedTables):267 Adding table test.test_1_line to the list of capture schema tables"}}
{"type":"LOG","log":{"level":"INFO","message":"INFO i.a.w.i.DefaultAirbyteStreamFactory(internalLog):159 INFO i.d.r.RelationalSnapshotChangeEventSource(determineCapturedTables):267 Adding table test.test_4_date to the list of capture schema tables"}}
{"type":"LOG","log":{"level":"INFO","message":"INFO i.a.w.i.DefaultAirbyteStreamFactory(internalLog):159 INFO i.d.r.RelationalSnapshotChangeEventSource(determineCapturedTables):267 Adding table test.test_1_macaddr8 to the list of capture schema tables"}}
{"type":"LOG","log":{"level":"INFO","message":"INFO i.a.w.i.DefaultAirbyteStreamFactory(internalLog):159 INFO i.d.r.RelationalSnapshotChangeEventSource(determineCapturedTables):267 Adding table test.test_6_numeric to the list of capture schema tables"}}
{"type":"LOG","log":{"level":"INFO","message":"INFO i.a.w.i.DefaultAirbyteStreamFactory(internalLog):159 INFO i.d.r.RelationalSnapshotChangeEventSource(determineCapturedTables):267 Adding table test.test_5_decimal_array to the list of capture schema tables"}}
{"type":"LOG","log":{"level":"INFO","message":"INFO i.a.w.i.DefaultAirbyteStreamFactory(internalLog):159 INFO i.d.r.RelationalSnapshotChangeEventSource(determineCapturedTables):267 Adding table test.test_1_float4 to the list of capture schema tables"}}
{"type":"LOG","log":{"level":"INFO","message":"INFO i.a.w.i.DefaultAirbyteStreamFactory(internalLog):159 INFO i.d.r.RelationalSnapshotChangeEventSource(determineCapturedTables):267 Adding table test.test_2_timetz to the list of capture schema tables"}}
{"type":"LOG","log":{"level":"INFO","message":"INFO i.a.w.i.DefaultAirbyteStreamFactory(internalLog):159 INFO i.d.r.RelationalSnapshotChangeEventSource(determineCapturedTables):267 Adding table test.test_2_xml to the list of capture schema tables"}}
{"type":"LOG","log":{"level":"INFO","message":"INFO i.a.w.i.DefaultAirbyteStreamFactory(internalLog):159 INFO i.d.r.RelationalSnapshotChangeEventSource(determineCapturedTables):267 Adding table test.test_2_real to the list of capture schema tables"}}
{"type":"LOG","log":{"level":"INFO","message":"INFO i.a.w.i.DefaultAirbyteStreamFactory(internalLog):159 INFO i.d.r.RelationalSnapshotChangeEventSource(determineCapturedTables):267 Adding table test.test_4_character to the list of capture schema tables"}}
{"type":"LOG","log":{"level":"INFO","message":"INFO i.a.w.i.DefaultAirbyteStreamFactory(internalLog):159 INFO i.d.r.RelationalSnapshotChangeEventSource(determineCapturedTables):267 Adding table test.test_1_float8 to the list of capture schema tables"}}
{"type":"LOG","log":{"level":"INFO","message":"INFO i.a.w.i.DefaultAirbyteStreamFactory(internalLog):159 INFO i.d.r.RelationalSnapshotChangeEventSource(determineCapturedTables):267 Adding table test.test_2_serial to the list of capture schema tables"}}
{"type":"LOG","log":{"level":"INFO","message":"INFO i.a.w.i.DefaultAirbyteStreamFactory(internalLog):159 INFO i.d.r.RelationalSnapshotChangeEventSource(determineCapturedTables):267 Adding table test.test_1_character to the list of capture schema tables"}}
{"type":"LOG","log":{"level":"INFO","message":"INFO i.a.w.i.DefaultAirbyteStreamFactory(internalLog):159 INFO i.d.r.RelationalSnapshotChangeEventSource(determineCapturedTables):267 Adding table test.test_2_smallint to the list of capture schema tables"}}
{"type":"LOG","log":{"level":"INFO","message":"INFO i.a.w.i.DefaultAirbyteStreamFactory(internalLog):159 INFO i.d.r.RelationalSnapshotChangeEventSource(determineCapturedTables):267 Adding table test.test_6_decimal_array to the list of capture schema tables"}}
{"type":"LOG","log":{"level":"INFO","message":"INFO i.a.w.i.DefaultAirbyteStreamFactory(internalLog):159 INFO i.d.r.RelationalSnapshotChangeEventSource(determineCapturedTables):267 Adding table test.test_2_tsquery to the list of capture schema tables"}}
{"type":"LOG","log":{"level":"INFO","message":"INFO i.a.w.i.DefaultAirbyteStreamFactory(internalLog):159 INFO i.d.r.RelationalSnapshotChangeEventSource(determineCapturedTables):267 Adding table test.test_5_numeric_array to the list of capture schema tables"}}
{"type":"LOG","log":{"level":"INFO","message":"INFO i.a.w.i.DefaultAirbyteStreamFactory(internalLog):159 INFO i.d.r.RelationalSnapshotChangeEventSource(determineCapturedTables):267 Adding table test.test_2_cidr to the list of capture schema tables"}}
{"type":"LOG","log":{"level":"INFO","message":"INFO i.a.w.i.DefaultAirbyteStreamFactory(internalLog):159 INFO i.d.r.RelationalSnapshotChangeEventSource(determineCapturedTables):267 Adding table test.test_9_numeric to the list of capture schema tables"}}
{"type":"LOG","log":{"level":"INFO","message":"INFO i.a.w.i.DefaultAirbyteStreamFactory(internalLog):159 INFO i.d.r.RelationalSnapshotChangeEventSource(determineCapturedTables):267 Adding table test.test_7_time to the list of capture schema tables"}}
{"type":"LOG","log":{"level":"INFO","message":"INFO i.a.w.i.DefaultAirbyteStreamFactory(internalLog):159 INFO i.d.r.RelationalSnapshotChangeEventSource(determineCapturedTables):267 Adding table test.test_1_inventory_item to the list of capture schema tables"}}
{"type":"LOG","log":{"level":"INFO","message":"INFO i.a.w.i.DefaultAirbyteStreamFactory(internalLog):159 INFO i.d.r.RelationalSnapshotChangeEventSource(determineCapturedTables):267 Adding table test.test_2_int to the list of capture schema tables"}}
{"type":"LOG","log":{"level":"INFO","message":"INFO i.a.w.i.DefaultAirbyteStreamFactory(internalLog):159 INFO i.d.r.RelationalSnapshotChangeEventSource(determineCapturedTables):267 Adding table test.test_2_serial4 to the list of capture schema tables"}}
{"type":"LOG","log":{"level":"INFO","message":"INFO i.a.w.i.DefaultAirbyteStreamFactory(internalLog):159 INFO i.d.r.RelationalSnapshotChangeEventSource(determineCapturedTables):267 Adding table test.test_2_serial2 to the list of capture schema tables"}}
{"type":"LOG","log":{"level":"INFO","message":"INFO i.a.w.i.DefaultAirbyteStreamFactory(internalLog):159 INFO i.d.r.RelationalSnapshotChangeEventSource(determineCapturedTables):267 Adding table test.test_2_decimal_array to the list of capture schema tables"}}
{"type":"LOG","log":{"level":"INFO","message":"INFO i.a.w.i.DefaultAirbyteStreamFactory(internalLog):159 INFO i.d.r.RelationalSnapshotChangeEventSource(determineCapturedTables):267 Adding table test.test_5_numeric to the list of capture schema tables"}}
{"type":"LOG","log":{"level":"INFO","message":"INFO i.a.w.i.DefaultAirbyteStreamFactory(internalLog):159 INFO i.d.r.RelationalSnapshotChangeEventSource(determineCapturedTables):267 Adding table test.test_1_float8_array to the list of capture schema tables"}}
{"type":"LOG","log":{"level":"INFO","message":"INFO i.a.w.i.DefaultAirbyteStreamFactory(internalLog):159 INFO i.d.r.RelationalSnapshotChangeEventSource(determineCapturedTables):267 Adding table test.test_3_bit_varying to the list of capture schema tables"}}
{"type":"LOG","log":{"level":"INFO","message":"INFO i.a.w.i.DefaultAirbyteStreamFactory(internalLog):159 INFO i.d.r.RelationalSnapshotChangeEventSource(determineCapturedTables):267 Adding table test.test_6_numeric_array to the list of capture schema tables"}}
{"type":"LOG","log":{"level":"INFO","message":"INFO i.a.w.i.DefaultAirbyteStreamFactory(internalLog):159 INFO i.d.r.RelationalSnapshotChangeEventSource(determineCapturedTables):267 Adding table test.test_1_bytea_array to the list of capture schema tables"}}
{"type":"LOG","log":{"level":"INFO","message":"INFO i.a.w.i.DefaultAirbyteStreamFactory(internalLog):159 INFO i.d.r.RelationalSnapshotChangeEventSource(determineCapturedTables):267 Adding table test.test_10_timestamp to the list of capture schema tables"}}
{"type":"LOG","log":{"level":"INFO","message":"INFO i.a.w.i.DefaultAirbyteStreamFactory(internalLog):159 INFO i.d.r.RelationalSnapshotChangeEventSource(determineCapturedTables):267 Adding table test.test_1_timestamptz_array to the list of capture schema tables"}}
{"type":"LOG","log":{"level":"INFO","message":"INFO i.a.w.i.DefaultAirbyteStreamFactory(internalLog):159 INFO i.d.r.RelationalSnapshotChangeEventSource(determineCapturedTables):267 Adding table test.test_1_float to the list of capture schema tables"}}
{"type":"LOG","log":{"level":"INFO","message":"INFO i.a.w.i.DefaultAirbyteStreamFactory(internalLog):159 INFO i.d.r.RelationalSnapshotChangeEventSource(determineCapturedTables):267 Adding table test.test_4_timestamp to the list of capture schema tables"}}
{"type":"LOG","log":{"level":"INFO","message":"INFO i.a.w.i.DefaultAirbyteStreamFactory(internalLog):159 INFO i.d.r.RelationalSnapshotChangeEventSource(determineCapturedTables):267 Adding table test.test_2_int2_array to the list of capture schema tables"}}
{"type":"LOG","log":{"level":"INFO","message":"INFO i.a.w.i.DefaultAirbyteStreamFactory(internalLog):159 INFO i.d.r.RelationalSnapshotChangeEventSource(determineCapturedTables):267 Adding table test.test_16_timestamp to the list of capture schema tables"}}
{"type":"LOG","log":{"level":"INFO","message":"INFO i.a.w.i.DefaultAirbyteStreamFactory(internalLog):159 INFO i.d.r.RelationalSnapshotChangeEventSource(determineCapturedTables):267 Adding table test.test_1_inet to the list of capture schema tables"}}
{"type":"LOG","log":{"level":"INFO","message":"INFO i.a.w.i.DefaultAirbyteStreamFactory(internalLog):159 INFO i.d.r.RelationalSnapshotChangeEventSource(determineCapturedTables):267 Adding table test.test_2_point to the list of capture schema tables"}}
{"type":"LOG","log":{"level":"INFO","message":"INFO i.a.w.i.DefaultAirbyteStreamFactory(internalLog):159 INFO i.d.r.RelationalSnapshotChangeEventSource(determineCapturedTables):267 Adding table test.test_1_hstore to the list of capture schema tables"}}
{"type":"LOG","log":{"level":"INFO","message":"INFO i.a.w.i.DefaultAirbyteStreamFactory(internalLog):159 INFO i.d.r.RelationalSnapshotChangeEventSource(determineCapturedTables):267 Adding table test.test_2_date to the list of capture schema tables"}}
{"type":"LOG","log":{"level":"INFO","message":"INFO i.a.w.i.DefaultAirbyteStreamFactory(internalLog):159 INFO i.d.r.RelationalSnapshotChangeEventSource(determineCapturedTables):267 Adding table test.test_1_box to the list of capture schema tables"}}
{"type":"LOG","log":{"level":"INFO","message":"INFO i.a.w.i.DefaultAirbyteStreamFactory(internalLog):159 INFO i.d.r.RelationalSnapshotChangeEventSource(determineCapturedTables):267 Adding table test.test_1_double_precision to the list of capture schema tables"}}
{"type":"LOG","log":{"level":"INFO","message":"INFO i.a.w.i.DefaultAirbyteStreamFactory(internalLog):159 INFO i.d.r.RelationalSnapshotChangeEventSource(determineCapturedTables):267 Adding table test.test_2_macaddr to the list of capture schema tables"}}
{"type":"LOG","log":{"level":"INFO","message":"INFO i.a.w.i.DefaultAirbyteStreamFactory(internalLog):159 INFO i.d.r.RelationalSnapshotChangeEventSource(determineCapturedTables):267 Adding table test.test_1_timestamp_array to the list of capture schema tables"}}
{"type":"LOG","log":{"level":"INFO","message":"INFO i.a.w.i.DefaultAirbyteStreamFactory(internalLog):159 INFO i.d.r.RelationalSnapshotChangeEventSource(determineCapturedTables):267 Adding table test.test_2_uuid to the list of capture schema tables"}}
{"type":"LOG","log":{"level":"INFO","message":"INFO i.a.w.i.DefaultAirbyteStreamFactory(internalLog):159 INFO i.d.r.RelationalSnapshotChangeEventSource(determineCapturedTables):267 Adding table test.test_8_numeric to the list of capture schema tables"}}
{"type":"LOG","log":{"level":"INFO","message":"INFO i.a.w.i.DefaultAirbyteStreamFactory(internalLog):159 INFO i.d.r.RelationalSnapshotChangeEventSource(determineCapturedTables):267 Adding table test.test_1_bit_varying to the list of capture schema tables"}}
{"type":"LOG","log":{"level":"INFO","message":"INFO i.a.w.i.DefaultAirbyteStreamFactory(internalLog):159 INFO i.d.r.RelationalSnapshotChangeEventSource(determineCapturedTables):267 Adding table test.test_1_time_array to the list of capture schema tables"}}
{"type":"LOG","log":{"level":"INFO","message":"INFO i.a.w.i.DefaultAirbyteStreamFactory(internalLog):159 INFO i.d.r.RelationalSnapshotChangeEventSource(determineCapturedTables):267 Adding table test.test_5_time to the list of capture schema tables"}}
{"type":"LOG","log":{"level":"INFO","message":"INFO i.a.w.i.DefaultAirbyteStreamFactory(internalLog):159 INFO i.d.r.RelationalSnapshotChangeEventSource(determineCapturedTables):267 Adding table test.test_15_timestamp to the list of capture schema tables"}}
{"type":"LOG","log":{"level":"INFO","message":"INFO i.a.w.i.DefaultAirbyteStreamFactory(internalLog):159 INFO i.d.r.RelationalSnapshotChangeEventSource(determineCapturedTables):267 Adding table test.test_1_point to the list of capture schema tables"}}
{"type":"LOG","log":{"level":"INFO","message":"INFO i.a.w.i.DefaultAirbyteStreamFactory(internalLog):159 INFO i.d.r.RelationalSnapshotChangeEventSource(determineCapturedTables):267 Adding table test.test_2_smallserial to the list of capture schema tables"}}
{"type":"LOG","log":{"level":"INFO","message":"INFO i.a.w.i.DefaultAirbyteStreamFactory(internalLog):159 INFO i.d.r.RelationalSnapshotChangeEventSource(determineCapturedTables):267 Adding table test.test_10_time to the list of capture schema tables"}}
{"type":"LOG","log":{"level":"INFO","message":"INFO i.a.w.i.DefaultAirbyteStreamFactory(internalLog):159 INFO i.d.r.RelationalSnapshotChangeEventSource(determineCapturedTables):267 Adding table test.test_3_bit to the list of capture schema tables"}}
{"type":"LOG","log":{"level":"INFO","message":"INFO i.a.w.i.DefaultAirbyteStreamFactory(internalLog):159 INFO i.d.r.RelationalSnapshotChangeEventSource(determineCapturedTables):267 Adding table test.test_1_int to the list of capture schema tables"}}
{"type":"LOG","log":{"level":"INFO","message":"INFO i.a.w.i.DefaultAirbyteStreamFactory(internalLog):159 INFO i.d.r.RelationalSnapshotChangeEventSource(determineCapturedTables):267 Adding table test.test_2_int4_array to the list of capture schema tables"}}
{"type":"LOG","log":{"level":"INFO","message":"INFO i.a.w.i.DefaultAirbyteStreamFactory(internalLog):159 INFO i.d.r.RelationalSnapshotChangeEventSource(determineCapturedTables):267 Adding table test.test_1_money_array to the list of capture schema tables"}}
{"type":"LOG","log":{"level":"INFO","message":"INFO i.a.w.i.DefaultAirbyteStreamFactory(internalLog):159 INFO i.d.r.RelationalSnapshotChangeEventSource(determineCapturedTables):267 Adding table test.test_1_bytea to the list of capture schema tables"}}
{"type":"LOG","log":{"level":"INFO","message":"INFO i.a.w.i.DefaultAirbyteStreamFactory(internalLog):159 INFO i.d.r.RelationalSnapshotChangeEventSource(determineCapturedTables):267 Adding table test.test_2_float8_array to the list of capture schema tables"}}
{"type":"LOG","log":{"level":"INFO","message":"INFO i.a.w.i.DefaultAirbyteStreamFactory(internalLog):159 INFO i.d.r.RelationalSnapshotChangeEventSource(determineCapturedTables):267 Adding table test.test_2_bigserial to the list of capture schema tables"}}
{"type":"LOG","log":{"level":"INFO","message":"INFO i.a.w.i.DefaultAirbyteStreamFactory(internalLog):159 INFO i.d.r.RelationalSnapshotChangeEventSource(determineCapturedTables):267 Adding table test.test_1_lseg to the list of capture schema tables"}}
{"type":"LOG","log":{"level":"INFO","message":"INFO i.a.w.i.DefaultAirbyteStreamFactory(internalLog):159 INFO i.d.r.RelationalSnapshotChangeEventSource(determineCapturedTables):267 Adding table test.test_6_time to the list of capture schema tables"}}
{"type":"LOG","log":{"level":"INFO","message":"INFO i.a.w.i.DefaultAirbyteStreamFactory(internalLog):159 INFO i.d.r.RelationalSnapshotChangeEventSource(determineCapturedTables):267 Adding table test.test_1_decimal_array to the list of capture schema tables"}}
{"type":"LOG","log":{"level":"INFO","message":"INFO i.a.w.i.DefaultAirbyteStreamFactory(internalLog):159 INFO i.d.r.RelationalSnapshotChangeEventSource(determineCapturedTables):267 Adding table test.test_2_decimal to the list of capture schema tables"}}
{"type":"LOG","log":{"level":"INFO","message":"INFO i.a.w.i.DefaultAirbyteStreamFactory(internalLog):159 INFO i.d.r.RelationalSnapshotChangeEventSource(determineCapturedTables):267 Adding table test.test_1_xml to the list of capture schema tables"}}
{"type":"LOG","log":{"level":"INFO","message":"INFO i.a.w.i.DefaultAirbyteStreamFactory(internalLog):159 INFO i.d.r.RelationalSnapshotChangeEventSource(determineCapturedTables):267 Adding table test.test_2_tsrange to the list of capture schema tables"}}
{"type":"LOG","log":{"level":"INFO","message":"INFO i.a.w.i.DefaultAirbyteStreamFactory(internalLog):159 INFO i.d.r.RelationalSnapshotChangeEventSource(determineCapturedTables):267 Adding table test.test_1_smallint to the list of capture schema tables"}}
{"type":"LOG","log":{"level":"INFO","message":"INFO i.a.w.i.DefaultAirbyteStreamFactory(internalLog):159 INFO i.d.r.RelationalSnapshotChangeEventSource(determineCapturedTables):267 Adding table test.test_4_timestamptz to the list of capture schema tables"}}
{"type":"LOG","log":{"level":"INFO","message":"INFO i.a.w.i.DefaultAirbyteStreamFactory(internalLog):159 INFO i.d.r.RelationalSnapshotChangeEventSource(determineCapturedTables):267 Adding table test.test_2_line to the list of capture schema tables"}}
{"type":"LOG","log":{"level":"INFO","message":"INFO i.a.w.i.DefaultAirbyteStreamFactory(internalLog):159 INFO i.d.r.RelationalSnapshotChangeEventSource(determineCapturedTables):267 Adding table test.test_2_pg_lsn to the list of capture schema tables"}}
{"type":"LOG","log":{"level":"INFO","message":"INFO i.a.w.i.DefaultAirbyteStreamFactory(internalLog):159 INFO i.d.r.RelationalSnapshotChangeEventSource(determineCapturedTables):267 Adding table test.test_1_char_array to the list of capture schema tables"}}
{"type":"LOG","log":{"level":"INFO","message":"INFO i.a.w.i.DefaultAirbyteStreamFactory(internalLog):159 INFO i.d.r.RelationalSnapshotChangeEventSource(determineCapturedTables):267 Adding table test.test_5_timestamp to the list of capture schema tables"}}
{"type":"LOG","log":{"level":"INFO","message":"INFO i.a.w.i.DefaultAirbyteStreamFactory(internalLog):159 INFO i.d.r.RelationalSnapshotChangeEventSource(determineCapturedTables):267 Adding table test.test_4_char to the list of capture schema tables"}}
{"type":"LOG","log":{"level":"INFO","message":"INFO i.a.w.i.DefaultAirbyteStreamFactory(internalLog):159 INFO i.d.r.RelationalSnapshotChangeEventSource(determineCapturedTables):267 Adding table test.test_3_date to the list of capture schema tables"}}
{"type":"LOG","log":{"level":"INFO","message":"INFO i.a.w.i.DefaultAirbyteStreamFactory(internalLog):159 INFO i.d.r.RelationalSnapshotChangeEventSource(determineCapturedTables):267 Adding table test.test_10_numeric to the list of capture schema tables"}}
{"type":"LOG","log":{"level":"INFO","message":"INFO i.a.w.i.DefaultAirbyteStreamFactory(internalLog):159 INFO i.d.r.RelationalSnapshotChangeEventSource(doExecute):126 Snapshot step 3 - Locking captured tables [test.test_1_bigint, test.test_1_bigserial, test.test_1_bit, test.test_1_bit_array, test.test_1_bit_varying, test.test_2_bit, test.test_2_bit_array, test.test_2_bit_varying, test.test_1_bool, test.test_1_bool_array, test.test_1_boolean, test.test_1_box, test.test_1_bytea, test.test_1_bytea_array, test.test_1_char, test.test_1_char_array, test.test_1_character, test.test_2_char, test.test_2_char_array, test.test_2_character, test.test_1_text, test.test_1_text_array, test.test_1_varchar, test.test_1_varchar_array, test.test_2_varchar, test.test_2_varchar_array, test.test_1_cidr, test.test_1_circle, test.test_1_date, test.test_1_date_array, test.test_2_date, test.test_2_date_array, test.test_3_date, test.test_1_float, test.test_1_float4, test.test_1_float4_array, test.test_1_float8, test.test_1_float8_array, test.test_1_double_precision, test.test_1_inet, test.test_1_int4, test.test_1_int4_array, test.test_1_int, test.test_1_int2, test.test_1_int2_array, test.test_1_int8_array, test.test_1_integer, test.test_1_interval, test.test_1_json, test.test_1_jsonb, test.test_1_line, test.test_1_lseg, test.test_1_macaddr, test.test_1_macaddr8, test.test_1_numeric, test.test_1_numeric_array, test.test_2_numeric, test.test_2_numeric_array, test.test_3_numeric, test.test_3_numeric_array, test.test_4_numeric, test.test_4_numeric_array, test.test_1_decimal, test.test_1_decimal_array, test.test_5_numeric, test.test_5_numeric_array, test.test_1_path, test.test_1_pg_lsn, test.test_1_point, test.test_1_polygon, test.test_1_real, test.test_1_smallint, test.test_1_serial2, test.test_1_smallserial, test.test_1_serial4, test.test_1_serial, test.test_1_time, test.test_1_time_array, test.test_1_timestamp, test.test_1_timestamp_array, test.test_1_timestamptz, test.test_1_timestamptz_array, test.test_1_timetz, test.test_1_timetz_array, test.test_2_time, test.test_2_time_array, test.test_2_timestamp, test.test_2_timestamp_array, test.test_2_timestamptz, test.test_2_timestamptz_array, test.test_2_timetz, test.test_2_timetz_array, test.test_3_time, test.test_3_timestamp, test.test_3_timestamptz, test.test_3_timetz, test.test_4_time, test.test_4_timestamp, test.test_4_timestamptz, test.test_4_timetz, test.test_5_time, test.test_5_timestamp, test.test_6_timestamp, test.test_7_timestamp, test.test_8_timestamp, test.test_1_tsquery, test.test_1_tsvector, test.test_1_uuid, test.test_1_xml, test.test_1_mood, test.test_1_tsrange, test.test_1_inventory_item, test.test_1_hstore, test.test_1_oid_array, test.test_1_bpchar_array, test.test_1_name_array, test.test_2_decimal_array, test.test_3_decimal_array, test.test_1_money_array, test.test_1_money, test.test_2_bigint, test.test_2_bigserial, test.test_3_bit, test.test_3_bit_varying, test.test_4_bit, test.test_4_bit_varying, test.test_2_bool, test.test_2_bool_array, test.test_2_boolean, test.test_2_box, test.test_2_bytea, test.test_2_bytea_array, test.test_3_char, test.test_3_character, test.test_4_char, test.test_4_character, test.test_2_text, test.test_2_text_array, test.test_3_varchar, test.test_4_varchar, test.test_2_cidr, test.test_2_circle, test.test_4_date, test.test_5_date, test.test_6_date, test.test_2_float, test.test_2_float4, test.test_2_float4_array, test.test_2_float8, test.test_2_float8_array, test.test_2_double_precision, test.test_2_inet, test.test_2_int4, test.test_2_int4_array, test.test_2_int, test.test_2_int2, test.test_2_int2_array, test.test_2_int8_array, test.test_2_integer, test.test_2_interval, test.test_2_json, test.test_2_jsonb, test.test_2_line, test.test_2_lseg, test.test_2_macaddr, test.test_2_macaddr8, test.test_6_numeric, test.test_6_numeric_array, test.test_7_numeric, test.test_8_numeric, test.test_9_numeric, test.test_2_decimal, test.test_10_numeric, test.test_2_path, test.test_2_pg_lsn, test.test_2_point, test.test_2_polygon, test.test_2_real, test.test_2_smallint, test.test_2_serial2, test.test_2_smallserial, test.test_2_serial4, test.test_2_serial, test.test_6_time, test.test_7_time, test.test_8_time, test.test_9_time, test.test_9_timestamp, test.test_10_time, test.test_10_timestamp, test.test_11_timestamp, test.test_12_timestamp, test.test_13_timestamp, test.test_14_timestamp, test.test_15_timestamp, test.test_16_timestamp, test.test_2_tsquery, test.test_2_tsvector, test.test_2_uuid, test.test_2_xml, test.test_2_mood, test.test_2_tsrange, test.test_2_inventory_item, test.test_2_hstore, test.test_2_oid_array, test.test_2_bpchar_array, test.test_2_name_array, test.test_4_decimal_array, test.test_5_decimal_array, test.test_6_decimal_array, test.test_2_money_array, test.test_2_money, test.random_dummy_table]"}}
{"type":"LOG","log":{"level":"INFO","message":"INFO i.a.w.i.DefaultAirbyteStreamFactory(internalLog):159 INFO i.d.r.RelationalSnapshotChangeEventSource(doExecute):132 Snapshot step 4 - Determining snapshot offset"}}
{"type":"LOG","log":{"level":"INFO","message":"INFO i.a.w.i.DefaultAirbyteStreamFactory(internalLog):159 INFO i.d.c.p.PostgresOffsetContext(initialContext):233 Creating initial offset context"}}
{"type":"LOG","log":{"level":"INFO","message":"INFO i.a.w.i.DefaultAirbyteStreamFactory(internalLog):159 INFO i.d.c.p.PostgresOffsetContext(initialContext):236 Read xlogStart at 'LSN{0/1AADC30}' from transaction '954'"}}
{"type":"LOG","log":{"level":"INFO","message":"INFO i.a.w.i.DefaultAirbyteStreamFactory(internalLog):159 INFO i.d.c.p.PostgresSnapshotChangeEventSource(updateOffsetForSnapshot):147 Read xlogStart at 'LSN{0/1AADC30}' from transaction '954'"}}
{"type":"LOG","log":{"level":"INFO","message":"INFO i.a.w.i.DefaultAirbyteStreamFactory(internalLog):159 INFO i.d.r.RelationalSnapshotChangeEventSource(doExecute):135 Snapshot step 5 - Reading structure of captured tables"}}
{"type":"LOG","log":{"level":"INFO","message":"INFO i.a.w.i.DefaultAirbyteStreamFactory(internalLog):159 INFO i.d.c.p.PostgresSnapshotChangeEventSource(readTableStructure):193 Reading structure of schema 'test' of catalog 'test'"}}
{"type":"LOG","log":{"level":"INFO","message":"INFO i.a.w.i.DefaultAirbyteStreamFactory(internalLog):159 INFO i.d.r.RelationalSnapshotChangeEventSource(doExecute):139 Snapshot step 5.a - Creating connection pool"}}
{"type":"LOG","log":{"level":"INFO","message":"INFO i.a.w.i.DefaultAirbyteStreamFactory(internalLog):159 INFO i.d.r.RelationalSnapshotChangeEventSource(createConnectionPool):213 Created connection pool with 1 threads"}}
{"type":"LOG","log":{"level":"INFO","message":"INFO i.a.w.i.DefaultAirbyteStreamFactory(internalLog):159 INFO i.d.r.RelationalSnapshotChangeEventSource(doExecute):144 Snapshot step 6 - Persisting schema history"}}
{"type":"LOG","log":{"level":"INFO","message":"INFO i.a.w.i.DefaultAirbyteStreamFactory(internalLog):159 INFO i.d.r.RelationalSnapshotChangeEventSource(doExecute):156 Snapshot step 7 - Snapshotting data"}}
{"type":"LOG","log":{"level":"INFO","message":"INFO i.a.w.i.DefaultAirbyteStreamFactory(internalLog):159 INFO i.d.r.RelationalSnapshotChangeEventSource(createDataEvents):390 Creating snapshot worker pool with 1 worker thread(s)"}}
{"type":"LOG","log":{"level":"INFO","message":"INFO i.a.w.i.DefaultAirbyteStreamFactory(internalLog):159 INFO i.d.r.RelationalSnapshotChangeEventSource(createDataEvents):399 For table 'test.test_1_bigint' using select statement: 'SELECT \"id\", \"test_column\" FROM \"test\".\"test_1_bigint\"'"}}
{"type":"LOG","log":{"level":"INFO","message":"INFO i.a.w.i.DefaultAirbyteStreamFactory(internalLog):159 INFO i.d.r.RelationalSnapshotChangeEventSource(createDataEvents):399 For table 'test.test_1_bigserial' using select statement: 'SELECT \"id\", \"test_column\" FROM \"test\".\"test_1_bigserial\"'"}}
{"type":"LOG","log":{"level":"INFO","message":"INFO i.a.w.i.DefaultAirbyteStreamFactory(internalLog):159 INFO i.d.r.RelationalSnapshotChangeEventSource(createDataEvents):399 For table 'test.test_1_bit' using select statement: 'SELECT \"id\", \"test_column\" FROM \"test\".\"test_1_bit\"'"}}
{"type":"LOG","log":{"level":"INFO","message":"INFO i.a.w.i.DefaultAirbyteStreamFactory(internalLog):159 INFO i.d.r.RelationalSnapshotChangeEventSource(createDataEvents):399 For table 'test.test_1_bit_array' using select statement: 'SELECT \"id\", \"test_column\" FROM \"test\".\"test_1_bit_array\"'"}}
{"type":"LOG","log":{"level":"INFO","message":"INFO i.a.w.i.DefaultAirbyteStreamFactory(internalLog):159 INFO i.d.r.RelationalSnapshotChangeEventSource(createDataEvents):399 For table 'test.test_1_bit_varying' using select statement: 'SELECT \"id\", \"test_column\" FROM \"test\".\"test_1_bit_varying\"'"}}
{"type":"LOG","log":{"level":"INFO","message":"INFO i.a.w.i.DefaultAirbyteStreamFactory(internalLog):159 INFO i.d.r.RelationalSnapshotChangeEventSource(createDataEvents):399 For table 'test.test_2_bit' using select statement: 'SELECT \"id\", \"test_column\" FROM \"test\".\"test_2_bit\"'"}}
{"type":"LOG","log":{"level":"INFO","message":"INFO i.a.w.i.DefaultAirbyteStreamFactory(internalLog):159 INFO i.d.r.RelationalSnapshotChangeEventSource(createDataEvents):399 For table 'test.test_2_bit_array' using select statement: 'SELECT \"id\", \"test_column\" FROM \"test\".\"test_2_bit_array\"'"}}
{"type":"LOG","log":{"level":"INFO","message":"INFO i.a.w.i.DefaultAirbyteStreamFactory(internalLog):159 INFO i.d.r.RelationalSnapshotChangeEventSource(createDataEvents):399 For table 'test.test_2_bit_varying' using select statement: 'SELECT \"id\", \"test_column\" FROM \"test\".\"test_2_bit_varying\"'"}}
{"type":"LOG","log":{"level":"INFO","message":"INFO i.a.w.i.DefaultAirbyteStreamFactory(internalLog):159 INFO i.d.r.RelationalSnapshotChangeEventSource(createDataEvents):399 For table 'test.test_1_bool' using select statement: 'SELECT \"id\", \"test_column\" FROM \"test\".\"test_1_bool\"'"}}
{"type":"LOG","log":{"level":"INFO","message":"INFO i.a.w.i.DefaultAirbyteStreamFactory(internalLog):159 INFO i.d.r.RelationalSnapshotChangeEventSource(createDataEvents):399 For table 'test.test_1_bool_array' using select statement: 'SELECT \"id\", \"test_column\" FROM \"test\".\"test_1_bool_array\"'"}}
{"type":"LOG","log":{"level":"INFO","message":"INFO i.a.w.i.DefaultAirbyteStreamFactory(internalLog):159 INFO i.d.r.RelationalSnapshotChangeEventSource(createDataEvents):399 For table 'test.test_1_boolean' using select statement: 'SELECT \"id\", \"test_column\" FROM \"test\".\"test_1_boolean\"'"}}
{"type":"LOG","log":{"level":"INFO","message":"INFO i.a.w.i.DefaultAirbyteStreamFactory(internalLog):159 INFO i.d.r.RelationalSnapshotChangeEventSource(createDataEvents):399 For table 'test.test_1_box' using select statement: 'SELECT \"id\", \"test_column\" FROM \"test\".\"test_1_box\"'"}}
{"type":"LOG","log":{"level":"INFO","message":"INFO i.a.w.i.DefaultAirbyteStreamFactory(internalLog):159 INFO i.d.r.RelationalSnapshotChangeEventSource(createDataEvents):399 For table 'test.test_1_bytea' using select statement: 'SELECT \"id\", \"test_column\" FROM \"test\".\"test_1_bytea\"'"}}
{"type":"LOG","log":{"level":"INFO","message":"INFO i.a.w.i.DefaultAirbyteStreamFactory(internalLog):159 INFO i.d.r.RelationalSnapshotChangeEventSource(createDataEvents):399 For table 'test.test_1_bytea_array' using select statement: 'SELECT \"id\", \"test_column\" FROM \"test\".\"test_1_bytea_array\"'"}}
{"type":"LOG","log":{"level":"INFO","message":"INFO i.a.w.i.DefaultAirbyteStreamFactory(internalLog):159 INFO i.d.r.RelationalSnapshotChangeEventSource(createDataEvents):399 For table 'test.test_1_char' using select statement: 'SELECT \"id\", \"test_column\" FROM \"test\".\"test_1_char\"'"}}
{"type":"LOG","log":{"level":"INFO","message":"INFO i.a.w.i.DefaultAirbyteStreamFactory(internalLog):159 INFO i.d.r.RelationalSnapshotChangeEventSource(createDataEvents):399 For table 'test.test_1_char_array' using select statement: 'SELECT \"id\", \"test_column\" FROM \"test\".\"test_1_char_array\"'"}}
{"type":"LOG","log":{"level":"INFO","message":"INFO i.a.w.i.DefaultAirbyteStreamFactory(internalLog):159 INFO i.d.r.RelationalSnapshotChangeEventSource(createDataEvents):399 For table 'test.test_1_character' using select statement: 'SELECT \"id\", \"test_column\" FROM \"test\".\"test_1_character\"'"}}
{"type":"LOG","log":{"level":"INFO","message":"INFO i.a.w.i.DefaultAirbyteStreamFactory(internalLog):159 INFO i.d.r.RelationalSnapshotChangeEventSource(createDataEvents):399 For table 'test.test_2_char' using select statement: 'SELECT \"id\", \"test_column\" FROM \"test\".\"test_2_char\"'"}}
{"type":"LOG","log":{"level":"INFO","message":"INFO i.a.w.i.DefaultAirbyteStreamFactory(internalLog):159 INFO i.d.r.RelationalSnapshotChangeEventSource(createDataEvents):399 For table 'test.test_2_char_array' using select statement: 'SELECT \"id\", \"test_column\" FROM \"test\".\"test_2_char_array\"'"}}
{"type":"LOG","log":{"level":"INFO","message":"INFO i.a.w.i.DefaultAirbyteStreamFactory(internalLog):159 INFO i.d.r.RelationalSnapshotChangeEventSource(createDataEvents):399 For table 'test.test_2_character' using select statement: 'SELECT \"id\", \"test_column\" FROM \"test\".\"test_2_character\"'"}}
{"type":"LOG","log":{"level":"INFO","message":"INFO i.a.w.i.DefaultAirbyteStreamFactory(internalLog):159 INFO i.d.r.RelationalSnapshotChangeEventSource(createDataEvents):399 For table 'test.test_1_text' using select statement: 'SELECT \"id\", \"test_column\" FROM \"test\".\"test_1_text\"'"}}
{"type":"LOG","log":{"level":"INFO","message":"INFO i.a.w.i.DefaultAirbyteStreamFactory(internalLog):159 INFO i.d.r.RelationalSnapshotChangeEventSource(createDataEvents):399 For table 'test.test_1_text_array' using select statement: 'SELECT \"id\", \"test_column\" FROM \"test\".\"test_1_text_array\"'"}}
{"type":"LOG","log":{"level":"INFO","message":"INFO i.a.w.i.DefaultAirbyteStreamFactory(internalLog):159 INFO i.d.r.RelationalSnapshotChangeEventSource(createDataEvents):399 For table 'test.test_1_varchar' using select statement: 'SELECT \"id\", \"test_column\" FROM \"test\".\"test_1_varchar\"'"}}
{"type":"LOG","log":{"level":"INFO","message":"INFO i.a.w.i.DefaultAirbyteStreamFactory(internalLog):159 INFO i.d.r.RelationalSnapshotChangeEventSource(createDataEvents):399 For table 'test.test_1_varchar_array' using select statement: 'SELECT \"id\", \"test_column\" FROM \"test\".\"test_1_varchar_array\"'"}}
{"type":"LOG","log":{"level":"INFO","message":"INFO i.a.w.i.DefaultAirbyteStreamFactory(internalLog):159 INFO i.d.r.RelationalSnapshotChangeEventSource(createDataEvents):399 For table 'test.test_2_varchar' using select statement: 'SELECT \"id\", \"test_column\" FROM \"test\".\"test_2_varchar\"'"}}
{"type":"LOG","log":{"level":"INFO","message":"INFO i.a.w.i.DefaultAirbyteStreamFactory(internalLog):159 INFO i.d.r.RelationalSnapshotChangeEventSource(createDataEvents):399 For table 'test.test_2_varchar_array' using select statement: 'SELECT \"id\", \"test_column\" FROM \"test\".\"test_2_varchar_array\"'"}}
{"type":"LOG","log":{"level":"INFO","message":"INFO i.a.w.i.DefaultAirbyteStreamFactory(internalLog):159 INFO i.d.r.RelationalSnapshotChangeEventSource(createDataEvents):399 For table 'test.test_1_cidr' using select statement: 'SELECT \"id\", \"test_column\" FROM \"test\".\"test_1_cidr\"'"}}
{"type":"LOG","log":{"level":"INFO","message":"INFO i.a.w.i.DefaultAirbyteStreamFactory(internalLog):159 INFO i.d.r.RelationalSnapshotChangeEventSource(createDataEvents):399 For table 'test.test_1_circle' using select statement: 'SELECT \"id\", \"test_column\" FROM \"test\".\"test_1_circle\"'"}}
{"type":"LOG","log":{"level":"INFO","message":"INFO i.a.w.i.DefaultAirbyteStreamFactory(internalLog):159 INFO i.d.r.RelationalSnapshotChangeEventSource(createDataEvents):399 For table 'test.test_1_date' using select statement: 'SELECT \"id\", \"test_column\" FROM \"test\".\"test_1_date\"'"}}
{"type":"LOG","log":{"level":"INFO","message":"INFO i.a.w.i.DefaultAirbyteStreamFactory(internalLog):159 INFO i.d.r.RelationalSnapshotChangeEventSource(createDataEvents):399 For table 'test.test_1_date_array' using select statement: 'SELECT \"id\", \"test_column\" FROM \"test\".\"test_1_date_array\"'"}}
{"type":"LOG","log":{"level":"INFO","message":"INFO i.a.w.i.DefaultAirbyteStreamFactory(internalLog):159 INFO i.d.r.RelationalSnapshotChangeEventSource(createDataEvents):399 For table 'test.test_2_date' using select statement: 'SELECT \"id\", \"test_column\" FROM \"test\".\"test_2_date\"'"}}
{"type":"LOG","log":{"level":"INFO","message":"INFO i.a.w.i.DefaultAirbyteStreamFactory(internalLog):159 INFO i.d.r.RelationalSnapshotChangeEventSource(createDataEvents):399 For table 'test.test_2_date_array' using select statement: 'SELECT \"id\", \"test_column\" FROM \"test\".\"test_2_date_array\"'"}}
{"type":"LOG","log":{"level":"INFO","message":"INFO i.a.w.i.DefaultAirbyteStreamFactory(internalLog):159 INFO i.d.r.RelationalSnapshotChangeEventSource(createDataEvents):399 For table 'test.test_3_date' using select statement: 'SELECT \"id\", \"test_column\" FROM \"test\".\"test_3_date\"'"}}
{"type":"LOG","log":{"level":"INFO","message":"INFO i.a.w.i.DefaultAirbyteStreamFactory(internalLog):159 INFO i.d.r.RelationalSnapshotChangeEventSource(createDataEvents):399 For table 'test.test_1_float' using select statement: 'SELECT \"id\", \"test_column\" FROM \"test\".\"test_1_float\"'"}}
{"type":"LOG","log":{"level":"INFO","message":"INFO i.a.w.i.DefaultAirbyteStreamFactory(internalLog):159 INFO i.d.r.RelationalSnapshotChangeEventSource(createDataEvents):399 For table 'test.test_1_float4' using select statement: 'SELECT \"id\", \"test_column\" FROM \"test\".\"test_1_float4\"'"}}
{"type":"LOG","log":{"level":"INFO","message":"INFO i.a.w.i.DefaultAirbyteStreamFactory(internalLog):159 INFO i.d.r.RelationalSnapshotChangeEventSource(createDataEvents):399 For table 'test.test_1_float4_array' using select statement: 'SELECT \"id\", \"test_column\" FROM \"test\".\"test_1_float4_array\"'"}}
{"type":"LOG","log":{"level":"INFO","message":"INFO i.a.w.i.DefaultAirbyteStreamFactory(internalLog):159 INFO i.d.r.RelationalSnapshotChangeEventSource(createDataEvents):399 For table 'test.test_1_float8' using select statement: 'SELECT \"id\", \"test_column\" FROM \"test\".\"test_1_float8\"'"}}
{"type":"LOG","log":{"level":"INFO","message":"INFO i.a.w.i.DefaultAirbyteStreamFactory(internalLog):159 INFO i.d.r.RelationalSnapshotChangeEventSource(createDataEvents):399 For table 'test.test_1_float8_array' using select statement: 'SELECT \"id\", \"test_column\" FROM \"test\".\"test_1_float8_array\"'"}}
{"type":"LOG","log":{"level":"INFO","message":"INFO i.a.w.i.DefaultAirbyteStreamFactory(internalLog):159 INFO i.d.r.RelationalSnapshotChangeEventSource(createDataEvents):399 For table 'test.test_1_double_precision' using select statement: 'SELECT \"id\", \"test_column\" FROM \"test\".\"test_1_double_precision\"'"}}
{"type":"LOG","log":{"level":"INFO","message":"INFO i.a.w.i.DefaultAirbyteStreamFactory(internalLog):159 INFO i.d.r.RelationalSnapshotChangeEventSource(createDataEvents):399 For table 'test.test_1_inet' using select statement: 'SELECT \"id\", \"test_column\" FROM \"test\".\"test_1_inet\"'"}}
{"type":"LOG","log":{"level":"INFO","message":"INFO i.a.w.i.DefaultAirbyteStreamFactory(internalLog):159 INFO i.d.r.RelationalSnapshotChangeEventSource(createDataEvents):399 For table 'test.test_1_int4' using select statement: 'SELECT \"id\", \"test_column\" FROM \"test\".\"test_1_int4\"'"}}
{"type":"LOG","log":{"level":"INFO","message":"INFO i.a.w.i.DefaultAirbyteStreamFactory(internalLog):159 INFO i.d.r.RelationalSnapshotChangeEventSource(createDataEvents):399 For table 'test.test_1_int4_array' using select statement: 'SELECT \"id\", \"test_column\" FROM \"test\".\"test_1_int4_array\"'"}}
{"type":"LOG","log":{"level":"INFO","message":"INFO i.a.w.i.DefaultAirbyteStreamFactory(internalLog):159 INFO i.d.r.RelationalSnapshotChangeEventSource(createDataEvents):399 For table 'test.test_1_int' using select statement: 'SELECT \"id\", \"test_column\" FROM \"test\".\"test_1_int\"'"}}
{"type":"LOG","log":{"level":"INFO","message":"INFO i.a.w.i.DefaultAirbyteStreamFactory(internalLog):159 INFO i.d.r.RelationalSnapshotChangeEventSource(createDataEvents):399 For table 'test.test_1_int2' using select statement: 'SELECT \"id\", \"test_column\" FROM \"test\".\"test_1_int2\"'"}}
{"type":"LOG","log":{"level":"INFO","message":"INFO i.a.w.i.DefaultAirbyteStreamFactory(internalLog):159 INFO i.d.r.RelationalSnapshotChangeEventSource(createDataEvents):399 For table 'test.test_1_int2_array' using select statement: 'SELECT \"id\", \"test_column\" FROM \"test\".\"test_1_int2_array\"'"}}
{"type":"LOG","log":{"level":"INFO","message":"INFO i.a.w.i.DefaultAirbyteStreamFactory(internalLog):159 INFO i.d.r.RelationalSnapshotChangeEventSource(createDataEvents):399 For table 'test.test_1_int8_array' using select statement: 'SELECT \"id\", \"test_column\" FROM \"test\".\"test_1_int8_array\"'"}}
{"type":"LOG","log":{"level":"INFO","message":"INFO i.a.w.i.DefaultAirbyteStreamFactory(internalLog):159 INFO i.d.r.RelationalSnapshotChangeEventSource(createDataEvents):399 For table 'test.test_1_integer' using select statement: 'SELECT \"id\", \"test_column\" FROM \"test\".\"test_1_integer\"'"}}
{"type":"LOG","log":{"level":"INFO","message":"INFO i.a.w.i.DefaultAirbyteStreamFactory(internalLog):159 INFO i.d.r.RelationalSnapshotChangeEventSource(createDataEvents):399 For table 'test.test_1_interval' using select statement: 'SELECT \"id\", \"test_column\" FROM \"test\".\"test_1_interval\"'"}}
{"type":"LOG","log":{"level":"INFO","message":"INFO i.a.w.i.DefaultAirbyteStreamFactory(internalLog):159 INFO i.d.r.RelationalSnapshotChangeEventSource(createDataEvents):399 For table 'test.test_1_json' using select statement: 'SELECT \"id\", \"test_column\" FROM \"test\".\"test_1_json\"'"}}
{"type":"LOG","log":{"level":"INFO","message":"INFO i.a.w.i.DefaultAirbyteStreamFactory(internalLog):159 INFO i.d.r.RelationalSnapshotChangeEventSource(createDataEvents):399 For table 'test.test_1_jsonb' using select statement: 'SELECT \"id\", \"test_column\" FROM \"test\".\"test_1_jsonb\"'"}}
{"type":"LOG","log":{"level":"INFO","message":"INFO i.a.w.i.DefaultAirbyteStreamFactory(internalLog):159 INFO i.d.r.RelationalSnapshotChangeEventSource(createDataEvents):399 For table 'test.test_1_line' using select statement: 'SELECT \"id\", \"test_column\" FROM \"test\".\"test_1_line\"'"}}
{"type":"LOG","log":{"level":"INFO","message":"INFO i.a.w.i.DefaultAirbyteStreamFactory(internalLog):159 INFO i.d.r.RelationalSnapshotChangeEventSource(createDataEvents):399 For table 'test.test_1_lseg' using select statement: 'SELECT \"id\", \"test_column\" FROM \"test\".\"test_1_lseg\"'"}}
{"type":"LOG","log":{"level":"INFO","message":"INFO i.a.w.i.DefaultAirbyteStreamFactory(internalLog):159 INFO i.d.r.RelationalSnapshotChangeEventSource(createDataEvents):399 For table 'test.test_1_macaddr' using select statement: 'SELECT \"id\", \"test_column\" FROM \"test\".\"test_1_macaddr\"'"}}
{"type":"LOG","log":{"level":"INFO","message":"INFO i.a.w.i.DefaultAirbyteStreamFactory(internalLog):159 INFO i.d.r.RelationalSnapshotChangeEventSource(createDataEvents):399 For table 'test.test_1_macaddr8' using select statement: 'SELECT \"id\", \"test_column\" FROM \"test\".\"test_1_macaddr8\"'"}}
{"type":"LOG","log":{"level":"INFO","message":"INFO i.a.w.i.DefaultAirbyteStreamFactory(internalLog):159 INFO i.d.r.RelationalSnapshotChangeEventSource(createDataEvents):399 For table 'test.test_1_numeric' using select statement: 'SELECT \"id\", \"test_column\" FROM \"test\".\"test_1_numeric\"'"}}
{"type":"LOG","log":{"level":"INFO","message":"INFO i.a.w.i.DefaultAirbyteStreamFactory(internalLog):159 INFO i.d.r.RelationalSnapshotChangeEventSource(createDataEvents):399 For table 'test.test_1_numeric_array' using select statement: 'SELECT \"id\", \"test_column\" FROM \"test\".\"test_1_numeric_array\"'"}}
{"type":"LOG","log":{"level":"INFO","message":"INFO i.a.w.i.DefaultAirbyteStreamFactory(internalLog):159 INFO i.d.r.RelationalSnapshotChangeEventSource(createDataEvents):399 For table 'test.test_2_numeric' using select statement: 'SELECT \"id\", \"test_column\" FROM \"test\".\"test_2_numeric\"'"}}
{"type":"LOG","log":{"level":"INFO","message":"INFO i.a.w.i.DefaultAirbyteStreamFactory(internalLog):159 INFO i.d.r.RelationalSnapshotChangeEventSource(createDataEvents):399 For table 'test.test_2_numeric_array' using select statement: 'SELECT \"id\", \"test_column\" FROM \"test\".\"test_2_numeric_array\"'"}}
{"type":"LOG","log":{"level":"INFO","message":"INFO i.a.w.i.DefaultAirbyteStreamFactory(internalLog):159 INFO i.d.r.RelationalSnapshotChangeEventSource(createDataEvents):399 For table 'test.test_3_numeric' using select statement: 'SELECT \"id\", \"test_column\" FROM \"test\".\"test_3_numeric\"'"}}
{"type":"LOG","log":{"level":"INFO","message":"INFO i.a.w.i.DefaultAirbyteStreamFactory(internalLog):159 INFO i.d.r.RelationalSnapshotChangeEventSource(createDataEvents):399 For table 'test.test_3_numeric_array' using select statement: 'SELECT \"id\", \"test_column\" FROM \"test\".\"test_3_numeric_array\"'"}}
{"type":"LOG","log":{"level":"INFO","message":"INFO i.a.w.i.DefaultAirbyteStreamFactory(internalLog):159 INFO i.d.r.RelationalSnapshotChangeEventSource(createDataEvents):399 For table 'test.test_4_numeric' using select statement: 'SELECT \"id\", \"test_column\" FROM \"test\".\"test_4_numeric\"'"}}
{"type":"LOG","log":{"level":"INFO","message":"INFO i.a.w.i.DefaultAirbyteStreamFactory(internalLog):159 INFO i.d.r.RelationalSnapshotChangeEventSource(createDataEvents):399 For table 'test.test_4_numeric_array' using select statement: 'SELECT \"id\", \"test_column\" FROM \"test\".\"test_4_numeric_array\"'"}}
{"type":"LOG","log":{"level":"INFO","message":"INFO i.a.w.i.DefaultAirbyteStreamFactory(internalLog):159 INFO i.d.r.RelationalSnapshotChangeEventSource(createDataEvents):399 For table 'test.test_1_decimal' using select statement: 'SELECT \"id\", \"test_column\" FROM \"test\".\"test_1_decimal\"'"}}
{"type":"LOG","log":{"level":"INFO","message":"INFO i.a.w.i.DefaultAirbyteStreamFactory(internalLog):159 INFO i.d.r.RelationalSnapshotChangeEventSource(createDataEvents):399 For table 'test.test_1_decimal_array' using select statement: 'SELECT \"id\", \"test_column\" FROM \"test\".\"test_1_decimal_array\"'"}}
{"type":"LOG","log":{"level":"INFO","message":"INFO i.a.w.i.DefaultAirbyteStreamFactory(internalLog):159 INFO i.d.r.RelationalSnapshotChangeEventSource(createDataEvents):399 For table 'test.test_5_numeric' using select statement: 'SELECT \"id\", \"test_column\" FROM \"test\".\"test_5_numeric\"'"}}
{"type":"LOG","log":{"level":"INFO","message":"INFO i.a.w.i.DefaultAirbyteStreamFactory(internalLog):159 INFO i.d.r.RelationalSnapshotChangeEventSource(createDataEvents):399 For table 'test.test_5_numeric_array' using select statement: 'SELECT \"id\", \"test_column\" FROM \"test\".\"test_5_numeric_array\"'"}}
{"type":"LOG","log":{"level":"INFO","message":"INFO i.a.w.i.DefaultAirbyteStreamFactory(internalLog):159 INFO i.d.r.RelationalSnapshotChangeEventSource(createDataEvents):399 For table 'test.test_1_path' using select statement: 'SELECT \"id\", \"test_column\" FROM \"test\".\"test_1_path\"'"}}
{"type":"LOG","log":{"level":"INFO","message":"INFO i.a.w.i.DefaultAirbyteStreamFactory(internalLog):159 INFO i.d.r.RelationalSnapshotChangeEventSource(createDataEvents):399 For table 'test.test_1_pg_lsn' using select statement: 'SELECT \"id\", \"test_column\" FROM \"test\".\"test_1_pg_lsn\"'"}}
{"type":"LOG","log":{"level":"INFO","message":"INFO i.a.w.i.DefaultAirbyteStreamFactory(internalLog):159 INFO i.d.r.RelationalSnapshotChangeEventSource(createDataEvents):399 For table 'test.test_1_point' using select statement: 'SELECT \"id\", \"test_column\" FROM \"test\".\"test_1_point\"'"}}
{"type":"LOG","log":{"level":"INFO","message":"INFO i.a.w.i.DefaultAirbyteStreamFactory(internalLog):159 INFO i.d.r.RelationalSnapshotChangeEventSource(createDataEvents):399 For table 'test.test_1_polygon' using select statement: 'SELECT \"id\", \"test_column\" FROM \"test\".\"test_1_polygon\"'"}}
{"type":"LOG","log":{"level":"INFO","message":"INFO i.a.w.i.DefaultAirbyteStreamFactory(internalLog):159 INFO i.d.r.RelationalSnapshotChangeEventSource(createDataEvents):399 For table 'test.test_1_real' using select statement: 'SELECT \"id\", \"test_column\" FROM \"test\".\"test_1_real\"'"}}
{"type":"LOG","log":{"level":"INFO","message":"INFO i.a.w.i.DefaultAirbyteStreamFactory(internalLog):159 INFO i.d.r.RelationalSnapshotChangeEventSource(createDataEvents):399 For table 'test.test_1_smallint' using select statement: 'SELECT \"id\", \"test_column\" FROM \"test\".\"test_1_smallint\"'"}}
{"type":"LOG","log":{"level":"INFO","message":"INFO i.a.w.i.DefaultAirbyteStreamFactory(internalLog):159 INFO i.d.r.RelationalSnapshotChangeEventSource(createDataEvents):399 For table 'test.test_1_serial2' using select statement: 'SELECT \"id\", \"test_column\" FROM \"test\".\"test_1_serial2\"'"}}
{"type":"LOG","log":{"level":"INFO","message":"INFO i.a.w.i.DefaultAirbyteStreamFactory(internalLog):159 INFO i.d.r.RelationalSnapshotChangeEventSource(createDataEvents):399 For table 'test.test_1_smallserial' using select statement: 'SELECT \"id\", \"test_column\" FROM \"test\".\"test_1_smallserial\"'"}}
{"type":"LOG","log":{"level":"INFO","message":"INFO i.a.w.i.DefaultAirbyteStreamFactory(internalLog):159 INFO i.d.r.RelationalSnapshotChangeEventSource(createDataEvents):399 For table 'test.test_1_serial4' using select statement: 'SELECT \"id\", \"test_column\" FROM \"test\".\"test_1_serial4\"'"}}
{"type":"LOG","log":{"level":"INFO","message":"INFO i.a.w.i.DefaultAirbyteStreamFactory(internalLog):159 INFO i.d.r.RelationalSnapshotChangeEventSource(createDataEvents):399 For table 'test.test_1_serial' using select statement: 'SELECT \"id\", \"test_column\" FROM \"test\".\"test_1_serial\"'"}}
{"type":"LOG","log":{"level":"INFO","message":"INFO i.a.w.i.DefaultAirbyteStreamFactory(internalLog):159 INFO i.d.r.RelationalSnapshotChangeEventSource(createDataEvents):399 For table 'test.test_1_time' using select statement: 'SELECT \"id\", \"test_column\" FROM \"test\".\"test_1_time\"'"}}
{"type":"LOG","log":{"level":"INFO","message":"INFO i.a.w.i.DefaultAirbyteStreamFactory(internalLog):159 INFO i.d.r.RelationalSnapshotChangeEventSource(createDataEvents):399 For table 'test.test_1_time_array' using select statement: 'SELECT \"id\", \"test_column\" FROM \"test\".\"test_1_time_array\"'"}}
{"type":"LOG","log":{"level":"INFO","message":"INFO i.a.w.i.DefaultAirbyteStreamFactory(internalLog):159 INFO i.d.r.RelationalSnapshotChangeEventSource(createDataEvents):399 For table 'test.test_1_timestamp' using select statement: 'SELECT \"id\", \"test_column\" FROM \"test\".\"test_1_timestamp\"'"}}
{"type":"LOG","log":{"level":"INFO","message":"INFO i.a.w.i.DefaultAirbyteStreamFactory(internalLog):159 INFO i.d.r.RelationalSnapshotChangeEventSource(createDataEvents):399 For table 'test.test_1_timestamp_array' using select statement: 'SELECT \"id\", \"test_column\" FROM \"test\".\"test_1_timestamp_array\"'"}}
{"type":"LOG","log":{"level":"INFO","message":"INFO i.a.w.i.DefaultAirbyteStreamFactory(internalLog):159 INFO i.d.r.RelationalSnapshotChangeEventSource(createDataEvents):399 For table 'test.test_1_timestamptz' using select statement: 'SELECT \"id\", \"test_column\" FROM \"test\".\"test_1_timestamptz\"'"}}
{"type":"LOG","log":{"level":"INFO","message":"INFO i.a.w.i.DefaultAirbyteStreamFactory(internalLog):159 INFO i.d.r.RelationalSnapshotChangeEventSource(createDataEvents):399 For table 'test.test_1_timestamptz_array' using select statement: 'SELECT \"id\", \"test_column\" FROM \"test\".\"test_1_timestamptz_array\"'"}}
{"type":"LOG","log":{"level":"INFO","message":"INFO i.a.w.i.DefaultAirbyteStreamFactory(internalLog):159 INFO i.d.r.RelationalSnapshotChangeEventSource(createDataEvents):399 For table 'test.test_1_timetz' using select statement: 'SELECT \"id\", \"test_column\" FROM \"test\".\"test_1_timetz\"'"}}
{"type":"LOG","log":{"level":"INFO","message":"INFO i.a.w.i.DefaultAirbyteStreamFactory(internalLog):159 INFO i.d.r.RelationalSnapshotChangeEventSource(createDataEvents):399 For table 'test.test_1_timetz_array' using select statement: 'SELECT \"id\", \"test_column\" FROM \"test\".\"test_1_timetz_array\"'"}}
{"type":"LOG","log":{"level":"INFO","message":"INFO i.a.w.i.DefaultAirbyteStreamFactory(internalLog):159 INFO i.d.r.RelationalSnapshotChangeEventSource(createDataEvents):399 For table 'test.test_2_time' using select statement: 'SELECT \"id\", \"test_column\" FROM \"test\".\"test_2_time\"'"}}
{"type":"LOG","log":{"level":"INFO","message":"INFO i.a.w.i.DefaultAirbyteStreamFactory(internalLog):159 INFO i.d.r.RelationalSnapshotChangeEventSource(createDataEvents):399 For table 'test.test_2_time_array' using select statement: 'SELECT \"id\", \"test_column\" FROM \"test\".\"test_2_time_array\"'"}}
{"type":"LOG","log":{"level":"INFO","message":"INFO i.a.w.i.DefaultAirbyteStreamFactory(internalLog):159 INFO i.d.r.RelationalSnapshotChangeEventSource(createDataEvents):399 For table 'test.test_2_timestamp' using select statement: 'SELECT \"id\", \"test_column\" FROM \"test\".\"test_2_timestamp\"'"}}
{"type":"LOG","log":{"level":"INFO","message":"INFO i.a.w.i.DefaultAirbyteStreamFactory(internalLog):159 INFO i.d.r.RelationalSnapshotChangeEventSource(createDataEvents):399 For table 'test.test_2_timestamp_array' using select statement: 'SELECT \"id\", \"test_column\" FROM \"test\".\"test_2_timestamp_array\"'"}}
{"type":"LOG","log":{"level":"INFO","message":"INFO i.a.w.i.DefaultAirbyteStreamFactory(internalLog):159 INFO i.d.r.RelationalSnapshotChangeEventSource(createDataEvents):399 For table 'test.test_2_timestamptz' using select statement: 'SELECT \"id\", \"test_column\" FROM \"test\".\"test_2_timestamptz\"'"}}
{"type":"LOG","log":{"level":"INFO","message":"INFO i.a.w.i.DefaultAirbyteStreamFactory(internalLog):159 INFO i.d.r.RelationalSnapshotChangeEventSource(createDataEvents):399 For table 'test.test_2_timestamptz_array' using select statement: 'SELECT \"id\", \"test_column\" FROM \"test\".\"test_2_timestamptz_array\"'"}}
{"type":"LOG","log":{"level":"INFO","message":"INFO i.a.w.i.DefaultAirbyteStreamFactory(internalLog):159 INFO i.d.r.RelationalSnapshotChangeEventSource(createDataEvents):399 For table 'test.test_2_timetz' using select statement: 'SELECT \"id\", \"test_column\" FROM \"test\".\"test_2_timetz\"'"}}
{"type":"LOG","log":{"level":"INFO","message":"INFO i.a.w.i.DefaultAirbyteStreamFactory(internalLog):159 INFO i.d.r.RelationalSnapshotChangeEventSource(createDataEvents):399 For table 'test.test_2_timetz_array' using select statement: 'SELECT \"id\", \"test_column\" FROM \"test\".\"test_2_timetz_array\"'"}}
{"type":"LOG","log":{"level":"INFO","message":"INFO i.a.w.i.DefaultAirbyteStreamFactory(internalLog):159 INFO i.d.r.RelationalSnapshotChangeEventSource(createDataEvents):399 For table 'test.test_3_time' using select statement: 'SELECT \"id\", \"test_column\" FROM \"test\".\"test_3_time\"'"}}
{"type":"LOG","log":{"level":"INFO","message":"INFO i.a.w.i.DefaultAirbyteStreamFactory(internalLog):159 INFO i.d.r.RelationalSnapshotChangeEventSource(createDataEvents):399 For table 'test.test_3_timestamp' using select statement: 'SELECT \"id\", \"test_column\" FROM \"test\".\"test_3_timestamp\"'"}}
{"type":"LOG","log":{"level":"INFO","message":"INFO i.a.w.i.DefaultAirbyteStreamFactory(internalLog):159 INFO i.d.r.RelationalSnapshotChangeEventSource(createDataEvents):399 For table 'test.test_3_timestamptz' using select statement: 'SELECT \"id\", \"test_column\" FROM \"test\".\"test_3_timestamptz\"'"}}
{"type":"LOG","log":{"level":"INFO","message":"INFO i.a.w.i.DefaultAirbyteStreamFactory(internalLog):159 INFO i.d.r.RelationalSnapshotChangeEventSource(createDataEvents):399 For table 'test.test_3_timetz' using select statement: 'SELECT \"id\", \"test_column\" FROM \"test\".\"test_3_timetz\"'"}}
{"type":"LOG","log":{"level":"INFO","message":"INFO i.a.w.i.DefaultAirbyteStreamFactory(internalLog):159 INFO i.d.r.RelationalSnapshotChangeEventSource(createDataEvents):399 For table 'test.test_4_time' using select statement: 'SELECT \"id\", \"test_column\" FROM \"test\".\"test_4_time\"'"}}
{"type":"LOG","log":{"level":"INFO","message":"INFO i.a.w.i.DefaultAirbyteStreamFactory(internalLog):159 INFO i.d.r.RelationalSnapshotChangeEventSource(createDataEvents):399 For table 'test.test_4_timestamp' using select statement: 'SELECT \"id\", \"test_column\" FROM \"test\".\"test_4_timestamp\"'"}}
{"type":"LOG","log":{"level":"INFO","message":"INFO i.a.w.i.DefaultAirbyteStreamFactory(internalLog):159 INFO i.d.r.RelationalSnapshotChangeEventSource(createDataEvents):399 For table 'test.test_4_timestamptz' using select statement: 'SELECT \"id\", \"test_column\" FROM \"test\".\"test_4_timestamptz\"'"}}
{"type":"LOG","log":{"level":"INFO","message":"INFO i.a.w.i.DefaultAirbyteStreamFactory(internalLog):159 INFO i.d.r.RelationalSnapshotChangeEventSource(createDataEvents):399 For table 'test.test_4_timetz' using select statement: 'SELECT \"id\", \"test_column\" FROM \"test\".\"test_4_timetz\"'"}}
{"type":"LOG","log":{"level":"INFO","message":"INFO i.a.w.i.DefaultAirbyteStreamFactory(internalLog):159 INFO i.d.r.RelationalSnapshotChangeEventSource(createDataEvents):399 For table 'test.test_5_time' using select statement: 'SELECT \"id\", \"test_column\" FROM \"test\".\"test_5_time\"'"}}
{"type":"LOG","log":{"level":"INFO","message":"INFO i.a.w.i.DefaultAirbyteStreamFactory(internalLog):159 INFO i.d.r.RelationalSnapshotChangeEventSource(createDataEvents):399 For table 'test.test_5_timestamp' using select statement: 'SELECT \"id\", \"test_column\" FROM \"test\".\"test_5_timestamp\"'"}}
{"type":"LOG","log":{"level":"INFO","message":"INFO i.a.w.i.DefaultAirbyteStreamFactory(internalLog):159 INFO i.d.r.RelationalSnapshotChangeEventSource(createDataEvents):399 For table 'test.test_6_timestamp' using select statement: 'SELECT \"id\", \"test_column\" FROM \"test\".\"test_6_timestamp\"'"}}
{"type":"LOG","log":{"level":"INFO","message":"INFO i.a.w.i.DefaultAirbyteStreamFactory(internalLog):159 INFO i.d.r.RelationalSnapshotChangeEventSource(createDataEvents):399 For table 'test.test_7_timestamp' using select statement: 'SELECT \"id\", \"test_column\" FROM \"test\".\"test_7_timestamp\"'"}}
{"type":"LOG","log":{"level":"INFO","message":"INFO i.a.w.i.DefaultAirbyteStreamFactory(internalLog):159 INFO i.d.r.RelationalSnapshotChangeEventSource(createDataEvents):399 For table 'test.test_8_timestamp' using select statement: 'SELECT \"id\", \"test_column\" FROM \"test\".\"test_8_timestamp\"'"}}
{"type":"LOG","log":{"level":"INFO","message":"INFO i.a.w.i.DefaultAirbyteStreamFactory(internalLog):159 INFO i.d.r.RelationalSnapshotChangeEventSource(createDataEvents):399 For table 'test.test_1_tsquery' using select statement: 'SELECT \"id\", \"test_column\" FROM \"test\".\"test_1_tsquery\"'"}}
{"type":"LOG","log":{"level":"INFO","message":"INFO i.a.w.i.DefaultAirbyteStreamFactory(internalLog):159 INFO i.d.r.RelationalSnapshotChangeEventSource(createDataEvents):399 For table 'test.test_1_tsvector' using select statement: 'SELECT \"id\", \"test_column\" FROM \"test\".\"test_1_tsvector\"'"}}
{"type":"LOG","log":{"level":"INFO","message":"INFO i.a.w.i.DefaultAirbyteStreamFactory(internalLog):159 INFO i.d.r.RelationalSnapshotChangeEventSource(createDataEvents):399 For table 'test.test_1_uuid' using select statement: 'SELECT \"id\", \"test_column\" FROM \"test\".\"test_1_uuid\"'"}}
{"type":"LOG","log":{"level":"INFO","message":"INFO i.a.w.i.DefaultAirbyteStreamFactory(internalLog):159 INFO i.d.r.RelationalSnapshotChangeEventSource(createDataEvents):399 For table 'test.test_1_xml' using select statement: 'SELECT \"id\", \"test_column\" FROM \"test\".\"test_1_xml\"'"}}
{"type":"LOG","log":{"level":"INFO","message":"INFO i.a.w.i.DefaultAirbyteStreamFactory(internalLog):159 INFO i.d.r.RelationalSnapshotChangeEventSource(createDataEvents):399 For table 'test.test_1_mood' using select statement: 'SELECT \"id\", \"test_column\" FROM \"test\".\"test_1_mood\"'"}}
{"type":"LOG","log":{"level":"INFO","message":"INFO i.a.w.i.DefaultAirbyteStreamFactory(internalLog):159 INFO i.d.r.RelationalSnapshotChangeEventSource(createDataEvents):399 For table 'test.test_1_tsrange' using select statement: 'SELECT \"id\", \"test_column\" FROM \"test\".\"test_1_tsrange\"'"}}
{"type":"LOG","log":{"level":"INFO","message":"INFO i.a.w.i.DefaultAirbyteStreamFactory(internalLog):159 INFO i.d.r.RelationalSnapshotChangeEventSource(createDataEvents):399 For table 'test.test_1_inventory_item' using select statement: 'SELECT \"id\", \"test_column\" FROM \"test\".\"test_1_inventory_item\"'"}}
{"type":"LOG","log":{"level":"INFO","message":"INFO i.a.w.i.DefaultAirbyteStreamFactory(internalLog):159 INFO i.d.r.RelationalSnapshotChangeEventSource(createDataEvents):399 For table 'test.test_1_hstore' using select statement: 'SELECT \"id\", \"test_column\" FROM \"test\".\"test_1_hstore\"'"}}
{"type":"LOG","log":{"level":"INFO","message":"INFO i.a.w.i.DefaultAirbyteStreamFactory(internalLog):159 INFO i.d.r.RelationalSnapshotChangeEventSource(createDataEvents):399 For table 'test.test_1_oid_array' using select statement: 'SELECT \"id\", \"test_column\" FROM \"test\".\"test_1_oid_array\"'"}}
{"type":"LOG","log":{"level":"INFO","message":"INFO i.a.w.i.DefaultAirbyteStreamFactory(internalLog):159 INFO i.d.r.RelationalSnapshotChangeEventSource(createDataEvents):399 For table 'test.test_1_bpchar_array' using select statement: 'SELECT \"id\", \"test_column\" FROM \"test\".\"test_1_bpchar_array\"'"}}
{"type":"LOG","log":{"level":"INFO","message":"INFO i.a.w.i.DefaultAirbyteStreamFactory(internalLog):159 INFO i.d.r.RelationalSnapshotChangeEventSource(createDataEvents):399 For table 'test.test_1_name_array' using select statement: 'SELECT \"id\", \"test_column\" FROM \"test\".\"test_1_name_array\"'"}}
{"type":"LOG","log":{"level":"INFO","message":"INFO i.a.w.i.DefaultAirbyteStreamFactory(internalLog):159 INFO i.d.r.RelationalSnapshotChangeEventSource(createDataEvents):399 For table 'test.test_2_decimal_array' using select statement: 'SELECT \"id\", \"test_column\" FROM \"test\".\"test_2_decimal_array\"'"}}
{"type":"LOG","log":{"level":"INFO","message":"INFO i.a.w.i.DefaultAirbyteStreamFactory(internalLog):159 INFO i.d.r.RelationalSnapshotChangeEventSource(createDataEvents):399 For table 'test.test_3_decimal_array' using select statement: 'SELECT \"id\", \"test_column\" FROM \"test\".\"test_3_decimal_array\"'"}}
{"type":"LOG","log":{"level":"INFO","message":"INFO i.a.w.i.DefaultAirbyteStreamFactory(internalLog):159 INFO i.d.r.RelationalSnapshotChangeEventSource(createDataEvents):399 For table 'test.test_1_money_array' using select statement: 'SELECT \"id\", \"test_column\" FROM \"test\".\"test_1_money_array\"'"}}
{"type":"LOG","log":{"level":"INFO","message":"INFO i.a.w.i.DefaultAirbyteStreamFactory(internalLog):159 INFO i.d.r.RelationalSnapshotChangeEventSource(createDataEvents):399 For table 'test.test_1_money' using select statement: 'SELECT \"id\", \"test_column\" FROM \"test\".\"test_1_money\"'"}}
{"type":"LOG","log":{"level":"INFO","message":"INFO i.a.w.i.DefaultAirbyteStreamFactory(internalLog):159 INFO i.d.r.RelationalSnapshotChangeEventSource(createDataEvents):399 For table 'test.test_2_bigint' using select statement: 'SELECT \"id\", \"test_column\" FROM \"test\".\"test_2_bigint\"'"}}
{"type":"LOG","log":{"level":"INFO","message":"INFO i.a.w.i.DefaultAirbyteStreamFactory(internalLog):159 INFO i.d.r.RelationalSnapshotChangeEventSource(createDataEvents):399 For table 'test.test_2_bigserial' using select statement: 'SELECT \"id\", \"test_column\" FROM \"test\".\"test_2_bigserial\"'"}}
{"type":"LOG","log":{"level":"INFO","message":"INFO i.a.w.i.DefaultAirbyteStreamFactory(internalLog):159 INFO i.d.r.RelationalSnapshotChangeEventSource(createDataEvents):399 For table 'test.test_3_bit' using select statement: 'SELECT \"id\", \"test_column\" FROM \"test\".\"test_3_bit\"'"}}
{"type":"LOG","log":{"level":"INFO","message":"INFO i.a.w.i.DefaultAirbyteStreamFactory(internalLog):159 INFO i.d.r.RelationalSnapshotChangeEventSource(createDataEvents):399 For table 'test.test_3_bit_varying' using select statement: 'SELECT \"id\", \"test_column\" FROM \"test\".\"test_3_bit_varying\"'"}}
{"type":"LOG","log":{"level":"INFO","message":"INFO i.a.w.i.DefaultAirbyteStreamFactory(internalLog):159 INFO i.d.r.RelationalSnapshotChangeEventSource(createDataEvents):399 For table 'test.test_4_bit' using select statement: 'SELECT \"id\", \"test_column\" FROM \"test\".\"test_4_bit\"'"}}
{"type":"LOG","log":{"level":"INFO","message":"INFO i.a.w.i.DefaultAirbyteStreamFactory(internalLog):159 INFO i.d.r.RelationalSnapshotChangeEventSource(createDataEvents):399 For table 'test.test_4_bit_varying' using select statement: 'SELECT \"id\", \"test_column\" FROM \"test\".\"test_4_bit_varying\"'"}}
{"type":"LOG","log":{"level":"INFO","message":"INFO i.a.w.i.DefaultAirbyteStreamFactory(internalLog):159 INFO i.d.r.RelationalSnapshotChangeEventSource(createDataEvents):399 For table 'test.test_2_bool' using select statement: 'SELECT \"id\", \"test_column\" FROM \"test\".\"test_2_bool\"'"}}
{"type":"LOG","log":{"level":"INFO","message":"INFO i.a.w.i.DefaultAirbyteStreamFactory(internalLog):159 INFO i.d.r.RelationalSnapshotChangeEventSource(createDataEvents):399 For table 'test.test_2_bool_array' using select statement: 'SELECT \"id\", \"test_column\" FROM \"test\".\"test_2_bool_array\"'"}}
{"type":"LOG","log":{"level":"INFO","message":"INFO i.a.w.i.DefaultAirbyteStreamFactory(internalLog):159 INFO i.d.r.RelationalSnapshotChangeEventSource(createDataEvents):399 For table 'test.test_2_boolean' using select statement: 'SELECT \"id\", \"test_column\" FROM \"test\".\"test_2_boolean\"'"}}
{"type":"LOG","log":{"level":"INFO","message":"INFO i.a.w.i.DefaultAirbyteStreamFactory(internalLog):159 INFO i.d.r.RelationalSnapshotChangeEventSource(createDataEvents):399 For table 'test.test_2_box' using select statement: 'SELECT \"id\", \"test_column\" FROM \"test\".\"test_2_box\"'"}}
{"type":"LOG","log":{"level":"INFO","message":"INFO i.a.w.i.DefaultAirbyteStreamFactory(internalLog):159 INFO i.d.r.RelationalSnapshotChangeEventSource(createDataEvents):399 For table 'test.test_2_bytea' using select statement: 'SELECT \"id\", \"test_column\" FROM \"test\".\"test_2_bytea\"'"}}
{"type":"LOG","log":{"level":"INFO","message":"INFO i.a.w.i.DefaultAirbyteStreamFactory(internalLog):159 INFO i.d.r.RelationalSnapshotChangeEventSource(createDataEvents):399 For table 'test.test_2_bytea_array' using select statement: 'SELECT \"id\", \"test_column\" FROM \"test\".\"test_2_bytea_array\"'"}}
{"type":"LOG","log":{"level":"INFO","message":"INFO i.a.w.i.DefaultAirbyteStreamFactory(internalLog):159 INFO i.d.r.RelationalSnapshotChangeEventSource(createDataEvents):399 For table 'test.test_3_char' using select statement: 'SELECT \"id\", \"test_column\" FROM \"test\".\"test_3_char\"'"}}
{"type":"LOG","log":{"level":"INFO","message":"INFO i.a.w.i.DefaultAirbyteStreamFactory(internalLog):159 INFO i.d.r.RelationalSnapshotChangeEventSource(createDataEvents):399 For table 'test.test_3_character' using select statement: 'SELECT \"id\", \"test_column\" FROM \"test\".\"test_3_character\"'"}}
{"type":"LOG","log":{"level":"INFO","message":"INFO i.a.w.i.DefaultAirbyteStreamFactory(internalLog):159 INFO i.d.r.RelationalSnapshotChangeEventSource(createDataEvents):399 For table 'test.test_4_char' using select statement: 'SELECT \"id\", \"test_column\" FROM \"test\".\"test_4_char\"'"}}
{"type":"LOG","log":{"level":"INFO","message":"INFO i.a.w.i.DefaultAirbyteStreamFactory(internalLog):159 INFO i.d.r.RelationalSnapshotChangeEventSource(createDataEvents):399 For table 'test.test_4_character' using select statement: 'SELECT \"id\", \"test_column\" FROM \"test\".\"test_4_character\"'"}}
{"type":"LOG","log":{"level":"INFO","message":"INFO i.a.w.i.DefaultAirbyteStreamFactory(internalLog):159 INFO i.d.r.RelationalSnapshotChangeEventSource(createDataEvents):399 For table 'test.test_2_text' using select statement: 'SELECT \"id\", \"test_column\" FROM \"test\".\"test_2_text\"'"}}
{"type":"LOG","log":{"level":"INFO","message":"INFO i.a.w.i.DefaultAirbyteStreamFactory(internalLog):159 INFO i.d.r.RelationalSnapshotChangeEventSource(createDataEvents):399 For table 'test.test_2_text_array' using select statement: 'SELECT \"id\", \"test_column\" FROM \"test\".\"test_2_text_array\"'"}}
{"type":"LOG","log":{"level":"INFO","message":"INFO i.a.w.i.DefaultAirbyteStreamFactory(internalLog):159 INFO i.d.r.RelationalSnapshotChangeEventSource(createDataEvents):399 For table 'test.test_3_varchar' using select statement: 'SELECT \"id\", \"test_column\" FROM \"test\".\"test_3_varchar\"'"}}
{"type":"LOG","log":{"level":"INFO","message":"INFO i.a.w.i.DefaultAirbyteStreamFactory(internalLog):159 INFO i.d.r.RelationalSnapshotChangeEventSource(createDataEvents):399 For table 'test.test_4_varchar' using select statement: 'SELECT \"id\", \"test_column\" FROM \"test\".\"test_4_varchar\"'"}}
{"type":"LOG","log":{"level":"INFO","message":"INFO i.a.w.i.DefaultAirbyteStreamFactory(internalLog):159 INFO i.d.r.RelationalSnapshotChangeEventSource(createDataEvents):399 For table 'test.test_2_cidr' using select statement: 'SELECT \"id\", \"test_column\" FROM \"test\".\"test_2_cidr\"'"}}
{"type":"LOG","log":{"level":"INFO","message":"INFO i.a.w.i.DefaultAirbyteStreamFactory(internalLog):159 INFO i.d.r.RelationalSnapshotChangeEventSource(createDataEvents):399 For table 'test.test_2_circle' using select statement: 'SELECT \"id\", \"test_column\" FROM \"test\".\"test_2_circle\"'"}}
{"type":"LOG","log":{"level":"INFO","message":"INFO i.a.w.i.DefaultAirbyteStreamFactory(internalLog):159 INFO i.d.r.RelationalSnapshotChangeEventSource(createDataEvents):399 For table 'test.test_4_date' using select statement: 'SELECT \"id\", \"test_column\" FROM \"test\".\"test_4_date\"'"}}
{"type":"LOG","log":{"level":"INFO","message":"INFO i.a.w.i.DefaultAirbyteStreamFactory(internalLog):159 INFO i.d.r.RelationalSnapshotChangeEventSource(createDataEvents):399 For table 'test.test_5_date' using select statement: 'SELECT \"id\", \"test_column\" FROM \"test\".\"test_5_date\"'"}}
{"type":"LOG","log":{"level":"INFO","message":"INFO i.a.w.i.DefaultAirbyteStreamFactory(internalLog):159 INFO i.d.r.RelationalSnapshotChangeEventSource(createDataEvents):399 For table 'test.test_6_date' using select statement: 'SELECT \"id\", \"test_column\" FROM \"test\".\"test_6_date\"'"}}
{"type":"LOG","log":{"level":"INFO","message":"INFO i.a.w.i.DefaultAirbyteStreamFactory(internalLog):159 INFO i.d.r.RelationalSnapshotChangeEventSource(createDataEvents):399 For table 'test.test_2_float' using select statement: 'SELECT \"id\", \"test_column\" FROM \"test\".\"test_2_float\"'"}}
{"type":"LOG","log":{"level":"INFO","message":"INFO i.a.w.i.DefaultAirbyteStreamFactory(internalLog):159 INFO i.d.r.RelationalSnapshotChangeEventSource(createDataEvents):399 For table 'test.test_2_float4' using select statement: 'SELECT \"id\", \"test_column\" FROM \"test\".\"test_2_float4\"'"}}
{"type":"LOG","log":{"level":"INFO","message":"INFO i.a.w.i.DefaultAirbyteStreamFactory(internalLog):159 INFO i.d.r.RelationalSnapshotChangeEventSource(createDataEvents):399 For table 'test.test_2_float4_array' using select statement: 'SELECT \"id\", \"test_column\" FROM \"test\".\"test_2_float4_array\"'"}}
{"type":"LOG","log":{"level":"INFO","message":"INFO i.a.w.i.DefaultAirbyteStreamFactory(internalLog):159 INFO i.d.r.RelationalSnapshotChangeEventSource(createDataEvents):399 For table 'test.test_2_float8' using select statement: 'SELECT \"id\", \"test_column\" FROM \"test\".\"test_2_float8\"'"}}
{"type":"LOG","log":{"level":"INFO","message":"INFO i.a.w.i.DefaultAirbyteStreamFactory(internalLog):159 INFO i.d.r.RelationalSnapshotChangeEventSource(createDataEvents):399 For table 'test.test_2_float8_array' using select statement: 'SELECT \"id\", \"test_column\" FROM \"test\".\"test_2_float8_array\"'"}}
{"type":"LOG","log":{"level":"INFO","message":"INFO i.a.w.i.DefaultAirbyteStreamFactory(internalLog):159 INFO i.d.r.RelationalSnapshotChangeEventSource(createDataEvents):399 For table 'test.test_2_double_precision' using select statement: 'SELECT \"id\", \"test_column\" FROM \"test\".\"test_2_double_precision\"'"}}
{"type":"LOG","log":{"level":"INFO","message":"INFO i.a.w.i.DefaultAirbyteStreamFactory(internalLog):159 INFO i.d.r.RelationalSnapshotChangeEventSource(createDataEvents):399 For table 'test.test_2_inet' using select statement: 'SELECT \"id\", \"test_column\" FROM \"test\".\"test_2_inet\"'"}}
{"type":"LOG","log":{"level":"INFO","message":"INFO i.a.w.i.DefaultAirbyteStreamFactory(internalLog):159 INFO i.d.r.RelationalSnapshotChangeEventSource(createDataEvents):399 For table 'test.test_2_int4' using select statement: 'SELECT \"id\", \"test_column\" FROM \"test\".\"test_2_int4\"'"}}
{"type":"LOG","log":{"level":"INFO","message":"INFO i.a.w.i.DefaultAirbyteStreamFactory(internalLog):159 INFO i.d.r.RelationalSnapshotChangeEventSource(createDataEvents):399 For table 'test.test_2_int4_array' using select statement: 'SELECT \"id\", \"test_column\" FROM \"test\".\"test_2_int4_array\"'"}}
{"type":"LOG","log":{"level":"INFO","message":"INFO i.a.w.i.DefaultAirbyteStreamFactory(internalLog):159 INFO i.d.r.RelationalSnapshotChangeEventSource(createDataEvents):399 For table 'test.test_2_int' using select statement: 'SELECT \"id\", \"test_column\" FROM \"test\".\"test_2_int\"'"}}
{"type":"LOG","log":{"level":"INFO","message":"INFO i.a.w.i.DefaultAirbyteStreamFactory(internalLog):159 INFO i.d.r.RelationalSnapshotChangeEventSource(createDataEvents):399 For table 'test.test_2_int2' using select statement: 'SELECT \"id\", \"test_column\" FROM \"test\".\"test_2_int2\"'"}}
{"type":"LOG","log":{"level":"INFO","message":"INFO i.a.w.i.DefaultAirbyteStreamFactory(internalLog):159 INFO i.d.r.RelationalSnapshotChangeEventSource(createDataEvents):399 For table 'test.test_2_int2_array' using select statement: 'SELECT \"id\", \"test_column\" FROM \"test\".\"test_2_int2_array\"'"}}
{"type":"LOG","log":{"level":"INFO","message":"INFO i.a.w.i.DefaultAirbyteStreamFactory(internalLog):159 INFO i.d.r.RelationalSnapshotChangeEventSource(createDataEvents):399 For table 'test.test_2_int8_array' using select statement: 'SELECT \"id\", \"test_column\" FROM \"test\".\"test_2_int8_array\"'"}}
{"type":"LOG","log":{"level":"INFO","message":"INFO i.a.w.i.DefaultAirbyteStreamFactory(internalLog):159 INFO i.d.r.RelationalSnapshotChangeEventSource(createDataEvents):399 For table 'test.test_2_integer' using select statement: 'SELECT \"id\", \"test_column\" FROM \"test\".\"test_2_integer\"'"}}
{"type":"LOG","log":{"level":"INFO","message":"INFO i.a.w.i.DefaultAirbyteStreamFactory(internalLog):159 INFO i.d.r.RelationalSnapshotChangeEventSource(createDataEvents):399 For table 'test.test_2_interval' using select statement: 'SELECT \"id\", \"test_column\" FROM \"test\".\"test_2_interval\"'"}}
{"type":"LOG","log":{"level":"INFO","message":"INFO i.a.w.i.DefaultAirbyteStreamFactory(internalLog):159 INFO i.d.r.RelationalSnapshotChangeEventSource(createDataEvents):399 For table 'test.test_2_json' using select statement: 'SELECT \"id\", \"test_column\" FROM \"test\".\"test_2_json\"'"}}
{"type":"LOG","log":{"level":"INFO","message":"INFO i.a.w.i.DefaultAirbyteStreamFactory(internalLog):159 INFO i.d.r.RelationalSnapshotChangeEventSource(createDataEvents):399 For table 'test.test_2_jsonb' using select statement: 'SELECT \"id\", \"test_column\" FROM \"test\".\"test_2_jsonb\"'"}}
{"type":"LOG","log":{"level":"INFO","message":"INFO i.a.w.i.DefaultAirbyteStreamFactory(internalLog):159 INFO i.d.r.RelationalSnapshotChangeEventSource(createDataEvents):399 For table 'test.test_2_line' using select statement: 'SELECT \"id\", \"test_column\" FROM \"test\".\"test_2_line\"'"}}
{"type":"LOG","log":{"level":"INFO","message":"INFO i.a.w.i.DefaultAirbyteStreamFactory(internalLog):159 INFO i.d.r.RelationalSnapshotChangeEventSource(createDataEvents):399 For table 'test.test_2_lseg' using select statement: 'SELECT \"id\", \"test_column\" FROM \"test\".\"test_2_lseg\"'"}}
{"type":"LOG","log":{"level":"INFO","message":"INFO i.a.w.i.DefaultAirbyteStreamFactory(internalLog):159 INFO i.d.r.RelationalSnapshotChangeEventSource(createDataEvents):399 For table 'test.test_2_macaddr' using select statement: 'SELECT \"id\", \"test_column\" FROM \"test\".\"test_2_macaddr\"'"}}
{"type":"LOG","log":{"level":"INFO","message":"INFO i.a.w.i.DefaultAirbyteStreamFactory(internalLog):159 INFO i.d.r.RelationalSnapshotChangeEventSource(createDataEvents):399 For table 'test.test_2_macaddr8' using select statement: 'SELECT \"id\", \"test_column\" FROM \"test\".\"test_2_macaddr8\"'"}}
{"type":"LOG","log":{"level":"INFO","message":"INFO i.a.w.i.DefaultAirbyteStreamFactory(internalLog):159 INFO i.d.r.RelationalSnapshotChangeEventSource(createDataEvents):399 For table 'test.test_6_numeric' using select statement: 'SELECT \"id\", \"test_column\" FROM \"test\".\"test_6_numeric\"'"}}
{"type":"LOG","log":{"level":"INFO","message":"INFO i.a.w.i.DefaultAirbyteStreamFactory(internalLog):159 INFO i.d.r.RelationalSnapshotChangeEventSource(createDataEvents):399 For table 'test.test_6_numeric_array' using select statement: 'SELECT \"id\", \"test_column\" FROM \"test\".\"test_6_numeric_array\"'"}}
{"type":"LOG","log":{"level":"INFO","message":"INFO i.a.w.i.DefaultAirbyteStreamFactory(internalLog):159 INFO i.d.r.RelationalSnapshotChangeEventSource(createDataEvents):399 For table 'test.test_7_numeric' using select statement: 'SELECT \"id\", \"test_column\" FROM \"test\".\"test_7_numeric\"'"}}
{"type":"LOG","log":{"level":"INFO","message":"INFO i.a.w.i.DefaultAirbyteStreamFactory(internalLog):159 INFO i.d.r.RelationalSnapshotChangeEventSource(createDataEvents):399 For table 'test.test_8_numeric' using select statement: 'SELECT \"id\", \"test_column\" FROM \"test\".\"test_8_numeric\"'"}}
{"type":"LOG","log":{"level":"INFO","message":"INFO i.a.w.i.DefaultAirbyteStreamFactory(internalLog):159 INFO i.d.r.RelationalSnapshotChangeEventSource(createDataEvents):399 For table 'test.test_9_numeric' using select statement: 'SELECT \"id\", \"test_column\" FROM \"test\".\"test_9_numeric\"'"}}
{"type":"LOG","log":{"level":"INFO","message":"INFO i.a.w.i.DefaultAirbyteStreamFactory(internalLog):159 INFO i.d.r.RelationalSnapshotChangeEventSource(createDataEvents):399 For table 'test.test_2_decimal' using select statement: 'SELECT \"id\", \"test_column\" FROM \"test\".\"test_2_decimal\"'"}}
{"type":"LOG","log":{"level":"INFO","message":"INFO i.a.w.i.DefaultAirbyteStreamFactory(internalLog):159 INFO i.d.r.RelationalSnapshotChangeEventSource(createDataEvents):399 For table 'test.test_10_numeric' using select statement: 'SELECT \"id\", \"test_column\" FROM \"test\".\"test_10_numeric\"'"}}
{"type":"LOG","log":{"level":"INFO","message":"INFO i.a.w.i.DefaultAirbyteStreamFactory(internalLog):159 INFO i.d.r.RelationalSnapshotChangeEventSource(createDataEvents):399 For table 'test.test_2_path' using select statement: 'SELECT \"id\", \"test_column\" FROM \"test\".\"test_2_path\"'"}}
{"type":"LOG","log":{"level":"INFO","message":"INFO i.a.w.i.DefaultAirbyteStreamFactory(internalLog):159 INFO i.d.r.RelationalSnapshotChangeEventSource(createDataEvents):399 For table 'test.test_2_pg_lsn' using select statement: 'SELECT \"id\", \"test_column\" FROM \"test\".\"test_2_pg_lsn\"'"}}
{"type":"LOG","log":{"level":"INFO","message":"INFO i.a.w.i.DefaultAirbyteStreamFactory(internalLog):159 INFO i.d.r.RelationalSnapshotChangeEventSource(createDataEvents):399 For table 'test.test_2_point' using select statement: 'SELECT \"id\", \"test_column\" FROM \"test\".\"test_2_point\"'"}}
{"type":"LOG","log":{"level":"INFO","message":"INFO i.a.w.i.DefaultAirbyteStreamFactory(internalLog):159 INFO i.d.r.RelationalSnapshotChangeEventSource(createDataEvents):399 For table 'test.test_2_polygon' using select statement: 'SELECT \"id\", \"test_column\" FROM \"test\".\"test_2_polygon\"'"}}
{"type":"LOG","log":{"level":"INFO","message":"INFO i.a.w.i.DefaultAirbyteStreamFactory(internalLog):159 INFO i.d.r.RelationalSnapshotChangeEventSource(createDataEvents):399 For table 'test.test_2_real' using select statement: 'SELECT \"id\", \"test_column\" FROM \"test\".\"test_2_real\"'"}}
{"type":"LOG","log":{"level":"INFO","message":"INFO i.a.w.i.DefaultAirbyteStreamFactory(internalLog):159 INFO i.d.r.RelationalSnapshotChangeEventSource(createDataEvents):399 For table 'test.test_2_smallint' using select statement: 'SELECT \"id\", \"test_column\" FROM \"test\".\"test_2_smallint\"'"}}
{"type":"LOG","log":{"level":"INFO","message":"INFO i.a.w.i.DefaultAirbyteStreamFactory(internalLog):159 INFO i.d.r.RelationalSnapshotChangeEventSource(createDataEvents):399 For table 'test.test_2_serial2' using select statement: 'SELECT \"id\", \"test_column\" FROM \"test\".\"test_2_serial2\"'"}}
{"type":"LOG","log":{"level":"INFO","message":"INFO i.a.w.i.DefaultAirbyteStreamFactory(internalLog):159 INFO i.d.r.RelationalSnapshotChangeEventSource(createDataEvents):399 For table 'test.test_2_smallserial' using select statement: 'SELECT \"id\", \"test_column\" FROM \"test\".\"test_2_smallserial\"'"}}
{"type":"LOG","log":{"level":"INFO","message":"INFO i.a.w.i.DefaultAirbyteStreamFactory(internalLog):159 INFO i.d.r.RelationalSnapshotChangeEventSource(createDataEvents):399 For table 'test.test_2_serial4' using select statement: 'SELECT \"id\", \"test_column\" FROM \"test\".\"test_2_serial4\"'"}}
{"type":"LOG","log":{"level":"INFO","message":"INFO i.a.w.i.DefaultAirbyteStreamFactory(internalLog):159 INFO i.d.r.RelationalSnapshotChangeEventSource(createDataEvents):399 For table 'test.test_2_serial' using select statement: 'SELECT \"id\", \"test_column\" FROM \"test\".\"test_2_serial\"'"}}
{"type":"LOG","log":{"level":"INFO","message":"INFO i.a.w.i.DefaultAirbyteStreamFactory(internalLog):159 INFO i.d.r.RelationalSnapshotChangeEventSource(createDataEvents):399 For table 'test.test_6_time' using select statement: 'SELECT \"id\", \"test_column\" FROM \"test\".\"test_6_time\"'"}}
{"type":"LOG","log":{"level":"INFO","message":"INFO i.a.w.i.DefaultAirbyteStreamFactory(internalLog):159 INFO i.d.r.RelationalSnapshotChangeEventSource(createDataEvents):399 For table 'test.test_7_time' using select statement: 'SELECT \"id\", \"test_column\" FROM \"test\".\"test_7_time\"'"}}
{"type":"LOG","log":{"level":"INFO","message":"INFO i.a.w.i.DefaultAirbyteStreamFactory(internalLog):159 INFO i.d.r.RelationalSnapshotChangeEventSource(createDataEvents):399 For table 'test.test_8_time' using select statement: 'SELECT \"id\", \"test_column\" FROM \"test\".\"test_8_time\"'"}}
{"type":"LOG","log":{"level":"INFO","message":"INFO i.a.w.i.DefaultAirbyteStreamFactory(internalLog):159 INFO i.d.r.RelationalSnapshotChangeEventSource(createDataEvents):399 For table 'test.test_9_time' using select statement: 'SELECT \"id\", \"test_column\" FROM \"test\".\"test_9_time\"'"}}
{"type":"LOG","log":{"level":"INFO","message":"INFO i.a.w.i.DefaultAirbyteStreamFactory(internalLog):159 INFO i.d.r.RelationalSnapshotChangeEventSource(createDataEvents):399 For table 'test.test_9_timestamp' using select statement: 'SELECT \"id\", \"test_column\" FROM \"test\".\"test_9_timestamp\"'"}}
{"type":"LOG","log":{"level":"INFO","message":"INFO i.a.w.i.DefaultAirbyteStreamFactory(internalLog):159 INFO i.d.r.RelationalSnapshotChangeEventSource(createDataEvents):399 For table 'test.test_10_time' using select statement: 'SELECT \"id\", \"test_column\" FROM \"test\".\"test_10_time\"'"}}
{"type":"LOG","log":{"level":"INFO","message":"INFO i.a.w.i.DefaultAirbyteStreamFactory(internalLog):159 INFO i.d.r.RelationalSnapshotChangeEventSource(createDataEvents):399 For table 'test.test_10_timestamp' using select statement: 'SELECT \"id\", \"test_column\" FROM \"test\".\"test_10_timestamp\"'"}}
{"type":"LOG","log":{"level":"INFO","message":"INFO i.a.w.i.DefaultAirbyteStreamFactory(internalLog):159 INFO i.d.r.RelationalSnapshotChangeEventSource(createDataEvents):399 For table 'test.test_11_timestamp' using select statement: 'SELECT \"id\", \"test_column\" FROM \"test\".\"test_11_timestamp\"'"}}
{"type":"LOG","log":{"level":"INFO","message":"INFO i.a.w.i.DefaultAirbyteStreamFactory(internalLog):159 INFO i.d.r.RelationalSnapshotChangeEventSource(createDataEvents):399 For table 'test.test_12_timestamp' using select statement: 'SELECT \"id\", \"test_column\" FROM \"test\".\"test_12_timestamp\"'"}}
{"type":"LOG","log":{"level":"INFO","message":"INFO i.a.w.i.DefaultAirbyteStreamFactory(internalLog):159 INFO i.d.r.RelationalSnapshotChangeEventSource(createDataEvents):399 For table 'test.test_13_timestamp' using select statement: 'SELECT \"id\", \"test_column\" FROM \"test\".\"test_13_timestamp\"'"}}
{"type":"LOG","log":{"level":"INFO","message":"INFO i.a.w.i.DefaultAirbyteStreamFactory(internalLog):159 INFO i.d.r.RelationalSnapshotChangeEventSource(createDataEvents):399 For table 'test.test_14_timestamp' using select statement: 'SELECT \"id\", \"test_column\" FROM \"test\".\"test_14_timestamp\"'"}}
{"type":"LOG","log":{"level":"INFO","message":"INFO i.a.w.i.DefaultAirbyteStreamFactory(internalLog):159 INFO i.d.r.RelationalSnapshotChangeEventSource(createDataEvents):399 For table 'test.test_15_timestamp' using select statement: 'SELECT \"id\", \"test_column\" FROM \"test\".\"test_15_timestamp\"'"}}
{"type":"LOG","log":{"level":"INFO","message":"INFO i.a.w.i.DefaultAirbyteStreamFactory(internalLog):159 INFO i.d.r.RelationalSnapshotChangeEventSource(createDataEvents):399 For table 'test.test_16_timestamp' using select statement: 'SELECT \"id\", \"test_column\" FROM \"test\".\"test_16_timestamp\"'"}}
{"type":"LOG","log":{"level":"INFO","message":"INFO i.a.w.i.DefaultAirbyteStreamFactory(internalLog):159 INFO i.d.r.RelationalSnapshotChangeEventSource(createDataEvents):399 For table 'test.test_2_tsquery' using select statement: 'SELECT \"id\", \"test_column\" FROM \"test\".\"test_2_tsquery\"'"}}
{"type":"LOG","log":{"level":"INFO","message":"INFO i.a.w.i.DefaultAirbyteStreamFactory(internalLog):159 INFO i.d.r.RelationalSnapshotChangeEventSource(createDataEvents):399 For table 'test.test_2_tsvector' using select statement: 'SELECT \"id\", \"test_column\" FROM \"test\".\"test_2_tsvector\"'"}}
{"type":"LOG","log":{"level":"INFO","message":"INFO i.a.w.i.DefaultAirbyteStreamFactory(internalLog):159 INFO i.d.r.RelationalSnapshotChangeEventSource(createDataEvents):399 For table 'test.test_2_uuid' using select statement: 'SELECT \"id\", \"test_column\" FROM \"test\".\"test_2_uuid\"'"}}
{"type":"LOG","log":{"level":"INFO","message":"INFO i.a.w.i.DefaultAirbyteStreamFactory(internalLog):159 INFO i.d.r.RelationalSnapshotChangeEventSource(createDataEvents):399 For table 'test.test_2_xml' using select statement: 'SELECT \"id\", \"test_column\" FROM \"test\".\"test_2_xml\"'"}}
{"type":"LOG","log":{"level":"INFO","message":"INFO i.a.w.i.DefaultAirbyteStreamFactory(internalLog):159 INFO i.d.r.RelationalSnapshotChangeEventSource(createDataEvents):399 For table 'test.test_2_mood' using select statement: 'SELECT \"id\", \"test_column\" FROM \"test\".\"test_2_mood\"'"}}
{"type":"LOG","log":{"level":"INFO","message":"INFO i.a.w.i.DefaultAirbyteStreamFactory(internalLog):159 INFO i.d.r.RelationalSnapshotChangeEventSource(createDataEvents):399 For table 'test.test_2_tsrange' using select statement: 'SELECT \"id\", \"test_column\" FROM \"test\".\"test_2_tsrange\"'"}}
{"type":"LOG","log":{"level":"INFO","message":"INFO i.a.w.i.DefaultAirbyteStreamFactory(internalLog):159 INFO i.d.r.RelationalSnapshotChangeEventSource(createDataEvents):399 For table 'test.test_2_inventory_item' using select statement: 'SELECT \"id\", \"test_column\" FROM \"test\".\"test_2_inventory_item\"'"}}
{"type":"LOG","log":{"level":"INFO","message":"INFO i.a.w.i.DefaultAirbyteStreamFactory(internalLog):159 INFO i.d.r.RelationalSnapshotChangeEventSource(createDataEvents):399 For table 'test.test_2_hstore' using select statement: 'SELECT \"id\", \"test_column\" FROM \"test\".\"test_2_hstore\"'"}}
{"type":"LOG","log":{"level":"INFO","message":"INFO i.a.w.i.DefaultAirbyteStreamFactory(internalLog):159 INFO i.d.r.RelationalSnapshotChangeEventSource(createDataEvents):399 For table 'test.test_2_oid_array' using select statement: 'SELECT \"id\", \"test_column\" FROM \"test\".\"test_2_oid_array\"'"}}
{"type":"LOG","log":{"level":"INFO","message":"INFO i.a.w.i.DefaultAirbyteStreamFactory(internalLog):159 INFO i.d.r.RelationalSnapshotChangeEventSource(createDataEvents):399 For table 'test.test_2_bpchar_array' using select statement: 'SELECT \"id\", \"test_column\" FROM \"test\".\"test_2_bpchar_array\"'"}}
{"type":"LOG","log":{"level":"INFO","message":"INFO i.a.w.i.DefaultAirbyteStreamFactory(internalLog):159 INFO i.d.r.RelationalSnapshotChangeEventSource(createDataEvents):399 For table 'test.test_2_name_array' using select statement: 'SELECT \"id\", \"test_column\" FROM \"test\".\"test_2_name_array\"'"}}
{"type":"LOG","log":{"level":"INFO","message":"INFO i.a.w.i.DefaultAirbyteStreamFactory(internalLog):159 INFO i.d.r.RelationalSnapshotChangeEventSource(createDataEvents):399 For table 'test.test_4_decimal_array' using select statement: 'SELECT \"id\", \"test_column\" FROM \"test\".\"test_4_decimal_array\"'"}}
{"type":"LOG","log":{"level":"INFO","message":"INFO i.a.w.i.DefaultAirbyteStreamFactory(internalLog):159 INFO i.d.r.RelationalSnapshotChangeEventSource(createDataEvents):399 For table 'test.test_5_decimal_array' using select statement: 'SELECT \"id\", \"test_column\" FROM \"test\".\"test_5_decimal_array\"'"}}
{"type":"LOG","log":{"level":"INFO","message":"INFO i.a.w.i.DefaultAirbyteStreamFactory(internalLog):159 INFO i.d.r.RelationalSnapshotChangeEventSource(createDataEvents):399 For table 'test.test_6_decimal_array' using select statement: 'SELECT \"id\", \"test_column\" FROM \"test\".\"test_6_decimal_array\"'"}}
{"type":"LOG","log":{"level":"INFO","message":"INFO i.a.w.i.DefaultAirbyteStreamFactory(internalLog):159 INFO i.d.r.RelationalSnapshotChangeEventSource(createDataEvents):399 For table 'test.test_2_money_array' using select statement: 'SELECT \"id\", \"test_column\" FROM \"test\".\"test_2_money_array\"'"}}
{"type":"LOG","log":{"level":"INFO","message":"INFO i.a.w.i.DefaultAirbyteStreamFactory(internalLog):159 INFO i.d.r.RelationalSnapshotChangeEventSource(createDataEvents):399 For table 'test.test_2_money' using select statement: 'SELECT \"id\", \"test_column\" FROM \"test\".\"test_2_money\"'"}}
{"type":"LOG","log":{"level":"INFO","message":"INFO i.a.w.i.DefaultAirbyteStreamFactory(internalLog):159 INFO i.d.r.RelationalSnapshotChangeEventSource(createDataEvents):399 For table 'test.random_dummy_table' using select statement: 'SELECT \"id\", \"test_column\" FROM \"test\".\"random_dummy_table\"'"}}
{"type":"LOG","log":{"level":"INFO","message":"INFO i.a.w.i.DefaultAirbyteStreamFactory(internalLog):159 INFO i.d.r.RelationalSnapshotChangeEventSource(doCreateDataEventsForTable):513 Exporting data from table 'test.test_1_bigint' (1 of 213 tables)"}}
{"type":"LOG","log":{"level":"INFO","message":"INFO i.a.w.i.DefaultAirbyteStreamFactory(internalLog):159 INFO i.d.r.RelationalSnapshotChangeEventSource(doCreateDataEventsForTable):559 \t Finished exporting 0 records for table 'test.test_1_bigint' (1 of 213 tables); total duration '00:00:00.169'"}}
{"type":"LOG","log":{"level":"INFO","message":"INFO i.a.w.i.DefaultAirbyteStreamFactory(internalLog):159 INFO i.d.r.RelationalSnapshotChangeEventSource(doCreateDataEventsForTable):513 Exporting data from table 'test.test_1_bigserial' (2 of 213 tables)"}}
{"type":"LOG","log":{"level":"INFO","message":"INFO i.a.w.i.DefaultAirbyteStreamFactory(internalLog):159 INFO i.d.r.RelationalSnapshotChangeEventSource(doCreateDataEventsForTable):559 \t Finished exporting 0 records for table 'test.test_1_bigserial' (2 of 213 tables); total duration '00:00:00.04'"}}
{"type":"LOG","log":{"level":"INFO","message":"INFO i.a.w.i.DefaultAirbyteStreamFactory(internalLog):159 INFO i.d.r.RelationalSnapshotChangeEventSource(doCreateDataEventsForTable):513 Exporting data from table 'test.test_1_bit' (3 of 213 tables)"}}
{"type":"LOG","log":{"level":"INFO","message":"INFO i.a.w.i.DefaultAirbyteStreamFactory(internalLog):159 INFO i.d.r.RelationalSnapshotChangeEventSource(doCreateDataEventsForTable):559 \t Finished exporting 0 records for table 'test.test_1_bit' (3 of 213 tables); total duration '00:00:00.02'"}}
{"type":"LOG","log":{"level":"INFO","message":"INFO i.a.w.i.DefaultAirbyteStreamFactory(internalLog):159 INFO i.d.r.RelationalSnapshotChangeEventSource(doCreateDataEventsForTable):513 Exporting data from table 'test.test_1_bit_array' (4 of 213 tables)"}}
{"type":"LOG","log":{"level":"INFO","message":"INFO i.a.w.i.DefaultAirbyteStreamFactory(internalLog):159 INFO i.d.r.RelationalSnapshotChangeEventSource(doCreateDataEventsForTable):559 \t Finished exporting 0 records for table 'test.test_1_bit_array' (4 of 213 tables); total duration '00:00:00.031'"}}
{"type":"LOG","log":{"level":"INFO","message":"INFO i.a.w.i.DefaultAirbyteStreamFactory(internalLog):159 INFO i.d.r.RelationalSnapshotChangeEventSource(doCreateDataEventsForTable):513 Exporting data from table 'test.test_1_bit_varying' (5 of 213 tables)"}}
{"type":"LOG","log":{"level":"INFO","message":"INFO i.a.w.i.DefaultAirbyteStreamFactory(internalLog):159 INFO i.d.r.RelationalSnapshotChangeEventSource(doCreateDataEventsForTable):559 \t Finished exporting 0 records for table 'test.test_1_bit_varying' (5 of 213 tables); total duration '00:00:00.018'"}}
{"type":"LOG","log":{"level":"INFO","message":"INFO i.a.w.i.DefaultAirbyteStreamFactory(internalLog):159 INFO i.d.r.RelationalSnapshotChangeEventSource(doCreateDataEventsForTable):513 Exporting data from table 'test.test_2_bit' (6 of 213 tables)"}}
{"type":"LOG","log":{"level":"INFO","message":"INFO i.a.w.i.DefaultAirbyteStreamFactory(internalLog):159 INFO i.d.r.RelationalSnapshotChangeEventSource(doCreateDataEventsForTable):559 \t Finished exporting 0 records for table 'test.test_2_bit' (6 of 213 tables); total duration '00:00:00.024'"}}
{"type":"LOG","log":{"level":"INFO","message":"INFO i.a.w.i.DefaultAirbyteStreamFactory(internalLog):159 INFO i.d.r.RelationalSnapshotChangeEventSource(doCreateDataEventsForTable):513 Exporting data from table 'test.test_2_bit_array' (7 of 213 tables)"}}
{"type":"LOG","log":{"level":"INFO","message":"INFO i.a.w.i.DefaultAirbyteStreamFactory(internalLog):159 INFO i.d.r.RelationalSnapshotChangeEventSource(doCreateDataEventsForTable):559 \t Finished exporting 0 records for table 'test.test_2_bit_array' (7 of 213 tables); total duration '00:00:00.018'"}}
{"type":"LOG","log":{"level":"INFO","message":"INFO i.a.w.i.DefaultAirbyteStreamFactory(internalLog):159 INFO i.d.r.RelationalSnapshotChangeEventSource(doCreateDataEventsForTable):513 Exporting data from table 'test.test_2_bit_varying' (8 of 213 tables)"}}
{"type":"LOG","log":{"level":"INFO","message":"INFO i.a.w.i.DefaultAirbyteStreamFactory(internalLog):159 INFO i.d.r.RelationalSnapshotChangeEventSource(doCreateDataEventsForTable):559 \t Finished exporting 0 records for table 'test.test_2_bit_varying' (8 of 213 tables); total duration '00:00:00.021'"}}
{"type":"LOG","log":{"level":"INFO","message":"INFO i.a.w.i.DefaultAirbyteStreamFactory(internalLog):159 INFO i.d.r.RelationalSnapshotChangeEventSource(doCreateDataEventsForTable):513 Exporting data from table 'test.test_1_bool' (9 of 213 tables)"}}
{"type":"LOG","log":{"level":"INFO","message":"INFO i.a.w.i.DefaultAirbyteStreamFactory(internalLog):159 INFO i.d.r.RelationalSnapshotChangeEventSource(doCreateDataEventsForTable):559 \t Finished exporting 0 records for table 'test.test_1_bool' (9 of 213 tables); total duration '00:00:00.02'"}}
{"type":"LOG","log":{"level":"INFO","message":"INFO i.a.w.i.DefaultAirbyteStreamFactory(internalLog):159 INFO i.d.r.RelationalSnapshotChangeEventSource(doCreateDataEventsForTable):513 Exporting data from table 'test.test_1_bool_array' (10 of 213 tables)"}}
{"type":"LOG","log":{"level":"INFO","message":"INFO i.a.w.i.DefaultAirbyteStreamFactory(internalLog):159 INFO i.d.r.RelationalSnapshotChangeEventSource(doCreateDataEventsForTable):559 \t Finished exporting 0 records for table 'test.test_1_bool_array' (10 of 213 tables); total duration '00:00:00.028'"}}
{"type":"LOG","log":{"level":"INFO","message":"INFO i.a.w.i.DefaultAirbyteStreamFactory(internalLog):159 INFO i.d.r.RelationalSnapshotChangeEventSource(doCreateDataEventsForTable):513 Exporting data from table 'test.test_1_boolean' (11 of 213 tables)"}}
{"type":"LOG","log":{"level":"INFO","message":"INFO i.a.w.i.DefaultAirbyteStreamFactory(internalLog):159 INFO i.d.r.RelationalSnapshotChangeEventSource(doCreateDataEventsForTable):559 \t Finished exporting 0 records for table 'test.test_1_boolean' (11 of 213 tables); total duration '00:00:00.021'"}}
{"type":"LOG","log":{"level":"INFO","message":"INFO i.a.w.i.DefaultAirbyteStreamFactory(internalLog):159 INFO i.d.r.RelationalSnapshotChangeEventSource(doCreateDataEventsForTable):513 Exporting data from table 'test.test_1_box' (12 of 213 tables)"}}
{"type":"LOG","log":{"level":"INFO","message":"INFO i.a.w.i.DefaultAirbyteStreamFactory(internalLog):159 INFO i.d.r.RelationalSnapshotChangeEventSource(doCreateDataEventsForTable):559 \t Finished exporting 0 records for table 'test.test_1_box' (12 of 213 tables); total duration '00:00:00.022'"}}
{"type":"LOG","log":{"level":"INFO","message":"INFO i.a.w.i.DefaultAirbyteStreamFactory(internalLog):159 INFO i.d.r.RelationalSnapshotChangeEventSource(doCreateDataEventsForTable):513 Exporting data from table 'test.test_1_bytea' (13 of 213 tables)"}}
{"type":"LOG","log":{"level":"INFO","message":"INFO i.a.w.i.DefaultAirbyteStreamFactory(internalLog):159 INFO i.d.r.RelationalSnapshotChangeEventSource(doCreateDataEventsForTable):559 \t Finished exporting 0 records for table 'test.test_1_bytea' (13 of 213 tables); total duration '00:00:00.019'"}}
{"type":"LOG","log":{"level":"INFO","message":"INFO i.a.w.i.DefaultAirbyteStreamFactory(internalLog):159 INFO i.d.r.RelationalSnapshotChangeEventSource(doCreateDataEventsForTable):513 Exporting data from table 'test.test_1_bytea_array' (14 of 213 tables)"}}
{"type":"LOG","log":{"level":"INFO","message":"INFO i.a.w.i.DefaultAirbyteStreamFactory(internalLog):159 INFO i.d.r.RelationalSnapshotChangeEventSource(doCreateDataEventsForTable):559 \t Finished exporting 0 records for table 'test.test_1_bytea_array' (14 of 213 tables); total duration '00:00:00.023'"}}
{"type":"LOG","log":{"level":"INFO","message":"INFO i.a.w.i.DefaultAirbyteStreamFactory(internalLog):159 INFO i.d.r.RelationalSnapshotChangeEventSource(doCreateDataEventsForTable):513 Exporting data from table 'test.test_1_char' (15 of 213 tables)"}}
{"type":"LOG","log":{"level":"INFO","message":"INFO i.a.w.i.DefaultAirbyteStreamFactory(internalLog):159 INFO i.d.r.RelationalSnapshotChangeEventSource(doCreateDataEventsForTable):559 \t Finished exporting 0 records for table 'test.test_1_char' (15 of 213 tables); total duration '00:00:00.021'"}}
{"type":"LOG","log":{"level":"INFO","message":"INFO i.a.w.i.DefaultAirbyteStreamFactory(internalLog):159 INFO i.d.r.RelationalSnapshotChangeEventSource(doCreateDataEventsForTable):513 Exporting data from table 'test.test_1_char_array' (16 of 213 tables)"}}
{"type":"LOG","log":{"level":"INFO","message":"INFO i.a.w.i.DefaultAirbyteStreamFactory(internalLog):159 INFO i.d.r.RelationalSnapshotChangeEventSource(doCreateDataEventsForTable):559 \t Finished exporting 0 records for table 'test.test_1_char_array' (16 of 213 tables); total duration '00:00:00.021'"}}
{"type":"LOG","log":{"level":"INFO","message":"INFO i.a.w.i.DefaultAirbyteStreamFactory(internalLog):159 INFO i.d.r.RelationalSnapshotChangeEventSource(doCreateDataEventsForTable):513 Exporting data from table 'test.test_1_character' (17 of 213 tables)"}}
{"type":"LOG","log":{"level":"INFO","message":"INFO i.a.w.i.DefaultAirbyteStreamFactory(internalLog):159 INFO i.d.r.RelationalSnapshotChangeEventSource(doCreateDataEventsForTable):559 \t Finished exporting 0 records for table 'test.test_1_character' (17 of 213 tables); total duration '00:00:00.022'"}}
{"type":"LOG","log":{"level":"INFO","message":"INFO i.a.w.i.DefaultAirbyteStreamFactory(internalLog):159 INFO i.d.r.RelationalSnapshotChangeEventSource(doCreateDataEventsForTable):513 Exporting data from table 'test.test_2_char' (18 of 213 tables)"}}
{"type":"LOG","log":{"level":"INFO","message":"INFO i.a.w.i.DefaultAirbyteStreamFactory(internalLog):159 INFO i.d.r.RelationalSnapshotChangeEventSource(doCreateDataEventsForTable):559 \t Finished exporting 0 records for table 'test.test_2_char' (18 of 213 tables); total duration '00:00:00.02'"}}
{"type":"LOG","log":{"level":"INFO","message":"INFO i.a.w.i.DefaultAirbyteStreamFactory(internalLog):159 INFO i.d.r.RelationalSnapshotChangeEventSource(doCreateDataEventsForTable):513 Exporting data from table 'test.test_2_char_array' (19 of 213 tables)"}}
{"type":"LOG","log":{"level":"INFO","message":"INFO i.a.w.i.DefaultAirbyteStreamFactory(internalLog):159 INFO i.d.r.RelationalSnapshotChangeEventSource(doCreateDataEventsForTable):559 \t Finished exporting 0 records for table 'test.test_2_char_array' (19 of 213 tables); total duration '00:00:00.02'"}}
{"type":"LOG","log":{"level":"INFO","message":"INFO i.a.w.i.DefaultAirbyteStreamFactory(internalLog):159 INFO i.d.r.RelationalSnapshotChangeEventSource(doCreateDataEventsForTable):513 Exporting data from table 'test.test_2_character' (20 of 213 tables)"}}
{"type":"LOG","log":{"level":"INFO","message":"INFO i.a.w.i.DefaultAirbyteStreamFactory(internalLog):159 INFO i.d.r.RelationalSnapshotChangeEventSource(doCreateDataEventsForTable):559 \t Finished exporting 0 records for table 'test.test_2_character' (20 of 213 tables); total duration '00:00:00.019'"}}
{"type":"LOG","log":{"level":"INFO","message":"INFO i.a.w.i.DefaultAirbyteStreamFactory(internalLog):159 INFO i.d.r.RelationalSnapshotChangeEventSource(doCreateDataEventsForTable):513 Exporting data from table 'test.test_1_text' (21 of 213 tables)"}}
{"type":"LOG","log":{"level":"INFO","message":"INFO i.a.w.i.DefaultAirbyteStreamFactory(internalLog):159 INFO i.d.r.RelationalSnapshotChangeEventSource(doCreateDataEventsForTable):559 \t Finished exporting 0 records for table 'test.test_1_text' (21 of 213 tables); total duration '00:00:00.023'"}}
{"type":"LOG","log":{"level":"INFO","message":"INFO i.a.w.i.DefaultAirbyteStreamFactory(internalLog):159 INFO i.d.r.RelationalSnapshotChangeEventSource(doCreateDataEventsForTable):513 Exporting data from table 'test.test_1_text_array' (22 of 213 tables)"}}
{"type":"LOG","log":{"level":"INFO","message":"INFO i.a.w.i.DefaultAirbyteStreamFactory(internalLog):159 INFO i.d.r.RelationalSnapshotChangeEventSource(doCreateDataEventsForTable):559 \t Finished exporting 0 records for table 'test.test_1_text_array' (22 of 213 tables); total duration '00:00:00.023'"}}
{"type":"LOG","log":{"level":"INFO","message":"INFO i.a.w.i.DefaultAirbyteStreamFactory(internalLog):159 INFO i.d.r.RelationalSnapshotChangeEventSource(doCreateDataEventsForTable):513 Exporting data from table 'test.test_1_varchar' (23 of 213 tables)"}}
{"type":"LOG","log":{"level":"INFO","message":"INFO i.a.w.i.DefaultAirbyteStreamFactory(internalLog):159 INFO i.d.r.RelationalSnapshotChangeEventSource(doCreateDataEventsForTable):559 \t Finished exporting 0 records for table 'test.test_1_varchar' (23 of 213 tables); total duration '00:00:00.019'"}}
{"type":"LOG","log":{"level":"INFO","message":"INFO i.a.w.i.DefaultAirbyteStreamFactory(internalLog):159 INFO i.d.r.RelationalSnapshotChangeEventSource(doCreateDataEventsForTable):513 Exporting data from table 'test.test_1_varchar_array' (24 of 213 tables)"}}
{"type":"LOG","log":{"level":"INFO","message":"INFO i.a.w.i.DefaultAirbyteStreamFactory(internalLog):159 INFO i.d.r.RelationalSnapshotChangeEventSource(doCreateDataEventsForTable):559 \t Finished exporting 0 records for table 'test.test_1_varchar_array' (24 of 213 tables); total duration '00:00:00.021'"}}
{"type":"LOG","log":{"level":"INFO","message":"INFO i.a.w.i.DefaultAirbyteStreamFactory(internalLog):159 INFO i.d.r.RelationalSnapshotChangeEventSource(doCreateDataEventsForTable):513 Exporting data from table 'test.test_2_varchar' (25 of 213 tables)"}}
{"type":"LOG","log":{"level":"INFO","message":"INFO i.a.w.i.DefaultAirbyteStreamFactory(internalLog):159 INFO i.d.r.RelationalSnapshotChangeEventSource(doCreateDataEventsForTable):559 \t Finished exporting 0 records for table 'test.test_2_varchar' (25 of 213 tables); total duration '00:00:00.019'"}}
{"type":"LOG","log":{"level":"INFO","message":"INFO i.a.w.i.DefaultAirbyteStreamFactory(internalLog):159 INFO i.d.r.RelationalSnapshotChangeEventSource(doCreateDataEventsForTable):513 Exporting data from table 'test.test_2_varchar_array' (26 of 213 tables)"}}
{"type":"LOG","log":{"level":"INFO","message":"INFO i.a.w.i.DefaultAirbyteStreamFactory(internalLog):159 INFO i.d.r.RelationalSnapshotChangeEventSource(doCreateDataEventsForTable):559 \t Finished exporting 0 records for table 'test.test_2_varchar_array' (26 of 213 tables); total duration '00:00:00.025'"}}
{"type":"LOG","log":{"level":"INFO","message":"INFO i.a.w.i.DefaultAirbyteStreamFactory(internalLog):159 INFO i.d.r.RelationalSnapshotChangeEventSource(doCreateDataEventsForTable):513 Exporting data from table 'test.test_1_cidr' (27 of 213 tables)"}}
{"type":"LOG","log":{"level":"INFO","message":"INFO i.a.w.i.DefaultAirbyteStreamFactory(internalLog):159 INFO i.d.r.RelationalSnapshotChangeEventSource(doCreateDataEventsForTable):559 \t Finished exporting 0 records for table 'test.test_1_cidr' (27 of 213 tables); total duration '00:00:00.02'"}}
{"type":"LOG","log":{"level":"INFO","message":"INFO i.a.w.i.DefaultAirbyteStreamFactory(internalLog):159 INFO i.d.r.RelationalSnapshotChangeEventSource(doCreateDataEventsForTable):513 Exporting data from table 'test.test_1_circle' (28 of 213 tables)"}}
{"type":"LOG","log":{"level":"INFO","message":"INFO i.a.w.i.DefaultAirbyteStreamFactory(internalLog):159 INFO i.d.r.RelationalSnapshotChangeEventSource(doCreateDataEventsForTable):559 \t Finished exporting 0 records for table 'test.test_1_circle' (28 of 213 tables); total duration '00:00:00.024'"}}
{"type":"LOG","log":{"level":"INFO","message":"INFO i.a.w.i.DefaultAirbyteStreamFactory(internalLog):159 INFO i.d.r.RelationalSnapshotChangeEventSource(doCreateDataEventsForTable):513 Exporting data from table 'test.test_1_date' (29 of 213 tables)"}}
{"type":"LOG","log":{"level":"INFO","message":"INFO i.a.w.i.DefaultAirbyteStreamFactory(internalLog):159 INFO i.d.r.RelationalSnapshotChangeEventSource(doCreateDataEventsForTable):559 \t Finished exporting 0 records for table 'test.test_1_date' (29 of 213 tables); total duration '00:00:00.022'"}}
{"type":"LOG","log":{"level":"INFO","message":"INFO i.a.w.i.DefaultAirbyteStreamFactory(internalLog):159 INFO i.d.r.RelationalSnapshotChangeEventSource(doCreateDataEventsForTable):513 Exporting data from table 'test.test_1_date_array' (30 of 213 tables)"}}
{"type":"LOG","log":{"level":"INFO","message":"INFO i.a.w.i.DefaultAirbyteStreamFactory(internalLog):159 INFO i.d.r.RelationalSnapshotChangeEventSource(doCreateDataEventsForTable):559 \t Finished exporting 0 records for table 'test.test_1_date_array' (30 of 213 tables); total duration '00:00:00.021'"}}
{"type":"LOG","log":{"level":"INFO","message":"INFO i.a.w.i.DefaultAirbyteStreamFactory(internalLog):159 INFO i.d.r.RelationalSnapshotChangeEventSource(doCreateDataEventsForTable):513 Exporting data from table 'test.test_2_date' (31 of 213 tables)"}}
{"type":"LOG","log":{"level":"INFO","message":"INFO i.a.w.i.DefaultAirbyteStreamFactory(internalLog):159 INFO i.d.r.RelationalSnapshotChangeEventSource(doCreateDataEventsForTable):559 \t Finished exporting 0 records for table 'test.test_2_date' (31 of 213 tables); total duration '00:00:00.02'"}}
{"type":"LOG","log":{"level":"INFO","message":"INFO i.a.w.i.DefaultAirbyteStreamFactory(internalLog):159 INFO i.d.r.RelationalSnapshotChangeEventSource(doCreateDataEventsForTable):513 Exporting data from table 'test.test_2_date_array' (32 of 213 tables)"}}
{"type":"LOG","log":{"level":"INFO","message":"INFO i.a.w.i.DefaultAirbyteStreamFactory(internalLog):159 INFO i.d.r.RelationalSnapshotChangeEventSource(doCreateDataEventsForTable):559 \t Finished exporting 0 records for table 'test.test_2_date_array' (32 of 213 tables); total duration '00:00:00.024'"}}
{"type":"LOG","log":{"level":"INFO","message":"INFO i.a.w.i.DefaultAirbyteStreamFactory(internalLog):159 INFO i.d.r.RelationalSnapshotChangeEventSource(doCreateDataEventsForTable):513 Exporting data from table 'test.test_3_date' (33 of 213 tables)"}}
{"type":"LOG","log":{"level":"INFO","message":"INFO i.a.w.i.DefaultAirbyteStreamFactory(internalLog):159 INFO i.d.r.RelationalSnapshotChangeEventSource(doCreateDataEventsForTable):559 \t Finished exporting 0 records for table 'test.test_3_date' (33 of 213 tables); total duration '00:00:00.024'"}}
{"type":"LOG","log":{"level":"INFO","message":"INFO i.a.w.i.DefaultAirbyteStreamFactory(internalLog):159 INFO i.d.r.RelationalSnapshotChangeEventSource(doCreateDataEventsForTable):513 Exporting data from table 'test.test_1_float' (34 of 213 tables)"}}
{"type":"LOG","log":{"level":"INFO","message":"INFO i.a.w.i.DefaultAirbyteStreamFactory(internalLog):159 INFO i.d.r.RelationalSnapshotChangeEventSource(doCreateDataEventsForTable):559 \t Finished exporting 0 records for table 'test.test_1_float' (34 of 213 tables); total duration '00:00:00.017'"}}
{"type":"LOG","log":{"level":"INFO","message":"INFO i.a.w.i.DefaultAirbyteStreamFactory(internalLog):159 INFO i.d.r.RelationalSnapshotChangeEventSource(doCreateDataEventsForTable):513 Exporting data from table 'test.test_1_float4' (35 of 213 tables)"}}
{"type":"LOG","log":{"level":"INFO","message":"INFO i.a.w.i.DefaultAirbyteStreamFactory(internalLog):159 INFO i.d.r.RelationalSnapshotChangeEventSource(doCreateDataEventsForTable):559 \t Finished exporting 0 records for table 'test.test_1_float4' (35 of 213 tables); total duration '00:00:00.022'"}}
{"type":"LOG","log":{"level":"INFO","message":"INFO i.a.w.i.DefaultAirbyteStreamFactory(internalLog):159 INFO i.d.r.RelationalSnapshotChangeEventSource(doCreateDataEventsForTable):513 Exporting data from table 'test.test_1_float4_array' (36 of 213 tables)"}}
{"type":"LOG","log":{"level":"INFO","message":"INFO i.a.w.i.DefaultAirbyteStreamFactory(internalLog):159 INFO i.d.r.RelationalSnapshotChangeEventSource(doCreateDataEventsForTable):559 \t Finished exporting 0 records for table 'test.test_1_float4_array' (36 of 213 tables); total duration '00:00:00.021'"}}
{"type":"LOG","log":{"level":"INFO","message":"INFO i.a.w.i.DefaultAirbyteStreamFactory(internalLog):159 INFO i.d.r.RelationalSnapshotChangeEventSource(doCreateDataEventsForTable):513 Exporting data from table 'test.test_1_float8' (37 of 213 tables)"}}
{"type":"LOG","log":{"level":"INFO","message":"INFO i.a.w.i.DefaultAirbyteStreamFactory(internalLog):159 INFO i.d.r.RelationalSnapshotChangeEventSource(doCreateDataEventsForTable):559 \t Finished exporting 0 records for table 'test.test_1_float8' (37 of 213 tables); total duration '00:00:00.022'"}}
{"type":"LOG","log":{"level":"INFO","message":"INFO i.a.w.i.DefaultAirbyteStreamFactory(internalLog):159 INFO i.d.r.RelationalSnapshotChangeEventSource(doCreateDataEventsForTable):513 Exporting data from table 'test.test_1_float8_array' (38 of 213 tables)"}}
{"type":"LOG","log":{"level":"INFO","message":"INFO i.a.w.i.DefaultAirbyteStreamFactory(internalLog):159 INFO i.d.r.RelationalSnapshotChangeEventSource(doCreateDataEventsForTable):559 \t Finished exporting 0 records for table 'test.test_1_float8_array' (38 of 213 tables); total duration '00:00:00.02'"}}
{"type":"LOG","log":{"level":"INFO","message":"INFO i.a.w.i.DefaultAirbyteStreamFactory(internalLog):159 INFO i.d.r.RelationalSnapshotChangeEventSource(doCreateDataEventsForTable):513 Exporting data from table 'test.test_1_double_precision' (39 of 213 tables)"}}
{"type":"LOG","log":{"level":"INFO","message":"INFO i.a.w.i.DefaultAirbyteStreamFactory(internalLog):159 INFO i.d.r.RelationalSnapshotChangeEventSource(doCreateDataEventsForTable):559 \t Finished exporting 0 records for table 'test.test_1_double_precision' (39 of 213 tables); total duration '00:00:00.022'"}}
{"type":"LOG","log":{"level":"INFO","message":"INFO i.a.w.i.DefaultAirbyteStreamFactory(internalLog):159 INFO i.d.r.RelationalSnapshotChangeEventSource(doCreateDataEventsForTable):513 Exporting data from table 'test.test_1_inet' (40 of 213 tables)"}}
{"type":"LOG","log":{"level":"INFO","message":"INFO i.a.w.i.DefaultAirbyteStreamFactory(internalLog):159 INFO i.d.r.RelationalSnapshotChangeEventSource(doCreateDataEventsForTable):559 \t Finished exporting 0 records for table 'test.test_1_inet' (40 of 213 tables); total duration '00:00:00.022'"}}
{"type":"LOG","log":{"level":"INFO","message":"INFO i.a.w.i.DefaultAirbyteStreamFactory(internalLog):159 INFO i.d.r.RelationalSnapshotChangeEventSource(doCreateDataEventsForTable):513 Exporting data from table 'test.test_1_int4' (41 of 213 tables)"}}
{"type":"LOG","log":{"level":"INFO","message":"INFO i.a.w.i.DefaultAirbyteStreamFactory(internalLog):159 INFO i.d.r.RelationalSnapshotChangeEventSource(doCreateDataEventsForTable):559 \t Finished exporting 0 records for table 'test.test_1_int4' (41 of 213 tables); total duration '00:00:00.022'"}}
{"type":"LOG","log":{"level":"INFO","message":"INFO i.a.w.i.DefaultAirbyteStreamFactory(internalLog):159 INFO i.d.r.RelationalSnapshotChangeEventSource(doCreateDataEventsForTable):513 Exporting data from table 'test.test_1_int4_array' (42 of 213 tables)"}}
{"type":"LOG","log":{"level":"INFO","message":"INFO i.a.w.i.DefaultAirbyteStreamFactory(internalLog):159 INFO i.d.r.RelationalSnapshotChangeEventSource(doCreateDataEventsForTable):559 \t Finished exporting 0 records for table 'test.test_1_int4_array' (42 of 213 tables); total duration '00:00:00.021'"}}
{"type":"LOG","log":{"level":"INFO","message":"INFO i.a.w.i.DefaultAirbyteStreamFactory(internalLog):159 INFO i.d.r.RelationalSnapshotChangeEventSource(doCreateDataEventsForTable):513 Exporting data from table 'test.test_1_int' (43 of 213 tables)"}}
{"type":"LOG","log":{"level":"INFO","message":"INFO i.a.w.i.DefaultAirbyteStreamFactory(internalLog):159 INFO i.d.r.RelationalSnapshotChangeEventSource(doCreateDataEventsForTable):559 \t Finished exporting 0 records for table 'test.test_1_int' (43 of 213 tables); total duration '00:00:00.02'"}}
{"type":"LOG","log":{"level":"INFO","message":"INFO i.a.w.i.DefaultAirbyteStreamFactory(internalLog):159 INFO i.d.r.RelationalSnapshotChangeEventSource(doCreateDataEventsForTable):513 Exporting data from table 'test.test_1_int2' (44 of 213 tables)"}}
{"type":"LOG","log":{"level":"INFO","message":"INFO i.a.w.i.DefaultAirbyteStreamFactory(internalLog):159 INFO i.d.r.RelationalSnapshotChangeEventSource(doCreateDataEventsForTable):559 \t Finished exporting 0 records for table 'test.test_1_int2' (44 of 213 tables); total duration '00:00:00.007'"}}
{"type":"LOG","log":{"level":"INFO","message":"INFO i.a.w.i.DefaultAirbyteStreamFactory(internalLog):159 INFO i.d.r.RelationalSnapshotChangeEventSource(doCreateDataEventsForTable):513 Exporting data from table 'test.test_1_int2_array' (45 of 213 tables)"}}
{"type":"LOG","log":{"level":"INFO","message":"INFO i.a.w.i.DefaultAirbyteStreamFactory(internalLog):159 INFO i.d.r.RelationalSnapshotChangeEventSource(doCreateDataEventsForTable):559 \t Finished exporting 0 records for table 'test.test_1_int2_array' (45 of 213 tables); total duration '00:00:00.044'"}}
{"type":"LOG","log":{"level":"INFO","message":"INFO i.a.w.i.DefaultAirbyteStreamFactory(internalLog):159 INFO i.d.r.RelationalSnapshotChangeEventSource(doCreateDataEventsForTable):513 Exporting data from table 'test.test_1_int8_array' (46 of 213 tables)"}}
{"type":"LOG","log":{"level":"INFO","message":"INFO i.a.w.i.DefaultAirbyteStreamFactory(internalLog):159 INFO i.d.r.RelationalSnapshotChangeEventSource(doCreateDataEventsForTable):559 \t Finished exporting 0 records for table 'test.test_1_int8_array' (46 of 213 tables); total duration '00:00:00.025'"}}
{"type":"LOG","log":{"level":"INFO","message":"INFO i.a.w.i.DefaultAirbyteStreamFactory(internalLog):159 INFO i.d.r.RelationalSnapshotChangeEventSource(doCreateDataEventsForTable):513 Exporting data from table 'test.test_1_integer' (47 of 213 tables)"}}
{"type":"LOG","log":{"level":"INFO","message":"INFO i.a.w.i.DefaultAirbyteStreamFactory(internalLog):159 INFO i.d.r.RelationalSnapshotChangeEventSource(doCreateDataEventsForTable):559 \t Finished exporting 0 records for table 'test.test_1_integer' (47 of 213 tables); total duration '00:00:00.021'"}}
{"type":"LOG","log":{"level":"INFO","message":"INFO i.a.w.i.DefaultAirbyteStreamFactory(internalLog):159 INFO i.d.r.RelationalSnapshotChangeEventSource(doCreateDataEventsForTable):513 Exporting data from table 'test.test_1_interval' (48 of 213 tables)"}}
{"type":"LOG","log":{"level":"INFO","message":"INFO i.a.w.i.DefaultAirbyteStreamFactory(internalLog):159 INFO i.d.r.RelationalSnapshotChangeEventSource(doCreateDataEventsForTable):559 \t Finished exporting 0 records for table 'test.test_1_interval' (48 of 213 tables); total duration '00:00:00.023'"}}
{"type":"LOG","log":{"level":"INFO","message":"INFO i.a.w.i.DefaultAirbyteStreamFactory(internalLog):159 INFO i.d.r.RelationalSnapshotChangeEventSource(doCreateDataEventsForTable):513 Exporting data from table 'test.test_1_json' (49 of 213 tables)"}}
{"type":"LOG","log":{"level":"INFO","message":"INFO i.a.w.i.DefaultAirbyteStreamFactory(internalLog):159 INFO i.d.r.RelationalSnapshotChangeEventSource(doCreateDataEventsForTable):559 \t Finished exporting 0 records for table 'test.test_1_json' (49 of 213 tables); total duration '00:00:00.019'"}}
{"type":"LOG","log":{"level":"INFO","message":"INFO i.a.w.i.DefaultAirbyteStreamFactory(internalLog):159 INFO i.d.r.RelationalSnapshotChangeEventSource(doCreateDataEventsForTable):513 Exporting data from table 'test.test_1_jsonb' (50 of 213 tables)"}}
{"type":"LOG","log":{"level":"INFO","message":"INFO i.a.w.i.DefaultAirbyteStreamFactory(internalLog):159 INFO i.d.r.RelationalSnapshotChangeEventSource(doCreateDataEventsForTable):559 \t Finished exporting 0 records for table 'test.test_1_jsonb' (50 of 213 tables); total duration '00:00:00.024'"}}
{"type":"LOG","log":{"level":"INFO","message":"INFO i.a.w.i.DefaultAirbyteStreamFactory(internalLog):159 INFO i.d.r.RelationalSnapshotChangeEventSource(doCreateDataEventsForTable):513 Exporting data from table 'test.test_1_line' (51 of 213 tables)"}}
{"type":"LOG","log":{"level":"INFO","message":"INFO i.a.w.i.DefaultAirbyteStreamFactory(internalLog):159 INFO i.d.r.RelationalSnapshotChangeEventSource(doCreateDataEventsForTable):559 \t Finished exporting 0 records for table 'test.test_1_line' (51 of 213 tables); total duration '00:00:00.019'"}}
{"type":"LOG","log":{"level":"INFO","message":"INFO i.a.w.i.DefaultAirbyteStreamFactory(internalLog):159 INFO i.d.r.RelationalSnapshotChangeEventSource(doCreateDataEventsForTable):513 Exporting data from table 'test.test_1_lseg' (52 of 213 tables)"}}
{"type":"LOG","log":{"level":"INFO","message":"INFO i.a.w.i.DefaultAirbyteStreamFactory(internalLog):159 INFO i.d.r.RelationalSnapshotChangeEventSource(doCreateDataEventsForTable):559 \t Finished exporting 0 records for table 'test.test_1_lseg' (52 of 213 tables); total duration '00:00:00.024'"}}
{"type":"LOG","log":{"level":"INFO","message":"INFO i.a.w.i.DefaultAirbyteStreamFactory(internalLog):159 INFO i.d.r.RelationalSnapshotChangeEventSource(doCreateDataEventsForTable):513 Exporting data from table 'test.test_1_macaddr' (53 of 213 tables)"}}
{"type":"LOG","log":{"level":"INFO","message":"INFO i.a.w.i.DefaultAirbyteStreamFactory(internalLog):159 INFO i.d.r.RelationalSnapshotChangeEventSource(doCreateDataEventsForTable):559 \t Finished exporting 0 records for table 'test.test_1_macaddr' (53 of 213 tables); total duration '00:00:00.022'"}}
{"type":"LOG","log":{"level":"INFO","message":"INFO i.a.w.i.DefaultAirbyteStreamFactory(internalLog):159 INFO i.d.r.RelationalSnapshotChangeEventSource(doCreateDataEventsForTable):513 Exporting data from table 'test.test_1_macaddr8' (54 of 213 tables)"}}
{"type":"LOG","log":{"level":"INFO","message":"INFO i.a.w.i.DefaultAirbyteStreamFactory(internalLog):159 INFO i.d.r.RelationalSnapshotChangeEventSource(doCreateDataEventsForTable):559 \t Finished exporting 0 records for table 'test.test_1_macaddr8' (54 of 213 tables); total duration '00:00:00.02'"}}
{"type":"LOG","log":{"level":"INFO","message":"INFO i.a.w.i.DefaultAirbyteStreamFactory(internalLog):159 INFO i.d.r.RelationalSnapshotChangeEventSource(doCreateDataEventsForTable):513 Exporting data from table 'test.test_1_numeric' (55 of 213 tables)"}}
{"type":"LOG","log":{"level":"INFO","message":"INFO i.a.w.i.DefaultAirbyteStreamFactory(internalLog):159 INFO i.d.r.RelationalSnapshotChangeEventSource(doCreateDataEventsForTable):559 \t Finished exporting 0 records for table 'test.test_1_numeric' (55 of 213 tables); total duration '00:00:00.022'"}}
{"type":"LOG","log":{"level":"INFO","message":"INFO i.a.w.i.DefaultAirbyteStreamFactory(internalLog):159 INFO i.d.r.RelationalSnapshotChangeEventSource(doCreateDataEventsForTable):513 Exporting data from table 'test.test_1_numeric_array' (56 of 213 tables)"}}
{"type":"LOG","log":{"level":"INFO","message":"INFO i.a.w.i.DefaultAirbyteStreamFactory(internalLog):159 INFO i.d.r.RelationalSnapshotChangeEventSource(doCreateDataEventsForTable):559 \t Finished exporting 0 records for table 'test.test_1_numeric_array' (56 of 213 tables); total duration '00:00:00.018'"}}
{"type":"LOG","log":{"level":"INFO","message":"INFO i.a.w.i.DefaultAirbyteStreamFactory(internalLog):159 INFO i.d.r.RelationalSnapshotChangeEventSource(doCreateDataEventsForTable):513 Exporting data from table 'test.test_2_numeric' (57 of 213 tables)"}}
{"type":"LOG","log":{"level":"INFO","message":"INFO i.a.w.i.DefaultAirbyteStreamFactory(internalLog):159 INFO i.d.r.RelationalSnapshotChangeEventSource(doCreateDataEventsForTable):559 \t Finished exporting 0 records for table 'test.test_2_numeric' (57 of 213 tables); total duration '00:00:00.025'"}}
{"type":"LOG","log":{"level":"INFO","message":"INFO i.a.w.i.DefaultAirbyteStreamFactory(internalLog):159 INFO i.d.r.RelationalSnapshotChangeEventSource(doCreateDataEventsForTable):513 Exporting data from table 'test.test_2_numeric_array' (58 of 213 tables)"}}
{"type":"LOG","log":{"level":"INFO","message":"INFO i.a.w.i.DefaultAirbyteStreamFactory(internalLog):159 INFO i.d.r.RelationalSnapshotChangeEventSource(doCreateDataEventsForTable):559 \t Finished exporting 0 records for table 'test.test_2_numeric_array' (58 of 213 tables); total duration '00:00:00.019'"}}
{"type":"LOG","log":{"level":"INFO","message":"INFO i.a.w.i.DefaultAirbyteStreamFactory(internalLog):159 INFO i.d.r.RelationalSnapshotChangeEventSource(doCreateDataEventsForTable):513 Exporting data from table 'test.test_3_numeric' (59 of 213 tables)"}}
{"type":"LOG","log":{"level":"INFO","message":"INFO i.a.w.i.DefaultAirbyteStreamFactory(internalLog):159 INFO i.d.r.RelationalSnapshotChangeEventSource(doCreateDataEventsForTable):559 \t Finished exporting 0 records for table 'test.test_3_numeric' (59 of 213 tables); total duration '00:00:00.023'"}}
{"type":"LOG","log":{"level":"INFO","message":"INFO i.a.w.i.DefaultAirbyteStreamFactory(internalLog):159 INFO i.d.r.RelationalSnapshotChangeEventSource(doCreateDataEventsForTable):513 Exporting data from table 'test.test_3_numeric_array' (60 of 213 tables)"}}
{"type":"LOG","log":{"level":"INFO","message":"INFO i.a.w.i.DefaultAirbyteStreamFactory(internalLog):159 INFO i.d.r.RelationalSnapshotChangeEventSource(doCreateDataEventsForTable):559 \t Finished exporting 0 records for table 'test.test_3_numeric_array' (60 of 213 tables); total duration '00:00:00.023'"}}
{"type":"LOG","log":{"level":"INFO","message":"INFO i.a.w.i.DefaultAirbyteStreamFactory(internalLog):159 INFO i.d.r.RelationalSnapshotChangeEventSource(doCreateDataEventsForTable):513 Exporting data from table 'test.test_4_numeric' (61 of 213 tables)"}}
{"type":"LOG","log":{"level":"INFO","message":"INFO i.a.w.i.DefaultAirbyteStreamFactory(internalLog):159 INFO i.d.r.RelationalSnapshotChangeEventSource(doCreateDataEventsForTable):559 \t Finished exporting 0 records for table 'test.test_4_numeric' (61 of 213 tables); total duration '00:00:00.022'"}}
{"type":"LOG","log":{"level":"INFO","message":"INFO i.a.w.i.DefaultAirbyteStreamFactory(internalLog):159 INFO i.d.r.RelationalSnapshotChangeEventSource(doCreateDataEventsForTable):513 Exporting data from table 'test.test_4_numeric_array' (62 of 213 tables)"}}
{"type":"LOG","log":{"level":"INFO","message":"INFO i.a.w.i.DefaultAirbyteStreamFactory(internalLog):159 INFO i.d.r.RelationalSnapshotChangeEventSource(doCreateDataEventsForTable):559 \t Finished exporting 0 records for table 'test.test_4_numeric_array' (62 of 213 tables); total duration '00:00:00.022'"}}
{"type":"LOG","log":{"level":"INFO","message":"INFO i.a.w.i.DefaultAirbyteStreamFactory(internalLog):159 INFO i.d.r.RelationalSnapshotChangeEventSource(doCreateDataEventsForTable):513 Exporting data from table 'test.test_1_decimal' (63 of 213 tables)"}}
{"type":"LOG","log":{"level":"INFO","message":"INFO i.a.w.i.DefaultAirbyteStreamFactory(internalLog):159 INFO i.d.r.RelationalSnapshotChangeEventSource(doCreateDataEventsForTable):559 \t Finished exporting 0 records for table 'test.test_1_decimal' (63 of 213 tables); total duration '00:00:00.022'"}}
{"type":"LOG","log":{"level":"INFO","message":"INFO i.a.w.i.DefaultAirbyteStreamFactory(internalLog):159 INFO i.d.r.RelationalSnapshotChangeEventSource(doCreateDataEventsForTable):513 Exporting data from table 'test.test_1_decimal_array' (64 of 213 tables)"}}
{"type":"LOG","log":{"level":"INFO","message":"INFO i.a.w.i.DefaultAirbyteStreamFactory(internalLog):159 INFO i.d.r.RelationalSnapshotChangeEventSource(doCreateDataEventsForTable):559 \t Finished exporting 0 records for table 'test.test_1_decimal_array' (64 of 213 tables); total duration '00:00:00.019'"}}
{"type":"LOG","log":{"level":"INFO","message":"INFO i.a.w.i.DefaultAirbyteStreamFactory(internalLog):159 INFO i.d.r.RelationalSnapshotChangeEventSource(doCreateDataEventsForTable):513 Exporting data from table 'test.test_5_numeric' (65 of 213 tables)"}}
{"type":"LOG","log":{"level":"INFO","message":"INFO i.a.w.i.DefaultAirbyteStreamFactory(internalLog):159 INFO i.d.r.RelationalSnapshotChangeEventSource(doCreateDataEventsForTable):559 \t Finished exporting 0 records for table 'test.test_5_numeric' (65 of 213 tables); total duration '00:00:00.02'"}}
{"type":"LOG","log":{"level":"INFO","message":"INFO i.a.w.i.DefaultAirbyteStreamFactory(internalLog):159 INFO i.d.r.RelationalSnapshotChangeEventSource(doCreateDataEventsForTable):513 Exporting data from table 'test.test_5_numeric_array' (66 of 213 tables)"}}
{"type":"LOG","log":{"level":"INFO","message":"INFO i.a.w.i.DefaultAirbyteStreamFactory(internalLog):159 INFO i.d.r.RelationalSnapshotChangeEventSource(doCreateDataEventsForTable):559 \t Finished exporting 0 records for table 'test.test_5_numeric_array' (66 of 213 tables); total duration '00:00:00.024'"}}
{"type":"LOG","log":{"level":"INFO","message":"INFO i.a.w.i.DefaultAirbyteStreamFactory(internalLog):159 INFO i.d.r.RelationalSnapshotChangeEventSource(doCreateDataEventsForTable):513 Exporting data from table 'test.test_1_path' (67 of 213 tables)"}}
{"type":"LOG","log":{"level":"INFO","message":"INFO i.a.w.i.DefaultAirbyteStreamFactory(internalLog):159 INFO i.d.r.RelationalSnapshotChangeEventSource(doCreateDataEventsForTable):559 \t Finished exporting 0 records for table 'test.test_1_path' (67 of 213 tables); total duration '00:00:00.022'"}}
{"type":"LOG","log":{"level":"INFO","message":"INFO i.a.w.i.DefaultAirbyteStreamFactory(internalLog):159 INFO i.d.r.RelationalSnapshotChangeEventSource(doCreateDataEventsForTable):513 Exporting data from table 'test.test_1_pg_lsn' (68 of 213 tables)"}}
{"type":"LOG","log":{"level":"INFO","message":"INFO i.a.w.i.DefaultAirbyteStreamFactory(internalLog):159 INFO i.d.r.RelationalSnapshotChangeEventSource(doCreateDataEventsForTable):559 \t Finished exporting 0 records for table 'test.test_1_pg_lsn' (68 of 213 tables); total duration '00:00:00.021'"}}
{"type":"LOG","log":{"level":"INFO","message":"INFO i.a.w.i.DefaultAirbyteStreamFactory(internalLog):159 INFO i.d.r.RelationalSnapshotChangeEventSource(doCreateDataEventsForTable):513 Exporting data from table 'test.test_1_point' (69 of 213 tables)"}}
{"type":"LOG","log":{"level":"INFO","message":"INFO i.a.w.i.DefaultAirbyteStreamFactory(internalLog):159 INFO i.d.r.RelationalSnapshotChangeEventSource(doCreateDataEventsForTable):559 \t Finished exporting 0 records for table 'test.test_1_point' (69 of 213 tables); total duration '00:00:00.018'"}}
{"type":"LOG","log":{"level":"INFO","message":"INFO i.a.w.i.DefaultAirbyteStreamFactory(internalLog):159 INFO i.d.r.RelationalSnapshotChangeEventSource(doCreateDataEventsForTable):513 Exporting data from table 'test.test_1_polygon' (70 of 213 tables)"}}
{"type":"LOG","log":{"level":"INFO","message":"INFO i.a.w.i.DefaultAirbyteStreamFactory(internalLog):159 INFO i.d.r.RelationalSnapshotChangeEventSource(doCreateDataEventsForTable):559 \t Finished exporting 0 records for table 'test.test_1_polygon' (70 of 213 tables); total duration '00:00:00.021'"}}
{"type":"LOG","log":{"level":"INFO","message":"INFO i.a.w.i.DefaultAirbyteStreamFactory(internalLog):159 INFO i.d.r.RelationalSnapshotChangeEventSource(doCreateDataEventsForTable):513 Exporting data from table 'test.test_1_real' (71 of 213 tables)"}}
{"type":"LOG","log":{"level":"INFO","message":"INFO i.a.w.i.DefaultAirbyteStreamFactory(internalLog):159 INFO i.d.r.RelationalSnapshotChangeEventSource(doCreateDataEventsForTable):559 \t Finished exporting 0 records for table 'test.test_1_real' (71 of 213 tables); total duration '00:00:00.022'"}}
{"type":"LOG","log":{"level":"INFO","message":"INFO i.a.w.i.DefaultAirbyteStreamFactory(internalLog):159 INFO i.d.r.RelationalSnapshotChangeEventSource(doCreateDataEventsForTable):513 Exporting data from table 'test.test_1_smallint' (72 of 213 tables)"}}
{"type":"LOG","log":{"level":"INFO","message":"INFO i.a.w.i.DefaultAirbyteStreamFactory(internalLog):159 INFO i.d.r.RelationalSnapshotChangeEventSource(doCreateDataEventsForTable):559 \t Finished exporting 0 records for table 'test.test_1_smallint' (72 of 213 tables); total duration '00:00:00.017'"}}
{"type":"LOG","log":{"level":"INFO","message":"INFO i.a.w.i.DefaultAirbyteStreamFactory(internalLog):159 INFO i.d.r.RelationalSnapshotChangeEventSource(doCreateDataEventsForTable):513 Exporting data from table 'test.test_1_serial2' (73 of 213 tables)"}}
{"type":"LOG","log":{"level":"INFO","message":"INFO i.a.w.i.DefaultAirbyteStreamFactory(internalLog):159 INFO i.d.r.RelationalSnapshotChangeEventSource(doCreateDataEventsForTable):559 \t Finished exporting 0 records for table 'test.test_1_serial2' (73 of 213 tables); total duration '00:00:00.024'"}}
{"type":"LOG","log":{"level":"INFO","message":"INFO i.a.w.i.DefaultAirbyteStreamFactory(internalLog):159 INFO i.d.r.RelationalSnapshotChangeEventSource(doCreateDataEventsForTable):513 Exporting data from table 'test.test_1_smallserial' (74 of 213 tables)"}}
{"type":"LOG","log":{"level":"INFO","message":"INFO i.a.w.i.DefaultAirbyteStreamFactory(internalLog):159 INFO i.d.r.RelationalSnapshotChangeEventSource(doCreateDataEventsForTable):559 \t Finished exporting 0 records for table 'test.test_1_smallserial' (74 of 213 tables); total duration '00:00:00.02'"}}
{"type":"LOG","log":{"level":"INFO","message":"INFO i.a.w.i.DefaultAirbyteStreamFactory(internalLog):159 INFO i.d.r.RelationalSnapshotChangeEventSource(doCreateDataEventsForTable):513 Exporting data from table 'test.test_1_serial4' (75 of 213 tables)"}}
{"type":"LOG","log":{"level":"INFO","message":"INFO i.a.w.i.DefaultAirbyteStreamFactory(internalLog):159 INFO i.d.r.RelationalSnapshotChangeEventSource(doCreateDataEventsForTable):559 \t Finished exporting 0 records for table 'test.test_1_serial4' (75 of 213 tables); total duration '00:00:00.041'"}}
{"type":"LOG","log":{"level":"INFO","message":"INFO i.a.w.i.DefaultAirbyteStreamFactory(internalLog):159 INFO i.d.r.RelationalSnapshotChangeEventSource(doCreateDataEventsForTable):513 Exporting data from table 'test.test_1_serial' (76 of 213 tables)"}}
{"type":"LOG","log":{"level":"INFO","message":"INFO i.a.w.i.DefaultAirbyteStreamFactory(internalLog):159 INFO i.d.r.RelationalSnapshotChangeEventSource(doCreateDataEventsForTable):559 \t Finished exporting 0 records for table 'test.test_1_serial' (76 of 213 tables); total duration '00:00:00.023'"}}
{"type":"LOG","log":{"level":"INFO","message":"INFO i.a.w.i.DefaultAirbyteStreamFactory(internalLog):159 INFO i.d.r.RelationalSnapshotChangeEventSource(doCreateDataEventsForTable):513 Exporting data from table 'test.test_1_time' (77 of 213 tables)"}}
{"type":"LOG","log":{"level":"INFO","message":"INFO i.a.w.i.DefaultAirbyteStreamFactory(internalLog):159 INFO i.d.r.RelationalSnapshotChangeEventSource(doCreateDataEventsForTable):559 \t Finished exporting 0 records for table 'test.test_1_time' (77 of 213 tables); total duration '00:00:00.023'"}}
{"type":"LOG","log":{"level":"INFO","message":"INFO i.a.w.i.DefaultAirbyteStreamFactory(internalLog):159 INFO i.d.r.RelationalSnapshotChangeEventSource(doCreateDataEventsForTable):513 Exporting data from table 'test.test_1_time_array' (78 of 213 tables)"}}
{"type":"LOG","log":{"level":"INFO","message":"INFO i.a.w.i.DefaultAirbyteStreamFactory(internalLog):159 INFO i.d.r.RelationalSnapshotChangeEventSource(doCreateDataEventsForTable):559 \t Finished exporting 0 records for table 'test.test_1_time_array' (78 of 213 tables); total duration '00:00:00.027'"}}
{"type":"LOG","log":{"level":"INFO","message":"INFO i.a.w.i.DefaultAirbyteStreamFactory(internalLog):159 INFO i.d.r.RelationalSnapshotChangeEventSource(doCreateDataEventsForTable):513 Exporting data from table 'test.test_1_timestamp' (79 of 213 tables)"}}
{"type":"LOG","log":{"level":"INFO","message":"INFO i.a.w.i.DefaultAirbyteStreamFactory(internalLog):159 INFO i.d.r.RelationalSnapshotChangeEventSource(doCreateDataEventsForTable):559 \t Finished exporting 0 records for table 'test.test_1_timestamp' (79 of 213 tables); total duration '00:00:00.028'"}}
{"type":"LOG","log":{"level":"INFO","message":"INFO i.a.w.i.DefaultAirbyteStreamFactory(internalLog):159 INFO i.d.r.RelationalSnapshotChangeEventSource(doCreateDataEventsForTable):513 Exporting data from table 'test.test_1_timestamp_array' (80 of 213 tables)"}}
{"type":"LOG","log":{"level":"INFO","message":"INFO i.a.w.i.DefaultAirbyteStreamFactory(internalLog):159 INFO i.d.r.RelationalSnapshotChangeEventSource(doCreateDataEventsForTable):559 \t Finished exporting 0 records for table 'test.test_1_timestamp_array' (80 of 213 tables); total duration '00:00:00.02'"}}
{"type":"LOG","log":{"level":"INFO","message":"INFO i.a.w.i.DefaultAirbyteStreamFactory(internalLog):159 INFO i.d.r.RelationalSnapshotChangeEventSource(doCreateDataEventsForTable):513 Exporting data from table 'test.test_1_timestamptz' (81 of 213 tables)"}}
{"type":"LOG","log":{"level":"INFO","message":"INFO i.a.w.i.DefaultAirbyteStreamFactory(internalLog):159 INFO i.d.r.RelationalSnapshotChangeEventSource(doCreateDataEventsForTable):559 \t Finished exporting 0 records for table 'test.test_1_timestamptz' (81 of 213 tables); total duration '00:00:00.025'"}}
{"type":"LOG","log":{"level":"INFO","message":"INFO i.a.w.i.DefaultAirbyteStreamFactory(internalLog):159 INFO i.d.r.RelationalSnapshotChangeEventSource(doCreateDataEventsForTable):513 Exporting data from table 'test.test_1_timestamptz_array' (82 of 213 tables)"}}
{"type":"LOG","log":{"level":"INFO","message":"INFO i.a.w.i.DefaultAirbyteStreamFactory(internalLog):159 INFO i.d.r.RelationalSnapshotChangeEventSource(doCreateDataEventsForTable):559 \t Finished exporting 0 records for table 'test.test_1_timestamptz_array' (82 of 213 tables); total duration '00:00:00.022'"}}
{"type":"LOG","log":{"level":"INFO","message":"INFO i.a.w.i.DefaultAirbyteStreamFactory(internalLog):159 INFO i.d.r.RelationalSnapshotChangeEventSource(doCreateDataEventsForTable):513 Exporting data from table 'test.test_1_timetz' (83 of 213 tables)"}}
{"type":"LOG","log":{"level":"INFO","message":"INFO i.a.w.i.DefaultAirbyteStreamFactory(internalLog):159 INFO i.d.r.RelationalSnapshotChangeEventSource(doCreateDataEventsForTable):559 \t Finished exporting 0 records for table 'test.test_1_timetz' (83 of 213 tables); total duration '00:00:00.022'"}}
{"type":"LOG","log":{"level":"INFO","message":"INFO i.a.w.i.DefaultAirbyteStreamFactory(internalLog):159 INFO i.d.r.RelationalSnapshotChangeEventSource(doCreateDataEventsForTable):513 Exporting data from table 'test.test_1_timetz_array' (84 of 213 tables)"}}
{"type":"LOG","log":{"level":"INFO","message":"INFO i.a.w.i.DefaultAirbyteStreamFactory(internalLog):159 INFO i.d.r.RelationalSnapshotChangeEventSource(doCreateDataEventsForTable):559 \t Finished exporting 0 records for table 'test.test_1_timetz_array' (84 of 213 tables); total duration '00:00:00.028'"}}
{"type":"LOG","log":{"level":"INFO","message":"INFO i.a.w.i.DefaultAirbyteStreamFactory(internalLog):159 INFO i.d.r.RelationalSnapshotChangeEventSource(doCreateDataEventsForTable):513 Exporting data from table 'test.test_2_time' (85 of 213 tables)"}}
{"type":"LOG","log":{"level":"INFO","message":"INFO i.a.w.i.DefaultAirbyteStreamFactory(internalLog):159 INFO i.d.r.RelationalSnapshotChangeEventSource(doCreateDataEventsForTable):559 \t Finished exporting 0 records for table 'test.test_2_time' (85 of 213 tables); total duration '00:00:00.019'"}}
{"type":"LOG","log":{"level":"INFO","message":"INFO i.a.w.i.DefaultAirbyteStreamFactory(internalLog):159 INFO i.d.r.RelationalSnapshotChangeEventSource(doCreateDataEventsForTable):513 Exporting data from table 'test.test_2_time_array' (86 of 213 tables)"}}
{"type":"LOG","log":{"level":"INFO","message":"INFO i.a.w.i.DefaultAirbyteStreamFactory(internalLog):159 INFO i.d.r.RelationalSnapshotChangeEventSource(doCreateDataEventsForTable):559 \t Finished exporting 0 records for table 'test.test_2_time_array' (86 of 213 tables); total duration '00:00:00.016'"}}
{"type":"LOG","log":{"level":"INFO","message":"INFO i.a.w.i.DefaultAirbyteStreamFactory(internalLog):159 INFO i.d.r.RelationalSnapshotChangeEventSource(doCreateDataEventsForTable):513 Exporting data from table 'test.test_2_timestamp' (87 of 213 tables)"}}
{"type":"LOG","log":{"level":"INFO","message":"INFO i.a.w.i.DefaultAirbyteStreamFactory(internalLog):159 INFO i.d.r.RelationalSnapshotChangeEventSource(doCreateDataEventsForTable):559 \t Finished exporting 0 records for table 'test.test_2_timestamp' (87 of 213 tables); total duration '00:00:00.024'"}}
{"type":"LOG","log":{"level":"INFO","message":"INFO i.a.w.i.DefaultAirbyteStreamFactory(internalLog):159 INFO i.d.r.RelationalSnapshotChangeEventSource(doCreateDataEventsForTable):513 Exporting data from table 'test.test_2_timestamp_array' (88 of 213 tables)"}}
{"type":"LOG","log":{"level":"INFO","message":"INFO i.a.w.i.DefaultAirbyteStreamFactory(internalLog):159 INFO i.d.r.RelationalSnapshotChangeEventSource(doCreateDataEventsForTable):559 \t Finished exporting 0 records for table 'test.test_2_timestamp_array' (88 of 213 tables); total duration '00:00:00.022'"}}
{"type":"LOG","log":{"level":"INFO","message":"INFO i.a.w.i.DefaultAirbyteStreamFactory(internalLog):159 INFO i.d.r.RelationalSnapshotChangeEventSource(doCreateDataEventsForTable):513 Exporting data from table 'test.test_2_timestamptz' (89 of 213 tables)"}}
{"type":"LOG","log":{"level":"INFO","message":"INFO i.a.w.i.DefaultAirbyteStreamFactory(internalLog):159 INFO i.d.r.RelationalSnapshotChangeEventSource(doCreateDataEventsForTable):559 \t Finished exporting 0 records for table 'test.test_2_timestamptz' (89 of 213 tables); total duration '00:00:00.03'"}}
{"type":"LOG","log":{"level":"INFO","message":"INFO i.a.w.i.DefaultAirbyteStreamFactory(internalLog):159 INFO i.d.r.RelationalSnapshotChangeEventSource(doCreateDataEventsForTable):513 Exporting data from table 'test.test_2_timestamptz_array' (90 of 213 tables)"}}
{"type":"LOG","log":{"level":"INFO","message":"INFO i.a.w.i.DefaultAirbyteStreamFactory(internalLog):159 INFO i.d.r.RelationalSnapshotChangeEventSource(doCreateDataEventsForTable):559 \t Finished exporting 0 records for table 'test.test_2_timestamptz_array' (90 of 213 tables); total duration '00:00:00.036'"}}
{"type":"LOG","log":{"level":"INFO","message":"INFO i.a.w.i.DefaultAirbyteStreamFactory(internalLog):159 INFO i.d.r.RelationalSnapshotChangeEventSource(doCreateDataEventsForTable):513 Exporting data from table 'test.test_2_timetz' (91 of 213 tables)"}}
{"type":"LOG","log":{"level":"INFO","message":"INFO i.a.w.i.DefaultAirbyteStreamFactory(internalLog):159 INFO i.d.r.RelationalSnapshotChangeEventSource(doCreateDataEventsForTable):559 \t Finished exporting 0 records for table 'test.test_2_timetz' (91 of 213 tables); total duration '00:00:00.024'"}}
{"type":"LOG","log":{"level":"INFO","message":"INFO i.a.w.i.DefaultAirbyteStreamFactory(internalLog):159 INFO i.d.r.RelationalSnapshotChangeEventSource(doCreateDataEventsForTable):513 Exporting data from table 'test.test_2_timetz_array' (92 of 213 tables)"}}
{"type":"LOG","log":{"level":"INFO","message":"INFO i.a.w.i.DefaultAirbyteStreamFactory(internalLog):159 INFO i.d.r.RelationalSnapshotChangeEventSource(doCreateDataEventsForTable):559 \t Finished exporting 0 records for table 'test.test_2_timetz_array' (92 of 213 tables); total duration '00:00:00.023'"}}
{"type":"LOG","log":{"level":"INFO","message":"INFO i.a.w.i.DefaultAirbyteStreamFactory(internalLog):159 INFO i.d.r.RelationalSnapshotChangeEventSource(doCreateDataEventsForTable):513 Exporting data from table 'test.test_3_time' (93 of 213 tables)"}}
{"type":"LOG","log":{"level":"INFO","message":"INFO i.a.w.i.DefaultAirbyteStreamFactory(internalLog):159 INFO i.d.r.RelationalSnapshotChangeEventSource(doCreateDataEventsForTable):559 \t Finished exporting 0 records for table 'test.test_3_time' (93 of 213 tables); total duration '00:00:00.021'"}}
{"type":"LOG","log":{"level":"INFO","message":"INFO i.a.w.i.DefaultAirbyteStreamFactory(internalLog):159 INFO i.d.r.RelationalSnapshotChangeEventSource(doCreateDataEventsForTable):513 Exporting data from table 'test.test_3_timestamp' (94 of 213 tables)"}}
{"type":"LOG","log":{"level":"INFO","message":"INFO i.a.w.i.DefaultAirbyteStreamFactory(internalLog):159 INFO i.d.r.RelationalSnapshotChangeEventSource(doCreateDataEventsForTable):559 \t Finished exporting 0 records for table 'test.test_3_timestamp' (94 of 213 tables); total duration '00:00:00.02'"}}
{"type":"LOG","log":{"level":"INFO","message":"INFO i.a.w.i.DefaultAirbyteStreamFactory(internalLog):159 INFO i.d.r.RelationalSnapshotChangeEventSource(doCreateDataEventsForTable):513 Exporting data from table 'test.test_3_timestamptz' (95 of 213 tables)"}}
{"type":"LOG","log":{"level":"INFO","message":"INFO i.a.w.i.DefaultAirbyteStreamFactory(internalLog):159 INFO i.d.r.RelationalSnapshotChangeEventSource(doCreateDataEventsForTable):559 \t Finished exporting 0 records for table 'test.test_3_timestamptz' (95 of 213 tables); total duration '00:00:00.02'"}}
{"type":"LOG","log":{"level":"INFO","message":"INFO i.a.w.i.DefaultAirbyteStreamFactory(internalLog):159 INFO i.d.r.RelationalSnapshotChangeEventSource(doCreateDataEventsForTable):513 Exporting data from table 'test.test_3_timetz' (96 of 213 tables)"}}
{"type":"LOG","log":{"level":"INFO","message":"INFO i.a.w.i.DefaultAirbyteStreamFactory(internalLog):159 INFO i.d.r.RelationalSnapshotChangeEventSource(doCreateDataEventsForTable):559 \t Finished exporting 0 records for table 'test.test_3_timetz' (96 of 213 tables); total duration '00:00:00.019'"}}
{"type":"LOG","log":{"level":"INFO","message":"INFO i.a.w.i.DefaultAirbyteStreamFactory(internalLog):159 INFO i.d.r.RelationalSnapshotChangeEventSource(doCreateDataEventsForTable):513 Exporting data from table 'test.test_4_time' (97 of 213 tables)"}}
{"type":"LOG","log":{"level":"INFO","message":"INFO i.a.w.i.DefaultAirbyteStreamFactory(internalLog):159 INFO i.d.r.RelationalSnapshotChangeEventSource(doCreateDataEventsForTable):559 \t Finished exporting 0 records for table 'test.test_4_time' (97 of 213 tables); total duration '00:00:00.023'"}}
{"type":"LOG","log":{"level":"INFO","message":"INFO i.a.w.i.DefaultAirbyteStreamFactory(internalLog):159 INFO i.d.r.RelationalSnapshotChangeEventSource(doCreateDataEventsForTable):513 Exporting data from table 'test.test_4_timestamp' (98 of 213 tables)"}}
{"type":"LOG","log":{"level":"INFO","message":"INFO i.a.w.i.DefaultAirbyteStreamFactory(internalLog):159 INFO i.d.r.RelationalSnapshotChangeEventSource(doCreateDataEventsForTable):559 \t Finished exporting 0 records for table 'test.test_4_timestamp' (98 of 213 tables); total duration '00:00:00.021'"}}
{"type":"LOG","log":{"level":"INFO","message":"INFO i.a.w.i.DefaultAirbyteStreamFactory(internalLog):159 INFO i.d.r.RelationalSnapshotChangeEventSource(doCreateDataEventsForTable):513 Exporting data from table 'test.test_4_timestamptz' (99 of 213 tables)"}}
{"type":"LOG","log":{"level":"INFO","message":"INFO i.a.w.i.DefaultAirbyteStreamFactory(internalLog):159 INFO i.d.r.RelationalSnapshotChangeEventSource(doCreateDataEventsForTable):559 \t Finished exporting 0 records for table 'test.test_4_timestamptz' (99 of 213 tables); total duration '00:00:00.023'"}}
{"type":"LOG","log":{"level":"INFO","message":"INFO i.a.w.i.DefaultAirbyteStreamFactory(internalLog):159 INFO i.d.r.RelationalSnapshotChangeEventSource(doCreateDataEventsForTable):513 Exporting data from table 'test.test_4_timetz' (100 of 213 tables)"}}
{"type":"LOG","log":{"level":"INFO","message":"INFO i.a.w.i.DefaultAirbyteStreamFactory(internalLog):159 INFO i.d.r.RelationalSnapshotChangeEventSource(doCreateDataEventsForTable):559 \t Finished exporting 0 records for table 'test.test_4_timetz' (100 of 213 tables); total duration '00:00:00.024'"}}
{"type":"LOG","log":{"level":"INFO","message":"INFO i.a.w.i.DefaultAirbyteStreamFactory(internalLog):159 INFO i.d.r.RelationalSnapshotChangeEventSource(doCreateDataEventsForTable):513 Exporting data from table 'test.test_5_time' (101 of 213 tables)"}}
{"type":"LOG","log":{"level":"INFO","message":"INFO i.a.w.i.DefaultAirbyteStreamFactory(internalLog):159 INFO i.d.r.RelationalSnapshotChangeEventSource(doCreateDataEventsForTable):559 \t Finished exporting 0 records for table 'test.test_5_time' (101 of 213 tables); total duration '00:00:00.024'"}}
{"type":"LOG","log":{"level":"INFO","message":"INFO i.a.w.i.DefaultAirbyteStreamFactory(internalLog):159 INFO i.d.r.RelationalSnapshotChangeEventSource(doCreateDataEventsForTable):513 Exporting data from table 'test.test_5_timestamp' (102 of 213 tables)"}}
{"type":"LOG","log":{"level":"INFO","message":"INFO i.a.w.i.DefaultAirbyteStreamFactory(internalLog):159 INFO i.d.r.RelationalSnapshotChangeEventSource(doCreateDataEventsForTable):559 \t Finished exporting 0 records for table 'test.test_5_timestamp' (102 of 213 tables); total duration '00:00:00.014'"}}
{"type":"LOG","log":{"level":"INFO","message":"INFO i.a.w.i.DefaultAirbyteStreamFactory(internalLog):159 INFO i.d.r.RelationalSnapshotChangeEventSource(doCreateDataEventsForTable):513 Exporting data from table 'test.test_6_timestamp' (103 of 213 tables)"}}
{"type":"LOG","log":{"level":"INFO","message":"INFO i.a.w.i.DefaultAirbyteStreamFactory(internalLog):159 INFO i.d.r.RelationalSnapshotChangeEventSource(doCreateDataEventsForTable):559 \t Finished exporting 0 records for table 'test.test_6_timestamp' (103 of 213 tables); total duration '00:00:00.025'"}}
{"type":"LOG","log":{"level":"INFO","message":"INFO i.a.w.i.DefaultAirbyteStreamFactory(internalLog):159 INFO i.d.r.RelationalSnapshotChangeEventSource(doCreateDataEventsForTable):513 Exporting data from table 'test.test_7_timestamp' (104 of 213 tables)"}}
{"type":"LOG","log":{"level":"INFO","message":"INFO i.a.w.i.DefaultAirbyteStreamFactory(internalLog):159 INFO i.d.r.RelationalSnapshotChangeEventSource(doCreateDataEventsForTable):559 \t Finished exporting 0 records for table 'test.test_7_timestamp' (104 of 213 tables); total duration '00:00:00.03'"}}
{"type":"LOG","log":{"level":"INFO","message":"INFO i.a.w.i.DefaultAirbyteStreamFactory(internalLog):159 INFO i.d.r.RelationalSnapshotChangeEventSource(doCreateDataEventsForTable):513 Exporting data from table 'test.test_8_timestamp' (105 of 213 tables)"}}
{"type":"LOG","log":{"level":"INFO","message":"INFO i.a.w.i.DefaultAirbyteStreamFactory(internalLog):159 INFO i.d.r.RelationalSnapshotChangeEventSource(doCreateDataEventsForTable):559 \t Finished exporting 0 records for table 'test.test_8_timestamp' (105 of 213 tables); total duration '00:00:00.019'"}}
{"type":"LOG","log":{"level":"INFO","message":"INFO i.a.w.i.DefaultAirbyteStreamFactory(internalLog):159 INFO i.d.r.RelationalSnapshotChangeEventSource(doCreateDataEventsForTable):513 Exporting data from table 'test.test_1_tsquery' (106 of 213 tables)"}}
{"type":"LOG","log":{"level":"INFO","message":"INFO i.a.w.i.DefaultAirbyteStreamFactory(internalLog):159 INFO i.d.r.RelationalSnapshotChangeEventSource(doCreateDataEventsForTable):559 \t Finished exporting 0 records for table 'test.test_1_tsquery' (106 of 213 tables); total duration '00:00:00.023'"}}
{"type":"LOG","log":{"level":"INFO","message":"INFO i.a.w.i.DefaultAirbyteStreamFactory(internalLog):159 INFO i.d.r.RelationalSnapshotChangeEventSource(doCreateDataEventsForTable):513 Exporting data from table 'test.test_1_tsvector' (107 of 213 tables)"}}
{"type":"LOG","log":{"level":"INFO","message":"INFO i.a.w.i.DefaultAirbyteStreamFactory(internalLog):159 INFO i.d.r.RelationalSnapshotChangeEventSource(doCreateDataEventsForTable):559 \t Finished exporting 0 records for table 'test.test_1_tsvector' (107 of 213 tables); total duration '00:00:00.021'"}}
{"type":"LOG","log":{"level":"INFO","message":"INFO i.a.w.i.DefaultAirbyteStreamFactory(internalLog):159 INFO i.d.r.RelationalSnapshotChangeEventSource(doCreateDataEventsForTable):513 Exporting data from table 'test.test_1_uuid' (108 of 213 tables)"}}
{"type":"LOG","log":{"level":"INFO","message":"INFO i.a.w.i.DefaultAirbyteStreamFactory(internalLog):159 INFO i.d.r.RelationalSnapshotChangeEventSource(doCreateDataEventsForTable):559 \t Finished exporting 0 records for table 'test.test_1_uuid' (108 of 213 tables); total duration '00:00:00.026'"}}
{"type":"LOG","log":{"level":"INFO","message":"INFO i.a.w.i.DefaultAirbyteStreamFactory(internalLog):159 INFO i.d.r.RelationalSnapshotChangeEventSource(doCreateDataEventsForTable):513 Exporting data from table 'test.test_1_xml' (109 of 213 tables)"}}
{"type":"LOG","log":{"level":"INFO","message":"INFO i.a.w.i.DefaultAirbyteStreamFactory(internalLog):159 INFO i.d.r.RelationalSnapshotChangeEventSource(doCreateDataEventsForTable):559 \t Finished exporting 0 records for table 'test.test_1_xml' (109 of 213 tables); total duration '00:00:00.02'"}}
{"type":"LOG","log":{"level":"INFO","message":"INFO i.a.w.i.DefaultAirbyteStreamFactory(internalLog):159 INFO i.d.r.RelationalSnapshotChangeEventSource(doCreateDataEventsForTable):513 Exporting data from table 'test.test_1_mood' (110 of 213 tables)"}}
{"type":"LOG","log":{"level":"INFO","message":"INFO i.a.w.i.DefaultAirbyteStreamFactory(internalLog):159 INFO i.d.r.RelationalSnapshotChangeEventSource(doCreateDataEventsForTable):559 \t Finished exporting 0 records for table 'test.test_1_mood' (110 of 213 tables); total duration '00:00:00.024'"}}
{"type":"LOG","log":{"level":"INFO","message":"INFO i.a.w.i.DefaultAirbyteStreamFactory(internalLog):159 INFO i.d.r.RelationalSnapshotChangeEventSource(doCreateDataEventsForTable):513 Exporting data from table 'test.test_1_tsrange' (111 of 213 tables)"}}
{"type":"LOG","log":{"level":"INFO","message":"INFO i.a.w.i.DefaultAirbyteStreamFactory(internalLog):159 INFO i.d.r.RelationalSnapshotChangeEventSource(doCreateDataEventsForTable):559 \t Finished exporting 0 records for table 'test.test_1_tsrange' (111 of 213 tables); total duration '00:00:00.019'"}}
{"type":"LOG","log":{"level":"INFO","message":"INFO i.a.w.i.DefaultAirbyteStreamFactory(internalLog):159 INFO i.d.r.RelationalSnapshotChangeEventSource(doCreateDataEventsForTable):513 Exporting data from table 'test.test_1_inventory_item' (112 of 213 tables)"}}
{"type":"LOG","log":{"level":"INFO","message":"INFO i.a.w.i.DefaultAirbyteStreamFactory(internalLog):159 INFO i.d.r.RelationalSnapshotChangeEventSource(doCreateDataEventsForTable):559 \t Finished exporting 0 records for table 'test.test_1_inventory_item' (112 of 213 tables); total duration '00:00:00.021'"}}
{"type":"LOG","log":{"level":"INFO","message":"INFO i.a.w.i.DefaultAirbyteStreamFactory(internalLog):159 INFO i.d.r.RelationalSnapshotChangeEventSource(doCreateDataEventsForTable):513 Exporting data from table 'test.test_1_hstore' (113 of 213 tables)"}}
{"type":"LOG","log":{"level":"INFO","message":"INFO i.a.w.i.DefaultAirbyteStreamFactory(internalLog):159 INFO i.d.r.RelationalSnapshotChangeEventSource(doCreateDataEventsForTable):559 \t Finished exporting 0 records for table 'test.test_1_hstore' (113 of 213 tables); total duration '00:00:00.026'"}}
{"type":"LOG","log":{"level":"INFO","message":"INFO i.a.w.i.DefaultAirbyteStreamFactory(internalLog):159 INFO i.d.r.RelationalSnapshotChangeEventSource(doCreateDataEventsForTable):513 Exporting data from table 'test.test_1_oid_array' (114 of 213 tables)"}}
{"type":"LOG","log":{"level":"INFO","message":"INFO i.a.w.i.DefaultAirbyteStreamFactory(internalLog):159 INFO i.d.r.RelationalSnapshotChangeEventSource(doCreateDataEventsForTable):559 \t Finished exporting 0 records for table 'test.test_1_oid_array' (114 of 213 tables); total duration '00:00:00.017'"}}
{"type":"LOG","log":{"level":"INFO","message":"INFO i.a.w.i.DefaultAirbyteStreamFactory(internalLog):159 INFO i.d.r.RelationalSnapshotChangeEventSource(doCreateDataEventsForTable):513 Exporting data from table 'test.test_1_bpchar_array' (115 of 213 tables)"}}
{"type":"LOG","log":{"level":"INFO","message":"INFO i.a.w.i.DefaultAirbyteStreamFactory(internalLog):159 INFO i.d.r.RelationalSnapshotChangeEventSource(doCreateDataEventsForTable):559 \t Finished exporting 0 records for table 'test.test_1_bpchar_array' (115 of 213 tables); total duration '00:00:00.022'"}}
{"type":"LOG","log":{"level":"INFO","message":"INFO i.a.w.i.DefaultAirbyteStreamFactory(internalLog):159 INFO i.d.r.RelationalSnapshotChangeEventSource(doCreateDataEventsForTable):513 Exporting data from table 'test.test_1_name_array' (116 of 213 tables)"}}
{"type":"LOG","log":{"level":"INFO","message":"INFO i.a.w.i.DefaultAirbyteStreamFactory(internalLog):159 INFO i.d.r.RelationalSnapshotChangeEventSource(doCreateDataEventsForTable):559 \t Finished exporting 0 records for table 'test.test_1_name_array' (116 of 213 tables); total duration '00:00:00.021'"}}
{"type":"LOG","log":{"level":"INFO","message":"INFO i.a.w.i.DefaultAirbyteStreamFactory(internalLog):159 INFO i.d.r.RelationalSnapshotChangeEventSource(doCreateDataEventsForTable):513 Exporting data from table 'test.test_2_decimal_array' (117 of 213 tables)"}}
{"type":"LOG","log":{"level":"INFO","message":"INFO i.a.w.i.DefaultAirbyteStreamFactory(internalLog):159 INFO i.d.r.RelationalSnapshotChangeEventSource(doCreateDataEventsForTable):559 \t Finished exporting 0 records for table 'test.test_2_decimal_array' (117 of 213 tables); total duration '00:00:00.024'"}}
{"type":"LOG","log":{"level":"INFO","message":"INFO i.a.w.i.DefaultAirbyteStreamFactory(internalLog):159 INFO i.d.r.RelationalSnapshotChangeEventSource(doCreateDataEventsForTable):513 Exporting data from table 'test.test_3_decimal_array' (118 of 213 tables)"}}
{"type":"LOG","log":{"level":"INFO","message":"INFO i.a.w.i.DefaultAirbyteStreamFactory(internalLog):159 INFO i.d.r.RelationalSnapshotChangeEventSource(doCreateDataEventsForTable):559 \t Finished exporting 0 records for table 'test.test_3_decimal_array' (118 of 213 tables); total duration '00:00:00.02'"}}
{"type":"LOG","log":{"level":"INFO","message":"INFO i.a.w.i.DefaultAirbyteStreamFactory(internalLog):159 INFO i.d.r.RelationalSnapshotChangeEventSource(doCreateDataEventsForTable):513 Exporting data from table 'test.test_1_money_array' (119 of 213 tables)"}}
{"type":"LOG","log":{"level":"INFO","message":"INFO i.a.w.i.DefaultAirbyteStreamFactory(internalLog):159 INFO i.d.r.RelationalSnapshotChangeEventSource(doCreateDataEventsForTable):559 \t Finished exporting 0 records for table 'test.test_1_money_array' (119 of 213 tables); total duration '00:00:00.022'"}}
{"type":"LOG","log":{"level":"INFO","message":"INFO i.a.w.i.DefaultAirbyteStreamFactory(internalLog):159 INFO i.d.r.RelationalSnapshotChangeEventSource(doCreateDataEventsForTable):513 Exporting data from table 'test.test_1_money' (120 of 213 tables)"}}
{"type":"LOG","log":{"level":"INFO","message":"INFO i.a.w.i.DefaultAirbyteStreamFactory(internalLog):159 INFO i.d.r.RelationalSnapshotChangeEventSource(doCreateDataEventsForTable):559 \t Finished exporting 0 records for table 'test.test_1_money' (120 of 213 tables); total duration '00:00:00.022'"}}
{"type":"LOG","log":{"level":"INFO","message":"INFO i.a.w.i.DefaultAirbyteStreamFactory(internalLog):159 INFO i.d.r.RelationalSnapshotChangeEventSource(doCreateDataEventsForTable):513 Exporting data from table 'test.test_2_bigint' (121 of 213 tables)"}}
{"type":"LOG","log":{"level":"INFO","message":"INFO i.a.w.i.DefaultAirbyteStreamFactory(internalLog):159 INFO i.d.r.RelationalSnapshotChangeEventSource(doCreateDataEventsForTable):559 \t Finished exporting 0 records for table 'test.test_2_bigint' (121 of 213 tables); total duration '00:00:00.043'"}}
{"type":"LOG","log":{"level":"INFO","message":"INFO i.a.w.i.DefaultAirbyteStreamFactory(internalLog):159 INFO i.d.r.RelationalSnapshotChangeEventSource(doCreateDataEventsForTable):513 Exporting data from table 'test.test_2_bigserial' (122 of 213 tables)"}}
{"type":"LOG","log":{"level":"INFO","message":"INFO i.a.w.i.DefaultAirbyteStreamFactory(internalLog):159 INFO i.d.r.RelationalSnapshotChangeEventSource(doCreateDataEventsForTable):559 \t Finished exporting 0 records for table 'test.test_2_bigserial' (122 of 213 tables); total duration '00:00:00.023'"}}
{"type":"LOG","log":{"level":"INFO","message":"INFO i.a.w.i.DefaultAirbyteStreamFactory(internalLog):159 INFO i.d.r.RelationalSnapshotChangeEventSource(doCreateDataEventsForTable):513 Exporting data from table 'test.test_3_bit' (123 of 213 tables)"}}
{"type":"LOG","log":{"level":"INFO","message":"INFO i.a.w.i.DefaultAirbyteStreamFactory(internalLog):159 INFO i.d.r.RelationalSnapshotChangeEventSource(doCreateDataEventsForTable):559 \t Finished exporting 0 records for table 'test.test_3_bit' (123 of 213 tables); total duration '00:00:00.023'"}}
{"type":"LOG","log":{"level":"INFO","message":"INFO i.a.w.i.DefaultAirbyteStreamFactory(internalLog):159 INFO i.d.r.RelationalSnapshotChangeEventSource(doCreateDataEventsForTable):513 Exporting data from table 'test.test_3_bit_varying' (124 of 213 tables)"}}
{"type":"LOG","log":{"level":"INFO","message":"INFO i.a.w.i.DefaultAirbyteStreamFactory(internalLog):159 INFO i.d.r.RelationalSnapshotChangeEventSource(doCreateDataEventsForTable):559 \t Finished exporting 0 records for table 'test.test_3_bit_varying' (124 of 213 tables); total duration '00:00:00.022'"}}
{"type":"LOG","log":{"level":"INFO","message":"INFO i.a.w.i.DefaultAirbyteStreamFactory(internalLog):159 INFO i.d.r.RelationalSnapshotChangeEventSource(doCreateDataEventsForTable):513 Exporting data from table 'test.test_4_bit' (125 of 213 tables)"}}
{"type":"LOG","log":{"level":"INFO","message":"INFO i.a.w.i.DefaultAirbyteStreamFactory(internalLog):159 INFO i.d.r.RelationalSnapshotChangeEventSource(doCreateDataEventsForTable):559 \t Finished exporting 0 records for table 'test.test_4_bit' (125 of 213 tables); total duration '00:00:00.021'"}}
{"type":"LOG","log":{"level":"INFO","message":"INFO i.a.w.i.DefaultAirbyteStreamFactory(internalLog):159 INFO i.d.r.RelationalSnapshotChangeEventSource(doCreateDataEventsForTable):513 Exporting data from table 'test.test_4_bit_varying' (126 of 213 tables)"}}
{"type":"LOG","log":{"level":"INFO","message":"INFO i.a.w.i.DefaultAirbyteStreamFactory(internalLog):159 INFO i.d.r.RelationalSnapshotChangeEventSource(doCreateDataEventsForTable):559 \t Finished exporting 0 records for table 'test.test_4_bit_varying' (126 of 213 tables); total duration '00:00:00.022'"}}
{"type":"LOG","log":{"level":"INFO","message":"INFO i.a.w.i.DefaultAirbyteStreamFactory(internalLog):159 INFO i.d.r.RelationalSnapshotChangeEventSource(doCreateDataEventsForTable):513 Exporting data from table 'test.test_2_bool' (127 of 213 tables)"}}
{"type":"LOG","log":{"level":"INFO","message":"INFO i.a.w.i.DefaultAirbyteStreamFactory(internalLog):159 INFO i.d.r.RelationalSnapshotChangeEventSource(doCreateDataEventsForTable):559 \t Finished exporting 0 records for table 'test.test_2_bool' (127 of 213 tables); total duration '00:00:00.02'"}}
{"type":"LOG","log":{"level":"INFO","message":"INFO i.a.w.i.DefaultAirbyteStreamFactory(internalLog):159 INFO i.d.r.RelationalSnapshotChangeEventSource(doCreateDataEventsForTable):513 Exporting data from table 'test.test_2_bool_array' (128 of 213 tables)"}}
{"type":"LOG","log":{"level":"INFO","message":"INFO i.a.w.i.DefaultAirbyteStreamFactory(internalLog):159 INFO i.d.r.RelationalSnapshotChangeEventSource(doCreateDataEventsForTable):559 \t Finished exporting 0 records for table 'test.test_2_bool_array' (128 of 213 tables); total duration '00:00:00.025'"}}
{"type":"LOG","log":{"level":"INFO","message":"INFO i.a.w.i.DefaultAirbyteStreamFactory(internalLog):159 INFO i.d.r.RelationalSnapshotChangeEventSource(doCreateDataEventsForTable):513 Exporting data from table 'test.test_2_boolean' (129 of 213 tables)"}}
{"type":"LOG","log":{"level":"INFO","message":"INFO i.a.w.i.DefaultAirbyteStreamFactory(internalLog):159 INFO i.d.r.RelationalSnapshotChangeEventSource(doCreateDataEventsForTable):559 \t Finished exporting 0 records for table 'test.test_2_boolean' (129 of 213 tables); total duration '00:00:00.047'"}}
{"type":"LOG","log":{"level":"INFO","message":"INFO i.a.w.i.DefaultAirbyteStreamFactory(internalLog):159 INFO i.d.r.RelationalSnapshotChangeEventSource(doCreateDataEventsForTable):513 Exporting data from table 'test.test_2_box' (130 of 213 tables)"}}
{"type":"LOG","log":{"level":"INFO","message":"INFO i.a.w.i.DefaultAirbyteStreamFactory(internalLog):159 INFO i.d.r.RelationalSnapshotChangeEventSource(doCreateDataEventsForTable):559 \t Finished exporting 0 records for table 'test.test_2_box' (130 of 213 tables); total duration '00:00:00.043'"}}
{"type":"LOG","log":{"level":"INFO","message":"INFO i.a.w.i.DefaultAirbyteStreamFactory(internalLog):159 INFO i.d.r.RelationalSnapshotChangeEventSource(doCreateDataEventsForTable):513 Exporting data from table 'test.test_2_bytea' (131 of 213 tables)"}}
{"type":"LOG","log":{"level":"INFO","message":"INFO i.a.w.i.DefaultAirbyteStreamFactory(internalLog):159 INFO i.d.r.RelationalSnapshotChangeEventSource(doCreateDataEventsForTable):559 \t Finished exporting 0 records for table 'test.test_2_bytea' (131 of 213 tables); total duration '00:00:00.022'"}}
{"type":"LOG","log":{"level":"INFO","message":"INFO i.a.w.i.DefaultAirbyteStreamFactory(internalLog):159 INFO i.d.r.RelationalSnapshotChangeEventSource(doCreateDataEventsForTable):513 Exporting data from table 'test.test_2_bytea_array' (132 of 213 tables)"}}
{"type":"LOG","log":{"level":"INFO","message":"INFO i.a.w.i.DefaultAirbyteStreamFactory(internalLog):159 INFO i.d.r.RelationalSnapshotChangeEventSource(doCreateDataEventsForTable):559 \t Finished exporting 0 records for table 'test.test_2_bytea_array' (132 of 213 tables); total duration '00:00:00.025'"}}
{"type":"LOG","log":{"level":"INFO","message":"INFO i.a.w.i.DefaultAirbyteStreamFactory(internalLog):159 INFO i.d.r.RelationalSnapshotChangeEventSource(doCreateDataEventsForTable):513 Exporting data from table 'test.test_3_char' (133 of 213 tables)"}}
{"type":"LOG","log":{"level":"INFO","message":"INFO i.a.w.i.DefaultAirbyteStreamFactory(internalLog):159 INFO i.d.r.RelationalSnapshotChangeEventSource(doCreateDataEventsForTable):559 \t Finished exporting 0 records for table 'test.test_3_char' (133 of 213 tables); total duration '00:00:00.021'"}}
{"type":"LOG","log":{"level":"INFO","message":"INFO i.a.w.i.DefaultAirbyteStreamFactory(internalLog):159 INFO i.d.r.RelationalSnapshotChangeEventSource(doCreateDataEventsForTable):513 Exporting data from table 'test.test_3_character' (134 of 213 tables)"}}
{"type":"LOG","log":{"level":"INFO","message":"INFO i.a.w.i.DefaultAirbyteStreamFactory(internalLog):159 INFO i.d.r.RelationalSnapshotChangeEventSource(doCreateDataEventsForTable):559 \t Finished exporting 0 records for table 'test.test_3_character' (134 of 213 tables); total duration '00:00:00.025'"}}
{"type":"LOG","log":{"level":"INFO","message":"INFO i.a.w.i.DefaultAirbyteStreamFactory(internalLog):159 INFO i.d.r.RelationalSnapshotChangeEventSource(doCreateDataEventsForTable):513 Exporting data from table 'test.test_4_char' (135 of 213 tables)"}}
{"type":"LOG","log":{"level":"INFO","message":"INFO i.a.w.i.DefaultAirbyteStreamFactory(internalLog):159 INFO i.d.r.RelationalSnapshotChangeEventSource(doCreateDataEventsForTable):559 \t Finished exporting 0 records for table 'test.test_4_char' (135 of 213 tables); total duration '00:00:00.019'"}}
{"type":"LOG","log":{"level":"INFO","message":"INFO i.a.w.i.DefaultAirbyteStreamFactory(internalLog):159 INFO i.d.r.RelationalSnapshotChangeEventSource(doCreateDataEventsForTable):513 Exporting data from table 'test.test_4_character' (136 of 213 tables)"}}
{"type":"LOG","log":{"level":"INFO","message":"INFO i.a.w.i.DefaultAirbyteStreamFactory(internalLog):159 INFO i.d.r.RelationalSnapshotChangeEventSource(doCreateDataEventsForTable):559 \t Finished exporting 0 records for table 'test.test_4_character' (136 of 213 tables); total duration '00:00:00.026'"}}
{"type":"LOG","log":{"level":"INFO","message":"INFO i.a.w.i.DefaultAirbyteStreamFactory(internalLog):159 INFO i.d.r.RelationalSnapshotChangeEventSource(doCreateDataEventsForTable):513 Exporting data from table 'test.test_2_text' (137 of 213 tables)"}}
{"type":"LOG","log":{"level":"INFO","message":"INFO i.a.w.i.DefaultAirbyteStreamFactory(internalLog):159 INFO i.d.r.RelationalSnapshotChangeEventSource(doCreateDataEventsForTable):559 \t Finished exporting 0 records for table 'test.test_2_text' (137 of 213 tables); total duration '00:00:00.024'"}}
{"type":"LOG","log":{"level":"INFO","message":"INFO i.a.w.i.DefaultAirbyteStreamFactory(internalLog):159 INFO i.d.r.RelationalSnapshotChangeEventSource(doCreateDataEventsForTable):513 Exporting data from table 'test.test_2_text_array' (138 of 213 tables)"}}
{"type":"LOG","log":{"level":"INFO","message":"INFO i.a.w.i.DefaultAirbyteStreamFactory(internalLog):159 INFO i.d.r.RelationalSnapshotChangeEventSource(doCreateDataEventsForTable):559 \t Finished exporting 0 records for table 'test.test_2_text_array' (138 of 213 tables); total duration '00:00:00.02'"}}
{"type":"LOG","log":{"level":"INFO","message":"INFO i.a.w.i.DefaultAirbyteStreamFactory(internalLog):159 INFO i.d.r.RelationalSnapshotChangeEventSource(doCreateDataEventsForTable):513 Exporting data from table 'test.test_3_varchar' (139 of 213 tables)"}}
{"type":"LOG","log":{"level":"INFO","message":"INFO i.a.w.i.DefaultAirbyteStreamFactory(internalLog):159 INFO i.d.r.RelationalSnapshotChangeEventSource(doCreateDataEventsForTable):559 \t Finished exporting 0 records for table 'test.test_3_varchar' (139 of 213 tables); total duration '00:00:00.021'"}}
{"type":"LOG","log":{"level":"INFO","message":"INFO i.a.w.i.DefaultAirbyteStreamFactory(internalLog):159 INFO i.d.r.RelationalSnapshotChangeEventSource(doCreateDataEventsForTable):513 Exporting data from table 'test.test_4_varchar' (140 of 213 tables)"}}
{"type":"LOG","log":{"level":"INFO","message":"INFO i.a.w.i.DefaultAirbyteStreamFactory(internalLog):159 INFO i.d.r.RelationalSnapshotChangeEventSource(doCreateDataEventsForTable):559 \t Finished exporting 0 records for table 'test.test_4_varchar' (140 of 213 tables); total duration '00:00:00.023'"}}
{"type":"LOG","log":{"level":"INFO","message":"INFO i.a.w.i.DefaultAirbyteStreamFactory(internalLog):159 INFO i.d.r.RelationalSnapshotChangeEventSource(doCreateDataEventsForTable):513 Exporting data from table 'test.test_2_cidr' (141 of 213 tables)"}}
{"type":"LOG","log":{"level":"INFO","message":"INFO i.a.w.i.DefaultAirbyteStreamFactory(internalLog):159 INFO i.d.r.RelationalSnapshotChangeEventSource(doCreateDataEventsForTable):559 \t Finished exporting 0 records for table 'test.test_2_cidr' (141 of 213 tables); total duration '00:00:00.022'"}}
{"type":"LOG","log":{"level":"INFO","message":"INFO i.a.w.i.DefaultAirbyteStreamFactory(internalLog):159 INFO i.d.r.RelationalSnapshotChangeEventSource(doCreateDataEventsForTable):513 Exporting data from table 'test.test_2_circle' (142 of 213 tables)"}}
{"type":"LOG","log":{"level":"INFO","message":"INFO i.a.w.i.DefaultAirbyteStreamFactory(internalLog):159 INFO i.d.r.RelationalSnapshotChangeEventSource(doCreateDataEventsForTable):559 \t Finished exporting 0 records for table 'test.test_2_circle' (142 of 213 tables); total duration '00:00:00.022'"}}
{"type":"LOG","log":{"level":"INFO","message":"INFO i.a.w.i.DefaultAirbyteStreamFactory(internalLog):159 INFO i.d.r.RelationalSnapshotChangeEventSource(doCreateDataEventsForTable):513 Exporting data from table 'test.test_4_date' (143 of 213 tables)"}}
{"type":"LOG","log":{"level":"INFO","message":"INFO i.a.w.i.DefaultAirbyteStreamFactory(internalLog):159 INFO i.d.r.RelationalSnapshotChangeEventSource(doCreateDataEventsForTable):559 \t Finished exporting 0 records for table 'test.test_4_date' (143 of 213 tables); total duration '00:00:00.018'"}}
{"type":"LOG","log":{"level":"INFO","message":"INFO i.a.w.i.DefaultAirbyteStreamFactory(internalLog):159 INFO i.d.r.RelationalSnapshotChangeEventSource(doCreateDataEventsForTable):513 Exporting data from table 'test.test_5_date' (144 of 213 tables)"}}
{"type":"LOG","log":{"level":"INFO","message":"INFO i.a.w.i.DefaultAirbyteStreamFactory(internalLog):159 INFO i.d.r.RelationalSnapshotChangeEventSource(doCreateDataEventsForTable):559 \t Finished exporting 0 records for table 'test.test_5_date' (144 of 213 tables); total duration '00:00:00.022'"}}
{"type":"LOG","log":{"level":"INFO","message":"INFO i.a.w.i.DefaultAirbyteStreamFactory(internalLog):159 INFO i.d.r.RelationalSnapshotChangeEventSource(doCreateDataEventsForTable):513 Exporting data from table 'test.test_6_date' (145 of 213 tables)"}}
{"type":"LOG","log":{"level":"INFO","message":"INFO i.a.w.i.DefaultAirbyteStreamFactory(internalLog):159 INFO i.d.r.RelationalSnapshotChangeEventSource(doCreateDataEventsForTable):559 \t Finished exporting 0 records for table 'test.test_6_date' (145 of 213 tables); total duration '00:00:00.021'"}}
{"type":"LOG","log":{"level":"INFO","message":"INFO i.a.w.i.DefaultAirbyteStreamFactory(internalLog):159 INFO i.d.r.RelationalSnapshotChangeEventSource(doCreateDataEventsForTable):513 Exporting data from table 'test.test_2_float' (146 of 213 tables)"}}
{"type":"LOG","log":{"level":"INFO","message":"INFO i.a.w.i.DefaultAirbyteStreamFactory(internalLog):159 INFO i.d.r.RelationalSnapshotChangeEventSource(doCreateDataEventsForTable):559 \t Finished exporting 0 records for table 'test.test_2_float' (146 of 213 tables); total duration '00:00:00.023'"}}
{"type":"LOG","log":{"level":"INFO","message":"INFO i.a.w.i.DefaultAirbyteStreamFactory(internalLog):159 INFO i.d.r.RelationalSnapshotChangeEventSource(doCreateDataEventsForTable):513 Exporting data from table 'test.test_2_float4' (147 of 213 tables)"}}
{"type":"LOG","log":{"level":"INFO","message":"INFO i.a.w.i.DefaultAirbyteStreamFactory(internalLog):159 INFO i.d.r.RelationalSnapshotChangeEventSource(doCreateDataEventsForTable):559 \t Finished exporting 0 records for table 'test.test_2_float4' (147 of 213 tables); total duration '00:00:00.02'"}}
{"type":"LOG","log":{"level":"INFO","message":"INFO i.a.w.i.DefaultAirbyteStreamFactory(internalLog):159 INFO i.d.r.RelationalSnapshotChangeEventSource(doCreateDataEventsForTable):513 Exporting data from table 'test.test_2_float4_array' (148 of 213 tables)"}}
{"type":"LOG","log":{"level":"INFO","message":"INFO i.a.w.i.DefaultAirbyteStreamFactory(internalLog):159 INFO i.d.r.RelationalSnapshotChangeEventSource(doCreateDataEventsForTable):559 \t Finished exporting 0 records for table 'test.test_2_float4_array' (148 of 213 tables); total duration '00:00:00.023'"}}
{"type":"LOG","log":{"level":"INFO","message":"INFO i.a.w.i.DefaultAirbyteStreamFactory(internalLog):159 INFO i.d.r.RelationalSnapshotChangeEventSource(doCreateDataEventsForTable):513 Exporting data from table 'test.test_2_float8' (149 of 213 tables)"}}
{"type":"LOG","log":{"level":"INFO","message":"INFO i.a.w.i.DefaultAirbyteStreamFactory(internalLog):159 INFO i.d.r.RelationalSnapshotChangeEventSource(doCreateDataEventsForTable):559 \t Finished exporting 0 records for table 'test.test_2_float8' (149 of 213 tables); total duration '00:00:00.023'"}}
{"type":"LOG","log":{"level":"INFO","message":"INFO i.a.w.i.DefaultAirbyteStreamFactory(internalLog):159 INFO i.d.r.RelationalSnapshotChangeEventSource(doCreateDataEventsForTable):513 Exporting data from table 'test.test_2_float8_array' (150 of 213 tables)"}}
{"type":"LOG","log":{"level":"INFO","message":"INFO i.a.w.i.DefaultAirbyteStreamFactory(internalLog):159 INFO i.d.r.RelationalSnapshotChangeEventSource(doCreateDataEventsForTable):559 \t Finished exporting 0 records for table 'test.test_2_float8_array' (150 of 213 tables); total duration '00:00:00.024'"}}
{"type":"LOG","log":{"level":"INFO","message":"INFO i.a.w.i.DefaultAirbyteStreamFactory(internalLog):159 INFO i.d.r.RelationalSnapshotChangeEventSource(doCreateDataEventsForTable):513 Exporting data from table 'test.test_2_double_precision' (151 of 213 tables)"}}
{"type":"LOG","log":{"level":"INFO","message":"INFO i.a.w.i.DefaultAirbyteStreamFactory(internalLog):159 INFO i.d.r.RelationalSnapshotChangeEventSource(doCreateDataEventsForTable):559 \t Finished exporting 0 records for table 'test.test_2_double_precision' (151 of 213 tables); total duration '00:00:00.028'"}}
{"type":"LOG","log":{"level":"INFO","message":"INFO i.a.w.i.DefaultAirbyteStreamFactory(internalLog):159 INFO i.d.r.RelationalSnapshotChangeEventSource(doCreateDataEventsForTable):513 Exporting data from table 'test.test_2_inet' (152 of 213 tables)"}}
{"type":"LOG","log":{"level":"INFO","message":"INFO i.a.w.i.DefaultAirbyteStreamFactory(internalLog):159 INFO i.d.r.RelationalSnapshotChangeEventSource(doCreateDataEventsForTable):559 \t Finished exporting 0 records for table 'test.test_2_inet' (152 of 213 tables); total duration '00:00:00.02'"}}
{"type":"LOG","log":{"level":"INFO","message":"INFO i.a.w.i.DefaultAirbyteStreamFactory(internalLog):159 INFO i.d.r.RelationalSnapshotChangeEventSource(doCreateDataEventsForTable):513 Exporting data from table 'test.test_2_int4' (153 of 213 tables)"}}
{"type":"LOG","log":{"level":"INFO","message":"INFO i.a.w.i.DefaultAirbyteStreamFactory(internalLog):159 INFO i.d.r.RelationalSnapshotChangeEventSource(doCreateDataEventsForTable):559 \t Finished exporting 0 records for table 'test.test_2_int4' (153 of 213 tables); total duration '00:00:00.048'"}}
{"type":"LOG","log":{"level":"INFO","message":"INFO i.a.w.i.DefaultAirbyteStreamFactory(internalLog):159 INFO i.d.r.RelationalSnapshotChangeEventSource(doCreateDataEventsForTable):513 Exporting data from table 'test.test_2_int4_array' (154 of 213 tables)"}}
{"type":"LOG","log":{"level":"INFO","message":"INFO i.a.w.i.DefaultAirbyteStreamFactory(internalLog):159 INFO i.d.r.RelationalSnapshotChangeEventSource(doCreateDataEventsForTable):559 \t Finished exporting 0 records for table 'test.test_2_int4_array' (154 of 213 tables); total duration '00:00:00.026'"}}
{"type":"LOG","log":{"level":"INFO","message":"INFO i.a.w.i.DefaultAirbyteStreamFactory(internalLog):159 INFO i.d.r.RelationalSnapshotChangeEventSource(doCreateDataEventsForTable):513 Exporting data from table 'test.test_2_int' (155 of 213 tables)"}}
{"type":"LOG","log":{"level":"INFO","message":"INFO i.a.w.i.DefaultAirbyteStreamFactory(internalLog):159 INFO i.d.r.RelationalSnapshotChangeEventSource(doCreateDataEventsForTable):559 \t Finished exporting 0 records for table 'test.test_2_int' (155 of 213 tables); total duration '00:00:00.019'"}}
{"type":"LOG","log":{"level":"INFO","message":"INFO i.a.w.i.DefaultAirbyteStreamFactory(internalLog):159 INFO i.d.r.RelationalSnapshotChangeEventSource(doCreateDataEventsForTable):513 Exporting data from table 'test.test_2_int2' (156 of 213 tables)"}}
{"type":"LOG","log":{"level":"INFO","message":"INFO i.a.w.i.DefaultAirbyteStreamFactory(internalLog):159 INFO i.d.r.RelationalSnapshotChangeEventSource(doCreateDataEventsForTable):559 \t Finished exporting 0 records for table 'test.test_2_int2' (156 of 213 tables); total duration '00:00:00.024'"}}
{"type":"LOG","log":{"level":"INFO","message":"INFO i.a.w.i.DefaultAirbyteStreamFactory(internalLog):159 INFO i.d.r.RelationalSnapshotChangeEventSource(doCreateDataEventsForTable):513 Exporting data from table 'test.test_2_int2_array' (157 of 213 tables)"}}
{"type":"LOG","log":{"level":"INFO","message":"INFO i.a.w.i.DefaultAirbyteStreamFactory(internalLog):159 INFO i.d.r.RelationalSnapshotChangeEventSource(doCreateDataEventsForTable):559 \t Finished exporting 0 records for table 'test.test_2_int2_array' (157 of 213 tables); total duration '00:00:00.021'"}}
{"type":"LOG","log":{"level":"INFO","message":"INFO i.a.w.i.DefaultAirbyteStreamFactory(internalLog):159 INFO i.d.r.RelationalSnapshotChangeEventSource(doCreateDataEventsForTable):513 Exporting data from table 'test.test_2_int8_array' (158 of 213 tables)"}}
{"type":"LOG","log":{"level":"INFO","message":"INFO i.a.w.i.DefaultAirbyteStreamFactory(internalLog):159 INFO i.d.r.RelationalSnapshotChangeEventSource(doCreateDataEventsForTable):559 \t Finished exporting 0 records for table 'test.test_2_int8_array' (158 of 213 tables); total duration '00:00:00.023'"}}
{"type":"LOG","log":{"level":"INFO","message":"INFO i.a.w.i.DefaultAirbyteStreamFactory(internalLog):159 INFO i.d.r.RelationalSnapshotChangeEventSource(doCreateDataEventsForTable):513 Exporting data from table 'test.test_2_integer' (159 of 213 tables)"}}
{"type":"LOG","log":{"level":"INFO","message":"INFO i.a.w.i.DefaultAirbyteStreamFactory(internalLog):159 INFO i.d.r.RelationalSnapshotChangeEventSource(doCreateDataEventsForTable):559 \t Finished exporting 0 records for table 'test.test_2_integer' (159 of 213 tables); total duration '00:00:00.02'"}}
{"type":"LOG","log":{"level":"INFO","message":"INFO i.a.w.i.DefaultAirbyteStreamFactory(internalLog):159 INFO i.d.r.RelationalSnapshotChangeEventSource(doCreateDataEventsForTable):513 Exporting data from table 'test.test_2_interval' (160 of 213 tables)"}}
{"type":"LOG","log":{"level":"INFO","message":"INFO i.a.w.i.DefaultAirbyteStreamFactory(internalLog):159 INFO i.d.r.RelationalSnapshotChangeEventSource(doCreateDataEventsForTable):559 \t Finished exporting 0 records for table 'test.test_2_interval' (160 of 213 tables); total duration '00:00:00.02'"}}
{"type":"LOG","log":{"level":"INFO","message":"INFO i.a.w.i.DefaultAirbyteStreamFactory(internalLog):159 INFO i.d.r.RelationalSnapshotChangeEventSource(doCreateDataEventsForTable):513 Exporting data from table 'test.test_2_json' (161 of 213 tables)"}}
{"type":"LOG","log":{"level":"INFO","message":"INFO i.a.w.i.DefaultAirbyteStreamFactory(internalLog):159 INFO i.d.r.RelationalSnapshotChangeEventSource(doCreateDataEventsForTable):559 \t Finished exporting 0 records for table 'test.test_2_json' (161 of 213 tables); total duration '00:00:00.02'"}}
{"type":"LOG","log":{"level":"INFO","message":"INFO i.a.w.i.DefaultAirbyteStreamFactory(internalLog):159 INFO i.d.r.RelationalSnapshotChangeEventSource(doCreateDataEventsForTable):513 Exporting data from table 'test.test_2_jsonb' (162 of 213 tables)"}}
{"type":"LOG","log":{"level":"INFO","message":"INFO i.a.w.i.DefaultAirbyteStreamFactory(internalLog):159 INFO i.d.r.RelationalSnapshotChangeEventSource(doCreateDataEventsForTable):559 \t Finished exporting 0 records for table 'test.test_2_jsonb' (162 of 213 tables); total duration '00:00:00.024'"}}
{"type":"LOG","log":{"level":"INFO","message":"INFO i.a.w.i.DefaultAirbyteStreamFactory(internalLog):159 INFO i.d.r.RelationalSnapshotChangeEventSource(doCreateDataEventsForTable):513 Exporting data from table 'test.test_2_line' (163 of 213 tables)"}}
{"type":"LOG","log":{"level":"INFO","message":"INFO i.a.w.i.DefaultAirbyteStreamFactory(internalLog):159 INFO i.d.r.RelationalSnapshotChangeEventSource(doCreateDataEventsForTable):559 \t Finished exporting 0 records for table 'test.test_2_line' (163 of 213 tables); total duration '00:00:00.021'"}}
{"type":"LOG","log":{"level":"INFO","message":"INFO i.a.w.i.DefaultAirbyteStreamFactory(internalLog):159 INFO i.d.r.RelationalSnapshotChangeEventSource(doCreateDataEventsForTable):513 Exporting data from table 'test.test_2_lseg' (164 of 213 tables)"}}
{"type":"LOG","log":{"level":"INFO","message":"INFO i.a.w.i.DefaultAirbyteStreamFactory(internalLog):159 INFO i.d.r.RelationalSnapshotChangeEventSource(doCreateDataEventsForTable):559 \t Finished exporting 0 records for table 'test.test_2_lseg' (164 of 213 tables); total duration '00:00:00.023'"}}
{"type":"LOG","log":{"level":"INFO","message":"INFO i.a.w.i.DefaultAirbyteStreamFactory(internalLog):159 INFO i.d.r.RelationalSnapshotChangeEventSource(doCreateDataEventsForTable):513 Exporting data from table 'test.test_2_macaddr' (165 of 213 tables)"}}
{"type":"LOG","log":{"level":"INFO","message":"INFO i.a.w.i.DefaultAirbyteStreamFactory(internalLog):159 INFO i.d.r.RelationalSnapshotChangeEventSource(doCreateDataEventsForTable):559 \t Finished exporting 0 records for table 'test.test_2_macaddr' (165 of 213 tables); total duration '00:00:00.025'"}}
{"type":"LOG","log":{"level":"INFO","message":"INFO i.a.w.i.DefaultAirbyteStreamFactory(internalLog):159 INFO i.d.r.RelationalSnapshotChangeEventSource(doCreateDataEventsForTable):513 Exporting data from table 'test.test_2_macaddr8' (166 of 213 tables)"}}
{"type":"LOG","log":{"level":"INFO","message":"INFO i.a.w.i.DefaultAirbyteStreamFactory(internalLog):159 INFO i.d.r.RelationalSnapshotChangeEventSource(doCreateDataEventsForTable):559 \t Finished exporting 0 records for table 'test.test_2_macaddr8' (166 of 213 tables); total duration '00:00:00.015'"}}
{"type":"LOG","log":{"level":"INFO","message":"INFO i.a.w.i.DefaultAirbyteStreamFactory(internalLog):159 INFO i.d.r.RelationalSnapshotChangeEventSource(doCreateDataEventsForTable):513 Exporting data from table 'test.test_6_numeric' (167 of 213 tables)"}}
{"type":"LOG","log":{"level":"INFO","message":"INFO i.a.w.i.DefaultAirbyteStreamFactory(internalLog):159 INFO i.d.r.RelationalSnapshotChangeEventSource(doCreateDataEventsForTable):559 \t Finished exporting 0 records for table 'test.test_6_numeric' (167 of 213 tables); total duration '00:00:00.024'"}}
{"type":"LOG","log":{"level":"INFO","message":"INFO i.a.w.i.DefaultAirbyteStreamFactory(internalLog):159 INFO i.d.r.RelationalSnapshotChangeEventSource(doCreateDataEventsForTable):513 Exporting data from table 'test.test_6_numeric_array' (168 of 213 tables)"}}
{"type":"LOG","log":{"level":"INFO","message":"INFO i.a.w.i.DefaultAirbyteStreamFactory(internalLog):159 INFO i.d.r.RelationalSnapshotChangeEventSource(doCreateDataEventsForTable):559 \t Finished exporting 0 records for table 'test.test_6_numeric_array' (168 of 213 tables); total duration '00:00:00.021'"}}
{"type":"LOG","log":{"level":"INFO","message":"INFO i.a.w.i.DefaultAirbyteStreamFactory(internalLog):159 INFO i.d.r.RelationalSnapshotChangeEventSource(doCreateDataEventsForTable):513 Exporting data from table 'test.test_7_numeric' (169 of 213 tables)"}}
{"type":"LOG","log":{"level":"INFO","message":"INFO i.a.w.i.DefaultAirbyteStreamFactory(internalLog):159 INFO i.d.r.RelationalSnapshotChangeEventSource(doCreateDataEventsForTable):559 \t Finished exporting 0 records for table 'test.test_7_numeric' (169 of 213 tables); total duration '00:00:00.021'"}}
{"type":"LOG","log":{"level":"INFO","message":"INFO i.a.w.i.DefaultAirbyteStreamFactory(internalLog):159 INFO i.d.r.RelationalSnapshotChangeEventSource(doCreateDataEventsForTable):513 Exporting data from table 'test.test_8_numeric' (170 of 213 tables)"}}
{"type":"LOG","log":{"level":"INFO","message":"INFO i.a.w.i.DefaultAirbyteStreamFactory(internalLog):159 INFO i.d.r.RelationalSnapshotChangeEventSource(doCreateDataEventsForTable):559 \t Finished exporting 0 records for table 'test.test_8_numeric' (170 of 213 tables); total duration '00:00:00.02'"}}
{"type":"LOG","log":{"level":"INFO","message":"INFO i.a.w.i.DefaultAirbyteStreamFactory(internalLog):159 INFO i.d.r.RelationalSnapshotChangeEventSource(doCreateDataEventsForTable):513 Exporting data from table 'test.test_9_numeric' (171 of 213 tables)"}}
{"type":"LOG","log":{"level":"INFO","message":"INFO i.a.w.i.DefaultAirbyteStreamFactory(internalLog):159 INFO i.d.r.RelationalSnapshotChangeEventSource(doCreateDataEventsForTable):559 \t Finished exporting 0 records for table 'test.test_9_numeric' (171 of 213 tables); total duration '00:00:00.033'"}}
{"type":"LOG","log":{"level":"INFO","message":"INFO i.a.w.i.DefaultAirbyteStreamFactory(internalLog):159 INFO i.d.r.RelationalSnapshotChangeEventSource(doCreateDataEventsForTable):513 Exporting data from table 'test.test_2_decimal' (172 of 213 tables)"}}
{"type":"LOG","log":{"level":"INFO","message":"INFO i.a.w.i.DefaultAirbyteStreamFactory(internalLog):159 INFO i.d.r.RelationalSnapshotChangeEventSource(doCreateDataEventsForTable):559 \t Finished exporting 0 records for table 'test.test_2_decimal' (172 of 213 tables); total duration '00:00:00.012'"}}
{"type":"LOG","log":{"level":"INFO","message":"INFO i.a.w.i.DefaultAirbyteStreamFactory(internalLog):159 INFO i.d.r.RelationalSnapshotChangeEventSource(doCreateDataEventsForTable):513 Exporting data from table 'test.test_10_numeric' (173 of 213 tables)"}}
{"type":"LOG","log":{"level":"INFO","message":"INFO i.a.w.i.DefaultAirbyteStreamFactory(internalLog):159 INFO i.d.r.RelationalSnapshotChangeEventSource(doCreateDataEventsForTable):559 \t Finished exporting 0 records for table 'test.test_10_numeric' (173 of 213 tables); total duration '00:00:00.03'"}}
{"type":"LOG","log":{"level":"INFO","message":"INFO i.a.w.i.DefaultAirbyteStreamFactory(internalLog):159 INFO i.d.r.RelationalSnapshotChangeEventSource(doCreateDataEventsForTable):513 Exporting data from table 'test.test_2_path' (174 of 213 tables)"}}
{"type":"LOG","log":{"level":"INFO","message":"INFO i.a.w.i.DefaultAirbyteStreamFactory(internalLog):159 INFO i.d.r.RelationalSnapshotChangeEventSource(doCreateDataEventsForTable):559 \t Finished exporting 0 records for table 'test.test_2_path' (174 of 213 tables); total duration '00:00:00.03'"}}
{"type":"LOG","log":{"level":"INFO","message":"INFO i.a.w.i.DefaultAirbyteStreamFactory(internalLog):159 INFO i.d.r.RelationalSnapshotChangeEventSource(doCreateDataEventsForTable):513 Exporting data from table 'test.test_2_pg_lsn' (175 of 213 tables)"}}
{"type":"LOG","log":{"level":"INFO","message":"INFO i.a.w.i.DefaultAirbyteStreamFactory(internalLog):159 INFO i.d.r.RelationalSnapshotChangeEventSource(doCreateDataEventsForTable):559 \t Finished exporting 0 records for table 'test.test_2_pg_lsn' (175 of 213 tables); total duration '00:00:00.02'"}}
{"type":"LOG","log":{"level":"INFO","message":"INFO i.a.w.i.DefaultAirbyteStreamFactory(internalLog):159 INFO i.d.r.RelationalSnapshotChangeEventSource(doCreateDataEventsForTable):513 Exporting data from table 'test.test_2_point' (176 of 213 tables)"}}
{"type":"LOG","log":{"level":"INFO","message":"INFO i.a.w.i.DefaultAirbyteStreamFactory(internalLog):159 INFO i.d.r.RelationalSnapshotChangeEventSource(doCreateDataEventsForTable):559 \t Finished exporting 0 records for table 'test.test_2_point' (176 of 213 tables); total duration '00:00:00.019'"}}
{"type":"LOG","log":{"level":"INFO","message":"INFO i.a.w.i.DefaultAirbyteStreamFactory(internalLog):159 INFO i.d.r.RelationalSnapshotChangeEventSource(doCreateDataEventsForTable):513 Exporting data from table 'test.test_2_polygon' (177 of 213 tables)"}}
{"type":"LOG","log":{"level":"INFO","message":"INFO i.a.w.i.DefaultAirbyteStreamFactory(internalLog):159 INFO i.d.r.RelationalSnapshotChangeEventSource(doCreateDataEventsForTable):559 \t Finished exporting 0 records for table 'test.test_2_polygon' (177 of 213 tables); total duration '00:00:00.025'"}}
{"type":"LOG","log":{"level":"INFO","message":"INFO i.a.w.i.DefaultAirbyteStreamFactory(internalLog):159 INFO i.d.r.RelationalSnapshotChangeEventSource(doCreateDataEventsForTable):513 Exporting data from table 'test.test_2_real' (178 of 213 tables)"}}
{"type":"LOG","log":{"level":"INFO","message":"INFO i.a.w.i.DefaultAirbyteStreamFactory(internalLog):159 INFO i.d.r.RelationalSnapshotChangeEventSource(doCreateDataEventsForTable):559 \t Finished exporting 0 records for table 'test.test_2_real' (178 of 213 tables); total duration '00:00:00.016'"}}
{"type":"LOG","log":{"level":"INFO","message":"INFO i.a.w.i.DefaultAirbyteStreamFactory(internalLog):159 INFO i.d.r.RelationalSnapshotChangeEventSource(doCreateDataEventsForTable):513 Exporting data from table 'test.test_2_smallint' (179 of 213 tables)"}}
{"type":"LOG","log":{"level":"INFO","message":"INFO i.a.w.i.DefaultAirbyteStreamFactory(internalLog):159 INFO i.d.r.RelationalSnapshotChangeEventSource(doCreateDataEventsForTable):559 \t Finished exporting 0 records for table 'test.test_2_smallint' (179 of 213 tables); total duration '00:00:00.017'"}}
{"type":"LOG","log":{"level":"INFO","message":"INFO i.a.w.i.DefaultAirbyteStreamFactory(internalLog):159 INFO i.d.r.RelationalSnapshotChangeEventSource(doCreateDataEventsForTable):513 Exporting data from table 'test.test_2_serial2' (180 of 213 tables)"}}
{"type":"LOG","log":{"level":"INFO","message":"INFO i.a.w.i.DefaultAirbyteStreamFactory(internalLog):159 INFO i.d.r.RelationalSnapshotChangeEventSource(doCreateDataEventsForTable):559 \t Finished exporting 0 records for table 'test.test_2_serial2' (180 of 213 tables); total duration '00:00:00.027'"}}
{"type":"LOG","log":{"level":"INFO","message":"INFO i.a.w.i.DefaultAirbyteStreamFactory(internalLog):159 INFO i.d.r.RelationalSnapshotChangeEventSource(doCreateDataEventsForTable):513 Exporting data from table 'test.test_2_smallserial' (181 of 213 tables)"}}
{"type":"LOG","log":{"level":"INFO","message":"INFO i.a.w.i.DefaultAirbyteStreamFactory(internalLog):159 INFO i.d.r.RelationalSnapshotChangeEventSource(doCreateDataEventsForTable):559 \t Finished exporting 0 records for table 'test.test_2_smallserial' (181 of 213 tables); total duration '00:00:00.023'"}}
{"type":"LOG","log":{"level":"INFO","message":"INFO i.a.w.i.DefaultAirbyteStreamFactory(internalLog):159 INFO i.d.r.RelationalSnapshotChangeEventSource(doCreateDataEventsForTable):513 Exporting data from table 'test.test_2_serial4' (182 of 213 tables)"}}
{"type":"LOG","log":{"level":"INFO","message":"INFO i.a.w.i.DefaultAirbyteStreamFactory(internalLog):159 INFO i.d.r.RelationalSnapshotChangeEventSource(doCreateDataEventsForTable):559 \t Finished exporting 0 records for table 'test.test_2_serial4' (182 of 213 tables); total duration '00:00:00.021'"}}
{"type":"LOG","log":{"level":"INFO","message":"INFO i.a.w.i.DefaultAirbyteStreamFactory(internalLog):159 INFO i.d.r.RelationalSnapshotChangeEventSource(doCreateDataEventsForTable):513 Exporting data from table 'test.test_2_serial' (183 of 213 tables)"}}
{"type":"LOG","log":{"level":"INFO","message":"INFO i.a.w.i.DefaultAirbyteStreamFactory(internalLog):159 INFO i.d.r.RelationalSnapshotChangeEventSource(doCreateDataEventsForTable):559 \t Finished exporting 0 records for table 'test.test_2_serial' (183 of 213 tables); total duration '00:00:00.045'"}}
{"type":"LOG","log":{"level":"INFO","message":"INFO i.a.w.i.DefaultAirbyteStreamFactory(internalLog):159 INFO i.d.r.RelationalSnapshotChangeEventSource(doCreateDataEventsForTable):513 Exporting data from table 'test.test_6_time' (184 of 213 tables)"}}
{"type":"LOG","log":{"level":"INFO","message":"INFO i.a.w.i.DefaultAirbyteStreamFactory(internalLog):159 INFO i.d.r.RelationalSnapshotChangeEventSource(doCreateDataEventsForTable):559 \t Finished exporting 0 records for table 'test.test_6_time' (184 of 213 tables); total duration '00:00:00.108'"}}
{"type":"LOG","log":{"level":"INFO","message":"INFO i.a.w.i.DefaultAirbyteStreamFactory(internalLog):159 INFO i.d.r.RelationalSnapshotChangeEventSource(doCreateDataEventsForTable):513 Exporting data from table 'test.test_7_time' (185 of 213 tables)"}}
{"type":"LOG","log":{"level":"INFO","message":"INFO i.a.w.i.DefaultAirbyteStreamFactory(internalLog):159 INFO i.d.r.RelationalSnapshotChangeEventSource(doCreateDataEventsForTable):559 \t Finished exporting 0 records for table 'test.test_7_time' (185 of 213 tables); total duration '00:00:00.02'"}}
{"type":"LOG","log":{"level":"INFO","message":"INFO i.a.w.i.DefaultAirbyteStreamFactory(internalLog):159 INFO i.d.r.RelationalSnapshotChangeEventSource(doCreateDataEventsForTable):513 Exporting data from table 'test.test_8_time' (186 of 213 tables)"}}
{"type":"LOG","log":{"level":"INFO","message":"INFO i.a.w.i.DefaultAirbyteStreamFactory(internalLog):159 INFO i.d.r.RelationalSnapshotChangeEventSource(doCreateDataEventsForTable):559 \t Finished exporting 0 records for table 'test.test_8_time' (186 of 213 tables); total duration '00:00:00.032'"}}
{"type":"LOG","log":{"level":"INFO","message":"INFO i.a.w.i.DefaultAirbyteStreamFactory(internalLog):159 INFO i.d.r.RelationalSnapshotChangeEventSource(doCreateDataEventsForTable):513 Exporting data from table 'test.test_9_time' (187 of 213 tables)"}}
{"type":"LOG","log":{"level":"INFO","message":"INFO i.a.w.i.DefaultAirbyteStreamFactory(internalLog):159 INFO i.d.r.RelationalSnapshotChangeEventSource(doCreateDataEventsForTable):559 \t Finished exporting 0 records for table 'test.test_9_time' (187 of 213 tables); total duration '00:00:00.021'"}}
{"type":"LOG","log":{"level":"INFO","message":"INFO i.a.w.i.DefaultAirbyteStreamFactory(internalLog):159 INFO i.d.r.RelationalSnapshotChangeEventSource(doCreateDataEventsForTable):513 Exporting data from table 'test.test_9_timestamp' (188 of 213 tables)"}}
{"type":"LOG","log":{"level":"INFO","message":"INFO i.a.w.i.DefaultAirbyteStreamFactory(internalLog):159 INFO i.d.r.RelationalSnapshotChangeEventSource(doCreateDataEventsForTable):559 \t Finished exporting 0 records for table 'test.test_9_timestamp' (188 of 213 tables); total duration '00:00:00.052'"}}
{"type":"LOG","log":{"level":"INFO","message":"INFO i.a.w.i.DefaultAirbyteStreamFactory(internalLog):159 INFO i.d.r.RelationalSnapshotChangeEventSource(doCreateDataEventsForTable):513 Exporting data from table 'test.test_10_time' (189 of 213 tables)"}}
{"type":"LOG","log":{"level":"INFO","message":"INFO i.a.w.i.DefaultAirbyteStreamFactory(internalLog):159 INFO i.d.r.RelationalSnapshotChangeEventSource(doCreateDataEventsForTable):559 \t Finished exporting 0 records for table 'test.test_10_time' (189 of 213 tables); total duration '00:00:00.049'"}}
{"type":"LOG","log":{"level":"INFO","message":"INFO i.a.w.i.DefaultAirbyteStreamFactory(internalLog):159 INFO i.d.r.RelationalSnapshotChangeEventSource(doCreateDataEventsForTable):513 Exporting data from table 'test.test_10_timestamp' (190 of 213 tables)"}}
{"type":"LOG","log":{"level":"INFO","message":"INFO i.a.w.i.DefaultAirbyteStreamFactory(internalLog):159 INFO i.d.r.RelationalSnapshotChangeEventSource(doCreateDataEventsForTable):559 \t Finished exporting 0 records for table 'test.test_10_timestamp' (190 of 213 tables); total duration '00:00:00.031'"}}
{"type":"LOG","log":{"level":"INFO","message":"INFO i.a.w.i.DefaultAirbyteStreamFactory(internalLog):159 INFO i.d.r.RelationalSnapshotChangeEventSource(doCreateDataEventsForTable):513 Exporting data from table 'test.test_11_timestamp' (191 of 213 tables)"}}
{"type":"LOG","log":{"level":"INFO","message":"INFO i.a.w.i.DefaultAirbyteStreamFactory(internalLog):159 INFO i.d.r.RelationalSnapshotChangeEventSource(doCreateDataEventsForTable):559 \t Finished exporting 0 records for table 'test.test_11_timestamp' (191 of 213 tables); total duration '00:00:00.08'"}}
{"type":"LOG","log":{"level":"INFO","message":"INFO i.a.w.i.DefaultAirbyteStreamFactory(internalLog):159 INFO i.d.r.RelationalSnapshotChangeEventSource(doCreateDataEventsForTable):513 Exporting data from table 'test.test_12_timestamp' (192 of 213 tables)"}}
{"type":"LOG","log":{"level":"INFO","message":"INFO i.a.w.i.DefaultAirbyteStreamFactory(internalLog):159 INFO i.d.r.RelationalSnapshotChangeEventSource(doCreateDataEventsForTable):559 \t Finished exporting 0 records for table 'test.test_12_timestamp' (192 of 213 tables); total duration '00:00:00.034'"}}
{"type":"LOG","log":{"level":"INFO","message":"INFO i.a.w.i.DefaultAirbyteStreamFactory(internalLog):159 INFO i.d.r.RelationalSnapshotChangeEventSource(doCreateDataEventsForTable):513 Exporting data from table 'test.test_13_timestamp' (193 of 213 tables)"}}
{"type":"LOG","log":{"level":"INFO","message":"INFO i.a.w.i.DefaultAirbyteStreamFactory(internalLog):159 INFO i.d.r.RelationalSnapshotChangeEventSource(doCreateDataEventsForTable):559 \t Finished exporting 0 records for table 'test.test_13_timestamp' (193 of 213 tables); total duration '00:00:00.032'"}}
{"type":"LOG","log":{"level":"INFO","message":"INFO i.a.w.i.DefaultAirbyteStreamFactory(internalLog):159 INFO i.d.r.RelationalSnapshotChangeEventSource(doCreateDataEventsForTable):513 Exporting data from table 'test.test_14_timestamp' (194 of 213 tables)"}}
{"type":"LOG","log":{"level":"INFO","message":"INFO i.a.w.i.DefaultAirbyteStreamFactory(internalLog):159 INFO i.d.r.RelationalSnapshotChangeEventSource(doCreateDataEventsForTable):559 \t Finished exporting 0 records for table 'test.test_14_timestamp' (194 of 213 tables); total duration '00:00:00.043'"}}
{"type":"LOG","log":{"level":"INFO","message":"INFO i.a.w.i.DefaultAirbyteStreamFactory(internalLog):159 INFO i.d.r.RelationalSnapshotChangeEventSource(doCreateDataEventsForTable):513 Exporting data from table 'test.test_15_timestamp' (195 of 213 tables)"}}
{"type":"LOG","log":{"level":"INFO","message":"INFO i.a.w.i.DefaultAirbyteStreamFactory(internalLog):159 INFO i.d.r.RelationalSnapshotChangeEventSource(doCreateDataEventsForTable):559 \t Finished exporting 0 records for table 'test.test_15_timestamp' (195 of 213 tables); total duration '00:00:00.023'"}}
{"type":"LOG","log":{"level":"INFO","message":"INFO i.a.w.i.DefaultAirbyteStreamFactory(internalLog):159 INFO i.d.r.RelationalSnapshotChangeEventSource(doCreateDataEventsForTable):513 Exporting data from table 'test.test_16_timestamp' (196 of 213 tables)"}}
{"type":"LOG","log":{"level":"INFO","message":"INFO i.a.w.i.DefaultAirbyteStreamFactory(internalLog):159 INFO i.d.r.RelationalSnapshotChangeEventSource(doCreateDataEventsForTable):559 \t Finished exporting 0 records for table 'test.test_16_timestamp' (196 of 213 tables); total duration '00:00:00.022'"}}
{"type":"LOG","log":{"level":"INFO","message":"INFO i.a.w.i.DefaultAirbyteStreamFactory(internalLog):159 INFO i.d.r.RelationalSnapshotChangeEventSource(doCreateDataEventsForTable):513 Exporting data from table 'test.test_2_tsquery' (197 of 213 tables)"}}
{"type":"LOG","log":{"level":"INFO","message":"INFO i.a.w.i.DefaultAirbyteStreamFactory(internalLog):159 INFO i.d.r.RelationalSnapshotChangeEventSource(doCreateDataEventsForTable):559 \t Finished exporting 0 records for table 'test.test_2_tsquery' (197 of 213 tables); total duration '00:00:00.021'"}}
{"type":"LOG","log":{"level":"INFO","message":"INFO i.a.w.i.DefaultAirbyteStreamFactory(internalLog):159 INFO i.d.r.RelationalSnapshotChangeEventSource(doCreateDataEventsForTable):513 Exporting data from table 'test.test_2_tsvector' (198 of 213 tables)"}}
{"type":"LOG","log":{"level":"INFO","message":"INFO i.a.w.i.DefaultAirbyteStreamFactory(internalLog):159 INFO i.d.r.RelationalSnapshotChangeEventSource(doCreateDataEventsForTable):559 \t Finished exporting 0 records for table 'test.test_2_tsvector' (198 of 213 tables); total duration '00:00:00.02'"}}
{"type":"LOG","log":{"level":"INFO","message":"INFO i.a.w.i.DefaultAirbyteStreamFactory(internalLog):159 INFO i.d.r.RelationalSnapshotChangeEventSource(doCreateDataEventsForTable):513 Exporting data from table 'test.test_2_uuid' (199 of 213 tables)"}}
{"type":"LOG","log":{"level":"INFO","message":"INFO i.a.w.i.DefaultAirbyteStreamFactory(internalLog):159 INFO i.d.r.RelationalSnapshotChangeEventSource(doCreateDataEventsForTable):559 \t Finished exporting 0 records for table 'test.test_2_uuid' (199 of 213 tables); total duration '00:00:00.031'"}}
{"type":"LOG","log":{"level":"INFO","message":"INFO i.a.w.i.DefaultAirbyteStreamFactory(internalLog):159 INFO i.d.r.RelationalSnapshotChangeEventSource(doCreateDataEventsForTable):513 Exporting data from table 'test.test_2_xml' (200 of 213 tables)"}}
{"type":"LOG","log":{"level":"INFO","message":"INFO i.a.w.i.DefaultAirbyteStreamFactory(internalLog):159 INFO i.d.r.RelationalSnapshotChangeEventSource(doCreateDataEventsForTable):559 \t Finished exporting 0 records for table 'test.test_2_xml' (200 of 213 tables); total duration '00:00:00.056'"}}
{"type":"LOG","log":{"level":"INFO","message":"INFO i.a.w.i.DefaultAirbyteStreamFactory(internalLog):159 INFO i.d.r.RelationalSnapshotChangeEventSource(doCreateDataEventsForTable):513 Exporting data from table 'test.test_2_mood' (201 of 213 tables)"}}
{"type":"LOG","log":{"level":"INFO","message":"INFO i.a.w.i.DefaultAirbyteStreamFactory(internalLog):159 INFO i.d.r.RelationalSnapshotChangeEventSource(doCreateDataEventsForTable):559 \t Finished exporting 0 records for table 'test.test_2_mood' (201 of 213 tables); total duration '00:00:00.018'"}}
{"type":"LOG","log":{"level":"INFO","message":"INFO i.a.w.i.DefaultAirbyteStreamFactory(internalLog):159 INFO i.d.r.RelationalSnapshotChangeEventSource(doCreateDataEventsForTable):513 Exporting data from table 'test.test_2_tsrange' (202 of 213 tables)"}}
{"type":"LOG","log":{"level":"INFO","message":"INFO i.a.w.i.DefaultAirbyteStreamFactory(internalLog):159 INFO i.d.r.RelationalSnapshotChangeEventSource(doCreateDataEventsForTable):559 \t Finished exporting 0 records for table 'test.test_2_tsrange' (202 of 213 tables); total duration '00:00:00.023'"}}
{"type":"LOG","log":{"level":"INFO","message":"INFO i.a.w.i.DefaultAirbyteStreamFactory(internalLog):159 INFO i.d.r.RelationalSnapshotChangeEventSource(doCreateDataEventsForTable):513 Exporting data from table 'test.test_2_inventory_item' (203 of 213 tables)"}}
{"type":"LOG","log":{"level":"INFO","message":"INFO i.a.w.i.DefaultAirbyteStreamFactory(internalLog):159 INFO i.d.r.RelationalSnapshotChangeEventSource(doCreateDataEventsForTable):559 \t Finished exporting 0 records for table 'test.test_2_inventory_item' (203 of 213 tables); total duration '00:00:00.024'"}}
{"type":"LOG","log":{"level":"INFO","message":"INFO i.a.w.i.DefaultAirbyteStreamFactory(internalLog):159 INFO i.d.r.RelationalSnapshotChangeEventSource(doCreateDataEventsForTable):513 Exporting data from table 'test.test_2_hstore' (204 of 213 tables)"}}
{"type":"LOG","log":{"level":"INFO","message":"INFO i.a.w.i.DefaultAirbyteStreamFactory(internalLog):159 INFO i.d.r.RelationalSnapshotChangeEventSource(doCreateDataEventsForTable):559 \t Finished exporting 0 records for table 'test.test_2_hstore' (204 of 213 tables); total duration '00:00:00.035'"}}
{"type":"LOG","log":{"level":"INFO","message":"INFO i.a.w.i.DefaultAirbyteStreamFactory(internalLog):159 INFO i.d.r.RelationalSnapshotChangeEventSource(doCreateDataEventsForTable):513 Exporting data from table 'test.test_2_oid_array' (205 of 213 tables)"}}
{"type":"LOG","log":{"level":"INFO","message":"INFO i.a.w.i.DefaultAirbyteStreamFactory(internalLog):159 INFO i.d.r.RelationalSnapshotChangeEventSource(doCreateDataEventsForTable):559 \t Finished exporting 0 records for table 'test.test_2_oid_array' (205 of 213 tables); total duration '00:00:00.033'"}}
{"type":"LOG","log":{"level":"INFO","message":"INFO i.a.w.i.DefaultAirbyteStreamFactory(internalLog):159 INFO i.d.r.RelationalSnapshotChangeEventSource(doCreateDataEventsForTable):513 Exporting data from table 'test.test_2_bpchar_array' (206 of 213 tables)"}}
{"type":"LOG","log":{"level":"INFO","message":"INFO i.a.w.i.DefaultAirbyteStreamFactory(internalLog):159 INFO i.d.r.RelationalSnapshotChangeEventSource(doCreateDataEventsForTable):559 \t Finished exporting 0 records for table 'test.test_2_bpchar_array' (206 of 213 tables); total duration '00:00:00.015'"}}
{"type":"LOG","log":{"level":"INFO","message":"INFO i.a.w.i.DefaultAirbyteStreamFactory(internalLog):159 INFO i.d.r.RelationalSnapshotChangeEventSource(doCreateDataEventsForTable):513 Exporting data from table 'test.test_2_name_array' (207 of 213 tables)"}}
{"type":"LOG","log":{"level":"INFO","message":"INFO i.a.w.i.DefaultAirbyteStreamFactory(internalLog):159 INFO i.d.r.RelationalSnapshotChangeEventSource(doCreateDataEventsForTable):559 \t Finished exporting 0 records for table 'test.test_2_name_array' (207 of 213 tables); total duration '00:00:00.02'"}}
{"type":"LOG","log":{"level":"INFO","message":"INFO i.a.w.i.DefaultAirbyteStreamFactory(internalLog):159 INFO i.d.r.RelationalSnapshotChangeEventSource(doCreateDataEventsForTable):513 Exporting data from table 'test.test_4_decimal_array' (208 of 213 tables)"}}
{"type":"LOG","log":{"level":"INFO","message":"INFO i.a.w.i.DefaultAirbyteStreamFactory(internalLog):159 INFO i.d.r.RelationalSnapshotChangeEventSource(doCreateDataEventsForTable):559 \t Finished exporting 0 records for table 'test.test_4_decimal_array' (208 of 213 tables); total duration '00:00:00.024'"}}
{"type":"LOG","log":{"level":"INFO","message":"INFO i.a.w.i.DefaultAirbyteStreamFactory(internalLog):159 INFO i.d.r.RelationalSnapshotChangeEventSource(doCreateDataEventsForTable):513 Exporting data from table 'test.test_5_decimal_array' (209 of 213 tables)"}}
{"type":"LOG","log":{"level":"INFO","message":"INFO i.a.w.i.DefaultAirbyteStreamFactory(internalLog):159 INFO i.d.r.RelationalSnapshotChangeEventSource(doCreateDataEventsForTable):559 \t Finished exporting 0 records for table 'test.test_5_decimal_array' (209 of 213 tables); total duration '00:00:00.021'"}}
{"type":"LOG","log":{"level":"INFO","message":"INFO i.a.w.i.DefaultAirbyteStreamFactory(internalLog):159 INFO i.d.r.RelationalSnapshotChangeEventSource(doCreateDataEventsForTable):513 Exporting data from table 'test.test_6_decimal_array' (210 of 213 tables)"}}
{"type":"LOG","log":{"level":"INFO","message":"INFO i.a.w.i.DefaultAirbyteStreamFactory(internalLog):159 INFO i.d.r.RelationalSnapshotChangeEventSource(doCreateDataEventsForTable):559 \t Finished exporting 0 records for table 'test.test_6_decimal_array' (210 of 213 tables); total duration '00:00:00.023'"}}
{"type":"LOG","log":{"level":"INFO","message":"INFO i.a.w.i.DefaultAirbyteStreamFactory(internalLog):159 INFO i.d.r.RelationalSnapshotChangeEventSource(doCreateDataEventsForTable):513 Exporting data from table 'test.test_2_money_array' (211 of 213 tables)"}}
{"type":"LOG","log":{"level":"INFO","message":"INFO i.a.w.i.DefaultAirbyteStreamFactory(internalLog):159 INFO i.d.r.RelationalSnapshotChangeEventSource(doCreateDataEventsForTable):559 \t Finished exporting 0 records for table 'test.test_2_money_array' (211 of 213 tables); total duration '00:00:00.016'"}}
{"type":"LOG","log":{"level":"INFO","message":"INFO i.a.w.i.DefaultAirbyteStreamFactory(internalLog):159 INFO i.d.r.RelationalSnapshotChangeEventSource(doCreateDataEventsForTable):513 Exporting data from table 'test.test_2_money' (212 of 213 tables)"}}
{"type":"LOG","log":{"level":"INFO","message":"INFO i.a.w.i.DefaultAirbyteStreamFactory(internalLog):159 INFO i.d.r.RelationalSnapshotChangeEventSource(doCreateDataEventsForTable):559 \t Finished exporting 0 records for table 'test.test_2_money' (212 of 213 tables); total duration '00:00:00.018'"}}
{"type":"LOG","log":{"level":"INFO","message":"INFO i.a.w.i.DefaultAirbyteStreamFactory(internalLog):159 INFO i.d.r.RelationalSnapshotChangeEventSource(doCreateDataEventsForTable):513 Exporting data from table 'test.random_dummy_table' (213 of 213 tables)"}}
{"type":"LOG","log":{"level":"INFO","message":"INFO i.a.w.i.DefaultAirbyteStreamFactory(internalLog):159 INFO i.d.r.RelationalSnapshotChangeEventSource(doCreateDataEventsForTable):559 \t Finished exporting 1 records for table 'test.random_dummy_table' (213 of 213 tables); total duration '00:00:00.085'"}}
{"type":"LOG","log":{"level":"INFO","message":"INFO i.a.w.i.DefaultAirbyteStreamFactory(internalLog):159 INFO i.d.p.s.AbstractSnapshotChangeEventSource(execute):88 Snapshot - Final stage"}}
{"type":"LOG","log":{"level":"INFO","message":"INFO i.a.w.i.DefaultAirbyteStreamFactory(internalLog):159 INFO i.d.p.s.AbstractSnapshotChangeEventSource(execute):92 Snapshot completed"}}
{"type":"LOG","log":{"level":"INFO","message":"INFO i.a.w.i.DefaultAirbyteStreamFactory(internalLog):159 INFO i.d.p.ChangeEventSourceCoordinator(doSnapshot):156 Snapshot ended with SnapshotResult [status=COMPLETED, offset=PostgresOffsetContext [sourceInfoSchema=Schema{io.debezium.connector.postgresql.Source:STRUCT}, sourceInfo=source_info[server='test'db='test', lsn=LSN{0/1AADC30}, txId=954, timestamp=2023-05-20T14:36:34.390505Z, snapshot=FALSE, schema=test, table=random_dummy_table], lastSnapshotRecord=true, lastCompletelyProcessedLsn=null, lastCommitLsn=null, streamingStoppingLsn=null, transactionContext=TransactionContext [currentTransactionId=null, perTableEventCount={}, totalEventCount=0], incrementalSnapshotContext=IncrementalSnapshotContext [windowOpened=false, chunkEndPosition=null, dataCollectionsToSnapshot=[], lastEventKeySent=null, maximumKey=null]]]"}}
{"type":"LOG","log":{"level":"INFO","message":"INFO i.a.w.i.DefaultAirbyteStreamFactory(internalLog):159 INFO i.d.p.ChangeEventSourceCoordinator(streamingConnected):240 Connected metrics set to 'true'"}}
{"type":"LOG","log":{"level":"INFO","message":"INFO i.a.w.i.DefaultAirbyteStreamFactory(internalLog):159 INFO i.d.c.c.BaseSourceTask(logStatistics):195 2 records sent during previous 00:00:13.137, last recorded offset of {server=test} partition is {transaction_id=null, lsn=27974704, txId=954, ts_usec=1684593394390505}"}}
{"type":"LOG","log":{"level":"INFO","message":"INFO i.a.w.i.DefaultAirbyteStreamFactory(internalLog):159 INFO i.a.i.d.i.p.PostgresCdcTargetPosition(reachedTargetPosition):61 Signalling close because Snapshot is complete"}}
{"type":"LOG","log":{"level":"INFO","message":"INFO i.a.w.i.DefaultAirbyteStreamFactory(internalLog):159 INFO i.a.i.d.i.DebeziumRecordIterator(requestClose):208 Closing: Change event reached target position"}}
{"type":"LOG","log":{"level":"INFO","message":"INFO i.a.w.i.DefaultAirbyteStreamFactory(internalLog):159 INFO i.d.e.EmbeddedEngine(stop):1146 Stopping the embedded engine"}}
{"type":"LOG","log":{"level":"INFO","message":"INFO i.a.w.i.DefaultAirbyteStreamFactory(internalLog):159 INFO i.d.e.EmbeddedEngine(stop):1153 Waiting for PT5M for connector to stop"}}
{"type":"LOG","log":{"level":"INFO","message":"INFO i.a.w.i.DefaultAirbyteStreamFactory(internalLog):159 INFO i.d.e.EmbeddedEngine(run):944 Stopping the task and engine"}}
{"type":"LOG","log":{"level":"INFO","message":"INFO i.a.w.i.DefaultAirbyteStreamFactory(internalLog):159 INFO i.d.c.c.BaseSourceTask(stop):278 Stopping down connector"}}
{"type":"LOG","log":{"level":"INFO","message":"INFO i.a.w.i.DefaultAirbyteStreamFactory(internalLog):159 INFO i.d.c.p.PostgresSchema(printReplicaIdentityInfo):100 REPLICA IDENTITY for 'test.test_8_time' is 'DEFAULT'; UPDATE and DELETE events will contain previous values only for PK columns"}}
{"type":"LOG","log":{"level":"INFO","message":"INFO i.a.w.i.DefaultAirbyteStreamFactory(internalLog):159 INFO i.d.c.p.PostgresSchema(printReplicaIdentityInfo):100 REPLICA IDENTITY for 'test.test_8_timestamp' is 'DEFAULT'; UPDATE and DELETE events will contain previous values only for PK columns"}}
{"type":"LOG","log":{"level":"INFO","message":"INFO i.a.w.i.DefaultAirbyteStreamFactory(internalLog):159 INFO i.d.c.p.PostgresSchema(printReplicaIdentityInfo):100 REPLICA IDENTITY for 'test.test_3_char' is 'DEFAULT'; UPDATE and DELETE events will contain previous values only for PK columns"}}
{"type":"LOG","log":{"level":"INFO","message":"INFO i.a.w.i.DefaultAirbyteStreamFactory(internalLog):159 INFO i.d.c.p.PostgresSchema(printReplicaIdentityInfo):100 REPLICA IDENTITY for 'test.test_2_char_array' is 'DEFAULT'; UPDATE and DELETE events will contain previous values only for PK columns"}}
{"type":"LOG","log":{"level":"INFO","message":"INFO i.a.w.i.DefaultAirbyteStreamFactory(internalLog):159 INFO i.d.c.p.PostgresSchema(printReplicaIdentityInfo):100 REPLICA IDENTITY for 'test.test_7_numeric' is 'DEFAULT'; UPDATE and DELETE events will contain previous values only for PK columns"}}
{"type":"LOG","log":{"level":"INFO","message":"INFO i.a.w.i.DefaultAirbyteStreamFactory(internalLog):159 INFO i.d.c.p.PostgresSchema(printReplicaIdentityInfo):100 REPLICA IDENTITY for 'test.test_1_timetz_array' is 'DEFAULT'; UPDATE and DELETE events will contain previous values only for PK columns"}}
{"type":"LOG","log":{"level":"INFO","message":"INFO i.a.w.i.DefaultAirbyteStreamFactory(internalLog):159 INFO i.d.c.p.PostgresSchema(printReplicaIdentityInfo):100 REPLICA IDENTITY for 'test.test_2_varchar_array' is 'DEFAULT'; UPDATE and DELETE events will contain previous values only for PK columns"}}
{"type":"LOG","log":{"level":"INFO","message":"INFO i.a.w.i.DefaultAirbyteStreamFactory(internalLog):159 INFO i.d.c.p.PostgresSchema(printReplicaIdentityInfo):100 REPLICA IDENTITY for 'test.test_1_circle' is 'DEFAULT'; UPDATE and DELETE events will contain previous values only for PK columns"}}
{"type":"LOG","log":{"level":"INFO","message":"INFO i.a.w.i.DefaultAirbyteStreamFactory(internalLog):159 INFO i.d.c.p.PostgresSchema(printReplicaIdentityInfo):100 REPLICA IDENTITY for 'test.test_2_money' is 'DEFAULT'; UPDATE and DELETE events will contain previous values only for PK columns"}}
{"type":"LOG","log":{"level":"INFO","message":"INFO i.a.w.i.DefaultAirbyteStreamFactory(internalLog):159 INFO i.d.c.p.PostgresSchema(printReplicaIdentityInfo):100 REPLICA IDENTITY for 'test.test_1_tsquery' is 'DEFAULT'; UPDATE and DELETE events will contain previous values only for PK columns"}}
{"type":"LOG","log":{"level":"INFO","message":"INFO i.a.w.i.DefaultAirbyteStreamFactory(internalLog):159 INFO i.d.c.p.PostgresSchema(printReplicaIdentityInfo):100 REPLICA IDENTITY for 'test.test_1_float4_array' is 'DEFAULT'; UPDATE and DELETE events will contain previous values only for PK columns"}}
{"type":"LOG","log":{"level":"INFO","message":"INFO i.a.w.i.DefaultAirbyteStreamFactory(internalLog):159 INFO i.d.c.p.PostgresSchema(printReplicaIdentityInfo):100 REPLICA IDENTITY for 'test.test_1_text' is 'DEFAULT'; UPDATE and DELETE events will contain previous values only for PK columns"}}
{"type":"LOG","log":{"level":"INFO","message":"INFO i.a.w.i.DefaultAirbyteStreamFactory(internalLog):159 INFO i.d.c.p.PostgresSchema(printReplicaIdentityInfo):100 REPLICA IDENTITY for 'test.test_2_numeric_array' is 'DEFAULT'; UPDATE and DELETE events will contain previous values only for PK columns"}}
{"type":"LOG","log":{"level":"INFO","message":"INFO i.a.w.i.DefaultAirbyteStreamFactory(internalLog):159 INFO i.d.c.p.PostgresSchema(printReplicaIdentityInfo):100 REPLICA IDENTITY for 'test.test_2_date_array' is 'DEFAULT'; UPDATE and DELETE events will contain previous values only for PK columns"}}
{"type":"LOG","log":{"level":"INFO","message":"INFO i.a.w.i.DefaultAirbyteStreamFactory(internalLog):159 INFO i.d.c.p.PostgresSchema(printReplicaIdentityInfo):100 REPLICA IDENTITY for 'test.test_2_bytea' is 'DEFAULT'; UPDATE and DELETE events will contain previous values only for PK columns"}}
{"type":"LOG","log":{"level":"INFO","message":"INFO i.a.w.i.DefaultAirbyteStreamFactory(internalLog):159 INFO i.d.c.p.PostgresSchema(printReplicaIdentityInfo):100 REPLICA IDENTITY for 'test.test_2_path' is 'DEFAULT'; UPDATE and DELETE events will contain previous values only for PK columns"}}
{"type":"LOG","log":{"level":"INFO","message":"INFO i.a.w.i.DefaultAirbyteStreamFactory(internalLog):159 INFO i.d.c.p.PostgresSchema(printReplicaIdentityInfo):100 REPLICA IDENTITY for 'test.test_2_int2' is 'DEFAULT'; UPDATE and DELETE events will contain previous values only for PK columns"}}
{"type":"LOG","log":{"level":"INFO","message":"INFO i.a.w.i.DefaultAirbyteStreamFactory(internalLog):159 INFO i.d.c.p.PostgresSchema(printReplicaIdentityInfo):100 REPLICA IDENTITY for 'test.test_1_serial' is 'DEFAULT'; UPDATE and DELETE events will contain previous values only for PK columns"}}
{"type":"LOG","log":{"level":"INFO","message":"INFO i.a.w.i.DefaultAirbyteStreamFactory(internalLog):159 INFO i.d.c.p.PostgresSchema(printReplicaIdentityInfo):100 REPLICA IDENTITY for 'test.test_2_int4' is 'DEFAULT'; UPDATE and DELETE events will contain previous values only for PK columns"}}
{"type":"LOG","log":{"level":"INFO","message":"INFO i.a.w.i.DefaultAirbyteStreamFactory(internalLog):159 INFO i.d.c.p.PostgresSchema(printReplicaIdentityInfo):100 REPLICA IDENTITY for 'test.test_7_timestamp' is 'DEFAULT'; UPDATE and DELETE events will contain previous values only for PK columns"}}
{"type":"LOG","log":{"level":"INFO","message":"INFO i.a.w.i.DefaultAirbyteStreamFactory(internalLog):159 INFO i.d.c.p.PostgresSchema(printReplicaIdentityInfo):100 REPLICA IDENTITY for 'test.test_5_date' is 'DEFAULT'; UPDATE and DELETE events will contain previous values only for PK columns"}}
{"type":"LOG","log":{"level":"INFO","message":"INFO i.a.w.i.DefaultAirbyteStreamFactory(internalLog):159 INFO i.d.c.p.PostgresSchema(printReplicaIdentityInfo):100 REPLICA IDENTITY for 'test.test_2_bool_array' is 'DEFAULT'; UPDATE and DELETE events will contain previous values only for PK columns"}}
{"type":"LOG","log":{"level":"INFO","message":"INFO i.a.w.i.DefaultAirbyteStreamFactory(internalLog):159 INFO i.d.c.p.PostgresSchema(printReplicaIdentityInfo):100 REPLICA IDENTITY for 'test.test_3_decimal_array' is 'DEFAULT'; UPDATE and DELETE events will contain previous values only for PK columns"}}
{"type":"LOG","log":{"level":"INFO","message":"INFO i.a.w.i.DefaultAirbyteStreamFactory(internalLog):159 INFO i.d.c.p.PostgresSchema(printReplicaIdentityInfo):100 REPLICA IDENTITY for 'test.test_13_timestamp' is 'DEFAULT'; UPDATE and DELETE events will contain previous values only for PK columns"}}
{"type":"LOG","log":{"level":"INFO","message":"INFO i.a.w.i.DefaultAirbyteStreamFactory(internalLog):159 INFO i.d.c.p.PostgresSchema(printReplicaIdentityInfo):100 REPLICA IDENTITY for 'test.test_2_timetz_array' is 'DEFAULT'; UPDATE and DELETE events will contain previous values only for PK columns"}}
{"type":"LOG","log":{"level":"INFO","message":"INFO i.a.w.i.DefaultAirbyteStreamFactory(internalLog):159 INFO i.d.c.p.PostgresSchema(printReplicaIdentityInfo):100 REPLICA IDENTITY for 'test.test_1_text_array' is 'DEFAULT'; UPDATE and DELETE events will contain previous values only for PK columns"}}
{"type":"LOG","log":{"level":"INFO","message":"INFO i.a.w.i.DefaultAirbyteStreamFactory(internalLog):159 INFO i.d.c.p.PostgresSchema(printReplicaIdentityInfo):100 REPLICA IDENTITY for 'test.test_1_bigserial' is 'DEFAULT'; UPDATE and DELETE events will contain previous values only for PK columns"}}
{"type":"LOG","log":{"level":"INFO","message":"INFO i.a.w.i.DefaultAirbyteStreamFactory(internalLog):159 INFO i.d.c.p.PostgresSchema(printReplicaIdentityInfo):100 REPLICA IDENTITY for 'test.test_1_serial2' is 'DEFAULT'; UPDATE and DELETE events will contain previous values only for PK columns"}}
{"type":"LOG","log":{"level":"INFO","message":"INFO i.a.w.i.DefaultAirbyteStreamFactory(internalLog):159 INFO i.d.c.p.PostgresSchema(printReplicaIdentityInfo):100 REPLICA IDENTITY for 'test.test_2_bit' is 'DEFAULT'; UPDATE and DELETE events will contain previous values only for PK columns"}}
{"type":"LOG","log":{"level":"INFO","message":"INFO i.a.w.i.DefaultAirbyteStreamFactory(internalLog):159 INFO i.d.c.p.PostgresSchema(printReplicaIdentityInfo):100 REPLICA IDENTITY for 'test.test_1_bool' is 'DEFAULT'; UPDATE and DELETE events will contain previous values only for PK columns"}}
{"type":"LOG","log":{"level":"INFO","message":"INFO i.a.w.i.DefaultAirbyteStreamFactory(internalLog):159 INFO i.d.c.p.PostgresSchema(printReplicaIdentityInfo):100 REPLICA IDENTITY for 'test.test_2_numeric' is 'DEFAULT'; UPDATE and DELETE events will contain previous values only for PK columns"}}
{"type":"LOG","log":{"level":"INFO","message":"INFO i.a.w.i.DefaultAirbyteStreamFactory(internalLog):159 INFO i.d.c.p.PostgresSchema(printReplicaIdentityInfo):100 REPLICA IDENTITY for 'test.test_1_mood' is 'DEFAULT'; UPDATE and DELETE events will contain previous values only for PK columns"}}
{"type":"LOG","log":{"level":"INFO","message":"INFO i.a.w.i.DefaultAirbyteStreamFactory(internalLog):159 INFO i.d.c.p.PostgresSchema(printReplicaIdentityInfo):100 REPLICA IDENTITY for 'test.test_2_time_array' is 'DEFAULT'; UPDATE and DELETE events will contain previous values only for PK columns"}}
{"type":"LOG","log":{"level":"INFO","message":"INFO i.a.w.i.DefaultAirbyteStreamFactory(internalLog):159 INFO i.d.c.p.PostgresSchema(printReplicaIdentityInfo):100 REPLICA IDENTITY for 'test.test_1_integer' is 'DEFAULT'; UPDATE and DELETE events will contain previous values only for PK columns"}}
{"type":"LOG","log":{"level":"INFO","message":"INFO i.a.w.i.DefaultAirbyteStreamFactory(internalLog):159 INFO i.d.c.p.PostgresSchema(printReplicaIdentityInfo):100 REPLICA IDENTITY for 'test.test_2_int8_array' is 'DEFAULT'; UPDATE and DELETE events will contain previous values only for PK columns"}}
{"type":"LOG","log":{"level":"INFO","message":"INFO i.a.w.i.DefaultAirbyteStreamFactory(internalLog):159 INFO i.d.c.p.PostgresSchema(printReplicaIdentityInfo):100 REPLICA IDENTITY for 'test.test_6_timestamp' is 'DEFAULT'; UPDATE and DELETE events will contain previous values only for PK columns"}}
{"type":"LOG","log":{"level":"INFO","message":"INFO i.a.w.i.DefaultAirbyteStreamFactory(internalLog):159 INFO i.d.c.p.PostgresSchema(printReplicaIdentityInfo):100 REPLICA IDENTITY for 'test.test_4_decimal_array' is 'DEFAULT'; UPDATE and DELETE events will contain previous values only for PK columns"}}
{"type":"LOG","log":{"level":"INFO","message":"INFO i.a.w.i.DefaultAirbyteStreamFactory(internalLog):159 INFO i.d.c.p.PostgresSchema(printReplicaIdentityInfo):100 REPLICA IDENTITY for 'test.test_3_timetz' is 'DEFAULT'; UPDATE and DELETE events will contain previous values only for PK columns"}}
{"type":"LOG","log":{"level":"INFO","message":"INFO i.a.w.i.DefaultAirbyteStreamFactory(internalLog):159 INFO i.d.c.p.PostgresSchema(printReplicaIdentityInfo):100 REPLICA IDENTITY for 'test.test_2_float4_array' is 'DEFAULT'; UPDATE and DELETE events will contain previous values only for PK columns"}}
{"type":"LOG","log":{"level":"INFO","message":"INFO i.a.w.i.DefaultAirbyteStreamFactory(internalLog):159 INFO i.d.c.p.PostgresSchema(printReplicaIdentityInfo):100 REPLICA IDENTITY for 'test.test_1_oid_array' is 'DEFAULT'; UPDATE and DELETE events will contain previous values only for PK columns"}}
{"type":"LOG","log":{"level":"INFO","message":"INFO i.a.w.i.DefaultAirbyteStreamFactory(internalLog):159 INFO i.d.c.p.PostgresSchema(printReplicaIdentityInfo):100 REPLICA IDENTITY for 'test.test_2_inet' is 'DEFAULT'; UPDATE and DELETE events will contain previous values only for PK columns"}}
{"type":"LOG","log":{"level":"INFO","message":"INFO i.a.w.i.DefaultAirbyteStreamFactory(internalLog):159 INFO i.d.c.p.PostgresSchema(printReplicaIdentityInfo):100 REPLICA IDENTITY for 'test.test_1_json' is 'DEFAULT'; UPDATE and DELETE events will contain previous values only for PK columns"}}
{"type":"LOG","log":{"level":"INFO","message":"INFO i.a.w.i.DefaultAirbyteStreamFactory(internalLog):159 INFO i.d.c.p.PostgresSchema(printReplicaIdentityInfo):100 REPLICA IDENTITY for 'test.test_1_name_array' is 'DEFAULT'; UPDATE and DELETE events will contain previous values only for PK columns"}}
{"type":"LOG","log":{"level":"INFO","message":"INFO i.a.w.i.DefaultAirbyteStreamFactory(internalLog):159 INFO i.d.c.p.PostgresSchema(printReplicaIdentityInfo):100 REPLICA IDENTITY for 'test.test_1_interval' is 'DEFAULT'; UPDATE and DELETE events will contain previous values only for PK columns"}}
{"type":"LOG","log":{"level":"INFO","message":"INFO i.a.w.i.DefaultAirbyteStreamFactory(internalLog):159 INFO i.d.c.p.PostgresSchema(printReplicaIdentityInfo):100 REPLICA IDENTITY for 'test.test_1_tsrange' is 'DEFAULT'; UPDATE and DELETE events will contain previous values only for PK columns"}}
{"type":"LOG","log":{"level":"INFO","message":"INFO i.a.w.i.DefaultAirbyteStreamFactory(internalLog):159 INFO i.d.c.p.PostgresSchema(printReplicaIdentityInfo):100 REPLICA IDENTITY for 'test.test_9_timestamp' is 'DEFAULT'; UPDATE and DELETE events will contain previous values only for PK columns"}}
{"type":"LOG","log":{"level":"INFO","message":"INFO i.a.w.i.DefaultAirbyteStreamFactory(internalLog):159 INFO i.d.c.p.PostgresSchema(printReplicaIdentityInfo):100 REPLICA IDENTITY for 'test.test_2_lseg' is 'DEFAULT'; UPDATE and DELETE events will contain previous values only for PK columns"}}
{"type":"LOG","log":{"level":"INFO","message":"INFO i.a.w.i.DefaultAirbyteStreamFactory(internalLog):159 INFO i.d.c.p.PostgresSchema(printReplicaIdentityInfo):100 REPLICA IDENTITY for 'test.test_1_varchar' is 'DEFAULT'; UPDATE and DELETE events will contain previous values only for PK columns"}}
{"type":"LOG","log":{"level":"INFO","message":"INFO i.a.w.i.DefaultAirbyteStreamFactory(internalLog):159 INFO i.d.c.p.PostgresSchema(printReplicaIdentityInfo):100 REPLICA IDENTITY for 'test.test_4_varchar' is 'DEFAULT'; UPDATE and DELETE events will contain previous values only for PK columns"}}
{"type":"LOG","log":{"level":"INFO","message":"INFO i.a.w.i.DefaultAirbyteStreamFactory(internalLog):159 INFO i.d.c.p.PostgresSchema(printReplicaIdentityInfo):100 REPLICA IDENTITY for 'test.test_14_timestamp' is 'DEFAULT'; UPDATE and DELETE events will contain previous values only for PK columns"}}
{"type":"LOG","log":{"level":"INFO","message":"INFO i.a.w.i.DefaultAirbyteStreamFactory(internalLog):159 INFO i.d.c.p.PostgresSchema(printReplicaIdentityInfo):100 REPLICA IDENTITY for 'test.test_1_macaddr' is 'DEFAULT'; UPDATE and DELETE events will contain previous values only for PK columns"}}
{"type":"LOG","log":{"level":"INFO","message":"INFO i.a.w.i.DefaultAirbyteStreamFactory(internalLog):159 INFO i.d.c.p.PostgresSchema(printReplicaIdentityInfo):100 REPLICA IDENTITY for 'test.test_1_int2_array' is 'DEFAULT'; UPDATE and DELETE events will contain previous values only for PK columns"}}
{"type":"LOG","log":{"level":"INFO","message":"INFO i.a.w.i.DefaultAirbyteStreamFactory(internalLog):159 INFO i.d.c.p.PostgresSchema(printReplicaIdentityInfo):100 REPLICA IDENTITY for 'test.test_1_boolean' is 'DEFAULT'; UPDATE and DELETE events will contain previous values only for PK columns"}}
{"type":"LOG","log":{"level":"INFO","message":"INFO i.a.w.i.DefaultAirbyteStreamFactory(internalLog):159 INFO i.d.c.p.PostgresSchema(printReplicaIdentityInfo):100 REPLICA IDENTITY for 'test.test_2_float' is 'DEFAULT'; UPDATE and DELETE events will contain previous values only for PK columns"}}
{"type":"LOG","log":{"level":"INFO","message":"INFO i.a.w.i.DefaultAirbyteStreamFactory(internalLog):159 INFO i.d.c.p.PostgresSchema(printReplicaIdentityInfo):100 REPLICA IDENTITY for 'test.test_1_time' is 'DEFAULT'; UPDATE and DELETE events will contain previous values only for PK columns"}}
{"type":"LOG","log":{"level":"INFO","message":"INFO i.a.w.i.DefaultAirbyteStreamFactory(internalLog):159 INFO i.d.c.p.PostgresSchema(printReplicaIdentityInfo):100 REPLICA IDENTITY for 'test.test_4_time' is 'DEFAULT'; UPDATE and DELETE events will contain previous values only for PK columns"}}
{"type":"LOG","log":{"level":"INFO","message":"INFO i.a.w.i.DefaultAirbyteStreamFactory(internalLog):159 INFO i.d.c.p.PostgresSchema(printReplicaIdentityInfo):100 REPLICA IDENTITY for 'test.test_1_int8_array' is 'DEFAULT'; UPDATE and DELETE events will contain previous values only for PK columns"}}
{"type":"LOG","log":{"level":"INFO","message":"INFO i.a.w.i.DefaultAirbyteStreamFactory(internalLog):159 INFO i.d.c.p.PostgresSchema(printReplicaIdentityInfo):100 REPLICA IDENTITY for 'test.test_1_serial4' is 'DEFAULT'; UPDATE and DELETE events will contain previous values only for PK columns"}}
{"type":"LOG","log":{"level":"INFO","message":"INFO i.a.w.i.DefaultAirbyteStreamFactory(internalLog):159 INFO i.d.c.p.PostgresSchema(printReplicaIdentityInfo):100 REPLICA IDENTITY for 'test.test_11_timestamp' is 'DEFAULT'; UPDATE and DELETE events will contain previous values only for PK columns"}}
{"type":"LOG","log":{"level":"INFO","message":"INFO i.a.w.i.DefaultAirbyteStreamFactory(internalLog):159 INFO i.d.c.p.PostgresSchema(printReplicaIdentityInfo):100 REPLICA IDENTITY for 'test.test_1_date' is 'DEFAULT'; UPDATE and DELETE events will contain previous values only for PK columns"}}
{"type":"LOG","log":{"level":"INFO","message":"INFO i.a.w.i.DefaultAirbyteStreamFactory(internalLog):159 INFO i.d.c.p.PostgresSchema(printReplicaIdentityInfo):100 REPLICA IDENTITY for 'test.test_2_text_array' is 'DEFAULT'; UPDATE and DELETE events will contain previous values only for PK columns"}}
{"type":"LOG","log":{"level":"INFO","message":"INFO i.a.w.i.DefaultAirbyteStreamFactory(internalLog):159 INFO i.d.c.p.PostgresSchema(printReplicaIdentityInfo):100 REPLICA IDENTITY for 'test.test_2_time' is 'DEFAULT'; UPDATE and DELETE events will contain previous values only for PK columns"}}
{"type":"LOG","log":{"level":"INFO","message":"INFO i.a.w.i.DefaultAirbyteStreamFactory(internalLog):159 INFO i.d.c.p.PostgresSchema(printReplicaIdentityInfo):100 REPLICA IDENTITY for 'test.test_2_interval' is 'DEFAULT'; UPDATE and DELETE events will contain previous values only for PK columns"}}
{"type":"LOG","log":{"level":"INFO","message":"INFO i.a.w.i.DefaultAirbyteStreamFactory(internalLog):159 INFO i.d.c.p.PostgresSchema(printReplicaIdentityInfo):100 REPLICA IDENTITY for 'test.test_2_bit_varying' is 'DEFAULT'; UPDATE and DELETE events will contain previous values only for PK columns"}}
{"type":"LOG","log":{"level":"INFO","message":"INFO i.a.w.i.DefaultAirbyteStreamFactory(internalLog):159 INFO i.d.c.p.PostgresSchema(printReplicaIdentityInfo):100 REPLICA IDENTITY for 'test.test_1_numeric' is 'DEFAULT'; UPDATE and DELETE events will contain previous values only for PK columns"}}
{"type":"LOG","log":{"level":"INFO","message":"INFO i.a.w.i.DefaultAirbyteStreamFactory(internalLog):159 INFO i.d.c.p.PostgresSchema(printReplicaIdentityInfo):100 REPLICA IDENTITY for 'test.test_1_uuid' is 'DEFAULT'; UPDATE and DELETE events will contain previous values only for PK columns"}}
{"type":"LOG","log":{"level":"INFO","message":"INFO i.a.w.i.DefaultAirbyteStreamFactory(internalLog):159 INFO i.d.c.p.PostgresSchema(printReplicaIdentityInfo):100 REPLICA IDENTITY for 'test.test_4_bit_varying' is 'DEFAULT'; UPDATE and DELETE events will contain previous values only for PK columns"}}
{"type":"LOG","log":{"level":"INFO","message":"INFO i.a.w.i.DefaultAirbyteStreamFactory(internalLog):159 INFO i.d.c.p.PostgresSchema(printReplicaIdentityInfo):100 REPLICA IDENTITY for 'test.test_3_time' is 'DEFAULT'; UPDATE and DELETE events will contain previous values only for PK columns"}}
{"type":"LOG","log":{"level":"INFO","message":"INFO i.a.w.i.DefaultAirbyteStreamFactory(internalLog):159 INFO i.d.c.p.PostgresSchema(printReplicaIdentityInfo):100 REPLICA IDENTITY for 'test.test_1_bool_array' is 'DEFAULT'; UPDATE and DELETE events will contain previous values only for PK columns"}}
{"type":"LOG","log":{"level":"INFO","message":"INFO i.a.w.i.DefaultAirbyteStreamFactory(internalLog):159 INFO i.d.c.p.PostgresSchema(printReplicaIdentityInfo):100 REPLICA IDENTITY for 'test.test_2_bytea_array' is 'DEFAULT'; UPDATE and DELETE events will contain previous values only for PK columns"}}
{"type":"LOG","log":{"level":"INFO","message":"INFO i.a.w.i.DefaultAirbyteStreamFactory(internalLog):159 INFO i.d.c.p.PostgresSchema(printReplicaIdentityInfo):100 REPLICA IDENTITY for 'test.test_1_int4_array' is 'DEFAULT'; UPDATE and DELETE events will contain previous values only for PK columns"}}
{"type":"LOG","log":{"level":"INFO","message":"INFO i.a.w.i.DefaultAirbyteStreamFactory(internalLog):159 INFO i.d.c.p.PostgresSchema(printReplicaIdentityInfo):100 REPLICA IDENTITY for 'test.test_3_varchar' is 'DEFAULT'; UPDATE and DELETE events will contain previous values only for PK columns"}}
{"type":"LOG","log":{"level":"INFO","message":"INFO i.a.w.i.DefaultAirbyteStreamFactory(internalLog):159 INFO i.d.c.p.PostgresSchema(printReplicaIdentityInfo):100 REPLICA IDENTITY for 'test.test_1_varchar_array' is 'DEFAULT'; UPDATE and DELETE events will contain previous values only for PK columns"}}
{"type":"LOG","log":{"level":"INFO","message":"INFO i.a.w.i.DefaultAirbyteStreamFactory(internalLog):159 INFO i.d.c.p.PostgresSchema(printReplicaIdentityInfo):100 REPLICA IDENTITY for 'test.test_3_numeric_array' is 'DEFAULT'; UPDATE and DELETE events will contain previous values only for PK columns"}}
{"type":"LOG","log":{"level":"INFO","message":"INFO i.a.w.i.DefaultAirbyteStreamFactory(internalLog):159 INFO i.d.c.p.PostgresSchema(printReplicaIdentityInfo):100 REPLICA IDENTITY for 'test.test_1_real' is 'DEFAULT'; UPDATE and DELETE events will contain previous values only for PK columns"}}
{"type":"LOG","log":{"level":"INFO","message":"INFO i.a.w.i.DefaultAirbyteStreamFactory(internalLog):159 INFO i.d.c.p.PostgresSchema(printReplicaIdentityInfo):100 REPLICA IDENTITY for 'test.test_1_money' is 'DEFAULT'; UPDATE and DELETE events will contain previous values only for PK columns"}}
{"type":"LOG","log":{"level":"INFO","message":"INFO i.a.w.i.DefaultAirbyteStreamFactory(internalLog):159 INFO i.d.c.p.PostgresSchema(printReplicaIdentityInfo):100 REPLICA IDENTITY for 'test.test_2_name_array' is 'DEFAULT'; UPDATE and DELETE events will contain previous values only for PK columns"}}
{"type":"LOG","log":{"level":"INFO","message":"INFO i.a.w.i.DefaultAirbyteStreamFactory(internalLog):159 INFO i.d.c.p.PostgresSchema(printReplicaIdentityInfo):100 REPLICA IDENTITY for 'test.test_1_bit_array' is 'DEFAULT'; UPDATE and DELETE events will contain previous values only for PK columns"}}
{"type":"LOG","log":{"level":"INFO","message":"INFO i.a.w.i.DefaultAirbyteStreamFactory(internalLog):159 INFO i.d.c.p.PostgresSchema(printReplicaIdentityInfo):100 REPLICA IDENTITY for 'test.test_1_pg_lsn' is 'DEFAULT'; UPDATE and DELETE events will contain previous values only for PK columns"}}
{"type":"LOG","log":{"level":"INFO","message":"INFO i.a.w.i.DefaultAirbyteStreamFactory(internalLog):159 INFO i.d.c.p.PostgresSchema(printReplicaIdentityInfo):100 REPLICA IDENTITY for 'test.test_2_boolean' is 'DEFAULT'; UPDATE and DELETE events will contain previous values only for PK columns"}}
{"type":"LOG","log":{"level":"INFO","message":"INFO i.a.w.i.DefaultAirbyteStreamFactory(internalLog):159 INFO i.d.c.p.PostgresSchema(printReplicaIdentityInfo):100 REPLICA IDENTITY for 'test.test_1_jsonb' is 'DEFAULT'; UPDATE and DELETE events will contain previous values only for PK columns"}}
{"type":"LOG","log":{"level":"INFO","message":"INFO i.a.w.i.DefaultAirbyteStreamFactory(internalLog):159 INFO i.d.c.p.PostgresSchema(printReplicaIdentityInfo):100 REPLICA IDENTITY for 'test.test_2_integer' is 'DEFAULT'; UPDATE and DELETE events will contain previous values only for PK columns"}}
{"type":"LOG","log":{"level":"INFO","message":"INFO i.a.w.i.DefaultAirbyteStreamFactory(internalLog):159 INFO i.d.c.p.PostgresSchema(printReplicaIdentityInfo):100 REPLICA IDENTITY for 'test.test_3_timestamp' is 'DEFAULT'; UPDATE and DELETE events will contain previous values only for PK columns"}}
{"type":"LOG","log":{"level":"INFO","message":"INFO i.a.w.i.DefaultAirbyteStreamFactory(internalLog):159 INFO i.d.c.p.PostgresSchema(printReplicaIdentityInfo):100 REPLICA IDENTITY for 'test.test_1_decimal' is 'DEFAULT'; UPDATE and DELETE events will contain previous values only for PK columns"}}
{"type":"LOG","log":{"level":"INFO","message":"INFO i.a.w.i.DefaultAirbyteStreamFactory(internalLog):159 INFO i.d.c.p.PostgresSchema(printReplicaIdentityInfo):100 REPLICA IDENTITY for 'test.test_4_numeric' is 'DEFAULT'; UPDATE and DELETE events will contain previous values only for PK columns"}}
{"type":"LOG","log":{"level":"INFO","message":"INFO i.a.w.i.DefaultAirbyteStreamFactory(internalLog):159 INFO i.d.c.p.PostgresSchema(printReplicaIdentityInfo):100 REPLICA IDENTITY for 'test.test_2_money_array' is 'DEFAULT'; UPDATE and DELETE events will contain previous values only for PK columns"}}
{"type":"LOG","log":{"level":"INFO","message":"INFO i.a.w.i.DefaultAirbyteStreamFactory(internalLog):159 INFO i.d.c.p.PostgresSchema(printReplicaIdentityInfo):100 REPLICA IDENTITY for 'test.test_1_smallserial' is 'DEFAULT'; UPDATE and DELETE events will contain previous values only for PK columns"}}
{"type":"LOG","log":{"level":"INFO","message":"INFO i.a.w.i.DefaultAirbyteStreamFactory(internalLog):159 INFO i.d.c.p.PostgresSchema(printReplicaIdentityInfo):100 REPLICA IDENTITY for 'test.test_4_timetz' is 'DEFAULT'; UPDATE and DELETE events will contain previous values only for PK columns"}}
{"type":"LOG","log":{"level":"INFO","message":"INFO i.a.w.i.DefaultAirbyteStreamFactory(internalLog):159 INFO i.d.c.p.PostgresSchema(printReplicaIdentityInfo):100 REPLICA IDENTITY for 'test.test_1_date_array' is 'DEFAULT'; UPDATE and DELETE events will contain previous values only for PK columns"}}
{"type":"LOG","log":{"level":"INFO","message":"INFO i.a.w.i.DefaultAirbyteStreamFactory(internalLog):159 INFO i.d.c.p.PostgresSchema(printReplicaIdentityInfo):100 REPLICA IDENTITY for 'test.test_12_timestamp' is 'DEFAULT'; UPDATE and DELETE events will contain previous values only for PK columns"}}
{"type":"LOG","log":{"level":"INFO","message":"INFO i.a.w.i.DefaultAirbyteStreamFactory(internalLog):159 INFO i.d.c.p.PostgresSchema(printReplicaIdentityInfo):100 REPLICA IDENTITY for 'test.test_2_float8' is 'DEFAULT'; UPDATE and DELETE events will contain previous values only for PK columns"}}
{"type":"LOG","log":{"level":"INFO","message":"INFO i.a.w.i.DefaultAirbyteStreamFactory(internalLog):159 INFO i.d.c.p.PostgresSchema(printReplicaIdentityInfo):100 REPLICA IDENTITY for 'test.test_1_timetz' is 'DEFAULT'; UPDATE and DELETE events will contain previous values only for PK columns"}}
{"type":"LOG","log":{"level":"INFO","message":"INFO i.a.w.i.DefaultAirbyteStreamFactory(internalLog):159 INFO i.d.c.p.PostgresSchema(printReplicaIdentityInfo):100 REPLICA IDENTITY for 'test.test_2_bpchar_array' is 'DEFAULT'; UPDATE and DELETE events will contain previous values only for PK columns"}}
{"type":"LOG","log":{"level":"INFO","message":"INFO i.a.w.i.DefaultAirbyteStreamFactory(internalLog):159 INFO i.d.c.p.PostgresSchema(printReplicaIdentityInfo):100 REPLICA IDENTITY for 'test.test_2_jsonb' is 'DEFAULT'; UPDATE and DELETE events will contain previous values only for PK columns"}}
{"type":"LOG","log":{"level":"INFO","message":"INFO i.a.w.i.DefaultAirbyteStreamFactory(internalLog):159 INFO i.d.c.p.PostgresSchema(printReplicaIdentityInfo):100 REPLICA IDENTITY for 'test.test_2_tsvector' is 'DEFAULT'; UPDATE and DELETE events will contain previous values only for PK columns"}}
{"type":"LOG","log":{"level":"INFO","message":"INFO i.a.w.i.DefaultAirbyteStreamFactory(internalLog):159 INFO i.d.c.p.PostgresSchema(printReplicaIdentityInfo):100 REPLICA IDENTITY for 'test.test_2_bit_array' is 'DEFAULT'; UPDATE and DELETE events will contain previous values only for PK columns"}}
{"type":"LOG","log":{"level":"INFO","message":"INFO i.a.w.i.DefaultAirbyteStreamFactory(internalLog):159 INFO i.d.c.p.PostgresSchema(printReplicaIdentityInfo):100 REPLICA IDENTITY for 'test.test_2_float4' is 'DEFAULT'; UPDATE and DELETE events will contain previous values only for PK columns"}}
{"type":"LOG","log":{"level":"INFO","message":"INFO i.a.w.i.DefaultAirbyteStreamFactory(internalLog):159 INFO i.d.c.p.PostgresSchema(printReplicaIdentityInfo):100 REPLICA IDENTITY for 'test.test_1_cidr' is 'DEFAULT'; UPDATE and DELETE events will contain previous values only for PK columns"}}
{"type":"LOG","log":{"level":"INFO","message":"INFO i.a.w.i.DefaultAirbyteStreamFactory(internalLog):159 INFO i.d.c.p.PostgresSchema(printReplicaIdentityInfo):100 REPLICA IDENTITY for 'test.test_2_timestamp_array' is 'DEFAULT'; UPDATE and DELETE events will contain previous values only for PK columns"}}
{"type":"LOG","log":{"level":"INFO","message":"INFO i.a.w.i.DefaultAirbyteStreamFactory(internalLog):159 INFO i.d.c.p.PostgresSchema(printReplicaIdentityInfo):100 REPLICA IDENTITY for 'test.test_2_hstore' is 'DEFAULT'; UPDATE and DELETE events will contain previous values only for PK columns"}}
{"type":"LOG","log":{"level":"INFO","message":"INFO i.a.w.i.DefaultAirbyteStreamFactory(internalLog):159 INFO i.d.c.p.PostgresSchema(printReplicaIdentityInfo):100 REPLICA IDENTITY for 'test.test_2_timestamptz_array' is 'DEFAULT'; UPDATE and DELETE events will contain previous values only for PK columns"}}
{"type":"LOG","log":{"level":"INFO","message":"INFO i.a.w.i.DefaultAirbyteStreamFactory(internalLog):159 INFO i.d.c.p.PostgresSchema(printReplicaIdentityInfo):100 REPLICA IDENTITY for 'test.test_2_json' is 'DEFAULT'; UPDATE and DELETE events will contain previous values only for PK columns"}}
{"type":"LOG","log":{"level":"INFO","message":"INFO i.a.w.i.DefaultAirbyteStreamFactory(internalLog):159 INFO i.d.c.p.PostgresSchema(printReplicaIdentityInfo):100 REPLICA IDENTITY for 'test.test_2_timestamp' is 'DEFAULT'; UPDATE and DELETE events will contain previous values only for PK columns"}}
{"type":"LOG","log":{"level":"INFO","message":"INFO i.a.w.i.DefaultAirbyteStreamFactory(internalLog):159 INFO i.d.c.p.PostgresSchema(printReplicaIdentityInfo):100 REPLICA IDENTITY for 'test.test_1_bigint' is 'DEFAULT'; UPDATE and DELETE events will contain previous values only for PK columns"}}
{"type":"LOG","log":{"level":"INFO","message":"INFO i.a.w.i.DefaultAirbyteStreamFactory(internalLog):159 INFO i.d.c.p.PostgresSchema(printReplicaIdentityInfo):100 REPLICA IDENTITY for 'test.test_2_bool' is 'DEFAULT'; UPDATE and DELETE events will contain previous values only for PK columns"}}
{"type":"LOG","log":{"level":"INFO","message":"INFO i.a.w.i.DefaultAirbyteStreamFactory(internalLog):159 INFO i.d.c.p.PostgresSchema(printReplicaIdentityInfo):100 REPLICA IDENTITY for 'test.test_2_macaddr8' is 'DEFAULT'; UPDATE and DELETE events will contain previous values only for PK columns"}}
{"type":"LOG","log":{"level":"INFO","message":"INFO i.a.w.i.DefaultAirbyteStreamFactory(internalLog):159 INFO i.d.c.p.PostgresSchema(printReplicaIdentityInfo):100 REPLICA IDENTITY for 'test.test_2_oid_array' is 'DEFAULT'; UPDATE and DELETE events will contain previous values only for PK columns"}}
{"type":"LOG","log":{"level":"INFO","message":"INFO i.a.w.i.DefaultAirbyteStreamFactory(internalLog):159 INFO i.d.c.p.PostgresSchema(printReplicaIdentityInfo):100 REPLICA IDENTITY for 'test.test_1_bit' is 'DEFAULT'; UPDATE and DELETE events will contain previous values only for PK columns"}}
{"type":"LOG","log":{"level":"INFO","message":"INFO i.a.w.i.DefaultAirbyteStreamFactory(internalLog):159 INFO i.d.c.p.PostgresSchema(printReplicaIdentityInfo):100 REPLICA IDENTITY for 'test.test_2_mood' is 'DEFAULT'; UPDATE and DELETE events will contain previous values only for PK columns"}}
{"type":"LOG","log":{"level":"INFO","message":"INFO i.a.w.i.DefaultAirbyteStreamFactory(internalLog):159 INFO i.d.c.p.PostgresSchema(printReplicaIdentityInfo):100 REPLICA IDENTITY for 'test.test_1_polygon' is 'DEFAULT'; UPDATE and DELETE events will contain previous values only for PK columns"}}
{"type":"LOG","log":{"level":"INFO","message":"INFO i.a.w.i.DefaultAirbyteStreamFactory(internalLog):159 INFO i.d.c.p.PostgresSchema(printReplicaIdentityInfo):100 REPLICA IDENTITY for 'test.test_1_char' is 'DEFAULT'; UPDATE and DELETE events will contain previous values only for PK columns"}}
{"type":"LOG","log":{"level":"INFO","message":"INFO i.a.w.i.DefaultAirbyteStreamFactory(internalLog):159 INFO i.d.c.p.PostgresSchema(printReplicaIdentityInfo):100 REPLICA IDENTITY for 'test.test_6_date' is 'DEFAULT'; UPDATE and DELETE events will contain previous values only for PK columns"}}
{"type":"LOG","log":{"level":"INFO","message":"INFO i.a.w.i.DefaultAirbyteStreamFactory(internalLog):159 INFO i.d.c.p.PostgresSchema(printReplicaIdentityInfo):100 REPLICA IDENTITY for 'test.test_2_double_precision' is 'DEFAULT'; UPDATE and DELETE events will contain previous values only for PK columns"}}
{"type":"LOG","log":{"level":"INFO","message":"INFO i.a.w.i.DefaultAirbyteStreamFactory(internalLog):159 INFO i.d.c.p.PostgresSchema(printReplicaIdentityInfo):100 REPLICA IDENTITY for 'test.test_1_numeric_array' is 'DEFAULT'; UPDATE and DELETE events will contain previous values only for PK columns"}}
{"type":"LOG","log":{"level":"INFO","message":"INFO i.a.w.i.DefaultAirbyteStreamFactory(internalLog):159 INFO i.d.c.p.PostgresSchema(printReplicaIdentityInfo):100 REPLICA IDENTITY for 'test.test_2_box' is 'DEFAULT'; UPDATE and DELETE events will contain previous values only for PK columns"}}
{"type":"LOG","log":{"level":"INFO","message":"INFO i.a.w.i.DefaultAirbyteStreamFactory(internalLog):159 INFO i.d.c.p.PostgresSchema(printReplicaIdentityInfo):100 REPLICA IDENTITY for 'test.test_2_inventory_item' is 'DEFAULT'; UPDATE and DELETE events will contain previous values only for PK columns"}}
{"type":"LOG","log":{"level":"INFO","message":"INFO i.a.w.i.DefaultAirbyteStreamFactory(internalLog):159 INFO i.d.c.p.PostgresSchema(printReplicaIdentityInfo):100 REPLICA IDENTITY for 'test.test_1_timestamp' is 'DEFAULT'; UPDATE and DELETE events will contain previous values only for PK columns"}}
{"type":"LOG","log":{"level":"INFO","message":"INFO i.a.w.i.DefaultAirbyteStreamFactory(internalLog):159 INFO i.d.c.p.PostgresSchema(printReplicaIdentityInfo):100 REPLICA IDENTITY for 'test.test_2_circle' is 'DEFAULT'; UPDATE and DELETE events will contain previous values only for PK columns"}}
{"type":"LOG","log":{"level":"INFO","message":"INFO i.a.w.i.DefaultAirbyteStreamFactory(internalLog):159 INFO i.d.c.p.PostgresSchema(printReplicaIdentityInfo):100 REPLICA IDENTITY for 'test.test_3_timestamptz' is 'DEFAULT'; UPDATE and DELETE events will contain previous values only for PK columns"}}
{"type":"LOG","log":{"level":"INFO","message":"INFO i.a.w.i.DefaultAirbyteStreamFactory(internalLog):159 INFO i.d.c.p.PostgresSchema(printReplicaIdentityInfo):100 REPLICA IDENTITY for 'test.test_1_int2' is 'DEFAULT'; UPDATE and DELETE events will contain previous values only for PK columns"}}
{"type":"LOG","log":{"level":"INFO","message":"INFO i.a.w.i.DefaultAirbyteStreamFactory(internalLog):159 INFO i.d.c.p.PostgresSchema(printReplicaIdentityInfo):100 REPLICA IDENTITY for 'test.test_1_int4' is 'DEFAULT'; UPDATE and DELETE events will contain previous values only for PK columns"}}
{"type":"LOG","log":{"level":"INFO","message":"INFO i.a.w.i.DefaultAirbyteStreamFactory(internalLog):159 INFO i.d.c.p.PostgresSchema(printReplicaIdentityInfo):100 REPLICA IDENTITY for 'test.test_2_timestamptz' is 'DEFAULT'; UPDATE and DELETE events will contain previous values only for PK columns"}}
{"type":"LOG","log":{"level":"INFO","message":"INFO i.a.w.i.DefaultAirbyteStreamFactory(internalLog):159 INFO i.d.c.p.PostgresSchema(printReplicaIdentityInfo):100 REPLICA IDENTITY for 'test.test_1_timestamptz' is 'DEFAULT'; UPDATE and DELETE events will contain previous values only for PK columns"}}
{"type":"LOG","log":{"level":"INFO","message":"INFO i.a.w.i.DefaultAirbyteStreamFactory(internalLog):159 INFO i.d.c.p.PostgresSchema(printReplicaIdentityInfo):100 REPLICA IDENTITY for 'test.test_2_char' is 'DEFAULT'; UPDATE and DELETE events will contain previous values only for PK columns"}}
{"type":"LOG","log":{"level":"INFO","message":"INFO i.a.w.i.DefaultAirbyteStreamFactory(internalLog):159 INFO i.d.c.p.PostgresSchema(printReplicaIdentityInfo):100 REPLICA IDENTITY for 'test.test_1_path' is 'DEFAULT'; UPDATE and DELETE events will contain previous values only for PK columns"}}
{"type":"LOG","log":{"level":"INFO","message":"INFO i.a.w.i.DefaultAirbyteStreamFactory(internalLog):159 INFO i.d.c.p.PostgresSchema(printReplicaIdentityInfo):100 REPLICA IDENTITY for 'test.test_1_bpchar_array' is 'DEFAULT'; UPDATE and DELETE events will contain previous values only for PK columns"}}
{"type":"LOG","log":{"level":"INFO","message":"INFO i.a.w.i.DefaultAirbyteStreamFactory(internalLog):159 INFO i.d.c.p.PostgresSchema(printReplicaIdentityInfo):100 REPLICA IDENTITY for 'test.test_2_character' is 'DEFAULT'; UPDATE and DELETE events will contain previous values only for PK columns"}}
{"type":"LOG","log":{"level":"INFO","message":"INFO i.a.w.i.DefaultAirbyteStreamFactory(internalLog):159 INFO i.d.c.p.PostgresSchema(printReplicaIdentityInfo):100 REPLICA IDENTITY for 'test.test_3_numeric' is 'DEFAULT'; UPDATE and DELETE events will contain previous values only for PK columns"}}
{"type":"LOG","log":{"level":"INFO","message":"INFO i.a.w.i.DefaultAirbyteStreamFactory(internalLog):159 INFO i.d.c.p.PostgresSchema(printReplicaIdentityInfo):100 REPLICA IDENTITY for 'test.test_9_time' is 'DEFAULT'; UPDATE and DELETE events will contain previous values only for PK columns"}}
{"type":"LOG","log":{"level":"INFO","message":"INFO i.a.w.i.DefaultAirbyteStreamFactory(internalLog):159 INFO i.d.c.p.PostgresSchema(printReplicaIdentityInfo):100 REPLICA IDENTITY for 'test.test_2_varchar' is 'DEFAULT'; UPDATE and DELETE events will contain previous values only for PK columns"}}
{"type":"LOG","log":{"level":"INFO","message":"INFO i.a.w.i.DefaultAirbyteStreamFactory(internalLog):159 INFO i.d.c.p.PostgresSchema(printReplicaIdentityInfo):100 REPLICA IDENTITY for 'test.test_2_text' is 'DEFAULT'; UPDATE and DELETE events will contain previous values only for PK columns"}}
{"type":"LOG","log":{"level":"INFO","message":"INFO i.a.w.i.DefaultAirbyteStreamFactory(internalLog):159 INFO i.d.c.p.PostgresSchema(printReplicaIdentityInfo):100 REPLICA IDENTITY for 'test.test_2_bigint' is 'DEFAULT'; UPDATE and DELETE events will contain previous values only for PK columns"}}
{"type":"LOG","log":{"level":"INFO","message":"INFO i.a.w.i.DefaultAirbyteStreamFactory(internalLog):159 INFO i.d.c.p.PostgresSchema(printReplicaIdentityInfo):100 REPLICA IDENTITY for 'test.test_1_tsvector' is 'DEFAULT'; UPDATE and DELETE events will contain previous values only for PK columns"}}
{"type":"LOG","log":{"level":"INFO","message":"INFO i.a.w.i.DefaultAirbyteStreamFactory(internalLog):159 INFO i.d.c.p.PostgresSchema(printReplicaIdentityInfo):100 REPLICA IDENTITY for 'test.test_2_polygon' is 'DEFAULT'; UPDATE and DELETE events will contain previous values only for PK columns"}}
{"type":"LOG","log":{"level":"INFO","message":"INFO i.a.w.i.DefaultAirbyteStreamFactory(internalLog):159 INFO i.d.c.p.PostgresSchema(printReplicaIdentityInfo):100 REPLICA IDENTITY for 'test.random_dummy_table' is 'DEFAULT'; UPDATE and DELETE events will contain previous values only for PK columns"}}
{"type":"LOG","log":{"level":"INFO","message":"INFO i.a.w.i.DefaultAirbyteStreamFactory(internalLog):159 INFO i.d.c.p.PostgresSchema(printReplicaIdentityInfo):100 REPLICA IDENTITY for 'test.test_4_bit' is 'DEFAULT'; UPDATE and DELETE events will contain previous values only for PK columns"}}
{"type":"LOG","log":{"level":"INFO","message":"INFO i.a.w.i.DefaultAirbyteStreamFactory(internalLog):159 INFO i.d.c.p.PostgresSchema(printReplicaIdentityInfo):100 REPLICA IDENTITY for 'test.test_3_character' is 'DEFAULT'; UPDATE and DELETE events will contain previous values only for PK columns"}}
{"type":"LOG","log":{"level":"INFO","message":"INFO i.a.w.i.DefaultAirbyteStreamFactory(internalLog):159 INFO i.d.c.p.PostgresSchema(printReplicaIdentityInfo):100 REPLICA IDENTITY for 'test.test_4_numeric_array' is 'DEFAULT'; UPDATE and DELETE events will contain previous values only for PK columns"}}
{"type":"LOG","log":{"level":"INFO","message":"INFO i.a.w.i.DefaultAirbyteStreamFactory(internalLog):159 INFO i.d.c.p.PostgresSchema(printReplicaIdentityInfo):100 REPLICA IDENTITY for 'test.test_1_line' is 'DEFAULT'; UPDATE and DELETE events will contain previous values only for PK columns"}}
{"type":"LOG","log":{"level":"INFO","message":"INFO i.a.w.i.DefaultAirbyteStreamFactory(internalLog):159 INFO i.d.c.p.PostgresSchema(printReplicaIdentityInfo):100 REPLICA IDENTITY for 'test.test_4_date' is 'DEFAULT'; UPDATE and DELETE events will contain previous values only for PK columns"}}
{"type":"LOG","log":{"level":"INFO","message":"INFO i.a.w.i.DefaultAirbyteStreamFactory(internalLog):159 INFO i.d.c.p.PostgresSchema(printReplicaIdentityInfo):100 REPLICA IDENTITY for 'test.test_1_macaddr8' is 'DEFAULT'; UPDATE and DELETE events will contain previous values only for PK columns"}}
{"type":"LOG","log":{"level":"INFO","message":"INFO i.a.w.i.DefaultAirbyteStreamFactory(internalLog):159 INFO i.d.c.p.PostgresSchema(printReplicaIdentityInfo):100 REPLICA IDENTITY for 'test.test_6_numeric' is 'DEFAULT'; UPDATE and DELETE events will contain previous values only for PK columns"}}
{"type":"LOG","log":{"level":"INFO","message":"INFO i.a.w.i.DefaultAirbyteStreamFactory(internalLog):159 INFO i.d.c.p.PostgresSchema(printReplicaIdentityInfo):100 REPLICA IDENTITY for 'test.test_5_decimal_array' is 'DEFAULT'; UPDATE and DELETE events will contain previous values only for PK columns"}}
{"type":"LOG","log":{"level":"INFO","message":"INFO i.a.w.i.DefaultAirbyteStreamFactory(internalLog):159 INFO i.d.c.p.PostgresSchema(printReplicaIdentityInfo):100 REPLICA IDENTITY for 'test.test_2_timetz' is 'DEFAULT'; UPDATE and DELETE events will contain previous values only for PK columns"}}
{"type":"LOG","log":{"level":"INFO","message":"INFO i.a.w.i.DefaultAirbyteStreamFactory(internalLog):159 INFO i.d.c.p.PostgresSchema(printReplicaIdentityInfo):100 REPLICA IDENTITY for 'test.test_1_float4' is 'DEFAULT'; UPDATE and DELETE events will contain previous values only for PK columns"}}
{"type":"LOG","log":{"level":"INFO","message":"INFO i.a.w.i.DefaultAirbyteStreamFactory(internalLog):159 INFO i.d.c.p.PostgresSchema(printReplicaIdentityInfo):100 REPLICA IDENTITY for 'test.test_2_xml' is 'DEFAULT'; UPDATE and DELETE events will contain previous values only for PK columns"}}
{"type":"LOG","log":{"level":"INFO","message":"INFO i.a.w.i.DefaultAirbyteStreamFactory(internalLog):159 INFO i.d.c.p.PostgresSchema(printReplicaIdentityInfo):100 REPLICA IDENTITY for 'test.test_2_real' is 'DEFAULT'; UPDATE and DELETE events will contain previous values only for PK columns"}}
{"type":"LOG","log":{"level":"INFO","message":"INFO i.a.w.i.DefaultAirbyteStreamFactory(internalLog):159 INFO i.d.c.p.PostgresSchema(printReplicaIdentityInfo):100 REPLICA IDENTITY for 'test.test_4_character' is 'DEFAULT'; UPDATE and DELETE events will contain previous values only for PK columns"}}
{"type":"LOG","log":{"level":"INFO","message":"INFO i.a.w.i.DefaultAirbyteStreamFactory(internalLog):159 INFO i.d.c.p.PostgresSchema(printReplicaIdentityInfo):100 REPLICA IDENTITY for 'test.test_1_float8' is 'DEFAULT'; UPDATE and DELETE events will contain previous values only for PK columns"}}
{"type":"LOG","log":{"level":"INFO","message":"INFO i.a.w.i.DefaultAirbyteStreamFactory(internalLog):159 INFO i.d.c.p.PostgresSchema(printReplicaIdentityInfo):100 REPLICA IDENTITY for 'test.test_2_serial' is 'DEFAULT'; UPDATE and DELETE events will contain previous values only for PK columns"}}
{"type":"LOG","log":{"level":"INFO","message":"INFO i.a.w.i.DefaultAirbyteStreamFactory(internalLog):159 INFO i.d.c.p.PostgresSchema(printReplicaIdentityInfo):100 REPLICA IDENTITY for 'test.test_6_decimal_array' is 'DEFAULT'; UPDATE and DELETE events will contain previous values only for PK columns"}}
{"type":"LOG","log":{"level":"INFO","message":"INFO i.a.w.i.DefaultAirbyteStreamFactory(internalLog):159 INFO i.d.c.p.PostgresSchema(printReplicaIdentityInfo):100 REPLICA IDENTITY for 'test.test_2_smallint' is 'DEFAULT'; UPDATE and DELETE events will contain previous values only for PK columns"}}
{"type":"LOG","log":{"level":"INFO","message":"INFO i.a.w.i.DefaultAirbyteStreamFactory(internalLog):159 INFO i.d.c.p.PostgresSchema(printReplicaIdentityInfo):100 REPLICA IDENTITY for 'test.test_1_character' is 'DEFAULT'; UPDATE and DELETE events will contain previous values only for PK columns"}}
{"type":"LOG","log":{"level":"INFO","message":"INFO i.a.w.i.DefaultAirbyteStreamFactory(internalLog):159 INFO i.d.c.p.PostgresSchema(printReplicaIdentityInfo):100 REPLICA IDENTITY for 'test.test_2_tsquery' is 'DEFAULT'; UPDATE and DELETE events will contain previous values only for PK columns"}}
{"type":"LOG","log":{"level":"INFO","message":"INFO i.a.w.i.DefaultAirbyteStreamFactory(internalLog):159 INFO i.d.c.p.PostgresSchema(printReplicaIdentityInfo):100 REPLICA IDENTITY for 'test.test_5_numeric_array' is 'DEFAULT'; UPDATE and DELETE events will contain previous values only for PK columns"}}
{"type":"LOG","log":{"level":"INFO","message":"INFO i.a.w.i.DefaultAirbyteStreamFactory(internalLog):159 INFO i.d.c.p.PostgresSchema(printReplicaIdentityInfo):100 REPLICA IDENTITY for 'test.test_2_cidr' is 'DEFAULT'; UPDATE and DELETE events will contain previous values only for PK columns"}}
{"type":"LOG","log":{"level":"INFO","message":"INFO i.a.w.i.DefaultAirbyteStreamFactory(internalLog):159 INFO i.d.c.p.PostgresSchema(printReplicaIdentityInfo):100 REPLICA IDENTITY for 'test.test_9_numeric' is 'DEFAULT'; UPDATE and DELETE events will contain previous values only for PK columns"}}
{"type":"LOG","log":{"level":"INFO","message":"INFO i.a.w.i.DefaultAirbyteStreamFactory(internalLog):159 INFO i.d.c.p.PostgresSchema(printReplicaIdentityInfo):100 REPLICA IDENTITY for 'test.test_7_time' is 'DEFAULT'; UPDATE and DELETE events will contain previous values only for PK columns"}}
{"type":"LOG","log":{"level":"INFO","message":"INFO i.a.w.i.DefaultAirbyteStreamFactory(internalLog):159 INFO i.d.c.p.PostgresSchema(printReplicaIdentityInfo):100 REPLICA IDENTITY for 'test.test_1_inventory_item' is 'DEFAULT'; UPDATE and DELETE events will contain previous values only for PK columns"}}
{"type":"LOG","log":{"level":"INFO","message":"INFO i.a.w.i.DefaultAirbyteStreamFactory(internalLog):159 INFO i.d.c.p.PostgresSchema(printReplicaIdentityInfo):100 REPLICA IDENTITY for 'test.test_2_int' is 'DEFAULT'; UPDATE and DELETE events will contain previous values only for PK columns"}}
{"type":"LOG","log":{"level":"INFO","message":"INFO i.a.w.i.DefaultAirbyteStreamFactory(internalLog):159 INFO i.d.c.p.PostgresSchema(printReplicaIdentityInfo):100 REPLICA IDENTITY for 'test.test_2_serial4' is 'DEFAULT'; UPDATE and DELETE events will contain previous values only for PK columns"}}
{"type":"LOG","log":{"level":"INFO","message":"INFO i.a.w.i.DefaultAirbyteStreamFactory(internalLog):159 INFO i.d.c.p.PostgresSchema(printReplicaIdentityInfo):100 REPLICA IDENTITY for 'test.test_2_serial2' is 'DEFAULT'; UPDATE and DELETE events will contain previous values only for PK columns"}}
{"type":"LOG","log":{"level":"INFO","message":"INFO i.a.w.i.DefaultAirbyteStreamFactory(internalLog):159 INFO i.d.c.p.PostgresSchema(printReplicaIdentityInfo):100 REPLICA IDENTITY for 'test.test_2_decimal_array' is 'DEFAULT'; UPDATE and DELETE events will contain previous values only for PK columns"}}
{"type":"LOG","log":{"level":"INFO","message":"INFO i.a.w.i.DefaultAirbyteStreamFactory(internalLog):159 INFO i.d.c.p.PostgresSchema(printReplicaIdentityInfo):100 REPLICA IDENTITY for 'test.test_5_numeric' is 'DEFAULT'; UPDATE and DELETE events will contain previous values only for PK columns"}}
{"type":"LOG","log":{"level":"INFO","message":"INFO i.a.w.i.DefaultAirbyteStreamFactory(internalLog):159 INFO i.d.c.p.PostgresSchema(printReplicaIdentityInfo):100 REPLICA IDENTITY for 'test.test_1_float8_array' is 'DEFAULT'; UPDATE and DELETE events will contain previous values only for PK columns"}}
{"type":"LOG","log":{"level":"INFO","message":"INFO i.a.w.i.DefaultAirbyteStreamFactory(internalLog):159 INFO i.d.c.p.PostgresSchema(printReplicaIdentityInfo):100 REPLICA IDENTITY for 'test.test_3_bit_varying' is 'DEFAULT'; UPDATE and DELETE events will contain previous values only for PK columns"}}
{"type":"LOG","log":{"level":"INFO","message":"INFO i.a.w.i.DefaultAirbyteStreamFactory(internalLog):159 INFO i.d.c.p.PostgresSchema(printReplicaIdentityInfo):100 REPLICA IDENTITY for 'test.test_6_numeric_array' is 'DEFAULT'; UPDATE and DELETE events will contain previous values only for PK columns"}}
{"type":"LOG","log":{"level":"INFO","message":"INFO i.a.w.i.DefaultAirbyteStreamFactory(internalLog):159 INFO i.d.c.p.PostgresSchema(printReplicaIdentityInfo):100 REPLICA IDENTITY for 'test.test_1_bytea_array' is 'DEFAULT'; UPDATE and DELETE events will contain previous values only for PK columns"}}
{"type":"LOG","log":{"level":"INFO","message":"INFO i.a.w.i.DefaultAirbyteStreamFactory(internalLog):159 INFO i.d.c.p.PostgresSchema(printReplicaIdentityInfo):100 REPLICA IDENTITY for 'test.test_10_timestamp' is 'DEFAULT'; UPDATE and DELETE events will contain previous values only for PK columns"}}
{"type":"LOG","log":{"level":"INFO","message":"INFO i.a.w.i.DefaultAirbyteStreamFactory(internalLog):159 INFO i.d.c.p.PostgresSchema(printReplicaIdentityInfo):100 REPLICA IDENTITY for 'test.test_1_timestamptz_array' is 'DEFAULT'; UPDATE and DELETE events will contain previous values only for PK columns"}}
{"type":"LOG","log":{"level":"INFO","message":"INFO i.a.w.i.DefaultAirbyteStreamFactory(internalLog):159 INFO i.d.c.p.PostgresSchema(printReplicaIdentityInfo):100 REPLICA IDENTITY for 'test.test_1_float' is 'DEFAULT'; UPDATE and DELETE events will contain previous values only for PK columns"}}
{"type":"LOG","log":{"level":"INFO","message":"INFO i.a.w.i.DefaultAirbyteStreamFactory(internalLog):159 INFO i.d.c.p.PostgresSchema(printReplicaIdentityInfo):100 REPLICA IDENTITY for 'test.test_4_timestamp' is 'DEFAULT'; UPDATE and DELETE events will contain previous values only for PK columns"}}
{"type":"LOG","log":{"level":"INFO","message":"INFO i.a.w.i.DefaultAirbyteStreamFactory(internalLog):159 INFO i.d.c.p.PostgresSchema(printReplicaIdentityInfo):100 REPLICA IDENTITY for 'test.test_2_int2_array' is 'DEFAULT'; UPDATE and DELETE events will contain previous values only for PK columns"}}
{"type":"LOG","log":{"level":"INFO","message":"INFO i.a.w.i.DefaultAirbyteStreamFactory(internalLog):159 INFO i.d.c.p.PostgresSchema(printReplicaIdentityInfo):100 REPLICA IDENTITY for 'test.test_16_timestamp' is 'DEFAULT'; UPDATE and DELETE events will contain previous values only for PK columns"}}
{"type":"LOG","log":{"level":"INFO","message":"INFO i.a.w.i.DefaultAirbyteStreamFactory(internalLog):159 INFO i.d.c.p.PostgresSchema(printReplicaIdentityInfo):100 REPLICA IDENTITY for 'test.test_1_inet' is 'DEFAULT'; UPDATE and DELETE events will contain previous values only for PK columns"}}
{"type":"LOG","log":{"level":"INFO","message":"INFO i.a.w.i.DefaultAirbyteStreamFactory(internalLog):159 INFO i.d.c.p.PostgresSchema(printReplicaIdentityInfo):100 REPLICA IDENTITY for 'test.test_2_point' is 'DEFAULT'; UPDATE and DELETE events will contain previous values only for PK columns"}}
{"type":"LOG","log":{"level":"INFO","message":"INFO i.a.w.i.DefaultAirbyteStreamFactory(internalLog):159 INFO i.d.c.p.PostgresSchema(printReplicaIdentityInfo):100 REPLICA IDENTITY for 'test.test_2_date' is 'DEFAULT'; UPDATE and DELETE events will contain previous values only for PK columns"}}
{"type":"LOG","log":{"level":"INFO","message":"INFO i.a.w.i.DefaultAirbyteStreamFactory(internalLog):159 INFO i.d.c.p.PostgresSchema(printReplicaIdentityInfo):100 REPLICA IDENTITY for 'test.test_1_hstore' is 'DEFAULT'; UPDATE and DELETE events will contain previous values only for PK columns"}}
{"type":"LOG","log":{"level":"INFO","message":"INFO i.a.w.i.DefaultAirbyteStreamFactory(internalLog):159 INFO i.d.c.p.PostgresSchema(printReplicaIdentityInfo):100 REPLICA IDENTITY for 'test.test_2_macaddr' is 'DEFAULT'; UPDATE and DELETE events will contain previous values only for PK columns"}}
{"type":"LOG","log":{"level":"INFO","message":"INFO i.a.w.i.DefaultAirbyteStreamFactory(internalLog):159 INFO i.d.c.p.PostgresSchema(printReplicaIdentityInfo):100 REPLICA IDENTITY for 'test.test_1_double_precision' is 'DEFAULT'; UPDATE and DELETE events will contain previous values only for PK columns"}}
{"type":"LOG","log":{"level":"INFO","message":"INFO i.a.w.i.DefaultAirbyteStreamFactory(internalLog):159 INFO i.d.c.p.PostgresSchema(printReplicaIdentityInfo):100 REPLICA IDENTITY for 'test.test_1_box' is 'DEFAULT'; UPDATE and DELETE events will contain previous values only for PK columns"}}
{"type":"LOG","log":{"level":"INFO","message":"INFO i.a.w.i.DefaultAirbyteStreamFactory(internalLog):159 INFO i.d.c.p.PostgresSchema(printReplicaIdentityInfo):100 REPLICA IDENTITY for 'test.test_1_timestamp_array' is 'DEFAULT'; UPDATE and DELETE events will contain previous values only for PK columns"}}
{"type":"LOG","log":{"level":"INFO","message":"INFO i.a.w.i.DefaultAirbyteStreamFactory(internalLog):159 INFO i.d.c.p.PostgresSchema(printReplicaIdentityInfo):100 REPLICA IDENTITY for 'test.test_2_uuid' is 'DEFAULT'; UPDATE and DELETE events will contain previous values only for PK columns"}}
{"type":"LOG","log":{"level":"INFO","message":"INFO i.a.w.i.DefaultAirbyteStreamFactory(internalLog):159 INFO i.d.c.p.PostgresSchema(printReplicaIdentityInfo):100 REPLICA IDENTITY for 'test.test_8_numeric' is 'DEFAULT'; UPDATE and DELETE events will contain previous values only for PK columns"}}
{"type":"LOG","log":{"level":"INFO","message":"INFO i.a.w.i.DefaultAirbyteStreamFactory(internalLog):159 INFO i.d.c.p.PostgresSchema(printReplicaIdentityInfo):100 REPLICA IDENTITY for 'test.test_1_bit_varying' is 'DEFAULT'; UPDATE and DELETE events will contain previous values only for PK columns"}}
{"type":"LOG","log":{"level":"INFO","message":"INFO i.a.w.i.DefaultAirbyteStreamFactory(internalLog):159 INFO i.d.c.p.PostgresSchema(printReplicaIdentityInfo):100 REPLICA IDENTITY for 'test.test_1_time_array' is 'DEFAULT'; UPDATE and DELETE events will contain previous values only for PK columns"}}
{"type":"LOG","log":{"level":"INFO","message":"INFO i.a.w.i.DefaultAirbyteStreamFactory(internalLog):159 INFO i.d.c.p.PostgresSchema(printReplicaIdentityInfo):100 REPLICA IDENTITY for 'test.test_5_time' is 'DEFAULT'; UPDATE and DELETE events will contain previous values only for PK columns"}}
{"type":"LOG","log":{"level":"INFO","message":"INFO i.a.w.i.DefaultAirbyteStreamFactory(internalLog):159 INFO i.d.c.p.PostgresSchema(printReplicaIdentityInfo):100 REPLICA IDENTITY for 'test.test_2_smallserial' is 'DEFAULT'; UPDATE and DELETE events will contain previous values only for PK columns"}}
{"type":"LOG","log":{"level":"INFO","message":"INFO i.a.w.i.DefaultAirbyteStreamFactory(internalLog):159 INFO i.d.c.p.PostgresSchema(printReplicaIdentityInfo):100 REPLICA IDENTITY for 'test.test_1_point' is 'DEFAULT'; UPDATE and DELETE events will contain previous values only for PK columns"}}
{"type":"LOG","log":{"level":"INFO","message":"INFO i.a.w.i.DefaultAirbyteStreamFactory(internalLog):159 INFO i.d.c.p.PostgresSchema(printReplicaIdentityInfo):100 REPLICA IDENTITY for 'test.test_15_timestamp' is 'DEFAULT'; UPDATE and DELETE events will contain previous values only for PK columns"}}
{"type":"LOG","log":{"level":"INFO","message":"INFO i.a.w.i.DefaultAirbyteStreamFactory(internalLog):159 INFO i.d.c.p.PostgresSchema(printReplicaIdentityInfo):100 REPLICA IDENTITY for 'test.test_3_bit' is 'DEFAULT'; UPDATE and DELETE events will contain previous values only for PK columns"}}
{"type":"LOG","log":{"level":"INFO","message":"INFO i.a.w.i.DefaultAirbyteStreamFactory(internalLog):159 INFO i.d.c.p.PostgresSchema(printReplicaIdentityInfo):100 REPLICA IDENTITY for 'test.test_10_time' is 'DEFAULT'; UPDATE and DELETE events will contain previous values only for PK columns"}}
{"type":"LOG","log":{"level":"INFO","message":"INFO i.a.w.i.DefaultAirbyteStreamFactory(internalLog):159 INFO i.d.c.p.PostgresSchema(printReplicaIdentityInfo):100 REPLICA IDENTITY for 'test.test_2_int4_array' is 'DEFAULT'; UPDATE and DELETE events will contain previous values only for PK columns"}}
{"type":"LOG","log":{"level":"INFO","message":"INFO i.a.w.i.DefaultAirbyteStreamFactory(internalLog):159 INFO i.d.c.p.PostgresSchema(printReplicaIdentityInfo):100 REPLICA IDENTITY for 'test.test_1_int' is 'DEFAULT'; UPDATE and DELETE events will contain previous values only for PK columns"}}
{"type":"LOG","log":{"level":"INFO","message":"INFO i.a.w.i.DefaultAirbyteStreamFactory(internalLog):159 INFO i.d.c.p.PostgresSchema(printReplicaIdentityInfo):100 REPLICA IDENTITY for 'test.test_1_money_array' is 'DEFAULT'; UPDATE and DELETE events will contain previous values only for PK columns"}}
{"type":"LOG","log":{"level":"INFO","message":"INFO i.a.w.i.DefaultAirbyteStreamFactory(internalLog):159 INFO i.d.c.p.PostgresSchema(printReplicaIdentityInfo):100 REPLICA IDENTITY for 'test.test_2_float8_array' is 'DEFAULT'; UPDATE and DELETE events will contain previous values only for PK columns"}}
{"type":"LOG","log":{"level":"INFO","message":"INFO i.a.w.i.DefaultAirbyteStreamFactory(internalLog):159 INFO i.d.c.p.PostgresSchema(printReplicaIdentityInfo):100 REPLICA IDENTITY for 'test.test_1_bytea' is 'DEFAULT'; UPDATE and DELETE events will contain previous values only for PK columns"}}
{"type":"LOG","log":{"level":"INFO","message":"INFO i.a.w.i.DefaultAirbyteStreamFactory(internalLog):159 INFO i.d.c.p.PostgresSchema(printReplicaIdentityInfo):100 REPLICA IDENTITY for 'test.test_2_bigserial' is 'DEFAULT'; UPDATE and DELETE events will contain previous values only for PK columns"}}
{"type":"LOG","log":{"level":"INFO","message":"INFO i.a.w.i.DefaultAirbyteStreamFactory(internalLog):159 INFO i.d.c.p.PostgresSchema(printReplicaIdentityInfo):100 REPLICA IDENTITY for 'test.test_1_lseg' is 'DEFAULT'; UPDATE and DELETE events will contain previous values only for PK columns"}}
{"type":"LOG","log":{"level":"INFO","message":"INFO i.a.w.i.DefaultAirbyteStreamFactory(internalLog):159 INFO i.d.c.p.PostgresSchema(printReplicaIdentityInfo):100 REPLICA IDENTITY for 'test.test_6_time' is 'DEFAULT'; UPDATE and DELETE events will contain previous values only for PK columns"}}
{"type":"LOG","log":{"level":"INFO","message":"INFO i.a.w.i.DefaultAirbyteStreamFactory(internalLog):159 INFO i.d.c.p.PostgresSchema(printReplicaIdentityInfo):100 REPLICA IDENTITY for 'test.test_2_decimal' is 'DEFAULT'; UPDATE and DELETE events will contain previous values only for PK columns"}}
{"type":"LOG","log":{"level":"INFO","message":"INFO i.a.w.i.DefaultAirbyteStreamFactory(internalLog):159 INFO i.d.c.p.PostgresSchema(printReplicaIdentityInfo):100 REPLICA IDENTITY for 'test.test_1_decimal_array' is 'DEFAULT'; UPDATE and DELETE events will contain previous values only for PK columns"}}
{"type":"LOG","log":{"level":"INFO","message":"INFO i.a.w.i.DefaultAirbyteStreamFactory(internalLog):159 INFO i.d.c.p.PostgresSchema(printReplicaIdentityInfo):100 REPLICA IDENTITY for 'test.test_1_xml' is 'DEFAULT'; UPDATE and DELETE events will contain previous values only for PK columns"}}
{"type":"LOG","log":{"level":"INFO","message":"INFO i.a.w.i.DefaultAirbyteStreamFactory(internalLog):159 INFO i.d.c.p.PostgresSchema(printReplicaIdentityInfo):100 REPLICA IDENTITY for 'test.test_2_tsrange' is 'DEFAULT'; UPDATE and DELETE events will contain previous values only for PK columns"}}
{"type":"LOG","log":{"level":"INFO","message":"INFO i.a.w.i.DefaultAirbyteStreamFactory(internalLog):159 INFO i.d.c.p.PostgresSchema(printReplicaIdentityInfo):100 REPLICA IDENTITY for 'test.test_1_smallint' is 'DEFAULT'; UPDATE and DELETE events will contain previous values only for PK columns"}}
{"type":"LOG","log":{"level":"INFO","message":"INFO i.a.w.i.DefaultAirbyteStreamFactory(internalLog):159 INFO i.d.c.p.PostgresSchema(printReplicaIdentityInfo):100 REPLICA IDENTITY for 'test.test_4_timestamptz' is 'DEFAULT'; UPDATE and DELETE events will contain previous values only for PK columns"}}
{"type":"LOG","log":{"level":"INFO","message":"INFO i.a.w.i.DefaultAirbyteStreamFactory(internalLog):159 INFO i.d.c.p.PostgresSchema(printReplicaIdentityInfo):100 REPLICA IDENTITY for 'test.test_2_line' is 'DEFAULT'; UPDATE and DELETE events will contain previous values only for PK columns"}}
{"type":"LOG","log":{"level":"INFO","message":"INFO i.a.w.i.DefaultAirbyteStreamFactory(internalLog):159 INFO i.d.c.p.PostgresSchema(printReplicaIdentityInfo):100 REPLICA IDENTITY for 'test.test_2_pg_lsn' is 'DEFAULT'; UPDATE and DELETE events will contain previous values only for PK columns"}}
{"type":"LOG","log":{"level":"INFO","message":"INFO i.a.w.i.DefaultAirbyteStreamFactory(internalLog):159 INFO i.d.c.p.PostgresSchema(printReplicaIdentityInfo):100 REPLICA IDENTITY for 'test.test_5_timestamp' is 'DEFAULT'; UPDATE and DELETE events will contain previous values only for PK columns"}}
{"type":"LOG","log":{"level":"INFO","message":"INFO i.a.w.i.DefaultAirbyteStreamFactory(internalLog):159 INFO i.d.c.p.PostgresSchema(printReplicaIdentityInfo):100 REPLICA IDENTITY for 'test.test_1_char_array' is 'DEFAULT'; UPDATE and DELETE events will contain previous values only for PK columns"}}
{"type":"LOG","log":{"level":"INFO","message":"INFO i.a.w.i.DefaultAirbyteStreamFactory(internalLog):159 INFO i.d.c.p.PostgresSchema(printReplicaIdentityInfo):100 REPLICA IDENTITY for 'test.test_4_char' is 'DEFAULT'; UPDATE and DELETE events will contain previous values only for PK columns"}}
{"type":"LOG","log":{"level":"INFO","message":"INFO i.a.w.i.DefaultAirbyteStreamFactory(internalLog):159 INFO i.d.c.p.PostgresSchema(printReplicaIdentityInfo):100 REPLICA IDENTITY for 'test.test_3_date' is 'DEFAULT'; UPDATE and DELETE events will contain previous values only for PK columns"}}
{"type":"LOG","log":{"level":"INFO","message":"INFO i.a.w.i.DefaultAirbyteStreamFactory(internalLog):159 INFO i.d.c.p.PostgresSchema(printReplicaIdentityInfo):100 REPLICA IDENTITY for 'test.test_10_numeric' is 'DEFAULT'; UPDATE and DELETE events will contain previous values only for PK columns"}}
{"type":"LOG","log":{"level":"INFO","message":"INFO i.a.w.i.DefaultAirbyteStreamFactory(internalLog):159 INFO i.d.p.ChangeEventSourceCoordinator(streamEvents):173 Starting streaming"}}
{"type":"LOG","log":{"level":"INFO","message":"INFO i.a.w.i.DefaultAirbyteStreamFactory(internalLog):159 INFO i.d.c.p.PostgresStreamingChangeEventSource(execute):136 Retrieved latest position from stored offset 'LSN{0/1AADC30}'"}}
{"type":"LOG","log":{"level":"INFO","message":"INFO i.a.w.i.DefaultAirbyteStreamFactory(internalLog):159 INFO i.d.c.p.c.WalPositionLocator(<init>):48 Looking for WAL restart position for last commit LSN 'null' and last change LSN 'LSN{0/1AADC30}'"}}
{"type":"LOG","log":{"level":"INFO","message":"INFO i.a.w.i.DefaultAirbyteStreamFactory(internalLog):159 INFO i.d.c.p.c.PostgresReplicationConnection(initPublication):147 Initializing PgOutput logical decoder publication"}}
{"type":"LOG","log":{"level":"INFO","message":"INFO i.a.w.i.DefaultAirbyteStreamFactory(internalLog):159 INFO i.d.c.p.c.PostgresConnection(readReplicationSlotInfo):264 Obtained valid replication slot ReplicationSlot [active=false, latestFlushedLsn=LSN{0/16FEAC8}, catalogXmin=735]"}}
{"type":"LOG","log":{"level":"INFO","message":"INFO i.a.w.i.DefaultAirbyteStreamFactory(internalLog):159 INFO i.d.j.JdbcConnection(lambda$doClose$4):947 Connection gracefully closed"}}
{"type":"LOG","log":{"level":"INFO","message":"INFO i.a.w.i.DefaultAirbyteStreamFactory(internalLog):159 INFO i.d.c.p.c.PostgresReplicationConnection(validateSlotIsInExpectedState):364 Seeking to LSN{0/1AADC30} on the replication slot with command SELECT pg_replication_slot_advance('debezium_slot', '0/1AADC30')"}}
{"type":"LOG","log":{"level":"INFO","message":"INFO i.a.w.i.DefaultAirbyteStreamFactory(internalLog):159 INFO i.d.u.Threads(threadFactory):270 Requested thread factory for connector PostgresConnector, id = test named = keep-alive"}}
{"type":"LOG","log":{"level":"INFO","message":"INFO i.a.w.i.DefaultAirbyteStreamFactory(internalLog):159 INFO i.d.u.Threads$3(newThread):287 Creating thread debezium-postgresconnector-test-keep-alive"}}
{"type":"LOG","log":{"level":"INFO","message":"INFO i.a.w.i.DefaultAirbyteStreamFactory(internalLog):159 INFO i.d.c.p.PostgresSchema(printReplicaIdentityInfo):100 REPLICA IDENTITY for 'test.test_8_time' is 'DEFAULT'; UPDATE and DELETE events will contain previous values only for PK columns"}}
{"type":"LOG","log":{"level":"INFO","message":"INFO i.a.w.i.DefaultAirbyteStreamFactory(internalLog):159 INFO i.d.c.p.PostgresSchema(printReplicaIdentityInfo):100 REPLICA IDENTITY for 'test.test_8_timestamp' is 'DEFAULT'; UPDATE and DELETE events will contain previous values only for PK columns"}}
{"type":"LOG","log":{"level":"INFO","message":"INFO i.a.w.i.DefaultAirbyteStreamFactory(internalLog):159 INFO i.d.c.p.PostgresSchema(printReplicaIdentityInfo):100 REPLICA IDENTITY for 'test.test_3_char' is 'DEFAULT'; UPDATE and DELETE events will contain previous values only for PK columns"}}
{"type":"LOG","log":{"level":"INFO","message":"INFO i.a.w.i.DefaultAirbyteStreamFactory(internalLog):159 INFO i.d.c.p.PostgresSchema(printReplicaIdentityInfo):100 REPLICA IDENTITY for 'test.test_2_char_array' is 'DEFAULT'; UPDATE and DELETE events will contain previous values only for PK columns"}}
{"type":"LOG","log":{"level":"INFO","message":"INFO i.a.w.i.DefaultAirbyteStreamFactory(internalLog):159 INFO i.d.c.p.PostgresSchema(printReplicaIdentityInfo):100 REPLICA IDENTITY for 'test.test_7_numeric' is 'DEFAULT'; UPDATE and DELETE events will contain previous values only for PK columns"}}
{"type":"LOG","log":{"level":"INFO","message":"INFO i.a.w.i.DefaultAirbyteStreamFactory(internalLog):159 INFO i.d.c.p.PostgresSchema(printReplicaIdentityInfo):100 REPLICA IDENTITY for 'test.test_1_timetz_array' is 'DEFAULT'; UPDATE and DELETE events will contain previous values only for PK columns"}}
{"type":"LOG","log":{"level":"INFO","message":"INFO i.a.w.i.DefaultAirbyteStreamFactory(internalLog):159 INFO i.d.c.p.PostgresSchema(printReplicaIdentityInfo):100 REPLICA IDENTITY for 'test.test_2_varchar_array' is 'DEFAULT'; UPDATE and DELETE events will contain previous values only for PK columns"}}
{"type":"LOG","log":{"level":"INFO","message":"INFO i.a.w.i.DefaultAirbyteStreamFactory(internalLog):159 INFO i.d.c.p.PostgresSchema(printReplicaIdentityInfo):100 REPLICA IDENTITY for 'test.test_1_circle' is 'DEFAULT'; UPDATE and DELETE events will contain previous values only for PK columns"}}
{"type":"LOG","log":{"level":"INFO","message":"INFO i.a.w.i.DefaultAirbyteStreamFactory(internalLog):159 INFO i.d.c.p.PostgresSchema(printReplicaIdentityInfo):100 REPLICA IDENTITY for 'test.test_2_money' is 'DEFAULT'; UPDATE and DELETE events will contain previous values only for PK columns"}}
{"type":"LOG","log":{"level":"INFO","message":"INFO i.a.w.i.DefaultAirbyteStreamFactory(internalLog):159 INFO i.d.c.p.PostgresSchema(printReplicaIdentityInfo):100 REPLICA IDENTITY for 'test.test_1_tsquery' is 'DEFAULT'; UPDATE and DELETE events will contain previous values only for PK columns"}}
{"type":"LOG","log":{"level":"INFO","message":"INFO i.a.w.i.DefaultAirbyteStreamFactory(internalLog):159 INFO i.d.c.p.PostgresSchema(printReplicaIdentityInfo):100 REPLICA IDENTITY for 'test.test_1_float4_array' is 'DEFAULT'; UPDATE and DELETE events will contain previous values only for PK columns"}}
{"type":"LOG","log":{"level":"INFO","message":"INFO i.a.w.i.DefaultAirbyteStreamFactory(internalLog):159 INFO i.d.c.p.PostgresSchema(printReplicaIdentityInfo):100 REPLICA IDENTITY for 'test.test_1_text' is 'DEFAULT'; UPDATE and DELETE events will contain previous values only for PK columns"}}
{"type":"LOG","log":{"level":"INFO","message":"INFO i.a.w.i.DefaultAirbyteStreamFactory(internalLog):159 INFO i.d.c.p.PostgresSchema(printReplicaIdentityInfo):100 REPLICA IDENTITY for 'test.test_2_numeric_array' is 'DEFAULT'; UPDATE and DELETE events will contain previous values only for PK columns"}}
{"type":"LOG","log":{"level":"INFO","message":"INFO i.a.w.i.DefaultAirbyteStreamFactory(internalLog):159 INFO i.d.c.p.PostgresSchema(printReplicaIdentityInfo):100 REPLICA IDENTITY for 'test.test_2_date_array' is 'DEFAULT'; UPDATE and DELETE events will contain previous values only for PK columns"}}
{"type":"LOG","log":{"level":"INFO","message":"INFO i.a.w.i.DefaultAirbyteStreamFactory(internalLog):159 INFO i.d.c.p.PostgresSchema(printReplicaIdentityInfo):100 REPLICA IDENTITY for 'test.test_2_bytea' is 'DEFAULT'; UPDATE and DELETE events will contain previous values only for PK columns"}}
{"type":"LOG","log":{"level":"INFO","message":"INFO i.a.w.i.DefaultAirbyteStreamFactory(internalLog):159 INFO i.d.c.p.PostgresSchema(printReplicaIdentityInfo):100 REPLICA IDENTITY for 'test.test_2_path' is 'DEFAULT'; UPDATE and DELETE events will contain previous values only for PK columns"}}
{"type":"LOG","log":{"level":"INFO","message":"INFO i.a.w.i.DefaultAirbyteStreamFactory(internalLog):159 INFO i.d.c.p.PostgresSchema(printReplicaIdentityInfo):100 REPLICA IDENTITY for 'test.test_2_int2' is 'DEFAULT'; UPDATE and DELETE events will contain previous values only for PK columns"}}
{"type":"LOG","log":{"level":"INFO","message":"INFO i.a.w.i.DefaultAirbyteStreamFactory(internalLog):159 INFO i.d.c.p.PostgresSchema(printReplicaIdentityInfo):100 REPLICA IDENTITY for 'test.test_1_serial' is 'DEFAULT'; UPDATE and DELETE events will contain previous values only for PK columns"}}
{"type":"LOG","log":{"level":"INFO","message":"INFO i.a.w.i.DefaultAirbyteStreamFactory(internalLog):159 INFO i.d.c.p.PostgresSchema(printReplicaIdentityInfo):100 REPLICA IDENTITY for 'test.test_2_int4' is 'DEFAULT'; UPDATE and DELETE events will contain previous values only for PK columns"}}
{"type":"LOG","log":{"level":"INFO","message":"INFO i.a.w.i.DefaultAirbyteStreamFactory(internalLog):159 INFO i.d.c.p.PostgresSchema(printReplicaIdentityInfo):100 REPLICA IDENTITY for 'test.test_7_timestamp' is 'DEFAULT'; UPDATE and DELETE events will contain previous values only for PK columns"}}
{"type":"LOG","log":{"level":"INFO","message":"INFO i.a.w.i.DefaultAirbyteStreamFactory(internalLog):159 INFO i.d.c.p.PostgresSchema(printReplicaIdentityInfo):100 REPLICA IDENTITY for 'test.test_5_date' is 'DEFAULT'; UPDATE and DELETE events will contain previous values only for PK columns"}}
{"type":"LOG","log":{"level":"INFO","message":"INFO i.a.w.i.DefaultAirbyteStreamFactory(internalLog):159 INFO i.d.c.p.PostgresSchema(printReplicaIdentityInfo):100 REPLICA IDENTITY for 'test.test_2_bool_array' is 'DEFAULT'; UPDATE and DELETE events will contain previous values only for PK columns"}}
{"type":"LOG","log":{"level":"INFO","message":"INFO i.a.w.i.DefaultAirbyteStreamFactory(internalLog):159 INFO i.d.c.p.PostgresSchema(printReplicaIdentityInfo):100 REPLICA IDENTITY for 'test.test_3_decimal_array' is 'DEFAULT'; UPDATE and DELETE events will contain previous values only for PK columns"}}
{"type":"LOG","log":{"level":"INFO","message":"INFO i.a.w.i.DefaultAirbyteStreamFactory(internalLog):159 INFO i.d.c.p.PostgresSchema(printReplicaIdentityInfo):100 REPLICA IDENTITY for 'test.test_13_timestamp' is 'DEFAULT'; UPDATE and DELETE events will contain previous values only for PK columns"}}
{"type":"LOG","log":{"level":"INFO","message":"INFO i.a.w.i.DefaultAirbyteStreamFactory(internalLog):159 INFO i.d.c.p.PostgresSchema(printReplicaIdentityInfo):100 REPLICA IDENTITY for 'test.test_2_timetz_array' is 'DEFAULT'; UPDATE and DELETE events will contain previous values only for PK columns"}}
{"type":"LOG","log":{"level":"INFO","message":"INFO i.a.w.i.DefaultAirbyteStreamFactory(internalLog):159 INFO i.d.c.p.PostgresSchema(printReplicaIdentityInfo):100 REPLICA IDENTITY for 'test.test_1_text_array' is 'DEFAULT'; UPDATE and DELETE events will contain previous values only for PK columns"}}
{"type":"LOG","log":{"level":"INFO","message":"INFO i.a.w.i.DefaultAirbyteStreamFactory(internalLog):159 INFO i.d.c.p.PostgresSchema(printReplicaIdentityInfo):100 REPLICA IDENTITY for 'test.test_1_bigserial' is 'DEFAULT'; UPDATE and DELETE events will contain previous values only for PK columns"}}
{"type":"LOG","log":{"level":"INFO","message":"INFO i.a.w.i.DefaultAirbyteStreamFactory(internalLog):159 INFO i.d.c.p.PostgresSchema(printReplicaIdentityInfo):100 REPLICA IDENTITY for 'test.test_1_serial2' is 'DEFAULT'; UPDATE and DELETE events will contain previous values only for PK columns"}}
{"type":"LOG","log":{"level":"INFO","message":"INFO i.a.w.i.DefaultAirbyteStreamFactory(internalLog):159 INFO i.d.c.p.PostgresSchema(printReplicaIdentityInfo):100 REPLICA IDENTITY for 'test.test_2_bit' is 'DEFAULT'; UPDATE and DELETE events will contain previous values only for PK columns"}}
{"type":"LOG","log":{"level":"INFO","message":"INFO i.a.w.i.DefaultAirbyteStreamFactory(internalLog):159 INFO i.d.c.p.PostgresSchema(printReplicaIdentityInfo):100 REPLICA IDENTITY for 'test.test_1_bool' is 'DEFAULT'; UPDATE and DELETE events will contain previous values only for PK columns"}}
{"type":"LOG","log":{"level":"INFO","message":"INFO i.a.w.i.DefaultAirbyteStreamFactory(internalLog):159 INFO i.d.c.p.PostgresSchema(printReplicaIdentityInfo):100 REPLICA IDENTITY for 'test.test_2_numeric' is 'DEFAULT'; UPDATE and DELETE events will contain previous values only for PK columns"}}
{"type":"LOG","log":{"level":"INFO","message":"INFO i.a.w.i.DefaultAirbyteStreamFactory(internalLog):159 INFO i.d.c.p.PostgresSchema(printReplicaIdentityInfo):100 REPLICA IDENTITY for 'test.test_1_mood' is 'DEFAULT'; UPDATE and DELETE events will contain previous values only for PK columns"}}
{"type":"LOG","log":{"level":"INFO","message":"INFO i.a.w.i.DefaultAirbyteStreamFactory(internalLog):159 INFO i.d.c.p.PostgresSchema(printReplicaIdentityInfo):100 REPLICA IDENTITY for 'test.test_2_time_array' is 'DEFAULT'; UPDATE and DELETE events will contain previous values only for PK columns"}}
{"type":"LOG","log":{"level":"INFO","message":"INFO i.a.w.i.DefaultAirbyteStreamFactory(internalLog):159 INFO i.d.c.p.PostgresSchema(printReplicaIdentityInfo):100 REPLICA IDENTITY for 'test.test_1_integer' is 'DEFAULT'; UPDATE and DELETE events will contain previous values only for PK columns"}}
{"type":"LOG","log":{"level":"INFO","message":"INFO i.a.w.i.DefaultAirbyteStreamFactory(internalLog):159 INFO i.d.c.p.PostgresSchema(printReplicaIdentityInfo):100 REPLICA IDENTITY for 'test.test_2_int8_array' is 'DEFAULT'; UPDATE and DELETE events will contain previous values only for PK columns"}}
{"type":"LOG","log":{"level":"INFO","message":"INFO i.a.w.i.DefaultAirbyteStreamFactory(internalLog):159 INFO i.d.c.p.PostgresSchema(printReplicaIdentityInfo):100 REPLICA IDENTITY for 'test.test_6_timestamp' is 'DEFAULT'; UPDATE and DELETE events will contain previous values only for PK columns"}}
{"type":"LOG","log":{"level":"INFO","message":"INFO i.a.w.i.DefaultAirbyteStreamFactory(internalLog):159 INFO i.d.c.p.PostgresSchema(printReplicaIdentityInfo):100 REPLICA IDENTITY for 'test.test_4_decimal_array' is 'DEFAULT'; UPDATE and DELETE events will contain previous values only for PK columns"}}
{"type":"LOG","log":{"level":"INFO","message":"INFO i.a.w.i.DefaultAirbyteStreamFactory(internalLog):159 INFO i.d.c.p.PostgresSchema(printReplicaIdentityInfo):100 REPLICA IDENTITY for 'test.test_3_timetz' is 'DEFAULT'; UPDATE and DELETE events will contain previous values only for PK columns"}}
{"type":"LOG","log":{"level":"INFO","message":"INFO i.a.w.i.DefaultAirbyteStreamFactory(internalLog):159 INFO i.d.c.p.PostgresSchema(printReplicaIdentityInfo):100 REPLICA IDENTITY for 'test.test_2_float4_array' is 'DEFAULT'; UPDATE and DELETE events will contain previous values only for PK columns"}}
{"type":"LOG","log":{"level":"INFO","message":"INFO i.a.w.i.DefaultAirbyteStreamFactory(internalLog):159 INFO i.d.c.p.PostgresSchema(printReplicaIdentityInfo):100 REPLICA IDENTITY for 'test.test_1_oid_array' is 'DEFAULT'; UPDATE and DELETE events will contain previous values only for PK columns"}}
{"type":"LOG","log":{"level":"INFO","message":"INFO i.a.w.i.DefaultAirbyteStreamFactory(internalLog):159 INFO i.d.c.p.PostgresSchema(printReplicaIdentityInfo):100 REPLICA IDENTITY for 'test.test_2_inet' is 'DEFAULT'; UPDATE and DELETE events will contain previous values only for PK columns"}}
{"type":"LOG","log":{"level":"INFO","message":"INFO i.a.w.i.DefaultAirbyteStreamFactory(internalLog):159 INFO i.d.c.p.PostgresSchema(printReplicaIdentityInfo):100 REPLICA IDENTITY for 'test.test_1_json' is 'DEFAULT'; UPDATE and DELETE events will contain previous values only for PK columns"}}
{"type":"LOG","log":{"level":"INFO","message":"INFO i.a.w.i.DefaultAirbyteStreamFactory(internalLog):159 INFO i.d.c.p.PostgresSchema(printReplicaIdentityInfo):100 REPLICA IDENTITY for 'test.test_1_name_array' is 'DEFAULT'; UPDATE and DELETE events will contain previous values only for PK columns"}}
{"type":"LOG","log":{"level":"INFO","message":"INFO i.a.w.i.DefaultAirbyteStreamFactory(internalLog):159 INFO i.d.c.p.PostgresSchema(printReplicaIdentityInfo):100 REPLICA IDENTITY for 'test.test_1_interval' is 'DEFAULT'; UPDATE and DELETE events will contain previous values only for PK columns"}}
{"type":"LOG","log":{"level":"INFO","message":"INFO i.a.w.i.DefaultAirbyteStreamFactory(internalLog):159 INFO i.d.c.p.PostgresSchema(printReplicaIdentityInfo):100 REPLICA IDENTITY for 'test.test_1_tsrange' is 'DEFAULT'; UPDATE and DELETE events will contain previous values only for PK columns"}}
{"type":"LOG","log":{"level":"INFO","message":"INFO i.a.w.i.DefaultAirbyteStreamFactory(internalLog):159 INFO i.d.c.p.PostgresSchema(printReplicaIdentityInfo):100 REPLICA IDENTITY for 'test.test_9_timestamp' is 'DEFAULT'; UPDATE and DELETE events will contain previous values only for PK columns"}}
{"type":"LOG","log":{"level":"INFO","message":"INFO i.a.w.i.DefaultAirbyteStreamFactory(internalLog):159 INFO i.d.c.p.PostgresSchema(printReplicaIdentityInfo):100 REPLICA IDENTITY for 'test.test_2_lseg' is 'DEFAULT'; UPDATE and DELETE events will contain previous values only for PK columns"}}
{"type":"LOG","log":{"level":"INFO","message":"INFO i.a.w.i.DefaultAirbyteStreamFactory(internalLog):159 INFO i.d.c.p.PostgresSchema(printReplicaIdentityInfo):100 REPLICA IDENTITY for 'test.test_1_varchar' is 'DEFAULT'; UPDATE and DELETE events will contain previous values only for PK columns"}}
{"type":"LOG","log":{"level":"INFO","message":"INFO i.a.w.i.DefaultAirbyteStreamFactory(internalLog):159 INFO i.d.c.p.PostgresSchema(printReplicaIdentityInfo):100 REPLICA IDENTITY for 'test.test_4_varchar' is 'DEFAULT'; UPDATE and DELETE events will contain previous values only for PK columns"}}
{"type":"LOG","log":{"level":"INFO","message":"INFO i.a.w.i.DefaultAirbyteStreamFactory(internalLog):159 INFO i.d.c.p.PostgresSchema(printReplicaIdentityInfo):100 REPLICA IDENTITY for 'test.test_14_timestamp' is 'DEFAULT'; UPDATE and DELETE events will contain previous values only for PK columns"}}
{"type":"LOG","log":{"level":"INFO","message":"INFO i.a.w.i.DefaultAirbyteStreamFactory(internalLog):159 INFO i.d.c.p.PostgresSchema(printReplicaIdentityInfo):100 REPLICA IDENTITY for 'test.test_1_macaddr' is 'DEFAULT'; UPDATE and DELETE events will contain previous values only for PK columns"}}
{"type":"LOG","log":{"level":"INFO","message":"INFO i.a.w.i.DefaultAirbyteStreamFactory(internalLog):159 INFO i.d.c.p.PostgresSchema(printReplicaIdentityInfo):100 REPLICA IDENTITY for 'test.test_1_int2_array' is 'DEFAULT'; UPDATE and DELETE events will contain previous values only for PK columns"}}
{"type":"LOG","log":{"level":"INFO","message":"INFO i.a.w.i.DefaultAirbyteStreamFactory(internalLog):159 INFO i.d.c.p.PostgresSchema(printReplicaIdentityInfo):100 REPLICA IDENTITY for 'test.test_1_boolean' is 'DEFAULT'; UPDATE and DELETE events will contain previous values only for PK columns"}}
{"type":"LOG","log":{"level":"INFO","message":"INFO i.a.w.i.DefaultAirbyteStreamFactory(internalLog):159 INFO i.d.c.p.PostgresSchema(printReplicaIdentityInfo):100 REPLICA IDENTITY for 'test.test_2_float' is 'DEFAULT'; UPDATE and DELETE events will contain previous values only for PK columns"}}
{"type":"LOG","log":{"level":"INFO","message":"INFO i.a.w.i.DefaultAirbyteStreamFactory(internalLog):159 INFO i.d.c.p.PostgresSchema(printReplicaIdentityInfo):100 REPLICA IDENTITY for 'test.test_1_time' is 'DEFAULT'; UPDATE and DELETE events will contain previous values only for PK columns"}}
{"type":"LOG","log":{"level":"INFO","message":"INFO i.a.w.i.DefaultAirbyteStreamFactory(internalLog):159 INFO i.d.c.p.PostgresSchema(printReplicaIdentityInfo):100 REPLICA IDENTITY for 'test.test_4_time' is 'DEFAULT'; UPDATE and DELETE events will contain previous values only for PK columns"}}
{"type":"LOG","log":{"level":"INFO","message":"INFO i.a.w.i.DefaultAirbyteStreamFactory(internalLog):159 INFO i.d.c.p.PostgresSchema(printReplicaIdentityInfo):100 REPLICA IDENTITY for 'test.test_1_int8_array' is 'DEFAULT'; UPDATE and DELETE events will contain previous values only for PK columns"}}
{"type":"LOG","log":{"level":"INFO","message":"INFO i.a.w.i.DefaultAirbyteStreamFactory(internalLog):159 INFO i.d.c.p.PostgresSchema(printReplicaIdentityInfo):100 REPLICA IDENTITY for 'test.test_1_serial4' is 'DEFAULT'; UPDATE and DELETE events will contain previous values only for PK columns"}}
{"type":"LOG","log":{"level":"INFO","message":"INFO i.a.w.i.DefaultAirbyteStreamFactory(internalLog):159 INFO i.d.c.p.PostgresSchema(printReplicaIdentityInfo):100 REPLICA IDENTITY for 'test.test_11_timestamp' is 'DEFAULT'; UPDATE and DELETE events will contain previous values only for PK columns"}}
{"type":"LOG","log":{"level":"INFO","message":"INFO i.a.w.i.DefaultAirbyteStreamFactory(internalLog):159 INFO i.d.c.p.PostgresSchema(printReplicaIdentityInfo):100 REPLICA IDENTITY for 'test.test_1_date' is 'DEFAULT'; UPDATE and DELETE events will contain previous values only for PK columns"}}
{"type":"LOG","log":{"level":"INFO","message":"INFO i.a.w.i.DefaultAirbyteStreamFactory(internalLog):159 INFO i.d.c.p.PostgresSchema(printReplicaIdentityInfo):100 REPLICA IDENTITY for 'test.test_2_text_array' is 'DEFAULT'; UPDATE and DELETE events will contain previous values only for PK columns"}}
{"type":"LOG","log":{"level":"INFO","message":"INFO i.a.w.i.DefaultAirbyteStreamFactory(internalLog):159 INFO i.d.c.p.PostgresSchema(printReplicaIdentityInfo):100 REPLICA IDENTITY for 'test.test_2_time' is 'DEFAULT'; UPDATE and DELETE events will contain previous values only for PK columns"}}
{"type":"LOG","log":{"level":"INFO","message":"INFO i.a.w.i.DefaultAirbyteStreamFactory(internalLog):159 INFO i.d.c.p.PostgresSchema(printReplicaIdentityInfo):100 REPLICA IDENTITY for 'test.test_2_interval' is 'DEFAULT'; UPDATE and DELETE events will contain previous values only for PK columns"}}
{"type":"LOG","log":{"level":"INFO","message":"INFO i.a.w.i.DefaultAirbyteStreamFactory(internalLog):159 INFO i.d.c.p.PostgresSchema(printReplicaIdentityInfo):100 REPLICA IDENTITY for 'test.test_2_bit_varying' is 'DEFAULT'; UPDATE and DELETE events will contain previous values only for PK columns"}}
{"type":"LOG","log":{"level":"INFO","message":"INFO i.a.w.i.DefaultAirbyteStreamFactory(internalLog):159 INFO i.d.c.p.PostgresSchema(printReplicaIdentityInfo):100 REPLICA IDENTITY for 'test.test_1_numeric' is 'DEFAULT'; UPDATE and DELETE events will contain previous values only for PK columns"}}
{"type":"LOG","log":{"level":"INFO","message":"INFO i.a.w.i.DefaultAirbyteStreamFactory(internalLog):159 INFO i.d.c.p.PostgresSchema(printReplicaIdentityInfo):100 REPLICA IDENTITY for 'test.test_1_uuid' is 'DEFAULT'; UPDATE and DELETE events will contain previous values only for PK columns"}}
{"type":"LOG","log":{"level":"INFO","message":"INFO i.a.w.i.DefaultAirbyteStreamFactory(internalLog):159 INFO i.d.c.p.PostgresSchema(printReplicaIdentityInfo):100 REPLICA IDENTITY for 'test.test_4_bit_varying' is 'DEFAULT'; UPDATE and DELETE events will contain previous values only for PK columns"}}
{"type":"LOG","log":{"level":"INFO","message":"INFO i.a.w.i.DefaultAirbyteStreamFactory(internalLog):159 INFO i.d.c.p.PostgresSchema(printReplicaIdentityInfo):100 REPLICA IDENTITY for 'test.test_3_time' is 'DEFAULT'; UPDATE and DELETE events will contain previous values only for PK columns"}}
{"type":"LOG","log":{"level":"INFO","message":"INFO i.a.w.i.DefaultAirbyteStreamFactory(internalLog):159 INFO i.d.c.p.PostgresSchema(printReplicaIdentityInfo):100 REPLICA IDENTITY for 'test.test_1_bool_array' is 'DEFAULT'; UPDATE and DELETE events will contain previous values only for PK columns"}}
{"type":"LOG","log":{"level":"INFO","message":"INFO i.a.w.i.DefaultAirbyteStreamFactory(internalLog):159 INFO i.d.c.p.PostgresSchema(printReplicaIdentityInfo):100 REPLICA IDENTITY for 'test.test_2_bytea_array' is 'DEFAULT'; UPDATE and DELETE events will contain previous values only for PK columns"}}
{"type":"LOG","log":{"level":"INFO","message":"INFO i.a.w.i.DefaultAirbyteStreamFactory(internalLog):159 INFO i.d.c.p.PostgresSchema(printReplicaIdentityInfo):100 REPLICA IDENTITY for 'test.test_1_int4_array' is 'DEFAULT'; UPDATE and DELETE events will contain previous values only for PK columns"}}
{"type":"LOG","log":{"level":"INFO","message":"INFO i.a.w.i.DefaultAirbyteStreamFactory(internalLog):159 INFO i.d.c.p.PostgresSchema(printReplicaIdentityInfo):100 REPLICA IDENTITY for 'test.test_3_varchar' is 'DEFAULT'; UPDATE and DELETE events will contain previous values only for PK columns"}}
{"type":"LOG","log":{"level":"INFO","message":"INFO i.a.w.i.DefaultAirbyteStreamFactory(internalLog):159 INFO i.d.c.p.PostgresSchema(printReplicaIdentityInfo):100 REPLICA IDENTITY for 'test.test_1_varchar_array' is 'DEFAULT'; UPDATE and DELETE events will contain previous values only for PK columns"}}
{"type":"LOG","log":{"level":"INFO","message":"INFO i.a.w.i.DefaultAirbyteStreamFactory(internalLog):159 INFO i.d.c.p.PostgresSchema(printReplicaIdentityInfo):100 REPLICA IDENTITY for 'test.test_3_numeric_array' is 'DEFAULT'; UPDATE and DELETE events will contain previous values only for PK columns"}}
{"type":"LOG","log":{"level":"INFO","message":"INFO i.a.w.i.DefaultAirbyteStreamFactory(internalLog):159 INFO i.d.c.p.PostgresSchema(printReplicaIdentityInfo):100 REPLICA IDENTITY for 'test.test_1_real' is 'DEFAULT'; UPDATE and DELETE events will contain previous values only for PK columns"}}
{"type":"LOG","log":{"level":"INFO","message":"INFO i.a.w.i.DefaultAirbyteStreamFactory(internalLog):159 INFO i.d.c.p.PostgresSchema(printReplicaIdentityInfo):100 REPLICA IDENTITY for 'test.test_1_money' is 'DEFAULT'; UPDATE and DELETE events will contain previous values only for PK columns"}}
{"type":"LOG","log":{"level":"INFO","message":"INFO i.a.w.i.DefaultAirbyteStreamFactory(internalLog):159 INFO i.d.c.p.PostgresSchema(printReplicaIdentityInfo):100 REPLICA IDENTITY for 'test.test_2_name_array' is 'DEFAULT'; UPDATE and DELETE events will contain previous values only for PK columns"}}
{"type":"LOG","log":{"level":"INFO","message":"INFO i.a.w.i.DefaultAirbyteStreamFactory(internalLog):159 INFO i.d.c.p.PostgresSchema(printReplicaIdentityInfo):100 REPLICA IDENTITY for 'test.test_1_bit_array' is 'DEFAULT'; UPDATE and DELETE events will contain previous values only for PK columns"}}
{"type":"LOG","log":{"level":"INFO","message":"INFO i.a.w.i.DefaultAirbyteStreamFactory(internalLog):159 INFO i.d.c.p.PostgresSchema(printReplicaIdentityInfo):100 REPLICA IDENTITY for 'test.test_1_pg_lsn' is 'DEFAULT'; UPDATE and DELETE events will contain previous values only for PK columns"}}
{"type":"LOG","log":{"level":"INFO","message":"INFO i.a.w.i.DefaultAirbyteStreamFactory(internalLog):159 INFO i.d.c.p.PostgresSchema(printReplicaIdentityInfo):100 REPLICA IDENTITY for 'test.test_2_boolean' is 'DEFAULT'; UPDATE and DELETE events will contain previous values only for PK columns"}}
{"type":"LOG","log":{"level":"INFO","message":"INFO i.a.w.i.DefaultAirbyteStreamFactory(internalLog):159 INFO i.d.c.p.PostgresSchema(printReplicaIdentityInfo):100 REPLICA IDENTITY for 'test.test_1_jsonb' is 'DEFAULT'; UPDATE and DELETE events will contain previous values only for PK columns"}}
{"type":"LOG","log":{"level":"INFO","message":"INFO i.a.w.i.DefaultAirbyteStreamFactory(internalLog):159 INFO i.d.c.p.PostgresSchema(printReplicaIdentityInfo):100 REPLICA IDENTITY for 'test.test_2_integer' is 'DEFAULT'; UPDATE and DELETE events will contain previous values only for PK columns"}}
{"type":"LOG","log":{"level":"INFO","message":"INFO i.a.w.i.DefaultAirbyteStreamFactory(internalLog):159 INFO i.d.c.p.PostgresSchema(printReplicaIdentityInfo):100 REPLICA IDENTITY for 'test.test_3_timestamp' is 'DEFAULT'; UPDATE and DELETE events will contain previous values only for PK columns"}}
{"type":"LOG","log":{"level":"INFO","message":"INFO i.a.w.i.DefaultAirbyteStreamFactory(internalLog):159 INFO i.d.c.p.PostgresSchema(printReplicaIdentityInfo):100 REPLICA IDENTITY for 'test.test_1_decimal' is 'DEFAULT'; UPDATE and DELETE events will contain previous values only for PK columns"}}
{"type":"LOG","log":{"level":"INFO","message":"INFO i.a.w.i.DefaultAirbyteStreamFactory(internalLog):159 INFO i.d.c.p.PostgresSchema(printReplicaIdentityInfo):100 REPLICA IDENTITY for 'test.test_4_numeric' is 'DEFAULT'; UPDATE and DELETE events will contain previous values only for PK columns"}}
{"type":"LOG","log":{"level":"INFO","message":"INFO i.a.w.i.DefaultAirbyteStreamFactory(internalLog):159 INFO i.d.c.p.PostgresSchema(printReplicaIdentityInfo):100 REPLICA IDENTITY for 'test.test_2_money_array' is 'DEFAULT'; UPDATE and DELETE events will contain previous values only for PK columns"}}
{"type":"LOG","log":{"level":"INFO","message":"INFO i.a.w.i.DefaultAirbyteStreamFactory(internalLog):159 INFO i.d.c.p.PostgresSchema(printReplicaIdentityInfo):100 REPLICA IDENTITY for 'test.test_1_smallserial' is 'DEFAULT'; UPDATE and DELETE events will contain previous values only for PK columns"}}
{"type":"LOG","log":{"level":"INFO","message":"INFO i.a.w.i.DefaultAirbyteStreamFactory(internalLog):159 INFO i.d.c.p.PostgresSchema(printReplicaIdentityInfo):100 REPLICA IDENTITY for 'test.test_4_timetz' is 'DEFAULT'; UPDATE and DELETE events will contain previous values only for PK columns"}}
{"type":"LOG","log":{"level":"INFO","message":"INFO i.a.w.i.DefaultAirbyteStreamFactory(internalLog):159 INFO i.d.c.p.PostgresSchema(printReplicaIdentityInfo):100 REPLICA IDENTITY for 'test.test_1_date_array' is 'DEFAULT'; UPDATE and DELETE events will contain previous values only for PK columns"}}
{"type":"LOG","log":{"level":"INFO","message":"INFO i.a.w.i.DefaultAirbyteStreamFactory(internalLog):159 INFO i.d.c.p.PostgresSchema(printReplicaIdentityInfo):100 REPLICA IDENTITY for 'test.test_12_timestamp' is 'DEFAULT'; UPDATE and DELETE events will contain previous values only for PK columns"}}
{"type":"LOG","log":{"level":"INFO","message":"INFO i.a.w.i.DefaultAirbyteStreamFactory(internalLog):159 INFO i.d.c.p.PostgresSchema(printReplicaIdentityInfo):100 REPLICA IDENTITY for 'test.test_2_float8' is 'DEFAULT'; UPDATE and DELETE events will contain previous values only for PK columns"}}
{"type":"LOG","log":{"level":"INFO","message":"INFO i.a.w.i.DefaultAirbyteStreamFactory(internalLog):159 INFO i.d.c.p.PostgresSchema(printReplicaIdentityInfo):100 REPLICA IDENTITY for 'test.test_1_timetz' is 'DEFAULT'; UPDATE and DELETE events will contain previous values only for PK columns"}}
{"type":"LOG","log":{"level":"INFO","message":"INFO i.a.w.i.DefaultAirbyteStreamFactory(internalLog):159 INFO i.d.c.p.PostgresSchema(printReplicaIdentityInfo):100 REPLICA IDENTITY for 'test.test_2_bpchar_array' is 'DEFAULT'; UPDATE and DELETE events will contain previous values only for PK columns"}}
{"type":"LOG","log":{"level":"INFO","message":"INFO i.a.w.i.DefaultAirbyteStreamFactory(internalLog):159 INFO i.d.c.p.PostgresSchema(printReplicaIdentityInfo):100 REPLICA IDENTITY for 'test.test_2_jsonb' is 'DEFAULT'; UPDATE and DELETE events will contain previous values only for PK columns"}}
{"type":"LOG","log":{"level":"INFO","message":"INFO i.a.w.i.DefaultAirbyteStreamFactory(internalLog):159 INFO i.d.c.p.PostgresSchema(printReplicaIdentityInfo):100 REPLICA IDENTITY for 'test.test_2_tsvector' is 'DEFAULT'; UPDATE and DELETE events will contain previous values only for PK columns"}}
{"type":"LOG","log":{"level":"INFO","message":"INFO i.a.w.i.DefaultAirbyteStreamFactory(internalLog):159 INFO i.d.c.p.PostgresSchema(printReplicaIdentityInfo):100 REPLICA IDENTITY for 'test.test_2_bit_array' is 'DEFAULT'; UPDATE and DELETE events will contain previous values only for PK columns"}}
{"type":"LOG","log":{"level":"INFO","message":"INFO i.a.w.i.DefaultAirbyteStreamFactory(internalLog):159 INFO i.d.c.p.PostgresSchema(printReplicaIdentityInfo):100 REPLICA IDENTITY for 'test.test_2_float4' is 'DEFAULT'; UPDATE and DELETE events will contain previous values only for PK columns"}}
{"type":"LOG","log":{"level":"INFO","message":"INFO i.a.w.i.DefaultAirbyteStreamFactory(internalLog):159 INFO i.d.c.p.PostgresSchema(printReplicaIdentityInfo):100 REPLICA IDENTITY for 'test.test_1_cidr' is 'DEFAULT'; UPDATE and DELETE events will contain previous values only for PK columns"}}
{"type":"LOG","log":{"level":"INFO","message":"INFO i.a.w.i.DefaultAirbyteStreamFactory(internalLog):159 INFO i.d.c.p.PostgresSchema(printReplicaIdentityInfo):100 REPLICA IDENTITY for 'test.test_2_timestamp_array' is 'DEFAULT'; UPDATE and DELETE events will contain previous values only for PK columns"}}
{"type":"LOG","log":{"level":"INFO","message":"INFO i.a.w.i.DefaultAirbyteStreamFactory(internalLog):159 INFO i.d.c.p.PostgresSchema(printReplicaIdentityInfo):100 REPLICA IDENTITY for 'test.test_2_hstore' is 'DEFAULT'; UPDATE and DELETE events will contain previous values only for PK columns"}}
{"type":"LOG","log":{"level":"INFO","message":"INFO i.a.w.i.DefaultAirbyteStreamFactory(internalLog):159 INFO i.d.c.p.PostgresSchema(printReplicaIdentityInfo):100 REPLICA IDENTITY for 'test.test_2_timestamptz_array' is 'DEFAULT'; UPDATE and DELETE events will contain previous values only for PK columns"}}
{"type":"LOG","log":{"level":"INFO","message":"INFO i.a.w.i.DefaultAirbyteStreamFactory(internalLog):159 INFO i.d.c.p.PostgresSchema(printReplicaIdentityInfo):100 REPLICA IDENTITY for 'test.test_2_json' is 'DEFAULT'; UPDATE and DELETE events will contain previous values only for PK columns"}}
{"type":"LOG","log":{"level":"INFO","message":"INFO i.a.w.i.DefaultAirbyteStreamFactory(internalLog):159 INFO i.d.c.p.PostgresSchema(printReplicaIdentityInfo):100 REPLICA IDENTITY for 'test.test_2_timestamp' is 'DEFAULT'; UPDATE and DELETE events will contain previous values only for PK columns"}}
{"type":"LOG","log":{"level":"INFO","message":"INFO i.a.w.i.DefaultAirbyteStreamFactory(internalLog):159 INFO i.d.c.p.PostgresSchema(printReplicaIdentityInfo):100 REPLICA IDENTITY for 'test.test_1_bigint' is 'DEFAULT'; UPDATE and DELETE events will contain previous values only for PK columns"}}
{"type":"LOG","log":{"level":"INFO","message":"INFO i.a.w.i.DefaultAirbyteStreamFactory(internalLog):159 INFO i.d.c.p.PostgresSchema(printReplicaIdentityInfo):100 REPLICA IDENTITY for 'test.test_2_bool' is 'DEFAULT'; UPDATE and DELETE events will contain previous values only for PK columns"}}
{"type":"LOG","log":{"level":"INFO","message":"INFO i.a.w.i.DefaultAirbyteStreamFactory(internalLog):159 INFO i.d.c.p.PostgresSchema(printReplicaIdentityInfo):100 REPLICA IDENTITY for 'test.test_2_macaddr8' is 'DEFAULT'; UPDATE and DELETE events will contain previous values only for PK columns"}}
{"type":"LOG","log":{"level":"INFO","message":"INFO i.a.w.i.DefaultAirbyteStreamFactory(internalLog):159 INFO i.d.c.p.PostgresSchema(printReplicaIdentityInfo):100 REPLICA IDENTITY for 'test.test_2_oid_array' is 'DEFAULT'; UPDATE and DELETE events will contain previous values only for PK columns"}}
{"type":"LOG","log":{"level":"INFO","message":"INFO i.a.w.i.DefaultAirbyteStreamFactory(internalLog):159 INFO i.d.c.p.PostgresSchema(printReplicaIdentityInfo):100 REPLICA IDENTITY for 'test.test_1_bit' is 'DEFAULT'; UPDATE and DELETE events will contain previous values only for PK columns"}}
{"type":"LOG","log":{"level":"INFO","message":"INFO i.a.w.i.DefaultAirbyteStreamFactory(internalLog):159 INFO i.d.c.p.PostgresSchema(printReplicaIdentityInfo):100 REPLICA IDENTITY for 'test.test_2_mood' is 'DEFAULT'; UPDATE and DELETE events will contain previous values only for PK columns"}}
{"type":"LOG","log":{"level":"INFO","message":"INFO i.a.w.i.DefaultAirbyteStreamFactory(internalLog):159 INFO i.d.c.p.PostgresSchema(printReplicaIdentityInfo):100 REPLICA IDENTITY for 'test.test_1_polygon' is 'DEFAULT'; UPDATE and DELETE events will contain previous values only for PK columns"}}
{"type":"LOG","log":{"level":"INFO","message":"INFO i.a.w.i.DefaultAirbyteStreamFactory(internalLog):159 INFO i.d.c.p.PostgresSchema(printReplicaIdentityInfo):100 REPLICA IDENTITY for 'test.test_1_char' is 'DEFAULT'; UPDATE and DELETE events will contain previous values only for PK columns"}}
{"type":"LOG","log":{"level":"INFO","message":"INFO i.a.w.i.DefaultAirbyteStreamFactory(internalLog):159 INFO i.d.c.p.PostgresSchema(printReplicaIdentityInfo):100 REPLICA IDENTITY for 'test.test_6_date' is 'DEFAULT'; UPDATE and DELETE events will contain previous values only for PK columns"}}
{"type":"LOG","log":{"level":"INFO","message":"INFO i.a.w.i.DefaultAirbyteStreamFactory(internalLog):159 INFO i.d.c.p.PostgresSchema(printReplicaIdentityInfo):100 REPLICA IDENTITY for 'test.test_2_double_precision' is 'DEFAULT'; UPDATE and DELETE events will contain previous values only for PK columns"}}
{"type":"LOG","log":{"level":"INFO","message":"INFO i.a.w.i.DefaultAirbyteStreamFactory(internalLog):159 INFO i.d.c.p.PostgresSchema(printReplicaIdentityInfo):100 REPLICA IDENTITY for 'test.test_1_numeric_array' is 'DEFAULT'; UPDATE and DELETE events will contain previous values only for PK columns"}}
{"type":"LOG","log":{"level":"INFO","message":"INFO i.a.w.i.DefaultAirbyteStreamFactory(internalLog):159 INFO i.d.c.p.PostgresSchema(printReplicaIdentityInfo):100 REPLICA IDENTITY for 'test.test_2_box' is 'DEFAULT'; UPDATE and DELETE events will contain previous values only for PK columns"}}
{"type":"LOG","log":{"level":"INFO","message":"INFO i.a.w.i.DefaultAirbyteStreamFactory(internalLog):159 INFO i.d.c.p.PostgresSchema(printReplicaIdentityInfo):100 REPLICA IDENTITY for 'test.test_2_inventory_item' is 'DEFAULT'; UPDATE and DELETE events will contain previous values only for PK columns"}}
{"type":"LOG","log":{"level":"INFO","message":"INFO i.a.w.i.DefaultAirbyteStreamFactory(internalLog):159 INFO i.d.c.p.PostgresSchema(printReplicaIdentityInfo):100 REPLICA IDENTITY for 'test.test_1_timestamp' is 'DEFAULT'; UPDATE and DELETE events will contain previous values only for PK columns"}}
{"type":"LOG","log":{"level":"INFO","message":"INFO i.a.w.i.DefaultAirbyteStreamFactory(internalLog):159 INFO i.d.c.p.PostgresSchema(printReplicaIdentityInfo):100 REPLICA IDENTITY for 'test.test_2_circle' is 'DEFAULT'; UPDATE and DELETE events will contain previous values only for PK columns"}}
{"type":"LOG","log":{"level":"INFO","message":"INFO i.a.w.i.DefaultAirbyteStreamFactory(internalLog):159 INFO i.d.c.p.PostgresSchema(printReplicaIdentityInfo):100 REPLICA IDENTITY for 'test.test_3_timestamptz' is 'DEFAULT'; UPDATE and DELETE events will contain previous values only for PK columns"}}
{"type":"LOG","log":{"level":"INFO","message":"INFO i.a.w.i.DefaultAirbyteStreamFactory(internalLog):159 INFO i.d.c.p.PostgresSchema(printReplicaIdentityInfo):100 REPLICA IDENTITY for 'test.test_1_int2' is 'DEFAULT'; UPDATE and DELETE events will contain previous values only for PK columns"}}
{"type":"LOG","log":{"level":"INFO","message":"INFO i.a.w.i.DefaultAirbyteStreamFactory(internalLog):159 INFO i.d.c.p.PostgresSchema(printReplicaIdentityInfo):100 REPLICA IDENTITY for 'test.test_1_int4' is 'DEFAULT'; UPDATE and DELETE events will contain previous values only for PK columns"}}
{"type":"LOG","log":{"level":"INFO","message":"INFO i.a.w.i.DefaultAirbyteStreamFactory(internalLog):159 INFO i.d.c.p.PostgresSchema(printReplicaIdentityInfo):100 REPLICA IDENTITY for 'test.test_2_timestamptz' is 'DEFAULT'; UPDATE and DELETE events will contain previous values only for PK columns"}}
{"type":"LOG","log":{"level":"INFO","message":"INFO i.a.w.i.DefaultAirbyteStreamFactory(internalLog):159 INFO i.d.c.p.PostgresSchema(printReplicaIdentityInfo):100 REPLICA IDENTITY for 'test.test_1_timestamptz' is 'DEFAULT'; UPDATE and DELETE events will contain previous values only for PK columns"}}
{"type":"LOG","log":{"level":"INFO","message":"INFO i.a.w.i.DefaultAirbyteStreamFactory(internalLog):159 INFO i.d.c.p.PostgresSchema(printReplicaIdentityInfo):100 REPLICA IDENTITY for 'test.test_2_char' is 'DEFAULT'; UPDATE and DELETE events will contain previous values only for PK columns"}}
{"type":"LOG","log":{"level":"INFO","message":"INFO i.a.w.i.DefaultAirbyteStreamFactory(internalLog):159 INFO i.d.c.p.PostgresSchema(printReplicaIdentityInfo):100 REPLICA IDENTITY for 'test.test_1_path' is 'DEFAULT'; UPDATE and DELETE events will contain previous values only for PK columns"}}
{"type":"LOG","log":{"level":"INFO","message":"INFO i.a.w.i.DefaultAirbyteStreamFactory(internalLog):159 INFO i.d.c.p.PostgresSchema(printReplicaIdentityInfo):100 REPLICA IDENTITY for 'test.test_1_bpchar_array' is 'DEFAULT'; UPDATE and DELETE events will contain previous values only for PK columns"}}
{"type":"LOG","log":{"level":"INFO","message":"INFO i.a.w.i.DefaultAirbyteStreamFactory(internalLog):159 INFO i.d.c.p.PostgresSchema(printReplicaIdentityInfo):100 REPLICA IDENTITY for 'test.test_2_character' is 'DEFAULT'; UPDATE and DELETE events will contain previous values only for PK columns"}}
{"type":"LOG","log":{"level":"INFO","message":"INFO i.a.w.i.DefaultAirbyteStreamFactory(internalLog):159 INFO i.d.c.p.PostgresSchema(printReplicaIdentityInfo):100 REPLICA IDENTITY for 'test.test_3_numeric' is 'DEFAULT'; UPDATE and DELETE events will contain previous values only for PK columns"}}
{"type":"LOG","log":{"level":"INFO","message":"INFO i.a.w.i.DefaultAirbyteStreamFactory(internalLog):159 INFO i.d.c.p.PostgresSchema(printReplicaIdentityInfo):100 REPLICA IDENTITY for 'test.test_9_time' is 'DEFAULT'; UPDATE and DELETE events will contain previous values only for PK columns"}}
{"type":"LOG","log":{"level":"INFO","message":"INFO i.a.w.i.DefaultAirbyteStreamFactory(internalLog):159 INFO i.d.c.p.PostgresSchema(printReplicaIdentityInfo):100 REPLICA IDENTITY for 'test.test_2_varchar' is 'DEFAULT'; UPDATE and DELETE events will contain previous values only for PK columns"}}
{"type":"LOG","log":{"level":"INFO","message":"INFO i.a.w.i.DefaultAirbyteStreamFactory(internalLog):159 INFO i.d.c.p.PostgresSchema(printReplicaIdentityInfo):100 REPLICA IDENTITY for 'test.test_2_text' is 'DEFAULT'; UPDATE and DELETE events will contain previous values only for PK columns"}}
{"type":"LOG","log":{"level":"INFO","message":"INFO i.a.w.i.DefaultAirbyteStreamFactory(internalLog):159 INFO i.d.c.p.PostgresSchema(printReplicaIdentityInfo):100 REPLICA IDENTITY for 'test.test_2_bigint' is 'DEFAULT'; UPDATE and DELETE events will contain previous values only for PK columns"}}
{"type":"LOG","log":{"level":"INFO","message":"INFO i.a.w.i.DefaultAirbyteStreamFactory(internalLog):159 INFO i.d.c.p.PostgresSchema(printReplicaIdentityInfo):100 REPLICA IDENTITY for 'test.test_1_tsvector' is 'DEFAULT'; UPDATE and DELETE events will contain previous values only for PK columns"}}
{"type":"LOG","log":{"level":"INFO","message":"INFO i.a.w.i.DefaultAirbyteStreamFactory(internalLog):159 INFO i.d.c.p.PostgresSchema(printReplicaIdentityInfo):100 REPLICA IDENTITY for 'test.test_2_polygon' is 'DEFAULT'; UPDATE and DELETE events will contain previous values only for PK columns"}}
{"type":"LOG","log":{"level":"INFO","message":"INFO i.a.w.i.DefaultAirbyteStreamFactory(internalLog):159 INFO i.d.c.p.PostgresSchema(printReplicaIdentityInfo):100 REPLICA IDENTITY for 'test.random_dummy_table' is 'DEFAULT'; UPDATE and DELETE events will contain previous values only for PK columns"}}
{"type":"LOG","log":{"level":"INFO","message":"INFO i.a.w.i.DefaultAirbyteStreamFactory(internalLog):159 INFO i.d.c.p.PostgresSchema(printReplicaIdentityInfo):100 REPLICA IDENTITY for 'test.test_4_bit' is 'DEFAULT'; UPDATE and DELETE events will contain previous values only for PK columns"}}
{"type":"LOG","log":{"level":"INFO","message":"INFO i.a.w.i.DefaultAirbyteStreamFactory(internalLog):159 INFO i.d.c.p.PostgresSchema(printReplicaIdentityInfo):100 REPLICA IDENTITY for 'test.test_3_character' is 'DEFAULT'; UPDATE and DELETE events will contain previous values only for PK columns"}}
{"type":"LOG","log":{"level":"INFO","message":"INFO i.a.w.i.DefaultAirbyteStreamFactory(internalLog):159 INFO i.d.c.p.PostgresSchema(printReplicaIdentityInfo):100 REPLICA IDENTITY for 'test.test_4_numeric_array' is 'DEFAULT'; UPDATE and DELETE events will contain previous values only for PK columns"}}
{"type":"LOG","log":{"level":"INFO","message":"INFO i.a.w.i.DefaultAirbyteStreamFactory(internalLog):159 INFO i.d.c.p.PostgresSchema(printReplicaIdentityInfo):100 REPLICA IDENTITY for 'test.test_1_line' is 'DEFAULT'; UPDATE and DELETE events will contain previous values only for PK columns"}}
{"type":"LOG","log":{"level":"INFO","message":"INFO i.a.w.i.DefaultAirbyteStreamFactory(internalLog):159 INFO i.d.c.p.PostgresSchema(printReplicaIdentityInfo):100 REPLICA IDENTITY for 'test.test_4_date' is 'DEFAULT'; UPDATE and DELETE events will contain previous values only for PK columns"}}
{"type":"LOG","log":{"level":"INFO","message":"INFO i.a.w.i.DefaultAirbyteStreamFactory(internalLog):159 INFO i.d.c.p.PostgresSchema(printReplicaIdentityInfo):100 REPLICA IDENTITY for 'test.test_1_macaddr8' is 'DEFAULT'; UPDATE and DELETE events will contain previous values only for PK columns"}}
{"type":"LOG","log":{"level":"INFO","message":"INFO i.a.w.i.DefaultAirbyteStreamFactory(internalLog):159 INFO i.d.c.p.PostgresSchema(printReplicaIdentityInfo):100 REPLICA IDENTITY for 'test.test_6_numeric' is 'DEFAULT'; UPDATE and DELETE events will contain previous values only for PK columns"}}
{"type":"LOG","log":{"level":"INFO","message":"INFO i.a.w.i.DefaultAirbyteStreamFactory(internalLog):159 INFO i.d.c.p.PostgresSchema(printReplicaIdentityInfo):100 REPLICA IDENTITY for 'test.test_5_decimal_array' is 'DEFAULT'; UPDATE and DELETE events will contain previous values only for PK columns"}}
{"type":"LOG","log":{"level":"INFO","message":"INFO i.a.w.i.DefaultAirbyteStreamFactory(internalLog):159 INFO i.d.c.p.PostgresSchema(printReplicaIdentityInfo):100 REPLICA IDENTITY for 'test.test_2_timetz' is 'DEFAULT'; UPDATE and DELETE events will contain previous values only for PK columns"}}
{"type":"LOG","log":{"level":"INFO","message":"INFO i.a.w.i.DefaultAirbyteStreamFactory(internalLog):159 INFO i.d.c.p.PostgresSchema(printReplicaIdentityInfo):100 REPLICA IDENTITY for 'test.test_1_float4' is 'DEFAULT'; UPDATE and DELETE events will contain previous values only for PK columns"}}
{"type":"LOG","log":{"level":"INFO","message":"INFO i.a.w.i.DefaultAirbyteStreamFactory(internalLog):159 INFO i.d.c.p.PostgresSchema(printReplicaIdentityInfo):100 REPLICA IDENTITY for 'test.test_2_xml' is 'DEFAULT'; UPDATE and DELETE events will contain previous values only for PK columns"}}
{"type":"LOG","log":{"level":"INFO","message":"INFO i.a.w.i.DefaultAirbyteStreamFactory(internalLog):159 INFO i.d.c.p.PostgresSchema(printReplicaIdentityInfo):100 REPLICA IDENTITY for 'test.test_2_real' is 'DEFAULT'; UPDATE and DELETE events will contain previous values only for PK columns"}}
{"type":"LOG","log":{"level":"INFO","message":"INFO i.a.w.i.DefaultAirbyteStreamFactory(internalLog):159 INFO i.d.c.p.PostgresSchema(printReplicaIdentityInfo):100 REPLICA IDENTITY for 'test.test_4_character' is 'DEFAULT'; UPDATE and DELETE events will contain previous values only for PK columns"}}
{"type":"LOG","log":{"level":"INFO","message":"INFO i.a.w.i.DefaultAirbyteStreamFactory(internalLog):159 INFO i.d.c.p.PostgresSchema(printReplicaIdentityInfo):100 REPLICA IDENTITY for 'test.test_1_float8' is 'DEFAULT'; UPDATE and DELETE events will contain previous values only for PK columns"}}
{"type":"LOG","log":{"level":"INFO","message":"INFO i.a.w.i.DefaultAirbyteStreamFactory(internalLog):159 INFO i.d.c.p.PostgresSchema(printReplicaIdentityInfo):100 REPLICA IDENTITY for 'test.test_2_serial' is 'DEFAULT'; UPDATE and DELETE events will contain previous values only for PK columns"}}
{"type":"LOG","log":{"level":"INFO","message":"INFO i.a.w.i.DefaultAirbyteStreamFactory(internalLog):159 INFO i.d.c.p.PostgresSchema(printReplicaIdentityInfo):100 REPLICA IDENTITY for 'test.test_6_decimal_array' is 'DEFAULT'; UPDATE and DELETE events will contain previous values only for PK columns"}}
{"type":"LOG","log":{"level":"INFO","message":"INFO i.a.w.i.DefaultAirbyteStreamFactory(internalLog):159 INFO i.d.c.p.PostgresSchema(printReplicaIdentityInfo):100 REPLICA IDENTITY for 'test.test_2_smallint' is 'DEFAULT'; UPDATE and DELETE events will contain previous values only for PK columns"}}
{"type":"LOG","log":{"level":"INFO","message":"INFO i.a.w.i.DefaultAirbyteStreamFactory(internalLog):159 INFO i.d.c.p.PostgresSchema(printReplicaIdentityInfo):100 REPLICA IDENTITY for 'test.test_1_character' is 'DEFAULT'; UPDATE and DELETE events will contain previous values only for PK columns"}}
{"type":"LOG","log":{"level":"INFO","message":"INFO i.a.w.i.DefaultAirbyteStreamFactory(internalLog):159 INFO i.d.c.p.PostgresSchema(printReplicaIdentityInfo):100 REPLICA IDENTITY for 'test.test_2_tsquery' is 'DEFAULT'; UPDATE and DELETE events will contain previous values only for PK columns"}}
{"type":"LOG","log":{"level":"INFO","message":"INFO i.a.w.i.DefaultAirbyteStreamFactory(internalLog):159 INFO i.d.c.p.PostgresSchema(printReplicaIdentityInfo):100 REPLICA IDENTITY for 'test.test_5_numeric_array' is 'DEFAULT'; UPDATE and DELETE events will contain previous values only for PK columns"}}
{"type":"LOG","log":{"level":"INFO","message":"INFO i.a.w.i.DefaultAirbyteStreamFactory(internalLog):159 INFO i.d.c.p.PostgresSchema(printReplicaIdentityInfo):100 REPLICA IDENTITY for 'test.test_2_cidr' is 'DEFAULT'; UPDATE and DELETE events will contain previous values only for PK columns"}}
{"type":"LOG","log":{"level":"INFO","message":"INFO i.a.w.i.DefaultAirbyteStreamFactory(internalLog):159 INFO i.d.c.p.PostgresSchema(printReplicaIdentityInfo):100 REPLICA IDENTITY for 'test.test_9_numeric' is 'DEFAULT'; UPDATE and DELETE events will contain previous values only for PK columns"}}
{"type":"LOG","log":{"level":"INFO","message":"INFO i.a.w.i.DefaultAirbyteStreamFactory(internalLog):159 INFO i.d.c.p.PostgresSchema(printReplicaIdentityInfo):100 REPLICA IDENTITY for 'test.test_7_time' is 'DEFAULT'; UPDATE and DELETE events will contain previous values only for PK columns"}}
{"type":"LOG","log":{"level":"INFO","message":"INFO i.a.w.i.DefaultAirbyteStreamFactory(internalLog):159 INFO i.d.c.p.PostgresSchema(printReplicaIdentityInfo):100 REPLICA IDENTITY for 'test.test_1_inventory_item' is 'DEFAULT'; UPDATE and DELETE events will contain previous values only for PK columns"}}
{"type":"LOG","log":{"level":"INFO","message":"INFO i.a.w.i.DefaultAirbyteStreamFactory(internalLog):159 INFO i.d.c.p.PostgresSchema(printReplicaIdentityInfo):100 REPLICA IDENTITY for 'test.test_2_int' is 'DEFAULT'; UPDATE and DELETE events will contain previous values only for PK columns"}}
{"type":"LOG","log":{"level":"INFO","message":"INFO i.a.w.i.DefaultAirbyteStreamFactory(internalLog):159 INFO i.d.c.p.PostgresSchema(printReplicaIdentityInfo):100 REPLICA IDENTITY for 'test.test_2_serial4' is 'DEFAULT'; UPDATE and DELETE events will contain previous values only for PK columns"}}
{"type":"LOG","log":{"level":"INFO","message":"INFO i.a.w.i.DefaultAirbyteStreamFactory(internalLog):159 INFO i.d.c.p.PostgresSchema(printReplicaIdentityInfo):100 REPLICA IDENTITY for 'test.test_2_serial2' is 'DEFAULT'; UPDATE and DELETE events will contain previous values only for PK columns"}}
{"type":"LOG","log":{"level":"INFO","message":"INFO i.a.w.i.DefaultAirbyteStreamFactory(internalLog):159 INFO i.d.c.p.PostgresSchema(printReplicaIdentityInfo):100 REPLICA IDENTITY for 'test.test_2_decimal_array' is 'DEFAULT'; UPDATE and DELETE events will contain previous values only for PK columns"}}
{"type":"LOG","log":{"level":"INFO","message":"INFO i.a.w.i.DefaultAirbyteStreamFactory(internalLog):159 INFO i.d.c.p.PostgresSchema(printReplicaIdentityInfo):100 REPLICA IDENTITY for 'test.test_5_numeric' is 'DEFAULT'; UPDATE and DELETE events will contain previous values only for PK columns"}}
{"type":"LOG","log":{"level":"INFO","message":"INFO i.a.w.i.DefaultAirbyteStreamFactory(internalLog):159 INFO i.d.c.p.PostgresSchema(printReplicaIdentityInfo):100 REPLICA IDENTITY for 'test.test_1_float8_array' is 'DEFAULT'; UPDATE and DELETE events will contain previous values only for PK columns"}}
{"type":"LOG","log":{"level":"INFO","message":"INFO i.a.w.i.DefaultAirbyteStreamFactory(internalLog):159 INFO i.d.c.p.PostgresSchema(printReplicaIdentityInfo):100 REPLICA IDENTITY for 'test.test_3_bit_varying' is 'DEFAULT'; UPDATE and DELETE events will contain previous values only for PK columns"}}
{"type":"LOG","log":{"level":"INFO","message":"INFO i.a.w.i.DefaultAirbyteStreamFactory(internalLog):159 INFO i.d.c.p.PostgresSchema(printReplicaIdentityInfo):100 REPLICA IDENTITY for 'test.test_6_numeric_array' is 'DEFAULT'; UPDATE and DELETE events will contain previous values only for PK columns"}}
{"type":"LOG","log":{"level":"INFO","message":"INFO i.a.w.i.DefaultAirbyteStreamFactory(internalLog):159 INFO i.d.c.p.PostgresSchema(printReplicaIdentityInfo):100 REPLICA IDENTITY for 'test.test_1_bytea_array' is 'DEFAULT'; UPDATE and DELETE events will contain previous values only for PK columns"}}
{"type":"LOG","log":{"level":"INFO","message":"INFO i.a.w.i.DefaultAirbyteStreamFactory(internalLog):159 INFO i.d.c.p.PostgresSchema(printReplicaIdentityInfo):100 REPLICA IDENTITY for 'test.test_10_timestamp' is 'DEFAULT'; UPDATE and DELETE events will contain previous values only for PK columns"}}
{"type":"LOG","log":{"level":"INFO","message":"INFO i.a.w.i.DefaultAirbyteStreamFactory(internalLog):159 INFO i.d.c.p.PostgresSchema(printReplicaIdentityInfo):100 REPLICA IDENTITY for 'test.test_1_timestamptz_array' is 'DEFAULT'; UPDATE and DELETE events will contain previous values only for PK columns"}}
{"type":"LOG","log":{"level":"INFO","message":"INFO i.a.w.i.DefaultAirbyteStreamFactory(internalLog):159 INFO i.d.c.p.PostgresSchema(printReplicaIdentityInfo):100 REPLICA IDENTITY for 'test.test_1_float' is 'DEFAULT'; UPDATE and DELETE events will contain previous values only for PK columns"}}
{"type":"LOG","log":{"level":"INFO","message":"INFO i.a.w.i.DefaultAirbyteStreamFactory(internalLog):159 INFO i.d.c.p.PostgresSchema(printReplicaIdentityInfo):100 REPLICA IDENTITY for 'test.test_4_timestamp' is 'DEFAULT'; UPDATE and DELETE events will contain previous values only for PK columns"}}
{"type":"LOG","log":{"level":"INFO","message":"INFO i.a.w.i.DefaultAirbyteStreamFactory(internalLog):159 INFO i.d.c.p.PostgresSchema(printReplicaIdentityInfo):100 REPLICA IDENTITY for 'test.test_2_int2_array' is 'DEFAULT'; UPDATE and DELETE events will contain previous values only for PK columns"}}
{"type":"LOG","log":{"level":"INFO","message":"INFO i.a.w.i.DefaultAirbyteStreamFactory(internalLog):159 INFO i.d.c.p.PostgresSchema(printReplicaIdentityInfo):100 REPLICA IDENTITY for 'test.test_16_timestamp' is 'DEFAULT'; UPDATE and DELETE events will contain previous values only for PK columns"}}
{"type":"LOG","log":{"level":"INFO","message":"INFO i.a.w.i.DefaultAirbyteStreamFactory(internalLog):159 INFO i.d.c.p.PostgresSchema(printReplicaIdentityInfo):100 REPLICA IDENTITY for 'test.test_1_inet' is 'DEFAULT'; UPDATE and DELETE events will contain previous values only for PK columns"}}
{"type":"LOG","log":{"level":"INFO","message":"INFO i.a.w.i.DefaultAirbyteStreamFactory(internalLog):159 INFO i.d.c.p.PostgresSchema(printReplicaIdentityInfo):100 REPLICA IDENTITY for 'test.test_2_point' is 'DEFAULT'; UPDATE and DELETE events will contain previous values only for PK columns"}}
{"type":"LOG","log":{"level":"INFO","message":"INFO i.a.w.i.DefaultAirbyteStreamFactory(internalLog):159 INFO i.d.c.p.PostgresSchema(printReplicaIdentityInfo):100 REPLICA IDENTITY for 'test.test_2_date' is 'DEFAULT'; UPDATE and DELETE events will contain previous values only for PK columns"}}
{"type":"LOG","log":{"level":"INFO","message":"INFO i.a.w.i.DefaultAirbyteStreamFactory(internalLog):159 INFO i.d.c.p.PostgresSchema(printReplicaIdentityInfo):100 REPLICA IDENTITY for 'test.test_1_hstore' is 'DEFAULT'; UPDATE and DELETE events will contain previous values only for PK columns"}}
{"type":"LOG","log":{"level":"INFO","message":"INFO i.a.w.i.DefaultAirbyteStreamFactory(internalLog):159 INFO i.d.c.p.PostgresSchema(printReplicaIdentityInfo):100 REPLICA IDENTITY for 'test.test_2_macaddr' is 'DEFAULT'; UPDATE and DELETE events will contain previous values only for PK columns"}}
{"type":"LOG","log":{"level":"INFO","message":"INFO i.a.w.i.DefaultAirbyteStreamFactory(internalLog):159 INFO i.d.c.p.PostgresSchema(printReplicaIdentityInfo):100 REPLICA IDENTITY for 'test.test_1_double_precision' is 'DEFAULT'; UPDATE and DELETE events will contain previous values only for PK columns"}}
{"type":"LOG","log":{"level":"INFO","message":"INFO i.a.w.i.DefaultAirbyteStreamFactory(internalLog):159 INFO i.d.c.p.PostgresSchema(printReplicaIdentityInfo):100 REPLICA IDENTITY for 'test.test_1_box' is 'DEFAULT'; UPDATE and DELETE events will contain previous values only for PK columns"}}
{"type":"LOG","log":{"level":"INFO","message":"INFO i.a.w.i.DefaultAirbyteStreamFactory(internalLog):159 INFO i.d.c.p.PostgresSchema(printReplicaIdentityInfo):100 REPLICA IDENTITY for 'test.test_1_timestamp_array' is 'DEFAULT'; UPDATE and DELETE events will contain previous values only for PK columns"}}
{"type":"LOG","log":{"level":"INFO","message":"INFO i.a.w.i.DefaultAirbyteStreamFactory(internalLog):159 INFO i.d.c.p.PostgresSchema(printReplicaIdentityInfo):100 REPLICA IDENTITY for 'test.test_2_uuid' is 'DEFAULT'; UPDATE and DELETE events will contain previous values only for PK columns"}}
{"type":"LOG","log":{"level":"INFO","message":"INFO i.a.w.i.DefaultAirbyteStreamFactory(internalLog):159 INFO i.d.c.p.PostgresSchema(printReplicaIdentityInfo):100 REPLICA IDENTITY for 'test.test_8_numeric' is 'DEFAULT'; UPDATE and DELETE events will contain previous values only for PK columns"}}
{"type":"LOG","log":{"level":"INFO","message":"INFO i.a.w.i.DefaultAirbyteStreamFactory(internalLog):159 INFO i.d.c.p.PostgresSchema(printReplicaIdentityInfo):100 REPLICA IDENTITY for 'test.test_1_bit_varying' is 'DEFAULT'; UPDATE and DELETE events will contain previous values only for PK columns"}}
{"type":"LOG","log":{"level":"INFO","message":"INFO i.a.w.i.DefaultAirbyteStreamFactory(internalLog):159 INFO i.d.c.p.PostgresSchema(printReplicaIdentityInfo):100 REPLICA IDENTITY for 'test.test_1_time_array' is 'DEFAULT'; UPDATE and DELETE events will contain previous values only for PK columns"}}
{"type":"LOG","log":{"level":"INFO","message":"INFO i.a.w.i.DefaultAirbyteStreamFactory(internalLog):159 INFO i.d.c.p.PostgresSchema(printReplicaIdentityInfo):100 REPLICA IDENTITY for 'test.test_5_time' is 'DEFAULT'; UPDATE and DELETE events will contain previous values only for PK columns"}}
{"type":"LOG","log":{"level":"INFO","message":"INFO i.a.w.i.DefaultAirbyteStreamFactory(internalLog):159 INFO i.d.c.p.PostgresSchema(printReplicaIdentityInfo):100 REPLICA IDENTITY for 'test.test_2_smallserial' is 'DEFAULT'; UPDATE and DELETE events will contain previous values only for PK columns"}}
{"type":"LOG","log":{"level":"INFO","message":"INFO i.a.w.i.DefaultAirbyteStreamFactory(internalLog):159 INFO i.d.c.p.PostgresSchema(printReplicaIdentityInfo):100 REPLICA IDENTITY for 'test.test_1_point' is 'DEFAULT'; UPDATE and DELETE events will contain previous values only for PK columns"}}
{"type":"LOG","log":{"level":"INFO","message":"INFO i.a.w.i.DefaultAirbyteStreamFactory(internalLog):159 INFO i.d.c.p.PostgresSchema(printReplicaIdentityInfo):100 REPLICA IDENTITY for 'test.test_15_timestamp' is 'DEFAULT'; UPDATE and DELETE events will contain previous values only for PK columns"}}
{"type":"LOG","log":{"level":"INFO","message":"INFO i.a.w.i.DefaultAirbyteStreamFactory(internalLog):159 INFO i.d.c.p.PostgresSchema(printReplicaIdentityInfo):100 REPLICA IDENTITY for 'test.test_3_bit' is 'DEFAULT'; UPDATE and DELETE events will contain previous values only for PK columns"}}
{"type":"LOG","log":{"level":"INFO","message":"INFO i.a.w.i.DefaultAirbyteStreamFactory(internalLog):159 INFO i.d.c.p.PostgresSchema(printReplicaIdentityInfo):100 REPLICA IDENTITY for 'test.test_10_time' is 'DEFAULT'; UPDATE and DELETE events will contain previous values only for PK columns"}}
{"type":"LOG","log":{"level":"INFO","message":"INFO i.a.w.i.DefaultAirbyteStreamFactory(internalLog):159 INFO i.d.c.p.PostgresSchema(printReplicaIdentityInfo):100 REPLICA IDENTITY for 'test.test_2_int4_array' is 'DEFAULT'; UPDATE and DELETE events will contain previous values only for PK columns"}}
{"type":"LOG","log":{"level":"INFO","message":"INFO i.a.w.i.DefaultAirbyteStreamFactory(internalLog):159 INFO i.d.c.p.PostgresSchema(printReplicaIdentityInfo):100 REPLICA IDENTITY for 'test.test_1_int' is 'DEFAULT'; UPDATE and DELETE events will contain previous values only for PK columns"}}
{"type":"LOG","log":{"level":"INFO","message":"INFO i.a.w.i.DefaultAirbyteStreamFactory(internalLog):159 INFO i.d.c.p.PostgresSchema(printReplicaIdentityInfo):100 REPLICA IDENTITY for 'test.test_1_money_array' is 'DEFAULT'; UPDATE and DELETE events will contain previous values only for PK columns"}}
{"type":"LOG","log":{"level":"INFO","message":"INFO i.a.w.i.DefaultAirbyteStreamFactory(internalLog):159 INFO i.d.c.p.PostgresSchema(printReplicaIdentityInfo):100 REPLICA IDENTITY for 'test.test_2_float8_array' is 'DEFAULT'; UPDATE and DELETE events will contain previous values only for PK columns"}}
{"type":"LOG","log":{"level":"INFO","message":"INFO i.a.w.i.DefaultAirbyteStreamFactory(internalLog):159 INFO i.d.c.p.PostgresSchema(printReplicaIdentityInfo):100 REPLICA IDENTITY for 'test.test_1_bytea' is 'DEFAULT'; UPDATE and DELETE events will contain previous values only for PK columns"}}
{"type":"LOG","log":{"level":"INFO","message":"INFO i.a.w.i.DefaultAirbyteStreamFactory(internalLog):159 INFO i.d.c.p.PostgresSchema(printReplicaIdentityInfo):100 REPLICA IDENTITY for 'test.test_2_bigserial' is 'DEFAULT'; UPDATE and DELETE events will contain previous values only for PK columns"}}
{"type":"LOG","log":{"level":"INFO","message":"INFO i.a.w.i.DefaultAirbyteStreamFactory(internalLog):159 INFO i.d.c.p.PostgresSchema(printReplicaIdentityInfo):100 REPLICA IDENTITY for 'test.test_1_lseg' is 'DEFAULT'; UPDATE and DELETE events will contain previous values only for PK columns"}}
{"type":"LOG","log":{"level":"INFO","message":"INFO i.a.w.i.DefaultAirbyteStreamFactory(internalLog):159 INFO i.d.c.p.PostgresSchema(printReplicaIdentityInfo):100 REPLICA IDENTITY for 'test.test_6_time' is 'DEFAULT'; UPDATE and DELETE events will contain previous values only for PK columns"}}
{"type":"LOG","log":{"level":"INFO","message":"INFO i.a.w.i.DefaultAirbyteStreamFactory(internalLog):159 INFO i.d.c.p.PostgresSchema(printReplicaIdentityInfo):100 REPLICA IDENTITY for 'test.test_2_decimal' is 'DEFAULT'; UPDATE and DELETE events will contain previous values only for PK columns"}}
{"type":"LOG","log":{"level":"INFO","message":"INFO i.a.w.i.DefaultAirbyteStreamFactory(internalLog):159 INFO i.d.c.p.PostgresSchema(printReplicaIdentityInfo):100 REPLICA IDENTITY for 'test.test_1_decimal_array' is 'DEFAULT'; UPDATE and DELETE events will contain previous values only for PK columns"}}
{"type":"LOG","log":{"level":"INFO","message":"INFO i.a.w.i.DefaultAirbyteStreamFactory(internalLog):159 INFO i.d.c.p.PostgresSchema(printReplicaIdentityInfo):100 REPLICA IDENTITY for 'test.test_1_xml' is 'DEFAULT'; UPDATE and DELETE events will contain previous values only for PK columns"}}
{"type":"LOG","log":{"level":"INFO","message":"INFO i.a.w.i.DefaultAirbyteStreamFactory(internalLog):159 INFO i.d.c.p.PostgresSchema(printReplicaIdentityInfo):100 REPLICA IDENTITY for 'test.test_2_tsrange' is 'DEFAULT'; UPDATE and DELETE events will contain previous values only for PK columns"}}
{"type":"LOG","log":{"level":"INFO","message":"INFO i.a.w.i.DefaultAirbyteStreamFactory(internalLog):159 INFO i.d.c.p.PostgresSchema(printReplicaIdentityInfo):100 REPLICA IDENTITY for 'test.test_1_smallint' is 'DEFAULT'; UPDATE and DELETE events will contain previous values only for PK columns"}}
{"type":"LOG","log":{"level":"INFO","message":"INFO i.a.w.i.DefaultAirbyteStreamFactory(internalLog):159 INFO i.d.c.p.PostgresSchema(printReplicaIdentityInfo):100 REPLICA IDENTITY for 'test.test_4_timestamptz' is 'DEFAULT'; UPDATE and DELETE events will contain previous values only for PK columns"}}
{"type":"LOG","log":{"level":"INFO","message":"INFO i.a.w.i.DefaultAirbyteStreamFactory(internalLog):159 INFO i.d.c.p.PostgresSchema(printReplicaIdentityInfo):100 REPLICA IDENTITY for 'test.test_2_line' is 'DEFAULT'; UPDATE and DELETE events will contain previous values only for PK columns"}}
{"type":"LOG","log":{"level":"INFO","message":"INFO i.a.w.i.DefaultAirbyteStreamFactory(internalLog):159 INFO i.d.c.p.PostgresSchema(printReplicaIdentityInfo):100 REPLICA IDENTITY for 'test.test_2_pg_lsn' is 'DEFAULT'; UPDATE and DELETE events will contain previous values only for PK columns"}}
{"type":"LOG","log":{"level":"INFO","message":"INFO i.a.w.i.DefaultAirbyteStreamFactory(internalLog):159 INFO i.d.c.p.PostgresSchema(printReplicaIdentityInfo):100 REPLICA IDENTITY for 'test.test_5_timestamp' is 'DEFAULT'; UPDATE and DELETE events will contain previous values only for PK columns"}}
{"type":"LOG","log":{"level":"INFO","message":"INFO i.a.w.i.DefaultAirbyteStreamFactory(internalLog):159 INFO i.d.c.p.PostgresSchema(printReplicaIdentityInfo):100 REPLICA IDENTITY for 'test.test_1_char_array' is 'DEFAULT'; UPDATE and DELETE events will contain previous values only for PK columns"}}
{"type":"LOG","log":{"level":"INFO","message":"INFO i.a.w.i.DefaultAirbyteStreamFactory(internalLog):159 INFO i.d.c.p.PostgresSchema(printReplicaIdentityInfo):100 REPLICA IDENTITY for 'test.test_4_char' is 'DEFAULT'; UPDATE and DELETE events will contain previous values only for PK columns"}}
{"type":"LOG","log":{"level":"INFO","message":"INFO i.a.w.i.DefaultAirbyteStreamFactory(internalLog):159 INFO i.d.c.p.PostgresSchema(printReplicaIdentityInfo):100 REPLICA IDENTITY for 'test.test_3_date' is 'DEFAULT'; UPDATE and DELETE events will contain previous values only for PK columns"}}
{"type":"LOG","log":{"level":"INFO","message":"INFO i.a.w.i.DefaultAirbyteStreamFactory(internalLog):159 INFO i.d.c.p.PostgresSchema(printReplicaIdentityInfo):100 REPLICA IDENTITY for 'test.test_10_numeric' is 'DEFAULT'; UPDATE and DELETE events will contain previous values only for PK columns"}}
{"type":"LOG","log":{"level":"INFO","message":"INFO i.a.w.i.DefaultAirbyteStreamFactory(internalLog):159 INFO i.d.c.p.PostgresStreamingChangeEventSource(searchWalPosition):327 Searching for WAL resume position"}}
{"type":"LOG","log":{"level":"INFO","message":"INFO i.a.w.i.DefaultAirbyteStreamFactory(internalLog):159 INFO i.d.c.p.PostgresStreamingChangeEventSource(searchWalPosition):348 WAL resume position 'null' discovered"}}
{"type":"LOG","log":{"level":"INFO","message":"INFO i.a.w.i.DefaultAirbyteStreamFactory(internalLog):159 INFO i.d.j.JdbcConnection(lambda$doClose$4):947 Connection gracefully closed"}}
{"type":"LOG","log":{"level":"INFO","message":"INFO i.a.w.i.DefaultAirbyteStreamFactory(internalLog):159 INFO i.d.j.JdbcConnection(lambda$doClose$4):947 Connection gracefully closed"}}
{"type":"LOG","log":{"level":"INFO","message":"INFO i.a.w.i.DefaultAirbyteStreamFactory(internalLog):159 INFO i.d.c.p.c.PostgresReplicationConnection(initPublication):147 Initializing PgOutput logical decoder publication"}}
{"type":"LOG","log":{"level":"INFO","message":"INFO i.a.w.i.DefaultAirbyteStreamFactory(internalLog):159 INFO i.d.c.p.c.PostgresReplicationConnection(validateSlotIsInExpectedState):364 Seeking to LSN{0/1AADC30} on the replication slot with command SELECT pg_replication_slot_advance('debezium_slot', '0/1AADC30')"}}
{"type":"LOG","log":{"level":"INFO","message":"INFO i.a.w.i.DefaultAirbyteStreamFactory(internalLog):159 INFO i.d.u.Threads(threadFactory):270 Requested thread factory for connector PostgresConnector, id = test named = keep-alive"}}
{"type":"LOG","log":{"level":"INFO","message":"INFO i.a.w.i.DefaultAirbyteStreamFactory(internalLog):159 INFO i.d.u.Threads$3(newThread):287 Creating thread debezium-postgresconnector-test-keep-alive"}}
{"type":"LOG","log":{"level":"INFO","message":"INFO i.a.w.i.DefaultAirbyteStreamFactory(internalLog):159 INFO i.d.c.p.PostgresStreamingChangeEventSource(processMessages):211 Processing messages"}}
{"type":"LOG","log":{"level":"INFO","message":"INFO i.a.w.i.DefaultAirbyteStreamFactory(internalLog):159 INFO i.d.j.JdbcConnection(lambda$doClose$4):947 Connection gracefully closed"}}
{"type":"LOG","log":{"level":"INFO","message":"INFO i.a.w.i.DefaultAirbyteStreamFactory(internalLog):159 INFO i.d.j.JdbcConnection(lambda$doClose$4):947 Connection gracefully closed"}}
{"type":"LOG","log":{"level":"INFO","message":"INFO i.a.w.i.DefaultAirbyteStreamFactory(internalLog):159 INFO i.d.p.ChangeEventSourceCoordinator(streamEvents):175 Finished streaming"}}
{"type":"LOG","log":{"level":"INFO","message":"INFO i.a.w.i.DefaultAirbyteStreamFactory(internalLog):159 INFO i.d.p.ChangeEventSourceCoordinator(streamingConnected):240 Connected metrics set to 'false'"}}
{"type":"LOG","log":{"level":"INFO","message":"INFO i.a.w.i.DefaultAirbyteStreamFactory(internalLog):159 INFO o.a.k.c.s.FileOffsetBackingStore(stop):66 Stopped FileOffsetBackingStore"}}
{"type":"LOG","log":{"level":"INFO","message":"INFO i.a.w.i.DefaultAirbyteStreamFactory(internalLog):159 INFO i.a.i.d.i.DebeziumRecordPublisher(lambda$start$1):73 Debezium engine shutdown."}}
{"type":"LOG","log":{"level":"INFO","message":"INFO i.a.w.i.DefaultAirbyteStreamFactory(internalLog):159 INFO i.a.i.d.i.DebeziumRecordPublisher(lambda$start$1):74 Connector 'io.debezium.connector.postgresql.PostgresConnector' completed normally."}}
{"type":"LOG","log":{"level":"INFO","message":"INFO i.a.w.i.DefaultAirbyteStreamFactory(internalLog):159 INFO i.a.i.s.p.PostgresCdcStateHandler(saveState):37 debezium state: {\"[\\\"test\\\",{\\\"server\\\":\\\"test\\\"}]\":\"{\\\"transaction_id\\\":null,\\\"lsn\\\":27974704,\\\"txId\\\":954,\\\"ts_usec\\\":1684593394390505}\"}"}}
{"type":"LOG","log":{"level":"INFO","message":"INFO i.a.w.i.DefaultAirbyteStreamFactory(internalLog):159 INFO i.a.i.s.r.s.LegacyStateManager(toState):99 Generated legacy state for 213 streams"}}
{"type":"LOG","log":{"level":"INFO","message":"INFO i.a.w.i.DefaultAirbyteStreamFactory(internalLog):159 INFO i.a.i.s.r.AbstractDbSource(lambda$read$1):173 Closing database connection pool."}}
{"type":"LOG","log":{"level":"INFO","message":"INFO i.a.w.i.DefaultAirbyteStreamFactory(internalLog):159 INFO c.z.h.HikariDataSource(close):350 HikariPool-1 - Shutdown initiated..."}}
{"type":"LOG","log":{"level":"INFO","message":"INFO i.a.w.i.DefaultAirbyteStreamFactory(internalLog):159 INFO c.z.h.HikariDataSource(close):352 HikariPool-1 - Shutdown completed."}}
{"type":"LOG","log":{"level":"INFO","message":"INFO i.a.w.i.DefaultAirbyteStreamFactory(internalLog):159 INFO i.a.i.s.r.AbstractDbSource(lambda$read$1):175 Closed database connection pool."}}
{"type":"LOG","log":{"level":"INFO","message":"INFO i.a.w.i.DefaultAirbyteStreamFactory(internalLog):159 INFO i.a.i.b.IntegrationRunner(runInternal):186 Completed integration: io.airbyte.integrations.base.ssh.SshWrappedSource"}}
{"type":"LOG","log":{"level":"INFO","message":"INFO i.a.w.i.DefaultAirbyteStreamFactory(internalLog):159 INFO i.a.i.s.p.PostgresSource(main):509 completed source: class io.airbyte.integrations.source.postgres.PostgresSource"}}
{"type":"LOG","log":{"level":"INFO","message":"INFO i.a.c.i.LineGobbler(voidCall):114 Checking if airbyte/source-postgres:dev exists..."}}
{"type":"LOG","log":{"level":"INFO","message":"INFO i.a.c.i.LineGobbler(voidCall):114 airbyte/source-postgres:dev was found locally."}}
{"type":"LOG","log":{"level":"INFO","message":"INFO i.a.w.p.DockerProcessFactory(create):126 Creating docker container = source-postgres-read-0-0-mgvun with resources null and allowedHosts null"}}
{"type":"LOG","log":{"level":"INFO","message":"INFO i.a.w.p.DockerProcessFactory(create):171 Preparing command: docker run --rm --init -i -w /data/job --log-driver none --name source-postgres-read-0-0-mgvun --network host -v /tmp/airbyte_tests/test13292451363881142266:/data -v /tmp/airbyte_tests/output12343200492731887021:/local -e DEPLOYMENT_MODE=OSS -e USE_STREAM_CAPABLE_STATE=false -e FIELD_SELECTION_WORKSPACES= -e WORKER_ENVIRONMENT=DOCKER -e AIRBYTE_ROLE= -e APPLY_FIELD_SELECTION=false -e WORKER_CONNECTOR_IMAGE=airbyte/source-postgres:dev -e WORKER_JOB_ATTEMPT=0 -e AUTO_DETECT_SCHEMA=true -e AIRBYTE_VERSION= -e WORKER_JOB_ID=0 airbyte/source-postgres:dev read --config source_config.json --catalog source_catalog.json --state input_state.json"}}
{"type":"LOG","log":{"level":"INFO","message":"INFO i.a.w.i.DefaultAirbyteStreamFactory(internalLog):159 INFO i.a.i.s.p.PostgresSource(main):507 starting source: class io.airbyte.integrations.source.postgres.PostgresSource"}}
{"type":"LOG","log":{"level":"INFO","message":"INFO i.a.w.i.DefaultAirbyteStreamFactory(internalLog):159 INFO i.a.i.b.IntegrationCliParser(parseOptions):126 integration args: {read=null, catalog=source_catalog.json, state=input_state.json, config=source_config.json}"}}
{"type":"LOG","log":{"level":"INFO","message":"INFO i.a.w.i.DefaultAirbyteStreamFactory(internalLog):159 INFO i.a.i.b.IntegrationRunner(runInternal):108 Running integration: io.airbyte.integrations.base.ssh.SshWrappedSource"}}
{"type":"LOG","log":{"level":"INFO","message":"INFO i.a.w.i.DefaultAirbyteStreamFactory(internalLog):159 INFO i.a.i.b.IntegrationRunner(runInternal):109 Command: READ"}}
{"type":"LOG","log":{"level":"INFO","message":"INFO i.a.w.i.DefaultAirbyteStreamFactory(internalLog):159 INFO i.a.i.b.IntegrationRunner(runInternal):110 Integration config: IntegrationConfig{command=READ, configPath='source_config.json', catalogPath='source_catalog.json', statePath='input_state.json'}"}}
{"type":"LOG","log":{"level":"WARN","message":"WARN i.a.w.i.DefaultAirbyteStreamFactory(internalLog):156 WARN c.n.s.JsonMetaSchema(newValidator):278 Unknown keyword groups - you should define your own Meta Schema. If the keyword is irrelevant for validation, just use a NonValidationKeyword"}}
{"type":"LOG","log":{"level":"WARN","message":"WARN i.a.w.i.DefaultAirbyteStreamFactory(internalLog):156 WARN c.n.s.JsonMetaSchema(newValidator):278 Unknown keyword order - you should define your own Meta Schema. If the keyword is irrelevant for validation, just use a NonValidationKeyword"}}
{"type":"LOG","log":{"level":"WARN","message":"WARN i.a.w.i.DefaultAirbyteStreamFactory(internalLog):156 WARN c.n.s.JsonMetaSchema(newValidator):278 Unknown keyword group - you should define your own Meta Schema. If the keyword is irrelevant for validation, just use a NonValidationKeyword"}}
{"type":"LOG","log":{"level":"WARN","message":"WARN i.a.w.i.DefaultAirbyteStreamFactory(internalLog):156 WARN c.n.s.JsonMetaSchema(newValidator):278 Unknown keyword airbyte_secret - you should define your own Meta Schema. If the keyword is irrelevant for validation, just use a NonValidationKeyword"}}
{"type":"LOG","log":{"level":"WARN","message":"WARN i.a.w.i.DefaultAirbyteStreamFactory(internalLog):156 WARN c.n.s.JsonMetaSchema(newValidator):278 Unknown keyword always_show - you should define your own Meta Schema. If the keyword is irrelevant for validation, just use a NonValidationKeyword"}}
{"type":"LOG","log":{"level":"WARN","message":"WARN i.a.w.i.DefaultAirbyteStreamFactory(internalLog):156 WARN c.n.s.JsonMetaSchema(newValidator):278 Unknown keyword min - you should define your own Meta Schema. If the keyword is irrelevant for validation, just use a NonValidationKeyword"}}
{"type":"LOG","log":{"level":"WARN","message":"WARN i.a.w.i.DefaultAirbyteStreamFactory(internalLog):156 WARN c.n.s.JsonMetaSchema(newValidator):278 Unknown keyword max - you should define your own Meta Schema. If the keyword is irrelevant for validation, just use a NonValidationKeyword"}}
{"type":"LOG","log":{"level":"INFO","message":"INFO i.a.w.i.DefaultAirbyteStreamFactory(internalLog):159 INFO i.a.i.b.s.SshTunnel(getInstance):204 Starting connection with method: NO_TUNNEL"}}
{"type":"LOG","log":{"level":"INFO","message":"INFO i.a.w.i.DefaultAirbyteStreamFactory(internalLog):159 INFO i.a.i.s.r.s.StateManagerFactory(createStateManager):48 Legacy state manager selected to manage state object with type LEGACY."}}
{"type":"LOG","log":{"level":"INFO","message":"INFO i.a.w.i.DefaultAirbyteStreamFactory(internalLog):159 INFO i.a.i.s.r.s.CursorManager(createCursorInfoForStream):189 Cursor field set in state but not present in catalog. Stream: test_random_dummy_table. Original Cursor Field: id. Original value: null. Resetting cursor."}}
{"type":"LOG","log":{"level":"INFO","message":"INFO i.a.w.i.DefaultAirbyteStreamFactory(internalLog):159 INFO i.a.i.s.r.CdcStateManager(<init>):29 Initialized CDC state with: io.airbyte.integrations.source.relationaldb.models.CdcState@4c7a078[state={\"[\\\"test\\\",{\\\"server\\\":\\\"test\\\"}]\":\"{\\\"transaction_id\\\":null,\\\"lsn\\\":27974704,\\\"txId\\\":954,\\\"ts_usec\\\":1684593394390505}\"},additionalProperties={}]"}}
{"type":"LOG","log":{"level":"INFO","message":"INFO i.a.w.i.DefaultAirbyteStreamFactory(internalLog):159 INFO c.z.h.HikariDataSource(<init>):80 HikariPool-1 - Starting..."}}
{"type":"LOG","log":{"level":"INFO","message":"INFO i.a.w.i.DefaultAirbyteStreamFactory(internalLog):159 INFO c.z.h.HikariDataSource(<init>):82 HikariPool-1 - Start completed."}}
{"type":"LOG","log":{"level":"INFO","message":"INFO i.a.w.i.DefaultAirbyteStreamFactory(internalLog):159 INFO i.a.i.s.p.PostgresUtils(isCdc):53 using CDC: true"}}
{"type":"LOG","log":{"level":"INFO","message":"INFO i.a.w.i.DefaultAirbyteStreamFactory(internalLog):159 INFO i.a.d.j.s.AdaptiveStreamingQueryConfig(initialize):31 Set initial fetch size: 10 rows"}}
{"type":"LOG","log":{"level":"INFO","message":"INFO i.a.w.i.DefaultAirbyteStreamFactory(internalLog):159 INFO i.a.d.j.s.AdaptiveStreamingQueryConfig(accept):40 Set new fetch size: 1618173 rows"}}
{"type":"LOG","log":{"level":"INFO","message":"INFO i.a.w.i.DefaultAirbyteStreamFactory(internalLog):159 INFO i.a.d.j.s.TwoStageSizeEstimator(getTargetBufferByteSize):71 Max memory limit: 1562378240, JDBC buffer size: 937426944"}}
{"type":"LOG","log":{"level":"INFO","message":"INFO i.a.w.i.DefaultAirbyteStreamFactory(internalLog):159 INFO i.a.d.j.s.AdaptiveStreamingQueryConfig(accept):40 Set new fetch size: 5207927 rows"}}
{"type":"LOG","log":{"level":"INFO","message":"INFO i.a.w.i.DefaultAirbyteStreamFactory(internalLog):159 INFO i.a.i.s.p.PostgresCdcCatalogHelper(getPublicizedTables):119 For CDC, only tables in publication publication will be included in the sync: [test.test_1_bool_array, test.test_2_polygon, test.test_2_tsquery, test.test_2_numeric_array, test.test_1_smallint, test.test_2_bool_array, test.test_1_varchar, test.test_1_time_array, test.test_4_bit_varying, test.test_2_tsvector, test.test_4_timetz, test.test_1_bit_array, test.test_2_time_array, test.test_1_real, test.test_10_time, test.test_2_integer, test.test_2_bytea_array, test.test_15_timestamp, test.test_9_numeric, test.test_1_boolean, test.test_2_serial, test.test_3_bit_varying, test.test_2_inventory_item, test.test_4_numeric, test.test_5_time, test.test_5_timestamp, test.test_1_serial2, test.test_2_jsonb, test.test_1_name_array, test.test_1_tsvector, test.test_2_name_array, test.test_1_timetz, test.test_1_bytea, test.test_4_timestamp, test.test_2_cidr, test.test_4_character, test.test_1_int4_array, test.test_1_bpchar_array, test.test_2_int4_array, test.test_4_time, test.test_1_int8_array, test.test_2_int8_array, test.test_1_bytea_array, test.test_3_decimal_array, test.test_1_circle, test.test_6_numeric, test.test_1_hstore, test.test_1_timestamptz_array, test.test_2_real, test.test_1_cidr, test.test_1_decimal_array, test.test_2_interval, test.test_2_float, test.test_10_timestamp, test.test_2_money, test.test_1_inventory_item, test.test_1_timetz_array, test.test_2_varchar_array, test.test_1_bit, test.test_2_macaddr8, test.test_1_numeric, test.test_2_tsrange, test.test_1_float4, test.test_1_pg_lsn, test.test_1_point, test.test_1_path, test.test_2_point, test.test_2_bigserial, test.test_1_serial, test.test_2_xml, test.test_1_xml, test.test_1_interval, test.test_2_oid_array, test.test_1_time, test.test_1_char_array, test.test_2_lseg, test.test_6_timestamp, test.test_1_float4_array, test.test_1_text, test.test_16_timestamp, test.test_1_decimal, test.test_3_bit, test.test_1_macaddr, test.test_1_text_array, test.test_3_timetz, test.test_1_char, test.test_1_double_precision, test.test_14_timestamp, test.test_3_varchar, test.test_1_int2_array, test.test_1_numeric_array, test.test_1_date_array, test.test_2_bit, test.test_2_bit_array, test.test_1_serial4, test.test_5_numeric_array, test.test_2_text, test.test_1_float8, test.test_2_decimal_array, test.test_8_timestamp, test.test_2_char, test.test_1_timestamptz, test.test_12_timestamp, test.test_1_jsonb, test.test_7_numeric, test.test_2_float4_array, test.test_2_time, test.test_2_float8_array, test.test_1_money_array, test.test_1_oid_array, test.test_4_timestamptz, test.test_2_int2, test.test_3_char, test.test_1_lseg, test.test_2_serial2, test.test_3_numeric, test.test_1_character, test.test_1_bigint, test.test_2_timetz_array, test.test_1_bool, test.test_2_date, test.test_2_character, test.test_1_polygon, test.test_1_integer, test.test_1_varchar_array, test.test_1_int4, test.test_5_decimal_array, test.test_1_timestamp_array, test.test_8_time, test.test_2_path, test.test_2_double_precision, test.test_4_char, test.test_1_tsrange, test.test_2_bpchar_array, test.test_6_decimal_array, test.test_8_numeric, test.test_2_money_array, test.test_2_bytea, test.test_2_timestamp_array, test.test_2_line, test.test_6_numeric_array, test.test_2_int4, test.test_1_tsquery, test.test_2_serial4, test.test_3_time, test.test_2_timestamp, test.test_2_macaddr, test.test_1_smallserial, test.test_2_timestamptz_array, test.test_2_timestamptz, test.test_1_line, test.test_1_bigserial, test.test_4_bit, test.test_1_date, test.test_4_numeric_array, test.test_2_varchar, test.test_1_timestamp, test.test_9_time, test.test_1_float, test.test_1_money, test.test_2_bool, test.test_3_date, test.test_13_timestamp, test.test_2_mood, test.test_1_json, test.test_3_character, test.test_1_box, test.test_2_decimal, test.test_2_timetz, test.random_dummy_table, test.test_3_timestamp, test.test_10_numeric, test.test_2_circle, test.test_1_macaddr8, test.test_2_float8, test.test_1_inet, test.test_2_bit_varying, test.test_1_float8_array, test.test_2_char_array, test.test_2_text_array, test.test_4_varchar, test.test_1_bit_varying, test.test_6_date, test.test_2_int, test.test_3_numeric_array, test.test_2_uuid, test.test_5_numeric, test.test_2_inet, test.test_2_boolean, test.test_1_int, test.test_2_smallint, test.test_4_decimal_array, test.test_2_pg_lsn, test.test_2_float4, test.test_7_time, test.test_2_int2_array, test.test_5_date, test.test_7_timestamp, test.test_2_date_array, test.test_1_mood, test.test_2_box, test.test_2_hstore, test.test_4_date, test.test_9_timestamp, test.test_2_smallserial, test.test_1_uuid, test.test_11_timestamp, test.test_2_json, test.test_6_time, test.test_3_timestamptz, test.test_2_numeric, test.test_2_bigint, test.test_1_int2]"}}
{"type":"LOG","log":{"level":"INFO","message":"INFO i.a.w.i.DefaultAirbyteStreamFactory(internalLog):159 INFO i.a.i.s.j.AbstractJdbcSource(logPreSyncDebugData):450 Data source product recognized as PostgreSQL:14.8"}}
{"type":"LOG","log":{"level":"INFO","message":"INFO i.a.w.i.DefaultAirbyteStreamFactory(internalLog):159 INFO i.a.i.s.p.PostgresSource(logPreSyncDebugData):221 Discovering indexes for schema \"test\", table \"test_1_bigint\""}}
{"type":"LOG","log":{"level":"INFO","message":"INFO i.a.w.i.DefaultAirbyteStreamFactory(internalLog):159 INFO i.a.i.s.p.PostgresSource(logPreSyncDebugData):223 Index name: test_1_bigint_pkey, Column: id, Unique: true"}}
{"type":"LOG","log":{"level":"INFO","message":"INFO i.a.w.i.DefaultAirbyteStreamFactory(internalLog):159 INFO i.a.i.s.p.PostgresSource(logPreSyncDebugData):221 Discovering indexes for schema \"test\", table \"test_1_bigserial\""}}
{"type":"LOG","log":{"level":"INFO","message":"INFO i.a.w.i.DefaultAirbyteStreamFactory(internalLog):159 INFO i.a.i.s.p.PostgresSource(logPreSyncDebugData):223 Index name: test_1_bigserial_pkey, Column: id, Unique: true"}}
{"type":"LOG","log":{"level":"INFO","message":"INFO i.a.w.i.DefaultAirbyteStreamFactory(internalLog):159 INFO i.a.i.s.p.PostgresSource(logPreSyncDebugData):221 Discovering indexes for schema \"test\", table \"test_1_bit\""}}
{"type":"LOG","log":{"level":"INFO","message":"INFO i.a.w.i.DefaultAirbyteStreamFactory(internalLog):159 INFO i.a.i.s.p.PostgresSource(logPreSyncDebugData):223 Index name: test_1_bit_pkey, Column: id, Unique: true"}}
{"type":"LOG","log":{"level":"INFO","message":"INFO i.a.w.i.DefaultAirbyteStreamFactory(internalLog):159 INFO i.a.i.s.p.PostgresSource(logPreSyncDebugData):221 Discovering indexes for schema \"test\", table \"test_2_bit\""}}
{"type":"LOG","log":{"level":"INFO","message":"INFO i.a.w.i.DefaultAirbyteStreamFactory(internalLog):159 INFO i.a.i.s.p.PostgresSource(logPreSyncDebugData):223 Index name: test_2_bit_pkey, Column: id, Unique: true"}}
{"type":"LOG","log":{"level":"INFO","message":"INFO i.a.w.i.DefaultAirbyteStreamFactory(internalLog):159 INFO i.a.i.s.p.PostgresSource(logPreSyncDebugData):221 Discovering indexes for schema \"test\", table \"test_1_bit_varying\""}}
{"type":"LOG","log":{"level":"INFO","message":"INFO i.a.w.i.DefaultAirbyteStreamFactory(internalLog):159 INFO i.a.i.s.p.PostgresSource(logPreSyncDebugData):223 Index name: test_1_bit_varying_pkey, Column: id, Unique: true"}}
{"type":"LOG","log":{"level":"INFO","message":"INFO i.a.w.i.DefaultAirbyteStreamFactory(internalLog):159 INFO i.a.i.s.p.PostgresSource(logPreSyncDebugData):221 Discovering indexes for schema \"test\", table \"test_2_bit_varying\""}}
{"type":"LOG","log":{"level":"INFO","message":"INFO i.a.w.i.DefaultAirbyteStreamFactory(internalLog):159 INFO i.a.i.s.p.PostgresSource(logPreSyncDebugData):223 Index name: test_2_bit_varying_pkey, Column: id, Unique: true"}}
{"type":"LOG","log":{"level":"INFO","message":"INFO i.a.w.i.DefaultAirbyteStreamFactory(internalLog):159 INFO i.a.i.s.p.PostgresSource(logPreSyncDebugData):221 Discovering indexes for schema \"test\", table \"test_1_bool\""}}
{"type":"LOG","log":{"level":"INFO","message":"INFO i.a.w.i.DefaultAirbyteStreamFactory(internalLog):159 INFO i.a.i.s.p.PostgresSource(logPreSyncDebugData):223 Index name: test_1_bool_pkey, Column: id, Unique: true"}}
{"type":"LOG","log":{"level":"INFO","message":"INFO i.a.w.i.DefaultAirbyteStreamFactory(internalLog):159 INFO i.a.i.s.p.PostgresSource(logPreSyncDebugData):221 Discovering indexes for schema \"test\", table \"test_1_boolean\""}}
{"type":"LOG","log":{"level":"INFO","message":"INFO i.a.w.i.DefaultAirbyteStreamFactory(internalLog):159 INFO i.a.i.s.p.PostgresSource(logPreSyncDebugData):223 Index name: test_1_boolean_pkey, Column: id, Unique: true"}}
{"type":"LOG","log":{"level":"INFO","message":"INFO i.a.w.i.DefaultAirbyteStreamFactory(internalLog):159 INFO i.a.i.s.p.PostgresSource(logPreSyncDebugData):221 Discovering indexes for schema \"test\", table \"test_1_box\""}}
{"type":"LOG","log":{"level":"INFO","message":"INFO i.a.w.i.DefaultAirbyteStreamFactory(internalLog):159 INFO i.a.i.s.p.PostgresSource(logPreSyncDebugData):223 Index name: test_1_box_pkey, Column: id, Unique: true"}}
{"type":"LOG","log":{"level":"INFO","message":"INFO i.a.w.i.DefaultAirbyteStreamFactory(internalLog):159 INFO i.a.i.s.p.PostgresSource(logPreSyncDebugData):221 Discovering indexes for schema \"test\", table \"test_1_bytea\""}}
{"type":"LOG","log":{"level":"INFO","message":"INFO i.a.w.i.DefaultAirbyteStreamFactory(internalLog):159 INFO i.a.i.s.p.PostgresSource(logPreSyncDebugData):223 Index name: test_1_bytea_pkey, Column: id, Unique: true"}}
{"type":"LOG","log":{"level":"INFO","message":"INFO i.a.w.i.DefaultAirbyteStreamFactory(internalLog):159 INFO i.a.i.s.p.PostgresSource(logPreSyncDebugData):221 Discovering indexes for schema \"test\", table \"test_1_char\""}}
{"type":"LOG","log":{"level":"INFO","message":"INFO i.a.w.i.DefaultAirbyteStreamFactory(internalLog):159 INFO i.a.i.s.p.PostgresSource(logPreSyncDebugData):223 Index name: test_1_char_pkey, Column: id, Unique: true"}}
{"type":"LOG","log":{"level":"INFO","message":"INFO i.a.w.i.DefaultAirbyteStreamFactory(internalLog):159 INFO i.a.i.s.p.PostgresSource(logPreSyncDebugData):221 Discovering indexes for schema \"test\", table \"test_2_char\""}}
{"type":"LOG","log":{"level":"INFO","message":"INFO i.a.w.i.DefaultAirbyteStreamFactory(internalLog):159 INFO i.a.i.s.p.PostgresSource(logPreSyncDebugData):223 Index name: test_2_char_pkey, Column: id, Unique: true"}}
{"type":"LOG","log":{"level":"INFO","message":"INFO i.a.w.i.DefaultAirbyteStreamFactory(internalLog):159 INFO i.a.i.s.p.PostgresSource(logPreSyncDebugData):221 Discovering indexes for schema \"test\", table \"test_1_character\""}}
{"type":"LOG","log":{"level":"INFO","message":"INFO i.a.w.i.DefaultAirbyteStreamFactory(internalLog):159 INFO i.a.i.s.p.PostgresSource(logPreSyncDebugData):223 Index name: test_1_character_pkey, Column: id, Unique: true"}}
{"type":"LOG","log":{"level":"INFO","message":"INFO i.a.w.i.DefaultAirbyteStreamFactory(internalLog):159 INFO i.a.i.s.p.PostgresSource(logPreSyncDebugData):221 Discovering indexes for schema \"test\", table \"test_2_character\""}}
{"type":"LOG","log":{"level":"INFO","message":"INFO i.a.w.i.DefaultAirbyteStreamFactory(internalLog):159 INFO i.a.i.s.p.PostgresSource(logPreSyncDebugData):223 Index name: test_2_character_pkey, Column: id, Unique: true"}}
{"type":"LOG","log":{"level":"INFO","message":"INFO i.a.w.i.DefaultAirbyteStreamFactory(internalLog):159 INFO i.a.i.s.p.PostgresSource(logPreSyncDebugData):221 Discovering indexes for schema \"test\", table \"test_1_text\""}}
{"type":"LOG","log":{"level":"INFO","message":"INFO i.a.w.i.DefaultAirbyteStreamFactory(internalLog):159 INFO i.a.i.s.p.PostgresSource(logPreSyncDebugData):223 Index name: test_1_text_pkey, Column: id, Unique: true"}}
{"type":"LOG","log":{"level":"INFO","message":"INFO i.a.w.i.DefaultAirbyteStreamFactory(internalLog):159 INFO i.a.i.s.p.PostgresSource(logPreSyncDebugData):221 Discovering indexes for schema \"test\", table \"test_1_varchar\""}}
{"type":"LOG","log":{"level":"INFO","message":"INFO i.a.w.i.DefaultAirbyteStreamFactory(internalLog):159 INFO i.a.i.s.p.PostgresSource(logPreSyncDebugData):223 Index name: test_1_varchar_pkey, Column: id, Unique: true"}}
{"type":"LOG","log":{"level":"INFO","message":"INFO i.a.w.i.DefaultAirbyteStreamFactory(internalLog):159 INFO i.a.i.s.p.PostgresSource(logPreSyncDebugData):221 Discovering indexes for schema \"test\", table \"test_2_varchar\""}}
{"type":"LOG","log":{"level":"INFO","message":"INFO i.a.w.i.DefaultAirbyteStreamFactory(internalLog):159 INFO i.a.i.s.p.PostgresSource(logPreSyncDebugData):223 Index name: test_2_varchar_pkey, Column: id, Unique: true"}}
{"type":"LOG","log":{"level":"INFO","message":"INFO i.a.w.i.DefaultAirbyteStreamFactory(internalLog):159 INFO i.a.i.s.p.PostgresSource(logPreSyncDebugData):221 Discovering indexes for schema \"test\", table \"test_1_cidr\""}}
{"type":"LOG","log":{"level":"INFO","message":"INFO i.a.w.i.DefaultAirbyteStreamFactory(internalLog):159 INFO i.a.i.s.p.PostgresSource(logPreSyncDebugData):223 Index name: test_1_cidr_pkey, Column: id, Unique: true"}}
{"type":"LOG","log":{"level":"INFO","message":"INFO i.a.w.i.DefaultAirbyteStreamFactory(internalLog):159 INFO i.a.i.s.p.PostgresSource(logPreSyncDebugData):221 Discovering indexes for schema \"test\", table \"test_1_circle\""}}
{"type":"LOG","log":{"level":"INFO","message":"INFO i.a.w.i.DefaultAirbyteStreamFactory(internalLog):159 INFO i.a.i.s.p.PostgresSource(logPreSyncDebugData):223 Index name: test_1_circle_pkey, Column: id, Unique: true"}}
{"type":"LOG","log":{"level":"INFO","message":"INFO i.a.w.i.DefaultAirbyteStreamFactory(internalLog):159 INFO i.a.i.s.p.PostgresSource(logPreSyncDebugData):221 Discovering indexes for schema \"test\", table \"test_1_date\""}}
{"type":"LOG","log":{"level":"INFO","message":"INFO i.a.w.i.DefaultAirbyteStreamFactory(internalLog):159 INFO i.a.i.s.p.PostgresSource(logPreSyncDebugData):223 Index name: test_1_date_pkey, Column: id, Unique: true"}}
{"type":"LOG","log":{"level":"INFO","message":"INFO i.a.w.i.DefaultAirbyteStreamFactory(internalLog):159 INFO i.a.i.s.p.PostgresSource(logPreSyncDebugData):221 Discovering indexes for schema \"test\", table \"test_2_date\""}}
{"type":"LOG","log":{"level":"INFO","message":"INFO i.a.w.i.DefaultAirbyteStreamFactory(internalLog):159 INFO i.a.i.s.p.PostgresSource(logPreSyncDebugData):223 Index name: test_2_date_pkey, Column: id, Unique: true"}}
{"type":"LOG","log":{"level":"INFO","message":"INFO i.a.w.i.DefaultAirbyteStreamFactory(internalLog):159 INFO i.a.i.s.p.PostgresSource(logPreSyncDebugData):221 Discovering indexes for schema \"test\", table \"test_3_date\""}}
{"type":"LOG","log":{"level":"INFO","message":"INFO i.a.w.i.DefaultAirbyteStreamFactory(internalLog):159 INFO i.a.i.s.p.PostgresSource(logPreSyncDebugData):223 Index name: test_3_date_pkey, Column: id, Unique: true"}}
{"type":"LOG","log":{"level":"INFO","message":"INFO i.a.w.i.DefaultAirbyteStreamFactory(internalLog):159 INFO i.a.i.s.p.PostgresSource(logPreSyncDebugData):221 Discovering indexes for schema \"test\", table \"test_1_float\""}}
{"type":"LOG","log":{"level":"INFO","message":"INFO i.a.w.i.DefaultAirbyteStreamFactory(internalLog):159 INFO i.a.i.s.p.PostgresSource(logPreSyncDebugData):223 Index name: test_1_float_pkey, Column: id, Unique: true"}}
{"type":"LOG","log":{"level":"INFO","message":"INFO i.a.w.i.DefaultAirbyteStreamFactory(internalLog):159 INFO i.a.i.s.p.PostgresSource(logPreSyncDebugData):221 Discovering indexes for schema \"test\", table \"test_1_double_precision\""}}
{"type":"LOG","log":{"level":"INFO","message":"INFO i.a.w.i.DefaultAirbyteStreamFactory(internalLog):159 INFO i.a.i.s.p.PostgresSource(logPreSyncDebugData):223 Index name: test_1_double_precision_pkey, Column: id, Unique: true"}}
{"type":"LOG","log":{"level":"INFO","message":"INFO i.a.w.i.DefaultAirbyteStreamFactory(internalLog):159 INFO i.a.i.s.p.PostgresSource(logPreSyncDebugData):221 Discovering indexes for schema \"test\", table \"test_1_float8\""}}
{"type":"LOG","log":{"level":"INFO","message":"INFO i.a.w.i.DefaultAirbyteStreamFactory(internalLog):159 INFO i.a.i.s.p.PostgresSource(logPreSyncDebugData):223 Index name: test_1_float8_pkey, Column: id, Unique: true"}}
{"type":"LOG","log":{"level":"INFO","message":"INFO i.a.w.i.DefaultAirbyteStreamFactory(internalLog):159 INFO i.a.i.s.p.PostgresSource(logPreSyncDebugData):221 Discovering indexes for schema \"test\", table \"test_1_inet\""}}
{"type":"LOG","log":{"level":"INFO","message":"INFO i.a.w.i.DefaultAirbyteStreamFactory(internalLog):159 INFO i.a.i.s.p.PostgresSource(logPreSyncDebugData):223 Index name: test_1_inet_pkey, Column: id, Unique: true"}}
{"type":"LOG","log":{"level":"INFO","message":"INFO i.a.w.i.DefaultAirbyteStreamFactory(internalLog):159 INFO i.a.i.s.p.PostgresSource(logPreSyncDebugData):221 Discovering indexes for schema \"test\", table \"test_1_int4\""}}
{"type":"LOG","log":{"level":"INFO","message":"INFO i.a.w.i.DefaultAirbyteStreamFactory(internalLog):159 INFO i.a.i.s.p.PostgresSource(logPreSyncDebugData):223 Index name: test_1_int4_pkey, Column: id, Unique: true"}}
{"type":"LOG","log":{"level":"INFO","message":"INFO i.a.w.i.DefaultAirbyteStreamFactory(internalLog):159 INFO i.a.i.s.p.PostgresSource(logPreSyncDebugData):221 Discovering indexes for schema \"test\", table \"test_1_int\""}}
{"type":"LOG","log":{"level":"INFO","message":"INFO i.a.w.i.DefaultAirbyteStreamFactory(internalLog):159 INFO i.a.i.s.p.PostgresSource(logPreSyncDebugData):223 Index name: test_1_int_pkey, Column: id, Unique: true"}}
{"type":"LOG","log":{"level":"INFO","message":"INFO i.a.w.i.DefaultAirbyteStreamFactory(internalLog):159 INFO i.a.i.s.p.PostgresSource(logPreSyncDebugData):221 Discovering indexes for schema \"test\", table \"test_1_integer\""}}
{"type":"LOG","log":{"level":"INFO","message":"INFO i.a.w.i.DefaultAirbyteStreamFactory(internalLog):159 INFO i.a.i.s.p.PostgresSource(logPreSyncDebugData):223 Index name: test_1_integer_pkey, Column: id, Unique: true"}}
{"type":"LOG","log":{"level":"INFO","message":"INFO i.a.w.i.DefaultAirbyteStreamFactory(internalLog):159 INFO i.a.i.s.p.PostgresSource(logPreSyncDebugData):221 Discovering indexes for schema \"test\", table \"test_1_interval\""}}
{"type":"LOG","log":{"level":"INFO","message":"INFO i.a.w.i.DefaultAirbyteStreamFactory(internalLog):159 INFO i.a.i.s.p.PostgresSource(logPreSyncDebugData):223 Index name: test_1_interval_pkey, Column: id, Unique: true"}}
{"type":"LOG","log":{"level":"INFO","message":"INFO i.a.w.i.DefaultAirbyteStreamFactory(internalLog):159 INFO i.a.i.s.p.PostgresSource(logPreSyncDebugData):221 Discovering indexes for schema \"test\", table \"test_1_json\""}}
{"type":"LOG","log":{"level":"INFO","message":"INFO i.a.w.i.DefaultAirbyteStreamFactory(internalLog):159 INFO i.a.i.s.p.PostgresSource(logPreSyncDebugData):223 Index name: test_1_json_pkey, Column: id, Unique: true"}}
{"type":"LOG","log":{"level":"INFO","message":"INFO i.a.w.i.DefaultAirbyteStreamFactory(internalLog):159 INFO i.a.i.s.p.PostgresSource(logPreSyncDebugData):221 Discovering indexes for schema \"test\", table \"test_1_jsonb\""}}
{"type":"LOG","log":{"level":"INFO","message":"INFO i.a.w.i.DefaultAirbyteStreamFactory(internalLog):159 INFO i.a.i.s.p.PostgresSource(logPreSyncDebugData):223 Index name: test_1_jsonb_pkey, Column: id, Unique: true"}}
{"type":"LOG","log":{"level":"INFO","message":"INFO i.a.w.i.DefaultAirbyteStreamFactory(internalLog):159 INFO i.a.i.s.p.PostgresSource(logPreSyncDebugData):221 Discovering indexes for schema \"test\", table \"test_1_line\""}}
{"type":"LOG","log":{"level":"INFO","message":"INFO i.a.w.i.DefaultAirbyteStreamFactory(internalLog):159 INFO i.a.i.s.p.PostgresSource(logPreSyncDebugData):223 Index name: test_1_line_pkey, Column: id, Unique: true"}}
{"type":"LOG","log":{"level":"INFO","message":"INFO i.a.w.i.DefaultAirbyteStreamFactory(internalLog):159 INFO i.a.i.s.p.PostgresSource(logPreSyncDebugData):221 Discovering indexes for schema \"test\", table \"test_1_lseg\""}}
{"type":"LOG","log":{"level":"INFO","message":"INFO i.a.w.i.DefaultAirbyteStreamFactory(internalLog):159 INFO i.a.i.s.p.PostgresSource(logPreSyncDebugData):223 Index name: test_1_lseg_pkey, Column: id, Unique: true"}}
{"type":"LOG","log":{"level":"INFO","message":"INFO i.a.w.i.DefaultAirbyteStreamFactory(internalLog):159 INFO i.a.i.s.p.PostgresSource(logPreSyncDebugData):221 Discovering indexes for schema \"test\", table \"test_1_macaddr\""}}
{"type":"LOG","log":{"level":"INFO","message":"INFO i.a.w.i.DefaultAirbyteStreamFactory(internalLog):159 INFO i.a.i.s.p.PostgresSource(logPreSyncDebugData):223 Index name: test_1_macaddr_pkey, Column: id, Unique: true"}}
{"type":"LOG","log":{"level":"INFO","message":"INFO i.a.w.i.DefaultAirbyteStreamFactory(internalLog):159 INFO i.a.i.s.p.PostgresSource(logPreSyncDebugData):221 Discovering indexes for schema \"test\", table \"test_1_macaddr8\""}}
{"type":"LOG","log":{"level":"INFO","message":"INFO i.a.w.i.DefaultAirbyteStreamFactory(internalLog):159 INFO i.a.i.s.p.PostgresSource(logPreSyncDebugData):223 Index name: test_1_macaddr8_pkey, Column: id, Unique: true"}}
{"type":"LOG","log":{"level":"INFO","message":"INFO i.a.w.i.DefaultAirbyteStreamFactory(internalLog):159 INFO i.a.i.s.p.PostgresSource(logPreSyncDebugData):221 Discovering indexes for schema \"test\", table \"test_1_numeric\""}}
{"type":"LOG","log":{"level":"INFO","message":"INFO i.a.w.i.DefaultAirbyteStreamFactory(internalLog):159 INFO i.a.i.s.p.PostgresSource(logPreSyncDebugData):223 Index name: test_1_numeric_pkey, Column: id, Unique: true"}}
{"type":"LOG","log":{"level":"INFO","message":"INFO i.a.w.i.DefaultAirbyteStreamFactory(internalLog):159 INFO i.a.i.s.p.PostgresSource(logPreSyncDebugData):221 Discovering indexes for schema \"test\", table \"test_2_numeric\""}}
{"type":"LOG","log":{"level":"INFO","message":"INFO i.a.w.i.DefaultAirbyteStreamFactory(internalLog):159 INFO i.a.i.s.p.PostgresSource(logPreSyncDebugData):223 Index name: test_2_numeric_pkey, Column: id, Unique: true"}}
{"type":"LOG","log":{"level":"INFO","message":"INFO i.a.w.i.DefaultAirbyteStreamFactory(internalLog):159 INFO i.a.i.s.p.PostgresSource(logPreSyncDebugData):221 Discovering indexes for schema \"test\", table \"test_3_numeric\""}}
{"type":"LOG","log":{"level":"INFO","message":"INFO i.a.w.i.DefaultAirbyteStreamFactory(internalLog):159 INFO i.a.i.s.p.PostgresSource(logPreSyncDebugData):223 Index name: test_3_numeric_pkey, Column: id, Unique: true"}}
{"type":"LOG","log":{"level":"INFO","message":"INFO i.a.w.i.DefaultAirbyteStreamFactory(internalLog):159 INFO i.a.i.s.p.PostgresSource(logPreSyncDebugData):221 Discovering indexes for schema \"test\", table \"test_4_numeric\""}}
{"type":"LOG","log":{"level":"INFO","message":"INFO i.a.w.i.DefaultAirbyteStreamFactory(internalLog):159 INFO i.a.i.s.p.PostgresSource(logPreSyncDebugData):223 Index name: test_4_numeric_pkey, Column: id, Unique: true"}}
{"type":"LOG","log":{"level":"INFO","message":"INFO i.a.w.i.DefaultAirbyteStreamFactory(internalLog):159 INFO i.a.i.s.p.PostgresSource(logPreSyncDebugData):221 Discovering indexes for schema \"test\", table \"test_1_decimal\""}}
{"type":"LOG","log":{"level":"INFO","message":"INFO i.a.w.i.DefaultAirbyteStreamFactory(internalLog):159 INFO i.a.i.s.p.PostgresSource(logPreSyncDebugData):223 Index name: test_1_decimal_pkey, Column: id, Unique: true"}}
{"type":"LOG","log":{"level":"INFO","message":"INFO i.a.w.i.DefaultAirbyteStreamFactory(internalLog):159 INFO i.a.i.s.p.PostgresSource(logPreSyncDebugData):221 Discovering indexes for schema \"test\", table \"test_5_numeric\""}}
{"type":"LOG","log":{"level":"INFO","message":"INFO i.a.w.i.DefaultAirbyteStreamFactory(internalLog):159 INFO i.a.i.s.p.PostgresSource(logPreSyncDebugData):223 Index name: test_5_numeric_pkey, Column: id, Unique: true"}}
{"type":"LOG","log":{"level":"INFO","message":"INFO i.a.w.i.DefaultAirbyteStreamFactory(internalLog):159 INFO i.a.i.s.p.PostgresSource(logPreSyncDebugData):221 Discovering indexes for schema \"test\", table \"test_1_path\""}}
{"type":"LOG","log":{"level":"INFO","message":"INFO i.a.w.i.DefaultAirbyteStreamFactory(internalLog):159 INFO i.a.i.s.p.PostgresSource(logPreSyncDebugData):223 Index name: test_1_path_pkey, Column: id, Unique: true"}}
{"type":"LOG","log":{"level":"INFO","message":"INFO i.a.w.i.DefaultAirbyteStreamFactory(internalLog):159 INFO i.a.i.s.p.PostgresSource(logPreSyncDebugData):221 Discovering indexes for schema \"test\", table \"test_1_pg_lsn\""}}
{"type":"LOG","log":{"level":"INFO","message":"INFO i.a.w.i.DefaultAirbyteStreamFactory(internalLog):159 INFO i.a.i.s.p.PostgresSource(logPreSyncDebugData):223 Index name: test_1_pg_lsn_pkey, Column: id, Unique: true"}}
{"type":"LOG","log":{"level":"INFO","message":"INFO i.a.w.i.DefaultAirbyteStreamFactory(internalLog):159 INFO i.a.i.s.p.PostgresSource(logPreSyncDebugData):221 Discovering indexes for schema \"test\", table \"test_1_point\""}}
{"type":"LOG","log":{"level":"INFO","message":"INFO i.a.w.i.DefaultAirbyteStreamFactory(internalLog):159 INFO i.a.i.s.p.PostgresSource(logPreSyncDebugData):223 Index name: test_1_point_pkey, Column: id, Unique: true"}}
{"type":"LOG","log":{"level":"INFO","message":"INFO i.a.w.i.DefaultAirbyteStreamFactory(internalLog):159 INFO i.a.i.s.p.PostgresSource(logPreSyncDebugData):221 Discovering indexes for schema \"test\", table \"test_1_polygon\""}}
{"type":"LOG","log":{"level":"INFO","message":"INFO i.a.w.i.DefaultAirbyteStreamFactory(internalLog):159 INFO i.a.i.s.p.PostgresSource(logPreSyncDebugData):223 Index name: test_1_polygon_pkey, Column: id, Unique: true"}}
{"type":"LOG","log":{"level":"INFO","message":"INFO i.a.w.i.DefaultAirbyteStreamFactory(internalLog):159 INFO i.a.i.s.p.PostgresSource(logPreSyncDebugData):221 Discovering indexes for schema \"test\", table \"test_1_float4\""}}
{"type":"LOG","log":{"level":"INFO","message":"INFO i.a.w.i.DefaultAirbyteStreamFactory(internalLog):159 INFO i.a.i.s.p.PostgresSource(logPreSyncDebugData):223 Index name: test_1_float4_pkey, Column: id, Unique: true"}}
{"type":"LOG","log":{"level":"INFO","message":"INFO i.a.w.i.DefaultAirbyteStreamFactory(internalLog):159 INFO i.a.i.s.p.PostgresSource(logPreSyncDebugData):221 Discovering indexes for schema \"test\", table \"test_1_real\""}}
{"type":"LOG","log":{"level":"INFO","message":"INFO i.a.w.i.DefaultAirbyteStreamFactory(internalLog):159 INFO i.a.i.s.p.PostgresSource(logPreSyncDebugData):223 Index name: test_1_real_pkey, Column: id, Unique: true"}}
{"type":"LOG","log":{"level":"INFO","message":"INFO i.a.w.i.DefaultAirbyteStreamFactory(internalLog):159 INFO i.a.i.s.p.PostgresSource(logPreSyncDebugData):221 Discovering indexes for schema \"test\", table \"test_1_int2\""}}
{"type":"LOG","log":{"level":"INFO","message":"INFO i.a.w.i.DefaultAirbyteStreamFactory(internalLog):159 INFO i.a.i.s.p.PostgresSource(logPreSyncDebugData):223 Index name: test_1_int2_pkey, Column: id, Unique: true"}}
{"type":"LOG","log":{"level":"INFO","message":"INFO i.a.w.i.DefaultAirbyteStreamFactory(internalLog):159 INFO i.a.i.s.p.PostgresSource(logPreSyncDebugData):221 Discovering indexes for schema \"test\", table \"test_1_smallint\""}}
{"type":"LOG","log":{"level":"INFO","message":"INFO i.a.w.i.DefaultAirbyteStreamFactory(internalLog):159 INFO i.a.i.s.p.PostgresSource(logPreSyncDebugData):223 Index name: test_1_smallint_pkey, Column: id, Unique: true"}}
{"type":"LOG","log":{"level":"INFO","message":"INFO i.a.w.i.DefaultAirbyteStreamFactory(internalLog):159 INFO i.a.i.s.p.PostgresSource(logPreSyncDebugData):221 Discovering indexes for schema \"test\", table \"test_1_serial2\""}}
{"type":"LOG","log":{"level":"INFO","message":"INFO i.a.w.i.DefaultAirbyteStreamFactory(internalLog):159 INFO i.a.i.s.p.PostgresSource(logPreSyncDebugData):223 Index name: test_1_serial2_pkey, Column: id, Unique: true"}}
{"type":"LOG","log":{"level":"INFO","message":"INFO i.a.w.i.DefaultAirbyteStreamFactory(internalLog):159 INFO i.a.i.s.p.PostgresSource(logPreSyncDebugData):221 Discovering indexes for schema \"test\", table \"test_1_smallserial\""}}
{"type":"LOG","log":{"level":"INFO","message":"INFO i.a.w.i.DefaultAirbyteStreamFactory(internalLog):159 INFO i.a.i.s.p.PostgresSource(logPreSyncDebugData):223 Index name: test_1_smallserial_pkey, Column: id, Unique: true"}}
{"type":"LOG","log":{"level":"INFO","message":"INFO i.a.w.i.DefaultAirbyteStreamFactory(internalLog):159 INFO i.a.i.s.p.PostgresSource(logPreSyncDebugData):221 Discovering indexes for schema \"test\", table \"test_1_serial4\""}}
{"type":"LOG","log":{"level":"INFO","message":"INFO i.a.w.i.DefaultAirbyteStreamFactory(internalLog):159 INFO i.a.i.s.p.PostgresSource(logPreSyncDebugData):223 Index name: test_1_serial4_pkey, Column: id, Unique: true"}}
{"type":"LOG","log":{"level":"INFO","message":"INFO i.a.w.i.DefaultAirbyteStreamFactory(internalLog):159 INFO i.a.i.s.p.PostgresSource(logPreSyncDebugData):221 Discovering indexes for schema \"test\", table \"test_1_serial\""}}
{"type":"LOG","log":{"level":"INFO","message":"INFO i.a.w.i.DefaultAirbyteStreamFactory(internalLog):159 INFO i.a.i.s.p.PostgresSource(logPreSyncDebugData):223 Index name: test_1_serial_pkey, Column: id, Unique: true"}}
{"type":"LOG","log":{"level":"INFO","message":"INFO i.a.w.i.DefaultAirbyteStreamFactory(internalLog):159 INFO i.a.i.s.p.PostgresSource(logPreSyncDebugData):221 Discovering indexes for schema \"test\", table \"test_1_time\""}}
{"type":"LOG","log":{"level":"INFO","message":"INFO i.a.w.i.DefaultAirbyteStreamFactory(internalLog):159 INFO i.a.i.s.p.PostgresSource(logPreSyncDebugData):223 Index name: test_1_time_pkey, Column: id, Unique: true"}}
{"type":"LOG","log":{"level":"INFO","message":"INFO i.a.w.i.DefaultAirbyteStreamFactory(internalLog):159 INFO i.a.i.s.p.PostgresSource(logPreSyncDebugData):221 Discovering indexes for schema \"test\", table \"test_2_time\""}}
{"type":"LOG","log":{"level":"INFO","message":"INFO i.a.w.i.DefaultAirbyteStreamFactory(internalLog):159 INFO i.a.i.s.p.PostgresSource(logPreSyncDebugData):223 Index name: test_2_time_pkey, Column: id, Unique: true"}}
{"type":"LOG","log":{"level":"INFO","message":"INFO i.a.w.i.DefaultAirbyteStreamFactory(internalLog):159 INFO i.a.i.s.p.PostgresSource(logPreSyncDebugData):221 Discovering indexes for schema \"test\", table \"test_3_time\""}}
{"type":"LOG","log":{"level":"INFO","message":"INFO i.a.w.i.DefaultAirbyteStreamFactory(internalLog):159 INFO i.a.i.s.p.PostgresSource(logPreSyncDebugData):223 Index name: test_3_time_pkey, Column: id, Unique: true"}}
{"type":"LOG","log":{"level":"INFO","message":"INFO i.a.w.i.DefaultAirbyteStreamFactory(internalLog):159 INFO i.a.i.s.p.PostgresSource(logPreSyncDebugData):221 Discovering indexes for schema \"test\", table \"test_4_time\""}}
{"type":"LOG","log":{"level":"INFO","message":"INFO i.a.w.i.DefaultAirbyteStreamFactory(internalLog):159 INFO i.a.i.s.p.PostgresSource(logPreSyncDebugData):223 Index name: test_4_time_pkey, Column: id, Unique: true"}}
{"type":"LOG","log":{"level":"INFO","message":"INFO i.a.w.i.DefaultAirbyteStreamFactory(internalLog):159 INFO i.a.i.s.p.PostgresSource(logPreSyncDebugData):221 Discovering indexes for schema \"test\", table \"test_5_time\""}}
{"type":"LOG","log":{"level":"INFO","message":"INFO i.a.w.i.DefaultAirbyteStreamFactory(internalLog):159 INFO i.a.i.s.p.PostgresSource(logPreSyncDebugData):223 Index name: test_5_time_pkey, Column: id, Unique: true"}}
{"type":"LOG","log":{"level":"INFO","message":"INFO i.a.w.i.DefaultAirbyteStreamFactory(internalLog):159 INFO i.a.i.s.p.PostgresSource(logPreSyncDebugData):221 Discovering indexes for schema \"test\", table \"test_1_timestamp\""}}
{"type":"LOG","log":{"level":"INFO","message":"INFO i.a.w.i.DefaultAirbyteStreamFactory(internalLog):159 INFO i.a.i.s.p.PostgresSource(logPreSyncDebugData):223 Index name: test_1_timestamp_pkey, Column: id, Unique: true"}}
{"type":"LOG","log":{"level":"INFO","message":"INFO i.a.w.i.DefaultAirbyteStreamFactory(internalLog):159 INFO i.a.i.s.p.PostgresSource(logPreSyncDebugData):221 Discovering indexes for schema \"test\", table \"test_2_timestamp\""}}
{"type":"LOG","log":{"level":"INFO","message":"INFO i.a.w.i.DefaultAirbyteStreamFactory(internalLog):159 INFO i.a.i.s.p.PostgresSource(logPreSyncDebugData):223 Index name: test_2_timestamp_pkey, Column: id, Unique: true"}}
{"type":"LOG","log":{"level":"INFO","message":"INFO i.a.w.i.DefaultAirbyteStreamFactory(internalLog):159 INFO i.a.i.s.p.PostgresSource(logPreSyncDebugData):221 Discovering indexes for schema \"test\", table \"test_3_timestamp\""}}
{"type":"LOG","log":{"level":"INFO","message":"INFO i.a.w.i.DefaultAirbyteStreamFactory(internalLog):159 INFO i.a.i.s.p.PostgresSource(logPreSyncDebugData):223 Index name: test_3_timestamp_pkey, Column: id, Unique: true"}}
{"type":"LOG","log":{"level":"INFO","message":"INFO i.a.w.i.DefaultAirbyteStreamFactory(internalLog):159 INFO i.a.i.s.p.PostgresSource(logPreSyncDebugData):221 Discovering indexes for schema \"test\", table \"test_4_timestamp\""}}
{"type":"LOG","log":{"level":"INFO","message":"INFO i.a.w.i.DefaultAirbyteStreamFactory(internalLog):159 INFO i.a.i.s.p.PostgresSource(logPreSyncDebugData):223 Index name: test_4_timestamp_pkey, Column: id, Unique: true"}}
{"type":"LOG","log":{"level":"INFO","message":"INFO i.a.w.i.DefaultAirbyteStreamFactory(internalLog):159 INFO i.a.i.s.p.PostgresSource(logPreSyncDebugData):221 Discovering indexes for schema \"test\", table \"test_5_timestamp\""}}
{"type":"LOG","log":{"level":"INFO","message":"INFO i.a.w.i.DefaultAirbyteStreamFactory(internalLog):159 INFO i.a.i.s.p.PostgresSource(logPreSyncDebugData):223 Index name: test_5_timestamp_pkey, Column: id, Unique: true"}}
{"type":"LOG","log":{"level":"INFO","message":"INFO i.a.w.i.DefaultAirbyteStreamFactory(internalLog):159 INFO i.a.i.s.p.PostgresSource(logPreSyncDebugData):221 Discovering indexes for schema \"test\", table \"test_6_timestamp\""}}
{"type":"LOG","log":{"level":"INFO","message":"INFO i.a.w.i.DefaultAirbyteStreamFactory(internalLog):159 INFO i.a.i.s.p.PostgresSource(logPreSyncDebugData):223 Index name: test_6_timestamp_pkey, Column: id, Unique: true"}}
{"type":"LOG","log":{"level":"INFO","message":"INFO i.a.w.i.DefaultAirbyteStreamFactory(internalLog):159 INFO i.a.i.s.p.PostgresSource(logPreSyncDebugData):221 Discovering indexes for schema \"test\", table \"test_7_timestamp\""}}
{"type":"LOG","log":{"level":"INFO","message":"INFO i.a.w.i.DefaultAirbyteStreamFactory(internalLog):159 INFO i.a.i.s.p.PostgresSource(logPreSyncDebugData):223 Index name: test_7_timestamp_pkey, Column: id, Unique: true"}}
{"type":"LOG","log":{"level":"INFO","message":"INFO i.a.w.i.DefaultAirbyteStreamFactory(internalLog):159 INFO i.a.i.s.p.PostgresSource(logPreSyncDebugData):221 Discovering indexes for schema \"test\", table \"test_8_timestamp\""}}
{"type":"LOG","log":{"level":"INFO","message":"INFO i.a.w.i.DefaultAirbyteStreamFactory(internalLog):159 INFO i.a.i.s.p.PostgresSource(logPreSyncDebugData):223 Index name: test_8_timestamp_pkey, Column: id, Unique: true"}}
{"type":"LOG","log":{"level":"INFO","message":"INFO i.a.w.i.DefaultAirbyteStreamFactory(internalLog):159 INFO i.a.i.s.p.PostgresSource(logPreSyncDebugData):221 Discovering indexes for schema \"test\", table \"test_1_timestamptz\""}}
{"type":"LOG","log":{"level":"INFO","message":"INFO i.a.w.i.DefaultAirbyteStreamFactory(internalLog):159 INFO i.a.i.s.p.PostgresSource(logPreSyncDebugData):223 Index name: test_1_timestamptz_pkey, Column: id, Unique: true"}}
{"type":"LOG","log":{"level":"INFO","message":"INFO i.a.w.i.DefaultAirbyteStreamFactory(internalLog):159 INFO i.a.i.s.p.PostgresSource(logPreSyncDebugData):221 Discovering indexes for schema \"test\", table \"test_2_timestamptz\""}}
{"type":"LOG","log":{"level":"INFO","message":"INFO i.a.w.i.DefaultAirbyteStreamFactory(internalLog):159 INFO i.a.i.s.p.PostgresSource(logPreSyncDebugData):223 Index name: test_2_timestamptz_pkey, Column: id, Unique: true"}}
{"type":"LOG","log":{"level":"INFO","message":"INFO i.a.w.i.DefaultAirbyteStreamFactory(internalLog):159 INFO i.a.i.s.p.PostgresSource(logPreSyncDebugData):221 Discovering indexes for schema \"test\", table \"test_1_tsquery\""}}
{"type":"LOG","log":{"level":"INFO","message":"INFO i.a.w.i.DefaultAirbyteStreamFactory(internalLog):159 INFO i.a.i.s.p.PostgresSource(logPreSyncDebugData):223 Index name: test_1_tsquery_pkey, Column: id, Unique: true"}}
{"type":"LOG","log":{"level":"INFO","message":"INFO i.a.w.i.DefaultAirbyteStreamFactory(internalLog):159 INFO i.a.i.s.p.PostgresSource(logPreSyncDebugData):221 Discovering indexes for schema \"test\", table \"test_1_tsvector\""}}
{"type":"LOG","log":{"level":"INFO","message":"INFO i.a.w.i.DefaultAirbyteStreamFactory(internalLog):159 INFO i.a.i.s.p.PostgresSource(logPreSyncDebugData):223 Index name: test_1_tsvector_pkey, Column: id, Unique: true"}}
{"type":"LOG","log":{"level":"INFO","message":"INFO i.a.w.i.DefaultAirbyteStreamFactory(internalLog):159 INFO i.a.i.s.p.PostgresSource(logPreSyncDebugData):221 Discovering indexes for schema \"test\", table \"test_1_uuid\""}}
{"type":"LOG","log":{"level":"INFO","message":"INFO i.a.w.i.DefaultAirbyteStreamFactory(internalLog):159 INFO i.a.i.s.p.PostgresSource(logPreSyncDebugData):223 Index name: test_1_uuid_pkey, Column: id, Unique: true"}}
{"type":"LOG","log":{"level":"INFO","message":"INFO i.a.w.i.DefaultAirbyteStreamFactory(internalLog):159 INFO i.a.i.s.p.PostgresSource(logPreSyncDebugData):221 Discovering indexes for schema \"test\", table \"test_1_xml\""}}
{"type":"LOG","log":{"level":"INFO","message":"INFO i.a.w.i.DefaultAirbyteStreamFactory(internalLog):159 INFO i.a.i.s.p.PostgresSource(logPreSyncDebugData):223 Index name: test_1_xml_pkey, Column: id, Unique: true"}}
{"type":"LOG","log":{"level":"INFO","message":"INFO i.a.w.i.DefaultAirbyteStreamFactory(internalLog):159 INFO i.a.i.s.p.PostgresSource(logPreSyncDebugData):221 Discovering indexes for schema \"test\", table \"test_1_mood\""}}
{"type":"LOG","log":{"level":"INFO","message":"INFO i.a.w.i.DefaultAirbyteStreamFactory(internalLog):159 INFO i.a.i.s.p.PostgresSource(logPreSyncDebugData):223 Index name: test_1_mood_pkey, Column: id, Unique: true"}}
{"type":"LOG","log":{"level":"INFO","message":"INFO i.a.w.i.DefaultAirbyteStreamFactory(internalLog):159 INFO i.a.i.s.p.PostgresSource(logPreSyncDebugData):221 Discovering indexes for schema \"test\", table \"test_1_tsrange\""}}
{"type":"LOG","log":{"level":"INFO","message":"INFO i.a.w.i.DefaultAirbyteStreamFactory(internalLog):159 INFO i.a.i.s.p.PostgresSource(logPreSyncDebugData):223 Index name: test_1_tsrange_pkey, Column: id, Unique: true"}}
{"type":"LOG","log":{"level":"INFO","message":"INFO i.a.w.i.DefaultAirbyteStreamFactory(internalLog):159 INFO i.a.i.s.p.PostgresSource(logPreSyncDebugData):221 Discovering indexes for schema \"test\", table \"test_1_inventory_item\""}}
{"type":"LOG","log":{"level":"INFO","message":"INFO i.a.w.i.DefaultAirbyteStreamFactory(internalLog):159 INFO i.a.i.s.p.PostgresSource(logPreSyncDebugData):223 Index name: test_1_inventory_item_pkey, Column: id, Unique: true"}}
{"type":"LOG","log":{"level":"INFO","message":"INFO i.a.w.i.DefaultAirbyteStreamFactory(internalLog):159 INFO i.a.i.s.p.PostgresSource(logPreSyncDebugData):221 Discovering indexes for schema \"test\", table \"test_1_hstore\""}}
{"type":"LOG","log":{"level":"INFO","message":"INFO i.a.w.i.DefaultAirbyteStreamFactory(internalLog):159 INFO i.a.i.s.p.PostgresSource(logPreSyncDebugData):223 Index name: test_1_hstore_pkey, Column: id, Unique: true"}}
{"type":"LOG","log":{"level":"INFO","message":"INFO i.a.w.i.DefaultAirbyteStreamFactory(internalLog):159 INFO i.a.i.s.p.PostgresSource(logPreSyncDebugData):221 Discovering indexes for schema \"test\", table \"test_1_timetz\""}}
{"type":"LOG","log":{"level":"INFO","message":"INFO i.a.w.i.DefaultAirbyteStreamFactory(internalLog):159 INFO i.a.i.s.p.PostgresSource(logPreSyncDebugData):223 Index name: test_1_timetz_pkey, Column: id, Unique: true"}}
{"type":"LOG","log":{"level":"INFO","message":"INFO i.a.w.i.DefaultAirbyteStreamFactory(internalLog):159 INFO i.a.i.s.p.PostgresSource(logPreSyncDebugData):221 Discovering indexes for schema \"test\", table \"test_2_timetz\""}}
{"type":"LOG","log":{"level":"INFO","message":"INFO i.a.w.i.DefaultAirbyteStreamFactory(internalLog):159 INFO i.a.i.s.p.PostgresSource(logPreSyncDebugData):223 Index name: test_2_timetz_pkey, Column: id, Unique: true"}}
{"type":"LOG","log":{"level":"INFO","message":"INFO i.a.w.i.DefaultAirbyteStreamFactory(internalLog):159 INFO i.a.i.s.p.PostgresSource(logPreSyncDebugData):221 Discovering indexes for schema \"test\", table \"test_1_int2_array\""}}
{"type":"LOG","log":{"level":"INFO","message":"INFO i.a.w.i.DefaultAirbyteStreamFactory(internalLog):159 INFO i.a.i.s.p.PostgresSource(logPreSyncDebugData):223 Index name: test_1_int2_array_pkey, Column: id, Unique: true"}}
{"type":"LOG","log":{"level":"INFO","message":"INFO i.a.w.i.DefaultAirbyteStreamFactory(internalLog):159 INFO i.a.i.s.p.PostgresSource(logPreSyncDebugData):221 Discovering indexes for schema \"test\", table \"test_1_int4_array\""}}
{"type":"LOG","log":{"level":"INFO","message":"INFO i.a.w.i.DefaultAirbyteStreamFactory(internalLog):159 INFO i.a.i.s.p.PostgresSource(logPreSyncDebugData):223 Index name: test_1_int4_array_pkey, Column: id, Unique: true"}}
{"type":"LOG","log":{"level":"INFO","message":"INFO i.a.w.i.DefaultAirbyteStreamFactory(internalLog):159 INFO i.a.i.s.p.PostgresSource(logPreSyncDebugData):221 Discovering indexes for schema \"test\", table \"test_1_int8_array\""}}
{"type":"LOG","log":{"level":"INFO","message":"INFO i.a.w.i.DefaultAirbyteStreamFactory(internalLog):159 INFO i.a.i.s.p.PostgresSource(logPreSyncDebugData):223 Index name: test_1_int8_array_pkey, Column: id, Unique: true"}}
{"type":"LOG","log":{"level":"INFO","message":"INFO i.a.w.i.DefaultAirbyteStreamFactory(internalLog):159 INFO i.a.i.s.p.PostgresSource(logPreSyncDebugData):221 Discovering indexes for schema \"test\", table \"test_1_oid_array\""}}
{"type":"LOG","log":{"level":"INFO","message":"INFO i.a.w.i.DefaultAirbyteStreamFactory(internalLog):159 INFO i.a.i.s.p.PostgresSource(logPreSyncDebugData):223 Index name: test_1_oid_array_pkey, Column: id, Unique: true"}}
{"type":"LOG","log":{"level":"INFO","message":"INFO i.a.w.i.DefaultAirbyteStreamFactory(internalLog):159 INFO i.a.i.s.p.PostgresSource(logPreSyncDebugData):221 Discovering indexes for schema \"test\", table \"test_1_varchar_array\""}}
{"type":"LOG","log":{"level":"INFO","message":"INFO i.a.w.i.DefaultAirbyteStreamFactory(internalLog):159 INFO i.a.i.s.p.PostgresSource(logPreSyncDebugData):223 Index name: test_1_varchar_array_pkey, Column: id, Unique: true"}}
{"type":"LOG","log":{"level":"INFO","message":"INFO i.a.w.i.DefaultAirbyteStreamFactory(internalLog):159 INFO i.a.i.s.p.PostgresSource(logPreSyncDebugData):221 Discovering indexes for schema \"test\", table \"test_1_char_array\""}}
{"type":"LOG","log":{"level":"INFO","message":"INFO i.a.w.i.DefaultAirbyteStreamFactory(internalLog):159 INFO i.a.i.s.p.PostgresSource(logPreSyncDebugData):223 Index name: test_1_char_array_pkey, Column: id, Unique: true"}}
{"type":"LOG","log":{"level":"INFO","message":"INFO i.a.w.i.DefaultAirbyteStreamFactory(internalLog):159 INFO i.a.i.s.p.PostgresSource(logPreSyncDebugData):221 Discovering indexes for schema \"test\", table \"test_1_bpchar_array\""}}
{"type":"LOG","log":{"level":"INFO","message":"INFO i.a.w.i.DefaultAirbyteStreamFactory(internalLog):159 INFO i.a.i.s.p.PostgresSource(logPreSyncDebugData):223 Index name: test_1_bpchar_array_pkey, Column: id, Unique: true"}}
{"type":"LOG","log":{"level":"INFO","message":"INFO i.a.w.i.DefaultAirbyteStreamFactory(internalLog):159 INFO i.a.i.s.p.PostgresSource(logPreSyncDebugData):221 Discovering indexes for schema \"test\", table \"test_1_text_array\""}}
{"type":"LOG","log":{"level":"INFO","message":"INFO i.a.w.i.DefaultAirbyteStreamFactory(internalLog):159 INFO i.a.i.s.p.PostgresSource(logPreSyncDebugData):223 Index name: test_1_text_array_pkey, Column: id, Unique: true"}}
{"type":"LOG","log":{"level":"INFO","message":"INFO i.a.w.i.DefaultAirbyteStreamFactory(internalLog):159 INFO i.a.i.s.p.PostgresSource(logPreSyncDebugData):221 Discovering indexes for schema \"test\", table \"test_1_name_array\""}}
{"type":"LOG","log":{"level":"INFO","message":"INFO i.a.w.i.DefaultAirbyteStreamFactory(internalLog):159 INFO i.a.i.s.p.PostgresSource(logPreSyncDebugData):223 Index name: test_1_name_array_pkey, Column: id, Unique: true"}}
{"type":"LOG","log":{"level":"INFO","message":"INFO i.a.w.i.DefaultAirbyteStreamFactory(internalLog):159 INFO i.a.i.s.p.PostgresSource(logPreSyncDebugData):221 Discovering indexes for schema \"test\", table \"test_1_decimal_array\""}}
{"type":"LOG","log":{"level":"INFO","message":"INFO i.a.w.i.DefaultAirbyteStreamFactory(internalLog):159 INFO i.a.i.s.p.PostgresSource(logPreSyncDebugData):223 Index name: test_1_decimal_array_pkey, Column: id, Unique: true"}}
{"type":"LOG","log":{"level":"INFO","message":"INFO i.a.w.i.DefaultAirbyteStreamFactory(internalLog):159 INFO i.a.i.s.p.PostgresSource(logPreSyncDebugData):221 Discovering indexes for schema \"test\", table \"test_2_decimal_array\""}}
{"type":"LOG","log":{"level":"INFO","message":"INFO i.a.w.i.DefaultAirbyteStreamFactory(internalLog):159 INFO i.a.i.s.p.PostgresSource(logPreSyncDebugData):223 Index name: test_2_decimal_array_pkey, Column: id, Unique: true"}}
{"type":"LOG","log":{"level":"INFO","message":"INFO i.a.w.i.DefaultAirbyteStreamFactory(internalLog):159 INFO i.a.i.s.p.PostgresSource(logPreSyncDebugData):221 Discovering indexes for schema \"test\", table \"test_3_decimal_array\""}}
{"type":"LOG","log":{"level":"INFO","message":"INFO i.a.w.i.DefaultAirbyteStreamFactory(internalLog):159 INFO i.a.i.s.p.PostgresSource(logPreSyncDebugData):223 Index name: test_3_decimal_array_pkey, Column: id, Unique: true"}}
{"type":"LOG","log":{"level":"INFO","message":"INFO i.a.w.i.DefaultAirbyteStreamFactory(internalLog):159 INFO i.a.i.s.p.PostgresSource(logPreSyncDebugData):221 Discovering indexes for schema \"test\", table \"test_1_numeric_array\""}}
{"type":"LOG","log":{"level":"INFO","message":"INFO i.a.w.i.DefaultAirbyteStreamFactory(internalLog):159 INFO i.a.i.s.p.PostgresSource(logPreSyncDebugData):223 Index name: test_1_numeric_array_pkey, Column: id, Unique: true"}}
{"type":"LOG","log":{"level":"INFO","message":"INFO i.a.w.i.DefaultAirbyteStreamFactory(internalLog):159 INFO i.a.i.s.p.PostgresSource(logPreSyncDebugData):221 Discovering indexes for schema \"test\", table \"test_2_numeric_array\""}}
{"type":"LOG","log":{"level":"INFO","message":"INFO i.a.w.i.DefaultAirbyteStreamFactory(internalLog):159 INFO i.a.i.s.p.PostgresSource(logPreSyncDebugData):223 Index name: test_2_numeric_array_pkey, Column: id, Unique: true"}}
{"type":"LOG","log":{"level":"INFO","message":"INFO i.a.w.i.DefaultAirbyteStreamFactory(internalLog):159 INFO i.a.i.s.p.PostgresSource(logPreSyncDebugData):221 Discovering indexes for schema \"test\", table \"test_3_numeric_array\""}}
{"type":"LOG","log":{"level":"INFO","message":"INFO i.a.w.i.DefaultAirbyteStreamFactory(internalLog):159 INFO i.a.i.s.p.PostgresSource(logPreSyncDebugData):223 Index name: test_3_numeric_array_pkey, Column: id, Unique: true"}}
{"type":"LOG","log":{"level":"INFO","message":"INFO i.a.w.i.DefaultAirbyteStreamFactory(internalLog):159 INFO i.a.i.s.p.PostgresSource(logPreSyncDebugData):221 Discovering indexes for schema \"test\", table \"test_1_float4_array\""}}
{"type":"LOG","log":{"level":"INFO","message":"INFO i.a.w.i.DefaultAirbyteStreamFactory(internalLog):159 INFO i.a.i.s.p.PostgresSource(logPreSyncDebugData):223 Index name: test_1_float4_array_pkey, Column: id, Unique: true"}}
{"type":"LOG","log":{"level":"INFO","message":"INFO i.a.w.i.DefaultAirbyteStreamFactory(internalLog):159 INFO i.a.i.s.p.PostgresSource(logPreSyncDebugData):221 Discovering indexes for schema \"test\", table \"test_1_float8_array\""}}
{"type":"LOG","log":{"level":"INFO","message":"INFO i.a.w.i.DefaultAirbyteStreamFactory(internalLog):159 INFO i.a.i.s.p.PostgresSource(logPreSyncDebugData):223 Index name: test_1_float8_array_pkey, Column: id, Unique: true"}}
{"type":"LOG","log":{"level":"INFO","message":"INFO i.a.w.i.DefaultAirbyteStreamFactory(internalLog):159 INFO i.a.i.s.p.PostgresSource(logPreSyncDebugData):221 Discovering indexes for schema \"test\", table \"test_1_money_array\""}}
{"type":"LOG","log":{"level":"INFO","message":"INFO i.a.w.i.DefaultAirbyteStreamFactory(internalLog):159 INFO i.a.i.s.p.PostgresSource(logPreSyncDebugData):223 Index name: test_1_money_array_pkey, Column: id, Unique: true"}}
{"type":"LOG","log":{"level":"INFO","message":"INFO i.a.w.i.DefaultAirbyteStreamFactory(internalLog):159 INFO i.a.i.s.p.PostgresSource(logPreSyncDebugData):221 Discovering indexes for schema \"test\", table \"test_1_bool_array\""}}
{"type":"LOG","log":{"level":"INFO","message":"INFO i.a.w.i.DefaultAirbyteStreamFactory(internalLog):159 INFO i.a.i.s.p.PostgresSource(logPreSyncDebugData):223 Index name: test_1_bool_array_pkey, Column: id, Unique: true"}}
{"type":"LOG","log":{"level":"INFO","message":"INFO i.a.w.i.DefaultAirbyteStreamFactory(internalLog):159 INFO i.a.i.s.p.PostgresSource(logPreSyncDebugData):221 Discovering indexes for schema \"test\", table \"test_1_bit_array\""}}
{"type":"LOG","log":{"level":"INFO","message":"INFO i.a.w.i.DefaultAirbyteStreamFactory(internalLog):159 INFO i.a.i.s.p.PostgresSource(logPreSyncDebugData):223 Index name: test_1_bit_array_pkey, Column: id, Unique: true"}}
{"type":"LOG","log":{"level":"INFO","message":"INFO i.a.w.i.DefaultAirbyteStreamFactory(internalLog):159 INFO i.a.i.s.p.PostgresSource(logPreSyncDebugData):221 Discovering indexes for schema \"test\", table \"test_1_bytea_array\""}}
{"type":"LOG","log":{"level":"INFO","message":"INFO i.a.w.i.DefaultAirbyteStreamFactory(internalLog):159 INFO i.a.i.s.p.PostgresSource(logPreSyncDebugData):223 Index name: test_1_bytea_array_pkey, Column: id, Unique: true"}}
{"type":"LOG","log":{"level":"INFO","message":"INFO i.a.w.i.DefaultAirbyteStreamFactory(internalLog):159 INFO i.a.i.s.p.PostgresSource(logPreSyncDebugData):221 Discovering indexes for schema \"test\", table \"test_1_date_array\""}}
{"type":"LOG","log":{"level":"INFO","message":"INFO i.a.w.i.DefaultAirbyteStreamFactory(internalLog):159 INFO i.a.i.s.p.PostgresSource(logPreSyncDebugData):223 Index name: test_1_date_array_pkey, Column: id, Unique: true"}}
{"type":"LOG","log":{"level":"INFO","message":"INFO i.a.w.i.DefaultAirbyteStreamFactory(internalLog):159 INFO i.a.i.s.p.PostgresSource(logPreSyncDebugData):221 Discovering indexes for schema \"test\", table \"test_1_time_array\""}}
{"type":"LOG","log":{"level":"INFO","message":"INFO i.a.w.i.DefaultAirbyteStreamFactory(internalLog):159 INFO i.a.i.s.p.PostgresSource(logPreSyncDebugData):223 Index name: test_1_time_array_pkey, Column: id, Unique: true"}}
{"type":"LOG","log":{"level":"INFO","message":"INFO i.a.w.i.DefaultAirbyteStreamFactory(internalLog):159 INFO i.a.i.s.p.PostgresSource(logPreSyncDebugData):221 Discovering indexes for schema \"test\", table \"test_1_timetz_array\""}}
{"type":"LOG","log":{"level":"INFO","message":"INFO i.a.w.i.DefaultAirbyteStreamFactory(internalLog):159 INFO i.a.i.s.p.PostgresSource(logPreSyncDebugData):223 Index name: test_1_timetz_array_pkey, Column: id, Unique: true"}}
{"type":"LOG","log":{"level":"INFO","message":"INFO i.a.w.i.DefaultAirbyteStreamFactory(internalLog):159 INFO i.a.i.s.p.PostgresSource(logPreSyncDebugData):221 Discovering indexes for schema \"test\", table \"test_1_timestamptz_array\""}}
{"type":"LOG","log":{"level":"INFO","message":"INFO i.a.w.i.DefaultAirbyteStreamFactory(internalLog):159 INFO i.a.i.s.p.PostgresSource(logPreSyncDebugData):223 Index name: test_1_timestamptz_array_pkey, Column: id, Unique: true"}}
{"type":"LOG","log":{"level":"INFO","message":"INFO i.a.w.i.DefaultAirbyteStreamFactory(internalLog):159 INFO i.a.i.s.p.PostgresSource(logPreSyncDebugData):221 Discovering indexes for schema \"test\", table \"test_1_timestamp_array\""}}
{"type":"LOG","log":{"level":"INFO","message":"INFO i.a.w.i.DefaultAirbyteStreamFactory(internalLog):159 INFO i.a.i.s.p.PostgresSource(logPreSyncDebugData):223 Index name: test_1_timestamp_array_pkey, Column: id, Unique: true"}}
{"type":"LOG","log":{"level":"INFO","message":"INFO i.a.w.i.DefaultAirbyteStreamFactory(internalLog):159 INFO i.a.i.s.p.PostgresSource(logPreSyncDebugData):221 Discovering indexes for schema \"test\", table \"test_1_money\""}}
{"type":"LOG","log":{"level":"INFO","message":"INFO i.a.w.i.DefaultAirbyteStreamFactory(internalLog):159 INFO i.a.i.s.p.PostgresSource(logPreSyncDebugData):223 Index name: test_1_money_pkey, Column: id, Unique: true"}}
{"type":"LOG","log":{"level":"INFO","message":"INFO i.a.w.i.DefaultAirbyteStreamFactory(internalLog):159 INFO i.a.i.s.p.PostgresSource(logPreSyncDebugData):221 Discovering indexes for schema \"test\", table \"test_2_bigint\""}}
{"type":"LOG","log":{"level":"INFO","message":"INFO i.a.w.i.DefaultAirbyteStreamFactory(internalLog):159 INFO i.a.i.s.p.PostgresSource(logPreSyncDebugData):223 Index name: test_2_bigint_pkey, Column: id, Unique: true"}}
{"type":"LOG","log":{"level":"INFO","message":"INFO i.a.w.i.DefaultAirbyteStreamFactory(internalLog):159 INFO i.a.i.s.p.PostgresSource(logPreSyncDebugData):221 Discovering indexes for schema \"test\", table \"test_2_bigserial\""}}
{"type":"LOG","log":{"level":"INFO","message":"INFO i.a.w.i.DefaultAirbyteStreamFactory(internalLog):159 INFO i.a.i.s.p.PostgresSource(logPreSyncDebugData):223 Index name: test_2_bigserial_pkey, Column: id, Unique: true"}}
{"type":"LOG","log":{"level":"INFO","message":"INFO i.a.w.i.DefaultAirbyteStreamFactory(internalLog):159 INFO i.a.i.s.p.PostgresSource(logPreSyncDebugData):221 Discovering indexes for schema \"test\", table \"test_3_bit\""}}
{"type":"LOG","log":{"level":"INFO","message":"INFO i.a.w.i.DefaultAirbyteStreamFactory(internalLog):159 INFO i.a.i.s.p.PostgresSource(logPreSyncDebugData):223 Index name: test_3_bit_pkey, Column: id, Unique: true"}}
{"type":"LOG","log":{"level":"INFO","message":"INFO i.a.w.i.DefaultAirbyteStreamFactory(internalLog):159 INFO i.a.i.s.p.PostgresSource(logPreSyncDebugData):221 Discovering indexes for schema \"test\", table \"test_4_bit\""}}
{"type":"LOG","log":{"level":"INFO","message":"INFO i.a.w.i.DefaultAirbyteStreamFactory(internalLog):159 INFO i.a.i.s.p.PostgresSource(logPreSyncDebugData):223 Index name: test_4_bit_pkey, Column: id, Unique: true"}}
{"type":"LOG","log":{"level":"INFO","message":"INFO i.a.w.i.DefaultAirbyteStreamFactory(internalLog):159 INFO i.a.i.s.p.PostgresSource(logPreSyncDebugData):221 Discovering indexes for schema \"test\", table \"test_3_bit_varying\""}}
{"type":"LOG","log":{"level":"INFO","message":"INFO i.a.w.i.DefaultAirbyteStreamFactory(internalLog):159 INFO i.a.i.s.p.PostgresSource(logPreSyncDebugData):223 Index name: test_3_bit_varying_pkey, Column: id, Unique: true"}}
{"type":"LOG","log":{"level":"INFO","message":"INFO i.a.w.i.DefaultAirbyteStreamFactory(internalLog):159 INFO i.a.i.s.p.PostgresSource(logPreSyncDebugData):221 Discovering indexes for schema \"test\", table \"test_4_bit_varying\""}}
{"type":"LOG","log":{"level":"INFO","message":"INFO i.a.w.i.DefaultAirbyteStreamFactory(internalLog):159 INFO i.a.i.s.p.PostgresSource(logPreSyncDebugData):223 Index name: test_4_bit_varying_pkey, Column: id, Unique: true"}}
{"type":"LOG","log":{"level":"INFO","message":"INFO i.a.w.i.DefaultAirbyteStreamFactory(internalLog):159 INFO i.a.i.s.p.PostgresSource(logPreSyncDebugData):221 Discovering indexes for schema \"test\", table \"test_2_bool\""}}
{"type":"LOG","log":{"level":"INFO","message":"INFO i.a.w.i.DefaultAirbyteStreamFactory(internalLog):159 INFO i.a.i.s.p.PostgresSource(logPreSyncDebugData):223 Index name: test_2_bool_pkey, Column: id, Unique: true"}}
{"type":"LOG","log":{"level":"INFO","message":"INFO i.a.w.i.DefaultAirbyteStreamFactory(internalLog):159 INFO i.a.i.s.p.PostgresSource(logPreSyncDebugData):221 Discovering indexes for schema \"test\", table \"test_2_boolean\""}}
{"type":"LOG","log":{"level":"INFO","message":"INFO i.a.w.i.DefaultAirbyteStreamFactory(internalLog):159 INFO i.a.i.s.p.PostgresSource(logPreSyncDebugData):223 Index name: test_2_boolean_pkey, Column: id, Unique: true"}}
{"type":"LOG","log":{"level":"INFO","message":"INFO i.a.w.i.DefaultAirbyteStreamFactory(internalLog):159 INFO i.a.i.s.p.PostgresSource(logPreSyncDebugData):221 Discovering indexes for schema \"test\", table \"test_2_box\""}}
{"type":"LOG","log":{"level":"INFO","message":"INFO i.a.w.i.DefaultAirbyteStreamFactory(internalLog):159 INFO i.a.i.s.p.PostgresSource(logPreSyncDebugData):223 Index name: test_2_box_pkey, Column: id, Unique: true"}}
{"type":"LOG","log":{"level":"INFO","message":"INFO i.a.w.i.DefaultAirbyteStreamFactory(internalLog):159 INFO i.a.i.s.p.PostgresSource(logPreSyncDebugData):221 Discovering indexes for schema \"test\", table \"test_2_bytea\""}}
{"type":"LOG","log":{"level":"INFO","message":"INFO i.a.w.i.DefaultAirbyteStreamFactory(internalLog):159 INFO i.a.i.s.p.PostgresSource(logPreSyncDebugData):223 Index name: test_2_bytea_pkey, Column: id, Unique: true"}}
{"type":"LOG","log":{"level":"INFO","message":"INFO i.a.w.i.DefaultAirbyteStreamFactory(internalLog):159 INFO i.a.i.s.p.PostgresSource(logPreSyncDebugData):221 Discovering indexes for schema \"test\", table \"test_3_char\""}}
{"type":"LOG","log":{"level":"INFO","message":"INFO i.a.w.i.DefaultAirbyteStreamFactory(internalLog):159 INFO i.a.i.s.p.PostgresSource(logPreSyncDebugData):223 Index name: test_3_char_pkey, Column: id, Unique: true"}}
{"type":"LOG","log":{"level":"INFO","message":"INFO i.a.w.i.DefaultAirbyteStreamFactory(internalLog):159 INFO i.a.i.s.p.PostgresSource(logPreSyncDebugData):221 Discovering indexes for schema \"test\", table \"test_4_char\""}}
{"type":"LOG","log":{"level":"INFO","message":"INFO i.a.w.i.DefaultAirbyteStreamFactory(internalLog):159 INFO i.a.i.s.p.PostgresSource(logPreSyncDebugData):223 Index name: test_4_char_pkey, Column: id, Unique: true"}}
{"type":"LOG","log":{"level":"INFO","message":"INFO i.a.w.i.DefaultAirbyteStreamFactory(internalLog):159 INFO i.a.i.s.p.PostgresSource(logPreSyncDebugData):221 Discovering indexes for schema \"test\", table \"test_3_character\""}}
{"type":"LOG","log":{"level":"INFO","message":"INFO i.a.w.i.DefaultAirbyteStreamFactory(internalLog):159 INFO i.a.i.s.p.PostgresSource(logPreSyncDebugData):223 Index name: test_3_character_pkey, Column: id, Unique: true"}}
{"type":"LOG","log":{"level":"INFO","message":"INFO i.a.w.i.DefaultAirbyteStreamFactory(internalLog):159 INFO i.a.i.s.p.PostgresSource(logPreSyncDebugData):221 Discovering indexes for schema \"test\", table \"test_4_character\""}}
{"type":"LOG","log":{"level":"INFO","message":"INFO i.a.w.i.DefaultAirbyteStreamFactory(internalLog):159 INFO i.a.i.s.p.PostgresSource(logPreSyncDebugData):223 Index name: test_4_character_pkey, Column: id, Unique: true"}}
{"type":"LOG","log":{"level":"INFO","message":"INFO i.a.w.i.DefaultAirbyteStreamFactory(internalLog):159 INFO i.a.i.s.p.PostgresSource(logPreSyncDebugData):221 Discovering indexes for schema \"test\", table \"test_2_text\""}}
{"type":"LOG","log":{"level":"INFO","message":"INFO i.a.w.i.DefaultAirbyteStreamFactory(internalLog):159 INFO i.a.i.s.p.PostgresSource(logPreSyncDebugData):223 Index name: test_2_text_pkey, Column: id, Unique: true"}}
{"type":"LOG","log":{"level":"INFO","message":"INFO i.a.w.i.DefaultAirbyteStreamFactory(internalLog):159 INFO i.a.i.s.p.PostgresSource(logPreSyncDebugData):221 Discovering indexes for schema \"test\", table \"test_3_varchar\""}}
{"type":"LOG","log":{"level":"INFO","message":"INFO i.a.w.i.DefaultAirbyteStreamFactory(internalLog):159 INFO i.a.i.s.p.PostgresSource(logPreSyncDebugData):223 Index name: test_3_varchar_pkey, Column: id, Unique: true"}}
{"type":"LOG","log":{"level":"INFO","message":"INFO i.a.w.i.DefaultAirbyteStreamFactory(internalLog):159 INFO i.a.i.s.p.PostgresSource(logPreSyncDebugData):221 Discovering indexes for schema \"test\", table \"test_4_varchar\""}}
{"type":"LOG","log":{"level":"INFO","message":"INFO i.a.w.i.DefaultAirbyteStreamFactory(internalLog):159 INFO i.a.i.s.p.PostgresSource(logPreSyncDebugData):223 Index name: test_4_varchar_pkey, Column: id, Unique: true"}}
{"type":"LOG","log":{"level":"INFO","message":"INFO i.a.w.i.DefaultAirbyteStreamFactory(internalLog):159 INFO i.a.i.s.p.PostgresSource(logPreSyncDebugData):221 Discovering indexes for schema \"test\", table \"test_2_cidr\""}}
{"type":"LOG","log":{"level":"INFO","message":"INFO i.a.w.i.DefaultAirbyteStreamFactory(internalLog):159 INFO i.a.i.s.p.PostgresSource(logPreSyncDebugData):223 Index name: test_2_cidr_pkey, Column: id, Unique: true"}}
{"type":"LOG","log":{"level":"INFO","message":"INFO i.a.w.i.DefaultAirbyteStreamFactory(internalLog):159 INFO i.a.i.s.p.PostgresSource(logPreSyncDebugData):221 Discovering indexes for schema \"test\", table \"test_2_circle\""}}
{"type":"LOG","log":{"level":"INFO","message":"INFO i.a.w.i.DefaultAirbyteStreamFactory(internalLog):159 INFO i.a.i.s.p.PostgresSource(logPreSyncDebugData):223 Index name: test_2_circle_pkey, Column: id, Unique: true"}}
{"type":"LOG","log":{"level":"INFO","message":"INFO i.a.w.i.DefaultAirbyteStreamFactory(internalLog):159 INFO i.a.i.s.p.PostgresSource(logPreSyncDebugData):221 Discovering indexes for schema \"test\", table \"test_4_date\""}}
{"type":"LOG","log":{"level":"INFO","message":"INFO i.a.w.i.DefaultAirbyteStreamFactory(internalLog):159 INFO i.a.i.s.p.PostgresSource(logPreSyncDebugData):223 Index name: test_4_date_pkey, Column: id, Unique: true"}}
{"type":"LOG","log":{"level":"INFO","message":"INFO i.a.w.i.DefaultAirbyteStreamFactory(internalLog):159 INFO i.a.i.s.p.PostgresSource(logPreSyncDebugData):221 Discovering indexes for schema \"test\", table \"test_5_date\""}}
{"type":"LOG","log":{"level":"INFO","message":"INFO i.a.w.i.DefaultAirbyteStreamFactory(internalLog):159 INFO i.a.i.s.p.PostgresSource(logPreSyncDebugData):223 Index name: test_5_date_pkey, Column: id, Unique: true"}}
{"type":"LOG","log":{"level":"INFO","message":"INFO i.a.w.i.DefaultAirbyteStreamFactory(internalLog):159 INFO i.a.i.s.p.PostgresSource(logPreSyncDebugData):221 Discovering indexes for schema \"test\", table \"test_6_date\""}}
{"type":"LOG","log":{"level":"INFO","message":"INFO i.a.w.i.DefaultAirbyteStreamFactory(internalLog):159 INFO i.a.i.s.p.PostgresSource(logPreSyncDebugData):223 Index name: test_6_date_pkey, Column: id, Unique: true"}}
{"type":"LOG","log":{"level":"INFO","message":"INFO i.a.w.i.DefaultAirbyteStreamFactory(internalLog):159 INFO i.a.i.s.p.PostgresSource(logPreSyncDebugData):221 Discovering indexes for schema \"test\", table \"test_2_float\""}}
{"type":"LOG","log":{"level":"INFO","message":"INFO i.a.w.i.DefaultAirbyteStreamFactory(internalLog):159 INFO i.a.i.s.p.PostgresSource(logPreSyncDebugData):223 Index name: test_2_float_pkey, Column: id, Unique: true"}}
{"type":"LOG","log":{"level":"INFO","message":"INFO i.a.w.i.DefaultAirbyteStreamFactory(internalLog):159 INFO i.a.i.s.p.PostgresSource(logPreSyncDebugData):221 Discovering indexes for schema \"test\", table \"test_2_double_precision\""}}
{"type":"LOG","log":{"level":"INFO","message":"INFO i.a.w.i.DefaultAirbyteStreamFactory(internalLog):159 INFO i.a.i.s.p.PostgresSource(logPreSyncDebugData):223 Index name: test_2_double_precision_pkey, Column: id, Unique: true"}}
{"type":"LOG","log":{"level":"INFO","message":"INFO i.a.w.i.DefaultAirbyteStreamFactory(internalLog):159 INFO i.a.i.s.p.PostgresSource(logPreSyncDebugData):221 Discovering indexes for schema \"test\", table \"test_2_float8\""}}
{"type":"LOG","log":{"level":"INFO","message":"INFO i.a.w.i.DefaultAirbyteStreamFactory(internalLog):159 INFO i.a.i.s.p.PostgresSource(logPreSyncDebugData):223 Index name: test_2_float8_pkey, Column: id, Unique: true"}}
{"type":"LOG","log":{"level":"INFO","message":"INFO i.a.w.i.DefaultAirbyteStreamFactory(internalLog):159 INFO i.a.i.s.p.PostgresSource(logPreSyncDebugData):221 Discovering indexes for schema \"test\", table \"test_2_inet\""}}
{"type":"LOG","log":{"level":"INFO","message":"INFO i.a.w.i.DefaultAirbyteStreamFactory(internalLog):159 INFO i.a.i.s.p.PostgresSource(logPreSyncDebugData):223 Index name: test_2_inet_pkey, Column: id, Unique: true"}}
{"type":"LOG","log":{"level":"INFO","message":"INFO i.a.w.i.DefaultAirbyteStreamFactory(internalLog):159 INFO i.a.i.s.p.PostgresSource(logPreSyncDebugData):221 Discovering indexes for schema \"test\", table \"test_2_int4\""}}
{"type":"LOG","log":{"level":"INFO","message":"INFO i.a.w.i.DefaultAirbyteStreamFactory(internalLog):159 INFO i.a.i.s.p.PostgresSource(logPreSyncDebugData):223 Index name: test_2_int4_pkey, Column: id, Unique: true"}}
{"type":"LOG","log":{"level":"INFO","message":"INFO i.a.w.i.DefaultAirbyteStreamFactory(internalLog):159 INFO i.a.i.s.p.PostgresSource(logPreSyncDebugData):221 Discovering indexes for schema \"test\", table \"test_2_int\""}}
{"type":"LOG","log":{"level":"INFO","message":"INFO i.a.w.i.DefaultAirbyteStreamFactory(internalLog):159 INFO i.a.i.s.p.PostgresSource(logPreSyncDebugData):223 Index name: test_2_int_pkey, Column: id, Unique: true"}}
{"type":"LOG","log":{"level":"INFO","message":"INFO i.a.w.i.DefaultAirbyteStreamFactory(internalLog):159 INFO i.a.i.s.p.PostgresSource(logPreSyncDebugData):221 Discovering indexes for schema \"test\", table \"test_2_integer\""}}
{"type":"LOG","log":{"level":"INFO","message":"INFO i.a.w.i.DefaultAirbyteStreamFactory(internalLog):159 INFO i.a.i.s.p.PostgresSource(logPreSyncDebugData):223 Index name: test_2_integer_pkey, Column: id, Unique: true"}}
{"type":"LOG","log":{"level":"INFO","message":"INFO i.a.w.i.DefaultAirbyteStreamFactory(internalLog):159 INFO i.a.i.s.p.PostgresSource(logPreSyncDebugData):221 Discovering indexes for schema \"test\", table \"test_2_interval\""}}
{"type":"LOG","log":{"level":"INFO","message":"INFO i.a.w.i.DefaultAirbyteStreamFactory(internalLog):159 INFO i.a.i.s.p.PostgresSource(logPreSyncDebugData):223 Index name: test_2_interval_pkey, Column: id, Unique: true"}}
{"type":"LOG","log":{"level":"INFO","message":"INFO i.a.w.i.DefaultAirbyteStreamFactory(internalLog):159 INFO i.a.i.s.p.PostgresSource(logPreSyncDebugData):221 Discovering indexes for schema \"test\", table \"test_2_json\""}}
{"type":"LOG","log":{"level":"INFO","message":"INFO i.a.w.i.DefaultAirbyteStreamFactory(internalLog):159 INFO i.a.i.s.p.PostgresSource(logPreSyncDebugData):223 Index name: test_2_json_pkey, Column: id, Unique: true"}}
{"type":"LOG","log":{"level":"INFO","message":"INFO i.a.w.i.DefaultAirbyteStreamFactory(internalLog):159 INFO i.a.i.s.p.PostgresSource(logPreSyncDebugData):221 Discovering indexes for schema \"test\", table \"test_2_jsonb\""}}
{"type":"LOG","log":{"level":"INFO","message":"INFO i.a.w.i.DefaultAirbyteStreamFactory(internalLog):159 INFO i.a.i.s.p.PostgresSource(logPreSyncDebugData):223 Index name: test_2_jsonb_pkey, Column: id, Unique: true"}}
{"type":"LOG","log":{"level":"INFO","message":"INFO i.a.w.i.DefaultAirbyteStreamFactory(internalLog):159 INFO i.a.i.s.p.PostgresSource(logPreSyncDebugData):221 Discovering indexes for schema \"test\", table \"test_2_line\""}}
{"type":"LOG","log":{"level":"INFO","message":"INFO i.a.w.i.DefaultAirbyteStreamFactory(internalLog):159 INFO i.a.i.s.p.PostgresSource(logPreSyncDebugData):223 Index name: test_2_line_pkey, Column: id, Unique: true"}}
{"type":"LOG","log":{"level":"INFO","message":"INFO i.a.w.i.DefaultAirbyteStreamFactory(internalLog):159 INFO i.a.i.s.p.PostgresSource(logPreSyncDebugData):221 Discovering indexes for schema \"test\", table \"test_2_lseg\""}}
{"type":"LOG","log":{"level":"INFO","message":"INFO i.a.w.i.DefaultAirbyteStreamFactory(internalLog):159 INFO i.a.i.s.p.PostgresSource(logPreSyncDebugData):223 Index name: test_2_lseg_pkey, Column: id, Unique: true"}}
{"type":"LOG","log":{"level":"INFO","message":"INFO i.a.w.i.DefaultAirbyteStreamFactory(internalLog):159 INFO i.a.i.s.p.PostgresSource(logPreSyncDebugData):221 Discovering indexes for schema \"test\", table \"test_2_macaddr\""}}
{"type":"LOG","log":{"level":"INFO","message":"INFO i.a.w.i.DefaultAirbyteStreamFactory(internalLog):159 INFO i.a.i.s.p.PostgresSource(logPreSyncDebugData):223 Index name: test_2_macaddr_pkey, Column: id, Unique: true"}}
{"type":"LOG","log":{"level":"INFO","message":"INFO i.a.w.i.DefaultAirbyteStreamFactory(internalLog):159 INFO i.a.i.s.p.PostgresSource(logPreSyncDebugData):221 Discovering indexes for schema \"test\", table \"test_2_macaddr8\""}}
{"type":"LOG","log":{"level":"INFO","message":"INFO i.a.w.i.DefaultAirbyteStreamFactory(internalLog):159 INFO i.a.i.s.p.PostgresSource(logPreSyncDebugData):223 Index name: test_2_macaddr8_pkey, Column: id, Unique: true"}}
{"type":"LOG","log":{"level":"INFO","message":"INFO i.a.w.i.DefaultAirbyteStreamFactory(internalLog):159 INFO i.a.i.s.p.PostgresSource(logPreSyncDebugData):221 Discovering indexes for schema \"test\", table \"test_6_numeric\""}}
{"type":"LOG","log":{"level":"INFO","message":"INFO i.a.w.i.DefaultAirbyteStreamFactory(internalLog):159 INFO i.a.i.s.p.PostgresSource(logPreSyncDebugData):223 Index name: test_6_numeric_pkey, Column: id, Unique: true"}}
{"type":"LOG","log":{"level":"INFO","message":"INFO i.a.w.i.DefaultAirbyteStreamFactory(internalLog):159 INFO i.a.i.s.p.PostgresSource(logPreSyncDebugData):221 Discovering indexes for schema \"test\", table \"test_7_numeric\""}}
{"type":"LOG","log":{"level":"INFO","message":"INFO i.a.w.i.DefaultAirbyteStreamFactory(internalLog):159 INFO i.a.i.s.p.PostgresSource(logPreSyncDebugData):223 Index name: test_7_numeric_pkey, Column: id, Unique: true"}}
{"type":"LOG","log":{"level":"INFO","message":"INFO i.a.w.i.DefaultAirbyteStreamFactory(internalLog):159 INFO i.a.i.s.p.PostgresSource(logPreSyncDebugData):221 Discovering indexes for schema \"test\", table \"test_8_numeric\""}}
{"type":"LOG","log":{"level":"INFO","message":"INFO i.a.w.i.DefaultAirbyteStreamFactory(internalLog):159 INFO i.a.i.s.p.PostgresSource(logPreSyncDebugData):223 Index name: test_8_numeric_pkey, Column: id, Unique: true"}}
{"type":"LOG","log":{"level":"INFO","message":"INFO i.a.w.i.DefaultAirbyteStreamFactory(internalLog):159 INFO i.a.i.s.p.PostgresSource(logPreSyncDebugData):221 Discovering indexes for schema \"test\", table \"test_9_numeric\""}}
{"type":"LOG","log":{"level":"INFO","message":"INFO i.a.w.i.DefaultAirbyteStreamFactory(internalLog):159 INFO i.a.i.s.p.PostgresSource(logPreSyncDebugData):223 Index name: test_9_numeric_pkey, Column: id, Unique: true"}}
{"type":"LOG","log":{"level":"INFO","message":"INFO i.a.w.i.DefaultAirbyteStreamFactory(internalLog):159 INFO i.a.i.s.p.PostgresSource(logPreSyncDebugData):221 Discovering indexes for schema \"test\", table \"test_2_decimal\""}}
{"type":"LOG","log":{"level":"INFO","message":"INFO i.a.w.i.DefaultAirbyteStreamFactory(internalLog):159 INFO i.a.i.s.p.PostgresSource(logPreSyncDebugData):223 Index name: test_2_decimal_pkey, Column: id, Unique: true"}}
{"type":"LOG","log":{"level":"INFO","message":"INFO i.a.w.i.DefaultAirbyteStreamFactory(internalLog):159 INFO i.a.i.s.p.PostgresSource(logPreSyncDebugData):221 Discovering indexes for schema \"test\", table \"test_10_numeric\""}}
{"type":"LOG","log":{"level":"INFO","message":"INFO i.a.w.i.DefaultAirbyteStreamFactory(internalLog):159 INFO i.a.i.s.p.PostgresSource(logPreSyncDebugData):223 Index name: test_10_numeric_pkey, Column: id, Unique: true"}}
{"type":"LOG","log":{"level":"INFO","message":"INFO i.a.w.i.DefaultAirbyteStreamFactory(internalLog):159 INFO i.a.i.s.p.PostgresSource(logPreSyncDebugData):221 Discovering indexes for schema \"test\", table \"test_2_path\""}}
{"type":"LOG","log":{"level":"INFO","message":"INFO i.a.w.i.DefaultAirbyteStreamFactory(internalLog):159 INFO i.a.i.s.p.PostgresSource(logPreSyncDebugData):223 Index name: test_2_path_pkey, Column: id, Unique: true"}}
{"type":"LOG","log":{"level":"INFO","message":"INFO i.a.w.i.DefaultAirbyteStreamFactory(internalLog):159 INFO i.a.i.s.p.PostgresSource(logPreSyncDebugData):221 Discovering indexes for schema \"test\", table \"test_2_pg_lsn\""}}
{"type":"LOG","log":{"level":"INFO","message":"INFO i.a.w.i.DefaultAirbyteStreamFactory(internalLog):159 INFO i.a.i.s.p.PostgresSource(logPreSyncDebugData):223 Index name: test_2_pg_lsn_pkey, Column: id, Unique: true"}}
{"type":"LOG","log":{"level":"INFO","message":"INFO i.a.w.i.DefaultAirbyteStreamFactory(internalLog):159 INFO i.a.i.s.p.PostgresSource(logPreSyncDebugData):221 Discovering indexes for schema \"test\", table \"test_2_point\""}}
{"type":"LOG","log":{"level":"INFO","message":"INFO i.a.w.i.DefaultAirbyteStreamFactory(internalLog):159 INFO i.a.i.s.p.PostgresSource(logPreSyncDebugData):223 Index name: test_2_point_pkey, Column: id, Unique: true"}}
{"type":"LOG","log":{"level":"INFO","message":"INFO i.a.w.i.DefaultAirbyteStreamFactory(internalLog):159 INFO i.a.i.s.p.PostgresSource(logPreSyncDebugData):221 Discovering indexes for schema \"test\", table \"test_2_polygon\""}}
{"type":"LOG","log":{"level":"INFO","message":"INFO i.a.w.i.DefaultAirbyteStreamFactory(internalLog):159 INFO i.a.i.s.p.PostgresSource(logPreSyncDebugData):223 Index name: test_2_polygon_pkey, Column: id, Unique: true"}}
{"type":"LOG","log":{"level":"INFO","message":"INFO i.a.w.i.DefaultAirbyteStreamFactory(internalLog):159 INFO i.a.i.s.p.PostgresSource(logPreSyncDebugData):221 Discovering indexes for schema \"test\", table \"test_2_float4\""}}
{"type":"LOG","log":{"level":"INFO","message":"INFO i.a.w.i.DefaultAirbyteStreamFactory(internalLog):159 INFO i.a.i.s.p.PostgresSource(logPreSyncDebugData):223 Index name: test_2_float4_pkey, Column: id, Unique: true"}}
{"type":"LOG","log":{"level":"INFO","message":"INFO i.a.w.i.DefaultAirbyteStreamFactory(internalLog):159 INFO i.a.i.s.p.PostgresSource(logPreSyncDebugData):221 Discovering indexes for schema \"test\", table \"test_2_real\""}}
{"type":"LOG","log":{"level":"INFO","message":"INFO i.a.w.i.DefaultAirbyteStreamFactory(internalLog):159 INFO i.a.i.s.p.PostgresSource(logPreSyncDebugData):223 Index name: test_2_real_pkey, Column: id, Unique: true"}}
{"type":"LOG","log":{"level":"INFO","message":"INFO i.a.w.i.DefaultAirbyteStreamFactory(internalLog):159 INFO i.a.i.s.p.PostgresSource(logPreSyncDebugData):221 Discovering indexes for schema \"test\", table \"test_2_int2\""}}
{"type":"LOG","log":{"level":"INFO","message":"INFO i.a.w.i.DefaultAirbyteStreamFactory(internalLog):159 INFO i.a.i.s.p.PostgresSource(logPreSyncDebugData):223 Index name: test_2_int2_pkey, Column: id, Unique: true"}}
{"type":"LOG","log":{"level":"INFO","message":"INFO i.a.w.i.DefaultAirbyteStreamFactory(internalLog):159 INFO i.a.i.s.p.PostgresSource(logPreSyncDebugData):221 Discovering indexes for schema \"test\", table \"test_2_smallint\""}}
{"type":"LOG","log":{"level":"INFO","message":"INFO i.a.w.i.DefaultAirbyteStreamFactory(internalLog):159 INFO i.a.i.s.p.PostgresSource(logPreSyncDebugData):223 Index name: test_2_smallint_pkey, Column: id, Unique: true"}}
{"type":"LOG","log":{"level":"INFO","message":"INFO i.a.w.i.DefaultAirbyteStreamFactory(internalLog):159 INFO i.a.i.s.p.PostgresSource(logPreSyncDebugData):221 Discovering indexes for schema \"test\", table \"test_2_serial2\""}}
{"type":"LOG","log":{"level":"INFO","message":"INFO i.a.w.i.DefaultAirbyteStreamFactory(internalLog):159 INFO i.a.i.s.p.PostgresSource(logPreSyncDebugData):223 Index name: test_2_serial2_pkey, Column: id, Unique: true"}}
{"type":"LOG","log":{"level":"INFO","message":"INFO i.a.w.i.DefaultAirbyteStreamFactory(internalLog):159 INFO i.a.i.s.p.PostgresSource(logPreSyncDebugData):221 Discovering indexes for schema \"test\", table \"test_2_smallserial\""}}
{"type":"LOG","log":{"level":"INFO","message":"INFO i.a.w.i.DefaultAirbyteStreamFactory(internalLog):159 INFO i.a.i.s.p.PostgresSource(logPreSyncDebugData):223 Index name: test_2_smallserial_pkey, Column: id, Unique: true"}}
{"type":"LOG","log":{"level":"INFO","message":"INFO i.a.w.i.DefaultAirbyteStreamFactory(internalLog):159 INFO i.a.i.s.p.PostgresSource(logPreSyncDebugData):221 Discovering indexes for schema \"test\", table \"test_2_serial4\""}}
{"type":"LOG","log":{"level":"INFO","message":"INFO i.a.w.i.DefaultAirbyteStreamFactory(internalLog):159 INFO i.a.i.s.p.PostgresSource(logPreSyncDebugData):223 Index name: test_2_serial4_pkey, Column: id, Unique: true"}}
{"type":"LOG","log":{"level":"INFO","message":"INFO i.a.w.i.DefaultAirbyteStreamFactory(internalLog):159 INFO i.a.i.s.p.PostgresSource(logPreSyncDebugData):221 Discovering indexes for schema \"test\", table \"test_2_serial\""}}
{"type":"LOG","log":{"level":"INFO","message":"INFO i.a.w.i.DefaultAirbyteStreamFactory(internalLog):159 INFO i.a.i.s.p.PostgresSource(logPreSyncDebugData):223 Index name: test_2_serial_pkey, Column: id, Unique: true"}}
{"type":"LOG","log":{"level":"INFO","message":"INFO i.a.w.i.DefaultAirbyteStreamFactory(internalLog):159 INFO i.a.i.s.p.PostgresSource(logPreSyncDebugData):221 Discovering indexes for schema \"test\", table \"test_6_time\""}}
{"type":"LOG","log":{"level":"INFO","message":"INFO i.a.w.i.DefaultAirbyteStreamFactory(internalLog):159 INFO i.a.i.s.p.PostgresSource(logPreSyncDebugData):223 Index name: test_6_time_pkey, Column: id, Unique: true"}}
{"type":"LOG","log":{"level":"INFO","message":"INFO i.a.w.i.DefaultAirbyteStreamFactory(internalLog):159 INFO i.a.i.s.p.PostgresSource(logPreSyncDebugData):221 Discovering indexes for schema \"test\", table \"test_7_time\""}}
{"type":"LOG","log":{"level":"INFO","message":"INFO i.a.w.i.DefaultAirbyteStreamFactory(internalLog):159 INFO i.a.i.s.p.PostgresSource(logPreSyncDebugData):223 Index name: test_7_time_pkey, Column: id, Unique: true"}}
{"type":"LOG","log":{"level":"INFO","message":"INFO i.a.w.i.DefaultAirbyteStreamFactory(internalLog):159 INFO i.a.i.s.p.PostgresSource(logPreSyncDebugData):221 Discovering indexes for schema \"test\", table \"test_8_time\""}}
{"type":"LOG","log":{"level":"INFO","message":"INFO i.a.w.i.DefaultAirbyteStreamFactory(internalLog):159 INFO i.a.i.s.p.PostgresSource(logPreSyncDebugData):223 Index name: test_8_time_pkey, Column: id, Unique: true"}}
{"type":"LOG","log":{"level":"INFO","message":"INFO i.a.w.i.DefaultAirbyteStreamFactory(internalLog):159 INFO i.a.i.s.p.PostgresSource(logPreSyncDebugData):221 Discovering indexes for schema \"test\", table \"test_9_time\""}}
{"type":"LOG","log":{"level":"INFO","message":"INFO i.a.w.i.DefaultAirbyteStreamFactory(internalLog):159 INFO i.a.i.s.p.PostgresSource(logPreSyncDebugData):223 Index name: test_9_time_pkey, Column: id, Unique: true"}}
{"type":"LOG","log":{"level":"INFO","message":"INFO i.a.w.i.DefaultAirbyteStreamFactory(internalLog):159 INFO i.a.i.s.p.PostgresSource(logPreSyncDebugData):221 Discovering indexes for schema \"test\", table \"test_10_time\""}}
{"type":"LOG","log":{"level":"INFO","message":"INFO i.a.w.i.DefaultAirbyteStreamFactory(internalLog):159 INFO i.a.i.s.p.PostgresSource(logPreSyncDebugData):223 Index name: test_10_time_pkey, Column: id, Unique: true"}}
{"type":"LOG","log":{"level":"INFO","message":"INFO i.a.w.i.DefaultAirbyteStreamFactory(internalLog):159 INFO i.a.i.s.p.PostgresSource(logPreSyncDebugData):221 Discovering indexes for schema \"test\", table \"test_9_timestamp\""}}
{"type":"LOG","log":{"level":"INFO","message":"INFO i.a.w.i.DefaultAirbyteStreamFactory(internalLog):159 INFO i.a.i.s.p.PostgresSource(logPreSyncDebugData):223 Index name: test_9_timestamp_pkey, Column: id, Unique: true"}}
{"type":"LOG","log":{"level":"INFO","message":"INFO i.a.w.i.DefaultAirbyteStreamFactory(internalLog):159 INFO i.a.i.s.p.PostgresSource(logPreSyncDebugData):221 Discovering indexes for schema \"test\", table \"test_10_timestamp\""}}
{"type":"LOG","log":{"level":"INFO","message":"INFO i.a.w.i.DefaultAirbyteStreamFactory(internalLog):159 INFO i.a.i.s.p.PostgresSource(logPreSyncDebugData):223 Index name: test_10_timestamp_pkey, Column: id, Unique: true"}}
{"type":"LOG","log":{"level":"INFO","message":"INFO i.a.w.i.DefaultAirbyteStreamFactory(internalLog):159 INFO i.a.i.s.p.PostgresSource(logPreSyncDebugData):221 Discovering indexes for schema \"test\", table \"test_11_timestamp\""}}
{"type":"LOG","log":{"level":"INFO","message":"INFO i.a.w.i.DefaultAirbyteStreamFactory(internalLog):159 INFO i.a.i.s.p.PostgresSource(logPreSyncDebugData):223 Index name: test_11_timestamp_pkey, Column: id, Unique: true"}}
{"type":"LOG","log":{"level":"INFO","message":"INFO i.a.w.i.DefaultAirbyteStreamFactory(internalLog):159 INFO i.a.i.s.p.PostgresSource(logPreSyncDebugData):221 Discovering indexes for schema \"test\", table \"test_12_timestamp\""}}
{"type":"LOG","log":{"level":"INFO","message":"INFO i.a.w.i.DefaultAirbyteStreamFactory(internalLog):159 INFO i.a.i.s.p.PostgresSource(logPreSyncDebugData):223 Index name: test_12_timestamp_pkey, Column: id, Unique: true"}}
{"type":"LOG","log":{"level":"INFO","message":"INFO i.a.w.i.DefaultAirbyteStreamFactory(internalLog):159 INFO i.a.i.s.p.PostgresSource(logPreSyncDebugData):221 Discovering indexes for schema \"test\", table \"test_13_timestamp\""}}
{"type":"LOG","log":{"level":"INFO","message":"INFO i.a.w.i.DefaultAirbyteStreamFactory(internalLog):159 INFO i.a.i.s.p.PostgresSource(logPreSyncDebugData):223 Index name: test_13_timestamp_pkey, Column: id, Unique: true"}}
{"type":"LOG","log":{"level":"INFO","message":"INFO i.a.w.i.DefaultAirbyteStreamFactory(internalLog):159 INFO i.a.i.s.p.PostgresSource(logPreSyncDebugData):221 Discovering indexes for schema \"test\", table \"test_14_timestamp\""}}
{"type":"LOG","log":{"level":"INFO","message":"INFO i.a.w.i.DefaultAirbyteStreamFactory(internalLog):159 INFO i.a.i.s.p.PostgresSource(logPreSyncDebugData):223 Index name: test_14_timestamp_pkey, Column: id, Unique: true"}}
{"type":"LOG","log":{"level":"INFO","message":"INFO i.a.w.i.DefaultAirbyteStreamFactory(internalLog):159 INFO i.a.i.s.p.PostgresSource(logPreSyncDebugData):221 Discovering indexes for schema \"test\", table \"test_15_timestamp\""}}
{"type":"LOG","log":{"level":"INFO","message":"INFO i.a.w.i.DefaultAirbyteStreamFactory(internalLog):159 INFO i.a.i.s.p.PostgresSource(logPreSyncDebugData):223 Index name: test_15_timestamp_pkey, Column: id, Unique: true"}}
{"type":"LOG","log":{"level":"INFO","message":"INFO i.a.w.i.DefaultAirbyteStreamFactory(internalLog):159 INFO i.a.i.s.p.PostgresSource(logPreSyncDebugData):221 Discovering indexes for schema \"test\", table \"test_16_timestamp\""}}
{"type":"LOG","log":{"level":"INFO","message":"INFO i.a.w.i.DefaultAirbyteStreamFactory(internalLog):159 INFO i.a.i.s.p.PostgresSource(logPreSyncDebugData):223 Index name: test_16_timestamp_pkey, Column: id, Unique: true"}}
{"type":"LOG","log":{"level":"INFO","message":"INFO i.a.w.i.DefaultAirbyteStreamFactory(internalLog):159 INFO i.a.i.s.p.PostgresSource(logPreSyncDebugData):221 Discovering indexes for schema \"test\", table \"test_3_timestamptz\""}}
{"type":"LOG","log":{"level":"INFO","message":"INFO i.a.w.i.DefaultAirbyteStreamFactory(internalLog):159 INFO i.a.i.s.p.PostgresSource(logPreSyncDebugData):223 Index name: test_3_timestamptz_pkey, Column: id, Unique: true"}}
{"type":"LOG","log":{"level":"INFO","message":"INFO i.a.w.i.DefaultAirbyteStreamFactory(internalLog):159 INFO i.a.i.s.p.PostgresSource(logPreSyncDebugData):221 Discovering indexes for schema \"test\", table \"test_4_timestamptz\""}}
{"type":"LOG","log":{"level":"INFO","message":"INFO i.a.w.i.DefaultAirbyteStreamFactory(internalLog):159 INFO i.a.i.s.p.PostgresSource(logPreSyncDebugData):223 Index name: test_4_timestamptz_pkey, Column: id, Unique: true"}}
{"type":"LOG","log":{"level":"INFO","message":"INFO i.a.w.i.DefaultAirbyteStreamFactory(internalLog):159 INFO i.a.i.s.p.PostgresSource(logPreSyncDebugData):221 Discovering indexes for schema \"test\", table \"test_2_tsquery\""}}
{"type":"LOG","log":{"level":"INFO","message":"INFO i.a.w.i.DefaultAirbyteStreamFactory(internalLog):159 INFO i.a.i.s.p.PostgresSource(logPreSyncDebugData):223 Index name: test_2_tsquery_pkey, Column: id, Unique: true"}}
{"type":"LOG","log":{"level":"INFO","message":"INFO i.a.w.i.DefaultAirbyteStreamFactory(internalLog):159 INFO i.a.i.s.p.PostgresSource(logPreSyncDebugData):221 Discovering indexes for schema \"test\", table \"test_2_tsvector\""}}
{"type":"LOG","log":{"level":"INFO","message":"INFO i.a.w.i.DefaultAirbyteStreamFactory(internalLog):159 INFO i.a.i.s.p.PostgresSource(logPreSyncDebugData):223 Index name: test_2_tsvector_pkey, Column: id, Unique: true"}}
{"type":"LOG","log":{"level":"INFO","message":"INFO i.a.w.i.DefaultAirbyteStreamFactory(internalLog):159 INFO i.a.i.s.p.PostgresSource(logPreSyncDebugData):221 Discovering indexes for schema \"test\", table \"test_2_uuid\""}}
{"type":"LOG","log":{"level":"INFO","message":"INFO i.a.w.i.DefaultAirbyteStreamFactory(internalLog):159 INFO i.a.i.s.p.PostgresSource(logPreSyncDebugData):223 Index name: test_2_uuid_pkey, Column: id, Unique: true"}}
{"type":"LOG","log":{"level":"INFO","message":"INFO i.a.w.i.DefaultAirbyteStreamFactory(internalLog):159 INFO i.a.i.s.p.PostgresSource(logPreSyncDebugData):221 Discovering indexes for schema \"test\", table \"test_2_xml\""}}
{"type":"LOG","log":{"level":"INFO","message":"INFO i.a.w.i.DefaultAirbyteStreamFactory(internalLog):159 INFO i.a.i.s.p.PostgresSource(logPreSyncDebugData):223 Index name: test_2_xml_pkey, Column: id, Unique: true"}}
{"type":"LOG","log":{"level":"INFO","message":"INFO i.a.w.i.DefaultAirbyteStreamFactory(internalLog):159 INFO i.a.i.s.p.PostgresSource(logPreSyncDebugData):221 Discovering indexes for schema \"test\", table \"test_2_mood\""}}
{"type":"LOG","log":{"level":"INFO","message":"INFO i.a.w.i.DefaultAirbyteStreamFactory(internalLog):159 INFO i.a.i.s.p.PostgresSource(logPreSyncDebugData):223 Index name: test_2_mood_pkey, Column: id, Unique: true"}}
{"type":"LOG","log":{"level":"INFO","message":"INFO i.a.w.i.DefaultAirbyteStreamFactory(internalLog):159 INFO i.a.i.s.p.PostgresSource(logPreSyncDebugData):221 Discovering indexes for schema \"test\", table \"test_2_tsrange\""}}
{"type":"LOG","log":{"level":"INFO","message":"INFO i.a.w.i.DefaultAirbyteStreamFactory(internalLog):159 INFO i.a.i.s.p.PostgresSource(logPreSyncDebugData):223 Index name: test_2_tsrange_pkey, Column: id, Unique: true"}}
{"type":"LOG","log":{"level":"INFO","message":"INFO i.a.w.i.DefaultAirbyteStreamFactory(internalLog):159 INFO i.a.i.s.p.PostgresSource(logPreSyncDebugData):221 Discovering indexes for schema \"test\", table \"test_2_inventory_item\""}}
{"type":"LOG","log":{"level":"INFO","message":"INFO i.a.w.i.DefaultAirbyteStreamFactory(internalLog):159 INFO i.a.i.s.p.PostgresSource(logPreSyncDebugData):223 Index name: test_2_inventory_item_pkey, Column: id, Unique: true"}}
{"type":"LOG","log":{"level":"INFO","message":"INFO i.a.w.i.DefaultAirbyteStreamFactory(internalLog):159 INFO i.a.i.s.p.PostgresSource(logPreSyncDebugData):221 Discovering indexes for schema \"test\", table \"test_2_hstore\""}}
{"type":"LOG","log":{"level":"INFO","message":"INFO i.a.w.i.DefaultAirbyteStreamFactory(internalLog):159 INFO i.a.i.s.p.PostgresSource(logPreSyncDebugData):223 Index name: test_2_hstore_pkey, Column: id, Unique: true"}}
{"type":"LOG","log":{"level":"INFO","message":"INFO i.a.w.i.DefaultAirbyteStreamFactory(internalLog):159 INFO i.a.i.s.p.PostgresSource(logPreSyncDebugData):221 Discovering indexes for schema \"test\", table \"test_3_timetz\""}}
{"type":"LOG","log":{"level":"INFO","message":"INFO i.a.w.i.DefaultAirbyteStreamFactory(internalLog):159 INFO i.a.i.s.p.PostgresSource(logPreSyncDebugData):223 Index name: test_3_timetz_pkey, Column: id, Unique: true"}}
{"type":"LOG","log":{"level":"INFO","message":"INFO i.a.w.i.DefaultAirbyteStreamFactory(internalLog):159 INFO i.a.i.s.p.PostgresSource(logPreSyncDebugData):221 Discovering indexes for schema \"test\", table \"test_4_timetz\""}}
{"type":"LOG","log":{"level":"INFO","message":"INFO i.a.w.i.DefaultAirbyteStreamFactory(internalLog):159 INFO i.a.i.s.p.PostgresSource(logPreSyncDebugData):223 Index name: test_4_timetz_pkey, Column: id, Unique: true"}}
{"type":"LOG","log":{"level":"INFO","message":"INFO i.a.w.i.DefaultAirbyteStreamFactory(internalLog):159 INFO i.a.i.s.p.PostgresSource(logPreSyncDebugData):221 Discovering indexes for schema \"test\", table \"test_2_int2_array\""}}
{"type":"LOG","log":{"level":"INFO","message":"INFO i.a.w.i.DefaultAirbyteStreamFactory(internalLog):159 INFO i.a.i.s.p.PostgresSource(logPreSyncDebugData):223 Index name: test_2_int2_array_pkey, Column: id, Unique: true"}}
{"type":"LOG","log":{"level":"INFO","message":"INFO i.a.w.i.DefaultAirbyteStreamFactory(internalLog):159 INFO i.a.i.s.p.PostgresSource(logPreSyncDebugData):221 Discovering indexes for schema \"test\", table \"test_2_int4_array\""}}
{"type":"LOG","log":{"level":"INFO","message":"INFO i.a.w.i.DefaultAirbyteStreamFactory(internalLog):159 INFO i.a.i.s.p.PostgresSource(logPreSyncDebugData):223 Index name: test_2_int4_array_pkey, Column: id, Unique: true"}}
{"type":"LOG","log":{"level":"INFO","message":"INFO i.a.w.i.DefaultAirbyteStreamFactory(internalLog):159 INFO i.a.i.s.p.PostgresSource(logPreSyncDebugData):221 Discovering indexes for schema \"test\", table \"test_2_int8_array\""}}
{"type":"LOG","log":{"level":"INFO","message":"INFO i.a.w.i.DefaultAirbyteStreamFactory(internalLog):159 INFO i.a.i.s.p.PostgresSource(logPreSyncDebugData):223 Index name: test_2_int8_array_pkey, Column: id, Unique: true"}}
{"type":"LOG","log":{"level":"INFO","message":"INFO i.a.w.i.DefaultAirbyteStreamFactory(internalLog):159 INFO i.a.i.s.p.PostgresSource(logPreSyncDebugData):221 Discovering indexes for schema \"test\", table \"test_2_oid_array\""}}
{"type":"LOG","log":{"level":"INFO","message":"INFO i.a.w.i.DefaultAirbyteStreamFactory(internalLog):159 INFO i.a.i.s.p.PostgresSource(logPreSyncDebugData):223 Index name: test_2_oid_array_pkey, Column: id, Unique: true"}}
{"type":"LOG","log":{"level":"INFO","message":"INFO i.a.w.i.DefaultAirbyteStreamFactory(internalLog):159 INFO i.a.i.s.p.PostgresSource(logPreSyncDebugData):221 Discovering indexes for schema \"test\", table \"test_2_varchar_array\""}}
{"type":"LOG","log":{"level":"INFO","message":"INFO i.a.w.i.DefaultAirbyteStreamFactory(internalLog):159 INFO i.a.i.s.p.PostgresSource(logPreSyncDebugData):223 Index name: test_2_varchar_array_pkey, Column: id, Unique: true"}}
{"type":"LOG","log":{"level":"INFO","message":"INFO i.a.w.i.DefaultAirbyteStreamFactory(internalLog):159 INFO i.a.i.s.p.PostgresSource(logPreSyncDebugData):221 Discovering indexes for schema \"test\", table \"test_2_char_array\""}}
{"type":"LOG","log":{"level":"INFO","message":"INFO i.a.w.i.DefaultAirbyteStreamFactory(internalLog):159 INFO i.a.i.s.p.PostgresSource(logPreSyncDebugData):223 Index name: test_2_char_array_pkey, Column: id, Unique: true"}}
{"type":"LOG","log":{"level":"INFO","message":"INFO i.a.w.i.DefaultAirbyteStreamFactory(internalLog):159 INFO i.a.i.s.p.PostgresSource(logPreSyncDebugData):221 Discovering indexes for schema \"test\", table \"test_2_bpchar_array\""}}
{"type":"LOG","log":{"level":"INFO","message":"INFO i.a.w.i.DefaultAirbyteStreamFactory(internalLog):159 INFO i.a.i.s.p.PostgresSource(logPreSyncDebugData):223 Index name: test_2_bpchar_array_pkey, Column: id, Unique: true"}}
{"type":"LOG","log":{"level":"INFO","message":"INFO i.a.w.i.DefaultAirbyteStreamFactory(internalLog):159 INFO i.a.i.s.p.PostgresSource(logPreSyncDebugData):221 Discovering indexes for schema \"test\", table \"test_2_text_array\""}}
{"type":"LOG","log":{"level":"INFO","message":"INFO i.a.w.i.DefaultAirbyteStreamFactory(internalLog):159 INFO i.a.i.s.p.PostgresSource(logPreSyncDebugData):223 Index name: test_2_text_array_pkey, Column: id, Unique: true"}}
{"type":"LOG","log":{"level":"INFO","message":"INFO i.a.w.i.DefaultAirbyteStreamFactory(internalLog):159 INFO i.a.i.s.p.PostgresSource(logPreSyncDebugData):221 Discovering indexes for schema \"test\", table \"test_2_name_array\""}}
{"type":"LOG","log":{"level":"INFO","message":"INFO i.a.w.i.DefaultAirbyteStreamFactory(internalLog):159 INFO i.a.i.s.p.PostgresSource(logPreSyncDebugData):223 Index name: test_2_name_array_pkey, Column: id, Unique: true"}}
{"type":"LOG","log":{"level":"INFO","message":"INFO i.a.w.i.DefaultAirbyteStreamFactory(internalLog):159 INFO i.a.i.s.p.PostgresSource(logPreSyncDebugData):221 Discovering indexes for schema \"test\", table \"test_4_decimal_array\""}}
{"type":"LOG","log":{"level":"INFO","message":"INFO i.a.w.i.DefaultAirbyteStreamFactory(internalLog):159 INFO i.a.i.s.p.PostgresSource(logPreSyncDebugData):223 Index name: test_4_decimal_array_pkey, Column: id, Unique: true"}}
{"type":"LOG","log":{"level":"INFO","message":"INFO i.a.w.i.DefaultAirbyteStreamFactory(internalLog):159 INFO i.a.i.s.p.PostgresSource(logPreSyncDebugData):221 Discovering indexes for schema \"test\", table \"test_5_decimal_array\""}}
{"type":"LOG","log":{"level":"INFO","message":"INFO i.a.w.i.DefaultAirbyteStreamFactory(internalLog):159 INFO i.a.i.s.p.PostgresSource(logPreSyncDebugData):223 Index name: test_5_decimal_array_pkey, Column: id, Unique: true"}}
{"type":"LOG","log":{"level":"INFO","message":"INFO i.a.w.i.DefaultAirbyteStreamFactory(internalLog):159 INFO i.a.i.s.p.PostgresSource(logPreSyncDebugData):221 Discovering indexes for schema \"test\", table \"test_6_decimal_array\""}}
{"type":"LOG","log":{"level":"INFO","message":"INFO i.a.w.i.DefaultAirbyteStreamFactory(internalLog):159 INFO i.a.i.s.p.PostgresSource(logPreSyncDebugData):223 Index name: test_6_decimal_array_pkey, Column: id, Unique: true"}}
{"type":"LOG","log":{"level":"INFO","message":"INFO i.a.w.i.DefaultAirbyteStreamFactory(internalLog):159 INFO i.a.i.s.p.PostgresSource(logPreSyncDebugData):221 Discovering indexes for schema \"test\", table \"test_4_numeric_array\""}}
{"type":"LOG","log":{"level":"INFO","message":"INFO i.a.w.i.DefaultAirbyteStreamFactory(internalLog):159 INFO i.a.i.s.p.PostgresSource(logPreSyncDebugData):223 Index name: test_4_numeric_array_pkey, Column: id, Unique: true"}}
{"type":"LOG","log":{"level":"INFO","message":"INFO i.a.w.i.DefaultAirbyteStreamFactory(internalLog):159 INFO i.a.i.s.p.PostgresSource(logPreSyncDebugData):221 Discovering indexes for schema \"test\", table \"test_5_numeric_array\""}}
{"type":"LOG","log":{"level":"INFO","message":"INFO i.a.w.i.DefaultAirbyteStreamFactory(internalLog):159 INFO i.a.i.s.p.PostgresSource(logPreSyncDebugData):223 Index name: test_5_numeric_array_pkey, Column: id, Unique: true"}}
{"type":"LOG","log":{"level":"INFO","message":"INFO i.a.w.i.DefaultAirbyteStreamFactory(internalLog):159 INFO i.a.i.s.p.PostgresSource(logPreSyncDebugData):221 Discovering indexes for schema \"test\", table \"test_6_numeric_array\""}}
{"type":"LOG","log":{"level":"INFO","message":"INFO i.a.w.i.DefaultAirbyteStreamFactory(internalLog):159 INFO i.a.i.s.p.PostgresSource(logPreSyncDebugData):223 Index name: test_6_numeric_array_pkey, Column: id, Unique: true"}}
{"type":"LOG","log":{"level":"INFO","message":"INFO i.a.w.i.DefaultAirbyteStreamFactory(internalLog):159 INFO i.a.i.s.p.PostgresSource(logPreSyncDebugData):221 Discovering indexes for schema \"test\", table \"test_2_float4_array\""}}
{"type":"LOG","log":{"level":"INFO","message":"INFO i.a.w.i.DefaultAirbyteStreamFactory(internalLog):159 INFO i.a.i.s.p.PostgresSource(logPreSyncDebugData):223 Index name: test_2_float4_array_pkey, Column: id, Unique: true"}}
{"type":"LOG","log":{"level":"INFO","message":"INFO i.a.w.i.DefaultAirbyteStreamFactory(internalLog):159 INFO i.a.i.s.p.PostgresSource(logPreSyncDebugData):221 Discovering indexes for schema \"test\", table \"test_2_float8_array\""}}
{"type":"LOG","log":{"level":"INFO","message":"INFO i.a.w.i.DefaultAirbyteStreamFactory(internalLog):159 INFO i.a.i.s.p.PostgresSource(logPreSyncDebugData):223 Index name: test_2_float8_array_pkey, Column: id, Unique: true"}}
{"type":"LOG","log":{"level":"INFO","message":"INFO i.a.w.i.DefaultAirbyteStreamFactory(internalLog):159 INFO i.a.i.s.p.PostgresSource(logPreSyncDebugData):221 Discovering indexes for schema \"test\", table \"test_2_money_array\""}}
{"type":"LOG","log":{"level":"INFO","message":"INFO i.a.w.i.DefaultAirbyteStreamFactory(internalLog):159 INFO i.a.i.s.p.PostgresSource(logPreSyncDebugData):223 Index name: test_2_money_array_pkey, Column: id, Unique: true"}}
{"type":"LOG","log":{"level":"INFO","message":"INFO i.a.w.i.DefaultAirbyteStreamFactory(internalLog):159 INFO i.a.i.s.p.PostgresSource(logPreSyncDebugData):221 Discovering indexes for schema \"test\", table \"test_2_bool_array\""}}
{"type":"LOG","log":{"level":"INFO","message":"INFO i.a.w.i.DefaultAirbyteStreamFactory(internalLog):159 INFO i.a.i.s.p.PostgresSource(logPreSyncDebugData):223 Index name: test_2_bool_array_pkey, Column: id, Unique: true"}}
{"type":"LOG","log":{"level":"INFO","message":"INFO i.a.w.i.DefaultAirbyteStreamFactory(internalLog):159 INFO i.a.i.s.p.PostgresSource(logPreSyncDebugData):221 Discovering indexes for schema \"test\", table \"test_2_bit_array\""}}
{"type":"LOG","log":{"level":"INFO","message":"INFO i.a.w.i.DefaultAirbyteStreamFactory(internalLog):159 INFO i.a.i.s.p.PostgresSource(logPreSyncDebugData):223 Index name: test_2_bit_array_pkey, Column: id, Unique: true"}}
{"type":"LOG","log":{"level":"INFO","message":"INFO i.a.w.i.DefaultAirbyteStreamFactory(internalLog):159 INFO i.a.i.s.p.PostgresSource(logPreSyncDebugData):221 Discovering indexes for schema \"test\", table \"test_2_bytea_array\""}}
{"type":"LOG","log":{"level":"INFO","message":"INFO i.a.w.i.DefaultAirbyteStreamFactory(internalLog):159 INFO i.a.i.s.p.PostgresSource(logPreSyncDebugData):223 Index name: test_2_bytea_array_pkey, Column: id, Unique: true"}}
{"type":"LOG","log":{"level":"INFO","message":"INFO i.a.w.i.DefaultAirbyteStreamFactory(internalLog):159 INFO i.a.i.s.p.PostgresSource(logPreSyncDebugData):221 Discovering indexes for schema \"test\", table \"test_2_date_array\""}}
{"type":"LOG","log":{"level":"INFO","message":"INFO i.a.w.i.DefaultAirbyteStreamFactory(internalLog):159 INFO i.a.i.s.p.PostgresSource(logPreSyncDebugData):223 Index name: test_2_date_array_pkey, Column: id, Unique: true"}}
{"type":"LOG","log":{"level":"INFO","message":"INFO i.a.w.i.DefaultAirbyteStreamFactory(internalLog):159 INFO i.a.i.s.p.PostgresSource(logPreSyncDebugData):221 Discovering indexes for schema \"test\", table \"test_2_time_array\""}}
{"type":"LOG","log":{"level":"INFO","message":"INFO i.a.w.i.DefaultAirbyteStreamFactory(internalLog):159 INFO i.a.i.s.p.PostgresSource(logPreSyncDebugData):223 Index name: test_2_time_array_pkey, Column: id, Unique: true"}}
{"type":"LOG","log":{"level":"INFO","message":"INFO i.a.w.i.DefaultAirbyteStreamFactory(internalLog):159 INFO i.a.i.s.p.PostgresSource(logPreSyncDebugData):221 Discovering indexes for schema \"test\", table \"test_2_timetz_array\""}}
{"type":"LOG","log":{"level":"INFO","message":"INFO i.a.w.i.DefaultAirbyteStreamFactory(internalLog):159 INFO i.a.i.s.p.PostgresSource(logPreSyncDebugData):223 Index name: test_2_timetz_array_pkey, Column: id, Unique: true"}}
{"type":"LOG","log":{"level":"INFO","message":"INFO i.a.w.i.DefaultAirbyteStreamFactory(internalLog):159 INFO i.a.i.s.p.PostgresSource(logPreSyncDebugData):221 Discovering indexes for schema \"test\", table \"test_2_timestamptz_array\""}}
{"type":"LOG","log":{"level":"INFO","message":"INFO i.a.w.i.DefaultAirbyteStreamFactory(internalLog):159 INFO i.a.i.s.p.PostgresSource(logPreSyncDebugData):223 Index name: test_2_timestamptz_array_pkey, Column: id, Unique: true"}}
{"type":"LOG","log":{"level":"INFO","message":"INFO i.a.w.i.DefaultAirbyteStreamFactory(internalLog):159 INFO i.a.i.s.p.PostgresSource(logPreSyncDebugData):221 Discovering indexes for schema \"test\", table \"test_2_timestamp_array\""}}
{"type":"LOG","log":{"level":"INFO","message":"INFO i.a.w.i.DefaultAirbyteStreamFactory(internalLog):159 INFO i.a.i.s.p.PostgresSource(logPreSyncDebugData):223 Index name: test_2_timestamp_array_pkey, Column: id, Unique: true"}}
{"type":"LOG","log":{"level":"INFO","message":"INFO i.a.w.i.DefaultAirbyteStreamFactory(internalLog):159 INFO i.a.i.s.p.PostgresSource(logPreSyncDebugData):221 Discovering indexes for schema \"test\", table \"test_2_money\""}}
{"type":"LOG","log":{"level":"INFO","message":"INFO i.a.w.i.DefaultAirbyteStreamFactory(internalLog):159 INFO i.a.i.s.p.PostgresSource(logPreSyncDebugData):223 Index name: test_2_money_pkey, Column: id, Unique: true"}}
{"type":"LOG","log":{"level":"INFO","message":"INFO i.a.w.i.DefaultAirbyteStreamFactory(internalLog):159 INFO i.a.i.s.p.PostgresQueryUtils(logXminStatus):77 Xmin Status : {Number of wraparounds: 0, Xmin Transaction Value: 1573, Xmin Raw Value: 1573"}}
{"type":"LOG","log":{"level":"INFO","message":"INFO i.a.w.i.DefaultAirbyteStreamFactory(internalLog):159 INFO i.a.i.s.j.AbstractJdbcSource(discoverInternal):166 Internal schemas to exclude: [catalog_history, information_schema, pg_catalog, pg_internal]"}}
{"type":"LOG","log":{"level":"INFO","message":"INFO i.a.w.i.DefaultAirbyteStreamFactory(internalLog):159 INFO i.a.d.j.s.AdaptiveStreamingQueryConfig(initialize):31 Set initial fetch size: 10 rows"}}
{"type":"LOG","log":{"level":"INFO","message":"INFO i.a.w.i.DefaultAirbyteStreamFactory(internalLog):159 INFO i.a.d.j.s.AdaptiveStreamingQueryConfig(accept):40 Set new fetch size: 1533006 rows"}}
{"type":"LOG","log":{"level":"INFO","message":"INFO i.a.w.i.DefaultAirbyteStreamFactory(internalLog):159 INFO i.a.d.j.s.TwoStageSizeEstimator(getTargetBufferByteSize):71 Max memory limit: 1562378240, JDBC buffer size: 937426944"}}
{"type":"LOG","log":{"level":"INFO","message":"INFO i.a.w.i.DefaultAirbyteStreamFactory(internalLog):159 INFO i.a.d.j.s.AdaptiveStreamingQueryConfig(accept):40 Set new fetch size: 4959931 rows"}}
{"type":"LOG","log":{"level":"INFO","message":"INFO i.a.w.i.DefaultAirbyteStreamFactory(internalLog):159 INFO i.a.i.s.p.PostgresUtils(isCdc):53 using CDC: true"}}
{"type":"LOG","log":{"level":"INFO","message":"INFO i.a.w.i.DefaultAirbyteStreamFactory(internalLog):159 INFO i.a.i.s.p.PostgresUtils(getFirstRecordWaitTime):111 First record waiting time: 30 seconds"}}
{"type":"LOG","log":{"level":"INFO","message":"INFO i.a.w.i.DefaultAirbyteStreamFactory(internalLog):159 INFO i.a.i.s.p.PostgresSource(getIncrementalIterators):369 First record waiting time: 30 seconds"}}
{"type":"LOG","log":{"level":"INFO","message":"INFO i.a.w.i.DefaultAirbyteStreamFactory(internalLog):159 INFO i.a.i.s.p.PostgresUtils(shouldFlushAfterSync):61 Should flush after sync: false"}}
{"type":"LOG","log":{"level":"INFO","message":"INFO i.a.w.i.DefaultAirbyteStreamFactory(internalLog):159 INFO o.a.k.c.c.AbstractConfig(logAll):376 StandaloneConfig values: \n\taccess.control.allow.methods = \n\taccess.control.allow.origin = \n\tadmin.listeners = null\n\tauto.include.jmx.reporter = true\n\tbootstrap.servers = [localhost:9092]\n\tclient.dns.lookup = use_all_dns_ips\n\tconfig.providers = []\n\tconnector.client.config.override.policy = All\n\theader.converter = class org.apache.kafka.connect.storage.SimpleHeaderConverter\n\tkey.converter = class org.apache.kafka.connect.json.JsonConverter\n\tlisteners = [http://:8083]\n\tmetric.reporters = []\n\tmetrics.num.samples = 2\n\tmetrics.recording.level = INFO\n\tmetrics.sample.window.ms = 30000\n\toffset.flush.interval.ms = 1000\n\toffset.flush.timeout.ms = 5000\n\toffset.storage.file.filename = /tmp/cdc-state-offset3836952491405580277/offset.dat\n\tplugin.path = null\n\tresponse.http.headers.config = \n\trest.advertised.host.name = null\n\trest.advertised.listener = null\n\trest.advertised.port = null\n\trest.extension.classes = []\n\tssl.cipher.suites = null\n\tssl.client.auth = none\n\tssl.enabled.protocols = [TLSv1.2, TLSv1.3]\n\tssl.endpoint.identification.algorithm = https\n\tssl.engine.factory.class = null\n\tssl.key.password = null\n\tssl.keymanager.algorithm = SunX509\n\tssl.keystore.certificate.chain = null\n\tssl.keystore.key = null\n\tssl.keystore.location = null\n\tssl.keystore.password = null\n\tssl.keystore.type = JKS\n\tssl.protocol = TLSv1.3\n\tssl.provider = null\n\tssl.secure.random.implementation = null\n\tssl.trustmanager.algorithm = PKIX\n\tssl.truststore.certificates = null\n\tssl.truststore.location = null\n\tssl.truststore.password = null\n\tssl.truststore.type = JKS\n\ttask.shutdown.graceful.timeout.ms = 5000\n\ttopic.creation.enable = true\n\ttopic.tracking.allow.reset = true\n\ttopic.tracking.enable = true\n\tvalue.converter = class org.apache.kafka.connect.json.JsonConverter\n"}}
{"type":"LOG","log":{"level":"WARN","message":"WARN i.a.w.i.DefaultAirbyteStreamFactory(internalLog):156 WARN o.a.k.c.r.WorkerConfig(logPluginPathConfigProviderWarning):379 Variables cannot be used in the 'plugin.path' property, since the property is used by plugin scanning before the config providers that replace the variables are initialized. The raw value 'null' was used for plugin scanning, as opposed to the transformed value 'null', and this may cause unexpected results."}}
{"type":"LOG","log":{"level":"INFO","message":"INFO i.a.w.i.DefaultAirbyteStreamFactory(internalLog):159 INFO o.a.k.c.s.FileOffsetBackingStore(start):58 Starting FileOffsetBackingStore with file /tmp/cdc-state-offset3836952491405580277/offset.dat"}}
{"type":"LOG","log":{"level":"INFO","message":"INFO i.a.w.i.DefaultAirbyteStreamFactory(internalLog):159 INFO o.a.k.c.c.AbstractConfig(logAll):376 JsonConverterConfig values: \n\tconverter.type = key\n\tdecimal.format = BASE64\n\tschemas.cache.size = 1000\n\tschemas.enable = false\n"}}
{"type":"LOG","log":{"level":"INFO","message":"INFO i.a.w.i.DefaultAirbyteStreamFactory(internalLog):159 INFO o.a.k.c.c.AbstractConfig(logAll):376 JsonConverterConfig values: \n\tconverter.type = value\n\tdecimal.format = BASE64\n\tschemas.cache.size = 1000\n\tschemas.enable = false\n"}}
{"type":"LOG","log":{"level":"INFO","message":"INFO i.a.w.i.DefaultAirbyteStreamFactory(internalLog):159 INFO i.a.i.d.i.p.PostgresDebeziumStateUtil(extractLsn):201 Found previous partition offset PostgresPartition [sourcePartition={server=test}]: {transaction_id=null, lsn=27974704, txId=954, ts_usec=1684593394390505}"}}
{"type":"LOG","log":{"level":"INFO","message":"INFO i.a.w.i.DefaultAirbyteStreamFactory(internalLog):159 INFO i.a.i.d.i.p.PostgresDebeziumStateUtil(parseSavedOffset):181 Closing offsetStorageReader and fileOffsetBackingStore"}}
{"type":"LOG","log":{"level":"INFO","message":"INFO i.a.w.i.DefaultAirbyteStreamFactory(internalLog):159 INFO o.a.k.c.s.FileOffsetBackingStore(stop):66 Stopped FileOffsetBackingStore"}}
{"type":"LOG","log":{"level":"INFO","message":"INFO i.a.w.i.DefaultAirbyteStreamFactory(internalLog):159 INFO i.a.i.s.p.PostgresSource(lambda$getReplicationSlot$4):296 Attempting to find the named replication slot using the query: HikariProxyPreparedStatement@1126112943 wrapping SELECT * FROM pg_replication_slots WHERE slot_name = 'debezium_slot' AND plugin = 'pgoutput' AND database = 'test'"}}
{"type":"LOG","log":{"level":"INFO","message":"INFO i.a.w.i.DefaultAirbyteStreamFactory(internalLog):159 INFO i.a.d.j.s.AdaptiveStreamingQueryConfig(initialize):31 Set initial fetch size: 10 rows"}}
{"type":"LOG","log":{"level":"INFO","message":"INFO i.a.w.i.DefaultAirbyteStreamFactory(internalLog):159 INFO i.a.i.d.i.p.PostgresDebeziumStateUtil(isSavedOffsetAfterReplicationSlotLSN):62 Replication slot confirmed_flush_lsn : 27974704 Saved offset LSN : 27974704"}}
{"type":"LOG","log":{"level":"INFO","message":"INFO i.a.w.i.DefaultAirbyteStreamFactory(internalLog):159 INFO i.a.i.s.p.PostgresUtils(shouldFlushAfterSync):61 Should flush after sync: false"}}
{"type":"LOG","log":{"level":"INFO","message":"INFO i.a.w.i.DefaultAirbyteStreamFactory(internalLog):159 INFO i.a.i.d.i.p.PostgresCdcTargetPosition(targetPosition):49 identified target lsn: PgLsn{lsn=28384512}"}}
{"type":"LOG","log":{"level":"INFO","message":"INFO i.a.w.i.DefaultAirbyteStreamFactory(internalLog):159 INFO i.a.i.s.p.PostgresUtils(shouldFlushAfterSync):61 Should flush after sync: false"}}
{"type":"LOG","log":{"level":"INFO","message":"INFO i.a.w.i.DefaultAirbyteStreamFactory(internalLog):159 INFO i.a.i.d.AirbyteDebeziumHandler(getIncrementalIterators):95 Using CDC: true"}}
{"type":"LOG","log":{"level":"INFO","message":"INFO i.a.w.i.DefaultAirbyteStreamFactory(internalLog):159 INFO o.a.k.c.c.AbstractConfig(logAll):376 JsonConverterConfig values: \n\tconverter.type = key\n\tdecimal.format = BASE64\n\tschemas.cache.size = 1000\n\tschemas.enable = false\n"}}
{"type":"LOG","log":{"level":"INFO","message":"INFO i.a.w.i.DefaultAirbyteStreamFactory(internalLog):159 INFO o.a.k.c.c.AbstractConfig(logAll):376 JsonConverterConfig values: \n\tconverter.type = value\n\tdecimal.format = BASE64\n\tschemas.cache.size = 1000\n\tschemas.enable = false\n"}}
{"type":"LOG","log":{"level":"INFO","message":"INFO i.a.w.i.DefaultAirbyteStreamFactory(internalLog):159 INFO o.a.k.c.c.AbstractConfig(logAll):376 EmbeddedConfig values: \n\taccess.control.allow.methods = \n\taccess.control.allow.origin = \n\tadmin.listeners = null\n\tauto.include.jmx.reporter = true\n\tbootstrap.servers = [localhost:9092]\n\tclient.dns.lookup = use_all_dns_ips\n\tconfig.providers = []\n\tconnector.client.config.override.policy = All\n\theader.converter = class org.apache.kafka.connect.storage.SimpleHeaderConverter\n\tkey.converter = class org.apache.kafka.connect.json.JsonConverter\n\tlisteners = [http://:8083]\n\tmetric.reporters = []\n\tmetrics.num.samples = 2\n\tmetrics.recording.level = INFO\n\tmetrics.sample.window.ms = 30000\n\toffset.flush.interval.ms = 1000\n\toffset.flush.timeout.ms = 5000\n\toffset.storage.file.filename = /tmp/cdc-state-offset6263717279174352584/offset.dat\n\toffset.storage.partitions = null\n\toffset.storage.replication.factor = null\n\toffset.storage.topic = \n\tplugin.path = null\n\tresponse.http.headers.config = \n\trest.advertised.host.name = null\n\trest.advertised.listener = null\n\trest.advertised.port = null\n\trest.extension.classes = []\n\tssl.cipher.suites = null\n\tssl.client.auth = none\n\tssl.enabled.protocols = [TLSv1.2, TLSv1.3]\n\tssl.endpoint.identification.algorithm = https\n\tssl.engine.factory.class = null\n\tssl.key.password = null\n\tssl.keymanager.algorithm = SunX509\n\tssl.keystore.certificate.chain = null\n\tssl.keystore.key = null\n\tssl.keystore.location = null\n\tssl.keystore.password = null\n\tssl.keystore.type = JKS\n\tssl.protocol = TLSv1.3\n\tssl.provider = null\n\tssl.secure.random.implementation = null\n\tssl.trustmanager.algorithm = PKIX\n\tssl.truststore.certificates = null\n\tssl.truststore.location = null\n\tssl.truststore.password = null\n\tssl.truststore.type = JKS\n\ttask.shutdown.graceful.timeout.ms = 5000\n\ttopic.creation.enable = true\n\ttopic.tracking.allow.reset = true\n\ttopic.tracking.enable = true\n\tvalue.converter = class org.apache.kafka.connect.json.JsonConverter\n"}}
{"type":"LOG","log":{"level":"WARN","message":"WARN i.a.w.i.DefaultAirbyteStreamFactory(internalLog):156 WARN o.a.k.c.r.WorkerConfig(logPluginPathConfigProviderWarning):379 Variables cannot be used in the 'plugin.path' property, since the property is used by plugin scanning before the config providers that replace the variables are initialized. The raw value 'null' was used for plugin scanning, as opposed to the transformed value 'null', and this may cause unexpected results."}}
{"type":"LOG","log":{"level":"INFO","message":"INFO i.a.w.i.DefaultAirbyteStreamFactory(internalLog):159 INFO o.a.k.c.c.AbstractConfig(logAll):376 JsonConverterConfig values: \n\tconverter.type = key\n\tdecimal.format = BASE64\n\tschemas.cache.size = 1000\n\tschemas.enable = false\n"}}
{"type":"LOG","log":{"level":"INFO","message":"INFO i.a.w.i.DefaultAirbyteStreamFactory(internalLog):159 INFO o.a.k.c.c.AbstractConfig(logAll):376 JsonConverterConfig values: \n\tconverter.type = value\n\tdecimal.format = BASE64\n\tschemas.cache.size = 1000\n\tschemas.enable = false\n"}}
{"type":"LOG","log":{"level":"INFO","message":"INFO i.a.w.i.DefaultAirbyteStreamFactory(internalLog):159 INFO i.d.c.p.PostgresConnector(testConnection):154 Successfully tested connection for jdbc:postgresql://172.17.0.9:5432/test with user 'test'"}}
{"type":"LOG","log":{"level":"INFO","message":"INFO i.a.w.i.DefaultAirbyteStreamFactory(internalLog):159 INFO i.d.j.JdbcConnection(lambda$doClose$4):947 Connection gracefully closed"}}
{"type":"LOG","log":{"level":"INFO","message":"INFO i.a.w.i.DefaultAirbyteStreamFactory(internalLog):159 INFO o.a.k.c.s.FileOffsetBackingStore(start):58 Starting FileOffsetBackingStore with file /tmp/cdc-state-offset6263717279174352584/offset.dat"}}
{"type":"LOG","log":{"level":"INFO","message":"INFO i.a.w.i.DefaultAirbyteStreamFactory(internalLog):159 INFO i.d.c.c.BaseSourceTask(start):124 Starting PostgresConnectorTask with configuration:"}}
{"type":"LOG","log":{"level":"INFO","message":"INFO i.a.w.i.DefaultAirbyteStreamFactory(internalLog):159 INFO i.d.c.c.BaseSourceTask(lambda$start$0):126    connector.class = io.debezium.connector.postgresql.PostgresConnector"}}
{"type":"LOG","log":{"level":"INFO","message":"INFO i.a.w.i.DefaultAirbyteStreamFactory(internalLog):159 INFO i.d.c.c.BaseSourceTask(lambda$start$0):126    max.queue.size = 8192"}}
{"type":"LOG","log":{"level":"INFO","message":"INFO i.a.w.i.DefaultAirbyteStreamFactory(internalLog):159 INFO i.d.c.c.BaseSourceTask(lambda$start$0):126    slot.name = debezium_slot"}}
{"type":"LOG","log":{"level":"INFO","message":"INFO i.a.w.i.DefaultAirbyteStreamFactory(internalLog):159 INFO i.d.c.c.BaseSourceTask(lambda$start$0):126    publication.name = publication"}}
{"type":"LOG","log":{"level":"INFO","message":"INFO i.a.w.i.DefaultAirbyteStreamFactory(internalLog):159 INFO i.d.c.c.BaseSourceTask(lambda$start$0):126    topic.prefix = test"}}
{"type":"LOG","log":{"level":"INFO","message":"INFO i.a.w.i.DefaultAirbyteStreamFactory(internalLog):159 INFO i.d.c.c.BaseSourceTask(lambda$start$0):126    offset.storage.file.filename = /tmp/cdc-state-offset6263717279174352584/offset.dat"}}
{"type":"LOG","log":{"level":"INFO","message":"INFO i.a.w.i.DefaultAirbyteStreamFactory(internalLog):159 INFO i.d.c.c.BaseSourceTask(lambda$start$0):126    decimal.handling.mode = string"}}
{"type":"LOG","log":{"level":"INFO","message":"INFO i.a.w.i.DefaultAirbyteStreamFactory(internalLog):159 INFO i.d.c.c.BaseSourceTask(lambda$start$0):126    converters = datetime"}}
{"type":"LOG","log":{"level":"INFO","message":"INFO i.a.w.i.DefaultAirbyteStreamFactory(internalLog):159 INFO i.d.c.c.BaseSourceTask(lambda$start$0):126    errors.retry.delay.initial.ms = 299"}}
{"type":"LOG","log":{"level":"INFO","message":"INFO i.a.w.i.DefaultAirbyteStreamFactory(internalLog):159 INFO i.d.c.c.BaseSourceTask(lambda$start$0):126    datetime.type = io.airbyte.integrations.debezium.internals.postgres.PostgresConverter"}}
{"type":"LOG","log":{"level":"INFO","message":"INFO i.a.w.i.DefaultAirbyteStreamFactory(internalLog):159 INFO i.d.c.c.BaseSourceTask(lambda$start$0):126    value.converter = org.apache.kafka.connect.json.JsonConverter"}}
{"type":"LOG","log":{"level":"INFO","message":"INFO i.a.w.i.DefaultAirbyteStreamFactory(internalLog):159 INFO i.d.c.c.BaseSourceTask(lambda$start$0):126    key.converter = org.apache.kafka.connect.json.JsonConverter"}}
{"type":"LOG","log":{"level":"INFO","message":"INFO i.a.w.i.DefaultAirbyteStreamFactory(internalLog):159 INFO i.d.c.c.BaseSourceTask(lambda$start$0):126    publication.autocreate.mode = disabled"}}
{"type":"LOG","log":{"level":"INFO","message":"INFO i.a.w.i.DefaultAirbyteStreamFactory(internalLog):159 INFO i.d.c.c.BaseSourceTask(lambda$start$0):126    database.user = test"}}
{"type":"LOG","log":{"level":"INFO","message":"INFO i.a.w.i.DefaultAirbyteStreamFactory(internalLog):159 INFO i.d.c.c.BaseSourceTask(lambda$start$0):126    database.dbname = test"}}
{"type":"LOG","log":{"level":"INFO","message":"INFO i.a.w.i.DefaultAirbyteStreamFactory(internalLog):159 INFO i.d.c.c.BaseSourceTask(lambda$start$0):126    offset.storage = org.apache.kafka.connect.storage.FileOffsetBackingStore"}}
{"type":"LOG","log":{"level":"INFO","message":"INFO i.a.w.i.DefaultAirbyteStreamFactory(internalLog):159 INFO i.d.c.c.BaseSourceTask(lambda$start$0):126    errors.retry.delay.max.ms = 300"}}
{"type":"LOG","log":{"level":"INFO","message":"INFO i.a.w.i.DefaultAirbyteStreamFactory(internalLog):159 INFO i.d.c.c.BaseSourceTask(lambda$start$0):126    offset.flush.timeout.ms = 5000"}}
{"type":"LOG","log":{"level":"INFO","message":"INFO i.a.w.i.DefaultAirbyteStreamFactory(internalLog):159 INFO i.d.c.c.BaseSourceTask(lambda$start$0):126    heartbeat.interval.ms = 10000"}}
{"type":"LOG","log":{"level":"INFO","message":"INFO i.a.w.i.DefaultAirbyteStreamFactory(internalLog):159 INFO i.d.c.c.BaseSourceTask(lambda$start$0):126    column.include.list = \\Qtest.test_1_bigint\\E\\.(\\Qid\\E|\\Qtest_column\\E),\\Qtest.test_1_bigserial\\E\\.(\\Qid\\E|\\Qtest_column\\E),\\Qtest.test_1_bit\\E\\.(\\Qid\\E|\\Qtest_column\\E),\\Qtest.test_2_bit\\E\\.(\\Qid\\E|\\Qtest_column\\E),\\Qtest.test_1_bit_varying\\E\\.(\\Qid\\E|\\Qtest_column\\E),\\Qtest.test_2_bit_varying\\E\\.(\\Qid\\E|\\Qtest_column\\E),\\Qtest.test_1_bool\\E\\.(\\Qid\\E|\\Qtest_column\\E),\\Qtest.test_1_boolean\\E\\.(\\Qid\\E|\\Qtest_column\\E),\\Qtest.test_1_box\\E\\.(\\Qid\\E|\\Qtest_column\\E),\\Qtest.test_1_bytea\\E\\.(\\Qid\\E|\\Qtest_column\\E),\\Qtest.test_1_char\\E\\.(\\Qid\\E|\\Qtest_column\\E),\\Qtest.test_2_char\\E\\.(\\Qid\\E|\\Qtest_column\\E),\\Qtest.test_1_character\\E\\.(\\Qid\\E|\\Qtest_column\\E),\\Qtest.test_2_character\\E\\.(\\Qid\\E|\\Qtest_column\\E),\\Qtest.test_1_text\\E\\.(\\Qid\\E|\\Qtest_column\\E),\\Qtest.test_1_varchar\\E\\.(\\Qid\\E|\\Qtest_column\\E),\\Qtest.test_2_varchar\\E\\.(\\Qid\\E|\\Qtest_column\\E),\\Qtest.test_1_cidr\\E\\.(\\Qid\\E|\\Qtest_column\\E),\\Qtest.test_1_circle\\E\\.(\\Qid\\E|\\Qtest_column\\E),\\Qtest.test_1_date\\E\\.(\\Qid\\E|\\Qtest_column\\E),\\Qtest.test_2_date\\E\\.(\\Qid\\E|\\Qtest_column\\E),\\Qtest.test_3_date\\E\\.(\\Qid\\E|\\Qtest_column\\E),\\Qtest.test_1_float\\E\\.(\\Qid\\E|\\Qtest_column\\E),\\Qtest.test_1_double_precision\\E\\.(\\Qid\\E|\\Qtest_column\\E),\\Qtest.test_1_float8\\E\\.(\\Qid\\E|\\Qtest_column\\E),\\Qtest.test_1_inet\\E\\.(\\Qid\\E|\\Qtest_column\\E),\\Qtest.test_1_int4\\E\\.(\\Qid\\E|\\Qtest_column\\E),\\Qtest.test_1_int\\E\\.(\\Qid\\E|\\Qtest_column\\E),\\Qtest.test_1_integer\\E\\.(\\Qid\\E|\\Qtest_column\\E),\\Qtest.test_1_interval\\E\\.(\\Qid\\E|\\Qtest_column\\E),\\Qtest.test_1_json\\E\\.(\\Qid\\E|\\Qtest_column\\E),\\Qtest.test_1_jsonb\\E\\.(\\Qid\\E|\\Qtest_column\\E),\\Qtest.test_1_line\\E\\.(\\Qid\\E|\\Qtest_column\\E),\\Qtest.test_1_lseg\\E\\.(\\Qid\\E|\\Qtest_column\\E),\\Qtest.test_1_macaddr\\E\\.(\\Qid\\E|\\Qtest_column\\E),\\Qtest.test_1_macaddr8\\E\\.(\\Qid\\E|\\Qtest_column\\E),\\Qtest.test_1_numeric\\E\\.(\\Qid\\E|\\Qtest_column\\E),\\Qtest.test_2_numeric\\E\\.(\\Qid\\E|\\Qtest_column\\E),\\Qtest.test_3_numeric\\E\\.(\\Qid\\E|\\Qtest_column\\E),\\Qtest.test_4_numeric\\E\\.(\\Qid\\E|\\Qtest_column\\E),\\Qtest.test_1_decimal\\E\\.(\\Qid\\E|\\Qtest_column\\E),\\Qtest.test_5_numeric\\E\\.(\\Qid\\E|\\Qtest_column\\E),\\Qtest.test_1_path\\E\\.(\\Qid\\E|\\Qtest_column\\E),\\Qtest.test_1_pg_lsn\\E\\.(\\Qid\\E|\\Qtest_column\\E),\\Qtest.test_1_point\\E\\.(\\Qid\\E|\\Qtest_column\\E),\\Qtest.test_1_polygon\\E\\.(\\Qid\\E|\\Qtest_column\\E),\\Qtest.test_1_float4\\E\\.(\\Qid\\E|\\Qtest_column\\E),\\Qtest.test_1_real\\E\\.(\\Qid\\E|\\Qtest_column\\E),\\Qtest.test_1_int2\\E\\.(\\Qid\\E|\\Qtest_column\\E),\\Qtest.test_1_smallint\\E\\.(\\Qid\\E|\\Qtest_column\\E),\\Qtest.test_1_serial2\\E\\.(\\Qid\\E|\\Qtest_column\\E),\\Qtest.test_1_smallserial\\E\\.(\\Qid\\E|\\Qtest_column\\E),\\Qtest.test_1_serial4\\E\\.(\\Qid\\E|\\Qtest_column\\E),\\Qtest.test_1_serial\\E\\.(\\Qid\\E|\\Qtest_column\\E),\\Qtest.test_1_time\\E\\.(\\Qid\\E|\\Qtest_column\\E),\\Qtest.test_2_time\\E\\.(\\Qid\\E|\\Qtest_column\\E),\\Qtest.test_3_time\\E\\.(\\Qid\\E|\\Qtest_column\\E),\\Qtest.test_4_time\\E\\.(\\Qid\\E|\\Qtest_column\\E),\\Qtest.test_5_time\\E\\.(\\Qid\\E|\\Qtest_column\\E),\\Qtest.test_1_timestamp\\E\\.(\\Qid\\E|\\Qtest_column\\E),\\Qtest.test_2_timestamp\\E\\.(\\Qid\\E|\\Qtest_column\\E),\\Qtest.test_3_timestamp\\E\\.(\\Qid\\E|\\Qtest_column\\E),\\Qtest.test_4_timestamp\\E\\.(\\Qid\\E|\\Qtest_column\\E),\\Qtest.test_5_timestamp\\E\\.(\\Qid\\E|\\Qtest_column\\E),\\Qtest.test_6_timestamp\\E\\.(\\Qid\\E|\\Qtest_column\\E),\\Qtest.test_7_timestamp\\E\\.(\\Qid\\E|\\Qtest_column\\E),\\Qtest.test_8_timestamp\\E\\.(\\Qid\\E|\\Qtest_column\\E),\\Qtest.test_1_timestamptz\\E\\.(\\Qid\\E|\\Qtest_column\\E),\\Qtest.test_2_timestamptz\\E\\.(\\Qid\\E|\\Qtest_column\\E),\\Qtest.test_1_tsquery\\E\\.(\\Qid\\E|\\Qtest_column\\E),\\Qtest.test_1_tsvector\\E\\.(\\Qid\\E|\\Qtest_column\\E),\\Qtest.test_1_uuid\\E\\.(\\Qid\\E|\\Qtest_column\\E),\\Qtest.test_1_xml\\E\\.(\\Qid\\E|\\Qtest_column\\E),\\Qtest.test_1_mood\\E\\.(\\Qid\\E|\\Qtest_column\\E),\\Qtest.test_1_tsrange\\E\\.(\\Qid\\E|\\Qtest_column\\E),\\Qtest.test_1_inventory_item\\E\\.(\\Qid\\E|\\Qtest_column\\E),\\Qtest.test_1_hstore\\E\\.(\\Qid\\E|\\Qtest_column\\E),\\Qtest.test_1_timetz\\E\\.(\\Qid\\E|\\Qtest_column\\E),\\Qtest.test_2_timetz\\E\\.(\\Qid\\E|\\Qtest_column\\E),\\Qtest.test_1_int2_array\\E\\.(\\Qid\\E|\\Qtest_column\\E),\\Qtest.test_1_int4_array\\E\\.(\\Qid\\E|\\Qtest_column\\E),\\Qtest.test_1_int8_array\\E\\.(\\Qid\\E|\\Qtest_column\\E),\\Qtest.test_1_oid_array\\E\\.(\\Qid\\E|\\Qtest_column\\E),\\Qtest.test_1_varchar_array\\E\\.(\\Qid\\E|\\Qtest_column\\E),\\Qtest.test_1_char_array\\E\\.(\\Qid\\E|\\Qtest_column\\E),\\Qtest.test_1_bpchar_array\\E\\.(\\Qid\\E|\\Qtest_column\\E),\\Qtest.test_1_text_array\\E\\.(\\Qid\\E|\\Qtest_column\\E),\\Qtest.test_1_name_array\\E\\.(\\Qid\\E|\\Qtest_column\\E),\\Qtest.test_1_decimal_array\\E\\.(\\Qid\\E|\\Qtest_column\\E),\\Qtest.test_2_decimal_array\\E\\.(\\Qid\\E|\\Qtest_column\\E),\\Qtest.test_3_decimal_array\\E\\.(\\Qid\\E|\\Qtest_column\\E),\\Qtest.test_1_numeric_array\\E\\.(\\Qid\\E|\\Qtest_column\\E),\\Qtest.test_2_numeric_array\\E\\.(\\Qid\\E|\\Qtest_column\\E),\\Qtest.test_3_numeric_array\\E\\.(\\Qid\\E|\\Qtest_column\\E),\\Qtest.test_1_float4_array\\E\\.(\\Qid\\E|\\Qtest_column\\E),\\Qtest.test_1_float8_array\\E\\.(\\Qid\\E|\\Qtest_column\\E),\\Qtest.test_1_money_array\\E\\.(\\Qid\\E|\\Qtest_column\\E),\\Qtest.test_1_bool_array\\E\\.(\\Qid\\E|\\Qtest_column\\E),\\Qtest.test_1_bit_array\\E\\.(\\Qid\\E|\\Qtest_column\\E),\\Qtest.test_1_bytea_array\\E\\.(\\Qid\\E|\\Qtest_column\\E),\\Qtest.test_1_date_array\\E\\.(\\Qid\\E|\\Qtest_column\\E),\\Qtest.test_1_time_array\\E\\.(\\Qid\\E|\\Qtest_column\\E),\\Qtest.test_1_timetz_array\\E\\.(\\Qid\\E|\\Qtest_column\\E),\\Qtest.test_1_timestamptz_array\\E\\.(\\Qid\\E|\\Qtest_column\\E),\\Qtest.test_1_timestamp_array\\E\\.(\\Qid\\E|\\Qtest_column\\E),\\Qtest.test_1_money\\E\\.(\\Qid\\E|\\Qtest_column\\E),\\Qtest.test_2_bigint\\E\\.(\\Qid\\E|\\Qtest_column\\E),\\Qtest.test_2_bigserial\\E\\.(\\Qid\\E|\\Qtest_column\\E),\\Qtest.test_3_bit\\E\\.(\\Qid\\E|\\Qtest_column\\E),\\Qtest.test_4_bit\\E\\.(\\Qid\\E|\\Qtest_column\\E),\\Qtest.test_3_bit_varying\\E\\.(\\Qid\\E|\\Qtest_column\\E),\\Qtest.test_4_bit_varying\\E\\.(\\Qid\\E|\\Qtest_column\\E),\\Qtest.test_2_bool\\E\\.(\\Qid\\E|\\Qtest_column\\E),\\Qtest.test_2_boolean\\E\\.(\\Qid\\E|\\Qtest_column\\E),\\Qtest.test_2_box\\E\\.(\\Qid\\E|\\Qtest_column\\E),\\Qtest.test_2_bytea\\E\\.(\\Qid\\E|\\Qtest_column\\E),\\Qtest.test_3_char\\E\\.(\\Qid\\E|\\Qtest_column\\E),\\Qtest.test_4_char\\E\\.(\\Qid\\E|\\Qtest_column\\E),\\Qtest.test_3_character\\E\\.(\\Qid\\E|\\Qtest_column\\E),\\Qtest.test_4_character\\E\\.(\\Qid\\E|\\Qtest_column\\E),\\Qtest.test_2_text\\E\\.(\\Qid\\E|\\Qtest_column\\E),\\Qtest.test_3_varchar\\E\\.(\\Qid\\E|\\Qtest_column\\E),\\Qtest.test_4_varchar\\E\\.(\\Qid\\E|\\Qtest_column\\E),\\Qtest.test_2_cidr\\E\\.(\\Qid\\E|\\Qtest_column\\E),\\Qtest.test_2_circle\\E\\.(\\Qid\\E|\\Qtest_column\\E),\\Qtest.test_4_date\\E\\.(\\Qid\\E|\\Qtest_column\\E),\\Qtest.test_5_date\\E\\.(\\Qid\\E|\\Qtest_column\\E),\\Qtest.test_6_date\\E\\.(\\Qid\\E|\\Qtest_column\\E),\\Qtest.test_2_float\\E\\.(\\Qid\\E|\\Qtest_column\\E),\\Qtest.test_2_double_precision\\E\\.(\\Qid\\E|\\Qtest_column\\E),\\Qtest.test_2_float8\\E\\.(\\Qid\\E|\\Qtest_column\\E),\\Qtest.test_2_inet\\E\\.(\\Qid\\E|\\Qtest_column\\E),\\Qtest.test_2_int4\\E\\.(\\Qid\\E|\\Qtest_column\\E),\\Qtest.test_2_int\\E\\.(\\Qid\\E|\\Qtest_column\\E),\\Qtest.test_2_integer\\E\\.(\\Qid\\E|\\Qtest_column\\E),\\Qtest.test_2_interval\\E\\.(\\Qid\\E|\\Qtest_column\\E),\\Qtest.test_2_json\\E\\.(\\Qid\\E|\\Qtest_column\\E),\\Qtest.test_2_jsonb\\E\\.(\\Qid\\E|\\Qtest_column\\E),\\Qtest.test_2_line\\E\\.(\\Qid\\E|\\Qtest_column\\E),\\Qtest.test_2_lseg\\E\\.(\\Qid\\E|\\Qtest_column\\E),\\Qtest.test_2_macaddr\\E\\.(\\Qid\\E|\\Qtest_column\\E),\\Qtest.test_2_macaddr8\\E\\.(\\Qid\\E|\\Qtest_column\\E),\\Qtest.test_6_numeric\\E\\.(\\Qid\\E|\\Qtest_column\\E),\\Qtest.test_7_numeric\\E\\.(\\Qid\\E|\\Qtest_column\\E),\\Qtest.test_8_numeric\\E\\.(\\Qid\\E|\\Qtest_column\\E),\\Qtest.test_9_numeric\\E\\.(\\Qid\\E|\\Qtest_column\\E),\\Qtest.test_2_decimal\\E\\.(\\Qid\\E|\\Qtest_column\\E),\\Qtest.test_10_numeric\\E\\.(\\Qid\\E|\\Qtest_column\\E),\\Qtest.test_2_path\\E\\.(\\Qid\\E|\\Qtest_column\\E),\\Qtest.test_2_pg_lsn\\E\\.(\\Qid\\E|\\Qtest_column\\E),\\Qtest.test_2_point\\E\\.(\\Qid\\E|\\Qtest_column\\E),\\Qtest.test_2_polygon\\E\\.(\\Qid\\E|\\Qtest_column\\E),\\Qtest.test_2_float4\\E\\.(\\Qid\\E|\\Qtest_column\\E),\\Qtest.test_2_real\\E\\.(\\Qid\\E|\\Qtest_column\\E),\\Qtest.test_2_int2\\E\\.(\\Qid\\E|\\Qtest_column\\E),\\Qtest.test_2_smallint\\E\\.(\\Qid\\E|\\Qtest_column\\E),\\Qtest.test_2_serial2\\E\\.(\\Qid\\E|\\Qtest_column\\E),\\Qtest.test_2_smallserial\\E\\.(\\Qid\\E|\\Qtest_column\\E),\\Qtest.test_2_serial4\\E\\.(\\Qid\\E|\\Qtest_column\\E),\\Qtest.test_2_serial\\E\\.(\\Qid\\E|\\Qtest_column\\E),\\Qtest.test_6_time\\E\\.(\\Qid\\E|\\Qtest_column\\E),\\Qtest.test_7_time\\E\\.(\\Qid\\E|\\Qtest_column\\E),\\Qtest.test_8_time\\E\\.(\\Qid\\E|\\Qtest_column\\E),\\Qtest.test_9_time\\E\\.(\\Qid\\E|\\Qtest_column\\E),\\Qtest.test_10_time\\E\\.(\\Qid\\E|\\Qtest_column\\E),\\Qtest.test_9_timestamp\\E\\.(\\Qid\\E|\\Qtest_column\\E),\\Qtest.test_10_timestamp\\E\\.(\\Qid\\E|\\Qtest_column\\E),\\Qtest.test_11_timestamp\\E\\.(\\Qid\\E|\\Qtest_column\\E),\\Qtest.test_12_timestamp\\E\\.(\\Qid\\E|\\Qtest_column\\E),\\Qtest.test_13_timestamp\\E\\.(\\Qid\\E|\\Qtest_column\\E),\\Qtest.test_14_timestamp\\E\\.(\\Qid\\E|\\Qtest_column\\E),\\Qtest.test_15_timestamp\\E\\.(\\Qid\\E|\\Qtest_column\\E),\\Qtest.test_16_timestamp\\E\\.(\\Qid\\E|\\Qtest_column\\E),\\Qtest.test_3_timestamptz\\E\\.(\\Qid\\E|\\Qtest_column\\E),\\Qtest.test_4_timestamptz\\E\\.(\\Qid\\E|\\Qtest_column\\E),\\Qtest.test_2_tsquery\\E\\.(\\Qid\\E|\\Qtest_column\\E),\\Qtest.test_2_tsvector\\E\\.(\\Qid\\E|\\Qtest_column\\E),\\Qtest.test_2_uuid\\E\\.(\\Qid\\E|\\Qtest_column\\E),\\Qtest.test_2_xml\\E\\.(\\Qid\\E|\\Qtest_column\\E),\\Qtest.test_2_mood\\E\\.(\\Qid\\E|\\Qtest_column\\E),\\Qtest.test_2_tsrange\\E\\.(\\Qid\\E|\\Qtest_column\\E),\\Qtest.test_2_inventory_item\\E\\.(\\Qid\\E|\\Qtest_column\\E),\\Qtest.test_2_hstore\\E\\.(\\Qid\\E|\\Qtest_column\\E),\\Qtest.test_3_timetz\\E\\.(\\Qid\\E|\\Qtest_column\\E),\\Qtest.test_4_timetz\\E\\.(\\Qid\\E|\\Qtest_column\\E),\\Qtest.test_2_int2_array\\E\\.(\\Qid\\E|\\Qtest_column\\E),\\Qtest.test_2_int4_array\\E\\.(\\Qid\\E|\\Qtest_column\\E),\\Qtest.test_2_int8_array\\E\\.(\\Qid\\E|\\Qtest_column\\E),\\Qtest.test_2_oid_array\\E\\.(\\Qid\\E|\\Qtest_column\\E),\\Qtest.test_2_varchar_array\\E\\.(\\Qid\\E|\\Qtest_column\\E),\\Qtest.test_2_char_array\\E\\.(\\Qid\\E|\\Qtest_column\\E),\\Qtest.test_2_bpchar_array\\E\\.(\\Qid\\E|\\Qtest_column\\E),\\Qtest.test_2_text_array\\E\\.(\\Qid\\E|\\Qtest_column\\E),\\Qtest.test_2_name_array\\E\\.(\\Qid\\E|\\Qtest_column\\E),\\Qtest.test_4_decimal_array\\E\\.(\\Qid\\E|\\Qtest_column\\E),\\Qtest.test_5_decimal_array\\E\\.(\\Qid\\E|\\Qtest_column\\E),\\Qtest.test_6_decimal_array\\E\\.(\\Qid\\E|\\Qtest_column\\E),\\Qtest.test_4_numeric_array\\E\\.(\\Qid\\E|\\Qtest_column\\E),\\Qtest.test_5_numeric_array\\E\\.(\\Qid\\E|\\Qtest_column\\E),\\Qtest.test_6_numeric_array\\E\\.(\\Qid\\E|\\Qtest_column\\E),\\Qtest.test_2_float4_array\\E\\.(\\Qid\\E|\\Qtest_column\\E),\\Qtest.test_2_float8_array\\E\\.(\\Qid\\E|\\Qtest_column\\E),\\Qtest.test_2_money_array\\E\\.(\\Qid\\E|\\Qtest_column\\E),\\Qtest.test_2_bool_array\\E\\.(\\Qid\\E|\\Qtest_column\\E),\\Qtest.test_2_bit_array\\E\\.(\\Qid\\E|\\Qtest_column\\E),\\Qtest.test_2_bytea_array\\E\\.(\\Qid\\E|\\Qtest_column\\E),\\Qtest.test_2_date_array\\E\\.(\\Qid\\E|\\Qtest_column\\E),\\Qtest.test_2_time_array\\E\\.(\\Qid\\E|\\Qtest_column\\E),\\Qtest.test_2_timetz_array\\E\\.(\\Qid\\E|\\Qtest_column\\E),\\Qtest.test_2_timestamptz_array\\E\\.(\\Qid\\E|\\Qtest_column\\E),\\Qtest.test_2_timestamp_array\\E\\.(\\Qid\\E|\\Qtest_column\\E),\\Qtest.test_2_money\\E\\.(\\Qid\\E|\\Qtest_column\\E)"}}
{"type":"LOG","log":{"level":"INFO","message":"INFO i.a.w.i.DefaultAirbyteStreamFactory(internalLog):159 INFO i.d.c.c.BaseSourceTask(lambda$start$0):126    plugin.name = pgoutput"}}
{"type":"LOG","log":{"level":"INFO","message":"INFO i.a.w.i.DefaultAirbyteStreamFactory(internalLog):159 INFO i.d.c.c.BaseSourceTask(lambda$start$0):126    database.port = 5432"}}
{"type":"LOG","log":{"level":"INFO","message":"INFO i.a.w.i.DefaultAirbyteStreamFactory(internalLog):159 INFO i.d.c.c.BaseSourceTask(lambda$start$0):126    offset.flush.interval.ms = 1000"}}
{"type":"LOG","log":{"level":"INFO","message":"INFO i.a.w.i.DefaultAirbyteStreamFactory(internalLog):159 INFO i.d.c.c.BaseSourceTask(lambda$start$0):126    key.converter.schemas.enable = false"}}
{"type":"LOG","log":{"level":"INFO","message":"INFO i.a.w.i.DefaultAirbyteStreamFactory(internalLog):159 INFO i.d.c.c.BaseSourceTask(lambda$start$0):126    include.unknown.datatypes = true"}}
{"type":"LOG","log":{"level":"INFO","message":"INFO i.a.w.i.DefaultAirbyteStreamFactory(internalLog):159 INFO i.d.c.c.BaseSourceTask(lambda$start$0):126    errors.max.retries = 10"}}
{"type":"LOG","log":{"level":"INFO","message":"INFO i.a.w.i.DefaultAirbyteStreamFactory(internalLog):159 INFO i.d.c.c.BaseSourceTask(lambda$start$0):126    database.hostname = 172.17.0.9"}}
{"type":"LOG","log":{"level":"INFO","message":"INFO i.a.w.i.DefaultAirbyteStreamFactory(internalLog):159 INFO i.d.c.c.BaseSourceTask(lambda$start$0):126    database.password = ********"}}
{"type":"LOG","log":{"level":"INFO","message":"INFO i.a.w.i.DefaultAirbyteStreamFactory(internalLog):159 INFO i.d.c.c.BaseSourceTask(lambda$start$0):126    value.converter.schemas.enable = false"}}
{"type":"LOG","log":{"level":"INFO","message":"INFO i.a.w.i.DefaultAirbyteStreamFactory(internalLog):159 INFO i.d.c.c.BaseSourceTask(lambda$start$0):126    name = test"}}
{"type":"LOG","log":{"level":"INFO","message":"INFO i.a.w.i.DefaultAirbyteStreamFactory(internalLog):159 INFO i.d.c.c.BaseSourceTask(lambda$start$0):126    max.batch.size = 2048"}}
{"type":"LOG","log":{"level":"INFO","message":"INFO i.a.w.i.DefaultAirbyteStreamFactory(internalLog):159 INFO i.d.c.c.BaseSourceTask(lambda$start$0):126    table.include.list = \\Qtest.test_1_bigint\\E,\\Qtest.test_1_bigserial\\E,\\Qtest.test_1_bit\\E,\\Qtest.test_2_bit\\E,\\Qtest.test_1_bit_varying\\E,\\Qtest.test_2_bit_varying\\E,\\Qtest.test_1_bool\\E,\\Qtest.test_1_boolean\\E,\\Qtest.test_1_box\\E,\\Qtest.test_1_bytea\\E,\\Qtest.test_1_char\\E,\\Qtest.test_2_char\\E,\\Qtest.test_1_character\\E,\\Qtest.test_2_character\\E,\\Qtest.test_1_text\\E,\\Qtest.test_1_varchar\\E,\\Qtest.test_2_varchar\\E,\\Qtest.test_1_cidr\\E,\\Qtest.test_1_circle\\E,\\Qtest.test_1_date\\E,\\Qtest.test_2_date\\E,\\Qtest.test_3_date\\E,\\Qtest.test_1_float\\E,\\Qtest.test_1_double_precision\\E,\\Qtest.test_1_float8\\E,\\Qtest.test_1_inet\\E,\\Qtest.test_1_int4\\E,\\Qtest.test_1_int\\E,\\Qtest.test_1_integer\\E,\\Qtest.test_1_interval\\E,\\Qtest.test_1_json\\E,\\Qtest.test_1_jsonb\\E,\\Qtest.test_1_line\\E,\\Qtest.test_1_lseg\\E,\\Qtest.test_1_macaddr\\E,\\Qtest.test_1_macaddr8\\E,\\Qtest.test_1_numeric\\E,\\Qtest.test_2_numeric\\E,\\Qtest.test_3_numeric\\E,\\Qtest.test_4_numeric\\E,\\Qtest.test_1_decimal\\E,\\Qtest.test_5_numeric\\E,\\Qtest.test_1_path\\E,\\Qtest.test_1_pg_lsn\\E,\\Qtest.test_1_point\\E,\\Qtest.test_1_polygon\\E,\\Qtest.test_1_float4\\E,\\Qtest.test_1_real\\E,\\Qtest.test_1_int2\\E,\\Qtest.test_1_smallint\\E,\\Qtest.test_1_serial2\\E,\\Qtest.test_1_smallserial\\E,\\Qtest.test_1_serial4\\E,\\Qtest.test_1_serial\\E,\\Qtest.test_1_time\\E,\\Qtest.test_2_time\\E,\\Qtest.test_3_time\\E,\\Qtest.test_4_time\\E,\\Qtest.test_5_time\\E,\\Qtest.test_1_timestamp\\E,\\Qtest.test_2_timestamp\\E,\\Qtest.test_3_timestamp\\E,\\Qtest.test_4_timestamp\\E,\\Qtest.test_5_timestamp\\E,\\Qtest.test_6_timestamp\\E,\\Qtest.test_7_timestamp\\E,\\Qtest.test_8_timestamp\\E,\\Qtest.test_1_timestamptz\\E,\\Qtest.test_2_timestamptz\\E,\\Qtest.test_1_tsquery\\E,\\Qtest.test_1_tsvector\\E,\\Qtest.test_1_uuid\\E,\\Qtest.test_1_xml\\E,\\Qtest.test_1_mood\\E,\\Qtest.test_1_tsrange\\E,\\Qtest.test_1_inventory_item\\E,\\Qtest.test_1_hstore\\E,\\Qtest.test_1_timetz\\E,\\Qtest.test_2_timetz\\E,\\Qtest.test_1_int2_array\\E,\\Qtest.test_1_int4_array\\E,\\Qtest.test_1_int8_array\\E,\\Qtest.test_1_oid_array\\E,\\Qtest.test_1_varchar_array\\E,\\Qtest.test_1_char_array\\E,\\Qtest.test_1_bpchar_array\\E,\\Qtest.test_1_text_array\\E,\\Qtest.test_1_name_array\\E,\\Qtest.test_1_decimal_array\\E,\\Qtest.test_2_decimal_array\\E,\\Qtest.test_3_decimal_array\\E,\\Qtest.test_1_numeric_array\\E,\\Qtest.test_2_numeric_array\\E,\\Qtest.test_3_numeric_array\\E,\\Qtest.test_1_float4_array\\E,\\Qtest.test_1_float8_array\\E,\\Qtest.test_1_money_array\\E,\\Qtest.test_1_bool_array\\E,\\Qtest.test_1_bit_array\\E,\\Qtest.test_1_bytea_array\\E,\\Qtest.test_1_date_array\\E,\\Qtest.test_1_time_array\\E,\\Qtest.test_1_timetz_array\\E,\\Qtest.test_1_timestamptz_array\\E,\\Qtest.test_1_timestamp_array\\E,\\Qtest.test_1_money\\E,\\Qtest.test_2_bigint\\E,\\Qtest.test_2_bigserial\\E,\\Qtest.test_3_bit\\E,\\Qtest.test_4_bit\\E,\\Qtest.test_3_bit_varying\\E,\\Qtest.test_4_bit_varying\\E,\\Qtest.test_2_bool\\E,\\Qtest.test_2_boolean\\E,\\Qtest.test_2_box\\E,\\Qtest.test_2_bytea\\E,\\Qtest.test_3_char\\E,\\Qtest.test_4_char\\E,\\Qtest.test_3_character\\E,\\Qtest.test_4_character\\E,\\Qtest.test_2_text\\E,\\Qtest.test_3_varchar\\E,\\Qtest.test_4_varchar\\E,\\Qtest.test_2_cidr\\E,\\Qtest.test_2_circle\\E,\\Qtest.test_4_date\\E,\\Qtest.test_5_date\\E,\\Qtest.test_6_date\\E,\\Qtest.test_2_float\\E,\\Qtest.test_2_double_precision\\E,\\Qtest.test_2_float8\\E,\\Qtest.test_2_inet\\E,\\Qtest.test_2_int4\\E,\\Qtest.test_2_int\\E,\\Qtest.test_2_integer\\E,\\Qtest.test_2_interval\\E,\\Qtest.test_2_json\\E,\\Qtest.test_2_jsonb\\E,\\Qtest.test_2_line\\E,\\Qtest.test_2_lseg\\E,\\Qtest.test_2_macaddr\\E,\\Qtest.test_2_macaddr8\\E,\\Qtest.test_6_numeric\\E,\\Qtest.test_7_numeric\\E,\\Qtest.test_8_numeric\\E,\\Qtest.test_9_numeric\\E,\\Qtest.test_2_decimal\\E,\\Qtest.test_10_numeric\\E,\\Qtest.test_2_path\\E,\\Qtest.test_2_pg_lsn\\E,\\Qtest.test_2_point\\E,\\Qtest.test_2_polygon\\E,\\Qtest.test_2_float4\\E,\\Qtest.test_2_real\\E,\\Qtest.test_2_int2\\E,\\Qtest.test_2_smallint\\E,\\Qtest.test_2_serial2\\E,\\Qtest.test_2_smallserial\\E,\\Qtest.test_2_serial4\\E,\\Qtest.test_2_serial\\E,\\Qtest.test_6_time\\E,\\Qtest.test_7_time\\E,\\Qtest.test_8_time\\E,\\Qtest.test_9_time\\E,\\Qtest.test_10_time\\E,\\Qtest.test_9_timestamp\\E,\\Qtest.test_10_timestamp\\E,\\Qtest.test_11_timestamp\\E,\\Qtest.test_12_timestamp\\E,\\Qtest.test_13_timestamp\\E,\\Qtest.test_14_timestamp\\E,\\Qtest.test_15_timestamp\\E,\\Qtest.test_16_timestamp\\E,\\Qtest.test_3_timestamptz\\E,\\Qtest.test_4_timestamptz\\E,\\Qtest.test_2_tsquery\\E,\\Qtest.test_2_tsvector\\E,\\Qtest.test_2_uuid\\E,\\Qtest.test_2_xml\\E,\\Qtest.test_2_mood\\E,\\Qtest.test_2_tsrange\\E,\\Qtest.test_2_inventory_item\\E,\\Qtest.test_2_hstore\\E,\\Qtest.test_3_timetz\\E,\\Qtest.test_4_timetz\\E,\\Qtest.test_2_int2_array\\E,\\Qtest.test_2_int4_array\\E,\\Qtest.test_2_int8_array\\E,\\Qtest.test_2_oid_array\\E,\\Qtest.test_2_varchar_array\\E,\\Qtest.test_2_char_array\\E,\\Qtest.test_2_bpchar_array\\E,\\Qtest.test_2_text_array\\E,\\Qtest.test_2_name_array\\E,\\Qtest.test_4_decimal_array\\E,\\Qtest.test_5_decimal_array\\E,\\Qtest.test_6_decimal_array\\E,\\Qtest.test_4_numeric_array\\E,\\Qtest.test_5_numeric_array\\E,\\Qtest.test_6_numeric_array\\E,\\Qtest.test_2_float4_array\\E,\\Qtest.test_2_float8_array\\E,\\Qtest.test_2_money_array\\E,\\Qtest.test_2_bool_array\\E,\\Qtest.test_2_bit_array\\E,\\Qtest.test_2_bytea_array\\E,\\Qtest.test_2_date_array\\E,\\Qtest.test_2_time_array\\E,\\Qtest.test_2_timetz_array\\E,\\Qtest.test_2_timestamptz_array\\E,\\Qtest.test_2_timestamp_array\\E,\\Qtest.test_2_money\\E"}}
{"type":"LOG","log":{"level":"INFO","message":"INFO i.a.w.i.DefaultAirbyteStreamFactory(internalLog):159 INFO i.d.c.c.BaseSourceTask(lambda$start$0):126    snapshot.mode = initial"}}
{"type":"LOG","log":{"level":"INFO","message":"INFO i.a.w.i.DefaultAirbyteStreamFactory(internalLog):159 INFO i.d.c.c.BaseSourceTask(startIfNeededAndPossible):243 Attempting to start task"}}
{"type":"LOG","log":{"level":"INFO","message":"INFO i.a.w.i.DefaultAirbyteStreamFactory(internalLog):159 INFO i.d.c.CommonConnectorConfig(getTopicNamingStrategy):849 Loading the custom topic naming strategy plugin: io.debezium.schema.SchemaTopicNamingStrategy"}}
{"type":"LOG","log":{"level":"INFO","message":"INFO i.a.w.i.DefaultAirbyteStreamFactory(internalLog):159 INFO i.d.j.JdbcConnection(lambda$doClose$4):947 Connection gracefully closed"}}
{"type":"LOG","log":{"level":"INFO","message":"INFO i.a.w.i.DefaultAirbyteStreamFactory(internalLog):159 INFO i.d.c.c.BaseSourceTask(getPreviousOffsets):370 Found previous partition offset PostgresPartition [sourcePartition={server=test}]: {transaction_id=null, lsn=27974704, txId=954, ts_usec=1684593394390505}"}}
{"type":"LOG","log":{"level":"INFO","message":"INFO i.a.w.i.DefaultAirbyteStreamFactory(internalLog):159 INFO i.d.c.p.PostgresConnectorTask(start):113 user 'test' connected to database 'test' on PostgreSQL 14.8 on x86_64-pc-linux-musl, compiled by gcc (Alpine 12.2.1_git20220924-r10) 12.2.1 20220924, 64-bit with roles:\n\trole 'pg_read_all_settings' [superuser: false, replication: false, inherit: true, create role: false, create db: false, can log in: false]\n\trole 'pg_database_owner' [superuser: false, replication: false, inherit: true, create role: false, create db: false, can log in: false]\n\trole 'pg_read_all_data' [superuser: false, replication: false, inherit: true, create role: false, create db: false, can log in: false]\n\trole 'pg_stat_scan_tables' [superuser: false, replication: false, inherit: true, create role: false, create db: false, can log in: false]\n\trole 'pg_write_all_data' [superuser: false, replication: false, inherit: true, create role: false, create db: false, can log in: false]\n\trole 'pg_write_server_files' [superuser: false, replication: false, inherit: true, create role: false, create db: false, can log in: false]\n\trole 'test' [superuser: true, replication: true, inherit: true, create role: true, create db: true, can log in: true]\n\trole 'pg_monitor' [superuser: false, replication: false, inherit: true, create role: false, create db: false, can log in: false]\n\trole 'pg_read_server_files' [superuser: false, replication: false, inherit: true, create role: false, create db: false, can log in: false]\n\trole 'pg_execute_server_program' [superuser: false, replication: false, inherit: true, create role: false, create db: false, can log in: false]\n\trole 'pg_read_all_stats' [superuser: false, replication: false, inherit: true, create role: false, create db: false, can log in: false]\n\trole 'pg_signal_backend' [superuser: false, replication: false, inherit: true, create role: false, create db: false, can log in: false]"}}
{"type":"LOG","log":{"level":"INFO","message":"INFO i.a.w.i.DefaultAirbyteStreamFactory(internalLog):159 INFO i.d.c.p.c.PostgresConnection(readReplicationSlotInfo):264 Obtained valid replication slot ReplicationSlot [active=false, latestFlushedLsn=LSN{0/1AADC30}, catalogXmin=954]"}}
{"type":"LOG","log":{"level":"INFO","message":"INFO i.a.w.i.DefaultAirbyteStreamFactory(internalLog):159 INFO i.d.c.p.PostgresConnectorTask(start):127 Found previous offset PostgresOffsetContext [sourceInfoSchema=Schema{io.debezium.connector.postgresql.Source:STRUCT}, sourceInfo=source_info[server='test'db='test', lsn=LSN{0/1AADC30}, txId=954, timestamp=2023-05-20T14:36:34.390505Z, snapshot=FALSE, schema=, table=], lastSnapshotRecord=false, lastCompletelyProcessedLsn=null, lastCommitLsn=null, streamingStoppingLsn=null, transactionContext=TransactionContext [currentTransactionId=null, perTableEventCount={}, totalEventCount=0], incrementalSnapshotContext=IncrementalSnapshotContext [windowOpened=false, chunkEndPosition=null, dataCollectionsToSnapshot=[], lastEventKeySent=null, maximumKey=null]]"}}
{"type":"LOG","log":{"level":"INFO","message":"INFO i.a.w.i.DefaultAirbyteStreamFactory(internalLog):159 INFO i.d.u.Threads(threadFactory):270 Requested thread factory for connector PostgresConnector, id = test named = change-event-source-coordinator"}}
{"type":"LOG","log":{"level":"INFO","message":"INFO i.a.w.i.DefaultAirbyteStreamFactory(internalLog):159 INFO i.d.u.Threads$3(newThread):287 Creating thread debezium-postgresconnector-test-change-event-source-coordinator"}}
{"type":"LOG","log":{"level":"INFO","message":"INFO i.a.w.i.DefaultAirbyteStreamFactory(internalLog):159 INFO i.d.c.c.BaseSourceTask(startIfNeededAndPossible):245 Successfully started task"}}
{"type":"LOG","log":{"level":"INFO","message":"INFO i.a.w.i.DefaultAirbyteStreamFactory(internalLog):159 INFO i.d.p.ChangeEventSourceCoordinator(lambda$start$0):103 Metrics registered"}}
{"type":"LOG","log":{"level":"INFO","message":"INFO i.a.w.i.DefaultAirbyteStreamFactory(internalLog):159 INFO i.d.p.ChangeEventSourceCoordinator(lambda$start$0):106 Context created"}}
{"type":"LOG","log":{"level":"INFO","message":"INFO i.a.w.i.DefaultAirbyteStreamFactory(internalLog):159 INFO i.d.c.p.s.InitialSnapshotter(shouldSnapshot):42 Previous snapshot has completed successfully, streaming logical changes from last known position"}}
{"type":"LOG","log":{"level":"INFO","message":"INFO i.a.w.i.DefaultAirbyteStreamFactory(internalLog):159 INFO i.d.c.p.PostgresSnapshotChangeEventSource(getSnapshottingTask):68 According to the connector configuration no snapshot will be executed"}}
{"type":"LOG","log":{"level":"INFO","message":"INFO i.a.w.i.DefaultAirbyteStreamFactory(internalLog):159 INFO i.d.p.ChangeEventSourceCoordinator(doSnapshot):156 Snapshot ended with SnapshotResult [status=SKIPPED, offset=PostgresOffsetContext [sourceInfoSchema=Schema{io.debezium.connector.postgresql.Source:STRUCT}, sourceInfo=source_info[server='test'db='test', lsn=LSN{0/1AADC30}, txId=954, timestamp=2023-05-20T14:36:34.390505Z, snapshot=FALSE, schema=, table=], lastSnapshotRecord=false, lastCompletelyProcessedLsn=null, lastCommitLsn=null, streamingStoppingLsn=null, transactionContext=TransactionContext [currentTransactionId=null, perTableEventCount={}, totalEventCount=0], incrementalSnapshotContext=IncrementalSnapshotContext [windowOpened=false, chunkEndPosition=null, dataCollectionsToSnapshot=[], lastEventKeySent=null, maximumKey=null]]]"}}
{"type":"LOG","log":{"level":"INFO","message":"INFO i.a.w.i.DefaultAirbyteStreamFactory(internalLog):159 INFO i.d.p.ChangeEventSourceCoordinator(streamingConnected):240 Connected metrics set to 'true'"}}
{"type":"LOG","log":{"level":"INFO","message":"INFO i.a.w.i.DefaultAirbyteStreamFactory(internalLog):159 INFO i.d.c.p.PostgresSchema(printReplicaIdentityInfo):100 REPLICA IDENTITY for 'test.test_8_time' is 'DEFAULT'; UPDATE and DELETE events will contain previous values only for PK columns"}}
{"type":"LOG","log":{"level":"INFO","message":"INFO i.a.w.i.DefaultAirbyteStreamFactory(internalLog):159 INFO i.d.c.p.PostgresSchema(printReplicaIdentityInfo):100 REPLICA IDENTITY for 'test.test_8_timestamp' is 'DEFAULT'; UPDATE and DELETE events will contain previous values only for PK columns"}}
{"type":"LOG","log":{"level":"INFO","message":"INFO i.a.w.i.DefaultAirbyteStreamFactory(internalLog):159 INFO i.d.c.p.PostgresSchema(printReplicaIdentityInfo):100 REPLICA IDENTITY for 'test.test_3_char' is 'DEFAULT'; UPDATE and DELETE events will contain previous values only for PK columns"}}
{"type":"LOG","log":{"level":"INFO","message":"INFO i.a.w.i.DefaultAirbyteStreamFactory(internalLog):159 INFO i.d.c.p.PostgresSchema(printReplicaIdentityInfo):100 REPLICA IDENTITY for 'test.test_2_char_array' is 'DEFAULT'; UPDATE and DELETE events will contain previous values only for PK columns"}}
{"type":"LOG","log":{"level":"INFO","message":"INFO i.a.w.i.DefaultAirbyteStreamFactory(internalLog):159 INFO i.d.c.p.PostgresSchema(printReplicaIdentityInfo):100 REPLICA IDENTITY for 'test.test_7_numeric' is 'DEFAULT'; UPDATE and DELETE events will contain previous values only for PK columns"}}
{"type":"LOG","log":{"level":"INFO","message":"INFO i.a.w.i.DefaultAirbyteStreamFactory(internalLog):159 INFO i.d.c.p.PostgresSchema(printReplicaIdentityInfo):100 REPLICA IDENTITY for 'test.test_1_timetz_array' is 'DEFAULT'; UPDATE and DELETE events will contain previous values only for PK columns"}}
{"type":"LOG","log":{"level":"INFO","message":"INFO i.a.w.i.DefaultAirbyteStreamFactory(internalLog):159 INFO i.d.c.p.PostgresSchema(printReplicaIdentityInfo):100 REPLICA IDENTITY for 'test.test_1_circle' is 'DEFAULT'; UPDATE and DELETE events will contain previous values only for PK columns"}}
{"type":"LOG","log":{"level":"INFO","message":"INFO i.a.w.i.DefaultAirbyteStreamFactory(internalLog):159 INFO i.d.c.p.PostgresSchema(printReplicaIdentityInfo):100 REPLICA IDENTITY for 'test.test_2_varchar_array' is 'DEFAULT'; UPDATE and DELETE events will contain previous values only for PK columns"}}
{"type":"LOG","log":{"level":"INFO","message":"INFO i.a.w.i.DefaultAirbyteStreamFactory(internalLog):159 INFO i.d.c.p.PostgresSchema(printReplicaIdentityInfo):100 REPLICA IDENTITY for 'test.test_2_money' is 'DEFAULT'; UPDATE and DELETE events will contain previous values only for PK columns"}}
{"type":"LOG","log":{"level":"INFO","message":"INFO i.a.w.i.DefaultAirbyteStreamFactory(internalLog):159 INFO i.d.c.p.PostgresSchema(printReplicaIdentityInfo):100 REPLICA IDENTITY for 'test.test_1_float4_array' is 'DEFAULT'; UPDATE and DELETE events will contain previous values only for PK columns"}}
{"type":"LOG","log":{"level":"INFO","message":"INFO i.a.w.i.DefaultAirbyteStreamFactory(internalLog):159 INFO i.d.c.p.PostgresSchema(printReplicaIdentityInfo):100 REPLICA IDENTITY for 'test.test_1_tsquery' is 'DEFAULT'; UPDATE and DELETE events will contain previous values only for PK columns"}}
{"type":"LOG","log":{"level":"INFO","message":"INFO i.a.w.i.DefaultAirbyteStreamFactory(internalLog):159 INFO i.d.c.p.PostgresSchema(printReplicaIdentityInfo):100 REPLICA IDENTITY for 'test.test_1_text' is 'DEFAULT'; UPDATE and DELETE events will contain previous values only for PK columns"}}
{"type":"LOG","log":{"level":"INFO","message":"INFO i.a.w.i.DefaultAirbyteStreamFactory(internalLog):159 INFO i.d.c.p.PostgresSchema(printReplicaIdentityInfo):100 REPLICA IDENTITY for 'test.test_2_numeric_array' is 'DEFAULT'; UPDATE and DELETE events will contain previous values only for PK columns"}}
{"type":"LOG","log":{"level":"INFO","message":"INFO i.a.w.i.DefaultAirbyteStreamFactory(internalLog):159 INFO i.d.c.p.PostgresSchema(printReplicaIdentityInfo):100 REPLICA IDENTITY for 'test.test_2_date_array' is 'DEFAULT'; UPDATE and DELETE events will contain previous values only for PK columns"}}
{"type":"LOG","log":{"level":"INFO","message":"INFO i.a.w.i.DefaultAirbyteStreamFactory(internalLog):159 INFO i.d.c.p.PostgresSchema(printReplicaIdentityInfo):100 REPLICA IDENTITY for 'test.test_2_bytea' is 'DEFAULT'; UPDATE and DELETE events will contain previous values only for PK columns"}}
{"type":"LOG","log":{"level":"INFO","message":"INFO i.a.w.i.DefaultAirbyteStreamFactory(internalLog):159 INFO i.d.c.p.PostgresSchema(printReplicaIdentityInfo):100 REPLICA IDENTITY for 'test.test_2_path' is 'DEFAULT'; UPDATE and DELETE events will contain previous values only for PK columns"}}
{"type":"LOG","log":{"level":"INFO","message":"INFO i.a.w.i.DefaultAirbyteStreamFactory(internalLog):159 INFO i.d.c.p.PostgresSchema(printReplicaIdentityInfo):100 REPLICA IDENTITY for 'test.test_2_int2' is 'DEFAULT'; UPDATE and DELETE events will contain previous values only for PK columns"}}
{"type":"LOG","log":{"level":"INFO","message":"INFO i.a.w.i.DefaultAirbyteStreamFactory(internalLog):159 INFO i.d.c.p.PostgresSchema(printReplicaIdentityInfo):100 REPLICA IDENTITY for 'test.test_1_serial' is 'DEFAULT'; UPDATE and DELETE events will contain previous values only for PK columns"}}
{"type":"LOG","log":{"level":"INFO","message":"INFO i.a.w.i.DefaultAirbyteStreamFactory(internalLog):159 INFO i.d.c.p.PostgresSchema(printReplicaIdentityInfo):100 REPLICA IDENTITY for 'test.test_2_int4' is 'DEFAULT'; UPDATE and DELETE events will contain previous values only for PK columns"}}
{"type":"LOG","log":{"level":"INFO","message":"INFO i.a.w.i.DefaultAirbyteStreamFactory(internalLog):159 INFO i.d.c.p.PostgresSchema(printReplicaIdentityInfo):100 REPLICA IDENTITY for 'test.test_2_bool_array' is 'DEFAULT'; UPDATE and DELETE events will contain previous values only for PK columns"}}
{"type":"LOG","log":{"level":"INFO","message":"INFO i.a.w.i.DefaultAirbyteStreamFactory(internalLog):159 INFO i.d.c.p.PostgresSchema(printReplicaIdentityInfo):100 REPLICA IDENTITY for 'test.test_5_date' is 'DEFAULT'; UPDATE and DELETE events will contain previous values only for PK columns"}}
{"type":"LOG","log":{"level":"INFO","message":"INFO i.a.w.i.DefaultAirbyteStreamFactory(internalLog):159 INFO i.d.c.p.PostgresSchema(printReplicaIdentityInfo):100 REPLICA IDENTITY for 'test.test_7_timestamp' is 'DEFAULT'; UPDATE and DELETE events will contain previous values only for PK columns"}}
{"type":"LOG","log":{"level":"INFO","message":"INFO i.a.w.i.DefaultAirbyteStreamFactory(internalLog):159 INFO i.d.c.p.PostgresSchema(printReplicaIdentityInfo):100 REPLICA IDENTITY for 'test.test_3_decimal_array' is 'DEFAULT'; UPDATE and DELETE events will contain previous values only for PK columns"}}
{"type":"LOG","log":{"level":"INFO","message":"INFO i.a.w.i.DefaultAirbyteStreamFactory(internalLog):159 INFO i.d.c.p.PostgresSchema(printReplicaIdentityInfo):100 REPLICA IDENTITY for 'test.test_13_timestamp' is 'DEFAULT'; UPDATE and DELETE events will contain previous values only for PK columns"}}
{"type":"LOG","log":{"level":"INFO","message":"INFO i.a.w.i.DefaultAirbyteStreamFactory(internalLog):159 INFO i.d.c.p.PostgresSchema(printReplicaIdentityInfo):100 REPLICA IDENTITY for 'test.test_1_text_array' is 'DEFAULT'; UPDATE and DELETE events will contain previous values only for PK columns"}}
{"type":"LOG","log":{"level":"INFO","message":"INFO i.a.w.i.DefaultAirbyteStreamFactory(internalLog):159 INFO i.d.c.p.PostgresSchema(printReplicaIdentityInfo):100 REPLICA IDENTITY for 'test.test_2_timetz_array' is 'DEFAULT'; UPDATE and DELETE events will contain previous values only for PK columns"}}
{"type":"LOG","log":{"level":"INFO","message":"INFO i.a.w.i.DefaultAirbyteStreamFactory(internalLog):159 INFO i.d.c.p.PostgresSchema(printReplicaIdentityInfo):100 REPLICA IDENTITY for 'test.test_1_bigserial' is 'DEFAULT'; UPDATE and DELETE events will contain previous values only for PK columns"}}
{"type":"LOG","log":{"level":"INFO","message":"INFO i.a.w.i.DefaultAirbyteStreamFactory(internalLog):159 INFO i.d.c.p.PostgresSchema(printReplicaIdentityInfo):100 REPLICA IDENTITY for 'test.test_1_serial2' is 'DEFAULT'; UPDATE and DELETE events will contain previous values only for PK columns"}}
{"type":"LOG","log":{"level":"INFO","message":"INFO i.a.w.i.DefaultAirbyteStreamFactory(internalLog):159 INFO i.d.c.p.PostgresSchema(printReplicaIdentityInfo):100 REPLICA IDENTITY for 'test.test_1_bool' is 'DEFAULT'; UPDATE and DELETE events will contain previous values only for PK columns"}}
{"type":"LOG","log":{"level":"INFO","message":"INFO i.a.w.i.DefaultAirbyteStreamFactory(internalLog):159 INFO i.d.c.p.PostgresSchema(printReplicaIdentityInfo):100 REPLICA IDENTITY for 'test.test_2_bit' is 'DEFAULT'; UPDATE and DELETE events will contain previous values only for PK columns"}}
{"type":"LOG","log":{"level":"INFO","message":"INFO i.a.w.i.DefaultAirbyteStreamFactory(internalLog):159 INFO i.d.c.p.PostgresSchema(printReplicaIdentityInfo):100 REPLICA IDENTITY for 'test.test_1_mood' is 'DEFAULT'; UPDATE and DELETE events will contain previous values only for PK columns"}}
{"type":"LOG","log":{"level":"INFO","message":"INFO i.a.w.i.DefaultAirbyteStreamFactory(internalLog):159 INFO i.d.c.p.PostgresSchema(printReplicaIdentityInfo):100 REPLICA IDENTITY for 'test.test_2_numeric' is 'DEFAULT'; UPDATE and DELETE events will contain previous values only for PK columns"}}
{"type":"LOG","log":{"level":"INFO","message":"INFO i.a.w.i.DefaultAirbyteStreamFactory(internalLog):159 INFO i.d.c.p.PostgresSchema(printReplicaIdentityInfo):100 REPLICA IDENTITY for 'test.test_2_time_array' is 'DEFAULT'; UPDATE and DELETE events will contain previous values only for PK columns"}}
{"type":"LOG","log":{"level":"INFO","message":"INFO i.a.w.i.DefaultAirbyteStreamFactory(internalLog):159 INFO i.d.c.p.PostgresSchema(printReplicaIdentityInfo):100 REPLICA IDENTITY for 'test.test_1_integer' is 'DEFAULT'; UPDATE and DELETE events will contain previous values only for PK columns"}}
{"type":"LOG","log":{"level":"INFO","message":"INFO i.a.w.i.DefaultAirbyteStreamFactory(internalLog):159 INFO i.d.c.p.PostgresSchema(printReplicaIdentityInfo):100 REPLICA IDENTITY for 'test.test_2_int8_array' is 'DEFAULT'; UPDATE and DELETE events will contain previous values only for PK columns"}}
{"type":"LOG","log":{"level":"INFO","message":"INFO i.a.w.i.DefaultAirbyteStreamFactory(internalLog):159 INFO i.d.c.p.PostgresSchema(printReplicaIdentityInfo):100 REPLICA IDENTITY for 'test.test_6_timestamp' is 'DEFAULT'; UPDATE and DELETE events will contain previous values only for PK columns"}}
{"type":"LOG","log":{"level":"INFO","message":"INFO i.a.w.i.DefaultAirbyteStreamFactory(internalLog):159 INFO i.d.c.p.PostgresSchema(printReplicaIdentityInfo):100 REPLICA IDENTITY for 'test.test_4_decimal_array' is 'DEFAULT'; UPDATE and DELETE events will contain previous values only for PK columns"}}
{"type":"LOG","log":{"level":"INFO","message":"INFO i.a.w.i.DefaultAirbyteStreamFactory(internalLog):159 INFO i.d.c.p.PostgresSchema(printReplicaIdentityInfo):100 REPLICA IDENTITY for 'test.test_2_float4_array' is 'DEFAULT'; UPDATE and DELETE events will contain previous values only for PK columns"}}
{"type":"LOG","log":{"level":"INFO","message":"INFO i.a.w.i.DefaultAirbyteStreamFactory(internalLog):159 INFO i.d.c.p.PostgresSchema(printReplicaIdentityInfo):100 REPLICA IDENTITY for 'test.test_3_timetz' is 'DEFAULT'; UPDATE and DELETE events will contain previous values only for PK columns"}}
{"type":"LOG","log":{"level":"INFO","message":"INFO i.a.w.i.DefaultAirbyteStreamFactory(internalLog):159 INFO i.d.c.p.PostgresSchema(printReplicaIdentityInfo):100 REPLICA IDENTITY for 'test.test_1_oid_array' is 'DEFAULT'; UPDATE and DELETE events will contain previous values only for PK columns"}}
{"type":"LOG","log":{"level":"INFO","message":"INFO i.a.w.i.DefaultAirbyteStreamFactory(internalLog):159 INFO i.d.c.p.PostgresSchema(printReplicaIdentityInfo):100 REPLICA IDENTITY for 'test.test_2_inet' is 'DEFAULT'; UPDATE and DELETE events will contain previous values only for PK columns"}}
{"type":"LOG","log":{"level":"INFO","message":"INFO i.a.w.i.DefaultAirbyteStreamFactory(internalLog):159 INFO i.d.c.p.PostgresSchema(printReplicaIdentityInfo):100 REPLICA IDENTITY for 'test.test_1_json' is 'DEFAULT'; UPDATE and DELETE events will contain previous values only for PK columns"}}
{"type":"LOG","log":{"level":"INFO","message":"INFO i.a.w.i.DefaultAirbyteStreamFactory(internalLog):159 INFO i.d.c.p.PostgresSchema(printReplicaIdentityInfo):100 REPLICA IDENTITY for 'test.test_1_interval' is 'DEFAULT'; UPDATE and DELETE events will contain previous values only for PK columns"}}
{"type":"LOG","log":{"level":"INFO","message":"INFO i.a.w.i.DefaultAirbyteStreamFactory(internalLog):159 INFO i.d.c.p.PostgresSchema(printReplicaIdentityInfo):100 REPLICA IDENTITY for 'test.test_1_name_array' is 'DEFAULT'; UPDATE and DELETE events will contain previous values only for PK columns"}}
{"type":"LOG","log":{"level":"INFO","message":"INFO i.a.w.i.DefaultAirbyteStreamFactory(internalLog):159 INFO i.d.c.p.PostgresSchema(printReplicaIdentityInfo):100 REPLICA IDENTITY for 'test.test_1_tsrange' is 'DEFAULT'; UPDATE and DELETE events will contain previous values only for PK columns"}}
{"type":"LOG","log":{"level":"INFO","message":"INFO i.a.w.i.DefaultAirbyteStreamFactory(internalLog):159 INFO i.d.c.p.PostgresSchema(printReplicaIdentityInfo):100 REPLICA IDENTITY for 'test.test_9_timestamp' is 'DEFAULT'; UPDATE and DELETE events will contain previous values only for PK columns"}}
{"type":"LOG","log":{"level":"INFO","message":"INFO i.a.w.i.DefaultAirbyteStreamFactory(internalLog):159 INFO i.d.c.p.PostgresSchema(printReplicaIdentityInfo):100 REPLICA IDENTITY for 'test.test_2_lseg' is 'DEFAULT'; UPDATE and DELETE events will contain previous values only for PK columns"}}
{"type":"LOG","log":{"level":"INFO","message":"INFO i.a.w.i.DefaultAirbyteStreamFactory(internalLog):159 INFO i.d.c.p.PostgresSchema(printReplicaIdentityInfo):100 REPLICA IDENTITY for 'test.test_1_varchar' is 'DEFAULT'; UPDATE and DELETE events will contain previous values only for PK columns"}}
{"type":"LOG","log":{"level":"INFO","message":"INFO i.a.w.i.DefaultAirbyteStreamFactory(internalLog):159 INFO i.d.c.p.PostgresSchema(printReplicaIdentityInfo):100 REPLICA IDENTITY for 'test.test_4_varchar' is 'DEFAULT'; UPDATE and DELETE events will contain previous values only for PK columns"}}
{"type":"LOG","log":{"level":"INFO","message":"INFO i.a.w.i.DefaultAirbyteStreamFactory(internalLog):159 INFO i.d.c.p.PostgresSchema(printReplicaIdentityInfo):100 REPLICA IDENTITY for 'test.test_14_timestamp' is 'DEFAULT'; UPDATE and DELETE events will contain previous values only for PK columns"}}
{"type":"LOG","log":{"level":"INFO","message":"INFO i.a.w.i.DefaultAirbyteStreamFactory(internalLog):159 INFO i.d.c.p.PostgresSchema(printReplicaIdentityInfo):100 REPLICA IDENTITY for 'test.test_1_macaddr' is 'DEFAULT'; UPDATE and DELETE events will contain previous values only for PK columns"}}
{"type":"LOG","log":{"level":"INFO","message":"INFO i.a.w.i.DefaultAirbyteStreamFactory(internalLog):159 INFO i.d.c.p.PostgresSchema(printReplicaIdentityInfo):100 REPLICA IDENTITY for 'test.test_1_int2_array' is 'DEFAULT'; UPDATE and DELETE events will contain previous values only for PK columns"}}
{"type":"LOG","log":{"level":"INFO","message":"INFO i.a.w.i.DefaultAirbyteStreamFactory(internalLog):159 INFO i.d.c.p.PostgresSchema(printReplicaIdentityInfo):100 REPLICA IDENTITY for 'test.test_1_boolean' is 'DEFAULT'; UPDATE and DELETE events will contain previous values only for PK columns"}}
{"type":"LOG","log":{"level":"INFO","message":"INFO i.a.w.i.DefaultAirbyteStreamFactory(internalLog):159 INFO i.d.c.p.PostgresSchema(printReplicaIdentityInfo):100 REPLICA IDENTITY for 'test.test_2_float' is 'DEFAULT'; UPDATE and DELETE events will contain previous values only for PK columns"}}
{"type":"LOG","log":{"level":"INFO","message":"INFO i.a.w.i.DefaultAirbyteStreamFactory(internalLog):159 INFO i.d.c.p.PostgresSchema(printReplicaIdentityInfo):100 REPLICA IDENTITY for 'test.test_1_time' is 'DEFAULT'; UPDATE and DELETE events will contain previous values only for PK columns"}}
{"type":"LOG","log":{"level":"INFO","message":"INFO i.a.w.i.DefaultAirbyteStreamFactory(internalLog):159 INFO i.d.c.p.PostgresSchema(printReplicaIdentityInfo):100 REPLICA IDENTITY for 'test.test_1_int8_array' is 'DEFAULT'; UPDATE and DELETE events will contain previous values only for PK columns"}}
{"type":"LOG","log":{"level":"INFO","message":"INFO i.a.w.i.DefaultAirbyteStreamFactory(internalLog):159 INFO i.d.c.p.PostgresSchema(printReplicaIdentityInfo):100 REPLICA IDENTITY for 'test.test_4_time' is 'DEFAULT'; UPDATE and DELETE events will contain previous values only for PK columns"}}
{"type":"LOG","log":{"level":"INFO","message":"INFO i.a.w.i.DefaultAirbyteStreamFactory(internalLog):159 INFO i.d.c.p.PostgresSchema(printReplicaIdentityInfo):100 REPLICA IDENTITY for 'test.test_1_serial4' is 'DEFAULT'; UPDATE and DELETE events will contain previous values only for PK columns"}}
{"type":"LOG","log":{"level":"INFO","message":"INFO i.a.w.i.DefaultAirbyteStreamFactory(internalLog):159 INFO i.d.c.p.PostgresSchema(printReplicaIdentityInfo):100 REPLICA IDENTITY for 'test.test_11_timestamp' is 'DEFAULT'; UPDATE and DELETE events will contain previous values only for PK columns"}}
{"type":"LOG","log":{"level":"INFO","message":"INFO i.a.w.i.DefaultAirbyteStreamFactory(internalLog):159 INFO i.d.c.p.PostgresSchema(printReplicaIdentityInfo):100 REPLICA IDENTITY for 'test.test_1_date' is 'DEFAULT'; UPDATE and DELETE events will contain previous values only for PK columns"}}
{"type":"LOG","log":{"level":"INFO","message":"INFO i.a.w.i.DefaultAirbyteStreamFactory(internalLog):159 INFO i.d.c.p.PostgresSchema(printReplicaIdentityInfo):100 REPLICA IDENTITY for 'test.test_2_text_array' is 'DEFAULT'; UPDATE and DELETE events will contain previous values only for PK columns"}}
{"type":"LOG","log":{"level":"INFO","message":"INFO i.a.w.i.DefaultAirbyteStreamFactory(internalLog):159 INFO i.d.c.p.PostgresSchema(printReplicaIdentityInfo):100 REPLICA IDENTITY for 'test.test_2_time' is 'DEFAULT'; UPDATE and DELETE events will contain previous values only for PK columns"}}
{"type":"LOG","log":{"level":"INFO","message":"INFO i.a.w.i.DefaultAirbyteStreamFactory(internalLog):159 INFO i.d.c.p.PostgresSchema(printReplicaIdentityInfo):100 REPLICA IDENTITY for 'test.test_2_interval' is 'DEFAULT'; UPDATE and DELETE events will contain previous values only for PK columns"}}
{"type":"LOG","log":{"level":"INFO","message":"INFO i.a.w.i.DefaultAirbyteStreamFactory(internalLog):159 INFO i.d.c.p.PostgresSchema(printReplicaIdentityInfo):100 REPLICA IDENTITY for 'test.test_1_numeric' is 'DEFAULT'; UPDATE and DELETE events will contain previous values only for PK columns"}}
{"type":"LOG","log":{"level":"INFO","message":"INFO i.a.w.i.DefaultAirbyteStreamFactory(internalLog):159 INFO i.d.c.p.PostgresSchema(printReplicaIdentityInfo):100 REPLICA IDENTITY for 'test.test_2_bit_varying' is 'DEFAULT'; UPDATE and DELETE events will contain previous values only for PK columns"}}
{"type":"LOG","log":{"level":"INFO","message":"INFO i.a.w.i.DefaultAirbyteStreamFactory(internalLog):159 INFO i.d.c.p.PostgresSchema(printReplicaIdentityInfo):100 REPLICA IDENTITY for 'test.test_1_uuid' is 'DEFAULT'; UPDATE and DELETE events will contain previous values only for PK columns"}}
{"type":"LOG","log":{"level":"INFO","message":"INFO i.a.w.i.DefaultAirbyteStreamFactory(internalLog):159 INFO i.d.c.p.PostgresSchema(printReplicaIdentityInfo):100 REPLICA IDENTITY for 'test.test_4_bit_varying' is 'DEFAULT'; UPDATE and DELETE events will contain previous values only for PK columns"}}
{"type":"LOG","log":{"level":"INFO","message":"INFO i.a.w.i.DefaultAirbyteStreamFactory(internalLog):159 INFO i.d.c.p.PostgresSchema(printReplicaIdentityInfo):100 REPLICA IDENTITY for 'test.test_3_time' is 'DEFAULT'; UPDATE and DELETE events will contain previous values only for PK columns"}}
{"type":"LOG","log":{"level":"INFO","message":"INFO i.a.w.i.DefaultAirbyteStreamFactory(internalLog):159 INFO i.d.c.p.PostgresSchema(printReplicaIdentityInfo):100 REPLICA IDENTITY for 'test.test_1_bool_array' is 'DEFAULT'; UPDATE and DELETE events will contain previous values only for PK columns"}}
{"type":"LOG","log":{"level":"INFO","message":"INFO i.a.w.i.DefaultAirbyteStreamFactory(internalLog):159 INFO i.d.c.p.PostgresSchema(printReplicaIdentityInfo):100 REPLICA IDENTITY for 'test.test_2_bytea_array' is 'DEFAULT'; UPDATE and DELETE events will contain previous values only for PK columns"}}
{"type":"LOG","log":{"level":"INFO","message":"INFO i.a.w.i.DefaultAirbyteStreamFactory(internalLog):159 INFO i.d.c.p.PostgresSchema(printReplicaIdentityInfo):100 REPLICA IDENTITY for 'test.test_1_int4_array' is 'DEFAULT'; UPDATE and DELETE events will contain previous values only for PK columns"}}
{"type":"LOG","log":{"level":"INFO","message":"INFO i.a.w.i.DefaultAirbyteStreamFactory(internalLog):159 INFO i.d.c.p.PostgresSchema(printReplicaIdentityInfo):100 REPLICA IDENTITY for 'test.test_1_varchar_array' is 'DEFAULT'; UPDATE and DELETE events will contain previous values only for PK columns"}}
{"type":"LOG","log":{"level":"INFO","message":"INFO i.a.w.i.DefaultAirbyteStreamFactory(internalLog):159 INFO i.d.c.p.PostgresSchema(printReplicaIdentityInfo):100 REPLICA IDENTITY for 'test.test_3_varchar' is 'DEFAULT'; UPDATE and DELETE events will contain previous values only for PK columns"}}
{"type":"LOG","log":{"level":"INFO","message":"INFO i.a.w.i.DefaultAirbyteStreamFactory(internalLog):159 INFO i.d.c.p.PostgresSchema(printReplicaIdentityInfo):100 REPLICA IDENTITY for 'test.test_3_numeric_array' is 'DEFAULT'; UPDATE and DELETE events will contain previous values only for PK columns"}}
{"type":"LOG","log":{"level":"INFO","message":"INFO i.a.w.i.DefaultAirbyteStreamFactory(internalLog):159 INFO i.d.c.p.PostgresSchema(printReplicaIdentityInfo):100 REPLICA IDENTITY for 'test.test_1_real' is 'DEFAULT'; UPDATE and DELETE events will contain previous values only for PK columns"}}
{"type":"LOG","log":{"level":"INFO","message":"INFO i.a.w.i.DefaultAirbyteStreamFactory(internalLog):159 INFO i.d.c.p.PostgresSchema(printReplicaIdentityInfo):100 REPLICA IDENTITY for 'test.test_1_money' is 'DEFAULT'; UPDATE and DELETE events will contain previous values only for PK columns"}}
{"type":"LOG","log":{"level":"INFO","message":"INFO i.a.w.i.DefaultAirbyteStreamFactory(internalLog):159 INFO i.d.c.p.PostgresSchema(printReplicaIdentityInfo):100 REPLICA IDENTITY for 'test.test_2_name_array' is 'DEFAULT'; UPDATE and DELETE events will contain previous values only for PK columns"}}
{"type":"LOG","log":{"level":"INFO","message":"INFO i.a.w.i.DefaultAirbyteStreamFactory(internalLog):159 INFO i.d.c.p.PostgresSchema(printReplicaIdentityInfo):100 REPLICA IDENTITY for 'test.test_1_bit_array' is 'DEFAULT'; UPDATE and DELETE events will contain previous values only for PK columns"}}
{"type":"LOG","log":{"level":"INFO","message":"INFO i.a.w.i.DefaultAirbyteStreamFactory(internalLog):159 INFO i.d.c.p.PostgresSchema(printReplicaIdentityInfo):100 REPLICA IDENTITY for 'test.test_1_pg_lsn' is 'DEFAULT'; UPDATE and DELETE events will contain previous values only for PK columns"}}
{"type":"LOG","log":{"level":"INFO","message":"INFO i.a.w.i.DefaultAirbyteStreamFactory(internalLog):159 INFO i.d.c.p.PostgresSchema(printReplicaIdentityInfo):100 REPLICA IDENTITY for 'test.test_2_boolean' is 'DEFAULT'; UPDATE and DELETE events will contain previous values only for PK columns"}}
{"type":"LOG","log":{"level":"INFO","message":"INFO i.a.w.i.DefaultAirbyteStreamFactory(internalLog):159 INFO i.d.c.p.PostgresSchema(printReplicaIdentityInfo):100 REPLICA IDENTITY for 'test.test_1_jsonb' is 'DEFAULT'; UPDATE and DELETE events will contain previous values only for PK columns"}}
{"type":"LOG","log":{"level":"INFO","message":"INFO i.a.w.i.DefaultAirbyteStreamFactory(internalLog):159 INFO i.d.c.p.PostgresSchema(printReplicaIdentityInfo):100 REPLICA IDENTITY for 'test.test_2_integer' is 'DEFAULT'; UPDATE and DELETE events will contain previous values only for PK columns"}}
{"type":"LOG","log":{"level":"INFO","message":"INFO i.a.w.i.DefaultAirbyteStreamFactory(internalLog):159 INFO i.d.c.p.PostgresSchema(printReplicaIdentityInfo):100 REPLICA IDENTITY for 'test.test_3_timestamp' is 'DEFAULT'; UPDATE and DELETE events will contain previous values only for PK columns"}}
{"type":"LOG","log":{"level":"INFO","message":"INFO i.a.w.i.DefaultAirbyteStreamFactory(internalLog):159 INFO i.d.c.p.PostgresSchema(printReplicaIdentityInfo):100 REPLICA IDENTITY for 'test.test_1_decimal' is 'DEFAULT'; UPDATE and DELETE events will contain previous values only for PK columns"}}
{"type":"LOG","log":{"level":"INFO","message":"INFO i.a.w.i.DefaultAirbyteStreamFactory(internalLog):159 INFO i.d.c.p.PostgresSchema(printReplicaIdentityInfo):100 REPLICA IDENTITY for 'test.test_4_numeric' is 'DEFAULT'; UPDATE and DELETE events will contain previous values only for PK columns"}}
{"type":"LOG","log":{"level":"INFO","message":"INFO i.a.w.i.DefaultAirbyteStreamFactory(internalLog):159 INFO i.d.c.p.PostgresSchema(printReplicaIdentityInfo):100 REPLICA IDENTITY for 'test.test_2_money_array' is 'DEFAULT'; UPDATE and DELETE events will contain previous values only for PK columns"}}
{"type":"LOG","log":{"level":"INFO","message":"INFO i.a.w.i.DefaultAirbyteStreamFactory(internalLog):159 INFO i.d.c.p.PostgresSchema(printReplicaIdentityInfo):100 REPLICA IDENTITY for 'test.test_1_smallserial' is 'DEFAULT'; UPDATE and DELETE events will contain previous values only for PK columns"}}
{"type":"LOG","log":{"level":"INFO","message":"INFO i.a.w.i.DefaultAirbyteStreamFactory(internalLog):159 INFO i.d.c.p.PostgresSchema(printReplicaIdentityInfo):100 REPLICA IDENTITY for 'test.test_4_timetz' is 'DEFAULT'; UPDATE and DELETE events will contain previous values only for PK columns"}}
{"type":"LOG","log":{"level":"INFO","message":"INFO i.a.w.i.DefaultAirbyteStreamFactory(internalLog):159 INFO i.d.c.p.PostgresSchema(printReplicaIdentityInfo):100 REPLICA IDENTITY for 'test.test_1_date_array' is 'DEFAULT'; UPDATE and DELETE events will contain previous values only for PK columns"}}
{"type":"LOG","log":{"level":"INFO","message":"INFO i.a.w.i.DefaultAirbyteStreamFactory(internalLog):159 INFO i.d.c.p.PostgresSchema(printReplicaIdentityInfo):100 REPLICA IDENTITY for 'test.test_12_timestamp' is 'DEFAULT'; UPDATE and DELETE events will contain previous values only for PK columns"}}
{"type":"LOG","log":{"level":"INFO","message":"INFO i.a.w.i.DefaultAirbyteStreamFactory(internalLog):159 INFO i.d.c.p.PostgresSchema(printReplicaIdentityInfo):100 REPLICA IDENTITY for 'test.test_1_timetz' is 'DEFAULT'; UPDATE and DELETE events will contain previous values only for PK columns"}}
{"type":"LOG","log":{"level":"INFO","message":"INFO i.a.w.i.DefaultAirbyteStreamFactory(internalLog):159 INFO i.d.c.p.PostgresSchema(printReplicaIdentityInfo):100 REPLICA IDENTITY for 'test.test_2_float8' is 'DEFAULT'; UPDATE and DELETE events will contain previous values only for PK columns"}}
{"type":"LOG","log":{"level":"INFO","message":"INFO i.a.w.i.DefaultAirbyteStreamFactory(internalLog):159 INFO i.d.c.p.PostgresSchema(printReplicaIdentityInfo):100 REPLICA IDENTITY for 'test.test_2_bpchar_array' is 'DEFAULT'; UPDATE and DELETE events will contain previous values only for PK columns"}}
{"type":"LOG","log":{"level":"INFO","message":"INFO i.a.w.i.DefaultAirbyteStreamFactory(internalLog):159 INFO i.d.c.p.PostgresSchema(printReplicaIdentityInfo):100 REPLICA IDENTITY for 'test.test_2_jsonb' is 'DEFAULT'; UPDATE and DELETE events will contain previous values only for PK columns"}}
{"type":"LOG","log":{"level":"INFO","message":"INFO i.a.w.i.DefaultAirbyteStreamFactory(internalLog):159 INFO i.d.c.p.PostgresSchema(printReplicaIdentityInfo):100 REPLICA IDENTITY for 'test.test_2_tsvector' is 'DEFAULT'; UPDATE and DELETE events will contain previous values only for PK columns"}}
{"type":"LOG","log":{"level":"INFO","message":"INFO i.a.w.i.DefaultAirbyteStreamFactory(internalLog):159 INFO i.d.c.p.PostgresSchema(printReplicaIdentityInfo):100 REPLICA IDENTITY for 'test.test_2_bit_array' is 'DEFAULT'; UPDATE and DELETE events will contain previous values only for PK columns"}}
{"type":"LOG","log":{"level":"INFO","message":"INFO i.a.w.i.DefaultAirbyteStreamFactory(internalLog):159 INFO i.d.c.p.PostgresSchema(printReplicaIdentityInfo):100 REPLICA IDENTITY for 'test.test_1_cidr' is 'DEFAULT'; UPDATE and DELETE events will contain previous values only for PK columns"}}
{"type":"LOG","log":{"level":"INFO","message":"INFO i.a.w.i.DefaultAirbyteStreamFactory(internalLog):159 INFO i.d.c.p.PostgresSchema(printReplicaIdentityInfo):100 REPLICA IDENTITY for 'test.test_2_float4' is 'DEFAULT'; UPDATE and DELETE events will contain previous values only for PK columns"}}
{"type":"LOG","log":{"level":"INFO","message":"INFO i.a.w.i.DefaultAirbyteStreamFactory(internalLog):159 INFO i.d.c.p.PostgresSchema(printReplicaIdentityInfo):100 REPLICA IDENTITY for 'test.test_2_timestamp_array' is 'DEFAULT'; UPDATE and DELETE events will contain previous values only for PK columns"}}
{"type":"LOG","log":{"level":"INFO","message":"INFO i.a.w.i.DefaultAirbyteStreamFactory(internalLog):159 INFO i.d.c.p.PostgresSchema(printReplicaIdentityInfo):100 REPLICA IDENTITY for 'test.test_2_hstore' is 'DEFAULT'; UPDATE and DELETE events will contain previous values only for PK columns"}}
{"type":"LOG","log":{"level":"INFO","message":"INFO i.a.w.i.DefaultAirbyteStreamFactory(internalLog):159 INFO i.d.c.p.PostgresSchema(printReplicaIdentityInfo):100 REPLICA IDENTITY for 'test.test_2_timestamptz_array' is 'DEFAULT'; UPDATE and DELETE events will contain previous values only for PK columns"}}
{"type":"LOG","log":{"level":"INFO","message":"INFO i.a.w.i.DefaultAirbyteStreamFactory(internalLog):159 INFO i.d.c.p.PostgresSchema(printReplicaIdentityInfo):100 REPLICA IDENTITY for 'test.test_2_json' is 'DEFAULT'; UPDATE and DELETE events will contain previous values only for PK columns"}}
{"type":"LOG","log":{"level":"INFO","message":"INFO i.a.w.i.DefaultAirbyteStreamFactory(internalLog):159 INFO i.d.c.p.PostgresSchema(printReplicaIdentityInfo):100 REPLICA IDENTITY for 'test.test_2_timestamp' is 'DEFAULT'; UPDATE and DELETE events will contain previous values only for PK columns"}}
{"type":"LOG","log":{"level":"INFO","message":"INFO i.a.w.i.DefaultAirbyteStreamFactory(internalLog):159 INFO i.d.c.p.PostgresSchema(printReplicaIdentityInfo):100 REPLICA IDENTITY for 'test.test_1_bigint' is 'DEFAULT'; UPDATE and DELETE events will contain previous values only for PK columns"}}
{"type":"LOG","log":{"level":"INFO","message":"INFO i.a.w.i.DefaultAirbyteStreamFactory(internalLog):159 INFO i.d.c.p.PostgresSchema(printReplicaIdentityInfo):100 REPLICA IDENTITY for 'test.test_2_bool' is 'DEFAULT'; UPDATE and DELETE events will contain previous values only for PK columns"}}
{"type":"LOG","log":{"level":"INFO","message":"INFO i.a.w.i.DefaultAirbyteStreamFactory(internalLog):159 INFO i.d.c.p.PostgresSchema(printReplicaIdentityInfo):100 REPLICA IDENTITY for 'test.test_2_macaddr8' is 'DEFAULT'; UPDATE and DELETE events will contain previous values only for PK columns"}}
{"type":"LOG","log":{"level":"INFO","message":"INFO i.a.w.i.DefaultAirbyteStreamFactory(internalLog):159 INFO i.d.c.p.PostgresSchema(printReplicaIdentityInfo):100 REPLICA IDENTITY for 'test.test_1_bit' is 'DEFAULT'; UPDATE and DELETE events will contain previous values only for PK columns"}}
{"type":"LOG","log":{"level":"INFO","message":"INFO i.a.w.i.DefaultAirbyteStreamFactory(internalLog):159 INFO i.d.c.p.PostgresSchema(printReplicaIdentityInfo):100 REPLICA IDENTITY for 'test.test_2_oid_array' is 'DEFAULT'; UPDATE and DELETE events will contain previous values only for PK columns"}}
{"type":"LOG","log":{"level":"INFO","message":"INFO i.a.w.i.DefaultAirbyteStreamFactory(internalLog):159 INFO i.d.c.p.PostgresSchema(printReplicaIdentityInfo):100 REPLICA IDENTITY for 'test.test_2_mood' is 'DEFAULT'; UPDATE and DELETE events will contain previous values only for PK columns"}}
{"type":"LOG","log":{"level":"INFO","message":"INFO i.a.w.i.DefaultAirbyteStreamFactory(internalLog):159 INFO i.d.c.p.PostgresSchema(printReplicaIdentityInfo):100 REPLICA IDENTITY for 'test.test_1_polygon' is 'DEFAULT'; UPDATE and DELETE events will contain previous values only for PK columns"}}
{"type":"LOG","log":{"level":"INFO","message":"INFO i.a.w.i.DefaultAirbyteStreamFactory(internalLog):159 INFO i.d.c.p.PostgresSchema(printReplicaIdentityInfo):100 REPLICA IDENTITY for 'test.test_1_char' is 'DEFAULT'; UPDATE and DELETE events will contain previous values only for PK columns"}}
{"type":"LOG","log":{"level":"INFO","message":"INFO i.a.w.i.DefaultAirbyteStreamFactory(internalLog):159 INFO i.d.c.p.PostgresSchema(printReplicaIdentityInfo):100 REPLICA IDENTITY for 'test.test_6_date' is 'DEFAULT'; UPDATE and DELETE events will contain previous values only for PK columns"}}
{"type":"LOG","log":{"level":"INFO","message":"INFO i.a.w.i.DefaultAirbyteStreamFactory(internalLog):159 INFO i.d.c.p.PostgresSchema(printReplicaIdentityInfo):100 REPLICA IDENTITY for 'test.test_1_numeric_array' is 'DEFAULT'; UPDATE and DELETE events will contain previous values only for PK columns"}}
{"type":"LOG","log":{"level":"INFO","message":"INFO i.a.w.i.DefaultAirbyteStreamFactory(internalLog):159 INFO i.d.c.p.PostgresSchema(printReplicaIdentityInfo):100 REPLICA IDENTITY for 'test.test_2_double_precision' is 'DEFAULT'; UPDATE and DELETE events will contain previous values only for PK columns"}}
{"type":"LOG","log":{"level":"INFO","message":"INFO i.a.w.i.DefaultAirbyteStreamFactory(internalLog):159 INFO i.d.c.p.PostgresSchema(printReplicaIdentityInfo):100 REPLICA IDENTITY for 'test.test_2_box' is 'DEFAULT'; UPDATE and DELETE events will contain previous values only for PK columns"}}
{"type":"LOG","log":{"level":"INFO","message":"INFO i.a.w.i.DefaultAirbyteStreamFactory(internalLog):159 INFO i.d.c.p.PostgresSchema(printReplicaIdentityInfo):100 REPLICA IDENTITY for 'test.test_2_inventory_item' is 'DEFAULT'; UPDATE and DELETE events will contain previous values only for PK columns"}}
{"type":"LOG","log":{"level":"INFO","message":"INFO i.a.w.i.DefaultAirbyteStreamFactory(internalLog):159 INFO i.d.c.p.PostgresSchema(printReplicaIdentityInfo):100 REPLICA IDENTITY for 'test.test_1_timestamp' is 'DEFAULT'; UPDATE and DELETE events will contain previous values only for PK columns"}}
{"type":"LOG","log":{"level":"INFO","message":"INFO i.a.w.i.DefaultAirbyteStreamFactory(internalLog):159 INFO i.d.c.p.PostgresSchema(printReplicaIdentityInfo):100 REPLICA IDENTITY for 'test.test_2_circle' is 'DEFAULT'; UPDATE and DELETE events will contain previous values only for PK columns"}}
{"type":"LOG","log":{"level":"INFO","message":"INFO i.a.w.i.DefaultAirbyteStreamFactory(internalLog):159 INFO i.d.c.p.PostgresSchema(printReplicaIdentityInfo):100 REPLICA IDENTITY for 'test.test_3_timestamptz' is 'DEFAULT'; UPDATE and DELETE events will contain previous values only for PK columns"}}
{"type":"LOG","log":{"level":"INFO","message":"INFO i.a.w.i.DefaultAirbyteStreamFactory(internalLog):159 INFO i.d.c.p.PostgresSchema(printReplicaIdentityInfo):100 REPLICA IDENTITY for 'test.test_1_int2' is 'DEFAULT'; UPDATE and DELETE events will contain previous values only for PK columns"}}
{"type":"LOG","log":{"level":"INFO","message":"INFO i.a.w.i.DefaultAirbyteStreamFactory(internalLog):159 INFO i.d.c.p.PostgresSchema(printReplicaIdentityInfo):100 REPLICA IDENTITY for 'test.test_1_int4' is 'DEFAULT'; UPDATE and DELETE events will contain previous values only for PK columns"}}
{"type":"LOG","log":{"level":"INFO","message":"INFO i.a.w.i.DefaultAirbyteStreamFactory(internalLog):159 INFO i.d.c.p.PostgresSchema(printReplicaIdentityInfo):100 REPLICA IDENTITY for 'test.test_1_timestamptz' is 'DEFAULT'; UPDATE and DELETE events will contain previous values only for PK columns"}}
{"type":"LOG","log":{"level":"INFO","message":"INFO i.a.w.i.DefaultAirbyteStreamFactory(internalLog):159 INFO i.d.c.p.PostgresSchema(printReplicaIdentityInfo):100 REPLICA IDENTITY for 'test.test_2_timestamptz' is 'DEFAULT'; UPDATE and DELETE events will contain previous values only for PK columns"}}
{"type":"LOG","log":{"level":"INFO","message":"INFO i.a.w.i.DefaultAirbyteStreamFactory(internalLog):159 INFO i.d.c.p.PostgresSchema(printReplicaIdentityInfo):100 REPLICA IDENTITY for 'test.test_2_char' is 'DEFAULT'; UPDATE and DELETE events will contain previous values only for PK columns"}}
{"type":"LOG","log":{"level":"INFO","message":"INFO i.a.w.i.DefaultAirbyteStreamFactory(internalLog):159 INFO i.d.c.p.PostgresSchema(printReplicaIdentityInfo):100 REPLICA IDENTITY for 'test.test_1_bpchar_array' is 'DEFAULT'; UPDATE and DELETE events will contain previous values only for PK columns"}}
{"type":"LOG","log":{"level":"INFO","message":"INFO i.a.w.i.DefaultAirbyteStreamFactory(internalLog):159 INFO i.d.c.p.PostgresSchema(printReplicaIdentityInfo):100 REPLICA IDENTITY for 'test.test_1_path' is 'DEFAULT'; UPDATE and DELETE events will contain previous values only for PK columns"}}
{"type":"LOG","log":{"level":"INFO","message":"INFO i.a.w.i.DefaultAirbyteStreamFactory(internalLog):159 INFO i.d.c.p.PostgresSchema(printReplicaIdentityInfo):100 REPLICA IDENTITY for 'test.test_2_character' is 'DEFAULT'; UPDATE and DELETE events will contain previous values only for PK columns"}}
{"type":"LOG","log":{"level":"INFO","message":"INFO i.a.w.i.DefaultAirbyteStreamFactory(internalLog):159 INFO i.d.c.p.PostgresSchema(printReplicaIdentityInfo):100 REPLICA IDENTITY for 'test.test_3_numeric' is 'DEFAULT'; UPDATE and DELETE events will contain previous values only for PK columns"}}
{"type":"LOG","log":{"level":"INFO","message":"INFO i.a.w.i.DefaultAirbyteStreamFactory(internalLog):159 INFO i.d.c.p.PostgresSchema(printReplicaIdentityInfo):100 REPLICA IDENTITY for 'test.test_9_time' is 'DEFAULT'; UPDATE and DELETE events will contain previous values only for PK columns"}}
{"type":"LOG","log":{"level":"INFO","message":"INFO i.a.w.i.DefaultAirbyteStreamFactory(internalLog):159 INFO i.d.c.p.PostgresSchema(printReplicaIdentityInfo):100 REPLICA IDENTITY for 'test.test_2_varchar' is 'DEFAULT'; UPDATE and DELETE events will contain previous values only for PK columns"}}
{"type":"LOG","log":{"level":"INFO","message":"INFO i.a.w.i.DefaultAirbyteStreamFactory(internalLog):159 INFO i.d.c.p.PostgresSchema(printReplicaIdentityInfo):100 REPLICA IDENTITY for 'test.test_2_text' is 'DEFAULT'; UPDATE and DELETE events will contain previous values only for PK columns"}}
{"type":"LOG","log":{"level":"INFO","message":"INFO i.a.w.i.DefaultAirbyteStreamFactory(internalLog):159 INFO i.d.c.p.PostgresSchema(printReplicaIdentityInfo):100 REPLICA IDENTITY for 'test.test_2_bigint' is 'DEFAULT'; UPDATE and DELETE events will contain previous values only for PK columns"}}
{"type":"LOG","log":{"level":"INFO","message":"INFO i.a.w.i.DefaultAirbyteStreamFactory(internalLog):159 INFO i.d.c.p.PostgresSchema(printReplicaIdentityInfo):100 REPLICA IDENTITY for 'test.test_1_tsvector' is 'DEFAULT'; UPDATE and DELETE events will contain previous values only for PK columns"}}
{"type":"LOG","log":{"level":"INFO","message":"INFO i.a.w.i.DefaultAirbyteStreamFactory(internalLog):159 INFO i.d.c.p.PostgresSchema(printReplicaIdentityInfo):100 REPLICA IDENTITY for 'test.test_2_polygon' is 'DEFAULT'; UPDATE and DELETE events will contain previous values only for PK columns"}}
{"type":"LOG","log":{"level":"INFO","message":"INFO i.a.w.i.DefaultAirbyteStreamFactory(internalLog):159 INFO i.d.c.p.PostgresSchema(printReplicaIdentityInfo):100 REPLICA IDENTITY for 'test.test_4_bit' is 'DEFAULT'; UPDATE and DELETE events will contain previous values only for PK columns"}}
{"type":"LOG","log":{"level":"INFO","message":"INFO i.a.w.i.DefaultAirbyteStreamFactory(internalLog):159 INFO i.d.c.p.PostgresSchema(printReplicaIdentityInfo):100 REPLICA IDENTITY for 'test.test_3_character' is 'DEFAULT'; UPDATE and DELETE events will contain previous values only for PK columns"}}
{"type":"LOG","log":{"level":"INFO","message":"INFO i.a.w.i.DefaultAirbyteStreamFactory(internalLog):159 INFO i.d.c.p.PostgresSchema(printReplicaIdentityInfo):100 REPLICA IDENTITY for 'test.test_4_numeric_array' is 'DEFAULT'; UPDATE and DELETE events will contain previous values only for PK columns"}}
{"type":"LOG","log":{"level":"INFO","message":"INFO i.a.w.i.DefaultAirbyteStreamFactory(internalLog):159 INFO i.d.c.p.PostgresSchema(printReplicaIdentityInfo):100 REPLICA IDENTITY for 'test.test_1_line' is 'DEFAULT'; UPDATE and DELETE events will contain previous values only for PK columns"}}
{"type":"LOG","log":{"level":"INFO","message":"INFO i.a.w.i.DefaultAirbyteStreamFactory(internalLog):159 INFO i.d.c.p.PostgresSchema(printReplicaIdentityInfo):100 REPLICA IDENTITY for 'test.test_4_date' is 'DEFAULT'; UPDATE and DELETE events will contain previous values only for PK columns"}}
{"type":"LOG","log":{"level":"INFO","message":"INFO i.a.w.i.DefaultAirbyteStreamFactory(internalLog):159 INFO i.d.c.p.PostgresSchema(printReplicaIdentityInfo):100 REPLICA IDENTITY for 'test.test_1_macaddr8' is 'DEFAULT'; UPDATE and DELETE events will contain previous values only for PK columns"}}
{"type":"LOG","log":{"level":"INFO","message":"INFO i.a.w.i.DefaultAirbyteStreamFactory(internalLog):159 INFO i.d.c.p.PostgresSchema(printReplicaIdentityInfo):100 REPLICA IDENTITY for 'test.test_6_numeric' is 'DEFAULT'; UPDATE and DELETE events will contain previous values only for PK columns"}}
{"type":"LOG","log":{"level":"INFO","message":"INFO i.a.w.i.DefaultAirbyteStreamFactory(internalLog):159 INFO i.d.c.p.PostgresSchema(printReplicaIdentityInfo):100 REPLICA IDENTITY for 'test.test_5_decimal_array' is 'DEFAULT'; UPDATE and DELETE events will contain previous values only for PK columns"}}
{"type":"LOG","log":{"level":"INFO","message":"INFO i.a.w.i.DefaultAirbyteStreamFactory(internalLog):159 INFO i.d.c.p.PostgresSchema(printReplicaIdentityInfo):100 REPLICA IDENTITY for 'test.test_1_float4' is 'DEFAULT'; UPDATE and DELETE events will contain previous values only for PK columns"}}
{"type":"LOG","log":{"level":"INFO","message":"INFO i.a.w.i.DefaultAirbyteStreamFactory(internalLog):159 INFO i.d.c.p.PostgresSchema(printReplicaIdentityInfo):100 REPLICA IDENTITY for 'test.test_2_timetz' is 'DEFAULT'; UPDATE and DELETE events will contain previous values only for PK columns"}}
{"type":"LOG","log":{"level":"INFO","message":"INFO i.a.w.i.DefaultAirbyteStreamFactory(internalLog):159 INFO i.d.c.p.PostgresSchema(printReplicaIdentityInfo):100 REPLICA IDENTITY for 'test.test_2_xml' is 'DEFAULT'; UPDATE and DELETE events will contain previous values only for PK columns"}}
{"type":"LOG","log":{"level":"INFO","message":"INFO i.a.w.i.DefaultAirbyteStreamFactory(internalLog):159 INFO i.d.c.p.PostgresSchema(printReplicaIdentityInfo):100 REPLICA IDENTITY for 'test.test_2_real' is 'DEFAULT'; UPDATE and DELETE events will contain previous values only for PK columns"}}
{"type":"LOG","log":{"level":"INFO","message":"INFO i.a.w.i.DefaultAirbyteStreamFactory(internalLog):159 INFO i.d.c.p.PostgresSchema(printReplicaIdentityInfo):100 REPLICA IDENTITY for 'test.test_4_character' is 'DEFAULT'; UPDATE and DELETE events will contain previous values only for PK columns"}}
{"type":"LOG","log":{"level":"INFO","message":"INFO i.a.w.i.DefaultAirbyteStreamFactory(internalLog):159 INFO i.d.c.p.PostgresSchema(printReplicaIdentityInfo):100 REPLICA IDENTITY for 'test.test_1_float8' is 'DEFAULT'; UPDATE and DELETE events will contain previous values only for PK columns"}}
{"type":"LOG","log":{"level":"INFO","message":"INFO i.a.w.i.DefaultAirbyteStreamFactory(internalLog):159 INFO i.d.c.p.PostgresSchema(printReplicaIdentityInfo):100 REPLICA IDENTITY for 'test.test_2_serial' is 'DEFAULT'; UPDATE and DELETE events will contain previous values only for PK columns"}}
{"type":"LOG","log":{"level":"INFO","message":"INFO i.a.w.i.DefaultAirbyteStreamFactory(internalLog):159 INFO i.d.c.p.PostgresSchema(printReplicaIdentityInfo):100 REPLICA IDENTITY for 'test.test_1_character' is 'DEFAULT'; UPDATE and DELETE events will contain previous values only for PK columns"}}
{"type":"LOG","log":{"level":"INFO","message":"INFO i.a.w.i.DefaultAirbyteStreamFactory(internalLog):159 INFO i.d.c.p.PostgresSchema(printReplicaIdentityInfo):100 REPLICA IDENTITY for 'test.test_2_smallint' is 'DEFAULT'; UPDATE and DELETE events will contain previous values only for PK columns"}}
{"type":"LOG","log":{"level":"INFO","message":"INFO i.a.w.i.DefaultAirbyteStreamFactory(internalLog):159 INFO i.d.c.p.PostgresSchema(printReplicaIdentityInfo):100 REPLICA IDENTITY for 'test.test_6_decimal_array' is 'DEFAULT'; UPDATE and DELETE events will contain previous values only for PK columns"}}
{"type":"LOG","log":{"level":"INFO","message":"INFO i.a.w.i.DefaultAirbyteStreamFactory(internalLog):159 INFO i.d.c.p.PostgresSchema(printReplicaIdentityInfo):100 REPLICA IDENTITY for 'test.test_2_tsquery' is 'DEFAULT'; UPDATE and DELETE events will contain previous values only for PK columns"}}
{"type":"LOG","log":{"level":"INFO","message":"INFO i.a.w.i.DefaultAirbyteStreamFactory(internalLog):159 INFO i.d.c.p.PostgresSchema(printReplicaIdentityInfo):100 REPLICA IDENTITY for 'test.test_5_numeric_array' is 'DEFAULT'; UPDATE and DELETE events will contain previous values only for PK columns"}}
{"type":"LOG","log":{"level":"INFO","message":"INFO i.a.w.i.DefaultAirbyteStreamFactory(internalLog):159 INFO i.d.c.p.PostgresSchema(printReplicaIdentityInfo):100 REPLICA IDENTITY for 'test.test_2_cidr' is 'DEFAULT'; UPDATE and DELETE events will contain previous values only for PK columns"}}
{"type":"LOG","log":{"level":"INFO","message":"INFO i.a.w.i.DefaultAirbyteStreamFactory(internalLog):159 INFO i.d.c.p.PostgresSchema(printReplicaIdentityInfo):100 REPLICA IDENTITY for 'test.test_9_numeric' is 'DEFAULT'; UPDATE and DELETE events will contain previous values only for PK columns"}}
{"type":"LOG","log":{"level":"INFO","message":"INFO i.a.w.i.DefaultAirbyteStreamFactory(internalLog):159 INFO i.d.c.p.PostgresSchema(printReplicaIdentityInfo):100 REPLICA IDENTITY for 'test.test_7_time' is 'DEFAULT'; UPDATE and DELETE events will contain previous values only for PK columns"}}
{"type":"LOG","log":{"level":"INFO","message":"INFO i.a.w.i.DefaultAirbyteStreamFactory(internalLog):159 INFO i.d.c.p.PostgresSchema(printReplicaIdentityInfo):100 REPLICA IDENTITY for 'test.test_1_inventory_item' is 'DEFAULT'; UPDATE and DELETE events will contain previous values only for PK columns"}}
{"type":"LOG","log":{"level":"INFO","message":"INFO i.a.w.i.DefaultAirbyteStreamFactory(internalLog):159 INFO i.d.c.p.PostgresSchema(printReplicaIdentityInfo):100 REPLICA IDENTITY for 'test.test_2_int' is 'DEFAULT'; UPDATE and DELETE events will contain previous values only for PK columns"}}
{"type":"LOG","log":{"level":"INFO","message":"INFO i.a.w.i.DefaultAirbyteStreamFactory(internalLog):159 INFO i.d.c.p.PostgresSchema(printReplicaIdentityInfo):100 REPLICA IDENTITY for 'test.test_2_serial4' is 'DEFAULT'; UPDATE and DELETE events will contain previous values only for PK columns"}}
{"type":"LOG","log":{"level":"INFO","message":"INFO i.a.w.i.DefaultAirbyteStreamFactory(internalLog):159 INFO i.d.c.p.PostgresSchema(printReplicaIdentityInfo):100 REPLICA IDENTITY for 'test.test_2_serial2' is 'DEFAULT'; UPDATE and DELETE events will contain previous values only for PK columns"}}
{"type":"LOG","log":{"level":"INFO","message":"INFO i.a.w.i.DefaultAirbyteStreamFactory(internalLog):159 INFO i.d.c.p.PostgresSchema(printReplicaIdentityInfo):100 REPLICA IDENTITY for 'test.test_2_decimal_array' is 'DEFAULT'; UPDATE and DELETE events will contain previous values only for PK columns"}}
{"type":"LOG","log":{"level":"INFO","message":"INFO i.a.w.i.DefaultAirbyteStreamFactory(internalLog):159 INFO i.d.c.p.PostgresSchema(printReplicaIdentityInfo):100 REPLICA IDENTITY for 'test.test_5_numeric' is 'DEFAULT'; UPDATE and DELETE events will contain previous values only for PK columns"}}
{"type":"LOG","log":{"level":"INFO","message":"INFO i.a.w.i.DefaultAirbyteStreamFactory(internalLog):159 INFO i.d.c.p.PostgresSchema(printReplicaIdentityInfo):100 REPLICA IDENTITY for 'test.test_1_float8_array' is 'DEFAULT'; UPDATE and DELETE events will contain previous values only for PK columns"}}
{"type":"LOG","log":{"level":"INFO","message":"INFO i.a.w.i.DefaultAirbyteStreamFactory(internalLog):159 INFO i.d.c.p.PostgresSchema(printReplicaIdentityInfo):100 REPLICA IDENTITY for 'test.test_3_bit_varying' is 'DEFAULT'; UPDATE and DELETE events will contain previous values only for PK columns"}}
{"type":"LOG","log":{"level":"INFO","message":"INFO i.a.w.i.DefaultAirbyteStreamFactory(internalLog):159 INFO i.d.c.p.PostgresSchema(printReplicaIdentityInfo):100 REPLICA IDENTITY for 'test.test_6_numeric_array' is 'DEFAULT'; UPDATE and DELETE events will contain previous values only for PK columns"}}
{"type":"LOG","log":{"level":"INFO","message":"INFO i.a.w.i.DefaultAirbyteStreamFactory(internalLog):159 INFO i.d.c.p.PostgresSchema(printReplicaIdentityInfo):100 REPLICA IDENTITY for 'test.test_1_bytea_array' is 'DEFAULT'; UPDATE and DELETE events will contain previous values only for PK columns"}}
{"type":"LOG","log":{"level":"INFO","message":"INFO i.a.w.i.DefaultAirbyteStreamFactory(internalLog):159 INFO i.d.c.p.PostgresSchema(printReplicaIdentityInfo):100 REPLICA IDENTITY for 'test.test_10_timestamp' is 'DEFAULT'; UPDATE and DELETE events will contain previous values only for PK columns"}}
{"type":"LOG","log":{"level":"INFO","message":"INFO i.a.w.i.DefaultAirbyteStreamFactory(internalLog):159 INFO i.d.c.p.PostgresSchema(printReplicaIdentityInfo):100 REPLICA IDENTITY for 'test.test_1_timestamptz_array' is 'DEFAULT'; UPDATE and DELETE events will contain previous values only for PK columns"}}
{"type":"LOG","log":{"level":"INFO","message":"INFO i.a.w.i.DefaultAirbyteStreamFactory(internalLog):159 INFO i.d.c.p.PostgresSchema(printReplicaIdentityInfo):100 REPLICA IDENTITY for 'test.test_1_float' is 'DEFAULT'; UPDATE and DELETE events will contain previous values only for PK columns"}}
{"type":"LOG","log":{"level":"INFO","message":"INFO i.a.w.i.DefaultAirbyteStreamFactory(internalLog):159 INFO i.d.c.p.PostgresSchema(printReplicaIdentityInfo):100 REPLICA IDENTITY for 'test.test_4_timestamp' is 'DEFAULT'; UPDATE and DELETE events will contain previous values only for PK columns"}}
{"type":"LOG","log":{"level":"INFO","message":"INFO i.a.w.i.DefaultAirbyteStreamFactory(internalLog):159 INFO i.d.c.p.PostgresSchema(printReplicaIdentityInfo):100 REPLICA IDENTITY for 'test.test_2_int2_array' is 'DEFAULT'; UPDATE and DELETE events will contain previous values only for PK columns"}}
{"type":"LOG","log":{"level":"INFO","message":"INFO i.a.w.i.DefaultAirbyteStreamFactory(internalLog):159 INFO i.d.c.p.PostgresSchema(printReplicaIdentityInfo):100 REPLICA IDENTITY for 'test.test_16_timestamp' is 'DEFAULT'; UPDATE and DELETE events will contain previous values only for PK columns"}}
{"type":"LOG","log":{"level":"INFO","message":"INFO i.a.w.i.DefaultAirbyteStreamFactory(internalLog):159 INFO i.d.c.p.PostgresSchema(printReplicaIdentityInfo):100 REPLICA IDENTITY for 'test.test_1_inet' is 'DEFAULT'; UPDATE and DELETE events will contain previous values only for PK columns"}}
{"type":"LOG","log":{"level":"INFO","message":"INFO i.a.w.i.DefaultAirbyteStreamFactory(internalLog):159 INFO i.d.c.p.PostgresSchema(printReplicaIdentityInfo):100 REPLICA IDENTITY for 'test.test_2_point' is 'DEFAULT'; UPDATE and DELETE events will contain previous values only for PK columns"}}
{"type":"LOG","log":{"level":"INFO","message":"INFO i.a.w.i.DefaultAirbyteStreamFactory(internalLog):159 INFO i.d.c.p.PostgresSchema(printReplicaIdentityInfo):100 REPLICA IDENTITY for 'test.test_1_hstore' is 'DEFAULT'; UPDATE and DELETE events will contain previous values only for PK columns"}}
{"type":"LOG","log":{"level":"INFO","message":"INFO i.a.w.i.DefaultAirbyteStreamFactory(internalLog):159 INFO i.d.c.p.PostgresSchema(printReplicaIdentityInfo):100 REPLICA IDENTITY for 'test.test_2_date' is 'DEFAULT'; UPDATE and DELETE events will contain previous values only for PK columns"}}
{"type":"LOG","log":{"level":"INFO","message":"INFO i.a.w.i.DefaultAirbyteStreamFactory(internalLog):159 INFO i.d.c.p.PostgresSchema(printReplicaIdentityInfo):100 REPLICA IDENTITY for 'test.test_1_box' is 'DEFAULT'; UPDATE and DELETE events will contain previous values only for PK columns"}}
{"type":"LOG","log":{"level":"INFO","message":"INFO i.a.w.i.DefaultAirbyteStreamFactory(internalLog):159 INFO i.d.c.p.PostgresSchema(printReplicaIdentityInfo):100 REPLICA IDENTITY for 'test.test_1_double_precision' is 'DEFAULT'; UPDATE and DELETE events will contain previous values only for PK columns"}}
{"type":"LOG","log":{"level":"INFO","message":"INFO i.a.w.i.DefaultAirbyteStreamFactory(internalLog):159 INFO i.d.c.p.PostgresSchema(printReplicaIdentityInfo):100 REPLICA IDENTITY for 'test.test_2_macaddr' is 'DEFAULT'; UPDATE and DELETE events will contain previous values only for PK columns"}}
{"type":"LOG","log":{"level":"INFO","message":"INFO i.a.w.i.DefaultAirbyteStreamFactory(internalLog):159 INFO i.d.c.p.PostgresSchema(printReplicaIdentityInfo):100 REPLICA IDENTITY for 'test.test_1_timestamp_array' is 'DEFAULT'; UPDATE and DELETE events will contain previous values only for PK columns"}}
{"type":"LOG","log":{"level":"INFO","message":"INFO i.a.w.i.DefaultAirbyteStreamFactory(internalLog):159 INFO i.d.c.p.PostgresSchema(printReplicaIdentityInfo):100 REPLICA IDENTITY for 'test.test_2_uuid' is 'DEFAULT'; UPDATE and DELETE events will contain previous values only for PK columns"}}
{"type":"LOG","log":{"level":"INFO","message":"INFO i.a.w.i.DefaultAirbyteStreamFactory(internalLog):159 INFO i.d.c.p.PostgresSchema(printReplicaIdentityInfo):100 REPLICA IDENTITY for 'test.test_8_numeric' is 'DEFAULT'; UPDATE and DELETE events will contain previous values only for PK columns"}}
{"type":"LOG","log":{"level":"INFO","message":"INFO i.a.w.i.DefaultAirbyteStreamFactory(internalLog):159 INFO i.d.c.p.PostgresSchema(printReplicaIdentityInfo):100 REPLICA IDENTITY for 'test.test_1_bit_varying' is 'DEFAULT'; UPDATE and DELETE events will contain previous values only for PK columns"}}
{"type":"LOG","log":{"level":"INFO","message":"INFO i.a.w.i.DefaultAirbyteStreamFactory(internalLog):159 INFO i.d.c.p.PostgresSchema(printReplicaIdentityInfo):100 REPLICA IDENTITY for 'test.test_1_time_array' is 'DEFAULT'; UPDATE and DELETE events will contain previous values only for PK columns"}}
{"type":"LOG","log":{"level":"INFO","message":"INFO i.a.w.i.DefaultAirbyteStreamFactory(internalLog):159 INFO i.d.c.p.PostgresSchema(printReplicaIdentityInfo):100 REPLICA IDENTITY for 'test.test_5_time' is 'DEFAULT'; UPDATE and DELETE events will contain previous values only for PK columns"}}
{"type":"LOG","log":{"level":"INFO","message":"INFO i.a.w.i.DefaultAirbyteStreamFactory(internalLog):159 INFO i.d.c.p.PostgresSchema(printReplicaIdentityInfo):100 REPLICA IDENTITY for 'test.test_15_timestamp' is 'DEFAULT'; UPDATE and DELETE events will contain previous values only for PK columns"}}
{"type":"LOG","log":{"level":"INFO","message":"INFO i.a.w.i.DefaultAirbyteStreamFactory(internalLog):159 INFO i.d.c.p.PostgresSchema(printReplicaIdentityInfo):100 REPLICA IDENTITY for 'test.test_1_point' is 'DEFAULT'; UPDATE and DELETE events will contain previous values only for PK columns"}}
{"type":"LOG","log":{"level":"INFO","message":"INFO i.a.w.i.DefaultAirbyteStreamFactory(internalLog):159 INFO i.d.c.p.PostgresSchema(printReplicaIdentityInfo):100 REPLICA IDENTITY for 'test.test_2_smallserial' is 'DEFAULT'; UPDATE and DELETE events will contain previous values only for PK columns"}}
{"type":"LOG","log":{"level":"INFO","message":"INFO i.a.w.i.DefaultAirbyteStreamFactory(internalLog):159 INFO i.d.c.p.PostgresSchema(printReplicaIdentityInfo):100 REPLICA IDENTITY for 'test.test_10_time' is 'DEFAULT'; UPDATE and DELETE events will contain previous values only for PK columns"}}
{"type":"LOG","log":{"level":"INFO","message":"INFO i.a.w.i.DefaultAirbyteStreamFactory(internalLog):159 INFO i.d.c.p.PostgresSchema(printReplicaIdentityInfo):100 REPLICA IDENTITY for 'test.test_3_bit' is 'DEFAULT'; UPDATE and DELETE events will contain previous values only for PK columns"}}
{"type":"LOG","log":{"level":"INFO","message":"INFO i.a.w.i.DefaultAirbyteStreamFactory(internalLog):159 INFO i.d.c.p.PostgresSchema(printReplicaIdentityInfo):100 REPLICA IDENTITY for 'test.test_1_int' is 'DEFAULT'; UPDATE and DELETE events will contain previous values only for PK columns"}}
{"type":"LOG","log":{"level":"INFO","message":"INFO i.a.w.i.DefaultAirbyteStreamFactory(internalLog):159 INFO i.d.c.p.PostgresSchema(printReplicaIdentityInfo):100 REPLICA IDENTITY for 'test.test_2_int4_array' is 'DEFAULT'; UPDATE and DELETE events will contain previous values only for PK columns"}}
{"type":"LOG","log":{"level":"INFO","message":"INFO i.a.w.i.DefaultAirbyteStreamFactory(internalLog):159 INFO i.d.c.p.PostgresSchema(printReplicaIdentityInfo):100 REPLICA IDENTITY for 'test.test_1_money_array' is 'DEFAULT'; UPDATE and DELETE events will contain previous values only for PK columns"}}
{"type":"LOG","log":{"level":"INFO","message":"INFO i.a.w.i.DefaultAirbyteStreamFactory(internalLog):159 INFO i.d.c.p.PostgresSchema(printReplicaIdentityInfo):100 REPLICA IDENTITY for 'test.test_1_bytea' is 'DEFAULT'; UPDATE and DELETE events will contain previous values only for PK columns"}}
{"type":"LOG","log":{"level":"INFO","message":"INFO i.a.w.i.DefaultAirbyteStreamFactory(internalLog):159 INFO i.d.c.p.PostgresSchema(printReplicaIdentityInfo):100 REPLICA IDENTITY for 'test.test_2_float8_array' is 'DEFAULT'; UPDATE and DELETE events will contain previous values only for PK columns"}}
{"type":"LOG","log":{"level":"INFO","message":"INFO i.a.w.i.DefaultAirbyteStreamFactory(internalLog):159 INFO i.d.c.p.PostgresSchema(printReplicaIdentityInfo):100 REPLICA IDENTITY for 'test.test_2_bigserial' is 'DEFAULT'; UPDATE and DELETE events will contain previous values only for PK columns"}}
{"type":"LOG","log":{"level":"INFO","message":"INFO i.a.w.i.DefaultAirbyteStreamFactory(internalLog):159 INFO i.d.c.p.PostgresSchema(printReplicaIdentityInfo):100 REPLICA IDENTITY for 'test.test_1_lseg' is 'DEFAULT'; UPDATE and DELETE events will contain previous values only for PK columns"}}
{"type":"LOG","log":{"level":"INFO","message":"INFO i.a.w.i.DefaultAirbyteStreamFactory(internalLog):159 INFO i.d.c.p.PostgresSchema(printReplicaIdentityInfo):100 REPLICA IDENTITY for 'test.test_6_time' is 'DEFAULT'; UPDATE and DELETE events will contain previous values only for PK columns"}}
{"type":"LOG","log":{"level":"INFO","message":"INFO i.a.w.i.DefaultAirbyteStreamFactory(internalLog):159 INFO i.d.c.p.PostgresSchema(printReplicaIdentityInfo):100 REPLICA IDENTITY for 'test.test_1_decimal_array' is 'DEFAULT'; UPDATE and DELETE events will contain previous values only for PK columns"}}
{"type":"LOG","log":{"level":"INFO","message":"INFO i.a.w.i.DefaultAirbyteStreamFactory(internalLog):159 INFO i.d.c.p.PostgresSchema(printReplicaIdentityInfo):100 REPLICA IDENTITY for 'test.test_2_decimal' is 'DEFAULT'; UPDATE and DELETE events will contain previous values only for PK columns"}}
{"type":"LOG","log":{"level":"INFO","message":"INFO i.a.w.i.DefaultAirbyteStreamFactory(internalLog):159 INFO i.d.c.p.PostgresSchema(printReplicaIdentityInfo):100 REPLICA IDENTITY for 'test.test_1_xml' is 'DEFAULT'; UPDATE and DELETE events will contain previous values only for PK columns"}}
{"type":"LOG","log":{"level":"INFO","message":"INFO i.a.w.i.DefaultAirbyteStreamFactory(internalLog):159 INFO i.d.c.p.PostgresSchema(printReplicaIdentityInfo):100 REPLICA IDENTITY for 'test.test_2_tsrange' is 'DEFAULT'; UPDATE and DELETE events will contain previous values only for PK columns"}}
{"type":"LOG","log":{"level":"INFO","message":"INFO i.a.w.i.DefaultAirbyteStreamFactory(internalLog):159 INFO i.d.c.p.PostgresSchema(printReplicaIdentityInfo):100 REPLICA IDENTITY for 'test.test_1_smallint' is 'DEFAULT'; UPDATE and DELETE events will contain previous values only for PK columns"}}
{"type":"LOG","log":{"level":"INFO","message":"INFO i.a.w.i.DefaultAirbyteStreamFactory(internalLog):159 INFO i.d.c.p.PostgresSchema(printReplicaIdentityInfo):100 REPLICA IDENTITY for 'test.test_4_timestamptz' is 'DEFAULT'; UPDATE and DELETE events will contain previous values only for PK columns"}}
{"type":"LOG","log":{"level":"INFO","message":"INFO i.a.w.i.DefaultAirbyteStreamFactory(internalLog):159 INFO i.d.c.p.PostgresSchema(printReplicaIdentityInfo):100 REPLICA IDENTITY for 'test.test_2_line' is 'DEFAULT'; UPDATE and DELETE events will contain previous values only for PK columns"}}
{"type":"LOG","log":{"level":"INFO","message":"INFO i.a.w.i.DefaultAirbyteStreamFactory(internalLog):159 INFO i.d.c.p.PostgresSchema(printReplicaIdentityInfo):100 REPLICA IDENTITY for 'test.test_2_pg_lsn' is 'DEFAULT'; UPDATE and DELETE events will contain previous values only for PK columns"}}
{"type":"LOG","log":{"level":"INFO","message":"INFO i.a.w.i.DefaultAirbyteStreamFactory(internalLog):159 INFO i.d.c.p.PostgresSchema(printReplicaIdentityInfo):100 REPLICA IDENTITY for 'test.test_1_char_array' is 'DEFAULT'; UPDATE and DELETE events will contain previous values only for PK columns"}}
{"type":"LOG","log":{"level":"INFO","message":"INFO i.a.w.i.DefaultAirbyteStreamFactory(internalLog):159 INFO i.d.c.p.PostgresSchema(printReplicaIdentityInfo):100 REPLICA IDENTITY for 'test.test_5_timestamp' is 'DEFAULT'; UPDATE and DELETE events will contain previous values only for PK columns"}}
{"type":"LOG","log":{"level":"INFO","message":"INFO i.a.w.i.DefaultAirbyteStreamFactory(internalLog):159 INFO i.d.c.p.PostgresSchema(printReplicaIdentityInfo):100 REPLICA IDENTITY for 'test.test_4_char' is 'DEFAULT'; UPDATE and DELETE events will contain previous values only for PK columns"}}
{"type":"LOG","log":{"level":"INFO","message":"INFO i.a.w.i.DefaultAirbyteStreamFactory(internalLog):159 INFO i.d.c.p.PostgresSchema(printReplicaIdentityInfo):100 REPLICA IDENTITY for 'test.test_3_date' is 'DEFAULT'; UPDATE and DELETE events will contain previous values only for PK columns"}}
{"type":"LOG","log":{"level":"INFO","message":"INFO i.a.w.i.DefaultAirbyteStreamFactory(internalLog):159 INFO i.d.c.p.PostgresSchema(printReplicaIdentityInfo):100 REPLICA IDENTITY for 'test.test_10_numeric' is 'DEFAULT'; UPDATE and DELETE events will contain previous values only for PK columns"}}
{"type":"LOG","log":{"level":"INFO","message":"INFO i.a.w.i.DefaultAirbyteStreamFactory(internalLog):159 INFO i.d.p.ChangeEventSourceCoordinator(streamEvents):173 Starting streaming"}}
{"type":"LOG","log":{"level":"INFO","message":"INFO i.a.w.i.DefaultAirbyteStreamFactory(internalLog):159 INFO i.d.c.p.PostgresStreamingChangeEventSource(execute):136 Retrieved latest position from stored offset 'LSN{0/1AADC30}'"}}
{"type":"LOG","log":{"level":"INFO","message":"INFO i.a.w.i.DefaultAirbyteStreamFactory(internalLog):159 INFO i.d.c.p.c.WalPositionLocator(<init>):48 Looking for WAL restart position for last commit LSN 'null' and last change LSN 'LSN{0/1AADC30}'"}}
{"type":"LOG","log":{"level":"INFO","message":"INFO i.a.w.i.DefaultAirbyteStreamFactory(internalLog):159 INFO i.d.c.p.c.PostgresReplicationConnection(initPublication):147 Initializing PgOutput logical decoder publication"}}
{"type":"LOG","log":{"level":"INFO","message":"INFO i.a.w.i.DefaultAirbyteStreamFactory(internalLog):159 INFO i.d.c.p.c.PostgresConnection(readReplicationSlotInfo):264 Obtained valid replication slot ReplicationSlot [active=false, latestFlushedLsn=LSN{0/1AADC30}, catalogXmin=954]"}}
{"type":"LOG","log":{"level":"INFO","message":"INFO i.a.w.i.DefaultAirbyteStreamFactory(internalLog):159 INFO i.d.j.JdbcConnection(lambda$doClose$4):947 Connection gracefully closed"}}
{"type":"LOG","log":{"level":"INFO","message":"INFO i.a.w.i.DefaultAirbyteStreamFactory(internalLog):159 INFO i.d.c.p.c.PostgresReplicationConnection(validateSlotIsInExpectedState):364 Seeking to LSN{0/1AADC30} on the replication slot with command SELECT pg_replication_slot_advance('debezium_slot', '0/1AADC30')"}}
{"type":"LOG","log":{"level":"INFO","message":"INFO i.a.w.i.DefaultAirbyteStreamFactory(internalLog):159 INFO i.d.u.Threads(threadFactory):270 Requested thread factory for connector PostgresConnector, id = test named = keep-alive"}}
{"type":"LOG","log":{"level":"INFO","message":"INFO i.a.w.i.DefaultAirbyteStreamFactory(internalLog):159 INFO i.d.u.Threads$3(newThread):287 Creating thread debezium-postgresconnector-test-keep-alive"}}
{"type":"LOG","log":{"level":"INFO","message":"INFO i.a.w.i.DefaultAirbyteStreamFactory(internalLog):159 INFO i.d.c.p.PostgresSchema(printReplicaIdentityInfo):100 REPLICA IDENTITY for 'test.test_8_time' is 'DEFAULT'; UPDATE and DELETE events will contain previous values only for PK columns"}}
{"type":"LOG","log":{"level":"INFO","message":"INFO i.a.w.i.DefaultAirbyteStreamFactory(internalLog):159 INFO i.d.c.p.PostgresSchema(printReplicaIdentityInfo):100 REPLICA IDENTITY for 'test.test_8_timestamp' is 'DEFAULT'; UPDATE and DELETE events will contain previous values only for PK columns"}}
{"type":"LOG","log":{"level":"INFO","message":"INFO i.a.w.i.DefaultAirbyteStreamFactory(internalLog):159 INFO i.d.c.p.PostgresSchema(printReplicaIdentityInfo):100 REPLICA IDENTITY for 'test.test_3_char' is 'DEFAULT'; UPDATE and DELETE events will contain previous values only for PK columns"}}
{"type":"LOG","log":{"level":"INFO","message":"INFO i.a.w.i.DefaultAirbyteStreamFactory(internalLog):159 INFO i.d.c.p.PostgresSchema(printReplicaIdentityInfo):100 REPLICA IDENTITY for 'test.test_2_char_array' is 'DEFAULT'; UPDATE and DELETE events will contain previous values only for PK columns"}}
{"type":"LOG","log":{"level":"INFO","message":"INFO i.a.w.i.DefaultAirbyteStreamFactory(internalLog):159 INFO i.d.c.p.PostgresSchema(printReplicaIdentityInfo):100 REPLICA IDENTITY for 'test.test_7_numeric' is 'DEFAULT'; UPDATE and DELETE events will contain previous values only for PK columns"}}
{"type":"LOG","log":{"level":"INFO","message":"INFO i.a.w.i.DefaultAirbyteStreamFactory(internalLog):159 INFO i.d.c.p.PostgresSchema(printReplicaIdentityInfo):100 REPLICA IDENTITY for 'test.test_1_timetz_array' is 'DEFAULT'; UPDATE and DELETE events will contain previous values only for PK columns"}}
{"type":"LOG","log":{"level":"INFO","message":"INFO i.a.w.i.DefaultAirbyteStreamFactory(internalLog):159 INFO i.d.c.p.PostgresSchema(printReplicaIdentityInfo):100 REPLICA IDENTITY for 'test.test_1_circle' is 'DEFAULT'; UPDATE and DELETE events will contain previous values only for PK columns"}}
{"type":"LOG","log":{"level":"INFO","message":"INFO i.a.w.i.DefaultAirbyteStreamFactory(internalLog):159 INFO i.d.c.p.PostgresSchema(printReplicaIdentityInfo):100 REPLICA IDENTITY for 'test.test_2_varchar_array' is 'DEFAULT'; UPDATE and DELETE events will contain previous values only for PK columns"}}
{"type":"LOG","log":{"level":"INFO","message":"INFO i.a.w.i.DefaultAirbyteStreamFactory(internalLog):159 INFO i.d.c.p.PostgresSchema(printReplicaIdentityInfo):100 REPLICA IDENTITY for 'test.test_2_money' is 'DEFAULT'; UPDATE and DELETE events will contain previous values only for PK columns"}}
{"type":"LOG","log":{"level":"INFO","message":"INFO i.a.w.i.DefaultAirbyteStreamFactory(internalLog):159 INFO i.d.c.p.PostgresSchema(printReplicaIdentityInfo):100 REPLICA IDENTITY for 'test.test_1_float4_array' is 'DEFAULT'; UPDATE and DELETE events will contain previous values only for PK columns"}}
{"type":"LOG","log":{"level":"INFO","message":"INFO i.a.w.i.DefaultAirbyteStreamFactory(internalLog):159 INFO i.d.c.p.PostgresSchema(printReplicaIdentityInfo):100 REPLICA IDENTITY for 'test.test_1_tsquery' is 'DEFAULT'; UPDATE and DELETE events will contain previous values only for PK columns"}}
{"type":"LOG","log":{"level":"INFO","message":"INFO i.a.w.i.DefaultAirbyteStreamFactory(internalLog):159 INFO i.d.c.p.PostgresSchema(printReplicaIdentityInfo):100 REPLICA IDENTITY for 'test.test_1_text' is 'DEFAULT'; UPDATE and DELETE events will contain previous values only for PK columns"}}
{"type":"LOG","log":{"level":"INFO","message":"INFO i.a.w.i.DefaultAirbyteStreamFactory(internalLog):159 INFO i.d.c.p.PostgresSchema(printReplicaIdentityInfo):100 REPLICA IDENTITY for 'test.test_2_numeric_array' is 'DEFAULT'; UPDATE and DELETE events will contain previous values only for PK columns"}}
{"type":"LOG","log":{"level":"INFO","message":"INFO i.a.w.i.DefaultAirbyteStreamFactory(internalLog):159 INFO i.d.c.p.PostgresSchema(printReplicaIdentityInfo):100 REPLICA IDENTITY for 'test.test_2_date_array' is 'DEFAULT'; UPDATE and DELETE events will contain previous values only for PK columns"}}
{"type":"LOG","log":{"level":"INFO","message":"INFO i.a.w.i.DefaultAirbyteStreamFactory(internalLog):159 INFO i.d.c.p.PostgresSchema(printReplicaIdentityInfo):100 REPLICA IDENTITY for 'test.test_2_bytea' is 'DEFAULT'; UPDATE and DELETE events will contain previous values only for PK columns"}}
{"type":"LOG","log":{"level":"INFO","message":"INFO i.a.w.i.DefaultAirbyteStreamFactory(internalLog):159 INFO i.d.c.p.PostgresSchema(printReplicaIdentityInfo):100 REPLICA IDENTITY for 'test.test_2_path' is 'DEFAULT'; UPDATE and DELETE events will contain previous values only for PK columns"}}
{"type":"LOG","log":{"level":"INFO","message":"INFO i.a.w.i.DefaultAirbyteStreamFactory(internalLog):159 INFO i.d.c.p.PostgresSchema(printReplicaIdentityInfo):100 REPLICA IDENTITY for 'test.test_2_int2' is 'DEFAULT'; UPDATE and DELETE events will contain previous values only for PK columns"}}
{"type":"LOG","log":{"level":"INFO","message":"INFO i.a.w.i.DefaultAirbyteStreamFactory(internalLog):159 INFO i.d.c.p.PostgresSchema(printReplicaIdentityInfo):100 REPLICA IDENTITY for 'test.test_1_serial' is 'DEFAULT'; UPDATE and DELETE events will contain previous values only for PK columns"}}
{"type":"LOG","log":{"level":"INFO","message":"INFO i.a.w.i.DefaultAirbyteStreamFactory(internalLog):159 INFO i.d.c.p.PostgresSchema(printReplicaIdentityInfo):100 REPLICA IDENTITY for 'test.test_2_int4' is 'DEFAULT'; UPDATE and DELETE events will contain previous values only for PK columns"}}
{"type":"LOG","log":{"level":"INFO","message":"INFO i.a.w.i.DefaultAirbyteStreamFactory(internalLog):159 INFO i.d.c.p.PostgresSchema(printReplicaIdentityInfo):100 REPLICA IDENTITY for 'test.test_2_bool_array' is 'DEFAULT'; UPDATE and DELETE events will contain previous values only for PK columns"}}
{"type":"LOG","log":{"level":"INFO","message":"INFO i.a.w.i.DefaultAirbyteStreamFactory(internalLog):159 INFO i.d.c.p.PostgresSchema(printReplicaIdentityInfo):100 REPLICA IDENTITY for 'test.test_5_date' is 'DEFAULT'; UPDATE and DELETE events will contain previous values only for PK columns"}}
{"type":"LOG","log":{"level":"INFO","message":"INFO i.a.w.i.DefaultAirbyteStreamFactory(internalLog):159 INFO i.d.c.p.PostgresSchema(printReplicaIdentityInfo):100 REPLICA IDENTITY for 'test.test_7_timestamp' is 'DEFAULT'; UPDATE and DELETE events will contain previous values only for PK columns"}}
{"type":"LOG","log":{"level":"INFO","message":"INFO i.a.w.i.DefaultAirbyteStreamFactory(internalLog):159 INFO i.d.c.p.PostgresSchema(printReplicaIdentityInfo):100 REPLICA IDENTITY for 'test.test_3_decimal_array' is 'DEFAULT'; UPDATE and DELETE events will contain previous values only for PK columns"}}
{"type":"LOG","log":{"level":"INFO","message":"INFO i.a.w.i.DefaultAirbyteStreamFactory(internalLog):159 INFO i.d.c.p.PostgresSchema(printReplicaIdentityInfo):100 REPLICA IDENTITY for 'test.test_13_timestamp' is 'DEFAULT'; UPDATE and DELETE events will contain previous values only for PK columns"}}
{"type":"LOG","log":{"level":"INFO","message":"INFO i.a.w.i.DefaultAirbyteStreamFactory(internalLog):159 INFO i.d.c.p.PostgresSchema(printReplicaIdentityInfo):100 REPLICA IDENTITY for 'test.test_1_text_array' is 'DEFAULT'; UPDATE and DELETE events will contain previous values only for PK columns"}}
{"type":"LOG","log":{"level":"INFO","message":"INFO i.a.w.i.DefaultAirbyteStreamFactory(internalLog):159 INFO i.d.c.p.PostgresSchema(printReplicaIdentityInfo):100 REPLICA IDENTITY for 'test.test_2_timetz_array' is 'DEFAULT'; UPDATE and DELETE events will contain previous values only for PK columns"}}
{"type":"LOG","log":{"level":"INFO","message":"INFO i.a.w.i.DefaultAirbyteStreamFactory(internalLog):159 INFO i.d.c.p.PostgresSchema(printReplicaIdentityInfo):100 REPLICA IDENTITY for 'test.test_1_bigserial' is 'DEFAULT'; UPDATE and DELETE events will contain previous values only for PK columns"}}
{"type":"LOG","log":{"level":"INFO","message":"INFO i.a.w.i.DefaultAirbyteStreamFactory(internalLog):159 INFO i.d.c.p.PostgresSchema(printReplicaIdentityInfo):100 REPLICA IDENTITY for 'test.test_1_serial2' is 'DEFAULT'; UPDATE and DELETE events will contain previous values only for PK columns"}}
{"type":"LOG","log":{"level":"INFO","message":"INFO i.a.w.i.DefaultAirbyteStreamFactory(internalLog):159 INFO i.d.c.p.PostgresSchema(printReplicaIdentityInfo):100 REPLICA IDENTITY for 'test.test_1_bool' is 'DEFAULT'; UPDATE and DELETE events will contain previous values only for PK columns"}}
{"type":"LOG","log":{"level":"INFO","message":"INFO i.a.w.i.DefaultAirbyteStreamFactory(internalLog):159 INFO i.d.c.p.PostgresSchema(printReplicaIdentityInfo):100 REPLICA IDENTITY for 'test.test_2_bit' is 'DEFAULT'; UPDATE and DELETE events will contain previous values only for PK columns"}}
{"type":"LOG","log":{"level":"INFO","message":"INFO i.a.w.i.DefaultAirbyteStreamFactory(internalLog):159 INFO i.d.c.p.PostgresSchema(printReplicaIdentityInfo):100 REPLICA IDENTITY for 'test.test_1_mood' is 'DEFAULT'; UPDATE and DELETE events will contain previous values only for PK columns"}}
{"type":"LOG","log":{"level":"INFO","message":"INFO i.a.w.i.DefaultAirbyteStreamFactory(internalLog):159 INFO i.d.c.p.PostgresSchema(printReplicaIdentityInfo):100 REPLICA IDENTITY for 'test.test_2_numeric' is 'DEFAULT'; UPDATE and DELETE events will contain previous values only for PK columns"}}
{"type":"LOG","log":{"level":"INFO","message":"INFO i.a.w.i.DefaultAirbyteStreamFactory(internalLog):159 INFO i.d.c.p.PostgresSchema(printReplicaIdentityInfo):100 REPLICA IDENTITY for 'test.test_2_time_array' is 'DEFAULT'; UPDATE and DELETE events will contain previous values only for PK columns"}}
{"type":"LOG","log":{"level":"INFO","message":"INFO i.a.w.i.DefaultAirbyteStreamFactory(internalLog):159 INFO i.d.c.p.PostgresSchema(printReplicaIdentityInfo):100 REPLICA IDENTITY for 'test.test_1_integer' is 'DEFAULT'; UPDATE and DELETE events will contain previous values only for PK columns"}}
{"type":"LOG","log":{"level":"INFO","message":"INFO i.a.w.i.DefaultAirbyteStreamFactory(internalLog):159 INFO i.d.c.p.PostgresSchema(printReplicaIdentityInfo):100 REPLICA IDENTITY for 'test.test_2_int8_array' is 'DEFAULT'; UPDATE and DELETE events will contain previous values only for PK columns"}}
{"type":"LOG","log":{"level":"INFO","message":"INFO i.a.w.i.DefaultAirbyteStreamFactory(internalLog):159 INFO i.d.c.p.PostgresSchema(printReplicaIdentityInfo):100 REPLICA IDENTITY for 'test.test_6_timestamp' is 'DEFAULT'; UPDATE and DELETE events will contain previous values only for PK columns"}}
{"type":"LOG","log":{"level":"INFO","message":"INFO i.a.w.i.DefaultAirbyteStreamFactory(internalLog):159 INFO i.d.c.p.PostgresSchema(printReplicaIdentityInfo):100 REPLICA IDENTITY for 'test.test_4_decimal_array' is 'DEFAULT'; UPDATE and DELETE events will contain previous values only for PK columns"}}
{"type":"LOG","log":{"level":"INFO","message":"INFO i.a.w.i.DefaultAirbyteStreamFactory(internalLog):159 INFO i.d.c.p.PostgresSchema(printReplicaIdentityInfo):100 REPLICA IDENTITY for 'test.test_2_float4_array' is 'DEFAULT'; UPDATE and DELETE events will contain previous values only for PK columns"}}
{"type":"LOG","log":{"level":"INFO","message":"INFO i.a.w.i.DefaultAirbyteStreamFactory(internalLog):159 INFO i.d.c.p.PostgresSchema(printReplicaIdentityInfo):100 REPLICA IDENTITY for 'test.test_3_timetz' is 'DEFAULT'; UPDATE and DELETE events will contain previous values only for PK columns"}}
{"type":"LOG","log":{"level":"INFO","message":"INFO i.a.w.i.DefaultAirbyteStreamFactory(internalLog):159 INFO i.d.c.p.PostgresSchema(printReplicaIdentityInfo):100 REPLICA IDENTITY for 'test.test_1_oid_array' is 'DEFAULT'; UPDATE and DELETE events will contain previous values only for PK columns"}}
{"type":"LOG","log":{"level":"INFO","message":"INFO i.a.w.i.DefaultAirbyteStreamFactory(internalLog):159 INFO i.d.c.p.PostgresSchema(printReplicaIdentityInfo):100 REPLICA IDENTITY for 'test.test_2_inet' is 'DEFAULT'; UPDATE and DELETE events will contain previous values only for PK columns"}}
{"type":"LOG","log":{"level":"INFO","message":"INFO i.a.w.i.DefaultAirbyteStreamFactory(internalLog):159 INFO i.d.c.p.PostgresSchema(printReplicaIdentityInfo):100 REPLICA IDENTITY for 'test.test_1_json' is 'DEFAULT'; UPDATE and DELETE events will contain previous values only for PK columns"}}
{"type":"LOG","log":{"level":"INFO","message":"INFO i.a.w.i.DefaultAirbyteStreamFactory(internalLog):159 INFO i.d.c.p.PostgresSchema(printReplicaIdentityInfo):100 REPLICA IDENTITY for 'test.test_1_interval' is 'DEFAULT'; UPDATE and DELETE events will contain previous values only for PK columns"}}
{"type":"LOG","log":{"level":"INFO","message":"INFO i.a.w.i.DefaultAirbyteStreamFactory(internalLog):159 INFO i.d.c.p.PostgresSchema(printReplicaIdentityInfo):100 REPLICA IDENTITY for 'test.test_1_name_array' is 'DEFAULT'; UPDATE and DELETE events will contain previous values only for PK columns"}}
{"type":"LOG","log":{"level":"INFO","message":"INFO i.a.w.i.DefaultAirbyteStreamFactory(internalLog):159 INFO i.d.c.p.PostgresSchema(printReplicaIdentityInfo):100 REPLICA IDENTITY for 'test.test_1_tsrange' is 'DEFAULT'; UPDATE and DELETE events will contain previous values only for PK columns"}}
{"type":"LOG","log":{"level":"INFO","message":"INFO i.a.w.i.DefaultAirbyteStreamFactory(internalLog):159 INFO i.d.c.p.PostgresSchema(printReplicaIdentityInfo):100 REPLICA IDENTITY for 'test.test_9_timestamp' is 'DEFAULT'; UPDATE and DELETE events will contain previous values only for PK columns"}}
{"type":"LOG","log":{"level":"INFO","message":"INFO i.a.w.i.DefaultAirbyteStreamFactory(internalLog):159 INFO i.d.c.p.PostgresSchema(printReplicaIdentityInfo):100 REPLICA IDENTITY for 'test.test_2_lseg' is 'DEFAULT'; UPDATE and DELETE events will contain previous values only for PK columns"}}
{"type":"LOG","log":{"level":"INFO","message":"INFO i.a.w.i.DefaultAirbyteStreamFactory(internalLog):159 INFO i.d.c.p.PostgresSchema(printReplicaIdentityInfo):100 REPLICA IDENTITY for 'test.test_1_varchar' is 'DEFAULT'; UPDATE and DELETE events will contain previous values only for PK columns"}}
{"type":"LOG","log":{"level":"INFO","message":"INFO i.a.w.i.DefaultAirbyteStreamFactory(internalLog):159 INFO i.d.c.p.PostgresSchema(printReplicaIdentityInfo):100 REPLICA IDENTITY for 'test.test_4_varchar' is 'DEFAULT'; UPDATE and DELETE events will contain previous values only for PK columns"}}
{"type":"LOG","log":{"level":"INFO","message":"INFO i.a.w.i.DefaultAirbyteStreamFactory(internalLog):159 INFO i.d.c.p.PostgresSchema(printReplicaIdentityInfo):100 REPLICA IDENTITY for 'test.test_14_timestamp' is 'DEFAULT'; UPDATE and DELETE events will contain previous values only for PK columns"}}
{"type":"LOG","log":{"level":"INFO","message":"INFO i.a.w.i.DefaultAirbyteStreamFactory(internalLog):159 INFO i.d.c.p.PostgresSchema(printReplicaIdentityInfo):100 REPLICA IDENTITY for 'test.test_1_macaddr' is 'DEFAULT'; UPDATE and DELETE events will contain previous values only for PK columns"}}
{"type":"LOG","log":{"level":"INFO","message":"INFO i.a.w.i.DefaultAirbyteStreamFactory(internalLog):159 INFO i.d.c.p.PostgresSchema(printReplicaIdentityInfo):100 REPLICA IDENTITY for 'test.test_1_int2_array' is 'DEFAULT'; UPDATE and DELETE events will contain previous values only for PK columns"}}
{"type":"LOG","log":{"level":"INFO","message":"INFO i.a.w.i.DefaultAirbyteStreamFactory(internalLog):159 INFO i.d.c.p.PostgresSchema(printReplicaIdentityInfo):100 REPLICA IDENTITY for 'test.test_1_boolean' is 'DEFAULT'; UPDATE and DELETE events will contain previous values only for PK columns"}}
{"type":"LOG","log":{"level":"INFO","message":"INFO i.a.w.i.DefaultAirbyteStreamFactory(internalLog):159 INFO i.d.c.p.PostgresSchema(printReplicaIdentityInfo):100 REPLICA IDENTITY for 'test.test_2_float' is 'DEFAULT'; UPDATE and DELETE events will contain previous values only for PK columns"}}
{"type":"LOG","log":{"level":"INFO","message":"INFO i.a.w.i.DefaultAirbyteStreamFactory(internalLog):159 INFO i.d.c.p.PostgresSchema(printReplicaIdentityInfo):100 REPLICA IDENTITY for 'test.test_1_time' is 'DEFAULT'; UPDATE and DELETE events will contain previous values only for PK columns"}}
{"type":"LOG","log":{"level":"INFO","message":"INFO i.a.w.i.DefaultAirbyteStreamFactory(internalLog):159 INFO i.d.c.p.PostgresSchema(printReplicaIdentityInfo):100 REPLICA IDENTITY for 'test.test_1_int8_array' is 'DEFAULT'; UPDATE and DELETE events will contain previous values only for PK columns"}}
{"type":"LOG","log":{"level":"INFO","message":"INFO i.a.w.i.DefaultAirbyteStreamFactory(internalLog):159 INFO i.d.c.p.PostgresSchema(printReplicaIdentityInfo):100 REPLICA IDENTITY for 'test.test_4_time' is 'DEFAULT'; UPDATE and DELETE events will contain previous values only for PK columns"}}
{"type":"LOG","log":{"level":"INFO","message":"INFO i.a.w.i.DefaultAirbyteStreamFactory(internalLog):159 INFO i.d.c.p.PostgresSchema(printReplicaIdentityInfo):100 REPLICA IDENTITY for 'test.test_1_serial4' is 'DEFAULT'; UPDATE and DELETE events will contain previous values only for PK columns"}}
{"type":"LOG","log":{"level":"INFO","message":"INFO i.a.w.i.DefaultAirbyteStreamFactory(internalLog):159 INFO i.d.c.p.PostgresSchema(printReplicaIdentityInfo):100 REPLICA IDENTITY for 'test.test_11_timestamp' is 'DEFAULT'; UPDATE and DELETE events will contain previous values only for PK columns"}}
{"type":"LOG","log":{"level":"INFO","message":"INFO i.a.w.i.DefaultAirbyteStreamFactory(internalLog):159 INFO i.d.c.p.PostgresSchema(printReplicaIdentityInfo):100 REPLICA IDENTITY for 'test.test_1_date' is 'DEFAULT'; UPDATE and DELETE events will contain previous values only for PK columns"}}
{"type":"LOG","log":{"level":"INFO","message":"INFO i.a.w.i.DefaultAirbyteStreamFactory(internalLog):159 INFO i.d.c.p.PostgresSchema(printReplicaIdentityInfo):100 REPLICA IDENTITY for 'test.test_2_text_array' is 'DEFAULT'; UPDATE and DELETE events will contain previous values only for PK columns"}}
{"type":"LOG","log":{"level":"INFO","message":"INFO i.a.w.i.DefaultAirbyteStreamFactory(internalLog):159 INFO i.d.c.p.PostgresSchema(printReplicaIdentityInfo):100 REPLICA IDENTITY for 'test.test_2_time' is 'DEFAULT'; UPDATE and DELETE events will contain previous values only for PK columns"}}
{"type":"LOG","log":{"level":"INFO","message":"INFO i.a.w.i.DefaultAirbyteStreamFactory(internalLog):159 INFO i.d.c.p.PostgresSchema(printReplicaIdentityInfo):100 REPLICA IDENTITY for 'test.test_2_interval' is 'DEFAULT'; UPDATE and DELETE events will contain previous values only for PK columns"}}
{"type":"LOG","log":{"level":"INFO","message":"INFO i.a.w.i.DefaultAirbyteStreamFactory(internalLog):159 INFO i.d.c.p.PostgresSchema(printReplicaIdentityInfo):100 REPLICA IDENTITY for 'test.test_1_numeric' is 'DEFAULT'; UPDATE and DELETE events will contain previous values only for PK columns"}}
{"type":"LOG","log":{"level":"INFO","message":"INFO i.a.w.i.DefaultAirbyteStreamFactory(internalLog):159 INFO i.d.c.p.PostgresSchema(printReplicaIdentityInfo):100 REPLICA IDENTITY for 'test.test_2_bit_varying' is 'DEFAULT'; UPDATE and DELETE events will contain previous values only for PK columns"}}
{"type":"LOG","log":{"level":"INFO","message":"INFO i.a.w.i.DefaultAirbyteStreamFactory(internalLog):159 INFO i.d.c.p.PostgresSchema(printReplicaIdentityInfo):100 REPLICA IDENTITY for 'test.test_1_uuid' is 'DEFAULT'; UPDATE and DELETE events will contain previous values only for PK columns"}}
{"type":"LOG","log":{"level":"INFO","message":"INFO i.a.w.i.DefaultAirbyteStreamFactory(internalLog):159 INFO i.d.c.p.PostgresSchema(printReplicaIdentityInfo):100 REPLICA IDENTITY for 'test.test_4_bit_varying' is 'DEFAULT'; UPDATE and DELETE events will contain previous values only for PK columns"}}
{"type":"LOG","log":{"level":"INFO","message":"INFO i.a.w.i.DefaultAirbyteStreamFactory(internalLog):159 INFO i.d.c.p.PostgresSchema(printReplicaIdentityInfo):100 REPLICA IDENTITY for 'test.test_3_time' is 'DEFAULT'; UPDATE and DELETE events will contain previous values only for PK columns"}}
{"type":"LOG","log":{"level":"INFO","message":"INFO i.a.w.i.DefaultAirbyteStreamFactory(internalLog):159 INFO i.d.c.p.PostgresSchema(printReplicaIdentityInfo):100 REPLICA IDENTITY for 'test.test_1_bool_array' is 'DEFAULT'; UPDATE and DELETE events will contain previous values only for PK columns"}}
{"type":"LOG","log":{"level":"INFO","message":"INFO i.a.w.i.DefaultAirbyteStreamFactory(internalLog):159 INFO i.d.c.p.PostgresSchema(printReplicaIdentityInfo):100 REPLICA IDENTITY for 'test.test_2_bytea_array' is 'DEFAULT'; UPDATE and DELETE events will contain previous values only for PK columns"}}
{"type":"LOG","log":{"level":"INFO","message":"INFO i.a.w.i.DefaultAirbyteStreamFactory(internalLog):159 INFO i.d.c.p.PostgresSchema(printReplicaIdentityInfo):100 REPLICA IDENTITY for 'test.test_1_int4_array' is 'DEFAULT'; UPDATE and DELETE events will contain previous values only for PK columns"}}
{"type":"LOG","log":{"level":"INFO","message":"INFO i.a.w.i.DefaultAirbyteStreamFactory(internalLog):159 INFO i.d.c.p.PostgresSchema(printReplicaIdentityInfo):100 REPLICA IDENTITY for 'test.test_1_varchar_array' is 'DEFAULT'; UPDATE and DELETE events will contain previous values only for PK columns"}}
{"type":"LOG","log":{"level":"INFO","message":"INFO i.a.w.i.DefaultAirbyteStreamFactory(internalLog):159 INFO i.d.c.p.PostgresSchema(printReplicaIdentityInfo):100 REPLICA IDENTITY for 'test.test_3_varchar' is 'DEFAULT'; UPDATE and DELETE events will contain previous values only for PK columns"}}
{"type":"LOG","log":{"level":"INFO","message":"INFO i.a.w.i.DefaultAirbyteStreamFactory(internalLog):159 INFO i.d.c.p.PostgresSchema(printReplicaIdentityInfo):100 REPLICA IDENTITY for 'test.test_3_numeric_array' is 'DEFAULT'; UPDATE and DELETE events will contain previous values only for PK columns"}}
{"type":"LOG","log":{"level":"INFO","message":"INFO i.a.w.i.DefaultAirbyteStreamFactory(internalLog):159 INFO i.d.c.p.PostgresSchema(printReplicaIdentityInfo):100 REPLICA IDENTITY for 'test.test_1_real' is 'DEFAULT'; UPDATE and DELETE events will contain previous values only for PK columns"}}
{"type":"LOG","log":{"level":"INFO","message":"INFO i.a.w.i.DefaultAirbyteStreamFactory(internalLog):159 INFO i.d.c.p.PostgresSchema(printReplicaIdentityInfo):100 REPLICA IDENTITY for 'test.test_1_money' is 'DEFAULT'; UPDATE and DELETE events will contain previous values only for PK columns"}}
{"type":"LOG","log":{"level":"INFO","message":"INFO i.a.w.i.DefaultAirbyteStreamFactory(internalLog):159 INFO i.d.c.p.PostgresSchema(printReplicaIdentityInfo):100 REPLICA IDENTITY for 'test.test_2_name_array' is 'DEFAULT'; UPDATE and DELETE events will contain previous values only for PK columns"}}
{"type":"LOG","log":{"level":"INFO","message":"INFO i.a.w.i.DefaultAirbyteStreamFactory(internalLog):159 INFO i.d.c.p.PostgresSchema(printReplicaIdentityInfo):100 REPLICA IDENTITY for 'test.test_1_bit_array' is 'DEFAULT'; UPDATE and DELETE events will contain previous values only for PK columns"}}
{"type":"LOG","log":{"level":"INFO","message":"INFO i.a.w.i.DefaultAirbyteStreamFactory(internalLog):159 INFO i.d.c.p.PostgresSchema(printReplicaIdentityInfo):100 REPLICA IDENTITY for 'test.test_1_pg_lsn' is 'DEFAULT'; UPDATE and DELETE events will contain previous values only for PK columns"}}
{"type":"LOG","log":{"level":"INFO","message":"INFO i.a.w.i.DefaultAirbyteStreamFactory(internalLog):159 INFO i.d.c.p.PostgresSchema(printReplicaIdentityInfo):100 REPLICA IDENTITY for 'test.test_2_boolean' is 'DEFAULT'; UPDATE and DELETE events will contain previous values only for PK columns"}}
{"type":"LOG","log":{"level":"INFO","message":"INFO i.a.w.i.DefaultAirbyteStreamFactory(internalLog):159 INFO i.d.c.p.PostgresSchema(printReplicaIdentityInfo):100 REPLICA IDENTITY for 'test.test_1_jsonb' is 'DEFAULT'; UPDATE and DELETE events will contain previous values only for PK columns"}}
{"type":"LOG","log":{"level":"INFO","message":"INFO i.a.w.i.DefaultAirbyteStreamFactory(internalLog):159 INFO i.d.c.p.PostgresSchema(printReplicaIdentityInfo):100 REPLICA IDENTITY for 'test.test_2_integer' is 'DEFAULT'; UPDATE and DELETE events will contain previous values only for PK columns"}}
{"type":"LOG","log":{"level":"INFO","message":"INFO i.a.w.i.DefaultAirbyteStreamFactory(internalLog):159 INFO i.d.c.p.PostgresSchema(printReplicaIdentityInfo):100 REPLICA IDENTITY for 'test.test_3_timestamp' is 'DEFAULT'; UPDATE and DELETE events will contain previous values only for PK columns"}}
{"type":"LOG","log":{"level":"INFO","message":"INFO i.a.w.i.DefaultAirbyteStreamFactory(internalLog):159 INFO i.d.c.p.PostgresSchema(printReplicaIdentityInfo):100 REPLICA IDENTITY for 'test.test_1_decimal' is 'DEFAULT'; UPDATE and DELETE events will contain previous values only for PK columns"}}
{"type":"LOG","log":{"level":"INFO","message":"INFO i.a.w.i.DefaultAirbyteStreamFactory(internalLog):159 INFO i.d.c.p.PostgresSchema(printReplicaIdentityInfo):100 REPLICA IDENTITY for 'test.test_4_numeric' is 'DEFAULT'; UPDATE and DELETE events will contain previous values only for PK columns"}}
{"type":"LOG","log":{"level":"INFO","message":"INFO i.a.w.i.DefaultAirbyteStreamFactory(internalLog):159 INFO i.d.c.p.PostgresSchema(printReplicaIdentityInfo):100 REPLICA IDENTITY for 'test.test_2_money_array' is 'DEFAULT'; UPDATE and DELETE events will contain previous values only for PK columns"}}
{"type":"LOG","log":{"level":"INFO","message":"INFO i.a.w.i.DefaultAirbyteStreamFactory(internalLog):159 INFO i.d.c.p.PostgresSchema(printReplicaIdentityInfo):100 REPLICA IDENTITY for 'test.test_1_smallserial' is 'DEFAULT'; UPDATE and DELETE events will contain previous values only for PK columns"}}
{"type":"LOG","log":{"level":"INFO","message":"INFO i.a.w.i.DefaultAirbyteStreamFactory(internalLog):159 INFO i.d.c.p.PostgresSchema(printReplicaIdentityInfo):100 REPLICA IDENTITY for 'test.test_4_timetz' is 'DEFAULT'; UPDATE and DELETE events will contain previous values only for PK columns"}}
{"type":"LOG","log":{"level":"INFO","message":"INFO i.a.w.i.DefaultAirbyteStreamFactory(internalLog):159 INFO i.d.c.p.PostgresSchema(printReplicaIdentityInfo):100 REPLICA IDENTITY for 'test.test_1_date_array' is 'DEFAULT'; UPDATE and DELETE events will contain previous values only for PK columns"}}
{"type":"LOG","log":{"level":"INFO","message":"INFO i.a.w.i.DefaultAirbyteStreamFactory(internalLog):159 INFO i.d.c.p.PostgresSchema(printReplicaIdentityInfo):100 REPLICA IDENTITY for 'test.test_12_timestamp' is 'DEFAULT'; UPDATE and DELETE events will contain previous values only for PK columns"}}
{"type":"LOG","log":{"level":"INFO","message":"INFO i.a.w.i.DefaultAirbyteStreamFactory(internalLog):159 INFO i.d.c.p.PostgresSchema(printReplicaIdentityInfo):100 REPLICA IDENTITY for 'test.test_1_timetz' is 'DEFAULT'; UPDATE and DELETE events will contain previous values only for PK columns"}}
{"type":"LOG","log":{"level":"INFO","message":"INFO i.a.w.i.DefaultAirbyteStreamFactory(internalLog):159 INFO i.d.c.p.PostgresSchema(printReplicaIdentityInfo):100 REPLICA IDENTITY for 'test.test_2_float8' is 'DEFAULT'; UPDATE and DELETE events will contain previous values only for PK columns"}}
{"type":"LOG","log":{"level":"INFO","message":"INFO i.a.w.i.DefaultAirbyteStreamFactory(internalLog):159 INFO i.d.c.p.PostgresSchema(printReplicaIdentityInfo):100 REPLICA IDENTITY for 'test.test_2_bpchar_array' is 'DEFAULT'; UPDATE and DELETE events will contain previous values only for PK columns"}}
{"type":"LOG","log":{"level":"INFO","message":"INFO i.a.w.i.DefaultAirbyteStreamFactory(internalLog):159 INFO i.d.c.p.PostgresSchema(printReplicaIdentityInfo):100 REPLICA IDENTITY for 'test.test_2_jsonb' is 'DEFAULT'; UPDATE and DELETE events will contain previous values only for PK columns"}}
{"type":"LOG","log":{"level":"INFO","message":"INFO i.a.w.i.DefaultAirbyteStreamFactory(internalLog):159 INFO i.d.c.p.PostgresSchema(printReplicaIdentityInfo):100 REPLICA IDENTITY for 'test.test_2_tsvector' is 'DEFAULT'; UPDATE and DELETE events will contain previous values only for PK columns"}}
{"type":"LOG","log":{"level":"INFO","message":"INFO i.a.w.i.DefaultAirbyteStreamFactory(internalLog):159 INFO i.d.c.p.PostgresSchema(printReplicaIdentityInfo):100 REPLICA IDENTITY for 'test.test_2_bit_array' is 'DEFAULT'; UPDATE and DELETE events will contain previous values only for PK columns"}}
{"type":"LOG","log":{"level":"INFO","message":"INFO i.a.w.i.DefaultAirbyteStreamFactory(internalLog):159 INFO i.d.c.p.PostgresSchema(printReplicaIdentityInfo):100 REPLICA IDENTITY for 'test.test_1_cidr' is 'DEFAULT'; UPDATE and DELETE events will contain previous values only for PK columns"}}
{"type":"LOG","log":{"level":"INFO","message":"INFO i.a.w.i.DefaultAirbyteStreamFactory(internalLog):159 INFO i.d.c.p.PostgresSchema(printReplicaIdentityInfo):100 REPLICA IDENTITY for 'test.test_2_float4' is 'DEFAULT'; UPDATE and DELETE events will contain previous values only for PK columns"}}
{"type":"LOG","log":{"level":"INFO","message":"INFO i.a.w.i.DefaultAirbyteStreamFactory(internalLog):159 INFO i.d.c.p.PostgresSchema(printReplicaIdentityInfo):100 REPLICA IDENTITY for 'test.test_2_timestamp_array' is 'DEFAULT'; UPDATE and DELETE events will contain previous values only for PK columns"}}
{"type":"LOG","log":{"level":"INFO","message":"INFO i.a.w.i.DefaultAirbyteStreamFactory(internalLog):159 INFO i.d.c.p.PostgresSchema(printReplicaIdentityInfo):100 REPLICA IDENTITY for 'test.test_2_hstore' is 'DEFAULT'; UPDATE and DELETE events will contain previous values only for PK columns"}}
{"type":"LOG","log":{"level":"INFO","message":"INFO i.a.w.i.DefaultAirbyteStreamFactory(internalLog):159 INFO i.d.c.p.PostgresSchema(printReplicaIdentityInfo):100 REPLICA IDENTITY for 'test.test_2_timestamptz_array' is 'DEFAULT'; UPDATE and DELETE events will contain previous values only for PK columns"}}
{"type":"LOG","log":{"level":"INFO","message":"INFO i.a.w.i.DefaultAirbyteStreamFactory(internalLog):159 INFO i.d.c.p.PostgresSchema(printReplicaIdentityInfo):100 REPLICA IDENTITY for 'test.test_2_json' is 'DEFAULT'; UPDATE and DELETE events will contain previous values only for PK columns"}}
{"type":"LOG","log":{"level":"INFO","message":"INFO i.a.w.i.DefaultAirbyteStreamFactory(internalLog):159 INFO i.d.c.p.PostgresSchema(printReplicaIdentityInfo):100 REPLICA IDENTITY for 'test.test_2_timestamp' is 'DEFAULT'; UPDATE and DELETE events will contain previous values only for PK columns"}}
{"type":"LOG","log":{"level":"INFO","message":"INFO i.a.w.i.DefaultAirbyteStreamFactory(internalLog):159 INFO i.d.c.p.PostgresSchema(printReplicaIdentityInfo):100 REPLICA IDENTITY for 'test.test_1_bigint' is 'DEFAULT'; UPDATE and DELETE events will contain previous values only for PK columns"}}
{"type":"LOG","log":{"level":"INFO","message":"INFO i.a.w.i.DefaultAirbyteStreamFactory(internalLog):159 INFO i.d.c.p.PostgresSchema(printReplicaIdentityInfo):100 REPLICA IDENTITY for 'test.test_2_bool' is 'DEFAULT'; UPDATE and DELETE events will contain previous values only for PK columns"}}
{"type":"LOG","log":{"level":"INFO","message":"INFO i.a.w.i.DefaultAirbyteStreamFactory(internalLog):159 INFO i.d.c.p.PostgresSchema(printReplicaIdentityInfo):100 REPLICA IDENTITY for 'test.test_2_macaddr8' is 'DEFAULT'; UPDATE and DELETE events will contain previous values only for PK columns"}}
{"type":"LOG","log":{"level":"INFO","message":"INFO i.a.w.i.DefaultAirbyteStreamFactory(internalLog):159 INFO i.d.c.p.PostgresSchema(printReplicaIdentityInfo):100 REPLICA IDENTITY for 'test.test_1_bit' is 'DEFAULT'; UPDATE and DELETE events will contain previous values only for PK columns"}}
{"type":"LOG","log":{"level":"INFO","message":"INFO i.a.w.i.DefaultAirbyteStreamFactory(internalLog):159 INFO i.d.c.p.PostgresSchema(printReplicaIdentityInfo):100 REPLICA IDENTITY for 'test.test_2_oid_array' is 'DEFAULT'; UPDATE and DELETE events will contain previous values only for PK columns"}}
{"type":"LOG","log":{"level":"INFO","message":"INFO i.a.w.i.DefaultAirbyteStreamFactory(internalLog):159 INFO i.d.c.p.PostgresSchema(printReplicaIdentityInfo):100 REPLICA IDENTITY for 'test.test_2_mood' is 'DEFAULT'; UPDATE and DELETE events will contain previous values only for PK columns"}}
{"type":"LOG","log":{"level":"INFO","message":"INFO i.a.w.i.DefaultAirbyteStreamFactory(internalLog):159 INFO i.d.c.p.PostgresSchema(printReplicaIdentityInfo):100 REPLICA IDENTITY for 'test.test_1_polygon' is 'DEFAULT'; UPDATE and DELETE events will contain previous values only for PK columns"}}
{"type":"LOG","log":{"level":"INFO","message":"INFO i.a.w.i.DefaultAirbyteStreamFactory(internalLog):159 INFO i.d.c.p.PostgresSchema(printReplicaIdentityInfo):100 REPLICA IDENTITY for 'test.test_1_char' is 'DEFAULT'; UPDATE and DELETE events will contain previous values only for PK columns"}}
{"type":"LOG","log":{"level":"INFO","message":"INFO i.a.w.i.DefaultAirbyteStreamFactory(internalLog):159 INFO i.d.c.p.PostgresSchema(printReplicaIdentityInfo):100 REPLICA IDENTITY for 'test.test_6_date' is 'DEFAULT'; UPDATE and DELETE events will contain previous values only for PK columns"}}
{"type":"LOG","log":{"level":"INFO","message":"INFO i.a.w.i.DefaultAirbyteStreamFactory(internalLog):159 INFO i.d.c.p.PostgresSchema(printReplicaIdentityInfo):100 REPLICA IDENTITY for 'test.test_1_numeric_array' is 'DEFAULT'; UPDATE and DELETE events will contain previous values only for PK columns"}}
{"type":"LOG","log":{"level":"INFO","message":"INFO i.a.w.i.DefaultAirbyteStreamFactory(internalLog):159 INFO i.d.c.p.PostgresSchema(printReplicaIdentityInfo):100 REPLICA IDENTITY for 'test.test_2_double_precision' is 'DEFAULT'; UPDATE and DELETE events will contain previous values only for PK columns"}}
{"type":"LOG","log":{"level":"INFO","message":"INFO i.a.w.i.DefaultAirbyteStreamFactory(internalLog):159 INFO i.d.c.p.PostgresSchema(printReplicaIdentityInfo):100 REPLICA IDENTITY for 'test.test_2_box' is 'DEFAULT'; UPDATE and DELETE events will contain previous values only for PK columns"}}
{"type":"LOG","log":{"level":"INFO","message":"INFO i.a.w.i.DefaultAirbyteStreamFactory(internalLog):159 INFO i.d.c.p.PostgresSchema(printReplicaIdentityInfo):100 REPLICA IDENTITY for 'test.test_2_inventory_item' is 'DEFAULT'; UPDATE and DELETE events will contain previous values only for PK columns"}}
{"type":"LOG","log":{"level":"INFO","message":"INFO i.a.w.i.DefaultAirbyteStreamFactory(internalLog):159 INFO i.d.c.p.PostgresSchema(printReplicaIdentityInfo):100 REPLICA IDENTITY for 'test.test_1_timestamp' is 'DEFAULT'; UPDATE and DELETE events will contain previous values only for PK columns"}}
{"type":"LOG","log":{"level":"INFO","message":"INFO i.a.w.i.DefaultAirbyteStreamFactory(internalLog):159 INFO i.d.c.p.PostgresSchema(printReplicaIdentityInfo):100 REPLICA IDENTITY for 'test.test_2_circle' is 'DEFAULT'; UPDATE and DELETE events will contain previous values only for PK columns"}}
{"type":"LOG","log":{"level":"INFO","message":"INFO i.a.w.i.DefaultAirbyteStreamFactory(internalLog):159 INFO i.d.c.p.PostgresSchema(printReplicaIdentityInfo):100 REPLICA IDENTITY for 'test.test_3_timestamptz' is 'DEFAULT'; UPDATE and DELETE events will contain previous values only for PK columns"}}
{"type":"LOG","log":{"level":"INFO","message":"INFO i.a.w.i.DefaultAirbyteStreamFactory(internalLog):159 INFO i.d.c.p.PostgresSchema(printReplicaIdentityInfo):100 REPLICA IDENTITY for 'test.test_1_int2' is 'DEFAULT'; UPDATE and DELETE events will contain previous values only for PK columns"}}
{"type":"LOG","log":{"level":"INFO","message":"INFO i.a.w.i.DefaultAirbyteStreamFactory(internalLog):159 INFO i.d.c.p.PostgresSchema(printReplicaIdentityInfo):100 REPLICA IDENTITY for 'test.test_1_int4' is 'DEFAULT'; UPDATE and DELETE events will contain previous values only for PK columns"}}
{"type":"LOG","log":{"level":"INFO","message":"INFO i.a.w.i.DefaultAirbyteStreamFactory(internalLog):159 INFO i.d.c.p.PostgresSchema(printReplicaIdentityInfo):100 REPLICA IDENTITY for 'test.test_1_timestamptz' is 'DEFAULT'; UPDATE and DELETE events will contain previous values only for PK columns"}}
{"type":"LOG","log":{"level":"INFO","message":"INFO i.a.w.i.DefaultAirbyteStreamFactory(internalLog):159 INFO i.d.c.p.PostgresSchema(printReplicaIdentityInfo):100 REPLICA IDENTITY for 'test.test_2_timestamptz' is 'DEFAULT'; UPDATE and DELETE events will contain previous values only for PK columns"}}
{"type":"LOG","log":{"level":"INFO","message":"INFO i.a.w.i.DefaultAirbyteStreamFactory(internalLog):159 INFO i.d.c.p.PostgresSchema(printReplicaIdentityInfo):100 REPLICA IDENTITY for 'test.test_2_char' is 'DEFAULT'; UPDATE and DELETE events will contain previous values only for PK columns"}}
{"type":"LOG","log":{"level":"INFO","message":"INFO i.a.w.i.DefaultAirbyteStreamFactory(internalLog):159 INFO i.d.c.p.PostgresSchema(printReplicaIdentityInfo):100 REPLICA IDENTITY for 'test.test_1_bpchar_array' is 'DEFAULT'; UPDATE and DELETE events will contain previous values only for PK columns"}}
{"type":"LOG","log":{"level":"INFO","message":"INFO i.a.w.i.DefaultAirbyteStreamFactory(internalLog):159 INFO i.d.c.p.PostgresSchema(printReplicaIdentityInfo):100 REPLICA IDENTITY for 'test.test_1_path' is 'DEFAULT'; UPDATE and DELETE events will contain previous values only for PK columns"}}
{"type":"LOG","log":{"level":"INFO","message":"INFO i.a.w.i.DefaultAirbyteStreamFactory(internalLog):159 INFO i.d.c.p.PostgresSchema(printReplicaIdentityInfo):100 REPLICA IDENTITY for 'test.test_2_character' is 'DEFAULT'; UPDATE and DELETE events will contain previous values only for PK columns"}}
{"type":"LOG","log":{"level":"INFO","message":"INFO i.a.w.i.DefaultAirbyteStreamFactory(internalLog):159 INFO i.d.c.p.PostgresSchema(printReplicaIdentityInfo):100 REPLICA IDENTITY for 'test.test_3_numeric' is 'DEFAULT'; UPDATE and DELETE events will contain previous values only for PK columns"}}
{"type":"LOG","log":{"level":"INFO","message":"INFO i.a.w.i.DefaultAirbyteStreamFactory(internalLog):159 INFO i.d.c.p.PostgresSchema(printReplicaIdentityInfo):100 REPLICA IDENTITY for 'test.test_9_time' is 'DEFAULT'; UPDATE and DELETE events will contain previous values only for PK columns"}}
{"type":"LOG","log":{"level":"INFO","message":"INFO i.a.w.i.DefaultAirbyteStreamFactory(internalLog):159 INFO i.d.c.p.PostgresSchema(printReplicaIdentityInfo):100 REPLICA IDENTITY for 'test.test_2_varchar' is 'DEFAULT'; UPDATE and DELETE events will contain previous values only for PK columns"}}
{"type":"LOG","log":{"level":"INFO","message":"INFO i.a.w.i.DefaultAirbyteStreamFactory(internalLog):159 INFO i.d.c.p.PostgresSchema(printReplicaIdentityInfo):100 REPLICA IDENTITY for 'test.test_2_text' is 'DEFAULT'; UPDATE and DELETE events will contain previous values only for PK columns"}}
{"type":"LOG","log":{"level":"INFO","message":"INFO i.a.w.i.DefaultAirbyteStreamFactory(internalLog):159 INFO i.d.c.p.PostgresSchema(printReplicaIdentityInfo):100 REPLICA IDENTITY for 'test.test_2_bigint' is 'DEFAULT'; UPDATE and DELETE events will contain previous values only for PK columns"}}
{"type":"LOG","log":{"level":"INFO","message":"INFO i.a.w.i.DefaultAirbyteStreamFactory(internalLog):159 INFO i.d.c.p.PostgresSchema(printReplicaIdentityInfo):100 REPLICA IDENTITY for 'test.test_1_tsvector' is 'DEFAULT'; UPDATE and DELETE events will contain previous values only for PK columns"}}
{"type":"LOG","log":{"level":"INFO","message":"INFO i.a.w.i.DefaultAirbyteStreamFactory(internalLog):159 INFO i.d.c.p.PostgresSchema(printReplicaIdentityInfo):100 REPLICA IDENTITY for 'test.test_2_polygon' is 'DEFAULT'; UPDATE and DELETE events will contain previous values only for PK columns"}}
{"type":"LOG","log":{"level":"INFO","message":"INFO i.a.w.i.DefaultAirbyteStreamFactory(internalLog):159 INFO i.d.c.p.PostgresSchema(printReplicaIdentityInfo):100 REPLICA IDENTITY for 'test.test_4_bit' is 'DEFAULT'; UPDATE and DELETE events will contain previous values only for PK columns"}}
{"type":"LOG","log":{"level":"INFO","message":"INFO i.a.w.i.DefaultAirbyteStreamFactory(internalLog):159 INFO i.d.c.p.PostgresSchema(printReplicaIdentityInfo):100 REPLICA IDENTITY for 'test.test_3_character' is 'DEFAULT'; UPDATE and DELETE events will contain previous values only for PK columns"}}
{"type":"LOG","log":{"level":"INFO","message":"INFO i.a.w.i.DefaultAirbyteStreamFactory(internalLog):159 INFO i.d.c.p.PostgresSchema(printReplicaIdentityInfo):100 REPLICA IDENTITY for 'test.test_4_numeric_array' is 'DEFAULT'; UPDATE and DELETE events will contain previous values only for PK columns"}}
{"type":"LOG","log":{"level":"INFO","message":"INFO i.a.w.i.DefaultAirbyteStreamFactory(internalLog):159 INFO i.d.c.p.PostgresSchema(printReplicaIdentityInfo):100 REPLICA IDENTITY for 'test.test_1_line' is 'DEFAULT'; UPDATE and DELETE events will contain previous values only for PK columns"}}
{"type":"LOG","log":{"level":"INFO","message":"INFO i.a.w.i.DefaultAirbyteStreamFactory(internalLog):159 INFO i.d.c.p.PostgresSchema(printReplicaIdentityInfo):100 REPLICA IDENTITY for 'test.test_4_date' is 'DEFAULT'; UPDATE and DELETE events will contain previous values only for PK columns"}}
{"type":"LOG","log":{"level":"INFO","message":"INFO i.a.w.i.DefaultAirbyteStreamFactory(internalLog):159 INFO i.d.c.p.PostgresSchema(printReplicaIdentityInfo):100 REPLICA IDENTITY for 'test.test_1_macaddr8' is 'DEFAULT'; UPDATE and DELETE events will contain previous values only for PK columns"}}
{"type":"LOG","log":{"level":"INFO","message":"INFO i.a.w.i.DefaultAirbyteStreamFactory(internalLog):159 INFO i.d.c.p.PostgresSchema(printReplicaIdentityInfo):100 REPLICA IDENTITY for 'test.test_6_numeric' is 'DEFAULT'; UPDATE and DELETE events will contain previous values only for PK columns"}}
{"type":"LOG","log":{"level":"INFO","message":"INFO i.a.w.i.DefaultAirbyteStreamFactory(internalLog):159 INFO i.d.c.p.PostgresSchema(printReplicaIdentityInfo):100 REPLICA IDENTITY for 'test.test_5_decimal_array' is 'DEFAULT'; UPDATE and DELETE events will contain previous values only for PK columns"}}
{"type":"LOG","log":{"level":"INFO","message":"INFO i.a.w.i.DefaultAirbyteStreamFactory(internalLog):159 INFO i.d.c.p.PostgresSchema(printReplicaIdentityInfo):100 REPLICA IDENTITY for 'test.test_1_float4' is 'DEFAULT'; UPDATE and DELETE events will contain previous values only for PK columns"}}
{"type":"LOG","log":{"level":"INFO","message":"INFO i.a.w.i.DefaultAirbyteStreamFactory(internalLog):159 INFO i.d.c.p.PostgresSchema(printReplicaIdentityInfo):100 REPLICA IDENTITY for 'test.test_2_timetz' is 'DEFAULT'; UPDATE and DELETE events will contain previous values only for PK columns"}}
{"type":"LOG","log":{"level":"INFO","message":"INFO i.a.w.i.DefaultAirbyteStreamFactory(internalLog):159 INFO i.d.c.p.PostgresSchema(printReplicaIdentityInfo):100 REPLICA IDENTITY for 'test.test_2_xml' is 'DEFAULT'; UPDATE and DELETE events will contain previous values only for PK columns"}}
{"type":"LOG","log":{"level":"INFO","message":"INFO i.a.w.i.DefaultAirbyteStreamFactory(internalLog):159 INFO i.d.c.p.PostgresSchema(printReplicaIdentityInfo):100 REPLICA IDENTITY for 'test.test_2_real' is 'DEFAULT'; UPDATE and DELETE events will contain previous values only for PK columns"}}
{"type":"LOG","log":{"level":"INFO","message":"INFO i.a.w.i.DefaultAirbyteStreamFactory(internalLog):159 INFO i.d.c.p.PostgresSchema(printReplicaIdentityInfo):100 REPLICA IDENTITY for 'test.test_4_character' is 'DEFAULT'; UPDATE and DELETE events will contain previous values only for PK columns"}}
{"type":"LOG","log":{"level":"INFO","message":"INFO i.a.w.i.DefaultAirbyteStreamFactory(internalLog):159 INFO i.d.c.p.PostgresSchema(printReplicaIdentityInfo):100 REPLICA IDENTITY for 'test.test_1_float8' is 'DEFAULT'; UPDATE and DELETE events will contain previous values only for PK columns"}}
{"type":"LOG","log":{"level":"INFO","message":"INFO i.a.w.i.DefaultAirbyteStreamFactory(internalLog):159 INFO i.d.c.p.PostgresSchema(printReplicaIdentityInfo):100 REPLICA IDENTITY for 'test.test_2_serial' is 'DEFAULT'; UPDATE and DELETE events will contain previous values only for PK columns"}}
{"type":"LOG","log":{"level":"INFO","message":"INFO i.a.w.i.DefaultAirbyteStreamFactory(internalLog):159 INFO i.d.c.p.PostgresSchema(printReplicaIdentityInfo):100 REPLICA IDENTITY for 'test.test_1_character' is 'DEFAULT'; UPDATE and DELETE events will contain previous values only for PK columns"}}
{"type":"LOG","log":{"level":"INFO","message":"INFO i.a.w.i.DefaultAirbyteStreamFactory(internalLog):159 INFO i.d.c.p.PostgresSchema(printReplicaIdentityInfo):100 REPLICA IDENTITY for 'test.test_2_smallint' is 'DEFAULT'; UPDATE and DELETE events will contain previous values only for PK columns"}}
{"type":"LOG","log":{"level":"INFO","message":"INFO i.a.w.i.DefaultAirbyteStreamFactory(internalLog):159 INFO i.d.c.p.PostgresSchema(printReplicaIdentityInfo):100 REPLICA IDENTITY for 'test.test_6_decimal_array' is 'DEFAULT'; UPDATE and DELETE events will contain previous values only for PK columns"}}
{"type":"LOG","log":{"level":"INFO","message":"INFO i.a.w.i.DefaultAirbyteStreamFactory(internalLog):159 INFO i.d.c.p.PostgresSchema(printReplicaIdentityInfo):100 REPLICA IDENTITY for 'test.test_2_tsquery' is 'DEFAULT'; UPDATE and DELETE events will contain previous values only for PK columns"}}
{"type":"LOG","log":{"level":"INFO","message":"INFO i.a.w.i.DefaultAirbyteStreamFactory(internalLog):159 INFO i.d.c.p.PostgresSchema(printReplicaIdentityInfo):100 REPLICA IDENTITY for 'test.test_5_numeric_array' is 'DEFAULT'; UPDATE and DELETE events will contain previous values only for PK columns"}}
{"type":"LOG","log":{"level":"INFO","message":"INFO i.a.w.i.DefaultAirbyteStreamFactory(internalLog):159 INFO i.d.c.p.PostgresSchema(printReplicaIdentityInfo):100 REPLICA IDENTITY for 'test.test_2_cidr' is 'DEFAULT'; UPDATE and DELETE events will contain previous values only for PK columns"}}
{"type":"LOG","log":{"level":"INFO","message":"INFO i.a.w.i.DefaultAirbyteStreamFactory(internalLog):159 INFO i.d.c.p.PostgresSchema(printReplicaIdentityInfo):100 REPLICA IDENTITY for 'test.test_9_numeric' is 'DEFAULT'; UPDATE and DELETE events will contain previous values only for PK columns"}}
{"type":"LOG","log":{"level":"INFO","message":"INFO i.a.w.i.DefaultAirbyteStreamFactory(internalLog):159 INFO i.d.c.p.PostgresSchema(printReplicaIdentityInfo):100 REPLICA IDENTITY for 'test.test_7_time' is 'DEFAULT'; UPDATE and DELETE events will contain previous values only for PK columns"}}
{"type":"LOG","log":{"level":"INFO","message":"INFO i.a.w.i.DefaultAirbyteStreamFactory(internalLog):159 INFO i.d.c.p.PostgresSchema(printReplicaIdentityInfo):100 REPLICA IDENTITY for 'test.test_1_inventory_item' is 'DEFAULT'; UPDATE and DELETE events will contain previous values only for PK columns"}}
{"type":"LOG","log":{"level":"INFO","message":"INFO i.a.w.i.DefaultAirbyteStreamFactory(internalLog):159 INFO i.d.c.p.PostgresSchema(printReplicaIdentityInfo):100 REPLICA IDENTITY for 'test.test_2_int' is 'DEFAULT'; UPDATE and DELETE events will contain previous values only for PK columns"}}
{"type":"LOG","log":{"level":"INFO","message":"INFO i.a.w.i.DefaultAirbyteStreamFactory(internalLog):159 INFO i.d.c.p.PostgresSchema(printReplicaIdentityInfo):100 REPLICA IDENTITY for 'test.test_2_serial4' is 'DEFAULT'; UPDATE and DELETE events will contain previous values only for PK columns"}}
{"type":"LOG","log":{"level":"INFO","message":"INFO i.a.w.i.DefaultAirbyteStreamFactory(internalLog):159 INFO i.d.c.p.PostgresSchema(printReplicaIdentityInfo):100 REPLICA IDENTITY for 'test.test_2_serial2' is 'DEFAULT'; UPDATE and DELETE events will contain previous values only for PK columns"}}
{"type":"LOG","log":{"level":"INFO","message":"INFO i.a.w.i.DefaultAirbyteStreamFactory(internalLog):159 INFO i.d.c.p.PostgresSchema(printReplicaIdentityInfo):100 REPLICA IDENTITY for 'test.test_2_decimal_array' is 'DEFAULT'; UPDATE and DELETE events will contain previous values only for PK columns"}}
{"type":"LOG","log":{"level":"INFO","message":"INFO i.a.w.i.DefaultAirbyteStreamFactory(internalLog):159 INFO i.d.c.p.PostgresSchema(printReplicaIdentityInfo):100 REPLICA IDENTITY for 'test.test_5_numeric' is 'DEFAULT'; UPDATE and DELETE events will contain previous values only for PK columns"}}
{"type":"LOG","log":{"level":"INFO","message":"INFO i.a.w.i.DefaultAirbyteStreamFactory(internalLog):159 INFO i.d.c.p.PostgresSchema(printReplicaIdentityInfo):100 REPLICA IDENTITY for 'test.test_1_float8_array' is 'DEFAULT'; UPDATE and DELETE events will contain previous values only for PK columns"}}
{"type":"LOG","log":{"level":"INFO","message":"INFO i.a.w.i.DefaultAirbyteStreamFactory(internalLog):159 INFO i.d.c.p.PostgresSchema(printReplicaIdentityInfo):100 REPLICA IDENTITY for 'test.test_3_bit_varying' is 'DEFAULT'; UPDATE and DELETE events will contain previous values only for PK columns"}}
{"type":"LOG","log":{"level":"INFO","message":"INFO i.a.w.i.DefaultAirbyteStreamFactory(internalLog):159 INFO i.d.c.p.PostgresSchema(printReplicaIdentityInfo):100 REPLICA IDENTITY for 'test.test_6_numeric_array' is 'DEFAULT'; UPDATE and DELETE events will contain previous values only for PK columns"}}
{"type":"LOG","log":{"level":"INFO","message":"INFO i.a.w.i.DefaultAirbyteStreamFactory(internalLog):159 INFO i.d.c.p.PostgresSchema(printReplicaIdentityInfo):100 REPLICA IDENTITY for 'test.test_1_bytea_array' is 'DEFAULT'; UPDATE and DELETE events will contain previous values only for PK columns"}}
{"type":"LOG","log":{"level":"INFO","message":"INFO i.a.w.i.DefaultAirbyteStreamFactory(internalLog):159 INFO i.d.c.p.PostgresSchema(printReplicaIdentityInfo):100 REPLICA IDENTITY for 'test.test_10_timestamp' is 'DEFAULT'; UPDATE and DELETE events will contain previous values only for PK columns"}}
{"type":"LOG","log":{"level":"INFO","message":"INFO i.a.w.i.DefaultAirbyteStreamFactory(internalLog):159 INFO i.d.c.p.PostgresSchema(printReplicaIdentityInfo):100 REPLICA IDENTITY for 'test.test_1_timestamptz_array' is 'DEFAULT'; UPDATE and DELETE events will contain previous values only for PK columns"}}
{"type":"LOG","log":{"level":"INFO","message":"INFO i.a.w.i.DefaultAirbyteStreamFactory(internalLog):159 INFO i.d.c.p.PostgresSchema(printReplicaIdentityInfo):100 REPLICA IDENTITY for 'test.test_1_float' is 'DEFAULT'; UPDATE and DELETE events will contain previous values only for PK columns"}}
{"type":"LOG","log":{"level":"INFO","message":"INFO i.a.w.i.DefaultAirbyteStreamFactory(internalLog):159 INFO i.d.c.p.PostgresSchema(printReplicaIdentityInfo):100 REPLICA IDENTITY for 'test.test_4_timestamp' is 'DEFAULT'; UPDATE and DELETE events will contain previous values only for PK columns"}}
{"type":"LOG","log":{"level":"INFO","message":"INFO i.a.w.i.DefaultAirbyteStreamFactory(internalLog):159 INFO i.d.c.p.PostgresSchema(printReplicaIdentityInfo):100 REPLICA IDENTITY for 'test.test_2_int2_array' is 'DEFAULT'; UPDATE and DELETE events will contain previous values only for PK columns"}}
{"type":"LOG","log":{"level":"INFO","message":"INFO i.a.w.i.DefaultAirbyteStreamFactory(internalLog):159 INFO i.d.c.p.PostgresSchema(printReplicaIdentityInfo):100 REPLICA IDENTITY for 'test.test_16_timestamp' is 'DEFAULT'; UPDATE and DELETE events will contain previous values only for PK columns"}}
{"type":"LOG","log":{"level":"INFO","message":"INFO i.a.w.i.DefaultAirbyteStreamFactory(internalLog):159 INFO i.d.c.p.PostgresSchema(printReplicaIdentityInfo):100 REPLICA IDENTITY for 'test.test_1_inet' is 'DEFAULT'; UPDATE and DELETE events will contain previous values only for PK columns"}}
{"type":"LOG","log":{"level":"INFO","message":"INFO i.a.w.i.DefaultAirbyteStreamFactory(internalLog):159 INFO i.d.c.p.PostgresSchema(printReplicaIdentityInfo):100 REPLICA IDENTITY for 'test.test_2_point' is 'DEFAULT'; UPDATE and DELETE events will contain previous values only for PK columns"}}
{"type":"LOG","log":{"level":"INFO","message":"INFO i.a.w.i.DefaultAirbyteStreamFactory(internalLog):159 INFO i.d.c.p.PostgresSchema(printReplicaIdentityInfo):100 REPLICA IDENTITY for 'test.test_1_hstore' is 'DEFAULT'; UPDATE and DELETE events will contain previous values only for PK columns"}}
{"type":"LOG","log":{"level":"INFO","message":"INFO i.a.w.i.DefaultAirbyteStreamFactory(internalLog):159 INFO i.d.c.p.PostgresSchema(printReplicaIdentityInfo):100 REPLICA IDENTITY for 'test.test_2_date' is 'DEFAULT'; UPDATE and DELETE events will contain previous values only for PK columns"}}
{"type":"LOG","log":{"level":"INFO","message":"INFO i.a.w.i.DefaultAirbyteStreamFactory(internalLog):159 INFO i.d.c.p.PostgresSchema(printReplicaIdentityInfo):100 REPLICA IDENTITY for 'test.test_1_box' is 'DEFAULT'; UPDATE and DELETE events will contain previous values only for PK columns"}}
{"type":"LOG","log":{"level":"INFO","message":"INFO i.a.w.i.DefaultAirbyteStreamFactory(internalLog):159 INFO i.d.c.p.PostgresSchema(printReplicaIdentityInfo):100 REPLICA IDENTITY for 'test.test_1_double_precision' is 'DEFAULT'; UPDATE and DELETE events will contain previous values only for PK columns"}}
{"type":"LOG","log":{"level":"INFO","message":"INFO i.a.w.i.DefaultAirbyteStreamFactory(internalLog):159 INFO i.d.c.p.PostgresSchema(printReplicaIdentityInfo):100 REPLICA IDENTITY for 'test.test_2_macaddr' is 'DEFAULT'; UPDATE and DELETE events will contain previous values only for PK columns"}}
{"type":"LOG","log":{"level":"INFO","message":"INFO i.a.w.i.DefaultAirbyteStreamFactory(internalLog):159 INFO i.d.c.p.PostgresSchema(printReplicaIdentityInfo):100 REPLICA IDENTITY for 'test.test_1_timestamp_array' is 'DEFAULT'; UPDATE and DELETE events will contain previous values only for PK columns"}}
{"type":"LOG","log":{"level":"INFO","message":"INFO i.a.w.i.DefaultAirbyteStreamFactory(internalLog):159 INFO i.d.c.p.PostgresSchema(printReplicaIdentityInfo):100 REPLICA IDENTITY for 'test.test_2_uuid' is 'DEFAULT'; UPDATE and DELETE events will contain previous values only for PK columns"}}
{"type":"LOG","log":{"level":"INFO","message":"INFO i.a.w.i.DefaultAirbyteStreamFactory(internalLog):159 INFO i.d.c.p.PostgresSchema(printReplicaIdentityInfo):100 REPLICA IDENTITY for 'test.test_8_numeric' is 'DEFAULT'; UPDATE and DELETE events will contain previous values only for PK columns"}}
{"type":"LOG","log":{"level":"INFO","message":"INFO i.a.w.i.DefaultAirbyteStreamFactory(internalLog):159 INFO i.d.c.p.PostgresSchema(printReplicaIdentityInfo):100 REPLICA IDENTITY for 'test.test_1_bit_varying' is 'DEFAULT'; UPDATE and DELETE events will contain previous values only for PK columns"}}
{"type":"LOG","log":{"level":"INFO","message":"INFO i.a.w.i.DefaultAirbyteStreamFactory(internalLog):159 INFO i.d.c.p.PostgresSchema(printReplicaIdentityInfo):100 REPLICA IDENTITY for 'test.test_1_time_array' is 'DEFAULT'; UPDATE and DELETE events will contain previous values only for PK columns"}}
{"type":"LOG","log":{"level":"INFO","message":"INFO i.a.w.i.DefaultAirbyteStreamFactory(internalLog):159 INFO i.d.c.p.PostgresSchema(printReplicaIdentityInfo):100 REPLICA IDENTITY for 'test.test_5_time' is 'DEFAULT'; UPDATE and DELETE events will contain previous values only for PK columns"}}
{"type":"LOG","log":{"level":"INFO","message":"INFO i.a.w.i.DefaultAirbyteStreamFactory(internalLog):159 INFO i.d.c.p.PostgresSchema(printReplicaIdentityInfo):100 REPLICA IDENTITY for 'test.test_15_timestamp' is 'DEFAULT'; UPDATE and DELETE events will contain previous values only for PK columns"}}
{"type":"LOG","log":{"level":"INFO","message":"INFO i.a.w.i.DefaultAirbyteStreamFactory(internalLog):159 INFO i.d.c.p.PostgresSchema(printReplicaIdentityInfo):100 REPLICA IDENTITY for 'test.test_1_point' is 'DEFAULT'; UPDATE and DELETE events will contain previous values only for PK columns"}}
{"type":"LOG","log":{"level":"INFO","message":"INFO i.a.w.i.DefaultAirbyteStreamFactory(internalLog):159 INFO i.d.c.p.PostgresSchema(printReplicaIdentityInfo):100 REPLICA IDENTITY for 'test.test_2_smallserial' is 'DEFAULT'; UPDATE and DELETE events will contain previous values only for PK columns"}}
{"type":"LOG","log":{"level":"INFO","message":"INFO i.a.w.i.DefaultAirbyteStreamFactory(internalLog):159 INFO i.d.c.p.PostgresSchema(printReplicaIdentityInfo):100 REPLICA IDENTITY for 'test.test_10_time' is 'DEFAULT'; UPDATE and DELETE events will contain previous values only for PK columns"}}
{"type":"LOG","log":{"level":"INFO","message":"INFO i.a.w.i.DefaultAirbyteStreamFactory(internalLog):159 INFO i.d.c.p.PostgresSchema(printReplicaIdentityInfo):100 REPLICA IDENTITY for 'test.test_3_bit' is 'DEFAULT'; UPDATE and DELETE events will contain previous values only for PK columns"}}
{"type":"LOG","log":{"level":"INFO","message":"INFO i.a.w.i.DefaultAirbyteStreamFactory(internalLog):159 INFO i.d.c.p.PostgresSchema(printReplicaIdentityInfo):100 REPLICA IDENTITY for 'test.test_1_int' is 'DEFAULT'; UPDATE and DELETE events will contain previous values only for PK columns"}}
{"type":"LOG","log":{"level":"INFO","message":"INFO i.a.w.i.DefaultAirbyteStreamFactory(internalLog):159 INFO i.d.c.p.PostgresSchema(printReplicaIdentityInfo):100 REPLICA IDENTITY for 'test.test_2_int4_array' is 'DEFAULT'; UPDATE and DELETE events will contain previous values only for PK columns"}}
{"type":"LOG","log":{"level":"INFO","message":"INFO i.a.w.i.DefaultAirbyteStreamFactory(internalLog):159 INFO i.d.c.p.PostgresSchema(printReplicaIdentityInfo):100 REPLICA IDENTITY for 'test.test_1_money_array' is 'DEFAULT'; UPDATE and DELETE events will contain previous values only for PK columns"}}
{"type":"LOG","log":{"level":"INFO","message":"INFO i.a.w.i.DefaultAirbyteStreamFactory(internalLog):159 INFO i.d.c.p.PostgresSchema(printReplicaIdentityInfo):100 REPLICA IDENTITY for 'test.test_1_bytea' is 'DEFAULT'; UPDATE and DELETE events will contain previous values only for PK columns"}}
{"type":"LOG","log":{"level":"INFO","message":"INFO i.a.w.i.DefaultAirbyteStreamFactory(internalLog):159 INFO i.d.c.p.PostgresSchema(printReplicaIdentityInfo):100 REPLICA IDENTITY for 'test.test_2_float8_array' is 'DEFAULT'; UPDATE and DELETE events will contain previous values only for PK columns"}}
{"type":"LOG","log":{"level":"INFO","message":"INFO i.a.w.i.DefaultAirbyteStreamFactory(internalLog):159 INFO i.d.c.p.PostgresSchema(printReplicaIdentityInfo):100 REPLICA IDENTITY for 'test.test_2_bigserial' is 'DEFAULT'; UPDATE and DELETE events will contain previous values only for PK columns"}}
{"type":"LOG","log":{"level":"INFO","message":"INFO i.a.w.i.DefaultAirbyteStreamFactory(internalLog):159 INFO i.d.c.p.PostgresSchema(printReplicaIdentityInfo):100 REPLICA IDENTITY for 'test.test_1_lseg' is 'DEFAULT'; UPDATE and DELETE events will contain previous values only for PK columns"}}
{"type":"LOG","log":{"level":"INFO","message":"INFO i.a.w.i.DefaultAirbyteStreamFactory(internalLog):159 INFO i.d.c.p.PostgresSchema(printReplicaIdentityInfo):100 REPLICA IDENTITY for 'test.test_6_time' is 'DEFAULT'; UPDATE and DELETE events will contain previous values only for PK columns"}}
{"type":"LOG","log":{"level":"INFO","message":"INFO i.a.w.i.DefaultAirbyteStreamFactory(internalLog):159 INFO i.d.c.p.PostgresSchema(printReplicaIdentityInfo):100 REPLICA IDENTITY for 'test.test_1_decimal_array' is 'DEFAULT'; UPDATE and DELETE events will contain previous values only for PK columns"}}
{"type":"LOG","log":{"level":"INFO","message":"INFO i.a.w.i.DefaultAirbyteStreamFactory(internalLog):159 INFO i.d.c.p.PostgresSchema(printReplicaIdentityInfo):100 REPLICA IDENTITY for 'test.test_2_decimal' is 'DEFAULT'; UPDATE and DELETE events will contain previous values only for PK columns"}}
{"type":"LOG","log":{"level":"INFO","message":"INFO i.a.w.i.DefaultAirbyteStreamFactory(internalLog):159 INFO i.d.c.p.PostgresSchema(printReplicaIdentityInfo):100 REPLICA IDENTITY for 'test.test_1_xml' is 'DEFAULT'; UPDATE and DELETE events will contain previous values only for PK columns"}}
{"type":"LOG","log":{"level":"INFO","message":"INFO i.a.w.i.DefaultAirbyteStreamFactory(internalLog):159 INFO i.d.c.p.PostgresSchema(printReplicaIdentityInfo):100 REPLICA IDENTITY for 'test.test_2_tsrange' is 'DEFAULT'; UPDATE and DELETE events will contain previous values only for PK columns"}}
{"type":"LOG","log":{"level":"INFO","message":"INFO i.a.w.i.DefaultAirbyteStreamFactory(internalLog):159 INFO i.d.c.p.PostgresSchema(printReplicaIdentityInfo):100 REPLICA IDENTITY for 'test.test_1_smallint' is 'DEFAULT'; UPDATE and DELETE events will contain previous values only for PK columns"}}
{"type":"LOG","log":{"level":"INFO","message":"INFO i.a.w.i.DefaultAirbyteStreamFactory(internalLog):159 INFO i.d.c.p.PostgresSchema(printReplicaIdentityInfo):100 REPLICA IDENTITY for 'test.test_4_timestamptz' is 'DEFAULT'; UPDATE and DELETE events will contain previous values only for PK columns"}}
{"type":"LOG","log":{"level":"INFO","message":"INFO i.a.w.i.DefaultAirbyteStreamFactory(internalLog):159 INFO i.d.c.p.PostgresSchema(printReplicaIdentityInfo):100 REPLICA IDENTITY for 'test.test_2_line' is 'DEFAULT'; UPDATE and DELETE events will contain previous values only for PK columns"}}
{"type":"LOG","log":{"level":"INFO","message":"INFO i.a.w.i.DefaultAirbyteStreamFactory(internalLog):159 INFO i.d.c.p.PostgresSchema(printReplicaIdentityInfo):100 REPLICA IDENTITY for 'test.test_2_pg_lsn' is 'DEFAULT'; UPDATE and DELETE events will contain previous values only for PK columns"}}
{"type":"LOG","log":{"level":"INFO","message":"INFO i.a.w.i.DefaultAirbyteStreamFactory(internalLog):159 INFO i.d.c.p.PostgresSchema(printReplicaIdentityInfo):100 REPLICA IDENTITY for 'test.test_1_char_array' is 'DEFAULT'; UPDATE and DELETE events will contain previous values only for PK columns"}}
{"type":"LOG","log":{"level":"INFO","message":"INFO i.a.w.i.DefaultAirbyteStreamFactory(internalLog):159 INFO i.d.c.p.PostgresSchema(printReplicaIdentityInfo):100 REPLICA IDENTITY for 'test.test_5_timestamp' is 'DEFAULT'; UPDATE and DELETE events will contain previous values only for PK columns"}}
{"type":"LOG","log":{"level":"INFO","message":"INFO i.a.w.i.DefaultAirbyteStreamFactory(internalLog):159 INFO i.d.c.p.PostgresSchema(printReplicaIdentityInfo):100 REPLICA IDENTITY for 'test.test_4_char' is 'DEFAULT'; UPDATE and DELETE events will contain previous values only for PK columns"}}
{"type":"LOG","log":{"level":"INFO","message":"INFO i.a.w.i.DefaultAirbyteStreamFactory(internalLog):159 INFO i.d.c.p.PostgresSchema(printReplicaIdentityInfo):100 REPLICA IDENTITY for 'test.test_3_date' is 'DEFAULT'; UPDATE and DELETE events will contain previous values only for PK columns"}}
{"type":"LOG","log":{"level":"INFO","message":"INFO i.a.w.i.DefaultAirbyteStreamFactory(internalLog):159 INFO i.d.c.p.PostgresSchema(printReplicaIdentityInfo):100 REPLICA IDENTITY for 'test.test_10_numeric' is 'DEFAULT'; UPDATE and DELETE events will contain previous values only for PK columns"}}
{"type":"LOG","log":{"level":"INFO","message":"INFO i.a.w.i.DefaultAirbyteStreamFactory(internalLog):159 INFO i.d.c.p.PostgresStreamingChangeEventSource(searchWalPosition):327 Searching for WAL resume position"}}
{"type":"LOG","log":{"level":"INFO","message":"INFO i.a.w.i.DefaultAirbyteStreamFactory(internalLog):159 INFO i.d.c.p.c.WalPositionLocator(resumeFromLsn):71 First LSN 'LSN{0/1AADD98}' received"}}
{"type":"LOG","log":{"level":"INFO","message":"INFO i.a.w.i.DefaultAirbyteStreamFactory(internalLog):159 INFO i.d.c.p.PostgresStreamingChangeEventSource(searchWalPosition):348 WAL resume position 'LSN{0/1AADD98}' discovered"}}
{"type":"LOG","log":{"level":"INFO","message":"INFO i.a.w.i.DefaultAirbyteStreamFactory(internalLog):159 INFO i.d.j.JdbcConnection(lambda$doClose$4):947 Connection gracefully closed"}}
{"type":"LOG","log":{"level":"INFO","message":"INFO i.a.w.i.DefaultAirbyteStreamFactory(internalLog):159 INFO i.d.j.JdbcConnection(lambda$doClose$4):947 Connection gracefully closed"}}
{"type":"LOG","log":{"level":"INFO","message":"INFO i.a.w.i.DefaultAirbyteStreamFactory(internalLog):159 INFO i.d.c.p.c.PostgresReplicationConnection(initPublication):147 Initializing PgOutput logical decoder publication"}}
{"type":"LOG","log":{"level":"INFO","message":"INFO i.a.w.i.DefaultAirbyteStreamFactory(internalLog):159 INFO i.d.c.p.c.PostgresReplicationConnection(validateSlotIsInExpectedState):364 Seeking to LSN{0/1AADC30} on the replication slot with command SELECT pg_replication_slot_advance('debezium_slot', '0/1AADC30')"}}
{"type":"LOG","log":{"level":"INFO","message":"INFO i.a.w.i.DefaultAirbyteStreamFactory(internalLog):159 INFO i.d.u.Threads(threadFactory):270 Requested thread factory for connector PostgresConnector, id = test named = keep-alive"}}
{"type":"LOG","log":{"level":"INFO","message":"INFO i.a.w.i.DefaultAirbyteStreamFactory(internalLog):159 INFO i.d.u.Threads$3(newThread):287 Creating thread debezium-postgresconnector-test-keep-alive"}}
{"type":"LOG","log":{"level":"INFO","message":"INFO i.a.w.i.DefaultAirbyteStreamFactory(internalLog):159 INFO i.d.c.p.PostgresStreamingChangeEventSource(processMessages):211 Processing messages"}}
{"type":"LOG","log":{"level":"INFO","message":"INFO i.a.w.i.DefaultAirbyteStreamFactory(internalLog):159 INFO i.d.c.p.c.WalPositionLocator(skipMessage):152 Message with LSN 'LSN{0/1AADD98}' arrived, switching off the filtering"}}
{"type":"LOG","log":{"level":"INFO","message":"INFO i.a.w.i.DefaultAirbyteStreamFactory(internalLog):159 INFO i.d.c.c.BaseSourceTask(logStatistics):195 20 records sent during previous 00:00:16.241, last recorded offset of {server=test} partition is {transaction_id=null, lsn_proc=27979016, messageType=INSERT, lsn_commit=27979016, lsn=27979016, txId=973, ts_usec=1684593419813364}"}}
{"type":"LOG","log":{"level":"INFO","message":"INFO i.a.w.i.DefaultAirbyteStreamFactory(internalLog):159 INFO i.a.d.j.DateTimeConverter(convertToTime):161 Unknown class for Time data typeclass java.lang.String"}}
{"type":"LOG","log":{"level":"INFO","message":"INFO i.a.w.i.DefaultAirbyteStreamFactory(internalLog):159 INFO i.d.c.c.BaseSourceTask(logStatistics):195 595 records sent during previous 00:00:21.126, last recorded offset of {server=test} partition is {transaction_id=null, lsn_proc=28384216, messageType=INSERT, lsn_commit=28384216, lsn=28384216, txId=1572, ts_usec=1684593452300718}"}}
{"type":"LOG","log":{"level":"INFO","message":"INFO i.a.w.i.DefaultAirbyteStreamFactory(internalLog):159 INFO i.a.i.d.i.DebeziumRecordIterator(requestClose):208 Closing: Heartbeat indicates sync is done"}}
{"type":"LOG","log":{"level":"INFO","message":"INFO i.a.w.i.DefaultAirbyteStreamFactory(internalLog):159 INFO i.d.e.EmbeddedEngine(stop):1146 Stopping the embedded engine"}}
{"type":"LOG","log":{"level":"INFO","message":"INFO i.a.w.i.DefaultAirbyteStreamFactory(internalLog):159 INFO i.d.e.EmbeddedEngine(stop):1153 Waiting for PT5M for connector to stop"}}
{"type":"LOG","log":{"level":"INFO","message":"INFO i.a.w.i.DefaultAirbyteStreamFactory(internalLog):159 INFO i.d.e.EmbeddedEngine(run):944 Stopping the task and engine"}}
{"type":"LOG","log":{"level":"INFO","message":"INFO i.a.w.i.DefaultAirbyteStreamFactory(internalLog):159 INFO i.d.c.c.BaseSourceTask(stop):278 Stopping down connector"}}
{"type":"LOG","log":{"level":"INFO","message":"INFO i.a.w.i.DefaultAirbyteStreamFactory(internalLog):159 INFO i.d.j.JdbcConnection(lambda$doClose$4):947 Connection gracefully closed"}}
{"type":"LOG","log":{"level":"INFO","message":"INFO i.a.w.i.DefaultAirbyteStreamFactory(internalLog):159 INFO i.d.j.JdbcConnection(lambda$doClose$4):947 Connection gracefully closed"}}
{"type":"LOG","log":{"level":"INFO","message":"INFO i.a.w.i.DefaultAirbyteStreamFactory(internalLog):159 INFO i.d.p.ChangeEventSourceCoordinator(streamEvents):175 Finished streaming"}}
{"type":"LOG","log":{"level":"INFO","message":"INFO i.a.w.i.DefaultAirbyteStreamFactory(internalLog):159 INFO i.d.p.ChangeEventSourceCoordinator(streamingConnected):240 Connected metrics set to 'false'"}}
{"type":"LOG","log":{"level":"INFO","message":"INFO i.a.w.i.DefaultAirbyteStreamFactory(internalLog):159 INFO o.a.k.c.s.FileOffsetBackingStore(stop):66 Stopped FileOffsetBackingStore"}}
{"type":"LOG","log":{"level":"INFO","message":"INFO i.a.w.i.DefaultAirbyteStreamFactory(internalLog):159 INFO i.a.i.d.i.DebeziumRecordPublisher(lambda$start$1):73 Debezium engine shutdown."}}
{"type":"LOG","log":{"level":"INFO","message":"INFO i.a.w.i.DefaultAirbyteStreamFactory(internalLog):159 INFO i.a.i.d.i.DebeziumRecordPublisher(lambda$start$1):74 Connector 'io.debezium.connector.postgresql.PostgresConnector' completed normally."}}
{"type":"LOG","log":{"level":"INFO","message":"INFO i.a.w.i.DefaultAirbyteStreamFactory(internalLog):159 INFO i.a.i.s.p.PostgresCdcStateHandler(saveState):37 debezium state: {\"[\\\"test\\\",{\\\"server\\\":\\\"test\\\"}]\":\"{\\\"transaction_id\\\":null,\\\"lsn_proc\\\":28384216,\\\"messageType\\\":\\\"INSERT\\\",\\\"lsn_commit\\\":28384216,\\\"lsn\\\":28384216,\\\"txId\\\":1572,\\\"ts_usec\\\":1684593452300718}\"}"}}
{"type":"LOG","log":{"level":"INFO","message":"INFO i.a.w.i.DefaultAirbyteStreamFactory(internalLog):159 INFO i.a.i.s.r.s.LegacyStateManager(toState):99 Generated legacy state for 213 streams"}}
{"type":"LOG","log":{"level":"INFO","message":"INFO i.a.w.i.DefaultAirbyteStreamFactory(internalLog):159 INFO i.a.i.s.r.AbstractDbSource(lambda$read$1):173 Closing database connection pool."}}
{"type":"LOG","log":{"level":"INFO","message":"INFO i.a.w.i.DefaultAirbyteStreamFactory(internalLog):159 INFO c.z.h.HikariDataSource(close):350 HikariPool-1 - Shutdown initiated..."}}
{"type":"LOG","log":{"level":"INFO","message":"INFO i.a.w.i.DefaultAirbyteStreamFactory(internalLog):159 INFO c.z.h.HikariDataSource(close):352 HikariPool-1 - Shutdown completed."}}
{"type":"LOG","log":{"level":"INFO","message":"INFO i.a.w.i.DefaultAirbyteStreamFactory(internalLog):159 INFO i.a.i.s.r.AbstractDbSource(lambda$read$1):175 Closed database connection pool."}}
{"type":"LOG","log":{"level":"INFO","message":"INFO i.a.w.i.DefaultAirbyteStreamFactory(internalLog):159 INFO i.a.i.b.IntegrationRunner(runInternal):186 Completed integration: io.airbyte.integrations.base.ssh.SshWrappedSource"}}
{"type":"LOG","log":{"level":"INFO","message":"INFO i.a.w.i.DefaultAirbyteStreamFactory(internalLog):159 INFO i.a.i.s.p.PostgresSource(main):509 completed source: class io.airbyte.integrations.source.postgres.PostgresSource"}}
{"type":"LOG","log":{"level":"INFO","message":"INFO o.t.c.GenericContainer(tryStart):376 Creating container for image: postgres:14-alpine"}}
{"type":"LOG","log":{"level":"INFO","message":"INFO o.t.c.GenericContainer(tryStart):440 Container postgres:14-alpine is starting: 997965b3eee72bc2cdd0b9c5d9d51941026175a5d6171298be656d7d647b1d47"}}
{"type":"LOG","log":{"level":"INFO","message":"INFO o.t.c.GenericContainer(tryStart):520 Container postgres:14-alpine started in PT42.75908S"}}
{"type":"LOG","log":{"level":"INFO","message":"INFO c.z.h.HikariDataSource(<init>):80 HikariPool-11 - Starting..."}}
{"type":"LOG","log":{"level":"INFO","message":"INFO c.z.h.HikariDataSource(<init>):82 HikariPool-11 - Start completed."}}
{"type":"LOG","log":{"level":"INFO","message":"INFO i.a.i.s.s.TestEnvConfigs(getEnvOrDefault):119 Using default value for environment variable WORKER_ENVIRONMENT: 'DOCKER'"}}
{"type":"LOG","log":{"level":"INFO","message":"INFO i.a.i.s.s.TestEnvConfigs(getEnvOrDefault):119 Using default value for environment variable DEPLOYMENT_MODE: 'OSS'"}}
{"type":"LOG","log":{"level":"INFO","message":"INFO o.t.c.GenericContainer(tryStart):376 Creating container for image: postgres:14-alpine"}}
{"type":"LOG","log":{"level":"INFO","message":"INFO o.t.c.GenericContainer(tryStart):440 Container postgres:14-alpine is starting: c741c6faea49c28292ab5afe193464b7cd82675d2c3fc507ddb348728552c56f"}}
{"type":"LOG","log":{"level":"INFO","message":"INFO o.t.c.GenericContainer(tryStart):520 Container postgres:14-alpine started in PT7.775306S"}}
{"type":"LOG","log":{"level":"INFO","message":"INFO c.z.h.HikariDataSource(<init>):80 HikariPool-12 - Starting..."}}
{"type":"LOG","log":{"level":"INFO","message":"INFO c.z.h.HikariDataSource(<init>):82 HikariPool-12 - Start completed."}}
{"type":"LOG","log":{"level":"INFO","message":"INFO i.a.c.i.LineGobbler(voidCall):114 Checking if airbyte/source-postgres:dev exists..."}}
{"type":"LOG","log":{"level":"INFO","message":"INFO i.a.c.i.LineGobbler(voidCall):114 airbyte/source-postgres:dev was found locally."}}
{"type":"LOG","log":{"level":"INFO","message":"INFO i.a.w.p.DockerProcessFactory(create):126 Creating docker container = source-postgres-read-0-0-kuqcm with resources null and allowedHosts null"}}
{"type":"LOG","log":{"level":"INFO","message":"INFO i.a.w.p.DockerProcessFactory(create):171 Preparing command: docker run --rm --init -i -w /data/job --log-driver none --name source-postgres-read-0-0-kuqcm --network host -v /tmp/airbyte_tests/test8598103222460137227:/data -v /tmp/airbyte_tests/output1397586249962452052:/local -e DEPLOYMENT_MODE=OSS -e USE_STREAM_CAPABLE_STATE=false -e FIELD_SELECTION_WORKSPACES= -e WORKER_ENVIRONMENT=DOCKER -e AIRBYTE_ROLE= -e APPLY_FIELD_SELECTION=false -e WORKER_CONNECTOR_IMAGE=airbyte/source-postgres:dev -e WORKER_JOB_ATTEMPT=0 -e AUTO_DETECT_SCHEMA=true -e AIRBYTE_VERSION= -e WORKER_JOB_ID=0 airbyte/source-postgres:dev read --config source_config.json --catalog source_catalog.json"}}
{"type":"LOG","log":{"level":"INFO","message":"INFO i.a.w.i.DefaultAirbyteStreamFactory(internalLog):159 INFO i.a.i.s.p.PostgresSource(main):507 starting source: class io.airbyte.integrations.source.postgres.PostgresSource"}}
{"type":"LOG","log":{"level":"INFO","message":"INFO i.a.w.i.DefaultAirbyteStreamFactory(internalLog):159 INFO i.a.i.b.IntegrationCliParser(parseOptions):126 integration args: {read=null, catalog=source_catalog.json, config=source_config.json}"}}
{"type":"LOG","log":{"level":"INFO","message":"INFO i.a.w.i.DefaultAirbyteStreamFactory(internalLog):159 INFO i.a.i.b.IntegrationRunner(runInternal):108 Running integration: io.airbyte.integrations.base.ssh.SshWrappedSource"}}
{"type":"LOG","log":{"level":"INFO","message":"INFO i.a.w.i.DefaultAirbyteStreamFactory(internalLog):159 INFO i.a.i.b.IntegrationRunner(runInternal):109 Command: READ"}}
{"type":"LOG","log":{"level":"INFO","message":"INFO i.a.w.i.DefaultAirbyteStreamFactory(internalLog):159 INFO i.a.i.b.IntegrationRunner(runInternal):110 Integration config: IntegrationConfig{command=READ, configPath='source_config.json', catalogPath='source_catalog.json', statePath='null'}"}}
{"type":"LOG","log":{"level":"WARN","message":"WARN i.a.w.i.DefaultAirbyteStreamFactory(internalLog):156 WARN c.n.s.JsonMetaSchema(newValidator):278 Unknown keyword groups - you should define your own Meta Schema. If the keyword is irrelevant for validation, just use a NonValidationKeyword"}}
{"type":"LOG","log":{"level":"WARN","message":"WARN i.a.w.i.DefaultAirbyteStreamFactory(internalLog):156 WARN c.n.s.JsonMetaSchema(newValidator):278 Unknown keyword order - you should define your own Meta Schema. If the keyword is irrelevant for validation, just use a NonValidationKeyword"}}
{"type":"LOG","log":{"level":"WARN","message":"WARN i.a.w.i.DefaultAirbyteStreamFactory(internalLog):156 WARN c.n.s.JsonMetaSchema(newValidator):278 Unknown keyword group - you should define your own Meta Schema. If the keyword is irrelevant for validation, just use a NonValidationKeyword"}}
{"type":"LOG","log":{"level":"WARN","message":"WARN i.a.w.i.DefaultAirbyteStreamFactory(internalLog):156 WARN c.n.s.JsonMetaSchema(newValidator):278 Unknown keyword airbyte_secret - you should define your own Meta Schema. If the keyword is irrelevant for validation, just use a NonValidationKeyword"}}
{"type":"LOG","log":{"level":"WARN","message":"WARN i.a.w.i.DefaultAirbyteStreamFactory(internalLog):156 WARN c.n.s.JsonMetaSchema(newValidator):278 Unknown keyword always_show - you should define your own Meta Schema. If the keyword is irrelevant for validation, just use a NonValidationKeyword"}}
{"type":"LOG","log":{"level":"WARN","message":"WARN i.a.w.i.DefaultAirbyteStreamFactory(internalLog):156 WARN c.n.s.JsonMetaSchema(newValidator):278 Unknown keyword min - you should define your own Meta Schema. If the keyword is irrelevant for validation, just use a NonValidationKeyword"}}
{"type":"LOG","log":{"level":"WARN","message":"WARN i.a.w.i.DefaultAirbyteStreamFactory(internalLog):156 WARN c.n.s.JsonMetaSchema(newValidator):278 Unknown keyword max - you should define your own Meta Schema. If the keyword is irrelevant for validation, just use a NonValidationKeyword"}}
{"type":"LOG","log":{"level":"INFO","message":"INFO i.a.w.i.DefaultAirbyteStreamFactory(internalLog):159 INFO i.a.i.b.s.SshTunnel(getInstance):204 Starting connection with method: NO_TUNNEL"}}
{"type":"LOG","log":{"level":"INFO","message":"INFO i.a.w.i.DefaultAirbyteStreamFactory(internalLog):159 INFO i.a.i.s.r.s.StateManagerFactory(createStateManager):48 Legacy state manager selected to manage state object with type LEGACY."}}
{"type":"LOG","log":{"level":"INFO","message":"INFO i.a.w.i.DefaultAirbyteStreamFactory(internalLog):159 INFO i.a.i.s.r.s.CursorManager(createCursorInfoForStream):182 No cursor field set in catalog but not present in state. Stream: test_test_1_bool_array, New Cursor Field: id. Resetting cursor value"}}
{"type":"LOG","log":{"level":"INFO","message":"INFO i.a.w.i.DefaultAirbyteStreamFactory(internalLog):159 INFO i.a.i.s.r.s.CursorManager(createCursorInfoForStream):182 No cursor field set in catalog but not present in state. Stream: test_test_2_polygon, New Cursor Field: id. Resetting cursor value"}}
{"type":"LOG","log":{"level":"INFO","message":"INFO i.a.w.i.DefaultAirbyteStreamFactory(internalLog):159 INFO i.a.i.s.r.s.CursorManager(createCursorInfoForStream):182 No cursor field set in catalog but not present in state. Stream: test_test_2_tsquery, New Cursor Field: id. Resetting cursor value"}}
{"type":"LOG","log":{"level":"INFO","message":"INFO i.a.w.i.DefaultAirbyteStreamFactory(internalLog):159 INFO i.a.i.s.r.s.CursorManager(createCursorInfoForStream):182 No cursor field set in catalog but not present in state. Stream: test_test_2_numeric_array, New Cursor Field: id. Resetting cursor value"}}
{"type":"LOG","log":{"level":"INFO","message":"INFO i.a.w.i.DefaultAirbyteStreamFactory(internalLog):159 INFO i.a.i.s.r.s.CursorManager(createCursorInfoForStream):182 No cursor field set in catalog but not present in state. Stream: test_test_1_smallint, New Cursor Field: id. Resetting cursor value"}}
{"type":"LOG","log":{"level":"INFO","message":"INFO i.a.w.i.DefaultAirbyteStreamFactory(internalLog):159 INFO i.a.i.s.r.s.CursorManager(createCursorInfoForStream):182 No cursor field set in catalog but not present in state. Stream: test_test_2_bool_array, New Cursor Field: id. Resetting cursor value"}}
{"type":"LOG","log":{"level":"INFO","message":"INFO i.a.w.i.DefaultAirbyteStreamFactory(internalLog):159 INFO i.a.i.s.r.s.CursorManager(createCursorInfoForStream):182 No cursor field set in catalog but not present in state. Stream: test_test_1_varchar, New Cursor Field: id. Resetting cursor value"}}
{"type":"LOG","log":{"level":"INFO","message":"INFO i.a.w.i.DefaultAirbyteStreamFactory(internalLog):159 INFO i.a.i.s.r.s.CursorManager(createCursorInfoForStream):182 No cursor field set in catalog but not present in state. Stream: test_test_1_time_array, New Cursor Field: id. Resetting cursor value"}}
{"type":"LOG","log":{"level":"INFO","message":"INFO i.a.w.i.DefaultAirbyteStreamFactory(internalLog):159 INFO i.a.i.s.r.s.CursorManager(createCursorInfoForStream):182 No cursor field set in catalog but not present in state. Stream: test_test_4_bit_varying, New Cursor Field: id. Resetting cursor value"}}
{"type":"LOG","log":{"level":"INFO","message":"INFO i.a.w.i.DefaultAirbyteStreamFactory(internalLog):159 INFO i.a.i.s.r.s.CursorManager(createCursorInfoForStream):182 No cursor field set in catalog but not present in state. Stream: test_test_2_tsvector, New Cursor Field: id. Resetting cursor value"}}
{"type":"LOG","log":{"level":"INFO","message":"INFO i.a.w.i.DefaultAirbyteStreamFactory(internalLog):159 INFO i.a.i.s.r.s.CursorManager(createCursorInfoForStream):182 No cursor field set in catalog but not present in state. Stream: test_test_4_timetz, New Cursor Field: id. Resetting cursor value"}}
{"type":"LOG","log":{"level":"INFO","message":"INFO i.a.w.i.DefaultAirbyteStreamFactory(internalLog):159 INFO i.a.i.s.r.s.CursorManager(createCursorInfoForStream):182 No cursor field set in catalog but not present in state. Stream: test_test_1_bit_array, New Cursor Field: id. Resetting cursor value"}}
{"type":"LOG","log":{"level":"INFO","message":"INFO i.a.w.i.DefaultAirbyteStreamFactory(internalLog):159 INFO i.a.i.s.r.s.CursorManager(createCursorInfoForStream):182 No cursor field set in catalog but not present in state. Stream: test_test_2_time_array, New Cursor Field: id. Resetting cursor value"}}
{"type":"LOG","log":{"level":"INFO","message":"INFO i.a.w.i.DefaultAirbyteStreamFactory(internalLog):159 INFO i.a.i.s.r.s.CursorManager(createCursorInfoForStream):182 No cursor field set in catalog but not present in state. Stream: test_test_1_real, New Cursor Field: id. Resetting cursor value"}}
{"type":"LOG","log":{"level":"INFO","message":"INFO i.a.w.i.DefaultAirbyteStreamFactory(internalLog):159 INFO i.a.i.s.r.s.CursorManager(createCursorInfoForStream):182 No cursor field set in catalog but not present in state. Stream: test_test_10_time, New Cursor Field: id. Resetting cursor value"}}
{"type":"LOG","log":{"level":"INFO","message":"INFO i.a.w.i.DefaultAirbyteStreamFactory(internalLog):159 INFO i.a.i.s.r.s.CursorManager(createCursorInfoForStream):182 No cursor field set in catalog but not present in state. Stream: test_test_2_integer, New Cursor Field: id. Resetting cursor value"}}
{"type":"LOG","log":{"level":"INFO","message":"INFO i.a.w.i.DefaultAirbyteStreamFactory(internalLog):159 INFO i.a.i.s.r.s.CursorManager(createCursorInfoForStream):182 No cursor field set in catalog but not present in state. Stream: test_test_2_bytea_array, New Cursor Field: id. Resetting cursor value"}}
{"type":"LOG","log":{"level":"INFO","message":"INFO i.a.w.i.DefaultAirbyteStreamFactory(internalLog):159 INFO i.a.i.s.r.s.CursorManager(createCursorInfoForStream):182 No cursor field set in catalog but not present in state. Stream: test_test_15_timestamp, New Cursor Field: id. Resetting cursor value"}}
{"type":"LOG","log":{"level":"INFO","message":"INFO i.a.w.i.DefaultAirbyteStreamFactory(internalLog):159 INFO i.a.i.s.r.s.CursorManager(createCursorInfoForStream):182 No cursor field set in catalog but not present in state. Stream: test_test_9_numeric, New Cursor Field: id. Resetting cursor value"}}
{"type":"LOG","log":{"level":"INFO","message":"INFO i.a.w.i.DefaultAirbyteStreamFactory(internalLog):159 INFO i.a.i.s.r.s.CursorManager(createCursorInfoForStream):182 No cursor field set in catalog but not present in state. Stream: test_test_1_boolean, New Cursor Field: id. Resetting cursor value"}}
{"type":"LOG","log":{"level":"INFO","message":"INFO i.a.w.i.DefaultAirbyteStreamFactory(internalLog):159 INFO i.a.i.s.r.s.CursorManager(createCursorInfoForStream):182 No cursor field set in catalog but not present in state. Stream: test_test_2_serial, New Cursor Field: id. Resetting cursor value"}}
{"type":"LOG","log":{"level":"INFO","message":"INFO i.a.w.i.DefaultAirbyteStreamFactory(internalLog):159 INFO i.a.i.s.r.s.CursorManager(createCursorInfoForStream):182 No cursor field set in catalog but not present in state. Stream: test_test_3_bit_varying, New Cursor Field: id. Resetting cursor value"}}
{"type":"LOG","log":{"level":"INFO","message":"INFO i.a.w.i.DefaultAirbyteStreamFactory(internalLog):159 INFO i.a.i.s.r.s.CursorManager(createCursorInfoForStream):182 No cursor field set in catalog but not present in state. Stream: test_test_2_inventory_item, New Cursor Field: id. Resetting cursor value"}}
{"type":"LOG","log":{"level":"INFO","message":"INFO i.a.w.i.DefaultAirbyteStreamFactory(internalLog):159 INFO i.a.i.s.r.s.CursorManager(createCursorInfoForStream):182 No cursor field set in catalog but not present in state. Stream: test_test_4_numeric, New Cursor Field: id. Resetting cursor value"}}
{"type":"LOG","log":{"level":"INFO","message":"INFO i.a.w.i.DefaultAirbyteStreamFactory(internalLog):159 INFO i.a.i.s.r.s.CursorManager(createCursorInfoForStream):182 No cursor field set in catalog but not present in state. Stream: test_test_5_time, New Cursor Field: id. Resetting cursor value"}}
{"type":"LOG","log":{"level":"INFO","message":"INFO i.a.w.i.DefaultAirbyteStreamFactory(internalLog):159 INFO i.a.i.s.r.s.CursorManager(createCursorInfoForStream):182 No cursor field set in catalog but not present in state. Stream: test_test_5_timestamp, New Cursor Field: id. Resetting cursor value"}}
{"type":"LOG","log":{"level":"INFO","message":"INFO i.a.w.i.DefaultAirbyteStreamFactory(internalLog):159 INFO i.a.i.s.r.s.CursorManager(createCursorInfoForStream):182 No cursor field set in catalog but not present in state. Stream: test_test_1_serial2, New Cursor Field: id. Resetting cursor value"}}
{"type":"LOG","log":{"level":"INFO","message":"INFO i.a.w.i.DefaultAirbyteStreamFactory(internalLog):159 INFO i.a.i.s.r.s.CursorManager(createCursorInfoForStream):182 No cursor field set in catalog but not present in state. Stream: test_test_2_jsonb, New Cursor Field: id. Resetting cursor value"}}
{"type":"LOG","log":{"level":"INFO","message":"INFO i.a.w.i.DefaultAirbyteStreamFactory(internalLog):159 INFO i.a.i.s.r.s.CursorManager(createCursorInfoForStream):182 No cursor field set in catalog but not present in state. Stream: test_test_1_name_array, New Cursor Field: id. Resetting cursor value"}}
{"type":"LOG","log":{"level":"INFO","message":"INFO i.a.w.i.DefaultAirbyteStreamFactory(internalLog):159 INFO i.a.i.s.r.s.CursorManager(createCursorInfoForStream):182 No cursor field set in catalog but not present in state. Stream: test_test_1_tsvector, New Cursor Field: id. Resetting cursor value"}}
{"type":"LOG","log":{"level":"INFO","message":"INFO i.a.w.i.DefaultAirbyteStreamFactory(internalLog):159 INFO i.a.i.s.r.s.CursorManager(createCursorInfoForStream):182 No cursor field set in catalog but not present in state. Stream: test_test_2_name_array, New Cursor Field: id. Resetting cursor value"}}
{"type":"LOG","log":{"level":"INFO","message":"INFO i.a.w.i.DefaultAirbyteStreamFactory(internalLog):159 INFO i.a.i.s.r.s.CursorManager(createCursorInfoForStream):182 No cursor field set in catalog but not present in state. Stream: test_test_1_timetz, New Cursor Field: id. Resetting cursor value"}}
{"type":"LOG","log":{"level":"INFO","message":"INFO i.a.w.i.DefaultAirbyteStreamFactory(internalLog):159 INFO i.a.i.s.r.s.CursorManager(createCursorInfoForStream):182 No cursor field set in catalog but not present in state. Stream: test_test_1_bytea, New Cursor Field: id. Resetting cursor value"}}
{"type":"LOG","log":{"level":"INFO","message":"INFO i.a.w.i.DefaultAirbyteStreamFactory(internalLog):159 INFO i.a.i.s.r.s.CursorManager(createCursorInfoForStream):182 No cursor field set in catalog but not present in state. Stream: test_test_4_timestamp, New Cursor Field: id. Resetting cursor value"}}
{"type":"LOG","log":{"level":"INFO","message":"INFO i.a.w.i.DefaultAirbyteStreamFactory(internalLog):159 INFO i.a.i.s.r.s.CursorManager(createCursorInfoForStream):182 No cursor field set in catalog but not present in state. Stream: test_test_2_cidr, New Cursor Field: id. Resetting cursor value"}}
{"type":"LOG","log":{"level":"INFO","message":"INFO i.a.w.i.DefaultAirbyteStreamFactory(internalLog):159 INFO i.a.i.s.r.s.CursorManager(createCursorInfoForStream):182 No cursor field set in catalog but not present in state. Stream: test_test_4_character, New Cursor Field: id. Resetting cursor value"}}
{"type":"LOG","log":{"level":"INFO","message":"INFO i.a.w.i.DefaultAirbyteStreamFactory(internalLog):159 INFO i.a.i.s.r.s.CursorManager(createCursorInfoForStream):182 No cursor field set in catalog but not present in state. Stream: test_test_1_int4_array, New Cursor Field: id. Resetting cursor value"}}
{"type":"LOG","log":{"level":"INFO","message":"INFO i.a.w.i.DefaultAirbyteStreamFactory(internalLog):159 INFO i.a.i.s.r.s.CursorManager(createCursorInfoForStream):182 No cursor field set in catalog but not present in state. Stream: test_test_1_bpchar_array, New Cursor Field: id. Resetting cursor value"}}
{"type":"LOG","log":{"level":"INFO","message":"INFO i.a.w.i.DefaultAirbyteStreamFactory(internalLog):159 INFO i.a.i.s.r.s.CursorManager(createCursorInfoForStream):182 No cursor field set in catalog but not present in state. Stream: test_test_2_int4_array, New Cursor Field: id. Resetting cursor value"}}
{"type":"LOG","log":{"level":"INFO","message":"INFO i.a.w.i.DefaultAirbyteStreamFactory(internalLog):159 INFO i.a.i.s.r.s.CursorManager(createCursorInfoForStream):182 No cursor field set in catalog but not present in state. Stream: test_test_4_time, New Cursor Field: id. Resetting cursor value"}}
{"type":"LOG","log":{"level":"INFO","message":"INFO i.a.w.i.DefaultAirbyteStreamFactory(internalLog):159 INFO i.a.i.s.r.s.CursorManager(createCursorInfoForStream):182 No cursor field set in catalog but not present in state. Stream: test_test_1_int8_array, New Cursor Field: id. Resetting cursor value"}}
{"type":"LOG","log":{"level":"INFO","message":"INFO i.a.w.i.DefaultAirbyteStreamFactory(internalLog):159 INFO i.a.i.s.r.s.CursorManager(createCursorInfoForStream):182 No cursor field set in catalog but not present in state. Stream: test_test_2_int8_array, New Cursor Field: id. Resetting cursor value"}}
{"type":"LOG","log":{"level":"INFO","message":"INFO i.a.w.i.DefaultAirbyteStreamFactory(internalLog):159 INFO i.a.i.s.r.s.CursorManager(createCursorInfoForStream):182 No cursor field set in catalog but not present in state. Stream: test_test_1_bytea_array, New Cursor Field: id. Resetting cursor value"}}
{"type":"LOG","log":{"level":"INFO","message":"INFO i.a.w.i.DefaultAirbyteStreamFactory(internalLog):159 INFO i.a.i.s.r.s.CursorManager(createCursorInfoForStream):182 No cursor field set in catalog but not present in state. Stream: test_test_3_decimal_array, New Cursor Field: id. Resetting cursor value"}}
{"type":"LOG","log":{"level":"INFO","message":"INFO i.a.w.i.DefaultAirbyteStreamFactory(internalLog):159 INFO i.a.i.s.r.s.CursorManager(createCursorInfoForStream):182 No cursor field set in catalog but not present in state. Stream: test_test_1_circle, New Cursor Field: id. Resetting cursor value"}}
{"type":"LOG","log":{"level":"INFO","message":"INFO i.a.w.i.DefaultAirbyteStreamFactory(internalLog):159 INFO i.a.i.s.r.s.CursorManager(createCursorInfoForStream):182 No cursor field set in catalog but not present in state. Stream: test_test_6_numeric, New Cursor Field: id. Resetting cursor value"}}
{"type":"LOG","log":{"level":"INFO","message":"INFO i.a.w.i.DefaultAirbyteStreamFactory(internalLog):159 INFO i.a.i.s.r.s.CursorManager(createCursorInfoForStream):182 No cursor field set in catalog but not present in state. Stream: test_test_1_hstore, New Cursor Field: id. Resetting cursor value"}}
{"type":"LOG","log":{"level":"INFO","message":"INFO i.a.w.i.DefaultAirbyteStreamFactory(internalLog):159 INFO i.a.i.s.r.s.CursorManager(createCursorInfoForStream):182 No cursor field set in catalog but not present in state. Stream: test_test_1_timestamptz_array, New Cursor Field: id. Resetting cursor value"}}
{"type":"LOG","log":{"level":"INFO","message":"INFO i.a.w.i.DefaultAirbyteStreamFactory(internalLog):159 INFO i.a.i.s.r.s.CursorManager(createCursorInfoForStream):182 No cursor field set in catalog but not present in state. Stream: test_test_2_real, New Cursor Field: id. Resetting cursor value"}}
{"type":"LOG","log":{"level":"INFO","message":"INFO i.a.w.i.DefaultAirbyteStreamFactory(internalLog):159 INFO i.a.i.s.r.s.CursorManager(createCursorInfoForStream):182 No cursor field set in catalog but not present in state. Stream: test_test_1_cidr, New Cursor Field: id. Resetting cursor value"}}
{"type":"LOG","log":{"level":"INFO","message":"INFO i.a.w.i.DefaultAirbyteStreamFactory(internalLog):159 INFO i.a.i.s.r.s.CursorManager(createCursorInfoForStream):182 No cursor field set in catalog but not present in state. Stream: test_test_1_decimal_array, New Cursor Field: id. Resetting cursor value"}}
{"type":"LOG","log":{"level":"INFO","message":"INFO i.a.w.i.DefaultAirbyteStreamFactory(internalLog):159 INFO i.a.i.s.r.s.CursorManager(createCursorInfoForStream):182 No cursor field set in catalog but not present in state. Stream: test_test_2_interval, New Cursor Field: id. Resetting cursor value"}}
{"type":"LOG","log":{"level":"INFO","message":"INFO i.a.w.i.DefaultAirbyteStreamFactory(internalLog):159 INFO i.a.i.s.r.s.CursorManager(createCursorInfoForStream):182 No cursor field set in catalog but not present in state. Stream: test_test_2_float, New Cursor Field: id. Resetting cursor value"}}
{"type":"LOG","log":{"level":"INFO","message":"INFO i.a.w.i.DefaultAirbyteStreamFactory(internalLog):159 INFO i.a.i.s.r.s.CursorManager(createCursorInfoForStream):182 No cursor field set in catalog but not present in state. Stream: test_test_10_timestamp, New Cursor Field: id. Resetting cursor value"}}
{"type":"LOG","log":{"level":"INFO","message":"INFO i.a.w.i.DefaultAirbyteStreamFactory(internalLog):159 INFO i.a.i.s.r.s.CursorManager(createCursorInfoForStream):182 No cursor field set in catalog but not present in state. Stream: test_test_2_money, New Cursor Field: id. Resetting cursor value"}}
{"type":"LOG","log":{"level":"INFO","message":"INFO i.a.w.i.DefaultAirbyteStreamFactory(internalLog):159 INFO i.a.i.s.r.s.CursorManager(createCursorInfoForStream):182 No cursor field set in catalog but not present in state. Stream: test_test_1_inventory_item, New Cursor Field: id. Resetting cursor value"}}
{"type":"LOG","log":{"level":"INFO","message":"INFO i.a.w.i.DefaultAirbyteStreamFactory(internalLog):159 INFO i.a.i.s.r.s.CursorManager(createCursorInfoForStream):182 No cursor field set in catalog but not present in state. Stream: test_test_1_timetz_array, New Cursor Field: id. Resetting cursor value"}}
{"type":"LOG","log":{"level":"INFO","message":"INFO i.a.w.i.DefaultAirbyteStreamFactory(internalLog):159 INFO i.a.i.s.r.s.CursorManager(createCursorInfoForStream):182 No cursor field set in catalog but not present in state. Stream: test_test_2_varchar_array, New Cursor Field: id. Resetting cursor value"}}
{"type":"LOG","log":{"level":"INFO","message":"INFO i.a.w.i.DefaultAirbyteStreamFactory(internalLog):159 INFO i.a.i.s.r.s.CursorManager(createCursorInfoForStream):182 No cursor field set in catalog but not present in state. Stream: test_test_1_bit, New Cursor Field: id. Resetting cursor value"}}
{"type":"LOG","log":{"level":"INFO","message":"INFO i.a.w.i.DefaultAirbyteStreamFactory(internalLog):159 INFO i.a.i.s.r.s.CursorManager(createCursorInfoForStream):182 No cursor field set in catalog but not present in state. Stream: test_test_2_macaddr8, New Cursor Field: id. Resetting cursor value"}}
{"type":"LOG","log":{"level":"INFO","message":"INFO i.a.w.i.DefaultAirbyteStreamFactory(internalLog):159 INFO i.a.i.s.r.s.CursorManager(createCursorInfoForStream):182 No cursor field set in catalog but not present in state. Stream: test_test_1_numeric, New Cursor Field: id. Resetting cursor value"}}
{"type":"LOG","log":{"level":"INFO","message":"INFO i.a.w.i.DefaultAirbyteStreamFactory(internalLog):159 INFO i.a.i.s.r.s.CursorManager(createCursorInfoForStream):182 No cursor field set in catalog but not present in state. Stream: test_test_2_tsrange, New Cursor Field: id. Resetting cursor value"}}
{"type":"LOG","log":{"level":"INFO","message":"INFO i.a.w.i.DefaultAirbyteStreamFactory(internalLog):159 INFO i.a.i.s.r.s.CursorManager(createCursorInfoForStream):182 No cursor field set in catalog but not present in state. Stream: test_test_1_float4, New Cursor Field: id. Resetting cursor value"}}
{"type":"LOG","log":{"level":"INFO","message":"INFO i.a.w.i.DefaultAirbyteStreamFactory(internalLog):159 INFO i.a.i.s.r.s.CursorManager(createCursorInfoForStream):182 No cursor field set in catalog but not present in state. Stream: test_test_1_pg_lsn, New Cursor Field: id. Resetting cursor value"}}
{"type":"LOG","log":{"level":"INFO","message":"INFO i.a.w.i.DefaultAirbyteStreamFactory(internalLog):159 INFO i.a.i.s.r.s.CursorManager(createCursorInfoForStream):182 No cursor field set in catalog but not present in state. Stream: test_test_1_point, New Cursor Field: id. Resetting cursor value"}}
{"type":"LOG","log":{"level":"INFO","message":"INFO i.a.w.i.DefaultAirbyteStreamFactory(internalLog):159 INFO i.a.i.s.r.s.CursorManager(createCursorInfoForStream):182 No cursor field set in catalog but not present in state. Stream: test_test_1_path, New Cursor Field: id. Resetting cursor value"}}
{"type":"LOG","log":{"level":"INFO","message":"INFO i.a.w.i.DefaultAirbyteStreamFactory(internalLog):159 INFO i.a.i.s.r.s.CursorManager(createCursorInfoForStream):182 No cursor field set in catalog but not present in state. Stream: test_test_2_point, New Cursor Field: id. Resetting cursor value"}}
{"type":"LOG","log":{"level":"INFO","message":"INFO i.a.w.i.DefaultAirbyteStreamFactory(internalLog):159 INFO i.a.i.s.r.s.CursorManager(createCursorInfoForStream):182 No cursor field set in catalog but not present in state. Stream: test_test_2_bigserial, New Cursor Field: id. Resetting cursor value"}}
{"type":"LOG","log":{"level":"INFO","message":"INFO i.a.w.i.DefaultAirbyteStreamFactory(internalLog):159 INFO i.a.i.s.r.s.CursorManager(createCursorInfoForStream):182 No cursor field set in catalog but not present in state. Stream: test_test_1_serial, New Cursor Field: id. Resetting cursor value"}}
{"type":"LOG","log":{"level":"INFO","message":"INFO i.a.w.i.DefaultAirbyteStreamFactory(internalLog):159 INFO i.a.i.s.r.s.CursorManager(createCursorInfoForStream):182 No cursor field set in catalog but not present in state. Stream: test_test_2_xml, New Cursor Field: id. Resetting cursor value"}}
{"type":"LOG","log":{"level":"INFO","message":"INFO i.a.w.i.DefaultAirbyteStreamFactory(internalLog):159 INFO i.a.i.s.r.s.CursorManager(createCursorInfoForStream):182 No cursor field set in catalog but not present in state. Stream: test_test_1_xml, New Cursor Field: id. Resetting cursor value"}}
{"type":"LOG","log":{"level":"INFO","message":"INFO i.a.w.i.DefaultAirbyteStreamFactory(internalLog):159 INFO i.a.i.s.r.s.CursorManager(createCursorInfoForStream):182 No cursor field set in catalog but not present in state. Stream: test_test_1_interval, New Cursor Field: id. Resetting cursor value"}}
{"type":"LOG","log":{"level":"INFO","message":"INFO i.a.w.i.DefaultAirbyteStreamFactory(internalLog):159 INFO i.a.i.s.r.s.CursorManager(createCursorInfoForStream):182 No cursor field set in catalog but not present in state. Stream: test_test_2_oid_array, New Cursor Field: id. Resetting cursor value"}}
{"type":"LOG","log":{"level":"INFO","message":"INFO i.a.w.i.DefaultAirbyteStreamFactory(internalLog):159 INFO i.a.i.s.r.s.CursorManager(createCursorInfoForStream):182 No cursor field set in catalog but not present in state. Stream: test_test_1_time, New Cursor Field: id. Resetting cursor value"}}
{"type":"LOG","log":{"level":"INFO","message":"INFO i.a.w.i.DefaultAirbyteStreamFactory(internalLog):159 INFO i.a.i.s.r.s.CursorManager(createCursorInfoForStream):182 No cursor field set in catalog but not present in state. Stream: test_test_1_char_array, New Cursor Field: id. Resetting cursor value"}}
{"type":"LOG","log":{"level":"INFO","message":"INFO i.a.w.i.DefaultAirbyteStreamFactory(internalLog):159 INFO i.a.i.s.r.s.CursorManager(createCursorInfoForStream):182 No cursor field set in catalog but not present in state. Stream: test_test_2_lseg, New Cursor Field: id. Resetting cursor value"}}
{"type":"LOG","log":{"level":"INFO","message":"INFO i.a.w.i.DefaultAirbyteStreamFactory(internalLog):159 INFO i.a.i.s.r.s.CursorManager(createCursorInfoForStream):182 No cursor field set in catalog but not present in state. Stream: test_test_6_timestamp, New Cursor Field: id. Resetting cursor value"}}
{"type":"LOG","log":{"level":"INFO","message":"INFO i.a.w.i.DefaultAirbyteStreamFactory(internalLog):159 INFO i.a.i.s.r.s.CursorManager(createCursorInfoForStream):182 No cursor field set in catalog but not present in state. Stream: test_test_1_float4_array, New Cursor Field: id. Resetting cursor value"}}
{"type":"LOG","log":{"level":"INFO","message":"INFO i.a.w.i.DefaultAirbyteStreamFactory(internalLog):159 INFO i.a.i.s.r.s.CursorManager(createCursorInfoForStream):182 No cursor field set in catalog but not present in state. Stream: test_test_1_text, New Cursor Field: id. Resetting cursor value"}}
{"type":"LOG","log":{"level":"INFO","message":"INFO i.a.w.i.DefaultAirbyteStreamFactory(internalLog):159 INFO i.a.i.s.r.s.CursorManager(createCursorInfoForStream):182 No cursor field set in catalog but not present in state. Stream: test_test_16_timestamp, New Cursor Field: id. Resetting cursor value"}}
{"type":"LOG","log":{"level":"INFO","message":"INFO i.a.w.i.DefaultAirbyteStreamFactory(internalLog):159 INFO i.a.i.s.r.s.CursorManager(createCursorInfoForStream):182 No cursor field set in catalog but not present in state. Stream: test_test_1_decimal, New Cursor Field: id. Resetting cursor value"}}
{"type":"LOG","log":{"level":"INFO","message":"INFO i.a.w.i.DefaultAirbyteStreamFactory(internalLog):159 INFO i.a.i.s.r.s.CursorManager(createCursorInfoForStream):182 No cursor field set in catalog but not present in state. Stream: test_test_3_bit, New Cursor Field: id. Resetting cursor value"}}
{"type":"LOG","log":{"level":"INFO","message":"INFO i.a.w.i.DefaultAirbyteStreamFactory(internalLog):159 INFO i.a.i.s.r.s.CursorManager(createCursorInfoForStream):182 No cursor field set in catalog but not present in state. Stream: test_test_1_macaddr, New Cursor Field: id. Resetting cursor value"}}
{"type":"LOG","log":{"level":"INFO","message":"INFO i.a.w.i.DefaultAirbyteStreamFactory(internalLog):159 INFO i.a.i.s.r.s.CursorManager(createCursorInfoForStream):182 No cursor field set in catalog but not present in state. Stream: test_test_1_text_array, New Cursor Field: id. Resetting cursor value"}}
{"type":"LOG","log":{"level":"INFO","message":"INFO i.a.w.i.DefaultAirbyteStreamFactory(internalLog):159 INFO i.a.i.s.r.s.CursorManager(createCursorInfoForStream):182 No cursor field set in catalog but not present in state. Stream: test_test_3_timetz, New Cursor Field: id. Resetting cursor value"}}
{"type":"LOG","log":{"level":"INFO","message":"INFO i.a.w.i.DefaultAirbyteStreamFactory(internalLog):159 INFO i.a.i.s.r.s.CursorManager(createCursorInfoForStream):182 No cursor field set in catalog but not present in state. Stream: test_test_1_char, New Cursor Field: id. Resetting cursor value"}}
{"type":"LOG","log":{"level":"INFO","message":"INFO i.a.w.i.DefaultAirbyteStreamFactory(internalLog):159 INFO i.a.i.s.r.s.CursorManager(createCursorInfoForStream):182 No cursor field set in catalog but not present in state. Stream: test_test_1_double_precision, New Cursor Field: id. Resetting cursor value"}}
{"type":"LOG","log":{"level":"INFO","message":"INFO i.a.w.i.DefaultAirbyteStreamFactory(internalLog):159 INFO i.a.i.s.r.s.CursorManager(createCursorInfoForStream):182 No cursor field set in catalog but not present in state. Stream: test_test_14_timestamp, New Cursor Field: id. Resetting cursor value"}}
{"type":"LOG","log":{"level":"INFO","message":"INFO i.a.w.i.DefaultAirbyteStreamFactory(internalLog):159 INFO i.a.i.s.r.s.CursorManager(createCursorInfoForStream):182 No cursor field set in catalog but not present in state. Stream: test_test_3_varchar, New Cursor Field: id. Resetting cursor value"}}
{"type":"LOG","log":{"level":"INFO","message":"INFO i.a.w.i.DefaultAirbyteStreamFactory(internalLog):159 INFO i.a.i.s.r.s.CursorManager(createCursorInfoForStream):182 No cursor field set in catalog but not present in state. Stream: test_test_1_int2_array, New Cursor Field: id. Resetting cursor value"}}
{"type":"LOG","log":{"level":"INFO","message":"INFO i.a.w.i.DefaultAirbyteStreamFactory(internalLog):159 INFO i.a.i.s.r.s.CursorManager(createCursorInfoForStream):182 No cursor field set in catalog but not present in state. Stream: test_test_1_numeric_array, New Cursor Field: id. Resetting cursor value"}}
{"type":"LOG","log":{"level":"INFO","message":"INFO i.a.w.i.DefaultAirbyteStreamFactory(internalLog):159 INFO i.a.i.s.r.s.CursorManager(createCursorInfoForStream):182 No cursor field set in catalog but not present in state. Stream: test_test_1_date_array, New Cursor Field: id. Resetting cursor value"}}
{"type":"LOG","log":{"level":"INFO","message":"INFO i.a.w.i.DefaultAirbyteStreamFactory(internalLog):159 INFO i.a.i.s.r.s.CursorManager(createCursorInfoForStream):182 No cursor field set in catalog but not present in state. Stream: test_test_2_bit, New Cursor Field: id. Resetting cursor value"}}
{"type":"LOG","log":{"level":"INFO","message":"INFO i.a.w.i.DefaultAirbyteStreamFactory(internalLog):159 INFO i.a.i.s.r.s.CursorManager(createCursorInfoForStream):182 No cursor field set in catalog but not present in state. Stream: test_test_2_bit_array, New Cursor Field: id. Resetting cursor value"}}
{"type":"LOG","log":{"level":"INFO","message":"INFO i.a.w.i.DefaultAirbyteStreamFactory(internalLog):159 INFO i.a.i.s.r.s.CursorManager(createCursorInfoForStream):182 No cursor field set in catalog but not present in state. Stream: test_test_1_serial4, New Cursor Field: id. Resetting cursor value"}}
{"type":"LOG","log":{"level":"INFO","message":"INFO i.a.w.i.DefaultAirbyteStreamFactory(internalLog):159 INFO i.a.i.s.r.s.CursorManager(createCursorInfoForStream):182 No cursor field set in catalog but not present in state. Stream: test_test_5_numeric_array, New Cursor Field: id. Resetting cursor value"}}
{"type":"LOG","log":{"level":"INFO","message":"INFO i.a.w.i.DefaultAirbyteStreamFactory(internalLog):159 INFO i.a.i.s.r.s.CursorManager(createCursorInfoForStream):182 No cursor field set in catalog but not present in state. Stream: test_test_2_text, New Cursor Field: id. Resetting cursor value"}}
{"type":"LOG","log":{"level":"INFO","message":"INFO i.a.w.i.DefaultAirbyteStreamFactory(internalLog):159 INFO i.a.i.s.r.s.CursorManager(createCursorInfoForStream):182 No cursor field set in catalog but not present in state. Stream: test_test_1_float8, New Cursor Field: id. Resetting cursor value"}}
{"type":"LOG","log":{"level":"INFO","message":"INFO i.a.w.i.DefaultAirbyteStreamFactory(internalLog):159 INFO i.a.i.s.r.s.CursorManager(createCursorInfoForStream):182 No cursor field set in catalog but not present in state. Stream: test_test_2_decimal_array, New Cursor Field: id. Resetting cursor value"}}
{"type":"LOG","log":{"level":"INFO","message":"INFO i.a.w.i.DefaultAirbyteStreamFactory(internalLog):159 INFO i.a.i.s.r.s.CursorManager(createCursorInfoForStream):182 No cursor field set in catalog but not present in state. Stream: test_test_8_timestamp, New Cursor Field: id. Resetting cursor value"}}
{"type":"LOG","log":{"level":"INFO","message":"INFO i.a.w.i.DefaultAirbyteStreamFactory(internalLog):159 INFO i.a.i.s.r.s.CursorManager(createCursorInfoForStream):182 No cursor field set in catalog but not present in state. Stream: test_test_2_char, New Cursor Field: id. Resetting cursor value"}}
{"type":"LOG","log":{"level":"INFO","message":"INFO i.a.w.i.DefaultAirbyteStreamFactory(internalLog):159 INFO i.a.i.s.r.s.CursorManager(createCursorInfoForStream):182 No cursor field set in catalog but not present in state. Stream: test_test_1_timestamptz, New Cursor Field: id. Resetting cursor value"}}
{"type":"LOG","log":{"level":"INFO","message":"INFO i.a.w.i.DefaultAirbyteStreamFactory(internalLog):159 INFO i.a.i.s.r.s.CursorManager(createCursorInfoForStream):182 No cursor field set in catalog but not present in state. Stream: test_test_12_timestamp, New Cursor Field: id. Resetting cursor value"}}
{"type":"LOG","log":{"level":"INFO","message":"INFO i.a.w.i.DefaultAirbyteStreamFactory(internalLog):159 INFO i.a.i.s.r.s.CursorManager(createCursorInfoForStream):182 No cursor field set in catalog but not present in state. Stream: test_test_1_jsonb, New Cursor Field: id. Resetting cursor value"}}
{"type":"LOG","log":{"level":"INFO","message":"INFO i.a.w.i.DefaultAirbyteStreamFactory(internalLog):159 INFO i.a.i.s.r.s.CursorManager(createCursorInfoForStream):182 No cursor field set in catalog but not present in state. Stream: test_test_7_numeric, New Cursor Field: id. Resetting cursor value"}}
{"type":"LOG","log":{"level":"INFO","message":"INFO i.a.w.i.DefaultAirbyteStreamFactory(internalLog):159 INFO i.a.i.s.r.s.CursorManager(createCursorInfoForStream):182 No cursor field set in catalog but not present in state. Stream: test_test_2_float4_array, New Cursor Field: id. Resetting cursor value"}}
{"type":"LOG","log":{"level":"INFO","message":"INFO i.a.w.i.DefaultAirbyteStreamFactory(internalLog):159 INFO i.a.i.s.r.s.CursorManager(createCursorInfoForStream):182 No cursor field set in catalog but not present in state. Stream: test_test_2_time, New Cursor Field: id. Resetting cursor value"}}
{"type":"LOG","log":{"level":"INFO","message":"INFO i.a.w.i.DefaultAirbyteStreamFactory(internalLog):159 INFO i.a.i.s.r.s.CursorManager(createCursorInfoForStream):182 No cursor field set in catalog but not present in state. Stream: test_test_2_float8_array, New Cursor Field: id. Resetting cursor value"}}
{"type":"LOG","log":{"level":"INFO","message":"INFO i.a.w.i.DefaultAirbyteStreamFactory(internalLog):159 INFO i.a.i.s.r.s.CursorManager(createCursorInfoForStream):182 No cursor field set in catalog but not present in state. Stream: test_test_1_money_array, New Cursor Field: id. Resetting cursor value"}}
{"type":"LOG","log":{"level":"INFO","message":"INFO i.a.w.i.DefaultAirbyteStreamFactory(internalLog):159 INFO i.a.i.s.r.s.CursorManager(createCursorInfoForStream):182 No cursor field set in catalog but not present in state. Stream: test_test_1_oid_array, New Cursor Field: id. Resetting cursor value"}}
{"type":"LOG","log":{"level":"INFO","message":"INFO i.a.w.i.DefaultAirbyteStreamFactory(internalLog):159 INFO i.a.i.s.r.s.CursorManager(createCursorInfoForStream):182 No cursor field set in catalog but not present in state. Stream: test_test_4_timestamptz, New Cursor Field: id. Resetting cursor value"}}
{"type":"LOG","log":{"level":"INFO","message":"INFO i.a.w.i.DefaultAirbyteStreamFactory(internalLog):159 INFO i.a.i.s.r.s.CursorManager(createCursorInfoForStream):182 No cursor field set in catalog but not present in state. Stream: test_test_2_int2, New Cursor Field: id. Resetting cursor value"}}
{"type":"LOG","log":{"level":"INFO","message":"INFO i.a.w.i.DefaultAirbyteStreamFactory(internalLog):159 INFO i.a.i.s.r.s.CursorManager(createCursorInfoForStream):182 No cursor field set in catalog but not present in state. Stream: test_test_3_char, New Cursor Field: id. Resetting cursor value"}}
{"type":"LOG","log":{"level":"INFO","message":"INFO i.a.w.i.DefaultAirbyteStreamFactory(internalLog):159 INFO i.a.i.s.r.s.CursorManager(createCursorInfoForStream):182 No cursor field set in catalog but not present in state. Stream: test_test_1_lseg, New Cursor Field: id. Resetting cursor value"}}
{"type":"LOG","log":{"level":"INFO","message":"INFO i.a.w.i.DefaultAirbyteStreamFactory(internalLog):159 INFO i.a.i.s.r.s.CursorManager(createCursorInfoForStream):182 No cursor field set in catalog but not present in state. Stream: test_test_2_serial2, New Cursor Field: id. Resetting cursor value"}}
{"type":"LOG","log":{"level":"INFO","message":"INFO i.a.w.i.DefaultAirbyteStreamFactory(internalLog):159 INFO i.a.i.s.r.s.CursorManager(createCursorInfoForStream):182 No cursor field set in catalog but not present in state. Stream: test_test_3_numeric, New Cursor Field: id. Resetting cursor value"}}
{"type":"LOG","log":{"level":"INFO","message":"INFO i.a.w.i.DefaultAirbyteStreamFactory(internalLog):159 INFO i.a.i.s.r.s.CursorManager(createCursorInfoForStream):182 No cursor field set in catalog but not present in state. Stream: test_test_1_character, New Cursor Field: id. Resetting cursor value"}}
{"type":"LOG","log":{"level":"INFO","message":"INFO i.a.w.i.DefaultAirbyteStreamFactory(internalLog):159 INFO i.a.i.s.r.s.CursorManager(createCursorInfoForStream):182 No cursor field set in catalog but not present in state. Stream: test_test_1_bigint, New Cursor Field: id. Resetting cursor value"}}
{"type":"LOG","log":{"level":"INFO","message":"INFO i.a.w.i.DefaultAirbyteStreamFactory(internalLog):159 INFO i.a.i.s.r.s.CursorManager(createCursorInfoForStream):182 No cursor field set in catalog but not present in state. Stream: test_test_2_timetz_array, New Cursor Field: id. Resetting cursor value"}}
{"type":"LOG","log":{"level":"INFO","message":"INFO i.a.w.i.DefaultAirbyteStreamFactory(internalLog):159 INFO i.a.i.s.r.s.CursorManager(createCursorInfoForStream):182 No cursor field set in catalog but not present in state. Stream: test_test_1_bool, New Cursor Field: id. Resetting cursor value"}}
{"type":"LOG","log":{"level":"INFO","message":"INFO i.a.w.i.DefaultAirbyteStreamFactory(internalLog):159 INFO i.a.i.s.r.s.CursorManager(createCursorInfoForStream):182 No cursor field set in catalog but not present in state. Stream: test_test_2_date, New Cursor Field: id. Resetting cursor value"}}
{"type":"LOG","log":{"level":"INFO","message":"INFO i.a.w.i.DefaultAirbyteStreamFactory(internalLog):159 INFO i.a.i.s.r.s.CursorManager(createCursorInfoForStream):182 No cursor field set in catalog but not present in state. Stream: test_test_2_character, New Cursor Field: id. Resetting cursor value"}}
{"type":"LOG","log":{"level":"INFO","message":"INFO i.a.w.i.DefaultAirbyteStreamFactory(internalLog):159 INFO i.a.i.s.r.s.CursorManager(createCursorInfoForStream):182 No cursor field set in catalog but not present in state. Stream: test_test_1_polygon, New Cursor Field: id. Resetting cursor value"}}
{"type":"LOG","log":{"level":"INFO","message":"INFO i.a.w.i.DefaultAirbyteStreamFactory(internalLog):159 INFO i.a.i.s.r.s.CursorManager(createCursorInfoForStream):182 No cursor field set in catalog but not present in state. Stream: test_test_1_integer, New Cursor Field: id. Resetting cursor value"}}
{"type":"LOG","log":{"level":"INFO","message":"INFO i.a.w.i.DefaultAirbyteStreamFactory(internalLog):159 INFO i.a.i.s.r.s.CursorManager(createCursorInfoForStream):182 No cursor field set in catalog but not present in state. Stream: test_test_1_varchar_array, New Cursor Field: id. Resetting cursor value"}}
{"type":"LOG","log":{"level":"INFO","message":"INFO i.a.w.i.DefaultAirbyteStreamFactory(internalLog):159 INFO i.a.i.s.r.s.CursorManager(createCursorInfoForStream):182 No cursor field set in catalog but not present in state. Stream: test_test_1_int4, New Cursor Field: id. Resetting cursor value"}}
{"type":"LOG","log":{"level":"INFO","message":"INFO i.a.w.i.DefaultAirbyteStreamFactory(internalLog):159 INFO i.a.i.s.r.s.CursorManager(createCursorInfoForStream):182 No cursor field set in catalog but not present in state. Stream: test_test_5_decimal_array, New Cursor Field: id. Resetting cursor value"}}
{"type":"LOG","log":{"level":"INFO","message":"INFO i.a.w.i.DefaultAirbyteStreamFactory(internalLog):159 INFO i.a.i.s.r.s.CursorManager(createCursorInfoForStream):182 No cursor field set in catalog but not present in state. Stream: test_test_1_timestamp_array, New Cursor Field: id. Resetting cursor value"}}
{"type":"LOG","log":{"level":"INFO","message":"INFO i.a.w.i.DefaultAirbyteStreamFactory(internalLog):159 INFO i.a.i.s.r.s.CursorManager(createCursorInfoForStream):182 No cursor field set in catalog but not present in state. Stream: test_test_8_time, New Cursor Field: id. Resetting cursor value"}}
{"type":"LOG","log":{"level":"INFO","message":"INFO i.a.w.i.DefaultAirbyteStreamFactory(internalLog):159 INFO i.a.i.s.r.s.CursorManager(createCursorInfoForStream):182 No cursor field set in catalog but not present in state. Stream: test_test_2_path, New Cursor Field: id. Resetting cursor value"}}
{"type":"LOG","log":{"level":"INFO","message":"INFO i.a.w.i.DefaultAirbyteStreamFactory(internalLog):159 INFO i.a.i.s.r.s.CursorManager(createCursorInfoForStream):182 No cursor field set in catalog but not present in state. Stream: test_test_2_double_precision, New Cursor Field: id. Resetting cursor value"}}
{"type":"LOG","log":{"level":"INFO","message":"INFO i.a.w.i.DefaultAirbyteStreamFactory(internalLog):159 INFO i.a.i.s.r.s.CursorManager(createCursorInfoForStream):182 No cursor field set in catalog but not present in state. Stream: test_test_4_char, New Cursor Field: id. Resetting cursor value"}}
{"type":"LOG","log":{"level":"INFO","message":"INFO i.a.w.i.DefaultAirbyteStreamFactory(internalLog):159 INFO i.a.i.s.r.s.CursorManager(createCursorInfoForStream):182 No cursor field set in catalog but not present in state. Stream: test_test_1_tsrange, New Cursor Field: id. Resetting cursor value"}}
{"type":"LOG","log":{"level":"INFO","message":"INFO i.a.w.i.DefaultAirbyteStreamFactory(internalLog):159 INFO i.a.i.s.r.s.CursorManager(createCursorInfoForStream):182 No cursor field set in catalog but not present in state. Stream: test_test_2_bpchar_array, New Cursor Field: id. Resetting cursor value"}}
{"type":"LOG","log":{"level":"INFO","message":"INFO i.a.w.i.DefaultAirbyteStreamFactory(internalLog):159 INFO i.a.i.s.r.s.CursorManager(createCursorInfoForStream):182 No cursor field set in catalog but not present in state. Stream: test_test_6_decimal_array, New Cursor Field: id. Resetting cursor value"}}
{"type":"LOG","log":{"level":"INFO","message":"INFO i.a.w.i.DefaultAirbyteStreamFactory(internalLog):159 INFO i.a.i.s.r.s.CursorManager(createCursorInfoForStream):182 No cursor field set in catalog but not present in state. Stream: test_test_8_numeric, New Cursor Field: id. Resetting cursor value"}}
{"type":"LOG","log":{"level":"INFO","message":"INFO i.a.w.i.DefaultAirbyteStreamFactory(internalLog):159 INFO i.a.i.s.r.s.CursorManager(createCursorInfoForStream):182 No cursor field set in catalog but not present in state. Stream: test_test_2_money_array, New Cursor Field: id. Resetting cursor value"}}
{"type":"LOG","log":{"level":"INFO","message":"INFO i.a.w.i.DefaultAirbyteStreamFactory(internalLog):159 INFO i.a.i.s.r.s.CursorManager(createCursorInfoForStream):182 No cursor field set in catalog but not present in state. Stream: test_test_2_bytea, New Cursor Field: id. Resetting cursor value"}}
{"type":"LOG","log":{"level":"INFO","message":"INFO i.a.w.i.DefaultAirbyteStreamFactory(internalLog):159 INFO i.a.i.s.r.s.CursorManager(createCursorInfoForStream):182 No cursor field set in catalog but not present in state. Stream: test_test_2_timestamp_array, New Cursor Field: id. Resetting cursor value"}}
{"type":"LOG","log":{"level":"INFO","message":"INFO i.a.w.i.DefaultAirbyteStreamFactory(internalLog):159 INFO i.a.i.s.r.s.CursorManager(createCursorInfoForStream):182 No cursor field set in catalog but not present in state. Stream: test_test_2_line, New Cursor Field: id. Resetting cursor value"}}
{"type":"LOG","log":{"level":"INFO","message":"INFO i.a.w.i.DefaultAirbyteStreamFactory(internalLog):159 INFO i.a.i.s.r.s.CursorManager(createCursorInfoForStream):182 No cursor field set in catalog but not present in state. Stream: test_test_6_numeric_array, New Cursor Field: id. Resetting cursor value"}}
{"type":"LOG","log":{"level":"INFO","message":"INFO i.a.w.i.DefaultAirbyteStreamFactory(internalLog):159 INFO i.a.i.s.r.s.CursorManager(createCursorInfoForStream):182 No cursor field set in catalog but not present in state. Stream: test_test_2_int4, New Cursor Field: id. Resetting cursor value"}}
{"type":"LOG","log":{"level":"INFO","message":"INFO i.a.w.i.DefaultAirbyteStreamFactory(internalLog):159 INFO i.a.i.s.r.s.CursorManager(createCursorInfoForStream):182 No cursor field set in catalog but not present in state. Stream: test_test_1_tsquery, New Cursor Field: id. Resetting cursor value"}}
{"type":"LOG","log":{"level":"INFO","message":"INFO i.a.w.i.DefaultAirbyteStreamFactory(internalLog):159 INFO i.a.i.s.r.s.CursorManager(createCursorInfoForStream):182 No cursor field set in catalog but not present in state. Stream: test_test_2_serial4, New Cursor Field: id. Resetting cursor value"}}
{"type":"LOG","log":{"level":"INFO","message":"INFO i.a.w.i.DefaultAirbyteStreamFactory(internalLog):159 INFO i.a.i.s.r.s.CursorManager(createCursorInfoForStream):182 No cursor field set in catalog but not present in state. Stream: test_test_3_time, New Cursor Field: id. Resetting cursor value"}}
{"type":"LOG","log":{"level":"INFO","message":"INFO i.a.w.i.DefaultAirbyteStreamFactory(internalLog):159 INFO i.a.i.s.r.s.CursorManager(createCursorInfoForStream):182 No cursor field set in catalog but not present in state. Stream: test_test_2_timestamp, New Cursor Field: id. Resetting cursor value"}}
{"type":"LOG","log":{"level":"INFO","message":"INFO i.a.w.i.DefaultAirbyteStreamFactory(internalLog):159 INFO i.a.i.s.r.s.CursorManager(createCursorInfoForStream):182 No cursor field set in catalog but not present in state. Stream: test_test_2_macaddr, New Cursor Field: id. Resetting cursor value"}}
{"type":"LOG","log":{"level":"INFO","message":"INFO i.a.w.i.DefaultAirbyteStreamFactory(internalLog):159 INFO i.a.i.s.r.s.CursorManager(createCursorInfoForStream):182 No cursor field set in catalog but not present in state. Stream: test_test_1_smallserial, New Cursor Field: id. Resetting cursor value"}}
{"type":"LOG","log":{"level":"INFO","message":"INFO i.a.w.i.DefaultAirbyteStreamFactory(internalLog):159 INFO i.a.i.s.r.s.CursorManager(createCursorInfoForStream):182 No cursor field set in catalog but not present in state. Stream: test_test_2_timestamptz_array, New Cursor Field: id. Resetting cursor value"}}
{"type":"LOG","log":{"level":"INFO","message":"INFO i.a.w.i.DefaultAirbyteStreamFactory(internalLog):159 INFO i.a.i.s.r.s.CursorManager(createCursorInfoForStream):182 No cursor field set in catalog but not present in state. Stream: test_test_2_timestamptz, New Cursor Field: id. Resetting cursor value"}}
{"type":"LOG","log":{"level":"INFO","message":"INFO i.a.w.i.DefaultAirbyteStreamFactory(internalLog):159 INFO i.a.i.s.r.s.CursorManager(createCursorInfoForStream):182 No cursor field set in catalog but not present in state. Stream: test_test_1_line, New Cursor Field: id. Resetting cursor value"}}
{"type":"LOG","log":{"level":"INFO","message":"INFO i.a.w.i.DefaultAirbyteStreamFactory(internalLog):159 INFO i.a.i.s.r.s.CursorManager(createCursorInfoForStream):182 No cursor field set in catalog but not present in state. Stream: test_test_1_bigserial, New Cursor Field: id. Resetting cursor value"}}
{"type":"LOG","log":{"level":"INFO","message":"INFO i.a.w.i.DefaultAirbyteStreamFactory(internalLog):159 INFO i.a.i.s.r.s.CursorManager(createCursorInfoForStream):182 No cursor field set in catalog but not present in state. Stream: test_test_4_bit, New Cursor Field: id. Resetting cursor value"}}
{"type":"LOG","log":{"level":"INFO","message":"INFO i.a.w.i.DefaultAirbyteStreamFactory(internalLog):159 INFO i.a.i.s.r.s.CursorManager(createCursorInfoForStream):182 No cursor field set in catalog but not present in state. Stream: test_test_1_date, New Cursor Field: id. Resetting cursor value"}}
{"type":"LOG","log":{"level":"INFO","message":"INFO i.a.w.i.DefaultAirbyteStreamFactory(internalLog):159 INFO i.a.i.s.r.s.CursorManager(createCursorInfoForStream):182 No cursor field set in catalog but not present in state. Stream: test_test_4_numeric_array, New Cursor Field: id. Resetting cursor value"}}
{"type":"LOG","log":{"level":"INFO","message":"INFO i.a.w.i.DefaultAirbyteStreamFactory(internalLog):159 INFO i.a.i.s.r.s.CursorManager(createCursorInfoForStream):182 No cursor field set in catalog but not present in state. Stream: test_test_2_varchar, New Cursor Field: id. Resetting cursor value"}}
{"type":"LOG","log":{"level":"INFO","message":"INFO i.a.w.i.DefaultAirbyteStreamFactory(internalLog):159 INFO i.a.i.s.r.s.CursorManager(createCursorInfoForStream):182 No cursor field set in catalog but not present in state. Stream: test_test_1_timestamp, New Cursor Field: id. Resetting cursor value"}}
{"type":"LOG","log":{"level":"INFO","message":"INFO i.a.w.i.DefaultAirbyteStreamFactory(internalLog):159 INFO i.a.i.s.r.s.CursorManager(createCursorInfoForStream):182 No cursor field set in catalog but not present in state. Stream: test_test_9_time, New Cursor Field: id. Resetting cursor value"}}
{"type":"LOG","log":{"level":"INFO","message":"INFO i.a.w.i.DefaultAirbyteStreamFactory(internalLog):159 INFO i.a.i.s.r.s.CursorManager(createCursorInfoForStream):182 No cursor field set in catalog but not present in state. Stream: test_test_1_float, New Cursor Field: id. Resetting cursor value"}}
{"type":"LOG","log":{"level":"INFO","message":"INFO i.a.w.i.DefaultAirbyteStreamFactory(internalLog):159 INFO i.a.i.s.r.s.CursorManager(createCursorInfoForStream):182 No cursor field set in catalog but not present in state. Stream: test_test_1_money, New Cursor Field: id. Resetting cursor value"}}
{"type":"LOG","log":{"level":"INFO","message":"INFO i.a.w.i.DefaultAirbyteStreamFactory(internalLog):159 INFO i.a.i.s.r.s.CursorManager(createCursorInfoForStream):182 No cursor field set in catalog but not present in state. Stream: test_test_2_bool, New Cursor Field: id. Resetting cursor value"}}
{"type":"LOG","log":{"level":"INFO","message":"INFO i.a.w.i.DefaultAirbyteStreamFactory(internalLog):159 INFO i.a.i.s.r.s.CursorManager(createCursorInfoForStream):182 No cursor field set in catalog but not present in state. Stream: test_test_3_date, New Cursor Field: id. Resetting cursor value"}}
{"type":"LOG","log":{"level":"INFO","message":"INFO i.a.w.i.DefaultAirbyteStreamFactory(internalLog):159 INFO i.a.i.s.r.s.CursorManager(createCursorInfoForStream):182 No cursor field set in catalog but not present in state. Stream: test_test_13_timestamp, New Cursor Field: id. Resetting cursor value"}}
{"type":"LOG","log":{"level":"INFO","message":"INFO i.a.w.i.DefaultAirbyteStreamFactory(internalLog):159 INFO i.a.i.s.r.s.CursorManager(createCursorInfoForStream):182 No cursor field set in catalog but not present in state. Stream: test_test_2_mood, New Cursor Field: id. Resetting cursor value"}}
{"type":"LOG","log":{"level":"INFO","message":"INFO i.a.w.i.DefaultAirbyteStreamFactory(internalLog):159 INFO i.a.i.s.r.s.CursorManager(createCursorInfoForStream):182 No cursor field set in catalog but not present in state. Stream: test_test_1_json, New Cursor Field: id. Resetting cursor value"}}
{"type":"LOG","log":{"level":"INFO","message":"INFO i.a.w.i.DefaultAirbyteStreamFactory(internalLog):159 INFO i.a.i.s.r.s.CursorManager(createCursorInfoForStream):182 No cursor field set in catalog but not present in state. Stream: test_test_3_character, New Cursor Field: id. Resetting cursor value"}}
{"type":"LOG","log":{"level":"INFO","message":"INFO i.a.w.i.DefaultAirbyteStreamFactory(internalLog):159 INFO i.a.i.s.r.s.CursorManager(createCursorInfoForStream):182 No cursor field set in catalog but not present in state. Stream: test_test_1_box, New Cursor Field: id. Resetting cursor value"}}
{"type":"LOG","log":{"level":"INFO","message":"INFO i.a.w.i.DefaultAirbyteStreamFactory(internalLog):159 INFO i.a.i.s.r.s.CursorManager(createCursorInfoForStream):182 No cursor field set in catalog but not present in state. Stream: test_test_2_decimal, New Cursor Field: id. Resetting cursor value"}}
{"type":"LOG","log":{"level":"INFO","message":"INFO i.a.w.i.DefaultAirbyteStreamFactory(internalLog):159 INFO i.a.i.s.r.s.CursorManager(createCursorInfoForStream):182 No cursor field set in catalog but not present in state. Stream: test_test_2_timetz, New Cursor Field: id. Resetting cursor value"}}
{"type":"LOG","log":{"level":"INFO","message":"INFO i.a.w.i.DefaultAirbyteStreamFactory(internalLog):159 INFO i.a.i.s.r.s.CursorManager(createCursorInfoForStream):182 No cursor field set in catalog but not present in state. Stream: test_random_dummy_table, New Cursor Field: id. Resetting cursor value"}}
{"type":"LOG","log":{"level":"INFO","message":"INFO i.a.w.i.DefaultAirbyteStreamFactory(internalLog):159 INFO i.a.i.s.r.s.CursorManager(createCursorInfoForStream):182 No cursor field set in catalog but not present in state. Stream: test_test_3_timestamp, New Cursor Field: id. Resetting cursor value"}}
{"type":"LOG","log":{"level":"INFO","message":"INFO i.a.w.i.DefaultAirbyteStreamFactory(internalLog):159 INFO i.a.i.s.r.s.CursorManager(createCursorInfoForStream):182 No cursor field set in catalog but not present in state. Stream: test_test_10_numeric, New Cursor Field: id. Resetting cursor value"}}
{"type":"LOG","log":{"level":"INFO","message":"INFO i.a.w.i.DefaultAirbyteStreamFactory(internalLog):159 INFO i.a.i.s.r.s.CursorManager(createCursorInfoForStream):182 No cursor field set in catalog but not present in state. Stream: test_test_2_circle, New Cursor Field: id. Resetting cursor value"}}
{"type":"LOG","log":{"level":"INFO","message":"INFO i.a.w.i.DefaultAirbyteStreamFactory(internalLog):159 INFO i.a.i.s.r.s.CursorManager(createCursorInfoForStream):182 No cursor field set in catalog but not present in state. Stream: test_test_1_macaddr8, New Cursor Field: id. Resetting cursor value"}}
{"type":"LOG","log":{"level":"INFO","message":"INFO i.a.w.i.DefaultAirbyteStreamFactory(internalLog):159 INFO i.a.i.s.r.s.CursorManager(createCursorInfoForStream):182 No cursor field set in catalog but not present in state. Stream: test_test_2_float8, New Cursor Field: id. Resetting cursor value"}}
{"type":"LOG","log":{"level":"INFO","message":"INFO i.a.w.i.DefaultAirbyteStreamFactory(internalLog):159 INFO i.a.i.s.r.s.CursorManager(createCursorInfoForStream):182 No cursor field set in catalog but not present in state. Stream: test_test_1_inet, New Cursor Field: id. Resetting cursor value"}}
{"type":"LOG","log":{"level":"INFO","message":"INFO i.a.w.i.DefaultAirbyteStreamFactory(internalLog):159 INFO i.a.i.s.r.s.CursorManager(createCursorInfoForStream):182 No cursor field set in catalog but not present in state. Stream: test_test_2_bit_varying, New Cursor Field: id. Resetting cursor value"}}
{"type":"LOG","log":{"level":"INFO","message":"INFO i.a.w.i.DefaultAirbyteStreamFactory(internalLog):159 INFO i.a.i.s.r.s.CursorManager(createCursorInfoForStream):182 No cursor field set in catalog but not present in state. Stream: test_test_1_float8_array, New Cursor Field: id. Resetting cursor value"}}
{"type":"LOG","log":{"level":"INFO","message":"INFO i.a.w.i.DefaultAirbyteStreamFactory(internalLog):159 INFO i.a.i.s.r.s.CursorManager(createCursorInfoForStream):182 No cursor field set in catalog but not present in state. Stream: test_test_2_char_array, New Cursor Field: id. Resetting cursor value"}}
{"type":"LOG","log":{"level":"INFO","message":"INFO i.a.w.i.DefaultAirbyteStreamFactory(internalLog):159 INFO i.a.i.s.r.s.CursorManager(createCursorInfoForStream):182 No cursor field set in catalog but not present in state. Stream: test_test_2_text_array, New Cursor Field: id. Resetting cursor value"}}
{"type":"LOG","log":{"level":"INFO","message":"INFO i.a.w.i.DefaultAirbyteStreamFactory(internalLog):159 INFO i.a.i.s.r.s.CursorManager(createCursorInfoForStream):182 No cursor field set in catalog but not present in state. Stream: test_test_4_varchar, New Cursor Field: id. Resetting cursor value"}}
{"type":"LOG","log":{"level":"INFO","message":"INFO i.a.w.i.DefaultAirbyteStreamFactory(internalLog):159 INFO i.a.i.s.r.s.CursorManager(createCursorInfoForStream):182 No cursor field set in catalog but not present in state. Stream: test_test_1_bit_varying, New Cursor Field: id. Resetting cursor value"}}
{"type":"LOG","log":{"level":"INFO","message":"INFO i.a.w.i.DefaultAirbyteStreamFactory(internalLog):159 INFO i.a.i.s.r.s.CursorManager(createCursorInfoForStream):182 No cursor field set in catalog but not present in state. Stream: test_test_6_date, New Cursor Field: id. Resetting cursor value"}}
{"type":"LOG","log":{"level":"INFO","message":"INFO i.a.w.i.DefaultAirbyteStreamFactory(internalLog):159 INFO i.a.i.s.r.s.CursorManager(createCursorInfoForStream):182 No cursor field set in catalog but not present in state. Stream: test_test_2_int, New Cursor Field: id. Resetting cursor value"}}
{"type":"LOG","log":{"level":"INFO","message":"INFO i.a.w.i.DefaultAirbyteStreamFactory(internalLog):159 INFO i.a.i.s.r.s.CursorManager(createCursorInfoForStream):182 No cursor field set in catalog but not present in state. Stream: test_test_3_numeric_array, New Cursor Field: id. Resetting cursor value"}}
{"type":"LOG","log":{"level":"INFO","message":"INFO i.a.w.i.DefaultAirbyteStreamFactory(internalLog):159 INFO i.a.i.s.r.s.CursorManager(createCursorInfoForStream):182 No cursor field set in catalog but not present in state. Stream: test_test_2_uuid, New Cursor Field: id. Resetting cursor value"}}
{"type":"LOG","log":{"level":"INFO","message":"INFO i.a.w.i.DefaultAirbyteStreamFactory(internalLog):159 INFO i.a.i.s.r.s.CursorManager(createCursorInfoForStream):182 No cursor field set in catalog but not present in state. Stream: test_test_5_numeric, New Cursor Field: id. Resetting cursor value"}}
{"type":"LOG","log":{"level":"INFO","message":"INFO i.a.w.i.DefaultAirbyteStreamFactory(internalLog):159 INFO i.a.i.s.r.s.CursorManager(createCursorInfoForStream):182 No cursor field set in catalog but not present in state. Stream: test_test_2_inet, New Cursor Field: id. Resetting cursor value"}}
{"type":"LOG","log":{"level":"INFO","message":"INFO i.a.w.i.DefaultAirbyteStreamFactory(internalLog):159 INFO i.a.i.s.r.s.CursorManager(createCursorInfoForStream):182 No cursor field set in catalog but not present in state. Stream: test_test_2_boolean, New Cursor Field: id. Resetting cursor value"}}
{"type":"LOG","log":{"level":"INFO","message":"INFO i.a.w.i.DefaultAirbyteStreamFactory(internalLog):159 INFO i.a.i.s.r.s.CursorManager(createCursorInfoForStream):182 No cursor field set in catalog but not present in state. Stream: test_test_1_int, New Cursor Field: id. Resetting cursor value"}}
{"type":"LOG","log":{"level":"INFO","message":"INFO i.a.w.i.DefaultAirbyteStreamFactory(internalLog):159 INFO i.a.i.s.r.s.CursorManager(createCursorInfoForStream):182 No cursor field set in catalog but not present in state. Stream: test_test_2_smallint, New Cursor Field: id. Resetting cursor value"}}
{"type":"LOG","log":{"level":"INFO","message":"INFO i.a.w.i.DefaultAirbyteStreamFactory(internalLog):159 INFO i.a.i.s.r.s.CursorManager(createCursorInfoForStream):182 No cursor field set in catalog but not present in state. Stream: test_test_4_decimal_array, New Cursor Field: id. Resetting cursor value"}}
{"type":"LOG","log":{"level":"INFO","message":"INFO i.a.w.i.DefaultAirbyteStreamFactory(internalLog):159 INFO i.a.i.s.r.s.CursorManager(createCursorInfoForStream):182 No cursor field set in catalog but not present in state. Stream: test_test_2_pg_lsn, New Cursor Field: id. Resetting cursor value"}}
{"type":"LOG","log":{"level":"INFO","message":"INFO i.a.w.i.DefaultAirbyteStreamFactory(internalLog):159 INFO i.a.i.s.r.s.CursorManager(createCursorInfoForStream):182 No cursor field set in catalog but not present in state. Stream: test_test_2_float4, New Cursor Field: id. Resetting cursor value"}}
{"type":"LOG","log":{"level":"INFO","message":"INFO i.a.w.i.DefaultAirbyteStreamFactory(internalLog):159 INFO i.a.i.s.r.s.CursorManager(createCursorInfoForStream):182 No cursor field set in catalog but not present in state. Stream: test_test_7_time, New Cursor Field: id. Resetting cursor value"}}
{"type":"LOG","log":{"level":"INFO","message":"INFO i.a.w.i.DefaultAirbyteStreamFactory(internalLog):159 INFO i.a.i.s.r.s.CursorManager(createCursorInfoForStream):182 No cursor field set in catalog but not present in state. Stream: test_test_2_int2_array, New Cursor Field: id. Resetting cursor value"}}
{"type":"LOG","log":{"level":"INFO","message":"INFO i.a.w.i.DefaultAirbyteStreamFactory(internalLog):159 INFO i.a.i.s.r.s.CursorManager(createCursorInfoForStream):182 No cursor field set in catalog but not present in state. Stream: test_test_5_date, New Cursor Field: id. Resetting cursor value"}}
{"type":"LOG","log":{"level":"INFO","message":"INFO i.a.w.i.DefaultAirbyteStreamFactory(internalLog):159 INFO i.a.i.s.r.s.CursorManager(createCursorInfoForStream):182 No cursor field set in catalog but not present in state. Stream: test_test_7_timestamp, New Cursor Field: id. Resetting cursor value"}}
{"type":"LOG","log":{"level":"INFO","message":"INFO i.a.w.i.DefaultAirbyteStreamFactory(internalLog):159 INFO i.a.i.s.r.s.CursorManager(createCursorInfoForStream):182 No cursor field set in catalog but not present in state. Stream: test_test_2_date_array, New Cursor Field: id. Resetting cursor value"}}
{"type":"LOG","log":{"level":"INFO","message":"INFO i.a.w.i.DefaultAirbyteStreamFactory(internalLog):159 INFO i.a.i.s.r.s.CursorManager(createCursorInfoForStream):182 No cursor field set in catalog but not present in state. Stream: test_test_1_mood, New Cursor Field: id. Resetting cursor value"}}
{"type":"LOG","log":{"level":"INFO","message":"INFO i.a.w.i.DefaultAirbyteStreamFactory(internalLog):159 INFO i.a.i.s.r.s.CursorManager(createCursorInfoForStream):182 No cursor field set in catalog but not present in state. Stream: test_test_2_box, New Cursor Field: id. Resetting cursor value"}}
{"type":"LOG","log":{"level":"INFO","message":"INFO i.a.w.i.DefaultAirbyteStreamFactory(internalLog):159 INFO i.a.i.s.r.s.CursorManager(createCursorInfoForStream):182 No cursor field set in catalog but not present in state. Stream: test_test_2_hstore, New Cursor Field: id. Resetting cursor value"}}
{"type":"LOG","log":{"level":"INFO","message":"INFO i.a.w.i.DefaultAirbyteStreamFactory(internalLog):159 INFO i.a.i.s.r.s.CursorManager(createCursorInfoForStream):182 No cursor field set in catalog but not present in state. Stream: test_test_4_date, New Cursor Field: id. Resetting cursor value"}}
{"type":"LOG","log":{"level":"INFO","message":"INFO i.a.w.i.DefaultAirbyteStreamFactory(internalLog):159 INFO i.a.i.s.r.s.CursorManager(createCursorInfoForStream):182 No cursor field set in catalog but not present in state. Stream: test_test_9_timestamp, New Cursor Field: id. Resetting cursor value"}}
{"type":"LOG","log":{"level":"INFO","message":"INFO i.a.w.i.DefaultAirbyteStreamFactory(internalLog):159 INFO i.a.i.s.r.s.CursorManager(createCursorInfoForStream):182 No cursor field set in catalog but not present in state. Stream: test_test_2_smallserial, New Cursor Field: id. Resetting cursor value"}}
{"type":"LOG","log":{"level":"INFO","message":"INFO i.a.w.i.DefaultAirbyteStreamFactory(internalLog):159 INFO i.a.i.s.r.s.CursorManager(createCursorInfoForStream):182 No cursor field set in catalog but not present in state. Stream: test_test_1_uuid, New Cursor Field: id. Resetting cursor value"}}
{"type":"LOG","log":{"level":"INFO","message":"INFO i.a.w.i.DefaultAirbyteStreamFactory(internalLog):159 INFO i.a.i.s.r.s.CursorManager(createCursorInfoForStream):182 No cursor field set in catalog but not present in state. Stream: test_test_11_timestamp, New Cursor Field: id. Resetting cursor value"}}
{"type":"LOG","log":{"level":"INFO","message":"INFO i.a.w.i.DefaultAirbyteStreamFactory(internalLog):159 INFO i.a.i.s.r.s.CursorManager(createCursorInfoForStream):182 No cursor field set in catalog but not present in state. Stream: test_test_2_json, New Cursor Field: id. Resetting cursor value"}}
{"type":"LOG","log":{"level":"INFO","message":"INFO i.a.w.i.DefaultAirbyteStreamFactory(internalLog):159 INFO i.a.i.s.r.s.CursorManager(createCursorInfoForStream):182 No cursor field set in catalog but not present in state. Stream: test_test_6_time, New Cursor Field: id. Resetting cursor value"}}
{"type":"LOG","log":{"level":"INFO","message":"INFO i.a.w.i.DefaultAirbyteStreamFactory(internalLog):159 INFO i.a.i.s.r.s.CursorManager(createCursorInfoForStream):182 No cursor field set in catalog but not present in state. Stream: test_test_3_timestamptz, New Cursor Field: id. Resetting cursor value"}}
{"type":"LOG","log":{"level":"INFO","message":"INFO i.a.w.i.DefaultAirbyteStreamFactory(internalLog):159 INFO i.a.i.s.r.s.CursorManager(createCursorInfoForStream):182 No cursor field set in catalog but not present in state. Stream: test_test_2_numeric, New Cursor Field: id. Resetting cursor value"}}
{"type":"LOG","log":{"level":"INFO","message":"INFO i.a.w.i.DefaultAirbyteStreamFactory(internalLog):159 INFO i.a.i.s.r.s.CursorManager(createCursorInfoForStream):182 No cursor field set in catalog but not present in state. Stream: test_test_2_bigint, New Cursor Field: id. Resetting cursor value"}}
{"type":"LOG","log":{"level":"INFO","message":"INFO i.a.w.i.DefaultAirbyteStreamFactory(internalLog):159 INFO i.a.i.s.r.s.CursorManager(createCursorInfoForStream):182 No cursor field set in catalog but not present in state. Stream: test_test_1_int2, New Cursor Field: id. Resetting cursor value"}}
{"type":"LOG","log":{"level":"INFO","message":"INFO i.a.w.i.DefaultAirbyteStreamFactory(internalLog):159 INFO i.a.i.s.r.CdcStateManager(<init>):29 Initialized CDC state with: null"}}
{"type":"LOG","log":{"level":"INFO","message":"INFO i.a.w.i.DefaultAirbyteStreamFactory(internalLog):159 INFO c.z.h.HikariDataSource(<init>):80 HikariPool-1 - Starting..."}}
{"type":"LOG","log":{"level":"INFO","message":"INFO i.a.w.i.DefaultAirbyteStreamFactory(internalLog):159 INFO c.z.h.HikariDataSource(<init>):82 HikariPool-1 - Start completed."}}
{"type":"LOG","log":{"level":"INFO","message":"INFO i.a.w.i.DefaultAirbyteStreamFactory(internalLog):159 INFO i.a.i.s.p.PostgresUtils(isCdc):53 using CDC: true"}}
{"type":"LOG","log":{"level":"INFO","message":"INFO i.a.w.i.DefaultAirbyteStreamFactory(internalLog):159 INFO i.a.d.j.s.AdaptiveStreamingQueryConfig(initialize):31 Set initial fetch size: 10 rows"}}
{"type":"LOG","log":{"level":"INFO","message":"INFO i.a.w.i.DefaultAirbyteStreamFactory(internalLog):159 INFO i.a.d.j.s.AdaptiveStreamingQueryConfig(accept):40 Set new fetch size: 1618173 rows"}}
{"type":"LOG","log":{"level":"INFO","message":"INFO i.a.w.i.DefaultAirbyteStreamFactory(internalLog):159 INFO i.a.d.j.s.TwoStageSizeEstimator(getTargetBufferByteSize):71 Max memory limit: 1562378240, JDBC buffer size: 937426944"}}
{"type":"LOG","log":{"level":"INFO","message":"INFO i.a.w.i.DefaultAirbyteStreamFactory(internalLog):159 INFO i.a.d.j.s.AdaptiveStreamingQueryConfig(accept):40 Set new fetch size: 5207927 rows"}}
{"type":"LOG","log":{"level":"INFO","message":"INFO i.a.w.i.DefaultAirbyteStreamFactory(internalLog):159 INFO i.a.i.s.p.PostgresCdcCatalogHelper(getPublicizedTables):119 For CDC, only tables in publication publication will be included in the sync: [test.test_1_bool_array, test.test_2_polygon, test.test_2_tsquery, test.test_2_numeric_array, test.test_1_smallint, test.test_2_bool_array, test.test_1_varchar, test.test_1_time_array, test.test_4_bit_varying, test.test_2_tsvector, test.test_4_timetz, test.test_1_bit_array, test.test_2_time_array, test.test_1_real, test.test_10_time, test.test_2_integer, test.test_2_bytea_array, test.test_15_timestamp, test.test_9_numeric, test.test_1_boolean, test.test_2_serial, test.test_3_bit_varying, test.test_2_inventory_item, test.test_4_numeric, test.test_5_time, test.test_5_timestamp, test.test_1_serial2, test.test_2_jsonb, test.test_1_name_array, test.test_1_tsvector, test.test_2_name_array, test.test_1_timetz, test.test_1_bytea, test.test_4_timestamp, test.test_2_cidr, test.test_4_character, test.test_1_int4_array, test.test_1_bpchar_array, test.test_2_int4_array, test.test_4_time, test.test_1_int8_array, test.test_2_int8_array, test.test_1_bytea_array, test.test_3_decimal_array, test.test_1_circle, test.test_6_numeric, test.test_1_hstore, test.test_1_timestamptz_array, test.test_2_real, test.test_1_cidr, test.test_1_decimal_array, test.test_2_interval, test.test_2_float, test.test_10_timestamp, test.test_2_money, test.test_1_inventory_item, test.test_1_timetz_array, test.test_2_varchar_array, test.test_1_bit, test.test_2_macaddr8, test.test_1_numeric, test.test_2_tsrange, test.test_1_float4, test.test_1_pg_lsn, test.test_1_point, test.test_1_path, test.test_2_point, test.test_2_bigserial, test.test_1_serial, test.test_2_xml, test.test_1_xml, test.test_1_interval, test.test_2_oid_array, test.test_1_time, test.test_1_char_array, test.test_2_lseg, test.test_6_timestamp, test.test_1_float4_array, test.test_1_text, test.test_16_timestamp, test.test_1_decimal, test.test_3_bit, test.test_1_macaddr, test.test_1_text_array, test.test_3_timetz, test.test_1_char, test.test_1_double_precision, test.test_14_timestamp, test.test_3_varchar, test.test_1_int2_array, test.test_1_numeric_array, test.test_1_date_array, test.test_2_bit, test.test_2_bit_array, test.test_1_serial4, test.test_5_numeric_array, test.test_2_text, test.test_1_float8, test.test_2_decimal_array, test.test_8_timestamp, test.test_2_char, test.test_1_timestamptz, test.test_12_timestamp, test.test_1_jsonb, test.test_7_numeric, test.test_2_float4_array, test.test_2_time, test.test_2_float8_array, test.test_1_money_array, test.test_1_oid_array, test.test_4_timestamptz, test.test_2_int2, test.test_3_char, test.test_1_lseg, test.test_2_serial2, test.test_3_numeric, test.test_1_character, test.test_1_bigint, test.test_2_timetz_array, test.test_1_bool, test.test_2_date, test.test_2_character, test.test_1_polygon, test.test_1_integer, test.test_1_varchar_array, test.test_1_int4, test.test_5_decimal_array, test.test_1_timestamp_array, test.test_8_time, test.test_2_path, test.test_2_double_precision, test.test_4_char, test.test_1_tsrange, test.test_2_bpchar_array, test.test_6_decimal_array, test.test_8_numeric, test.test_2_money_array, test.test_2_bytea, test.test_2_timestamp_array, test.test_2_line, test.test_6_numeric_array, test.test_2_int4, test.test_1_tsquery, test.test_2_serial4, test.test_3_time, test.test_2_timestamp, test.test_2_macaddr, test.test_1_smallserial, test.test_2_timestamptz_array, test.test_2_timestamptz, test.test_1_line, test.test_1_bigserial, test.test_4_bit, test.test_1_date, test.test_4_numeric_array, test.test_2_varchar, test.test_1_timestamp, test.test_9_time, test.test_1_float, test.test_1_money, test.test_2_bool, test.test_3_date, test.test_13_timestamp, test.test_2_mood, test.test_1_json, test.test_3_character, test.test_1_box, test.test_2_decimal, test.test_2_timetz, test.random_dummy_table, test.test_3_timestamp, test.test_10_numeric, test.test_2_circle, test.test_1_macaddr8, test.test_2_float8, test.test_1_inet, test.test_2_bit_varying, test.test_1_float8_array, test.test_2_char_array, test.test_2_text_array, test.test_4_varchar, test.test_1_bit_varying, test.test_6_date, test.test_2_int, test.test_3_numeric_array, test.test_2_uuid, test.test_5_numeric, test.test_2_inet, test.test_2_boolean, test.test_1_int, test.test_2_smallint, test.test_4_decimal_array, test.test_2_pg_lsn, test.test_2_float4, test.test_7_time, test.test_2_int2_array, test.test_5_date, test.test_7_timestamp, test.test_2_date_array, test.test_1_mood, test.test_2_box, test.test_2_hstore, test.test_4_date, test.test_9_timestamp, test.test_2_smallserial, test.test_1_uuid, test.test_11_timestamp, test.test_2_json, test.test_6_time, test.test_3_timestamptz, test.test_2_numeric, test.test_2_bigint, test.test_1_int2]"}}
{"type":"LOG","log":{"level":"INFO","message":"INFO i.a.w.i.DefaultAirbyteStreamFactory(internalLog):159 INFO i.a.i.s.j.AbstractJdbcSource(logPreSyncDebugData):450 Data source product recognized as PostgreSQL:14.8"}}
{"type":"LOG","log":{"level":"INFO","message":"INFO i.a.w.i.DefaultAirbyteStreamFactory(internalLog):159 INFO i.a.i.s.p.PostgresSource(logPreSyncDebugData):221 Discovering indexes for schema \"test\", table \"test_1_bigint\""}}
{"type":"LOG","log":{"level":"INFO","message":"INFO i.a.w.i.DefaultAirbyteStreamFactory(internalLog):159 INFO i.a.i.s.p.PostgresSource(logPreSyncDebugData):223 Index name: test_1_bigint_pkey, Column: id, Unique: true"}}
{"type":"LOG","log":{"level":"INFO","message":"INFO i.a.w.i.DefaultAirbyteStreamFactory(internalLog):159 INFO i.a.i.s.p.PostgresSource(logPreSyncDebugData):221 Discovering indexes for schema \"test\", table \"test_1_bigserial\""}}
{"type":"LOG","log":{"level":"INFO","message":"INFO i.a.w.i.DefaultAirbyteStreamFactory(internalLog):159 INFO i.a.i.s.p.PostgresSource(logPreSyncDebugData):223 Index name: test_1_bigserial_pkey, Column: id, Unique: true"}}
{"type":"LOG","log":{"level":"INFO","message":"INFO i.a.w.i.DefaultAirbyteStreamFactory(internalLog):159 INFO i.a.i.s.p.PostgresSource(logPreSyncDebugData):221 Discovering indexes for schema \"test\", table \"test_1_bit\""}}
{"type":"LOG","log":{"level":"INFO","message":"INFO i.a.w.i.DefaultAirbyteStreamFactory(internalLog):159 INFO i.a.i.s.p.PostgresSource(logPreSyncDebugData):223 Index name: test_1_bit_pkey, Column: id, Unique: true"}}
{"type":"LOG","log":{"level":"INFO","message":"INFO i.a.w.i.DefaultAirbyteStreamFactory(internalLog):159 INFO i.a.i.s.p.PostgresSource(logPreSyncDebugData):221 Discovering indexes for schema \"test\", table \"test_2_bit\""}}
{"type":"LOG","log":{"level":"INFO","message":"INFO i.a.w.i.DefaultAirbyteStreamFactory(internalLog):159 INFO i.a.i.s.p.PostgresSource(logPreSyncDebugData):223 Index name: test_2_bit_pkey, Column: id, Unique: true"}}
{"type":"LOG","log":{"level":"INFO","message":"INFO i.a.w.i.DefaultAirbyteStreamFactory(internalLog):159 INFO i.a.i.s.p.PostgresSource(logPreSyncDebugData):221 Discovering indexes for schema \"test\", table \"test_1_bit_varying\""}}
{"type":"LOG","log":{"level":"INFO","message":"INFO i.a.w.i.DefaultAirbyteStreamFactory(internalLog):159 INFO i.a.i.s.p.PostgresSource(logPreSyncDebugData):223 Index name: test_1_bit_varying_pkey, Column: id, Unique: true"}}
{"type":"LOG","log":{"level":"INFO","message":"INFO i.a.w.i.DefaultAirbyteStreamFactory(internalLog):159 INFO i.a.i.s.p.PostgresSource(logPreSyncDebugData):221 Discovering indexes for schema \"test\", table \"test_2_bit_varying\""}}
{"type":"LOG","log":{"level":"INFO","message":"INFO i.a.w.i.DefaultAirbyteStreamFactory(internalLog):159 INFO i.a.i.s.p.PostgresSource(logPreSyncDebugData):223 Index name: test_2_bit_varying_pkey, Column: id, Unique: true"}}
{"type":"LOG","log":{"level":"INFO","message":"INFO i.a.w.i.DefaultAirbyteStreamFactory(internalLog):159 INFO i.a.i.s.p.PostgresSource(logPreSyncDebugData):221 Discovering indexes for schema \"test\", table \"test_1_bool\""}}
{"type":"LOG","log":{"level":"INFO","message":"INFO i.a.w.i.DefaultAirbyteStreamFactory(internalLog):159 INFO i.a.i.s.p.PostgresSource(logPreSyncDebugData):223 Index name: test_1_bool_pkey, Column: id, Unique: true"}}
{"type":"LOG","log":{"level":"INFO","message":"INFO i.a.w.i.DefaultAirbyteStreamFactory(internalLog):159 INFO i.a.i.s.p.PostgresSource(logPreSyncDebugData):221 Discovering indexes for schema \"test\", table \"test_1_boolean\""}}
{"type":"LOG","log":{"level":"INFO","message":"INFO i.a.w.i.DefaultAirbyteStreamFactory(internalLog):159 INFO i.a.i.s.p.PostgresSource(logPreSyncDebugData):223 Index name: test_1_boolean_pkey, Column: id, Unique: true"}}
{"type":"LOG","log":{"level":"INFO","message":"INFO i.a.w.i.DefaultAirbyteStreamFactory(internalLog):159 INFO i.a.i.s.p.PostgresSource(logPreSyncDebugData):221 Discovering indexes for schema \"test\", table \"test_1_box\""}}
{"type":"LOG","log":{"level":"INFO","message":"INFO i.a.w.i.DefaultAirbyteStreamFactory(internalLog):159 INFO i.a.i.s.p.PostgresSource(logPreSyncDebugData):223 Index name: test_1_box_pkey, Column: id, Unique: true"}}
{"type":"LOG","log":{"level":"INFO","message":"INFO i.a.w.i.DefaultAirbyteStreamFactory(internalLog):159 INFO i.a.i.s.p.PostgresSource(logPreSyncDebugData):221 Discovering indexes for schema \"test\", table \"test_1_bytea\""}}
{"type":"LOG","log":{"level":"INFO","message":"INFO i.a.w.i.DefaultAirbyteStreamFactory(internalLog):159 INFO i.a.i.s.p.PostgresSource(logPreSyncDebugData):223 Index name: test_1_bytea_pkey, Column: id, Unique: true"}}
{"type":"LOG","log":{"level":"INFO","message":"INFO i.a.w.i.DefaultAirbyteStreamFactory(internalLog):159 INFO i.a.i.s.p.PostgresSource(logPreSyncDebugData):221 Discovering indexes for schema \"test\", table \"test_1_char\""}}
{"type":"LOG","log":{"level":"INFO","message":"INFO i.a.w.i.DefaultAirbyteStreamFactory(internalLog):159 INFO i.a.i.s.p.PostgresSource(logPreSyncDebugData):223 Index name: test_1_char_pkey, Column: id, Unique: true"}}
{"type":"LOG","log":{"level":"INFO","message":"INFO i.a.w.i.DefaultAirbyteStreamFactory(internalLog):159 INFO i.a.i.s.p.PostgresSource(logPreSyncDebugData):221 Discovering indexes for schema \"test\", table \"test_2_char\""}}
{"type":"LOG","log":{"level":"INFO","message":"INFO i.a.w.i.DefaultAirbyteStreamFactory(internalLog):159 INFO i.a.i.s.p.PostgresSource(logPreSyncDebugData):223 Index name: test_2_char_pkey, Column: id, Unique: true"}}
{"type":"LOG","log":{"level":"INFO","message":"INFO i.a.w.i.DefaultAirbyteStreamFactory(internalLog):159 INFO i.a.i.s.p.PostgresSource(logPreSyncDebugData):221 Discovering indexes for schema \"test\", table \"test_1_character\""}}
{"type":"LOG","log":{"level":"INFO","message":"INFO i.a.w.i.DefaultAirbyteStreamFactory(internalLog):159 INFO i.a.i.s.p.PostgresSource(logPreSyncDebugData):223 Index name: test_1_character_pkey, Column: id, Unique: true"}}
{"type":"LOG","log":{"level":"INFO","message":"INFO i.a.w.i.DefaultAirbyteStreamFactory(internalLog):159 INFO i.a.i.s.p.PostgresSource(logPreSyncDebugData):221 Discovering indexes for schema \"test\", table \"test_2_character\""}}
{"type":"LOG","log":{"level":"INFO","message":"INFO i.a.w.i.DefaultAirbyteStreamFactory(internalLog):159 INFO i.a.i.s.p.PostgresSource(logPreSyncDebugData):223 Index name: test_2_character_pkey, Column: id, Unique: true"}}
{"type":"LOG","log":{"level":"INFO","message":"INFO i.a.w.i.DefaultAirbyteStreamFactory(internalLog):159 INFO i.a.i.s.p.PostgresSource(logPreSyncDebugData):221 Discovering indexes for schema \"test\", table \"test_1_text\""}}
{"type":"LOG","log":{"level":"INFO","message":"INFO i.a.w.i.DefaultAirbyteStreamFactory(internalLog):159 INFO i.a.i.s.p.PostgresSource(logPreSyncDebugData):223 Index name: test_1_text_pkey, Column: id, Unique: true"}}
{"type":"LOG","log":{"level":"INFO","message":"INFO i.a.w.i.DefaultAirbyteStreamFactory(internalLog):159 INFO i.a.i.s.p.PostgresSource(logPreSyncDebugData):221 Discovering indexes for schema \"test\", table \"test_1_varchar\""}}
{"type":"LOG","log":{"level":"INFO","message":"INFO i.a.w.i.DefaultAirbyteStreamFactory(internalLog):159 INFO i.a.i.s.p.PostgresSource(logPreSyncDebugData):223 Index name: test_1_varchar_pkey, Column: id, Unique: true"}}
{"type":"LOG","log":{"level":"INFO","message":"INFO i.a.w.i.DefaultAirbyteStreamFactory(internalLog):159 INFO i.a.i.s.p.PostgresSource(logPreSyncDebugData):221 Discovering indexes for schema \"test\", table \"test_2_varchar\""}}
{"type":"LOG","log":{"level":"INFO","message":"INFO i.a.w.i.DefaultAirbyteStreamFactory(internalLog):159 INFO i.a.i.s.p.PostgresSource(logPreSyncDebugData):223 Index name: test_2_varchar_pkey, Column: id, Unique: true"}}
{"type":"LOG","log":{"level":"INFO","message":"INFO i.a.w.i.DefaultAirbyteStreamFactory(internalLog):159 INFO i.a.i.s.p.PostgresSource(logPreSyncDebugData):221 Discovering indexes for schema \"test\", table \"test_1_cidr\""}}
{"type":"LOG","log":{"level":"INFO","message":"INFO i.a.w.i.DefaultAirbyteStreamFactory(internalLog):159 INFO i.a.i.s.p.PostgresSource(logPreSyncDebugData):223 Index name: test_1_cidr_pkey, Column: id, Unique: true"}}
{"type":"LOG","log":{"level":"INFO","message":"INFO i.a.w.i.DefaultAirbyteStreamFactory(internalLog):159 INFO i.a.i.s.p.PostgresSource(logPreSyncDebugData):221 Discovering indexes for schema \"test\", table \"test_1_circle\""}}
{"type":"LOG","log":{"level":"INFO","message":"INFO i.a.w.i.DefaultAirbyteStreamFactory(internalLog):159 INFO i.a.i.s.p.PostgresSource(logPreSyncDebugData):223 Index name: test_1_circle_pkey, Column: id, Unique: true"}}
{"type":"LOG","log":{"level":"INFO","message":"INFO i.a.w.i.DefaultAirbyteStreamFactory(internalLog):159 INFO i.a.i.s.p.PostgresSource(logPreSyncDebugData):221 Discovering indexes for schema \"test\", table \"test_1_date\""}}
{"type":"LOG","log":{"level":"INFO","message":"INFO i.a.w.i.DefaultAirbyteStreamFactory(internalLog):159 INFO i.a.i.s.p.PostgresSource(logPreSyncDebugData):223 Index name: test_1_date_pkey, Column: id, Unique: true"}}
{"type":"LOG","log":{"level":"INFO","message":"INFO i.a.w.i.DefaultAirbyteStreamFactory(internalLog):159 INFO i.a.i.s.p.PostgresSource(logPreSyncDebugData):221 Discovering indexes for schema \"test\", table \"test_2_date\""}}
{"type":"LOG","log":{"level":"INFO","message":"INFO i.a.w.i.DefaultAirbyteStreamFactory(internalLog):159 INFO i.a.i.s.p.PostgresSource(logPreSyncDebugData):223 Index name: test_2_date_pkey, Column: id, Unique: true"}}
{"type":"LOG","log":{"level":"INFO","message":"INFO i.a.w.i.DefaultAirbyteStreamFactory(internalLog):159 INFO i.a.i.s.p.PostgresSource(logPreSyncDebugData):221 Discovering indexes for schema \"test\", table \"test_3_date\""}}
{"type":"LOG","log":{"level":"INFO","message":"INFO i.a.w.i.DefaultAirbyteStreamFactory(internalLog):159 INFO i.a.i.s.p.PostgresSource(logPreSyncDebugData):223 Index name: test_3_date_pkey, Column: id, Unique: true"}}
{"type":"LOG","log":{"level":"INFO","message":"INFO i.a.w.i.DefaultAirbyteStreamFactory(internalLog):159 INFO i.a.i.s.p.PostgresSource(logPreSyncDebugData):221 Discovering indexes for schema \"test\", table \"test_1_float\""}}
{"type":"LOG","log":{"level":"INFO","message":"INFO i.a.w.i.DefaultAirbyteStreamFactory(internalLog):159 INFO i.a.i.s.p.PostgresSource(logPreSyncDebugData):223 Index name: test_1_float_pkey, Column: id, Unique: true"}}
{"type":"LOG","log":{"level":"INFO","message":"INFO i.a.w.i.DefaultAirbyteStreamFactory(internalLog):159 INFO i.a.i.s.p.PostgresSource(logPreSyncDebugData):221 Discovering indexes for schema \"test\", table \"test_1_double_precision\""}}
{"type":"LOG","log":{"level":"INFO","message":"INFO i.a.w.i.DefaultAirbyteStreamFactory(internalLog):159 INFO i.a.i.s.p.PostgresSource(logPreSyncDebugData):223 Index name: test_1_double_precision_pkey, Column: id, Unique: true"}}
{"type":"LOG","log":{"level":"INFO","message":"INFO i.a.w.i.DefaultAirbyteStreamFactory(internalLog):159 INFO i.a.i.s.p.PostgresSource(logPreSyncDebugData):221 Discovering indexes for schema \"test\", table \"test_1_float8\""}}
{"type":"LOG","log":{"level":"INFO","message":"INFO i.a.w.i.DefaultAirbyteStreamFactory(internalLog):159 INFO i.a.i.s.p.PostgresSource(logPreSyncDebugData):223 Index name: test_1_float8_pkey, Column: id, Unique: true"}}
{"type":"LOG","log":{"level":"INFO","message":"INFO i.a.w.i.DefaultAirbyteStreamFactory(internalLog):159 INFO i.a.i.s.p.PostgresSource(logPreSyncDebugData):221 Discovering indexes for schema \"test\", table \"test_1_inet\""}}
{"type":"LOG","log":{"level":"INFO","message":"INFO i.a.w.i.DefaultAirbyteStreamFactory(internalLog):159 INFO i.a.i.s.p.PostgresSource(logPreSyncDebugData):223 Index name: test_1_inet_pkey, Column: id, Unique: true"}}
{"type":"LOG","log":{"level":"INFO","message":"INFO i.a.w.i.DefaultAirbyteStreamFactory(internalLog):159 INFO i.a.i.s.p.PostgresSource(logPreSyncDebugData):221 Discovering indexes for schema \"test\", table \"test_1_int4\""}}
{"type":"LOG","log":{"level":"INFO","message":"INFO i.a.w.i.DefaultAirbyteStreamFactory(internalLog):159 INFO i.a.i.s.p.PostgresSource(logPreSyncDebugData):223 Index name: test_1_int4_pkey, Column: id, Unique: true"}}
{"type":"LOG","log":{"level":"INFO","message":"INFO i.a.w.i.DefaultAirbyteStreamFactory(internalLog):159 INFO i.a.i.s.p.PostgresSource(logPreSyncDebugData):221 Discovering indexes for schema \"test\", table \"test_1_int\""}}
{"type":"LOG","log":{"level":"INFO","message":"INFO i.a.w.i.DefaultAirbyteStreamFactory(internalLog):159 INFO i.a.i.s.p.PostgresSource(logPreSyncDebugData):223 Index name: test_1_int_pkey, Column: id, Unique: true"}}
{"type":"LOG","log":{"level":"INFO","message":"INFO i.a.w.i.DefaultAirbyteStreamFactory(internalLog):159 INFO i.a.i.s.p.PostgresSource(logPreSyncDebugData):221 Discovering indexes for schema \"test\", table \"test_1_integer\""}}
{"type":"LOG","log":{"level":"INFO","message":"INFO i.a.w.i.DefaultAirbyteStreamFactory(internalLog):159 INFO i.a.i.s.p.PostgresSource(logPreSyncDebugData):223 Index name: test_1_integer_pkey, Column: id, Unique: true"}}
{"type":"LOG","log":{"level":"INFO","message":"INFO i.a.w.i.DefaultAirbyteStreamFactory(internalLog):159 INFO i.a.i.s.p.PostgresSource(logPreSyncDebugData):221 Discovering indexes for schema \"test\", table \"test_1_interval\""}}
{"type":"LOG","log":{"level":"INFO","message":"INFO i.a.w.i.DefaultAirbyteStreamFactory(internalLog):159 INFO i.a.i.s.p.PostgresSource(logPreSyncDebugData):223 Index name: test_1_interval_pkey, Column: id, Unique: true"}}
{"type":"LOG","log":{"level":"INFO","message":"INFO i.a.w.i.DefaultAirbyteStreamFactory(internalLog):159 INFO i.a.i.s.p.PostgresSource(logPreSyncDebugData):221 Discovering indexes for schema \"test\", table \"test_1_json\""}}
{"type":"LOG","log":{"level":"INFO","message":"INFO i.a.w.i.DefaultAirbyteStreamFactory(internalLog):159 INFO i.a.i.s.p.PostgresSource(logPreSyncDebugData):223 Index name: test_1_json_pkey, Column: id, Unique: true"}}
{"type":"LOG","log":{"level":"INFO","message":"INFO i.a.w.i.DefaultAirbyteStreamFactory(internalLog):159 INFO i.a.i.s.p.PostgresSource(logPreSyncDebugData):221 Discovering indexes for schema \"test\", table \"test_1_jsonb\""}}
{"type":"LOG","log":{"level":"INFO","message":"INFO i.a.w.i.DefaultAirbyteStreamFactory(internalLog):159 INFO i.a.i.s.p.PostgresSource(logPreSyncDebugData):223 Index name: test_1_jsonb_pkey, Column: id, Unique: true"}}
{"type":"LOG","log":{"level":"INFO","message":"INFO i.a.w.i.DefaultAirbyteStreamFactory(internalLog):159 INFO i.a.i.s.p.PostgresSource(logPreSyncDebugData):221 Discovering indexes for schema \"test\", table \"test_1_line\""}}
{"type":"LOG","log":{"level":"INFO","message":"INFO i.a.w.i.DefaultAirbyteStreamFactory(internalLog):159 INFO i.a.i.s.p.PostgresSource(logPreSyncDebugData):223 Index name: test_1_line_pkey, Column: id, Unique: true"}}
{"type":"LOG","log":{"level":"INFO","message":"INFO i.a.w.i.DefaultAirbyteStreamFactory(internalLog):159 INFO i.a.i.s.p.PostgresSource(logPreSyncDebugData):221 Discovering indexes for schema \"test\", table \"test_1_lseg\""}}
{"type":"LOG","log":{"level":"INFO","message":"INFO i.a.w.i.DefaultAirbyteStreamFactory(internalLog):159 INFO i.a.i.s.p.PostgresSource(logPreSyncDebugData):223 Index name: test_1_lseg_pkey, Column: id, Unique: true"}}
{"type":"LOG","log":{"level":"INFO","message":"INFO i.a.w.i.DefaultAirbyteStreamFactory(internalLog):159 INFO i.a.i.s.p.PostgresSource(logPreSyncDebugData):221 Discovering indexes for schema \"test\", table \"test_1_macaddr\""}}
{"type":"LOG","log":{"level":"INFO","message":"INFO i.a.w.i.DefaultAirbyteStreamFactory(internalLog):159 INFO i.a.i.s.p.PostgresSource(logPreSyncDebugData):223 Index name: test_1_macaddr_pkey, Column: id, Unique: true"}}
{"type":"LOG","log":{"level":"INFO","message":"INFO i.a.w.i.DefaultAirbyteStreamFactory(internalLog):159 INFO i.a.i.s.p.PostgresSource(logPreSyncDebugData):221 Discovering indexes for schema \"test\", table \"test_1_macaddr8\""}}
{"type":"LOG","log":{"level":"INFO","message":"INFO i.a.w.i.DefaultAirbyteStreamFactory(internalLog):159 INFO i.a.i.s.p.PostgresSource(logPreSyncDebugData):223 Index name: test_1_macaddr8_pkey, Column: id, Unique: true"}}
{"type":"LOG","log":{"level":"INFO","message":"INFO i.a.w.i.DefaultAirbyteStreamFactory(internalLog):159 INFO i.a.i.s.p.PostgresSource(logPreSyncDebugData):221 Discovering indexes for schema \"test\", table \"test_1_numeric\""}}
{"type":"LOG","log":{"level":"INFO","message":"INFO i.a.w.i.DefaultAirbyteStreamFactory(internalLog):159 INFO i.a.i.s.p.PostgresSource(logPreSyncDebugData):223 Index name: test_1_numeric_pkey, Column: id, Unique: true"}}
{"type":"LOG","log":{"level":"INFO","message":"INFO i.a.w.i.DefaultAirbyteStreamFactory(internalLog):159 INFO i.a.i.s.p.PostgresSource(logPreSyncDebugData):221 Discovering indexes for schema \"test\", table \"test_2_numeric\""}}
{"type":"LOG","log":{"level":"INFO","message":"INFO i.a.w.i.DefaultAirbyteStreamFactory(internalLog):159 INFO i.a.i.s.p.PostgresSource(logPreSyncDebugData):223 Index name: test_2_numeric_pkey, Column: id, Unique: true"}}
{"type":"LOG","log":{"level":"INFO","message":"INFO i.a.w.i.DefaultAirbyteStreamFactory(internalLog):159 INFO i.a.i.s.p.PostgresSource(logPreSyncDebugData):221 Discovering indexes for schema \"test\", table \"test_3_numeric\""}}
{"type":"LOG","log":{"level":"INFO","message":"INFO i.a.w.i.DefaultAirbyteStreamFactory(internalLog):159 INFO i.a.i.s.p.PostgresSource(logPreSyncDebugData):223 Index name: test_3_numeric_pkey, Column: id, Unique: true"}}
{"type":"LOG","log":{"level":"INFO","message":"INFO i.a.w.i.DefaultAirbyteStreamFactory(internalLog):159 INFO i.a.i.s.p.PostgresSource(logPreSyncDebugData):221 Discovering indexes for schema \"test\", table \"test_4_numeric\""}}
{"type":"LOG","log":{"level":"INFO","message":"INFO i.a.w.i.DefaultAirbyteStreamFactory(internalLog):159 INFO i.a.i.s.p.PostgresSource(logPreSyncDebugData):223 Index name: test_4_numeric_pkey, Column: id, Unique: true"}}
{"type":"LOG","log":{"level":"INFO","message":"INFO i.a.w.i.DefaultAirbyteStreamFactory(internalLog):159 INFO i.a.i.s.p.PostgresSource(logPreSyncDebugData):221 Discovering indexes for schema \"test\", table \"test_1_decimal\""}}
{"type":"LOG","log":{"level":"INFO","message":"INFO i.a.w.i.DefaultAirbyteStreamFactory(internalLog):159 INFO i.a.i.s.p.PostgresSource(logPreSyncDebugData):223 Index name: test_1_decimal_pkey, Column: id, Unique: true"}}
{"type":"LOG","log":{"level":"INFO","message":"INFO i.a.w.i.DefaultAirbyteStreamFactory(internalLog):159 INFO i.a.i.s.p.PostgresSource(logPreSyncDebugData):221 Discovering indexes for schema \"test\", table \"test_5_numeric\""}}
{"type":"LOG","log":{"level":"INFO","message":"INFO i.a.w.i.DefaultAirbyteStreamFactory(internalLog):159 INFO i.a.i.s.p.PostgresSource(logPreSyncDebugData):223 Index name: test_5_numeric_pkey, Column: id, Unique: true"}}
{"type":"LOG","log":{"level":"INFO","message":"INFO i.a.w.i.DefaultAirbyteStreamFactory(internalLog):159 INFO i.a.i.s.p.PostgresSource(logPreSyncDebugData):221 Discovering indexes for schema \"test\", table \"test_1_path\""}}
{"type":"LOG","log":{"level":"INFO","message":"INFO i.a.w.i.DefaultAirbyteStreamFactory(internalLog):159 INFO i.a.i.s.p.PostgresSource(logPreSyncDebugData):223 Index name: test_1_path_pkey, Column: id, Unique: true"}}
{"type":"LOG","log":{"level":"INFO","message":"INFO i.a.w.i.DefaultAirbyteStreamFactory(internalLog):159 INFO i.a.i.s.p.PostgresSource(logPreSyncDebugData):221 Discovering indexes for schema \"test\", table \"test_1_pg_lsn\""}}
{"type":"LOG","log":{"level":"INFO","message":"INFO i.a.w.i.DefaultAirbyteStreamFactory(internalLog):159 INFO i.a.i.s.p.PostgresSource(logPreSyncDebugData):223 Index name: test_1_pg_lsn_pkey, Column: id, Unique: true"}}
{"type":"LOG","log":{"level":"INFO","message":"INFO i.a.w.i.DefaultAirbyteStreamFactory(internalLog):159 INFO i.a.i.s.p.PostgresSource(logPreSyncDebugData):221 Discovering indexes for schema \"test\", table \"test_1_point\""}}
{"type":"LOG","log":{"level":"INFO","message":"INFO i.a.w.i.DefaultAirbyteStreamFactory(internalLog):159 INFO i.a.i.s.p.PostgresSource(logPreSyncDebugData):223 Index name: test_1_point_pkey, Column: id, Unique: true"}}
{"type":"LOG","log":{"level":"INFO","message":"INFO i.a.w.i.DefaultAirbyteStreamFactory(internalLog):159 INFO i.a.i.s.p.PostgresSource(logPreSyncDebugData):221 Discovering indexes for schema \"test\", table \"test_1_polygon\""}}
{"type":"LOG","log":{"level":"INFO","message":"INFO i.a.w.i.DefaultAirbyteStreamFactory(internalLog):159 INFO i.a.i.s.p.PostgresSource(logPreSyncDebugData):223 Index name: test_1_polygon_pkey, Column: id, Unique: true"}}
{"type":"LOG","log":{"level":"INFO","message":"INFO i.a.w.i.DefaultAirbyteStreamFactory(internalLog):159 INFO i.a.i.s.p.PostgresSource(logPreSyncDebugData):221 Discovering indexes for schema \"test\", table \"test_1_float4\""}}
{"type":"LOG","log":{"level":"INFO","message":"INFO i.a.w.i.DefaultAirbyteStreamFactory(internalLog):159 INFO i.a.i.s.p.PostgresSource(logPreSyncDebugData):223 Index name: test_1_float4_pkey, Column: id, Unique: true"}}
{"type":"LOG","log":{"level":"INFO","message":"INFO i.a.w.i.DefaultAirbyteStreamFactory(internalLog):159 INFO i.a.i.s.p.PostgresSource(logPreSyncDebugData):221 Discovering indexes for schema \"test\", table \"test_1_real\""}}
{"type":"LOG","log":{"level":"INFO","message":"INFO i.a.w.i.DefaultAirbyteStreamFactory(internalLog):159 INFO i.a.i.s.p.PostgresSource(logPreSyncDebugData):223 Index name: test_1_real_pkey, Column: id, Unique: true"}}
{"type":"LOG","log":{"level":"INFO","message":"INFO i.a.w.i.DefaultAirbyteStreamFactory(internalLog):159 INFO i.a.i.s.p.PostgresSource(logPreSyncDebugData):221 Discovering indexes for schema \"test\", table \"test_1_int2\""}}
{"type":"LOG","log":{"level":"INFO","message":"INFO i.a.w.i.DefaultAirbyteStreamFactory(internalLog):159 INFO i.a.i.s.p.PostgresSource(logPreSyncDebugData):223 Index name: test_1_int2_pkey, Column: id, Unique: true"}}
{"type":"LOG","log":{"level":"INFO","message":"INFO i.a.w.i.DefaultAirbyteStreamFactory(internalLog):159 INFO i.a.i.s.p.PostgresSource(logPreSyncDebugData):221 Discovering indexes for schema \"test\", table \"test_1_smallint\""}}
{"type":"LOG","log":{"level":"INFO","message":"INFO i.a.w.i.DefaultAirbyteStreamFactory(internalLog):159 INFO i.a.i.s.p.PostgresSource(logPreSyncDebugData):223 Index name: test_1_smallint_pkey, Column: id, Unique: true"}}
{"type":"LOG","log":{"level":"INFO","message":"INFO i.a.w.i.DefaultAirbyteStreamFactory(internalLog):159 INFO i.a.i.s.p.PostgresSource(logPreSyncDebugData):221 Discovering indexes for schema \"test\", table \"test_1_serial2\""}}
{"type":"LOG","log":{"level":"INFO","message":"INFO i.a.w.i.DefaultAirbyteStreamFactory(internalLog):159 INFO i.a.i.s.p.PostgresSource(logPreSyncDebugData):223 Index name: test_1_serial2_pkey, Column: id, Unique: true"}}
{"type":"LOG","log":{"level":"INFO","message":"INFO i.a.w.i.DefaultAirbyteStreamFactory(internalLog):159 INFO i.a.i.s.p.PostgresSource(logPreSyncDebugData):221 Discovering indexes for schema \"test\", table \"test_1_smallserial\""}}
{"type":"LOG","log":{"level":"INFO","message":"INFO i.a.w.i.DefaultAirbyteStreamFactory(internalLog):159 INFO i.a.i.s.p.PostgresSource(logPreSyncDebugData):223 Index name: test_1_smallserial_pkey, Column: id, Unique: true"}}
{"type":"LOG","log":{"level":"INFO","message":"INFO i.a.w.i.DefaultAirbyteStreamFactory(internalLog):159 INFO i.a.i.s.p.PostgresSource(logPreSyncDebugData):221 Discovering indexes for schema \"test\", table \"test_1_serial4\""}}
{"type":"LOG","log":{"level":"INFO","message":"INFO i.a.w.i.DefaultAirbyteStreamFactory(internalLog):159 INFO i.a.i.s.p.PostgresSource(logPreSyncDebugData):223 Index name: test_1_serial4_pkey, Column: id, Unique: true"}}
{"type":"LOG","log":{"level":"INFO","message":"INFO i.a.w.i.DefaultAirbyteStreamFactory(internalLog):159 INFO i.a.i.s.p.PostgresSource(logPreSyncDebugData):221 Discovering indexes for schema \"test\", table \"test_1_serial\""}}
{"type":"LOG","log":{"level":"INFO","message":"INFO i.a.w.i.DefaultAirbyteStreamFactory(internalLog):159 INFO i.a.i.s.p.PostgresSource(logPreSyncDebugData):223 Index name: test_1_serial_pkey, Column: id, Unique: true"}}
{"type":"LOG","log":{"level":"INFO","message":"INFO i.a.w.i.DefaultAirbyteStreamFactory(internalLog):159 INFO i.a.i.s.p.PostgresSource(logPreSyncDebugData):221 Discovering indexes for schema \"test\", table \"test_1_time\""}}
{"type":"LOG","log":{"level":"INFO","message":"INFO i.a.w.i.DefaultAirbyteStreamFactory(internalLog):159 INFO i.a.i.s.p.PostgresSource(logPreSyncDebugData):223 Index name: test_1_time_pkey, Column: id, Unique: true"}}
{"type":"LOG","log":{"level":"INFO","message":"INFO i.a.w.i.DefaultAirbyteStreamFactory(internalLog):159 INFO i.a.i.s.p.PostgresSource(logPreSyncDebugData):221 Discovering indexes for schema \"test\", table \"test_2_time\""}}
{"type":"LOG","log":{"level":"INFO","message":"INFO i.a.w.i.DefaultAirbyteStreamFactory(internalLog):159 INFO i.a.i.s.p.PostgresSource(logPreSyncDebugData):223 Index name: test_2_time_pkey, Column: id, Unique: true"}}
{"type":"LOG","log":{"level":"INFO","message":"INFO i.a.w.i.DefaultAirbyteStreamFactory(internalLog):159 INFO i.a.i.s.p.PostgresSource(logPreSyncDebugData):221 Discovering indexes for schema \"test\", table \"test_3_time\""}}
{"type":"LOG","log":{"level":"INFO","message":"INFO i.a.w.i.DefaultAirbyteStreamFactory(internalLog):159 INFO i.a.i.s.p.PostgresSource(logPreSyncDebugData):223 Index name: test_3_time_pkey, Column: id, Unique: true"}}
{"type":"LOG","log":{"level":"INFO","message":"INFO i.a.w.i.DefaultAirbyteStreamFactory(internalLog):159 INFO i.a.i.s.p.PostgresSource(logPreSyncDebugData):221 Discovering indexes for schema \"test\", table \"test_4_time\""}}
{"type":"LOG","log":{"level":"INFO","message":"INFO i.a.w.i.DefaultAirbyteStreamFactory(internalLog):159 INFO i.a.i.s.p.PostgresSource(logPreSyncDebugData):223 Index name: test_4_time_pkey, Column: id, Unique: true"}}
{"type":"LOG","log":{"level":"INFO","message":"INFO i.a.w.i.DefaultAirbyteStreamFactory(internalLog):159 INFO i.a.i.s.p.PostgresSource(logPreSyncDebugData):221 Discovering indexes for schema \"test\", table \"test_5_time\""}}
{"type":"LOG","log":{"level":"INFO","message":"INFO i.a.w.i.DefaultAirbyteStreamFactory(internalLog):159 INFO i.a.i.s.p.PostgresSource(logPreSyncDebugData):223 Index name: test_5_time_pkey, Column: id, Unique: true"}}
{"type":"LOG","log":{"level":"INFO","message":"INFO i.a.w.i.DefaultAirbyteStreamFactory(internalLog):159 INFO i.a.i.s.p.PostgresSource(logPreSyncDebugData):221 Discovering indexes for schema \"test\", table \"test_1_timestamp\""}}
{"type":"LOG","log":{"level":"INFO","message":"INFO i.a.w.i.DefaultAirbyteStreamFactory(internalLog):159 INFO i.a.i.s.p.PostgresSource(logPreSyncDebugData):223 Index name: test_1_timestamp_pkey, Column: id, Unique: true"}}
{"type":"LOG","log":{"level":"INFO","message":"INFO i.a.w.i.DefaultAirbyteStreamFactory(internalLog):159 INFO i.a.i.s.p.PostgresSource(logPreSyncDebugData):221 Discovering indexes for schema \"test\", table \"test_2_timestamp\""}}
{"type":"LOG","log":{"level":"INFO","message":"INFO i.a.w.i.DefaultAirbyteStreamFactory(internalLog):159 INFO i.a.i.s.p.PostgresSource(logPreSyncDebugData):223 Index name: test_2_timestamp_pkey, Column: id, Unique: true"}}
{"type":"LOG","log":{"level":"INFO","message":"INFO i.a.w.i.DefaultAirbyteStreamFactory(internalLog):159 INFO i.a.i.s.p.PostgresSource(logPreSyncDebugData):221 Discovering indexes for schema \"test\", table \"test_3_timestamp\""}}
{"type":"LOG","log":{"level":"INFO","message":"INFO i.a.w.i.DefaultAirbyteStreamFactory(internalLog):159 INFO i.a.i.s.p.PostgresSource(logPreSyncDebugData):223 Index name: test_3_timestamp_pkey, Column: id, Unique: true"}}
{"type":"LOG","log":{"level":"INFO","message":"INFO i.a.w.i.DefaultAirbyteStreamFactory(internalLog):159 INFO i.a.i.s.p.PostgresSource(logPreSyncDebugData):221 Discovering indexes for schema \"test\", table \"test_4_timestamp\""}}
{"type":"LOG","log":{"level":"INFO","message":"INFO i.a.w.i.DefaultAirbyteStreamFactory(internalLog):159 INFO i.a.i.s.p.PostgresSource(logPreSyncDebugData):223 Index name: test_4_timestamp_pkey, Column: id, Unique: true"}}
{"type":"LOG","log":{"level":"INFO","message":"INFO i.a.w.i.DefaultAirbyteStreamFactory(internalLog):159 INFO i.a.i.s.p.PostgresSource(logPreSyncDebugData):221 Discovering indexes for schema \"test\", table \"test_5_timestamp\""}}
{"type":"LOG","log":{"level":"INFO","message":"INFO i.a.w.i.DefaultAirbyteStreamFactory(internalLog):159 INFO i.a.i.s.p.PostgresSource(logPreSyncDebugData):223 Index name: test_5_timestamp_pkey, Column: id, Unique: true"}}
{"type":"LOG","log":{"level":"INFO","message":"INFO i.a.w.i.DefaultAirbyteStreamFactory(internalLog):159 INFO i.a.i.s.p.PostgresSource(logPreSyncDebugData):221 Discovering indexes for schema \"test\", table \"test_6_timestamp\""}}
{"type":"LOG","log":{"level":"INFO","message":"INFO i.a.w.i.DefaultAirbyteStreamFactory(internalLog):159 INFO i.a.i.s.p.PostgresSource(logPreSyncDebugData):223 Index name: test_6_timestamp_pkey, Column: id, Unique: true"}}
{"type":"LOG","log":{"level":"INFO","message":"INFO i.a.w.i.DefaultAirbyteStreamFactory(internalLog):159 INFO i.a.i.s.p.PostgresSource(logPreSyncDebugData):221 Discovering indexes for schema \"test\", table \"test_7_timestamp\""}}
{"type":"LOG","log":{"level":"INFO","message":"INFO i.a.w.i.DefaultAirbyteStreamFactory(internalLog):159 INFO i.a.i.s.p.PostgresSource(logPreSyncDebugData):223 Index name: test_7_timestamp_pkey, Column: id, Unique: true"}}
{"type":"LOG","log":{"level":"INFO","message":"INFO i.a.w.i.DefaultAirbyteStreamFactory(internalLog):159 INFO i.a.i.s.p.PostgresSource(logPreSyncDebugData):221 Discovering indexes for schema \"test\", table \"test_8_timestamp\""}}
{"type":"LOG","log":{"level":"INFO","message":"INFO i.a.w.i.DefaultAirbyteStreamFactory(internalLog):159 INFO i.a.i.s.p.PostgresSource(logPreSyncDebugData):223 Index name: test_8_timestamp_pkey, Column: id, Unique: true"}}
{"type":"LOG","log":{"level":"INFO","message":"INFO i.a.w.i.DefaultAirbyteStreamFactory(internalLog):159 INFO i.a.i.s.p.PostgresSource(logPreSyncDebugData):221 Discovering indexes for schema \"test\", table \"test_1_timestamptz\""}}
{"type":"LOG","log":{"level":"INFO","message":"INFO i.a.w.i.DefaultAirbyteStreamFactory(internalLog):159 INFO i.a.i.s.p.PostgresSource(logPreSyncDebugData):223 Index name: test_1_timestamptz_pkey, Column: id, Unique: true"}}
{"type":"LOG","log":{"level":"INFO","message":"INFO i.a.w.i.DefaultAirbyteStreamFactory(internalLog):159 INFO i.a.i.s.p.PostgresSource(logPreSyncDebugData):221 Discovering indexes for schema \"test\", table \"test_2_timestamptz\""}}
{"type":"LOG","log":{"level":"INFO","message":"INFO i.a.w.i.DefaultAirbyteStreamFactory(internalLog):159 INFO i.a.i.s.p.PostgresSource(logPreSyncDebugData):223 Index name: test_2_timestamptz_pkey, Column: id, Unique: true"}}
{"type":"LOG","log":{"level":"INFO","message":"INFO i.a.w.i.DefaultAirbyteStreamFactory(internalLog):159 INFO i.a.i.s.p.PostgresSource(logPreSyncDebugData):221 Discovering indexes for schema \"test\", table \"test_1_tsquery\""}}
{"type":"LOG","log":{"level":"INFO","message":"INFO i.a.w.i.DefaultAirbyteStreamFactory(internalLog):159 INFO i.a.i.s.p.PostgresSource(logPreSyncDebugData):223 Index name: test_1_tsquery_pkey, Column: id, Unique: true"}}
{"type":"LOG","log":{"level":"INFO","message":"INFO i.a.w.i.DefaultAirbyteStreamFactory(internalLog):159 INFO i.a.i.s.p.PostgresSource(logPreSyncDebugData):221 Discovering indexes for schema \"test\", table \"test_1_tsvector\""}}
{"type":"LOG","log":{"level":"INFO","message":"INFO i.a.w.i.DefaultAirbyteStreamFactory(internalLog):159 INFO i.a.i.s.p.PostgresSource(logPreSyncDebugData):223 Index name: test_1_tsvector_pkey, Column: id, Unique: true"}}
{"type":"LOG","log":{"level":"INFO","message":"INFO i.a.w.i.DefaultAirbyteStreamFactory(internalLog):159 INFO i.a.i.s.p.PostgresSource(logPreSyncDebugData):221 Discovering indexes for schema \"test\", table \"test_1_uuid\""}}
{"type":"LOG","log":{"level":"INFO","message":"INFO i.a.w.i.DefaultAirbyteStreamFactory(internalLog):159 INFO i.a.i.s.p.PostgresSource(logPreSyncDebugData):223 Index name: test_1_uuid_pkey, Column: id, Unique: true"}}
{"type":"LOG","log":{"level":"INFO","message":"INFO i.a.w.i.DefaultAirbyteStreamFactory(internalLog):159 INFO i.a.i.s.p.PostgresSource(logPreSyncDebugData):221 Discovering indexes for schema \"test\", table \"test_1_xml\""}}
{"type":"LOG","log":{"level":"INFO","message":"INFO i.a.w.i.DefaultAirbyteStreamFactory(internalLog):159 INFO i.a.i.s.p.PostgresSource(logPreSyncDebugData):223 Index name: test_1_xml_pkey, Column: id, Unique: true"}}
{"type":"LOG","log":{"level":"INFO","message":"INFO i.a.w.i.DefaultAirbyteStreamFactory(internalLog):159 INFO i.a.i.s.p.PostgresSource(logPreSyncDebugData):221 Discovering indexes for schema \"test\", table \"test_1_mood\""}}
{"type":"LOG","log":{"level":"INFO","message":"INFO i.a.w.i.DefaultAirbyteStreamFactory(internalLog):159 INFO i.a.i.s.p.PostgresSource(logPreSyncDebugData):223 Index name: test_1_mood_pkey, Column: id, Unique: true"}}
{"type":"LOG","log":{"level":"INFO","message":"INFO i.a.w.i.DefaultAirbyteStreamFactory(internalLog):159 INFO i.a.i.s.p.PostgresSource(logPreSyncDebugData):221 Discovering indexes for schema \"test\", table \"test_1_tsrange\""}}
{"type":"LOG","log":{"level":"INFO","message":"INFO i.a.w.i.DefaultAirbyteStreamFactory(internalLog):159 INFO i.a.i.s.p.PostgresSource(logPreSyncDebugData):223 Index name: test_1_tsrange_pkey, Column: id, Unique: true"}}
{"type":"LOG","log":{"level":"INFO","message":"INFO i.a.w.i.DefaultAirbyteStreamFactory(internalLog):159 INFO i.a.i.s.p.PostgresSource(logPreSyncDebugData):221 Discovering indexes for schema \"test\", table \"test_1_inventory_item\""}}
{"type":"LOG","log":{"level":"INFO","message":"INFO i.a.w.i.DefaultAirbyteStreamFactory(internalLog):159 INFO i.a.i.s.p.PostgresSource(logPreSyncDebugData):223 Index name: test_1_inventory_item_pkey, Column: id, Unique: true"}}
{"type":"LOG","log":{"level":"INFO","message":"INFO i.a.w.i.DefaultAirbyteStreamFactory(internalLog):159 INFO i.a.i.s.p.PostgresSource(logPreSyncDebugData):221 Discovering indexes for schema \"test\", table \"test_1_hstore\""}}
{"type":"LOG","log":{"level":"INFO","message":"INFO i.a.w.i.DefaultAirbyteStreamFactory(internalLog):159 INFO i.a.i.s.p.PostgresSource(logPreSyncDebugData):223 Index name: test_1_hstore_pkey, Column: id, Unique: true"}}
{"type":"LOG","log":{"level":"INFO","message":"INFO i.a.w.i.DefaultAirbyteStreamFactory(internalLog):159 INFO i.a.i.s.p.PostgresSource(logPreSyncDebugData):221 Discovering indexes for schema \"test\", table \"test_1_timetz\""}}
{"type":"LOG","log":{"level":"INFO","message":"INFO i.a.w.i.DefaultAirbyteStreamFactory(internalLog):159 INFO i.a.i.s.p.PostgresSource(logPreSyncDebugData):223 Index name: test_1_timetz_pkey, Column: id, Unique: true"}}
{"type":"LOG","log":{"level":"INFO","message":"INFO i.a.w.i.DefaultAirbyteStreamFactory(internalLog):159 INFO i.a.i.s.p.PostgresSource(logPreSyncDebugData):221 Discovering indexes for schema \"test\", table \"test_2_timetz\""}}
{"type":"LOG","log":{"level":"INFO","message":"INFO i.a.w.i.DefaultAirbyteStreamFactory(internalLog):159 INFO i.a.i.s.p.PostgresSource(logPreSyncDebugData):223 Index name: test_2_timetz_pkey, Column: id, Unique: true"}}
{"type":"LOG","log":{"level":"INFO","message":"INFO i.a.w.i.DefaultAirbyteStreamFactory(internalLog):159 INFO i.a.i.s.p.PostgresSource(logPreSyncDebugData):221 Discovering indexes for schema \"test\", table \"test_1_int2_array\""}}
{"type":"LOG","log":{"level":"INFO","message":"INFO i.a.w.i.DefaultAirbyteStreamFactory(internalLog):159 INFO i.a.i.s.p.PostgresSource(logPreSyncDebugData):223 Index name: test_1_int2_array_pkey, Column: id, Unique: true"}}
{"type":"LOG","log":{"level":"INFO","message":"INFO i.a.w.i.DefaultAirbyteStreamFactory(internalLog):159 INFO i.a.i.s.p.PostgresSource(logPreSyncDebugData):221 Discovering indexes for schema \"test\", table \"test_1_int4_array\""}}
{"type":"LOG","log":{"level":"INFO","message":"INFO i.a.w.i.DefaultAirbyteStreamFactory(internalLog):159 INFO i.a.i.s.p.PostgresSource(logPreSyncDebugData):223 Index name: test_1_int4_array_pkey, Column: id, Unique: true"}}
{"type":"LOG","log":{"level":"INFO","message":"INFO i.a.w.i.DefaultAirbyteStreamFactory(internalLog):159 INFO i.a.i.s.p.PostgresSource(logPreSyncDebugData):221 Discovering indexes for schema \"test\", table \"test_1_int8_array\""}}
{"type":"LOG","log":{"level":"INFO","message":"INFO i.a.w.i.DefaultAirbyteStreamFactory(internalLog):159 INFO i.a.i.s.p.PostgresSource(logPreSyncDebugData):223 Index name: test_1_int8_array_pkey, Column: id, Unique: true"}}
{"type":"LOG","log":{"level":"INFO","message":"INFO i.a.w.i.DefaultAirbyteStreamFactory(internalLog):159 INFO i.a.i.s.p.PostgresSource(logPreSyncDebugData):221 Discovering indexes for schema \"test\", table \"test_1_oid_array\""}}
{"type":"LOG","log":{"level":"INFO","message":"INFO i.a.w.i.DefaultAirbyteStreamFactory(internalLog):159 INFO i.a.i.s.p.PostgresSource(logPreSyncDebugData):223 Index name: test_1_oid_array_pkey, Column: id, Unique: true"}}
{"type":"LOG","log":{"level":"INFO","message":"INFO i.a.w.i.DefaultAirbyteStreamFactory(internalLog):159 INFO i.a.i.s.p.PostgresSource(logPreSyncDebugData):221 Discovering indexes for schema \"test\", table \"test_1_varchar_array\""}}
{"type":"LOG","log":{"level":"INFO","message":"INFO i.a.w.i.DefaultAirbyteStreamFactory(internalLog):159 INFO i.a.i.s.p.PostgresSource(logPreSyncDebugData):223 Index name: test_1_varchar_array_pkey, Column: id, Unique: true"}}
{"type":"LOG","log":{"level":"INFO","message":"INFO i.a.w.i.DefaultAirbyteStreamFactory(internalLog):159 INFO i.a.i.s.p.PostgresSource(logPreSyncDebugData):221 Discovering indexes for schema \"test\", table \"test_1_char_array\""}}
{"type":"LOG","log":{"level":"INFO","message":"INFO i.a.w.i.DefaultAirbyteStreamFactory(internalLog):159 INFO i.a.i.s.p.PostgresSource(logPreSyncDebugData):223 Index name: test_1_char_array_pkey, Column: id, Unique: true"}}
{"type":"LOG","log":{"level":"INFO","message":"INFO i.a.w.i.DefaultAirbyteStreamFactory(internalLog):159 INFO i.a.i.s.p.PostgresSource(logPreSyncDebugData):221 Discovering indexes for schema \"test\", table \"test_1_bpchar_array\""}}
{"type":"LOG","log":{"level":"INFO","message":"INFO i.a.w.i.DefaultAirbyteStreamFactory(internalLog):159 INFO i.a.i.s.p.PostgresSource(logPreSyncDebugData):223 Index name: test_1_bpchar_array_pkey, Column: id, Unique: true"}}
{"type":"LOG","log":{"level":"INFO","message":"INFO i.a.w.i.DefaultAirbyteStreamFactory(internalLog):159 INFO i.a.i.s.p.PostgresSource(logPreSyncDebugData):221 Discovering indexes for schema \"test\", table \"test_1_text_array\""}}
{"type":"LOG","log":{"level":"INFO","message":"INFO i.a.w.i.DefaultAirbyteStreamFactory(internalLog):159 INFO i.a.i.s.p.PostgresSource(logPreSyncDebugData):223 Index name: test_1_text_array_pkey, Column: id, Unique: true"}}
{"type":"LOG","log":{"level":"INFO","message":"INFO i.a.w.i.DefaultAirbyteStreamFactory(internalLog):159 INFO i.a.i.s.p.PostgresSource(logPreSyncDebugData):221 Discovering indexes for schema \"test\", table \"test_1_name_array\""}}
{"type":"LOG","log":{"level":"INFO","message":"INFO i.a.w.i.DefaultAirbyteStreamFactory(internalLog):159 INFO i.a.i.s.p.PostgresSource(logPreSyncDebugData):223 Index name: test_1_name_array_pkey, Column: id, Unique: true"}}
{"type":"LOG","log":{"level":"INFO","message":"INFO i.a.w.i.DefaultAirbyteStreamFactory(internalLog):159 INFO i.a.i.s.p.PostgresSource(logPreSyncDebugData):221 Discovering indexes for schema \"test\", table \"test_1_decimal_array\""}}
{"type":"LOG","log":{"level":"INFO","message":"INFO i.a.w.i.DefaultAirbyteStreamFactory(internalLog):159 INFO i.a.i.s.p.PostgresSource(logPreSyncDebugData):223 Index name: test_1_decimal_array_pkey, Column: id, Unique: true"}}
{"type":"LOG","log":{"level":"INFO","message":"INFO i.a.w.i.DefaultAirbyteStreamFactory(internalLog):159 INFO i.a.i.s.p.PostgresSource(logPreSyncDebugData):221 Discovering indexes for schema \"test\", table \"test_2_decimal_array\""}}
{"type":"LOG","log":{"level":"INFO","message":"INFO i.a.w.i.DefaultAirbyteStreamFactory(internalLog):159 INFO i.a.i.s.p.PostgresSource(logPreSyncDebugData):223 Index name: test_2_decimal_array_pkey, Column: id, Unique: true"}}
{"type":"LOG","log":{"level":"INFO","message":"INFO i.a.w.i.DefaultAirbyteStreamFactory(internalLog):159 INFO i.a.i.s.p.PostgresSource(logPreSyncDebugData):221 Discovering indexes for schema \"test\", table \"test_3_decimal_array\""}}
{"type":"LOG","log":{"level":"INFO","message":"INFO i.a.w.i.DefaultAirbyteStreamFactory(internalLog):159 INFO i.a.i.s.p.PostgresSource(logPreSyncDebugData):223 Index name: test_3_decimal_array_pkey, Column: id, Unique: true"}}
{"type":"LOG","log":{"level":"INFO","message":"INFO i.a.w.i.DefaultAirbyteStreamFactory(internalLog):159 INFO i.a.i.s.p.PostgresSource(logPreSyncDebugData):221 Discovering indexes for schema \"test\", table \"test_1_numeric_array\""}}
{"type":"LOG","log":{"level":"INFO","message":"INFO i.a.w.i.DefaultAirbyteStreamFactory(internalLog):159 INFO i.a.i.s.p.PostgresSource(logPreSyncDebugData):223 Index name: test_1_numeric_array_pkey, Column: id, Unique: true"}}
{"type":"LOG","log":{"level":"INFO","message":"INFO i.a.w.i.DefaultAirbyteStreamFactory(internalLog):159 INFO i.a.i.s.p.PostgresSource(logPreSyncDebugData):221 Discovering indexes for schema \"test\", table \"test_2_numeric_array\""}}
{"type":"LOG","log":{"level":"INFO","message":"INFO i.a.w.i.DefaultAirbyteStreamFactory(internalLog):159 INFO i.a.i.s.p.PostgresSource(logPreSyncDebugData):223 Index name: test_2_numeric_array_pkey, Column: id, Unique: true"}}
{"type":"LOG","log":{"level":"INFO","message":"INFO i.a.w.i.DefaultAirbyteStreamFactory(internalLog):159 INFO i.a.i.s.p.PostgresSource(logPreSyncDebugData):221 Discovering indexes for schema \"test\", table \"test_3_numeric_array\""}}
{"type":"LOG","log":{"level":"INFO","message":"INFO i.a.w.i.DefaultAirbyteStreamFactory(internalLog):159 INFO i.a.i.s.p.PostgresSource(logPreSyncDebugData):223 Index name: test_3_numeric_array_pkey, Column: id, Unique: true"}}
{"type":"LOG","log":{"level":"INFO","message":"INFO i.a.w.i.DefaultAirbyteStreamFactory(internalLog):159 INFO i.a.i.s.p.PostgresSource(logPreSyncDebugData):221 Discovering indexes for schema \"test\", table \"test_1_float4_array\""}}
{"type":"LOG","log":{"level":"INFO","message":"INFO i.a.w.i.DefaultAirbyteStreamFactory(internalLog):159 INFO i.a.i.s.p.PostgresSource(logPreSyncDebugData):223 Index name: test_1_float4_array_pkey, Column: id, Unique: true"}}
{"type":"LOG","log":{"level":"INFO","message":"INFO i.a.w.i.DefaultAirbyteStreamFactory(internalLog):159 INFO i.a.i.s.p.PostgresSource(logPreSyncDebugData):221 Discovering indexes for schema \"test\", table \"test_1_float8_array\""}}
{"type":"LOG","log":{"level":"INFO","message":"INFO i.a.w.i.DefaultAirbyteStreamFactory(internalLog):159 INFO i.a.i.s.p.PostgresSource(logPreSyncDebugData):223 Index name: test_1_float8_array_pkey, Column: id, Unique: true"}}
{"type":"LOG","log":{"level":"INFO","message":"INFO i.a.w.i.DefaultAirbyteStreamFactory(internalLog):159 INFO i.a.i.s.p.PostgresSource(logPreSyncDebugData):221 Discovering indexes for schema \"test\", table \"test_1_money_array\""}}
{"type":"LOG","log":{"level":"INFO","message":"INFO i.a.w.i.DefaultAirbyteStreamFactory(internalLog):159 INFO i.a.i.s.p.PostgresSource(logPreSyncDebugData):223 Index name: test_1_money_array_pkey, Column: id, Unique: true"}}
{"type":"LOG","log":{"level":"INFO","message":"INFO i.a.w.i.DefaultAirbyteStreamFactory(internalLog):159 INFO i.a.i.s.p.PostgresSource(logPreSyncDebugData):221 Discovering indexes for schema \"test\", table \"test_1_bool_array\""}}
{"type":"LOG","log":{"level":"INFO","message":"INFO i.a.w.i.DefaultAirbyteStreamFactory(internalLog):159 INFO i.a.i.s.p.PostgresSource(logPreSyncDebugData):223 Index name: test_1_bool_array_pkey, Column: id, Unique: true"}}
{"type":"LOG","log":{"level":"INFO","message":"INFO i.a.w.i.DefaultAirbyteStreamFactory(internalLog):159 INFO i.a.i.s.p.PostgresSource(logPreSyncDebugData):221 Discovering indexes for schema \"test\", table \"test_1_bit_array\""}}
{"type":"LOG","log":{"level":"INFO","message":"INFO i.a.w.i.DefaultAirbyteStreamFactory(internalLog):159 INFO i.a.i.s.p.PostgresSource(logPreSyncDebugData):223 Index name: test_1_bit_array_pkey, Column: id, Unique: true"}}
{"type":"LOG","log":{"level":"INFO","message":"INFO i.a.w.i.DefaultAirbyteStreamFactory(internalLog):159 INFO i.a.i.s.p.PostgresSource(logPreSyncDebugData):221 Discovering indexes for schema \"test\", table \"test_1_bytea_array\""}}
{"type":"LOG","log":{"level":"INFO","message":"INFO i.a.w.i.DefaultAirbyteStreamFactory(internalLog):159 INFO i.a.i.s.p.PostgresSource(logPreSyncDebugData):223 Index name: test_1_bytea_array_pkey, Column: id, Unique: true"}}
{"type":"LOG","log":{"level":"INFO","message":"INFO i.a.w.i.DefaultAirbyteStreamFactory(internalLog):159 INFO i.a.i.s.p.PostgresSource(logPreSyncDebugData):221 Discovering indexes for schema \"test\", table \"test_1_date_array\""}}
{"type":"LOG","log":{"level":"INFO","message":"INFO i.a.w.i.DefaultAirbyteStreamFactory(internalLog):159 INFO i.a.i.s.p.PostgresSource(logPreSyncDebugData):223 Index name: test_1_date_array_pkey, Column: id, Unique: true"}}
{"type":"LOG","log":{"level":"INFO","message":"INFO i.a.w.i.DefaultAirbyteStreamFactory(internalLog):159 INFO i.a.i.s.p.PostgresSource(logPreSyncDebugData):221 Discovering indexes for schema \"test\", table \"test_1_time_array\""}}
{"type":"LOG","log":{"level":"INFO","message":"INFO i.a.w.i.DefaultAirbyteStreamFactory(internalLog):159 INFO i.a.i.s.p.PostgresSource(logPreSyncDebugData):223 Index name: test_1_time_array_pkey, Column: id, Unique: true"}}
{"type":"LOG","log":{"level":"INFO","message":"INFO i.a.w.i.DefaultAirbyteStreamFactory(internalLog):159 INFO i.a.i.s.p.PostgresSource(logPreSyncDebugData):221 Discovering indexes for schema \"test\", table \"test_1_timetz_array\""}}
{"type":"LOG","log":{"level":"INFO","message":"INFO i.a.w.i.DefaultAirbyteStreamFactory(internalLog):159 INFO i.a.i.s.p.PostgresSource(logPreSyncDebugData):223 Index name: test_1_timetz_array_pkey, Column: id, Unique: true"}}
{"type":"LOG","log":{"level":"INFO","message":"INFO i.a.w.i.DefaultAirbyteStreamFactory(internalLog):159 INFO i.a.i.s.p.PostgresSource(logPreSyncDebugData):221 Discovering indexes for schema \"test\", table \"test_1_timestamptz_array\""}}
{"type":"LOG","log":{"level":"INFO","message":"INFO i.a.w.i.DefaultAirbyteStreamFactory(internalLog):159 INFO i.a.i.s.p.PostgresSource(logPreSyncDebugData):223 Index name: test_1_timestamptz_array_pkey, Column: id, Unique: true"}}
{"type":"LOG","log":{"level":"INFO","message":"INFO i.a.w.i.DefaultAirbyteStreamFactory(internalLog):159 INFO i.a.i.s.p.PostgresSource(logPreSyncDebugData):221 Discovering indexes for schema \"test\", table \"test_1_timestamp_array\""}}
{"type":"LOG","log":{"level":"INFO","message":"INFO i.a.w.i.DefaultAirbyteStreamFactory(internalLog):159 INFO i.a.i.s.p.PostgresSource(logPreSyncDebugData):223 Index name: test_1_timestamp_array_pkey, Column: id, Unique: true"}}
{"type":"LOG","log":{"level":"INFO","message":"INFO i.a.w.i.DefaultAirbyteStreamFactory(internalLog):159 INFO i.a.i.s.p.PostgresSource(logPreSyncDebugData):221 Discovering indexes for schema \"test\", table \"test_1_money\""}}
{"type":"LOG","log":{"level":"INFO","message":"INFO i.a.w.i.DefaultAirbyteStreamFactory(internalLog):159 INFO i.a.i.s.p.PostgresSource(logPreSyncDebugData):223 Index name: test_1_money_pkey, Column: id, Unique: true"}}
{"type":"LOG","log":{"level":"INFO","message":"INFO i.a.w.i.DefaultAirbyteStreamFactory(internalLog):159 INFO i.a.i.s.p.PostgresSource(logPreSyncDebugData):221 Discovering indexes for schema \"test\", table \"test_2_bigint\""}}
{"type":"LOG","log":{"level":"INFO","message":"INFO i.a.w.i.DefaultAirbyteStreamFactory(internalLog):159 INFO i.a.i.s.p.PostgresSource(logPreSyncDebugData):223 Index name: test_2_bigint_pkey, Column: id, Unique: true"}}
{"type":"LOG","log":{"level":"INFO","message":"INFO i.a.w.i.DefaultAirbyteStreamFactory(internalLog):159 INFO i.a.i.s.p.PostgresSource(logPreSyncDebugData):221 Discovering indexes for schema \"test\", table \"test_2_bigserial\""}}
{"type":"LOG","log":{"level":"INFO","message":"INFO i.a.w.i.DefaultAirbyteStreamFactory(internalLog):159 INFO i.a.i.s.p.PostgresSource(logPreSyncDebugData):223 Index name: test_2_bigserial_pkey, Column: id, Unique: true"}}
{"type":"LOG","log":{"level":"INFO","message":"INFO i.a.w.i.DefaultAirbyteStreamFactory(internalLog):159 INFO i.a.i.s.p.PostgresSource(logPreSyncDebugData):221 Discovering indexes for schema \"test\", table \"test_3_bit\""}}
{"type":"LOG","log":{"level":"INFO","message":"INFO i.a.w.i.DefaultAirbyteStreamFactory(internalLog):159 INFO i.a.i.s.p.PostgresSource(logPreSyncDebugData):223 Index name: test_3_bit_pkey, Column: id, Unique: true"}}
{"type":"LOG","log":{"level":"INFO","message":"INFO i.a.w.i.DefaultAirbyteStreamFactory(internalLog):159 INFO i.a.i.s.p.PostgresSource(logPreSyncDebugData):221 Discovering indexes for schema \"test\", table \"test_4_bit\""}}
{"type":"LOG","log":{"level":"INFO","message":"INFO i.a.w.i.DefaultAirbyteStreamFactory(internalLog):159 INFO i.a.i.s.p.PostgresSource(logPreSyncDebugData):223 Index name: test_4_bit_pkey, Column: id, Unique: true"}}
{"type":"LOG","log":{"level":"INFO","message":"INFO i.a.w.i.DefaultAirbyteStreamFactory(internalLog):159 INFO i.a.i.s.p.PostgresSource(logPreSyncDebugData):221 Discovering indexes for schema \"test\", table \"test_3_bit_varying\""}}
{"type":"LOG","log":{"level":"INFO","message":"INFO i.a.w.i.DefaultAirbyteStreamFactory(internalLog):159 INFO i.a.i.s.p.PostgresSource(logPreSyncDebugData):223 Index name: test_3_bit_varying_pkey, Column: id, Unique: true"}}
{"type":"LOG","log":{"level":"INFO","message":"INFO i.a.w.i.DefaultAirbyteStreamFactory(internalLog):159 INFO i.a.i.s.p.PostgresSource(logPreSyncDebugData):221 Discovering indexes for schema \"test\", table \"test_4_bit_varying\""}}
{"type":"LOG","log":{"level":"INFO","message":"INFO i.a.w.i.DefaultAirbyteStreamFactory(internalLog):159 INFO i.a.i.s.p.PostgresSource(logPreSyncDebugData):223 Index name: test_4_bit_varying_pkey, Column: id, Unique: true"}}
{"type":"LOG","log":{"level":"INFO","message":"INFO i.a.w.i.DefaultAirbyteStreamFactory(internalLog):159 INFO i.a.i.s.p.PostgresSource(logPreSyncDebugData):221 Discovering indexes for schema \"test\", table \"test_2_bool\""}}
{"type":"LOG","log":{"level":"INFO","message":"INFO i.a.w.i.DefaultAirbyteStreamFactory(internalLog):159 INFO i.a.i.s.p.PostgresSource(logPreSyncDebugData):223 Index name: test_2_bool_pkey, Column: id, Unique: true"}}
{"type":"LOG","log":{"level":"INFO","message":"INFO i.a.w.i.DefaultAirbyteStreamFactory(internalLog):159 INFO i.a.i.s.p.PostgresSource(logPreSyncDebugData):221 Discovering indexes for schema \"test\", table \"test_2_boolean\""}}
{"type":"LOG","log":{"level":"INFO","message":"INFO i.a.w.i.DefaultAirbyteStreamFactory(internalLog):159 INFO i.a.i.s.p.PostgresSource(logPreSyncDebugData):223 Index name: test_2_boolean_pkey, Column: id, Unique: true"}}
{"type":"LOG","log":{"level":"INFO","message":"INFO i.a.w.i.DefaultAirbyteStreamFactory(internalLog):159 INFO i.a.i.s.p.PostgresSource(logPreSyncDebugData):221 Discovering indexes for schema \"test\", table \"test_2_box\""}}
{"type":"LOG","log":{"level":"INFO","message":"INFO i.a.w.i.DefaultAirbyteStreamFactory(internalLog):159 INFO i.a.i.s.p.PostgresSource(logPreSyncDebugData):223 Index name: test_2_box_pkey, Column: id, Unique: true"}}
{"type":"LOG","log":{"level":"INFO","message":"INFO i.a.w.i.DefaultAirbyteStreamFactory(internalLog):159 INFO i.a.i.s.p.PostgresSource(logPreSyncDebugData):221 Discovering indexes for schema \"test\", table \"test_2_bytea\""}}
{"type":"LOG","log":{"level":"INFO","message":"INFO i.a.w.i.DefaultAirbyteStreamFactory(internalLog):159 INFO i.a.i.s.p.PostgresSource(logPreSyncDebugData):223 Index name: test_2_bytea_pkey, Column: id, Unique: true"}}
{"type":"LOG","log":{"level":"INFO","message":"INFO i.a.w.i.DefaultAirbyteStreamFactory(internalLog):159 INFO i.a.i.s.p.PostgresSource(logPreSyncDebugData):221 Discovering indexes for schema \"test\", table \"test_3_char\""}}
{"type":"LOG","log":{"level":"INFO","message":"INFO i.a.w.i.DefaultAirbyteStreamFactory(internalLog):159 INFO i.a.i.s.p.PostgresSource(logPreSyncDebugData):223 Index name: test_3_char_pkey, Column: id, Unique: true"}}
{"type":"LOG","log":{"level":"INFO","message":"INFO i.a.w.i.DefaultAirbyteStreamFactory(internalLog):159 INFO i.a.i.s.p.PostgresSource(logPreSyncDebugData):221 Discovering indexes for schema \"test\", table \"test_4_char\""}}
{"type":"LOG","log":{"level":"INFO","message":"INFO i.a.w.i.DefaultAirbyteStreamFactory(internalLog):159 INFO i.a.i.s.p.PostgresSource(logPreSyncDebugData):223 Index name: test_4_char_pkey, Column: id, Unique: true"}}
{"type":"LOG","log":{"level":"INFO","message":"INFO i.a.w.i.DefaultAirbyteStreamFactory(internalLog):159 INFO i.a.i.s.p.PostgresSource(logPreSyncDebugData):221 Discovering indexes for schema \"test\", table \"test_3_character\""}}
{"type":"LOG","log":{"level":"INFO","message":"INFO i.a.w.i.DefaultAirbyteStreamFactory(internalLog):159 INFO i.a.i.s.p.PostgresSource(logPreSyncDebugData):223 Index name: test_3_character_pkey, Column: id, Unique: true"}}
{"type":"LOG","log":{"level":"INFO","message":"INFO i.a.w.i.DefaultAirbyteStreamFactory(internalLog):159 INFO i.a.i.s.p.PostgresSource(logPreSyncDebugData):221 Discovering indexes for schema \"test\", table \"test_4_character\""}}
{"type":"LOG","log":{"level":"INFO","message":"INFO i.a.w.i.DefaultAirbyteStreamFactory(internalLog):159 INFO i.a.i.s.p.PostgresSource(logPreSyncDebugData):223 Index name: test_4_character_pkey, Column: id, Unique: true"}}
{"type":"LOG","log":{"level":"INFO","message":"INFO i.a.w.i.DefaultAirbyteStreamFactory(internalLog):159 INFO i.a.i.s.p.PostgresSource(logPreSyncDebugData):221 Discovering indexes for schema \"test\", table \"test_2_text\""}}
{"type":"LOG","log":{"level":"INFO","message":"INFO i.a.w.i.DefaultAirbyteStreamFactory(internalLog):159 INFO i.a.i.s.p.PostgresSource(logPreSyncDebugData):223 Index name: test_2_text_pkey, Column: id, Unique: true"}}
{"type":"LOG","log":{"level":"INFO","message":"INFO i.a.w.i.DefaultAirbyteStreamFactory(internalLog):159 INFO i.a.i.s.p.PostgresSource(logPreSyncDebugData):221 Discovering indexes for schema \"test\", table \"test_3_varchar\""}}
{"type":"LOG","log":{"level":"INFO","message":"INFO i.a.w.i.DefaultAirbyteStreamFactory(internalLog):159 INFO i.a.i.s.p.PostgresSource(logPreSyncDebugData):223 Index name: test_3_varchar_pkey, Column: id, Unique: true"}}
{"type":"LOG","log":{"level":"INFO","message":"INFO i.a.w.i.DefaultAirbyteStreamFactory(internalLog):159 INFO i.a.i.s.p.PostgresSource(logPreSyncDebugData):221 Discovering indexes for schema \"test\", table \"test_4_varchar\""}}
{"type":"LOG","log":{"level":"INFO","message":"INFO i.a.w.i.DefaultAirbyteStreamFactory(internalLog):159 INFO i.a.i.s.p.PostgresSource(logPreSyncDebugData):223 Index name: test_4_varchar_pkey, Column: id, Unique: true"}}
{"type":"LOG","log":{"level":"INFO","message":"INFO i.a.w.i.DefaultAirbyteStreamFactory(internalLog):159 INFO i.a.i.s.p.PostgresSource(logPreSyncDebugData):221 Discovering indexes for schema \"test\", table \"test_2_cidr\""}}
{"type":"LOG","log":{"level":"INFO","message":"INFO i.a.w.i.DefaultAirbyteStreamFactory(internalLog):159 INFO i.a.i.s.p.PostgresSource(logPreSyncDebugData):223 Index name: test_2_cidr_pkey, Column: id, Unique: true"}}
{"type":"LOG","log":{"level":"INFO","message":"INFO i.a.w.i.DefaultAirbyteStreamFactory(internalLog):159 INFO i.a.i.s.p.PostgresSource(logPreSyncDebugData):221 Discovering indexes for schema \"test\", table \"test_2_circle\""}}
{"type":"LOG","log":{"level":"INFO","message":"INFO i.a.w.i.DefaultAirbyteStreamFactory(internalLog):159 INFO i.a.i.s.p.PostgresSource(logPreSyncDebugData):223 Index name: test_2_circle_pkey, Column: id, Unique: true"}}
{"type":"LOG","log":{"level":"INFO","message":"INFO i.a.w.i.DefaultAirbyteStreamFactory(internalLog):159 INFO i.a.i.s.p.PostgresSource(logPreSyncDebugData):221 Discovering indexes for schema \"test\", table \"test_4_date\""}}
{"type":"LOG","log":{"level":"INFO","message":"INFO i.a.w.i.DefaultAirbyteStreamFactory(internalLog):159 INFO i.a.i.s.p.PostgresSource(logPreSyncDebugData):223 Index name: test_4_date_pkey, Column: id, Unique: true"}}
{"type":"LOG","log":{"level":"INFO","message":"INFO i.a.w.i.DefaultAirbyteStreamFactory(internalLog):159 INFO i.a.i.s.p.PostgresSource(logPreSyncDebugData):221 Discovering indexes for schema \"test\", table \"test_5_date\""}}
{"type":"LOG","log":{"level":"INFO","message":"INFO i.a.w.i.DefaultAirbyteStreamFactory(internalLog):159 INFO i.a.i.s.p.PostgresSource(logPreSyncDebugData):223 Index name: test_5_date_pkey, Column: id, Unique: true"}}
{"type":"LOG","log":{"level":"INFO","message":"INFO i.a.w.i.DefaultAirbyteStreamFactory(internalLog):159 INFO i.a.i.s.p.PostgresSource(logPreSyncDebugData):221 Discovering indexes for schema \"test\", table \"test_6_date\""}}
{"type":"LOG","log":{"level":"INFO","message":"INFO i.a.w.i.DefaultAirbyteStreamFactory(internalLog):159 INFO i.a.i.s.p.PostgresSource(logPreSyncDebugData):223 Index name: test_6_date_pkey, Column: id, Unique: true"}}
{"type":"LOG","log":{"level":"INFO","message":"INFO i.a.w.i.DefaultAirbyteStreamFactory(internalLog):159 INFO i.a.i.s.p.PostgresSource(logPreSyncDebugData):221 Discovering indexes for schema \"test\", table \"test_2_float\""}}
{"type":"LOG","log":{"level":"INFO","message":"INFO i.a.w.i.DefaultAirbyteStreamFactory(internalLog):159 INFO i.a.i.s.p.PostgresSource(logPreSyncDebugData):223 Index name: test_2_float_pkey, Column: id, Unique: true"}}
{"type":"LOG","log":{"level":"INFO","message":"INFO i.a.w.i.DefaultAirbyteStreamFactory(internalLog):159 INFO i.a.i.s.p.PostgresSource(logPreSyncDebugData):221 Discovering indexes for schema \"test\", table \"test_2_double_precision\""}}
{"type":"LOG","log":{"level":"INFO","message":"INFO i.a.w.i.DefaultAirbyteStreamFactory(internalLog):159 INFO i.a.i.s.p.PostgresSource(logPreSyncDebugData):223 Index name: test_2_double_precision_pkey, Column: id, Unique: true"}}
{"type":"LOG","log":{"level":"INFO","message":"INFO i.a.w.i.DefaultAirbyteStreamFactory(internalLog):159 INFO i.a.i.s.p.PostgresSource(logPreSyncDebugData):221 Discovering indexes for schema \"test\", table \"test_2_float8\""}}
{"type":"LOG","log":{"level":"INFO","message":"INFO i.a.w.i.DefaultAirbyteStreamFactory(internalLog):159 INFO i.a.i.s.p.PostgresSource(logPreSyncDebugData):223 Index name: test_2_float8_pkey, Column: id, Unique: true"}}
{"type":"LOG","log":{"level":"INFO","message":"INFO i.a.w.i.DefaultAirbyteStreamFactory(internalLog):159 INFO i.a.i.s.p.PostgresSource(logPreSyncDebugData):221 Discovering indexes for schema \"test\", table \"test_2_inet\""}}
{"type":"LOG","log":{"level":"INFO","message":"INFO i.a.w.i.DefaultAirbyteStreamFactory(internalLog):159 INFO i.a.i.s.p.PostgresSource(logPreSyncDebugData):223 Index name: test_2_inet_pkey, Column: id, Unique: true"}}
{"type":"LOG","log":{"level":"INFO","message":"INFO i.a.w.i.DefaultAirbyteStreamFactory(internalLog):159 INFO i.a.i.s.p.PostgresSource(logPreSyncDebugData):221 Discovering indexes for schema \"test\", table \"test_2_int4\""}}
{"type":"LOG","log":{"level":"INFO","message":"INFO i.a.w.i.DefaultAirbyteStreamFactory(internalLog):159 INFO i.a.i.s.p.PostgresSource(logPreSyncDebugData):223 Index name: test_2_int4_pkey, Column: id, Unique: true"}}
{"type":"LOG","log":{"level":"INFO","message":"INFO i.a.w.i.DefaultAirbyteStreamFactory(internalLog):159 INFO i.a.i.s.p.PostgresSource(logPreSyncDebugData):221 Discovering indexes for schema \"test\", table \"test_2_int\""}}
{"type":"LOG","log":{"level":"INFO","message":"INFO i.a.w.i.DefaultAirbyteStreamFactory(internalLog):159 INFO i.a.i.s.p.PostgresSource(logPreSyncDebugData):223 Index name: test_2_int_pkey, Column: id, Unique: true"}}
{"type":"LOG","log":{"level":"INFO","message":"INFO i.a.w.i.DefaultAirbyteStreamFactory(internalLog):159 INFO i.a.i.s.p.PostgresSource(logPreSyncDebugData):221 Discovering indexes for schema \"test\", table \"test_2_integer\""}}
{"type":"LOG","log":{"level":"INFO","message":"INFO i.a.w.i.DefaultAirbyteStreamFactory(internalLog):159 INFO i.a.i.s.p.PostgresSource(logPreSyncDebugData):223 Index name: test_2_integer_pkey, Column: id, Unique: true"}}
{"type":"LOG","log":{"level":"INFO","message":"INFO i.a.w.i.DefaultAirbyteStreamFactory(internalLog):159 INFO i.a.i.s.p.PostgresSource(logPreSyncDebugData):221 Discovering indexes for schema \"test\", table \"test_2_interval\""}}
{"type":"LOG","log":{"level":"INFO","message":"INFO i.a.w.i.DefaultAirbyteStreamFactory(internalLog):159 INFO i.a.i.s.p.PostgresSource(logPreSyncDebugData):223 Index name: test_2_interval_pkey, Column: id, Unique: true"}}
{"type":"LOG","log":{"level":"INFO","message":"INFO i.a.w.i.DefaultAirbyteStreamFactory(internalLog):159 INFO i.a.i.s.p.PostgresSource(logPreSyncDebugData):221 Discovering indexes for schema \"test\", table \"test_2_json\""}}
{"type":"LOG","log":{"level":"INFO","message":"INFO i.a.w.i.DefaultAirbyteStreamFactory(internalLog):159 INFO i.a.i.s.p.PostgresSource(logPreSyncDebugData):223 Index name: test_2_json_pkey, Column: id, Unique: true"}}
{"type":"LOG","log":{"level":"INFO","message":"INFO i.a.w.i.DefaultAirbyteStreamFactory(internalLog):159 INFO i.a.i.s.p.PostgresSource(logPreSyncDebugData):221 Discovering indexes for schema \"test\", table \"test_2_jsonb\""}}
{"type":"LOG","log":{"level":"INFO","message":"INFO i.a.w.i.DefaultAirbyteStreamFactory(internalLog):159 INFO i.a.i.s.p.PostgresSource(logPreSyncDebugData):223 Index name: test_2_jsonb_pkey, Column: id, Unique: true"}}
{"type":"LOG","log":{"level":"INFO","message":"INFO i.a.w.i.DefaultAirbyteStreamFactory(internalLog):159 INFO i.a.i.s.p.PostgresSource(logPreSyncDebugData):221 Discovering indexes for schema \"test\", table \"test_2_line\""}}
{"type":"LOG","log":{"level":"INFO","message":"INFO i.a.w.i.DefaultAirbyteStreamFactory(internalLog):159 INFO i.a.i.s.p.PostgresSource(logPreSyncDebugData):223 Index name: test_2_line_pkey, Column: id, Unique: true"}}
{"type":"LOG","log":{"level":"INFO","message":"INFO i.a.w.i.DefaultAirbyteStreamFactory(internalLog):159 INFO i.a.i.s.p.PostgresSource(logPreSyncDebugData):221 Discovering indexes for schema \"test\", table \"test_2_lseg\""}}
{"type":"LOG","log":{"level":"INFO","message":"INFO i.a.w.i.DefaultAirbyteStreamFactory(internalLog):159 INFO i.a.i.s.p.PostgresSource(logPreSyncDebugData):223 Index name: test_2_lseg_pkey, Column: id, Unique: true"}}
{"type":"LOG","log":{"level":"INFO","message":"INFO i.a.w.i.DefaultAirbyteStreamFactory(internalLog):159 INFO i.a.i.s.p.PostgresSource(logPreSyncDebugData):221 Discovering indexes for schema \"test\", table \"test_2_macaddr\""}}
{"type":"LOG","log":{"level":"INFO","message":"INFO i.a.w.i.DefaultAirbyteStreamFactory(internalLog):159 INFO i.a.i.s.p.PostgresSource(logPreSyncDebugData):223 Index name: test_2_macaddr_pkey, Column: id, Unique: true"}}
{"type":"LOG","log":{"level":"INFO","message":"INFO i.a.w.i.DefaultAirbyteStreamFactory(internalLog):159 INFO i.a.i.s.p.PostgresSource(logPreSyncDebugData):221 Discovering indexes for schema \"test\", table \"test_2_macaddr8\""}}
{"type":"LOG","log":{"level":"INFO","message":"INFO i.a.w.i.DefaultAirbyteStreamFactory(internalLog):159 INFO i.a.i.s.p.PostgresSource(logPreSyncDebugData):223 Index name: test_2_macaddr8_pkey, Column: id, Unique: true"}}
{"type":"LOG","log":{"level":"INFO","message":"INFO i.a.w.i.DefaultAirbyteStreamFactory(internalLog):159 INFO i.a.i.s.p.PostgresSource(logPreSyncDebugData):221 Discovering indexes for schema \"test\", table \"test_6_numeric\""}}
{"type":"LOG","log":{"level":"INFO","message":"INFO i.a.w.i.DefaultAirbyteStreamFactory(internalLog):159 INFO i.a.i.s.p.PostgresSource(logPreSyncDebugData):223 Index name: test_6_numeric_pkey, Column: id, Unique: true"}}
{"type":"LOG","log":{"level":"INFO","message":"INFO i.a.w.i.DefaultAirbyteStreamFactory(internalLog):159 INFO i.a.i.s.p.PostgresSource(logPreSyncDebugData):221 Discovering indexes for schema \"test\", table \"test_7_numeric\""}}
{"type":"LOG","log":{"level":"INFO","message":"INFO i.a.w.i.DefaultAirbyteStreamFactory(internalLog):159 INFO i.a.i.s.p.PostgresSource(logPreSyncDebugData):223 Index name: test_7_numeric_pkey, Column: id, Unique: true"}}
{"type":"LOG","log":{"level":"INFO","message":"INFO i.a.w.i.DefaultAirbyteStreamFactory(internalLog):159 INFO i.a.i.s.p.PostgresSource(logPreSyncDebugData):221 Discovering indexes for schema \"test\", table \"test_8_numeric\""}}
{"type":"LOG","log":{"level":"INFO","message":"INFO i.a.w.i.DefaultAirbyteStreamFactory(internalLog):159 INFO i.a.i.s.p.PostgresSource(logPreSyncDebugData):223 Index name: test_8_numeric_pkey, Column: id, Unique: true"}}
{"type":"LOG","log":{"level":"INFO","message":"INFO i.a.w.i.DefaultAirbyteStreamFactory(internalLog):159 INFO i.a.i.s.p.PostgresSource(logPreSyncDebugData):221 Discovering indexes for schema \"test\", table \"test_9_numeric\""}}
{"type":"LOG","log":{"level":"INFO","message":"INFO i.a.w.i.DefaultAirbyteStreamFactory(internalLog):159 INFO i.a.i.s.p.PostgresSource(logPreSyncDebugData):223 Index name: test_9_numeric_pkey, Column: id, Unique: true"}}
{"type":"LOG","log":{"level":"INFO","message":"INFO i.a.w.i.DefaultAirbyteStreamFactory(internalLog):159 INFO i.a.i.s.p.PostgresSource(logPreSyncDebugData):221 Discovering indexes for schema \"test\", table \"test_2_decimal\""}}
{"type":"LOG","log":{"level":"INFO","message":"INFO i.a.w.i.DefaultAirbyteStreamFactory(internalLog):159 INFO i.a.i.s.p.PostgresSource(logPreSyncDebugData):223 Index name: test_2_decimal_pkey, Column: id, Unique: true"}}
{"type":"LOG","log":{"level":"INFO","message":"INFO i.a.w.i.DefaultAirbyteStreamFactory(internalLog):159 INFO i.a.i.s.p.PostgresSource(logPreSyncDebugData):221 Discovering indexes for schema \"test\", table \"test_10_numeric\""}}
{"type":"LOG","log":{"level":"INFO","message":"INFO i.a.w.i.DefaultAirbyteStreamFactory(internalLog):159 INFO i.a.i.s.p.PostgresSource(logPreSyncDebugData):223 Index name: test_10_numeric_pkey, Column: id, Unique: true"}}
{"type":"LOG","log":{"level":"INFO","message":"INFO i.a.w.i.DefaultAirbyteStreamFactory(internalLog):159 INFO i.a.i.s.p.PostgresSource(logPreSyncDebugData):221 Discovering indexes for schema \"test\", table \"test_2_path\""}}
{"type":"LOG","log":{"level":"INFO","message":"INFO i.a.w.i.DefaultAirbyteStreamFactory(internalLog):159 INFO i.a.i.s.p.PostgresSource(logPreSyncDebugData):223 Index name: test_2_path_pkey, Column: id, Unique: true"}}
{"type":"LOG","log":{"level":"INFO","message":"INFO i.a.w.i.DefaultAirbyteStreamFactory(internalLog):159 INFO i.a.i.s.p.PostgresSource(logPreSyncDebugData):221 Discovering indexes for schema \"test\", table \"test_2_pg_lsn\""}}
{"type":"LOG","log":{"level":"INFO","message":"INFO i.a.w.i.DefaultAirbyteStreamFactory(internalLog):159 INFO i.a.i.s.p.PostgresSource(logPreSyncDebugData):223 Index name: test_2_pg_lsn_pkey, Column: id, Unique: true"}}
{"type":"LOG","log":{"level":"INFO","message":"INFO i.a.w.i.DefaultAirbyteStreamFactory(internalLog):159 INFO i.a.i.s.p.PostgresSource(logPreSyncDebugData):221 Discovering indexes for schema \"test\", table \"test_2_point\""}}
{"type":"LOG","log":{"level":"INFO","message":"INFO i.a.w.i.DefaultAirbyteStreamFactory(internalLog):159 INFO i.a.i.s.p.PostgresSource(logPreSyncDebugData):223 Index name: test_2_point_pkey, Column: id, Unique: true"}}
{"type":"LOG","log":{"level":"INFO","message":"INFO i.a.w.i.DefaultAirbyteStreamFactory(internalLog):159 INFO i.a.i.s.p.PostgresSource(logPreSyncDebugData):221 Discovering indexes for schema \"test\", table \"test_2_polygon\""}}
{"type":"LOG","log":{"level":"INFO","message":"INFO i.a.w.i.DefaultAirbyteStreamFactory(internalLog):159 INFO i.a.i.s.p.PostgresSource(logPreSyncDebugData):223 Index name: test_2_polygon_pkey, Column: id, Unique: true"}}
{"type":"LOG","log":{"level":"INFO","message":"INFO i.a.w.i.DefaultAirbyteStreamFactory(internalLog):159 INFO i.a.i.s.p.PostgresSource(logPreSyncDebugData):221 Discovering indexes for schema \"test\", table \"test_2_float4\""}}
{"type":"LOG","log":{"level":"INFO","message":"INFO i.a.w.i.DefaultAirbyteStreamFactory(internalLog):159 INFO i.a.i.s.p.PostgresSource(logPreSyncDebugData):223 Index name: test_2_float4_pkey, Column: id, Unique: true"}}
{"type":"LOG","log":{"level":"INFO","message":"INFO i.a.w.i.DefaultAirbyteStreamFactory(internalLog):159 INFO i.a.i.s.p.PostgresSource(logPreSyncDebugData):221 Discovering indexes for schema \"test\", table \"test_2_real\""}}
{"type":"LOG","log":{"level":"INFO","message":"INFO i.a.w.i.DefaultAirbyteStreamFactory(internalLog):159 INFO i.a.i.s.p.PostgresSource(logPreSyncDebugData):223 Index name: test_2_real_pkey, Column: id, Unique: true"}}
{"type":"LOG","log":{"level":"INFO","message":"INFO i.a.w.i.DefaultAirbyteStreamFactory(internalLog):159 INFO i.a.i.s.p.PostgresSource(logPreSyncDebugData):221 Discovering indexes for schema \"test\", table \"test_2_int2\""}}
{"type":"LOG","log":{"level":"INFO","message":"INFO i.a.w.i.DefaultAirbyteStreamFactory(internalLog):159 INFO i.a.i.s.p.PostgresSource(logPreSyncDebugData):223 Index name: test_2_int2_pkey, Column: id, Unique: true"}}
{"type":"LOG","log":{"level":"INFO","message":"INFO i.a.w.i.DefaultAirbyteStreamFactory(internalLog):159 INFO i.a.i.s.p.PostgresSource(logPreSyncDebugData):221 Discovering indexes for schema \"test\", table \"test_2_smallint\""}}
{"type":"LOG","log":{"level":"INFO","message":"INFO i.a.w.i.DefaultAirbyteStreamFactory(internalLog):159 INFO i.a.i.s.p.PostgresSource(logPreSyncDebugData):223 Index name: test_2_smallint_pkey, Column: id, Unique: true"}}
{"type":"LOG","log":{"level":"INFO","message":"INFO i.a.w.i.DefaultAirbyteStreamFactory(internalLog):159 INFO i.a.i.s.p.PostgresSource(logPreSyncDebugData):221 Discovering indexes for schema \"test\", table \"test_2_serial2\""}}
{"type":"LOG","log":{"level":"INFO","message":"INFO i.a.w.i.DefaultAirbyteStreamFactory(internalLog):159 INFO i.a.i.s.p.PostgresSource(logPreSyncDebugData):223 Index name: test_2_serial2_pkey, Column: id, Unique: true"}}
{"type":"LOG","log":{"level":"INFO","message":"INFO i.a.w.i.DefaultAirbyteStreamFactory(internalLog):159 INFO i.a.i.s.p.PostgresSource(logPreSyncDebugData):221 Discovering indexes for schema \"test\", table \"test_2_smallserial\""}}
{"type":"LOG","log":{"level":"INFO","message":"INFO i.a.w.i.DefaultAirbyteStreamFactory(internalLog):159 INFO i.a.i.s.p.PostgresSource(logPreSyncDebugData):223 Index name: test_2_smallserial_pkey, Column: id, Unique: true"}}
{"type":"LOG","log":{"level":"INFO","message":"INFO i.a.w.i.DefaultAirbyteStreamFactory(internalLog):159 INFO i.a.i.s.p.PostgresSource(logPreSyncDebugData):221 Discovering indexes for schema \"test\", table \"test_2_serial4\""}}
{"type":"LOG","log":{"level":"INFO","message":"INFO i.a.w.i.DefaultAirbyteStreamFactory(internalLog):159 INFO i.a.i.s.p.PostgresSource(logPreSyncDebugData):223 Index name: test_2_serial4_pkey, Column: id, Unique: true"}}
{"type":"LOG","log":{"level":"INFO","message":"INFO i.a.w.i.DefaultAirbyteStreamFactory(internalLog):159 INFO i.a.i.s.p.PostgresSource(logPreSyncDebugData):221 Discovering indexes for schema \"test\", table \"test_2_serial\""}}
{"type":"LOG","log":{"level":"INFO","message":"INFO i.a.w.i.DefaultAirbyteStreamFactory(internalLog):159 INFO i.a.i.s.p.PostgresSource(logPreSyncDebugData):223 Index name: test_2_serial_pkey, Column: id, Unique: true"}}
{"type":"LOG","log":{"level":"INFO","message":"INFO i.a.w.i.DefaultAirbyteStreamFactory(internalLog):159 INFO i.a.i.s.p.PostgresSource(logPreSyncDebugData):221 Discovering indexes for schema \"test\", table \"test_6_time\""}}
{"type":"LOG","log":{"level":"INFO","message":"INFO i.a.w.i.DefaultAirbyteStreamFactory(internalLog):159 INFO i.a.i.s.p.PostgresSource(logPreSyncDebugData):223 Index name: test_6_time_pkey, Column: id, Unique: true"}}
{"type":"LOG","log":{"level":"INFO","message":"INFO i.a.w.i.DefaultAirbyteStreamFactory(internalLog):159 INFO i.a.i.s.p.PostgresSource(logPreSyncDebugData):221 Discovering indexes for schema \"test\", table \"test_7_time\""}}
{"type":"LOG","log":{"level":"INFO","message":"INFO i.a.w.i.DefaultAirbyteStreamFactory(internalLog):159 INFO i.a.i.s.p.PostgresSource(logPreSyncDebugData):223 Index name: test_7_time_pkey, Column: id, Unique: true"}}
{"type":"LOG","log":{"level":"INFO","message":"INFO i.a.w.i.DefaultAirbyteStreamFactory(internalLog):159 INFO i.a.i.s.p.PostgresSource(logPreSyncDebugData):221 Discovering indexes for schema \"test\", table \"test_8_time\""}}
{"type":"LOG","log":{"level":"INFO","message":"INFO i.a.w.i.DefaultAirbyteStreamFactory(internalLog):159 INFO i.a.i.s.p.PostgresSource(logPreSyncDebugData):223 Index name: test_8_time_pkey, Column: id, Unique: true"}}
{"type":"LOG","log":{"level":"INFO","message":"INFO i.a.w.i.DefaultAirbyteStreamFactory(internalLog):159 INFO i.a.i.s.p.PostgresSource(logPreSyncDebugData):221 Discovering indexes for schema \"test\", table \"test_9_time\""}}
{"type":"LOG","log":{"level":"INFO","message":"INFO i.a.w.i.DefaultAirbyteStreamFactory(internalLog):159 INFO i.a.i.s.p.PostgresSource(logPreSyncDebugData):223 Index name: test_9_time_pkey, Column: id, Unique: true"}}
{"type":"LOG","log":{"level":"INFO","message":"INFO i.a.w.i.DefaultAirbyteStreamFactory(internalLog):159 INFO i.a.i.s.p.PostgresSource(logPreSyncDebugData):221 Discovering indexes for schema \"test\", table \"test_10_time\""}}
{"type":"LOG","log":{"level":"INFO","message":"INFO i.a.w.i.DefaultAirbyteStreamFactory(internalLog):159 INFO i.a.i.s.p.PostgresSource(logPreSyncDebugData):223 Index name: test_10_time_pkey, Column: id, Unique: true"}}
{"type":"LOG","log":{"level":"INFO","message":"INFO i.a.w.i.DefaultAirbyteStreamFactory(internalLog):159 INFO i.a.i.s.p.PostgresSource(logPreSyncDebugData):221 Discovering indexes for schema \"test\", table \"test_9_timestamp\""}}
{"type":"LOG","log":{"level":"INFO","message":"INFO i.a.w.i.DefaultAirbyteStreamFactory(internalLog):159 INFO i.a.i.s.p.PostgresSource(logPreSyncDebugData):223 Index name: test_9_timestamp_pkey, Column: id, Unique: true"}}
{"type":"LOG","log":{"level":"INFO","message":"INFO i.a.w.i.DefaultAirbyteStreamFactory(internalLog):159 INFO i.a.i.s.p.PostgresSource(logPreSyncDebugData):221 Discovering indexes for schema \"test\", table \"test_10_timestamp\""}}
{"type":"LOG","log":{"level":"INFO","message":"INFO i.a.w.i.DefaultAirbyteStreamFactory(internalLog):159 INFO i.a.i.s.p.PostgresSource(logPreSyncDebugData):223 Index name: test_10_timestamp_pkey, Column: id, Unique: true"}}
{"type":"LOG","log":{"level":"INFO","message":"INFO i.a.w.i.DefaultAirbyteStreamFactory(internalLog):159 INFO i.a.i.s.p.PostgresSource(logPreSyncDebugData):221 Discovering indexes for schema \"test\", table \"test_11_timestamp\""}}
{"type":"LOG","log":{"level":"INFO","message":"INFO i.a.w.i.DefaultAirbyteStreamFactory(internalLog):159 INFO i.a.i.s.p.PostgresSource(logPreSyncDebugData):223 Index name: test_11_timestamp_pkey, Column: id, Unique: true"}}
{"type":"LOG","log":{"level":"INFO","message":"INFO i.a.w.i.DefaultAirbyteStreamFactory(internalLog):159 INFO i.a.i.s.p.PostgresSource(logPreSyncDebugData):221 Discovering indexes for schema \"test\", table \"test_12_timestamp\""}}
{"type":"LOG","log":{"level":"INFO","message":"INFO i.a.w.i.DefaultAirbyteStreamFactory(internalLog):159 INFO i.a.i.s.p.PostgresSource(logPreSyncDebugData):223 Index name: test_12_timestamp_pkey, Column: id, Unique: true"}}
{"type":"LOG","log":{"level":"INFO","message":"INFO i.a.w.i.DefaultAirbyteStreamFactory(internalLog):159 INFO i.a.i.s.p.PostgresSource(logPreSyncDebugData):221 Discovering indexes for schema \"test\", table \"test_13_timestamp\""}}
{"type":"LOG","log":{"level":"INFO","message":"INFO i.a.w.i.DefaultAirbyteStreamFactory(internalLog):159 INFO i.a.i.s.p.PostgresSource(logPreSyncDebugData):223 Index name: test_13_timestamp_pkey, Column: id, Unique: true"}}
{"type":"LOG","log":{"level":"INFO","message":"INFO i.a.w.i.DefaultAirbyteStreamFactory(internalLog):159 INFO i.a.i.s.p.PostgresSource(logPreSyncDebugData):221 Discovering indexes for schema \"test\", table \"test_14_timestamp\""}}
{"type":"LOG","log":{"level":"INFO","message":"INFO i.a.w.i.DefaultAirbyteStreamFactory(internalLog):159 INFO i.a.i.s.p.PostgresSource(logPreSyncDebugData):223 Index name: test_14_timestamp_pkey, Column: id, Unique: true"}}
{"type":"LOG","log":{"level":"INFO","message":"INFO i.a.w.i.DefaultAirbyteStreamFactory(internalLog):159 INFO i.a.i.s.p.PostgresSource(logPreSyncDebugData):221 Discovering indexes for schema \"test\", table \"test_15_timestamp\""}}
{"type":"LOG","log":{"level":"INFO","message":"INFO i.a.w.i.DefaultAirbyteStreamFactory(internalLog):159 INFO i.a.i.s.p.PostgresSource(logPreSyncDebugData):223 Index name: test_15_timestamp_pkey, Column: id, Unique: true"}}
{"type":"LOG","log":{"level":"INFO","message":"INFO i.a.w.i.DefaultAirbyteStreamFactory(internalLog):159 INFO i.a.i.s.p.PostgresSource(logPreSyncDebugData):221 Discovering indexes for schema \"test\", table \"test_16_timestamp\""}}
{"type":"LOG","log":{"level":"INFO","message":"INFO i.a.w.i.DefaultAirbyteStreamFactory(internalLog):159 INFO i.a.i.s.p.PostgresSource(logPreSyncDebugData):223 Index name: test_16_timestamp_pkey, Column: id, Unique: true"}}
{"type":"LOG","log":{"level":"INFO","message":"INFO i.a.w.i.DefaultAirbyteStreamFactory(internalLog):159 INFO i.a.i.s.p.PostgresSource(logPreSyncDebugData):221 Discovering indexes for schema \"test\", table \"test_3_timestamptz\""}}
{"type":"LOG","log":{"level":"INFO","message":"INFO i.a.w.i.DefaultAirbyteStreamFactory(internalLog):159 INFO i.a.i.s.p.PostgresSource(logPreSyncDebugData):223 Index name: test_3_timestamptz_pkey, Column: id, Unique: true"}}
{"type":"LOG","log":{"level":"INFO","message":"INFO i.a.w.i.DefaultAirbyteStreamFactory(internalLog):159 INFO i.a.i.s.p.PostgresSource(logPreSyncDebugData):221 Discovering indexes for schema \"test\", table \"test_4_timestamptz\""}}
{"type":"LOG","log":{"level":"INFO","message":"INFO i.a.w.i.DefaultAirbyteStreamFactory(internalLog):159 INFO i.a.i.s.p.PostgresSource(logPreSyncDebugData):223 Index name: test_4_timestamptz_pkey, Column: id, Unique: true"}}
{"type":"LOG","log":{"level":"INFO","message":"INFO i.a.w.i.DefaultAirbyteStreamFactory(internalLog):159 INFO i.a.i.s.p.PostgresSource(logPreSyncDebugData):221 Discovering indexes for schema \"test\", table \"test_2_tsquery\""}}
{"type":"LOG","log":{"level":"INFO","message":"INFO i.a.w.i.DefaultAirbyteStreamFactory(internalLog):159 INFO i.a.i.s.p.PostgresSource(logPreSyncDebugData):223 Index name: test_2_tsquery_pkey, Column: id, Unique: true"}}
{"type":"LOG","log":{"level":"INFO","message":"INFO i.a.w.i.DefaultAirbyteStreamFactory(internalLog):159 INFO i.a.i.s.p.PostgresSource(logPreSyncDebugData):221 Discovering indexes for schema \"test\", table \"test_2_tsvector\""}}
{"type":"LOG","log":{"level":"INFO","message":"INFO i.a.w.i.DefaultAirbyteStreamFactory(internalLog):159 INFO i.a.i.s.p.PostgresSource(logPreSyncDebugData):223 Index name: test_2_tsvector_pkey, Column: id, Unique: true"}}
{"type":"LOG","log":{"level":"INFO","message":"INFO i.a.w.i.DefaultAirbyteStreamFactory(internalLog):159 INFO i.a.i.s.p.PostgresSource(logPreSyncDebugData):221 Discovering indexes for schema \"test\", table \"test_2_uuid\""}}
{"type":"LOG","log":{"level":"INFO","message":"INFO i.a.w.i.DefaultAirbyteStreamFactory(internalLog):159 INFO i.a.i.s.p.PostgresSource(logPreSyncDebugData):223 Index name: test_2_uuid_pkey, Column: id, Unique: true"}}
{"type":"LOG","log":{"level":"INFO","message":"INFO i.a.w.i.DefaultAirbyteStreamFactory(internalLog):159 INFO i.a.i.s.p.PostgresSource(logPreSyncDebugData):221 Discovering indexes for schema \"test\", table \"test_2_xml\""}}
{"type":"LOG","log":{"level":"INFO","message":"INFO i.a.w.i.DefaultAirbyteStreamFactory(internalLog):159 INFO i.a.i.s.p.PostgresSource(logPreSyncDebugData):223 Index name: test_2_xml_pkey, Column: id, Unique: true"}}
{"type":"LOG","log":{"level":"INFO","message":"INFO i.a.w.i.DefaultAirbyteStreamFactory(internalLog):159 INFO i.a.i.s.p.PostgresSource(logPreSyncDebugData):221 Discovering indexes for schema \"test\", table \"test_2_mood\""}}
{"type":"LOG","log":{"level":"INFO","message":"INFO i.a.w.i.DefaultAirbyteStreamFactory(internalLog):159 INFO i.a.i.s.p.PostgresSource(logPreSyncDebugData):223 Index name: test_2_mood_pkey, Column: id, Unique: true"}}
{"type":"LOG","log":{"level":"INFO","message":"INFO i.a.w.i.DefaultAirbyteStreamFactory(internalLog):159 INFO i.a.i.s.p.PostgresSource(logPreSyncDebugData):221 Discovering indexes for schema \"test\", table \"test_2_tsrange\""}}
{"type":"LOG","log":{"level":"INFO","message":"INFO i.a.w.i.DefaultAirbyteStreamFactory(internalLog):159 INFO i.a.i.s.p.PostgresSource(logPreSyncDebugData):223 Index name: test_2_tsrange_pkey, Column: id, Unique: true"}}
{"type":"LOG","log":{"level":"INFO","message":"INFO i.a.w.i.DefaultAirbyteStreamFactory(internalLog):159 INFO i.a.i.s.p.PostgresSource(logPreSyncDebugData):221 Discovering indexes for schema \"test\", table \"test_2_inventory_item\""}}
{"type":"LOG","log":{"level":"INFO","message":"INFO i.a.w.i.DefaultAirbyteStreamFactory(internalLog):159 INFO i.a.i.s.p.PostgresSource(logPreSyncDebugData):223 Index name: test_2_inventory_item_pkey, Column: id, Unique: true"}}
{"type":"LOG","log":{"level":"INFO","message":"INFO i.a.w.i.DefaultAirbyteStreamFactory(internalLog):159 INFO i.a.i.s.p.PostgresSource(logPreSyncDebugData):221 Discovering indexes for schema \"test\", table \"test_2_hstore\""}}
{"type":"LOG","log":{"level":"INFO","message":"INFO i.a.w.i.DefaultAirbyteStreamFactory(internalLog):159 INFO i.a.i.s.p.PostgresSource(logPreSyncDebugData):223 Index name: test_2_hstore_pkey, Column: id, Unique: true"}}
{"type":"LOG","log":{"level":"INFO","message":"INFO i.a.w.i.DefaultAirbyteStreamFactory(internalLog):159 INFO i.a.i.s.p.PostgresSource(logPreSyncDebugData):221 Discovering indexes for schema \"test\", table \"test_3_timetz\""}}
{"type":"LOG","log":{"level":"INFO","message":"INFO i.a.w.i.DefaultAirbyteStreamFactory(internalLog):159 INFO i.a.i.s.p.PostgresSource(logPreSyncDebugData):223 Index name: test_3_timetz_pkey, Column: id, Unique: true"}}
{"type":"LOG","log":{"level":"INFO","message":"INFO i.a.w.i.DefaultAirbyteStreamFactory(internalLog):159 INFO i.a.i.s.p.PostgresSource(logPreSyncDebugData):221 Discovering indexes for schema \"test\", table \"test_4_timetz\""}}
{"type":"LOG","log":{"level":"INFO","message":"INFO i.a.w.i.DefaultAirbyteStreamFactory(internalLog):159 INFO i.a.i.s.p.PostgresSource(logPreSyncDebugData):223 Index name: test_4_timetz_pkey, Column: id, Unique: true"}}
{"type":"LOG","log":{"level":"INFO","message":"INFO i.a.w.i.DefaultAirbyteStreamFactory(internalLog):159 INFO i.a.i.s.p.PostgresSource(logPreSyncDebugData):221 Discovering indexes for schema \"test\", table \"test_2_int2_array\""}}
{"type":"LOG","log":{"level":"INFO","message":"INFO i.a.w.i.DefaultAirbyteStreamFactory(internalLog):159 INFO i.a.i.s.p.PostgresSource(logPreSyncDebugData):223 Index name: test_2_int2_array_pkey, Column: id, Unique: true"}}
{"type":"LOG","log":{"level":"INFO","message":"INFO i.a.w.i.DefaultAirbyteStreamFactory(internalLog):159 INFO i.a.i.s.p.PostgresSource(logPreSyncDebugData):221 Discovering indexes for schema \"test\", table \"test_2_int4_array\""}}
{"type":"LOG","log":{"level":"INFO","message":"INFO i.a.w.i.DefaultAirbyteStreamFactory(internalLog):159 INFO i.a.i.s.p.PostgresSource(logPreSyncDebugData):223 Index name: test_2_int4_array_pkey, Column: id, Unique: true"}}
{"type":"LOG","log":{"level":"INFO","message":"INFO i.a.w.i.DefaultAirbyteStreamFactory(internalLog):159 INFO i.a.i.s.p.PostgresSource(logPreSyncDebugData):221 Discovering indexes for schema \"test\", table \"test_2_int8_array\""}}
{"type":"LOG","log":{"level":"INFO","message":"INFO i.a.w.i.DefaultAirbyteStreamFactory(internalLog):159 INFO i.a.i.s.p.PostgresSource(logPreSyncDebugData):223 Index name: test_2_int8_array_pkey, Column: id, Unique: true"}}
{"type":"LOG","log":{"level":"INFO","message":"INFO i.a.w.i.DefaultAirbyteStreamFactory(internalLog):159 INFO i.a.i.s.p.PostgresSource(logPreSyncDebugData):221 Discovering indexes for schema \"test\", table \"test_2_oid_array\""}}
{"type":"LOG","log":{"level":"INFO","message":"INFO i.a.w.i.DefaultAirbyteStreamFactory(internalLog):159 INFO i.a.i.s.p.PostgresSource(logPreSyncDebugData):223 Index name: test_2_oid_array_pkey, Column: id, Unique: true"}}
{"type":"LOG","log":{"level":"INFO","message":"INFO i.a.w.i.DefaultAirbyteStreamFactory(internalLog):159 INFO i.a.i.s.p.PostgresSource(logPreSyncDebugData):221 Discovering indexes for schema \"test\", table \"test_2_varchar_array\""}}
{"type":"LOG","log":{"level":"INFO","message":"INFO i.a.w.i.DefaultAirbyteStreamFactory(internalLog):159 INFO i.a.i.s.p.PostgresSource(logPreSyncDebugData):223 Index name: test_2_varchar_array_pkey, Column: id, Unique: true"}}
{"type":"LOG","log":{"level":"INFO","message":"INFO i.a.w.i.DefaultAirbyteStreamFactory(internalLog):159 INFO i.a.i.s.p.PostgresSource(logPreSyncDebugData):221 Discovering indexes for schema \"test\", table \"test_2_char_array\""}}
{"type":"LOG","log":{"level":"INFO","message":"INFO i.a.w.i.DefaultAirbyteStreamFactory(internalLog):159 INFO i.a.i.s.p.PostgresSource(logPreSyncDebugData):223 Index name: test_2_char_array_pkey, Column: id, Unique: true"}}
{"type":"LOG","log":{"level":"INFO","message":"INFO i.a.w.i.DefaultAirbyteStreamFactory(internalLog):159 INFO i.a.i.s.p.PostgresSource(logPreSyncDebugData):221 Discovering indexes for schema \"test\", table \"test_2_bpchar_array\""}}
{"type":"LOG","log":{"level":"INFO","message":"INFO i.a.w.i.DefaultAirbyteStreamFactory(internalLog):159 INFO i.a.i.s.p.PostgresSource(logPreSyncDebugData):223 Index name: test_2_bpchar_array_pkey, Column: id, Unique: true"}}
{"type":"LOG","log":{"level":"INFO","message":"INFO i.a.w.i.DefaultAirbyteStreamFactory(internalLog):159 INFO i.a.i.s.p.PostgresSource(logPreSyncDebugData):221 Discovering indexes for schema \"test\", table \"test_2_text_array\""}}
{"type":"LOG","log":{"level":"INFO","message":"INFO i.a.w.i.DefaultAirbyteStreamFactory(internalLog):159 INFO i.a.i.s.p.PostgresSource(logPreSyncDebugData):223 Index name: test_2_text_array_pkey, Column: id, Unique: true"}}
{"type":"LOG","log":{"level":"INFO","message":"INFO i.a.w.i.DefaultAirbyteStreamFactory(internalLog):159 INFO i.a.i.s.p.PostgresSource(logPreSyncDebugData):221 Discovering indexes for schema \"test\", table \"test_2_name_array\""}}
{"type":"LOG","log":{"level":"INFO","message":"INFO i.a.w.i.DefaultAirbyteStreamFactory(internalLog):159 INFO i.a.i.s.p.PostgresSource(logPreSyncDebugData):223 Index name: test_2_name_array_pkey, Column: id, Unique: true"}}
{"type":"LOG","log":{"level":"INFO","message":"INFO i.a.w.i.DefaultAirbyteStreamFactory(internalLog):159 INFO i.a.i.s.p.PostgresSource(logPreSyncDebugData):221 Discovering indexes for schema \"test\", table \"test_4_decimal_array\""}}
{"type":"LOG","log":{"level":"INFO","message":"INFO i.a.w.i.DefaultAirbyteStreamFactory(internalLog):159 INFO i.a.i.s.p.PostgresSource(logPreSyncDebugData):223 Index name: test_4_decimal_array_pkey, Column: id, Unique: true"}}
{"type":"LOG","log":{"level":"INFO","message":"INFO i.a.w.i.DefaultAirbyteStreamFactory(internalLog):159 INFO i.a.i.s.p.PostgresSource(logPreSyncDebugData):221 Discovering indexes for schema \"test\", table \"test_5_decimal_array\""}}
{"type":"LOG","log":{"level":"INFO","message":"INFO i.a.w.i.DefaultAirbyteStreamFactory(internalLog):159 INFO i.a.i.s.p.PostgresSource(logPreSyncDebugData):223 Index name: test_5_decimal_array_pkey, Column: id, Unique: true"}}
{"type":"LOG","log":{"level":"INFO","message":"INFO i.a.w.i.DefaultAirbyteStreamFactory(internalLog):159 INFO i.a.i.s.p.PostgresSource(logPreSyncDebugData):221 Discovering indexes for schema \"test\", table \"test_6_decimal_array\""}}
{"type":"LOG","log":{"level":"INFO","message":"INFO i.a.w.i.DefaultAirbyteStreamFactory(internalLog):159 INFO i.a.i.s.p.PostgresSource(logPreSyncDebugData):223 Index name: test_6_decimal_array_pkey, Column: id, Unique: true"}}
{"type":"LOG","log":{"level":"INFO","message":"INFO i.a.w.i.DefaultAirbyteStreamFactory(internalLog):159 INFO i.a.i.s.p.PostgresSource(logPreSyncDebugData):221 Discovering indexes for schema \"test\", table \"test_4_numeric_array\""}}
{"type":"LOG","log":{"level":"INFO","message":"INFO i.a.w.i.DefaultAirbyteStreamFactory(internalLog):159 INFO i.a.i.s.p.PostgresSource(logPreSyncDebugData):223 Index name: test_4_numeric_array_pkey, Column: id, Unique: true"}}
{"type":"LOG","log":{"level":"INFO","message":"INFO i.a.w.i.DefaultAirbyteStreamFactory(internalLog):159 INFO i.a.i.s.p.PostgresSource(logPreSyncDebugData):221 Discovering indexes for schema \"test\", table \"test_5_numeric_array\""}}
{"type":"LOG","log":{"level":"INFO","message":"INFO i.a.w.i.DefaultAirbyteStreamFactory(internalLog):159 INFO i.a.i.s.p.PostgresSource(logPreSyncDebugData):223 Index name: test_5_numeric_array_pkey, Column: id, Unique: true"}}
{"type":"LOG","log":{"level":"INFO","message":"INFO i.a.w.i.DefaultAirbyteStreamFactory(internalLog):159 INFO i.a.i.s.p.PostgresSource(logPreSyncDebugData):221 Discovering indexes for schema \"test\", table \"test_6_numeric_array\""}}
{"type":"LOG","log":{"level":"INFO","message":"INFO i.a.w.i.DefaultAirbyteStreamFactory(internalLog):159 INFO i.a.i.s.p.PostgresSource(logPreSyncDebugData):223 Index name: test_6_numeric_array_pkey, Column: id, Unique: true"}}
{"type":"LOG","log":{"level":"INFO","message":"INFO i.a.w.i.DefaultAirbyteStreamFactory(internalLog):159 INFO i.a.i.s.p.PostgresSource(logPreSyncDebugData):221 Discovering indexes for schema \"test\", table \"test_2_float4_array\""}}
{"type":"LOG","log":{"level":"INFO","message":"INFO i.a.w.i.DefaultAirbyteStreamFactory(internalLog):159 INFO i.a.i.s.p.PostgresSource(logPreSyncDebugData):223 Index name: test_2_float4_array_pkey, Column: id, Unique: true"}}
{"type":"LOG","log":{"level":"INFO","message":"INFO i.a.w.i.DefaultAirbyteStreamFactory(internalLog):159 INFO i.a.i.s.p.PostgresSource(logPreSyncDebugData):221 Discovering indexes for schema \"test\", table \"test_2_float8_array\""}}
{"type":"LOG","log":{"level":"INFO","message":"INFO i.a.w.i.DefaultAirbyteStreamFactory(internalLog):159 INFO i.a.i.s.p.PostgresSource(logPreSyncDebugData):223 Index name: test_2_float8_array_pkey, Column: id, Unique: true"}}
{"type":"LOG","log":{"level":"INFO","message":"INFO i.a.w.i.DefaultAirbyteStreamFactory(internalLog):159 INFO i.a.i.s.p.PostgresSource(logPreSyncDebugData):221 Discovering indexes for schema \"test\", table \"test_2_money_array\""}}
{"type":"LOG","log":{"level":"INFO","message":"INFO i.a.w.i.DefaultAirbyteStreamFactory(internalLog):159 INFO i.a.i.s.p.PostgresSource(logPreSyncDebugData):223 Index name: test_2_money_array_pkey, Column: id, Unique: true"}}
{"type":"LOG","log":{"level":"INFO","message":"INFO i.a.w.i.DefaultAirbyteStreamFactory(internalLog):159 INFO i.a.i.s.p.PostgresSource(logPreSyncDebugData):221 Discovering indexes for schema \"test\", table \"test_2_bool_array\""}}
{"type":"LOG","log":{"level":"INFO","message":"INFO i.a.w.i.DefaultAirbyteStreamFactory(internalLog):159 INFO i.a.i.s.p.PostgresSource(logPreSyncDebugData):223 Index name: test_2_bool_array_pkey, Column: id, Unique: true"}}
{"type":"LOG","log":{"level":"INFO","message":"INFO i.a.w.i.DefaultAirbyteStreamFactory(internalLog):159 INFO i.a.i.s.p.PostgresSource(logPreSyncDebugData):221 Discovering indexes for schema \"test\", table \"test_2_bit_array\""}}
{"type":"LOG","log":{"level":"INFO","message":"INFO i.a.w.i.DefaultAirbyteStreamFactory(internalLog):159 INFO i.a.i.s.p.PostgresSource(logPreSyncDebugData):223 Index name: test_2_bit_array_pkey, Column: id, Unique: true"}}
{"type":"LOG","log":{"level":"INFO","message":"INFO i.a.w.i.DefaultAirbyteStreamFactory(internalLog):159 INFO i.a.i.s.p.PostgresSource(logPreSyncDebugData):221 Discovering indexes for schema \"test\", table \"test_2_bytea_array\""}}
{"type":"LOG","log":{"level":"INFO","message":"INFO i.a.w.i.DefaultAirbyteStreamFactory(internalLog):159 INFO i.a.i.s.p.PostgresSource(logPreSyncDebugData):223 Index name: test_2_bytea_array_pkey, Column: id, Unique: true"}}
{"type":"LOG","log":{"level":"INFO","message":"INFO i.a.w.i.DefaultAirbyteStreamFactory(internalLog):159 INFO i.a.i.s.p.PostgresSource(logPreSyncDebugData):221 Discovering indexes for schema \"test\", table \"test_2_date_array\""}}
{"type":"LOG","log":{"level":"INFO","message":"INFO i.a.w.i.DefaultAirbyteStreamFactory(internalLog):159 INFO i.a.i.s.p.PostgresSource(logPreSyncDebugData):223 Index name: test_2_date_array_pkey, Column: id, Unique: true"}}
{"type":"LOG","log":{"level":"INFO","message":"INFO i.a.w.i.DefaultAirbyteStreamFactory(internalLog):159 INFO i.a.i.s.p.PostgresSource(logPreSyncDebugData):221 Discovering indexes for schema \"test\", table \"test_2_time_array\""}}
{"type":"LOG","log":{"level":"INFO","message":"INFO i.a.w.i.DefaultAirbyteStreamFactory(internalLog):159 INFO i.a.i.s.p.PostgresSource(logPreSyncDebugData):223 Index name: test_2_time_array_pkey, Column: id, Unique: true"}}
{"type":"LOG","log":{"level":"INFO","message":"INFO i.a.w.i.DefaultAirbyteStreamFactory(internalLog):159 INFO i.a.i.s.p.PostgresSource(logPreSyncDebugData):221 Discovering indexes for schema \"test\", table \"test_2_timetz_array\""}}
{"type":"LOG","log":{"level":"INFO","message":"INFO i.a.w.i.DefaultAirbyteStreamFactory(internalLog):159 INFO i.a.i.s.p.PostgresSource(logPreSyncDebugData):223 Index name: test_2_timetz_array_pkey, Column: id, Unique: true"}}
{"type":"LOG","log":{"level":"INFO","message":"INFO i.a.w.i.DefaultAirbyteStreamFactory(internalLog):159 INFO i.a.i.s.p.PostgresSource(logPreSyncDebugData):221 Discovering indexes for schema \"test\", table \"test_2_timestamptz_array\""}}
{"type":"LOG","log":{"level":"INFO","message":"INFO i.a.w.i.DefaultAirbyteStreamFactory(internalLog):159 INFO i.a.i.s.p.PostgresSource(logPreSyncDebugData):223 Index name: test_2_timestamptz_array_pkey, Column: id, Unique: true"}}
{"type":"LOG","log":{"level":"INFO","message":"INFO i.a.w.i.DefaultAirbyteStreamFactory(internalLog):159 INFO i.a.i.s.p.PostgresSource(logPreSyncDebugData):221 Discovering indexes for schema \"test\", table \"test_2_timestamp_array\""}}
{"type":"LOG","log":{"level":"INFO","message":"INFO i.a.w.i.DefaultAirbyteStreamFactory(internalLog):159 INFO i.a.i.s.p.PostgresSource(logPreSyncDebugData):223 Index name: test_2_timestamp_array_pkey, Column: id, Unique: true"}}
{"type":"LOG","log":{"level":"INFO","message":"INFO i.a.w.i.DefaultAirbyteStreamFactory(internalLog):159 INFO i.a.i.s.p.PostgresSource(logPreSyncDebugData):221 Discovering indexes for schema \"test\", table \"test_2_money\""}}
{"type":"LOG","log":{"level":"INFO","message":"INFO i.a.w.i.DefaultAirbyteStreamFactory(internalLog):159 INFO i.a.i.s.p.PostgresSource(logPreSyncDebugData):223 Index name: test_2_money_pkey, Column: id, Unique: true"}}
{"type":"LOG","log":{"level":"INFO","message":"INFO i.a.w.i.DefaultAirbyteStreamFactory(internalLog):159 INFO i.a.i.s.p.PostgresSource(logPreSyncDebugData):221 Discovering indexes for schema \"test\", table \"random_dummy_table\""}}
{"type":"LOG","log":{"level":"INFO","message":"INFO i.a.w.i.DefaultAirbyteStreamFactory(internalLog):159 INFO i.a.i.s.p.PostgresSource(logPreSyncDebugData):223 Index name: random_dummy_table_pkey, Column: id, Unique: true"}}
{"type":"LOG","log":{"level":"INFO","message":"INFO i.a.w.i.DefaultAirbyteStreamFactory(internalLog):159 INFO i.a.i.s.p.PostgresQueryUtils(logXminStatus):77 Xmin Status : {Number of wraparounds: 0, Xmin Transaction Value: 954, Xmin Raw Value: 954"}}
{"type":"LOG","log":{"level":"INFO","message":"INFO i.a.w.i.DefaultAirbyteStreamFactory(internalLog):159 INFO i.a.i.s.j.AbstractJdbcSource(discoverInternal):166 Internal schemas to exclude: [catalog_history, information_schema, pg_catalog, pg_internal]"}}
{"type":"LOG","log":{"level":"INFO","message":"INFO i.a.w.i.DefaultAirbyteStreamFactory(internalLog):159 INFO i.a.d.j.s.AdaptiveStreamingQueryConfig(initialize):31 Set initial fetch size: 10 rows"}}
{"type":"LOG","log":{"level":"INFO","message":"INFO i.a.w.i.DefaultAirbyteStreamFactory(internalLog):159 INFO i.a.d.j.s.AdaptiveStreamingQueryConfig(accept):40 Set new fetch size: 1533006 rows"}}
{"type":"LOG","log":{"level":"INFO","message":"INFO i.a.w.i.DefaultAirbyteStreamFactory(internalLog):159 INFO i.a.d.j.s.TwoStageSizeEstimator(getTargetBufferByteSize):71 Max memory limit: 1562378240, JDBC buffer size: 937426944"}}
{"type":"LOG","log":{"level":"INFO","message":"INFO i.a.w.i.DefaultAirbyteStreamFactory(internalLog):159 INFO i.a.d.j.s.AdaptiveStreamingQueryConfig(accept):40 Set new fetch size: 4959931 rows"}}
{"type":"LOG","log":{"level":"INFO","message":"INFO i.a.w.i.DefaultAirbyteStreamFactory(internalLog):159 INFO i.a.i.s.p.PostgresUtils(isCdc):53 using CDC: true"}}
{"type":"LOG","log":{"level":"INFO","message":"INFO i.a.w.i.DefaultAirbyteStreamFactory(internalLog):159 INFO i.a.i.s.p.PostgresUtils(getFirstRecordWaitTime):111 First record waiting time: 30 seconds"}}
{"type":"LOG","log":{"level":"INFO","message":"INFO i.a.w.i.DefaultAirbyteStreamFactory(internalLog):159 INFO i.a.i.s.p.PostgresSource(getIncrementalIterators):369 First record waiting time: 30 seconds"}}
{"type":"LOG","log":{"level":"INFO","message":"INFO i.a.w.i.DefaultAirbyteStreamFactory(internalLog):159 INFO i.a.i.s.p.PostgresUtils(shouldFlushAfterSync):61 Should flush after sync: false"}}
{"type":"LOG","log":{"level":"INFO","message":"INFO i.a.w.i.DefaultAirbyteStreamFactory(internalLog):159 INFO o.a.k.c.c.AbstractConfig(logAll):376 StandaloneConfig values: \n\taccess.control.allow.methods = \n\taccess.control.allow.origin = \n\tadmin.listeners = null\n\tauto.include.jmx.reporter = true\n\tbootstrap.servers = [localhost:9092]\n\tclient.dns.lookup = use_all_dns_ips\n\tconfig.providers = []\n\tconnector.client.config.override.policy = All\n\theader.converter = class org.apache.kafka.connect.storage.SimpleHeaderConverter\n\tkey.converter = class org.apache.kafka.connect.json.JsonConverter\n\tlisteners = [http://:8083]\n\tmetric.reporters = []\n\tmetrics.num.samples = 2\n\tmetrics.recording.level = INFO\n\tmetrics.sample.window.ms = 30000\n\toffset.flush.interval.ms = 1000\n\toffset.flush.timeout.ms = 5000\n\toffset.storage.file.filename = /tmp/cdc-state-offset7487679076665260361/offset.dat\n\tplugin.path = null\n\tresponse.http.headers.config = \n\trest.advertised.host.name = null\n\trest.advertised.listener = null\n\trest.advertised.port = null\n\trest.extension.classes = []\n\tssl.cipher.suites = null\n\tssl.client.auth = none\n\tssl.enabled.protocols = [TLSv1.2, TLSv1.3]\n\tssl.endpoint.identification.algorithm = https\n\tssl.engine.factory.class = null\n\tssl.key.password = null\n\tssl.keymanager.algorithm = SunX509\n\tssl.keystore.certificate.chain = null\n\tssl.keystore.key = null\n\tssl.keystore.location = null\n\tssl.keystore.password = null\n\tssl.keystore.type = JKS\n\tssl.protocol = TLSv1.3\n\tssl.provider = null\n\tssl.secure.random.implementation = null\n\tssl.trustmanager.algorithm = PKIX\n\tssl.truststore.certificates = null\n\tssl.truststore.location = null\n\tssl.truststore.password = null\n\tssl.truststore.type = JKS\n\ttask.shutdown.graceful.timeout.ms = 5000\n\ttopic.creation.enable = true\n\ttopic.tracking.allow.reset = true\n\ttopic.tracking.enable = true\n\tvalue.converter = class org.apache.kafka.connect.json.JsonConverter\n"}}
{"type":"LOG","log":{"level":"WARN","message":"WARN i.a.w.i.DefaultAirbyteStreamFactory(internalLog):156 WARN o.a.k.c.r.WorkerConfig(logPluginPathConfigProviderWarning):379 Variables cannot be used in the 'plugin.path' property, since the property is used by plugin scanning before the config providers that replace the variables are initialized. The raw value 'null' was used for plugin scanning, as opposed to the transformed value 'null', and this may cause unexpected results."}}
{"type":"LOG","log":{"level":"INFO","message":"INFO i.a.w.i.DefaultAirbyteStreamFactory(internalLog):159 INFO o.a.k.c.s.FileOffsetBackingStore(start):58 Starting FileOffsetBackingStore with file /tmp/cdc-state-offset7487679076665260361/offset.dat"}}
{"type":"LOG","log":{"level":"INFO","message":"INFO i.a.w.i.DefaultAirbyteStreamFactory(internalLog):159 INFO o.a.k.c.c.AbstractConfig(logAll):376 JsonConverterConfig values: \n\tconverter.type = key\n\tdecimal.format = BASE64\n\tschemas.cache.size = 1000\n\tschemas.enable = false\n"}}
{"type":"LOG","log":{"level":"INFO","message":"INFO i.a.w.i.DefaultAirbyteStreamFactory(internalLog):159 INFO o.a.k.c.c.AbstractConfig(logAll):376 JsonConverterConfig values: \n\tconverter.type = value\n\tdecimal.format = BASE64\n\tschemas.cache.size = 1000\n\tschemas.enable = false\n"}}
{"type":"LOG","log":{"level":"INFO","message":"INFO i.a.w.i.DefaultAirbyteStreamFactory(internalLog):159 INFO i.a.i.d.i.p.PostgresDebeziumStateUtil(extractLsn):206 No previous offsets found"}}
{"type":"LOG","log":{"level":"INFO","message":"INFO i.a.w.i.DefaultAirbyteStreamFactory(internalLog):159 INFO i.a.i.d.i.p.PostgresDebeziumStateUtil(parseSavedOffset):181 Closing offsetStorageReader and fileOffsetBackingStore"}}
{"type":"LOG","log":{"level":"INFO","message":"INFO i.a.w.i.DefaultAirbyteStreamFactory(internalLog):159 INFO o.a.k.c.s.FileOffsetBackingStore(stop):66 Stopped FileOffsetBackingStore"}}
{"type":"LOG","log":{"level":"INFO","message":"INFO i.a.w.i.DefaultAirbyteStreamFactory(internalLog):159 INFO i.a.i.s.p.PostgresSource(lambda$getReplicationSlot$4):296 Attempting to find the named replication slot using the query: HikariProxyPreparedStatement@1235381529 wrapping SELECT * FROM pg_replication_slots WHERE slot_name = 'debezium_slot' AND plugin = 'pgoutput' AND database = 'test'"}}
{"type":"LOG","log":{"level":"INFO","message":"INFO i.a.w.i.DefaultAirbyteStreamFactory(internalLog):159 INFO i.a.d.j.s.AdaptiveStreamingQueryConfig(initialize):31 Set initial fetch size: 10 rows"}}
{"type":"LOG","log":{"level":"INFO","message":"INFO i.a.w.i.DefaultAirbyteStreamFactory(internalLog):159 INFO i.a.i.s.p.PostgresUtils(shouldFlushAfterSync):61 Should flush after sync: false"}}
{"type":"LOG","log":{"level":"INFO","message":"INFO i.a.w.i.DefaultAirbyteStreamFactory(internalLog):159 INFO i.a.i.d.i.p.PostgresCdcTargetPosition(targetPosition):49 identified target lsn: PgLsn{lsn=27974680}"}}
{"type":"LOG","log":{"level":"INFO","message":"INFO i.a.w.i.DefaultAirbyteStreamFactory(internalLog):159 INFO i.a.i.s.p.PostgresUtils(shouldFlushAfterSync):61 Should flush after sync: false"}}
{"type":"LOG","log":{"level":"INFO","message":"INFO i.a.w.i.DefaultAirbyteStreamFactory(internalLog):159 INFO i.a.i.d.AirbyteDebeziumHandler(getIncrementalIterators):95 Using CDC: true"}}
{"type":"LOG","log":{"level":"INFO","message":"INFO i.a.w.i.DefaultAirbyteStreamFactory(internalLog):159 INFO o.a.k.c.c.AbstractConfig(logAll):376 JsonConverterConfig values: \n\tconverter.type = key\n\tdecimal.format = BASE64\n\tschemas.cache.size = 1000\n\tschemas.enable = false\n"}}
{"type":"LOG","log":{"level":"INFO","message":"INFO i.a.w.i.DefaultAirbyteStreamFactory(internalLog):159 INFO o.a.k.c.c.AbstractConfig(logAll):376 JsonConverterConfig values: \n\tconverter.type = value\n\tdecimal.format = BASE64\n\tschemas.cache.size = 1000\n\tschemas.enable = false\n"}}
{"type":"LOG","log":{"level":"INFO","message":"INFO i.a.w.i.DefaultAirbyteStreamFactory(internalLog):159 INFO o.a.k.c.c.AbstractConfig(logAll):376 EmbeddedConfig values: \n\taccess.control.allow.methods = \n\taccess.control.allow.origin = \n\tadmin.listeners = null\n\tauto.include.jmx.reporter = true\n\tbootstrap.servers = [localhost:9092]\n\tclient.dns.lookup = use_all_dns_ips\n\tconfig.providers = []\n\tconnector.client.config.override.policy = All\n\theader.converter = class org.apache.kafka.connect.storage.SimpleHeaderConverter\n\tkey.converter = class org.apache.kafka.connect.json.JsonConverter\n\tlisteners = [http://:8083]\n\tmetric.reporters = []\n\tmetrics.num.samples = 2\n\tmetrics.recording.level = INFO\n\tmetrics.sample.window.ms = 30000\n\toffset.flush.interval.ms = 1000\n\toffset.flush.timeout.ms = 5000\n\toffset.storage.file.filename = /tmp/cdc-state-offset5259114680047547742/offset.dat\n\toffset.storage.partitions = null\n\toffset.storage.replication.factor = null\n\toffset.storage.topic = \n\tplugin.path = null\n\tresponse.http.headers.config = \n\trest.advertised.host.name = null\n\trest.advertised.listener = null\n\trest.advertised.port = null\n\trest.extension.classes = []\n\tssl.cipher.suites = null\n\tssl.client.auth = none\n\tssl.enabled.protocols = [TLSv1.2, TLSv1.3]\n\tssl.endpoint.identification.algorithm = https\n\tssl.engine.factory.class = null\n\tssl.key.password = null\n\tssl.keymanager.algorithm = SunX509\n\tssl.keystore.certificate.chain = null\n\tssl.keystore.key = null\n\tssl.keystore.location = null\n\tssl.keystore.password = null\n\tssl.keystore.type = JKS\n\tssl.protocol = TLSv1.3\n\tssl.provider = null\n\tssl.secure.random.implementation = null\n\tssl.trustmanager.algorithm = PKIX\n\tssl.truststore.certificates = null\n\tssl.truststore.location = null\n\tssl.truststore.password = null\n\tssl.truststore.type = JKS\n\ttask.shutdown.graceful.timeout.ms = 5000\n\ttopic.creation.enable = true\n\ttopic.tracking.allow.reset = true\n\ttopic.tracking.enable = true\n\tvalue.converter = class org.apache.kafka.connect.json.JsonConverter\n"}}
{"type":"LOG","log":{"level":"WARN","message":"WARN i.a.w.i.DefaultAirbyteStreamFactory(internalLog):156 WARN o.a.k.c.r.WorkerConfig(logPluginPathConfigProviderWarning):379 Variables cannot be used in the 'plugin.path' property, since the property is used by plugin scanning before the config providers that replace the variables are initialized. The raw value 'null' was used for plugin scanning, as opposed to the transformed value 'null', and this may cause unexpected results."}}
{"type":"LOG","log":{"level":"INFO","message":"INFO i.a.w.i.DefaultAirbyteStreamFactory(internalLog):159 INFO o.a.k.c.c.AbstractConfig(logAll):376 JsonConverterConfig values: \n\tconverter.type = key\n\tdecimal.format = BASE64\n\tschemas.cache.size = 1000\n\tschemas.enable = false\n"}}
{"type":"LOG","log":{"level":"INFO","message":"INFO i.a.w.i.DefaultAirbyteStreamFactory(internalLog):159 INFO o.a.k.c.c.AbstractConfig(logAll):376 JsonConverterConfig values: \n\tconverter.type = value\n\tdecimal.format = BASE64\n\tschemas.cache.size = 1000\n\tschemas.enable = false\n"}}
{"type":"LOG","log":{"level":"INFO","message":"INFO i.a.w.i.DefaultAirbyteStreamFactory(internalLog):159 INFO i.d.c.p.PostgresConnector(testConnection):154 Successfully tested connection for jdbc:postgresql://172.17.0.2:5432/test with user 'test'"}}
{"type":"LOG","log":{"level":"INFO","message":"INFO i.a.w.i.DefaultAirbyteStreamFactory(internalLog):159 INFO i.d.j.JdbcConnection(lambda$doClose$4):947 Connection gracefully closed"}}
{"type":"LOG","log":{"level":"INFO","message":"INFO i.a.w.i.DefaultAirbyteStreamFactory(internalLog):159 INFO o.a.k.c.s.FileOffsetBackingStore(start):58 Starting FileOffsetBackingStore with file /tmp/cdc-state-offset5259114680047547742/offset.dat"}}
{"type":"LOG","log":{"level":"INFO","message":"INFO i.a.w.i.DefaultAirbyteStreamFactory(internalLog):159 INFO i.d.c.c.BaseSourceTask(start):124 Starting PostgresConnectorTask with configuration:"}}
{"type":"LOG","log":{"level":"INFO","message":"INFO i.a.w.i.DefaultAirbyteStreamFactory(internalLog):159 INFO i.d.c.c.BaseSourceTask(lambda$start$0):126    connector.class = io.debezium.connector.postgresql.PostgresConnector"}}
{"type":"LOG","log":{"level":"INFO","message":"INFO i.a.w.i.DefaultAirbyteStreamFactory(internalLog):159 INFO i.d.c.c.BaseSourceTask(lambda$start$0):126    max.queue.size = 8192"}}
{"type":"LOG","log":{"level":"INFO","message":"INFO i.a.w.i.DefaultAirbyteStreamFactory(internalLog):159 INFO i.d.c.c.BaseSourceTask(lambda$start$0):126    slot.name = debezium_slot"}}
{"type":"LOG","log":{"level":"INFO","message":"INFO i.a.w.i.DefaultAirbyteStreamFactory(internalLog):159 INFO i.d.c.c.BaseSourceTask(lambda$start$0):126    publication.name = publication"}}
{"type":"LOG","log":{"level":"INFO","message":"INFO i.a.w.i.DefaultAirbyteStreamFactory(internalLog):159 INFO i.d.c.c.BaseSourceTask(lambda$start$0):126    topic.prefix = test"}}
{"type":"LOG","log":{"level":"INFO","message":"INFO i.a.w.i.DefaultAirbyteStreamFactory(internalLog):159 INFO i.d.c.c.BaseSourceTask(lambda$start$0):126    offset.storage.file.filename = /tmp/cdc-state-offset5259114680047547742/offset.dat"}}
{"type":"LOG","log":{"level":"INFO","message":"INFO i.a.w.i.DefaultAirbyteStreamFactory(internalLog):159 INFO i.d.c.c.BaseSourceTask(lambda$start$0):126    decimal.handling.mode = string"}}
{"type":"LOG","log":{"level":"INFO","message":"INFO i.a.w.i.DefaultAirbyteStreamFactory(internalLog):159 INFO i.d.c.c.BaseSourceTask(lambda$start$0):126    converters = datetime"}}
{"type":"LOG","log":{"level":"INFO","message":"INFO i.a.w.i.DefaultAirbyteStreamFactory(internalLog):159 INFO i.d.c.c.BaseSourceTask(lambda$start$0):126    errors.retry.delay.initial.ms = 299"}}
{"type":"LOG","log":{"level":"INFO","message":"INFO i.a.w.i.DefaultAirbyteStreamFactory(internalLog):159 INFO i.d.c.c.BaseSourceTask(lambda$start$0):126    datetime.type = io.airbyte.integrations.debezium.internals.postgres.PostgresConverter"}}
{"type":"LOG","log":{"level":"INFO","message":"INFO i.a.w.i.DefaultAirbyteStreamFactory(internalLog):159 INFO i.d.c.c.BaseSourceTask(lambda$start$0):126    value.converter = org.apache.kafka.connect.json.JsonConverter"}}
{"type":"LOG","log":{"level":"INFO","message":"INFO i.a.w.i.DefaultAirbyteStreamFactory(internalLog):159 INFO i.d.c.c.BaseSourceTask(lambda$start$0):126    key.converter = org.apache.kafka.connect.json.JsonConverter"}}
{"type":"LOG","log":{"level":"INFO","message":"INFO i.a.w.i.DefaultAirbyteStreamFactory(internalLog):159 INFO i.d.c.c.BaseSourceTask(lambda$start$0):126    publication.autocreate.mode = disabled"}}
{"type":"LOG","log":{"level":"INFO","message":"INFO i.a.w.i.DefaultAirbyteStreamFactory(internalLog):159 INFO i.d.c.c.BaseSourceTask(lambda$start$0):126    database.user = test"}}
{"type":"LOG","log":{"level":"INFO","message":"INFO i.a.w.i.DefaultAirbyteStreamFactory(internalLog):159 INFO i.d.c.c.BaseSourceTask(lambda$start$0):126    database.dbname = test"}}
{"type":"LOG","log":{"level":"INFO","message":"INFO i.a.w.i.DefaultAirbyteStreamFactory(internalLog):159 INFO i.d.c.c.BaseSourceTask(lambda$start$0):126    offset.storage = org.apache.kafka.connect.storage.FileOffsetBackingStore"}}
{"type":"LOG","log":{"level":"INFO","message":"INFO i.a.w.i.DefaultAirbyteStreamFactory(internalLog):159 INFO i.d.c.c.BaseSourceTask(lambda$start$0):126    errors.retry.delay.max.ms = 300"}}
{"type":"LOG","log":{"level":"INFO","message":"INFO i.a.w.i.DefaultAirbyteStreamFactory(internalLog):159 INFO i.d.c.c.BaseSourceTask(lambda$start$0):126    offset.flush.timeout.ms = 5000"}}
{"type":"LOG","log":{"level":"INFO","message":"INFO i.a.w.i.DefaultAirbyteStreamFactory(internalLog):159 INFO i.d.c.c.BaseSourceTask(lambda$start$0):126    heartbeat.interval.ms = 10000"}}
{"type":"LOG","log":{"level":"INFO","message":"INFO i.a.w.i.DefaultAirbyteStreamFactory(internalLog):159 INFO i.d.c.c.BaseSourceTask(lambda$start$0):126    column.include.list = \\Qtest.test_1_bigint\\E\\.(\\Qid\\E|\\Qtest_column\\E),\\Qtest.test_1_bigserial\\E\\.(\\Qid\\E|\\Qtest_column\\E),\\Qtest.test_1_bit\\E\\.(\\Qid\\E|\\Qtest_column\\E),\\Qtest.test_2_bit\\E\\.(\\Qid\\E|\\Qtest_column\\E),\\Qtest.test_1_bit_varying\\E\\.(\\Qid\\E|\\Qtest_column\\E),\\Qtest.test_2_bit_varying\\E\\.(\\Qid\\E|\\Qtest_column\\E),\\Qtest.test_1_bool\\E\\.(\\Qid\\E|\\Qtest_column\\E),\\Qtest.test_1_boolean\\E\\.(\\Qid\\E|\\Qtest_column\\E),\\Qtest.test_1_box\\E\\.(\\Qid\\E|\\Qtest_column\\E),\\Qtest.test_1_bytea\\E\\.(\\Qid\\E|\\Qtest_column\\E),\\Qtest.test_1_char\\E\\.(\\Qid\\E|\\Qtest_column\\E),\\Qtest.test_2_char\\E\\.(\\Qid\\E|\\Qtest_column\\E),\\Qtest.test_1_character\\E\\.(\\Qid\\E|\\Qtest_column\\E),\\Qtest.test_2_character\\E\\.(\\Qid\\E|\\Qtest_column\\E),\\Qtest.test_1_text\\E\\.(\\Qid\\E|\\Qtest_column\\E),\\Qtest.test_1_varchar\\E\\.(\\Qid\\E|\\Qtest_column\\E),\\Qtest.test_2_varchar\\E\\.(\\Qid\\E|\\Qtest_column\\E),\\Qtest.test_1_cidr\\E\\.(\\Qid\\E|\\Qtest_column\\E),\\Qtest.test_1_circle\\E\\.(\\Qid\\E|\\Qtest_column\\E),\\Qtest.test_1_date\\E\\.(\\Qid\\E|\\Qtest_column\\E),\\Qtest.test_2_date\\E\\.(\\Qid\\E|\\Qtest_column\\E),\\Qtest.test_3_date\\E\\.(\\Qid\\E|\\Qtest_column\\E),\\Qtest.test_1_float\\E\\.(\\Qid\\E|\\Qtest_column\\E),\\Qtest.test_1_double_precision\\E\\.(\\Qid\\E|\\Qtest_column\\E),\\Qtest.test_1_float8\\E\\.(\\Qid\\E|\\Qtest_column\\E),\\Qtest.test_1_inet\\E\\.(\\Qid\\E|\\Qtest_column\\E),\\Qtest.test_1_int4\\E\\.(\\Qid\\E|\\Qtest_column\\E),\\Qtest.test_1_int\\E\\.(\\Qid\\E|\\Qtest_column\\E),\\Qtest.test_1_integer\\E\\.(\\Qid\\E|\\Qtest_column\\E),\\Qtest.test_1_interval\\E\\.(\\Qid\\E|\\Qtest_column\\E),\\Qtest.test_1_json\\E\\.(\\Qid\\E|\\Qtest_column\\E),\\Qtest.test_1_jsonb\\E\\.(\\Qid\\E|\\Qtest_column\\E),\\Qtest.test_1_line\\E\\.(\\Qid\\E|\\Qtest_column\\E),\\Qtest.test_1_lseg\\E\\.(\\Qid\\E|\\Qtest_column\\E),\\Qtest.test_1_macaddr\\E\\.(\\Qid\\E|\\Qtest_column\\E),\\Qtest.test_1_macaddr8\\E\\.(\\Qid\\E|\\Qtest_column\\E),\\Qtest.test_1_numeric\\E\\.(\\Qid\\E|\\Qtest_column\\E),\\Qtest.test_2_numeric\\E\\.(\\Qid\\E|\\Qtest_column\\E),\\Qtest.test_3_numeric\\E\\.(\\Qid\\E|\\Qtest_column\\E),\\Qtest.test_4_numeric\\E\\.(\\Qid\\E|\\Qtest_column\\E),\\Qtest.test_1_decimal\\E\\.(\\Qid\\E|\\Qtest_column\\E),\\Qtest.test_5_numeric\\E\\.(\\Qid\\E|\\Qtest_column\\E),\\Qtest.test_1_path\\E\\.(\\Qid\\E|\\Qtest_column\\E),\\Qtest.test_1_pg_lsn\\E\\.(\\Qid\\E|\\Qtest_column\\E),\\Qtest.test_1_point\\E\\.(\\Qid\\E|\\Qtest_column\\E),\\Qtest.test_1_polygon\\E\\.(\\Qid\\E|\\Qtest_column\\E),\\Qtest.test_1_float4\\E\\.(\\Qid\\E|\\Qtest_column\\E),\\Qtest.test_1_real\\E\\.(\\Qid\\E|\\Qtest_column\\E),\\Qtest.test_1_int2\\E\\.(\\Qid\\E|\\Qtest_column\\E),\\Qtest.test_1_smallint\\E\\.(\\Qid\\E|\\Qtest_column\\E),\\Qtest.test_1_serial2\\E\\.(\\Qid\\E|\\Qtest_column\\E),\\Qtest.test_1_smallserial\\E\\.(\\Qid\\E|\\Qtest_column\\E),\\Qtest.test_1_serial4\\E\\.(\\Qid\\E|\\Qtest_column\\E),\\Qtest.test_1_serial\\E\\.(\\Qid\\E|\\Qtest_column\\E),\\Qtest.test_1_time\\E\\.(\\Qid\\E|\\Qtest_column\\E),\\Qtest.test_2_time\\E\\.(\\Qid\\E|\\Qtest_column\\E),\\Qtest.test_3_time\\E\\.(\\Qid\\E|\\Qtest_column\\E),\\Qtest.test_4_time\\E\\.(\\Qid\\E|\\Qtest_column\\E),\\Qtest.test_5_time\\E\\.(\\Qid\\E|\\Qtest_column\\E),\\Qtest.test_1_timestamp\\E\\.(\\Qid\\E|\\Qtest_column\\E),\\Qtest.test_2_timestamp\\E\\.(\\Qid\\E|\\Qtest_column\\E),\\Qtest.test_3_timestamp\\E\\.(\\Qid\\E|\\Qtest_column\\E),\\Qtest.test_4_timestamp\\E\\.(\\Qid\\E|\\Qtest_column\\E),\\Qtest.test_5_timestamp\\E\\.(\\Qid\\E|\\Qtest_column\\E),\\Qtest.test_6_timestamp\\E\\.(\\Qid\\E|\\Qtest_column\\E),\\Qtest.test_7_timestamp\\E\\.(\\Qid\\E|\\Qtest_column\\E),\\Qtest.test_8_timestamp\\E\\.(\\Qid\\E|\\Qtest_column\\E),\\Qtest.test_1_timestamptz\\E\\.(\\Qid\\E|\\Qtest_column\\E),\\Qtest.test_2_timestamptz\\E\\.(\\Qid\\E|\\Qtest_column\\E),\\Qtest.test_1_tsquery\\E\\.(\\Qid\\E|\\Qtest_column\\E),\\Qtest.test_1_tsvector\\E\\.(\\Qid\\E|\\Qtest_column\\E),\\Qtest.test_1_uuid\\E\\.(\\Qid\\E|\\Qtest_column\\E),\\Qtest.test_1_xml\\E\\.(\\Qid\\E|\\Qtest_column\\E),\\Qtest.test_1_mood\\E\\.(\\Qid\\E|\\Qtest_column\\E),\\Qtest.test_1_tsrange\\E\\.(\\Qid\\E|\\Qtest_column\\E),\\Qtest.test_1_inventory_item\\E\\.(\\Qid\\E|\\Qtest_column\\E),\\Qtest.test_1_hstore\\E\\.(\\Qid\\E|\\Qtest_column\\E),\\Qtest.test_1_timetz\\E\\.(\\Qid\\E|\\Qtest_column\\E),\\Qtest.test_2_timetz\\E\\.(\\Qid\\E|\\Qtest_column\\E),\\Qtest.test_1_int2_array\\E\\.(\\Qid\\E|\\Qtest_column\\E),\\Qtest.test_1_int4_array\\E\\.(\\Qid\\E|\\Qtest_column\\E),\\Qtest.test_1_int8_array\\E\\.(\\Qid\\E|\\Qtest_column\\E),\\Qtest.test_1_oid_array\\E\\.(\\Qid\\E|\\Qtest_column\\E),\\Qtest.test_1_varchar_array\\E\\.(\\Qid\\E|\\Qtest_column\\E),\\Qtest.test_1_char_array\\E\\.(\\Qid\\E|\\Qtest_column\\E),\\Qtest.test_1_bpchar_array\\E\\.(\\Qid\\E|\\Qtest_column\\E),\\Qtest.test_1_text_array\\E\\.(\\Qid\\E|\\Qtest_column\\E),\\Qtest.test_1_name_array\\E\\.(\\Qid\\E|\\Qtest_column\\E),\\Qtest.test_1_decimal_array\\E\\.(\\Qid\\E|\\Qtest_column\\E),\\Qtest.test_2_decimal_array\\E\\.(\\Qid\\E|\\Qtest_column\\E),\\Qtest.test_3_decimal_array\\E\\.(\\Qid\\E|\\Qtest_column\\E),\\Qtest.test_1_numeric_array\\E\\.(\\Qid\\E|\\Qtest_column\\E),\\Qtest.test_2_numeric_array\\E\\.(\\Qid\\E|\\Qtest_column\\E),\\Qtest.test_3_numeric_array\\E\\.(\\Qid\\E|\\Qtest_column\\E),\\Qtest.test_1_float4_array\\E\\.(\\Qid\\E|\\Qtest_column\\E),\\Qtest.test_1_float8_array\\E\\.(\\Qid\\E|\\Qtest_column\\E),\\Qtest.test_1_money_array\\E\\.(\\Qid\\E|\\Qtest_column\\E),\\Qtest.test_1_bool_array\\E\\.(\\Qid\\E|\\Qtest_column\\E),\\Qtest.test_1_bit_array\\E\\.(\\Qid\\E|\\Qtest_column\\E),\\Qtest.test_1_bytea_array\\E\\.(\\Qid\\E|\\Qtest_column\\E),\\Qtest.test_1_date_array\\E\\.(\\Qid\\E|\\Qtest_column\\E),\\Qtest.test_1_time_array\\E\\.(\\Qid\\E|\\Qtest_column\\E),\\Qtest.test_1_timetz_array\\E\\.(\\Qid\\E|\\Qtest_column\\E),\\Qtest.test_1_timestamptz_array\\E\\.(\\Qid\\E|\\Qtest_column\\E),\\Qtest.test_1_timestamp_array\\E\\.(\\Qid\\E|\\Qtest_column\\E),\\Qtest.test_1_money\\E\\.(\\Qid\\E|\\Qtest_column\\E),\\Qtest.test_2_bigint\\E\\.(\\Qid\\E|\\Qtest_column\\E),\\Qtest.test_2_bigserial\\E\\.(\\Qid\\E|\\Qtest_column\\E),\\Qtest.test_3_bit\\E\\.(\\Qid\\E|\\Qtest_column\\E),\\Qtest.test_4_bit\\E\\.(\\Qid\\E|\\Qtest_column\\E),\\Qtest.test_3_bit_varying\\E\\.(\\Qid\\E|\\Qtest_column\\E),\\Qtest.test_4_bit_varying\\E\\.(\\Qid\\E|\\Qtest_column\\E),\\Qtest.test_2_bool\\E\\.(\\Qid\\E|\\Qtest_column\\E),\\Qtest.test_2_boolean\\E\\.(\\Qid\\E|\\Qtest_column\\E),\\Qtest.test_2_box\\E\\.(\\Qid\\E|\\Qtest_column\\E),\\Qtest.test_2_bytea\\E\\.(\\Qid\\E|\\Qtest_column\\E),\\Qtest.test_3_char\\E\\.(\\Qid\\E|\\Qtest_column\\E),\\Qtest.test_4_char\\E\\.(\\Qid\\E|\\Qtest_column\\E),\\Qtest.test_3_character\\E\\.(\\Qid\\E|\\Qtest_column\\E),\\Qtest.test_4_character\\E\\.(\\Qid\\E|\\Qtest_column\\E),\\Qtest.test_2_text\\E\\.(\\Qid\\E|\\Qtest_column\\E),\\Qtest.test_3_varchar\\E\\.(\\Qid\\E|\\Qtest_column\\E),\\Qtest.test_4_varchar\\E\\.(\\Qid\\E|\\Qtest_column\\E),\\Qtest.test_2_cidr\\E\\.(\\Qid\\E|\\Qtest_column\\E),\\Qtest.test_2_circle\\E\\.(\\Qid\\E|\\Qtest_column\\E),\\Qtest.test_4_date\\E\\.(\\Qid\\E|\\Qtest_column\\E),\\Qtest.test_5_date\\E\\.(\\Qid\\E|\\Qtest_column\\E),\\Qtest.test_6_date\\E\\.(\\Qid\\E|\\Qtest_column\\E),\\Qtest.test_2_float\\E\\.(\\Qid\\E|\\Qtest_column\\E),\\Qtest.test_2_double_precision\\E\\.(\\Qid\\E|\\Qtest_column\\E),\\Qtest.test_2_float8\\E\\.(\\Qid\\E|\\Qtest_column\\E),\\Qtest.test_2_inet\\E\\.(\\Qid\\E|\\Qtest_column\\E),\\Qtest.test_2_int4\\E\\.(\\Qid\\E|\\Qtest_column\\E),\\Qtest.test_2_int\\E\\.(\\Qid\\E|\\Qtest_column\\E),\\Qtest.test_2_integer\\E\\.(\\Qid\\E|\\Qtest_column\\E),\\Qtest.test_2_interval\\E\\.(\\Qid\\E|\\Qtest_column\\E),\\Qtest.test_2_json\\E\\.(\\Qid\\E|\\Qtest_column\\E),\\Qtest.test_2_jsonb\\E\\.(\\Qid\\E|\\Qtest_column\\E),\\Qtest.test_2_line\\E\\.(\\Qid\\E|\\Qtest_column\\E),\\Qtest.test_2_lseg\\E\\.(\\Qid\\E|\\Qtest_column\\E),\\Qtest.test_2_macaddr\\E\\.(\\Qid\\E|\\Qtest_column\\E),\\Qtest.test_2_macaddr8\\E\\.(\\Qid\\E|\\Qtest_column\\E),\\Qtest.test_6_numeric\\E\\.(\\Qid\\E|\\Qtest_column\\E),\\Qtest.test_7_numeric\\E\\.(\\Qid\\E|\\Qtest_column\\E),\\Qtest.test_8_numeric\\E\\.(\\Qid\\E|\\Qtest_column\\E),\\Qtest.test_9_numeric\\E\\.(\\Qid\\E|\\Qtest_column\\E),\\Qtest.test_2_decimal\\E\\.(\\Qid\\E|\\Qtest_column\\E),\\Qtest.test_10_numeric\\E\\.(\\Qid\\E|\\Qtest_column\\E),\\Qtest.test_2_path\\E\\.(\\Qid\\E|\\Qtest_column\\E),\\Qtest.test_2_pg_lsn\\E\\.(\\Qid\\E|\\Qtest_column\\E),\\Qtest.test_2_point\\E\\.(\\Qid\\E|\\Qtest_column\\E),\\Qtest.test_2_polygon\\E\\.(\\Qid\\E|\\Qtest_column\\E),\\Qtest.test_2_float4\\E\\.(\\Qid\\E|\\Qtest_column\\E),\\Qtest.test_2_real\\E\\.(\\Qid\\E|\\Qtest_column\\E),\\Qtest.test_2_int2\\E\\.(\\Qid\\E|\\Qtest_column\\E),\\Qtest.test_2_smallint\\E\\.(\\Qid\\E|\\Qtest_column\\E),\\Qtest.test_2_serial2\\E\\.(\\Qid\\E|\\Qtest_column\\E),\\Qtest.test_2_smallserial\\E\\.(\\Qid\\E|\\Qtest_column\\E),\\Qtest.test_2_serial4\\E\\.(\\Qid\\E|\\Qtest_column\\E),\\Qtest.test_2_serial\\E\\.(\\Qid\\E|\\Qtest_column\\E),\\Qtest.test_6_time\\E\\.(\\Qid\\E|\\Qtest_column\\E),\\Qtest.test_7_time\\E\\.(\\Qid\\E|\\Qtest_column\\E),\\Qtest.test_8_time\\E\\.(\\Qid\\E|\\Qtest_column\\E),\\Qtest.test_9_time\\E\\.(\\Qid\\E|\\Qtest_column\\E),\\Qtest.test_10_time\\E\\.(\\Qid\\E|\\Qtest_column\\E),\\Qtest.test_9_timestamp\\E\\.(\\Qid\\E|\\Qtest_column\\E),\\Qtest.test_10_timestamp\\E\\.(\\Qid\\E|\\Qtest_column\\E),\\Qtest.test_11_timestamp\\E\\.(\\Qid\\E|\\Qtest_column\\E),\\Qtest.test_12_timestamp\\E\\.(\\Qid\\E|\\Qtest_column\\E),\\Qtest.test_13_timestamp\\E\\.(\\Qid\\E|\\Qtest_column\\E),\\Qtest.test_14_timestamp\\E\\.(\\Qid\\E|\\Qtest_column\\E),\\Qtest.test_15_timestamp\\E\\.(\\Qid\\E|\\Qtest_column\\E),\\Qtest.test_16_timestamp\\E\\.(\\Qid\\E|\\Qtest_column\\E),\\Qtest.test_3_timestamptz\\E\\.(\\Qid\\E|\\Qtest_column\\E),\\Qtest.test_4_timestamptz\\E\\.(\\Qid\\E|\\Qtest_column\\E),\\Qtest.test_2_tsquery\\E\\.(\\Qid\\E|\\Qtest_column\\E),\\Qtest.test_2_tsvector\\E\\.(\\Qid\\E|\\Qtest_column\\E),\\Qtest.test_2_uuid\\E\\.(\\Qid\\E|\\Qtest_column\\E),\\Qtest.test_2_xml\\E\\.(\\Qid\\E|\\Qtest_column\\E),\\Qtest.test_2_mood\\E\\.(\\Qid\\E|\\Qtest_column\\E),\\Qtest.test_2_tsrange\\E\\.(\\Qid\\E|\\Qtest_column\\E),\\Qtest.test_2_inventory_item\\E\\.(\\Qid\\E|\\Qtest_column\\E),\\Qtest.test_2_hstore\\E\\.(\\Qid\\E|\\Qtest_column\\E),\\Qtest.test_3_timetz\\E\\.(\\Qid\\E|\\Qtest_column\\E),\\Qtest.test_4_timetz\\E\\.(\\Qid\\E|\\Qtest_column\\E),\\Qtest.test_2_int2_array\\E\\.(\\Qid\\E|\\Qtest_column\\E),\\Qtest.test_2_int4_array\\E\\.(\\Qid\\E|\\Qtest_column\\E),\\Qtest.test_2_int8_array\\E\\.(\\Qid\\E|\\Qtest_column\\E),\\Qtest.test_2_oid_array\\E\\.(\\Qid\\E|\\Qtest_column\\E),\\Qtest.test_2_varchar_array\\E\\.(\\Qid\\E|\\Qtest_column\\E),\\Qtest.test_2_char_array\\E\\.(\\Qid\\E|\\Qtest_column\\E),\\Qtest.test_2_bpchar_array\\E\\.(\\Qid\\E|\\Qtest_column\\E),\\Qtest.test_2_text_array\\E\\.(\\Qid\\E|\\Qtest_column\\E),\\Qtest.test_2_name_array\\E\\.(\\Qid\\E|\\Qtest_column\\E),\\Qtest.test_4_decimal_array\\E\\.(\\Qid\\E|\\Qtest_column\\E),\\Qtest.test_5_decimal_array\\E\\.(\\Qid\\E|\\Qtest_column\\E),\\Qtest.test_6_decimal_array\\E\\.(\\Qid\\E|\\Qtest_column\\E),\\Qtest.test_4_numeric_array\\E\\.(\\Qid\\E|\\Qtest_column\\E),\\Qtest.test_5_numeric_array\\E\\.(\\Qid\\E|\\Qtest_column\\E),\\Qtest.test_6_numeric_array\\E\\.(\\Qid\\E|\\Qtest_column\\E),\\Qtest.test_2_float4_array\\E\\.(\\Qid\\E|\\Qtest_column\\E),\\Qtest.test_2_float8_array\\E\\.(\\Qid\\E|\\Qtest_column\\E),\\Qtest.test_2_money_array\\E\\.(\\Qid\\E|\\Qtest_column\\E),\\Qtest.test_2_bool_array\\E\\.(\\Qid\\E|\\Qtest_column\\E),\\Qtest.test_2_bit_array\\E\\.(\\Qid\\E|\\Qtest_column\\E),\\Qtest.test_2_bytea_array\\E\\.(\\Qid\\E|\\Qtest_column\\E),\\Qtest.test_2_date_array\\E\\.(\\Qid\\E|\\Qtest_column\\E),\\Qtest.test_2_time_array\\E\\.(\\Qid\\E|\\Qtest_column\\E),\\Qtest.test_2_timetz_array\\E\\.(\\Qid\\E|\\Qtest_column\\E),\\Qtest.test_2_timestamptz_array\\E\\.(\\Qid\\E|\\Qtest_column\\E),\\Qtest.test_2_timestamp_array\\E\\.(\\Qid\\E|\\Qtest_column\\E),\\Qtest.test_2_money\\E\\.(\\Qid\\E|\\Qtest_column\\E),\\Qtest.random_dummy_table\\E\\.(\\Qid\\E|\\Qtest_column\\E)"}}
{"type":"LOG","log":{"level":"INFO","message":"INFO i.a.w.i.DefaultAirbyteStreamFactory(internalLog):159 INFO i.d.c.c.BaseSourceTask(lambda$start$0):126    plugin.name = pgoutput"}}
{"type":"LOG","log":{"level":"INFO","message":"INFO i.a.w.i.DefaultAirbyteStreamFactory(internalLog):159 INFO i.d.c.c.BaseSourceTask(lambda$start$0):126    database.port = 5432"}}
{"type":"LOG","log":{"level":"INFO","message":"INFO i.a.w.i.DefaultAirbyteStreamFactory(internalLog):159 INFO i.d.c.c.BaseSourceTask(lambda$start$0):126    offset.flush.interval.ms = 1000"}}
{"type":"LOG","log":{"level":"INFO","message":"INFO i.a.w.i.DefaultAirbyteStreamFactory(internalLog):159 INFO i.d.c.c.BaseSourceTask(lambda$start$0):126    key.converter.schemas.enable = false"}}
{"type":"LOG","log":{"level":"INFO","message":"INFO i.a.w.i.DefaultAirbyteStreamFactory(internalLog):159 INFO i.d.c.c.BaseSourceTask(lambda$start$0):126    include.unknown.datatypes = true"}}
{"type":"LOG","log":{"level":"INFO","message":"INFO i.a.w.i.DefaultAirbyteStreamFactory(internalLog):159 INFO i.d.c.c.BaseSourceTask(lambda$start$0):126    errors.max.retries = 10"}}
{"type":"LOG","log":{"level":"INFO","message":"INFO i.a.w.i.DefaultAirbyteStreamFactory(internalLog):159 INFO i.d.c.c.BaseSourceTask(lambda$start$0):126    database.hostname = 172.17.0.2"}}
{"type":"LOG","log":{"level":"INFO","message":"INFO i.a.w.i.DefaultAirbyteStreamFactory(internalLog):159 INFO i.d.c.c.BaseSourceTask(lambda$start$0):126    database.password = ********"}}
{"type":"LOG","log":{"level":"INFO","message":"INFO i.a.w.i.DefaultAirbyteStreamFactory(internalLog):159 INFO i.d.c.c.BaseSourceTask(lambda$start$0):126    value.converter.schemas.enable = false"}}
{"type":"LOG","log":{"level":"INFO","message":"INFO i.a.w.i.DefaultAirbyteStreamFactory(internalLog):159 INFO i.d.c.c.BaseSourceTask(lambda$start$0):126    name = test"}}
{"type":"LOG","log":{"level":"INFO","message":"INFO i.a.w.i.DefaultAirbyteStreamFactory(internalLog):159 INFO i.d.c.c.BaseSourceTask(lambda$start$0):126    max.batch.size = 2048"}}
{"type":"LOG","log":{"level":"INFO","message":"INFO i.a.w.i.DefaultAirbyteStreamFactory(internalLog):159 INFO i.d.c.c.BaseSourceTask(lambda$start$0):126    table.include.list = \\Qtest.test_1_bigint\\E,\\Qtest.test_1_bigserial\\E,\\Qtest.test_1_bit\\E,\\Qtest.test_2_bit\\E,\\Qtest.test_1_bit_varying\\E,\\Qtest.test_2_bit_varying\\E,\\Qtest.test_1_bool\\E,\\Qtest.test_1_boolean\\E,\\Qtest.test_1_box\\E,\\Qtest.test_1_bytea\\E,\\Qtest.test_1_char\\E,\\Qtest.test_2_char\\E,\\Qtest.test_1_character\\E,\\Qtest.test_2_character\\E,\\Qtest.test_1_text\\E,\\Qtest.test_1_varchar\\E,\\Qtest.test_2_varchar\\E,\\Qtest.test_1_cidr\\E,\\Qtest.test_1_circle\\E,\\Qtest.test_1_date\\E,\\Qtest.test_2_date\\E,\\Qtest.test_3_date\\E,\\Qtest.test_1_float\\E,\\Qtest.test_1_double_precision\\E,\\Qtest.test_1_float8\\E,\\Qtest.test_1_inet\\E,\\Qtest.test_1_int4\\E,\\Qtest.test_1_int\\E,\\Qtest.test_1_integer\\E,\\Qtest.test_1_interval\\E,\\Qtest.test_1_json\\E,\\Qtest.test_1_jsonb\\E,\\Qtest.test_1_line\\E,\\Qtest.test_1_lseg\\E,\\Qtest.test_1_macaddr\\E,\\Qtest.test_1_macaddr8\\E,\\Qtest.test_1_numeric\\E,\\Qtest.test_2_numeric\\E,\\Qtest.test_3_numeric\\E,\\Qtest.test_4_numeric\\E,\\Qtest.test_1_decimal\\E,\\Qtest.test_5_numeric\\E,\\Qtest.test_1_path\\E,\\Qtest.test_1_pg_lsn\\E,\\Qtest.test_1_point\\E,\\Qtest.test_1_polygon\\E,\\Qtest.test_1_float4\\E,\\Qtest.test_1_real\\E,\\Qtest.test_1_int2\\E,\\Qtest.test_1_smallint\\E,\\Qtest.test_1_serial2\\E,\\Qtest.test_1_smallserial\\E,\\Qtest.test_1_serial4\\E,\\Qtest.test_1_serial\\E,\\Qtest.test_1_time\\E,\\Qtest.test_2_time\\E,\\Qtest.test_3_time\\E,\\Qtest.test_4_time\\E,\\Qtest.test_5_time\\E,\\Qtest.test_1_timestamp\\E,\\Qtest.test_2_timestamp\\E,\\Qtest.test_3_timestamp\\E,\\Qtest.test_4_timestamp\\E,\\Qtest.test_5_timestamp\\E,\\Qtest.test_6_timestamp\\E,\\Qtest.test_7_timestamp\\E,\\Qtest.test_8_timestamp\\E,\\Qtest.test_1_timestamptz\\E,\\Qtest.test_2_timestamptz\\E,\\Qtest.test_1_tsquery\\E,\\Qtest.test_1_tsvector\\E,\\Qtest.test_1_uuid\\E,\\Qtest.test_1_xml\\E,\\Qtest.test_1_mood\\E,\\Qtest.test_1_tsrange\\E,\\Qtest.test_1_inventory_item\\E,\\Qtest.test_1_hstore\\E,\\Qtest.test_1_timetz\\E,\\Qtest.test_2_timetz\\E,\\Qtest.test_1_int2_array\\E,\\Qtest.test_1_int4_array\\E,\\Qtest.test_1_int8_array\\E,\\Qtest.test_1_oid_array\\E,\\Qtest.test_1_varchar_array\\E,\\Qtest.test_1_char_array\\E,\\Qtest.test_1_bpchar_array\\E,\\Qtest.test_1_text_array\\E,\\Qtest.test_1_name_array\\E,\\Qtest.test_1_decimal_array\\E,\\Qtest.test_2_decimal_array\\E,\\Qtest.test_3_decimal_array\\E,\\Qtest.test_1_numeric_array\\E,\\Qtest.test_2_numeric_array\\E,\\Qtest.test_3_numeric_array\\E,\\Qtest.test_1_float4_array\\E,\\Qtest.test_1_float8_array\\E,\\Qtest.test_1_money_array\\E,\\Qtest.test_1_bool_array\\E,\\Qtest.test_1_bit_array\\E,\\Qtest.test_1_bytea_array\\E,\\Qtest.test_1_date_array\\E,\\Qtest.test_1_time_array\\E,\\Qtest.test_1_timetz_array\\E,\\Qtest.test_1_timestamptz_array\\E,\\Qtest.test_1_timestamp_array\\E,\\Qtest.test_1_money\\E,\\Qtest.test_2_bigint\\E,\\Qtest.test_2_bigserial\\E,\\Qtest.test_3_bit\\E,\\Qtest.test_4_bit\\E,\\Qtest.test_3_bit_varying\\E,\\Qtest.test_4_bit_varying\\E,\\Qtest.test_2_bool\\E,\\Qtest.test_2_boolean\\E,\\Qtest.test_2_box\\E,\\Qtest.test_2_bytea\\E,\\Qtest.test_3_char\\E,\\Qtest.test_4_char\\E,\\Qtest.test_3_character\\E,\\Qtest.test_4_character\\E,\\Qtest.test_2_text\\E,\\Qtest.test_3_varchar\\E,\\Qtest.test_4_varchar\\E,\\Qtest.test_2_cidr\\E,\\Qtest.test_2_circle\\E,\\Qtest.test_4_date\\E,\\Qtest.test_5_date\\E,\\Qtest.test_6_date\\E,\\Qtest.test_2_float\\E,\\Qtest.test_2_double_precision\\E,\\Qtest.test_2_float8\\E,\\Qtest.test_2_inet\\E,\\Qtest.test_2_int4\\E,\\Qtest.test_2_int\\E,\\Qtest.test_2_integer\\E,\\Qtest.test_2_interval\\E,\\Qtest.test_2_json\\E,\\Qtest.test_2_jsonb\\E,\\Qtest.test_2_line\\E,\\Qtest.test_2_lseg\\E,\\Qtest.test_2_macaddr\\E,\\Qtest.test_2_macaddr8\\E,\\Qtest.test_6_numeric\\E,\\Qtest.test_7_numeric\\E,\\Qtest.test_8_numeric\\E,\\Qtest.test_9_numeric\\E,\\Qtest.test_2_decimal\\E,\\Qtest.test_10_numeric\\E,\\Qtest.test_2_path\\E,\\Qtest.test_2_pg_lsn\\E,\\Qtest.test_2_point\\E,\\Qtest.test_2_polygon\\E,\\Qtest.test_2_float4\\E,\\Qtest.test_2_real\\E,\\Qtest.test_2_int2\\E,\\Qtest.test_2_smallint\\E,\\Qtest.test_2_serial2\\E,\\Qtest.test_2_smallserial\\E,\\Qtest.test_2_serial4\\E,\\Qtest.test_2_serial\\E,\\Qtest.test_6_time\\E,\\Qtest.test_7_time\\E,\\Qtest.test_8_time\\E,\\Qtest.test_9_time\\E,\\Qtest.test_10_time\\E,\\Qtest.test_9_timestamp\\E,\\Qtest.test_10_timestamp\\E,\\Qtest.test_11_timestamp\\E,\\Qtest.test_12_timestamp\\E,\\Qtest.test_13_timestamp\\E,\\Qtest.test_14_timestamp\\E,\\Qtest.test_15_timestamp\\E,\\Qtest.test_16_timestamp\\E,\\Qtest.test_3_timestamptz\\E,\\Qtest.test_4_timestamptz\\E,\\Qtest.test_2_tsquery\\E,\\Qtest.test_2_tsvector\\E,\\Qtest.test_2_uuid\\E,\\Qtest.test_2_xml\\E,\\Qtest.test_2_mood\\E,\\Qtest.test_2_tsrange\\E,\\Qtest.test_2_inventory_item\\E,\\Qtest.test_2_hstore\\E,\\Qtest.test_3_timetz\\E,\\Qtest.test_4_timetz\\E,\\Qtest.test_2_int2_array\\E,\\Qtest.test_2_int4_array\\E,\\Qtest.test_2_int8_array\\E,\\Qtest.test_2_oid_array\\E,\\Qtest.test_2_varchar_array\\E,\\Qtest.test_2_char_array\\E,\\Qtest.test_2_bpchar_array\\E,\\Qtest.test_2_text_array\\E,\\Qtest.test_2_name_array\\E,\\Qtest.test_4_decimal_array\\E,\\Qtest.test_5_decimal_array\\E,\\Qtest.test_6_decimal_array\\E,\\Qtest.test_4_numeric_array\\E,\\Qtest.test_5_numeric_array\\E,\\Qtest.test_6_numeric_array\\E,\\Qtest.test_2_float4_array\\E,\\Qtest.test_2_float8_array\\E,\\Qtest.test_2_money_array\\E,\\Qtest.test_2_bool_array\\E,\\Qtest.test_2_bit_array\\E,\\Qtest.test_2_bytea_array\\E,\\Qtest.test_2_date_array\\E,\\Qtest.test_2_time_array\\E,\\Qtest.test_2_timetz_array\\E,\\Qtest.test_2_timestamptz_array\\E,\\Qtest.test_2_timestamp_array\\E,\\Qtest.test_2_money\\E,\\Qtest.random_dummy_table\\E"}}
{"type":"LOG","log":{"level":"INFO","message":"INFO i.a.w.i.DefaultAirbyteStreamFactory(internalLog):159 INFO i.d.c.c.BaseSourceTask(lambda$start$0):126    snapshot.mode = initial"}}
{"type":"LOG","log":{"level":"INFO","message":"INFO i.a.w.i.DefaultAirbyteStreamFactory(internalLog):159 INFO i.d.c.c.BaseSourceTask(startIfNeededAndPossible):243 Attempting to start task"}}
{"type":"LOG","log":{"level":"INFO","message":"INFO i.a.w.i.DefaultAirbyteStreamFactory(internalLog):159 INFO i.d.c.CommonConnectorConfig(getTopicNamingStrategy):849 Loading the custom topic naming strategy plugin: io.debezium.schema.SchemaTopicNamingStrategy"}}
{"type":"LOG","log":{"level":"INFO","message":"INFO i.a.w.i.DefaultAirbyteStreamFactory(internalLog):159 INFO i.d.j.JdbcConnection(lambda$doClose$4):947 Connection gracefully closed"}}
{"type":"LOG","log":{"level":"INFO","message":"INFO i.a.w.i.DefaultAirbyteStreamFactory(internalLog):159 INFO i.d.c.c.BaseSourceTask(getPreviousOffsets):375 No previous offsets found"}}
{"type":"LOG","log":{"level":"INFO","message":"INFO i.a.w.i.DefaultAirbyteStreamFactory(internalLog):159 INFO i.d.c.p.PostgresConnectorTask(start):113 user 'test' connected to database 'test' on PostgreSQL 14.8 on x86_64-pc-linux-musl, compiled by gcc (Alpine 12.2.1_git20220924-r10) 12.2.1 20220924, 64-bit with roles:\n\trole 'pg_read_all_settings' [superuser: false, replication: false, inherit: true, create role: false, create db: false, can log in: false]\n\trole 'pg_database_owner' [superuser: false, replication: false, inherit: true, create role: false, create db: false, can log in: false]\n\trole 'pg_read_all_data' [superuser: false, replication: false, inherit: true, create role: false, create db: false, can log in: false]\n\trole 'pg_stat_scan_tables' [superuser: false, replication: false, inherit: true, create role: false, create db: false, can log in: false]\n\trole 'pg_write_all_data' [superuser: false, replication: false, inherit: true, create role: false, create db: false, can log in: false]\n\trole 'pg_write_server_files' [superuser: false, replication: false, inherit: true, create role: false, create db: false, can log in: false]\n\trole 'test' [superuser: true, replication: true, inherit: true, create role: true, create db: true, can log in: true]\n\trole 'pg_monitor' [superuser: false, replication: false, inherit: true, create role: false, create db: false, can log in: false]\n\trole 'pg_read_server_files' [superuser: false, replication: false, inherit: true, create role: false, create db: false, can log in: false]\n\trole 'pg_execute_server_program' [superuser: false, replication: false, inherit: true, create role: false, create db: false, can log in: false]\n\trole 'pg_read_all_stats' [superuser: false, replication: false, inherit: true, create role: false, create db: false, can log in: false]\n\trole 'pg_signal_backend' [superuser: false, replication: false, inherit: true, create role: false, create db: false, can log in: false]"}}
{"type":"LOG","log":{"level":"INFO","message":"INFO i.a.w.i.DefaultAirbyteStreamFactory(internalLog):159 INFO i.d.c.p.c.PostgresConnection(readReplicationSlotInfo):264 Obtained valid replication slot ReplicationSlot [active=false, latestFlushedLsn=LSN{0/16FEAC8}, catalogXmin=735]"}}
{"type":"LOG","log":{"level":"INFO","message":"INFO i.a.w.i.DefaultAirbyteStreamFactory(internalLog):159 INFO i.d.c.p.PostgresConnectorTask(start):122 No previous offset found"}}
{"type":"LOG","log":{"level":"INFO","message":"INFO i.a.w.i.DefaultAirbyteStreamFactory(internalLog):159 INFO i.d.u.Threads(threadFactory):270 Requested thread factory for connector PostgresConnector, id = test named = change-event-source-coordinator"}}
{"type":"LOG","log":{"level":"INFO","message":"INFO i.a.w.i.DefaultAirbyteStreamFactory(internalLog):159 INFO i.d.u.Threads$3(newThread):287 Creating thread debezium-postgresconnector-test-change-event-source-coordinator"}}
{"type":"LOG","log":{"level":"INFO","message":"INFO i.a.w.i.DefaultAirbyteStreamFactory(internalLog):159 INFO i.d.c.c.BaseSourceTask(startIfNeededAndPossible):245 Successfully started task"}}
{"type":"LOG","log":{"level":"INFO","message":"INFO i.a.w.i.DefaultAirbyteStreamFactory(internalLog):159 INFO i.d.p.ChangeEventSourceCoordinator(lambda$start$0):103 Metrics registered"}}
{"type":"LOG","log":{"level":"INFO","message":"INFO i.a.w.i.DefaultAirbyteStreamFactory(internalLog):159 INFO i.d.p.ChangeEventSourceCoordinator(lambda$start$0):106 Context created"}}
{"type":"LOG","log":{"level":"INFO","message":"INFO i.a.w.i.DefaultAirbyteStreamFactory(internalLog):159 INFO i.d.c.p.s.InitialSnapshotter(shouldSnapshot):34 Taking initial snapshot for new datasource"}}
{"type":"LOG","log":{"level":"INFO","message":"INFO i.a.w.i.DefaultAirbyteStreamFactory(internalLog):159 INFO i.d.c.p.PostgresSnapshotChangeEventSource(getSnapshottingTask):65 According to the connector configuration data will be snapshotted"}}
{"type":"LOG","log":{"level":"INFO","message":"INFO i.a.w.i.DefaultAirbyteStreamFactory(internalLog):159 INFO i.d.r.RelationalSnapshotChangeEventSource(doExecute):110 Snapshot step 1 - Preparing"}}
{"type":"LOG","log":{"level":"INFO","message":"INFO i.a.w.i.DefaultAirbyteStreamFactory(internalLog):159 INFO i.d.r.RelationalSnapshotChangeEventSource(doExecute):119 Snapshot step 2 - Determining captured tables"}}
{"type":"LOG","log":{"level":"INFO","message":"INFO i.a.w.i.DefaultAirbyteStreamFactory(internalLog):159 INFO i.d.r.RelationalSnapshotChangeEventSource(determineCapturedTables):267 Adding table test.test_8_time to the list of capture schema tables"}}
{"type":"LOG","log":{"level":"INFO","message":"INFO i.a.w.i.DefaultAirbyteStreamFactory(internalLog):159 INFO i.d.r.RelationalSnapshotChangeEventSource(determineCapturedTables):267 Adding table test.test_8_timestamp to the list of capture schema tables"}}
{"type":"LOG","log":{"level":"INFO","message":"INFO i.a.w.i.DefaultAirbyteStreamFactory(internalLog):159 INFO i.d.r.RelationalSnapshotChangeEventSource(determineCapturedTables):267 Adding table test.test_3_char to the list of capture schema tables"}}
{"type":"LOG","log":{"level":"INFO","message":"INFO i.a.w.i.DefaultAirbyteStreamFactory(internalLog):159 INFO i.d.r.RelationalSnapshotChangeEventSource(determineCapturedTables):267 Adding table test.test_2_char_array to the list of capture schema tables"}}
{"type":"LOG","log":{"level":"INFO","message":"INFO i.a.w.i.DefaultAirbyteStreamFactory(internalLog):159 INFO i.d.r.RelationalSnapshotChangeEventSource(determineCapturedTables):267 Adding table test.test_7_numeric to the list of capture schema tables"}}
{"type":"LOG","log":{"level":"INFO","message":"INFO i.a.w.i.DefaultAirbyteStreamFactory(internalLog):159 INFO i.d.r.RelationalSnapshotChangeEventSource(determineCapturedTables):267 Adding table test.test_1_timetz_array to the list of capture schema tables"}}
{"type":"LOG","log":{"level":"INFO","message":"INFO i.a.w.i.DefaultAirbyteStreamFactory(internalLog):159 INFO i.d.r.RelationalSnapshotChangeEventSource(determineCapturedTables):267 Adding table test.test_1_circle to the list of capture schema tables"}}
{"type":"LOG","log":{"level":"INFO","message":"INFO i.a.w.i.DefaultAirbyteStreamFactory(internalLog):159 INFO i.d.r.RelationalSnapshotChangeEventSource(determineCapturedTables):267 Adding table test.test_2_varchar_array to the list of capture schema tables"}}
{"type":"LOG","log":{"level":"INFO","message":"INFO i.a.w.i.DefaultAirbyteStreamFactory(internalLog):159 INFO i.d.r.RelationalSnapshotChangeEventSource(determineCapturedTables):267 Adding table test.test_2_money to the list of capture schema tables"}}
{"type":"LOG","log":{"level":"INFO","message":"INFO i.a.w.i.DefaultAirbyteStreamFactory(internalLog):159 INFO i.d.r.RelationalSnapshotChangeEventSource(determineCapturedTables):267 Adding table test.test_1_float4_array to the list of capture schema tables"}}
{"type":"LOG","log":{"level":"INFO","message":"INFO i.a.w.i.DefaultAirbyteStreamFactory(internalLog):159 INFO i.d.r.RelationalSnapshotChangeEventSource(determineCapturedTables):267 Adding table test.test_1_tsquery to the list of capture schema tables"}}
{"type":"LOG","log":{"level":"INFO","message":"INFO i.a.w.i.DefaultAirbyteStreamFactory(internalLog):159 INFO i.d.r.RelationalSnapshotChangeEventSource(determineCapturedTables):267 Adding table test.test_1_text to the list of capture schema tables"}}
{"type":"LOG","log":{"level":"INFO","message":"INFO i.a.w.i.DefaultAirbyteStreamFactory(internalLog):159 INFO i.d.r.RelationalSnapshotChangeEventSource(determineCapturedTables):267 Adding table test.test_2_numeric_array to the list of capture schema tables"}}
{"type":"LOG","log":{"level":"INFO","message":"INFO i.a.w.i.DefaultAirbyteStreamFactory(internalLog):159 INFO i.d.r.RelationalSnapshotChangeEventSource(determineCapturedTables):267 Adding table test.test_2_date_array to the list of capture schema tables"}}
{"type":"LOG","log":{"level":"INFO","message":"INFO i.a.w.i.DefaultAirbyteStreamFactory(internalLog):159 INFO i.d.r.RelationalSnapshotChangeEventSource(determineCapturedTables):267 Adding table test.test_2_bytea to the list of capture schema tables"}}
{"type":"LOG","log":{"level":"INFO","message":"INFO i.a.w.i.DefaultAirbyteStreamFactory(internalLog):159 INFO i.d.r.RelationalSnapshotChangeEventSource(determineCapturedTables):267 Adding table test.test_2_path to the list of capture schema tables"}}
{"type":"LOG","log":{"level":"INFO","message":"INFO i.a.w.i.DefaultAirbyteStreamFactory(internalLog):159 INFO i.d.r.RelationalSnapshotChangeEventSource(determineCapturedTables):267 Adding table test.test_2_int2 to the list of capture schema tables"}}
{"type":"LOG","log":{"level":"INFO","message":"INFO i.a.w.i.DefaultAirbyteStreamFactory(internalLog):159 INFO i.d.r.RelationalSnapshotChangeEventSource(determineCapturedTables):267 Adding table test.test_1_serial to the list of capture schema tables"}}
{"type":"LOG","log":{"level":"INFO","message":"INFO i.a.w.i.DefaultAirbyteStreamFactory(internalLog):159 INFO i.d.r.RelationalSnapshotChangeEventSource(determineCapturedTables):267 Adding table test.test_2_int4 to the list of capture schema tables"}}
{"type":"LOG","log":{"level":"INFO","message":"INFO i.a.w.i.DefaultAirbyteStreamFactory(internalLog):159 INFO i.d.r.RelationalSnapshotChangeEventSource(determineCapturedTables):267 Adding table test.test_2_bool_array to the list of capture schema tables"}}
{"type":"LOG","log":{"level":"INFO","message":"INFO i.a.w.i.DefaultAirbyteStreamFactory(internalLog):159 INFO i.d.r.RelationalSnapshotChangeEventSource(determineCapturedTables):267 Adding table test.test_5_date to the list of capture schema tables"}}
{"type":"LOG","log":{"level":"INFO","message":"INFO i.a.w.i.DefaultAirbyteStreamFactory(internalLog):159 INFO i.d.r.RelationalSnapshotChangeEventSource(determineCapturedTables):267 Adding table test.test_7_timestamp to the list of capture schema tables"}}
{"type":"LOG","log":{"level":"INFO","message":"INFO i.a.w.i.DefaultAirbyteStreamFactory(internalLog):159 INFO i.d.r.RelationalSnapshotChangeEventSource(determineCapturedTables):267 Adding table test.test_3_decimal_array to the list of capture schema tables"}}
{"type":"LOG","log":{"level":"INFO","message":"INFO i.a.w.i.DefaultAirbyteStreamFactory(internalLog):159 INFO i.d.r.RelationalSnapshotChangeEventSource(determineCapturedTables):267 Adding table test.test_13_timestamp to the list of capture schema tables"}}
{"type":"LOG","log":{"level":"INFO","message":"INFO i.a.w.i.DefaultAirbyteStreamFactory(internalLog):159 INFO i.d.r.RelationalSnapshotChangeEventSource(determineCapturedTables):267 Adding table test.test_1_text_array to the list of capture schema tables"}}
{"type":"LOG","log":{"level":"INFO","message":"INFO i.a.w.i.DefaultAirbyteStreamFactory(internalLog):159 INFO i.d.r.RelationalSnapshotChangeEventSource(determineCapturedTables):267 Adding table test.test_2_timetz_array to the list of capture schema tables"}}
{"type":"LOG","log":{"level":"INFO","message":"INFO i.a.w.i.DefaultAirbyteStreamFactory(internalLog):159 INFO i.d.r.RelationalSnapshotChangeEventSource(determineCapturedTables):267 Adding table test.test_1_bigserial to the list of capture schema tables"}}
{"type":"LOG","log":{"level":"INFO","message":"INFO i.a.w.i.DefaultAirbyteStreamFactory(internalLog):159 INFO i.d.r.RelationalSnapshotChangeEventSource(determineCapturedTables):267 Adding table test.test_1_serial2 to the list of capture schema tables"}}
{"type":"LOG","log":{"level":"INFO","message":"INFO i.a.w.i.DefaultAirbyteStreamFactory(internalLog):159 INFO i.d.r.RelationalSnapshotChangeEventSource(determineCapturedTables):267 Adding table test.test_1_bool to the list of capture schema tables"}}
{"type":"LOG","log":{"level":"INFO","message":"INFO i.a.w.i.DefaultAirbyteStreamFactory(internalLog):159 INFO i.d.r.RelationalSnapshotChangeEventSource(determineCapturedTables):267 Adding table test.test_2_bit to the list of capture schema tables"}}
{"type":"LOG","log":{"level":"INFO","message":"INFO i.a.w.i.DefaultAirbyteStreamFactory(internalLog):159 INFO i.d.r.RelationalSnapshotChangeEventSource(determineCapturedTables):267 Adding table test.test_1_mood to the list of capture schema tables"}}
{"type":"LOG","log":{"level":"INFO","message":"INFO i.a.w.i.DefaultAirbyteStreamFactory(internalLog):159 INFO i.d.r.RelationalSnapshotChangeEventSource(determineCapturedTables):267 Adding table test.test_2_numeric to the list of capture schema tables"}}
{"type":"LOG","log":{"level":"INFO","message":"INFO i.a.w.i.DefaultAirbyteStreamFactory(internalLog):159 INFO i.d.r.RelationalSnapshotChangeEventSource(determineCapturedTables):267 Adding table test.test_2_time_array to the list of capture schema tables"}}
{"type":"LOG","log":{"level":"INFO","message":"INFO i.a.w.i.DefaultAirbyteStreamFactory(internalLog):159 INFO i.d.r.RelationalSnapshotChangeEventSource(determineCapturedTables):267 Adding table test.test_1_integer to the list of capture schema tables"}}
{"type":"LOG","log":{"level":"INFO","message":"INFO i.a.w.i.DefaultAirbyteStreamFactory(internalLog):159 INFO i.d.r.RelationalSnapshotChangeEventSource(determineCapturedTables):267 Adding table test.test_2_int8_array to the list of capture schema tables"}}
{"type":"LOG","log":{"level":"INFO","message":"INFO i.a.w.i.DefaultAirbyteStreamFactory(internalLog):159 INFO i.d.r.RelationalSnapshotChangeEventSource(determineCapturedTables):267 Adding table test.test_6_timestamp to the list of capture schema tables"}}
{"type":"LOG","log":{"level":"INFO","message":"INFO i.a.w.i.DefaultAirbyteStreamFactory(internalLog):159 INFO i.d.r.RelationalSnapshotChangeEventSource(determineCapturedTables):267 Adding table test.test_4_decimal_array to the list of capture schema tables"}}
{"type":"LOG","log":{"level":"INFO","message":"INFO i.a.w.i.DefaultAirbyteStreamFactory(internalLog):159 INFO i.d.r.RelationalSnapshotChangeEventSource(determineCapturedTables):267 Adding table test.test_2_float4_array to the list of capture schema tables"}}
{"type":"LOG","log":{"level":"INFO","message":"INFO i.a.w.i.DefaultAirbyteStreamFactory(internalLog):159 INFO i.d.r.RelationalSnapshotChangeEventSource(determineCapturedTables):267 Adding table test.test_3_timetz to the list of capture schema tables"}}
{"type":"LOG","log":{"level":"INFO","message":"INFO i.a.w.i.DefaultAirbyteStreamFactory(internalLog):159 INFO i.d.r.RelationalSnapshotChangeEventSource(determineCapturedTables):267 Adding table test.test_1_oid_array to the list of capture schema tables"}}
{"type":"LOG","log":{"level":"INFO","message":"INFO i.a.w.i.DefaultAirbyteStreamFactory(internalLog):159 INFO i.d.r.RelationalSnapshotChangeEventSource(determineCapturedTables):267 Adding table test.test_2_inet to the list of capture schema tables"}}
{"type":"LOG","log":{"level":"INFO","message":"INFO i.a.w.i.DefaultAirbyteStreamFactory(internalLog):159 INFO i.d.r.RelationalSnapshotChangeEventSource(determineCapturedTables):267 Adding table test.test_1_json to the list of capture schema tables"}}
{"type":"LOG","log":{"level":"INFO","message":"INFO i.a.w.i.DefaultAirbyteStreamFactory(internalLog):159 INFO i.d.r.RelationalSnapshotChangeEventSource(determineCapturedTables):267 Adding table test.test_1_interval to the list of capture schema tables"}}
{"type":"LOG","log":{"level":"INFO","message":"INFO i.a.w.i.DefaultAirbyteStreamFactory(internalLog):159 INFO i.d.r.RelationalSnapshotChangeEventSource(determineCapturedTables):267 Adding table test.test_1_name_array to the list of capture schema tables"}}
{"type":"LOG","log":{"level":"INFO","message":"INFO i.a.w.i.DefaultAirbyteStreamFactory(internalLog):159 INFO i.d.r.RelationalSnapshotChangeEventSource(determineCapturedTables):267 Adding table test.test_1_tsrange to the list of capture schema tables"}}
{"type":"LOG","log":{"level":"INFO","message":"INFO i.a.w.i.DefaultAirbyteStreamFactory(internalLog):159 INFO i.d.r.RelationalSnapshotChangeEventSource(determineCapturedTables):267 Adding table test.test_9_timestamp to the list of capture schema tables"}}
{"type":"LOG","log":{"level":"INFO","message":"INFO i.a.w.i.DefaultAirbyteStreamFactory(internalLog):159 INFO i.d.r.RelationalSnapshotChangeEventSource(determineCapturedTables):267 Adding table test.test_2_lseg to the list of capture schema tables"}}
{"type":"LOG","log":{"level":"INFO","message":"INFO i.a.w.i.DefaultAirbyteStreamFactory(internalLog):159 INFO i.d.r.RelationalSnapshotChangeEventSource(determineCapturedTables):267 Adding table test.test_1_varchar to the list of capture schema tables"}}
{"type":"LOG","log":{"level":"INFO","message":"INFO i.a.w.i.DefaultAirbyteStreamFactory(internalLog):159 INFO i.d.r.RelationalSnapshotChangeEventSource(determineCapturedTables):267 Adding table test.test_4_varchar to the list of capture schema tables"}}
{"type":"LOG","log":{"level":"INFO","message":"INFO i.a.w.i.DefaultAirbyteStreamFactory(internalLog):159 INFO i.d.r.RelationalSnapshotChangeEventSource(determineCapturedTables):267 Adding table test.test_14_timestamp to the list of capture schema tables"}}
{"type":"LOG","log":{"level":"INFO","message":"INFO i.a.w.i.DefaultAirbyteStreamFactory(internalLog):159 INFO i.d.r.RelationalSnapshotChangeEventSource(determineCapturedTables):267 Adding table test.test_1_macaddr to the list of capture schema tables"}}
{"type":"LOG","log":{"level":"INFO","message":"INFO i.a.w.i.DefaultAirbyteStreamFactory(internalLog):159 INFO i.d.r.RelationalSnapshotChangeEventSource(determineCapturedTables):267 Adding table test.test_1_int2_array to the list of capture schema tables"}}
{"type":"LOG","log":{"level":"INFO","message":"INFO i.a.w.i.DefaultAirbyteStreamFactory(internalLog):159 INFO i.d.r.RelationalSnapshotChangeEventSource(determineCapturedTables):267 Adding table test.test_1_boolean to the list of capture schema tables"}}
{"type":"LOG","log":{"level":"INFO","message":"INFO i.a.w.i.DefaultAirbyteStreamFactory(internalLog):159 INFO i.d.r.RelationalSnapshotChangeEventSource(determineCapturedTables):267 Adding table test.test_2_float to the list of capture schema tables"}}
{"type":"LOG","log":{"level":"INFO","message":"INFO i.a.w.i.DefaultAirbyteStreamFactory(internalLog):159 INFO i.d.r.RelationalSnapshotChangeEventSource(determineCapturedTables):267 Adding table test.test_1_time to the list of capture schema tables"}}
{"type":"LOG","log":{"level":"INFO","message":"INFO i.a.w.i.DefaultAirbyteStreamFactory(internalLog):159 INFO i.d.r.RelationalSnapshotChangeEventSource(determineCapturedTables):267 Adding table test.test_1_int8_array to the list of capture schema tables"}}
{"type":"LOG","log":{"level":"INFO","message":"INFO i.a.w.i.DefaultAirbyteStreamFactory(internalLog):159 INFO i.d.r.RelationalSnapshotChangeEventSource(determineCapturedTables):267 Adding table test.test_4_time to the list of capture schema tables"}}
{"type":"LOG","log":{"level":"INFO","message":"INFO i.a.w.i.DefaultAirbyteStreamFactory(internalLog):159 INFO i.d.r.RelationalSnapshotChangeEventSource(determineCapturedTables):267 Adding table test.test_1_serial4 to the list of capture schema tables"}}
{"type":"LOG","log":{"level":"INFO","message":"INFO i.a.w.i.DefaultAirbyteStreamFactory(internalLog):159 INFO i.d.r.RelationalSnapshotChangeEventSource(determineCapturedTables):267 Adding table test.test_11_timestamp to the list of capture schema tables"}}
{"type":"LOG","log":{"level":"INFO","message":"INFO i.a.w.i.DefaultAirbyteStreamFactory(internalLog):159 INFO i.d.r.RelationalSnapshotChangeEventSource(determineCapturedTables):267 Adding table test.test_1_date to the list of capture schema tables"}}
{"type":"LOG","log":{"level":"INFO","message":"INFO i.a.w.i.DefaultAirbyteStreamFactory(internalLog):159 INFO i.d.r.RelationalSnapshotChangeEventSource(determineCapturedTables):267 Adding table test.test_2_text_array to the list of capture schema tables"}}
{"type":"LOG","log":{"level":"INFO","message":"INFO i.a.w.i.DefaultAirbyteStreamFactory(internalLog):159 INFO i.d.r.RelationalSnapshotChangeEventSource(determineCapturedTables):267 Adding table test.test_2_time to the list of capture schema tables"}}
{"type":"LOG","log":{"level":"INFO","message":"INFO i.a.w.i.DefaultAirbyteStreamFactory(internalLog):159 INFO i.d.r.RelationalSnapshotChangeEventSource(determineCapturedTables):267 Adding table test.test_2_interval to the list of capture schema tables"}}
{"type":"LOG","log":{"level":"INFO","message":"INFO i.a.w.i.DefaultAirbyteStreamFactory(internalLog):159 INFO i.d.r.RelationalSnapshotChangeEventSource(determineCapturedTables):267 Adding table test.test_1_numeric to the list of capture schema tables"}}
{"type":"LOG","log":{"level":"INFO","message":"INFO i.a.w.i.DefaultAirbyteStreamFactory(internalLog):159 INFO i.d.r.RelationalSnapshotChangeEventSource(determineCapturedTables):267 Adding table test.test_2_bit_varying to the list of capture schema tables"}}
{"type":"LOG","log":{"level":"INFO","message":"INFO i.a.w.i.DefaultAirbyteStreamFactory(internalLog):159 INFO i.d.r.RelationalSnapshotChangeEventSource(determineCapturedTables):267 Adding table test.test_1_uuid to the list of capture schema tables"}}
{"type":"LOG","log":{"level":"INFO","message":"INFO i.a.w.i.DefaultAirbyteStreamFactory(internalLog):159 INFO i.d.r.RelationalSnapshotChangeEventSource(determineCapturedTables):267 Adding table test.test_4_bit_varying to the list of capture schema tables"}}
{"type":"LOG","log":{"level":"INFO","message":"INFO i.a.w.i.DefaultAirbyteStreamFactory(internalLog):159 INFO i.d.r.RelationalSnapshotChangeEventSource(determineCapturedTables):267 Adding table test.test_3_time to the list of capture schema tables"}}
{"type":"LOG","log":{"level":"INFO","message":"INFO i.a.w.i.DefaultAirbyteStreamFactory(internalLog):159 INFO i.d.r.RelationalSnapshotChangeEventSource(determineCapturedTables):267 Adding table test.test_1_bool_array to the list of capture schema tables"}}
{"type":"LOG","log":{"level":"INFO","message":"INFO i.a.w.i.DefaultAirbyteStreamFactory(internalLog):159 INFO i.d.r.RelationalSnapshotChangeEventSource(determineCapturedTables):267 Adding table test.test_2_bytea_array to the list of capture schema tables"}}
{"type":"LOG","log":{"level":"INFO","message":"INFO i.a.w.i.DefaultAirbyteStreamFactory(internalLog):159 INFO i.d.r.RelationalSnapshotChangeEventSource(determineCapturedTables):267 Adding table test.test_1_int4_array to the list of capture schema tables"}}
{"type":"LOG","log":{"level":"INFO","message":"INFO i.a.w.i.DefaultAirbyteStreamFactory(internalLog):159 INFO i.d.r.RelationalSnapshotChangeEventSource(determineCapturedTables):267 Adding table test.test_1_varchar_array to the list of capture schema tables"}}
{"type":"LOG","log":{"level":"INFO","message":"INFO i.a.w.i.DefaultAirbyteStreamFactory(internalLog):159 INFO i.d.r.RelationalSnapshotChangeEventSource(determineCapturedTables):267 Adding table test.test_3_varchar to the list of capture schema tables"}}
{"type":"LOG","log":{"level":"INFO","message":"INFO i.a.w.i.DefaultAirbyteStreamFactory(internalLog):159 INFO i.d.r.RelationalSnapshotChangeEventSource(determineCapturedTables):267 Adding table test.test_3_numeric_array to the list of capture schema tables"}}
{"type":"LOG","log":{"level":"INFO","message":"INFO i.a.w.i.DefaultAirbyteStreamFactory(internalLog):159 INFO i.d.r.RelationalSnapshotChangeEventSource(determineCapturedTables):267 Adding table test.test_1_real to the list of capture schema tables"}}
{"type":"LOG","log":{"level":"INFO","message":"INFO i.a.w.i.DefaultAirbyteStreamFactory(internalLog):159 INFO i.d.r.RelationalSnapshotChangeEventSource(determineCapturedTables):267 Adding table test.test_1_money to the list of capture schema tables"}}
{"type":"LOG","log":{"level":"INFO","message":"INFO i.a.w.i.DefaultAirbyteStreamFactory(internalLog):159 INFO i.d.r.RelationalSnapshotChangeEventSource(determineCapturedTables):267 Adding table test.test_2_name_array to the list of capture schema tables"}}
{"type":"LOG","log":{"level":"INFO","message":"INFO i.a.w.i.DefaultAirbyteStreamFactory(internalLog):159 INFO i.d.r.RelationalSnapshotChangeEventSource(determineCapturedTables):267 Adding table test.test_1_bit_array to the list of capture schema tables"}}
{"type":"LOG","log":{"level":"INFO","message":"INFO i.a.w.i.DefaultAirbyteStreamFactory(internalLog):159 INFO i.d.r.RelationalSnapshotChangeEventSource(determineCapturedTables):267 Adding table test.test_1_pg_lsn to the list of capture schema tables"}}
{"type":"LOG","log":{"level":"INFO","message":"INFO i.a.w.i.DefaultAirbyteStreamFactory(internalLog):159 INFO i.d.r.RelationalSnapshotChangeEventSource(determineCapturedTables):267 Adding table test.test_2_boolean to the list of capture schema tables"}}
{"type":"LOG","log":{"level":"INFO","message":"INFO i.a.w.i.DefaultAirbyteStreamFactory(internalLog):159 INFO i.d.r.RelationalSnapshotChangeEventSource(determineCapturedTables):267 Adding table test.test_1_jsonb to the list of capture schema tables"}}
{"type":"LOG","log":{"level":"INFO","message":"INFO i.a.w.i.DefaultAirbyteStreamFactory(internalLog):159 INFO i.d.r.RelationalSnapshotChangeEventSource(determineCapturedTables):267 Adding table test.test_2_integer to the list of capture schema tables"}}
{"type":"LOG","log":{"level":"INFO","message":"INFO i.a.w.i.DefaultAirbyteStreamFactory(internalLog):159 INFO i.d.r.RelationalSnapshotChangeEventSource(determineCapturedTables):267 Adding table test.test_3_timestamp to the list of capture schema tables"}}
{"type":"LOG","log":{"level":"INFO","message":"INFO i.a.w.i.DefaultAirbyteStreamFactory(internalLog):159 INFO i.d.r.RelationalSnapshotChangeEventSource(determineCapturedTables):267 Adding table test.test_1_decimal to the list of capture schema tables"}}
{"type":"LOG","log":{"level":"INFO","message":"INFO i.a.w.i.DefaultAirbyteStreamFactory(internalLog):159 INFO i.d.r.RelationalSnapshotChangeEventSource(determineCapturedTables):267 Adding table test.test_4_numeric to the list of capture schema tables"}}
{"type":"LOG","log":{"level":"INFO","message":"INFO i.a.w.i.DefaultAirbyteStreamFactory(internalLog):159 INFO i.d.r.RelationalSnapshotChangeEventSource(determineCapturedTables):267 Adding table test.test_2_money_array to the list of capture schema tables"}}
{"type":"LOG","log":{"level":"INFO","message":"INFO i.a.w.i.DefaultAirbyteStreamFactory(internalLog):159 INFO i.d.r.RelationalSnapshotChangeEventSource(determineCapturedTables):267 Adding table test.test_1_smallserial to the list of capture schema tables"}}
{"type":"LOG","log":{"level":"INFO","message":"INFO i.a.w.i.DefaultAirbyteStreamFactory(internalLog):159 INFO i.d.r.RelationalSnapshotChangeEventSource(determineCapturedTables):267 Adding table test.test_4_timetz to the list of capture schema tables"}}
{"type":"LOG","log":{"level":"INFO","message":"INFO i.a.w.i.DefaultAirbyteStreamFactory(internalLog):159 INFO i.d.r.RelationalSnapshotChangeEventSource(determineCapturedTables):267 Adding table test.test_1_date_array to the list of capture schema tables"}}
{"type":"LOG","log":{"level":"INFO","message":"INFO i.a.w.i.DefaultAirbyteStreamFactory(internalLog):159 INFO i.d.r.RelationalSnapshotChangeEventSource(determineCapturedTables):267 Adding table test.test_12_timestamp to the list of capture schema tables"}}
{"type":"LOG","log":{"level":"INFO","message":"INFO i.a.w.i.DefaultAirbyteStreamFactory(internalLog):159 INFO i.d.r.RelationalSnapshotChangeEventSource(determineCapturedTables):267 Adding table test.test_1_timetz to the list of capture schema tables"}}
{"type":"LOG","log":{"level":"INFO","message":"INFO i.a.w.i.DefaultAirbyteStreamFactory(internalLog):159 INFO i.d.r.RelationalSnapshotChangeEventSource(determineCapturedTables):267 Adding table test.test_2_float8 to the list of capture schema tables"}}
{"type":"LOG","log":{"level":"INFO","message":"INFO i.a.w.i.DefaultAirbyteStreamFactory(internalLog):159 INFO i.d.r.RelationalSnapshotChangeEventSource(determineCapturedTables):267 Adding table test.test_2_bpchar_array to the list of capture schema tables"}}
{"type":"LOG","log":{"level":"INFO","message":"INFO i.a.w.i.DefaultAirbyteStreamFactory(internalLog):159 INFO i.d.r.RelationalSnapshotChangeEventSource(determineCapturedTables):267 Adding table test.test_2_jsonb to the list of capture schema tables"}}
{"type":"LOG","log":{"level":"INFO","message":"INFO i.a.w.i.DefaultAirbyteStreamFactory(internalLog):159 INFO i.d.r.RelationalSnapshotChangeEventSource(determineCapturedTables):267 Adding table test.test_2_tsvector to the list of capture schema tables"}}
{"type":"LOG","log":{"level":"INFO","message":"INFO i.a.w.i.DefaultAirbyteStreamFactory(internalLog):159 INFO i.d.r.RelationalSnapshotChangeEventSource(determineCapturedTables):267 Adding table test.test_2_bit_array to the list of capture schema tables"}}
{"type":"LOG","log":{"level":"INFO","message":"INFO i.a.w.i.DefaultAirbyteStreamFactory(internalLog):159 INFO i.d.r.RelationalSnapshotChangeEventSource(determineCapturedTables):267 Adding table test.test_1_cidr to the list of capture schema tables"}}
{"type":"LOG","log":{"level":"INFO","message":"INFO i.a.w.i.DefaultAirbyteStreamFactory(internalLog):159 INFO i.d.r.RelationalSnapshotChangeEventSource(determineCapturedTables):267 Adding table test.test_2_float4 to the list of capture schema tables"}}
{"type":"LOG","log":{"level":"INFO","message":"INFO i.a.w.i.DefaultAirbyteStreamFactory(internalLog):159 INFO i.d.r.RelationalSnapshotChangeEventSource(determineCapturedTables):267 Adding table test.test_2_timestamp_array to the list of capture schema tables"}}
{"type":"LOG","log":{"level":"INFO","message":"INFO i.a.w.i.DefaultAirbyteStreamFactory(internalLog):159 INFO i.d.r.RelationalSnapshotChangeEventSource(determineCapturedTables):267 Adding table test.test_2_hstore to the list of capture schema tables"}}
{"type":"LOG","log":{"level":"INFO","message":"INFO i.a.w.i.DefaultAirbyteStreamFactory(internalLog):159 INFO i.d.r.RelationalSnapshotChangeEventSource(determineCapturedTables):267 Adding table test.test_2_timestamptz_array to the list of capture schema tables"}}
{"type":"LOG","log":{"level":"INFO","message":"INFO i.a.w.i.DefaultAirbyteStreamFactory(internalLog):159 INFO i.d.r.RelationalSnapshotChangeEventSource(determineCapturedTables):267 Adding table test.test_2_json to the list of capture schema tables"}}
{"type":"LOG","log":{"level":"INFO","message":"INFO i.a.w.i.DefaultAirbyteStreamFactory(internalLog):159 INFO i.d.r.RelationalSnapshotChangeEventSource(determineCapturedTables):267 Adding table test.test_2_timestamp to the list of capture schema tables"}}
{"type":"LOG","log":{"level":"INFO","message":"INFO i.a.w.i.DefaultAirbyteStreamFactory(internalLog):159 INFO i.d.r.RelationalSnapshotChangeEventSource(determineCapturedTables):267 Adding table test.test_1_bigint to the list of capture schema tables"}}
{"type":"LOG","log":{"level":"INFO","message":"INFO i.a.w.i.DefaultAirbyteStreamFactory(internalLog):159 INFO i.d.r.RelationalSnapshotChangeEventSource(determineCapturedTables):267 Adding table test.test_2_bool to the list of capture schema tables"}}
{"type":"LOG","log":{"level":"INFO","message":"INFO i.a.w.i.DefaultAirbyteStreamFactory(internalLog):159 INFO i.d.r.RelationalSnapshotChangeEventSource(determineCapturedTables):267 Adding table test.test_2_macaddr8 to the list of capture schema tables"}}
{"type":"LOG","log":{"level":"INFO","message":"INFO i.a.w.i.DefaultAirbyteStreamFactory(internalLog):159 INFO i.d.r.RelationalSnapshotChangeEventSource(determineCapturedTables):267 Adding table test.test_1_bit to the list of capture schema tables"}}
{"type":"LOG","log":{"level":"INFO","message":"INFO i.a.w.i.DefaultAirbyteStreamFactory(internalLog):159 INFO i.d.r.RelationalSnapshotChangeEventSource(determineCapturedTables):267 Adding table test.test_2_oid_array to the list of capture schema tables"}}
{"type":"LOG","log":{"level":"INFO","message":"INFO i.a.w.i.DefaultAirbyteStreamFactory(internalLog):159 INFO i.d.r.RelationalSnapshotChangeEventSource(determineCapturedTables):267 Adding table test.test_2_mood to the list of capture schema tables"}}
{"type":"LOG","log":{"level":"INFO","message":"INFO i.a.w.i.DefaultAirbyteStreamFactory(internalLog):159 INFO i.d.r.RelationalSnapshotChangeEventSource(determineCapturedTables):267 Adding table test.test_1_polygon to the list of capture schema tables"}}
{"type":"LOG","log":{"level":"INFO","message":"INFO i.a.w.i.DefaultAirbyteStreamFactory(internalLog):159 INFO i.d.r.RelationalSnapshotChangeEventSource(determineCapturedTables):267 Adding table test.test_1_char to the list of capture schema tables"}}
{"type":"LOG","log":{"level":"INFO","message":"INFO i.a.w.i.DefaultAirbyteStreamFactory(internalLog):159 INFO i.d.r.RelationalSnapshotChangeEventSource(determineCapturedTables):267 Adding table test.test_6_date to the list of capture schema tables"}}
{"type":"LOG","log":{"level":"INFO","message":"INFO i.a.w.i.DefaultAirbyteStreamFactory(internalLog):159 INFO i.d.r.RelationalSnapshotChangeEventSource(determineCapturedTables):267 Adding table test.test_1_numeric_array to the list of capture schema tables"}}
{"type":"LOG","log":{"level":"INFO","message":"INFO i.a.w.i.DefaultAirbyteStreamFactory(internalLog):159 INFO i.d.r.RelationalSnapshotChangeEventSource(determineCapturedTables):267 Adding table test.test_2_double_precision to the list of capture schema tables"}}
{"type":"LOG","log":{"level":"INFO","message":"INFO i.a.w.i.DefaultAirbyteStreamFactory(internalLog):159 INFO i.d.r.RelationalSnapshotChangeEventSource(determineCapturedTables):267 Adding table test.test_2_box to the list of capture schema tables"}}
{"type":"LOG","log":{"level":"INFO","message":"INFO i.a.w.i.DefaultAirbyteStreamFactory(internalLog):159 INFO i.d.r.RelationalSnapshotChangeEventSource(determineCapturedTables):267 Adding table test.test_2_inventory_item to the list of capture schema tables"}}
{"type":"LOG","log":{"level":"INFO","message":"INFO i.a.w.i.DefaultAirbyteStreamFactory(internalLog):159 INFO i.d.r.RelationalSnapshotChangeEventSource(determineCapturedTables):267 Adding table test.test_1_timestamp to the list of capture schema tables"}}
{"type":"LOG","log":{"level":"INFO","message":"INFO i.a.w.i.DefaultAirbyteStreamFactory(internalLog):159 INFO i.d.r.RelationalSnapshotChangeEventSource(determineCapturedTables):267 Adding table test.test_2_circle to the list of capture schema tables"}}
{"type":"LOG","log":{"level":"INFO","message":"INFO i.a.w.i.DefaultAirbyteStreamFactory(internalLog):159 INFO i.d.r.RelationalSnapshotChangeEventSource(determineCapturedTables):267 Adding table test.test_3_timestamptz to the list of capture schema tables"}}
{"type":"LOG","log":{"level":"INFO","message":"INFO i.a.w.i.DefaultAirbyteStreamFactory(internalLog):159 INFO i.d.r.RelationalSnapshotChangeEventSource(determineCapturedTables):267 Adding table test.test_1_int2 to the list of capture schema tables"}}
{"type":"LOG","log":{"level":"INFO","message":"INFO i.a.w.i.DefaultAirbyteStreamFactory(internalLog):159 INFO i.d.r.RelationalSnapshotChangeEventSource(determineCapturedTables):267 Adding table test.test_1_int4 to the list of capture schema tables"}}
{"type":"LOG","log":{"level":"INFO","message":"INFO i.a.w.i.DefaultAirbyteStreamFactory(internalLog):159 INFO i.d.r.RelationalSnapshotChangeEventSource(determineCapturedTables):267 Adding table test.test_1_timestamptz to the list of capture schema tables"}}
{"type":"LOG","log":{"level":"INFO","message":"INFO i.a.w.i.DefaultAirbyteStreamFactory(internalLog):159 INFO i.d.r.RelationalSnapshotChangeEventSource(determineCapturedTables):267 Adding table test.test_2_timestamptz to the list of capture schema tables"}}
{"type":"LOG","log":{"level":"INFO","message":"INFO i.a.w.i.DefaultAirbyteStreamFactory(internalLog):159 INFO i.d.r.RelationalSnapshotChangeEventSource(determineCapturedTables):267 Adding table test.test_2_char to the list of capture schema tables"}}
{"type":"LOG","log":{"level":"INFO","message":"INFO i.a.w.i.DefaultAirbyteStreamFactory(internalLog):159 INFO i.d.r.RelationalSnapshotChangeEventSource(determineCapturedTables):267 Adding table test.test_1_bpchar_array to the list of capture schema tables"}}
{"type":"LOG","log":{"level":"INFO","message":"INFO i.a.w.i.DefaultAirbyteStreamFactory(internalLog):159 INFO i.d.r.RelationalSnapshotChangeEventSource(determineCapturedTables):267 Adding table test.test_1_path to the list of capture schema tables"}}
{"type":"LOG","log":{"level":"INFO","message":"INFO i.a.w.i.DefaultAirbyteStreamFactory(internalLog):159 INFO i.d.r.RelationalSnapshotChangeEventSource(determineCapturedTables):267 Adding table test.test_2_character to the list of capture schema tables"}}
{"type":"LOG","log":{"level":"INFO","message":"INFO i.a.w.i.DefaultAirbyteStreamFactory(internalLog):159 INFO i.d.r.RelationalSnapshotChangeEventSource(determineCapturedTables):267 Adding table test.test_3_numeric to the list of capture schema tables"}}
{"type":"LOG","log":{"level":"INFO","message":"INFO i.a.w.i.DefaultAirbyteStreamFactory(internalLog):159 INFO i.d.r.RelationalSnapshotChangeEventSource(determineCapturedTables):267 Adding table test.test_9_time to the list of capture schema tables"}}
{"type":"LOG","log":{"level":"INFO","message":"INFO i.a.w.i.DefaultAirbyteStreamFactory(internalLog):159 INFO i.d.r.RelationalSnapshotChangeEventSource(determineCapturedTables):267 Adding table test.test_2_varchar to the list of capture schema tables"}}
{"type":"LOG","log":{"level":"INFO","message":"INFO i.a.w.i.DefaultAirbyteStreamFactory(internalLog):159 INFO i.d.r.RelationalSnapshotChangeEventSource(determineCapturedTables):267 Adding table test.test_2_text to the list of capture schema tables"}}
{"type":"LOG","log":{"level":"INFO","message":"INFO i.a.w.i.DefaultAirbyteStreamFactory(internalLog):159 INFO i.d.r.RelationalSnapshotChangeEventSource(determineCapturedTables):267 Adding table test.test_2_bigint to the list of capture schema tables"}}
{"type":"LOG","log":{"level":"INFO","message":"INFO i.a.w.i.DefaultAirbyteStreamFactory(internalLog):159 INFO i.d.r.RelationalSnapshotChangeEventSource(determineCapturedTables):267 Adding table test.test_1_tsvector to the list of capture schema tables"}}
{"type":"LOG","log":{"level":"INFO","message":"INFO i.a.w.i.DefaultAirbyteStreamFactory(internalLog):159 INFO i.d.r.RelationalSnapshotChangeEventSource(determineCapturedTables):267 Adding table test.test_2_polygon to the list of capture schema tables"}}
{"type":"LOG","log":{"level":"INFO","message":"INFO i.a.w.i.DefaultAirbyteStreamFactory(internalLog):159 INFO i.d.r.RelationalSnapshotChangeEventSource(determineCapturedTables):267 Adding table test.random_dummy_table to the list of capture schema tables"}}
{"type":"LOG","log":{"level":"INFO","message":"INFO i.a.w.i.DefaultAirbyteStreamFactory(internalLog):159 INFO i.d.r.RelationalSnapshotChangeEventSource(determineCapturedTables):267 Adding table test.test_4_bit to the list of capture schema tables"}}
{"type":"LOG","log":{"level":"INFO","message":"INFO i.a.w.i.DefaultAirbyteStreamFactory(internalLog):159 INFO i.d.r.RelationalSnapshotChangeEventSource(determineCapturedTables):267 Adding table test.test_3_character to the list of capture schema tables"}}
{"type":"LOG","log":{"level":"INFO","message":"INFO i.a.w.i.DefaultAirbyteStreamFactory(internalLog):159 INFO i.d.r.RelationalSnapshotChangeEventSource(determineCapturedTables):267 Adding table test.test_4_numeric_array to the list of capture schema tables"}}
{"type":"LOG","log":{"level":"INFO","message":"INFO i.a.w.i.DefaultAirbyteStreamFactory(internalLog):159 INFO i.d.r.RelationalSnapshotChangeEventSource(determineCapturedTables):267 Adding table test.test_1_line to the list of capture schema tables"}}
{"type":"LOG","log":{"level":"INFO","message":"INFO i.a.w.i.DefaultAirbyteStreamFactory(internalLog):159 INFO i.d.r.RelationalSnapshotChangeEventSource(determineCapturedTables):267 Adding table test.test_4_date to the list of capture schema tables"}}
{"type":"LOG","log":{"level":"INFO","message":"INFO i.a.w.i.DefaultAirbyteStreamFactory(internalLog):159 INFO i.d.r.RelationalSnapshotChangeEventSource(determineCapturedTables):267 Adding table test.test_1_macaddr8 to the list of capture schema tables"}}
{"type":"LOG","log":{"level":"INFO","message":"INFO i.a.w.i.DefaultAirbyteStreamFactory(internalLog):159 INFO i.d.r.RelationalSnapshotChangeEventSource(determineCapturedTables):267 Adding table test.test_6_numeric to the list of capture schema tables"}}
{"type":"LOG","log":{"level":"INFO","message":"INFO i.a.w.i.DefaultAirbyteStreamFactory(internalLog):159 INFO i.d.r.RelationalSnapshotChangeEventSource(determineCapturedTables):267 Adding table test.test_5_decimal_array to the list of capture schema tables"}}
{"type":"LOG","log":{"level":"INFO","message":"INFO i.a.w.i.DefaultAirbyteStreamFactory(internalLog):159 INFO i.d.r.RelationalSnapshotChangeEventSource(determineCapturedTables):267 Adding table test.test_1_float4 to the list of capture schema tables"}}
{"type":"LOG","log":{"level":"INFO","message":"INFO i.a.w.i.DefaultAirbyteStreamFactory(internalLog):159 INFO i.d.r.RelationalSnapshotChangeEventSource(determineCapturedTables):267 Adding table test.test_2_timetz to the list of capture schema tables"}}
{"type":"LOG","log":{"level":"INFO","message":"INFO i.a.w.i.DefaultAirbyteStreamFactory(internalLog):159 INFO i.d.r.RelationalSnapshotChangeEventSource(determineCapturedTables):267 Adding table test.test_2_xml to the list of capture schema tables"}}
{"type":"LOG","log":{"level":"INFO","message":"INFO i.a.w.i.DefaultAirbyteStreamFactory(internalLog):159 INFO i.d.r.RelationalSnapshotChangeEventSource(determineCapturedTables):267 Adding table test.test_2_real to the list of capture schema tables"}}
{"type":"LOG","log":{"level":"INFO","message":"INFO i.a.w.i.DefaultAirbyteStreamFactory(internalLog):159 INFO i.d.r.RelationalSnapshotChangeEventSource(determineCapturedTables):267 Adding table test.test_4_character to the list of capture schema tables"}}
{"type":"LOG","log":{"level":"INFO","message":"INFO i.a.w.i.DefaultAirbyteStreamFactory(internalLog):159 INFO i.d.r.RelationalSnapshotChangeEventSource(determineCapturedTables):267 Adding table test.test_1_float8 to the list of capture schema tables"}}
{"type":"LOG","log":{"level":"INFO","message":"INFO i.a.w.i.DefaultAirbyteStreamFactory(internalLog):159 INFO i.d.r.RelationalSnapshotChangeEventSource(determineCapturedTables):267 Adding table test.test_2_serial to the list of capture schema tables"}}
{"type":"LOG","log":{"level":"INFO","message":"INFO i.a.w.i.DefaultAirbyteStreamFactory(internalLog):159 INFO i.d.r.RelationalSnapshotChangeEventSource(determineCapturedTables):267 Adding table test.test_1_character to the list of capture schema tables"}}
{"type":"LOG","log":{"level":"INFO","message":"INFO i.a.w.i.DefaultAirbyteStreamFactory(internalLog):159 INFO i.d.r.RelationalSnapshotChangeEventSource(determineCapturedTables):267 Adding table test.test_2_smallint to the list of capture schema tables"}}
{"type":"LOG","log":{"level":"INFO","message":"INFO i.a.w.i.DefaultAirbyteStreamFactory(internalLog):159 INFO i.d.r.RelationalSnapshotChangeEventSource(determineCapturedTables):267 Adding table test.test_6_decimal_array to the list of capture schema tables"}}
{"type":"LOG","log":{"level":"INFO","message":"INFO i.a.w.i.DefaultAirbyteStreamFactory(internalLog):159 INFO i.d.r.RelationalSnapshotChangeEventSource(determineCapturedTables):267 Adding table test.test_2_tsquery to the list of capture schema tables"}}
{"type":"LOG","log":{"level":"INFO","message":"INFO i.a.w.i.DefaultAirbyteStreamFactory(internalLog):159 INFO i.d.r.RelationalSnapshotChangeEventSource(determineCapturedTables):267 Adding table test.test_5_numeric_array to the list of capture schema tables"}}
{"type":"LOG","log":{"level":"INFO","message":"INFO i.a.w.i.DefaultAirbyteStreamFactory(internalLog):159 INFO i.d.r.RelationalSnapshotChangeEventSource(determineCapturedTables):267 Adding table test.test_2_cidr to the list of capture schema tables"}}
{"type":"LOG","log":{"level":"INFO","message":"INFO i.a.w.i.DefaultAirbyteStreamFactory(internalLog):159 INFO i.d.r.RelationalSnapshotChangeEventSource(determineCapturedTables):267 Adding table test.test_9_numeric to the list of capture schema tables"}}
{"type":"LOG","log":{"level":"INFO","message":"INFO i.a.w.i.DefaultAirbyteStreamFactory(internalLog):159 INFO i.d.r.RelationalSnapshotChangeEventSource(determineCapturedTables):267 Adding table test.test_7_time to the list of capture schema tables"}}
{"type":"LOG","log":{"level":"INFO","message":"INFO i.a.w.i.DefaultAirbyteStreamFactory(internalLog):159 INFO i.d.r.RelationalSnapshotChangeEventSource(determineCapturedTables):267 Adding table test.test_1_inventory_item to the list of capture schema tables"}}
{"type":"LOG","log":{"level":"INFO","message":"INFO i.a.w.i.DefaultAirbyteStreamFactory(internalLog):159 INFO i.d.r.RelationalSnapshotChangeEventSource(determineCapturedTables):267 Adding table test.test_2_int to the list of capture schema tables"}}
{"type":"LOG","log":{"level":"INFO","message":"INFO i.a.w.i.DefaultAirbyteStreamFactory(internalLog):159 INFO i.d.r.RelationalSnapshotChangeEventSource(determineCapturedTables):267 Adding table test.test_2_serial4 to the list of capture schema tables"}}
{"type":"LOG","log":{"level":"INFO","message":"INFO i.a.w.i.DefaultAirbyteStreamFactory(internalLog):159 INFO i.d.r.RelationalSnapshotChangeEventSource(determineCapturedTables):267 Adding table test.test_2_serial2 to the list of capture schema tables"}}
{"type":"LOG","log":{"level":"INFO","message":"INFO i.a.w.i.DefaultAirbyteStreamFactory(internalLog):159 INFO i.d.r.RelationalSnapshotChangeEventSource(determineCapturedTables):267 Adding table test.test_2_decimal_array to the list of capture schema tables"}}
{"type":"LOG","log":{"level":"INFO","message":"INFO i.a.w.i.DefaultAirbyteStreamFactory(internalLog):159 INFO i.d.r.RelationalSnapshotChangeEventSource(determineCapturedTables):267 Adding table test.test_5_numeric to the list of capture schema tables"}}
{"type":"LOG","log":{"level":"INFO","message":"INFO i.a.w.i.DefaultAirbyteStreamFactory(internalLog):159 INFO i.d.r.RelationalSnapshotChangeEventSource(determineCapturedTables):267 Adding table test.test_1_float8_array to the list of capture schema tables"}}
{"type":"LOG","log":{"level":"INFO","message":"INFO i.a.w.i.DefaultAirbyteStreamFactory(internalLog):159 INFO i.d.r.RelationalSnapshotChangeEventSource(determineCapturedTables):267 Adding table test.test_3_bit_varying to the list of capture schema tables"}}
{"type":"LOG","log":{"level":"INFO","message":"INFO i.a.w.i.DefaultAirbyteStreamFactory(internalLog):159 INFO i.d.r.RelationalSnapshotChangeEventSource(determineCapturedTables):267 Adding table test.test_6_numeric_array to the list of capture schema tables"}}
{"type":"LOG","log":{"level":"INFO","message":"INFO i.a.w.i.DefaultAirbyteStreamFactory(internalLog):159 INFO i.d.r.RelationalSnapshotChangeEventSource(determineCapturedTables):267 Adding table test.test_1_bytea_array to the list of capture schema tables"}}
{"type":"LOG","log":{"level":"INFO","message":"INFO i.a.w.i.DefaultAirbyteStreamFactory(internalLog):159 INFO i.d.r.RelationalSnapshotChangeEventSource(determineCapturedTables):267 Adding table test.test_10_timestamp to the list of capture schema tables"}}
{"type":"LOG","log":{"level":"INFO","message":"INFO i.a.w.i.DefaultAirbyteStreamFactory(internalLog):159 INFO i.d.r.RelationalSnapshotChangeEventSource(determineCapturedTables):267 Adding table test.test_1_timestamptz_array to the list of capture schema tables"}}
{"type":"LOG","log":{"level":"INFO","message":"INFO i.a.w.i.DefaultAirbyteStreamFactory(internalLog):159 INFO i.d.r.RelationalSnapshotChangeEventSource(determineCapturedTables):267 Adding table test.test_1_float to the list of capture schema tables"}}
{"type":"LOG","log":{"level":"INFO","message":"INFO i.a.w.i.DefaultAirbyteStreamFactory(internalLog):159 INFO i.d.r.RelationalSnapshotChangeEventSource(determineCapturedTables):267 Adding table test.test_4_timestamp to the list of capture schema tables"}}
{"type":"LOG","log":{"level":"INFO","message":"INFO i.a.w.i.DefaultAirbyteStreamFactory(internalLog):159 INFO i.d.r.RelationalSnapshotChangeEventSource(determineCapturedTables):267 Adding table test.test_2_int2_array to the list of capture schema tables"}}
{"type":"LOG","log":{"level":"INFO","message":"INFO i.a.w.i.DefaultAirbyteStreamFactory(internalLog):159 INFO i.d.r.RelationalSnapshotChangeEventSource(determineCapturedTables):267 Adding table test.test_16_timestamp to the list of capture schema tables"}}
{"type":"LOG","log":{"level":"INFO","message":"INFO i.a.w.i.DefaultAirbyteStreamFactory(internalLog):159 INFO i.d.r.RelationalSnapshotChangeEventSource(determineCapturedTables):267 Adding table test.test_1_inet to the list of capture schema tables"}}
{"type":"LOG","log":{"level":"INFO","message":"INFO i.a.w.i.DefaultAirbyteStreamFactory(internalLog):159 INFO i.d.r.RelationalSnapshotChangeEventSource(determineCapturedTables):267 Adding table test.test_2_point to the list of capture schema tables"}}
{"type":"LOG","log":{"level":"INFO","message":"INFO i.a.w.i.DefaultAirbyteStreamFactory(internalLog):159 INFO i.d.r.RelationalSnapshotChangeEventSource(determineCapturedTables):267 Adding table test.test_1_hstore to the list of capture schema tables"}}
{"type":"LOG","log":{"level":"INFO","message":"INFO i.a.w.i.DefaultAirbyteStreamFactory(internalLog):159 INFO i.d.r.RelationalSnapshotChangeEventSource(determineCapturedTables):267 Adding table test.test_2_date to the list of capture schema tables"}}
{"type":"LOG","log":{"level":"INFO","message":"INFO i.a.w.i.DefaultAirbyteStreamFactory(internalLog):159 INFO i.d.r.RelationalSnapshotChangeEventSource(determineCapturedTables):267 Adding table test.test_1_box to the list of capture schema tables"}}
{"type":"LOG","log":{"level":"INFO","message":"INFO i.a.w.i.DefaultAirbyteStreamFactory(internalLog):159 INFO i.d.r.RelationalSnapshotChangeEventSource(determineCapturedTables):267 Adding table test.test_1_double_precision to the list of capture schema tables"}}
{"type":"LOG","log":{"level":"INFO","message":"INFO i.a.w.i.DefaultAirbyteStreamFactory(internalLog):159 INFO i.d.r.RelationalSnapshotChangeEventSource(determineCapturedTables):267 Adding table test.test_2_macaddr to the list of capture schema tables"}}
{"type":"LOG","log":{"level":"INFO","message":"INFO i.a.w.i.DefaultAirbyteStreamFactory(internalLog):159 INFO i.d.r.RelationalSnapshotChangeEventSource(determineCapturedTables):267 Adding table test.test_1_timestamp_array to the list of capture schema tables"}}
{"type":"LOG","log":{"level":"INFO","message":"INFO i.a.w.i.DefaultAirbyteStreamFactory(internalLog):159 INFO i.d.r.RelationalSnapshotChangeEventSource(determineCapturedTables):267 Adding table test.test_2_uuid to the list of capture schema tables"}}
{"type":"LOG","log":{"level":"INFO","message":"INFO i.a.w.i.DefaultAirbyteStreamFactory(internalLog):159 INFO i.d.r.RelationalSnapshotChangeEventSource(determineCapturedTables):267 Adding table test.test_8_numeric to the list of capture schema tables"}}
{"type":"LOG","log":{"level":"INFO","message":"INFO i.a.w.i.DefaultAirbyteStreamFactory(internalLog):159 INFO i.d.r.RelationalSnapshotChangeEventSource(determineCapturedTables):267 Adding table test.test_1_bit_varying to the list of capture schema tables"}}
{"type":"LOG","log":{"level":"INFO","message":"INFO i.a.w.i.DefaultAirbyteStreamFactory(internalLog):159 INFO i.d.r.RelationalSnapshotChangeEventSource(determineCapturedTables):267 Adding table test.test_1_time_array to the list of capture schema tables"}}
{"type":"LOG","log":{"level":"INFO","message":"INFO i.a.w.i.DefaultAirbyteStreamFactory(internalLog):159 INFO i.d.r.RelationalSnapshotChangeEventSource(determineCapturedTables):267 Adding table test.test_5_time to the list of capture schema tables"}}
{"type":"LOG","log":{"level":"INFO","message":"INFO i.a.w.i.DefaultAirbyteStreamFactory(internalLog):159 INFO i.d.r.RelationalSnapshotChangeEventSource(determineCapturedTables):267 Adding table test.test_15_timestamp to the list of capture schema tables"}}
{"type":"LOG","log":{"level":"INFO","message":"INFO i.a.w.i.DefaultAirbyteStreamFactory(internalLog):159 INFO i.d.r.RelationalSnapshotChangeEventSource(determineCapturedTables):267 Adding table test.test_1_point to the list of capture schema tables"}}
{"type":"LOG","log":{"level":"INFO","message":"INFO i.a.w.i.DefaultAirbyteStreamFactory(internalLog):159 INFO i.d.r.RelationalSnapshotChangeEventSource(determineCapturedTables):267 Adding table test.test_2_smallserial to the list of capture schema tables"}}
{"type":"LOG","log":{"level":"INFO","message":"INFO i.a.w.i.DefaultAirbyteStreamFactory(internalLog):159 INFO i.d.r.RelationalSnapshotChangeEventSource(determineCapturedTables):267 Adding table test.test_10_time to the list of capture schema tables"}}
{"type":"LOG","log":{"level":"INFO","message":"INFO i.a.w.i.DefaultAirbyteStreamFactory(internalLog):159 INFO i.d.r.RelationalSnapshotChangeEventSource(determineCapturedTables):267 Adding table test.test_3_bit to the list of capture schema tables"}}
{"type":"LOG","log":{"level":"INFO","message":"INFO i.a.w.i.DefaultAirbyteStreamFactory(internalLog):159 INFO i.d.r.RelationalSnapshotChangeEventSource(determineCapturedTables):267 Adding table test.test_1_int to the list of capture schema tables"}}
{"type":"LOG","log":{"level":"INFO","message":"INFO i.a.w.i.DefaultAirbyteStreamFactory(internalLog):159 INFO i.d.r.RelationalSnapshotChangeEventSource(determineCapturedTables):267 Adding table test.test_2_int4_array to the list of capture schema tables"}}
{"type":"LOG","log":{"level":"INFO","message":"INFO i.a.w.i.DefaultAirbyteStreamFactory(internalLog):159 INFO i.d.r.RelationalSnapshotChangeEventSource(determineCapturedTables):267 Adding table test.test_1_money_array to the list of capture schema tables"}}
{"type":"LOG","log":{"level":"INFO","message":"INFO i.a.w.i.DefaultAirbyteStreamFactory(internalLog):159 INFO i.d.r.RelationalSnapshotChangeEventSource(determineCapturedTables):267 Adding table test.test_1_bytea to the list of capture schema tables"}}
{"type":"LOG","log":{"level":"INFO","message":"INFO i.a.w.i.DefaultAirbyteStreamFactory(internalLog):159 INFO i.d.r.RelationalSnapshotChangeEventSource(determineCapturedTables):267 Adding table test.test_2_float8_array to the list of capture schema tables"}}
{"type":"LOG","log":{"level":"INFO","message":"INFO i.a.w.i.DefaultAirbyteStreamFactory(internalLog):159 INFO i.d.r.RelationalSnapshotChangeEventSource(determineCapturedTables):267 Adding table test.test_2_bigserial to the list of capture schema tables"}}
{"type":"LOG","log":{"level":"INFO","message":"INFO i.a.w.i.DefaultAirbyteStreamFactory(internalLog):159 INFO i.d.r.RelationalSnapshotChangeEventSource(determineCapturedTables):267 Adding table test.test_1_lseg to the list of capture schema tables"}}
{"type":"LOG","log":{"level":"INFO","message":"INFO i.a.w.i.DefaultAirbyteStreamFactory(internalLog):159 INFO i.d.r.RelationalSnapshotChangeEventSource(determineCapturedTables):267 Adding table test.test_6_time to the list of capture schema tables"}}
{"type":"LOG","log":{"level":"INFO","message":"INFO i.a.w.i.DefaultAirbyteStreamFactory(internalLog):159 INFO i.d.r.RelationalSnapshotChangeEventSource(determineCapturedTables):267 Adding table test.test_1_decimal_array to the list of capture schema tables"}}
{"type":"LOG","log":{"level":"INFO","message":"INFO i.a.w.i.DefaultAirbyteStreamFactory(internalLog):159 INFO i.d.r.RelationalSnapshotChangeEventSource(determineCapturedTables):267 Adding table test.test_2_decimal to the list of capture schema tables"}}
{"type":"LOG","log":{"level":"INFO","message":"INFO i.a.w.i.DefaultAirbyteStreamFactory(internalLog):159 INFO i.d.r.RelationalSnapshotChangeEventSource(determineCapturedTables):267 Adding table test.test_1_xml to the list of capture schema tables"}}
{"type":"LOG","log":{"level":"INFO","message":"INFO i.a.w.i.DefaultAirbyteStreamFactory(internalLog):159 INFO i.d.r.RelationalSnapshotChangeEventSource(determineCapturedTables):267 Adding table test.test_2_tsrange to the list of capture schema tables"}}
{"type":"LOG","log":{"level":"INFO","message":"INFO i.a.w.i.DefaultAirbyteStreamFactory(internalLog):159 INFO i.d.r.RelationalSnapshotChangeEventSource(determineCapturedTables):267 Adding table test.test_1_smallint to the list of capture schema tables"}}
{"type":"LOG","log":{"level":"INFO","message":"INFO i.a.w.i.DefaultAirbyteStreamFactory(internalLog):159 INFO i.d.r.RelationalSnapshotChangeEventSource(determineCapturedTables):267 Adding table test.test_4_timestamptz to the list of capture schema tables"}}
{"type":"LOG","log":{"level":"INFO","message":"INFO i.a.w.i.DefaultAirbyteStreamFactory(internalLog):159 INFO i.d.r.RelationalSnapshotChangeEventSource(determineCapturedTables):267 Adding table test.test_2_line to the list of capture schema tables"}}
{"type":"LOG","log":{"level":"INFO","message":"INFO i.a.w.i.DefaultAirbyteStreamFactory(internalLog):159 INFO i.d.r.RelationalSnapshotChangeEventSource(determineCapturedTables):267 Adding table test.test_2_pg_lsn to the list of capture schema tables"}}
{"type":"LOG","log":{"level":"INFO","message":"INFO i.a.w.i.DefaultAirbyteStreamFactory(internalLog):159 INFO i.d.r.RelationalSnapshotChangeEventSource(determineCapturedTables):267 Adding table test.test_1_char_array to the list of capture schema tables"}}
{"type":"LOG","log":{"level":"INFO","message":"INFO i.a.w.i.DefaultAirbyteStreamFactory(internalLog):159 INFO i.d.r.RelationalSnapshotChangeEventSource(determineCapturedTables):267 Adding table test.test_5_timestamp to the list of capture schema tables"}}
{"type":"LOG","log":{"level":"INFO","message":"INFO i.a.w.i.DefaultAirbyteStreamFactory(internalLog):159 INFO i.d.r.RelationalSnapshotChangeEventSource(determineCapturedTables):267 Adding table test.test_4_char to the list of capture schema tables"}}
{"type":"LOG","log":{"level":"INFO","message":"INFO i.a.w.i.DefaultAirbyteStreamFactory(internalLog):159 INFO i.d.r.RelationalSnapshotChangeEventSource(determineCapturedTables):267 Adding table test.test_3_date to the list of capture schema tables"}}
{"type":"LOG","log":{"level":"INFO","message":"INFO i.a.w.i.DefaultAirbyteStreamFactory(internalLog):159 INFO i.d.r.RelationalSnapshotChangeEventSource(determineCapturedTables):267 Adding table test.test_10_numeric to the list of capture schema tables"}}
{"type":"LOG","log":{"level":"INFO","message":"INFO i.a.w.i.DefaultAirbyteStreamFactory(internalLog):159 INFO i.d.r.RelationalSnapshotChangeEventSource(doExecute):126 Snapshot step 3 - Locking captured tables [test.test_1_bigint, test.test_1_bigserial, test.test_1_bit, test.test_1_bit_array, test.test_1_bit_varying, test.test_2_bit, test.test_2_bit_array, test.test_2_bit_varying, test.test_1_bool, test.test_1_bool_array, test.test_1_boolean, test.test_1_box, test.test_1_bytea, test.test_1_bytea_array, test.test_1_char, test.test_1_char_array, test.test_1_character, test.test_2_char, test.test_2_char_array, test.test_2_character, test.test_1_text, test.test_1_text_array, test.test_1_varchar, test.test_1_varchar_array, test.test_2_varchar, test.test_2_varchar_array, test.test_1_cidr, test.test_1_circle, test.test_1_date, test.test_1_date_array, test.test_2_date, test.test_2_date_array, test.test_3_date, test.test_1_float, test.test_1_float4, test.test_1_float4_array, test.test_1_float8, test.test_1_float8_array, test.test_1_double_precision, test.test_1_inet, test.test_1_int4, test.test_1_int4_array, test.test_1_int, test.test_1_int2, test.test_1_int2_array, test.test_1_int8_array, test.test_1_integer, test.test_1_interval, test.test_1_json, test.test_1_jsonb, test.test_1_line, test.test_1_lseg, test.test_1_macaddr, test.test_1_macaddr8, test.test_1_numeric, test.test_1_numeric_array, test.test_2_numeric, test.test_2_numeric_array, test.test_3_numeric, test.test_3_numeric_array, test.test_4_numeric, test.test_4_numeric_array, test.test_1_decimal, test.test_1_decimal_array, test.test_5_numeric, test.test_5_numeric_array, test.test_1_path, test.test_1_pg_lsn, test.test_1_point, test.test_1_polygon, test.test_1_real, test.test_1_smallint, test.test_1_serial2, test.test_1_smallserial, test.test_1_serial4, test.test_1_serial, test.test_1_time, test.test_1_time_array, test.test_1_timestamp, test.test_1_timestamp_array, test.test_1_timestamptz, test.test_1_timestamptz_array, test.test_1_timetz, test.test_1_timetz_array, test.test_2_time, test.test_2_time_array, test.test_2_timestamp, test.test_2_timestamp_array, test.test_2_timestamptz, test.test_2_timestamptz_array, test.test_2_timetz, test.test_2_timetz_array, test.test_3_time, test.test_3_timestamp, test.test_3_timestamptz, test.test_3_timetz, test.test_4_time, test.test_4_timestamp, test.test_4_timestamptz, test.test_4_timetz, test.test_5_time, test.test_5_timestamp, test.test_6_timestamp, test.test_7_timestamp, test.test_8_timestamp, test.test_1_tsquery, test.test_1_tsvector, test.test_1_uuid, test.test_1_xml, test.test_1_mood, test.test_1_tsrange, test.test_1_inventory_item, test.test_1_hstore, test.test_1_oid_array, test.test_1_bpchar_array, test.test_1_name_array, test.test_2_decimal_array, test.test_3_decimal_array, test.test_1_money_array, test.test_1_money, test.test_2_bigint, test.test_2_bigserial, test.test_3_bit, test.test_3_bit_varying, test.test_4_bit, test.test_4_bit_varying, test.test_2_bool, test.test_2_bool_array, test.test_2_boolean, test.test_2_box, test.test_2_bytea, test.test_2_bytea_array, test.test_3_char, test.test_3_character, test.test_4_char, test.test_4_character, test.test_2_text, test.test_2_text_array, test.test_3_varchar, test.test_4_varchar, test.test_2_cidr, test.test_2_circle, test.test_4_date, test.test_5_date, test.test_6_date, test.test_2_float, test.test_2_float4, test.test_2_float4_array, test.test_2_float8, test.test_2_float8_array, test.test_2_double_precision, test.test_2_inet, test.test_2_int4, test.test_2_int4_array, test.test_2_int, test.test_2_int2, test.test_2_int2_array, test.test_2_int8_array, test.test_2_integer, test.test_2_interval, test.test_2_json, test.test_2_jsonb, test.test_2_line, test.test_2_lseg, test.test_2_macaddr, test.test_2_macaddr8, test.test_6_numeric, test.test_6_numeric_array, test.test_7_numeric, test.test_8_numeric, test.test_9_numeric, test.test_2_decimal, test.test_10_numeric, test.test_2_path, test.test_2_pg_lsn, test.test_2_point, test.test_2_polygon, test.test_2_real, test.test_2_smallint, test.test_2_serial2, test.test_2_smallserial, test.test_2_serial4, test.test_2_serial, test.test_6_time, test.test_7_time, test.test_8_time, test.test_9_time, test.test_9_timestamp, test.test_10_time, test.test_10_timestamp, test.test_11_timestamp, test.test_12_timestamp, test.test_13_timestamp, test.test_14_timestamp, test.test_15_timestamp, test.test_16_timestamp, test.test_2_tsquery, test.test_2_tsvector, test.test_2_uuid, test.test_2_xml, test.test_2_mood, test.test_2_tsrange, test.test_2_inventory_item, test.test_2_hstore, test.test_2_oid_array, test.test_2_bpchar_array, test.test_2_name_array, test.test_4_decimal_array, test.test_5_decimal_array, test.test_6_decimal_array, test.test_2_money_array, test.test_2_money, test.random_dummy_table]"}}
{"type":"LOG","log":{"level":"INFO","message":"INFO i.a.w.i.DefaultAirbyteStreamFactory(internalLog):159 INFO i.d.r.RelationalSnapshotChangeEventSource(doExecute):132 Snapshot step 4 - Determining snapshot offset"}}
{"type":"LOG","log":{"level":"INFO","message":"INFO i.a.w.i.DefaultAirbyteStreamFactory(internalLog):159 INFO i.d.c.p.PostgresOffsetContext(initialContext):233 Creating initial offset context"}}
{"type":"LOG","log":{"level":"INFO","message":"INFO i.a.w.i.DefaultAirbyteStreamFactory(internalLog):159 INFO i.d.c.p.PostgresOffsetContext(initialContext):236 Read xlogStart at 'LSN{0/1AADC18}' from transaction '954'"}}
{"type":"LOG","log":{"level":"INFO","message":"INFO i.a.w.i.DefaultAirbyteStreamFactory(internalLog):159 INFO i.d.c.p.PostgresSnapshotChangeEventSource(updateOffsetForSnapshot):147 Read xlogStart at 'LSN{0/1AADC18}' from transaction '954'"}}
{"type":"LOG","log":{"level":"INFO","message":"INFO i.a.w.i.DefaultAirbyteStreamFactory(internalLog):159 INFO i.d.r.RelationalSnapshotChangeEventSource(doExecute):135 Snapshot step 5 - Reading structure of captured tables"}}
{"type":"LOG","log":{"level":"INFO","message":"INFO i.a.w.i.DefaultAirbyteStreamFactory(internalLog):159 INFO i.d.c.p.PostgresSnapshotChangeEventSource(readTableStructure):193 Reading structure of schema 'test' of catalog 'test'"}}
{"type":"LOG","log":{"level":"INFO","message":"INFO i.a.w.i.DefaultAirbyteStreamFactory(internalLog):159 INFO i.d.r.RelationalSnapshotChangeEventSource(doExecute):139 Snapshot step 5.a - Creating connection pool"}}
{"type":"LOG","log":{"level":"INFO","message":"INFO i.a.w.i.DefaultAirbyteStreamFactory(internalLog):159 INFO i.d.r.RelationalSnapshotChangeEventSource(createConnectionPool):213 Created connection pool with 1 threads"}}
{"type":"LOG","log":{"level":"INFO","message":"INFO i.a.w.i.DefaultAirbyteStreamFactory(internalLog):159 INFO i.d.r.RelationalSnapshotChangeEventSource(doExecute):144 Snapshot step 6 - Persisting schema history"}}
{"type":"LOG","log":{"level":"INFO","message":"INFO i.a.w.i.DefaultAirbyteStreamFactory(internalLog):159 INFO i.d.r.RelationalSnapshotChangeEventSource(doExecute):156 Snapshot step 7 - Snapshotting data"}}
{"type":"LOG","log":{"level":"INFO","message":"INFO i.a.w.i.DefaultAirbyteStreamFactory(internalLog):159 INFO i.d.r.RelationalSnapshotChangeEventSource(createDataEvents):390 Creating snapshot worker pool with 1 worker thread(s)"}}
{"type":"LOG","log":{"level":"INFO","message":"INFO i.a.w.i.DefaultAirbyteStreamFactory(internalLog):159 INFO i.d.r.RelationalSnapshotChangeEventSource(createDataEvents):399 For table 'test.test_1_bigint' using select statement: 'SELECT \"id\", \"test_column\" FROM \"test\".\"test_1_bigint\"'"}}
{"type":"LOG","log":{"level":"INFO","message":"INFO i.a.w.i.DefaultAirbyteStreamFactory(internalLog):159 INFO i.d.r.RelationalSnapshotChangeEventSource(createDataEvents):399 For table 'test.test_1_bigserial' using select statement: 'SELECT \"id\", \"test_column\" FROM \"test\".\"test_1_bigserial\"'"}}
{"type":"LOG","log":{"level":"INFO","message":"INFO i.a.w.i.DefaultAirbyteStreamFactory(internalLog):159 INFO i.d.r.RelationalSnapshotChangeEventSource(createDataEvents):399 For table 'test.test_1_bit' using select statement: 'SELECT \"id\", \"test_column\" FROM \"test\".\"test_1_bit\"'"}}
{"type":"LOG","log":{"level":"INFO","message":"INFO i.a.w.i.DefaultAirbyteStreamFactory(internalLog):159 INFO i.d.r.RelationalSnapshotChangeEventSource(createDataEvents):399 For table 'test.test_1_bit_array' using select statement: 'SELECT \"id\", \"test_column\" FROM \"test\".\"test_1_bit_array\"'"}}
{"type":"LOG","log":{"level":"INFO","message":"INFO i.a.w.i.DefaultAirbyteStreamFactory(internalLog):159 INFO i.d.r.RelationalSnapshotChangeEventSource(createDataEvents):399 For table 'test.test_1_bit_varying' using select statement: 'SELECT \"id\", \"test_column\" FROM \"test\".\"test_1_bit_varying\"'"}}
{"type":"LOG","log":{"level":"INFO","message":"INFO i.a.w.i.DefaultAirbyteStreamFactory(internalLog):159 INFO i.d.r.RelationalSnapshotChangeEventSource(createDataEvents):399 For table 'test.test_2_bit' using select statement: 'SELECT \"id\", \"test_column\" FROM \"test\".\"test_2_bit\"'"}}
{"type":"LOG","log":{"level":"INFO","message":"INFO i.a.w.i.DefaultAirbyteStreamFactory(internalLog):159 INFO i.d.r.RelationalSnapshotChangeEventSource(createDataEvents):399 For table 'test.test_2_bit_array' using select statement: 'SELECT \"id\", \"test_column\" FROM \"test\".\"test_2_bit_array\"'"}}
{"type":"LOG","log":{"level":"INFO","message":"INFO i.a.w.i.DefaultAirbyteStreamFactory(internalLog):159 INFO i.d.r.RelationalSnapshotChangeEventSource(createDataEvents):399 For table 'test.test_2_bit_varying' using select statement: 'SELECT \"id\", \"test_column\" FROM \"test\".\"test_2_bit_varying\"'"}}
{"type":"LOG","log":{"level":"INFO","message":"INFO i.a.w.i.DefaultAirbyteStreamFactory(internalLog):159 INFO i.d.r.RelationalSnapshotChangeEventSource(createDataEvents):399 For table 'test.test_1_bool' using select statement: 'SELECT \"id\", \"test_column\" FROM \"test\".\"test_1_bool\"'"}}
{"type":"LOG","log":{"level":"INFO","message":"INFO i.a.w.i.DefaultAirbyteStreamFactory(internalLog):159 INFO i.d.r.RelationalSnapshotChangeEventSource(createDataEvents):399 For table 'test.test_1_bool_array' using select statement: 'SELECT \"id\", \"test_column\" FROM \"test\".\"test_1_bool_array\"'"}}
{"type":"LOG","log":{"level":"INFO","message":"INFO i.a.w.i.DefaultAirbyteStreamFactory(internalLog):159 INFO i.d.r.RelationalSnapshotChangeEventSource(createDataEvents):399 For table 'test.test_1_boolean' using select statement: 'SELECT \"id\", \"test_column\" FROM \"test\".\"test_1_boolean\"'"}}
{"type":"LOG","log":{"level":"INFO","message":"INFO i.a.w.i.DefaultAirbyteStreamFactory(internalLog):159 INFO i.d.r.RelationalSnapshotChangeEventSource(createDataEvents):399 For table 'test.test_1_box' using select statement: 'SELECT \"id\", \"test_column\" FROM \"test\".\"test_1_box\"'"}}
{"type":"LOG","log":{"level":"INFO","message":"INFO i.a.w.i.DefaultAirbyteStreamFactory(internalLog):159 INFO i.d.r.RelationalSnapshotChangeEventSource(createDataEvents):399 For table 'test.test_1_bytea' using select statement: 'SELECT \"id\", \"test_column\" FROM \"test\".\"test_1_bytea\"'"}}
{"type":"LOG","log":{"level":"INFO","message":"INFO i.a.w.i.DefaultAirbyteStreamFactory(internalLog):159 INFO i.d.r.RelationalSnapshotChangeEventSource(createDataEvents):399 For table 'test.test_1_bytea_array' using select statement: 'SELECT \"id\", \"test_column\" FROM \"test\".\"test_1_bytea_array\"'"}}
{"type":"LOG","log":{"level":"INFO","message":"INFO i.a.w.i.DefaultAirbyteStreamFactory(internalLog):159 INFO i.d.r.RelationalSnapshotChangeEventSource(createDataEvents):399 For table 'test.test_1_char' using select statement: 'SELECT \"id\", \"test_column\" FROM \"test\".\"test_1_char\"'"}}
{"type":"LOG","log":{"level":"INFO","message":"INFO i.a.w.i.DefaultAirbyteStreamFactory(internalLog):159 INFO i.d.r.RelationalSnapshotChangeEventSource(createDataEvents):399 For table 'test.test_1_char_array' using select statement: 'SELECT \"id\", \"test_column\" FROM \"test\".\"test_1_char_array\"'"}}
{"type":"LOG","log":{"level":"INFO","message":"INFO i.a.w.i.DefaultAirbyteStreamFactory(internalLog):159 INFO i.d.r.RelationalSnapshotChangeEventSource(createDataEvents):399 For table 'test.test_1_character' using select statement: 'SELECT \"id\", \"test_column\" FROM \"test\".\"test_1_character\"'"}}
{"type":"LOG","log":{"level":"INFO","message":"INFO i.a.w.i.DefaultAirbyteStreamFactory(internalLog):159 INFO i.d.r.RelationalSnapshotChangeEventSource(createDataEvents):399 For table 'test.test_2_char' using select statement: 'SELECT \"id\", \"test_column\" FROM \"test\".\"test_2_char\"'"}}
{"type":"LOG","log":{"level":"INFO","message":"INFO i.a.w.i.DefaultAirbyteStreamFactory(internalLog):159 INFO i.d.r.RelationalSnapshotChangeEventSource(createDataEvents):399 For table 'test.test_2_char_array' using select statement: 'SELECT \"id\", \"test_column\" FROM \"test\".\"test_2_char_array\"'"}}
{"type":"LOG","log":{"level":"INFO","message":"INFO i.a.w.i.DefaultAirbyteStreamFactory(internalLog):159 INFO i.d.r.RelationalSnapshotChangeEventSource(createDataEvents):399 For table 'test.test_2_character' using select statement: 'SELECT \"id\", \"test_column\" FROM \"test\".\"test_2_character\"'"}}
{"type":"LOG","log":{"level":"INFO","message":"INFO i.a.w.i.DefaultAirbyteStreamFactory(internalLog):159 INFO i.d.r.RelationalSnapshotChangeEventSource(createDataEvents):399 For table 'test.test_1_text' using select statement: 'SELECT \"id\", \"test_column\" FROM \"test\".\"test_1_text\"'"}}
{"type":"LOG","log":{"level":"INFO","message":"INFO i.a.w.i.DefaultAirbyteStreamFactory(internalLog):159 INFO i.d.r.RelationalSnapshotChangeEventSource(createDataEvents):399 For table 'test.test_1_text_array' using select statement: 'SELECT \"id\", \"test_column\" FROM \"test\".\"test_1_text_array\"'"}}
{"type":"LOG","log":{"level":"INFO","message":"INFO i.a.w.i.DefaultAirbyteStreamFactory(internalLog):159 INFO i.d.r.RelationalSnapshotChangeEventSource(createDataEvents):399 For table 'test.test_1_varchar' using select statement: 'SELECT \"id\", \"test_column\" FROM \"test\".\"test_1_varchar\"'"}}
{"type":"LOG","log":{"level":"INFO","message":"INFO i.a.w.i.DefaultAirbyteStreamFactory(internalLog):159 INFO i.d.r.RelationalSnapshotChangeEventSource(createDataEvents):399 For table 'test.test_1_varchar_array' using select statement: 'SELECT \"id\", \"test_column\" FROM \"test\".\"test_1_varchar_array\"'"}}
{"type":"LOG","log":{"level":"INFO","message":"INFO i.a.w.i.DefaultAirbyteStreamFactory(internalLog):159 INFO i.d.r.RelationalSnapshotChangeEventSource(createDataEvents):399 For table 'test.test_2_varchar' using select statement: 'SELECT \"id\", \"test_column\" FROM \"test\".\"test_2_varchar\"'"}}
{"type":"LOG","log":{"level":"INFO","message":"INFO i.a.w.i.DefaultAirbyteStreamFactory(internalLog):159 INFO i.d.r.RelationalSnapshotChangeEventSource(createDataEvents):399 For table 'test.test_2_varchar_array' using select statement: 'SELECT \"id\", \"test_column\" FROM \"test\".\"test_2_varchar_array\"'"}}
{"type":"LOG","log":{"level":"INFO","message":"INFO i.a.w.i.DefaultAirbyteStreamFactory(internalLog):159 INFO i.d.r.RelationalSnapshotChangeEventSource(createDataEvents):399 For table 'test.test_1_cidr' using select statement: 'SELECT \"id\", \"test_column\" FROM \"test\".\"test_1_cidr\"'"}}
{"type":"LOG","log":{"level":"INFO","message":"INFO i.a.w.i.DefaultAirbyteStreamFactory(internalLog):159 INFO i.d.r.RelationalSnapshotChangeEventSource(createDataEvents):399 For table 'test.test_1_circle' using select statement: 'SELECT \"id\", \"test_column\" FROM \"test\".\"test_1_circle\"'"}}
{"type":"LOG","log":{"level":"INFO","message":"INFO i.a.w.i.DefaultAirbyteStreamFactory(internalLog):159 INFO i.d.r.RelationalSnapshotChangeEventSource(createDataEvents):399 For table 'test.test_1_date' using select statement: 'SELECT \"id\", \"test_column\" FROM \"test\".\"test_1_date\"'"}}
{"type":"LOG","log":{"level":"INFO","message":"INFO i.a.w.i.DefaultAirbyteStreamFactory(internalLog):159 INFO i.d.r.RelationalSnapshotChangeEventSource(createDataEvents):399 For table 'test.test_1_date_array' using select statement: 'SELECT \"id\", \"test_column\" FROM \"test\".\"test_1_date_array\"'"}}
{"type":"LOG","log":{"level":"INFO","message":"INFO i.a.w.i.DefaultAirbyteStreamFactory(internalLog):159 INFO i.d.r.RelationalSnapshotChangeEventSource(createDataEvents):399 For table 'test.test_2_date' using select statement: 'SELECT \"id\", \"test_column\" FROM \"test\".\"test_2_date\"'"}}
{"type":"LOG","log":{"level":"INFO","message":"INFO i.a.w.i.DefaultAirbyteStreamFactory(internalLog):159 INFO i.d.r.RelationalSnapshotChangeEventSource(createDataEvents):399 For table 'test.test_2_date_array' using select statement: 'SELECT \"id\", \"test_column\" FROM \"test\".\"test_2_date_array\"'"}}
{"type":"LOG","log":{"level":"INFO","message":"INFO i.a.w.i.DefaultAirbyteStreamFactory(internalLog):159 INFO i.d.r.RelationalSnapshotChangeEventSource(createDataEvents):399 For table 'test.test_3_date' using select statement: 'SELECT \"id\", \"test_column\" FROM \"test\".\"test_3_date\"'"}}
{"type":"LOG","log":{"level":"INFO","message":"INFO i.a.w.i.DefaultAirbyteStreamFactory(internalLog):159 INFO i.d.r.RelationalSnapshotChangeEventSource(createDataEvents):399 For table 'test.test_1_float' using select statement: 'SELECT \"id\", \"test_column\" FROM \"test\".\"test_1_float\"'"}}
{"type":"LOG","log":{"level":"INFO","message":"INFO i.a.w.i.DefaultAirbyteStreamFactory(internalLog):159 INFO i.d.r.RelationalSnapshotChangeEventSource(createDataEvents):399 For table 'test.test_1_float4' using select statement: 'SELECT \"id\", \"test_column\" FROM \"test\".\"test_1_float4\"'"}}
{"type":"LOG","log":{"level":"INFO","message":"INFO i.a.w.i.DefaultAirbyteStreamFactory(internalLog):159 INFO i.d.r.RelationalSnapshotChangeEventSource(createDataEvents):399 For table 'test.test_1_float4_array' using select statement: 'SELECT \"id\", \"test_column\" FROM \"test\".\"test_1_float4_array\"'"}}
{"type":"LOG","log":{"level":"INFO","message":"INFO i.a.w.i.DefaultAirbyteStreamFactory(internalLog):159 INFO i.d.r.RelationalSnapshotChangeEventSource(createDataEvents):399 For table 'test.test_1_float8' using select statement: 'SELECT \"id\", \"test_column\" FROM \"test\".\"test_1_float8\"'"}}
{"type":"LOG","log":{"level":"INFO","message":"INFO i.a.w.i.DefaultAirbyteStreamFactory(internalLog):159 INFO i.d.r.RelationalSnapshotChangeEventSource(createDataEvents):399 For table 'test.test_1_float8_array' using select statement: 'SELECT \"id\", \"test_column\" FROM \"test\".\"test_1_float8_array\"'"}}
{"type":"LOG","log":{"level":"INFO","message":"INFO i.a.w.i.DefaultAirbyteStreamFactory(internalLog):159 INFO i.d.r.RelationalSnapshotChangeEventSource(createDataEvents):399 For table 'test.test_1_double_precision' using select statement: 'SELECT \"id\", \"test_column\" FROM \"test\".\"test_1_double_precision\"'"}}
{"type":"LOG","log":{"level":"INFO","message":"INFO i.a.w.i.DefaultAirbyteStreamFactory(internalLog):159 INFO i.d.r.RelationalSnapshotChangeEventSource(createDataEvents):399 For table 'test.test_1_inet' using select statement: 'SELECT \"id\", \"test_column\" FROM \"test\".\"test_1_inet\"'"}}
{"type":"LOG","log":{"level":"INFO","message":"INFO i.a.w.i.DefaultAirbyteStreamFactory(internalLog):159 INFO i.d.r.RelationalSnapshotChangeEventSource(createDataEvents):399 For table 'test.test_1_int4' using select statement: 'SELECT \"id\", \"test_column\" FROM \"test\".\"test_1_int4\"'"}}
{"type":"LOG","log":{"level":"INFO","message":"INFO i.a.w.i.DefaultAirbyteStreamFactory(internalLog):159 INFO i.d.r.RelationalSnapshotChangeEventSource(createDataEvents):399 For table 'test.test_1_int4_array' using select statement: 'SELECT \"id\", \"test_column\" FROM \"test\".\"test_1_int4_array\"'"}}
{"type":"LOG","log":{"level":"INFO","message":"INFO i.a.w.i.DefaultAirbyteStreamFactory(internalLog):159 INFO i.d.r.RelationalSnapshotChangeEventSource(createDataEvents):399 For table 'test.test_1_int' using select statement: 'SELECT \"id\", \"test_column\" FROM \"test\".\"test_1_int\"'"}}
{"type":"LOG","log":{"level":"INFO","message":"INFO i.a.w.i.DefaultAirbyteStreamFactory(internalLog):159 INFO i.d.r.RelationalSnapshotChangeEventSource(createDataEvents):399 For table 'test.test_1_int2' using select statement: 'SELECT \"id\", \"test_column\" FROM \"test\".\"test_1_int2\"'"}}
{"type":"LOG","log":{"level":"INFO","message":"INFO i.a.w.i.DefaultAirbyteStreamFactory(internalLog):159 INFO i.d.r.RelationalSnapshotChangeEventSource(createDataEvents):399 For table 'test.test_1_int2_array' using select statement: 'SELECT \"id\", \"test_column\" FROM \"test\".\"test_1_int2_array\"'"}}
{"type":"LOG","log":{"level":"INFO","message":"INFO i.a.w.i.DefaultAirbyteStreamFactory(internalLog):159 INFO i.d.r.RelationalSnapshotChangeEventSource(createDataEvents):399 For table 'test.test_1_int8_array' using select statement: 'SELECT \"id\", \"test_column\" FROM \"test\".\"test_1_int8_array\"'"}}
{"type":"LOG","log":{"level":"INFO","message":"INFO i.a.w.i.DefaultAirbyteStreamFactory(internalLog):159 INFO i.d.r.RelationalSnapshotChangeEventSource(createDataEvents):399 For table 'test.test_1_integer' using select statement: 'SELECT \"id\", \"test_column\" FROM \"test\".\"test_1_integer\"'"}}
{"type":"LOG","log":{"level":"INFO","message":"INFO i.a.w.i.DefaultAirbyteStreamFactory(internalLog):159 INFO i.d.r.RelationalSnapshotChangeEventSource(createDataEvents):399 For table 'test.test_1_interval' using select statement: 'SELECT \"id\", \"test_column\" FROM \"test\".\"test_1_interval\"'"}}
{"type":"LOG","log":{"level":"INFO","message":"INFO i.a.w.i.DefaultAirbyteStreamFactory(internalLog):159 INFO i.d.r.RelationalSnapshotChangeEventSource(createDataEvents):399 For table 'test.test_1_json' using select statement: 'SELECT \"id\", \"test_column\" FROM \"test\".\"test_1_json\"'"}}
{"type":"LOG","log":{"level":"INFO","message":"INFO i.a.w.i.DefaultAirbyteStreamFactory(internalLog):159 INFO i.d.r.RelationalSnapshotChangeEventSource(createDataEvents):399 For table 'test.test_1_jsonb' using select statement: 'SELECT \"id\", \"test_column\" FROM \"test\".\"test_1_jsonb\"'"}}
{"type":"LOG","log":{"level":"INFO","message":"INFO i.a.w.i.DefaultAirbyteStreamFactory(internalLog):159 INFO i.d.r.RelationalSnapshotChangeEventSource(createDataEvents):399 For table 'test.test_1_line' using select statement: 'SELECT \"id\", \"test_column\" FROM \"test\".\"test_1_line\"'"}}
{"type":"LOG","log":{"level":"INFO","message":"INFO i.a.w.i.DefaultAirbyteStreamFactory(internalLog):159 INFO i.d.r.RelationalSnapshotChangeEventSource(createDataEvents):399 For table 'test.test_1_lseg' using select statement: 'SELECT \"id\", \"test_column\" FROM \"test\".\"test_1_lseg\"'"}}
{"type":"LOG","log":{"level":"INFO","message":"INFO i.a.w.i.DefaultAirbyteStreamFactory(internalLog):159 INFO i.d.r.RelationalSnapshotChangeEventSource(createDataEvents):399 For table 'test.test_1_macaddr' using select statement: 'SELECT \"id\", \"test_column\" FROM \"test\".\"test_1_macaddr\"'"}}
{"type":"LOG","log":{"level":"INFO","message":"INFO i.a.w.i.DefaultAirbyteStreamFactory(internalLog):159 INFO i.d.r.RelationalSnapshotChangeEventSource(createDataEvents):399 For table 'test.test_1_macaddr8' using select statement: 'SELECT \"id\", \"test_column\" FROM \"test\".\"test_1_macaddr8\"'"}}
{"type":"LOG","log":{"level":"INFO","message":"INFO i.a.w.i.DefaultAirbyteStreamFactory(internalLog):159 INFO i.d.r.RelationalSnapshotChangeEventSource(createDataEvents):399 For table 'test.test_1_numeric' using select statement: 'SELECT \"id\", \"test_column\" FROM \"test\".\"test_1_numeric\"'"}}
{"type":"LOG","log":{"level":"INFO","message":"INFO i.a.w.i.DefaultAirbyteStreamFactory(internalLog):159 INFO i.d.r.RelationalSnapshotChangeEventSource(createDataEvents):399 For table 'test.test_1_numeric_array' using select statement: 'SELECT \"id\", \"test_column\" FROM \"test\".\"test_1_numeric_array\"'"}}
{"type":"LOG","log":{"level":"INFO","message":"INFO i.a.w.i.DefaultAirbyteStreamFactory(internalLog):159 INFO i.d.r.RelationalSnapshotChangeEventSource(createDataEvents):399 For table 'test.test_2_numeric' using select statement: 'SELECT \"id\", \"test_column\" FROM \"test\".\"test_2_numeric\"'"}}
{"type":"LOG","log":{"level":"INFO","message":"INFO i.a.w.i.DefaultAirbyteStreamFactory(internalLog):159 INFO i.d.r.RelationalSnapshotChangeEventSource(createDataEvents):399 For table 'test.test_2_numeric_array' using select statement: 'SELECT \"id\", \"test_column\" FROM \"test\".\"test_2_numeric_array\"'"}}
{"type":"LOG","log":{"level":"INFO","message":"INFO i.a.w.i.DefaultAirbyteStreamFactory(internalLog):159 INFO i.d.r.RelationalSnapshotChangeEventSource(createDataEvents):399 For table 'test.test_3_numeric' using select statement: 'SELECT \"id\", \"test_column\" FROM \"test\".\"test_3_numeric\"'"}}
{"type":"LOG","log":{"level":"INFO","message":"INFO i.a.w.i.DefaultAirbyteStreamFactory(internalLog):159 INFO i.d.r.RelationalSnapshotChangeEventSource(createDataEvents):399 For table 'test.test_3_numeric_array' using select statement: 'SELECT \"id\", \"test_column\" FROM \"test\".\"test_3_numeric_array\"'"}}
{"type":"LOG","log":{"level":"INFO","message":"INFO i.a.w.i.DefaultAirbyteStreamFactory(internalLog):159 INFO i.d.r.RelationalSnapshotChangeEventSource(createDataEvents):399 For table 'test.test_4_numeric' using select statement: 'SELECT \"id\", \"test_column\" FROM \"test\".\"test_4_numeric\"'"}}
{"type":"LOG","log":{"level":"INFO","message":"INFO i.a.w.i.DefaultAirbyteStreamFactory(internalLog):159 INFO i.d.r.RelationalSnapshotChangeEventSource(createDataEvents):399 For table 'test.test_4_numeric_array' using select statement: 'SELECT \"id\", \"test_column\" FROM \"test\".\"test_4_numeric_array\"'"}}
{"type":"LOG","log":{"level":"INFO","message":"INFO i.a.w.i.DefaultAirbyteStreamFactory(internalLog):159 INFO i.d.r.RelationalSnapshotChangeEventSource(createDataEvents):399 For table 'test.test_1_decimal' using select statement: 'SELECT \"id\", \"test_column\" FROM \"test\".\"test_1_decimal\"'"}}
{"type":"LOG","log":{"level":"INFO","message":"INFO i.a.w.i.DefaultAirbyteStreamFactory(internalLog):159 INFO i.d.r.RelationalSnapshotChangeEventSource(createDataEvents):399 For table 'test.test_1_decimal_array' using select statement: 'SELECT \"id\", \"test_column\" FROM \"test\".\"test_1_decimal_array\"'"}}
{"type":"LOG","log":{"level":"INFO","message":"INFO i.a.w.i.DefaultAirbyteStreamFactory(internalLog):159 INFO i.d.r.RelationalSnapshotChangeEventSource(createDataEvents):399 For table 'test.test_5_numeric' using select statement: 'SELECT \"id\", \"test_column\" FROM \"test\".\"test_5_numeric\"'"}}
{"type":"LOG","log":{"level":"INFO","message":"INFO i.a.w.i.DefaultAirbyteStreamFactory(internalLog):159 INFO i.d.r.RelationalSnapshotChangeEventSource(createDataEvents):399 For table 'test.test_5_numeric_array' using select statement: 'SELECT \"id\", \"test_column\" FROM \"test\".\"test_5_numeric_array\"'"}}
{"type":"LOG","log":{"level":"INFO","message":"INFO i.a.w.i.DefaultAirbyteStreamFactory(internalLog):159 INFO i.d.r.RelationalSnapshotChangeEventSource(createDataEvents):399 For table 'test.test_1_path' using select statement: 'SELECT \"id\", \"test_column\" FROM \"test\".\"test_1_path\"'"}}
{"type":"LOG","log":{"level":"INFO","message":"INFO i.a.w.i.DefaultAirbyteStreamFactory(internalLog):159 INFO i.d.r.RelationalSnapshotChangeEventSource(createDataEvents):399 For table 'test.test_1_pg_lsn' using select statement: 'SELECT \"id\", \"test_column\" FROM \"test\".\"test_1_pg_lsn\"'"}}
{"type":"LOG","log":{"level":"INFO","message":"INFO i.a.w.i.DefaultAirbyteStreamFactory(internalLog):159 INFO i.d.r.RelationalSnapshotChangeEventSource(createDataEvents):399 For table 'test.test_1_point' using select statement: 'SELECT \"id\", \"test_column\" FROM \"test\".\"test_1_point\"'"}}
{"type":"LOG","log":{"level":"INFO","message":"INFO i.a.w.i.DefaultAirbyteStreamFactory(internalLog):159 INFO i.d.r.RelationalSnapshotChangeEventSource(createDataEvents):399 For table 'test.test_1_polygon' using select statement: 'SELECT \"id\", \"test_column\" FROM \"test\".\"test_1_polygon\"'"}}
{"type":"LOG","log":{"level":"INFO","message":"INFO i.a.w.i.DefaultAirbyteStreamFactory(internalLog):159 INFO i.d.r.RelationalSnapshotChangeEventSource(createDataEvents):399 For table 'test.test_1_real' using select statement: 'SELECT \"id\", \"test_column\" FROM \"test\".\"test_1_real\"'"}}
{"type":"LOG","log":{"level":"INFO","message":"INFO i.a.w.i.DefaultAirbyteStreamFactory(internalLog):159 INFO i.d.r.RelationalSnapshotChangeEventSource(createDataEvents):399 For table 'test.test_1_smallint' using select statement: 'SELECT \"id\", \"test_column\" FROM \"test\".\"test_1_smallint\"'"}}
{"type":"LOG","log":{"level":"INFO","message":"INFO i.a.w.i.DefaultAirbyteStreamFactory(internalLog):159 INFO i.d.r.RelationalSnapshotChangeEventSource(createDataEvents):399 For table 'test.test_1_serial2' using select statement: 'SELECT \"id\", \"test_column\" FROM \"test\".\"test_1_serial2\"'"}}
{"type":"LOG","log":{"level":"INFO","message":"INFO i.a.w.i.DefaultAirbyteStreamFactory(internalLog):159 INFO i.d.r.RelationalSnapshotChangeEventSource(createDataEvents):399 For table 'test.test_1_smallserial' using select statement: 'SELECT \"id\", \"test_column\" FROM \"test\".\"test_1_smallserial\"'"}}
{"type":"LOG","log":{"level":"INFO","message":"INFO i.a.w.i.DefaultAirbyteStreamFactory(internalLog):159 INFO i.d.r.RelationalSnapshotChangeEventSource(createDataEvents):399 For table 'test.test_1_serial4' using select statement: 'SELECT \"id\", \"test_column\" FROM \"test\".\"test_1_serial4\"'"}}
{"type":"LOG","log":{"level":"INFO","message":"INFO i.a.w.i.DefaultAirbyteStreamFactory(internalLog):159 INFO i.d.r.RelationalSnapshotChangeEventSource(createDataEvents):399 For table 'test.test_1_serial' using select statement: 'SELECT \"id\", \"test_column\" FROM \"test\".\"test_1_serial\"'"}}
{"type":"LOG","log":{"level":"INFO","message":"INFO i.a.w.i.DefaultAirbyteStreamFactory(internalLog):159 INFO i.d.r.RelationalSnapshotChangeEventSource(createDataEvents):399 For table 'test.test_1_time' using select statement: 'SELECT \"id\", \"test_column\" FROM \"test\".\"test_1_time\"'"}}
{"type":"LOG","log":{"level":"INFO","message":"INFO i.a.w.i.DefaultAirbyteStreamFactory(internalLog):159 INFO i.d.r.RelationalSnapshotChangeEventSource(createDataEvents):399 For table 'test.test_1_time_array' using select statement: 'SELECT \"id\", \"test_column\" FROM \"test\".\"test_1_time_array\"'"}}
{"type":"LOG","log":{"level":"INFO","message":"INFO i.a.w.i.DefaultAirbyteStreamFactory(internalLog):159 INFO i.d.r.RelationalSnapshotChangeEventSource(createDataEvents):399 For table 'test.test_1_timestamp' using select statement: 'SELECT \"id\", \"test_column\" FROM \"test\".\"test_1_timestamp\"'"}}
{"type":"LOG","log":{"level":"INFO","message":"INFO i.a.w.i.DefaultAirbyteStreamFactory(internalLog):159 INFO i.d.r.RelationalSnapshotChangeEventSource(createDataEvents):399 For table 'test.test_1_timestamp_array' using select statement: 'SELECT \"id\", \"test_column\" FROM \"test\".\"test_1_timestamp_array\"'"}}
{"type":"LOG","log":{"level":"INFO","message":"INFO i.a.w.i.DefaultAirbyteStreamFactory(internalLog):159 INFO i.d.r.RelationalSnapshotChangeEventSource(createDataEvents):399 For table 'test.test_1_timestamptz' using select statement: 'SELECT \"id\", \"test_column\" FROM \"test\".\"test_1_timestamptz\"'"}}
{"type":"LOG","log":{"level":"INFO","message":"INFO i.a.w.i.DefaultAirbyteStreamFactory(internalLog):159 INFO i.d.r.RelationalSnapshotChangeEventSource(createDataEvents):399 For table 'test.test_1_timestamptz_array' using select statement: 'SELECT \"id\", \"test_column\" FROM \"test\".\"test_1_timestamptz_array\"'"}}
{"type":"LOG","log":{"level":"INFO","message":"INFO i.a.w.i.DefaultAirbyteStreamFactory(internalLog):159 INFO i.d.r.RelationalSnapshotChangeEventSource(createDataEvents):399 For table 'test.test_1_timetz' using select statement: 'SELECT \"id\", \"test_column\" FROM \"test\".\"test_1_timetz\"'"}}
{"type":"LOG","log":{"level":"INFO","message":"INFO i.a.w.i.DefaultAirbyteStreamFactory(internalLog):159 INFO i.d.r.RelationalSnapshotChangeEventSource(createDataEvents):399 For table 'test.test_1_timetz_array' using select statement: 'SELECT \"id\", \"test_column\" FROM \"test\".\"test_1_timetz_array\"'"}}
{"type":"LOG","log":{"level":"INFO","message":"INFO i.a.w.i.DefaultAirbyteStreamFactory(internalLog):159 INFO i.d.r.RelationalSnapshotChangeEventSource(createDataEvents):399 For table 'test.test_2_time' using select statement: 'SELECT \"id\", \"test_column\" FROM \"test\".\"test_2_time\"'"}}
{"type":"LOG","log":{"level":"INFO","message":"INFO i.a.w.i.DefaultAirbyteStreamFactory(internalLog):159 INFO i.d.r.RelationalSnapshotChangeEventSource(createDataEvents):399 For table 'test.test_2_time_array' using select statement: 'SELECT \"id\", \"test_column\" FROM \"test\".\"test_2_time_array\"'"}}
{"type":"LOG","log":{"level":"INFO","message":"INFO i.a.w.i.DefaultAirbyteStreamFactory(internalLog):159 INFO i.d.r.RelationalSnapshotChangeEventSource(createDataEvents):399 For table 'test.test_2_timestamp' using select statement: 'SELECT \"id\", \"test_column\" FROM \"test\".\"test_2_timestamp\"'"}}
{"type":"LOG","log":{"level":"INFO","message":"INFO i.a.w.i.DefaultAirbyteStreamFactory(internalLog):159 INFO i.d.r.RelationalSnapshotChangeEventSource(createDataEvents):399 For table 'test.test_2_timestamp_array' using select statement: 'SELECT \"id\", \"test_column\" FROM \"test\".\"test_2_timestamp_array\"'"}}
{"type":"LOG","log":{"level":"INFO","message":"INFO i.a.w.i.DefaultAirbyteStreamFactory(internalLog):159 INFO i.d.r.RelationalSnapshotChangeEventSource(createDataEvents):399 For table 'test.test_2_timestamptz' using select statement: 'SELECT \"id\", \"test_column\" FROM \"test\".\"test_2_timestamptz\"'"}}
{"type":"LOG","log":{"level":"INFO","message":"INFO i.a.w.i.DefaultAirbyteStreamFactory(internalLog):159 INFO i.d.r.RelationalSnapshotChangeEventSource(createDataEvents):399 For table 'test.test_2_timestamptz_array' using select statement: 'SELECT \"id\", \"test_column\" FROM \"test\".\"test_2_timestamptz_array\"'"}}
{"type":"LOG","log":{"level":"INFO","message":"INFO i.a.w.i.DefaultAirbyteStreamFactory(internalLog):159 INFO i.d.r.RelationalSnapshotChangeEventSource(createDataEvents):399 For table 'test.test_2_timetz' using select statement: 'SELECT \"id\", \"test_column\" FROM \"test\".\"test_2_timetz\"'"}}
{"type":"LOG","log":{"level":"INFO","message":"INFO i.a.w.i.DefaultAirbyteStreamFactory(internalLog):159 INFO i.d.r.RelationalSnapshotChangeEventSource(createDataEvents):399 For table 'test.test_2_timetz_array' using select statement: 'SELECT \"id\", \"test_column\" FROM \"test\".\"test_2_timetz_array\"'"}}
{"type":"LOG","log":{"level":"INFO","message":"INFO i.a.w.i.DefaultAirbyteStreamFactory(internalLog):159 INFO i.d.r.RelationalSnapshotChangeEventSource(createDataEvents):399 For table 'test.test_3_time' using select statement: 'SELECT \"id\", \"test_column\" FROM \"test\".\"test_3_time\"'"}}
{"type":"LOG","log":{"level":"INFO","message":"INFO i.a.w.i.DefaultAirbyteStreamFactory(internalLog):159 INFO i.d.r.RelationalSnapshotChangeEventSource(createDataEvents):399 For table 'test.test_3_timestamp' using select statement: 'SELECT \"id\", \"test_column\" FROM \"test\".\"test_3_timestamp\"'"}}
{"type":"LOG","log":{"level":"INFO","message":"INFO i.a.w.i.DefaultAirbyteStreamFactory(internalLog):159 INFO i.d.r.RelationalSnapshotChangeEventSource(createDataEvents):399 For table 'test.test_3_timestamptz' using select statement: 'SELECT \"id\", \"test_column\" FROM \"test\".\"test_3_timestamptz\"'"}}
{"type":"LOG","log":{"level":"INFO","message":"INFO i.a.w.i.DefaultAirbyteStreamFactory(internalLog):159 INFO i.d.r.RelationalSnapshotChangeEventSource(createDataEvents):399 For table 'test.test_3_timetz' using select statement: 'SELECT \"id\", \"test_column\" FROM \"test\".\"test_3_timetz\"'"}}
{"type":"LOG","log":{"level":"INFO","message":"INFO i.a.w.i.DefaultAirbyteStreamFactory(internalLog):159 INFO i.d.r.RelationalSnapshotChangeEventSource(createDataEvents):399 For table 'test.test_4_time' using select statement: 'SELECT \"id\", \"test_column\" FROM \"test\".\"test_4_time\"'"}}
{"type":"LOG","log":{"level":"INFO","message":"INFO i.a.w.i.DefaultAirbyteStreamFactory(internalLog):159 INFO i.d.r.RelationalSnapshotChangeEventSource(createDataEvents):399 For table 'test.test_4_timestamp' using select statement: 'SELECT \"id\", \"test_column\" FROM \"test\".\"test_4_timestamp\"'"}}
{"type":"LOG","log":{"level":"INFO","message":"INFO i.a.w.i.DefaultAirbyteStreamFactory(internalLog):159 INFO i.d.r.RelationalSnapshotChangeEventSource(createDataEvents):399 For table 'test.test_4_timestamptz' using select statement: 'SELECT \"id\", \"test_column\" FROM \"test\".\"test_4_timestamptz\"'"}}
{"type":"LOG","log":{"level":"INFO","message":"INFO i.a.w.i.DefaultAirbyteStreamFactory(internalLog):159 INFO i.d.r.RelationalSnapshotChangeEventSource(createDataEvents):399 For table 'test.test_4_timetz' using select statement: 'SELECT \"id\", \"test_column\" FROM \"test\".\"test_4_timetz\"'"}}
{"type":"LOG","log":{"level":"INFO","message":"INFO i.a.w.i.DefaultAirbyteStreamFactory(internalLog):159 INFO i.d.r.RelationalSnapshotChangeEventSource(createDataEvents):399 For table 'test.test_5_time' using select statement: 'SELECT \"id\", \"test_column\" FROM \"test\".\"test_5_time\"'"}}
{"type":"LOG","log":{"level":"INFO","message":"INFO i.a.w.i.DefaultAirbyteStreamFactory(internalLog):159 INFO i.d.r.RelationalSnapshotChangeEventSource(createDataEvents):399 For table 'test.test_5_timestamp' using select statement: 'SELECT \"id\", \"test_column\" FROM \"test\".\"test_5_timestamp\"'"}}
{"type":"LOG","log":{"level":"INFO","message":"INFO i.a.w.i.DefaultAirbyteStreamFactory(internalLog):159 INFO i.d.r.RelationalSnapshotChangeEventSource(createDataEvents):399 For table 'test.test_6_timestamp' using select statement: 'SELECT \"id\", \"test_column\" FROM \"test\".\"test_6_timestamp\"'"}}
{"type":"LOG","log":{"level":"INFO","message":"INFO i.a.w.i.DefaultAirbyteStreamFactory(internalLog):159 INFO i.d.r.RelationalSnapshotChangeEventSource(createDataEvents):399 For table 'test.test_7_timestamp' using select statement: 'SELECT \"id\", \"test_column\" FROM \"test\".\"test_7_timestamp\"'"}}
{"type":"LOG","log":{"level":"INFO","message":"INFO i.a.w.i.DefaultAirbyteStreamFactory(internalLog):159 INFO i.d.r.RelationalSnapshotChangeEventSource(createDataEvents):399 For table 'test.test_8_timestamp' using select statement: 'SELECT \"id\", \"test_column\" FROM \"test\".\"test_8_timestamp\"'"}}
{"type":"LOG","log":{"level":"INFO","message":"INFO i.a.w.i.DefaultAirbyteStreamFactory(internalLog):159 INFO i.d.r.RelationalSnapshotChangeEventSource(createDataEvents):399 For table 'test.test_1_tsquery' using select statement: 'SELECT \"id\", \"test_column\" FROM \"test\".\"test_1_tsquery\"'"}}
{"type":"LOG","log":{"level":"INFO","message":"INFO i.a.w.i.DefaultAirbyteStreamFactory(internalLog):159 INFO i.d.r.RelationalSnapshotChangeEventSource(createDataEvents):399 For table 'test.test_1_tsvector' using select statement: 'SELECT \"id\", \"test_column\" FROM \"test\".\"test_1_tsvector\"'"}}
{"type":"LOG","log":{"level":"INFO","message":"INFO i.a.w.i.DefaultAirbyteStreamFactory(internalLog):159 INFO i.d.r.RelationalSnapshotChangeEventSource(createDataEvents):399 For table 'test.test_1_uuid' using select statement: 'SELECT \"id\", \"test_column\" FROM \"test\".\"test_1_uuid\"'"}}
{"type":"LOG","log":{"level":"INFO","message":"INFO i.a.w.i.DefaultAirbyteStreamFactory(internalLog):159 INFO i.d.r.RelationalSnapshotChangeEventSource(createDataEvents):399 For table 'test.test_1_xml' using select statement: 'SELECT \"id\", \"test_column\" FROM \"test\".\"test_1_xml\"'"}}
{"type":"LOG","log":{"level":"INFO","message":"INFO i.a.w.i.DefaultAirbyteStreamFactory(internalLog):159 INFO i.d.r.RelationalSnapshotChangeEventSource(createDataEvents):399 For table 'test.test_1_mood' using select statement: 'SELECT \"id\", \"test_column\" FROM \"test\".\"test_1_mood\"'"}}
{"type":"LOG","log":{"level":"INFO","message":"INFO i.a.w.i.DefaultAirbyteStreamFactory(internalLog):159 INFO i.d.r.RelationalSnapshotChangeEventSource(createDataEvents):399 For table 'test.test_1_tsrange' using select statement: 'SELECT \"id\", \"test_column\" FROM \"test\".\"test_1_tsrange\"'"}}
{"type":"LOG","log":{"level":"INFO","message":"INFO i.a.w.i.DefaultAirbyteStreamFactory(internalLog):159 INFO i.d.r.RelationalSnapshotChangeEventSource(createDataEvents):399 For table 'test.test_1_inventory_item' using select statement: 'SELECT \"id\", \"test_column\" FROM \"test\".\"test_1_inventory_item\"'"}}
{"type":"LOG","log":{"level":"INFO","message":"INFO i.a.w.i.DefaultAirbyteStreamFactory(internalLog):159 INFO i.d.r.RelationalSnapshotChangeEventSource(createDataEvents):399 For table 'test.test_1_hstore' using select statement: 'SELECT \"id\", \"test_column\" FROM \"test\".\"test_1_hstore\"'"}}
{"type":"LOG","log":{"level":"INFO","message":"INFO i.a.w.i.DefaultAirbyteStreamFactory(internalLog):159 INFO i.d.r.RelationalSnapshotChangeEventSource(createDataEvents):399 For table 'test.test_1_oid_array' using select statement: 'SELECT \"id\", \"test_column\" FROM \"test\".\"test_1_oid_array\"'"}}
{"type":"LOG","log":{"level":"INFO","message":"INFO i.a.w.i.DefaultAirbyteStreamFactory(internalLog):159 INFO i.d.r.RelationalSnapshotChangeEventSource(createDataEvents):399 For table 'test.test_1_bpchar_array' using select statement: 'SELECT \"id\", \"test_column\" FROM \"test\".\"test_1_bpchar_array\"'"}}
{"type":"LOG","log":{"level":"INFO","message":"INFO i.a.w.i.DefaultAirbyteStreamFactory(internalLog):159 INFO i.d.r.RelationalSnapshotChangeEventSource(createDataEvents):399 For table 'test.test_1_name_array' using select statement: 'SELECT \"id\", \"test_column\" FROM \"test\".\"test_1_name_array\"'"}}
{"type":"LOG","log":{"level":"INFO","message":"INFO i.a.w.i.DefaultAirbyteStreamFactory(internalLog):159 INFO i.d.r.RelationalSnapshotChangeEventSource(createDataEvents):399 For table 'test.test_2_decimal_array' using select statement: 'SELECT \"id\", \"test_column\" FROM \"test\".\"test_2_decimal_array\"'"}}
{"type":"LOG","log":{"level":"INFO","message":"INFO i.a.w.i.DefaultAirbyteStreamFactory(internalLog):159 INFO i.d.r.RelationalSnapshotChangeEventSource(createDataEvents):399 For table 'test.test_3_decimal_array' using select statement: 'SELECT \"id\", \"test_column\" FROM \"test\".\"test_3_decimal_array\"'"}}
{"type":"LOG","log":{"level":"INFO","message":"INFO i.a.w.i.DefaultAirbyteStreamFactory(internalLog):159 INFO i.d.r.RelationalSnapshotChangeEventSource(createDataEvents):399 For table 'test.test_1_money_array' using select statement: 'SELECT \"id\", \"test_column\" FROM \"test\".\"test_1_money_array\"'"}}
{"type":"LOG","log":{"level":"INFO","message":"INFO i.a.w.i.DefaultAirbyteStreamFactory(internalLog):159 INFO i.d.r.RelationalSnapshotChangeEventSource(createDataEvents):399 For table 'test.test_1_money' using select statement: 'SELECT \"id\", \"test_column\" FROM \"test\".\"test_1_money\"'"}}
{"type":"LOG","log":{"level":"INFO","message":"INFO i.a.w.i.DefaultAirbyteStreamFactory(internalLog):159 INFO i.d.r.RelationalSnapshotChangeEventSource(createDataEvents):399 For table 'test.test_2_bigint' using select statement: 'SELECT \"id\", \"test_column\" FROM \"test\".\"test_2_bigint\"'"}}
{"type":"LOG","log":{"level":"INFO","message":"INFO i.a.w.i.DefaultAirbyteStreamFactory(internalLog):159 INFO i.d.r.RelationalSnapshotChangeEventSource(createDataEvents):399 For table 'test.test_2_bigserial' using select statement: 'SELECT \"id\", \"test_column\" FROM \"test\".\"test_2_bigserial\"'"}}
{"type":"LOG","log":{"level":"INFO","message":"INFO i.a.w.i.DefaultAirbyteStreamFactory(internalLog):159 INFO i.d.r.RelationalSnapshotChangeEventSource(createDataEvents):399 For table 'test.test_3_bit' using select statement: 'SELECT \"id\", \"test_column\" FROM \"test\".\"test_3_bit\"'"}}
{"type":"LOG","log":{"level":"INFO","message":"INFO i.a.w.i.DefaultAirbyteStreamFactory(internalLog):159 INFO i.d.r.RelationalSnapshotChangeEventSource(createDataEvents):399 For table 'test.test_3_bit_varying' using select statement: 'SELECT \"id\", \"test_column\" FROM \"test\".\"test_3_bit_varying\"'"}}
{"type":"LOG","log":{"level":"INFO","message":"INFO i.a.w.i.DefaultAirbyteStreamFactory(internalLog):159 INFO i.d.r.RelationalSnapshotChangeEventSource(createDataEvents):399 For table 'test.test_4_bit' using select statement: 'SELECT \"id\", \"test_column\" FROM \"test\".\"test_4_bit\"'"}}
{"type":"LOG","log":{"level":"INFO","message":"INFO i.a.w.i.DefaultAirbyteStreamFactory(internalLog):159 INFO i.d.r.RelationalSnapshotChangeEventSource(createDataEvents):399 For table 'test.test_4_bit_varying' using select statement: 'SELECT \"id\", \"test_column\" FROM \"test\".\"test_4_bit_varying\"'"}}
{"type":"LOG","log":{"level":"INFO","message":"INFO i.a.w.i.DefaultAirbyteStreamFactory(internalLog):159 INFO i.d.r.RelationalSnapshotChangeEventSource(createDataEvents):399 For table 'test.test_2_bool' using select statement: 'SELECT \"id\", \"test_column\" FROM \"test\".\"test_2_bool\"'"}}
{"type":"LOG","log":{"level":"INFO","message":"INFO i.a.w.i.DefaultAirbyteStreamFactory(internalLog):159 INFO i.d.r.RelationalSnapshotChangeEventSource(createDataEvents):399 For table 'test.test_2_bool_array' using select statement: 'SELECT \"id\", \"test_column\" FROM \"test\".\"test_2_bool_array\"'"}}
{"type":"LOG","log":{"level":"INFO","message":"INFO i.a.w.i.DefaultAirbyteStreamFactory(internalLog):159 INFO i.d.r.RelationalSnapshotChangeEventSource(createDataEvents):399 For table 'test.test_2_boolean' using select statement: 'SELECT \"id\", \"test_column\" FROM \"test\".\"test_2_boolean\"'"}}
{"type":"LOG","log":{"level":"INFO","message":"INFO i.a.w.i.DefaultAirbyteStreamFactory(internalLog):159 INFO i.d.r.RelationalSnapshotChangeEventSource(createDataEvents):399 For table 'test.test_2_box' using select statement: 'SELECT \"id\", \"test_column\" FROM \"test\".\"test_2_box\"'"}}
{"type":"LOG","log":{"level":"INFO","message":"INFO i.a.w.i.DefaultAirbyteStreamFactory(internalLog):159 INFO i.d.r.RelationalSnapshotChangeEventSource(createDataEvents):399 For table 'test.test_2_bytea' using select statement: 'SELECT \"id\", \"test_column\" FROM \"test\".\"test_2_bytea\"'"}}
{"type":"LOG","log":{"level":"INFO","message":"INFO i.a.w.i.DefaultAirbyteStreamFactory(internalLog):159 INFO i.d.r.RelationalSnapshotChangeEventSource(createDataEvents):399 For table 'test.test_2_bytea_array' using select statement: 'SELECT \"id\", \"test_column\" FROM \"test\".\"test_2_bytea_array\"'"}}
{"type":"LOG","log":{"level":"INFO","message":"INFO i.a.w.i.DefaultAirbyteStreamFactory(internalLog):159 INFO i.d.r.RelationalSnapshotChangeEventSource(createDataEvents):399 For table 'test.test_3_char' using select statement: 'SELECT \"id\", \"test_column\" FROM \"test\".\"test_3_char\"'"}}
{"type":"LOG","log":{"level":"INFO","message":"INFO i.a.w.i.DefaultAirbyteStreamFactory(internalLog):159 INFO i.d.r.RelationalSnapshotChangeEventSource(createDataEvents):399 For table 'test.test_3_character' using select statement: 'SELECT \"id\", \"test_column\" FROM \"test\".\"test_3_character\"'"}}
{"type":"LOG","log":{"level":"INFO","message":"INFO i.a.w.i.DefaultAirbyteStreamFactory(internalLog):159 INFO i.d.r.RelationalSnapshotChangeEventSource(createDataEvents):399 For table 'test.test_4_char' using select statement: 'SELECT \"id\", \"test_column\" FROM \"test\".\"test_4_char\"'"}}
{"type":"LOG","log":{"level":"INFO","message":"INFO i.a.w.i.DefaultAirbyteStreamFactory(internalLog):159 INFO i.d.r.RelationalSnapshotChangeEventSource(createDataEvents):399 For table 'test.test_4_character' using select statement: 'SELECT \"id\", \"test_column\" FROM \"test\".\"test_4_character\"'"}}
{"type":"LOG","log":{"level":"INFO","message":"INFO i.a.w.i.DefaultAirbyteStreamFactory(internalLog):159 INFO i.d.r.RelationalSnapshotChangeEventSource(createDataEvents):399 For table 'test.test_2_text' using select statement: 'SELECT \"id\", \"test_column\" FROM \"test\".\"test_2_text\"'"}}
{"type":"LOG","log":{"level":"INFO","message":"INFO i.a.w.i.DefaultAirbyteStreamFactory(internalLog):159 INFO i.d.r.RelationalSnapshotChangeEventSource(createDataEvents):399 For table 'test.test_2_text_array' using select statement: 'SELECT \"id\", \"test_column\" FROM \"test\".\"test_2_text_array\"'"}}
{"type":"LOG","log":{"level":"INFO","message":"INFO i.a.w.i.DefaultAirbyteStreamFactory(internalLog):159 INFO i.d.r.RelationalSnapshotChangeEventSource(createDataEvents):399 For table 'test.test_3_varchar' using select statement: 'SELECT \"id\", \"test_column\" FROM \"test\".\"test_3_varchar\"'"}}
{"type":"LOG","log":{"level":"INFO","message":"INFO i.a.w.i.DefaultAirbyteStreamFactory(internalLog):159 INFO i.d.r.RelationalSnapshotChangeEventSource(createDataEvents):399 For table 'test.test_4_varchar' using select statement: 'SELECT \"id\", \"test_column\" FROM \"test\".\"test_4_varchar\"'"}}
{"type":"LOG","log":{"level":"INFO","message":"INFO i.a.w.i.DefaultAirbyteStreamFactory(internalLog):159 INFO i.d.r.RelationalSnapshotChangeEventSource(createDataEvents):399 For table 'test.test_2_cidr' using select statement: 'SELECT \"id\", \"test_column\" FROM \"test\".\"test_2_cidr\"'"}}
{"type":"LOG","log":{"level":"INFO","message":"INFO i.a.w.i.DefaultAirbyteStreamFactory(internalLog):159 INFO i.d.r.RelationalSnapshotChangeEventSource(createDataEvents):399 For table 'test.test_2_circle' using select statement: 'SELECT \"id\", \"test_column\" FROM \"test\".\"test_2_circle\"'"}}
{"type":"LOG","log":{"level":"INFO","message":"INFO i.a.w.i.DefaultAirbyteStreamFactory(internalLog):159 INFO i.d.r.RelationalSnapshotChangeEventSource(createDataEvents):399 For table 'test.test_4_date' using select statement: 'SELECT \"id\", \"test_column\" FROM \"test\".\"test_4_date\"'"}}
{"type":"LOG","log":{"level":"INFO","message":"INFO i.a.w.i.DefaultAirbyteStreamFactory(internalLog):159 INFO i.d.r.RelationalSnapshotChangeEventSource(createDataEvents):399 For table 'test.test_5_date' using select statement: 'SELECT \"id\", \"test_column\" FROM \"test\".\"test_5_date\"'"}}
{"type":"LOG","log":{"level":"INFO","message":"INFO i.a.w.i.DefaultAirbyteStreamFactory(internalLog):159 INFO i.d.r.RelationalSnapshotChangeEventSource(createDataEvents):399 For table 'test.test_6_date' using select statement: 'SELECT \"id\", \"test_column\" FROM \"test\".\"test_6_date\"'"}}
{"type":"LOG","log":{"level":"INFO","message":"INFO i.a.w.i.DefaultAirbyteStreamFactory(internalLog):159 INFO i.d.r.RelationalSnapshotChangeEventSource(createDataEvents):399 For table 'test.test_2_float' using select statement: 'SELECT \"id\", \"test_column\" FROM \"test\".\"test_2_float\"'"}}
{"type":"LOG","log":{"level":"INFO","message":"INFO i.a.w.i.DefaultAirbyteStreamFactory(internalLog):159 INFO i.d.r.RelationalSnapshotChangeEventSource(createDataEvents):399 For table 'test.test_2_float4' using select statement: 'SELECT \"id\", \"test_column\" FROM \"test\".\"test_2_float4\"'"}}
{"type":"LOG","log":{"level":"INFO","message":"INFO i.a.w.i.DefaultAirbyteStreamFactory(internalLog):159 INFO i.d.r.RelationalSnapshotChangeEventSource(createDataEvents):399 For table 'test.test_2_float4_array' using select statement: 'SELECT \"id\", \"test_column\" FROM \"test\".\"test_2_float4_array\"'"}}
{"type":"LOG","log":{"level":"INFO","message":"INFO i.a.w.i.DefaultAirbyteStreamFactory(internalLog):159 INFO i.d.r.RelationalSnapshotChangeEventSource(createDataEvents):399 For table 'test.test_2_float8' using select statement: 'SELECT \"id\", \"test_column\" FROM \"test\".\"test_2_float8\"'"}}
{"type":"LOG","log":{"level":"INFO","message":"INFO i.a.w.i.DefaultAirbyteStreamFactory(internalLog):159 INFO i.d.r.RelationalSnapshotChangeEventSource(createDataEvents):399 For table 'test.test_2_float8_array' using select statement: 'SELECT \"id\", \"test_column\" FROM \"test\".\"test_2_float8_array\"'"}}
{"type":"LOG","log":{"level":"INFO","message":"INFO i.a.w.i.DefaultAirbyteStreamFactory(internalLog):159 INFO i.d.r.RelationalSnapshotChangeEventSource(createDataEvents):399 For table 'test.test_2_double_precision' using select statement: 'SELECT \"id\", \"test_column\" FROM \"test\".\"test_2_double_precision\"'"}}
{"type":"LOG","log":{"level":"INFO","message":"INFO i.a.w.i.DefaultAirbyteStreamFactory(internalLog):159 INFO i.d.r.RelationalSnapshotChangeEventSource(createDataEvents):399 For table 'test.test_2_inet' using select statement: 'SELECT \"id\", \"test_column\" FROM \"test\".\"test_2_inet\"'"}}
{"type":"LOG","log":{"level":"INFO","message":"INFO i.a.w.i.DefaultAirbyteStreamFactory(internalLog):159 INFO i.d.r.RelationalSnapshotChangeEventSource(createDataEvents):399 For table 'test.test_2_int4' using select statement: 'SELECT \"id\", \"test_column\" FROM \"test\".\"test_2_int4\"'"}}
{"type":"LOG","log":{"level":"INFO","message":"INFO i.a.w.i.DefaultAirbyteStreamFactory(internalLog):159 INFO i.d.r.RelationalSnapshotChangeEventSource(createDataEvents):399 For table 'test.test_2_int4_array' using select statement: 'SELECT \"id\", \"test_column\" FROM \"test\".\"test_2_int4_array\"'"}}
{"type":"LOG","log":{"level":"INFO","message":"INFO i.a.w.i.DefaultAirbyteStreamFactory(internalLog):159 INFO i.d.r.RelationalSnapshotChangeEventSource(createDataEvents):399 For table 'test.test_2_int' using select statement: 'SELECT \"id\", \"test_column\" FROM \"test\".\"test_2_int\"'"}}
{"type":"LOG","log":{"level":"INFO","message":"INFO i.a.w.i.DefaultAirbyteStreamFactory(internalLog):159 INFO i.d.r.RelationalSnapshotChangeEventSource(createDataEvents):399 For table 'test.test_2_int2' using select statement: 'SELECT \"id\", \"test_column\" FROM \"test\".\"test_2_int2\"'"}}
{"type":"LOG","log":{"level":"INFO","message":"INFO i.a.w.i.DefaultAirbyteStreamFactory(internalLog):159 INFO i.d.r.RelationalSnapshotChangeEventSource(createDataEvents):399 For table 'test.test_2_int2_array' using select statement: 'SELECT \"id\", \"test_column\" FROM \"test\".\"test_2_int2_array\"'"}}
{"type":"LOG","log":{"level":"INFO","message":"INFO i.a.w.i.DefaultAirbyteStreamFactory(internalLog):159 INFO i.d.r.RelationalSnapshotChangeEventSource(createDataEvents):399 For table 'test.test_2_int8_array' using select statement: 'SELECT \"id\", \"test_column\" FROM \"test\".\"test_2_int8_array\"'"}}
{"type":"LOG","log":{"level":"INFO","message":"INFO i.a.w.i.DefaultAirbyteStreamFactory(internalLog):159 INFO i.d.r.RelationalSnapshotChangeEventSource(createDataEvents):399 For table 'test.test_2_integer' using select statement: 'SELECT \"id\", \"test_column\" FROM \"test\".\"test_2_integer\"'"}}
{"type":"LOG","log":{"level":"INFO","message":"INFO i.a.w.i.DefaultAirbyteStreamFactory(internalLog):159 INFO i.d.r.RelationalSnapshotChangeEventSource(createDataEvents):399 For table 'test.test_2_interval' using select statement: 'SELECT \"id\", \"test_column\" FROM \"test\".\"test_2_interval\"'"}}
{"type":"LOG","log":{"level":"INFO","message":"INFO i.a.w.i.DefaultAirbyteStreamFactory(internalLog):159 INFO i.d.r.RelationalSnapshotChangeEventSource(createDataEvents):399 For table 'test.test_2_json' using select statement: 'SELECT \"id\", \"test_column\" FROM \"test\".\"test_2_json\"'"}}
{"type":"LOG","log":{"level":"INFO","message":"INFO i.a.w.i.DefaultAirbyteStreamFactory(internalLog):159 INFO i.d.r.RelationalSnapshotChangeEventSource(createDataEvents):399 For table 'test.test_2_jsonb' using select statement: 'SELECT \"id\", \"test_column\" FROM \"test\".\"test_2_jsonb\"'"}}
{"type":"LOG","log":{"level":"INFO","message":"INFO i.a.w.i.DefaultAirbyteStreamFactory(internalLog):159 INFO i.d.r.RelationalSnapshotChangeEventSource(createDataEvents):399 For table 'test.test_2_line' using select statement: 'SELECT \"id\", \"test_column\" FROM \"test\".\"test_2_line\"'"}}
{"type":"LOG","log":{"level":"INFO","message":"INFO i.a.w.i.DefaultAirbyteStreamFactory(internalLog):159 INFO i.d.r.RelationalSnapshotChangeEventSource(createDataEvents):399 For table 'test.test_2_lseg' using select statement: 'SELECT \"id\", \"test_column\" FROM \"test\".\"test_2_lseg\"'"}}
{"type":"LOG","log":{"level":"INFO","message":"INFO i.a.w.i.DefaultAirbyteStreamFactory(internalLog):159 INFO i.d.r.RelationalSnapshotChangeEventSource(createDataEvents):399 For table 'test.test_2_macaddr' using select statement: 'SELECT \"id\", \"test_column\" FROM \"test\".\"test_2_macaddr\"'"}}
{"type":"LOG","log":{"level":"INFO","message":"INFO i.a.w.i.DefaultAirbyteStreamFactory(internalLog):159 INFO i.d.r.RelationalSnapshotChangeEventSource(createDataEvents):399 For table 'test.test_2_macaddr8' using select statement: 'SELECT \"id\", \"test_column\" FROM \"test\".\"test_2_macaddr8\"'"}}
{"type":"LOG","log":{"level":"INFO","message":"INFO i.a.w.i.DefaultAirbyteStreamFactory(internalLog):159 INFO i.d.r.RelationalSnapshotChangeEventSource(createDataEvents):399 For table 'test.test_6_numeric' using select statement: 'SELECT \"id\", \"test_column\" FROM \"test\".\"test_6_numeric\"'"}}
{"type":"LOG","log":{"level":"INFO","message":"INFO i.a.w.i.DefaultAirbyteStreamFactory(internalLog):159 INFO i.d.r.RelationalSnapshotChangeEventSource(createDataEvents):399 For table 'test.test_6_numeric_array' using select statement: 'SELECT \"id\", \"test_column\" FROM \"test\".\"test_6_numeric_array\"'"}}
{"type":"LOG","log":{"level":"INFO","message":"INFO i.a.w.i.DefaultAirbyteStreamFactory(internalLog):159 INFO i.d.r.RelationalSnapshotChangeEventSource(createDataEvents):399 For table 'test.test_7_numeric' using select statement: 'SELECT \"id\", \"test_column\" FROM \"test\".\"test_7_numeric\"'"}}
{"type":"LOG","log":{"level":"INFO","message":"INFO i.a.w.i.DefaultAirbyteStreamFactory(internalLog):159 INFO i.d.r.RelationalSnapshotChangeEventSource(createDataEvents):399 For table 'test.test_8_numeric' using select statement: 'SELECT \"id\", \"test_column\" FROM \"test\".\"test_8_numeric\"'"}}
{"type":"LOG","log":{"level":"INFO","message":"INFO i.a.w.i.DefaultAirbyteStreamFactory(internalLog):159 INFO i.d.r.RelationalSnapshotChangeEventSource(createDataEvents):399 For table 'test.test_9_numeric' using select statement: 'SELECT \"id\", \"test_column\" FROM \"test\".\"test_9_numeric\"'"}}
{"type":"LOG","log":{"level":"INFO","message":"INFO i.a.w.i.DefaultAirbyteStreamFactory(internalLog):159 INFO i.d.r.RelationalSnapshotChangeEventSource(createDataEvents):399 For table 'test.test_2_decimal' using select statement: 'SELECT \"id\", \"test_column\" FROM \"test\".\"test_2_decimal\"'"}}
{"type":"LOG","log":{"level":"INFO","message":"INFO i.a.w.i.DefaultAirbyteStreamFactory(internalLog):159 INFO i.d.r.RelationalSnapshotChangeEventSource(createDataEvents):399 For table 'test.test_10_numeric' using select statement: 'SELECT \"id\", \"test_column\" FROM \"test\".\"test_10_numeric\"'"}}
{"type":"LOG","log":{"level":"INFO","message":"INFO i.a.w.i.DefaultAirbyteStreamFactory(internalLog):159 INFO i.d.r.RelationalSnapshotChangeEventSource(createDataEvents):399 For table 'test.test_2_path' using select statement: 'SELECT \"id\", \"test_column\" FROM \"test\".\"test_2_path\"'"}}
{"type":"LOG","log":{"level":"INFO","message":"INFO i.a.w.i.DefaultAirbyteStreamFactory(internalLog):159 INFO i.d.r.RelationalSnapshotChangeEventSource(createDataEvents):399 For table 'test.test_2_pg_lsn' using select statement: 'SELECT \"id\", \"test_column\" FROM \"test\".\"test_2_pg_lsn\"'"}}
{"type":"LOG","log":{"level":"INFO","message":"INFO i.a.w.i.DefaultAirbyteStreamFactory(internalLog):159 INFO i.d.r.RelationalSnapshotChangeEventSource(createDataEvents):399 For table 'test.test_2_point' using select statement: 'SELECT \"id\", \"test_column\" FROM \"test\".\"test_2_point\"'"}}
{"type":"LOG","log":{"level":"INFO","message":"INFO i.a.w.i.DefaultAirbyteStreamFactory(internalLog):159 INFO i.d.r.RelationalSnapshotChangeEventSource(createDataEvents):399 For table 'test.test_2_polygon' using select statement: 'SELECT \"id\", \"test_column\" FROM \"test\".\"test_2_polygon\"'"}}
{"type":"LOG","log":{"level":"INFO","message":"INFO i.a.w.i.DefaultAirbyteStreamFactory(internalLog):159 INFO i.d.r.RelationalSnapshotChangeEventSource(createDataEvents):399 For table 'test.test_2_real' using select statement: 'SELECT \"id\", \"test_column\" FROM \"test\".\"test_2_real\"'"}}
{"type":"LOG","log":{"level":"INFO","message":"INFO i.a.w.i.DefaultAirbyteStreamFactory(internalLog):159 INFO i.d.r.RelationalSnapshotChangeEventSource(createDataEvents):399 For table 'test.test_2_smallint' using select statement: 'SELECT \"id\", \"test_column\" FROM \"test\".\"test_2_smallint\"'"}}
{"type":"LOG","log":{"level":"INFO","message":"INFO i.a.w.i.DefaultAirbyteStreamFactory(internalLog):159 INFO i.d.r.RelationalSnapshotChangeEventSource(createDataEvents):399 For table 'test.test_2_serial2' using select statement: 'SELECT \"id\", \"test_column\" FROM \"test\".\"test_2_serial2\"'"}}
{"type":"LOG","log":{"level":"INFO","message":"INFO i.a.w.i.DefaultAirbyteStreamFactory(internalLog):159 INFO i.d.r.RelationalSnapshotChangeEventSource(createDataEvents):399 For table 'test.test_2_smallserial' using select statement: 'SELECT \"id\", \"test_column\" FROM \"test\".\"test_2_smallserial\"'"}}
{"type":"LOG","log":{"level":"INFO","message":"INFO i.a.w.i.DefaultAirbyteStreamFactory(internalLog):159 INFO i.d.r.RelationalSnapshotChangeEventSource(createDataEvents):399 For table 'test.test_2_serial4' using select statement: 'SELECT \"id\", \"test_column\" FROM \"test\".\"test_2_serial4\"'"}}
{"type":"LOG","log":{"level":"INFO","message":"INFO i.a.w.i.DefaultAirbyteStreamFactory(internalLog):159 INFO i.d.r.RelationalSnapshotChangeEventSource(createDataEvents):399 For table 'test.test_2_serial' using select statement: 'SELECT \"id\", \"test_column\" FROM \"test\".\"test_2_serial\"'"}}
{"type":"LOG","log":{"level":"INFO","message":"INFO i.a.w.i.DefaultAirbyteStreamFactory(internalLog):159 INFO i.d.r.RelationalSnapshotChangeEventSource(createDataEvents):399 For table 'test.test_6_time' using select statement: 'SELECT \"id\", \"test_column\" FROM \"test\".\"test_6_time\"'"}}
{"type":"LOG","log":{"level":"INFO","message":"INFO i.a.w.i.DefaultAirbyteStreamFactory(internalLog):159 INFO i.d.r.RelationalSnapshotChangeEventSource(createDataEvents):399 For table 'test.test_7_time' using select statement: 'SELECT \"id\", \"test_column\" FROM \"test\".\"test_7_time\"'"}}
{"type":"LOG","log":{"level":"INFO","message":"INFO i.a.w.i.DefaultAirbyteStreamFactory(internalLog):159 INFO i.d.r.RelationalSnapshotChangeEventSource(createDataEvents):399 For table 'test.test_8_time' using select statement: 'SELECT \"id\", \"test_column\" FROM \"test\".\"test_8_time\"'"}}
{"type":"LOG","log":{"level":"INFO","message":"INFO i.a.w.i.DefaultAirbyteStreamFactory(internalLog):159 INFO i.d.r.RelationalSnapshotChangeEventSource(createDataEvents):399 For table 'test.test_9_time' using select statement: 'SELECT \"id\", \"test_column\" FROM \"test\".\"test_9_time\"'"}}
{"type":"LOG","log":{"level":"INFO","message":"INFO i.a.w.i.DefaultAirbyteStreamFactory(internalLog):159 INFO i.d.r.RelationalSnapshotChangeEventSource(createDataEvents):399 For table 'test.test_9_timestamp' using select statement: 'SELECT \"id\", \"test_column\" FROM \"test\".\"test_9_timestamp\"'"}}
{"type":"LOG","log":{"level":"INFO","message":"INFO i.a.w.i.DefaultAirbyteStreamFactory(internalLog):159 INFO i.d.r.RelationalSnapshotChangeEventSource(createDataEvents):399 For table 'test.test_10_time' using select statement: 'SELECT \"id\", \"test_column\" FROM \"test\".\"test_10_time\"'"}}
{"type":"LOG","log":{"level":"INFO","message":"INFO i.a.w.i.DefaultAirbyteStreamFactory(internalLog):159 INFO i.d.r.RelationalSnapshotChangeEventSource(createDataEvents):399 For table 'test.test_10_timestamp' using select statement: 'SELECT \"id\", \"test_column\" FROM \"test\".\"test_10_timestamp\"'"}}
{"type":"LOG","log":{"level":"INFO","message":"INFO i.a.w.i.DefaultAirbyteStreamFactory(internalLog):159 INFO i.d.r.RelationalSnapshotChangeEventSource(createDataEvents):399 For table 'test.test_11_timestamp' using select statement: 'SELECT \"id\", \"test_column\" FROM \"test\".\"test_11_timestamp\"'"}}
{"type":"LOG","log":{"level":"INFO","message":"INFO i.a.w.i.DefaultAirbyteStreamFactory(internalLog):159 INFO i.d.r.RelationalSnapshotChangeEventSource(createDataEvents):399 For table 'test.test_12_timestamp' using select statement: 'SELECT \"id\", \"test_column\" FROM \"test\".\"test_12_timestamp\"'"}}
{"type":"LOG","log":{"level":"INFO","message":"INFO i.a.w.i.DefaultAirbyteStreamFactory(internalLog):159 INFO i.d.r.RelationalSnapshotChangeEventSource(createDataEvents):399 For table 'test.test_13_timestamp' using select statement: 'SELECT \"id\", \"test_column\" FROM \"test\".\"test_13_timestamp\"'"}}
{"type":"LOG","log":{"level":"INFO","message":"INFO i.a.w.i.DefaultAirbyteStreamFactory(internalLog):159 INFO i.d.r.RelationalSnapshotChangeEventSource(createDataEvents):399 For table 'test.test_14_timestamp' using select statement: 'SELECT \"id\", \"test_column\" FROM \"test\".\"test_14_timestamp\"'"}}
{"type":"LOG","log":{"level":"INFO","message":"INFO i.a.w.i.DefaultAirbyteStreamFactory(internalLog):159 INFO i.d.r.RelationalSnapshotChangeEventSource(createDataEvents):399 For table 'test.test_15_timestamp' using select statement: 'SELECT \"id\", \"test_column\" FROM \"test\".\"test_15_timestamp\"'"}}
{"type":"LOG","log":{"level":"INFO","message":"INFO i.a.w.i.DefaultAirbyteStreamFactory(internalLog):159 INFO i.d.r.RelationalSnapshotChangeEventSource(createDataEvents):399 For table 'test.test_16_timestamp' using select statement: 'SELECT \"id\", \"test_column\" FROM \"test\".\"test_16_timestamp\"'"}}
{"type":"LOG","log":{"level":"INFO","message":"INFO i.a.w.i.DefaultAirbyteStreamFactory(internalLog):159 INFO i.d.r.RelationalSnapshotChangeEventSource(createDataEvents):399 For table 'test.test_2_tsquery' using select statement: 'SELECT \"id\", \"test_column\" FROM \"test\".\"test_2_tsquery\"'"}}
{"type":"LOG","log":{"level":"INFO","message":"INFO i.a.w.i.DefaultAirbyteStreamFactory(internalLog):159 INFO i.d.r.RelationalSnapshotChangeEventSource(createDataEvents):399 For table 'test.test_2_tsvector' using select statement: 'SELECT \"id\", \"test_column\" FROM \"test\".\"test_2_tsvector\"'"}}
{"type":"LOG","log":{"level":"INFO","message":"INFO i.a.w.i.DefaultAirbyteStreamFactory(internalLog):159 INFO i.d.r.RelationalSnapshotChangeEventSource(createDataEvents):399 For table 'test.test_2_uuid' using select statement: 'SELECT \"id\", \"test_column\" FROM \"test\".\"test_2_uuid\"'"}}
{"type":"LOG","log":{"level":"INFO","message":"INFO i.a.w.i.DefaultAirbyteStreamFactory(internalLog):159 INFO i.d.r.RelationalSnapshotChangeEventSource(createDataEvents):399 For table 'test.test_2_xml' using select statement: 'SELECT \"id\", \"test_column\" FROM \"test\".\"test_2_xml\"'"}}
{"type":"LOG","log":{"level":"INFO","message":"INFO i.a.w.i.DefaultAirbyteStreamFactory(internalLog):159 INFO i.d.r.RelationalSnapshotChangeEventSource(createDataEvents):399 For table 'test.test_2_mood' using select statement: 'SELECT \"id\", \"test_column\" FROM \"test\".\"test_2_mood\"'"}}
{"type":"LOG","log":{"level":"INFO","message":"INFO i.a.w.i.DefaultAirbyteStreamFactory(internalLog):159 INFO i.d.r.RelationalSnapshotChangeEventSource(createDataEvents):399 For table 'test.test_2_tsrange' using select statement: 'SELECT \"id\", \"test_column\" FROM \"test\".\"test_2_tsrange\"'"}}
{"type":"LOG","log":{"level":"INFO","message":"INFO i.a.w.i.DefaultAirbyteStreamFactory(internalLog):159 INFO i.d.r.RelationalSnapshotChangeEventSource(createDataEvents):399 For table 'test.test_2_inventory_item' using select statement: 'SELECT \"id\", \"test_column\" FROM \"test\".\"test_2_inventory_item\"'"}}
{"type":"LOG","log":{"level":"INFO","message":"INFO i.a.w.i.DefaultAirbyteStreamFactory(internalLog):159 INFO i.d.r.RelationalSnapshotChangeEventSource(createDataEvents):399 For table 'test.test_2_hstore' using select statement: 'SELECT \"id\", \"test_column\" FROM \"test\".\"test_2_hstore\"'"}}
{"type":"LOG","log":{"level":"INFO","message":"INFO i.a.w.i.DefaultAirbyteStreamFactory(internalLog):159 INFO i.d.r.RelationalSnapshotChangeEventSource(createDataEvents):399 For table 'test.test_2_oid_array' using select statement: 'SELECT \"id\", \"test_column\" FROM \"test\".\"test_2_oid_array\"'"}}
{"type":"LOG","log":{"level":"INFO","message":"INFO i.a.w.i.DefaultAirbyteStreamFactory(internalLog):159 INFO i.d.r.RelationalSnapshotChangeEventSource(createDataEvents):399 For table 'test.test_2_bpchar_array' using select statement: 'SELECT \"id\", \"test_column\" FROM \"test\".\"test_2_bpchar_array\"'"}}
{"type":"LOG","log":{"level":"INFO","message":"INFO i.a.w.i.DefaultAirbyteStreamFactory(internalLog):159 INFO i.d.r.RelationalSnapshotChangeEventSource(createDataEvents):399 For table 'test.test_2_name_array' using select statement: 'SELECT \"id\", \"test_column\" FROM \"test\".\"test_2_name_array\"'"}}
{"type":"LOG","log":{"level":"INFO","message":"INFO i.a.w.i.DefaultAirbyteStreamFactory(internalLog):159 INFO i.d.r.RelationalSnapshotChangeEventSource(createDataEvents):399 For table 'test.test_4_decimal_array' using select statement: 'SELECT \"id\", \"test_column\" FROM \"test\".\"test_4_decimal_array\"'"}}
{"type":"LOG","log":{"level":"INFO","message":"INFO i.a.w.i.DefaultAirbyteStreamFactory(internalLog):159 INFO i.d.r.RelationalSnapshotChangeEventSource(createDataEvents):399 For table 'test.test_5_decimal_array' using select statement: 'SELECT \"id\", \"test_column\" FROM \"test\".\"test_5_decimal_array\"'"}}
{"type":"LOG","log":{"level":"INFO","message":"INFO i.a.w.i.DefaultAirbyteStreamFactory(internalLog):159 INFO i.d.r.RelationalSnapshotChangeEventSource(createDataEvents):399 For table 'test.test_6_decimal_array' using select statement: 'SELECT \"id\", \"test_column\" FROM \"test\".\"test_6_decimal_array\"'"}}
{"type":"LOG","log":{"level":"INFO","message":"INFO i.a.w.i.DefaultAirbyteStreamFactory(internalLog):159 INFO i.d.r.RelationalSnapshotChangeEventSource(createDataEvents):399 For table 'test.test_2_money_array' using select statement: 'SELECT \"id\", \"test_column\" FROM \"test\".\"test_2_money_array\"'"}}
{"type":"LOG","log":{"level":"INFO","message":"INFO i.a.w.i.DefaultAirbyteStreamFactory(internalLog):159 INFO i.d.r.RelationalSnapshotChangeEventSource(createDataEvents):399 For table 'test.test_2_money' using select statement: 'SELECT \"id\", \"test_column\" FROM \"test\".\"test_2_money\"'"}}
{"type":"LOG","log":{"level":"INFO","message":"INFO i.a.w.i.DefaultAirbyteStreamFactory(internalLog):159 INFO i.d.r.RelationalSnapshotChangeEventSource(createDataEvents):399 For table 'test.random_dummy_table' using select statement: 'SELECT \"id\", \"test_column\" FROM \"test\".\"random_dummy_table\"'"}}
{"type":"LOG","log":{"level":"INFO","message":"INFO i.a.w.i.DefaultAirbyteStreamFactory(internalLog):159 INFO i.d.r.RelationalSnapshotChangeEventSource(doCreateDataEventsForTable):513 Exporting data from table 'test.test_1_bigint' (1 of 213 tables)"}}
{"type":"LOG","log":{"level":"INFO","message":"INFO i.a.w.i.DefaultAirbyteStreamFactory(internalLog):159 INFO i.d.r.RelationalSnapshotChangeEventSource(doCreateDataEventsForTable):559 \t Finished exporting 0 records for table 'test.test_1_bigint' (1 of 213 tables); total duration '00:00:00.011'"}}
{"type":"LOG","log":{"level":"INFO","message":"INFO i.a.w.i.DefaultAirbyteStreamFactory(internalLog):159 INFO i.d.r.RelationalSnapshotChangeEventSource(doCreateDataEventsForTable):513 Exporting data from table 'test.test_1_bigserial' (2 of 213 tables)"}}
{"type":"LOG","log":{"level":"INFO","message":"INFO i.a.w.i.DefaultAirbyteStreamFactory(internalLog):159 INFO i.d.r.RelationalSnapshotChangeEventSource(doCreateDataEventsForTable):559 \t Finished exporting 0 records for table 'test.test_1_bigserial' (2 of 213 tables); total duration '00:00:00.018'"}}
{"type":"LOG","log":{"level":"INFO","message":"INFO i.a.w.i.DefaultAirbyteStreamFactory(internalLog):159 INFO i.d.r.RelationalSnapshotChangeEventSource(doCreateDataEventsForTable):513 Exporting data from table 'test.test_1_bit' (3 of 213 tables)"}}
{"type":"LOG","log":{"level":"INFO","message":"INFO i.a.w.i.DefaultAirbyteStreamFactory(internalLog):159 INFO i.d.r.RelationalSnapshotChangeEventSource(doCreateDataEventsForTable):559 \t Finished exporting 0 records for table 'test.test_1_bit' (3 of 213 tables); total duration '00:00:00.004'"}}
{"type":"LOG","log":{"level":"INFO","message":"INFO i.a.w.i.DefaultAirbyteStreamFactory(internalLog):159 INFO i.d.r.RelationalSnapshotChangeEventSource(doCreateDataEventsForTable):513 Exporting data from table 'test.test_1_bit_array' (4 of 213 tables)"}}
{"type":"LOG","log":{"level":"INFO","message":"INFO i.a.w.i.DefaultAirbyteStreamFactory(internalLog):159 INFO i.d.r.RelationalSnapshotChangeEventSource(doCreateDataEventsForTable):559 \t Finished exporting 0 records for table 'test.test_1_bit_array' (4 of 213 tables); total duration '00:00:00.005'"}}
{"type":"LOG","log":{"level":"INFO","message":"INFO i.a.w.i.DefaultAirbyteStreamFactory(internalLog):159 INFO i.d.r.RelationalSnapshotChangeEventSource(doCreateDataEventsForTable):513 Exporting data from table 'test.test_1_bit_varying' (5 of 213 tables)"}}
{"type":"LOG","log":{"level":"INFO","message":"INFO i.a.w.i.DefaultAirbyteStreamFactory(internalLog):159 INFO i.d.r.RelationalSnapshotChangeEventSource(doCreateDataEventsForTable):559 \t Finished exporting 0 records for table 'test.test_1_bit_varying' (5 of 213 tables); total duration '00:00:00.004'"}}
{"type":"LOG","log":{"level":"INFO","message":"INFO i.a.w.i.DefaultAirbyteStreamFactory(internalLog):159 INFO i.d.r.RelationalSnapshotChangeEventSource(doCreateDataEventsForTable):513 Exporting data from table 'test.test_2_bit' (6 of 213 tables)"}}
{"type":"LOG","log":{"level":"INFO","message":"INFO i.a.w.i.DefaultAirbyteStreamFactory(internalLog):159 INFO i.d.r.RelationalSnapshotChangeEventSource(doCreateDataEventsForTable):559 \t Finished exporting 0 records for table 'test.test_2_bit' (6 of 213 tables); total duration '00:00:00.005'"}}
{"type":"LOG","log":{"level":"INFO","message":"INFO i.a.w.i.DefaultAirbyteStreamFactory(internalLog):159 INFO i.d.r.RelationalSnapshotChangeEventSource(doCreateDataEventsForTable):513 Exporting data from table 'test.test_2_bit_array' (7 of 213 tables)"}}
{"type":"LOG","log":{"level":"INFO","message":"INFO i.a.w.i.DefaultAirbyteStreamFactory(internalLog):159 INFO i.d.r.RelationalSnapshotChangeEventSource(doCreateDataEventsForTable):559 \t Finished exporting 0 records for table 'test.test_2_bit_array' (7 of 213 tables); total duration '00:00:00.003'"}}
{"type":"LOG","log":{"level":"INFO","message":"INFO i.a.w.i.DefaultAirbyteStreamFactory(internalLog):159 INFO i.d.r.RelationalSnapshotChangeEventSource(doCreateDataEventsForTable):513 Exporting data from table 'test.test_2_bit_varying' (8 of 213 tables)"}}
{"type":"LOG","log":{"level":"INFO","message":"INFO i.a.w.i.DefaultAirbyteStreamFactory(internalLog):159 INFO i.d.r.RelationalSnapshotChangeEventSource(doCreateDataEventsForTable):559 \t Finished exporting 0 records for table 'test.test_2_bit_varying' (8 of 213 tables); total duration '00:00:00.009'"}}
{"type":"LOG","log":{"level":"INFO","message":"INFO i.a.w.i.DefaultAirbyteStreamFactory(internalLog):159 INFO i.d.r.RelationalSnapshotChangeEventSource(doCreateDataEventsForTable):513 Exporting data from table 'test.test_1_bool' (9 of 213 tables)"}}
{"type":"LOG","log":{"level":"INFO","message":"INFO i.a.w.i.DefaultAirbyteStreamFactory(internalLog):159 INFO i.d.r.RelationalSnapshotChangeEventSource(doCreateDataEventsForTable):559 \t Finished exporting 0 records for table 'test.test_1_bool' (9 of 213 tables); total duration '00:00:00.005'"}}
{"type":"LOG","log":{"level":"INFO","message":"INFO i.a.w.i.DefaultAirbyteStreamFactory(internalLog):159 INFO i.d.r.RelationalSnapshotChangeEventSource(doCreateDataEventsForTable):513 Exporting data from table 'test.test_1_bool_array' (10 of 213 tables)"}}
{"type":"LOG","log":{"level":"INFO","message":"INFO i.a.w.i.DefaultAirbyteStreamFactory(internalLog):159 INFO i.d.r.RelationalSnapshotChangeEventSource(doCreateDataEventsForTable):559 \t Finished exporting 0 records for table 'test.test_1_bool_array' (10 of 213 tables); total duration '00:00:00.007'"}}
{"type":"LOG","log":{"level":"INFO","message":"INFO i.a.w.i.DefaultAirbyteStreamFactory(internalLog):159 INFO i.d.r.RelationalSnapshotChangeEventSource(doCreateDataEventsForTable):513 Exporting data from table 'test.test_1_boolean' (11 of 213 tables)"}}
{"type":"LOG","log":{"level":"INFO","message":"INFO i.a.w.i.DefaultAirbyteStreamFactory(internalLog):159 INFO i.d.r.RelationalSnapshotChangeEventSource(doCreateDataEventsForTable):559 \t Finished exporting 0 records for table 'test.test_1_boolean' (11 of 213 tables); total duration '00:00:00.003'"}}
{"type":"LOG","log":{"level":"INFO","message":"INFO i.a.w.i.DefaultAirbyteStreamFactory(internalLog):159 INFO i.d.r.RelationalSnapshotChangeEventSource(doCreateDataEventsForTable):513 Exporting data from table 'test.test_1_box' (12 of 213 tables)"}}
{"type":"LOG","log":{"level":"INFO","message":"INFO i.a.w.i.DefaultAirbyteStreamFactory(internalLog):159 INFO i.d.r.RelationalSnapshotChangeEventSource(doCreateDataEventsForTable):559 \t Finished exporting 0 records for table 'test.test_1_box' (12 of 213 tables); total duration '00:00:00.004'"}}
{"type":"LOG","log":{"level":"INFO","message":"INFO i.a.w.i.DefaultAirbyteStreamFactory(internalLog):159 INFO i.d.r.RelationalSnapshotChangeEventSource(doCreateDataEventsForTable):513 Exporting data from table 'test.test_1_bytea' (13 of 213 tables)"}}
{"type":"LOG","log":{"level":"INFO","message":"INFO i.a.w.i.DefaultAirbyteStreamFactory(internalLog):159 INFO i.d.r.RelationalSnapshotChangeEventSource(doCreateDataEventsForTable):559 \t Finished exporting 0 records for table 'test.test_1_bytea' (13 of 213 tables); total duration '00:00:00.017'"}}
{"type":"LOG","log":{"level":"INFO","message":"INFO i.a.w.i.DefaultAirbyteStreamFactory(internalLog):159 INFO i.d.r.RelationalSnapshotChangeEventSource(doCreateDataEventsForTable):513 Exporting data from table 'test.test_1_bytea_array' (14 of 213 tables)"}}
{"type":"LOG","log":{"level":"INFO","message":"INFO i.a.w.i.DefaultAirbyteStreamFactory(internalLog):159 INFO i.d.r.RelationalSnapshotChangeEventSource(doCreateDataEventsForTable):559 \t Finished exporting 0 records for table 'test.test_1_bytea_array' (14 of 213 tables); total duration '00:00:00.008'"}}
{"type":"LOG","log":{"level":"INFO","message":"INFO i.a.w.i.DefaultAirbyteStreamFactory(internalLog):159 INFO i.d.r.RelationalSnapshotChangeEventSource(doCreateDataEventsForTable):513 Exporting data from table 'test.test_1_char' (15 of 213 tables)"}}
{"type":"LOG","log":{"level":"INFO","message":"INFO i.a.w.i.DefaultAirbyteStreamFactory(internalLog):159 INFO i.d.r.RelationalSnapshotChangeEventSource(doCreateDataEventsForTable):559 \t Finished exporting 0 records for table 'test.test_1_char' (15 of 213 tables); total duration '00:00:00.005'"}}
{"type":"LOG","log":{"level":"INFO","message":"INFO i.a.w.i.DefaultAirbyteStreamFactory(internalLog):159 INFO i.d.r.RelationalSnapshotChangeEventSource(doCreateDataEventsForTable):513 Exporting data from table 'test.test_1_char_array' (16 of 213 tables)"}}
{"type":"LOG","log":{"level":"INFO","message":"INFO i.a.w.i.DefaultAirbyteStreamFactory(internalLog):159 INFO i.d.r.RelationalSnapshotChangeEventSource(doCreateDataEventsForTable):559 \t Finished exporting 0 records for table 'test.test_1_char_array' (16 of 213 tables); total duration '00:00:00.004'"}}
{"type":"LOG","log":{"level":"INFO","message":"INFO i.a.w.i.DefaultAirbyteStreamFactory(internalLog):159 INFO i.d.r.RelationalSnapshotChangeEventSource(doCreateDataEventsForTable):513 Exporting data from table 'test.test_1_character' (17 of 213 tables)"}}
{"type":"LOG","log":{"level":"INFO","message":"INFO i.a.w.i.DefaultAirbyteStreamFactory(internalLog):159 INFO i.d.r.RelationalSnapshotChangeEventSource(doCreateDataEventsForTable):559 \t Finished exporting 0 records for table 'test.test_1_character' (17 of 213 tables); total duration '00:00:00.004'"}}
{"type":"LOG","log":{"level":"INFO","message":"INFO i.a.w.i.DefaultAirbyteStreamFactory(internalLog):159 INFO i.d.r.RelationalSnapshotChangeEventSource(doCreateDataEventsForTable):513 Exporting data from table 'test.test_2_char' (18 of 213 tables)"}}
{"type":"LOG","log":{"level":"INFO","message":"INFO i.a.w.i.DefaultAirbyteStreamFactory(internalLog):159 INFO i.d.r.RelationalSnapshotChangeEventSource(doCreateDataEventsForTable):559 \t Finished exporting 0 records for table 'test.test_2_char' (18 of 213 tables); total duration '00:00:00.004'"}}
{"type":"LOG","log":{"level":"INFO","message":"INFO i.a.w.i.DefaultAirbyteStreamFactory(internalLog):159 INFO i.d.r.RelationalSnapshotChangeEventSource(doCreateDataEventsForTable):513 Exporting data from table 'test.test_2_char_array' (19 of 213 tables)"}}
{"type":"LOG","log":{"level":"INFO","message":"INFO i.a.w.i.DefaultAirbyteStreamFactory(internalLog):159 INFO i.d.r.RelationalSnapshotChangeEventSource(doCreateDataEventsForTable):559 \t Finished exporting 0 records for table 'test.test_2_char_array' (19 of 213 tables); total duration '00:00:00.005'"}}
{"type":"LOG","log":{"level":"INFO","message":"INFO i.a.w.i.DefaultAirbyteStreamFactory(internalLog):159 INFO i.d.r.RelationalSnapshotChangeEventSource(doCreateDataEventsForTable):513 Exporting data from table 'test.test_2_character' (20 of 213 tables)"}}
{"type":"LOG","log":{"level":"INFO","message":"INFO i.a.w.i.DefaultAirbyteStreamFactory(internalLog):159 INFO i.d.r.RelationalSnapshotChangeEventSource(doCreateDataEventsForTable):559 \t Finished exporting 0 records for table 'test.test_2_character' (20 of 213 tables); total duration '00:00:00.004'"}}
{"type":"LOG","log":{"level":"INFO","message":"INFO i.a.w.i.DefaultAirbyteStreamFactory(internalLog):159 INFO i.d.r.RelationalSnapshotChangeEventSource(doCreateDataEventsForTable):513 Exporting data from table 'test.test_1_text' (21 of 213 tables)"}}
{"type":"LOG","log":{"level":"INFO","message":"INFO i.a.w.i.DefaultAirbyteStreamFactory(internalLog):159 INFO i.d.r.RelationalSnapshotChangeEventSource(doCreateDataEventsForTable):559 \t Finished exporting 0 records for table 'test.test_1_text' (21 of 213 tables); total duration '00:00:00.004'"}}
{"type":"LOG","log":{"level":"INFO","message":"INFO i.a.w.i.DefaultAirbyteStreamFactory(internalLog):159 INFO i.d.r.RelationalSnapshotChangeEventSource(doCreateDataEventsForTable):513 Exporting data from table 'test.test_1_text_array' (22 of 213 tables)"}}
{"type":"LOG","log":{"level":"INFO","message":"INFO i.a.w.i.DefaultAirbyteStreamFactory(internalLog):159 INFO i.d.r.RelationalSnapshotChangeEventSource(doCreateDataEventsForTable):559 \t Finished exporting 0 records for table 'test.test_1_text_array' (22 of 213 tables); total duration '00:00:00.007'"}}
{"type":"LOG","log":{"level":"INFO","message":"INFO i.a.w.i.DefaultAirbyteStreamFactory(internalLog):159 INFO i.d.r.RelationalSnapshotChangeEventSource(doCreateDataEventsForTable):513 Exporting data from table 'test.test_1_varchar' (23 of 213 tables)"}}
{"type":"LOG","log":{"level":"INFO","message":"INFO i.a.w.i.DefaultAirbyteStreamFactory(internalLog):159 INFO i.d.r.RelationalSnapshotChangeEventSource(doCreateDataEventsForTable):559 \t Finished exporting 0 records for table 'test.test_1_varchar' (23 of 213 tables); total duration '00:00:00.005'"}}
{"type":"LOG","log":{"level":"INFO","message":"INFO i.a.w.i.DefaultAirbyteStreamFactory(internalLog):159 INFO i.d.r.RelationalSnapshotChangeEventSource(doCreateDataEventsForTable):513 Exporting data from table 'test.test_1_varchar_array' (24 of 213 tables)"}}
{"type":"LOG","log":{"level":"INFO","message":"INFO i.a.w.i.DefaultAirbyteStreamFactory(internalLog):159 INFO i.d.r.RelationalSnapshotChangeEventSource(doCreateDataEventsForTable):559 \t Finished exporting 0 records for table 'test.test_1_varchar_array' (24 of 213 tables); total duration '00:00:00.006'"}}
{"type":"LOG","log":{"level":"INFO","message":"INFO i.a.w.i.DefaultAirbyteStreamFactory(internalLog):159 INFO i.d.r.RelationalSnapshotChangeEventSource(doCreateDataEventsForTable):513 Exporting data from table 'test.test_2_varchar' (25 of 213 tables)"}}
{"type":"LOG","log":{"level":"INFO","message":"INFO i.a.w.i.DefaultAirbyteStreamFactory(internalLog):159 INFO i.d.r.RelationalSnapshotChangeEventSource(doCreateDataEventsForTable):559 \t Finished exporting 0 records for table 'test.test_2_varchar' (25 of 213 tables); total duration '00:00:00.006'"}}
{"type":"LOG","log":{"level":"INFO","message":"INFO i.a.w.i.DefaultAirbyteStreamFactory(internalLog):159 INFO i.d.r.RelationalSnapshotChangeEventSource(doCreateDataEventsForTable):513 Exporting data from table 'test.test_2_varchar_array' (26 of 213 tables)"}}
{"type":"LOG","log":{"level":"INFO","message":"INFO i.a.w.i.DefaultAirbyteStreamFactory(internalLog):159 INFO i.d.r.RelationalSnapshotChangeEventSource(doCreateDataEventsForTable):559 \t Finished exporting 0 records for table 'test.test_2_varchar_array' (26 of 213 tables); total duration '00:00:00.004'"}}
{"type":"LOG","log":{"level":"INFO","message":"INFO i.a.w.i.DefaultAirbyteStreamFactory(internalLog):159 INFO i.d.r.RelationalSnapshotChangeEventSource(doCreateDataEventsForTable):513 Exporting data from table 'test.test_1_cidr' (27 of 213 tables)"}}
{"type":"LOG","log":{"level":"INFO","message":"INFO i.a.w.i.DefaultAirbyteStreamFactory(internalLog):159 INFO i.d.r.RelationalSnapshotChangeEventSource(doCreateDataEventsForTable):559 \t Finished exporting 0 records for table 'test.test_1_cidr' (27 of 213 tables); total duration '00:00:00.005'"}}
{"type":"LOG","log":{"level":"INFO","message":"INFO i.a.w.i.DefaultAirbyteStreamFactory(internalLog):159 INFO i.d.r.RelationalSnapshotChangeEventSource(doCreateDataEventsForTable):513 Exporting data from table 'test.test_1_circle' (28 of 213 tables)"}}
{"type":"LOG","log":{"level":"INFO","message":"INFO i.a.w.i.DefaultAirbyteStreamFactory(internalLog):159 INFO i.d.r.RelationalSnapshotChangeEventSource(doCreateDataEventsForTable):559 \t Finished exporting 0 records for table 'test.test_1_circle' (28 of 213 tables); total duration '00:00:00.006'"}}
{"type":"LOG","log":{"level":"INFO","message":"INFO i.a.w.i.DefaultAirbyteStreamFactory(internalLog):159 INFO i.d.r.RelationalSnapshotChangeEventSource(doCreateDataEventsForTable):513 Exporting data from table 'test.test_1_date' (29 of 213 tables)"}}
{"type":"LOG","log":{"level":"INFO","message":"INFO i.a.w.i.DefaultAirbyteStreamFactory(internalLog):159 INFO i.d.r.RelationalSnapshotChangeEventSource(doCreateDataEventsForTable):559 \t Finished exporting 0 records for table 'test.test_1_date' (29 of 213 tables); total duration '00:00:00.004'"}}
{"type":"LOG","log":{"level":"INFO","message":"INFO i.a.w.i.DefaultAirbyteStreamFactory(internalLog):159 INFO i.d.r.RelationalSnapshotChangeEventSource(doCreateDataEventsForTable):513 Exporting data from table 'test.test_1_date_array' (30 of 213 tables)"}}
{"type":"LOG","log":{"level":"INFO","message":"INFO i.a.w.i.DefaultAirbyteStreamFactory(internalLog):159 INFO i.d.r.RelationalSnapshotChangeEventSource(doCreateDataEventsForTable):559 \t Finished exporting 0 records for table 'test.test_1_date_array' (30 of 213 tables); total duration '00:00:00.003'"}}
{"type":"LOG","log":{"level":"INFO","message":"INFO i.a.w.i.DefaultAirbyteStreamFactory(internalLog):159 INFO i.d.r.RelationalSnapshotChangeEventSource(doCreateDataEventsForTable):513 Exporting data from table 'test.test_2_date' (31 of 213 tables)"}}
{"type":"LOG","log":{"level":"INFO","message":"INFO i.a.w.i.DefaultAirbyteStreamFactory(internalLog):159 INFO i.d.r.RelationalSnapshotChangeEventSource(doCreateDataEventsForTable):559 \t Finished exporting 0 records for table 'test.test_2_date' (31 of 213 tables); total duration '00:00:00.003'"}}
{"type":"LOG","log":{"level":"INFO","message":"INFO i.a.w.i.DefaultAirbyteStreamFactory(internalLog):159 INFO i.d.r.RelationalSnapshotChangeEventSource(doCreateDataEventsForTable):513 Exporting data from table 'test.test_2_date_array' (32 of 213 tables)"}}
{"type":"LOG","log":{"level":"INFO","message":"INFO i.a.w.i.DefaultAirbyteStreamFactory(internalLog):159 INFO i.d.r.RelationalSnapshotChangeEventSource(doCreateDataEventsForTable):559 \t Finished exporting 0 records for table 'test.test_2_date_array' (32 of 213 tables); total duration '00:00:00.003'"}}
{"type":"LOG","log":{"level":"INFO","message":"INFO i.a.w.i.DefaultAirbyteStreamFactory(internalLog):159 INFO i.d.r.RelationalSnapshotChangeEventSource(doCreateDataEventsForTable):513 Exporting data from table 'test.test_3_date' (33 of 213 tables)"}}
{"type":"LOG","log":{"level":"INFO","message":"INFO i.a.w.i.DefaultAirbyteStreamFactory(internalLog):159 INFO i.d.r.RelationalSnapshotChangeEventSource(doCreateDataEventsForTable):559 \t Finished exporting 0 records for table 'test.test_3_date' (33 of 213 tables); total duration '00:00:00.004'"}}
{"type":"LOG","log":{"level":"INFO","message":"INFO i.a.w.i.DefaultAirbyteStreamFactory(internalLog):159 INFO i.d.r.RelationalSnapshotChangeEventSource(doCreateDataEventsForTable):513 Exporting data from table 'test.test_1_float' (34 of 213 tables)"}}
{"type":"LOG","log":{"level":"INFO","message":"INFO i.a.w.i.DefaultAirbyteStreamFactory(internalLog):159 INFO i.d.r.RelationalSnapshotChangeEventSource(doCreateDataEventsForTable):559 \t Finished exporting 0 records for table 'test.test_1_float' (34 of 213 tables); total duration '00:00:00.004'"}}
{"type":"LOG","log":{"level":"INFO","message":"INFO i.a.w.i.DefaultAirbyteStreamFactory(internalLog):159 INFO i.d.r.RelationalSnapshotChangeEventSource(doCreateDataEventsForTable):513 Exporting data from table 'test.test_1_float4' (35 of 213 tables)"}}
{"type":"LOG","log":{"level":"INFO","message":"INFO i.a.w.i.DefaultAirbyteStreamFactory(internalLog):159 INFO i.d.r.RelationalSnapshotChangeEventSource(doCreateDataEventsForTable):559 \t Finished exporting 0 records for table 'test.test_1_float4' (35 of 213 tables); total duration '00:00:00.004'"}}
{"type":"LOG","log":{"level":"INFO","message":"INFO i.a.w.i.DefaultAirbyteStreamFactory(internalLog):159 INFO i.d.r.RelationalSnapshotChangeEventSource(doCreateDataEventsForTable):513 Exporting data from table 'test.test_1_float4_array' (36 of 213 tables)"}}
{"type":"LOG","log":{"level":"INFO","message":"INFO i.a.w.i.DefaultAirbyteStreamFactory(internalLog):159 INFO i.d.r.RelationalSnapshotChangeEventSource(doCreateDataEventsForTable):559 \t Finished exporting 0 records for table 'test.test_1_float4_array' (36 of 213 tables); total duration '00:00:00.004'"}}
{"type":"LOG","log":{"level":"INFO","message":"INFO i.a.w.i.DefaultAirbyteStreamFactory(internalLog):159 INFO i.d.r.RelationalSnapshotChangeEventSource(doCreateDataEventsForTable):513 Exporting data from table 'test.test_1_float8' (37 of 213 tables)"}}
{"type":"LOG","log":{"level":"INFO","message":"INFO i.a.w.i.DefaultAirbyteStreamFactory(internalLog):159 INFO i.d.r.RelationalSnapshotChangeEventSource(doCreateDataEventsForTable):559 \t Finished exporting 0 records for table 'test.test_1_float8' (37 of 213 tables); total duration '00:00:00.005'"}}
{"type":"LOG","log":{"level":"INFO","message":"INFO i.a.w.i.DefaultAirbyteStreamFactory(internalLog):159 INFO i.d.r.RelationalSnapshotChangeEventSource(doCreateDataEventsForTable):513 Exporting data from table 'test.test_1_float8_array' (38 of 213 tables)"}}
{"type":"LOG","log":{"level":"INFO","message":"INFO i.a.w.i.DefaultAirbyteStreamFactory(internalLog):159 INFO i.d.r.RelationalSnapshotChangeEventSource(doCreateDataEventsForTable):559 \t Finished exporting 0 records for table 'test.test_1_float8_array' (38 of 213 tables); total duration '00:00:00.005'"}}
{"type":"LOG","log":{"level":"INFO","message":"INFO i.a.w.i.DefaultAirbyteStreamFactory(internalLog):159 INFO i.d.r.RelationalSnapshotChangeEventSource(doCreateDataEventsForTable):513 Exporting data from table 'test.test_1_double_precision' (39 of 213 tables)"}}
{"type":"LOG","log":{"level":"INFO","message":"INFO i.a.w.i.DefaultAirbyteStreamFactory(internalLog):159 INFO i.d.r.RelationalSnapshotChangeEventSource(doCreateDataEventsForTable):559 \t Finished exporting 0 records for table 'test.test_1_double_precision' (39 of 213 tables); total duration '00:00:00.005'"}}
{"type":"LOG","log":{"level":"INFO","message":"INFO i.a.w.i.DefaultAirbyteStreamFactory(internalLog):159 INFO i.d.r.RelationalSnapshotChangeEventSource(doCreateDataEventsForTable):513 Exporting data from table 'test.test_1_inet' (40 of 213 tables)"}}
{"type":"LOG","log":{"level":"INFO","message":"INFO i.a.w.i.DefaultAirbyteStreamFactory(internalLog):159 INFO i.d.r.RelationalSnapshotChangeEventSource(doCreateDataEventsForTable):559 \t Finished exporting 0 records for table 'test.test_1_inet' (40 of 213 tables); total duration '00:00:00.004'"}}
{"type":"LOG","log":{"level":"INFO","message":"INFO i.a.w.i.DefaultAirbyteStreamFactory(internalLog):159 INFO i.d.r.RelationalSnapshotChangeEventSource(doCreateDataEventsForTable):513 Exporting data from table 'test.test_1_int4' (41 of 213 tables)"}}
{"type":"LOG","log":{"level":"INFO","message":"INFO i.a.w.i.DefaultAirbyteStreamFactory(internalLog):159 INFO i.d.r.RelationalSnapshotChangeEventSource(doCreateDataEventsForTable):559 \t Finished exporting 0 records for table 'test.test_1_int4' (41 of 213 tables); total duration '00:00:00.004'"}}
{"type":"LOG","log":{"level":"INFO","message":"INFO i.a.w.i.DefaultAirbyteStreamFactory(internalLog):159 INFO i.d.r.RelationalSnapshotChangeEventSource(doCreateDataEventsForTable):513 Exporting data from table 'test.test_1_int4_array' (42 of 213 tables)"}}
{"type":"LOG","log":{"level":"INFO","message":"INFO i.a.w.i.DefaultAirbyteStreamFactory(internalLog):159 INFO i.d.r.RelationalSnapshotChangeEventSource(doCreateDataEventsForTable):559 \t Finished exporting 0 records for table 'test.test_1_int4_array' (42 of 213 tables); total duration '00:00:00.008'"}}
{"type":"LOG","log":{"level":"INFO","message":"INFO i.a.w.i.DefaultAirbyteStreamFactory(internalLog):159 INFO i.d.r.RelationalSnapshotChangeEventSource(doCreateDataEventsForTable):513 Exporting data from table 'test.test_1_int' (43 of 213 tables)"}}
{"type":"LOG","log":{"level":"INFO","message":"INFO i.a.w.i.DefaultAirbyteStreamFactory(internalLog):159 INFO i.d.r.RelationalSnapshotChangeEventSource(doCreateDataEventsForTable):559 \t Finished exporting 0 records for table 'test.test_1_int' (43 of 213 tables); total duration '00:00:00.004'"}}
{"type":"LOG","log":{"level":"INFO","message":"INFO i.a.w.i.DefaultAirbyteStreamFactory(internalLog):159 INFO i.d.r.RelationalSnapshotChangeEventSource(doCreateDataEventsForTable):513 Exporting data from table 'test.test_1_int2' (44 of 213 tables)"}}
{"type":"LOG","log":{"level":"INFO","message":"INFO i.a.w.i.DefaultAirbyteStreamFactory(internalLog):159 INFO i.d.r.RelationalSnapshotChangeEventSource(doCreateDataEventsForTable):559 \t Finished exporting 0 records for table 'test.test_1_int2' (44 of 213 tables); total duration '00:00:00.006'"}}
{"type":"LOG","log":{"level":"INFO","message":"INFO i.a.w.i.DefaultAirbyteStreamFactory(internalLog):159 INFO i.d.r.RelationalSnapshotChangeEventSource(doCreateDataEventsForTable):513 Exporting data from table 'test.test_1_int2_array' (45 of 213 tables)"}}
{"type":"LOG","log":{"level":"INFO","message":"INFO i.a.w.i.DefaultAirbyteStreamFactory(internalLog):159 INFO i.d.r.RelationalSnapshotChangeEventSource(doCreateDataEventsForTable):559 \t Finished exporting 0 records for table 'test.test_1_int2_array' (45 of 213 tables); total duration '00:00:00.008'"}}
{"type":"LOG","log":{"level":"INFO","message":"INFO i.a.w.i.DefaultAirbyteStreamFactory(internalLog):159 INFO i.d.r.RelationalSnapshotChangeEventSource(doCreateDataEventsForTable):513 Exporting data from table 'test.test_1_int8_array' (46 of 213 tables)"}}
{"type":"LOG","log":{"level":"INFO","message":"INFO i.a.w.i.DefaultAirbyteStreamFactory(internalLog):159 INFO i.d.r.RelationalSnapshotChangeEventSource(doCreateDataEventsForTable):559 \t Finished exporting 0 records for table 'test.test_1_int8_array' (46 of 213 tables); total duration '00:00:00.004'"}}
{"type":"LOG","log":{"level":"INFO","message":"INFO i.a.w.i.DefaultAirbyteStreamFactory(internalLog):159 INFO i.d.r.RelationalSnapshotChangeEventSource(doCreateDataEventsForTable):513 Exporting data from table 'test.test_1_integer' (47 of 213 tables)"}}
{"type":"LOG","log":{"level":"INFO","message":"INFO i.a.w.i.DefaultAirbyteStreamFactory(internalLog):159 INFO i.d.r.RelationalSnapshotChangeEventSource(doCreateDataEventsForTable):559 \t Finished exporting 0 records for table 'test.test_1_integer' (47 of 213 tables); total duration '00:00:00.004'"}}
{"type":"LOG","log":{"level":"INFO","message":"INFO i.a.w.i.DefaultAirbyteStreamFactory(internalLog):159 INFO i.d.r.RelationalSnapshotChangeEventSource(doCreateDataEventsForTable):513 Exporting data from table 'test.test_1_interval' (48 of 213 tables)"}}
{"type":"LOG","log":{"level":"INFO","message":"INFO i.a.w.i.DefaultAirbyteStreamFactory(internalLog):159 INFO i.d.r.RelationalSnapshotChangeEventSource(doCreateDataEventsForTable):559 \t Finished exporting 0 records for table 'test.test_1_interval' (48 of 213 tables); total duration '00:00:00.004'"}}
{"type":"LOG","log":{"level":"INFO","message":"INFO i.a.w.i.DefaultAirbyteStreamFactory(internalLog):159 INFO i.d.r.RelationalSnapshotChangeEventSource(doCreateDataEventsForTable):513 Exporting data from table 'test.test_1_json' (49 of 213 tables)"}}
{"type":"LOG","log":{"level":"INFO","message":"INFO i.a.w.i.DefaultAirbyteStreamFactory(internalLog):159 INFO i.d.r.RelationalSnapshotChangeEventSource(doCreateDataEventsForTable):559 \t Finished exporting 0 records for table 'test.test_1_json' (49 of 213 tables); total duration '00:00:00.004'"}}
{"type":"LOG","log":{"level":"INFO","message":"INFO i.a.w.i.DefaultAirbyteStreamFactory(internalLog):159 INFO i.d.r.RelationalSnapshotChangeEventSource(doCreateDataEventsForTable):513 Exporting data from table 'test.test_1_jsonb' (50 of 213 tables)"}}
{"type":"LOG","log":{"level":"INFO","message":"INFO i.a.w.i.DefaultAirbyteStreamFactory(internalLog):159 INFO i.d.r.RelationalSnapshotChangeEventSource(doCreateDataEventsForTable):559 \t Finished exporting 0 records for table 'test.test_1_jsonb' (50 of 213 tables); total duration '00:00:00.004'"}}
{"type":"LOG","log":{"level":"INFO","message":"INFO i.a.w.i.DefaultAirbyteStreamFactory(internalLog):159 INFO i.d.r.RelationalSnapshotChangeEventSource(doCreateDataEventsForTable):513 Exporting data from table 'test.test_1_line' (51 of 213 tables)"}}
{"type":"LOG","log":{"level":"INFO","message":"INFO i.a.w.i.DefaultAirbyteStreamFactory(internalLog):159 INFO i.d.r.RelationalSnapshotChangeEventSource(doCreateDataEventsForTable):559 \t Finished exporting 0 records for table 'test.test_1_line' (51 of 213 tables); total duration '00:00:00.005'"}}
{"type":"LOG","log":{"level":"INFO","message":"INFO i.a.w.i.DefaultAirbyteStreamFactory(internalLog):159 INFO i.d.r.RelationalSnapshotChangeEventSource(doCreateDataEventsForTable):513 Exporting data from table 'test.test_1_lseg' (52 of 213 tables)"}}
{"type":"LOG","log":{"level":"INFO","message":"INFO i.a.w.i.DefaultAirbyteStreamFactory(internalLog):159 INFO i.d.r.RelationalSnapshotChangeEventSource(doCreateDataEventsForTable):559 \t Finished exporting 0 records for table 'test.test_1_lseg' (52 of 213 tables); total duration '00:00:00.004'"}}
{"type":"LOG","log":{"level":"INFO","message":"INFO i.a.w.i.DefaultAirbyteStreamFactory(internalLog):159 INFO i.d.r.RelationalSnapshotChangeEventSource(doCreateDataEventsForTable):513 Exporting data from table 'test.test_1_macaddr' (53 of 213 tables)"}}
{"type":"LOG","log":{"level":"INFO","message":"INFO i.a.w.i.DefaultAirbyteStreamFactory(internalLog):159 INFO i.d.r.RelationalSnapshotChangeEventSource(doCreateDataEventsForTable):559 \t Finished exporting 0 records for table 'test.test_1_macaddr' (53 of 213 tables); total duration '00:00:00.004'"}}
{"type":"LOG","log":{"level":"INFO","message":"INFO i.a.w.i.DefaultAirbyteStreamFactory(internalLog):159 INFO i.d.r.RelationalSnapshotChangeEventSource(doCreateDataEventsForTable):513 Exporting data from table 'test.test_1_macaddr8' (54 of 213 tables)"}}
{"type":"LOG","log":{"level":"INFO","message":"INFO i.a.w.i.DefaultAirbyteStreamFactory(internalLog):159 INFO i.d.r.RelationalSnapshotChangeEventSource(doCreateDataEventsForTable):559 \t Finished exporting 0 records for table 'test.test_1_macaddr8' (54 of 213 tables); total duration '00:00:00.004'"}}
{"type":"LOG","log":{"level":"INFO","message":"INFO i.a.w.i.DefaultAirbyteStreamFactory(internalLog):159 INFO i.d.r.RelationalSnapshotChangeEventSource(doCreateDataEventsForTable):513 Exporting data from table 'test.test_1_numeric' (55 of 213 tables)"}}
{"type":"LOG","log":{"level":"INFO","message":"INFO i.a.w.i.DefaultAirbyteStreamFactory(internalLog):159 INFO i.d.r.RelationalSnapshotChangeEventSource(doCreateDataEventsForTable):559 \t Finished exporting 0 records for table 'test.test_1_numeric' (55 of 213 tables); total duration '00:00:00.004'"}}
{"type":"LOG","log":{"level":"INFO","message":"INFO i.a.w.i.DefaultAirbyteStreamFactory(internalLog):159 INFO i.d.r.RelationalSnapshotChangeEventSource(doCreateDataEventsForTable):513 Exporting data from table 'test.test_1_numeric_array' (56 of 213 tables)"}}
{"type":"LOG","log":{"level":"INFO","message":"INFO i.a.w.i.DefaultAirbyteStreamFactory(internalLog):159 INFO i.d.r.RelationalSnapshotChangeEventSource(doCreateDataEventsForTable):559 \t Finished exporting 0 records for table 'test.test_1_numeric_array' (56 of 213 tables); total duration '00:00:00.004'"}}
{"type":"LOG","log":{"level":"INFO","message":"INFO i.a.w.i.DefaultAirbyteStreamFactory(internalLog):159 INFO i.d.r.RelationalSnapshotChangeEventSource(doCreateDataEventsForTable):513 Exporting data from table 'test.test_2_numeric' (57 of 213 tables)"}}
{"type":"LOG","log":{"level":"INFO","message":"INFO i.a.w.i.DefaultAirbyteStreamFactory(internalLog):159 INFO i.d.r.RelationalSnapshotChangeEventSource(doCreateDataEventsForTable):559 \t Finished exporting 0 records for table 'test.test_2_numeric' (57 of 213 tables); total duration '00:00:00.004'"}}
{"type":"LOG","log":{"level":"INFO","message":"INFO i.a.w.i.DefaultAirbyteStreamFactory(internalLog):159 INFO i.d.r.RelationalSnapshotChangeEventSource(doCreateDataEventsForTable):513 Exporting data from table 'test.test_2_numeric_array' (58 of 213 tables)"}}
{"type":"LOG","log":{"level":"INFO","message":"INFO i.a.w.i.DefaultAirbyteStreamFactory(internalLog):159 INFO i.d.r.RelationalSnapshotChangeEventSource(doCreateDataEventsForTable):559 \t Finished exporting 0 records for table 'test.test_2_numeric_array' (58 of 213 tables); total duration '00:00:00.006'"}}
{"type":"LOG","log":{"level":"INFO","message":"INFO i.a.w.i.DefaultAirbyteStreamFactory(internalLog):159 INFO i.d.r.RelationalSnapshotChangeEventSource(doCreateDataEventsForTable):513 Exporting data from table 'test.test_3_numeric' (59 of 213 tables)"}}
{"type":"LOG","log":{"level":"INFO","message":"INFO i.a.w.i.DefaultAirbyteStreamFactory(internalLog):159 INFO i.d.r.RelationalSnapshotChangeEventSource(doCreateDataEventsForTable):559 \t Finished exporting 0 records for table 'test.test_3_numeric' (59 of 213 tables); total duration '00:00:00.005'"}}
{"type":"LOG","log":{"level":"INFO","message":"INFO i.a.w.i.DefaultAirbyteStreamFactory(internalLog):159 INFO i.d.r.RelationalSnapshotChangeEventSource(doCreateDataEventsForTable):513 Exporting data from table 'test.test_3_numeric_array' (60 of 213 tables)"}}
{"type":"LOG","log":{"level":"INFO","message":"INFO i.a.w.i.DefaultAirbyteStreamFactory(internalLog):159 INFO i.d.r.RelationalSnapshotChangeEventSource(doCreateDataEventsForTable):559 \t Finished exporting 0 records for table 'test.test_3_numeric_array' (60 of 213 tables); total duration '00:00:00.005'"}}
{"type":"LOG","log":{"level":"INFO","message":"INFO i.a.w.i.DefaultAirbyteStreamFactory(internalLog):159 INFO i.d.r.RelationalSnapshotChangeEventSource(doCreateDataEventsForTable):513 Exporting data from table 'test.test_4_numeric' (61 of 213 tables)"}}
{"type":"LOG","log":{"level":"INFO","message":"INFO i.a.w.i.DefaultAirbyteStreamFactory(internalLog):159 INFO i.d.r.RelationalSnapshotChangeEventSource(doCreateDataEventsForTable):559 \t Finished exporting 0 records for table 'test.test_4_numeric' (61 of 213 tables); total duration '00:00:00.005'"}}
{"type":"LOG","log":{"level":"INFO","message":"INFO i.a.w.i.DefaultAirbyteStreamFactory(internalLog):159 INFO i.d.r.RelationalSnapshotChangeEventSource(doCreateDataEventsForTable):513 Exporting data from table 'test.test_4_numeric_array' (62 of 213 tables)"}}
{"type":"LOG","log":{"level":"INFO","message":"INFO i.a.w.i.DefaultAirbyteStreamFactory(internalLog):159 INFO i.d.r.RelationalSnapshotChangeEventSource(doCreateDataEventsForTable):559 \t Finished exporting 0 records for table 'test.test_4_numeric_array' (62 of 213 tables); total duration '00:00:00.004'"}}
{"type":"LOG","log":{"level":"INFO","message":"INFO i.a.w.i.DefaultAirbyteStreamFactory(internalLog):159 INFO i.d.r.RelationalSnapshotChangeEventSource(doCreateDataEventsForTable):513 Exporting data from table 'test.test_1_decimal' (63 of 213 tables)"}}
{"type":"LOG","log":{"level":"INFO","message":"INFO i.a.w.i.DefaultAirbyteStreamFactory(internalLog):159 INFO i.d.r.RelationalSnapshotChangeEventSource(doCreateDataEventsForTable):559 \t Finished exporting 0 records for table 'test.test_1_decimal' (63 of 213 tables); total duration '00:00:00.005'"}}
{"type":"LOG","log":{"level":"INFO","message":"INFO i.a.w.i.DefaultAirbyteStreamFactory(internalLog):159 INFO i.d.r.RelationalSnapshotChangeEventSource(doCreateDataEventsForTable):513 Exporting data from table 'test.test_1_decimal_array' (64 of 213 tables)"}}
{"type":"LOG","log":{"level":"INFO","message":"INFO i.a.w.i.DefaultAirbyteStreamFactory(internalLog):159 INFO i.d.r.RelationalSnapshotChangeEventSource(doCreateDataEventsForTable):559 \t Finished exporting 0 records for table 'test.test_1_decimal_array' (64 of 213 tables); total duration '00:00:00.004'"}}
{"type":"LOG","log":{"level":"INFO","message":"INFO i.a.w.i.DefaultAirbyteStreamFactory(internalLog):159 INFO i.d.r.RelationalSnapshotChangeEventSource(doCreateDataEventsForTable):513 Exporting data from table 'test.test_5_numeric' (65 of 213 tables)"}}
{"type":"LOG","log":{"level":"INFO","message":"INFO i.a.w.i.DefaultAirbyteStreamFactory(internalLog):159 INFO i.d.r.RelationalSnapshotChangeEventSource(doCreateDataEventsForTable):559 \t Finished exporting 0 records for table 'test.test_5_numeric' (65 of 213 tables); total duration '00:00:00.004'"}}
{"type":"LOG","log":{"level":"INFO","message":"INFO i.a.w.i.DefaultAirbyteStreamFactory(internalLog):159 INFO i.d.r.RelationalSnapshotChangeEventSource(doCreateDataEventsForTable):513 Exporting data from table 'test.test_5_numeric_array' (66 of 213 tables)"}}
{"type":"LOG","log":{"level":"INFO","message":"INFO i.a.w.i.DefaultAirbyteStreamFactory(internalLog):159 INFO i.d.r.RelationalSnapshotChangeEventSource(doCreateDataEventsForTable):559 \t Finished exporting 0 records for table 'test.test_5_numeric_array' (66 of 213 tables); total duration '00:00:00.004'"}}
{"type":"LOG","log":{"level":"INFO","message":"INFO i.a.w.i.DefaultAirbyteStreamFactory(internalLog):159 INFO i.d.r.RelationalSnapshotChangeEventSource(doCreateDataEventsForTable):513 Exporting data from table 'test.test_1_path' (67 of 213 tables)"}}
{"type":"LOG","log":{"level":"INFO","message":"INFO i.a.w.i.DefaultAirbyteStreamFactory(internalLog):159 INFO i.d.r.RelationalSnapshotChangeEventSource(doCreateDataEventsForTable):559 \t Finished exporting 0 records for table 'test.test_1_path' (67 of 213 tables); total duration '00:00:00.004'"}}
{"type":"LOG","log":{"level":"INFO","message":"INFO i.a.w.i.DefaultAirbyteStreamFactory(internalLog):159 INFO i.d.r.RelationalSnapshotChangeEventSource(doCreateDataEventsForTable):513 Exporting data from table 'test.test_1_pg_lsn' (68 of 213 tables)"}}
{"type":"LOG","log":{"level":"INFO","message":"INFO i.a.w.i.DefaultAirbyteStreamFactory(internalLog):159 INFO i.d.r.RelationalSnapshotChangeEventSource(doCreateDataEventsForTable):559 \t Finished exporting 0 records for table 'test.test_1_pg_lsn' (68 of 213 tables); total duration '00:00:00.01'"}}
{"type":"LOG","log":{"level":"INFO","message":"INFO i.a.w.i.DefaultAirbyteStreamFactory(internalLog):159 INFO i.d.r.RelationalSnapshotChangeEventSource(doCreateDataEventsForTable):513 Exporting data from table 'test.test_1_point' (69 of 213 tables)"}}
{"type":"LOG","log":{"level":"INFO","message":"INFO i.a.w.i.DefaultAirbyteStreamFactory(internalLog):159 INFO i.d.r.RelationalSnapshotChangeEventSource(doCreateDataEventsForTable):559 \t Finished exporting 0 records for table 'test.test_1_point' (69 of 213 tables); total duration '00:00:00.007'"}}
{"type":"LOG","log":{"level":"INFO","message":"INFO i.a.w.i.DefaultAirbyteStreamFactory(internalLog):159 INFO i.d.r.RelationalSnapshotChangeEventSource(doCreateDataEventsForTable):513 Exporting data from table 'test.test_1_polygon' (70 of 213 tables)"}}
{"type":"LOG","log":{"level":"INFO","message":"INFO i.a.w.i.DefaultAirbyteStreamFactory(internalLog):159 INFO i.d.r.RelationalSnapshotChangeEventSource(doCreateDataEventsForTable):559 \t Finished exporting 0 records for table 'test.test_1_polygon' (70 of 213 tables); total duration '00:00:00.004'"}}
{"type":"LOG","log":{"level":"INFO","message":"INFO i.a.w.i.DefaultAirbyteStreamFactory(internalLog):159 INFO i.d.r.RelationalSnapshotChangeEventSource(doCreateDataEventsForTable):513 Exporting data from table 'test.test_1_real' (71 of 213 tables)"}}
{"type":"LOG","log":{"level":"INFO","message":"INFO i.a.w.i.DefaultAirbyteStreamFactory(internalLog):159 INFO i.d.r.RelationalSnapshotChangeEventSource(doCreateDataEventsForTable):559 \t Finished exporting 0 records for table 'test.test_1_real' (71 of 213 tables); total duration '00:00:00.008'"}}
{"type":"LOG","log":{"level":"INFO","message":"INFO i.a.w.i.DefaultAirbyteStreamFactory(internalLog):159 INFO i.d.r.RelationalSnapshotChangeEventSource(doCreateDataEventsForTable):513 Exporting data from table 'test.test_1_smallint' (72 of 213 tables)"}}
{"type":"LOG","log":{"level":"INFO","message":"INFO i.a.w.i.DefaultAirbyteStreamFactory(internalLog):159 INFO i.d.r.RelationalSnapshotChangeEventSource(doCreateDataEventsForTable):559 \t Finished exporting 0 records for table 'test.test_1_smallint' (72 of 213 tables); total duration '00:00:00.004'"}}
{"type":"LOG","log":{"level":"INFO","message":"INFO i.a.w.i.DefaultAirbyteStreamFactory(internalLog):159 INFO i.d.r.RelationalSnapshotChangeEventSource(doCreateDataEventsForTable):513 Exporting data from table 'test.test_1_serial2' (73 of 213 tables)"}}
{"type":"LOG","log":{"level":"INFO","message":"INFO i.a.w.i.DefaultAirbyteStreamFactory(internalLog):159 INFO i.d.r.RelationalSnapshotChangeEventSource(doCreateDataEventsForTable):559 \t Finished exporting 0 records for table 'test.test_1_serial2' (73 of 213 tables); total duration '00:00:00.004'"}}
{"type":"LOG","log":{"level":"INFO","message":"INFO i.a.w.i.DefaultAirbyteStreamFactory(internalLog):159 INFO i.d.r.RelationalSnapshotChangeEventSource(doCreateDataEventsForTable):513 Exporting data from table 'test.test_1_smallserial' (74 of 213 tables)"}}
{"type":"LOG","log":{"level":"INFO","message":"INFO i.a.w.i.DefaultAirbyteStreamFactory(internalLog):159 INFO i.d.r.RelationalSnapshotChangeEventSource(doCreateDataEventsForTable):559 \t Finished exporting 0 records for table 'test.test_1_smallserial' (74 of 213 tables); total duration '00:00:00.004'"}}
{"type":"LOG","log":{"level":"INFO","message":"INFO i.a.w.i.DefaultAirbyteStreamFactory(internalLog):159 INFO i.d.r.RelationalSnapshotChangeEventSource(doCreateDataEventsForTable):513 Exporting data from table 'test.test_1_serial4' (75 of 213 tables)"}}
{"type":"LOG","log":{"level":"INFO","message":"INFO i.a.w.i.DefaultAirbyteStreamFactory(internalLog):159 INFO i.d.r.RelationalSnapshotChangeEventSource(doCreateDataEventsForTable):559 \t Finished exporting 0 records for table 'test.test_1_serial4' (75 of 213 tables); total duration '00:00:00.003'"}}
{"type":"LOG","log":{"level":"INFO","message":"INFO i.a.w.i.DefaultAirbyteStreamFactory(internalLog):159 INFO i.d.r.RelationalSnapshotChangeEventSource(doCreateDataEventsForTable):513 Exporting data from table 'test.test_1_serial' (76 of 213 tables)"}}
{"type":"LOG","log":{"level":"INFO","message":"INFO i.a.w.i.DefaultAirbyteStreamFactory(internalLog):159 INFO i.d.r.RelationalSnapshotChangeEventSource(doCreateDataEventsForTable):559 \t Finished exporting 0 records for table 'test.test_1_serial' (76 of 213 tables); total duration '00:00:00.005'"}}
{"type":"LOG","log":{"level":"INFO","message":"INFO i.a.w.i.DefaultAirbyteStreamFactory(internalLog):159 INFO i.d.r.RelationalSnapshotChangeEventSource(doCreateDataEventsForTable):513 Exporting data from table 'test.test_1_time' (77 of 213 tables)"}}
{"type":"LOG","log":{"level":"INFO","message":"INFO i.a.w.i.DefaultAirbyteStreamFactory(internalLog):159 INFO i.d.r.RelationalSnapshotChangeEventSource(doCreateDataEventsForTable):559 \t Finished exporting 0 records for table 'test.test_1_time' (77 of 213 tables); total duration '00:00:00.006'"}}
{"type":"LOG","log":{"level":"INFO","message":"INFO i.a.w.i.DefaultAirbyteStreamFactory(internalLog):159 INFO i.d.r.RelationalSnapshotChangeEventSource(doCreateDataEventsForTable):513 Exporting data from table 'test.test_1_time_array' (78 of 213 tables)"}}
{"type":"LOG","log":{"level":"INFO","message":"INFO i.a.w.i.DefaultAirbyteStreamFactory(internalLog):159 INFO i.d.r.RelationalSnapshotChangeEventSource(doCreateDataEventsForTable):559 \t Finished exporting 0 records for table 'test.test_1_time_array' (78 of 213 tables); total duration '00:00:00.005'"}}
{"type":"LOG","log":{"level":"INFO","message":"INFO i.a.w.i.DefaultAirbyteStreamFactory(internalLog):159 INFO i.d.r.RelationalSnapshotChangeEventSource(doCreateDataEventsForTable):513 Exporting data from table 'test.test_1_timestamp' (79 of 213 tables)"}}
{"type":"LOG","log":{"level":"INFO","message":"INFO i.a.w.i.DefaultAirbyteStreamFactory(internalLog):159 INFO i.d.r.RelationalSnapshotChangeEventSource(doCreateDataEventsForTable):559 \t Finished exporting 0 records for table 'test.test_1_timestamp' (79 of 213 tables); total duration '00:00:00.004'"}}
{"type":"LOG","log":{"level":"INFO","message":"INFO i.a.w.i.DefaultAirbyteStreamFactory(internalLog):159 INFO i.d.r.RelationalSnapshotChangeEventSource(doCreateDataEventsForTable):513 Exporting data from table 'test.test_1_timestamp_array' (80 of 213 tables)"}}
{"type":"LOG","log":{"level":"INFO","message":"INFO i.a.w.i.DefaultAirbyteStreamFactory(internalLog):159 INFO i.d.r.RelationalSnapshotChangeEventSource(doCreateDataEventsForTable):559 \t Finished exporting 0 records for table 'test.test_1_timestamp_array' (80 of 213 tables); total duration '00:00:00.005'"}}
{"type":"LOG","log":{"level":"INFO","message":"INFO i.a.w.i.DefaultAirbyteStreamFactory(internalLog):159 INFO i.d.r.RelationalSnapshotChangeEventSource(doCreateDataEventsForTable):513 Exporting data from table 'test.test_1_timestamptz' (81 of 213 tables)"}}
{"type":"LOG","log":{"level":"INFO","message":"INFO i.a.w.i.DefaultAirbyteStreamFactory(internalLog):159 INFO i.d.r.RelationalSnapshotChangeEventSource(doCreateDataEventsForTable):559 \t Finished exporting 0 records for table 'test.test_1_timestamptz' (81 of 213 tables); total duration '00:00:00.005'"}}
{"type":"LOG","log":{"level":"INFO","message":"INFO i.a.w.i.DefaultAirbyteStreamFactory(internalLog):159 INFO i.d.r.RelationalSnapshotChangeEventSource(doCreateDataEventsForTable):513 Exporting data from table 'test.test_1_timestamptz_array' (82 of 213 tables)"}}
{"type":"LOG","log":{"level":"INFO","message":"INFO i.a.w.i.DefaultAirbyteStreamFactory(internalLog):159 INFO i.d.r.RelationalSnapshotChangeEventSource(doCreateDataEventsForTable):559 \t Finished exporting 0 records for table 'test.test_1_timestamptz_array' (82 of 213 tables); total duration '00:00:00.006'"}}
{"type":"LOG","log":{"level":"INFO","message":"INFO i.a.w.i.DefaultAirbyteStreamFactory(internalLog):159 INFO i.d.r.RelationalSnapshotChangeEventSource(doCreateDataEventsForTable):513 Exporting data from table 'test.test_1_timetz' (83 of 213 tables)"}}
{"type":"LOG","log":{"level":"INFO","message":"INFO i.a.w.i.DefaultAirbyteStreamFactory(internalLog):159 INFO i.d.r.RelationalSnapshotChangeEventSource(doCreateDataEventsForTable):559 \t Finished exporting 0 records for table 'test.test_1_timetz' (83 of 213 tables); total duration '00:00:00.004'"}}
{"type":"LOG","log":{"level":"INFO","message":"INFO i.a.w.i.DefaultAirbyteStreamFactory(internalLog):159 INFO i.d.r.RelationalSnapshotChangeEventSource(doCreateDataEventsForTable):513 Exporting data from table 'test.test_1_timetz_array' (84 of 213 tables)"}}
{"type":"LOG","log":{"level":"INFO","message":"INFO i.a.w.i.DefaultAirbyteStreamFactory(internalLog):159 INFO i.d.r.RelationalSnapshotChangeEventSource(doCreateDataEventsForTable):559 \t Finished exporting 0 records for table 'test.test_1_timetz_array' (84 of 213 tables); total duration '00:00:00.005'"}}
{"type":"LOG","log":{"level":"INFO","message":"INFO i.a.w.i.DefaultAirbyteStreamFactory(internalLog):159 INFO i.d.r.RelationalSnapshotChangeEventSource(doCreateDataEventsForTable):513 Exporting data from table 'test.test_2_time' (85 of 213 tables)"}}
{"type":"LOG","log":{"level":"INFO","message":"INFO i.a.w.i.DefaultAirbyteStreamFactory(internalLog):159 INFO i.d.r.RelationalSnapshotChangeEventSource(doCreateDataEventsForTable):559 \t Finished exporting 0 records for table 'test.test_2_time' (85 of 213 tables); total duration '00:00:00.006'"}}
{"type":"LOG","log":{"level":"INFO","message":"INFO i.a.w.i.DefaultAirbyteStreamFactory(internalLog):159 INFO i.d.r.RelationalSnapshotChangeEventSource(doCreateDataEventsForTable):513 Exporting data from table 'test.test_2_time_array' (86 of 213 tables)"}}
{"type":"LOG","log":{"level":"INFO","message":"INFO i.a.w.i.DefaultAirbyteStreamFactory(internalLog):159 INFO i.d.r.RelationalSnapshotChangeEventSource(doCreateDataEventsForTable):559 \t Finished exporting 0 records for table 'test.test_2_time_array' (86 of 213 tables); total duration '00:00:00.003'"}}
{"type":"LOG","log":{"level":"INFO","message":"INFO i.a.w.i.DefaultAirbyteStreamFactory(internalLog):159 INFO i.d.r.RelationalSnapshotChangeEventSource(doCreateDataEventsForTable):513 Exporting data from table 'test.test_2_timestamp' (87 of 213 tables)"}}
{"type":"LOG","log":{"level":"INFO","message":"INFO i.a.w.i.DefaultAirbyteStreamFactory(internalLog):159 INFO i.d.r.RelationalSnapshotChangeEventSource(doCreateDataEventsForTable):559 \t Finished exporting 0 records for table 'test.test_2_timestamp' (87 of 213 tables); total duration '00:00:00.005'"}}
{"type":"LOG","log":{"level":"INFO","message":"INFO i.a.w.i.DefaultAirbyteStreamFactory(internalLog):159 INFO i.d.r.RelationalSnapshotChangeEventSource(doCreateDataEventsForTable):513 Exporting data from table 'test.test_2_timestamp_array' (88 of 213 tables)"}}
{"type":"LOG","log":{"level":"INFO","message":"INFO i.a.w.i.DefaultAirbyteStreamFactory(internalLog):159 INFO i.d.r.RelationalSnapshotChangeEventSource(doCreateDataEventsForTable):559 \t Finished exporting 0 records for table 'test.test_2_timestamp_array' (88 of 213 tables); total duration '00:00:00.004'"}}
{"type":"LOG","log":{"level":"INFO","message":"INFO i.a.w.i.DefaultAirbyteStreamFactory(internalLog):159 INFO i.d.r.RelationalSnapshotChangeEventSource(doCreateDataEventsForTable):513 Exporting data from table 'test.test_2_timestamptz' (89 of 213 tables)"}}
{"type":"LOG","log":{"level":"INFO","message":"INFO i.a.w.i.DefaultAirbyteStreamFactory(internalLog):159 INFO i.d.r.RelationalSnapshotChangeEventSource(doCreateDataEventsForTable):559 \t Finished exporting 0 records for table 'test.test_2_timestamptz' (89 of 213 tables); total duration '00:00:00.021'"}}
{"type":"LOG","log":{"level":"INFO","message":"INFO i.a.w.i.DefaultAirbyteStreamFactory(internalLog):159 INFO i.d.r.RelationalSnapshotChangeEventSource(doCreateDataEventsForTable):513 Exporting data from table 'test.test_2_timestamptz_array' (90 of 213 tables)"}}
{"type":"LOG","log":{"level":"INFO","message":"INFO i.a.w.i.DefaultAirbyteStreamFactory(internalLog):159 INFO i.d.r.RelationalSnapshotChangeEventSource(doCreateDataEventsForTable):559 \t Finished exporting 0 records for table 'test.test_2_timestamptz_array' (90 of 213 tables); total duration '00:00:00.003'"}}
{"type":"LOG","log":{"level":"INFO","message":"INFO i.a.w.i.DefaultAirbyteStreamFactory(internalLog):159 INFO i.d.r.RelationalSnapshotChangeEventSource(doCreateDataEventsForTable):513 Exporting data from table 'test.test_2_timetz' (91 of 213 tables)"}}
{"type":"LOG","log":{"level":"INFO","message":"INFO i.a.w.i.DefaultAirbyteStreamFactory(internalLog):159 INFO i.d.r.RelationalSnapshotChangeEventSource(doCreateDataEventsForTable):559 \t Finished exporting 0 records for table 'test.test_2_timetz' (91 of 213 tables); total duration '00:00:00.007'"}}
{"type":"LOG","log":{"level":"INFO","message":"INFO i.a.w.i.DefaultAirbyteStreamFactory(internalLog):159 INFO i.d.r.RelationalSnapshotChangeEventSource(doCreateDataEventsForTable):513 Exporting data from table 'test.test_2_timetz_array' (92 of 213 tables)"}}
{"type":"LOG","log":{"level":"INFO","message":"INFO i.a.w.i.DefaultAirbyteStreamFactory(internalLog):159 INFO i.d.r.RelationalSnapshotChangeEventSource(doCreateDataEventsForTable):559 \t Finished exporting 0 records for table 'test.test_2_timetz_array' (92 of 213 tables); total duration '00:00:00.01'"}}
{"type":"LOG","log":{"level":"INFO","message":"INFO i.a.w.i.DefaultAirbyteStreamFactory(internalLog):159 INFO i.d.r.RelationalSnapshotChangeEventSource(doCreateDataEventsForTable):513 Exporting data from table 'test.test_3_time' (93 of 213 tables)"}}
{"type":"LOG","log":{"level":"INFO","message":"INFO i.a.w.i.DefaultAirbyteStreamFactory(internalLog):159 INFO i.d.r.RelationalSnapshotChangeEventSource(doCreateDataEventsForTable):559 \t Finished exporting 0 records for table 'test.test_3_time' (93 of 213 tables); total duration '00:00:00.01'"}}
{"type":"LOG","log":{"level":"INFO","message":"INFO i.a.w.i.DefaultAirbyteStreamFactory(internalLog):159 INFO i.d.r.RelationalSnapshotChangeEventSource(doCreateDataEventsForTable):513 Exporting data from table 'test.test_3_timestamp' (94 of 213 tables)"}}
{"type":"LOG","log":{"level":"INFO","message":"INFO i.a.w.i.DefaultAirbyteStreamFactory(internalLog):159 INFO i.d.r.RelationalSnapshotChangeEventSource(doCreateDataEventsForTable):559 \t Finished exporting 0 records for table 'test.test_3_timestamp' (94 of 213 tables); total duration '00:00:00.006'"}}
{"type":"LOG","log":{"level":"INFO","message":"INFO i.a.w.i.DefaultAirbyteStreamFactory(internalLog):159 INFO i.d.r.RelationalSnapshotChangeEventSource(doCreateDataEventsForTable):513 Exporting data from table 'test.test_3_timestamptz' (95 of 213 tables)"}}
{"type":"LOG","log":{"level":"INFO","message":"INFO i.a.w.i.DefaultAirbyteStreamFactory(internalLog):159 INFO i.d.r.RelationalSnapshotChangeEventSource(doCreateDataEventsForTable):559 \t Finished exporting 0 records for table 'test.test_3_timestamptz' (95 of 213 tables); total duration '00:00:00.007'"}}
{"type":"LOG","log":{"level":"INFO","message":"INFO i.a.w.i.DefaultAirbyteStreamFactory(internalLog):159 INFO i.d.r.RelationalSnapshotChangeEventSource(doCreateDataEventsForTable):513 Exporting data from table 'test.test_3_timetz' (96 of 213 tables)"}}
{"type":"LOG","log":{"level":"INFO","message":"INFO i.a.w.i.DefaultAirbyteStreamFactory(internalLog):159 INFO i.d.r.RelationalSnapshotChangeEventSource(doCreateDataEventsForTable):559 \t Finished exporting 0 records for table 'test.test_3_timetz' (96 of 213 tables); total duration '00:00:00.008'"}}
{"type":"LOG","log":{"level":"INFO","message":"INFO i.a.w.i.DefaultAirbyteStreamFactory(internalLog):159 INFO i.d.r.RelationalSnapshotChangeEventSource(doCreateDataEventsForTable):513 Exporting data from table 'test.test_4_time' (97 of 213 tables)"}}
{"type":"LOG","log":{"level":"INFO","message":"INFO i.a.w.i.DefaultAirbyteStreamFactory(internalLog):159 INFO i.d.r.RelationalSnapshotChangeEventSource(doCreateDataEventsForTable):559 \t Finished exporting 0 records for table 'test.test_4_time' (97 of 213 tables); total duration '00:00:00.004'"}}
{"type":"LOG","log":{"level":"INFO","message":"INFO i.a.w.i.DefaultAirbyteStreamFactory(internalLog):159 INFO i.d.r.RelationalSnapshotChangeEventSource(doCreateDataEventsForTable):513 Exporting data from table 'test.test_4_timestamp' (98 of 213 tables)"}}
{"type":"LOG","log":{"level":"INFO","message":"INFO i.a.w.i.DefaultAirbyteStreamFactory(internalLog):159 INFO i.d.r.RelationalSnapshotChangeEventSource(doCreateDataEventsForTable):559 \t Finished exporting 0 records for table 'test.test_4_timestamp' (98 of 213 tables); total duration '00:00:00.006'"}}
{"type":"LOG","log":{"level":"INFO","message":"INFO i.a.w.i.DefaultAirbyteStreamFactory(internalLog):159 INFO i.d.r.RelationalSnapshotChangeEventSource(doCreateDataEventsForTable):513 Exporting data from table 'test.test_4_timestamptz' (99 of 213 tables)"}}
{"type":"LOG","log":{"level":"INFO","message":"INFO i.a.w.i.DefaultAirbyteStreamFactory(internalLog):159 INFO i.d.r.RelationalSnapshotChangeEventSource(doCreateDataEventsForTable):559 \t Finished exporting 0 records for table 'test.test_4_timestamptz' (99 of 213 tables); total duration '00:00:00.006'"}}
{"type":"LOG","log":{"level":"INFO","message":"INFO i.a.w.i.DefaultAirbyteStreamFactory(internalLog):159 INFO i.d.r.RelationalSnapshotChangeEventSource(doCreateDataEventsForTable):513 Exporting data from table 'test.test_4_timetz' (100 of 213 tables)"}}
{"type":"LOG","log":{"level":"INFO","message":"INFO i.a.w.i.DefaultAirbyteStreamFactory(internalLog):159 INFO i.d.r.RelationalSnapshotChangeEventSource(doCreateDataEventsForTable):559 \t Finished exporting 0 records for table 'test.test_4_timetz' (100 of 213 tables); total duration '00:00:00.003'"}}
{"type":"LOG","log":{"level":"INFO","message":"INFO i.a.w.i.DefaultAirbyteStreamFactory(internalLog):159 INFO i.d.r.RelationalSnapshotChangeEventSource(doCreateDataEventsForTable):513 Exporting data from table 'test.test_5_time' (101 of 213 tables)"}}
{"type":"LOG","log":{"level":"INFO","message":"INFO i.a.w.i.DefaultAirbyteStreamFactory(internalLog):159 INFO i.d.r.RelationalSnapshotChangeEventSource(doCreateDataEventsForTable):559 \t Finished exporting 0 records for table 'test.test_5_time' (101 of 213 tables); total duration '00:00:00.004'"}}
{"type":"LOG","log":{"level":"INFO","message":"INFO i.a.w.i.DefaultAirbyteStreamFactory(internalLog):159 INFO i.d.r.RelationalSnapshotChangeEventSource(doCreateDataEventsForTable):513 Exporting data from table 'test.test_5_timestamp' (102 of 213 tables)"}}
{"type":"LOG","log":{"level":"INFO","message":"INFO i.a.w.i.DefaultAirbyteStreamFactory(internalLog):159 INFO i.d.r.RelationalSnapshotChangeEventSource(doCreateDataEventsForTable):559 \t Finished exporting 0 records for table 'test.test_5_timestamp' (102 of 213 tables); total duration '00:00:00.004'"}}
{"type":"LOG","log":{"level":"INFO","message":"INFO i.a.w.i.DefaultAirbyteStreamFactory(internalLog):159 INFO i.d.r.RelationalSnapshotChangeEventSource(doCreateDataEventsForTable):513 Exporting data from table 'test.test_6_timestamp' (103 of 213 tables)"}}
{"type":"LOG","log":{"level":"INFO","message":"INFO i.a.w.i.DefaultAirbyteStreamFactory(internalLog):159 INFO i.d.r.RelationalSnapshotChangeEventSource(doCreateDataEventsForTable):559 \t Finished exporting 0 records for table 'test.test_6_timestamp' (103 of 213 tables); total duration '00:00:00.005'"}}
{"type":"LOG","log":{"level":"INFO","message":"INFO i.a.w.i.DefaultAirbyteStreamFactory(internalLog):159 INFO i.d.r.RelationalSnapshotChangeEventSource(doCreateDataEventsForTable):513 Exporting data from table 'test.test_7_timestamp' (104 of 213 tables)"}}
{"type":"LOG","log":{"level":"INFO","message":"INFO i.a.w.i.DefaultAirbyteStreamFactory(internalLog):159 INFO i.d.r.RelationalSnapshotChangeEventSource(doCreateDataEventsForTable):559 \t Finished exporting 0 records for table 'test.test_7_timestamp' (104 of 213 tables); total duration '00:00:00.004'"}}
{"type":"LOG","log":{"level":"INFO","message":"INFO i.a.w.i.DefaultAirbyteStreamFactory(internalLog):159 INFO i.d.r.RelationalSnapshotChangeEventSource(doCreateDataEventsForTable):513 Exporting data from table 'test.test_8_timestamp' (105 of 213 tables)"}}
{"type":"LOG","log":{"level":"INFO","message":"INFO i.a.w.i.DefaultAirbyteStreamFactory(internalLog):159 INFO i.d.r.RelationalSnapshotChangeEventSource(doCreateDataEventsForTable):559 \t Finished exporting 0 records for table 'test.test_8_timestamp' (105 of 213 tables); total duration '00:00:00.007'"}}
{"type":"LOG","log":{"level":"INFO","message":"INFO i.a.w.i.DefaultAirbyteStreamFactory(internalLog):159 INFO i.d.r.RelationalSnapshotChangeEventSource(doCreateDataEventsForTable):513 Exporting data from table 'test.test_1_tsquery' (106 of 213 tables)"}}
{"type":"LOG","log":{"level":"INFO","message":"INFO i.a.w.i.DefaultAirbyteStreamFactory(internalLog):159 INFO i.d.r.RelationalSnapshotChangeEventSource(doCreateDataEventsForTable):559 \t Finished exporting 0 records for table 'test.test_1_tsquery' (106 of 213 tables); total duration '00:00:00.006'"}}
{"type":"LOG","log":{"level":"INFO","message":"INFO i.a.w.i.DefaultAirbyteStreamFactory(internalLog):159 INFO i.d.r.RelationalSnapshotChangeEventSource(doCreateDataEventsForTable):513 Exporting data from table 'test.test_1_tsvector' (107 of 213 tables)"}}
{"type":"LOG","log":{"level":"INFO","message":"INFO i.a.w.i.DefaultAirbyteStreamFactory(internalLog):159 INFO i.d.r.RelationalSnapshotChangeEventSource(doCreateDataEventsForTable):559 \t Finished exporting 0 records for table 'test.test_1_tsvector' (107 of 213 tables); total duration '00:00:00.005'"}}
{"type":"LOG","log":{"level":"INFO","message":"INFO i.a.w.i.DefaultAirbyteStreamFactory(internalLog):159 INFO i.d.r.RelationalSnapshotChangeEventSource(doCreateDataEventsForTable):513 Exporting data from table 'test.test_1_uuid' (108 of 213 tables)"}}
{"type":"LOG","log":{"level":"INFO","message":"INFO i.a.w.i.DefaultAirbyteStreamFactory(internalLog):159 INFO i.d.r.RelationalSnapshotChangeEventSource(doCreateDataEventsForTable):559 \t Finished exporting 0 records for table 'test.test_1_uuid' (108 of 213 tables); total duration '00:00:00.007'"}}
{"type":"LOG","log":{"level":"INFO","message":"INFO i.a.w.i.DefaultAirbyteStreamFactory(internalLog):159 INFO i.d.r.RelationalSnapshotChangeEventSource(doCreateDataEventsForTable):513 Exporting data from table 'test.test_1_xml' (109 of 213 tables)"}}
{"type":"LOG","log":{"level":"INFO","message":"INFO i.a.w.i.DefaultAirbyteStreamFactory(internalLog):159 INFO i.d.r.RelationalSnapshotChangeEventSource(doCreateDataEventsForTable):559 \t Finished exporting 0 records for table 'test.test_1_xml' (109 of 213 tables); total duration '00:00:00.006'"}}
{"type":"LOG","log":{"level":"INFO","message":"INFO i.a.w.i.DefaultAirbyteStreamFactory(internalLog):159 INFO i.d.r.RelationalSnapshotChangeEventSource(doCreateDataEventsForTable):513 Exporting data from table 'test.test_1_mood' (110 of 213 tables)"}}
{"type":"LOG","log":{"level":"INFO","message":"INFO i.a.w.i.DefaultAirbyteStreamFactory(internalLog):159 INFO i.d.r.RelationalSnapshotChangeEventSource(doCreateDataEventsForTable):559 \t Finished exporting 0 records for table 'test.test_1_mood' (110 of 213 tables); total duration '00:00:00.006'"}}
{"type":"LOG","log":{"level":"INFO","message":"INFO i.a.w.i.DefaultAirbyteStreamFactory(internalLog):159 INFO i.d.r.RelationalSnapshotChangeEventSource(doCreateDataEventsForTable):513 Exporting data from table 'test.test_1_tsrange' (111 of 213 tables)"}}
{"type":"LOG","log":{"level":"INFO","message":"INFO i.a.w.i.DefaultAirbyteStreamFactory(internalLog):159 INFO i.d.r.RelationalSnapshotChangeEventSource(doCreateDataEventsForTable):559 \t Finished exporting 0 records for table 'test.test_1_tsrange' (111 of 213 tables); total duration '00:00:00.004'"}}
{"type":"LOG","log":{"level":"INFO","message":"INFO i.a.w.i.DefaultAirbyteStreamFactory(internalLog):159 INFO i.d.r.RelationalSnapshotChangeEventSource(doCreateDataEventsForTable):513 Exporting data from table 'test.test_1_inventory_item' (112 of 213 tables)"}}
{"type":"LOG","log":{"level":"INFO","message":"INFO i.a.w.i.DefaultAirbyteStreamFactory(internalLog):159 INFO i.d.r.RelationalSnapshotChangeEventSource(doCreateDataEventsForTable):559 \t Finished exporting 0 records for table 'test.test_1_inventory_item' (112 of 213 tables); total duration '00:00:00.005'"}}
{"type":"LOG","log":{"level":"INFO","message":"INFO i.a.w.i.DefaultAirbyteStreamFactory(internalLog):159 INFO i.d.r.RelationalSnapshotChangeEventSource(doCreateDataEventsForTable):513 Exporting data from table 'test.test_1_hstore' (113 of 213 tables)"}}
{"type":"LOG","log":{"level":"INFO","message":"INFO i.a.w.i.DefaultAirbyteStreamFactory(internalLog):159 INFO i.d.r.RelationalSnapshotChangeEventSource(doCreateDataEventsForTable):559 \t Finished exporting 0 records for table 'test.test_1_hstore' (113 of 213 tables); total duration '00:00:00.005'"}}
{"type":"LOG","log":{"level":"INFO","message":"INFO i.a.w.i.DefaultAirbyteStreamFactory(internalLog):159 INFO i.d.r.RelationalSnapshotChangeEventSource(doCreateDataEventsForTable):513 Exporting data from table 'test.test_1_oid_array' (114 of 213 tables)"}}
{"type":"LOG","log":{"level":"INFO","message":"INFO i.a.w.i.DefaultAirbyteStreamFactory(internalLog):159 INFO i.d.r.RelationalSnapshotChangeEventSource(doCreateDataEventsForTable):559 \t Finished exporting 0 records for table 'test.test_1_oid_array' (114 of 213 tables); total duration '00:00:00.004'"}}
{"type":"LOG","log":{"level":"INFO","message":"INFO i.a.w.i.DefaultAirbyteStreamFactory(internalLog):159 INFO i.d.r.RelationalSnapshotChangeEventSource(doCreateDataEventsForTable):513 Exporting data from table 'test.test_1_bpchar_array' (115 of 213 tables)"}}
{"type":"LOG","log":{"level":"INFO","message":"INFO i.a.w.i.DefaultAirbyteStreamFactory(internalLog):159 INFO i.d.r.RelationalSnapshotChangeEventSource(doCreateDataEventsForTable):559 \t Finished exporting 0 records for table 'test.test_1_bpchar_array' (115 of 213 tables); total duration '00:00:00.005'"}}
{"type":"LOG","log":{"level":"INFO","message":"INFO i.a.w.i.DefaultAirbyteStreamFactory(internalLog):159 INFO i.d.r.RelationalSnapshotChangeEventSource(doCreateDataEventsForTable):513 Exporting data from table 'test.test_1_name_array' (116 of 213 tables)"}}
{"type":"LOG","log":{"level":"INFO","message":"INFO i.a.w.i.DefaultAirbyteStreamFactory(internalLog):159 INFO i.d.r.RelationalSnapshotChangeEventSource(doCreateDataEventsForTable):559 \t Finished exporting 0 records for table 'test.test_1_name_array' (116 of 213 tables); total duration '00:00:00.004'"}}
{"type":"LOG","log":{"level":"INFO","message":"INFO i.a.w.i.DefaultAirbyteStreamFactory(internalLog):159 INFO i.d.r.RelationalSnapshotChangeEventSource(doCreateDataEventsForTable):513 Exporting data from table 'test.test_2_decimal_array' (117 of 213 tables)"}}
{"type":"LOG","log":{"level":"INFO","message":"INFO i.a.w.i.DefaultAirbyteStreamFactory(internalLog):159 INFO i.d.r.RelationalSnapshotChangeEventSource(doCreateDataEventsForTable):559 \t Finished exporting 0 records for table 'test.test_2_decimal_array' (117 of 213 tables); total duration '00:00:00.005'"}}
{"type":"LOG","log":{"level":"INFO","message":"INFO i.a.w.i.DefaultAirbyteStreamFactory(internalLog):159 INFO i.d.r.RelationalSnapshotChangeEventSource(doCreateDataEventsForTable):513 Exporting data from table 'test.test_3_decimal_array' (118 of 213 tables)"}}
{"type":"LOG","log":{"level":"INFO","message":"INFO i.a.w.i.DefaultAirbyteStreamFactory(internalLog):159 INFO i.d.r.RelationalSnapshotChangeEventSource(doCreateDataEventsForTable):559 \t Finished exporting 0 records for table 'test.test_3_decimal_array' (118 of 213 tables); total duration '00:00:00.005'"}}
{"type":"LOG","log":{"level":"INFO","message":"INFO i.a.w.i.DefaultAirbyteStreamFactory(internalLog):159 INFO i.d.r.RelationalSnapshotChangeEventSource(doCreateDataEventsForTable):513 Exporting data from table 'test.test_1_money_array' (119 of 213 tables)"}}
{"type":"LOG","log":{"level":"INFO","message":"INFO i.a.w.i.DefaultAirbyteStreamFactory(internalLog):159 INFO i.d.r.RelationalSnapshotChangeEventSource(doCreateDataEventsForTable):559 \t Finished exporting 0 records for table 'test.test_1_money_array' (119 of 213 tables); total duration '00:00:00.004'"}}
{"type":"LOG","log":{"level":"INFO","message":"INFO i.a.w.i.DefaultAirbyteStreamFactory(internalLog):159 INFO i.d.r.RelationalSnapshotChangeEventSource(doCreateDataEventsForTable):513 Exporting data from table 'test.test_1_money' (120 of 213 tables)"}}
{"type":"LOG","log":{"level":"INFO","message":"INFO i.a.w.i.DefaultAirbyteStreamFactory(internalLog):159 INFO i.d.r.RelationalSnapshotChangeEventSource(doCreateDataEventsForTable):559 \t Finished exporting 0 records for table 'test.test_1_money' (120 of 213 tables); total duration '00:00:00.004'"}}
{"type":"LOG","log":{"level":"INFO","message":"INFO i.a.w.i.DefaultAirbyteStreamFactory(internalLog):159 INFO i.d.r.RelationalSnapshotChangeEventSource(doCreateDataEventsForTable):513 Exporting data from table 'test.test_2_bigint' (121 of 213 tables)"}}
{"type":"LOG","log":{"level":"INFO","message":"INFO i.a.w.i.DefaultAirbyteStreamFactory(internalLog):159 INFO i.d.r.RelationalSnapshotChangeEventSource(doCreateDataEventsForTable):559 \t Finished exporting 0 records for table 'test.test_2_bigint' (121 of 213 tables); total duration '00:00:00.005'"}}
{"type":"LOG","log":{"level":"INFO","message":"INFO i.a.w.i.DefaultAirbyteStreamFactory(internalLog):159 INFO i.d.r.RelationalSnapshotChangeEventSource(doCreateDataEventsForTable):513 Exporting data from table 'test.test_2_bigserial' (122 of 213 tables)"}}
{"type":"LOG","log":{"level":"INFO","message":"INFO i.a.w.i.DefaultAirbyteStreamFactory(internalLog):159 INFO i.d.r.RelationalSnapshotChangeEventSource(doCreateDataEventsForTable):559 \t Finished exporting 0 records for table 'test.test_2_bigserial' (122 of 213 tables); total duration '00:00:00.004'"}}
{"type":"LOG","log":{"level":"INFO","message":"INFO i.a.w.i.DefaultAirbyteStreamFactory(internalLog):159 INFO i.d.r.RelationalSnapshotChangeEventSource(doCreateDataEventsForTable):513 Exporting data from table 'test.test_3_bit' (123 of 213 tables)"}}
{"type":"LOG","log":{"level":"INFO","message":"INFO i.a.w.i.DefaultAirbyteStreamFactory(internalLog):159 INFO i.d.r.RelationalSnapshotChangeEventSource(doCreateDataEventsForTable):559 \t Finished exporting 0 records for table 'test.test_3_bit' (123 of 213 tables); total duration '00:00:00.004'"}}
{"type":"LOG","log":{"level":"INFO","message":"INFO i.a.w.i.DefaultAirbyteStreamFactory(internalLog):159 INFO i.d.r.RelationalSnapshotChangeEventSource(doCreateDataEventsForTable):513 Exporting data from table 'test.test_3_bit_varying' (124 of 213 tables)"}}
{"type":"LOG","log":{"level":"INFO","message":"INFO i.a.w.i.DefaultAirbyteStreamFactory(internalLog):159 INFO i.d.r.RelationalSnapshotChangeEventSource(doCreateDataEventsForTable):559 \t Finished exporting 0 records for table 'test.test_3_bit_varying' (124 of 213 tables); total duration '00:00:00.005'"}}
{"type":"LOG","log":{"level":"INFO","message":"INFO i.a.w.i.DefaultAirbyteStreamFactory(internalLog):159 INFO i.d.r.RelationalSnapshotChangeEventSource(doCreateDataEventsForTable):513 Exporting data from table 'test.test_4_bit' (125 of 213 tables)"}}
{"type":"LOG","log":{"level":"INFO","message":"INFO i.a.w.i.DefaultAirbyteStreamFactory(internalLog):159 INFO i.d.r.RelationalSnapshotChangeEventSource(doCreateDataEventsForTable):559 \t Finished exporting 0 records for table 'test.test_4_bit' (125 of 213 tables); total duration '00:00:00.007'"}}
{"type":"LOG","log":{"level":"INFO","message":"INFO i.a.w.i.DefaultAirbyteStreamFactory(internalLog):159 INFO i.d.r.RelationalSnapshotChangeEventSource(doCreateDataEventsForTable):513 Exporting data from table 'test.test_4_bit_varying' (126 of 213 tables)"}}
{"type":"LOG","log":{"level":"INFO","message":"INFO i.a.w.i.DefaultAirbyteStreamFactory(internalLog):159 INFO i.d.r.RelationalSnapshotChangeEventSource(doCreateDataEventsForTable):559 \t Finished exporting 0 records for table 'test.test_4_bit_varying' (126 of 213 tables); total duration '00:00:00.006'"}}
{"type":"LOG","log":{"level":"INFO","message":"INFO i.a.w.i.DefaultAirbyteStreamFactory(internalLog):159 INFO i.d.r.RelationalSnapshotChangeEventSource(doCreateDataEventsForTable):513 Exporting data from table 'test.test_2_bool' (127 of 213 tables)"}}
{"type":"LOG","log":{"level":"INFO","message":"INFO i.a.w.i.DefaultAirbyteStreamFactory(internalLog):159 INFO i.d.r.RelationalSnapshotChangeEventSource(doCreateDataEventsForTable):559 \t Finished exporting 0 records for table 'test.test_2_bool' (127 of 213 tables); total duration '00:00:00.004'"}}
{"type":"LOG","log":{"level":"INFO","message":"INFO i.a.w.i.DefaultAirbyteStreamFactory(internalLog):159 INFO i.d.r.RelationalSnapshotChangeEventSource(doCreateDataEventsForTable):513 Exporting data from table 'test.test_2_bool_array' (128 of 213 tables)"}}
{"type":"LOG","log":{"level":"INFO","message":"INFO i.a.w.i.DefaultAirbyteStreamFactory(internalLog):159 INFO i.d.r.RelationalSnapshotChangeEventSource(doCreateDataEventsForTable):559 \t Finished exporting 0 records for table 'test.test_2_bool_array' (128 of 213 tables); total duration '00:00:00.005'"}}
{"type":"LOG","log":{"level":"INFO","message":"INFO i.a.w.i.DefaultAirbyteStreamFactory(internalLog):159 INFO i.d.r.RelationalSnapshotChangeEventSource(doCreateDataEventsForTable):513 Exporting data from table 'test.test_2_boolean' (129 of 213 tables)"}}
{"type":"LOG","log":{"level":"INFO","message":"INFO i.a.w.i.DefaultAirbyteStreamFactory(internalLog):159 INFO i.d.r.RelationalSnapshotChangeEventSource(doCreateDataEventsForTable):559 \t Finished exporting 0 records for table 'test.test_2_boolean' (129 of 213 tables); total duration '00:00:00.003'"}}
{"type":"LOG","log":{"level":"INFO","message":"INFO i.a.w.i.DefaultAirbyteStreamFactory(internalLog):159 INFO i.d.r.RelationalSnapshotChangeEventSource(doCreateDataEventsForTable):513 Exporting data from table 'test.test_2_box' (130 of 213 tables)"}}
{"type":"LOG","log":{"level":"INFO","message":"INFO i.a.w.i.DefaultAirbyteStreamFactory(internalLog):159 INFO i.d.r.RelationalSnapshotChangeEventSource(doCreateDataEventsForTable):559 \t Finished exporting 0 records for table 'test.test_2_box' (130 of 213 tables); total duration '00:00:00.002'"}}
{"type":"LOG","log":{"level":"INFO","message":"INFO i.a.w.i.DefaultAirbyteStreamFactory(internalLog):159 INFO i.d.r.RelationalSnapshotChangeEventSource(doCreateDataEventsForTable):513 Exporting data from table 'test.test_2_bytea' (131 of 213 tables)"}}
{"type":"LOG","log":{"level":"INFO","message":"INFO i.a.w.i.DefaultAirbyteStreamFactory(internalLog):159 INFO i.d.r.RelationalSnapshotChangeEventSource(doCreateDataEventsForTable):559 \t Finished exporting 0 records for table 'test.test_2_bytea' (131 of 213 tables); total duration '00:00:00.003'"}}
{"type":"LOG","log":{"level":"INFO","message":"INFO i.a.w.i.DefaultAirbyteStreamFactory(internalLog):159 INFO i.d.r.RelationalSnapshotChangeEventSource(doCreateDataEventsForTable):513 Exporting data from table 'test.test_2_bytea_array' (132 of 213 tables)"}}
{"type":"LOG","log":{"level":"INFO","message":"INFO i.a.w.i.DefaultAirbyteStreamFactory(internalLog):159 INFO i.d.r.RelationalSnapshotChangeEventSource(doCreateDataEventsForTable):559 \t Finished exporting 0 records for table 'test.test_2_bytea_array' (132 of 213 tables); total duration '00:00:00.002'"}}
{"type":"LOG","log":{"level":"INFO","message":"INFO i.a.w.i.DefaultAirbyteStreamFactory(internalLog):159 INFO i.d.r.RelationalSnapshotChangeEventSource(doCreateDataEventsForTable):513 Exporting data from table 'test.test_3_char' (133 of 213 tables)"}}
{"type":"LOG","log":{"level":"INFO","message":"INFO i.a.w.i.DefaultAirbyteStreamFactory(internalLog):159 INFO i.d.r.RelationalSnapshotChangeEventSource(doCreateDataEventsForTable):559 \t Finished exporting 0 records for table 'test.test_3_char' (133 of 213 tables); total duration '00:00:00.002'"}}
{"type":"LOG","log":{"level":"INFO","message":"INFO i.a.w.i.DefaultAirbyteStreamFactory(internalLog):159 INFO i.d.r.RelationalSnapshotChangeEventSource(doCreateDataEventsForTable):513 Exporting data from table 'test.test_3_character' (134 of 213 tables)"}}
{"type":"LOG","log":{"level":"INFO","message":"INFO i.a.w.i.DefaultAirbyteStreamFactory(internalLog):159 INFO i.d.r.RelationalSnapshotChangeEventSource(doCreateDataEventsForTable):559 \t Finished exporting 0 records for table 'test.test_3_character' (134 of 213 tables); total duration '00:00:00.003'"}}
{"type":"LOG","log":{"level":"INFO","message":"INFO i.a.w.i.DefaultAirbyteStreamFactory(internalLog):159 INFO i.d.r.RelationalSnapshotChangeEventSource(doCreateDataEventsForTable):513 Exporting data from table 'test.test_4_char' (135 of 213 tables)"}}
{"type":"LOG","log":{"level":"INFO","message":"INFO i.a.w.i.DefaultAirbyteStreamFactory(internalLog):159 INFO i.d.r.RelationalSnapshotChangeEventSource(doCreateDataEventsForTable):559 \t Finished exporting 0 records for table 'test.test_4_char' (135 of 213 tables); total duration '00:00:00.003'"}}
{"type":"LOG","log":{"level":"INFO","message":"INFO i.a.w.i.DefaultAirbyteStreamFactory(internalLog):159 INFO i.d.r.RelationalSnapshotChangeEventSource(doCreateDataEventsForTable):513 Exporting data from table 'test.test_4_character' (136 of 213 tables)"}}
{"type":"LOG","log":{"level":"INFO","message":"INFO i.a.w.i.DefaultAirbyteStreamFactory(internalLog):159 INFO i.d.r.RelationalSnapshotChangeEventSource(doCreateDataEventsForTable):559 \t Finished exporting 0 records for table 'test.test_4_character' (136 of 213 tables); total duration '00:00:00.003'"}}
{"type":"LOG","log":{"level":"INFO","message":"INFO i.a.w.i.DefaultAirbyteStreamFactory(internalLog):159 INFO i.d.r.RelationalSnapshotChangeEventSource(doCreateDataEventsForTable):513 Exporting data from table 'test.test_2_text' (137 of 213 tables)"}}
{"type":"LOG","log":{"level":"INFO","message":"INFO i.a.w.i.DefaultAirbyteStreamFactory(internalLog):159 INFO i.d.r.RelationalSnapshotChangeEventSource(doCreateDataEventsForTable):559 \t Finished exporting 0 records for table 'test.test_2_text' (137 of 213 tables); total duration '00:00:00.003'"}}
{"type":"LOG","log":{"level":"INFO","message":"INFO i.a.w.i.DefaultAirbyteStreamFactory(internalLog):159 INFO i.d.r.RelationalSnapshotChangeEventSource(doCreateDataEventsForTable):513 Exporting data from table 'test.test_2_text_array' (138 of 213 tables)"}}
{"type":"LOG","log":{"level":"INFO","message":"INFO i.a.w.i.DefaultAirbyteStreamFactory(internalLog):159 INFO i.d.r.RelationalSnapshotChangeEventSource(doCreateDataEventsForTable):559 \t Finished exporting 0 records for table 'test.test_2_text_array' (138 of 213 tables); total duration '00:00:00.005'"}}
{"type":"LOG","log":{"level":"INFO","message":"INFO i.a.w.i.DefaultAirbyteStreamFactory(internalLog):159 INFO i.d.r.RelationalSnapshotChangeEventSource(doCreateDataEventsForTable):513 Exporting data from table 'test.test_3_varchar' (139 of 213 tables)"}}
{"type":"LOG","log":{"level":"INFO","message":"INFO i.a.w.i.DefaultAirbyteStreamFactory(internalLog):159 INFO i.d.r.RelationalSnapshotChangeEventSource(doCreateDataEventsForTable):559 \t Finished exporting 0 records for table 'test.test_3_varchar' (139 of 213 tables); total duration '00:00:00.003'"}}
{"type":"LOG","log":{"level":"INFO","message":"INFO i.a.w.i.DefaultAirbyteStreamFactory(internalLog):159 INFO i.d.r.RelationalSnapshotChangeEventSource(doCreateDataEventsForTable):513 Exporting data from table 'test.test_4_varchar' (140 of 213 tables)"}}
{"type":"LOG","log":{"level":"INFO","message":"INFO i.a.w.i.DefaultAirbyteStreamFactory(internalLog):159 INFO i.d.r.RelationalSnapshotChangeEventSource(doCreateDataEventsForTable):559 \t Finished exporting 0 records for table 'test.test_4_varchar' (140 of 213 tables); total duration '00:00:00.005'"}}
{"type":"LOG","log":{"level":"INFO","message":"INFO i.a.w.i.DefaultAirbyteStreamFactory(internalLog):159 INFO i.d.r.RelationalSnapshotChangeEventSource(doCreateDataEventsForTable):513 Exporting data from table 'test.test_2_cidr' (141 of 213 tables)"}}
{"type":"LOG","log":{"level":"INFO","message":"INFO i.a.w.i.DefaultAirbyteStreamFactory(internalLog):159 INFO i.d.r.RelationalSnapshotChangeEventSource(doCreateDataEventsForTable):559 \t Finished exporting 0 records for table 'test.test_2_cidr' (141 of 213 tables); total duration '00:00:00.003'"}}
{"type":"LOG","log":{"level":"INFO","message":"INFO i.a.w.i.DefaultAirbyteStreamFactory(internalLog):159 INFO i.d.r.RelationalSnapshotChangeEventSource(doCreateDataEventsForTable):513 Exporting data from table 'test.test_2_circle' (142 of 213 tables)"}}
{"type":"LOG","log":{"level":"INFO","message":"INFO i.a.w.i.DefaultAirbyteStreamFactory(internalLog):159 INFO i.d.r.RelationalSnapshotChangeEventSource(doCreateDataEventsForTable):559 \t Finished exporting 0 records for table 'test.test_2_circle' (142 of 213 tables); total duration '00:00:00.005'"}}
{"type":"LOG","log":{"level":"INFO","message":"INFO i.a.w.i.DefaultAirbyteStreamFactory(internalLog):159 INFO i.d.r.RelationalSnapshotChangeEventSource(doCreateDataEventsForTable):513 Exporting data from table 'test.test_4_date' (143 of 213 tables)"}}
{"type":"LOG","log":{"level":"INFO","message":"INFO i.a.w.i.DefaultAirbyteStreamFactory(internalLog):159 INFO i.d.r.RelationalSnapshotChangeEventSource(doCreateDataEventsForTable):559 \t Finished exporting 0 records for table 'test.test_4_date' (143 of 213 tables); total duration '00:00:00.004'"}}
{"type":"LOG","log":{"level":"INFO","message":"INFO i.a.w.i.DefaultAirbyteStreamFactory(internalLog):159 INFO i.d.r.RelationalSnapshotChangeEventSource(doCreateDataEventsForTable):513 Exporting data from table 'test.test_5_date' (144 of 213 tables)"}}
{"type":"LOG","log":{"level":"INFO","message":"INFO i.a.w.i.DefaultAirbyteStreamFactory(internalLog):159 INFO i.d.r.RelationalSnapshotChangeEventSource(doCreateDataEventsForTable):559 \t Finished exporting 0 records for table 'test.test_5_date' (144 of 213 tables); total duration '00:00:00.003'"}}
{"type":"LOG","log":{"level":"INFO","message":"INFO i.a.w.i.DefaultAirbyteStreamFactory(internalLog):159 INFO i.d.r.RelationalSnapshotChangeEventSource(doCreateDataEventsForTable):513 Exporting data from table 'test.test_6_date' (145 of 213 tables)"}}
{"type":"LOG","log":{"level":"INFO","message":"INFO i.a.w.i.DefaultAirbyteStreamFactory(internalLog):159 INFO i.d.r.RelationalSnapshotChangeEventSource(doCreateDataEventsForTable):559 \t Finished exporting 0 records for table 'test.test_6_date' (145 of 213 tables); total duration '00:00:00.003'"}}
{"type":"LOG","log":{"level":"INFO","message":"INFO i.a.w.i.DefaultAirbyteStreamFactory(internalLog):159 INFO i.d.r.RelationalSnapshotChangeEventSource(doCreateDataEventsForTable):513 Exporting data from table 'test.test_2_float' (146 of 213 tables)"}}
{"type":"LOG","log":{"level":"INFO","message":"INFO i.a.w.i.DefaultAirbyteStreamFactory(internalLog):159 INFO i.d.r.RelationalSnapshotChangeEventSource(doCreateDataEventsForTable):559 \t Finished exporting 0 records for table 'test.test_2_float' (146 of 213 tables); total duration '00:00:00.003'"}}
{"type":"LOG","log":{"level":"INFO","message":"INFO i.a.w.i.DefaultAirbyteStreamFactory(internalLog):159 INFO i.d.r.RelationalSnapshotChangeEventSource(doCreateDataEventsForTable):513 Exporting data from table 'test.test_2_float4' (147 of 213 tables)"}}
{"type":"LOG","log":{"level":"INFO","message":"INFO i.a.w.i.DefaultAirbyteStreamFactory(internalLog):159 INFO i.d.r.RelationalSnapshotChangeEventSource(doCreateDataEventsForTable):559 \t Finished exporting 0 records for table 'test.test_2_float4' (147 of 213 tables); total duration '00:00:00.004'"}}
{"type":"LOG","log":{"level":"INFO","message":"INFO i.a.w.i.DefaultAirbyteStreamFactory(internalLog):159 INFO i.d.r.RelationalSnapshotChangeEventSource(doCreateDataEventsForTable):513 Exporting data from table 'test.test_2_float4_array' (148 of 213 tables)"}}
{"type":"LOG","log":{"level":"INFO","message":"INFO i.a.w.i.DefaultAirbyteStreamFactory(internalLog):159 INFO i.d.r.RelationalSnapshotChangeEventSource(doCreateDataEventsForTable):559 \t Finished exporting 0 records for table 'test.test_2_float4_array' (148 of 213 tables); total duration '00:00:00.002'"}}
{"type":"LOG","log":{"level":"INFO","message":"INFO i.a.w.i.DefaultAirbyteStreamFactory(internalLog):159 INFO i.d.r.RelationalSnapshotChangeEventSource(doCreateDataEventsForTable):513 Exporting data from table 'test.test_2_float8' (149 of 213 tables)"}}
{"type":"LOG","log":{"level":"INFO","message":"INFO i.a.w.i.DefaultAirbyteStreamFactory(internalLog):159 INFO i.d.r.RelationalSnapshotChangeEventSource(doCreateDataEventsForTable):559 \t Finished exporting 0 records for table 'test.test_2_float8' (149 of 213 tables); total duration '00:00:00.004'"}}
{"type":"LOG","log":{"level":"INFO","message":"INFO i.a.w.i.DefaultAirbyteStreamFactory(internalLog):159 INFO i.d.r.RelationalSnapshotChangeEventSource(doCreateDataEventsForTable):513 Exporting data from table 'test.test_2_float8_array' (150 of 213 tables)"}}
{"type":"LOG","log":{"level":"INFO","message":"INFO i.a.w.i.DefaultAirbyteStreamFactory(internalLog):159 INFO i.d.r.RelationalSnapshotChangeEventSource(doCreateDataEventsForTable):559 \t Finished exporting 0 records for table 'test.test_2_float8_array' (150 of 213 tables); total duration '00:00:00.005'"}}
{"type":"LOG","log":{"level":"INFO","message":"INFO i.a.w.i.DefaultAirbyteStreamFactory(internalLog):159 INFO i.d.r.RelationalSnapshotChangeEventSource(doCreateDataEventsForTable):513 Exporting data from table 'test.test_2_double_precision' (151 of 213 tables)"}}
{"type":"LOG","log":{"level":"INFO","message":"INFO i.a.w.i.DefaultAirbyteStreamFactory(internalLog):159 INFO i.d.r.RelationalSnapshotChangeEventSource(doCreateDataEventsForTable):559 \t Finished exporting 0 records for table 'test.test_2_double_precision' (151 of 213 tables); total duration '00:00:00.004'"}}
{"type":"LOG","log":{"level":"INFO","message":"INFO i.a.w.i.DefaultAirbyteStreamFactory(internalLog):159 INFO i.d.r.RelationalSnapshotChangeEventSource(doCreateDataEventsForTable):513 Exporting data from table 'test.test_2_inet' (152 of 213 tables)"}}
{"type":"LOG","log":{"level":"INFO","message":"INFO i.a.w.i.DefaultAirbyteStreamFactory(internalLog):159 INFO i.d.r.RelationalSnapshotChangeEventSource(doCreateDataEventsForTable):559 \t Finished exporting 0 records for table 'test.test_2_inet' (152 of 213 tables); total duration '00:00:00.003'"}}
{"type":"LOG","log":{"level":"INFO","message":"INFO i.a.w.i.DefaultAirbyteStreamFactory(internalLog):159 INFO i.d.r.RelationalSnapshotChangeEventSource(doCreateDataEventsForTable):513 Exporting data from table 'test.test_2_int4' (153 of 213 tables)"}}
{"type":"LOG","log":{"level":"INFO","message":"INFO i.a.w.i.DefaultAirbyteStreamFactory(internalLog):159 INFO i.d.r.RelationalSnapshotChangeEventSource(doCreateDataEventsForTable):559 \t Finished exporting 0 records for table 'test.test_2_int4' (153 of 213 tables); total duration '00:00:00.012'"}}
{"type":"LOG","log":{"level":"INFO","message":"INFO i.a.w.i.DefaultAirbyteStreamFactory(internalLog):159 INFO i.d.r.RelationalSnapshotChangeEventSource(doCreateDataEventsForTable):513 Exporting data from table 'test.test_2_int4_array' (154 of 213 tables)"}}
{"type":"LOG","log":{"level":"INFO","message":"INFO i.a.w.i.DefaultAirbyteStreamFactory(internalLog):159 INFO i.d.r.RelationalSnapshotChangeEventSource(doCreateDataEventsForTable):559 \t Finished exporting 0 records for table 'test.test_2_int4_array' (154 of 213 tables); total duration '00:00:00.003'"}}
{"type":"LOG","log":{"level":"INFO","message":"INFO i.a.w.i.DefaultAirbyteStreamFactory(internalLog):159 INFO i.d.r.RelationalSnapshotChangeEventSource(doCreateDataEventsForTable):513 Exporting data from table 'test.test_2_int' (155 of 213 tables)"}}
{"type":"LOG","log":{"level":"INFO","message":"INFO i.a.w.i.DefaultAirbyteStreamFactory(internalLog):159 INFO i.d.r.RelationalSnapshotChangeEventSource(doCreateDataEventsForTable):559 \t Finished exporting 0 records for table 'test.test_2_int' (155 of 213 tables); total duration '00:00:00.003'"}}
{"type":"LOG","log":{"level":"INFO","message":"INFO i.a.w.i.DefaultAirbyteStreamFactory(internalLog):159 INFO i.d.r.RelationalSnapshotChangeEventSource(doCreateDataEventsForTable):513 Exporting data from table 'test.test_2_int2' (156 of 213 tables)"}}
{"type":"LOG","log":{"level":"INFO","message":"INFO i.a.w.i.DefaultAirbyteStreamFactory(internalLog):159 INFO i.d.r.RelationalSnapshotChangeEventSource(doCreateDataEventsForTable):559 \t Finished exporting 0 records for table 'test.test_2_int2' (156 of 213 tables); total duration '00:00:00.006'"}}
{"type":"LOG","log":{"level":"INFO","message":"INFO i.a.w.i.DefaultAirbyteStreamFactory(internalLog):159 INFO i.d.r.RelationalSnapshotChangeEventSource(doCreateDataEventsForTable):513 Exporting data from table 'test.test_2_int2_array' (157 of 213 tables)"}}
{"type":"LOG","log":{"level":"INFO","message":"INFO i.a.w.i.DefaultAirbyteStreamFactory(internalLog):159 INFO i.d.r.RelationalSnapshotChangeEventSource(doCreateDataEventsForTable):559 \t Finished exporting 0 records for table 'test.test_2_int2_array' (157 of 213 tables); total duration '00:00:00.002'"}}
{"type":"LOG","log":{"level":"INFO","message":"INFO i.a.w.i.DefaultAirbyteStreamFactory(internalLog):159 INFO i.d.r.RelationalSnapshotChangeEventSource(doCreateDataEventsForTable):513 Exporting data from table 'test.test_2_int8_array' (158 of 213 tables)"}}
{"type":"LOG","log":{"level":"INFO","message":"INFO i.a.w.i.DefaultAirbyteStreamFactory(internalLog):159 INFO i.d.r.RelationalSnapshotChangeEventSource(doCreateDataEventsForTable):559 \t Finished exporting 0 records for table 'test.test_2_int8_array' (158 of 213 tables); total duration '00:00:00.004'"}}
{"type":"LOG","log":{"level":"INFO","message":"INFO i.a.w.i.DefaultAirbyteStreamFactory(internalLog):159 INFO i.d.r.RelationalSnapshotChangeEventSource(doCreateDataEventsForTable):513 Exporting data from table 'test.test_2_integer' (159 of 213 tables)"}}
{"type":"LOG","log":{"level":"INFO","message":"INFO i.a.w.i.DefaultAirbyteStreamFactory(internalLog):159 INFO i.d.r.RelationalSnapshotChangeEventSource(doCreateDataEventsForTable):559 \t Finished exporting 0 records for table 'test.test_2_integer' (159 of 213 tables); total duration '00:00:00.005'"}}
{"type":"LOG","log":{"level":"INFO","message":"INFO i.a.w.i.DefaultAirbyteStreamFactory(internalLog):159 INFO i.d.r.RelationalSnapshotChangeEventSource(doCreateDataEventsForTable):513 Exporting data from table 'test.test_2_interval' (160 of 213 tables)"}}
{"type":"LOG","log":{"level":"INFO","message":"INFO i.a.w.i.DefaultAirbyteStreamFactory(internalLog):159 INFO i.d.r.RelationalSnapshotChangeEventSource(doCreateDataEventsForTable):559 \t Finished exporting 0 records for table 'test.test_2_interval' (160 of 213 tables); total duration '00:00:00.005'"}}
{"type":"LOG","log":{"level":"INFO","message":"INFO i.a.w.i.DefaultAirbyteStreamFactory(internalLog):159 INFO i.d.r.RelationalSnapshotChangeEventSource(doCreateDataEventsForTable):513 Exporting data from table 'test.test_2_json' (161 of 213 tables)"}}
{"type":"LOG","log":{"level":"INFO","message":"INFO i.a.w.i.DefaultAirbyteStreamFactory(internalLog):159 INFO i.d.r.RelationalSnapshotChangeEventSource(doCreateDataEventsForTable):559 \t Finished exporting 0 records for table 'test.test_2_json' (161 of 213 tables); total duration '00:00:00.004'"}}
{"type":"LOG","log":{"level":"INFO","message":"INFO i.a.w.i.DefaultAirbyteStreamFactory(internalLog):159 INFO i.d.r.RelationalSnapshotChangeEventSource(doCreateDataEventsForTable):513 Exporting data from table 'test.test_2_jsonb' (162 of 213 tables)"}}
{"type":"LOG","log":{"level":"INFO","message":"INFO i.a.w.i.DefaultAirbyteStreamFactory(internalLog):159 INFO i.d.r.RelationalSnapshotChangeEventSource(doCreateDataEventsForTable):559 \t Finished exporting 0 records for table 'test.test_2_jsonb' (162 of 213 tables); total duration '00:00:00.004'"}}
{"type":"LOG","log":{"level":"INFO","message":"INFO i.a.w.i.DefaultAirbyteStreamFactory(internalLog):159 INFO i.d.r.RelationalSnapshotChangeEventSource(doCreateDataEventsForTable):513 Exporting data from table 'test.test_2_line' (163 of 213 tables)"}}
{"type":"LOG","log":{"level":"INFO","message":"INFO i.a.w.i.DefaultAirbyteStreamFactory(internalLog):159 INFO i.d.r.RelationalSnapshotChangeEventSource(doCreateDataEventsForTable):559 \t Finished exporting 0 records for table 'test.test_2_line' (163 of 213 tables); total duration '00:00:00.003'"}}
{"type":"LOG","log":{"level":"INFO","message":"INFO i.a.w.i.DefaultAirbyteStreamFactory(internalLog):159 INFO i.d.r.RelationalSnapshotChangeEventSource(doCreateDataEventsForTable):513 Exporting data from table 'test.test_2_lseg' (164 of 213 tables)"}}
{"type":"LOG","log":{"level":"INFO","message":"INFO i.a.w.i.DefaultAirbyteStreamFactory(internalLog):159 INFO i.d.r.RelationalSnapshotChangeEventSource(doCreateDataEventsForTable):559 \t Finished exporting 0 records for table 'test.test_2_lseg' (164 of 213 tables); total duration '00:00:00.006'"}}
{"type":"LOG","log":{"level":"INFO","message":"INFO i.a.w.i.DefaultAirbyteStreamFactory(internalLog):159 INFO i.d.r.RelationalSnapshotChangeEventSource(doCreateDataEventsForTable):513 Exporting data from table 'test.test_2_macaddr' (165 of 213 tables)"}}
{"type":"LOG","log":{"level":"INFO","message":"INFO i.a.w.i.DefaultAirbyteStreamFactory(internalLog):159 INFO i.d.r.RelationalSnapshotChangeEventSource(doCreateDataEventsForTable):559 \t Finished exporting 0 records for table 'test.test_2_macaddr' (165 of 213 tables); total duration '00:00:00.007'"}}
{"type":"LOG","log":{"level":"INFO","message":"INFO i.a.w.i.DefaultAirbyteStreamFactory(internalLog):159 INFO i.d.r.RelationalSnapshotChangeEventSource(doCreateDataEventsForTable):513 Exporting data from table 'test.test_2_macaddr8' (166 of 213 tables)"}}
{"type":"LOG","log":{"level":"INFO","message":"INFO i.a.w.i.DefaultAirbyteStreamFactory(internalLog):159 INFO i.d.r.RelationalSnapshotChangeEventSource(doCreateDataEventsForTable):559 \t Finished exporting 0 records for table 'test.test_2_macaddr8' (166 of 213 tables); total duration '00:00:00.003'"}}
{"type":"LOG","log":{"level":"INFO","message":"INFO i.a.w.i.DefaultAirbyteStreamFactory(internalLog):159 INFO i.d.r.RelationalSnapshotChangeEventSource(doCreateDataEventsForTable):513 Exporting data from table 'test.test_6_numeric' (167 of 213 tables)"}}
{"type":"LOG","log":{"level":"INFO","message":"INFO i.a.w.i.DefaultAirbyteStreamFactory(internalLog):159 INFO i.d.r.RelationalSnapshotChangeEventSource(doCreateDataEventsForTable):559 \t Finished exporting 0 records for table 'test.test_6_numeric' (167 of 213 tables); total duration '00:00:00.004'"}}
{"type":"LOG","log":{"level":"INFO","message":"INFO i.a.w.i.DefaultAirbyteStreamFactory(internalLog):159 INFO i.d.r.RelationalSnapshotChangeEventSource(doCreateDataEventsForTable):513 Exporting data from table 'test.test_6_numeric_array' (168 of 213 tables)"}}
{"type":"LOG","log":{"level":"INFO","message":"INFO i.a.w.i.DefaultAirbyteStreamFactory(internalLog):159 INFO i.d.r.RelationalSnapshotChangeEventSource(doCreateDataEventsForTable):559 \t Finished exporting 0 records for table 'test.test_6_numeric_array' (168 of 213 tables); total duration '00:00:00.005'"}}
{"type":"LOG","log":{"level":"INFO","message":"INFO i.a.w.i.DefaultAirbyteStreamFactory(internalLog):159 INFO i.d.r.RelationalSnapshotChangeEventSource(doCreateDataEventsForTable):513 Exporting data from table 'test.test_7_numeric' (169 of 213 tables)"}}
{"type":"LOG","log":{"level":"INFO","message":"INFO i.a.w.i.DefaultAirbyteStreamFactory(internalLog):159 INFO i.d.r.RelationalSnapshotChangeEventSource(doCreateDataEventsForTable):559 \t Finished exporting 0 records for table 'test.test_7_numeric' (169 of 213 tables); total duration '00:00:00.003'"}}
{"type":"LOG","log":{"level":"INFO","message":"INFO i.a.w.i.DefaultAirbyteStreamFactory(internalLog):159 INFO i.d.r.RelationalSnapshotChangeEventSource(doCreateDataEventsForTable):513 Exporting data from table 'test.test_8_numeric' (170 of 213 tables)"}}
{"type":"LOG","log":{"level":"INFO","message":"INFO i.a.w.i.DefaultAirbyteStreamFactory(internalLog):159 INFO i.d.r.RelationalSnapshotChangeEventSource(doCreateDataEventsForTable):559 \t Finished exporting 0 records for table 'test.test_8_numeric' (170 of 213 tables); total duration '00:00:00.003'"}}
{"type":"LOG","log":{"level":"INFO","message":"INFO i.a.w.i.DefaultAirbyteStreamFactory(internalLog):159 INFO i.d.r.RelationalSnapshotChangeEventSource(doCreateDataEventsForTable):513 Exporting data from table 'test.test_9_numeric' (171 of 213 tables)"}}
{"type":"LOG","log":{"level":"INFO","message":"INFO i.a.w.i.DefaultAirbyteStreamFactory(internalLog):159 INFO i.d.r.RelationalSnapshotChangeEventSource(doCreateDataEventsForTable):559 \t Finished exporting 0 records for table 'test.test_9_numeric' (171 of 213 tables); total duration '00:00:00.003'"}}
{"type":"LOG","log":{"level":"INFO","message":"INFO i.a.w.i.DefaultAirbyteStreamFactory(internalLog):159 INFO i.d.r.RelationalSnapshotChangeEventSource(doCreateDataEventsForTable):513 Exporting data from table 'test.test_2_decimal' (172 of 213 tables)"}}
{"type":"LOG","log":{"level":"INFO","message":"INFO i.a.w.i.DefaultAirbyteStreamFactory(internalLog):159 INFO i.d.r.RelationalSnapshotChangeEventSource(doCreateDataEventsForTable):559 \t Finished exporting 0 records for table 'test.test_2_decimal' (172 of 213 tables); total duration '00:00:00.004'"}}
{"type":"LOG","log":{"level":"INFO","message":"INFO i.a.w.i.DefaultAirbyteStreamFactory(internalLog):159 INFO i.d.r.RelationalSnapshotChangeEventSource(doCreateDataEventsForTable):513 Exporting data from table 'test.test_10_numeric' (173 of 213 tables)"}}
{"type":"LOG","log":{"level":"INFO","message":"INFO i.a.w.i.DefaultAirbyteStreamFactory(internalLog):159 INFO i.d.r.RelationalSnapshotChangeEventSource(doCreateDataEventsForTable):559 \t Finished exporting 0 records for table 'test.test_10_numeric' (173 of 213 tables); total duration '00:00:00.004'"}}
{"type":"LOG","log":{"level":"INFO","message":"INFO i.a.w.i.DefaultAirbyteStreamFactory(internalLog):159 INFO i.d.r.RelationalSnapshotChangeEventSource(doCreateDataEventsForTable):513 Exporting data from table 'test.test_2_path' (174 of 213 tables)"}}
{"type":"LOG","log":{"level":"INFO","message":"INFO i.a.w.i.DefaultAirbyteStreamFactory(internalLog):159 INFO i.d.r.RelationalSnapshotChangeEventSource(doCreateDataEventsForTable):559 \t Finished exporting 0 records for table 'test.test_2_path' (174 of 213 tables); total duration '00:00:00.002'"}}
{"type":"LOG","log":{"level":"INFO","message":"INFO i.a.w.i.DefaultAirbyteStreamFactory(internalLog):159 INFO i.d.r.RelationalSnapshotChangeEventSource(doCreateDataEventsForTable):513 Exporting data from table 'test.test_2_pg_lsn' (175 of 213 tables)"}}
{"type":"LOG","log":{"level":"INFO","message":"INFO i.a.w.i.DefaultAirbyteStreamFactory(internalLog):159 INFO i.d.r.RelationalSnapshotChangeEventSource(doCreateDataEventsForTable):559 \t Finished exporting 0 records for table 'test.test_2_pg_lsn' (175 of 213 tables); total duration '00:00:00.003'"}}
{"type":"LOG","log":{"level":"INFO","message":"INFO i.a.w.i.DefaultAirbyteStreamFactory(internalLog):159 INFO i.d.r.RelationalSnapshotChangeEventSource(doCreateDataEventsForTable):513 Exporting data from table 'test.test_2_point' (176 of 213 tables)"}}
{"type":"LOG","log":{"level":"INFO","message":"INFO i.a.w.i.DefaultAirbyteStreamFactory(internalLog):159 INFO i.d.r.RelationalSnapshotChangeEventSource(doCreateDataEventsForTable):559 \t Finished exporting 0 records for table 'test.test_2_point' (176 of 213 tables); total duration '00:00:00.003'"}}
{"type":"LOG","log":{"level":"INFO","message":"INFO i.a.w.i.DefaultAirbyteStreamFactory(internalLog):159 INFO i.d.r.RelationalSnapshotChangeEventSource(doCreateDataEventsForTable):513 Exporting data from table 'test.test_2_polygon' (177 of 213 tables)"}}
{"type":"LOG","log":{"level":"INFO","message":"INFO i.a.w.i.DefaultAirbyteStreamFactory(internalLog):159 INFO i.d.r.RelationalSnapshotChangeEventSource(doCreateDataEventsForTable):559 \t Finished exporting 0 records for table 'test.test_2_polygon' (177 of 213 tables); total duration '00:00:00.005'"}}
{"type":"LOG","log":{"level":"INFO","message":"INFO i.a.w.i.DefaultAirbyteStreamFactory(internalLog):159 INFO i.d.r.RelationalSnapshotChangeEventSource(doCreateDataEventsForTable):513 Exporting data from table 'test.test_2_real' (178 of 213 tables)"}}
{"type":"LOG","log":{"level":"INFO","message":"INFO i.a.w.i.DefaultAirbyteStreamFactory(internalLog):159 INFO i.d.r.RelationalSnapshotChangeEventSource(doCreateDataEventsForTable):559 \t Finished exporting 0 records for table 'test.test_2_real' (178 of 213 tables); total duration '00:00:00.003'"}}
{"type":"LOG","log":{"level":"INFO","message":"INFO i.a.w.i.DefaultAirbyteStreamFactory(internalLog):159 INFO i.d.r.RelationalSnapshotChangeEventSource(doCreateDataEventsForTable):513 Exporting data from table 'test.test_2_smallint' (179 of 213 tables)"}}
{"type":"LOG","log":{"level":"INFO","message":"INFO i.a.w.i.DefaultAirbyteStreamFactory(internalLog):159 INFO i.d.r.RelationalSnapshotChangeEventSource(doCreateDataEventsForTable):559 \t Finished exporting 0 records for table 'test.test_2_smallint' (179 of 213 tables); total duration '00:00:00.004'"}}
{"type":"LOG","log":{"level":"INFO","message":"INFO i.a.w.i.DefaultAirbyteStreamFactory(internalLog):159 INFO i.d.r.RelationalSnapshotChangeEventSource(doCreateDataEventsForTable):513 Exporting data from table 'test.test_2_serial2' (180 of 213 tables)"}}
{"type":"LOG","log":{"level":"INFO","message":"INFO i.a.w.i.DefaultAirbyteStreamFactory(internalLog):159 INFO i.d.r.RelationalSnapshotChangeEventSource(doCreateDataEventsForTable):559 \t Finished exporting 0 records for table 'test.test_2_serial2' (180 of 213 tables); total duration '00:00:00.006'"}}
{"type":"LOG","log":{"level":"INFO","message":"INFO i.a.w.i.DefaultAirbyteStreamFactory(internalLog):159 INFO i.d.r.RelationalSnapshotChangeEventSource(doCreateDataEventsForTable):513 Exporting data from table 'test.test_2_smallserial' (181 of 213 tables)"}}
{"type":"LOG","log":{"level":"INFO","message":"INFO i.a.w.i.DefaultAirbyteStreamFactory(internalLog):159 INFO i.d.r.RelationalSnapshotChangeEventSource(doCreateDataEventsForTable):559 \t Finished exporting 0 records for table 'test.test_2_smallserial' (181 of 213 tables); total duration '00:00:00.003'"}}
{"type":"LOG","log":{"level":"INFO","message":"INFO i.a.w.i.DefaultAirbyteStreamFactory(internalLog):159 INFO i.d.r.RelationalSnapshotChangeEventSource(doCreateDataEventsForTable):513 Exporting data from table 'test.test_2_serial4' (182 of 213 tables)"}}
{"type":"LOG","log":{"level":"INFO","message":"INFO i.a.w.i.DefaultAirbyteStreamFactory(internalLog):159 INFO i.d.r.RelationalSnapshotChangeEventSource(doCreateDataEventsForTable):559 \t Finished exporting 0 records for table 'test.test_2_serial4' (182 of 213 tables); total duration '00:00:00.003'"}}
{"type":"LOG","log":{"level":"INFO","message":"INFO i.a.w.i.DefaultAirbyteStreamFactory(internalLog):159 INFO i.d.r.RelationalSnapshotChangeEventSource(doCreateDataEventsForTable):513 Exporting data from table 'test.test_2_serial' (183 of 213 tables)"}}
{"type":"LOG","log":{"level":"INFO","message":"INFO i.a.w.i.DefaultAirbyteStreamFactory(internalLog):159 INFO i.d.r.RelationalSnapshotChangeEventSource(doCreateDataEventsForTable):559 \t Finished exporting 0 records for table 'test.test_2_serial' (183 of 213 tables); total duration '00:00:00.002'"}}
{"type":"LOG","log":{"level":"INFO","message":"INFO i.a.w.i.DefaultAirbyteStreamFactory(internalLog):159 INFO i.d.r.RelationalSnapshotChangeEventSource(doCreateDataEventsForTable):513 Exporting data from table 'test.test_6_time' (184 of 213 tables)"}}
{"type":"LOG","log":{"level":"INFO","message":"INFO i.a.w.i.DefaultAirbyteStreamFactory(internalLog):159 INFO i.d.r.RelationalSnapshotChangeEventSource(doCreateDataEventsForTable):559 \t Finished exporting 0 records for table 'test.test_6_time' (184 of 213 tables); total duration '00:00:00.004'"}}
{"type":"LOG","log":{"level":"INFO","message":"INFO i.a.w.i.DefaultAirbyteStreamFactory(internalLog):159 INFO i.d.r.RelationalSnapshotChangeEventSource(doCreateDataEventsForTable):513 Exporting data from table 'test.test_7_time' (185 of 213 tables)"}}
{"type":"LOG","log":{"level":"INFO","message":"INFO i.a.w.i.DefaultAirbyteStreamFactory(internalLog):159 INFO i.d.r.RelationalSnapshotChangeEventSource(doCreateDataEventsForTable):559 \t Finished exporting 0 records for table 'test.test_7_time' (185 of 213 tables); total duration '00:00:00.007'"}}
{"type":"LOG","log":{"level":"INFO","message":"INFO i.a.w.i.DefaultAirbyteStreamFactory(internalLog):159 INFO i.d.r.RelationalSnapshotChangeEventSource(doCreateDataEventsForTable):513 Exporting data from table 'test.test_8_time' (186 of 213 tables)"}}
{"type":"LOG","log":{"level":"INFO","message":"INFO i.a.w.i.DefaultAirbyteStreamFactory(internalLog):159 INFO i.d.r.RelationalSnapshotChangeEventSource(doCreateDataEventsForTable):559 \t Finished exporting 0 records for table 'test.test_8_time' (186 of 213 tables); total duration '00:00:00.005'"}}
{"type":"LOG","log":{"level":"INFO","message":"INFO i.a.w.i.DefaultAirbyteStreamFactory(internalLog):159 INFO i.d.r.RelationalSnapshotChangeEventSource(doCreateDataEventsForTable):513 Exporting data from table 'test.test_9_time' (187 of 213 tables)"}}
{"type":"LOG","log":{"level":"INFO","message":"INFO i.a.w.i.DefaultAirbyteStreamFactory(internalLog):159 INFO i.d.r.RelationalSnapshotChangeEventSource(doCreateDataEventsForTable):559 \t Finished exporting 0 records for table 'test.test_9_time' (187 of 213 tables); total duration '00:00:00.004'"}}
{"type":"LOG","log":{"level":"INFO","message":"INFO i.a.w.i.DefaultAirbyteStreamFactory(internalLog):159 INFO i.d.r.RelationalSnapshotChangeEventSource(doCreateDataEventsForTable):513 Exporting data from table 'test.test_9_timestamp' (188 of 213 tables)"}}
{"type":"LOG","log":{"level":"INFO","message":"INFO i.a.w.i.DefaultAirbyteStreamFactory(internalLog):159 INFO i.d.r.RelationalSnapshotChangeEventSource(doCreateDataEventsForTable):559 \t Finished exporting 0 records for table 'test.test_9_timestamp' (188 of 213 tables); total duration '00:00:00.003'"}}
{"type":"LOG","log":{"level":"INFO","message":"INFO i.a.w.i.DefaultAirbyteStreamFactory(internalLog):159 INFO i.d.r.RelationalSnapshotChangeEventSource(doCreateDataEventsForTable):513 Exporting data from table 'test.test_10_time' (189 of 213 tables)"}}
{"type":"LOG","log":{"level":"INFO","message":"INFO i.a.w.i.DefaultAirbyteStreamFactory(internalLog):159 INFO i.d.r.RelationalSnapshotChangeEventSource(doCreateDataEventsForTable):559 \t Finished exporting 0 records for table 'test.test_10_time' (189 of 213 tables); total duration '00:00:00.003'"}}
{"type":"LOG","log":{"level":"INFO","message":"INFO i.a.w.i.DefaultAirbyteStreamFactory(internalLog):159 INFO i.d.r.RelationalSnapshotChangeEventSource(doCreateDataEventsForTable):513 Exporting data from table 'test.test_10_timestamp' (190 of 213 tables)"}}
{"type":"LOG","log":{"level":"INFO","message":"INFO i.a.w.i.DefaultAirbyteStreamFactory(internalLog):159 INFO i.d.r.RelationalSnapshotChangeEventSource(doCreateDataEventsForTable):559 \t Finished exporting 0 records for table 'test.test_10_timestamp' (190 of 213 tables); total duration '00:00:00.003'"}}
{"type":"LOG","log":{"level":"INFO","message":"INFO i.a.w.i.DefaultAirbyteStreamFactory(internalLog):159 INFO i.d.r.RelationalSnapshotChangeEventSource(doCreateDataEventsForTable):513 Exporting data from table 'test.test_11_timestamp' (191 of 213 tables)"}}
{"type":"LOG","log":{"level":"INFO","message":"INFO i.a.w.i.DefaultAirbyteStreamFactory(internalLog):159 INFO i.d.r.RelationalSnapshotChangeEventSource(doCreateDataEventsForTable):559 \t Finished exporting 0 records for table 'test.test_11_timestamp' (191 of 213 tables); total duration '00:00:00.003'"}}
{"type":"LOG","log":{"level":"INFO","message":"INFO i.a.w.i.DefaultAirbyteStreamFactory(internalLog):159 INFO i.d.r.RelationalSnapshotChangeEventSource(doCreateDataEventsForTable):513 Exporting data from table 'test.test_12_timestamp' (192 of 213 tables)"}}
{"type":"LOG","log":{"level":"INFO","message":"INFO i.a.w.i.DefaultAirbyteStreamFactory(internalLog):159 INFO i.d.r.RelationalSnapshotChangeEventSource(doCreateDataEventsForTable):559 \t Finished exporting 0 records for table 'test.test_12_timestamp' (192 of 213 tables); total duration '00:00:00.004'"}}
{"type":"LOG","log":{"level":"INFO","message":"INFO i.a.w.i.DefaultAirbyteStreamFactory(internalLog):159 INFO i.d.r.RelationalSnapshotChangeEventSource(doCreateDataEventsForTable):513 Exporting data from table 'test.test_13_timestamp' (193 of 213 tables)"}}
{"type":"LOG","log":{"level":"INFO","message":"INFO i.a.w.i.DefaultAirbyteStreamFactory(internalLog):159 INFO i.d.r.RelationalSnapshotChangeEventSource(doCreateDataEventsForTable):559 \t Finished exporting 0 records for table 'test.test_13_timestamp' (193 of 213 tables); total duration '00:00:00.003'"}}
{"type":"LOG","log":{"level":"INFO","message":"INFO i.a.w.i.DefaultAirbyteStreamFactory(internalLog):159 INFO i.d.r.RelationalSnapshotChangeEventSource(doCreateDataEventsForTable):513 Exporting data from table 'test.test_14_timestamp' (194 of 213 tables)"}}
{"type":"LOG","log":{"level":"INFO","message":"INFO i.a.w.i.DefaultAirbyteStreamFactory(internalLog):159 INFO i.d.r.RelationalSnapshotChangeEventSource(doCreateDataEventsForTable):559 \t Finished exporting 0 records for table 'test.test_14_timestamp' (194 of 213 tables); total duration '00:00:00.004'"}}
{"type":"LOG","log":{"level":"INFO","message":"INFO i.a.w.i.DefaultAirbyteStreamFactory(internalLog):159 INFO i.d.r.RelationalSnapshotChangeEventSource(doCreateDataEventsForTable):513 Exporting data from table 'test.test_15_timestamp' (195 of 213 tables)"}}
{"type":"LOG","log":{"level":"INFO","message":"INFO i.a.w.i.DefaultAirbyteStreamFactory(internalLog):159 INFO i.d.r.RelationalSnapshotChangeEventSource(doCreateDataEventsForTable):559 \t Finished exporting 0 records for table 'test.test_15_timestamp' (195 of 213 tables); total duration '00:00:00.003'"}}
{"type":"LOG","log":{"level":"INFO","message":"INFO i.a.w.i.DefaultAirbyteStreamFactory(internalLog):159 INFO i.d.r.RelationalSnapshotChangeEventSource(doCreateDataEventsForTable):513 Exporting data from table 'test.test_16_timestamp' (196 of 213 tables)"}}
{"type":"LOG","log":{"level":"INFO","message":"INFO i.a.w.i.DefaultAirbyteStreamFactory(internalLog):159 INFO i.d.r.RelationalSnapshotChangeEventSource(doCreateDataEventsForTable):559 \t Finished exporting 0 records for table 'test.test_16_timestamp' (196 of 213 tables); total duration '00:00:00.004'"}}
{"type":"LOG","log":{"level":"INFO","message":"INFO i.a.w.i.DefaultAirbyteStreamFactory(internalLog):159 INFO i.d.r.RelationalSnapshotChangeEventSource(doCreateDataEventsForTable):513 Exporting data from table 'test.test_2_tsquery' (197 of 213 tables)"}}
{"type":"LOG","log":{"level":"INFO","message":"INFO i.a.w.i.DefaultAirbyteStreamFactory(internalLog):159 INFO i.d.r.RelationalSnapshotChangeEventSource(doCreateDataEventsForTable):559 \t Finished exporting 0 records for table 'test.test_2_tsquery' (197 of 213 tables); total duration '00:00:00.003'"}}
{"type":"LOG","log":{"level":"INFO","message":"INFO i.a.w.i.DefaultAirbyteStreamFactory(internalLog):159 INFO i.d.r.RelationalSnapshotChangeEventSource(doCreateDataEventsForTable):513 Exporting data from table 'test.test_2_tsvector' (198 of 213 tables)"}}
{"type":"LOG","log":{"level":"INFO","message":"INFO i.a.w.i.DefaultAirbyteStreamFactory(internalLog):159 INFO i.d.r.RelationalSnapshotChangeEventSource(doCreateDataEventsForTable):559 \t Finished exporting 0 records for table 'test.test_2_tsvector' (198 of 213 tables); total duration '00:00:00.003'"}}
{"type":"LOG","log":{"level":"INFO","message":"INFO i.a.w.i.DefaultAirbyteStreamFactory(internalLog):159 INFO i.d.r.RelationalSnapshotChangeEventSource(doCreateDataEventsForTable):513 Exporting data from table 'test.test_2_uuid' (199 of 213 tables)"}}
{"type":"LOG","log":{"level":"INFO","message":"INFO i.a.w.i.DefaultAirbyteStreamFactory(internalLog):159 INFO i.d.r.RelationalSnapshotChangeEventSource(doCreateDataEventsForTable):559 \t Finished exporting 0 records for table 'test.test_2_uuid' (199 of 213 tables); total duration '00:00:00.004'"}}
{"type":"LOG","log":{"level":"INFO","message":"INFO i.a.w.i.DefaultAirbyteStreamFactory(internalLog):159 INFO i.d.r.RelationalSnapshotChangeEventSource(doCreateDataEventsForTable):513 Exporting data from table 'test.test_2_xml' (200 of 213 tables)"}}
{"type":"LOG","log":{"level":"INFO","message":"INFO i.a.w.i.DefaultAirbyteStreamFactory(internalLog):159 INFO i.d.r.RelationalSnapshotChangeEventSource(doCreateDataEventsForTable):559 \t Finished exporting 0 records for table 'test.test_2_xml' (200 of 213 tables); total duration '00:00:00.004'"}}
{"type":"LOG","log":{"level":"INFO","message":"INFO i.a.w.i.DefaultAirbyteStreamFactory(internalLog):159 INFO i.d.r.RelationalSnapshotChangeEventSource(doCreateDataEventsForTable):513 Exporting data from table 'test.test_2_mood' (201 of 213 tables)"}}
{"type":"LOG","log":{"level":"INFO","message":"INFO i.a.w.i.DefaultAirbyteStreamFactory(internalLog):159 INFO i.d.r.RelationalSnapshotChangeEventSource(doCreateDataEventsForTable):559 \t Finished exporting 0 records for table 'test.test_2_mood' (201 of 213 tables); total duration '00:00:00.003'"}}
{"type":"LOG","log":{"level":"INFO","message":"INFO i.a.w.i.DefaultAirbyteStreamFactory(internalLog):159 INFO i.d.r.RelationalSnapshotChangeEventSource(doCreateDataEventsForTable):513 Exporting data from table 'test.test_2_tsrange' (202 of 213 tables)"}}
{"type":"LOG","log":{"level":"INFO","message":"INFO i.a.w.i.DefaultAirbyteStreamFactory(internalLog):159 INFO i.d.r.RelationalSnapshotChangeEventSource(doCreateDataEventsForTable):559 \t Finished exporting 0 records for table 'test.test_2_tsrange' (202 of 213 tables); total duration '00:00:00.003'"}}
{"type":"LOG","log":{"level":"INFO","message":"INFO i.a.w.i.DefaultAirbyteStreamFactory(internalLog):159 INFO i.d.r.RelationalSnapshotChangeEventSource(doCreateDataEventsForTable):513 Exporting data from table 'test.test_2_inventory_item' (203 of 213 tables)"}}
{"type":"LOG","log":{"level":"INFO","message":"INFO i.a.w.i.DefaultAirbyteStreamFactory(internalLog):159 INFO i.d.r.RelationalSnapshotChangeEventSource(doCreateDataEventsForTable):559 \t Finished exporting 0 records for table 'test.test_2_inventory_item' (203 of 213 tables); total duration '00:00:00.003'"}}
{"type":"LOG","log":{"level":"INFO","message":"INFO i.a.w.i.DefaultAirbyteStreamFactory(internalLog):159 INFO i.d.r.RelationalSnapshotChangeEventSource(doCreateDataEventsForTable):513 Exporting data from table 'test.test_2_hstore' (204 of 213 tables)"}}
{"type":"LOG","log":{"level":"INFO","message":"INFO i.a.w.i.DefaultAirbyteStreamFactory(internalLog):159 INFO i.d.r.RelationalSnapshotChangeEventSource(doCreateDataEventsForTable):559 \t Finished exporting 0 records for table 'test.test_2_hstore' (204 of 213 tables); total duration '00:00:00.003'"}}
{"type":"LOG","log":{"level":"INFO","message":"INFO i.a.w.i.DefaultAirbyteStreamFactory(internalLog):159 INFO i.d.r.RelationalSnapshotChangeEventSource(doCreateDataEventsForTable):513 Exporting data from table 'test.test_2_oid_array' (205 of 213 tables)"}}
{"type":"LOG","log":{"level":"INFO","message":"INFO i.a.w.i.DefaultAirbyteStreamFactory(internalLog):159 INFO i.d.r.RelationalSnapshotChangeEventSource(doCreateDataEventsForTable):559 \t Finished exporting 0 records for table 'test.test_2_oid_array' (205 of 213 tables); total duration '00:00:00.003'"}}
{"type":"LOG","log":{"level":"INFO","message":"INFO i.a.w.i.DefaultAirbyteStreamFactory(internalLog):159 INFO i.d.r.RelationalSnapshotChangeEventSource(doCreateDataEventsForTable):513 Exporting data from table 'test.test_2_bpchar_array' (206 of 213 tables)"}}
{"type":"LOG","log":{"level":"INFO","message":"INFO i.a.w.i.DefaultAirbyteStreamFactory(internalLog):159 INFO i.d.r.RelationalSnapshotChangeEventSource(doCreateDataEventsForTable):559 \t Finished exporting 0 records for table 'test.test_2_bpchar_array' (206 of 213 tables); total duration '00:00:00.004'"}}
{"type":"LOG","log":{"level":"INFO","message":"INFO i.a.w.i.DefaultAirbyteStreamFactory(internalLog):159 INFO i.d.r.RelationalSnapshotChangeEventSource(doCreateDataEventsForTable):513 Exporting data from table 'test.test_2_name_array' (207 of 213 tables)"}}
{"type":"LOG","log":{"level":"INFO","message":"INFO i.a.w.i.DefaultAirbyteStreamFactory(internalLog):159 INFO i.d.r.RelationalSnapshotChangeEventSource(doCreateDataEventsForTable):559 \t Finished exporting 0 records for table 'test.test_2_name_array' (207 of 213 tables); total duration '00:00:00.004'"}}
{"type":"LOG","log":{"level":"INFO","message":"INFO i.a.w.i.DefaultAirbyteStreamFactory(internalLog):159 INFO i.d.r.RelationalSnapshotChangeEventSource(doCreateDataEventsForTable):513 Exporting data from table 'test.test_4_decimal_array' (208 of 213 tables)"}}
{"type":"LOG","log":{"level":"INFO","message":"INFO i.a.w.i.DefaultAirbyteStreamFactory(internalLog):159 INFO i.d.r.RelationalSnapshotChangeEventSource(doCreateDataEventsForTable):559 \t Finished exporting 0 records for table 'test.test_4_decimal_array' (208 of 213 tables); total duration '00:00:00.004'"}}
{"type":"LOG","log":{"level":"INFO","message":"INFO i.a.w.i.DefaultAirbyteStreamFactory(internalLog):159 INFO i.d.r.RelationalSnapshotChangeEventSource(doCreateDataEventsForTable):513 Exporting data from table 'test.test_5_decimal_array' (209 of 213 tables)"}}
{"type":"LOG","log":{"level":"INFO","message":"INFO i.a.w.i.DefaultAirbyteStreamFactory(internalLog):159 INFO i.d.r.RelationalSnapshotChangeEventSource(doCreateDataEventsForTable):559 \t Finished exporting 0 records for table 'test.test_5_decimal_array' (209 of 213 tables); total duration '00:00:00.003'"}}
{"type":"LOG","log":{"level":"INFO","message":"INFO i.a.w.i.DefaultAirbyteStreamFactory(internalLog):159 INFO i.d.r.RelationalSnapshotChangeEventSource(doCreateDataEventsForTable):513 Exporting data from table 'test.test_6_decimal_array' (210 of 213 tables)"}}
{"type":"LOG","log":{"level":"INFO","message":"INFO i.a.w.i.DefaultAirbyteStreamFactory(internalLog):159 INFO i.d.r.RelationalSnapshotChangeEventSource(doCreateDataEventsForTable):559 \t Finished exporting 0 records for table 'test.test_6_decimal_array' (210 of 213 tables); total duration '00:00:00.003'"}}
{"type":"LOG","log":{"level":"INFO","message":"INFO i.a.w.i.DefaultAirbyteStreamFactory(internalLog):159 INFO i.d.r.RelationalSnapshotChangeEventSource(doCreateDataEventsForTable):513 Exporting data from table 'test.test_2_money_array' (211 of 213 tables)"}}
{"type":"LOG","log":{"level":"INFO","message":"INFO i.a.w.i.DefaultAirbyteStreamFactory(internalLog):159 INFO i.d.r.RelationalSnapshotChangeEventSource(doCreateDataEventsForTable):559 \t Finished exporting 0 records for table 'test.test_2_money_array' (211 of 213 tables); total duration '00:00:00.003'"}}
{"type":"LOG","log":{"level":"INFO","message":"INFO i.a.w.i.DefaultAirbyteStreamFactory(internalLog):159 INFO i.d.r.RelationalSnapshotChangeEventSource(doCreateDataEventsForTable):513 Exporting data from table 'test.test_2_money' (212 of 213 tables)"}}
{"type":"LOG","log":{"level":"INFO","message":"INFO i.a.w.i.DefaultAirbyteStreamFactory(internalLog):159 INFO i.d.r.RelationalSnapshotChangeEventSource(doCreateDataEventsForTable):559 \t Finished exporting 0 records for table 'test.test_2_money' (212 of 213 tables); total duration '00:00:00.003'"}}
{"type":"LOG","log":{"level":"INFO","message":"INFO i.a.w.i.DefaultAirbyteStreamFactory(internalLog):159 INFO i.d.r.RelationalSnapshotChangeEventSource(doCreateDataEventsForTable):513 Exporting data from table 'test.random_dummy_table' (213 of 213 tables)"}}
{"type":"LOG","log":{"level":"INFO","message":"INFO i.a.w.i.DefaultAirbyteStreamFactory(internalLog):159 INFO i.d.r.RelationalSnapshotChangeEventSource(doCreateDataEventsForTable):559 \t Finished exporting 1 records for table 'test.random_dummy_table' (213 of 213 tables); total duration '00:00:00.019'"}}
{"type":"LOG","log":{"level":"INFO","message":"INFO i.a.w.i.DefaultAirbyteStreamFactory(internalLog):159 INFO i.d.p.s.AbstractSnapshotChangeEventSource(execute):88 Snapshot - Final stage"}}
{"type":"LOG","log":{"level":"INFO","message":"INFO i.a.w.i.DefaultAirbyteStreamFactory(internalLog):159 INFO i.d.p.s.AbstractSnapshotChangeEventSource(execute):92 Snapshot completed"}}
{"type":"LOG","log":{"level":"INFO","message":"INFO i.a.w.i.DefaultAirbyteStreamFactory(internalLog):159 INFO i.d.p.ChangeEventSourceCoordinator(doSnapshot):156 Snapshot ended with SnapshotResult [status=COMPLETED, offset=PostgresOffsetContext [sourceInfoSchema=Schema{io.debezium.connector.postgresql.Source:STRUCT}, sourceInfo=source_info[server='test'db='test', lsn=LSN{0/1AADC18}, txId=954, timestamp=2023-05-20T14:41:26.731411Z, snapshot=FALSE, schema=test, table=random_dummy_table], lastSnapshotRecord=true, lastCompletelyProcessedLsn=null, lastCommitLsn=null, streamingStoppingLsn=null, transactionContext=TransactionContext [currentTransactionId=null, perTableEventCount={}, totalEventCount=0], incrementalSnapshotContext=IncrementalSnapshotContext [windowOpened=false, chunkEndPosition=null, dataCollectionsToSnapshot=[], lastEventKeySent=null, maximumKey=null]]]"}}
{"type":"LOG","log":{"level":"INFO","message":"INFO i.a.w.i.DefaultAirbyteStreamFactory(internalLog):159 INFO i.d.p.ChangeEventSourceCoordinator(streamingConnected):240 Connected metrics set to 'true'"}}
{"type":"LOG","log":{"level":"INFO","message":"INFO i.a.w.i.DefaultAirbyteStreamFactory(internalLog):159 INFO i.d.c.c.BaseSourceTask(logStatistics):195 2 records sent during previous 00:00:07.224, last recorded offset of {server=test} partition is {transaction_id=null, lsn=27974680, txId=954, ts_usec=1684593686731411}"}}
{"type":"LOG","log":{"level":"INFO","message":"INFO i.a.w.i.DefaultAirbyteStreamFactory(internalLog):159 INFO i.a.i.d.i.p.PostgresCdcTargetPosition(reachedTargetPosition):61 Signalling close because Snapshot is complete"}}
{"type":"LOG","log":{"level":"INFO","message":"INFO i.a.w.i.DefaultAirbyteStreamFactory(internalLog):159 INFO i.a.i.d.i.DebeziumRecordIterator(requestClose):208 Closing: Change event reached target position"}}
{"type":"LOG","log":{"level":"INFO","message":"INFO i.a.w.i.DefaultAirbyteStreamFactory(internalLog):159 INFO i.d.e.EmbeddedEngine(stop):1146 Stopping the embedded engine"}}
{"type":"LOG","log":{"level":"INFO","message":"INFO i.a.w.i.DefaultAirbyteStreamFactory(internalLog):159 INFO i.d.e.EmbeddedEngine(stop):1153 Waiting for PT5M for connector to stop"}}
{"type":"LOG","log":{"level":"INFO","message":"INFO i.a.w.i.DefaultAirbyteStreamFactory(internalLog):159 INFO i.d.e.EmbeddedEngine(run):944 Stopping the task and engine"}}
{"type":"LOG","log":{"level":"INFO","message":"INFO i.a.w.i.DefaultAirbyteStreamFactory(internalLog):159 INFO i.d.c.c.BaseSourceTask(stop):278 Stopping down connector"}}
{"type":"LOG","log":{"level":"INFO","message":"INFO i.a.w.i.DefaultAirbyteStreamFactory(internalLog):159 INFO i.d.c.p.PostgresSchema(printReplicaIdentityInfo):100 REPLICA IDENTITY for 'test.test_8_time' is 'DEFAULT'; UPDATE and DELETE events will contain previous values only for PK columns"}}
{"type":"LOG","log":{"level":"INFO","message":"INFO i.a.w.i.DefaultAirbyteStreamFactory(internalLog):159 INFO i.d.c.p.PostgresSchema(printReplicaIdentityInfo):100 REPLICA IDENTITY for 'test.test_8_timestamp' is 'DEFAULT'; UPDATE and DELETE events will contain previous values only for PK columns"}}
{"type":"LOG","log":{"level":"INFO","message":"INFO i.a.w.i.DefaultAirbyteStreamFactory(internalLog):159 INFO i.d.c.p.PostgresSchema(printReplicaIdentityInfo):100 REPLICA IDENTITY for 'test.test_3_char' is 'DEFAULT'; UPDATE and DELETE events will contain previous values only for PK columns"}}
{"type":"LOG","log":{"level":"INFO","message":"INFO i.a.w.i.DefaultAirbyteStreamFactory(internalLog):159 INFO i.d.c.p.PostgresSchema(printReplicaIdentityInfo):100 REPLICA IDENTITY for 'test.test_2_char_array' is 'DEFAULT'; UPDATE and DELETE events will contain previous values only for PK columns"}}
{"type":"LOG","log":{"level":"INFO","message":"INFO i.a.w.i.DefaultAirbyteStreamFactory(internalLog):159 INFO i.d.c.p.PostgresSchema(printReplicaIdentityInfo):100 REPLICA IDENTITY for 'test.test_7_numeric' is 'DEFAULT'; UPDATE and DELETE events will contain previous values only for PK columns"}}
{"type":"LOG","log":{"level":"INFO","message":"INFO i.a.w.i.DefaultAirbyteStreamFactory(internalLog):159 INFO i.d.c.p.PostgresSchema(printReplicaIdentityInfo):100 REPLICA IDENTITY for 'test.test_1_timetz_array' is 'DEFAULT'; UPDATE and DELETE events will contain previous values only for PK columns"}}
{"type":"LOG","log":{"level":"INFO","message":"INFO i.a.w.i.DefaultAirbyteStreamFactory(internalLog):159 INFO i.d.c.p.PostgresSchema(printReplicaIdentityInfo):100 REPLICA IDENTITY for 'test.test_2_varchar_array' is 'DEFAULT'; UPDATE and DELETE events will contain previous values only for PK columns"}}
{"type":"LOG","log":{"level":"INFO","message":"INFO i.a.w.i.DefaultAirbyteStreamFactory(internalLog):159 INFO i.d.c.p.PostgresSchema(printReplicaIdentityInfo):100 REPLICA IDENTITY for 'test.test_1_circle' is 'DEFAULT'; UPDATE and DELETE events will contain previous values only for PK columns"}}
{"type":"LOG","log":{"level":"INFO","message":"INFO i.a.w.i.DefaultAirbyteStreamFactory(internalLog):159 INFO i.d.c.p.PostgresSchema(printReplicaIdentityInfo):100 REPLICA IDENTITY for 'test.test_2_money' is 'DEFAULT'; UPDATE and DELETE events will contain previous values only for PK columns"}}
{"type":"LOG","log":{"level":"INFO","message":"INFO i.a.w.i.DefaultAirbyteStreamFactory(internalLog):159 INFO i.d.c.p.PostgresSchema(printReplicaIdentityInfo):100 REPLICA IDENTITY for 'test.test_1_tsquery' is 'DEFAULT'; UPDATE and DELETE events will contain previous values only for PK columns"}}
{"type":"LOG","log":{"level":"INFO","message":"INFO i.a.w.i.DefaultAirbyteStreamFactory(internalLog):159 INFO i.d.c.p.PostgresSchema(printReplicaIdentityInfo):100 REPLICA IDENTITY for 'test.test_1_float4_array' is 'DEFAULT'; UPDATE and DELETE events will contain previous values only for PK columns"}}
{"type":"LOG","log":{"level":"INFO","message":"INFO i.a.w.i.DefaultAirbyteStreamFactory(internalLog):159 INFO i.d.c.p.PostgresSchema(printReplicaIdentityInfo):100 REPLICA IDENTITY for 'test.test_1_text' is 'DEFAULT'; UPDATE and DELETE events will contain previous values only for PK columns"}}
{"type":"LOG","log":{"level":"INFO","message":"INFO i.a.w.i.DefaultAirbyteStreamFactory(internalLog):159 INFO i.d.c.p.PostgresSchema(printReplicaIdentityInfo):100 REPLICA IDENTITY for 'test.test_2_numeric_array' is 'DEFAULT'; UPDATE and DELETE events will contain previous values only for PK columns"}}
{"type":"LOG","log":{"level":"INFO","message":"INFO i.a.w.i.DefaultAirbyteStreamFactory(internalLog):159 INFO i.d.c.p.PostgresSchema(printReplicaIdentityInfo):100 REPLICA IDENTITY for 'test.test_2_date_array' is 'DEFAULT'; UPDATE and DELETE events will contain previous values only for PK columns"}}
{"type":"LOG","log":{"level":"INFO","message":"INFO i.a.w.i.DefaultAirbyteStreamFactory(internalLog):159 INFO i.d.c.p.PostgresSchema(printReplicaIdentityInfo):100 REPLICA IDENTITY for 'test.test_2_bytea' is 'DEFAULT'; UPDATE and DELETE events will contain previous values only for PK columns"}}
{"type":"LOG","log":{"level":"INFO","message":"INFO i.a.w.i.DefaultAirbyteStreamFactory(internalLog):159 INFO i.d.c.p.PostgresSchema(printReplicaIdentityInfo):100 REPLICA IDENTITY for 'test.test_2_path' is 'DEFAULT'; UPDATE and DELETE events will contain previous values only for PK columns"}}
{"type":"LOG","log":{"level":"INFO","message":"INFO i.a.w.i.DefaultAirbyteStreamFactory(internalLog):159 INFO i.d.c.p.PostgresSchema(printReplicaIdentityInfo):100 REPLICA IDENTITY for 'test.test_2_int2' is 'DEFAULT'; UPDATE and DELETE events will contain previous values only for PK columns"}}
{"type":"LOG","log":{"level":"INFO","message":"INFO i.a.w.i.DefaultAirbyteStreamFactory(internalLog):159 INFO i.d.c.p.PostgresSchema(printReplicaIdentityInfo):100 REPLICA IDENTITY for 'test.test_1_serial' is 'DEFAULT'; UPDATE and DELETE events will contain previous values only for PK columns"}}
{"type":"LOG","log":{"level":"INFO","message":"INFO i.a.w.i.DefaultAirbyteStreamFactory(internalLog):159 INFO i.d.c.p.PostgresSchema(printReplicaIdentityInfo):100 REPLICA IDENTITY for 'test.test_2_int4' is 'DEFAULT'; UPDATE and DELETE events will contain previous values only for PK columns"}}
{"type":"LOG","log":{"level":"INFO","message":"INFO i.a.w.i.DefaultAirbyteStreamFactory(internalLog):159 INFO i.d.c.p.PostgresSchema(printReplicaIdentityInfo):100 REPLICA IDENTITY for 'test.test_7_timestamp' is 'DEFAULT'; UPDATE and DELETE events will contain previous values only for PK columns"}}
{"type":"LOG","log":{"level":"INFO","message":"INFO i.a.w.i.DefaultAirbyteStreamFactory(internalLog):159 INFO i.d.c.p.PostgresSchema(printReplicaIdentityInfo):100 REPLICA IDENTITY for 'test.test_5_date' is 'DEFAULT'; UPDATE and DELETE events will contain previous values only for PK columns"}}
{"type":"LOG","log":{"level":"INFO","message":"INFO i.a.w.i.DefaultAirbyteStreamFactory(internalLog):159 INFO i.d.c.p.PostgresSchema(printReplicaIdentityInfo):100 REPLICA IDENTITY for 'test.test_2_bool_array' is 'DEFAULT'; UPDATE and DELETE events will contain previous values only for PK columns"}}
{"type":"LOG","log":{"level":"INFO","message":"INFO i.a.w.i.DefaultAirbyteStreamFactory(internalLog):159 INFO i.d.c.p.PostgresSchema(printReplicaIdentityInfo):100 REPLICA IDENTITY for 'test.test_3_decimal_array' is 'DEFAULT'; UPDATE and DELETE events will contain previous values only for PK columns"}}
{"type":"LOG","log":{"level":"INFO","message":"INFO i.a.w.i.DefaultAirbyteStreamFactory(internalLog):159 INFO i.d.c.p.PostgresSchema(printReplicaIdentityInfo):100 REPLICA IDENTITY for 'test.test_13_timestamp' is 'DEFAULT'; UPDATE and DELETE events will contain previous values only for PK columns"}}
{"type":"LOG","log":{"level":"INFO","message":"INFO i.a.w.i.DefaultAirbyteStreamFactory(internalLog):159 INFO i.d.c.p.PostgresSchema(printReplicaIdentityInfo):100 REPLICA IDENTITY for 'test.test_2_timetz_array' is 'DEFAULT'; UPDATE and DELETE events will contain previous values only for PK columns"}}
{"type":"LOG","log":{"level":"INFO","message":"INFO i.a.w.i.DefaultAirbyteStreamFactory(internalLog):159 INFO i.d.c.p.PostgresSchema(printReplicaIdentityInfo):100 REPLICA IDENTITY for 'test.test_1_text_array' is 'DEFAULT'; UPDATE and DELETE events will contain previous values only for PK columns"}}
{"type":"LOG","log":{"level":"INFO","message":"INFO i.a.w.i.DefaultAirbyteStreamFactory(internalLog):159 INFO i.d.c.p.PostgresSchema(printReplicaIdentityInfo):100 REPLICA IDENTITY for 'test.test_1_bigserial' is 'DEFAULT'; UPDATE and DELETE events will contain previous values only for PK columns"}}
{"type":"LOG","log":{"level":"INFO","message":"INFO i.a.w.i.DefaultAirbyteStreamFactory(internalLog):159 INFO i.d.c.p.PostgresSchema(printReplicaIdentityInfo):100 REPLICA IDENTITY for 'test.test_1_serial2' is 'DEFAULT'; UPDATE and DELETE events will contain previous values only for PK columns"}}
{"type":"LOG","log":{"level":"INFO","message":"INFO i.a.w.i.DefaultAirbyteStreamFactory(internalLog):159 INFO i.d.c.p.PostgresSchema(printReplicaIdentityInfo):100 REPLICA IDENTITY for 'test.test_2_bit' is 'DEFAULT'; UPDATE and DELETE events will contain previous values only for PK columns"}}
{"type":"LOG","log":{"level":"INFO","message":"INFO i.a.w.i.DefaultAirbyteStreamFactory(internalLog):159 INFO i.d.c.p.PostgresSchema(printReplicaIdentityInfo):100 REPLICA IDENTITY for 'test.test_1_bool' is 'DEFAULT'; UPDATE and DELETE events will contain previous values only for PK columns"}}
{"type":"LOG","log":{"level":"INFO","message":"INFO i.a.w.i.DefaultAirbyteStreamFactory(internalLog):159 INFO i.d.c.p.PostgresSchema(printReplicaIdentityInfo):100 REPLICA IDENTITY for 'test.test_2_numeric' is 'DEFAULT'; UPDATE and DELETE events will contain previous values only for PK columns"}}
{"type":"LOG","log":{"level":"INFO","message":"INFO i.a.w.i.DefaultAirbyteStreamFactory(internalLog):159 INFO i.d.c.p.PostgresSchema(printReplicaIdentityInfo):100 REPLICA IDENTITY for 'test.test_1_mood' is 'DEFAULT'; UPDATE and DELETE events will contain previous values only for PK columns"}}
{"type":"LOG","log":{"level":"INFO","message":"INFO i.a.w.i.DefaultAirbyteStreamFactory(internalLog):159 INFO i.d.c.p.PostgresSchema(printReplicaIdentityInfo):100 REPLICA IDENTITY for 'test.test_2_time_array' is 'DEFAULT'; UPDATE and DELETE events will contain previous values only for PK columns"}}
{"type":"LOG","log":{"level":"INFO","message":"INFO i.a.w.i.DefaultAirbyteStreamFactory(internalLog):159 INFO i.d.c.p.PostgresSchema(printReplicaIdentityInfo):100 REPLICA IDENTITY for 'test.test_1_integer' is 'DEFAULT'; UPDATE and DELETE events will contain previous values only for PK columns"}}
{"type":"LOG","log":{"level":"INFO","message":"INFO i.a.w.i.DefaultAirbyteStreamFactory(internalLog):159 INFO i.d.c.p.PostgresSchema(printReplicaIdentityInfo):100 REPLICA IDENTITY for 'test.test_2_int8_array' is 'DEFAULT'; UPDATE and DELETE events will contain previous values only for PK columns"}}
{"type":"LOG","log":{"level":"INFO","message":"INFO i.a.w.i.DefaultAirbyteStreamFactory(internalLog):159 INFO i.d.c.p.PostgresSchema(printReplicaIdentityInfo):100 REPLICA IDENTITY for 'test.test_6_timestamp' is 'DEFAULT'; UPDATE and DELETE events will contain previous values only for PK columns"}}
{"type":"LOG","log":{"level":"INFO","message":"INFO i.a.w.i.DefaultAirbyteStreamFactory(internalLog):159 INFO i.d.c.p.PostgresSchema(printReplicaIdentityInfo):100 REPLICA IDENTITY for 'test.test_4_decimal_array' is 'DEFAULT'; UPDATE and DELETE events will contain previous values only for PK columns"}}
{"type":"LOG","log":{"level":"INFO","message":"INFO i.a.w.i.DefaultAirbyteStreamFactory(internalLog):159 INFO i.d.c.p.PostgresSchema(printReplicaIdentityInfo):100 REPLICA IDENTITY for 'test.test_3_timetz' is 'DEFAULT'; UPDATE and DELETE events will contain previous values only for PK columns"}}
{"type":"LOG","log":{"level":"INFO","message":"INFO i.a.w.i.DefaultAirbyteStreamFactory(internalLog):159 INFO i.d.c.p.PostgresSchema(printReplicaIdentityInfo):100 REPLICA IDENTITY for 'test.test_2_float4_array' is 'DEFAULT'; UPDATE and DELETE events will contain previous values only for PK columns"}}
{"type":"LOG","log":{"level":"INFO","message":"INFO i.a.w.i.DefaultAirbyteStreamFactory(internalLog):159 INFO i.d.c.p.PostgresSchema(printReplicaIdentityInfo):100 REPLICA IDENTITY for 'test.test_1_oid_array' is 'DEFAULT'; UPDATE and DELETE events will contain previous values only for PK columns"}}
{"type":"LOG","log":{"level":"INFO","message":"INFO i.a.w.i.DefaultAirbyteStreamFactory(internalLog):159 INFO i.d.c.p.PostgresSchema(printReplicaIdentityInfo):100 REPLICA IDENTITY for 'test.test_2_inet' is 'DEFAULT'; UPDATE and DELETE events will contain previous values only for PK columns"}}
{"type":"LOG","log":{"level":"INFO","message":"INFO i.a.w.i.DefaultAirbyteStreamFactory(internalLog):159 INFO i.d.c.p.PostgresSchema(printReplicaIdentityInfo):100 REPLICA IDENTITY for 'test.test_1_json' is 'DEFAULT'; UPDATE and DELETE events will contain previous values only for PK columns"}}
{"type":"LOG","log":{"level":"INFO","message":"INFO i.a.w.i.DefaultAirbyteStreamFactory(internalLog):159 INFO i.d.c.p.PostgresSchema(printReplicaIdentityInfo):100 REPLICA IDENTITY for 'test.test_1_name_array' is 'DEFAULT'; UPDATE and DELETE events will contain previous values only for PK columns"}}
{"type":"LOG","log":{"level":"INFO","message":"INFO i.a.w.i.DefaultAirbyteStreamFactory(internalLog):159 INFO i.d.c.p.PostgresSchema(printReplicaIdentityInfo):100 REPLICA IDENTITY for 'test.test_1_interval' is 'DEFAULT'; UPDATE and DELETE events will contain previous values only for PK columns"}}
{"type":"LOG","log":{"level":"INFO","message":"INFO i.a.w.i.DefaultAirbyteStreamFactory(internalLog):159 INFO i.d.c.p.PostgresSchema(printReplicaIdentityInfo):100 REPLICA IDENTITY for 'test.test_1_tsrange' is 'DEFAULT'; UPDATE and DELETE events will contain previous values only for PK columns"}}
{"type":"LOG","log":{"level":"INFO","message":"INFO i.a.w.i.DefaultAirbyteStreamFactory(internalLog):159 INFO i.d.c.p.PostgresSchema(printReplicaIdentityInfo):100 REPLICA IDENTITY for 'test.test_9_timestamp' is 'DEFAULT'; UPDATE and DELETE events will contain previous values only for PK columns"}}
{"type":"LOG","log":{"level":"INFO","message":"INFO i.a.w.i.DefaultAirbyteStreamFactory(internalLog):159 INFO i.d.c.p.PostgresSchema(printReplicaIdentityInfo):100 REPLICA IDENTITY for 'test.test_2_lseg' is 'DEFAULT'; UPDATE and DELETE events will contain previous values only for PK columns"}}
{"type":"LOG","log":{"level":"INFO","message":"INFO i.a.w.i.DefaultAirbyteStreamFactory(internalLog):159 INFO i.d.c.p.PostgresSchema(printReplicaIdentityInfo):100 REPLICA IDENTITY for 'test.test_1_varchar' is 'DEFAULT'; UPDATE and DELETE events will contain previous values only for PK columns"}}
{"type":"LOG","log":{"level":"INFO","message":"INFO i.a.w.i.DefaultAirbyteStreamFactory(internalLog):159 INFO i.d.c.p.PostgresSchema(printReplicaIdentityInfo):100 REPLICA IDENTITY for 'test.test_4_varchar' is 'DEFAULT'; UPDATE and DELETE events will contain previous values only for PK columns"}}
{"type":"LOG","log":{"level":"INFO","message":"INFO i.a.w.i.DefaultAirbyteStreamFactory(internalLog):159 INFO i.d.c.p.PostgresSchema(printReplicaIdentityInfo):100 REPLICA IDENTITY for 'test.test_14_timestamp' is 'DEFAULT'; UPDATE and DELETE events will contain previous values only for PK columns"}}
{"type":"LOG","log":{"level":"INFO","message":"INFO i.a.w.i.DefaultAirbyteStreamFactory(internalLog):159 INFO i.d.c.p.PostgresSchema(printReplicaIdentityInfo):100 REPLICA IDENTITY for 'test.test_1_macaddr' is 'DEFAULT'; UPDATE and DELETE events will contain previous values only for PK columns"}}
{"type":"LOG","log":{"level":"INFO","message":"INFO i.a.w.i.DefaultAirbyteStreamFactory(internalLog):159 INFO i.d.c.p.PostgresSchema(printReplicaIdentityInfo):100 REPLICA IDENTITY for 'test.test_1_int2_array' is 'DEFAULT'; UPDATE and DELETE events will contain previous values only for PK columns"}}
{"type":"LOG","log":{"level":"INFO","message":"INFO i.a.w.i.DefaultAirbyteStreamFactory(internalLog):159 INFO i.d.c.p.PostgresSchema(printReplicaIdentityInfo):100 REPLICA IDENTITY for 'test.test_1_boolean' is 'DEFAULT'; UPDATE and DELETE events will contain previous values only for PK columns"}}
{"type":"LOG","log":{"level":"INFO","message":"INFO i.a.w.i.DefaultAirbyteStreamFactory(internalLog):159 INFO i.d.c.p.PostgresSchema(printReplicaIdentityInfo):100 REPLICA IDENTITY for 'test.test_2_float' is 'DEFAULT'; UPDATE and DELETE events will contain previous values only for PK columns"}}
{"type":"LOG","log":{"level":"INFO","message":"INFO i.a.w.i.DefaultAirbyteStreamFactory(internalLog):159 INFO i.d.c.p.PostgresSchema(printReplicaIdentityInfo):100 REPLICA IDENTITY for 'test.test_1_time' is 'DEFAULT'; UPDATE and DELETE events will contain previous values only for PK columns"}}
{"type":"LOG","log":{"level":"INFO","message":"INFO i.a.w.i.DefaultAirbyteStreamFactory(internalLog):159 INFO i.d.c.p.PostgresSchema(printReplicaIdentityInfo):100 REPLICA IDENTITY for 'test.test_4_time' is 'DEFAULT'; UPDATE and DELETE events will contain previous values only for PK columns"}}
{"type":"LOG","log":{"level":"INFO","message":"INFO i.a.w.i.DefaultAirbyteStreamFactory(internalLog):159 INFO i.d.c.p.PostgresSchema(printReplicaIdentityInfo):100 REPLICA IDENTITY for 'test.test_1_int8_array' is 'DEFAULT'; UPDATE and DELETE events will contain previous values only for PK columns"}}
{"type":"LOG","log":{"level":"INFO","message":"INFO i.a.w.i.DefaultAirbyteStreamFactory(internalLog):159 INFO i.d.c.p.PostgresSchema(printReplicaIdentityInfo):100 REPLICA IDENTITY for 'test.test_1_serial4' is 'DEFAULT'; UPDATE and DELETE events will contain previous values only for PK columns"}}
{"type":"LOG","log":{"level":"INFO","message":"INFO i.a.w.i.DefaultAirbyteStreamFactory(internalLog):159 INFO i.d.c.p.PostgresSchema(printReplicaIdentityInfo):100 REPLICA IDENTITY for 'test.test_11_timestamp' is 'DEFAULT'; UPDATE and DELETE events will contain previous values only for PK columns"}}
{"type":"LOG","log":{"level":"INFO","message":"INFO i.a.w.i.DefaultAirbyteStreamFactory(internalLog):159 INFO i.d.c.p.PostgresSchema(printReplicaIdentityInfo):100 REPLICA IDENTITY for 'test.test_1_date' is 'DEFAULT'; UPDATE and DELETE events will contain previous values only for PK columns"}}
{"type":"LOG","log":{"level":"INFO","message":"INFO i.a.w.i.DefaultAirbyteStreamFactory(internalLog):159 INFO i.d.c.p.PostgresSchema(printReplicaIdentityInfo):100 REPLICA IDENTITY for 'test.test_2_text_array' is 'DEFAULT'; UPDATE and DELETE events will contain previous values only for PK columns"}}
{"type":"LOG","log":{"level":"INFO","message":"INFO i.a.w.i.DefaultAirbyteStreamFactory(internalLog):159 INFO i.d.c.p.PostgresSchema(printReplicaIdentityInfo):100 REPLICA IDENTITY for 'test.test_2_time' is 'DEFAULT'; UPDATE and DELETE events will contain previous values only for PK columns"}}
{"type":"LOG","log":{"level":"INFO","message":"INFO i.a.w.i.DefaultAirbyteStreamFactory(internalLog):159 INFO i.d.c.p.PostgresSchema(printReplicaIdentityInfo):100 REPLICA IDENTITY for 'test.test_2_interval' is 'DEFAULT'; UPDATE and DELETE events will contain previous values only for PK columns"}}
{"type":"LOG","log":{"level":"INFO","message":"INFO i.a.w.i.DefaultAirbyteStreamFactory(internalLog):159 INFO i.d.c.p.PostgresSchema(printReplicaIdentityInfo):100 REPLICA IDENTITY for 'test.test_2_bit_varying' is 'DEFAULT'; UPDATE and DELETE events will contain previous values only for PK columns"}}
{"type":"LOG","log":{"level":"INFO","message":"INFO i.a.w.i.DefaultAirbyteStreamFactory(internalLog):159 INFO i.d.c.p.PostgresSchema(printReplicaIdentityInfo):100 REPLICA IDENTITY for 'test.test_1_numeric' is 'DEFAULT'; UPDATE and DELETE events will contain previous values only for PK columns"}}
{"type":"LOG","log":{"level":"INFO","message":"INFO i.a.w.i.DefaultAirbyteStreamFactory(internalLog):159 INFO i.d.c.p.PostgresSchema(printReplicaIdentityInfo):100 REPLICA IDENTITY for 'test.test_1_uuid' is 'DEFAULT'; UPDATE and DELETE events will contain previous values only for PK columns"}}
{"type":"LOG","log":{"level":"INFO","message":"INFO i.a.w.i.DefaultAirbyteStreamFactory(internalLog):159 INFO i.d.c.p.PostgresSchema(printReplicaIdentityInfo):100 REPLICA IDENTITY for 'test.test_4_bit_varying' is 'DEFAULT'; UPDATE and DELETE events will contain previous values only for PK columns"}}
{"type":"LOG","log":{"level":"INFO","message":"INFO i.a.w.i.DefaultAirbyteStreamFactory(internalLog):159 INFO i.d.c.p.PostgresSchema(printReplicaIdentityInfo):100 REPLICA IDENTITY for 'test.test_3_time' is 'DEFAULT'; UPDATE and DELETE events will contain previous values only for PK columns"}}
{"type":"LOG","log":{"level":"INFO","message":"INFO i.a.w.i.DefaultAirbyteStreamFactory(internalLog):159 INFO i.d.c.p.PostgresSchema(printReplicaIdentityInfo):100 REPLICA IDENTITY for 'test.test_1_bool_array' is 'DEFAULT'; UPDATE and DELETE events will contain previous values only for PK columns"}}
{"type":"LOG","log":{"level":"INFO","message":"INFO i.a.w.i.DefaultAirbyteStreamFactory(internalLog):159 INFO i.d.c.p.PostgresSchema(printReplicaIdentityInfo):100 REPLICA IDENTITY for 'test.test_2_bytea_array' is 'DEFAULT'; UPDATE and DELETE events will contain previous values only for PK columns"}}
{"type":"LOG","log":{"level":"INFO","message":"INFO i.a.w.i.DefaultAirbyteStreamFactory(internalLog):159 INFO i.d.c.p.PostgresSchema(printReplicaIdentityInfo):100 REPLICA IDENTITY for 'test.test_1_int4_array' is 'DEFAULT'; UPDATE and DELETE events will contain previous values only for PK columns"}}
{"type":"LOG","log":{"level":"INFO","message":"INFO i.a.w.i.DefaultAirbyteStreamFactory(internalLog):159 INFO i.d.c.p.PostgresSchema(printReplicaIdentityInfo):100 REPLICA IDENTITY for 'test.test_3_varchar' is 'DEFAULT'; UPDATE and DELETE events will contain previous values only for PK columns"}}
{"type":"LOG","log":{"level":"INFO","message":"INFO i.a.w.i.DefaultAirbyteStreamFactory(internalLog):159 INFO i.d.c.p.PostgresSchema(printReplicaIdentityInfo):100 REPLICA IDENTITY for 'test.test_1_varchar_array' is 'DEFAULT'; UPDATE and DELETE events will contain previous values only for PK columns"}}
{"type":"LOG","log":{"level":"INFO","message":"INFO i.a.w.i.DefaultAirbyteStreamFactory(internalLog):159 INFO i.d.c.p.PostgresSchema(printReplicaIdentityInfo):100 REPLICA IDENTITY for 'test.test_3_numeric_array' is 'DEFAULT'; UPDATE and DELETE events will contain previous values only for PK columns"}}
{"type":"LOG","log":{"level":"INFO","message":"INFO i.a.w.i.DefaultAirbyteStreamFactory(internalLog):159 INFO i.d.c.p.PostgresSchema(printReplicaIdentityInfo):100 REPLICA IDENTITY for 'test.test_1_real' is 'DEFAULT'; UPDATE and DELETE events will contain previous values only for PK columns"}}
{"type":"LOG","log":{"level":"INFO","message":"INFO i.a.w.i.DefaultAirbyteStreamFactory(internalLog):159 INFO i.d.c.p.PostgresSchema(printReplicaIdentityInfo):100 REPLICA IDENTITY for 'test.test_1_money' is 'DEFAULT'; UPDATE and DELETE events will contain previous values only for PK columns"}}
{"type":"LOG","log":{"level":"INFO","message":"INFO i.a.w.i.DefaultAirbyteStreamFactory(internalLog):159 INFO i.d.c.p.PostgresSchema(printReplicaIdentityInfo):100 REPLICA IDENTITY for 'test.test_2_name_array' is 'DEFAULT'; UPDATE and DELETE events will contain previous values only for PK columns"}}
{"type":"LOG","log":{"level":"INFO","message":"INFO i.a.w.i.DefaultAirbyteStreamFactory(internalLog):159 INFO i.d.c.p.PostgresSchema(printReplicaIdentityInfo):100 REPLICA IDENTITY for 'test.test_1_bit_array' is 'DEFAULT'; UPDATE and DELETE events will contain previous values only for PK columns"}}
{"type":"LOG","log":{"level":"INFO","message":"INFO i.a.w.i.DefaultAirbyteStreamFactory(internalLog):159 INFO i.d.c.p.PostgresSchema(printReplicaIdentityInfo):100 REPLICA IDENTITY for 'test.test_1_pg_lsn' is 'DEFAULT'; UPDATE and DELETE events will contain previous values only for PK columns"}}
{"type":"LOG","log":{"level":"INFO","message":"INFO i.a.w.i.DefaultAirbyteStreamFactory(internalLog):159 INFO i.d.c.p.PostgresSchema(printReplicaIdentityInfo):100 REPLICA IDENTITY for 'test.test_2_boolean' is 'DEFAULT'; UPDATE and DELETE events will contain previous values only for PK columns"}}
{"type":"LOG","log":{"level":"INFO","message":"INFO i.a.w.i.DefaultAirbyteStreamFactory(internalLog):159 INFO i.d.c.p.PostgresSchema(printReplicaIdentityInfo):100 REPLICA IDENTITY for 'test.test_1_jsonb' is 'DEFAULT'; UPDATE and DELETE events will contain previous values only for PK columns"}}
{"type":"LOG","log":{"level":"INFO","message":"INFO i.a.w.i.DefaultAirbyteStreamFactory(internalLog):159 INFO i.d.c.p.PostgresSchema(printReplicaIdentityInfo):100 REPLICA IDENTITY for 'test.test_2_integer' is 'DEFAULT'; UPDATE and DELETE events will contain previous values only for PK columns"}}
{"type":"LOG","log":{"level":"INFO","message":"INFO i.a.w.i.DefaultAirbyteStreamFactory(internalLog):159 INFO i.d.c.p.PostgresSchema(printReplicaIdentityInfo):100 REPLICA IDENTITY for 'test.test_3_timestamp' is 'DEFAULT'; UPDATE and DELETE events will contain previous values only for PK columns"}}
{"type":"LOG","log":{"level":"INFO","message":"INFO i.a.w.i.DefaultAirbyteStreamFactory(internalLog):159 INFO i.d.c.p.PostgresSchema(printReplicaIdentityInfo):100 REPLICA IDENTITY for 'test.test_1_decimal' is 'DEFAULT'; UPDATE and DELETE events will contain previous values only for PK columns"}}
{"type":"LOG","log":{"level":"INFO","message":"INFO i.a.w.i.DefaultAirbyteStreamFactory(internalLog):159 INFO i.d.c.p.PostgresSchema(printReplicaIdentityInfo):100 REPLICA IDENTITY for 'test.test_4_numeric' is 'DEFAULT'; UPDATE and DELETE events will contain previous values only for PK columns"}}
{"type":"LOG","log":{"level":"INFO","message":"INFO i.a.w.i.DefaultAirbyteStreamFactory(internalLog):159 INFO i.d.c.p.PostgresSchema(printReplicaIdentityInfo):100 REPLICA IDENTITY for 'test.test_2_money_array' is 'DEFAULT'; UPDATE and DELETE events will contain previous values only for PK columns"}}
{"type":"LOG","log":{"level":"INFO","message":"INFO i.a.w.i.DefaultAirbyteStreamFactory(internalLog):159 INFO i.d.c.p.PostgresSchema(printReplicaIdentityInfo):100 REPLICA IDENTITY for 'test.test_1_smallserial' is 'DEFAULT'; UPDATE and DELETE events will contain previous values only for PK columns"}}
{"type":"LOG","log":{"level":"INFO","message":"INFO i.a.w.i.DefaultAirbyteStreamFactory(internalLog):159 INFO i.d.c.p.PostgresSchema(printReplicaIdentityInfo):100 REPLICA IDENTITY for 'test.test_4_timetz' is 'DEFAULT'; UPDATE and DELETE events will contain previous values only for PK columns"}}
{"type":"LOG","log":{"level":"INFO","message":"INFO i.a.w.i.DefaultAirbyteStreamFactory(internalLog):159 INFO i.d.c.p.PostgresSchema(printReplicaIdentityInfo):100 REPLICA IDENTITY for 'test.test_1_date_array' is 'DEFAULT'; UPDATE and DELETE events will contain previous values only for PK columns"}}
{"type":"LOG","log":{"level":"INFO","message":"INFO i.a.w.i.DefaultAirbyteStreamFactory(internalLog):159 INFO i.d.c.p.PostgresSchema(printReplicaIdentityInfo):100 REPLICA IDENTITY for 'test.test_12_timestamp' is 'DEFAULT'; UPDATE and DELETE events will contain previous values only for PK columns"}}
{"type":"LOG","log":{"level":"INFO","message":"INFO i.a.w.i.DefaultAirbyteStreamFactory(internalLog):159 INFO i.d.c.p.PostgresSchema(printReplicaIdentityInfo):100 REPLICA IDENTITY for 'test.test_2_float8' is 'DEFAULT'; UPDATE and DELETE events will contain previous values only for PK columns"}}
{"type":"LOG","log":{"level":"INFO","message":"INFO i.a.w.i.DefaultAirbyteStreamFactory(internalLog):159 INFO i.d.c.p.PostgresSchema(printReplicaIdentityInfo):100 REPLICA IDENTITY for 'test.test_1_timetz' is 'DEFAULT'; UPDATE and DELETE events will contain previous values only for PK columns"}}
{"type":"LOG","log":{"level":"INFO","message":"INFO i.a.w.i.DefaultAirbyteStreamFactory(internalLog):159 INFO i.d.c.p.PostgresSchema(printReplicaIdentityInfo):100 REPLICA IDENTITY for 'test.test_2_bpchar_array' is 'DEFAULT'; UPDATE and DELETE events will contain previous values only for PK columns"}}
{"type":"LOG","log":{"level":"INFO","message":"INFO i.a.w.i.DefaultAirbyteStreamFactory(internalLog):159 INFO i.d.c.p.PostgresSchema(printReplicaIdentityInfo):100 REPLICA IDENTITY for 'test.test_2_jsonb' is 'DEFAULT'; UPDATE and DELETE events will contain previous values only for PK columns"}}
{"type":"LOG","log":{"level":"INFO","message":"INFO i.a.w.i.DefaultAirbyteStreamFactory(internalLog):159 INFO i.d.c.p.PostgresSchema(printReplicaIdentityInfo):100 REPLICA IDENTITY for 'test.test_2_tsvector' is 'DEFAULT'; UPDATE and DELETE events will contain previous values only for PK columns"}}
{"type":"LOG","log":{"level":"INFO","message":"INFO i.a.w.i.DefaultAirbyteStreamFactory(internalLog):159 INFO i.d.c.p.PostgresSchema(printReplicaIdentityInfo):100 REPLICA IDENTITY for 'test.test_2_bit_array' is 'DEFAULT'; UPDATE and DELETE events will contain previous values only for PK columns"}}
{"type":"LOG","log":{"level":"INFO","message":"INFO i.a.w.i.DefaultAirbyteStreamFactory(internalLog):159 INFO i.d.c.p.PostgresSchema(printReplicaIdentityInfo):100 REPLICA IDENTITY for 'test.test_2_float4' is 'DEFAULT'; UPDATE and DELETE events will contain previous values only for PK columns"}}
{"type":"LOG","log":{"level":"INFO","message":"INFO i.a.w.i.DefaultAirbyteStreamFactory(internalLog):159 INFO i.d.c.p.PostgresSchema(printReplicaIdentityInfo):100 REPLICA IDENTITY for 'test.test_1_cidr' is 'DEFAULT'; UPDATE and DELETE events will contain previous values only for PK columns"}}
{"type":"LOG","log":{"level":"INFO","message":"INFO i.a.w.i.DefaultAirbyteStreamFactory(internalLog):159 INFO i.d.c.p.PostgresSchema(printReplicaIdentityInfo):100 REPLICA IDENTITY for 'test.test_2_timestamp_array' is 'DEFAULT'; UPDATE and DELETE events will contain previous values only for PK columns"}}
{"type":"LOG","log":{"level":"INFO","message":"INFO i.a.w.i.DefaultAirbyteStreamFactory(internalLog):159 INFO i.d.c.p.PostgresSchema(printReplicaIdentityInfo):100 REPLICA IDENTITY for 'test.test_2_hstore' is 'DEFAULT'; UPDATE and DELETE events will contain previous values only for PK columns"}}
{"type":"LOG","log":{"level":"INFO","message":"INFO i.a.w.i.DefaultAirbyteStreamFactory(internalLog):159 INFO i.d.c.p.PostgresSchema(printReplicaIdentityInfo):100 REPLICA IDENTITY for 'test.test_2_timestamptz_array' is 'DEFAULT'; UPDATE and DELETE events will contain previous values only for PK columns"}}
{"type":"LOG","log":{"level":"INFO","message":"INFO i.a.w.i.DefaultAirbyteStreamFactory(internalLog):159 INFO i.d.c.p.PostgresSchema(printReplicaIdentityInfo):100 REPLICA IDENTITY for 'test.test_2_json' is 'DEFAULT'; UPDATE and DELETE events will contain previous values only for PK columns"}}
{"type":"LOG","log":{"level":"INFO","message":"INFO i.a.w.i.DefaultAirbyteStreamFactory(internalLog):159 INFO i.d.c.p.PostgresSchema(printReplicaIdentityInfo):100 REPLICA IDENTITY for 'test.test_2_timestamp' is 'DEFAULT'; UPDATE and DELETE events will contain previous values only for PK columns"}}
{"type":"LOG","log":{"level":"INFO","message":"INFO i.a.w.i.DefaultAirbyteStreamFactory(internalLog):159 INFO i.d.c.p.PostgresSchema(printReplicaIdentityInfo):100 REPLICA IDENTITY for 'test.test_1_bigint' is 'DEFAULT'; UPDATE and DELETE events will contain previous values only for PK columns"}}
{"type":"LOG","log":{"level":"INFO","message":"INFO i.a.w.i.DefaultAirbyteStreamFactory(internalLog):159 INFO i.d.c.p.PostgresSchema(printReplicaIdentityInfo):100 REPLICA IDENTITY for 'test.test_2_bool' is 'DEFAULT'; UPDATE and DELETE events will contain previous values only for PK columns"}}
{"type":"LOG","log":{"level":"INFO","message":"INFO i.a.w.i.DefaultAirbyteStreamFactory(internalLog):159 INFO i.d.c.p.PostgresSchema(printReplicaIdentityInfo):100 REPLICA IDENTITY for 'test.test_2_macaddr8' is 'DEFAULT'; UPDATE and DELETE events will contain previous values only for PK columns"}}
{"type":"LOG","log":{"level":"INFO","message":"INFO i.a.w.i.DefaultAirbyteStreamFactory(internalLog):159 INFO i.d.c.p.PostgresSchema(printReplicaIdentityInfo):100 REPLICA IDENTITY for 'test.test_2_oid_array' is 'DEFAULT'; UPDATE and DELETE events will contain previous values only for PK columns"}}
{"type":"LOG","log":{"level":"INFO","message":"INFO i.a.w.i.DefaultAirbyteStreamFactory(internalLog):159 INFO i.d.c.p.PostgresSchema(printReplicaIdentityInfo):100 REPLICA IDENTITY for 'test.test_1_bit' is 'DEFAULT'; UPDATE and DELETE events will contain previous values only for PK columns"}}
{"type":"LOG","log":{"level":"INFO","message":"INFO i.a.w.i.DefaultAirbyteStreamFactory(internalLog):159 INFO i.d.c.p.PostgresSchema(printReplicaIdentityInfo):100 REPLICA IDENTITY for 'test.test_2_mood' is 'DEFAULT'; UPDATE and DELETE events will contain previous values only for PK columns"}}
{"type":"LOG","log":{"level":"INFO","message":"INFO i.a.w.i.DefaultAirbyteStreamFactory(internalLog):159 INFO i.d.c.p.PostgresSchema(printReplicaIdentityInfo):100 REPLICA IDENTITY for 'test.test_1_polygon' is 'DEFAULT'; UPDATE and DELETE events will contain previous values only for PK columns"}}
{"type":"LOG","log":{"level":"INFO","message":"INFO i.a.w.i.DefaultAirbyteStreamFactory(internalLog):159 INFO i.d.c.p.PostgresSchema(printReplicaIdentityInfo):100 REPLICA IDENTITY for 'test.test_1_char' is 'DEFAULT'; UPDATE and DELETE events will contain previous values only for PK columns"}}
{"type":"LOG","log":{"level":"INFO","message":"INFO i.a.w.i.DefaultAirbyteStreamFactory(internalLog):159 INFO i.d.c.p.PostgresSchema(printReplicaIdentityInfo):100 REPLICA IDENTITY for 'test.test_6_date' is 'DEFAULT'; UPDATE and DELETE events will contain previous values only for PK columns"}}
{"type":"LOG","log":{"level":"INFO","message":"INFO i.a.w.i.DefaultAirbyteStreamFactory(internalLog):159 INFO i.d.c.p.PostgresSchema(printReplicaIdentityInfo):100 REPLICA IDENTITY for 'test.test_2_double_precision' is 'DEFAULT'; UPDATE and DELETE events will contain previous values only for PK columns"}}
{"type":"LOG","log":{"level":"INFO","message":"INFO i.a.w.i.DefaultAirbyteStreamFactory(internalLog):159 INFO i.d.c.p.PostgresSchema(printReplicaIdentityInfo):100 REPLICA IDENTITY for 'test.test_1_numeric_array' is 'DEFAULT'; UPDATE and DELETE events will contain previous values only for PK columns"}}
{"type":"LOG","log":{"level":"INFO","message":"INFO i.a.w.i.DefaultAirbyteStreamFactory(internalLog):159 INFO i.d.c.p.PostgresSchema(printReplicaIdentityInfo):100 REPLICA IDENTITY for 'test.test_2_box' is 'DEFAULT'; UPDATE and DELETE events will contain previous values only for PK columns"}}
{"type":"LOG","log":{"level":"INFO","message":"INFO i.a.w.i.DefaultAirbyteStreamFactory(internalLog):159 INFO i.d.c.p.PostgresSchema(printReplicaIdentityInfo):100 REPLICA IDENTITY for 'test.test_2_inventory_item' is 'DEFAULT'; UPDATE and DELETE events will contain previous values only for PK columns"}}
{"type":"LOG","log":{"level":"INFO","message":"INFO i.a.w.i.DefaultAirbyteStreamFactory(internalLog):159 INFO i.d.c.p.PostgresSchema(printReplicaIdentityInfo):100 REPLICA IDENTITY for 'test.test_1_timestamp' is 'DEFAULT'; UPDATE and DELETE events will contain previous values only for PK columns"}}
{"type":"LOG","log":{"level":"INFO","message":"INFO i.a.w.i.DefaultAirbyteStreamFactory(internalLog):159 INFO i.d.c.p.PostgresSchema(printReplicaIdentityInfo):100 REPLICA IDENTITY for 'test.test_2_circle' is 'DEFAULT'; UPDATE and DELETE events will contain previous values only for PK columns"}}
{"type":"LOG","log":{"level":"INFO","message":"INFO i.a.w.i.DefaultAirbyteStreamFactory(internalLog):159 INFO i.d.c.p.PostgresSchema(printReplicaIdentityInfo):100 REPLICA IDENTITY for 'test.test_3_timestamptz' is 'DEFAULT'; UPDATE and DELETE events will contain previous values only for PK columns"}}
{"type":"LOG","log":{"level":"INFO","message":"INFO i.a.w.i.DefaultAirbyteStreamFactory(internalLog):159 INFO i.d.c.p.PostgresSchema(printReplicaIdentityInfo):100 REPLICA IDENTITY for 'test.test_1_int2' is 'DEFAULT'; UPDATE and DELETE events will contain previous values only for PK columns"}}
{"type":"LOG","log":{"level":"INFO","message":"INFO i.a.w.i.DefaultAirbyteStreamFactory(internalLog):159 INFO i.d.c.p.PostgresSchema(printReplicaIdentityInfo):100 REPLICA IDENTITY for 'test.test_1_int4' is 'DEFAULT'; UPDATE and DELETE events will contain previous values only for PK columns"}}
{"type":"LOG","log":{"level":"INFO","message":"INFO i.a.w.i.DefaultAirbyteStreamFactory(internalLog):159 INFO i.d.c.p.PostgresSchema(printReplicaIdentityInfo):100 REPLICA IDENTITY for 'test.test_2_timestamptz' is 'DEFAULT'; UPDATE and DELETE events will contain previous values only for PK columns"}}
{"type":"LOG","log":{"level":"INFO","message":"INFO i.a.w.i.DefaultAirbyteStreamFactory(internalLog):159 INFO i.d.c.p.PostgresSchema(printReplicaIdentityInfo):100 REPLICA IDENTITY for 'test.test_1_timestamptz' is 'DEFAULT'; UPDATE and DELETE events will contain previous values only for PK columns"}}
{"type":"LOG","log":{"level":"INFO","message":"INFO i.a.w.i.DefaultAirbyteStreamFactory(internalLog):159 INFO i.d.c.p.PostgresSchema(printReplicaIdentityInfo):100 REPLICA IDENTITY for 'test.test_2_char' is 'DEFAULT'; UPDATE and DELETE events will contain previous values only for PK columns"}}
{"type":"LOG","log":{"level":"INFO","message":"INFO i.a.w.i.DefaultAirbyteStreamFactory(internalLog):159 INFO i.d.c.p.PostgresSchema(printReplicaIdentityInfo):100 REPLICA IDENTITY for 'test.test_1_path' is 'DEFAULT'; UPDATE and DELETE events will contain previous values only for PK columns"}}
{"type":"LOG","log":{"level":"INFO","message":"INFO i.a.w.i.DefaultAirbyteStreamFactory(internalLog):159 INFO i.d.c.p.PostgresSchema(printReplicaIdentityInfo):100 REPLICA IDENTITY for 'test.test_1_bpchar_array' is 'DEFAULT'; UPDATE and DELETE events will contain previous values only for PK columns"}}
{"type":"LOG","log":{"level":"INFO","message":"INFO i.a.w.i.DefaultAirbyteStreamFactory(internalLog):159 INFO i.d.c.p.PostgresSchema(printReplicaIdentityInfo):100 REPLICA IDENTITY for 'test.test_2_character' is 'DEFAULT'; UPDATE and DELETE events will contain previous values only for PK columns"}}
{"type":"LOG","log":{"level":"INFO","message":"INFO i.a.w.i.DefaultAirbyteStreamFactory(internalLog):159 INFO i.d.c.p.PostgresSchema(printReplicaIdentityInfo):100 REPLICA IDENTITY for 'test.test_3_numeric' is 'DEFAULT'; UPDATE and DELETE events will contain previous values only for PK columns"}}
{"type":"LOG","log":{"level":"INFO","message":"INFO i.a.w.i.DefaultAirbyteStreamFactory(internalLog):159 INFO i.d.c.p.PostgresSchema(printReplicaIdentityInfo):100 REPLICA IDENTITY for 'test.test_9_time' is 'DEFAULT'; UPDATE and DELETE events will contain previous values only for PK columns"}}
{"type":"LOG","log":{"level":"INFO","message":"INFO i.a.w.i.DefaultAirbyteStreamFactory(internalLog):159 INFO i.d.c.p.PostgresSchema(printReplicaIdentityInfo):100 REPLICA IDENTITY for 'test.test_2_varchar' is 'DEFAULT'; UPDATE and DELETE events will contain previous values only for PK columns"}}
{"type":"LOG","log":{"level":"INFO","message":"INFO i.a.w.i.DefaultAirbyteStreamFactory(internalLog):159 INFO i.d.c.p.PostgresSchema(printReplicaIdentityInfo):100 REPLICA IDENTITY for 'test.test_2_text' is 'DEFAULT'; UPDATE and DELETE events will contain previous values only for PK columns"}}
{"type":"LOG","log":{"level":"INFO","message":"INFO i.a.w.i.DefaultAirbyteStreamFactory(internalLog):159 INFO i.d.c.p.PostgresSchema(printReplicaIdentityInfo):100 REPLICA IDENTITY for 'test.test_2_bigint' is 'DEFAULT'; UPDATE and DELETE events will contain previous values only for PK columns"}}
{"type":"LOG","log":{"level":"INFO","message":"INFO i.a.w.i.DefaultAirbyteStreamFactory(internalLog):159 INFO i.d.c.p.PostgresSchema(printReplicaIdentityInfo):100 REPLICA IDENTITY for 'test.test_1_tsvector' is 'DEFAULT'; UPDATE and DELETE events will contain previous values only for PK columns"}}
{"type":"LOG","log":{"level":"INFO","message":"INFO i.a.w.i.DefaultAirbyteStreamFactory(internalLog):159 INFO i.d.c.p.PostgresSchema(printReplicaIdentityInfo):100 REPLICA IDENTITY for 'test.test_2_polygon' is 'DEFAULT'; UPDATE and DELETE events will contain previous values only for PK columns"}}
{"type":"LOG","log":{"level":"INFO","message":"INFO i.a.w.i.DefaultAirbyteStreamFactory(internalLog):159 INFO i.d.c.p.PostgresSchema(printReplicaIdentityInfo):100 REPLICA IDENTITY for 'test.random_dummy_table' is 'DEFAULT'; UPDATE and DELETE events will contain previous values only for PK columns"}}
{"type":"LOG","log":{"level":"INFO","message":"INFO i.a.w.i.DefaultAirbyteStreamFactory(internalLog):159 INFO i.d.c.p.PostgresSchema(printReplicaIdentityInfo):100 REPLICA IDENTITY for 'test.test_4_bit' is 'DEFAULT'; UPDATE and DELETE events will contain previous values only for PK columns"}}
{"type":"LOG","log":{"level":"INFO","message":"INFO i.a.w.i.DefaultAirbyteStreamFactory(internalLog):159 INFO i.d.c.p.PostgresSchema(printReplicaIdentityInfo):100 REPLICA IDENTITY for 'test.test_3_character' is 'DEFAULT'; UPDATE and DELETE events will contain previous values only for PK columns"}}
{"type":"LOG","log":{"level":"INFO","message":"INFO i.a.w.i.DefaultAirbyteStreamFactory(internalLog):159 INFO i.d.c.p.PostgresSchema(printReplicaIdentityInfo):100 REPLICA IDENTITY for 'test.test_4_numeric_array' is 'DEFAULT'; UPDATE and DELETE events will contain previous values only for PK columns"}}
{"type":"LOG","log":{"level":"INFO","message":"INFO i.a.w.i.DefaultAirbyteStreamFactory(internalLog):159 INFO i.d.c.p.PostgresSchema(printReplicaIdentityInfo):100 REPLICA IDENTITY for 'test.test_1_line' is 'DEFAULT'; UPDATE and DELETE events will contain previous values only for PK columns"}}
{"type":"LOG","log":{"level":"INFO","message":"INFO i.a.w.i.DefaultAirbyteStreamFactory(internalLog):159 INFO i.d.c.p.PostgresSchema(printReplicaIdentityInfo):100 REPLICA IDENTITY for 'test.test_4_date' is 'DEFAULT'; UPDATE and DELETE events will contain previous values only for PK columns"}}
{"type":"LOG","log":{"level":"INFO","message":"INFO i.a.w.i.DefaultAirbyteStreamFactory(internalLog):159 INFO i.d.c.p.PostgresSchema(printReplicaIdentityInfo):100 REPLICA IDENTITY for 'test.test_1_macaddr8' is 'DEFAULT'; UPDATE and DELETE events will contain previous values only for PK columns"}}
{"type":"LOG","log":{"level":"INFO","message":"INFO i.a.w.i.DefaultAirbyteStreamFactory(internalLog):159 INFO i.d.c.p.PostgresSchema(printReplicaIdentityInfo):100 REPLICA IDENTITY for 'test.test_6_numeric' is 'DEFAULT'; UPDATE and DELETE events will contain previous values only for PK columns"}}
{"type":"LOG","log":{"level":"INFO","message":"INFO i.a.w.i.DefaultAirbyteStreamFactory(internalLog):159 INFO i.d.c.p.PostgresSchema(printReplicaIdentityInfo):100 REPLICA IDENTITY for 'test.test_5_decimal_array' is 'DEFAULT'; UPDATE and DELETE events will contain previous values only for PK columns"}}
{"type":"LOG","log":{"level":"INFO","message":"INFO i.a.w.i.DefaultAirbyteStreamFactory(internalLog):159 INFO i.d.c.p.PostgresSchema(printReplicaIdentityInfo):100 REPLICA IDENTITY for 'test.test_2_timetz' is 'DEFAULT'; UPDATE and DELETE events will contain previous values only for PK columns"}}
{"type":"LOG","log":{"level":"INFO","message":"INFO i.a.w.i.DefaultAirbyteStreamFactory(internalLog):159 INFO i.d.c.p.PostgresSchema(printReplicaIdentityInfo):100 REPLICA IDENTITY for 'test.test_1_float4' is 'DEFAULT'; UPDATE and DELETE events will contain previous values only for PK columns"}}
{"type":"LOG","log":{"level":"INFO","message":"INFO i.a.w.i.DefaultAirbyteStreamFactory(internalLog):159 INFO i.d.c.p.PostgresSchema(printReplicaIdentityInfo):100 REPLICA IDENTITY for 'test.test_2_xml' is 'DEFAULT'; UPDATE and DELETE events will contain previous values only for PK columns"}}
{"type":"LOG","log":{"level":"INFO","message":"INFO i.a.w.i.DefaultAirbyteStreamFactory(internalLog):159 INFO i.d.c.p.PostgresSchema(printReplicaIdentityInfo):100 REPLICA IDENTITY for 'test.test_2_real' is 'DEFAULT'; UPDATE and DELETE events will contain previous values only for PK columns"}}
{"type":"LOG","log":{"level":"INFO","message":"INFO i.a.w.i.DefaultAirbyteStreamFactory(internalLog):159 INFO i.d.c.p.PostgresSchema(printReplicaIdentityInfo):100 REPLICA IDENTITY for 'test.test_4_character' is 'DEFAULT'; UPDATE and DELETE events will contain previous values only for PK columns"}}
{"type":"LOG","log":{"level":"INFO","message":"INFO i.a.w.i.DefaultAirbyteStreamFactory(internalLog):159 INFO i.d.c.p.PostgresSchema(printReplicaIdentityInfo):100 REPLICA IDENTITY for 'test.test_1_float8' is 'DEFAULT'; UPDATE and DELETE events will contain previous values only for PK columns"}}
{"type":"LOG","log":{"level":"INFO","message":"INFO i.a.w.i.DefaultAirbyteStreamFactory(internalLog):159 INFO i.d.c.p.PostgresSchema(printReplicaIdentityInfo):100 REPLICA IDENTITY for 'test.test_2_serial' is 'DEFAULT'; UPDATE and DELETE events will contain previous values only for PK columns"}}
{"type":"LOG","log":{"level":"INFO","message":"INFO i.a.w.i.DefaultAirbyteStreamFactory(internalLog):159 INFO i.d.c.p.PostgresSchema(printReplicaIdentityInfo):100 REPLICA IDENTITY for 'test.test_6_decimal_array' is 'DEFAULT'; UPDATE and DELETE events will contain previous values only for PK columns"}}
{"type":"LOG","log":{"level":"INFO","message":"INFO i.a.w.i.DefaultAirbyteStreamFactory(internalLog):159 INFO i.d.c.p.PostgresSchema(printReplicaIdentityInfo):100 REPLICA IDENTITY for 'test.test_2_smallint' is 'DEFAULT'; UPDATE and DELETE events will contain previous values only for PK columns"}}
{"type":"LOG","log":{"level":"INFO","message":"INFO i.a.w.i.DefaultAirbyteStreamFactory(internalLog):159 INFO i.d.c.p.PostgresSchema(printReplicaIdentityInfo):100 REPLICA IDENTITY for 'test.test_1_character' is 'DEFAULT'; UPDATE and DELETE events will contain previous values only for PK columns"}}
{"type":"LOG","log":{"level":"INFO","message":"INFO i.a.w.i.DefaultAirbyteStreamFactory(internalLog):159 INFO i.d.c.p.PostgresSchema(printReplicaIdentityInfo):100 REPLICA IDENTITY for 'test.test_2_tsquery' is 'DEFAULT'; UPDATE and DELETE events will contain previous values only for PK columns"}}
{"type":"LOG","log":{"level":"INFO","message":"INFO i.a.w.i.DefaultAirbyteStreamFactory(internalLog):159 INFO i.d.c.p.PostgresSchema(printReplicaIdentityInfo):100 REPLICA IDENTITY for 'test.test_5_numeric_array' is 'DEFAULT'; UPDATE and DELETE events will contain previous values only for PK columns"}}
{"type":"LOG","log":{"level":"INFO","message":"INFO i.a.w.i.DefaultAirbyteStreamFactory(internalLog):159 INFO i.d.c.p.PostgresSchema(printReplicaIdentityInfo):100 REPLICA IDENTITY for 'test.test_2_cidr' is 'DEFAULT'; UPDATE and DELETE events will contain previous values only for PK columns"}}
{"type":"LOG","log":{"level":"INFO","message":"INFO i.a.w.i.DefaultAirbyteStreamFactory(internalLog):159 INFO i.d.c.p.PostgresSchema(printReplicaIdentityInfo):100 REPLICA IDENTITY for 'test.test_9_numeric' is 'DEFAULT'; UPDATE and DELETE events will contain previous values only for PK columns"}}
{"type":"LOG","log":{"level":"INFO","message":"INFO i.a.w.i.DefaultAirbyteStreamFactory(internalLog):159 INFO i.d.c.p.PostgresSchema(printReplicaIdentityInfo):100 REPLICA IDENTITY for 'test.test_7_time' is 'DEFAULT'; UPDATE and DELETE events will contain previous values only for PK columns"}}
{"type":"LOG","log":{"level":"INFO","message":"INFO i.a.w.i.DefaultAirbyteStreamFactory(internalLog):159 INFO i.d.c.p.PostgresSchema(printReplicaIdentityInfo):100 REPLICA IDENTITY for 'test.test_1_inventory_item' is 'DEFAULT'; UPDATE and DELETE events will contain previous values only for PK columns"}}
{"type":"LOG","log":{"level":"INFO","message":"INFO i.a.w.i.DefaultAirbyteStreamFactory(internalLog):159 INFO i.d.c.p.PostgresSchema(printReplicaIdentityInfo):100 REPLICA IDENTITY for 'test.test_2_int' is 'DEFAULT'; UPDATE and DELETE events will contain previous values only for PK columns"}}
{"type":"LOG","log":{"level":"INFO","message":"INFO i.a.w.i.DefaultAirbyteStreamFactory(internalLog):159 INFO i.d.c.p.PostgresSchema(printReplicaIdentityInfo):100 REPLICA IDENTITY for 'test.test_2_serial4' is 'DEFAULT'; UPDATE and DELETE events will contain previous values only for PK columns"}}
{"type":"LOG","log":{"level":"INFO","message":"INFO i.a.w.i.DefaultAirbyteStreamFactory(internalLog):159 INFO i.d.c.p.PostgresSchema(printReplicaIdentityInfo):100 REPLICA IDENTITY for 'test.test_2_serial2' is 'DEFAULT'; UPDATE and DELETE events will contain previous values only for PK columns"}}
{"type":"LOG","log":{"level":"INFO","message":"INFO i.a.w.i.DefaultAirbyteStreamFactory(internalLog):159 INFO i.d.c.p.PostgresSchema(printReplicaIdentityInfo):100 REPLICA IDENTITY for 'test.test_2_decimal_array' is 'DEFAULT'; UPDATE and DELETE events will contain previous values only for PK columns"}}
{"type":"LOG","log":{"level":"INFO","message":"INFO i.a.w.i.DefaultAirbyteStreamFactory(internalLog):159 INFO i.d.c.p.PostgresSchema(printReplicaIdentityInfo):100 REPLICA IDENTITY for 'test.test_5_numeric' is 'DEFAULT'; UPDATE and DELETE events will contain previous values only for PK columns"}}
{"type":"LOG","log":{"level":"INFO","message":"INFO i.a.w.i.DefaultAirbyteStreamFactory(internalLog):159 INFO i.d.c.p.PostgresSchema(printReplicaIdentityInfo):100 REPLICA IDENTITY for 'test.test_1_float8_array' is 'DEFAULT'; UPDATE and DELETE events will contain previous values only for PK columns"}}
{"type":"LOG","log":{"level":"INFO","message":"INFO i.a.w.i.DefaultAirbyteStreamFactory(internalLog):159 INFO i.d.c.p.PostgresSchema(printReplicaIdentityInfo):100 REPLICA IDENTITY for 'test.test_3_bit_varying' is 'DEFAULT'; UPDATE and DELETE events will contain previous values only for PK columns"}}
{"type":"LOG","log":{"level":"INFO","message":"INFO i.a.w.i.DefaultAirbyteStreamFactory(internalLog):159 INFO i.d.c.p.PostgresSchema(printReplicaIdentityInfo):100 REPLICA IDENTITY for 'test.test_6_numeric_array' is 'DEFAULT'; UPDATE and DELETE events will contain previous values only for PK columns"}}
{"type":"LOG","log":{"level":"INFO","message":"INFO i.a.w.i.DefaultAirbyteStreamFactory(internalLog):159 INFO i.d.c.p.PostgresSchema(printReplicaIdentityInfo):100 REPLICA IDENTITY for 'test.test_1_bytea_array' is 'DEFAULT'; UPDATE and DELETE events will contain previous values only for PK columns"}}
{"type":"LOG","log":{"level":"INFO","message":"INFO i.a.w.i.DefaultAirbyteStreamFactory(internalLog):159 INFO i.d.c.p.PostgresSchema(printReplicaIdentityInfo):100 REPLICA IDENTITY for 'test.test_10_timestamp' is 'DEFAULT'; UPDATE and DELETE events will contain previous values only for PK columns"}}
{"type":"LOG","log":{"level":"INFO","message":"INFO i.a.w.i.DefaultAirbyteStreamFactory(internalLog):159 INFO i.d.c.p.PostgresSchema(printReplicaIdentityInfo):100 REPLICA IDENTITY for 'test.test_1_timestamptz_array' is 'DEFAULT'; UPDATE and DELETE events will contain previous values only for PK columns"}}
{"type":"LOG","log":{"level":"INFO","message":"INFO i.a.w.i.DefaultAirbyteStreamFactory(internalLog):159 INFO i.d.c.p.PostgresSchema(printReplicaIdentityInfo):100 REPLICA IDENTITY for 'test.test_1_float' is 'DEFAULT'; UPDATE and DELETE events will contain previous values only for PK columns"}}
{"type":"LOG","log":{"level":"INFO","message":"INFO i.a.w.i.DefaultAirbyteStreamFactory(internalLog):159 INFO i.d.c.p.PostgresSchema(printReplicaIdentityInfo):100 REPLICA IDENTITY for 'test.test_4_timestamp' is 'DEFAULT'; UPDATE and DELETE events will contain previous values only for PK columns"}}
{"type":"LOG","log":{"level":"INFO","message":"INFO i.a.w.i.DefaultAirbyteStreamFactory(internalLog):159 INFO i.d.c.p.PostgresSchema(printReplicaIdentityInfo):100 REPLICA IDENTITY for 'test.test_2_int2_array' is 'DEFAULT'; UPDATE and DELETE events will contain previous values only for PK columns"}}
{"type":"LOG","log":{"level":"INFO","message":"INFO i.a.w.i.DefaultAirbyteStreamFactory(internalLog):159 INFO i.d.c.p.PostgresSchema(printReplicaIdentityInfo):100 REPLICA IDENTITY for 'test.test_16_timestamp' is 'DEFAULT'; UPDATE and DELETE events will contain previous values only for PK columns"}}
{"type":"LOG","log":{"level":"INFO","message":"INFO i.a.w.i.DefaultAirbyteStreamFactory(internalLog):159 INFO i.d.c.p.PostgresSchema(printReplicaIdentityInfo):100 REPLICA IDENTITY for 'test.test_1_inet' is 'DEFAULT'; UPDATE and DELETE events will contain previous values only for PK columns"}}
{"type":"LOG","log":{"level":"INFO","message":"INFO i.a.w.i.DefaultAirbyteStreamFactory(internalLog):159 INFO i.d.c.p.PostgresSchema(printReplicaIdentityInfo):100 REPLICA IDENTITY for 'test.test_2_point' is 'DEFAULT'; UPDATE and DELETE events will contain previous values only for PK columns"}}
{"type":"LOG","log":{"level":"INFO","message":"INFO i.a.w.i.DefaultAirbyteStreamFactory(internalLog):159 INFO i.d.c.p.PostgresSchema(printReplicaIdentityInfo):100 REPLICA IDENTITY for 'test.test_2_date' is 'DEFAULT'; UPDATE and DELETE events will contain previous values only for PK columns"}}
{"type":"LOG","log":{"level":"INFO","message":"INFO i.a.w.i.DefaultAirbyteStreamFactory(internalLog):159 INFO i.d.c.p.PostgresSchema(printReplicaIdentityInfo):100 REPLICA IDENTITY for 'test.test_1_hstore' is 'DEFAULT'; UPDATE and DELETE events will contain previous values only for PK columns"}}
{"type":"LOG","log":{"level":"INFO","message":"INFO i.a.w.i.DefaultAirbyteStreamFactory(internalLog):159 INFO i.d.c.p.PostgresSchema(printReplicaIdentityInfo):100 REPLICA IDENTITY for 'test.test_2_macaddr' is 'DEFAULT'; UPDATE and DELETE events will contain previous values only for PK columns"}}
{"type":"LOG","log":{"level":"INFO","message":"INFO i.a.w.i.DefaultAirbyteStreamFactory(internalLog):159 INFO i.d.c.p.PostgresSchema(printReplicaIdentityInfo):100 REPLICA IDENTITY for 'test.test_1_double_precision' is 'DEFAULT'; UPDATE and DELETE events will contain previous values only for PK columns"}}
{"type":"LOG","log":{"level":"INFO","message":"INFO i.a.w.i.DefaultAirbyteStreamFactory(internalLog):159 INFO i.d.c.p.PostgresSchema(printReplicaIdentityInfo):100 REPLICA IDENTITY for 'test.test_1_box' is 'DEFAULT'; UPDATE and DELETE events will contain previous values only for PK columns"}}
{"type":"LOG","log":{"level":"INFO","message":"INFO i.a.w.i.DefaultAirbyteStreamFactory(internalLog):159 INFO i.d.c.p.PostgresSchema(printReplicaIdentityInfo):100 REPLICA IDENTITY for 'test.test_1_timestamp_array' is 'DEFAULT'; UPDATE and DELETE events will contain previous values only for PK columns"}}
{"type":"LOG","log":{"level":"INFO","message":"INFO i.a.w.i.DefaultAirbyteStreamFactory(internalLog):159 INFO i.d.c.p.PostgresSchema(printReplicaIdentityInfo):100 REPLICA IDENTITY for 'test.test_2_uuid' is 'DEFAULT'; UPDATE and DELETE events will contain previous values only for PK columns"}}
{"type":"LOG","log":{"level":"INFO","message":"INFO i.a.w.i.DefaultAirbyteStreamFactory(internalLog):159 INFO i.d.c.p.PostgresSchema(printReplicaIdentityInfo):100 REPLICA IDENTITY for 'test.test_8_numeric' is 'DEFAULT'; UPDATE and DELETE events will contain previous values only for PK columns"}}
{"type":"LOG","log":{"level":"INFO","message":"INFO i.a.w.i.DefaultAirbyteStreamFactory(internalLog):159 INFO i.d.c.p.PostgresSchema(printReplicaIdentityInfo):100 REPLICA IDENTITY for 'test.test_1_bit_varying' is 'DEFAULT'; UPDATE and DELETE events will contain previous values only for PK columns"}}
{"type":"LOG","log":{"level":"INFO","message":"INFO i.a.w.i.DefaultAirbyteStreamFactory(internalLog):159 INFO i.d.c.p.PostgresSchema(printReplicaIdentityInfo):100 REPLICA IDENTITY for 'test.test_1_time_array' is 'DEFAULT'; UPDATE and DELETE events will contain previous values only for PK columns"}}
{"type":"LOG","log":{"level":"INFO","message":"INFO i.a.w.i.DefaultAirbyteStreamFactory(internalLog):159 INFO i.d.c.p.PostgresSchema(printReplicaIdentityInfo):100 REPLICA IDENTITY for 'test.test_5_time' is 'DEFAULT'; UPDATE and DELETE events will contain previous values only for PK columns"}}
{"type":"LOG","log":{"level":"INFO","message":"INFO i.a.w.i.DefaultAirbyteStreamFactory(internalLog):159 INFO i.d.c.p.PostgresSchema(printReplicaIdentityInfo):100 REPLICA IDENTITY for 'test.test_2_smallserial' is 'DEFAULT'; UPDATE and DELETE events will contain previous values only for PK columns"}}
{"type":"LOG","log":{"level":"INFO","message":"INFO i.a.w.i.DefaultAirbyteStreamFactory(internalLog):159 INFO i.d.c.p.PostgresSchema(printReplicaIdentityInfo):100 REPLICA IDENTITY for 'test.test_1_point' is 'DEFAULT'; UPDATE and DELETE events will contain previous values only for PK columns"}}
{"type":"LOG","log":{"level":"INFO","message":"INFO i.a.w.i.DefaultAirbyteStreamFactory(internalLog):159 INFO i.d.c.p.PostgresSchema(printReplicaIdentityInfo):100 REPLICA IDENTITY for 'test.test_15_timestamp' is 'DEFAULT'; UPDATE and DELETE events will contain previous values only for PK columns"}}
{"type":"LOG","log":{"level":"INFO","message":"INFO i.a.w.i.DefaultAirbyteStreamFactory(internalLog):159 INFO i.d.c.p.PostgresSchema(printReplicaIdentityInfo):100 REPLICA IDENTITY for 'test.test_3_bit' is 'DEFAULT'; UPDATE and DELETE events will contain previous values only for PK columns"}}
{"type":"LOG","log":{"level":"INFO","message":"INFO i.a.w.i.DefaultAirbyteStreamFactory(internalLog):159 INFO i.d.c.p.PostgresSchema(printReplicaIdentityInfo):100 REPLICA IDENTITY for 'test.test_10_time' is 'DEFAULT'; UPDATE and DELETE events will contain previous values only for PK columns"}}
{"type":"LOG","log":{"level":"INFO","message":"INFO i.a.w.i.DefaultAirbyteStreamFactory(internalLog):159 INFO i.d.c.p.PostgresSchema(printReplicaIdentityInfo):100 REPLICA IDENTITY for 'test.test_2_int4_array' is 'DEFAULT'; UPDATE and DELETE events will contain previous values only for PK columns"}}
{"type":"LOG","log":{"level":"INFO","message":"INFO i.a.w.i.DefaultAirbyteStreamFactory(internalLog):159 INFO i.d.c.p.PostgresSchema(printReplicaIdentityInfo):100 REPLICA IDENTITY for 'test.test_1_int' is 'DEFAULT'; UPDATE and DELETE events will contain previous values only for PK columns"}}
{"type":"LOG","log":{"level":"INFO","message":"INFO i.a.w.i.DefaultAirbyteStreamFactory(internalLog):159 INFO i.d.c.p.PostgresSchema(printReplicaIdentityInfo):100 REPLICA IDENTITY for 'test.test_1_money_array' is 'DEFAULT'; UPDATE and DELETE events will contain previous values only for PK columns"}}
{"type":"LOG","log":{"level":"INFO","message":"INFO i.a.w.i.DefaultAirbyteStreamFactory(internalLog):159 INFO i.d.c.p.PostgresSchema(printReplicaIdentityInfo):100 REPLICA IDENTITY for 'test.test_2_float8_array' is 'DEFAULT'; UPDATE and DELETE events will contain previous values only for PK columns"}}
{"type":"LOG","log":{"level":"INFO","message":"INFO i.a.w.i.DefaultAirbyteStreamFactory(internalLog):159 INFO i.d.c.p.PostgresSchema(printReplicaIdentityInfo):100 REPLICA IDENTITY for 'test.test_1_bytea' is 'DEFAULT'; UPDATE and DELETE events will contain previous values only for PK columns"}}
{"type":"LOG","log":{"level":"INFO","message":"INFO i.a.w.i.DefaultAirbyteStreamFactory(internalLog):159 INFO i.d.c.p.PostgresSchema(printReplicaIdentityInfo):100 REPLICA IDENTITY for 'test.test_2_bigserial' is 'DEFAULT'; UPDATE and DELETE events will contain previous values only for PK columns"}}
{"type":"LOG","log":{"level":"INFO","message":"INFO i.a.w.i.DefaultAirbyteStreamFactory(internalLog):159 INFO i.d.c.p.PostgresSchema(printReplicaIdentityInfo):100 REPLICA IDENTITY for 'test.test_1_lseg' is 'DEFAULT'; UPDATE and DELETE events will contain previous values only for PK columns"}}
{"type":"LOG","log":{"level":"INFO","message":"INFO i.a.w.i.DefaultAirbyteStreamFactory(internalLog):159 INFO i.d.c.p.PostgresSchema(printReplicaIdentityInfo):100 REPLICA IDENTITY for 'test.test_6_time' is 'DEFAULT'; UPDATE and DELETE events will contain previous values only for PK columns"}}
{"type":"LOG","log":{"level":"INFO","message":"INFO i.a.w.i.DefaultAirbyteStreamFactory(internalLog):159 INFO i.d.c.p.PostgresSchema(printReplicaIdentityInfo):100 REPLICA IDENTITY for 'test.test_2_decimal' is 'DEFAULT'; UPDATE and DELETE events will contain previous values only for PK columns"}}
{"type":"LOG","log":{"level":"INFO","message":"INFO i.a.w.i.DefaultAirbyteStreamFactory(internalLog):159 INFO i.d.c.p.PostgresSchema(printReplicaIdentityInfo):100 REPLICA IDENTITY for 'test.test_1_decimal_array' is 'DEFAULT'; UPDATE and DELETE events will contain previous values only for PK columns"}}
{"type":"LOG","log":{"level":"INFO","message":"INFO i.a.w.i.DefaultAirbyteStreamFactory(internalLog):159 INFO i.d.c.p.PostgresSchema(printReplicaIdentityInfo):100 REPLICA IDENTITY for 'test.test_1_xml' is 'DEFAULT'; UPDATE and DELETE events will contain previous values only for PK columns"}}
{"type":"LOG","log":{"level":"INFO","message":"INFO i.a.w.i.DefaultAirbyteStreamFactory(internalLog):159 INFO i.d.c.p.PostgresSchema(printReplicaIdentityInfo):100 REPLICA IDENTITY for 'test.test_2_tsrange' is 'DEFAULT'; UPDATE and DELETE events will contain previous values only for PK columns"}}
{"type":"LOG","log":{"level":"INFO","message":"INFO i.a.w.i.DefaultAirbyteStreamFactory(internalLog):159 INFO i.d.c.p.PostgresSchema(printReplicaIdentityInfo):100 REPLICA IDENTITY for 'test.test_1_smallint' is 'DEFAULT'; UPDATE and DELETE events will contain previous values only for PK columns"}}
{"type":"LOG","log":{"level":"INFO","message":"INFO i.a.w.i.DefaultAirbyteStreamFactory(internalLog):159 INFO i.d.c.p.PostgresSchema(printReplicaIdentityInfo):100 REPLICA IDENTITY for 'test.test_4_timestamptz' is 'DEFAULT'; UPDATE and DELETE events will contain previous values only for PK columns"}}
{"type":"LOG","log":{"level":"INFO","message":"INFO i.a.w.i.DefaultAirbyteStreamFactory(internalLog):159 INFO i.d.c.p.PostgresSchema(printReplicaIdentityInfo):100 REPLICA IDENTITY for 'test.test_2_line' is 'DEFAULT'; UPDATE and DELETE events will contain previous values only for PK columns"}}
{"type":"LOG","log":{"level":"INFO","message":"INFO i.a.w.i.DefaultAirbyteStreamFactory(internalLog):159 INFO i.d.c.p.PostgresSchema(printReplicaIdentityInfo):100 REPLICA IDENTITY for 'test.test_2_pg_lsn' is 'DEFAULT'; UPDATE and DELETE events will contain previous values only for PK columns"}}
{"type":"LOG","log":{"level":"INFO","message":"INFO i.a.w.i.DefaultAirbyteStreamFactory(internalLog):159 INFO i.d.c.p.PostgresSchema(printReplicaIdentityInfo):100 REPLICA IDENTITY for 'test.test_5_timestamp' is 'DEFAULT'; UPDATE and DELETE events will contain previous values only for PK columns"}}
{"type":"LOG","log":{"level":"INFO","message":"INFO i.a.w.i.DefaultAirbyteStreamFactory(internalLog):159 INFO i.d.c.p.PostgresSchema(printReplicaIdentityInfo):100 REPLICA IDENTITY for 'test.test_1_char_array' is 'DEFAULT'; UPDATE and DELETE events will contain previous values only for PK columns"}}
{"type":"LOG","log":{"level":"INFO","message":"INFO i.a.w.i.DefaultAirbyteStreamFactory(internalLog):159 INFO i.d.c.p.PostgresSchema(printReplicaIdentityInfo):100 REPLICA IDENTITY for 'test.test_4_char' is 'DEFAULT'; UPDATE and DELETE events will contain previous values only for PK columns"}}
{"type":"LOG","log":{"level":"INFO","message":"INFO i.a.w.i.DefaultAirbyteStreamFactory(internalLog):159 INFO i.d.c.p.PostgresSchema(printReplicaIdentityInfo):100 REPLICA IDENTITY for 'test.test_3_date' is 'DEFAULT'; UPDATE and DELETE events will contain previous values only for PK columns"}}
{"type":"LOG","log":{"level":"INFO","message":"INFO i.a.w.i.DefaultAirbyteStreamFactory(internalLog):159 INFO i.d.c.p.PostgresSchema(printReplicaIdentityInfo):100 REPLICA IDENTITY for 'test.test_10_numeric' is 'DEFAULT'; UPDATE and DELETE events will contain previous values only for PK columns"}}
{"type":"LOG","log":{"level":"INFO","message":"INFO i.a.w.i.DefaultAirbyteStreamFactory(internalLog):159 INFO i.d.p.ChangeEventSourceCoordinator(streamEvents):173 Starting streaming"}}
{"type":"LOG","log":{"level":"INFO","message":"INFO i.a.w.i.DefaultAirbyteStreamFactory(internalLog):159 INFO i.d.c.p.PostgresStreamingChangeEventSource(execute):136 Retrieved latest position from stored offset 'LSN{0/1AADC18}'"}}
{"type":"LOG","log":{"level":"INFO","message":"INFO i.a.w.i.DefaultAirbyteStreamFactory(internalLog):159 INFO i.d.c.p.c.WalPositionLocator(<init>):48 Looking for WAL restart position for last commit LSN 'null' and last change LSN 'LSN{0/1AADC18}'"}}
{"type":"LOG","log":{"level":"INFO","message":"INFO i.a.w.i.DefaultAirbyteStreamFactory(internalLog):159 INFO i.d.c.p.c.PostgresReplicationConnection(initPublication):147 Initializing PgOutput logical decoder publication"}}
{"type":"LOG","log":{"level":"INFO","message":"INFO i.a.w.i.DefaultAirbyteStreamFactory(internalLog):159 INFO i.d.c.p.c.PostgresConnection(readReplicationSlotInfo):264 Obtained valid replication slot ReplicationSlot [active=false, latestFlushedLsn=LSN{0/16FEAC8}, catalogXmin=735]"}}
{"type":"LOG","log":{"level":"INFO","message":"INFO i.a.w.i.DefaultAirbyteStreamFactory(internalLog):159 INFO i.d.j.JdbcConnection(lambda$doClose$4):947 Connection gracefully closed"}}
{"type":"LOG","log":{"level":"INFO","message":"INFO i.a.w.i.DefaultAirbyteStreamFactory(internalLog):159 INFO i.d.c.p.c.PostgresReplicationConnection(validateSlotIsInExpectedState):364 Seeking to LSN{0/1AADC18} on the replication slot with command SELECT pg_replication_slot_advance('debezium_slot', '0/1AADC18')"}}
{"type":"LOG","log":{"level":"INFO","message":"INFO i.a.w.i.DefaultAirbyteStreamFactory(internalLog):159 INFO i.d.u.Threads(threadFactory):270 Requested thread factory for connector PostgresConnector, id = test named = keep-alive"}}
{"type":"LOG","log":{"level":"INFO","message":"INFO i.a.w.i.DefaultAirbyteStreamFactory(internalLog):159 INFO i.d.u.Threads$3(newThread):287 Creating thread debezium-postgresconnector-test-keep-alive"}}
{"type":"LOG","log":{"level":"INFO","message":"INFO i.a.w.i.DefaultAirbyteStreamFactory(internalLog):159 INFO i.d.c.p.PostgresSchema(printReplicaIdentityInfo):100 REPLICA IDENTITY for 'test.test_8_time' is 'DEFAULT'; UPDATE and DELETE events will contain previous values only for PK columns"}}
{"type":"LOG","log":{"level":"INFO","message":"INFO i.a.w.i.DefaultAirbyteStreamFactory(internalLog):159 INFO i.d.c.p.PostgresSchema(printReplicaIdentityInfo):100 REPLICA IDENTITY for 'test.test_8_timestamp' is 'DEFAULT'; UPDATE and DELETE events will contain previous values only for PK columns"}}
{"type":"LOG","log":{"level":"INFO","message":"INFO i.a.w.i.DefaultAirbyteStreamFactory(internalLog):159 INFO i.d.c.p.PostgresSchema(printReplicaIdentityInfo):100 REPLICA IDENTITY for 'test.test_3_char' is 'DEFAULT'; UPDATE and DELETE events will contain previous values only for PK columns"}}
{"type":"LOG","log":{"level":"INFO","message":"INFO i.a.w.i.DefaultAirbyteStreamFactory(internalLog):159 INFO i.d.c.p.PostgresSchema(printReplicaIdentityInfo):100 REPLICA IDENTITY for 'test.test_2_char_array' is 'DEFAULT'; UPDATE and DELETE events will contain previous values only for PK columns"}}
{"type":"LOG","log":{"level":"INFO","message":"INFO i.a.w.i.DefaultAirbyteStreamFactory(internalLog):159 INFO i.d.c.p.PostgresSchema(printReplicaIdentityInfo):100 REPLICA IDENTITY for 'test.test_7_numeric' is 'DEFAULT'; UPDATE and DELETE events will contain previous values only for PK columns"}}
{"type":"LOG","log":{"level":"INFO","message":"INFO i.a.w.i.DefaultAirbyteStreamFactory(internalLog):159 INFO i.d.c.p.PostgresSchema(printReplicaIdentityInfo):100 REPLICA IDENTITY for 'test.test_1_timetz_array' is 'DEFAULT'; UPDATE and DELETE events will contain previous values only for PK columns"}}
{"type":"LOG","log":{"level":"INFO","message":"INFO i.a.w.i.DefaultAirbyteStreamFactory(internalLog):159 INFO i.d.c.p.PostgresSchema(printReplicaIdentityInfo):100 REPLICA IDENTITY for 'test.test_2_varchar_array' is 'DEFAULT'; UPDATE and DELETE events will contain previous values only for PK columns"}}
{"type":"LOG","log":{"level":"INFO","message":"INFO i.a.w.i.DefaultAirbyteStreamFactory(internalLog):159 INFO i.d.c.p.PostgresSchema(printReplicaIdentityInfo):100 REPLICA IDENTITY for 'test.test_1_circle' is 'DEFAULT'; UPDATE and DELETE events will contain previous values only for PK columns"}}
{"type":"LOG","log":{"level":"INFO","message":"INFO i.a.w.i.DefaultAirbyteStreamFactory(internalLog):159 INFO i.d.c.p.PostgresSchema(printReplicaIdentityInfo):100 REPLICA IDENTITY for 'test.test_2_money' is 'DEFAULT'; UPDATE and DELETE events will contain previous values only for PK columns"}}
{"type":"LOG","log":{"level":"INFO","message":"INFO i.a.w.i.DefaultAirbyteStreamFactory(internalLog):159 INFO i.d.c.p.PostgresSchema(printReplicaIdentityInfo):100 REPLICA IDENTITY for 'test.test_1_tsquery' is 'DEFAULT'; UPDATE and DELETE events will contain previous values only for PK columns"}}
{"type":"LOG","log":{"level":"INFO","message":"INFO i.a.w.i.DefaultAirbyteStreamFactory(internalLog):159 INFO i.d.c.p.PostgresSchema(printReplicaIdentityInfo):100 REPLICA IDENTITY for 'test.test_1_float4_array' is 'DEFAULT'; UPDATE and DELETE events will contain previous values only for PK columns"}}
{"type":"LOG","log":{"level":"INFO","message":"INFO i.a.w.i.DefaultAirbyteStreamFactory(internalLog):159 INFO i.d.c.p.PostgresSchema(printReplicaIdentityInfo):100 REPLICA IDENTITY for 'test.test_1_text' is 'DEFAULT'; UPDATE and DELETE events will contain previous values only for PK columns"}}
{"type":"LOG","log":{"level":"INFO","message":"INFO i.a.w.i.DefaultAirbyteStreamFactory(internalLog):159 INFO i.d.c.p.PostgresSchema(printReplicaIdentityInfo):100 REPLICA IDENTITY for 'test.test_2_numeric_array' is 'DEFAULT'; UPDATE and DELETE events will contain previous values only for PK columns"}}
{"type":"LOG","log":{"level":"INFO","message":"INFO i.a.w.i.DefaultAirbyteStreamFactory(internalLog):159 INFO i.d.c.p.PostgresSchema(printReplicaIdentityInfo):100 REPLICA IDENTITY for 'test.test_2_date_array' is 'DEFAULT'; UPDATE and DELETE events will contain previous values only for PK columns"}}
{"type":"LOG","log":{"level":"INFO","message":"INFO i.a.w.i.DefaultAirbyteStreamFactory(internalLog):159 INFO i.d.c.p.PostgresSchema(printReplicaIdentityInfo):100 REPLICA IDENTITY for 'test.test_2_bytea' is 'DEFAULT'; UPDATE and DELETE events will contain previous values only for PK columns"}}
{"type":"LOG","log":{"level":"INFO","message":"INFO i.a.w.i.DefaultAirbyteStreamFactory(internalLog):159 INFO i.d.c.p.PostgresSchema(printReplicaIdentityInfo):100 REPLICA IDENTITY for 'test.test_2_path' is 'DEFAULT'; UPDATE and DELETE events will contain previous values only for PK columns"}}
{"type":"LOG","log":{"level":"INFO","message":"INFO i.a.w.i.DefaultAirbyteStreamFactory(internalLog):159 INFO i.d.c.p.PostgresSchema(printReplicaIdentityInfo):100 REPLICA IDENTITY for 'test.test_2_int2' is 'DEFAULT'; UPDATE and DELETE events will contain previous values only for PK columns"}}
{"type":"LOG","log":{"level":"INFO","message":"INFO i.a.w.i.DefaultAirbyteStreamFactory(internalLog):159 INFO i.d.c.p.PostgresSchema(printReplicaIdentityInfo):100 REPLICA IDENTITY for 'test.test_1_serial' is 'DEFAULT'; UPDATE and DELETE events will contain previous values only for PK columns"}}
{"type":"LOG","log":{"level":"INFO","message":"INFO i.a.w.i.DefaultAirbyteStreamFactory(internalLog):159 INFO i.d.c.p.PostgresSchema(printReplicaIdentityInfo):100 REPLICA IDENTITY for 'test.test_2_int4' is 'DEFAULT'; UPDATE and DELETE events will contain previous values only for PK columns"}}
{"type":"LOG","log":{"level":"INFO","message":"INFO i.a.w.i.DefaultAirbyteStreamFactory(internalLog):159 INFO i.d.c.p.PostgresSchema(printReplicaIdentityInfo):100 REPLICA IDENTITY for 'test.test_7_timestamp' is 'DEFAULT'; UPDATE and DELETE events will contain previous values only for PK columns"}}
{"type":"LOG","log":{"level":"INFO","message":"INFO i.a.w.i.DefaultAirbyteStreamFactory(internalLog):159 INFO i.d.c.p.PostgresSchema(printReplicaIdentityInfo):100 REPLICA IDENTITY for 'test.test_5_date' is 'DEFAULT'; UPDATE and DELETE events will contain previous values only for PK columns"}}
{"type":"LOG","log":{"level":"INFO","message":"INFO i.a.w.i.DefaultAirbyteStreamFactory(internalLog):159 INFO i.d.c.p.PostgresSchema(printReplicaIdentityInfo):100 REPLICA IDENTITY for 'test.test_2_bool_array' is 'DEFAULT'; UPDATE and DELETE events will contain previous values only for PK columns"}}
{"type":"LOG","log":{"level":"INFO","message":"INFO i.a.w.i.DefaultAirbyteStreamFactory(internalLog):159 INFO i.d.c.p.PostgresSchema(printReplicaIdentityInfo):100 REPLICA IDENTITY for 'test.test_3_decimal_array' is 'DEFAULT'; UPDATE and DELETE events will contain previous values only for PK columns"}}
{"type":"LOG","log":{"level":"INFO","message":"INFO i.a.w.i.DefaultAirbyteStreamFactory(internalLog):159 INFO i.d.c.p.PostgresSchema(printReplicaIdentityInfo):100 REPLICA IDENTITY for 'test.test_13_timestamp' is 'DEFAULT'; UPDATE and DELETE events will contain previous values only for PK columns"}}
{"type":"LOG","log":{"level":"INFO","message":"INFO i.a.w.i.DefaultAirbyteStreamFactory(internalLog):159 INFO i.d.c.p.PostgresSchema(printReplicaIdentityInfo):100 REPLICA IDENTITY for 'test.test_2_timetz_array' is 'DEFAULT'; UPDATE and DELETE events will contain previous values only for PK columns"}}
{"type":"LOG","log":{"level":"INFO","message":"INFO i.a.w.i.DefaultAirbyteStreamFactory(internalLog):159 INFO i.d.c.p.PostgresSchema(printReplicaIdentityInfo):100 REPLICA IDENTITY for 'test.test_1_text_array' is 'DEFAULT'; UPDATE and DELETE events will contain previous values only for PK columns"}}
{"type":"LOG","log":{"level":"INFO","message":"INFO i.a.w.i.DefaultAirbyteStreamFactory(internalLog):159 INFO i.d.c.p.PostgresSchema(printReplicaIdentityInfo):100 REPLICA IDENTITY for 'test.test_1_bigserial' is 'DEFAULT'; UPDATE and DELETE events will contain previous values only for PK columns"}}
{"type":"LOG","log":{"level":"INFO","message":"INFO i.a.w.i.DefaultAirbyteStreamFactory(internalLog):159 INFO i.d.c.p.PostgresSchema(printReplicaIdentityInfo):100 REPLICA IDENTITY for 'test.test_1_serial2' is 'DEFAULT'; UPDATE and DELETE events will contain previous values only for PK columns"}}
{"type":"LOG","log":{"level":"INFO","message":"INFO i.a.w.i.DefaultAirbyteStreamFactory(internalLog):159 INFO i.d.c.p.PostgresSchema(printReplicaIdentityInfo):100 REPLICA IDENTITY for 'test.test_2_bit' is 'DEFAULT'; UPDATE and DELETE events will contain previous values only for PK columns"}}
{"type":"LOG","log":{"level":"INFO","message":"INFO i.a.w.i.DefaultAirbyteStreamFactory(internalLog):159 INFO i.d.c.p.PostgresSchema(printReplicaIdentityInfo):100 REPLICA IDENTITY for 'test.test_1_bool' is 'DEFAULT'; UPDATE and DELETE events will contain previous values only for PK columns"}}
{"type":"LOG","log":{"level":"INFO","message":"INFO i.a.w.i.DefaultAirbyteStreamFactory(internalLog):159 INFO i.d.c.p.PostgresSchema(printReplicaIdentityInfo):100 REPLICA IDENTITY for 'test.test_2_numeric' is 'DEFAULT'; UPDATE and DELETE events will contain previous values only for PK columns"}}
{"type":"LOG","log":{"level":"INFO","message":"INFO i.a.w.i.DefaultAirbyteStreamFactory(internalLog):159 INFO i.d.c.p.PostgresSchema(printReplicaIdentityInfo):100 REPLICA IDENTITY for 'test.test_1_mood' is 'DEFAULT'; UPDATE and DELETE events will contain previous values only for PK columns"}}
{"type":"LOG","log":{"level":"INFO","message":"INFO i.a.w.i.DefaultAirbyteStreamFactory(internalLog):159 INFO i.d.c.p.PostgresSchema(printReplicaIdentityInfo):100 REPLICA IDENTITY for 'test.test_2_time_array' is 'DEFAULT'; UPDATE and DELETE events will contain previous values only for PK columns"}}
{"type":"LOG","log":{"level":"INFO","message":"INFO i.a.w.i.DefaultAirbyteStreamFactory(internalLog):159 INFO i.d.c.p.PostgresSchema(printReplicaIdentityInfo):100 REPLICA IDENTITY for 'test.test_1_integer' is 'DEFAULT'; UPDATE and DELETE events will contain previous values only for PK columns"}}
{"type":"LOG","log":{"level":"INFO","message":"INFO i.a.w.i.DefaultAirbyteStreamFactory(internalLog):159 INFO i.d.c.p.PostgresSchema(printReplicaIdentityInfo):100 REPLICA IDENTITY for 'test.test_2_int8_array' is 'DEFAULT'; UPDATE and DELETE events will contain previous values only for PK columns"}}
{"type":"LOG","log":{"level":"INFO","message":"INFO i.a.w.i.DefaultAirbyteStreamFactory(internalLog):159 INFO i.d.c.p.PostgresSchema(printReplicaIdentityInfo):100 REPLICA IDENTITY for 'test.test_6_timestamp' is 'DEFAULT'; UPDATE and DELETE events will contain previous values only for PK columns"}}
{"type":"LOG","log":{"level":"INFO","message":"INFO i.a.w.i.DefaultAirbyteStreamFactory(internalLog):159 INFO i.d.c.p.PostgresSchema(printReplicaIdentityInfo):100 REPLICA IDENTITY for 'test.test_4_decimal_array' is 'DEFAULT'; UPDATE and DELETE events will contain previous values only for PK columns"}}
{"type":"LOG","log":{"level":"INFO","message":"INFO i.a.w.i.DefaultAirbyteStreamFactory(internalLog):159 INFO i.d.c.p.PostgresSchema(printReplicaIdentityInfo):100 REPLICA IDENTITY for 'test.test_3_timetz' is 'DEFAULT'; UPDATE and DELETE events will contain previous values only for PK columns"}}
{"type":"LOG","log":{"level":"INFO","message":"INFO i.a.w.i.DefaultAirbyteStreamFactory(internalLog):159 INFO i.d.c.p.PostgresSchema(printReplicaIdentityInfo):100 REPLICA IDENTITY for 'test.test_2_float4_array' is 'DEFAULT'; UPDATE and DELETE events will contain previous values only for PK columns"}}
{"type":"LOG","log":{"level":"INFO","message":"INFO i.a.w.i.DefaultAirbyteStreamFactory(internalLog):159 INFO i.d.c.p.PostgresSchema(printReplicaIdentityInfo):100 REPLICA IDENTITY for 'test.test_1_oid_array' is 'DEFAULT'; UPDATE and DELETE events will contain previous values only for PK columns"}}
{"type":"LOG","log":{"level":"INFO","message":"INFO i.a.w.i.DefaultAirbyteStreamFactory(internalLog):159 INFO i.d.c.p.PostgresSchema(printReplicaIdentityInfo):100 REPLICA IDENTITY for 'test.test_2_inet' is 'DEFAULT'; UPDATE and DELETE events will contain previous values only for PK columns"}}
{"type":"LOG","log":{"level":"INFO","message":"INFO i.a.w.i.DefaultAirbyteStreamFactory(internalLog):159 INFO i.d.c.p.PostgresSchema(printReplicaIdentityInfo):100 REPLICA IDENTITY for 'test.test_1_json' is 'DEFAULT'; UPDATE and DELETE events will contain previous values only for PK columns"}}
{"type":"LOG","log":{"level":"INFO","message":"INFO i.a.w.i.DefaultAirbyteStreamFactory(internalLog):159 INFO i.d.c.p.PostgresSchema(printReplicaIdentityInfo):100 REPLICA IDENTITY for 'test.test_1_name_array' is 'DEFAULT'; UPDATE and DELETE events will contain previous values only for PK columns"}}
{"type":"LOG","log":{"level":"INFO","message":"INFO i.a.w.i.DefaultAirbyteStreamFactory(internalLog):159 INFO i.d.c.p.PostgresSchema(printReplicaIdentityInfo):100 REPLICA IDENTITY for 'test.test_1_interval' is 'DEFAULT'; UPDATE and DELETE events will contain previous values only for PK columns"}}
{"type":"LOG","log":{"level":"INFO","message":"INFO i.a.w.i.DefaultAirbyteStreamFactory(internalLog):159 INFO i.d.c.p.PostgresSchema(printReplicaIdentityInfo):100 REPLICA IDENTITY for 'test.test_1_tsrange' is 'DEFAULT'; UPDATE and DELETE events will contain previous values only for PK columns"}}
{"type":"LOG","log":{"level":"INFO","message":"INFO i.a.w.i.DefaultAirbyteStreamFactory(internalLog):159 INFO i.d.c.p.PostgresSchema(printReplicaIdentityInfo):100 REPLICA IDENTITY for 'test.test_9_timestamp' is 'DEFAULT'; UPDATE and DELETE events will contain previous values only for PK columns"}}
{"type":"LOG","log":{"level":"INFO","message":"INFO i.a.w.i.DefaultAirbyteStreamFactory(internalLog):159 INFO i.d.c.p.PostgresSchema(printReplicaIdentityInfo):100 REPLICA IDENTITY for 'test.test_2_lseg' is 'DEFAULT'; UPDATE and DELETE events will contain previous values only for PK columns"}}
{"type":"LOG","log":{"level":"INFO","message":"INFO i.a.w.i.DefaultAirbyteStreamFactory(internalLog):159 INFO i.d.c.p.PostgresSchema(printReplicaIdentityInfo):100 REPLICA IDENTITY for 'test.test_1_varchar' is 'DEFAULT'; UPDATE and DELETE events will contain previous values only for PK columns"}}
{"type":"LOG","log":{"level":"INFO","message":"INFO i.a.w.i.DefaultAirbyteStreamFactory(internalLog):159 INFO i.d.c.p.PostgresSchema(printReplicaIdentityInfo):100 REPLICA IDENTITY for 'test.test_4_varchar' is 'DEFAULT'; UPDATE and DELETE events will contain previous values only for PK columns"}}
{"type":"LOG","log":{"level":"INFO","message":"INFO i.a.w.i.DefaultAirbyteStreamFactory(internalLog):159 INFO i.d.c.p.PostgresSchema(printReplicaIdentityInfo):100 REPLICA IDENTITY for 'test.test_14_timestamp' is 'DEFAULT'; UPDATE and DELETE events will contain previous values only for PK columns"}}
{"type":"LOG","log":{"level":"INFO","message":"INFO i.a.w.i.DefaultAirbyteStreamFactory(internalLog):159 INFO i.d.c.p.PostgresSchema(printReplicaIdentityInfo):100 REPLICA IDENTITY for 'test.test_1_macaddr' is 'DEFAULT'; UPDATE and DELETE events will contain previous values only for PK columns"}}
{"type":"LOG","log":{"level":"INFO","message":"INFO i.a.w.i.DefaultAirbyteStreamFactory(internalLog):159 INFO i.d.c.p.PostgresSchema(printReplicaIdentityInfo):100 REPLICA IDENTITY for 'test.test_1_int2_array' is 'DEFAULT'; UPDATE and DELETE events will contain previous values only for PK columns"}}
{"type":"LOG","log":{"level":"INFO","message":"INFO i.a.w.i.DefaultAirbyteStreamFactory(internalLog):159 INFO i.d.c.p.PostgresSchema(printReplicaIdentityInfo):100 REPLICA IDENTITY for 'test.test_1_boolean' is 'DEFAULT'; UPDATE and DELETE events will contain previous values only for PK columns"}}
{"type":"LOG","log":{"level":"INFO","message":"INFO i.a.w.i.DefaultAirbyteStreamFactory(internalLog):159 INFO i.d.c.p.PostgresSchema(printReplicaIdentityInfo):100 REPLICA IDENTITY for 'test.test_2_float' is 'DEFAULT'; UPDATE and DELETE events will contain previous values only for PK columns"}}
{"type":"LOG","log":{"level":"INFO","message":"INFO i.a.w.i.DefaultAirbyteStreamFactory(internalLog):159 INFO i.d.c.p.PostgresSchema(printReplicaIdentityInfo):100 REPLICA IDENTITY for 'test.test_1_time' is 'DEFAULT'; UPDATE and DELETE events will contain previous values only for PK columns"}}
{"type":"LOG","log":{"level":"INFO","message":"INFO i.a.w.i.DefaultAirbyteStreamFactory(internalLog):159 INFO i.d.c.p.PostgresSchema(printReplicaIdentityInfo):100 REPLICA IDENTITY for 'test.test_4_time' is 'DEFAULT'; UPDATE and DELETE events will contain previous values only for PK columns"}}
{"type":"LOG","log":{"level":"INFO","message":"INFO i.a.w.i.DefaultAirbyteStreamFactory(internalLog):159 INFO i.d.c.p.PostgresSchema(printReplicaIdentityInfo):100 REPLICA IDENTITY for 'test.test_1_int8_array' is 'DEFAULT'; UPDATE and DELETE events will contain previous values only for PK columns"}}
{"type":"LOG","log":{"level":"INFO","message":"INFO i.a.w.i.DefaultAirbyteStreamFactory(internalLog):159 INFO i.d.c.p.PostgresSchema(printReplicaIdentityInfo):100 REPLICA IDENTITY for 'test.test_1_serial4' is 'DEFAULT'; UPDATE and DELETE events will contain previous values only for PK columns"}}
{"type":"LOG","log":{"level":"INFO","message":"INFO i.a.w.i.DefaultAirbyteStreamFactory(internalLog):159 INFO i.d.c.p.PostgresSchema(printReplicaIdentityInfo):100 REPLICA IDENTITY for 'test.test_11_timestamp' is 'DEFAULT'; UPDATE and DELETE events will contain previous values only for PK columns"}}
{"type":"LOG","log":{"level":"INFO","message":"INFO i.a.w.i.DefaultAirbyteStreamFactory(internalLog):159 INFO i.d.c.p.PostgresSchema(printReplicaIdentityInfo):100 REPLICA IDENTITY for 'test.test_1_date' is 'DEFAULT'; UPDATE and DELETE events will contain previous values only for PK columns"}}
{"type":"LOG","log":{"level":"INFO","message":"INFO i.a.w.i.DefaultAirbyteStreamFactory(internalLog):159 INFO i.d.c.p.PostgresSchema(printReplicaIdentityInfo):100 REPLICA IDENTITY for 'test.test_2_text_array' is 'DEFAULT'; UPDATE and DELETE events will contain previous values only for PK columns"}}
{"type":"LOG","log":{"level":"INFO","message":"INFO i.a.w.i.DefaultAirbyteStreamFactory(internalLog):159 INFO i.d.c.p.PostgresSchema(printReplicaIdentityInfo):100 REPLICA IDENTITY for 'test.test_2_time' is 'DEFAULT'; UPDATE and DELETE events will contain previous values only for PK columns"}}
{"type":"LOG","log":{"level":"INFO","message":"INFO i.a.w.i.DefaultAirbyteStreamFactory(internalLog):159 INFO i.d.c.p.PostgresSchema(printReplicaIdentityInfo):100 REPLICA IDENTITY for 'test.test_2_interval' is 'DEFAULT'; UPDATE and DELETE events will contain previous values only for PK columns"}}
{"type":"LOG","log":{"level":"INFO","message":"INFO i.a.w.i.DefaultAirbyteStreamFactory(internalLog):159 INFO i.d.c.p.PostgresSchema(printReplicaIdentityInfo):100 REPLICA IDENTITY for 'test.test_2_bit_varying' is 'DEFAULT'; UPDATE and DELETE events will contain previous values only for PK columns"}}
{"type":"LOG","log":{"level":"INFO","message":"INFO i.a.w.i.DefaultAirbyteStreamFactory(internalLog):159 INFO i.d.c.p.PostgresSchema(printReplicaIdentityInfo):100 REPLICA IDENTITY for 'test.test_1_numeric' is 'DEFAULT'; UPDATE and DELETE events will contain previous values only for PK columns"}}
{"type":"LOG","log":{"level":"INFO","message":"INFO i.a.w.i.DefaultAirbyteStreamFactory(internalLog):159 INFO i.d.c.p.PostgresSchema(printReplicaIdentityInfo):100 REPLICA IDENTITY for 'test.test_1_uuid' is 'DEFAULT'; UPDATE and DELETE events will contain previous values only for PK columns"}}
{"type":"LOG","log":{"level":"INFO","message":"INFO i.a.w.i.DefaultAirbyteStreamFactory(internalLog):159 INFO i.d.c.p.PostgresSchema(printReplicaIdentityInfo):100 REPLICA IDENTITY for 'test.test_4_bit_varying' is 'DEFAULT'; UPDATE and DELETE events will contain previous values only for PK columns"}}
{"type":"LOG","log":{"level":"INFO","message":"INFO i.a.w.i.DefaultAirbyteStreamFactory(internalLog):159 INFO i.d.c.p.PostgresSchema(printReplicaIdentityInfo):100 REPLICA IDENTITY for 'test.test_3_time' is 'DEFAULT'; UPDATE and DELETE events will contain previous values only for PK columns"}}
{"type":"LOG","log":{"level":"INFO","message":"INFO i.a.w.i.DefaultAirbyteStreamFactory(internalLog):159 INFO i.d.c.p.PostgresSchema(printReplicaIdentityInfo):100 REPLICA IDENTITY for 'test.test_1_bool_array' is 'DEFAULT'; UPDATE and DELETE events will contain previous values only for PK columns"}}
{"type":"LOG","log":{"level":"INFO","message":"INFO i.a.w.i.DefaultAirbyteStreamFactory(internalLog):159 INFO i.d.c.p.PostgresSchema(printReplicaIdentityInfo):100 REPLICA IDENTITY for 'test.test_2_bytea_array' is 'DEFAULT'; UPDATE and DELETE events will contain previous values only for PK columns"}}
{"type":"LOG","log":{"level":"INFO","message":"INFO i.a.w.i.DefaultAirbyteStreamFactory(internalLog):159 INFO i.d.c.p.PostgresSchema(printReplicaIdentityInfo):100 REPLICA IDENTITY for 'test.test_1_int4_array' is 'DEFAULT'; UPDATE and DELETE events will contain previous values only for PK columns"}}
{"type":"LOG","log":{"level":"INFO","message":"INFO i.a.w.i.DefaultAirbyteStreamFactory(internalLog):159 INFO i.d.c.p.PostgresSchema(printReplicaIdentityInfo):100 REPLICA IDENTITY for 'test.test_3_varchar' is 'DEFAULT'; UPDATE and DELETE events will contain previous values only for PK columns"}}
{"type":"LOG","log":{"level":"INFO","message":"INFO i.a.w.i.DefaultAirbyteStreamFactory(internalLog):159 INFO i.d.c.p.PostgresSchema(printReplicaIdentityInfo):100 REPLICA IDENTITY for 'test.test_1_varchar_array' is 'DEFAULT'; UPDATE and DELETE events will contain previous values only for PK columns"}}
{"type":"LOG","log":{"level":"INFO","message":"INFO i.a.w.i.DefaultAirbyteStreamFactory(internalLog):159 INFO i.d.c.p.PostgresSchema(printReplicaIdentityInfo):100 REPLICA IDENTITY for 'test.test_3_numeric_array' is 'DEFAULT'; UPDATE and DELETE events will contain previous values only for PK columns"}}
{"type":"LOG","log":{"level":"INFO","message":"INFO i.a.w.i.DefaultAirbyteStreamFactory(internalLog):159 INFO i.d.c.p.PostgresSchema(printReplicaIdentityInfo):100 REPLICA IDENTITY for 'test.test_1_real' is 'DEFAULT'; UPDATE and DELETE events will contain previous values only for PK columns"}}
{"type":"LOG","log":{"level":"INFO","message":"INFO i.a.w.i.DefaultAirbyteStreamFactory(internalLog):159 INFO i.d.c.p.PostgresSchema(printReplicaIdentityInfo):100 REPLICA IDENTITY for 'test.test_1_money' is 'DEFAULT'; UPDATE and DELETE events will contain previous values only for PK columns"}}
{"type":"LOG","log":{"level":"INFO","message":"INFO i.a.w.i.DefaultAirbyteStreamFactory(internalLog):159 INFO i.d.c.p.PostgresSchema(printReplicaIdentityInfo):100 REPLICA IDENTITY for 'test.test_2_name_array' is 'DEFAULT'; UPDATE and DELETE events will contain previous values only for PK columns"}}
{"type":"LOG","log":{"level":"INFO","message":"INFO i.a.w.i.DefaultAirbyteStreamFactory(internalLog):159 INFO i.d.c.p.PostgresSchema(printReplicaIdentityInfo):100 REPLICA IDENTITY for 'test.test_1_bit_array' is 'DEFAULT'; UPDATE and DELETE events will contain previous values only for PK columns"}}
{"type":"LOG","log":{"level":"INFO","message":"INFO i.a.w.i.DefaultAirbyteStreamFactory(internalLog):159 INFO i.d.c.p.PostgresSchema(printReplicaIdentityInfo):100 REPLICA IDENTITY for 'test.test_1_pg_lsn' is 'DEFAULT'; UPDATE and DELETE events will contain previous values only for PK columns"}}
{"type":"LOG","log":{"level":"INFO","message":"INFO i.a.w.i.DefaultAirbyteStreamFactory(internalLog):159 INFO i.d.c.p.PostgresSchema(printReplicaIdentityInfo):100 REPLICA IDENTITY for 'test.test_2_boolean' is 'DEFAULT'; UPDATE and DELETE events will contain previous values only for PK columns"}}
{"type":"LOG","log":{"level":"INFO","message":"INFO i.a.w.i.DefaultAirbyteStreamFactory(internalLog):159 INFO i.d.c.p.PostgresSchema(printReplicaIdentityInfo):100 REPLICA IDENTITY for 'test.test_1_jsonb' is 'DEFAULT'; UPDATE and DELETE events will contain previous values only for PK columns"}}
{"type":"LOG","log":{"level":"INFO","message":"INFO i.a.w.i.DefaultAirbyteStreamFactory(internalLog):159 INFO i.d.c.p.PostgresSchema(printReplicaIdentityInfo):100 REPLICA IDENTITY for 'test.test_2_integer' is 'DEFAULT'; UPDATE and DELETE events will contain previous values only for PK columns"}}
{"type":"LOG","log":{"level":"INFO","message":"INFO i.a.w.i.DefaultAirbyteStreamFactory(internalLog):159 INFO i.d.c.p.PostgresSchema(printReplicaIdentityInfo):100 REPLICA IDENTITY for 'test.test_3_timestamp' is 'DEFAULT'; UPDATE and DELETE events will contain previous values only for PK columns"}}
{"type":"LOG","log":{"level":"INFO","message":"INFO i.a.w.i.DefaultAirbyteStreamFactory(internalLog):159 INFO i.d.c.p.PostgresSchema(printReplicaIdentityInfo):100 REPLICA IDENTITY for 'test.test_1_decimal' is 'DEFAULT'; UPDATE and DELETE events will contain previous values only for PK columns"}}
{"type":"LOG","log":{"level":"INFO","message":"INFO i.a.w.i.DefaultAirbyteStreamFactory(internalLog):159 INFO i.d.c.p.PostgresSchema(printReplicaIdentityInfo):100 REPLICA IDENTITY for 'test.test_4_numeric' is 'DEFAULT'; UPDATE and DELETE events will contain previous values only for PK columns"}}
{"type":"LOG","log":{"level":"INFO","message":"INFO i.a.w.i.DefaultAirbyteStreamFactory(internalLog):159 INFO i.d.c.p.PostgresSchema(printReplicaIdentityInfo):100 REPLICA IDENTITY for 'test.test_2_money_array' is 'DEFAULT'; UPDATE and DELETE events will contain previous values only for PK columns"}}
{"type":"LOG","log":{"level":"INFO","message":"INFO i.a.w.i.DefaultAirbyteStreamFactory(internalLog):159 INFO i.d.c.p.PostgresSchema(printReplicaIdentityInfo):100 REPLICA IDENTITY for 'test.test_1_smallserial' is 'DEFAULT'; UPDATE and DELETE events will contain previous values only for PK columns"}}
{"type":"LOG","log":{"level":"INFO","message":"INFO i.a.w.i.DefaultAirbyteStreamFactory(internalLog):159 INFO i.d.c.p.PostgresSchema(printReplicaIdentityInfo):100 REPLICA IDENTITY for 'test.test_4_timetz' is 'DEFAULT'; UPDATE and DELETE events will contain previous values only for PK columns"}}
{"type":"LOG","log":{"level":"INFO","message":"INFO i.a.w.i.DefaultAirbyteStreamFactory(internalLog):159 INFO i.d.c.p.PostgresSchema(printReplicaIdentityInfo):100 REPLICA IDENTITY for 'test.test_1_date_array' is 'DEFAULT'; UPDATE and DELETE events will contain previous values only for PK columns"}}
{"type":"LOG","log":{"level":"INFO","message":"INFO i.a.w.i.DefaultAirbyteStreamFactory(internalLog):159 INFO i.d.c.p.PostgresSchema(printReplicaIdentityInfo):100 REPLICA IDENTITY for 'test.test_12_timestamp' is 'DEFAULT'; UPDATE and DELETE events will contain previous values only for PK columns"}}
{"type":"LOG","log":{"level":"INFO","message":"INFO i.a.w.i.DefaultAirbyteStreamFactory(internalLog):159 INFO i.d.c.p.PostgresSchema(printReplicaIdentityInfo):100 REPLICA IDENTITY for 'test.test_2_float8' is 'DEFAULT'; UPDATE and DELETE events will contain previous values only for PK columns"}}
{"type":"LOG","log":{"level":"INFO","message":"INFO i.a.w.i.DefaultAirbyteStreamFactory(internalLog):159 INFO i.d.c.p.PostgresSchema(printReplicaIdentityInfo):100 REPLICA IDENTITY for 'test.test_1_timetz' is 'DEFAULT'; UPDATE and DELETE events will contain previous values only for PK columns"}}
{"type":"LOG","log":{"level":"INFO","message":"INFO i.a.w.i.DefaultAirbyteStreamFactory(internalLog):159 INFO i.d.c.p.PostgresSchema(printReplicaIdentityInfo):100 REPLICA IDENTITY for 'test.test_2_bpchar_array' is 'DEFAULT'; UPDATE and DELETE events will contain previous values only for PK columns"}}
{"type":"LOG","log":{"level":"INFO","message":"INFO i.a.w.i.DefaultAirbyteStreamFactory(internalLog):159 INFO i.d.c.p.PostgresSchema(printReplicaIdentityInfo):100 REPLICA IDENTITY for 'test.test_2_jsonb' is 'DEFAULT'; UPDATE and DELETE events will contain previous values only for PK columns"}}
{"type":"LOG","log":{"level":"INFO","message":"INFO i.a.w.i.DefaultAirbyteStreamFactory(internalLog):159 INFO i.d.c.p.PostgresSchema(printReplicaIdentityInfo):100 REPLICA IDENTITY for 'test.test_2_tsvector' is 'DEFAULT'; UPDATE and DELETE events will contain previous values only for PK columns"}}
{"type":"LOG","log":{"level":"INFO","message":"INFO i.a.w.i.DefaultAirbyteStreamFactory(internalLog):159 INFO i.d.c.p.PostgresSchema(printReplicaIdentityInfo):100 REPLICA IDENTITY for 'test.test_2_bit_array' is 'DEFAULT'; UPDATE and DELETE events will contain previous values only for PK columns"}}
{"type":"LOG","log":{"level":"INFO","message":"INFO i.a.w.i.DefaultAirbyteStreamFactory(internalLog):159 INFO i.d.c.p.PostgresSchema(printReplicaIdentityInfo):100 REPLICA IDENTITY for 'test.test_2_float4' is 'DEFAULT'; UPDATE and DELETE events will contain previous values only for PK columns"}}
{"type":"LOG","log":{"level":"INFO","message":"INFO i.a.w.i.DefaultAirbyteStreamFactory(internalLog):159 INFO i.d.c.p.PostgresSchema(printReplicaIdentityInfo):100 REPLICA IDENTITY for 'test.test_1_cidr' is 'DEFAULT'; UPDATE and DELETE events will contain previous values only for PK columns"}}
{"type":"LOG","log":{"level":"INFO","message":"INFO i.a.w.i.DefaultAirbyteStreamFactory(internalLog):159 INFO i.d.c.p.PostgresSchema(printReplicaIdentityInfo):100 REPLICA IDENTITY for 'test.test_2_timestamp_array' is 'DEFAULT'; UPDATE and DELETE events will contain previous values only for PK columns"}}
{"type":"LOG","log":{"level":"INFO","message":"INFO i.a.w.i.DefaultAirbyteStreamFactory(internalLog):159 INFO i.d.c.p.PostgresSchema(printReplicaIdentityInfo):100 REPLICA IDENTITY for 'test.test_2_hstore' is 'DEFAULT'; UPDATE and DELETE events will contain previous values only for PK columns"}}
{"type":"LOG","log":{"level":"INFO","message":"INFO i.a.w.i.DefaultAirbyteStreamFactory(internalLog):159 INFO i.d.c.p.PostgresSchema(printReplicaIdentityInfo):100 REPLICA IDENTITY for 'test.test_2_timestamptz_array' is 'DEFAULT'; UPDATE and DELETE events will contain previous values only for PK columns"}}
{"type":"LOG","log":{"level":"INFO","message":"INFO i.a.w.i.DefaultAirbyteStreamFactory(internalLog):159 INFO i.d.c.p.PostgresSchema(printReplicaIdentityInfo):100 REPLICA IDENTITY for 'test.test_2_json' is 'DEFAULT'; UPDATE and DELETE events will contain previous values only for PK columns"}}
{"type":"LOG","log":{"level":"INFO","message":"INFO i.a.w.i.DefaultAirbyteStreamFactory(internalLog):159 INFO i.d.c.p.PostgresSchema(printReplicaIdentityInfo):100 REPLICA IDENTITY for 'test.test_2_timestamp' is 'DEFAULT'; UPDATE and DELETE events will contain previous values only for PK columns"}}
{"type":"LOG","log":{"level":"INFO","message":"INFO i.a.w.i.DefaultAirbyteStreamFactory(internalLog):159 INFO i.d.c.p.PostgresSchema(printReplicaIdentityInfo):100 REPLICA IDENTITY for 'test.test_1_bigint' is 'DEFAULT'; UPDATE and DELETE events will contain previous values only for PK columns"}}
{"type":"LOG","log":{"level":"INFO","message":"INFO i.a.w.i.DefaultAirbyteStreamFactory(internalLog):159 INFO i.d.c.p.PostgresSchema(printReplicaIdentityInfo):100 REPLICA IDENTITY for 'test.test_2_bool' is 'DEFAULT'; UPDATE and DELETE events will contain previous values only for PK columns"}}
{"type":"LOG","log":{"level":"INFO","message":"INFO i.a.w.i.DefaultAirbyteStreamFactory(internalLog):159 INFO i.d.c.p.PostgresSchema(printReplicaIdentityInfo):100 REPLICA IDENTITY for 'test.test_2_macaddr8' is 'DEFAULT'; UPDATE and DELETE events will contain previous values only for PK columns"}}
{"type":"LOG","log":{"level":"INFO","message":"INFO i.a.w.i.DefaultAirbyteStreamFactory(internalLog):159 INFO i.d.c.p.PostgresSchema(printReplicaIdentityInfo):100 REPLICA IDENTITY for 'test.test_2_oid_array' is 'DEFAULT'; UPDATE and DELETE events will contain previous values only for PK columns"}}
{"type":"LOG","log":{"level":"INFO","message":"INFO i.a.w.i.DefaultAirbyteStreamFactory(internalLog):159 INFO i.d.c.p.PostgresSchema(printReplicaIdentityInfo):100 REPLICA IDENTITY for 'test.test_1_bit' is 'DEFAULT'; UPDATE and DELETE events will contain previous values only for PK columns"}}
{"type":"LOG","log":{"level":"INFO","message":"INFO i.a.w.i.DefaultAirbyteStreamFactory(internalLog):159 INFO i.d.c.p.PostgresSchema(printReplicaIdentityInfo):100 REPLICA IDENTITY for 'test.test_2_mood' is 'DEFAULT'; UPDATE and DELETE events will contain previous values only for PK columns"}}
{"type":"LOG","log":{"level":"INFO","message":"INFO i.a.w.i.DefaultAirbyteStreamFactory(internalLog):159 INFO i.d.c.p.PostgresSchema(printReplicaIdentityInfo):100 REPLICA IDENTITY for 'test.test_1_polygon' is 'DEFAULT'; UPDATE and DELETE events will contain previous values only for PK columns"}}
{"type":"LOG","log":{"level":"INFO","message":"INFO i.a.w.i.DefaultAirbyteStreamFactory(internalLog):159 INFO i.d.c.p.PostgresSchema(printReplicaIdentityInfo):100 REPLICA IDENTITY for 'test.test_1_char' is 'DEFAULT'; UPDATE and DELETE events will contain previous values only for PK columns"}}
{"type":"LOG","log":{"level":"INFO","message":"INFO i.a.w.i.DefaultAirbyteStreamFactory(internalLog):159 INFO i.d.c.p.PostgresSchema(printReplicaIdentityInfo):100 REPLICA IDENTITY for 'test.test_6_date' is 'DEFAULT'; UPDATE and DELETE events will contain previous values only for PK columns"}}
{"type":"LOG","log":{"level":"INFO","message":"INFO i.a.w.i.DefaultAirbyteStreamFactory(internalLog):159 INFO i.d.c.p.PostgresSchema(printReplicaIdentityInfo):100 REPLICA IDENTITY for 'test.test_2_double_precision' is 'DEFAULT'; UPDATE and DELETE events will contain previous values only for PK columns"}}
{"type":"LOG","log":{"level":"INFO","message":"INFO i.a.w.i.DefaultAirbyteStreamFactory(internalLog):159 INFO i.d.c.p.PostgresSchema(printReplicaIdentityInfo):100 REPLICA IDENTITY for 'test.test_1_numeric_array' is 'DEFAULT'; UPDATE and DELETE events will contain previous values only for PK columns"}}
{"type":"LOG","log":{"level":"INFO","message":"INFO i.a.w.i.DefaultAirbyteStreamFactory(internalLog):159 INFO i.d.c.p.PostgresSchema(printReplicaIdentityInfo):100 REPLICA IDENTITY for 'test.test_2_box' is 'DEFAULT'; UPDATE and DELETE events will contain previous values only for PK columns"}}
{"type":"LOG","log":{"level":"INFO","message":"INFO i.a.w.i.DefaultAirbyteStreamFactory(internalLog):159 INFO i.d.c.p.PostgresSchema(printReplicaIdentityInfo):100 REPLICA IDENTITY for 'test.test_2_inventory_item' is 'DEFAULT'; UPDATE and DELETE events will contain previous values only for PK columns"}}
{"type":"LOG","log":{"level":"INFO","message":"INFO i.a.w.i.DefaultAirbyteStreamFactory(internalLog):159 INFO i.d.c.p.PostgresSchema(printReplicaIdentityInfo):100 REPLICA IDENTITY for 'test.test_1_timestamp' is 'DEFAULT'; UPDATE and DELETE events will contain previous values only for PK columns"}}
{"type":"LOG","log":{"level":"INFO","message":"INFO i.a.w.i.DefaultAirbyteStreamFactory(internalLog):159 INFO i.d.c.p.PostgresSchema(printReplicaIdentityInfo):100 REPLICA IDENTITY for 'test.test_2_circle' is 'DEFAULT'; UPDATE and DELETE events will contain previous values only for PK columns"}}
{"type":"LOG","log":{"level":"INFO","message":"INFO i.a.w.i.DefaultAirbyteStreamFactory(internalLog):159 INFO i.d.c.p.PostgresSchema(printReplicaIdentityInfo):100 REPLICA IDENTITY for 'test.test_3_timestamptz' is 'DEFAULT'; UPDATE and DELETE events will contain previous values only for PK columns"}}
{"type":"LOG","log":{"level":"INFO","message":"INFO i.a.w.i.DefaultAirbyteStreamFactory(internalLog):159 INFO i.d.c.p.PostgresSchema(printReplicaIdentityInfo):100 REPLICA IDENTITY for 'test.test_1_int2' is 'DEFAULT'; UPDATE and DELETE events will contain previous values only for PK columns"}}
{"type":"LOG","log":{"level":"INFO","message":"INFO i.a.w.i.DefaultAirbyteStreamFactory(internalLog):159 INFO i.d.c.p.PostgresSchema(printReplicaIdentityInfo):100 REPLICA IDENTITY for 'test.test_1_int4' is 'DEFAULT'; UPDATE and DELETE events will contain previous values only for PK columns"}}
{"type":"LOG","log":{"level":"INFO","message":"INFO i.a.w.i.DefaultAirbyteStreamFactory(internalLog):159 INFO i.d.c.p.PostgresSchema(printReplicaIdentityInfo):100 REPLICA IDENTITY for 'test.test_2_timestamptz' is 'DEFAULT'; UPDATE and DELETE events will contain previous values only for PK columns"}}
{"type":"LOG","log":{"level":"INFO","message":"INFO i.a.w.i.DefaultAirbyteStreamFactory(internalLog):159 INFO i.d.c.p.PostgresSchema(printReplicaIdentityInfo):100 REPLICA IDENTITY for 'test.test_1_timestamptz' is 'DEFAULT'; UPDATE and DELETE events will contain previous values only for PK columns"}}
{"type":"LOG","log":{"level":"INFO","message":"INFO i.a.w.i.DefaultAirbyteStreamFactory(internalLog):159 INFO i.d.c.p.PostgresSchema(printReplicaIdentityInfo):100 REPLICA IDENTITY for 'test.test_2_char' is 'DEFAULT'; UPDATE and DELETE events will contain previous values only for PK columns"}}
{"type":"LOG","log":{"level":"INFO","message":"INFO i.a.w.i.DefaultAirbyteStreamFactory(internalLog):159 INFO i.d.c.p.PostgresSchema(printReplicaIdentityInfo):100 REPLICA IDENTITY for 'test.test_1_path' is 'DEFAULT'; UPDATE and DELETE events will contain previous values only for PK columns"}}
{"type":"LOG","log":{"level":"INFO","message":"INFO i.a.w.i.DefaultAirbyteStreamFactory(internalLog):159 INFO i.d.c.p.PostgresSchema(printReplicaIdentityInfo):100 REPLICA IDENTITY for 'test.test_1_bpchar_array' is 'DEFAULT'; UPDATE and DELETE events will contain previous values only for PK columns"}}
{"type":"LOG","log":{"level":"INFO","message":"INFO i.a.w.i.DefaultAirbyteStreamFactory(internalLog):159 INFO i.d.c.p.PostgresSchema(printReplicaIdentityInfo):100 REPLICA IDENTITY for 'test.test_2_character' is 'DEFAULT'; UPDATE and DELETE events will contain previous values only for PK columns"}}
{"type":"LOG","log":{"level":"INFO","message":"INFO i.a.w.i.DefaultAirbyteStreamFactory(internalLog):159 INFO i.d.c.p.PostgresSchema(printReplicaIdentityInfo):100 REPLICA IDENTITY for 'test.test_3_numeric' is 'DEFAULT'; UPDATE and DELETE events will contain previous values only for PK columns"}}
{"type":"LOG","log":{"level":"INFO","message":"INFO i.a.w.i.DefaultAirbyteStreamFactory(internalLog):159 INFO i.d.c.p.PostgresSchema(printReplicaIdentityInfo):100 REPLICA IDENTITY for 'test.test_9_time' is 'DEFAULT'; UPDATE and DELETE events will contain previous values only for PK columns"}}
{"type":"LOG","log":{"level":"INFO","message":"INFO i.a.w.i.DefaultAirbyteStreamFactory(internalLog):159 INFO i.d.c.p.PostgresSchema(printReplicaIdentityInfo):100 REPLICA IDENTITY for 'test.test_2_varchar' is 'DEFAULT'; UPDATE and DELETE events will contain previous values only for PK columns"}}
{"type":"LOG","log":{"level":"INFO","message":"INFO i.a.w.i.DefaultAirbyteStreamFactory(internalLog):159 INFO i.d.c.p.PostgresSchema(printReplicaIdentityInfo):100 REPLICA IDENTITY for 'test.test_2_text' is 'DEFAULT'; UPDATE and DELETE events will contain previous values only for PK columns"}}
{"type":"LOG","log":{"level":"INFO","message":"INFO i.a.w.i.DefaultAirbyteStreamFactory(internalLog):159 INFO i.d.c.p.PostgresSchema(printReplicaIdentityInfo):100 REPLICA IDENTITY for 'test.test_2_bigint' is 'DEFAULT'; UPDATE and DELETE events will contain previous values only for PK columns"}}
{"type":"LOG","log":{"level":"INFO","message":"INFO i.a.w.i.DefaultAirbyteStreamFactory(internalLog):159 INFO i.d.c.p.PostgresSchema(printReplicaIdentityInfo):100 REPLICA IDENTITY for 'test.test_1_tsvector' is 'DEFAULT'; UPDATE and DELETE events will contain previous values only for PK columns"}}
{"type":"LOG","log":{"level":"INFO","message":"INFO i.a.w.i.DefaultAirbyteStreamFactory(internalLog):159 INFO i.d.c.p.PostgresSchema(printReplicaIdentityInfo):100 REPLICA IDENTITY for 'test.test_2_polygon' is 'DEFAULT'; UPDATE and DELETE events will contain previous values only for PK columns"}}
{"type":"LOG","log":{"level":"INFO","message":"INFO i.a.w.i.DefaultAirbyteStreamFactory(internalLog):159 INFO i.d.c.p.PostgresSchema(printReplicaIdentityInfo):100 REPLICA IDENTITY for 'test.random_dummy_table' is 'DEFAULT'; UPDATE and DELETE events will contain previous values only for PK columns"}}
{"type":"LOG","log":{"level":"INFO","message":"INFO i.a.w.i.DefaultAirbyteStreamFactory(internalLog):159 INFO i.d.c.p.PostgresSchema(printReplicaIdentityInfo):100 REPLICA IDENTITY for 'test.test_4_bit' is 'DEFAULT'; UPDATE and DELETE events will contain previous values only for PK columns"}}
{"type":"LOG","log":{"level":"INFO","message":"INFO i.a.w.i.DefaultAirbyteStreamFactory(internalLog):159 INFO i.d.c.p.PostgresSchema(printReplicaIdentityInfo):100 REPLICA IDENTITY for 'test.test_3_character' is 'DEFAULT'; UPDATE and DELETE events will contain previous values only for PK columns"}}
{"type":"LOG","log":{"level":"INFO","message":"INFO i.a.w.i.DefaultAirbyteStreamFactory(internalLog):159 INFO i.d.c.p.PostgresSchema(printReplicaIdentityInfo):100 REPLICA IDENTITY for 'test.test_4_numeric_array' is 'DEFAULT'; UPDATE and DELETE events will contain previous values only for PK columns"}}
{"type":"LOG","log":{"level":"INFO","message":"INFO i.a.w.i.DefaultAirbyteStreamFactory(internalLog):159 INFO i.d.c.p.PostgresSchema(printReplicaIdentityInfo):100 REPLICA IDENTITY for 'test.test_1_line' is 'DEFAULT'; UPDATE and DELETE events will contain previous values only for PK columns"}}
{"type":"LOG","log":{"level":"INFO","message":"INFO i.a.w.i.DefaultAirbyteStreamFactory(internalLog):159 INFO i.d.c.p.PostgresSchema(printReplicaIdentityInfo):100 REPLICA IDENTITY for 'test.test_4_date' is 'DEFAULT'; UPDATE and DELETE events will contain previous values only for PK columns"}}
{"type":"LOG","log":{"level":"INFO","message":"INFO i.a.w.i.DefaultAirbyteStreamFactory(internalLog):159 INFO i.d.c.p.PostgresSchema(printReplicaIdentityInfo):100 REPLICA IDENTITY for 'test.test_1_macaddr8' is 'DEFAULT'; UPDATE and DELETE events will contain previous values only for PK columns"}}
{"type":"LOG","log":{"level":"INFO","message":"INFO i.a.w.i.DefaultAirbyteStreamFactory(internalLog):159 INFO i.d.c.p.PostgresSchema(printReplicaIdentityInfo):100 REPLICA IDENTITY for 'test.test_6_numeric' is 'DEFAULT'; UPDATE and DELETE events will contain previous values only for PK columns"}}
{"type":"LOG","log":{"level":"INFO","message":"INFO i.a.w.i.DefaultAirbyteStreamFactory(internalLog):159 INFO i.d.c.p.PostgresSchema(printReplicaIdentityInfo):100 REPLICA IDENTITY for 'test.test_5_decimal_array' is 'DEFAULT'; UPDATE and DELETE events will contain previous values only for PK columns"}}
{"type":"LOG","log":{"level":"INFO","message":"INFO i.a.w.i.DefaultAirbyteStreamFactory(internalLog):159 INFO i.d.c.p.PostgresSchema(printReplicaIdentityInfo):100 REPLICA IDENTITY for 'test.test_2_timetz' is 'DEFAULT'; UPDATE and DELETE events will contain previous values only for PK columns"}}
{"type":"LOG","log":{"level":"INFO","message":"INFO i.a.w.i.DefaultAirbyteStreamFactory(internalLog):159 INFO i.d.c.p.PostgresSchema(printReplicaIdentityInfo):100 REPLICA IDENTITY for 'test.test_1_float4' is 'DEFAULT'; UPDATE and DELETE events will contain previous values only for PK columns"}}
{"type":"LOG","log":{"level":"INFO","message":"INFO i.a.w.i.DefaultAirbyteStreamFactory(internalLog):159 INFO i.d.c.p.PostgresSchema(printReplicaIdentityInfo):100 REPLICA IDENTITY for 'test.test_2_xml' is 'DEFAULT'; UPDATE and DELETE events will contain previous values only for PK columns"}}
{"type":"LOG","log":{"level":"INFO","message":"INFO i.a.w.i.DefaultAirbyteStreamFactory(internalLog):159 INFO i.d.c.p.PostgresSchema(printReplicaIdentityInfo):100 REPLICA IDENTITY for 'test.test_2_real' is 'DEFAULT'; UPDATE and DELETE events will contain previous values only for PK columns"}}
{"type":"LOG","log":{"level":"INFO","message":"INFO i.a.w.i.DefaultAirbyteStreamFactory(internalLog):159 INFO i.d.c.p.PostgresSchema(printReplicaIdentityInfo):100 REPLICA IDENTITY for 'test.test_4_character' is 'DEFAULT'; UPDATE and DELETE events will contain previous values only for PK columns"}}
{"type":"LOG","log":{"level":"INFO","message":"INFO i.a.w.i.DefaultAirbyteStreamFactory(internalLog):159 INFO i.d.c.p.PostgresSchema(printReplicaIdentityInfo):100 REPLICA IDENTITY for 'test.test_1_float8' is 'DEFAULT'; UPDATE and DELETE events will contain previous values only for PK columns"}}
{"type":"LOG","log":{"level":"INFO","message":"INFO i.a.w.i.DefaultAirbyteStreamFactory(internalLog):159 INFO i.d.c.p.PostgresSchema(printReplicaIdentityInfo):100 REPLICA IDENTITY for 'test.test_2_serial' is 'DEFAULT'; UPDATE and DELETE events will contain previous values only for PK columns"}}
{"type":"LOG","log":{"level":"INFO","message":"INFO i.a.w.i.DefaultAirbyteStreamFactory(internalLog):159 INFO i.d.c.p.PostgresSchema(printReplicaIdentityInfo):100 REPLICA IDENTITY for 'test.test_6_decimal_array' is 'DEFAULT'; UPDATE and DELETE events will contain previous values only for PK columns"}}
{"type":"LOG","log":{"level":"INFO","message":"INFO i.a.w.i.DefaultAirbyteStreamFactory(internalLog):159 INFO i.d.c.p.PostgresSchema(printReplicaIdentityInfo):100 REPLICA IDENTITY for 'test.test_2_smallint' is 'DEFAULT'; UPDATE and DELETE events will contain previous values only for PK columns"}}
{"type":"LOG","log":{"level":"INFO","message":"INFO i.a.w.i.DefaultAirbyteStreamFactory(internalLog):159 INFO i.d.c.p.PostgresSchema(printReplicaIdentityInfo):100 REPLICA IDENTITY for 'test.test_1_character' is 'DEFAULT'; UPDATE and DELETE events will contain previous values only for PK columns"}}
{"type":"LOG","log":{"level":"INFO","message":"INFO i.a.w.i.DefaultAirbyteStreamFactory(internalLog):159 INFO i.d.c.p.PostgresSchema(printReplicaIdentityInfo):100 REPLICA IDENTITY for 'test.test_2_tsquery' is 'DEFAULT'; UPDATE and DELETE events will contain previous values only for PK columns"}}
{"type":"LOG","log":{"level":"INFO","message":"INFO i.a.w.i.DefaultAirbyteStreamFactory(internalLog):159 INFO i.d.c.p.PostgresSchema(printReplicaIdentityInfo):100 REPLICA IDENTITY for 'test.test_5_numeric_array' is 'DEFAULT'; UPDATE and DELETE events will contain previous values only for PK columns"}}
{"type":"LOG","log":{"level":"INFO","message":"INFO i.a.w.i.DefaultAirbyteStreamFactory(internalLog):159 INFO i.d.c.p.PostgresSchema(printReplicaIdentityInfo):100 REPLICA IDENTITY for 'test.test_2_cidr' is 'DEFAULT'; UPDATE and DELETE events will contain previous values only for PK columns"}}
{"type":"LOG","log":{"level":"INFO","message":"INFO i.a.w.i.DefaultAirbyteStreamFactory(internalLog):159 INFO i.d.c.p.PostgresSchema(printReplicaIdentityInfo):100 REPLICA IDENTITY for 'test.test_9_numeric' is 'DEFAULT'; UPDATE and DELETE events will contain previous values only for PK columns"}}
{"type":"LOG","log":{"level":"INFO","message":"INFO i.a.w.i.DefaultAirbyteStreamFactory(internalLog):159 INFO i.d.c.p.PostgresSchema(printReplicaIdentityInfo):100 REPLICA IDENTITY for 'test.test_7_time' is 'DEFAULT'; UPDATE and DELETE events will contain previous values only for PK columns"}}
{"type":"LOG","log":{"level":"INFO","message":"INFO i.a.w.i.DefaultAirbyteStreamFactory(internalLog):159 INFO i.d.c.p.PostgresSchema(printReplicaIdentityInfo):100 REPLICA IDENTITY for 'test.test_1_inventory_item' is 'DEFAULT'; UPDATE and DELETE events will contain previous values only for PK columns"}}
{"type":"LOG","log":{"level":"INFO","message":"INFO i.a.w.i.DefaultAirbyteStreamFactory(internalLog):159 INFO i.d.c.p.PostgresSchema(printReplicaIdentityInfo):100 REPLICA IDENTITY for 'test.test_2_int' is 'DEFAULT'; UPDATE and DELETE events will contain previous values only for PK columns"}}
{"type":"LOG","log":{"level":"INFO","message":"INFO i.a.w.i.DefaultAirbyteStreamFactory(internalLog):159 INFO i.d.c.p.PostgresSchema(printReplicaIdentityInfo):100 REPLICA IDENTITY for 'test.test_2_serial4' is 'DEFAULT'; UPDATE and DELETE events will contain previous values only for PK columns"}}
{"type":"LOG","log":{"level":"INFO","message":"INFO i.a.w.i.DefaultAirbyteStreamFactory(internalLog):159 INFO i.d.c.p.PostgresSchema(printReplicaIdentityInfo):100 REPLICA IDENTITY for 'test.test_2_serial2' is 'DEFAULT'; UPDATE and DELETE events will contain previous values only for PK columns"}}
{"type":"LOG","log":{"level":"INFO","message":"INFO i.a.w.i.DefaultAirbyteStreamFactory(internalLog):159 INFO i.d.c.p.PostgresSchema(printReplicaIdentityInfo):100 REPLICA IDENTITY for 'test.test_2_decimal_array' is 'DEFAULT'; UPDATE and DELETE events will contain previous values only for PK columns"}}
{"type":"LOG","log":{"level":"INFO","message":"INFO i.a.w.i.DefaultAirbyteStreamFactory(internalLog):159 INFO i.d.c.p.PostgresSchema(printReplicaIdentityInfo):100 REPLICA IDENTITY for 'test.test_5_numeric' is 'DEFAULT'; UPDATE and DELETE events will contain previous values only for PK columns"}}
{"type":"LOG","log":{"level":"INFO","message":"INFO i.a.w.i.DefaultAirbyteStreamFactory(internalLog):159 INFO i.d.c.p.PostgresSchema(printReplicaIdentityInfo):100 REPLICA IDENTITY for 'test.test_1_float8_array' is 'DEFAULT'; UPDATE and DELETE events will contain previous values only for PK columns"}}
{"type":"LOG","log":{"level":"INFO","message":"INFO i.a.w.i.DefaultAirbyteStreamFactory(internalLog):159 INFO i.d.c.p.PostgresSchema(printReplicaIdentityInfo):100 REPLICA IDENTITY for 'test.test_3_bit_varying' is 'DEFAULT'; UPDATE and DELETE events will contain previous values only for PK columns"}}
{"type":"LOG","log":{"level":"INFO","message":"INFO i.a.w.i.DefaultAirbyteStreamFactory(internalLog):159 INFO i.d.c.p.PostgresSchema(printReplicaIdentityInfo):100 REPLICA IDENTITY for 'test.test_6_numeric_array' is 'DEFAULT'; UPDATE and DELETE events will contain previous values only for PK columns"}}
{"type":"LOG","log":{"level":"INFO","message":"INFO i.a.w.i.DefaultAirbyteStreamFactory(internalLog):159 INFO i.d.c.p.PostgresSchema(printReplicaIdentityInfo):100 REPLICA IDENTITY for 'test.test_1_bytea_array' is 'DEFAULT'; UPDATE and DELETE events will contain previous values only for PK columns"}}
{"type":"LOG","log":{"level":"INFO","message":"INFO i.a.w.i.DefaultAirbyteStreamFactory(internalLog):159 INFO i.d.c.p.PostgresSchema(printReplicaIdentityInfo):100 REPLICA IDENTITY for 'test.test_10_timestamp' is 'DEFAULT'; UPDATE and DELETE events will contain previous values only for PK columns"}}
{"type":"LOG","log":{"level":"INFO","message":"INFO i.a.w.i.DefaultAirbyteStreamFactory(internalLog):159 INFO i.d.c.p.PostgresSchema(printReplicaIdentityInfo):100 REPLICA IDENTITY for 'test.test_1_timestamptz_array' is 'DEFAULT'; UPDATE and DELETE events will contain previous values only for PK columns"}}
{"type":"LOG","log":{"level":"INFO","message":"INFO i.a.w.i.DefaultAirbyteStreamFactory(internalLog):159 INFO i.d.c.p.PostgresSchema(printReplicaIdentityInfo):100 REPLICA IDENTITY for 'test.test_1_float' is 'DEFAULT'; UPDATE and DELETE events will contain previous values only for PK columns"}}
{"type":"LOG","log":{"level":"INFO","message":"INFO i.a.w.i.DefaultAirbyteStreamFactory(internalLog):159 INFO i.d.c.p.PostgresSchema(printReplicaIdentityInfo):100 REPLICA IDENTITY for 'test.test_4_timestamp' is 'DEFAULT'; UPDATE and DELETE events will contain previous values only for PK columns"}}
{"type":"LOG","log":{"level":"INFO","message":"INFO i.a.w.i.DefaultAirbyteStreamFactory(internalLog):159 INFO i.d.c.p.PostgresSchema(printReplicaIdentityInfo):100 REPLICA IDENTITY for 'test.test_2_int2_array' is 'DEFAULT'; UPDATE and DELETE events will contain previous values only for PK columns"}}
{"type":"LOG","log":{"level":"INFO","message":"INFO i.a.w.i.DefaultAirbyteStreamFactory(internalLog):159 INFO i.d.c.p.PostgresSchema(printReplicaIdentityInfo):100 REPLICA IDENTITY for 'test.test_16_timestamp' is 'DEFAULT'; UPDATE and DELETE events will contain previous values only for PK columns"}}
{"type":"LOG","log":{"level":"INFO","message":"INFO i.a.w.i.DefaultAirbyteStreamFactory(internalLog):159 INFO i.d.c.p.PostgresSchema(printReplicaIdentityInfo):100 REPLICA IDENTITY for 'test.test_1_inet' is 'DEFAULT'; UPDATE and DELETE events will contain previous values only for PK columns"}}
{"type":"LOG","log":{"level":"INFO","message":"INFO i.a.w.i.DefaultAirbyteStreamFactory(internalLog):159 INFO i.d.c.p.PostgresSchema(printReplicaIdentityInfo):100 REPLICA IDENTITY for 'test.test_2_point' is 'DEFAULT'; UPDATE and DELETE events will contain previous values only for PK columns"}}
{"type":"LOG","log":{"level":"INFO","message":"INFO i.a.w.i.DefaultAirbyteStreamFactory(internalLog):159 INFO i.d.c.p.PostgresSchema(printReplicaIdentityInfo):100 REPLICA IDENTITY for 'test.test_2_date' is 'DEFAULT'; UPDATE and DELETE events will contain previous values only for PK columns"}}
{"type":"LOG","log":{"level":"INFO","message":"INFO i.a.w.i.DefaultAirbyteStreamFactory(internalLog):159 INFO i.d.c.p.PostgresSchema(printReplicaIdentityInfo):100 REPLICA IDENTITY for 'test.test_1_hstore' is 'DEFAULT'; UPDATE and DELETE events will contain previous values only for PK columns"}}
{"type":"LOG","log":{"level":"INFO","message":"INFO i.a.w.i.DefaultAirbyteStreamFactory(internalLog):159 INFO i.d.c.p.PostgresSchema(printReplicaIdentityInfo):100 REPLICA IDENTITY for 'test.test_2_macaddr' is 'DEFAULT'; UPDATE and DELETE events will contain previous values only for PK columns"}}
{"type":"LOG","log":{"level":"INFO","message":"INFO i.a.w.i.DefaultAirbyteStreamFactory(internalLog):159 INFO i.d.c.p.PostgresSchema(printReplicaIdentityInfo):100 REPLICA IDENTITY for 'test.test_1_double_precision' is 'DEFAULT'; UPDATE and DELETE events will contain previous values only for PK columns"}}
{"type":"LOG","log":{"level":"INFO","message":"INFO i.a.w.i.DefaultAirbyteStreamFactory(internalLog):159 INFO i.d.c.p.PostgresSchema(printReplicaIdentityInfo):100 REPLICA IDENTITY for 'test.test_1_box' is 'DEFAULT'; UPDATE and DELETE events will contain previous values only for PK columns"}}
{"type":"LOG","log":{"level":"INFO","message":"INFO i.a.w.i.DefaultAirbyteStreamFactory(internalLog):159 INFO i.d.c.p.PostgresSchema(printReplicaIdentityInfo):100 REPLICA IDENTITY for 'test.test_1_timestamp_array' is 'DEFAULT'; UPDATE and DELETE events will contain previous values only for PK columns"}}
{"type":"LOG","log":{"level":"INFO","message":"INFO i.a.w.i.DefaultAirbyteStreamFactory(internalLog):159 INFO i.d.c.p.PostgresSchema(printReplicaIdentityInfo):100 REPLICA IDENTITY for 'test.test_2_uuid' is 'DEFAULT'; UPDATE and DELETE events will contain previous values only for PK columns"}}
{"type":"LOG","log":{"level":"INFO","message":"INFO i.a.w.i.DefaultAirbyteStreamFactory(internalLog):159 INFO i.d.c.p.PostgresSchema(printReplicaIdentityInfo):100 REPLICA IDENTITY for 'test.test_8_numeric' is 'DEFAULT'; UPDATE and DELETE events will contain previous values only for PK columns"}}
{"type":"LOG","log":{"level":"INFO","message":"INFO i.a.w.i.DefaultAirbyteStreamFactory(internalLog):159 INFO i.d.c.p.PostgresSchema(printReplicaIdentityInfo):100 REPLICA IDENTITY for 'test.test_1_bit_varying' is 'DEFAULT'; UPDATE and DELETE events will contain previous values only for PK columns"}}
{"type":"LOG","log":{"level":"INFO","message":"INFO i.a.w.i.DefaultAirbyteStreamFactory(internalLog):159 INFO i.d.c.p.PostgresSchema(printReplicaIdentityInfo):100 REPLICA IDENTITY for 'test.test_1_time_array' is 'DEFAULT'; UPDATE and DELETE events will contain previous values only for PK columns"}}
{"type":"LOG","log":{"level":"INFO","message":"INFO i.a.w.i.DefaultAirbyteStreamFactory(internalLog):159 INFO i.d.c.p.PostgresSchema(printReplicaIdentityInfo):100 REPLICA IDENTITY for 'test.test_5_time' is 'DEFAULT'; UPDATE and DELETE events will contain previous values only for PK columns"}}
{"type":"LOG","log":{"level":"INFO","message":"INFO i.a.w.i.DefaultAirbyteStreamFactory(internalLog):159 INFO i.d.c.p.PostgresSchema(printReplicaIdentityInfo):100 REPLICA IDENTITY for 'test.test_2_smallserial' is 'DEFAULT'; UPDATE and DELETE events will contain previous values only for PK columns"}}
{"type":"LOG","log":{"level":"INFO","message":"INFO i.a.w.i.DefaultAirbyteStreamFactory(internalLog):159 INFO i.d.c.p.PostgresSchema(printReplicaIdentityInfo):100 REPLICA IDENTITY for 'test.test_1_point' is 'DEFAULT'; UPDATE and DELETE events will contain previous values only for PK columns"}}
{"type":"LOG","log":{"level":"INFO","message":"INFO i.a.w.i.DefaultAirbyteStreamFactory(internalLog):159 INFO i.d.c.p.PostgresSchema(printReplicaIdentityInfo):100 REPLICA IDENTITY for 'test.test_15_timestamp' is 'DEFAULT'; UPDATE and DELETE events will contain previous values only for PK columns"}}
{"type":"LOG","log":{"level":"INFO","message":"INFO i.a.w.i.DefaultAirbyteStreamFactory(internalLog):159 INFO i.d.c.p.PostgresSchema(printReplicaIdentityInfo):100 REPLICA IDENTITY for 'test.test_3_bit' is 'DEFAULT'; UPDATE and DELETE events will contain previous values only for PK columns"}}
{"type":"LOG","log":{"level":"INFO","message":"INFO i.a.w.i.DefaultAirbyteStreamFactory(internalLog):159 INFO i.d.c.p.PostgresSchema(printReplicaIdentityInfo):100 REPLICA IDENTITY for 'test.test_10_time' is 'DEFAULT'; UPDATE and DELETE events will contain previous values only for PK columns"}}
{"type":"LOG","log":{"level":"INFO","message":"INFO i.a.w.i.DefaultAirbyteStreamFactory(internalLog):159 INFO i.d.c.p.PostgresSchema(printReplicaIdentityInfo):100 REPLICA IDENTITY for 'test.test_2_int4_array' is 'DEFAULT'; UPDATE and DELETE events will contain previous values only for PK columns"}}
{"type":"LOG","log":{"level":"INFO","message":"INFO i.a.w.i.DefaultAirbyteStreamFactory(internalLog):159 INFO i.d.c.p.PostgresSchema(printReplicaIdentityInfo):100 REPLICA IDENTITY for 'test.test_1_int' is 'DEFAULT'; UPDATE and DELETE events will contain previous values only for PK columns"}}
{"type":"LOG","log":{"level":"INFO","message":"INFO i.a.w.i.DefaultAirbyteStreamFactory(internalLog):159 INFO i.d.c.p.PostgresSchema(printReplicaIdentityInfo):100 REPLICA IDENTITY for 'test.test_1_money_array' is 'DEFAULT'; UPDATE and DELETE events will contain previous values only for PK columns"}}
{"type":"LOG","log":{"level":"INFO","message":"INFO i.a.w.i.DefaultAirbyteStreamFactory(internalLog):159 INFO i.d.c.p.PostgresSchema(printReplicaIdentityInfo):100 REPLICA IDENTITY for 'test.test_2_float8_array' is 'DEFAULT'; UPDATE and DELETE events will contain previous values only for PK columns"}}
{"type":"LOG","log":{"level":"INFO","message":"INFO i.a.w.i.DefaultAirbyteStreamFactory(internalLog):159 INFO i.d.c.p.PostgresSchema(printReplicaIdentityInfo):100 REPLICA IDENTITY for 'test.test_1_bytea' is 'DEFAULT'; UPDATE and DELETE events will contain previous values only for PK columns"}}
{"type":"LOG","log":{"level":"INFO","message":"INFO i.a.w.i.DefaultAirbyteStreamFactory(internalLog):159 INFO i.d.c.p.PostgresSchema(printReplicaIdentityInfo):100 REPLICA IDENTITY for 'test.test_2_bigserial' is 'DEFAULT'; UPDATE and DELETE events will contain previous values only for PK columns"}}
{"type":"LOG","log":{"level":"INFO","message":"INFO i.a.w.i.DefaultAirbyteStreamFactory(internalLog):159 INFO i.d.c.p.PostgresSchema(printReplicaIdentityInfo):100 REPLICA IDENTITY for 'test.test_1_lseg' is 'DEFAULT'; UPDATE and DELETE events will contain previous values only for PK columns"}}
{"type":"LOG","log":{"level":"INFO","message":"INFO i.a.w.i.DefaultAirbyteStreamFactory(internalLog):159 INFO i.d.c.p.PostgresSchema(printReplicaIdentityInfo):100 REPLICA IDENTITY for 'test.test_6_time' is 'DEFAULT'; UPDATE and DELETE events will contain previous values only for PK columns"}}
{"type":"LOG","log":{"level":"INFO","message":"INFO i.a.w.i.DefaultAirbyteStreamFactory(internalLog):159 INFO i.d.c.p.PostgresSchema(printReplicaIdentityInfo):100 REPLICA IDENTITY for 'test.test_2_decimal' is 'DEFAULT'; UPDATE and DELETE events will contain previous values only for PK columns"}}
{"type":"LOG","log":{"level":"INFO","message":"INFO i.a.w.i.DefaultAirbyteStreamFactory(internalLog):159 INFO i.d.c.p.PostgresSchema(printReplicaIdentityInfo):100 REPLICA IDENTITY for 'test.test_1_decimal_array' is 'DEFAULT'; UPDATE and DELETE events will contain previous values only for PK columns"}}
{"type":"LOG","log":{"level":"INFO","message":"INFO i.a.w.i.DefaultAirbyteStreamFactory(internalLog):159 INFO i.d.c.p.PostgresSchema(printReplicaIdentityInfo):100 REPLICA IDENTITY for 'test.test_1_xml' is 'DEFAULT'; UPDATE and DELETE events will contain previous values only for PK columns"}}
{"type":"LOG","log":{"level":"INFO","message":"INFO i.a.w.i.DefaultAirbyteStreamFactory(internalLog):159 INFO i.d.c.p.PostgresSchema(printReplicaIdentityInfo):100 REPLICA IDENTITY for 'test.test_2_tsrange' is 'DEFAULT'; UPDATE and DELETE events will contain previous values only for PK columns"}}
{"type":"LOG","log":{"level":"INFO","message":"INFO i.a.w.i.DefaultAirbyteStreamFactory(internalLog):159 INFO i.d.c.p.PostgresSchema(printReplicaIdentityInfo):100 REPLICA IDENTITY for 'test.test_1_smallint' is 'DEFAULT'; UPDATE and DELETE events will contain previous values only for PK columns"}}
{"type":"LOG","log":{"level":"INFO","message":"INFO i.a.w.i.DefaultAirbyteStreamFactory(internalLog):159 INFO i.d.c.p.PostgresSchema(printReplicaIdentityInfo):100 REPLICA IDENTITY for 'test.test_4_timestamptz' is 'DEFAULT'; UPDATE and DELETE events will contain previous values only for PK columns"}}
{"type":"LOG","log":{"level":"INFO","message":"INFO i.a.w.i.DefaultAirbyteStreamFactory(internalLog):159 INFO i.d.c.p.PostgresSchema(printReplicaIdentityInfo):100 REPLICA IDENTITY for 'test.test_2_line' is 'DEFAULT'; UPDATE and DELETE events will contain previous values only for PK columns"}}
{"type":"LOG","log":{"level":"INFO","message":"INFO i.a.w.i.DefaultAirbyteStreamFactory(internalLog):159 INFO i.d.c.p.PostgresSchema(printReplicaIdentityInfo):100 REPLICA IDENTITY for 'test.test_2_pg_lsn' is 'DEFAULT'; UPDATE and DELETE events will contain previous values only for PK columns"}}
{"type":"LOG","log":{"level":"INFO","message":"INFO i.a.w.i.DefaultAirbyteStreamFactory(internalLog):159 INFO i.d.c.p.PostgresSchema(printReplicaIdentityInfo):100 REPLICA IDENTITY for 'test.test_5_timestamp' is 'DEFAULT'; UPDATE and DELETE events will contain previous values only for PK columns"}}
{"type":"LOG","log":{"level":"INFO","message":"INFO i.a.w.i.DefaultAirbyteStreamFactory(internalLog):159 INFO i.d.c.p.PostgresSchema(printReplicaIdentityInfo):100 REPLICA IDENTITY for 'test.test_1_char_array' is 'DEFAULT'; UPDATE and DELETE events will contain previous values only for PK columns"}}
{"type":"LOG","log":{"level":"INFO","message":"INFO i.a.w.i.DefaultAirbyteStreamFactory(internalLog):159 INFO i.d.c.p.PostgresSchema(printReplicaIdentityInfo):100 REPLICA IDENTITY for 'test.test_4_char' is 'DEFAULT'; UPDATE and DELETE events will contain previous values only for PK columns"}}
{"type":"LOG","log":{"level":"INFO","message":"INFO i.a.w.i.DefaultAirbyteStreamFactory(internalLog):159 INFO i.d.c.p.PostgresSchema(printReplicaIdentityInfo):100 REPLICA IDENTITY for 'test.test_3_date' is 'DEFAULT'; UPDATE and DELETE events will contain previous values only for PK columns"}}
{"type":"LOG","log":{"level":"INFO","message":"INFO i.a.w.i.DefaultAirbyteStreamFactory(internalLog):159 INFO i.d.c.p.PostgresSchema(printReplicaIdentityInfo):100 REPLICA IDENTITY for 'test.test_10_numeric' is 'DEFAULT'; UPDATE and DELETE events will contain previous values only for PK columns"}}
{"type":"LOG","log":{"level":"INFO","message":"INFO i.a.w.i.DefaultAirbyteStreamFactory(internalLog):159 INFO i.d.c.p.PostgresStreamingChangeEventSource(searchWalPosition):327 Searching for WAL resume position"}}
{"type":"LOG","log":{"level":"INFO","message":"INFO i.a.w.i.DefaultAirbyteStreamFactory(internalLog):159 INFO i.d.c.p.PostgresStreamingChangeEventSource(searchWalPosition):348 WAL resume position 'null' discovered"}}
{"type":"LOG","log":{"level":"INFO","message":"INFO i.a.w.i.DefaultAirbyteStreamFactory(internalLog):159 INFO i.d.j.JdbcConnection(lambda$doClose$4):947 Connection gracefully closed"}}
{"type":"LOG","log":{"level":"INFO","message":"INFO i.a.w.i.DefaultAirbyteStreamFactory(internalLog):159 INFO i.d.j.JdbcConnection(lambda$doClose$4):947 Connection gracefully closed"}}
{"type":"LOG","log":{"level":"INFO","message":"INFO i.a.w.i.DefaultAirbyteStreamFactory(internalLog):159 INFO i.d.c.p.c.PostgresReplicationConnection(initPublication):147 Initializing PgOutput logical decoder publication"}}
{"type":"LOG","log":{"level":"INFO","message":"INFO i.a.w.i.DefaultAirbyteStreamFactory(internalLog):159 INFO i.d.c.p.c.PostgresReplicationConnection(validateSlotIsInExpectedState):364 Seeking to LSN{0/1AADC18} on the replication slot with command SELECT pg_replication_slot_advance('debezium_slot', '0/1AADC18')"}}
{"type":"LOG","log":{"level":"INFO","message":"INFO i.a.w.i.DefaultAirbyteStreamFactory(internalLog):159 INFO i.d.u.Threads(threadFactory):270 Requested thread factory for connector PostgresConnector, id = test named = keep-alive"}}
{"type":"LOG","log":{"level":"INFO","message":"INFO i.a.w.i.DefaultAirbyteStreamFactory(internalLog):159 INFO i.d.u.Threads$3(newThread):287 Creating thread debezium-postgresconnector-test-keep-alive"}}
{"type":"LOG","log":{"level":"INFO","message":"INFO i.a.w.i.DefaultAirbyteStreamFactory(internalLog):159 INFO i.d.c.p.PostgresStreamingChangeEventSource(processMessages):211 Processing messages"}}
{"type":"LOG","log":{"level":"INFO","message":"INFO i.a.w.i.DefaultAirbyteStreamFactory(internalLog):159 INFO i.d.j.JdbcConnection(lambda$doClose$4):947 Connection gracefully closed"}}
{"type":"LOG","log":{"level":"INFO","message":"INFO i.a.w.i.DefaultAirbyteStreamFactory(internalLog):159 INFO i.d.j.JdbcConnection(lambda$doClose$4):947 Connection gracefully closed"}}
{"type":"LOG","log":{"level":"INFO","message":"INFO i.a.w.i.DefaultAirbyteStreamFactory(internalLog):159 INFO i.d.p.ChangeEventSourceCoordinator(streamEvents):175 Finished streaming"}}
{"type":"LOG","log":{"level":"INFO","message":"INFO i.a.w.i.DefaultAirbyteStreamFactory(internalLog):159 INFO i.d.p.ChangeEventSourceCoordinator(streamingConnected):240 Connected metrics set to 'false'"}}
{"type":"LOG","log":{"level":"INFO","message":"INFO i.a.w.i.DefaultAirbyteStreamFactory(internalLog):159 INFO o.a.k.c.s.FileOffsetBackingStore(stop):66 Stopped FileOffsetBackingStore"}}
{"type":"LOG","log":{"level":"INFO","message":"INFO i.a.w.i.DefaultAirbyteStreamFactory(internalLog):159 INFO i.a.i.d.i.DebeziumRecordPublisher(lambda$start$1):73 Debezium engine shutdown."}}
{"type":"LOG","log":{"level":"INFO","message":"INFO i.a.w.i.DefaultAirbyteStreamFactory(internalLog):159 INFO i.a.i.d.i.DebeziumRecordPublisher(lambda$start$1):74 Connector 'io.debezium.connector.postgresql.PostgresConnector' completed normally."}}
{"type":"LOG","log":{"level":"INFO","message":"INFO i.a.w.i.DefaultAirbyteStreamFactory(internalLog):159 INFO i.a.i.s.p.PostgresCdcStateHandler(saveState):37 debezium state: {\"[\\\"test\\\",{\\\"server\\\":\\\"test\\\"}]\":\"{\\\"transaction_id\\\":null,\\\"lsn\\\":27974680,\\\"txId\\\":954,\\\"ts_usec\\\":1684593686731411}\"}"}}
{"type":"LOG","log":{"level":"INFO","message":"INFO i.a.w.i.DefaultAirbyteStreamFactory(internalLog):159 INFO i.a.i.s.r.s.LegacyStateManager(toState):99 Generated legacy state for 213 streams"}}
{"type":"LOG","log":{"level":"INFO","message":"INFO i.a.w.i.DefaultAirbyteStreamFactory(internalLog):159 INFO i.a.i.s.r.AbstractDbSource(lambda$read$1):173 Closing database connection pool."}}
{"type":"LOG","log":{"level":"INFO","message":"INFO i.a.w.i.DefaultAirbyteStreamFactory(internalLog):159 INFO c.z.h.HikariDataSource(close):350 HikariPool-1 - Shutdown initiated..."}}
{"type":"LOG","log":{"level":"INFO","message":"INFO i.a.w.i.DefaultAirbyteStreamFactory(internalLog):159 INFO c.z.h.HikariDataSource(close):352 HikariPool-1 - Shutdown completed."}}
{"type":"LOG","log":{"level":"INFO","message":"INFO i.a.w.i.DefaultAirbyteStreamFactory(internalLog):159 INFO i.a.i.s.r.AbstractDbSource(lambda$read$1):175 Closed database connection pool."}}
{"type":"LOG","log":{"level":"INFO","message":"INFO i.a.w.i.DefaultAirbyteStreamFactory(internalLog):159 INFO i.a.i.b.IntegrationRunner(runInternal):186 Completed integration: io.airbyte.integrations.base.ssh.SshWrappedSource"}}
{"type":"LOG","log":{"level":"INFO","message":"INFO i.a.w.i.DefaultAirbyteStreamFactory(internalLog):159 INFO i.a.i.s.p.PostgresSource(main):509 completed source: class io.airbyte.integrations.source.postgres.PostgresSource"}}
{"type":"LOG","log":{"level":"INFO","message":"INFO i.a.c.i.LineGobbler(voidCall):114 Checking if airbyte/source-postgres:dev exists..."}}
{"type":"LOG","log":{"level":"INFO","message":"INFO i.a.c.i.LineGobbler(voidCall):114 airbyte/source-postgres:dev was found locally."}}
{"type":"LOG","log":{"level":"INFO","message":"INFO i.a.w.p.DockerProcessFactory(create):126 Creating docker container = source-postgres-discover-0-0-twlqr with resources null and allowedHosts null"}}
{"type":"LOG","log":{"level":"INFO","message":"INFO i.a.w.p.DockerProcessFactory(create):171 Preparing command: docker run --rm --init -i -w /data/job --log-driver none --name source-postgres-discover-0-0-twlqr --network host -v /tmp/airbyte_tests/test8598103222460137227:/data -v /tmp/airbyte_tests/output1397586249962452052:/local -e DEPLOYMENT_MODE=OSS -e USE_STREAM_CAPABLE_STATE=false -e FIELD_SELECTION_WORKSPACES= -e WORKER_ENVIRONMENT=DOCKER -e AIRBYTE_ROLE= -e APPLY_FIELD_SELECTION=false -e WORKER_CONNECTOR_IMAGE=airbyte/source-postgres:dev -e WORKER_JOB_ATTEMPT=0 -e AUTO_DETECT_SCHEMA=true -e AIRBYTE_VERSION= -e WORKER_JOB_ID=0 airbyte/source-postgres:dev discover --config source_config.json"}}
{"type":"LOG","log":{"level":"INFO","message":"INFO i.a.w.i.DefaultAirbyteStreamFactory(internalLog):159 INFO i.a.i.s.p.PostgresSource(main):507 starting source: class io.airbyte.integrations.source.postgres.PostgresSource"}}
{"type":"LOG","log":{"level":"INFO","message":"INFO i.a.w.i.DefaultAirbyteStreamFactory(internalLog):159 INFO i.a.i.b.IntegrationCliParser(parseOptions):126 integration args: {discover=null, config=source_config.json}"}}
{"type":"LOG","log":{"level":"INFO","message":"INFO i.a.w.i.DefaultAirbyteStreamFactory(internalLog):159 INFO i.a.i.b.IntegrationRunner(runInternal):108 Running integration: io.airbyte.integrations.base.ssh.SshWrappedSource"}}
{"type":"LOG","log":{"level":"INFO","message":"INFO i.a.w.i.DefaultAirbyteStreamFactory(internalLog):159 INFO i.a.i.b.IntegrationRunner(runInternal):109 Command: DISCOVER"}}
{"type":"LOG","log":{"level":"INFO","message":"INFO i.a.w.i.DefaultAirbyteStreamFactory(internalLog):159 INFO i.a.i.b.IntegrationRunner(runInternal):110 Integration config: IntegrationConfig{command=DISCOVER, configPath='source_config.json', catalogPath='null', statePath='null'}"}}
{"type":"LOG","log":{"level":"WARN","message":"WARN i.a.w.i.DefaultAirbyteStreamFactory(internalLog):156 WARN c.n.s.JsonMetaSchema(newValidator):278 Unknown keyword groups - you should define your own Meta Schema. If the keyword is irrelevant for validation, just use a NonValidationKeyword"}}
{"type":"LOG","log":{"level":"WARN","message":"WARN i.a.w.i.DefaultAirbyteStreamFactory(internalLog):156 WARN c.n.s.JsonMetaSchema(newValidator):278 Unknown keyword order - you should define your own Meta Schema. If the keyword is irrelevant for validation, just use a NonValidationKeyword"}}
{"type":"LOG","log":{"level":"WARN","message":"WARN i.a.w.i.DefaultAirbyteStreamFactory(internalLog):156 WARN c.n.s.JsonMetaSchema(newValidator):278 Unknown keyword group - you should define your own Meta Schema. If the keyword is irrelevant for validation, just use a NonValidationKeyword"}}
{"type":"LOG","log":{"level":"WARN","message":"WARN i.a.w.i.DefaultAirbyteStreamFactory(internalLog):156 WARN c.n.s.JsonMetaSchema(newValidator):278 Unknown keyword airbyte_secret - you should define your own Meta Schema. If the keyword is irrelevant for validation, just use a NonValidationKeyword"}}
{"type":"LOG","log":{"level":"WARN","message":"WARN i.a.w.i.DefaultAirbyteStreamFactory(internalLog):156 WARN c.n.s.JsonMetaSchema(newValidator):278 Unknown keyword always_show - you should define your own Meta Schema. If the keyword is irrelevant for validation, just use a NonValidationKeyword"}}
{"type":"LOG","log":{"level":"WARN","message":"WARN i.a.w.i.DefaultAirbyteStreamFactory(internalLog):156 WARN c.n.s.JsonMetaSchema(newValidator):278 Unknown keyword min - you should define your own Meta Schema. If the keyword is irrelevant for validation, just use a NonValidationKeyword"}}
{"type":"LOG","log":{"level":"WARN","message":"WARN i.a.w.i.DefaultAirbyteStreamFactory(internalLog):156 WARN c.n.s.JsonMetaSchema(newValidator):278 Unknown keyword max - you should define your own Meta Schema. If the keyword is irrelevant for validation, just use a NonValidationKeyword"}}
{"type":"LOG","log":{"level":"INFO","message":"INFO i.a.w.i.DefaultAirbyteStreamFactory(internalLog):159 INFO i.a.i.b.s.SshTunnel(getInstance):204 Starting connection with method: NO_TUNNEL"}}
{"type":"LOG","log":{"level":"INFO","message":"INFO i.a.w.i.DefaultAirbyteStreamFactory(internalLog):159 INFO c.z.h.HikariDataSource(<init>):80 HikariPool-1 - Starting..."}}
{"type":"LOG","log":{"level":"INFO","message":"INFO i.a.w.i.DefaultAirbyteStreamFactory(internalLog):159 INFO c.z.h.HikariDataSource(<init>):82 HikariPool-1 - Start completed."}}
{"type":"LOG","log":{"level":"INFO","message":"INFO i.a.w.i.DefaultAirbyteStreamFactory(internalLog):159 INFO i.a.i.s.p.PostgresUtils(isCdc):53 using CDC: true"}}
{"type":"LOG","log":{"level":"INFO","message":"INFO i.a.w.i.DefaultAirbyteStreamFactory(internalLog):159 INFO i.a.d.j.s.AdaptiveStreamingQueryConfig(initialize):31 Set initial fetch size: 10 rows"}}
{"type":"LOG","log":{"level":"INFO","message":"INFO i.a.w.i.DefaultAirbyteStreamFactory(internalLog):159 INFO i.a.d.j.s.AdaptiveStreamingQueryConfig(accept):40 Set new fetch size: 1618173 rows"}}
{"type":"LOG","log":{"level":"INFO","message":"INFO i.a.w.i.DefaultAirbyteStreamFactory(internalLog):159 INFO i.a.d.j.s.TwoStageSizeEstimator(getTargetBufferByteSize):71 Max memory limit: 1562378240, JDBC buffer size: 937426944"}}
{"type":"LOG","log":{"level":"INFO","message":"INFO i.a.w.i.DefaultAirbyteStreamFactory(internalLog):159 INFO i.a.d.j.s.AdaptiveStreamingQueryConfig(accept):40 Set new fetch size: 5207927 rows"}}
{"type":"LOG","log":{"level":"INFO","message":"INFO i.a.w.i.DefaultAirbyteStreamFactory(internalLog):159 INFO i.a.i.s.p.PostgresCdcCatalogHelper(getPublicizedTables):119 For CDC, only tables in publication publication will be included in the sync: [test.test_1_bool_array, test.test_2_polygon, test.test_2_tsquery, test.test_2_numeric_array, test.test_1_smallint, test.test_2_bool_array, test.test_1_varchar, test.test_1_time_array, test.test_4_bit_varying, test.test_2_tsvector, test.test_4_timetz, test.test_1_bit_array, test.test_2_time_array, test.test_1_real, test.test_10_time, test.test_2_integer, test.test_2_bytea_array, test.test_15_timestamp, test.test_9_numeric, test.test_1_boolean, test.test_2_serial, test.test_3_bit_varying, test.test_2_inventory_item, test.test_4_numeric, test.test_5_time, test.test_5_timestamp, test.test_1_serial2, test.test_2_jsonb, test.test_1_name_array, test.test_1_tsvector, test.test_2_name_array, test.test_1_timetz, test.test_1_bytea, test.test_4_timestamp, test.test_2_cidr, test.test_4_character, test.test_1_int4_array, test.test_1_bpchar_array, test.test_2_int4_array, test.test_4_time, test.test_1_int8_array, test.test_2_int8_array, test.test_1_bytea_array, test.test_3_decimal_array, test.test_1_circle, test.test_6_numeric, test.test_1_hstore, test.test_1_timestamptz_array, test.test_2_real, test.test_1_cidr, test.test_1_decimal_array, test.test_2_interval, test.test_2_float, test.test_10_timestamp, test.test_2_money, test.test_1_inventory_item, test.test_1_timetz_array, test.test_2_varchar_array, test.test_1_bit, test.test_2_macaddr8, test.test_1_numeric, test.test_2_tsrange, test.test_1_float4, test.test_1_pg_lsn, test.test_1_point, test.test_1_path, test.test_2_point, test.test_2_bigserial, test.test_1_serial, test.test_2_xml, test.test_1_xml, test.test_1_interval, test.test_2_oid_array, test.test_1_time, test.test_1_char_array, test.test_2_lseg, test.test_6_timestamp, test.test_1_float4_array, test.test_1_text, test.test_16_timestamp, test.test_1_decimal, test.test_3_bit, test.test_1_macaddr, test.test_1_text_array, test.test_3_timetz, test.test_1_char, test.test_1_double_precision, test.test_14_timestamp, test.test_3_varchar, test.test_1_int2_array, test.test_1_numeric_array, test.test_1_date_array, test.test_2_bit, test.test_2_bit_array, test.test_1_serial4, test.test_5_numeric_array, test.test_2_text, test.test_1_float8, test.test_2_decimal_array, test.test_8_timestamp, test.test_2_char, test.test_1_timestamptz, test.test_12_timestamp, test.test_1_jsonb, test.test_7_numeric, test.test_2_float4_array, test.test_2_time, test.test_2_float8_array, test.test_1_money_array, test.test_1_oid_array, test.test_4_timestamptz, test.test_2_int2, test.test_3_char, test.test_1_lseg, test.test_2_serial2, test.test_3_numeric, test.test_1_character, test.test_1_bigint, test.test_2_timetz_array, test.test_1_bool, test.test_2_date, test.test_2_character, test.test_1_polygon, test.test_1_integer, test.test_1_varchar_array, test.test_1_int4, test.test_5_decimal_array, test.test_1_timestamp_array, test.test_8_time, test.test_2_path, test.test_2_double_precision, test.test_4_char, test.test_1_tsrange, test.test_2_bpchar_array, test.test_6_decimal_array, test.test_8_numeric, test.test_2_money_array, test.test_2_bytea, test.test_2_timestamp_array, test.test_2_line, test.test_6_numeric_array, test.test_2_int4, test.test_1_tsquery, test.test_2_serial4, test.test_3_time, test.test_2_timestamp, test.test_2_macaddr, test.test_1_smallserial, test.test_2_timestamptz_array, test.test_2_timestamptz, test.test_1_line, test.test_1_bigserial, test.test_4_bit, test.test_1_date, test.test_4_numeric_array, test.test_2_varchar, test.test_1_timestamp, test.test_9_time, test.test_1_float, test.test_1_money, test.test_2_bool, test.test_3_date, test.test_13_timestamp, test.test_2_mood, test.test_1_json, test.test_3_character, test.test_1_box, test.test_2_decimal, test.test_2_timetz, test.random_dummy_table, test.test_3_timestamp, test.test_10_numeric, test.test_2_circle, test.test_1_macaddr8, test.test_2_float8, test.test_1_inet, test.test_2_bit_varying, test.test_1_float8_array, test.test_2_char_array, test.test_2_text_array, test.test_4_varchar, test.test_1_bit_varying, test.test_6_date, test.test_2_int, test.test_3_numeric_array, test.test_2_uuid, test.test_5_numeric, test.test_2_inet, test.test_2_boolean, test.test_1_int, test.test_2_smallint, test.test_4_decimal_array, test.test_2_pg_lsn, test.test_2_float4, test.test_7_time, test.test_2_int2_array, test.test_5_date, test.test_7_timestamp, test.test_2_date_array, test.test_1_mood, test.test_2_box, test.test_2_hstore, test.test_4_date, test.test_9_timestamp, test.test_2_smallserial, test.test_1_uuid, test.test_11_timestamp, test.test_2_json, test.test_6_time, test.test_3_timestamptz, test.test_2_numeric, test.test_2_bigint, test.test_1_int2]"}}
{"type":"LOG","log":{"level":"INFO","message":"INFO i.a.w.i.DefaultAirbyteStreamFactory(internalLog):159 INFO i.a.i.s.j.AbstractJdbcSource(discoverInternal):166 Internal schemas to exclude: [catalog_history, information_schema, pg_catalog, pg_internal]"}}
{"type":"LOG","log":{"level":"INFO","message":"INFO i.a.w.i.DefaultAirbyteStreamFactory(internalLog):159 INFO i.a.d.j.s.AdaptiveStreamingQueryConfig(initialize):31 Set initial fetch size: 10 rows"}}
{"type":"LOG","log":{"level":"INFO","message":"INFO i.a.w.i.DefaultAirbyteStreamFactory(internalLog):159 INFO i.a.d.j.s.AdaptiveStreamingQueryConfig(accept):40 Set new fetch size: 1533006 rows"}}
{"type":"LOG","log":{"level":"INFO","message":"INFO i.a.w.i.DefaultAirbyteStreamFactory(internalLog):159 INFO i.a.d.j.s.TwoStageSizeEstimator(getTargetBufferByteSize):71 Max memory limit: 1562378240, JDBC buffer size: 937426944"}}
{"type":"LOG","log":{"level":"INFO","message":"INFO i.a.w.i.DefaultAirbyteStreamFactory(internalLog):159 INFO i.a.d.j.s.AdaptiveStreamingQueryConfig(accept):40 Set new fetch size: 4959931 rows"}}
{"type":"LOG","log":{"level":"INFO","message":"INFO i.a.w.i.DefaultAirbyteStreamFactory(internalLog):159 INFO i.a.i.s.j.AbstractJdbcSource(discoverPrimaryKeys):266 Discover primary keys for tables: [test_2_numeric, test_2_int2_array, test_6_date, test_1_pg_lsn, random_dummy_table, test_2_boolean, test_2_inventory_item, test_2_text_array, test_1_int4, test_2_interval, test_2_char, test_1_path, test_1_varchar, test_1_decimal_array, test_2_cidr, test_1_timestamptz, test_2_timestamptz, test_2_int8_array, test_4_timestamptz, test_3_timestamptz, test_1_double_precision, test_2_point, test_1_tsrange, test_6_decimal_array, test_5_numeric_array, test_4_char, test_7_time, test_4_numeric_array, test_2_integer, test_2_bigserial, test_5_decimal_array, test_2_real, test_2_serial4, test_2_serial2, test_15_timestamp, test_1_line, test_5_time, test_2_bit, test_2_uuid, test_2_date, test_1_int2, test_1_polygon, test_2_float8, test_1_float4_array, test_1_timetz_array, test_1_timestamp_array, test_2_float4, test_9_timestamp, test_2_hstore, test_7_numeric, test_1_point, test_1_bit_varying, test_1_serial4, test_8_timestamp, test_1_serial2, test_1_uuid, test_13_timestamp, test_2_oid_array, test_3_bit_varying, test_2_char_array, test_1_float8_array, test_2_character, test_2_time, test_6_numeric_array, test_1_bytea_array, test_2_decimal_array, test_1_date, test_2_mood, test_1_xml, test_1_decimal, test_7_timestamp, test_2_bytea, test_2_bit_array, test_1_tsquery, test_2_bool, test_2_json, test_2_timestamp_array, test_14_timestamp, test_8_numeric, test_2_smallserial, test_1_tsvector, test_1_character, test_4_time, test_1_macaddr8, test_1_timestamp, test_2_circle, test_5_numeric, test_1_bit_array, test_3_bit, test_1_smallint, test_2_bigint, test_1_oid_array, test_2_timestamp, test_1_cidr, test_2_polygon, test_1_int2_array, test_1_date_array, test_2_serial, test_9_time, test_2_timetz_array, test_1_real, test_10_numeric, test_3_time, test_1_macaddr, test_2_text, test_10_time, test_4_varchar, test_2_timetz, test_2_name_array, test_2_pg_lsn, test_2_varchar_array, test_2_timestamptz_array, test_1_time_array, test_4_timestamp, test_1_bytea, test_8_time, test_1_int4_array, test_1_text, test_2_numeric_array, test_10_timestamp, test_5_timestamp, test_1_char, test_1_money, test_2_lseg, test_6_numeric, test_4_character, test_1_hstore, test_2_inet, test_3_numeric, test_1_char_array, test_1_int, test_1_mood, test_1_money_array, test_2_float, test_1_bigint, test_3_character, test_1_bool, test_2_xml, test_1_bool_array, test_4_decimal_array, test_2_money, test_1_json, test_2_time_array, test_2_varchar, test_1_float, test_1_timestamptz_array, test_1_box, test_3_timestamp, test_2_decimal, test_5_date, test_3_char, test_2_float8_array, test_12_timestamp, test_4_bit, test_2_bpchar_array, test_2_money_array, test_2_tsrange, test_1_interval, test_3_decimal_array, test_4_timetz, test_6_timestamp, test_2_smallint, test_3_numeric_array, test_2_bit_varying, test_2_bool_array, test_4_bit_varying, test_4_numeric, test_2_box, test_2_bytea_array, test_1_serial, test_3_varchar, test_2_date_array, test_1_float4, test_1_float8, test_1_bit, test_1_smallserial, test_1_int8_array, test_1_time, test_1_numeric_array, test_2_int4_array, test_3_timetz, test_1_timetz, test_2_macaddr, test_1_jsonb, test_2_line, test_2_int, test_1_text_array, test_1_inventory_item, test_11_timestamp, test_3_date, test_2_macaddr8, test_1_boolean, test_2_tsvector, test_2_path, test_4_date, test_2_int4, test_2_int2, test_2_double_precision, test_1_numeric, test_1_lseg, test_1_varchar_array, test_2_tsquery, test_6_time, test_2_jsonb, test_2_float4_array, test_9_numeric, test_1_name_array, test_1_bpchar_array, test_16_timestamp, test_1_inet, test_1_bigserial, test_1_integer, test_1_circle]"}}
{"type":"LOG","log":{"level":"INFO","message":"INFO i.a.w.i.DefaultAirbyteStreamFactory(internalLog):159 INFO c.z.h.HikariDataSource(close):350 HikariPool-1 - Shutdown initiated..."}}
{"type":"LOG","log":{"level":"INFO","message":"INFO i.a.w.i.DefaultAirbyteStreamFactory(internalLog):159 INFO c.z.h.HikariDataSource(close):352 HikariPool-1 - Shutdown completed."}}
{"type":"LOG","log":{"level":"INFO","message":"INFO i.a.w.i.DefaultAirbyteStreamFactory(internalLog):159 INFO i.a.i.s.p.PostgresUtils(isCdc):53 using CDC: true"}}
{"type":"LOG","log":{"level":"INFO","message":"INFO i.a.w.i.DefaultAirbyteStreamFactory(internalLog):159 INFO i.a.i.b.IntegrationRunner(runInternal):186 Completed integration: io.airbyte.integrations.base.ssh.SshWrappedSource"}}
{"type":"LOG","log":{"level":"INFO","message":"INFO i.a.w.i.DefaultAirbyteStreamFactory(internalLog):159 INFO i.a.i.s.p.PostgresSource(main):509 completed source: class io.airbyte.integrations.source.postgres.PostgresSource"}}
{"type":"LOG","log":{"level":"INFO","message":"INFO i.a.a.c.AirbyteApiClient(retryWithJitter):172 Attempt 0 to call to write discover schema result"}}
]]></system-out>
  <system-err><![CDATA[]]></system-err>
</testsuite>
