<?xml version="1.0" encoding="UTF-8"?>
<testsuite name="io.airbyte.integrations.source.postgres.PostgresJdbcSourceAcceptanceTest" tests="30" skipped="0" failures="0" errors="0" timestamp="2023-05-20T13:44:20" hostname="MacBook-Pro-3" time="133.198">
  <properties/>
  <testcase name="testReadMultipleTables()" classname="io.airbyte.integrations.source.postgres.PostgresJdbcSourceAcceptanceTest" time="11.462"/>
  <testcase name="testDiscoverWithNonCursorFields()" classname="io.airbyte.integrations.source.postgres.PostgresJdbcSourceAcceptanceTest" time="8.643"/>
  <testcase name="testIncrementalDateCheckCursor()" classname="io.airbyte.integrations.source.postgres.PostgresJdbcSourceAcceptanceTest" time="1.456"/>
  <testcase name="testReadMultipleTablesIncrementally()" classname="io.airbyte.integrations.source.postgres.PostgresJdbcSourceAcceptanceTest" time="3.09"/>
  <testcase name="testIncrementalCursorChanges()" classname="io.airbyte.integrations.source.postgres.PostgresJdbcSourceAcceptanceTest" time="2.126"/>
  <testcase name="testDiscoverWithNullableCursorFields()" classname="io.airbyte.integrations.source.postgres.PostgresJdbcSourceAcceptanceTest" time="3.64"/>
  <testcase name="testCheckSuccess()" classname="io.airbyte.integrations.source.postgres.PostgresJdbcSourceAcceptanceTest" time="2.554"/>
  <testcase name="testIncrementalIntCheckCursor()" classname="io.airbyte.integrations.source.postgres.PostgresJdbcSourceAcceptanceTest" time="1.639"/>
  <testcase name="testDiscoverWithMultipleSchemas()" classname="io.airbyte.integrations.source.postgres.PostgresJdbcSourceAcceptanceTest" time="1.582"/>
  <testcase name="testCheckFailure()" classname="io.airbyte.integrations.source.postgres.PostgresJdbcSourceAcceptanceTest" time="11.813"/>
  <testcase name="testIncrementalWithConcurrentInsertion()" classname="io.airbyte.integrations.source.postgres.PostgresJdbcSourceAcceptanceTest" time="1.88"/>
  <testcase name="testIncrementalNoPreviousState()" classname="io.airbyte.integrations.source.postgres.PostgresJdbcSourceAcceptanceTest" time="0.96"/>
  <testcase name="testDiscover()" classname="io.airbyte.integrations.source.postgres.PostgresJdbcSourceAcceptanceTest" time="1.39"/>
  <testcase name="testIncrementalStringCheckCursor()" classname="io.airbyte.integrations.source.postgres.PostgresJdbcSourceAcceptanceTest" time="1.264"/>
  <testcase name="testReadSuccess()" classname="io.airbyte.integrations.source.postgres.PostgresJdbcSourceAcceptanceTest" time="1.144"/>
  <testcase name="testReadOneColumn()" classname="io.airbyte.integrations.source.postgres.PostgresJdbcSourceAcceptanceTest" time="1.708"/>
  <testcase name="testReadOneTableIncrementallyTwice()" classname="io.airbyte.integrations.source.postgres.PostgresJdbcSourceAcceptanceTest" time="1.337"/>
  <testcase name="testReadFailure()" classname="io.airbyte.integrations.source.postgres.PostgresJdbcSourceAcceptanceTest" time="1.636"/>
  <testcase name="testIncrementalStringCheckCursorSpaceInColumnName()" classname="io.airbyte.integrations.source.postgres.PostgresJdbcSourceAcceptanceTest" time="2.422"/>
  <testcase name="testTablesWithQuoting()" classname="io.airbyte.integrations.source.postgres.PostgresJdbcSourceAcceptanceTest" time="1.86"/>
  <testcase name="incrementalTimeTzCheck()" classname="io.airbyte.integrations.source.postgres.PostgresJdbcSourceAcceptanceTest" time="1.888"/>
  <testcase name="testCheckIncorrectDataBaseFailure()" classname="io.airbyte.integrations.source.postgres.PostgresJdbcSourceAcceptanceTest" time="11.385"/>
  <testcase name="testCheckIncorrectPasswordFailure()" classname="io.airbyte.integrations.source.postgres.PostgresJdbcSourceAcceptanceTest" time="10.793"/>
  <testcase name="testSpec()" classname="io.airbyte.integrations.source.postgres.PostgresJdbcSourceAcceptanceTest" time="0.568"/>
  <testcase name="incrementalTimestampCheck()" classname="io.airbyte.integrations.source.postgres.PostgresJdbcSourceAcceptanceTest" time="0.892"/>
  <testcase name="incrementalTimestampTzCheck()" classname="io.airbyte.integrations.source.postgres.PostgresJdbcSourceAcceptanceTest" time="0.876"/>
  <testcase name="testUserHasNoPermissionToDataBase()" classname="io.airbyte.integrations.source.postgres.PostgresJdbcSourceAcceptanceTest" time="10.995"/>
  <testcase name="testCheckIncorrectHostFailure()" classname="io.airbyte.integrations.source.postgres.PostgresJdbcSourceAcceptanceTest" time="10.828"/>
  <testcase name="testCheckIncorrectUsernameFailure()" classname="io.airbyte.integrations.source.postgres.PostgresJdbcSourceAcceptanceTest" time="10.753"/>
  <testcase name="testCheckIncorrectPortFailure()" classname="io.airbyte.integrations.source.postgres.PostgresJdbcSourceAcceptanceTest" time="10.51"/>
  <system-out><![CDATA[{"type":"LOG","log":{"level":"INFO","message":"INFO o.t.u.ImageNameSubstitutor(instance):55 Image name substitution will be performed by: DefaultImageNameSubstitutor (composite of 'ConfigurationFileImageNameSubstitutor' and 'PrefixingImageNameSubstitutor')"}}
{"type":"LOG","log":{"level":"INFO","message":"INFO o.t.d.DockerClientProviderStrategy(lambda$loadConfiguredStrategy$9):362 Loaded org.testcontainers.dockerclient.UnixSocketClientProviderStrategy from ~/.testcontainers.properties, will try it first"}}
{"type":"LOG","log":{"level":"INFO","message":"INFO o.t.d.DockerClientProviderStrategy(tryOutStrategy):272 Found Docker environment with local Unix socket (unix:///var/run/docker.sock)"}}
{"type":"LOG","log":{"level":"INFO","message":"INFO o.t.DockerClientFactory(client):198 Docker host IP address is localhost"}}
{"type":"LOG","log":{"level":"INFO","message":"INFO o.t.DockerClientFactory(client):205 Connected to docker: \n  Server Version: 20.10.12\n  API Version: 1.41\n  Operating System: Docker Desktop\n  Total Memory: 1985 MB"}}
{"type":"LOG","log":{"level":"INFO","message":"INFO o.t.c.GenericContainer(tryStart):376 Creating container for image: testcontainers/ryuk:0.3.4"}}
{"type":"LOG","log":{"level":"INFO","message":"INFO o.t.c.GenericContainer(tryStart):440 Container testcontainers/ryuk:0.3.4 is starting: c6e2919205c6e397fa6f103656acab98357e6249cb16b7082b4648a6c1512098"}}
{"type":"LOG","log":{"level":"INFO","message":"INFO o.t.c.GenericContainer(tryStart):520 Container testcontainers/ryuk:0.3.4 started in PT8.895921S"}}
{"type":"LOG","log":{"level":"INFO","message":"INFO o.t.u.RyukResourceReaper(init):43 Ryuk started - will monitor and terminate Testcontainers containers on JVM exit"}}
{"type":"LOG","log":{"level":"INFO","message":"INFO o.t.DockerClientFactory(client):235 Checking the system..."}}
{"type":"LOG","log":{"level":"INFO","message":"INFO o.t.DockerClientFactory(check):256 ✔︎ Docker server version should be at least 1.6.0"}}
{"type":"LOG","log":{"level":"INFO","message":"INFO o.t.c.GenericContainer(tryStart):376 Creating container for image: postgres:13-alpine"}}
{"type":"LOG","log":{"level":"INFO","message":"INFO o.t.c.GenericContainer(tryStart):440 Container postgres:13-alpine is starting: 9c3c4ca2bf185945a2d01c3fec7f14b4f96e49a6e1514b80356e83414f46cdbb"}}
{"type":"LOG","log":{"level":"INFO","message":"INFO o.t.c.GenericContainer(tryStart):520 Container postgres:13-alpine started in PT9.066026S"}}
{"type":"LOG","log":{"level":"INFO","message":"INFO c.z.h.HikariDataSource(<init>):80 HikariPool-1 - Starting..."}}
{"type":"LOG","log":{"level":"INFO","message":"INFO c.z.h.HikariDataSource(<init>):82 HikariPool-1 - Start completed."}}
{"type":"LOG","log":{"level":"INFO","message":"INFO i.a.i.s.p.PostgresUtils(isCdc):53 using CDC: false"}}
{"type":"LOG","log":{"level":"INFO","message":"INFO i.a.i.s.r.s.StateManagerFactory(createStateManager):55 Stream state manager selected to manage state object with type STREAM."}}
{"type":"LOG","log":{"level":"INFO","message":"INFO i.a.i.s.r.s.CursorManager(createCursorInfoForStream):182 No cursor field set in catalog but not present in state. Stream: jdbc_integration_test1_wqduh_id_and_name, New Cursor Field: null. Resetting cursor value"}}
{"type":"LOG","log":{"level":"INFO","message":"INFO i.a.i.s.r.s.CursorManager(createCursorInfoForStream):182 No cursor field set in catalog but not present in state. Stream: jdbc_integration_test1_wqduh_id_and_name7, New Cursor Field: null. Resetting cursor value"}}
{"type":"LOG","log":{"level":"INFO","message":"INFO i.a.i.s.r.s.CursorManager(createCursorInfoForStream):182 No cursor field set in catalog but not present in state. Stream: jdbc_integration_test1_wqduh_id_and_name8, New Cursor Field: null. Resetting cursor value"}}
{"type":"LOG","log":{"level":"INFO","message":"INFO i.a.i.s.r.s.CursorManager(createCursorInfoForStream):182 No cursor field set in catalog but not present in state. Stream: jdbc_integration_test1_wqduh_id_and_name9, New Cursor Field: null. Resetting cursor value"}}
{"type":"LOG","log":{"level":"INFO","message":"INFO i.a.i.s.r.s.CursorManager(createCursorInfoForStream):182 No cursor field set in catalog but not present in state. Stream: jdbc_integration_test1_wqduh_id_and_name2, New Cursor Field: null. Resetting cursor value"}}
{"type":"LOG","log":{"level":"INFO","message":"INFO i.a.i.s.r.s.CursorManager(createCursorInfoForStream):182 No cursor field set in catalog but not present in state. Stream: jdbc_integration_test1_wqduh_id_and_name3, New Cursor Field: null. Resetting cursor value"}}
{"type":"LOG","log":{"level":"INFO","message":"INFO i.a.i.s.r.s.CursorManager(createCursorInfoForStream):182 No cursor field set in catalog but not present in state. Stream: jdbc_integration_test1_wqduh_id_and_name4, New Cursor Field: null. Resetting cursor value"}}
{"type":"LOG","log":{"level":"INFO","message":"INFO i.a.i.s.r.s.CursorManager(createCursorInfoForStream):182 No cursor field set in catalog but not present in state. Stream: jdbc_integration_test1_wqduh_id_and_name5, New Cursor Field: null. Resetting cursor value"}}
{"type":"LOG","log":{"level":"INFO","message":"INFO i.a.i.s.r.s.CursorManager(createCursorInfoForStream):182 No cursor field set in catalog but not present in state. Stream: jdbc_integration_test1_wqduh_id_and_name6, New Cursor Field: null. Resetting cursor value"}}
{"type":"LOG","log":{"level":"INFO","message":"INFO c.z.h.HikariDataSource(<init>):80 HikariPool-2 - Starting..."}}
{"type":"LOG","log":{"level":"INFO","message":"INFO c.z.h.HikariDataSource(<init>):82 HikariPool-2 - Start completed."}}
{"type":"LOG","log":{"level":"INFO","message":"INFO i.a.i.s.p.PostgresUtils(isCdc):53 using CDC: false"}}
{"type":"LOG","log":{"level":"INFO","message":"INFO i.a.i.s.j.AbstractJdbcSource(logPreSyncDebugData):450 Data source product recognized as PostgreSQL:13.11"}}
{"type":"LOG","log":{"level":"INFO","message":"INFO i.a.i.s.p.PostgresSource(logPreSyncDebugData):221 Discovering indexes for schema \"jdbc_integration_test1_wqduh\", table \"id_and_name\""}}
{"type":"LOG","log":{"level":"INFO","message":"INFO i.a.i.s.p.PostgresSource(logPreSyncDebugData):223 Index name: id_and_name_pkey, Column: id, Unique: true"}}
{"type":"LOG","log":{"level":"INFO","message":"INFO i.a.i.s.p.PostgresSource(logPreSyncDebugData):221 Discovering indexes for schema \"jdbc_integration_test1_wqduh\", table \"id_and_name2\""}}
{"type":"LOG","log":{"level":"INFO","message":"INFO i.a.i.s.p.PostgresSource(logPreSyncDebugData):221 Discovering indexes for schema \"jdbc_integration_test1_wqduh\", table \"id_and_name3\""}}
{"type":"LOG","log":{"level":"INFO","message":"INFO i.a.i.s.p.PostgresSource(logPreSyncDebugData):221 Discovering indexes for schema \"jdbc_integration_test1_wqduh\", table \"id_and_name4\""}}
{"type":"LOG","log":{"level":"INFO","message":"INFO i.a.i.s.p.PostgresSource(logPreSyncDebugData):221 Discovering indexes for schema \"jdbc_integration_test1_wqduh\", table \"id_and_name5\""}}
{"type":"LOG","log":{"level":"INFO","message":"INFO i.a.i.s.p.PostgresSource(logPreSyncDebugData):221 Discovering indexes for schema \"jdbc_integration_test1_wqduh\", table \"id_and_name6\""}}
{"type":"LOG","log":{"level":"INFO","message":"INFO i.a.i.s.p.PostgresSource(logPreSyncDebugData):221 Discovering indexes for schema \"jdbc_integration_test1_wqduh\", table \"id_and_name7\""}}
{"type":"LOG","log":{"level":"INFO","message":"INFO i.a.i.s.p.PostgresSource(logPreSyncDebugData):221 Discovering indexes for schema \"jdbc_integration_test1_wqduh\", table \"id_and_name8\""}}
{"type":"LOG","log":{"level":"INFO","message":"INFO i.a.i.s.p.PostgresSource(logPreSyncDebugData):221 Discovering indexes for schema \"jdbc_integration_test1_wqduh\", table \"id_and_name9\""}}
{"type":"LOG","log":{"level":"INFO","message":"INFO i.a.i.s.p.PostgresQueryUtils(logXminStatus):77 Xmin Status : {Number of wraparounds: 0, Xmin Transaction Value: 534, Xmin Raw Value: 534"}}
{"type":"LOG","log":{"level":"INFO","message":"INFO i.a.i.s.j.AbstractJdbcSource(discoverInternal):166 Internal schemas to exclude: [catalog_history, information_schema, pg_catalog, pg_internal]"}}
{"type":"LOG","log":{"level":"INFO","message":"INFO i.a.d.j.s.AdaptiveStreamingQueryConfig(initialize):31 Set initial fetch size: 10 rows"}}
{"type":"LOG","log":{"level":"INFO","message":"INFO i.a.d.j.s.AdaptiveStreamingQueryConfig(accept):40 Set new fetch size: 1028016 rows"}}
{"type":"LOG","log":{"level":"INFO","message":"INFO i.a.d.j.s.TwoStageSizeEstimator(getTargetBufferByteSize):71 Max memory limit: 536870912, JDBC buffer size: 322122547"}}
{"type":"LOG","log":{"level":"INFO","message":"INFO i.a.i.s.j.AbstractJdbcSource(discoverInternal):166 Internal schemas to exclude: [catalog_history, information_schema, pg_catalog, pg_internal]"}}
{"type":"LOG","log":{"level":"INFO","message":"INFO i.a.d.j.s.AdaptiveStreamingQueryConfig(initialize):31 Set initial fetch size: 10 rows"}}
{"type":"LOG","log":{"level":"WARN","message":"WARN i.a.i.s.r.DbSourceDiscoverUtil(logSourceSchemaChange):82 Source schema changed for table jdbc_integration_test1_wqduh.id_and_name2! Potential mismatches: [id]. Actual schema: {\"type\":\"object\",\"properties\":{\"name\":{\"type\":\"string\"},\"id\":{\"type\":\"number\",\"airbyte_type\":\"integer\"}}}. Catalog schema: {\"type\":\"object\",\"properties\":{\"name\":{\"type\":\"string\"},\"id\":{\"type\":\"number\"}}}"}}
{"type":"LOG","log":{"level":"WARN","message":"WARN i.a.i.s.r.DbSourceDiscoverUtil(logSourceSchemaChange):82 Source schema changed for table jdbc_integration_test1_wqduh.id_and_name3! Potential mismatches: [id]. Actual schema: {\"type\":\"object\",\"properties\":{\"name\":{\"type\":\"string\"},\"id\":{\"type\":\"number\",\"airbyte_type\":\"integer\"}}}. Catalog schema: {\"type\":\"object\",\"properties\":{\"name\":{\"type\":\"string\"},\"id\":{\"type\":\"number\"}}}"}}
{"type":"LOG","log":{"level":"WARN","message":"WARN i.a.i.s.r.DbSourceDiscoverUtil(logSourceSchemaChange):82 Source schema changed for table jdbc_integration_test1_wqduh.id_and_name4! Potential mismatches: [id]. Actual schema: {\"type\":\"object\",\"properties\":{\"name\":{\"type\":\"string\"},\"id\":{\"type\":\"number\",\"airbyte_type\":\"integer\"}}}. Catalog schema: {\"type\":\"object\",\"properties\":{\"name\":{\"type\":\"string\"},\"id\":{\"type\":\"number\"}}}"}}
{"type":"LOG","log":{"level":"WARN","message":"WARN i.a.i.s.r.DbSourceDiscoverUtil(logSourceSchemaChange):82 Source schema changed for table jdbc_integration_test1_wqduh.id_and_name5! Potential mismatches: [id]. Actual schema: {\"type\":\"object\",\"properties\":{\"name\":{\"type\":\"string\"},\"id\":{\"type\":\"number\",\"airbyte_type\":\"integer\"}}}. Catalog schema: {\"type\":\"object\",\"properties\":{\"name\":{\"type\":\"string\"},\"id\":{\"type\":\"number\"}}}"}}
{"type":"LOG","log":{"level":"WARN","message":"WARN i.a.i.s.r.DbSourceDiscoverUtil(logSourceSchemaChange):82 Source schema changed for table jdbc_integration_test1_wqduh.id_and_name6! Potential mismatches: [id]. Actual schema: {\"type\":\"object\",\"properties\":{\"name\":{\"type\":\"string\"},\"id\":{\"type\":\"number\",\"airbyte_type\":\"integer\"}}}. Catalog schema: {\"type\":\"object\",\"properties\":{\"name\":{\"type\":\"string\"},\"id\":{\"type\":\"number\"}}}"}}
{"type":"LOG","log":{"level":"WARN","message":"WARN i.a.i.s.r.DbSourceDiscoverUtil(logSourceSchemaChange):82 Source schema changed for table jdbc_integration_test1_wqduh.id_and_name7! Potential mismatches: [id]. Actual schema: {\"type\":\"object\",\"properties\":{\"name\":{\"type\":\"string\"},\"id\":{\"type\":\"number\",\"airbyte_type\":\"integer\"}}}. Catalog schema: {\"type\":\"object\",\"properties\":{\"name\":{\"type\":\"string\"},\"id\":{\"type\":\"number\"}}}"}}
{"type":"LOG","log":{"level":"WARN","message":"WARN i.a.i.s.r.DbSourceDiscoverUtil(logSourceSchemaChange):82 Source schema changed for table jdbc_integration_test1_wqduh.id_and_name8! Potential mismatches: [id]. Actual schema: {\"type\":\"object\",\"properties\":{\"name\":{\"type\":\"string\"},\"id\":{\"type\":\"number\",\"airbyte_type\":\"integer\"}}}. Catalog schema: {\"type\":\"object\",\"properties\":{\"name\":{\"type\":\"string\"},\"id\":{\"type\":\"number\"}}}"}}
{"type":"LOG","log":{"level":"WARN","message":"WARN i.a.i.s.r.DbSourceDiscoverUtil(logSourceSchemaChange):82 Source schema changed for table jdbc_integration_test1_wqduh.id_and_name9! Potential mismatches: [id]. Actual schema: {\"type\":\"object\",\"properties\":{\"name\":{\"type\":\"string\"},\"id\":{\"type\":\"number\",\"airbyte_type\":\"integer\"}}}. Catalog schema: {\"type\":\"object\",\"properties\":{\"name\":{\"type\":\"string\"},\"id\":{\"type\":\"number\"}}}"}}
{"type":"LOG","log":{"level":"INFO","message":"INFO i.a.i.s.p.PostgresUtils(isCdc):53 using CDC: false"}}
{"type":"LOG","log":{"level":"INFO","message":"INFO i.a.i.s.j.AbstractJdbcSource(queryTableFullRefresh):112 Queueing query for table: id_and_name"}}
{"type":"LOG","log":{"level":"INFO","message":"INFO i.a.i.s.j.AbstractJdbcSource(queryTableFullRefresh):112 Queueing query for table: id_and_name2"}}
{"type":"LOG","log":{"level":"INFO","message":"INFO i.a.i.s.j.AbstractJdbcSource(queryTableFullRefresh):112 Queueing query for table: id_and_name3"}}
{"type":"LOG","log":{"level":"INFO","message":"INFO i.a.i.s.j.AbstractJdbcSource(queryTableFullRefresh):112 Queueing query for table: id_and_name4"}}
{"type":"LOG","log":{"level":"INFO","message":"INFO i.a.i.s.j.AbstractJdbcSource(queryTableFullRefresh):112 Queueing query for table: id_and_name5"}}
{"type":"LOG","log":{"level":"INFO","message":"INFO i.a.i.s.j.AbstractJdbcSource(queryTableFullRefresh):112 Queueing query for table: id_and_name6"}}
{"type":"LOG","log":{"level":"INFO","message":"INFO i.a.i.s.j.AbstractJdbcSource(queryTableFullRefresh):112 Queueing query for table: id_and_name7"}}
{"type":"LOG","log":{"level":"INFO","message":"INFO i.a.i.s.j.AbstractJdbcSource(queryTableFullRefresh):112 Queueing query for table: id_and_name8"}}
{"type":"LOG","log":{"level":"INFO","message":"INFO i.a.i.s.j.AbstractJdbcSource(queryTableFullRefresh):112 Queueing query for table: id_and_name9"}}
{"type":"LOG","log":{"level":"INFO","message":"INFO i.a.i.s.r.RelationalDbQueryUtils(lambda$queryTable$0):73 Queueing query: SELECT \"id\",\"name\",\"updated_at\",\"wakeup_at\",\"last_visited_at\",\"last_comment_at\" FROM \"jdbc_integration_test1_wqduh\".\"id_and_name\""}}
{"type":"LOG","log":{"level":"INFO","message":"INFO i.a.d.j.s.AdaptiveStreamingQueryConfig(initialize):31 Set initial fetch size: 10 rows"}}
{"type":"LOG","log":{"level":"INFO","message":"INFO i.a.c.u.CompositeIterator(lambda$emitStartStreamStatus$1):155 STARTING -> jdbc_integration_test1_wqduh_id_and_name"}}
{"type":"TRACE","trace":{"type":"STREAM_STATUS","emitted_at":1.684590270632E12,"stream_status":{"stream_descriptor":{"name":"id_and_name","namespace":"jdbc_integration_test1_wqduh"},"status":"STARTED"}}}
{"type":"LOG","log":{"level":"INFO","message":"INFO i.a.c.u.CompositeIterator(lambda$emitRunningStreamStatus$0):148 RUNNING -> jdbc_integration_test1_wqduh_id_and_name"}}
{"type":"TRACE","trace":{"type":"STREAM_STATUS","emitted_at":1.684590270641E12,"stream_status":{"stream_descriptor":{"name":"id_and_name","namespace":"jdbc_integration_test1_wqduh"},"status":"RUNNING"}}}
{"type":"LOG","log":{"level":"INFO","message":"INFO i.a.c.u.CompositeIterator(lambda$emitCompleteStreamStatus$2):162 COMPLETE -> jdbc_integration_test1_wqduh_id_and_name"}}
{"type":"TRACE","trace":{"type":"STREAM_STATUS","emitted_at":1.684590270677E12,"stream_status":{"stream_descriptor":{"name":"id_and_name","namespace":"jdbc_integration_test1_wqduh"},"status":"COMPLETE"}}}
{"type":"LOG","log":{"level":"INFO","message":"INFO i.a.c.u.CompositeIterator(lambda$emitStartStreamStatus$1):155 STARTING -> jdbc_integration_test1_wqduh_id_and_name2"}}
{"type":"TRACE","trace":{"type":"STREAM_STATUS","emitted_at":1.684590270678E12,"stream_status":{"stream_descriptor":{"name":"id_and_name2","namespace":"jdbc_integration_test1_wqduh"},"status":"STARTED"}}}
{"type":"LOG","log":{"level":"INFO","message":"INFO i.a.i.s.r.RelationalDbQueryUtils(lambda$queryTable$0):73 Queueing query: SELECT \"id\",\"name\" FROM \"jdbc_integration_test1_wqduh\".\"id_and_name2\""}}
{"type":"LOG","log":{"level":"INFO","message":"INFO i.a.d.j.s.AdaptiveStreamingQueryConfig(initialize):31 Set initial fetch size: 10 rows"}}
{"type":"LOG","log":{"level":"INFO","message":"INFO i.a.c.u.CompositeIterator(lambda$emitRunningStreamStatus$0):148 RUNNING -> jdbc_integration_test1_wqduh_id_and_name2"}}
{"type":"TRACE","trace":{"type":"STREAM_STATUS","emitted_at":1.684590270721E12,"stream_status":{"stream_descriptor":{"name":"id_and_name2","namespace":"jdbc_integration_test1_wqduh"},"status":"RUNNING"}}}
{"type":"LOG","log":{"level":"INFO","message":"INFO i.a.c.u.CompositeIterator(lambda$emitCompleteStreamStatus$2):162 COMPLETE -> jdbc_integration_test1_wqduh_id_and_name2"}}
{"type":"TRACE","trace":{"type":"STREAM_STATUS","emitted_at":1.684590270774E12,"stream_status":{"stream_descriptor":{"name":"id_and_name2","namespace":"jdbc_integration_test1_wqduh"},"status":"COMPLETE"}}}
{"type":"LOG","log":{"level":"INFO","message":"INFO i.a.c.u.CompositeIterator(lambda$emitStartStreamStatus$1):155 STARTING -> jdbc_integration_test1_wqduh_id_and_name3"}}
{"type":"TRACE","trace":{"type":"STREAM_STATUS","emitted_at":1.684590270776E12,"stream_status":{"stream_descriptor":{"name":"id_and_name3","namespace":"jdbc_integration_test1_wqduh"},"status":"STARTED"}}}
{"type":"LOG","log":{"level":"INFO","message":"INFO i.a.i.s.r.RelationalDbQueryUtils(lambda$queryTable$0):73 Queueing query: SELECT \"id\",\"name\" FROM \"jdbc_integration_test1_wqduh\".\"id_and_name3\""}}
{"type":"LOG","log":{"level":"INFO","message":"INFO i.a.d.j.s.AdaptiveStreamingQueryConfig(initialize):31 Set initial fetch size: 10 rows"}}
{"type":"LOG","log":{"level":"INFO","message":"INFO i.a.c.u.CompositeIterator(lambda$emitRunningStreamStatus$0):148 RUNNING -> jdbc_integration_test1_wqduh_id_and_name3"}}
{"type":"TRACE","trace":{"type":"STREAM_STATUS","emitted_at":1.684590270817E12,"stream_status":{"stream_descriptor":{"name":"id_and_name3","namespace":"jdbc_integration_test1_wqduh"},"status":"RUNNING"}}}
{"type":"LOG","log":{"level":"INFO","message":"INFO i.a.c.u.CompositeIterator(lambda$emitCompleteStreamStatus$2):162 COMPLETE -> jdbc_integration_test1_wqduh_id_and_name3"}}
{"type":"TRACE","trace":{"type":"STREAM_STATUS","emitted_at":1.684590270857E12,"stream_status":{"stream_descriptor":{"name":"id_and_name3","namespace":"jdbc_integration_test1_wqduh"},"status":"COMPLETE"}}}
{"type":"LOG","log":{"level":"INFO","message":"INFO i.a.c.u.CompositeIterator(lambda$emitStartStreamStatus$1):155 STARTING -> jdbc_integration_test1_wqduh_id_and_name4"}}
{"type":"TRACE","trace":{"type":"STREAM_STATUS","emitted_at":1.684590270858E12,"stream_status":{"stream_descriptor":{"name":"id_and_name4","namespace":"jdbc_integration_test1_wqduh"},"status":"STARTED"}}}
{"type":"LOG","log":{"level":"INFO","message":"INFO i.a.i.s.r.RelationalDbQueryUtils(lambda$queryTable$0):73 Queueing query: SELECT \"id\",\"name\" FROM \"jdbc_integration_test1_wqduh\".\"id_and_name4\""}}
{"type":"LOG","log":{"level":"INFO","message":"INFO i.a.d.j.s.AdaptiveStreamingQueryConfig(initialize):31 Set initial fetch size: 10 rows"}}
{"type":"LOG","log":{"level":"INFO","message":"INFO i.a.c.u.CompositeIterator(lambda$emitRunningStreamStatus$0):148 RUNNING -> jdbc_integration_test1_wqduh_id_and_name4"}}
{"type":"TRACE","trace":{"type":"STREAM_STATUS","emitted_at":1.684590270948E12,"stream_status":{"stream_descriptor":{"name":"id_and_name4","namespace":"jdbc_integration_test1_wqduh"},"status":"RUNNING"}}}
{"type":"LOG","log":{"level":"INFO","message":"INFO i.a.c.u.CompositeIterator(lambda$emitCompleteStreamStatus$2):162 COMPLETE -> jdbc_integration_test1_wqduh_id_and_name4"}}
{"type":"TRACE","trace":{"type":"STREAM_STATUS","emitted_at":1.684590270982E12,"stream_status":{"stream_descriptor":{"name":"id_and_name4","namespace":"jdbc_integration_test1_wqduh"},"status":"COMPLETE"}}}
{"type":"LOG","log":{"level":"INFO","message":"INFO i.a.c.u.CompositeIterator(lambda$emitStartStreamStatus$1):155 STARTING -> jdbc_integration_test1_wqduh_id_and_name5"}}
{"type":"TRACE","trace":{"type":"STREAM_STATUS","emitted_at":1.684590270984E12,"stream_status":{"stream_descriptor":{"name":"id_and_name5","namespace":"jdbc_integration_test1_wqduh"},"status":"STARTED"}}}
{"type":"LOG","log":{"level":"INFO","message":"INFO i.a.i.s.r.RelationalDbQueryUtils(lambda$queryTable$0):73 Queueing query: SELECT \"id\",\"name\" FROM \"jdbc_integration_test1_wqduh\".\"id_and_name5\""}}
{"type":"LOG","log":{"level":"INFO","message":"INFO i.a.d.j.s.AdaptiveStreamingQueryConfig(initialize):31 Set initial fetch size: 10 rows"}}
{"type":"LOG","log":{"level":"INFO","message":"INFO i.a.c.u.CompositeIterator(lambda$emitRunningStreamStatus$0):148 RUNNING -> jdbc_integration_test1_wqduh_id_and_name5"}}
{"type":"TRACE","trace":{"type":"STREAM_STATUS","emitted_at":1.684590271063E12,"stream_status":{"stream_descriptor":{"name":"id_and_name5","namespace":"jdbc_integration_test1_wqduh"},"status":"RUNNING"}}}
{"type":"LOG","log":{"level":"INFO","message":"INFO i.a.c.u.CompositeIterator(lambda$emitCompleteStreamStatus$2):162 COMPLETE -> jdbc_integration_test1_wqduh_id_and_name5"}}
{"type":"TRACE","trace":{"type":"STREAM_STATUS","emitted_at":1.684590271077E12,"stream_status":{"stream_descriptor":{"name":"id_and_name5","namespace":"jdbc_integration_test1_wqduh"},"status":"COMPLETE"}}}
{"type":"LOG","log":{"level":"INFO","message":"INFO i.a.c.u.CompositeIterator(lambda$emitStartStreamStatus$1):155 STARTING -> jdbc_integration_test1_wqduh_id_and_name6"}}
{"type":"TRACE","trace":{"type":"STREAM_STATUS","emitted_at":1.684590271078E12,"stream_status":{"stream_descriptor":{"name":"id_and_name6","namespace":"jdbc_integration_test1_wqduh"},"status":"STARTED"}}}
{"type":"LOG","log":{"level":"INFO","message":"INFO i.a.i.s.r.RelationalDbQueryUtils(lambda$queryTable$0):73 Queueing query: SELECT \"id\",\"name\" FROM \"jdbc_integration_test1_wqduh\".\"id_and_name6\""}}
{"type":"LOG","log":{"level":"INFO","message":"INFO i.a.d.j.s.AdaptiveStreamingQueryConfig(initialize):31 Set initial fetch size: 10 rows"}}
{"type":"LOG","log":{"level":"INFO","message":"INFO i.a.c.u.CompositeIterator(lambda$emitRunningStreamStatus$0):148 RUNNING -> jdbc_integration_test1_wqduh_id_and_name6"}}
{"type":"TRACE","trace":{"type":"STREAM_STATUS","emitted_at":1.684590271133E12,"stream_status":{"stream_descriptor":{"name":"id_and_name6","namespace":"jdbc_integration_test1_wqduh"},"status":"RUNNING"}}}
{"type":"LOG","log":{"level":"INFO","message":"INFO i.a.c.u.CompositeIterator(lambda$emitCompleteStreamStatus$2):162 COMPLETE -> jdbc_integration_test1_wqduh_id_and_name6"}}
{"type":"TRACE","trace":{"type":"STREAM_STATUS","emitted_at":1.684590271159E12,"stream_status":{"stream_descriptor":{"name":"id_and_name6","namespace":"jdbc_integration_test1_wqduh"},"status":"COMPLETE"}}}
{"type":"LOG","log":{"level":"INFO","message":"INFO i.a.c.u.CompositeIterator(lambda$emitStartStreamStatus$1):155 STARTING -> jdbc_integration_test1_wqduh_id_and_name7"}}
{"type":"TRACE","trace":{"type":"STREAM_STATUS","emitted_at":1.68459027116E12,"stream_status":{"stream_descriptor":{"name":"id_and_name7","namespace":"jdbc_integration_test1_wqduh"},"status":"STARTED"}}}
{"type":"LOG","log":{"level":"INFO","message":"INFO i.a.i.s.r.RelationalDbQueryUtils(lambda$queryTable$0):73 Queueing query: SELECT \"id\",\"name\" FROM \"jdbc_integration_test1_wqduh\".\"id_and_name7\""}}
{"type":"LOG","log":{"level":"INFO","message":"INFO i.a.d.j.s.AdaptiveStreamingQueryConfig(initialize):31 Set initial fetch size: 10 rows"}}
{"type":"LOG","log":{"level":"INFO","message":"INFO i.a.c.u.CompositeIterator(lambda$emitRunningStreamStatus$0):148 RUNNING -> jdbc_integration_test1_wqduh_id_and_name7"}}
{"type":"TRACE","trace":{"type":"STREAM_STATUS","emitted_at":1.68459027121E12,"stream_status":{"stream_descriptor":{"name":"id_and_name7","namespace":"jdbc_integration_test1_wqduh"},"status":"RUNNING"}}}
{"type":"LOG","log":{"level":"INFO","message":"INFO i.a.c.u.CompositeIterator(lambda$emitCompleteStreamStatus$2):162 COMPLETE -> jdbc_integration_test1_wqduh_id_and_name7"}}
{"type":"TRACE","trace":{"type":"STREAM_STATUS","emitted_at":1.684590271229E12,"stream_status":{"stream_descriptor":{"name":"id_and_name7","namespace":"jdbc_integration_test1_wqduh"},"status":"COMPLETE"}}}
{"type":"LOG","log":{"level":"INFO","message":"INFO i.a.c.u.CompositeIterator(lambda$emitStartStreamStatus$1):155 STARTING -> jdbc_integration_test1_wqduh_id_and_name8"}}
{"type":"TRACE","trace":{"type":"STREAM_STATUS","emitted_at":1.68459027123E12,"stream_status":{"stream_descriptor":{"name":"id_and_name8","namespace":"jdbc_integration_test1_wqduh"},"status":"STARTED"}}}
{"type":"LOG","log":{"level":"INFO","message":"INFO i.a.i.s.r.RelationalDbQueryUtils(lambda$queryTable$0):73 Queueing query: SELECT \"id\",\"name\" FROM \"jdbc_integration_test1_wqduh\".\"id_and_name8\""}}
{"type":"LOG","log":{"level":"INFO","message":"INFO i.a.d.j.s.AdaptiveStreamingQueryConfig(initialize):31 Set initial fetch size: 10 rows"}}
{"type":"LOG","log":{"level":"INFO","message":"INFO i.a.c.u.CompositeIterator(lambda$emitRunningStreamStatus$0):148 RUNNING -> jdbc_integration_test1_wqduh_id_and_name8"}}
{"type":"TRACE","trace":{"type":"STREAM_STATUS","emitted_at":1.684590271323E12,"stream_status":{"stream_descriptor":{"name":"id_and_name8","namespace":"jdbc_integration_test1_wqduh"},"status":"RUNNING"}}}
{"type":"LOG","log":{"level":"INFO","message":"INFO i.a.c.u.CompositeIterator(lambda$emitCompleteStreamStatus$2):162 COMPLETE -> jdbc_integration_test1_wqduh_id_and_name8"}}
{"type":"TRACE","trace":{"type":"STREAM_STATUS","emitted_at":1.684590271363E12,"stream_status":{"stream_descriptor":{"name":"id_and_name8","namespace":"jdbc_integration_test1_wqduh"},"status":"COMPLETE"}}}
{"type":"LOG","log":{"level":"INFO","message":"INFO i.a.c.u.CompositeIterator(lambda$emitStartStreamStatus$1):155 STARTING -> jdbc_integration_test1_wqduh_id_and_name9"}}
{"type":"TRACE","trace":{"type":"STREAM_STATUS","emitted_at":1.684590271364E12,"stream_status":{"stream_descriptor":{"name":"id_and_name9","namespace":"jdbc_integration_test1_wqduh"},"status":"STARTED"}}}
{"type":"LOG","log":{"level":"INFO","message":"INFO i.a.i.s.r.RelationalDbQueryUtils(lambda$queryTable$0):73 Queueing query: SELECT \"id\",\"name\" FROM \"jdbc_integration_test1_wqduh\".\"id_and_name9\""}}
{"type":"LOG","log":{"level":"INFO","message":"INFO i.a.d.j.s.AdaptiveStreamingQueryConfig(initialize):31 Set initial fetch size: 10 rows"}}
{"type":"LOG","log":{"level":"INFO","message":"INFO i.a.c.u.CompositeIterator(lambda$emitRunningStreamStatus$0):148 RUNNING -> jdbc_integration_test1_wqduh_id_and_name9"}}
{"type":"TRACE","trace":{"type":"STREAM_STATUS","emitted_at":1.684590271525E12,"stream_status":{"stream_descriptor":{"name":"id_and_name9","namespace":"jdbc_integration_test1_wqduh"},"status":"RUNNING"}}}
{"type":"LOG","log":{"level":"INFO","message":"INFO i.a.c.u.CompositeIterator(lambda$emitCompleteStreamStatus$2):162 COMPLETE -> jdbc_integration_test1_wqduh_id_and_name9"}}
{"type":"TRACE","trace":{"type":"STREAM_STATUS","emitted_at":1.684590271561E12,"stream_status":{"stream_descriptor":{"name":"id_and_name9","namespace":"jdbc_integration_test1_wqduh"},"status":"COMPLETE"}}}
{"type":"LOG","log":{"level":"INFO","message":"INFO c.z.h.HikariDataSource(<init>):80 HikariPool-3 - Starting..."}}
{"type":"LOG","log":{"level":"INFO","message":"INFO c.z.h.HikariDataSource(<init>):82 HikariPool-3 - Start completed."}}
{"type":"LOG","log":{"level":"INFO","message":"INFO c.z.h.HikariDataSource(<init>):80 HikariPool-4 - Starting..."}}
{"type":"LOG","log":{"level":"INFO","message":"INFO c.z.h.HikariDataSource(<init>):82 HikariPool-4 - Start completed."}}
{"type":"LOG","log":{"level":"INFO","message":"INFO i.a.i.s.p.PostgresUtils(isCdc):53 using CDC: false"}}
{"type":"LOG","log":{"level":"INFO","message":"INFO i.a.i.s.j.AbstractJdbcSource(discoverInternal):166 Internal schemas to exclude: [catalog_history, information_schema, pg_catalog, pg_internal]"}}
{"type":"LOG","log":{"level":"INFO","message":"INFO i.a.d.j.s.AdaptiveStreamingQueryConfig(initialize):31 Set initial fetch size: 10 rows"}}
{"type":"LOG","log":{"level":"INFO","message":"INFO i.a.i.s.j.AbstractJdbcSource(discoverInternal):166 Internal schemas to exclude: [catalog_history, information_schema, pg_catalog, pg_internal]"}}
{"type":"LOG","log":{"level":"INFO","message":"INFO i.a.d.j.s.AdaptiveStreamingQueryConfig(initialize):31 Set initial fetch size: 10 rows"}}
{"type":"LOG","log":{"level":"INFO","message":"INFO i.a.i.s.j.AbstractJdbcSource(discoverPrimaryKeys):266 Discover primary keys for tables: [id_and_name_without_pk, table_without_cursor_type, id_and_name, full_name_composite_pk]"}}
{"type":"LOG","log":{"level":"INFO","message":"INFO c.z.h.HikariDataSource(close):350 HikariPool-4 - Shutdown initiated..."}}
{"type":"LOG","log":{"level":"INFO","message":"INFO c.z.h.HikariDataSource(close):352 HikariPool-4 - Shutdown completed."}}
{"type":"LOG","log":{"level":"INFO","message":"INFO i.a.i.s.p.PostgresUtils(isCdc):53 using CDC: false"}}
{"type":"LOG","log":{"level":"INFO","message":"INFO c.z.h.HikariDataSource(<init>):80 HikariPool-5 - Starting..."}}
{"type":"LOG","log":{"level":"INFO","message":"INFO c.z.h.HikariDataSource(<init>):82 HikariPool-5 - Start completed."}}
{"type":"LOG","log":{"level":"INFO","message":"INFO i.a.i.s.p.PostgresUtils(isCdc):53 using CDC: false"}}
{"type":"LOG","log":{"level":"INFO","message":"INFO i.a.i.s.r.s.StateManagerFactory(createStateManager):55 Stream state manager selected to manage state object with type STREAM."}}
{"type":"LOG","log":{"level":"INFO","message":"INFO i.a.i.s.r.s.CursorManager(createCursorInfoForStream):169 Found matching cursor in state. Stream: jdbc_integration_test1_wqduh_id_and_name. Cursor Field: updated_at Value: 2005-10-18 Count: 1"}}
{"type":"LOG","log":{"level":"INFO","message":"INFO c.z.h.HikariDataSource(<init>):80 HikariPool-6 - Starting..."}}
{"type":"LOG","log":{"level":"INFO","message":"INFO c.z.h.HikariDataSource(<init>):82 HikariPool-6 - Start completed."}}
{"type":"LOG","log":{"level":"INFO","message":"INFO i.a.i.s.p.PostgresUtils(isCdc):53 using CDC: false"}}
{"type":"LOG","log":{"level":"INFO","message":"INFO i.a.i.s.j.AbstractJdbcSource(logPreSyncDebugData):450 Data source product recognized as PostgreSQL:13.11"}}
{"type":"LOG","log":{"level":"INFO","message":"INFO i.a.i.s.p.PostgresSource(logPreSyncDebugData):221 Discovering indexes for schema \"jdbc_integration_test1_wqduh\", table \"id_and_name\""}}
{"type":"LOG","log":{"level":"INFO","message":"INFO i.a.i.s.p.PostgresSource(logPreSyncDebugData):223 Index name: id_and_name_pkey, Column: id, Unique: true"}}
{"type":"LOG","log":{"level":"INFO","message":"INFO i.a.i.s.p.PostgresQueryUtils(logXminStatus):77 Xmin Status : {Number of wraparounds: 0, Xmin Transaction Value: 566, Xmin Raw Value: 566"}}
{"type":"LOG","log":{"level":"INFO","message":"INFO i.a.i.s.j.AbstractJdbcSource(discoverInternal):166 Internal schemas to exclude: [catalog_history, information_schema, pg_catalog, pg_internal]"}}
{"type":"LOG","log":{"level":"INFO","message":"INFO i.a.d.j.s.AdaptiveStreamingQueryConfig(initialize):31 Set initial fetch size: 10 rows"}}
{"type":"LOG","log":{"level":"INFO","message":"INFO i.a.i.s.j.AbstractJdbcSource(discoverInternal):166 Internal schemas to exclude: [catalog_history, information_schema, pg_catalog, pg_internal]"}}
{"type":"LOG","log":{"level":"INFO","message":"INFO i.a.d.j.s.AdaptiveStreamingQueryConfig(initialize):31 Set initial fetch size: 10 rows"}}
{"type":"LOG","log":{"level":"INFO","message":"INFO i.a.i.s.p.PostgresUtils(isCdc):53 using CDC: false"}}
{"type":"LOG","log":{"level":"INFO","message":"INFO i.a.i.s.j.AbstractJdbcSource(queryTableIncremental):320 Queueing query for table: id_and_name"}}
{"type":"LOG","log":{"level":"INFO","message":"INFO i.a.i.s.j.AbstractJdbcSource(lambda$queryTableIncremental$18):327 Preparing query for table: id_and_name"}}
{"type":"LOG","log":{"level":"INFO","message":"INFO i.a.i.s.j.AbstractJdbcSource(lambda$queryTableIncremental$18):337 Table id_and_name cursor count: expected 1, actual 0"}}
{"type":"LOG","log":{"level":"INFO","message":"INFO i.a.i.s.j.AbstractJdbcSource(lambda$queryTableIncremental$18):358 Executing query for table id_and_name: HikariProxyPreparedStatement@1348669431 wrapping SELECT \"id\",\"name\",\"updated_at\",\"wakeup_at\",\"last_visited_at\",\"last_comment_at\" FROM \"jdbc_integration_test1_wqduh\".\"id_and_name\" WHERE \"updated_at\" >= ? ORDER BY \"updated_at\" ASC"}}
{"type":"LOG","log":{"level":"INFO","message":"INFO i.a.d.j.s.AdaptiveStreamingQueryConfig(initialize):31 Set initial fetch size: 10 rows"}}
{"type":"LOG","log":{"level":"INFO","message":"INFO i.a.c.u.CompositeIterator(lambda$emitStartStreamStatus$1):155 STARTING -> jdbc_integration_test1_wqduh_id_and_name"}}
{"type":"TRACE","trace":{"type":"STREAM_STATUS","emitted_at":1.684590281681E12,"stream_status":{"stream_descriptor":{"name":"id_and_name","namespace":"jdbc_integration_test1_wqduh"},"status":"STARTED"}}}
{"type":"LOG","log":{"level":"INFO","message":"INFO i.a.c.u.CompositeIterator(lambda$emitRunningStreamStatus$0):148 RUNNING -> jdbc_integration_test1_wqduh_id_and_name"}}
{"type":"TRACE","trace":{"type":"STREAM_STATUS","emitted_at":1.684590281682E12,"stream_status":{"stream_descriptor":{"name":"id_and_name","namespace":"jdbc_integration_test1_wqduh"},"status":"RUNNING"}}}
{"type":"LOG","log":{"level":"INFO","message":"INFO i.a.c.u.CompositeIterator(lambda$emitCompleteStreamStatus$2):162 COMPLETE -> jdbc_integration_test1_wqduh_id_and_name"}}
{"type":"TRACE","trace":{"type":"STREAM_STATUS","emitted_at":1.68459028171E12,"stream_status":{"stream_descriptor":{"name":"id_and_name","namespace":"jdbc_integration_test1_wqduh"},"status":"COMPLETE"}}}
{"type":"LOG","log":{"level":"INFO","message":"INFO c.z.h.HikariDataSource(<init>):80 HikariPool-7 - Starting..."}}
{"type":"LOG","log":{"level":"INFO","message":"INFO c.z.h.HikariDataSource(<init>):82 HikariPool-7 - Start completed."}}
{"type":"LOG","log":{"level":"INFO","message":"INFO i.a.i.s.p.PostgresUtils(isCdc):53 using CDC: false"}}
{"type":"LOG","log":{"level":"INFO","message":"INFO i.a.i.s.r.s.StateManagerFactory(createStateManager):55 Stream state manager selected to manage state object with type STREAM."}}
{"type":"LOG","log":{"level":"INFO","message":"INFO i.a.i.s.r.s.CursorManager(createCursorInfoForStream):176 Found cursor field. Does not match previous cursor field. Stream: jdbc_integration_test1_wqduh_id_and_name. Original Cursor Field: null (count 0). New Cursor Field: id. Resetting cursor value."}}
{"type":"LOG","log":{"level":"INFO","message":"INFO i.a.i.s.r.s.CursorManager(createCursorInfoForStream):182 No cursor field set in catalog but not present in state. Stream: jdbc_integration_test1_wqduh_id_and_name2, New Cursor Field: id. Resetting cursor value"}}
{"type":"LOG","log":{"level":"INFO","message":"INFO c.z.h.HikariDataSource(<init>):80 HikariPool-8 - Starting..."}}
{"type":"LOG","log":{"level":"INFO","message":"INFO c.z.h.HikariDataSource(<init>):82 HikariPool-8 - Start completed."}}
{"type":"LOG","log":{"level":"INFO","message":"INFO i.a.i.s.p.PostgresUtils(isCdc):53 using CDC: false"}}
{"type":"LOG","log":{"level":"INFO","message":"INFO i.a.i.s.j.AbstractJdbcSource(logPreSyncDebugData):450 Data source product recognized as PostgreSQL:13.11"}}
{"type":"LOG","log":{"level":"INFO","message":"INFO i.a.i.s.p.PostgresSource(logPreSyncDebugData):221 Discovering indexes for schema \"jdbc_integration_test1_wqduh\", table \"id_and_name\""}}
{"type":"LOG","log":{"level":"INFO","message":"INFO i.a.i.s.p.PostgresSource(logPreSyncDebugData):223 Index name: id_and_name_pkey, Column: id, Unique: true"}}
{"type":"LOG","log":{"level":"INFO","message":"INFO i.a.i.s.p.PostgresSource(logPreSyncDebugData):221 Discovering indexes for schema \"jdbc_integration_test1_wqduh\", table \"id_and_name2\""}}
{"type":"LOG","log":{"level":"INFO","message":"INFO i.a.i.s.p.PostgresQueryUtils(logXminStatus):77 Xmin Status : {Number of wraparounds: 0, Xmin Transaction Value: 585, Xmin Raw Value: 585"}}
{"type":"LOG","log":{"level":"INFO","message":"INFO i.a.i.s.j.AbstractJdbcSource(discoverInternal):166 Internal schemas to exclude: [catalog_history, information_schema, pg_catalog, pg_internal]"}}
{"type":"LOG","log":{"level":"INFO","message":"INFO i.a.d.j.s.AdaptiveStreamingQueryConfig(initialize):31 Set initial fetch size: 10 rows"}}
{"type":"LOG","log":{"level":"INFO","message":"INFO i.a.i.s.j.AbstractJdbcSource(discoverInternal):166 Internal schemas to exclude: [catalog_history, information_schema, pg_catalog, pg_internal]"}}
{"type":"LOG","log":{"level":"INFO","message":"INFO i.a.d.j.s.AdaptiveStreamingQueryConfig(initialize):31 Set initial fetch size: 10 rows"}}
{"type":"LOG","log":{"level":"WARN","message":"WARN i.a.i.s.r.DbSourceDiscoverUtil(logSourceSchemaChange):82 Source schema changed for table jdbc_integration_test1_wqduh.id_and_name2! Potential mismatches: [id]. Actual schema: {\"type\":\"object\",\"properties\":{\"name\":{\"type\":\"string\"},\"id\":{\"type\":\"number\",\"airbyte_type\":\"integer\"}}}. Catalog schema: {\"type\":\"object\",\"properties\":{\"name\":{\"type\":\"string\"},\"id\":{\"type\":\"number\"}}}"}}
{"type":"LOG","log":{"level":"INFO","message":"INFO i.a.i.s.p.PostgresUtils(isCdc):53 using CDC: false"}}
{"type":"LOG","log":{"level":"INFO","message":"INFO i.a.i.s.j.AbstractJdbcSource(queryTableFullRefresh):112 Queueing query for table: id_and_name"}}
{"type":"LOG","log":{"level":"INFO","message":"INFO i.a.i.s.j.AbstractJdbcSource(queryTableFullRefresh):112 Queueing query for table: id_and_name2"}}
{"type":"LOG","log":{"level":"INFO","message":"INFO i.a.i.s.r.RelationalDbQueryUtils(lambda$queryTable$0):73 Queueing query: SELECT \"id\",\"name\",\"updated_at\",\"wakeup_at\",\"last_visited_at\",\"last_comment_at\" FROM \"jdbc_integration_test1_wqduh\".\"id_and_name\" ORDER BY \"id\" ASC"}}
{"type":"LOG","log":{"level":"INFO","message":"INFO i.a.d.j.s.AdaptiveStreamingQueryConfig(initialize):31 Set initial fetch size: 10 rows"}}
{"type":"LOG","log":{"level":"INFO","message":"INFO i.a.c.u.CompositeIterator(lambda$emitStartStreamStatus$1):155 STARTING -> jdbc_integration_test1_wqduh_id_and_name"}}
{"type":"TRACE","trace":{"type":"STREAM_STATUS","emitted_at":1.68459028477E12,"stream_status":{"stream_descriptor":{"name":"id_and_name","namespace":"jdbc_integration_test1_wqduh"},"status":"STARTED"}}}
{"type":"LOG","log":{"level":"INFO","message":"INFO i.a.c.u.CompositeIterator(lambda$emitRunningStreamStatus$0):148 RUNNING -> jdbc_integration_test1_wqduh_id_and_name"}}
{"type":"TRACE","trace":{"type":"STREAM_STATUS","emitted_at":1.684590284771E12,"stream_status":{"stream_descriptor":{"name":"id_and_name","namespace":"jdbc_integration_test1_wqduh"},"status":"RUNNING"}}}
{"type":"LOG","log":{"level":"INFO","message":"INFO i.a.c.u.CompositeIterator(lambda$emitCompleteStreamStatus$2):162 COMPLETE -> jdbc_integration_test1_wqduh_id_and_name"}}
{"type":"TRACE","trace":{"type":"STREAM_STATUS","emitted_at":1.684590284777E12,"stream_status":{"stream_descriptor":{"name":"id_and_name","namespace":"jdbc_integration_test1_wqduh"},"status":"COMPLETE"}}}
{"type":"LOG","log":{"level":"INFO","message":"INFO i.a.c.u.CompositeIterator(lambda$emitStartStreamStatus$1):155 STARTING -> jdbc_integration_test1_wqduh_id_and_name2"}}
{"type":"TRACE","trace":{"type":"STREAM_STATUS","emitted_at":1.684590284778E12,"stream_status":{"stream_descriptor":{"name":"id_and_name2","namespace":"jdbc_integration_test1_wqduh"},"status":"STARTED"}}}
{"type":"LOG","log":{"level":"INFO","message":"INFO i.a.i.s.r.RelationalDbQueryUtils(lambda$queryTable$0):73 Queueing query: SELECT \"id\",\"name\" FROM \"jdbc_integration_test1_wqduh\".\"id_and_name2\" ORDER BY \"id\" ASC"}}
{"type":"LOG","log":{"level":"INFO","message":"INFO i.a.d.j.s.AdaptiveStreamingQueryConfig(initialize):31 Set initial fetch size: 10 rows"}}
{"type":"LOG","log":{"level":"INFO","message":"INFO i.a.c.u.CompositeIterator(lambda$emitRunningStreamStatus$0):148 RUNNING -> jdbc_integration_test1_wqduh_id_and_name2"}}
{"type":"TRACE","trace":{"type":"STREAM_STATUS","emitted_at":1.684590284792E12,"stream_status":{"stream_descriptor":{"name":"id_and_name2","namespace":"jdbc_integration_test1_wqduh"},"status":"RUNNING"}}}
{"type":"LOG","log":{"level":"INFO","message":"INFO i.a.c.u.CompositeIterator(lambda$emitCompleteStreamStatus$2):162 COMPLETE -> jdbc_integration_test1_wqduh_id_and_name2"}}
{"type":"TRACE","trace":{"type":"STREAM_STATUS","emitted_at":1.684590284801E12,"stream_status":{"stream_descriptor":{"name":"id_and_name2","namespace":"jdbc_integration_test1_wqduh"},"status":"COMPLETE"}}}
{"type":"LOG","log":{"level":"INFO","message":"INFO c.z.h.HikariDataSource(<init>):80 HikariPool-9 - Starting..."}}
{"type":"LOG","log":{"level":"INFO","message":"INFO c.z.h.HikariDataSource(<init>):82 HikariPool-9 - Start completed."}}
{"type":"LOG","log":{"level":"INFO","message":"INFO i.a.i.s.p.PostgresUtils(isCdc):53 using CDC: false"}}
{"type":"LOG","log":{"level":"INFO","message":"INFO i.a.i.s.r.s.StateManagerFactory(createStateManager):55 Stream state manager selected to manage state object with type STREAM."}}
{"type":"LOG","log":{"level":"INFO","message":"INFO i.a.i.s.r.s.CursorManager(createCursorInfoForStream):176 Found cursor field. Does not match previous cursor field. Stream: jdbc_integration_test1_wqduh_id_and_name. Original Cursor Field: id (count 1). New Cursor Field: name. Resetting cursor value."}}
{"type":"LOG","log":{"level":"INFO","message":"INFO c.z.h.HikariDataSource(<init>):80 HikariPool-10 - Starting..."}}
{"type":"LOG","log":{"level":"INFO","message":"INFO c.z.h.HikariDataSource(<init>):82 HikariPool-10 - Start completed."}}
{"type":"LOG","log":{"level":"INFO","message":"INFO i.a.i.s.p.PostgresUtils(isCdc):53 using CDC: false"}}
{"type":"LOG","log":{"level":"INFO","message":"INFO i.a.i.s.j.AbstractJdbcSource(logPreSyncDebugData):450 Data source product recognized as PostgreSQL:13.11"}}
{"type":"LOG","log":{"level":"INFO","message":"INFO i.a.i.s.p.PostgresSource(logPreSyncDebugData):221 Discovering indexes for schema \"jdbc_integration_test1_wqduh\", table \"id_and_name\""}}
{"type":"LOG","log":{"level":"INFO","message":"INFO i.a.i.s.p.PostgresSource(logPreSyncDebugData):223 Index name: id_and_name_pkey, Column: id, Unique: true"}}
{"type":"LOG","log":{"level":"INFO","message":"INFO i.a.i.s.p.PostgresQueryUtils(logXminStatus):77 Xmin Status : {Number of wraparounds: 0, Xmin Transaction Value: 600, Xmin Raw Value: 600"}}
{"type":"LOG","log":{"level":"INFO","message":"INFO i.a.i.s.j.AbstractJdbcSource(discoverInternal):166 Internal schemas to exclude: [catalog_history, information_schema, pg_catalog, pg_internal]"}}
{"type":"LOG","log":{"level":"INFO","message":"INFO i.a.d.j.s.AdaptiveStreamingQueryConfig(initialize):31 Set initial fetch size: 10 rows"}}
{"type":"LOG","log":{"level":"INFO","message":"INFO i.a.i.s.j.AbstractJdbcSource(discoverInternal):166 Internal schemas to exclude: [catalog_history, information_schema, pg_catalog, pg_internal]"}}
{"type":"LOG","log":{"level":"INFO","message":"INFO i.a.d.j.s.AdaptiveStreamingQueryConfig(initialize):31 Set initial fetch size: 10 rows"}}
{"type":"LOG","log":{"level":"INFO","message":"INFO i.a.i.s.p.PostgresUtils(isCdc):53 using CDC: false"}}
{"type":"LOG","log":{"level":"INFO","message":"INFO i.a.i.s.j.AbstractJdbcSource(queryTableFullRefresh):112 Queueing query for table: id_and_name"}}
{"type":"LOG","log":{"level":"INFO","message":"INFO i.a.i.s.r.RelationalDbQueryUtils(lambda$queryTable$0):73 Queueing query: SELECT \"id\",\"name\",\"updated_at\",\"wakeup_at\",\"last_visited_at\",\"last_comment_at\" FROM \"jdbc_integration_test1_wqduh\".\"id_and_name\" ORDER BY \"name\" ASC"}}
{"type":"LOG","log":{"level":"INFO","message":"INFO i.a.d.j.s.AdaptiveStreamingQueryConfig(initialize):31 Set initial fetch size: 10 rows"}}
{"type":"LOG","log":{"level":"INFO","message":"INFO i.a.c.u.CompositeIterator(lambda$emitStartStreamStatus$1):155 STARTING -> jdbc_integration_test1_wqduh_id_and_name"}}
{"type":"TRACE","trace":{"type":"STREAM_STATUS","emitted_at":1.684590286926E12,"stream_status":{"stream_descriptor":{"name":"id_and_name","namespace":"jdbc_integration_test1_wqduh"},"status":"STARTED"}}}
{"type":"LOG","log":{"level":"INFO","message":"INFO i.a.c.u.CompositeIterator(lambda$emitRunningStreamStatus$0):148 RUNNING -> jdbc_integration_test1_wqduh_id_and_name"}}
{"type":"TRACE","trace":{"type":"STREAM_STATUS","emitted_at":1.684590286926E12,"stream_status":{"stream_descriptor":{"name":"id_and_name","namespace":"jdbc_integration_test1_wqduh"},"status":"RUNNING"}}}
{"type":"LOG","log":{"level":"INFO","message":"INFO i.a.c.u.CompositeIterator(lambda$emitCompleteStreamStatus$2):162 COMPLETE -> jdbc_integration_test1_wqduh_id_and_name"}}
{"type":"TRACE","trace":{"type":"STREAM_STATUS","emitted_at":1.684590286933E12,"stream_status":{"stream_descriptor":{"name":"id_and_name","namespace":"jdbc_integration_test1_wqduh"},"status":"COMPLETE"}}}
{"type":"LOG","log":{"level":"INFO","message":"INFO c.z.h.HikariDataSource(<init>):80 HikariPool-11 - Starting..."}}
{"type":"LOG","log":{"level":"INFO","message":"INFO c.z.h.HikariDataSource(<init>):82 HikariPool-11 - Start completed."}}
{"type":"LOG","log":{"level":"INFO","message":"INFO c.z.h.HikariDataSource(<init>):80 HikariPool-12 - Starting..."}}
{"type":"LOG","log":{"level":"INFO","message":"INFO c.z.h.HikariDataSource(<init>):82 HikariPool-12 - Start completed."}}
{"type":"LOG","log":{"level":"INFO","message":"INFO i.a.i.s.p.PostgresUtils(isCdc):53 using CDC: false"}}
{"type":"LOG","log":{"level":"INFO","message":"INFO i.a.i.s.j.AbstractJdbcSource(discoverInternal):166 Internal schemas to exclude: [catalog_history, information_schema, pg_catalog, pg_internal]"}}
{"type":"LOG","log":{"level":"INFO","message":"INFO i.a.d.j.s.AdaptiveStreamingQueryConfig(initialize):31 Set initial fetch size: 10 rows"}}
{"type":"LOG","log":{"level":"INFO","message":"INFO i.a.i.s.j.AbstractJdbcSource(discoverInternal):166 Internal schemas to exclude: [catalog_history, information_schema, pg_catalog, pg_internal]"}}
{"type":"LOG","log":{"level":"INFO","message":"INFO i.a.d.j.s.AdaptiveStreamingQueryConfig(initialize):31 Set initial fetch size: 10 rows"}}
{"type":"LOG","log":{"level":"INFO","message":"INFO i.a.i.s.j.AbstractJdbcSource(discoverPrimaryKeys):266 Discover primary keys for tables: [table_with_null_cursor_type, id_and_name_without_pk, id_and_name, full_name_composite_pk]"}}
{"type":"LOG","log":{"level":"INFO","message":"INFO c.z.h.HikariDataSource(close):350 HikariPool-12 - Shutdown initiated..."}}
{"type":"LOG","log":{"level":"INFO","message":"INFO c.z.h.HikariDataSource(close):352 HikariPool-12 - Shutdown completed."}}
{"type":"LOG","log":{"level":"INFO","message":"INFO i.a.i.s.p.PostgresUtils(isCdc):53 using CDC: false"}}
{"type":"LOG","log":{"level":"INFO","message":"INFO c.z.h.HikariDataSource(<init>):80 HikariPool-13 - Starting..."}}
{"type":"LOG","log":{"level":"INFO","message":"INFO c.z.h.HikariDataSource(<init>):82 HikariPool-13 - Start completed."}}
{"type":"LOG","log":{"level":"INFO","message":"INFO i.a.i.s.p.PostgresUtils(isCdc):53 using CDC: false"}}
{"type":"LOG","log":{"level":"INFO","message":"INFO c.z.h.HikariDataSource(<init>):80 HikariPool-14 - Starting..."}}
{"type":"LOG","log":{"level":"INFO","message":"INFO c.z.h.HikariDataSource(<init>):82 HikariPool-14 - Start completed."}}
{"type":"LOG","log":{"level":"INFO","message":"INFO i.a.i.s.p.PostgresUtils(isCdc):53 using CDC: false"}}
{"type":"LOG","log":{"level":"INFO","message":"INFO i.a.i.s.p.PostgresUtils(isCdc):53 using CDC: false"}}
{"type":"LOG","log":{"level":"INFO","message":"INFO i.a.i.s.j.AbstractJdbcSource(lambda$getCheckOperations$1):138 Attempting to get metadata from the database to see if we can connect."}}
{"type":"LOG","log":{"level":"INFO","message":"INFO c.z.h.HikariDataSource(close):350 HikariPool-14 - Shutdown initiated..."}}
{"type":"LOG","log":{"level":"INFO","message":"INFO c.z.h.HikariDataSource(close):352 HikariPool-14 - Shutdown completed."}}
{"type":"LOG","log":{"level":"INFO","message":"INFO c.z.h.HikariDataSource(<init>):80 HikariPool-15 - Starting..."}}
{"type":"LOG","log":{"level":"INFO","message":"INFO c.z.h.HikariDataSource(<init>):82 HikariPool-15 - Start completed."}}
{"type":"LOG","log":{"level":"INFO","message":"INFO i.a.i.s.p.PostgresUtils(isCdc):53 using CDC: false"}}
{"type":"LOG","log":{"level":"INFO","message":"INFO i.a.i.s.r.s.StateManagerFactory(createStateManager):55 Stream state manager selected to manage state object with type STREAM."}}
{"type":"LOG","log":{"level":"INFO","message":"INFO i.a.i.s.r.s.CursorManager(createCursorInfoForStream):169 Found matching cursor in state. Stream: jdbc_integration_test1_wqduh_id_and_name. Cursor Field: id Value: 2 Count: 1"}}
{"type":"LOG","log":{"level":"INFO","message":"INFO c.z.h.HikariDataSource(<init>):80 HikariPool-16 - Starting..."}}
{"type":"LOG","log":{"level":"INFO","message":"INFO c.z.h.HikariDataSource(<init>):82 HikariPool-16 - Start completed."}}
{"type":"LOG","log":{"level":"INFO","message":"INFO i.a.i.s.p.PostgresUtils(isCdc):53 using CDC: false"}}
{"type":"LOG","log":{"level":"INFO","message":"INFO i.a.i.s.j.AbstractJdbcSource(logPreSyncDebugData):450 Data source product recognized as PostgreSQL:13.11"}}
{"type":"LOG","log":{"level":"INFO","message":"INFO i.a.i.s.p.PostgresSource(logPreSyncDebugData):221 Discovering indexes for schema \"jdbc_integration_test1_wqduh\", table \"id_and_name\""}}
{"type":"LOG","log":{"level":"INFO","message":"INFO i.a.i.s.p.PostgresSource(logPreSyncDebugData):223 Index name: id_and_name_pkey, Column: id, Unique: true"}}
{"type":"LOG","log":{"level":"INFO","message":"INFO i.a.i.s.p.PostgresQueryUtils(logXminStatus):77 Xmin Status : {Number of wraparounds: 0, Xmin Transaction Value: 647, Xmin Raw Value: 647"}}
{"type":"LOG","log":{"level":"INFO","message":"INFO i.a.i.s.j.AbstractJdbcSource(discoverInternal):166 Internal schemas to exclude: [catalog_history, information_schema, pg_catalog, pg_internal]"}}
{"type":"LOG","log":{"level":"INFO","message":"INFO i.a.d.j.s.AdaptiveStreamingQueryConfig(initialize):31 Set initial fetch size: 10 rows"}}
{"type":"LOG","log":{"level":"INFO","message":"INFO i.a.i.s.j.AbstractJdbcSource(discoverInternal):166 Internal schemas to exclude: [catalog_history, information_schema, pg_catalog, pg_internal]"}}
{"type":"LOG","log":{"level":"INFO","message":"INFO i.a.d.j.s.AdaptiveStreamingQueryConfig(initialize):31 Set initial fetch size: 10 rows"}}
{"type":"LOG","log":{"level":"INFO","message":"INFO i.a.i.s.p.PostgresUtils(isCdc):53 using CDC: false"}}
{"type":"LOG","log":{"level":"INFO","message":"INFO i.a.i.s.j.AbstractJdbcSource(queryTableIncremental):320 Queueing query for table: id_and_name"}}
{"type":"LOG","log":{"level":"INFO","message":"INFO i.a.i.s.j.AbstractJdbcSource(lambda$queryTableIncremental$18):327 Preparing query for table: id_and_name"}}
{"type":"LOG","log":{"level":"INFO","message":"INFO i.a.i.s.j.AbstractJdbcSource(lambda$queryTableIncremental$18):337 Table id_and_name cursor count: expected 1, actual 1"}}
{"type":"LOG","log":{"level":"INFO","message":"INFO i.a.i.s.j.AbstractJdbcSource(lambda$queryTableIncremental$18):358 Executing query for table id_and_name: HikariProxyPreparedStatement@501458558 wrapping SELECT \"id\",\"name\",\"updated_at\",\"wakeup_at\",\"last_visited_at\",\"last_comment_at\" FROM \"jdbc_integration_test1_wqduh\".\"id_and_name\" WHERE \"id\" > ? ORDER BY \"id\" ASC"}}
{"type":"LOG","log":{"level":"INFO","message":"INFO i.a.d.j.s.AdaptiveStreamingQueryConfig(initialize):31 Set initial fetch size: 10 rows"}}
{"type":"LOG","log":{"level":"INFO","message":"INFO i.a.c.u.CompositeIterator(lambda$emitStartStreamStatus$1):155 STARTING -> jdbc_integration_test1_wqduh_id_and_name"}}
{"type":"TRACE","trace":{"type":"STREAM_STATUS","emitted_at":1.684590294768E12,"stream_status":{"stream_descriptor":{"name":"id_and_name","namespace":"jdbc_integration_test1_wqduh"},"status":"STARTED"}}}
{"type":"LOG","log":{"level":"INFO","message":"INFO i.a.c.u.CompositeIterator(lambda$emitRunningStreamStatus$0):148 RUNNING -> jdbc_integration_test1_wqduh_id_and_name"}}
{"type":"TRACE","trace":{"type":"STREAM_STATUS","emitted_at":1.684590294769E12,"stream_status":{"stream_descriptor":{"name":"id_and_name","namespace":"jdbc_integration_test1_wqduh"},"status":"RUNNING"}}}
{"type":"LOG","log":{"level":"INFO","message":"INFO i.a.c.u.CompositeIterator(lambda$emitCompleteStreamStatus$2):162 COMPLETE -> jdbc_integration_test1_wqduh_id_and_name"}}
{"type":"TRACE","trace":{"type":"STREAM_STATUS","emitted_at":1.684590294774E12,"stream_status":{"stream_descriptor":{"name":"id_and_name","namespace":"jdbc_integration_test1_wqduh"},"status":"COMPLETE"}}}
{"type":"LOG","log":{"level":"INFO","message":"INFO c.z.h.HikariDataSource(<init>):80 HikariPool-17 - Starting..."}}
{"type":"LOG","log":{"level":"INFO","message":"INFO c.z.h.HikariDataSource(<init>):82 HikariPool-17 - Start completed."}}
{"type":"LOG","log":{"level":"INFO","message":"INFO c.z.h.HikariDataSource(<init>):80 HikariPool-18 - Starting..."}}
{"type":"LOG","log":{"level":"INFO","message":"INFO c.z.h.HikariDataSource(<init>):82 HikariPool-18 - Start completed."}}
{"type":"LOG","log":{"level":"INFO","message":"INFO i.a.i.s.p.PostgresUtils(isCdc):53 using CDC: false"}}
{"type":"LOG","log":{"level":"INFO","message":"INFO i.a.i.s.j.AbstractJdbcSource(discoverInternal):166 Internal schemas to exclude: [catalog_history, information_schema, pg_catalog, pg_internal]"}}
{"type":"LOG","log":{"level":"INFO","message":"INFO i.a.d.j.s.AdaptiveStreamingQueryConfig(initialize):31 Set initial fetch size: 10 rows"}}
{"type":"LOG","log":{"level":"INFO","message":"INFO i.a.i.s.j.AbstractJdbcSource(discoverInternal):166 Internal schemas to exclude: [catalog_history, information_schema, pg_catalog, pg_internal]"}}
{"type":"LOG","log":{"level":"INFO","message":"INFO i.a.d.j.s.AdaptiveStreamingQueryConfig(initialize):31 Set initial fetch size: 10 rows"}}
{"type":"LOG","log":{"level":"INFO","message":"INFO i.a.i.s.j.AbstractJdbcSource(discoverPrimaryKeys):266 Discover primary keys for tables: [id_and_name_without_pk, id_and_name, full_name_composite_pk]"}}
{"type":"LOG","log":{"level":"INFO","message":"INFO c.z.h.HikariDataSource(close):350 HikariPool-18 - Shutdown initiated..."}}
{"type":"LOG","log":{"level":"INFO","message":"INFO c.z.h.HikariDataSource(close):352 HikariPool-18 - Shutdown completed."}}
{"type":"LOG","log":{"level":"INFO","message":"INFO i.a.i.s.p.PostgresUtils(isCdc):53 using CDC: false"}}
{"type":"LOG","log":{"level":"INFO","message":"INFO c.z.h.HikariDataSource(<init>):80 HikariPool-19 - Starting..."}}
{"type":"LOG","log":{"level":"INFO","message":"INFO c.z.h.HikariDataSource(<init>):82 HikariPool-19 - Start completed."}}
{"type":"LOG","log":{"level":"INFO","message":"INFO i.a.i.s.p.PostgresUtils(isCdc):53 using CDC: false"}}
{"type":"LOG","log":{"level":"INFO","message":"INFO c.z.h.HikariDataSource(<init>):80 HikariPool-20 - Starting..."}}
{"type":"LOG","log":{"level":"INFO","message":"INFO c.z.h.HikariDataSource(<init>):82 HikariPool-20 - Start completed."}}
{"type":"TRACE","trace":{"type":"ERROR","emitted_at":1.684590307745E12,"error":{"message":"State code: 28P01; Message: FATAL: password authentication failed for user \"test\"","internal_message":"io.airbyte.commons.exceptions.ConnectionErrorException: java.sql.SQLTransientConnectionException: HikariPool-20 - Connection is not available, request timed out after 10002ms.","stack_trace":"io.airbyte.commons.exceptions.ConnectionErrorException: java.sql.SQLTransientConnectionException: HikariPool-20 - Connection is not available, request timed out after 10002ms.\n\tat io.airbyte.db.jdbc.DefaultJdbcDatabase.getMetaData(DefaultJdbcDatabase.java:87)\n\tat io.airbyte.integrations.source.jdbc.AbstractJdbcSource.createDatabase(AbstractJdbcSource.java:434)\n\tat io.airbyte.integrations.source.postgres.PostgresSource.createDatabase(PostgresSource.java:257)\n\tat io.airbyte.integrations.source.postgres.PostgresSource.createDatabase(PostgresSource.java:96)\n\tat io.airbyte.integrations.source.relationaldb.AbstractDbSource.check(AbstractDbSource.java:85)\n\tat io.airbyte.integrations.source.postgres.PostgresSource.check(PostgresSource.java:527)\n\tat io.airbyte.integrations.source.jdbc.test.JdbcSourceAcceptanceTest.testCheckFailure(JdbcSourceAcceptanceTest.java:320)\n\tat java.base/jdk.internal.reflect.NativeMethodAccessorImpl.invoke0(Native Method)\n\tat java.base/jdk.internal.reflect.NativeMethodAccessorImpl.invoke(NativeMethodAccessorImpl.java:77)\n\tat java.base/jdk.internal.reflect.DelegatingMethodAccessorImpl.invoke(DelegatingMethodAccessorImpl.java:43)\n\tat java.base/java.lang.reflect.Method.invoke(Method.java:568)\n\tat org.junit.platform.commons.util.ReflectionUtils.invokeMethod(ReflectionUtils.java:727)\n\tat org.junit.jupiter.engine.execution.MethodInvocation.proceed(MethodInvocation.java:60)\n\tat org.junit.jupiter.engine.execution.InvocationInterceptorChain$ValidatingInvocation.proceed(InvocationInterceptorChain.java:131)\n\tat org.junit.jupiter.engine.extension.TimeoutExtension.intercept(TimeoutExtension.java:156)\n\tat org.junit.jupiter.engine.extension.TimeoutExtension.interceptTestableMethod(TimeoutExtension.java:147)\n\tat org.junit.jupiter.engine.extension.TimeoutExtension.interceptTestMethod(TimeoutExtension.java:86)\n\tat org.junit.jupiter.engine.execution.InterceptingExecutableInvoker$ReflectiveInterceptorCall.lambda$ofVoidMethod$0(InterceptingExecutableInvoker.java:103)\n\tat org.junit.jupiter.engine.execution.InterceptingExecutableInvoker.lambda$invoke$0(InterceptingExecutableInvoker.java:93)\n\tat org.junit.jupiter.engine.execution.InvocationInterceptorChain$InterceptedInvocation.proceed(InvocationInterceptorChain.java:106)\n\tat org.junit.jupiter.engine.execution.InvocationInterceptorChain.proceed(InvocationInterceptorChain.java:64)\n\tat org.junit.jupiter.engine.execution.InvocationInterceptorChain.chainAndInvoke(InvocationInterceptorChain.java:45)\n\tat org.junit.jupiter.engine.execution.InvocationInterceptorChain.invoke(InvocationInterceptorChain.java:37)\n\tat org.junit.jupiter.engine.execution.InterceptingExecutableInvoker.invoke(InterceptingExecutableInvoker.java:92)\n\tat org.junit.jupiter.engine.execution.InterceptingExecutableInvoker.invoke(InterceptingExecutableInvoker.java:86)\n\tat org.junit.jupiter.engine.descriptor.TestMethodTestDescriptor.lambda$invokeTestMethod$7(TestMethodTestDescriptor.java:217)\n\tat org.junit.platform.engine.support.hierarchical.ThrowableCollector.execute(ThrowableCollector.java:73)\n\tat org.junit.jupiter.engine.descriptor.TestMethodTestDescriptor.invokeTestMethod(TestMethodTestDescriptor.java:213)\n\tat org.junit.jupiter.engine.descriptor.TestMethodTestDescriptor.execute(TestMethodTestDescriptor.java:138)\n\tat org.junit.jupiter.engine.descriptor.TestMethodTestDescriptor.execute(TestMethodTestDescriptor.java:68)\n\tat org.junit.platform.engine.support.hierarchical.NodeTestTask.lambda$executeRecursively$6(NodeTestTask.java:151)\n\tat org.junit.platform.engine.support.hierarchical.ThrowableCollector.execute(ThrowableCollector.java:73)\n\tat org.junit.platform.engine.support.hierarchical.NodeTestTask.lambda$executeRecursively$8(NodeTestTask.java:141)\n\tat org.junit.platform.engine.support.hierarchical.Node.around(Node.java:137)\n\tat org.junit.platform.engine.support.hierarchical.NodeTestTask.lambda$executeRecursively$9(NodeTestTask.java:139)\n\tat org.junit.platform.engine.support.hierarchical.ThrowableCollector.execute(ThrowableCollector.java:73)\n\tat org.junit.platform.engine.support.hierarchical.NodeTestTask.executeRecursively(NodeTestTask.java:138)\n\tat org.junit.platform.engine.support.hierarchical.NodeTestTask.execute(NodeTestTask.java:95)\n\tat java.base/java.util.ArrayList.forEach(ArrayList.java:1511)\n\tat org.junit.platform.engine.support.hierarchical.SameThreadHierarchicalTestExecutorService.invokeAll(SameThreadHierarchicalTestExecutorService.java:41)\n\tat org.junit.platform.engine.support.hierarchical.NodeTestTask.lambda$executeRecursively$6(NodeTestTask.java:155)\n\tat org.junit.platform.engine.support.hierarchical.ThrowableCollector.execute(ThrowableCollector.java:73)\n\tat org.junit.platform.engine.support.hierarchical.NodeTestTask.lambda$executeRecursively$8(NodeTestTask.java:141)\n\tat org.junit.platform.engine.support.hierarchical.Node.around(Node.java:137)\n\tat org.junit.platform.engine.support.hierarchical.NodeTestTask.lambda$executeRecursively$9(NodeTestTask.java:139)\n\tat org.junit.platform.engine.support.hierarchical.ThrowableCollector.execute(ThrowableCollector.java:73)\n\tat org.junit.platform.engine.support.hierarchical.NodeTestTask.executeRecursively(NodeTestTask.java:138)\n\tat org.junit.platform.engine.support.hierarchical.NodeTestTask.execute(NodeTestTask.java:95)\n\tat java.base/java.util.ArrayList.forEach(ArrayList.java:1511)\n\tat org.junit.platform.engine.support.hierarchical.SameThreadHierarchicalTestExecutorService.invokeAll(SameThreadHierarchicalTestExecutorService.java:41)\n\tat org.junit.platform.engine.support.hierarchical.NodeTestTask.lambda$executeRecursively$6(NodeTestTask.java:155)\n\tat org.junit.platform.engine.support.hierarchical.ThrowableCollector.execute(ThrowableCollector.java:73)\n\tat org.junit.platform.engine.support.hierarchical.NodeTestTask.lambda$executeRecursively$8(NodeTestTask.java:141)\n\tat org.junit.platform.engine.support.hierarchical.Node.around(Node.java:137)\n\tat org.junit.platform.engine.support.hierarchical.NodeTestTask.lambda$executeRecursively$9(NodeTestTask.java:139)\n\tat org.junit.platform.engine.support.hierarchical.ThrowableCollector.execute(ThrowableCollector.java:73)\n\tat org.junit.platform.engine.support.hierarchical.NodeTestTask.executeRecursively(NodeTestTask.java:138)\n\tat org.junit.platform.engine.support.hierarchical.NodeTestTask.execute(NodeTestTask.java:95)\n\tat org.junit.platform.engine.support.hierarchical.SameThreadHierarchicalTestExecutorService.submit(SameThreadHierarchicalTestExecutorService.java:35)\n\tat org.junit.platform.engine.support.hierarchical.HierarchicalTestExecutor.execute(HierarchicalTestExecutor.java:57)\n\tat org.junit.platform.engine.support.hierarchical.HierarchicalTestEngine.execute(HierarchicalTestEngine.java:54)\n\tat org.junit.platform.launcher.core.EngineExecutionOrchestrator.execute(EngineExecutionOrchestrator.java:147)\n\tat org.junit.platform.launcher.core.EngineExecutionOrchestrator.execute(EngineExecutionOrchestrator.java:127)\n\tat org.junit.platform.launcher.core.EngineExecutionOrchestrator.execute(EngineExecutionOrchestrator.java:90)\n\tat org.junit.platform.launcher.core.EngineExecutionOrchestrator.lambda$execute$0(EngineExecutionOrchestrator.java:55)\n\tat org.junit.platform.launcher.core.EngineExecutionOrchestrator.withInterceptedStreams(EngineExecutionOrchestrator.java:102)\n\tat org.junit.platform.launcher.core.EngineExecutionOrchestrator.execute(EngineExecutionOrchestrator.java:54)\n\tat org.junit.platform.launcher.core.DefaultLauncher.execute(DefaultLauncher.java:114)\n\tat org.junit.platform.launcher.core.DefaultLauncher.execute(DefaultLauncher.java:86)\n\tat org.junit.platform.launcher.core.DefaultLauncherSession$DelegatingLauncher.execute(DefaultLauncherSession.java:86)\n\tat org.junit.platform.launcher.core.SessionPerRequestLauncher.execute(SessionPerRequestLauncher.java:53)\n\tat org.gradle.api.internal.tasks.testing.junitplatform.JUnitPlatformTestClassProcessor$CollectAllTestClassesExecutor.processAllTestClasses(JUnitPlatformTestClassProcessor.java:99)\n\tat org.gradle.api.internal.tasks.testing.junitplatform.JUnitPlatformTestClassProcessor$CollectAllTestClassesExecutor.access$000(JUnitPlatformTestClassProcessor.java:79)\n\tat org.gradle.api.internal.tasks.testing.junitplatform.JUnitPlatformTestClassProcessor.stop(JUnitPlatformTestClassProcessor.java:75)\n\tat org.gradle.api.internal.tasks.testing.SuiteTestClassProcessor.stop(SuiteTestClassProcessor.java:62)\n\tat java.base/jdk.internal.reflect.NativeMethodAccessorImpl.invoke0(Native Method)\n\tat java.base/jdk.internal.reflect.NativeMethodAccessorImpl.invoke(NativeMethodAccessorImpl.java:77)\n\tat java.base/jdk.internal.reflect.DelegatingMethodAccessorImpl.invoke(DelegatingMethodAccessorImpl.java:43)\n\tat java.base/java.lang.reflect.Method.invoke(Method.java:568)\n\tat org.gradle.internal.dispatch.ReflectionDispatch.dispatch(ReflectionDispatch.java:36)\n\tat org.gradle.internal.dispatch.ReflectionDispatch.dispatch(ReflectionDispatch.java:24)\n\tat org.gradle.internal.dispatch.ContextClassLoaderDispatch.dispatch(ContextClassLoaderDispatch.java:33)\n\tat org.gradle.internal.dispatch.ProxyDispatchAdapter$DispatchingInvocationHandler.invoke(ProxyDispatchAdapter.java:94)\n\tat jdk.proxy2/jdk.proxy2.$Proxy5.stop(Unknown Source)\n\tat org.gradle.api.internal.tasks.testing.worker.TestWorker$3.run(TestWorker.java:193)\n\tat org.gradle.api.internal.tasks.testing.worker.TestWorker.executeAndMaintainThreadName(TestWorker.java:129)\n\tat org.gradle.api.internal.tasks.testing.worker.TestWorker.execute(TestWorker.java:100)\n\tat org.gradle.api.internal.tasks.testing.worker.TestWorker.execute(TestWorker.java:60)\n\tat org.gradle.process.internal.worker.child.ActionExecutionWorker.execute(ActionExecutionWorker.java:56)\n\tat org.gradle.process.internal.worker.child.SystemApplicationClassLoaderWorker.call(SystemApplicationClassLoaderWorker.java:113)\n\tat org.gradle.process.internal.worker.child.SystemApplicationClassLoaderWorker.call(SystemApplicationClassLoaderWorker.java:65)\n\tat worker.org.gradle.process.internal.worker.GradleWorkerMain.run(GradleWorkerMain.java:69)\n\tat worker.org.gradle.process.internal.worker.GradleWorkerMain.main(GradleWorkerMain.java:74)\nCaused by: java.sql.SQLTransientConnectionException: HikariPool-20 - Connection is not available, request timed out after 10002ms.\n\tat com.zaxxer.hikari.pool.HikariPool.createTimeoutException(HikariPool.java:696)\n\tat com.zaxxer.hikari.pool.HikariPool.getConnection(HikariPool.java:181)\n\tat com.zaxxer.hikari.pool.HikariPool.getConnection(HikariPool.java:146)\n\tat com.zaxxer.hikari.HikariDataSource.getConnection(HikariDataSource.java:100)\n\tat io.airbyte.db.jdbc.DefaultJdbcDatabase.getMetaData(DefaultJdbcDatabase.java:78)\n\t... 92 more\nCaused by: org.postgresql.util.PSQLException: FATAL: password authentication failed for user \"test\"\n\tat org.postgresql.core.v3.ConnectionFactoryImpl.doAuthentication(ConnectionFactoryImpl.java:659)\n\tat org.postgresql.core.v3.ConnectionFactoryImpl.tryConnect(ConnectionFactoryImpl.java:180)\n\tat org.postgresql.core.v3.ConnectionFactoryImpl.openConnectionImpl(ConnectionFactoryImpl.java:235)\n\tat org.postgresql.core.ConnectionFactory.openConnection(ConnectionFactory.java:49)\n\tat org.postgresql.jdbc.PgConnection.<init>(PgConnection.java:247)\n\tat org.postgresql.Driver.makeConnection(Driver.java:434)\n\tat org.postgresql.Driver.connect(Driver.java:291)\n\tat com.zaxxer.hikari.util.DriverDataSource.getConnection(DriverDataSource.java:138)\n\tat com.zaxxer.hikari.pool.PoolBase.newConnection(PoolBase.java:359)\n\tat com.zaxxer.hikari.pool.PoolBase.newPoolEntry(PoolBase.java:201)\n\tat com.zaxxer.hikari.pool.HikariPool.createPoolEntry(HikariPool.java:470)\n\tat com.zaxxer.hikari.pool.HikariPool$PoolEntryCreator.call(HikariPool.java:733)\n\tat com.zaxxer.hikari.pool.HikariPool$PoolEntryCreator.call(HikariPool.java:712)\n\tat java.base/java.util.concurrent.FutureTask.run(FutureTask.java:264)\n\tat java.base/java.util.concurrent.ThreadPoolExecutor.runWorker(ThreadPoolExecutor.java:1136)\n\tat java.base/java.util.concurrent.ThreadPoolExecutor$Worker.run(ThreadPoolExecutor.java:635)\n\tat java.base/java.lang.Thread.run(Thread.java:833)\n","failure_type":"config_error"}}}
{"type":"LOG","log":{"level":"INFO","message":"INFO c.z.h.HikariDataSource(close):350 HikariPool-20 - Shutdown initiated..."}}
{"type":"LOG","log":{"level":"INFO","message":"INFO c.z.h.HikariDataSource(close):352 HikariPool-20 - Shutdown completed."}}
{"type":"LOG","log":{"level":"INFO","message":"INFO c.z.h.HikariDataSource(<init>):80 HikariPool-21 - Starting..."}}
{"type":"LOG","log":{"level":"INFO","message":"INFO c.z.h.HikariDataSource(<init>):82 HikariPool-21 - Start completed."}}
{"type":"LOG","log":{"level":"INFO","message":"INFO i.a.i.s.p.PostgresUtils(isCdc):53 using CDC: false"}}
{"type":"LOG","log":{"level":"INFO","message":"INFO i.a.i.s.r.s.StateManagerFactory(createStateManager):55 Stream state manager selected to manage state object with type STREAM."}}
{"type":"LOG","log":{"level":"INFO","message":"INFO i.a.i.s.r.s.CursorManager(createCursorInfoForStream):176 Found cursor field. Does not match previous cursor field. Stream: jdbc_integration_test1_wqduh_name_and_timestamp. Original Cursor Field: null (count 0). New Cursor Field: timestamp. Resetting cursor value."}}
{"type":"LOG","log":{"level":"INFO","message":"INFO c.z.h.HikariDataSource(<init>):80 HikariPool-22 - Starting..."}}
{"type":"LOG","log":{"level":"INFO","message":"INFO c.z.h.HikariDataSource(<init>):82 HikariPool-22 - Start completed."}}
{"type":"LOG","log":{"level":"INFO","message":"INFO i.a.i.s.p.PostgresUtils(isCdc):53 using CDC: false"}}
{"type":"LOG","log":{"level":"INFO","message":"INFO i.a.i.s.j.AbstractJdbcSource(logPreSyncDebugData):450 Data source product recognized as PostgreSQL:13.11"}}
{"type":"LOG","log":{"level":"INFO","message":"INFO i.a.i.s.p.PostgresSource(logPreSyncDebugData):221 Discovering indexes for schema \"jdbc_integration_test1_wqduh\", table \"name_and_timestamp\""}}
{"type":"LOG","log":{"level":"INFO","message":"INFO i.a.i.s.p.PostgresQueryUtils(logXminStatus):77 Xmin Status : {Number of wraparounds: 0, Xmin Transaction Value: 699, Xmin Raw Value: 699"}}
{"type":"LOG","log":{"level":"INFO","message":"INFO i.a.i.s.j.AbstractJdbcSource(discoverInternal):166 Internal schemas to exclude: [catalog_history, information_schema, pg_catalog, pg_internal]"}}
{"type":"LOG","log":{"level":"INFO","message":"INFO i.a.d.j.s.AdaptiveStreamingQueryConfig(initialize):31 Set initial fetch size: 10 rows"}}
{"type":"LOG","log":{"level":"INFO","message":"INFO i.a.i.s.j.AbstractJdbcSource(discoverInternal):166 Internal schemas to exclude: [catalog_history, information_schema, pg_catalog, pg_internal]"}}
{"type":"LOG","log":{"level":"INFO","message":"INFO i.a.d.j.s.AdaptiveStreamingQueryConfig(initialize):31 Set initial fetch size: 10 rows"}}
{"type":"LOG","log":{"level":"INFO","message":"INFO i.a.i.s.p.PostgresUtils(isCdc):53 using CDC: false"}}
{"type":"LOG","log":{"level":"INFO","message":"INFO i.a.i.s.j.AbstractJdbcSource(queryTableFullRefresh):112 Queueing query for table: name_and_timestamp"}}
{"type":"LOG","log":{"level":"INFO","message":"INFO i.a.i.s.r.RelationalDbQueryUtils(lambda$queryTable$0):73 Queueing query: SELECT \"name\",\"timestamp\" FROM \"jdbc_integration_test1_wqduh\".\"name_and_timestamp\" ORDER BY \"timestamp\" ASC"}}
{"type":"LOG","log":{"level":"INFO","message":"INFO i.a.d.j.s.AdaptiveStreamingQueryConfig(initialize):31 Set initial fetch size: 10 rows"}}
{"type":"LOG","log":{"level":"INFO","message":"INFO i.a.c.u.CompositeIterator(lambda$emitStartStreamStatus$1):155 STARTING -> jdbc_integration_test1_wqduh_name_and_timestamp"}}
{"type":"TRACE","trace":{"type":"STREAM_STATUS","emitted_at":1.684590309081E12,"stream_status":{"stream_descriptor":{"name":"name_and_timestamp","namespace":"jdbc_integration_test1_wqduh"},"status":"STARTED"}}}
{"type":"LOG","log":{"level":"INFO","message":"INFO i.a.c.u.CompositeIterator(lambda$emitRunningStreamStatus$0):148 RUNNING -> jdbc_integration_test1_wqduh_name_and_timestamp"}}
{"type":"TRACE","trace":{"type":"STREAM_STATUS","emitted_at":1.684590309082E12,"stream_status":{"stream_descriptor":{"name":"name_and_timestamp","namespace":"jdbc_integration_test1_wqduh"},"status":"RUNNING"}}}
{"type":"LOG","log":{"level":"INFO","message":"INFO i.a.c.u.CompositeIterator(lambda$emitCompleteStreamStatus$2):162 COMPLETE -> jdbc_integration_test1_wqduh_name_and_timestamp"}}
{"type":"TRACE","trace":{"type":"STREAM_STATUS","emitted_at":1.684590309086E12,"stream_status":{"stream_descriptor":{"name":"name_and_timestamp","namespace":"jdbc_integration_test1_wqduh"},"status":"COMPLETE"}}}
{"type":"LOG","log":{"level":"INFO","message":"INFO i.a.i.s.p.PostgresUtils(isCdc):53 using CDC: false"}}
{"type":"LOG","log":{"level":"INFO","message":"INFO i.a.i.s.r.s.StateManagerFactory(createStateManager):55 Stream state manager selected to manage state object with type STREAM."}}
{"type":"LOG","log":{"level":"INFO","message":"INFO i.a.i.s.r.s.CursorManager(createCursorInfoForStream):169 Found matching cursor in state. Stream: jdbc_integration_test1_wqduh_name_and_timestamp. Cursor Field: timestamp Value: 2021-01-01T00:00:00.000000 Count: 2"}}
{"type":"LOG","log":{"level":"INFO","message":"INFO c.z.h.HikariDataSource(<init>):80 HikariPool-23 - Starting..."}}
{"type":"LOG","log":{"level":"INFO","message":"INFO c.z.h.HikariDataSource(<init>):82 HikariPool-23 - Start completed."}}
{"type":"LOG","log":{"level":"INFO","message":"INFO i.a.i.s.p.PostgresUtils(isCdc):53 using CDC: false"}}
{"type":"LOG","log":{"level":"INFO","message":"INFO i.a.i.s.j.AbstractJdbcSource(logPreSyncDebugData):450 Data source product recognized as PostgreSQL:13.11"}}
{"type":"LOG","log":{"level":"INFO","message":"INFO i.a.i.s.p.PostgresSource(logPreSyncDebugData):221 Discovering indexes for schema \"jdbc_integration_test1_wqduh\", table \"name_and_timestamp\""}}
{"type":"LOG","log":{"level":"INFO","message":"INFO i.a.i.s.p.PostgresQueryUtils(logXminStatus):77 Xmin Status : {Number of wraparounds: 0, Xmin Transaction Value: 700, Xmin Raw Value: 700"}}
{"type":"LOG","log":{"level":"INFO","message":"INFO i.a.i.s.j.AbstractJdbcSource(discoverInternal):166 Internal schemas to exclude: [catalog_history, information_schema, pg_catalog, pg_internal]"}}
{"type":"LOG","log":{"level":"INFO","message":"INFO i.a.d.j.s.AdaptiveStreamingQueryConfig(initialize):31 Set initial fetch size: 10 rows"}}
{"type":"LOG","log":{"level":"INFO","message":"INFO i.a.i.s.j.AbstractJdbcSource(discoverInternal):166 Internal schemas to exclude: [catalog_history, information_schema, pg_catalog, pg_internal]"}}
{"type":"LOG","log":{"level":"INFO","message":"INFO i.a.d.j.s.AdaptiveStreamingQueryConfig(initialize):31 Set initial fetch size: 10 rows"}}
{"type":"LOG","log":{"level":"INFO","message":"INFO i.a.i.s.p.PostgresUtils(isCdc):53 using CDC: false"}}
{"type":"LOG","log":{"level":"INFO","message":"INFO i.a.i.s.j.AbstractJdbcSource(queryTableIncremental):320 Queueing query for table: name_and_timestamp"}}
{"type":"LOG","log":{"level":"INFO","message":"INFO i.a.i.s.j.AbstractJdbcSource(lambda$queryTableIncremental$18):327 Preparing query for table: name_and_timestamp"}}
{"type":"LOG","log":{"level":"INFO","message":"INFO i.a.i.s.j.AbstractJdbcSource(lambda$queryTableIncremental$18):337 Table name_and_timestamp cursor count: expected 2, actual 2"}}
{"type":"LOG","log":{"level":"INFO","message":"INFO i.a.i.s.j.AbstractJdbcSource(lambda$queryTableIncremental$18):358 Executing query for table name_and_timestamp: HikariProxyPreparedStatement@577786342 wrapping SELECT \"name\",\"timestamp\" FROM \"jdbc_integration_test1_wqduh\".\"name_and_timestamp\" WHERE \"timestamp\" > ? ORDER BY \"timestamp\" ASC"}}
{"type":"LOG","log":{"level":"INFO","message":"INFO i.a.d.j.s.AdaptiveStreamingQueryConfig(initialize):31 Set initial fetch size: 10 rows"}}
{"type":"LOG","log":{"level":"INFO","message":"INFO i.a.c.u.CompositeIterator(lambda$emitStartStreamStatus$1):155 STARTING -> jdbc_integration_test1_wqduh_name_and_timestamp"}}
{"type":"TRACE","trace":{"type":"STREAM_STATUS","emitted_at":1.684590309404E12,"stream_status":{"stream_descriptor":{"name":"name_and_timestamp","namespace":"jdbc_integration_test1_wqduh"},"status":"STARTED"}}}
{"type":"LOG","log":{"level":"INFO","message":"INFO i.a.c.u.CompositeIterator(lambda$emitRunningStreamStatus$0):148 RUNNING -> jdbc_integration_test1_wqduh_name_and_timestamp"}}
{"type":"TRACE","trace":{"type":"STREAM_STATUS","emitted_at":1.684590309405E12,"stream_status":{"stream_descriptor":{"name":"name_and_timestamp","namespace":"jdbc_integration_test1_wqduh"},"status":"RUNNING"}}}
{"type":"LOG","log":{"level":"INFO","message":"INFO i.a.c.u.CompositeIterator(lambda$emitCompleteStreamStatus$2):162 COMPLETE -> jdbc_integration_test1_wqduh_name_and_timestamp"}}
{"type":"TRACE","trace":{"type":"STREAM_STATUS","emitted_at":1.684590309413E12,"stream_status":{"stream_descriptor":{"name":"name_and_timestamp","namespace":"jdbc_integration_test1_wqduh"},"status":"COMPLETE"}}}
{"type":"LOG","log":{"level":"INFO","message":"INFO i.a.i.s.p.PostgresUtils(isCdc):53 using CDC: false"}}
{"type":"LOG","log":{"level":"INFO","message":"INFO i.a.i.s.r.s.StateManagerFactory(createStateManager):55 Stream state manager selected to manage state object with type STREAM."}}
{"type":"LOG","log":{"level":"INFO","message":"INFO i.a.i.s.r.s.CursorManager(createCursorInfoForStream):169 Found matching cursor in state. Stream: jdbc_integration_test1_wqduh_name_and_timestamp. Cursor Field: timestamp Value: 2021-01-02T00:00:00.000000 Count: 1"}}
{"type":"LOG","log":{"level":"INFO","message":"INFO c.z.h.HikariDataSource(<init>):80 HikariPool-24 - Starting..."}}
{"type":"LOG","log":{"level":"INFO","message":"INFO c.z.h.HikariDataSource(<init>):82 HikariPool-24 - Start completed."}}
{"type":"LOG","log":{"level":"INFO","message":"INFO i.a.i.s.p.PostgresUtils(isCdc):53 using CDC: false"}}
{"type":"LOG","log":{"level":"INFO","message":"INFO i.a.i.s.j.AbstractJdbcSource(logPreSyncDebugData):450 Data source product recognized as PostgreSQL:13.11"}}
{"type":"LOG","log":{"level":"INFO","message":"INFO i.a.i.s.p.PostgresSource(logPreSyncDebugData):221 Discovering indexes for schema \"jdbc_integration_test1_wqduh\", table \"name_and_timestamp\""}}
{"type":"LOG","log":{"level":"INFO","message":"INFO i.a.i.s.p.PostgresQueryUtils(logXminStatus):77 Xmin Status : {Number of wraparounds: 0, Xmin Transaction Value: 703, Xmin Raw Value: 703"}}
{"type":"LOG","log":{"level":"INFO","message":"INFO i.a.i.s.j.AbstractJdbcSource(discoverInternal):166 Internal schemas to exclude: [catalog_history, information_schema, pg_catalog, pg_internal]"}}
{"type":"LOG","log":{"level":"INFO","message":"INFO i.a.d.j.s.AdaptiveStreamingQueryConfig(initialize):31 Set initial fetch size: 10 rows"}}
{"type":"LOG","log":{"level":"INFO","message":"INFO i.a.i.s.j.AbstractJdbcSource(discoverInternal):166 Internal schemas to exclude: [catalog_history, information_schema, pg_catalog, pg_internal]"}}
{"type":"LOG","log":{"level":"INFO","message":"INFO i.a.d.j.s.AdaptiveStreamingQueryConfig(initialize):31 Set initial fetch size: 10 rows"}}
{"type":"LOG","log":{"level":"INFO","message":"INFO i.a.i.s.p.PostgresUtils(isCdc):53 using CDC: false"}}
{"type":"LOG","log":{"level":"INFO","message":"INFO i.a.i.s.j.AbstractJdbcSource(queryTableIncremental):320 Queueing query for table: name_and_timestamp"}}
{"type":"LOG","log":{"level":"INFO","message":"INFO i.a.i.s.j.AbstractJdbcSource(lambda$queryTableIncremental$18):327 Preparing query for table: name_and_timestamp"}}
{"type":"LOG","log":{"level":"INFO","message":"INFO i.a.i.s.j.AbstractJdbcSource(lambda$queryTableIncremental$18):337 Table name_and_timestamp cursor count: expected 1, actual 3"}}
{"type":"LOG","log":{"level":"INFO","message":"INFO i.a.i.s.j.AbstractJdbcSource(lambda$queryTableIncremental$18):358 Executing query for table name_and_timestamp: HikariProxyPreparedStatement@617623257 wrapping SELECT \"name\",\"timestamp\" FROM \"jdbc_integration_test1_wqduh\".\"name_and_timestamp\" WHERE \"timestamp\" >= ? ORDER BY \"timestamp\" ASC"}}
{"type":"LOG","log":{"level":"INFO","message":"INFO i.a.d.j.s.AdaptiveStreamingQueryConfig(initialize):31 Set initial fetch size: 10 rows"}}
{"type":"LOG","log":{"level":"INFO","message":"INFO i.a.c.u.CompositeIterator(lambda$emitStartStreamStatus$1):155 STARTING -> jdbc_integration_test1_wqduh_name_and_timestamp"}}
{"type":"TRACE","trace":{"type":"STREAM_STATUS","emitted_at":1.684590310034E12,"stream_status":{"stream_descriptor":{"name":"name_and_timestamp","namespace":"jdbc_integration_test1_wqduh"},"status":"STARTED"}}}
{"type":"LOG","log":{"level":"INFO","message":"INFO i.a.c.u.CompositeIterator(lambda$emitRunningStreamStatus$0):148 RUNNING -> jdbc_integration_test1_wqduh_name_and_timestamp"}}
{"type":"TRACE","trace":{"type":"STREAM_STATUS","emitted_at":1.684590310035E12,"stream_status":{"stream_descriptor":{"name":"name_and_timestamp","namespace":"jdbc_integration_test1_wqduh"},"status":"RUNNING"}}}
{"type":"LOG","log":{"level":"INFO","message":"INFO i.a.c.u.CompositeIterator(lambda$emitCompleteStreamStatus$2):162 COMPLETE -> jdbc_integration_test1_wqduh_name_and_timestamp"}}
{"type":"TRACE","trace":{"type":"STREAM_STATUS","emitted_at":1.684590310056E12,"stream_status":{"stream_descriptor":{"name":"name_and_timestamp","namespace":"jdbc_integration_test1_wqduh"},"status":"COMPLETE"}}}
{"type":"LOG","log":{"level":"INFO","message":"INFO c.z.h.HikariDataSource(<init>):80 HikariPool-25 - Starting..."}}
{"type":"LOG","log":{"level":"INFO","message":"INFO c.z.h.HikariDataSource(<init>):82 HikariPool-25 - Start completed."}}
{"type":"LOG","log":{"level":"INFO","message":"INFO i.a.i.s.p.PostgresUtils(isCdc):53 using CDC: false"}}
{"type":"LOG","log":{"level":"INFO","message":"INFO i.a.i.s.r.s.StateManagerFactory(createStateManager):55 Stream state manager selected to manage state object with type STREAM."}}
{"type":"LOG","log":{"level":"INFO","message":"INFO c.z.h.HikariDataSource(<init>):80 HikariPool-26 - Starting..."}}
{"type":"LOG","log":{"level":"INFO","message":"INFO c.z.h.HikariDataSource(<init>):82 HikariPool-26 - Start completed."}}
{"type":"LOG","log":{"level":"INFO","message":"INFO i.a.i.s.p.PostgresUtils(isCdc):53 using CDC: false"}}
{"type":"LOG","log":{"level":"INFO","message":"INFO i.a.i.s.j.AbstractJdbcSource(logPreSyncDebugData):450 Data source product recognized as PostgreSQL:13.11"}}
{"type":"LOG","log":{"level":"INFO","message":"INFO i.a.i.s.p.PostgresSource(logPreSyncDebugData):221 Discovering indexes for schema \"jdbc_integration_test1_wqduh\", table \"id_and_name\""}}
{"type":"LOG","log":{"level":"INFO","message":"INFO i.a.i.s.p.PostgresSource(logPreSyncDebugData):223 Index name: id_and_name_pkey, Column: id, Unique: true"}}
{"type":"LOG","log":{"level":"INFO","message":"INFO i.a.i.s.p.PostgresQueryUtils(logXminStatus):77 Xmin Status : {Number of wraparounds: 0, Xmin Transaction Value: 718, Xmin Raw Value: 718"}}
{"type":"LOG","log":{"level":"INFO","message":"INFO i.a.i.s.j.AbstractJdbcSource(discoverInternal):166 Internal schemas to exclude: [catalog_history, information_schema, pg_catalog, pg_internal]"}}
{"type":"LOG","log":{"level":"INFO","message":"INFO i.a.d.j.s.AdaptiveStreamingQueryConfig(initialize):31 Set initial fetch size: 10 rows"}}
{"type":"LOG","log":{"level":"INFO","message":"INFO i.a.i.s.j.AbstractJdbcSource(discoverInternal):166 Internal schemas to exclude: [catalog_history, information_schema, pg_catalog, pg_internal]"}}
{"type":"LOG","log":{"level":"INFO","message":"INFO i.a.d.j.s.AdaptiveStreamingQueryConfig(initialize):31 Set initial fetch size: 10 rows"}}
{"type":"LOG","log":{"level":"INFO","message":"INFO i.a.i.s.p.PostgresUtils(isCdc):53 using CDC: false"}}
{"type":"LOG","log":{"level":"INFO","message":"INFO i.a.i.s.j.AbstractJdbcSource(queryTableFullRefresh):112 Queueing query for table: id_and_name"}}
{"type":"LOG","log":{"level":"INFO","message":"INFO i.a.i.s.r.RelationalDbQueryUtils(lambda$queryTable$0):73 Queueing query: SELECT \"id\",\"name\",\"updated_at\",\"wakeup_at\",\"last_visited_at\",\"last_comment_at\" FROM \"jdbc_integration_test1_wqduh\".\"id_and_name\" ORDER BY \"id\" ASC"}}
{"type":"LOG","log":{"level":"INFO","message":"INFO i.a.d.j.s.AdaptiveStreamingQueryConfig(initialize):31 Set initial fetch size: 10 rows"}}
{"type":"LOG","log":{"level":"INFO","message":"INFO i.a.c.u.CompositeIterator(lambda$emitStartStreamStatus$1):155 STARTING -> jdbc_integration_test1_wqduh_id_and_name"}}
{"type":"TRACE","trace":{"type":"STREAM_STATUS","emitted_at":1.684590311012E12,"stream_status":{"stream_descriptor":{"name":"id_and_name","namespace":"jdbc_integration_test1_wqduh"},"status":"STARTED"}}}
{"type":"LOG","log":{"level":"INFO","message":"INFO i.a.c.u.CompositeIterator(lambda$emitRunningStreamStatus$0):148 RUNNING -> jdbc_integration_test1_wqduh_id_and_name"}}
{"type":"TRACE","trace":{"type":"STREAM_STATUS","emitted_at":1.684590311013E12,"stream_status":{"stream_descriptor":{"name":"id_and_name","namespace":"jdbc_integration_test1_wqduh"},"status":"RUNNING"}}}
{"type":"LOG","log":{"level":"INFO","message":"INFO i.a.c.u.CompositeIterator(lambda$emitCompleteStreamStatus$2):162 COMPLETE -> jdbc_integration_test1_wqduh_id_and_name"}}
{"type":"TRACE","trace":{"type":"STREAM_STATUS","emitted_at":1.684590311019E12,"stream_status":{"stream_descriptor":{"name":"id_and_name","namespace":"jdbc_integration_test1_wqduh"},"status":"COMPLETE"}}}
{"type":"LOG","log":{"level":"INFO","message":"INFO c.z.h.HikariDataSource(<init>):80 HikariPool-27 - Starting..."}}
{"type":"LOG","log":{"level":"INFO","message":"INFO c.z.h.HikariDataSource(<init>):82 HikariPool-27 - Start completed."}}
{"type":"LOG","log":{"level":"INFO","message":"INFO c.z.h.HikariDataSource(<init>):80 HikariPool-28 - Starting..."}}
{"type":"LOG","log":{"level":"INFO","message":"INFO c.z.h.HikariDataSource(<init>):82 HikariPool-28 - Start completed."}}
{"type":"LOG","log":{"level":"INFO","message":"INFO i.a.i.s.p.PostgresUtils(isCdc):53 using CDC: false"}}
{"type":"LOG","log":{"level":"INFO","message":"INFO i.a.i.s.j.AbstractJdbcSource(discoverInternal):166 Internal schemas to exclude: [catalog_history, information_schema, pg_catalog, pg_internal]"}}
{"type":"LOG","log":{"level":"INFO","message":"INFO i.a.d.j.s.AdaptiveStreamingQueryConfig(initialize):31 Set initial fetch size: 10 rows"}}
{"type":"LOG","log":{"level":"INFO","message":"INFO i.a.i.s.j.AbstractJdbcSource(discoverInternal):166 Internal schemas to exclude: [catalog_history, information_schema, pg_catalog, pg_internal]"}}
{"type":"LOG","log":{"level":"INFO","message":"INFO i.a.d.j.s.AdaptiveStreamingQueryConfig(initialize):31 Set initial fetch size: 10 rows"}}
{"type":"LOG","log":{"level":"INFO","message":"INFO i.a.i.s.j.AbstractJdbcSource(discoverPrimaryKeys):266 Discover primary keys for tables: [id_and_name_without_pk, id_and_name, full_name_composite_pk]"}}
{"type":"LOG","log":{"level":"INFO","message":"INFO c.z.h.HikariDataSource(close):350 HikariPool-28 - Shutdown initiated..."}}
{"type":"LOG","log":{"level":"INFO","message":"INFO c.z.h.HikariDataSource(close):352 HikariPool-28 - Shutdown completed."}}
{"type":"LOG","log":{"level":"INFO","message":"INFO i.a.i.s.p.PostgresUtils(isCdc):53 using CDC: false"}}
{"type":"LOG","log":{"level":"INFO","message":"INFO c.z.h.HikariDataSource(<init>):80 HikariPool-29 - Starting..."}}
{"type":"LOG","log":{"level":"INFO","message":"INFO c.z.h.HikariDataSource(<init>):82 HikariPool-29 - Start completed."}}
{"type":"LOG","log":{"level":"INFO","message":"INFO i.a.i.s.p.PostgresUtils(isCdc):53 using CDC: false"}}
{"type":"LOG","log":{"level":"INFO","message":"INFO i.a.i.s.r.s.StateManagerFactory(createStateManager):55 Stream state manager selected to manage state object with type STREAM."}}
{"type":"LOG","log":{"level":"INFO","message":"INFO i.a.i.s.r.s.CursorManager(createCursorInfoForStream):169 Found matching cursor in state. Stream: jdbc_integration_test1_wqduh_id_and_name. Cursor Field: name Value: patent Count: 1"}}
{"type":"LOG","log":{"level":"INFO","message":"INFO c.z.h.HikariDataSource(<init>):80 HikariPool-30 - Starting..."}}
{"type":"LOG","log":{"level":"INFO","message":"INFO c.z.h.HikariDataSource(<init>):82 HikariPool-30 - Start completed."}}
{"type":"LOG","log":{"level":"INFO","message":"INFO i.a.i.s.p.PostgresUtils(isCdc):53 using CDC: false"}}
{"type":"LOG","log":{"level":"INFO","message":"INFO i.a.i.s.j.AbstractJdbcSource(logPreSyncDebugData):450 Data source product recognized as PostgreSQL:13.11"}}
{"type":"LOG","log":{"level":"INFO","message":"INFO i.a.i.s.p.PostgresSource(logPreSyncDebugData):221 Discovering indexes for schema \"jdbc_integration_test1_wqduh\", table \"id_and_name\""}}
{"type":"LOG","log":{"level":"INFO","message":"INFO i.a.i.s.p.PostgresSource(logPreSyncDebugData):223 Index name: id_and_name_pkey, Column: id, Unique: true"}}
{"type":"LOG","log":{"level":"INFO","message":"INFO i.a.i.s.p.PostgresQueryUtils(logXminStatus):77 Xmin Status : {Number of wraparounds: 0, Xmin Transaction Value: 748, Xmin Raw Value: 748"}}
{"type":"LOG","log":{"level":"INFO","message":"INFO i.a.i.s.j.AbstractJdbcSource(discoverInternal):166 Internal schemas to exclude: [catalog_history, information_schema, pg_catalog, pg_internal]"}}
{"type":"LOG","log":{"level":"INFO","message":"INFO i.a.d.j.s.AdaptiveStreamingQueryConfig(initialize):31 Set initial fetch size: 10 rows"}}
{"type":"LOG","log":{"level":"INFO","message":"INFO i.a.i.s.j.AbstractJdbcSource(discoverInternal):166 Internal schemas to exclude: [catalog_history, information_schema, pg_catalog, pg_internal]"}}
{"type":"LOG","log":{"level":"INFO","message":"INFO i.a.d.j.s.AdaptiveStreamingQueryConfig(initialize):31 Set initial fetch size: 10 rows"}}
{"type":"LOG","log":{"level":"INFO","message":"INFO i.a.i.s.p.PostgresUtils(isCdc):53 using CDC: false"}}
{"type":"LOG","log":{"level":"INFO","message":"INFO i.a.i.s.j.AbstractJdbcSource(queryTableIncremental):320 Queueing query for table: id_and_name"}}
{"type":"LOG","log":{"level":"INFO","message":"INFO i.a.i.s.j.AbstractJdbcSource(lambda$queryTableIncremental$18):327 Preparing query for table: id_and_name"}}
{"type":"LOG","log":{"level":"INFO","message":"INFO i.a.i.s.j.AbstractJdbcSource(lambda$queryTableIncremental$18):337 Table id_and_name cursor count: expected 1, actual 0"}}
{"type":"LOG","log":{"level":"INFO","message":"INFO i.a.i.s.j.AbstractJdbcSource(lambda$queryTableIncremental$18):358 Executing query for table id_and_name: HikariProxyPreparedStatement@1928777006 wrapping SELECT \"id\",\"name\",\"updated_at\",\"wakeup_at\",\"last_visited_at\",\"last_comment_at\" FROM \"jdbc_integration_test1_wqduh\".\"id_and_name\" WHERE \"name\" >= ? ORDER BY \"name\" ASC"}}
{"type":"LOG","log":{"level":"INFO","message":"INFO i.a.d.j.s.AdaptiveStreamingQueryConfig(initialize):31 Set initial fetch size: 10 rows"}}
{"type":"LOG","log":{"level":"INFO","message":"INFO i.a.c.u.CompositeIterator(lambda$emitStartStreamStatus$1):155 STARTING -> jdbc_integration_test1_wqduh_id_and_name"}}
{"type":"TRACE","trace":{"type":"STREAM_STATUS","emitted_at":1.684590313673E12,"stream_status":{"stream_descriptor":{"name":"id_and_name","namespace":"jdbc_integration_test1_wqduh"},"status":"STARTED"}}}
{"type":"LOG","log":{"level":"INFO","message":"INFO i.a.c.u.CompositeIterator(lambda$emitRunningStreamStatus$0):148 RUNNING -> jdbc_integration_test1_wqduh_id_and_name"}}
{"type":"TRACE","trace":{"type":"STREAM_STATUS","emitted_at":1.684590313673E12,"stream_status":{"stream_descriptor":{"name":"id_and_name","namespace":"jdbc_integration_test1_wqduh"},"status":"RUNNING"}}}
{"type":"LOG","log":{"level":"INFO","message":"INFO i.a.c.u.CompositeIterator(lambda$emitCompleteStreamStatus$2):162 COMPLETE -> jdbc_integration_test1_wqduh_id_and_name"}}
{"type":"TRACE","trace":{"type":"STREAM_STATUS","emitted_at":1.684590313678E12,"stream_status":{"stream_descriptor":{"name":"id_and_name","namespace":"jdbc_integration_test1_wqduh"},"status":"COMPLETE"}}}
{"type":"LOG","log":{"level":"INFO","message":"INFO c.z.h.HikariDataSource(<init>):80 HikariPool-31 - Starting..."}}
{"type":"LOG","log":{"level":"INFO","message":"INFO c.z.h.HikariDataSource(<init>):82 HikariPool-31 - Start completed."}}
{"type":"LOG","log":{"level":"INFO","message":"INFO i.a.i.s.p.PostgresUtils(isCdc):53 using CDC: false"}}
{"type":"LOG","log":{"level":"INFO","message":"INFO i.a.i.s.r.s.StateManagerFactory(createStateManager):55 Stream state manager selected to manage state object with type STREAM."}}
{"type":"LOG","log":{"level":"INFO","message":"INFO i.a.i.s.r.s.CursorManager(createCursorInfoForStream):182 No cursor field set in catalog but not present in state. Stream: jdbc_integration_test1_wqduh_id_and_name, New Cursor Field: null. Resetting cursor value"}}
{"type":"LOG","log":{"level":"INFO","message":"INFO c.z.h.HikariDataSource(<init>):80 HikariPool-32 - Starting..."}}
{"type":"LOG","log":{"level":"INFO","message":"INFO c.z.h.HikariDataSource(<init>):82 HikariPool-32 - Start completed."}}
{"type":"LOG","log":{"level":"INFO","message":"INFO i.a.i.s.p.PostgresUtils(isCdc):53 using CDC: false"}}
{"type":"LOG","log":{"level":"INFO","message":"INFO i.a.i.s.j.AbstractJdbcSource(logPreSyncDebugData):450 Data source product recognized as PostgreSQL:13.11"}}
{"type":"LOG","log":{"level":"INFO","message":"INFO i.a.i.s.p.PostgresSource(logPreSyncDebugData):221 Discovering indexes for schema \"jdbc_integration_test1_wqduh\", table \"id_and_name\""}}
{"type":"LOG","log":{"level":"INFO","message":"INFO i.a.i.s.p.PostgresSource(logPreSyncDebugData):223 Index name: id_and_name_pkey, Column: id, Unique: true"}}
{"type":"LOG","log":{"level":"INFO","message":"INFO i.a.i.s.p.PostgresQueryUtils(logXminStatus):77 Xmin Status : {Number of wraparounds: 0, Xmin Transaction Value: 763, Xmin Raw Value: 763"}}
{"type":"LOG","log":{"level":"INFO","message":"INFO i.a.i.s.j.AbstractJdbcSource(discoverInternal):166 Internal schemas to exclude: [catalog_history, information_schema, pg_catalog, pg_internal]"}}
{"type":"LOG","log":{"level":"INFO","message":"INFO i.a.d.j.s.AdaptiveStreamingQueryConfig(initialize):31 Set initial fetch size: 10 rows"}}
{"type":"LOG","log":{"level":"INFO","message":"INFO i.a.i.s.j.AbstractJdbcSource(discoverInternal):166 Internal schemas to exclude: [catalog_history, information_schema, pg_catalog, pg_internal]"}}
{"type":"LOG","log":{"level":"INFO","message":"INFO i.a.d.j.s.AdaptiveStreamingQueryConfig(initialize):31 Set initial fetch size: 10 rows"}}
{"type":"LOG","log":{"level":"INFO","message":"INFO i.a.i.s.p.PostgresUtils(isCdc):53 using CDC: false"}}
{"type":"LOG","log":{"level":"INFO","message":"INFO i.a.i.s.j.AbstractJdbcSource(queryTableFullRefresh):112 Queueing query for table: id_and_name"}}
{"type":"LOG","log":{"level":"INFO","message":"INFO i.a.i.s.r.RelationalDbQueryUtils(lambda$queryTable$0):73 Queueing query: SELECT \"id\",\"name\",\"updated_at\",\"wakeup_at\",\"last_visited_at\",\"last_comment_at\" FROM \"jdbc_integration_test1_wqduh\".\"id_and_name\""}}
{"type":"LOG","log":{"level":"INFO","message":"INFO i.a.d.j.s.AdaptiveStreamingQueryConfig(initialize):31 Set initial fetch size: 10 rows"}}
{"type":"LOG","log":{"level":"INFO","message":"INFO i.a.c.u.CompositeIterator(lambda$emitStartStreamStatus$1):155 STARTING -> jdbc_integration_test1_wqduh_id_and_name"}}
{"type":"TRACE","trace":{"type":"STREAM_STATUS","emitted_at":1.684590314807E12,"stream_status":{"stream_descriptor":{"name":"id_and_name","namespace":"jdbc_integration_test1_wqduh"},"status":"STARTED"}}}
{"type":"LOG","log":{"level":"INFO","message":"INFO i.a.c.u.CompositeIterator(lambda$emitRunningStreamStatus$0):148 RUNNING -> jdbc_integration_test1_wqduh_id_and_name"}}
{"type":"TRACE","trace":{"type":"STREAM_STATUS","emitted_at":1.684590314807E12,"stream_status":{"stream_descriptor":{"name":"id_and_name","namespace":"jdbc_integration_test1_wqduh"},"status":"RUNNING"}}}
{"type":"LOG","log":{"level":"INFO","message":"INFO i.a.c.u.CompositeIterator(lambda$emitCompleteStreamStatus$2):162 COMPLETE -> jdbc_integration_test1_wqduh_id_and_name"}}
{"type":"TRACE","trace":{"type":"STREAM_STATUS","emitted_at":1.684590314812E12,"stream_status":{"stream_descriptor":{"name":"id_and_name","namespace":"jdbc_integration_test1_wqduh"},"status":"COMPLETE"}}}
{"type":"LOG","log":{"level":"INFO","message":"INFO c.z.h.HikariDataSource(<init>):80 HikariPool-33 - Starting..."}}
{"type":"LOG","log":{"level":"INFO","message":"INFO c.z.h.HikariDataSource(<init>):82 HikariPool-33 - Start completed."}}
{"type":"LOG","log":{"level":"INFO","message":"INFO i.a.i.s.p.PostgresUtils(isCdc):53 using CDC: false"}}
{"type":"LOG","log":{"level":"INFO","message":"INFO i.a.i.s.r.s.StateManagerFactory(createStateManager):55 Stream state manager selected to manage state object with type STREAM."}}
{"type":"LOG","log":{"level":"INFO","message":"INFO i.a.i.s.r.s.CursorManager(createCursorInfoForStream):182 No cursor field set in catalog but not present in state. Stream: jdbc_integration_test1_wqduh_id_and_name, New Cursor Field: null. Resetting cursor value"}}
{"type":"LOG","log":{"level":"INFO","message":"INFO c.z.h.HikariDataSource(<init>):80 HikariPool-34 - Starting..."}}
{"type":"LOG","log":{"level":"INFO","message":"INFO c.z.h.HikariDataSource(<init>):82 HikariPool-34 - Start completed."}}
{"type":"LOG","log":{"level":"INFO","message":"INFO i.a.i.s.p.PostgresUtils(isCdc):53 using CDC: false"}}
{"type":"LOG","log":{"level":"INFO","message":"INFO i.a.i.s.j.AbstractJdbcSource(logPreSyncDebugData):450 Data source product recognized as PostgreSQL:13.11"}}
{"type":"LOG","log":{"level":"INFO","message":"INFO i.a.i.s.p.PostgresSource(logPreSyncDebugData):221 Discovering indexes for schema \"jdbc_integration_test1_wqduh\", table \"id_and_name\""}}
{"type":"LOG","log":{"level":"INFO","message":"INFO i.a.i.s.p.PostgresSource(logPreSyncDebugData):223 Index name: id_and_name_pkey, Column: id, Unique: true"}}
{"type":"LOG","log":{"level":"INFO","message":"INFO i.a.i.s.p.PostgresQueryUtils(logXminStatus):77 Xmin Status : {Number of wraparounds: 0, Xmin Transaction Value: 778, Xmin Raw Value: 778"}}
{"type":"LOG","log":{"level":"INFO","message":"INFO i.a.i.s.j.AbstractJdbcSource(discoverInternal):166 Internal schemas to exclude: [catalog_history, information_schema, pg_catalog, pg_internal]"}}
{"type":"LOG","log":{"level":"INFO","message":"INFO i.a.d.j.s.AdaptiveStreamingQueryConfig(initialize):31 Set initial fetch size: 10 rows"}}
{"type":"LOG","log":{"level":"INFO","message":"INFO i.a.i.s.j.AbstractJdbcSource(discoverInternal):166 Internal schemas to exclude: [catalog_history, information_schema, pg_catalog, pg_internal]"}}
{"type":"LOG","log":{"level":"INFO","message":"INFO i.a.d.j.s.AdaptiveStreamingQueryConfig(initialize):31 Set initial fetch size: 10 rows"}}
{"type":"LOG","log":{"level":"WARN","message":"WARN i.a.i.s.r.DbSourceDiscoverUtil(logSourceSchemaChange):82 Source schema changed for table jdbc_integration_test1_wqduh.id_and_name! Potential mismatches: [id]. Actual schema: {\"type\":\"object\",\"properties\":{\"updated_at\":{\"type\":\"string\",\"format\":\"date\"},\"last_visited_at\":{\"type\":\"string\",\"format\":\"date-time\",\"airbyte_type\":\"timestamp_with_timezone\"},\"last_comment_at\":{\"type\":\"string\",\"format\":\"date-time\",\"airbyte_type\":\"timestamp_without_timezone\"},\"name\":{\"type\":\"string\"},\"wakeup_at\":{\"type\":\"string\",\"format\":\"time\",\"airbyte_type\":\"time_with_timezone\"},\"id\":{\"type\":\"number\",\"airbyte_type\":\"integer\"}}}. Catalog schema: {\"type\":\"object\",\"properties\":{\"id\":{\"type\":\"number\"}}}"}}
{"type":"LOG","log":{"level":"INFO","message":"INFO i.a.i.s.p.PostgresUtils(isCdc):53 using CDC: false"}}
{"type":"LOG","log":{"level":"INFO","message":"INFO i.a.i.s.j.AbstractJdbcSource(queryTableFullRefresh):112 Queueing query for table: id_and_name"}}
{"type":"LOG","log":{"level":"INFO","message":"INFO i.a.i.s.r.RelationalDbQueryUtils(lambda$queryTable$0):73 Queueing query: SELECT \"id\" FROM \"jdbc_integration_test1_wqduh\".\"id_and_name\""}}
{"type":"LOG","log":{"level":"INFO","message":"INFO i.a.d.j.s.AdaptiveStreamingQueryConfig(initialize):31 Set initial fetch size: 10 rows"}}
{"type":"LOG","log":{"level":"INFO","message":"INFO i.a.c.u.CompositeIterator(lambda$emitStartStreamStatus$1):155 STARTING -> jdbc_integration_test1_wqduh_id_and_name"}}
{"type":"TRACE","trace":{"type":"STREAM_STATUS","emitted_at":1.68459031653E12,"stream_status":{"stream_descriptor":{"name":"id_and_name","namespace":"jdbc_integration_test1_wqduh"},"status":"STARTED"}}}
{"type":"LOG","log":{"level":"INFO","message":"INFO i.a.c.u.CompositeIterator(lambda$emitRunningStreamStatus$0):148 RUNNING -> jdbc_integration_test1_wqduh_id_and_name"}}
{"type":"TRACE","trace":{"type":"STREAM_STATUS","emitted_at":1.68459031653E12,"stream_status":{"stream_descriptor":{"name":"id_and_name","namespace":"jdbc_integration_test1_wqduh"},"status":"RUNNING"}}}
{"type":"LOG","log":{"level":"INFO","message":"INFO i.a.c.u.CompositeIterator(lambda$emitCompleteStreamStatus$2):162 COMPLETE -> jdbc_integration_test1_wqduh_id_and_name"}}
{"type":"TRACE","trace":{"type":"STREAM_STATUS","emitted_at":1.684590316534E12,"stream_status":{"stream_descriptor":{"name":"id_and_name","namespace":"jdbc_integration_test1_wqduh"},"status":"COMPLETE"}}}
{"type":"LOG","log":{"level":"INFO","message":"INFO c.z.h.HikariDataSource(<init>):80 HikariPool-35 - Starting..."}}
{"type":"LOG","log":{"level":"INFO","message":"INFO c.z.h.HikariDataSource(<init>):82 HikariPool-35 - Start completed."}}
{"type":"LOG","log":{"level":"INFO","message":"INFO i.a.i.s.p.PostgresUtils(isCdc):53 using CDC: false"}}
{"type":"LOG","log":{"level":"INFO","message":"INFO i.a.i.s.r.s.StateManagerFactory(createStateManager):55 Stream state manager selected to manage state object with type STREAM."}}
{"type":"LOG","log":{"level":"INFO","message":"INFO i.a.i.s.r.s.CursorManager(createCursorInfoForStream):176 Found cursor field. Does not match previous cursor field. Stream: jdbc_integration_test1_wqduh_id_and_name. Original Cursor Field: null (count 0). New Cursor Field: id. Resetting cursor value."}}
{"type":"LOG","log":{"level":"INFO","message":"INFO c.z.h.HikariDataSource(<init>):80 HikariPool-36 - Starting..."}}
{"type":"LOG","log":{"level":"INFO","message":"INFO c.z.h.HikariDataSource(<init>):82 HikariPool-36 - Start completed."}}
{"type":"LOG","log":{"level":"INFO","message":"INFO i.a.i.s.p.PostgresUtils(isCdc):53 using CDC: false"}}
{"type":"LOG","log":{"level":"INFO","message":"INFO i.a.i.s.j.AbstractJdbcSource(logPreSyncDebugData):450 Data source product recognized as PostgreSQL:13.11"}}
{"type":"LOG","log":{"level":"INFO","message":"INFO i.a.i.s.p.PostgresSource(logPreSyncDebugData):221 Discovering indexes for schema \"jdbc_integration_test1_wqduh\", table \"id_and_name\""}}
{"type":"LOG","log":{"level":"INFO","message":"INFO i.a.i.s.p.PostgresSource(logPreSyncDebugData):223 Index name: id_and_name_pkey, Column: id, Unique: true"}}
{"type":"LOG","log":{"level":"INFO","message":"INFO i.a.i.s.p.PostgresQueryUtils(logXminStatus):77 Xmin Status : {Number of wraparounds: 0, Xmin Transaction Value: 793, Xmin Raw Value: 793"}}
{"type":"LOG","log":{"level":"INFO","message":"INFO i.a.i.s.j.AbstractJdbcSource(discoverInternal):166 Internal schemas to exclude: [catalog_history, information_schema, pg_catalog, pg_internal]"}}
{"type":"LOG","log":{"level":"INFO","message":"INFO i.a.d.j.s.AdaptiveStreamingQueryConfig(initialize):31 Set initial fetch size: 10 rows"}}
{"type":"LOG","log":{"level":"INFO","message":"INFO i.a.i.s.j.AbstractJdbcSource(discoverInternal):166 Internal schemas to exclude: [catalog_history, information_schema, pg_catalog, pg_internal]"}}
{"type":"LOG","log":{"level":"INFO","message":"INFO i.a.d.j.s.AdaptiveStreamingQueryConfig(initialize):31 Set initial fetch size: 10 rows"}}
{"type":"LOG","log":{"level":"INFO","message":"INFO i.a.i.s.p.PostgresUtils(isCdc):53 using CDC: false"}}
{"type":"LOG","log":{"level":"INFO","message":"INFO i.a.i.s.j.AbstractJdbcSource(queryTableFullRefresh):112 Queueing query for table: id_and_name"}}
{"type":"LOG","log":{"level":"INFO","message":"INFO i.a.i.s.r.RelationalDbQueryUtils(lambda$queryTable$0):73 Queueing query: SELECT \"id\",\"name\",\"updated_at\",\"wakeup_at\",\"last_visited_at\",\"last_comment_at\" FROM \"jdbc_integration_test1_wqduh\".\"id_and_name\" ORDER BY \"id\" ASC"}}
{"type":"LOG","log":{"level":"INFO","message":"INFO i.a.d.j.s.AdaptiveStreamingQueryConfig(initialize):31 Set initial fetch size: 10 rows"}}
{"type":"LOG","log":{"level":"INFO","message":"INFO i.a.c.u.CompositeIterator(lambda$emitStartStreamStatus$1):155 STARTING -> jdbc_integration_test1_wqduh_id_and_name"}}
{"type":"TRACE","trace":{"type":"STREAM_STATUS","emitted_at":1.684590317575E12,"stream_status":{"stream_descriptor":{"name":"id_and_name","namespace":"jdbc_integration_test1_wqduh"},"status":"STARTED"}}}
{"type":"LOG","log":{"level":"INFO","message":"INFO i.a.c.u.CompositeIterator(lambda$emitRunningStreamStatus$0):148 RUNNING -> jdbc_integration_test1_wqduh_id_and_name"}}
{"type":"TRACE","trace":{"type":"STREAM_STATUS","emitted_at":1.684590317575E12,"stream_status":{"stream_descriptor":{"name":"id_and_name","namespace":"jdbc_integration_test1_wqduh"},"status":"RUNNING"}}}
{"type":"LOG","log":{"level":"INFO","message":"INFO i.a.c.u.CompositeIterator(lambda$emitCompleteStreamStatus$2):162 COMPLETE -> jdbc_integration_test1_wqduh_id_and_name"}}
{"type":"TRACE","trace":{"type":"STREAM_STATUS","emitted_at":1.684590317581E12,"stream_status":{"stream_descriptor":{"name":"id_and_name","namespace":"jdbc_integration_test1_wqduh"},"status":"COMPLETE"}}}
{"type":"LOG","log":{"level":"INFO","message":"INFO i.a.i.s.p.PostgresUtils(isCdc):53 using CDC: false"}}
{"type":"LOG","log":{"level":"INFO","message":"INFO i.a.i.s.r.s.StateManagerFactory(createStateManager):55 Stream state manager selected to manage state object with type STREAM."}}
{"type":"LOG","log":{"level":"INFO","message":"INFO i.a.i.s.r.s.CursorManager(createCursorInfoForStream):169 Found matching cursor in state. Stream: jdbc_integration_test1_wqduh_id_and_name. Cursor Field: id Value: 3 Count: 1"}}
{"type":"LOG","log":{"level":"INFO","message":"INFO c.z.h.HikariDataSource(<init>):80 HikariPool-37 - Starting..."}}
{"type":"LOG","log":{"level":"INFO","message":"INFO c.z.h.HikariDataSource(<init>):82 HikariPool-37 - Start completed."}}
{"type":"LOG","log":{"level":"INFO","message":"INFO i.a.i.s.p.PostgresUtils(isCdc):53 using CDC: false"}}
{"type":"LOG","log":{"level":"INFO","message":"INFO i.a.i.s.j.AbstractJdbcSource(logPreSyncDebugData):450 Data source product recognized as PostgreSQL:13.11"}}
{"type":"LOG","log":{"level":"INFO","message":"INFO i.a.i.s.p.PostgresSource(logPreSyncDebugData):221 Discovering indexes for schema \"jdbc_integration_test1_wqduh\", table \"id_and_name\""}}
{"type":"LOG","log":{"level":"INFO","message":"INFO i.a.i.s.p.PostgresSource(logPreSyncDebugData):223 Index name: id_and_name_pkey, Column: id, Unique: true"}}
{"type":"LOG","log":{"level":"INFO","message":"INFO i.a.i.s.p.PostgresQueryUtils(logXminStatus):77 Xmin Status : {Number of wraparounds: 0, Xmin Transaction Value: 795, Xmin Raw Value: 795"}}
{"type":"LOG","log":{"level":"INFO","message":"INFO i.a.i.s.j.AbstractJdbcSource(discoverInternal):166 Internal schemas to exclude: [catalog_history, information_schema, pg_catalog, pg_internal]"}}
{"type":"LOG","log":{"level":"INFO","message":"INFO i.a.d.j.s.AdaptiveStreamingQueryConfig(initialize):31 Set initial fetch size: 10 rows"}}
{"type":"LOG","log":{"level":"INFO","message":"INFO i.a.i.s.j.AbstractJdbcSource(discoverInternal):166 Internal schemas to exclude: [catalog_history, information_schema, pg_catalog, pg_internal]"}}
{"type":"LOG","log":{"level":"INFO","message":"INFO i.a.d.j.s.AdaptiveStreamingQueryConfig(initialize):31 Set initial fetch size: 10 rows"}}
{"type":"LOG","log":{"level":"INFO","message":"INFO i.a.i.s.p.PostgresUtils(isCdc):53 using CDC: false"}}
{"type":"LOG","log":{"level":"INFO","message":"INFO i.a.i.s.j.AbstractJdbcSource(queryTableIncremental):320 Queueing query for table: id_and_name"}}
{"type":"LOG","log":{"level":"INFO","message":"INFO i.a.i.s.j.AbstractJdbcSource(lambda$queryTableIncremental$18):327 Preparing query for table: id_and_name"}}
{"type":"LOG","log":{"level":"INFO","message":"INFO i.a.i.s.j.AbstractJdbcSource(lambda$queryTableIncremental$18):337 Table id_and_name cursor count: expected 1, actual 1"}}
{"type":"LOG","log":{"level":"INFO","message":"INFO i.a.i.s.j.AbstractJdbcSource(lambda$queryTableIncremental$18):358 Executing query for table id_and_name: HikariProxyPreparedStatement@866438586 wrapping SELECT \"id\",\"name\",\"updated_at\",\"wakeup_at\",\"last_visited_at\",\"last_comment_at\" FROM \"jdbc_integration_test1_wqduh\".\"id_and_name\" WHERE \"id\" > ? ORDER BY \"id\" ASC"}}
{"type":"LOG","log":{"level":"INFO","message":"INFO i.a.d.j.s.AdaptiveStreamingQueryConfig(initialize):31 Set initial fetch size: 10 rows"}}
{"type":"LOG","log":{"level":"INFO","message":"INFO i.a.c.u.CompositeIterator(lambda$emitStartStreamStatus$1):155 STARTING -> jdbc_integration_test1_wqduh_id_and_name"}}
{"type":"TRACE","trace":{"type":"STREAM_STATUS","emitted_at":1.684590317861E12,"stream_status":{"stream_descriptor":{"name":"id_and_name","namespace":"jdbc_integration_test1_wqduh"},"status":"STARTED"}}}
{"type":"LOG","log":{"level":"INFO","message":"INFO i.a.c.u.CompositeIterator(lambda$emitRunningStreamStatus$0):148 RUNNING -> jdbc_integration_test1_wqduh_id_and_name"}}
{"type":"TRACE","trace":{"type":"STREAM_STATUS","emitted_at":1.684590317861E12,"stream_status":{"stream_descriptor":{"name":"id_and_name","namespace":"jdbc_integration_test1_wqduh"},"status":"RUNNING"}}}
{"type":"LOG","log":{"level":"INFO","message":"INFO i.a.c.u.CompositeIterator(lambda$emitCompleteStreamStatus$2):162 COMPLETE -> jdbc_integration_test1_wqduh_id_and_name"}}
{"type":"TRACE","trace":{"type":"STREAM_STATUS","emitted_at":1.684590317865E12,"stream_status":{"stream_descriptor":{"name":"id_and_name","namespace":"jdbc_integration_test1_wqduh"},"status":"COMPLETE"}}}
{"type":"LOG","log":{"level":"INFO","message":"INFO c.z.h.HikariDataSource(<init>):80 HikariPool-38 - Starting..."}}
{"type":"LOG","log":{"level":"INFO","message":"INFO c.z.h.HikariDataSource(<init>):82 HikariPool-38 - Start completed."}}
{"type":"LOG","log":{"level":"INFO","message":"INFO i.a.i.s.p.PostgresUtils(isCdc):53 using CDC: false"}}
{"type":"LOG","log":{"level":"INFO","message":"INFO i.a.i.s.r.s.StateManagerFactory(createStateManager):55 Stream state manager selected to manage state object with type STREAM."}}
{"type":"LOG","log":{"level":"INFO","message":"INFO c.z.h.HikariDataSource(<init>):80 HikariPool-39 - Starting..."}}
{"type":"LOG","log":{"level":"INFO","message":"INFO c.z.h.HikariDataSource(<init>):82 HikariPool-39 - Start completed."}}
{"type":"LOG","log":{"level":"INFO","message":"INFO i.a.i.s.p.PostgresUtils(isCdc):53 using CDC: false"}}
{"type":"LOG","log":{"level":"INFO","message":"INFO i.a.i.s.r.s.StateManagerFactory(createStateManager):55 Stream state manager selected to manage state object with type STREAM."}}
{"type":"LOG","log":{"level":"INFO","message":"INFO i.a.i.s.r.s.CursorManager(createCursorInfoForStream):169 Found matching cursor in state. Stream: jdbc_integration_test1_wqduh_id and name2. Cursor Field: last name Value: patent Count: 1"}}
{"type":"LOG","log":{"level":"INFO","message":"INFO c.z.h.HikariDataSource(<init>):80 HikariPool-40 - Starting..."}}
{"type":"LOG","log":{"level":"INFO","message":"INFO c.z.h.HikariDataSource(<init>):82 HikariPool-40 - Start completed."}}
{"type":"LOG","log":{"level":"INFO","message":"INFO i.a.i.s.p.PostgresUtils(isCdc):53 using CDC: false"}}
{"type":"LOG","log":{"level":"INFO","message":"INFO i.a.i.s.j.AbstractJdbcSource(logPreSyncDebugData):450 Data source product recognized as PostgreSQL:13.11"}}
{"type":"LOG","log":{"level":"INFO","message":"INFO i.a.i.s.p.PostgresSource(logPreSyncDebugData):221 Discovering indexes for schema \"jdbc_integration_test1_wqduh\", table \"id and name2\""}}
{"type":"LOG","log":{"level":"INFO","message":"INFO i.a.i.s.p.PostgresQueryUtils(logXminStatus):77 Xmin Status : {Number of wraparounds: 0, Xmin Transaction Value: 829, Xmin Raw Value: 829"}}
{"type":"LOG","log":{"level":"INFO","message":"INFO i.a.i.s.j.AbstractJdbcSource(discoverInternal):166 Internal schemas to exclude: [catalog_history, information_schema, pg_catalog, pg_internal]"}}
{"type":"LOG","log":{"level":"INFO","message":"INFO i.a.d.j.s.AdaptiveStreamingQueryConfig(initialize):31 Set initial fetch size: 10 rows"}}
{"type":"LOG","log":{"level":"INFO","message":"INFO i.a.i.s.j.AbstractJdbcSource(discoverInternal):166 Internal schemas to exclude: [catalog_history, information_schema, pg_catalog, pg_internal]"}}
{"type":"LOG","log":{"level":"INFO","message":"INFO i.a.d.j.s.AdaptiveStreamingQueryConfig(initialize):31 Set initial fetch size: 10 rows"}}
{"type":"LOG","log":{"level":"WARN","message":"WARN i.a.i.s.r.DbSourceDiscoverUtil(logSourceSchemaChange):82 Source schema changed for table jdbc_integration_test1_wqduh.id and name2! Potential mismatches: [id]. Actual schema: {\"type\":\"object\",\"properties\":{\"last name\":{\"type\":\"string\"},\"id\":{\"type\":\"number\",\"airbyte_type\":\"integer\"}}}. Catalog schema: {\"type\":\"object\",\"properties\":{\"last name\":{\"type\":\"string\"},\"id\":{\"type\":\"number\"}}}"}}
{"type":"LOG","log":{"level":"INFO","message":"INFO i.a.i.s.p.PostgresUtils(isCdc):53 using CDC: false"}}
{"type":"LOG","log":{"level":"INFO","message":"INFO i.a.i.s.j.AbstractJdbcSource(queryTableIncremental):320 Queueing query for table: id and name2"}}
{"type":"LOG","log":{"level":"INFO","message":"INFO i.a.i.s.j.AbstractJdbcSource(lambda$queryTableIncremental$18):327 Preparing query for table: id and name2"}}
{"type":"LOG","log":{"level":"INFO","message":"INFO i.a.i.s.j.AbstractJdbcSource(lambda$queryTableIncremental$18):337 Table id and name2 cursor count: expected 1, actual 0"}}
{"type":"LOG","log":{"level":"INFO","message":"INFO i.a.i.s.j.AbstractJdbcSource(lambda$queryTableIncremental$18):358 Executing query for table id and name2: HikariProxyPreparedStatement@478817260 wrapping SELECT \"id\",\"last name\" FROM \"jdbc_integration_test1_wqduh\".\"id and name2\" WHERE \"last name\" >= ? ORDER BY \"last name\" ASC"}}
{"type":"LOG","log":{"level":"INFO","message":"INFO i.a.d.j.s.AdaptiveStreamingQueryConfig(initialize):31 Set initial fetch size: 10 rows"}}
{"type":"LOG","log":{"level":"INFO","message":"INFO i.a.c.u.CompositeIterator(lambda$emitStartStreamStatus$1):155 STARTING -> jdbc_integration_test1_wqduh_id and name2"}}
{"type":"TRACE","trace":{"type":"STREAM_STATUS","emitted_at":1.684590321965E12,"stream_status":{"stream_descriptor":{"name":"id and name2","namespace":"jdbc_integration_test1_wqduh"},"status":"STARTED"}}}
{"type":"LOG","log":{"level":"INFO","message":"INFO i.a.c.u.CompositeIterator(lambda$emitRunningStreamStatus$0):148 RUNNING -> jdbc_integration_test1_wqduh_id and name2"}}
{"type":"TRACE","trace":{"type":"STREAM_STATUS","emitted_at":1.684590321966E12,"stream_status":{"stream_descriptor":{"name":"id and name2","namespace":"jdbc_integration_test1_wqduh"},"status":"RUNNING"}}}
{"type":"LOG","log":{"level":"INFO","message":"INFO i.a.c.u.CompositeIterator(lambda$emitCompleteStreamStatus$2):162 COMPLETE -> jdbc_integration_test1_wqduh_id and name2"}}
{"type":"TRACE","trace":{"type":"STREAM_STATUS","emitted_at":1.684590321974E12,"stream_status":{"stream_descriptor":{"name":"id and name2","namespace":"jdbc_integration_test1_wqduh"},"status":"COMPLETE"}}}
{"type":"LOG","log":{"level":"INFO","message":"INFO c.z.h.HikariDataSource(<init>):80 HikariPool-41 - Starting..."}}
{"type":"LOG","log":{"level":"INFO","message":"INFO c.z.h.HikariDataSource(<init>):82 HikariPool-41 - Start completed."}}
{"type":"LOG","log":{"level":"INFO","message":"INFO i.a.i.s.p.PostgresUtils(isCdc):53 using CDC: false"}}
{"type":"LOG","log":{"level":"INFO","message":"INFO i.a.i.s.r.s.StateManagerFactory(createStateManager):55 Stream state manager selected to manage state object with type STREAM."}}
{"type":"LOG","log":{"level":"INFO","message":"INFO i.a.i.s.r.s.CursorManager(createCursorInfoForStream):182 No cursor field set in catalog but not present in state. Stream: jdbc_integration_test1_wqduh_id_and_name, New Cursor Field: null. Resetting cursor value"}}
{"type":"LOG","log":{"level":"INFO","message":"INFO i.a.i.s.r.s.CursorManager(createCursorInfoForStream):182 No cursor field set in catalog but not present in state. Stream: jdbc_integration_test1_wqduh_id and name2, New Cursor Field: null. Resetting cursor value"}}
{"type":"LOG","log":{"level":"INFO","message":"INFO c.z.h.HikariDataSource(<init>):80 HikariPool-42 - Starting..."}}
{"type":"LOG","log":{"level":"INFO","message":"INFO c.z.h.HikariDataSource(<init>):82 HikariPool-42 - Start completed."}}
{"type":"LOG","log":{"level":"INFO","message":"INFO i.a.i.s.p.PostgresUtils(isCdc):53 using CDC: false"}}
{"type":"LOG","log":{"level":"INFO","message":"INFO i.a.i.s.j.AbstractJdbcSource(logPreSyncDebugData):450 Data source product recognized as PostgreSQL:13.11"}}
{"type":"LOG","log":{"level":"INFO","message":"INFO i.a.i.s.p.PostgresSource(logPreSyncDebugData):221 Discovering indexes for schema \"jdbc_integration_test1_wqduh\", table \"id_and_name\""}}
{"type":"LOG","log":{"level":"INFO","message":"INFO i.a.i.s.p.PostgresSource(logPreSyncDebugData):223 Index name: id_and_name_pkey, Column: id, Unique: true"}}
{"type":"LOG","log":{"level":"INFO","message":"INFO i.a.i.s.p.PostgresSource(logPreSyncDebugData):221 Discovering indexes for schema \"jdbc_integration_test1_wqduh\", table \"id and name2\""}}
{"type":"LOG","log":{"level":"INFO","message":"INFO i.a.i.s.p.PostgresQueryUtils(logXminStatus):77 Xmin Status : {Number of wraparounds: 0, Xmin Transaction Value: 848, Xmin Raw Value: 848"}}
{"type":"LOG","log":{"level":"INFO","message":"INFO i.a.i.s.j.AbstractJdbcSource(discoverInternal):166 Internal schemas to exclude: [catalog_history, information_schema, pg_catalog, pg_internal]"}}
{"type":"LOG","log":{"level":"INFO","message":"INFO i.a.d.j.s.AdaptiveStreamingQueryConfig(initialize):31 Set initial fetch size: 10 rows"}}
{"type":"LOG","log":{"level":"INFO","message":"INFO i.a.i.s.j.AbstractJdbcSource(discoverInternal):166 Internal schemas to exclude: [catalog_history, information_schema, pg_catalog, pg_internal]"}}
{"type":"LOG","log":{"level":"INFO","message":"INFO i.a.d.j.s.AdaptiveStreamingQueryConfig(initialize):31 Set initial fetch size: 10 rows"}}
{"type":"LOG","log":{"level":"WARN","message":"WARN i.a.i.s.r.DbSourceDiscoverUtil(logSourceSchemaChange):82 Source schema changed for table jdbc_integration_test1_wqduh.id and name2! Potential mismatches: [id]. Actual schema: {\"type\":\"object\",\"properties\":{\"last name\":{\"type\":\"string\"},\"id\":{\"type\":\"number\",\"airbyte_type\":\"integer\"}}}. Catalog schema: {\"type\":\"object\",\"properties\":{\"last name\":{\"type\":\"string\"},\"id\":{\"type\":\"number\"}}}"}}
{"type":"LOG","log":{"level":"INFO","message":"INFO i.a.i.s.p.PostgresUtils(isCdc):53 using CDC: false"}}
{"type":"LOG","log":{"level":"INFO","message":"INFO i.a.i.s.j.AbstractJdbcSource(queryTableFullRefresh):112 Queueing query for table: id_and_name"}}
{"type":"LOG","log":{"level":"INFO","message":"INFO i.a.i.s.j.AbstractJdbcSource(queryTableFullRefresh):112 Queueing query for table: id and name2"}}
{"type":"LOG","log":{"level":"INFO","message":"INFO i.a.i.s.r.RelationalDbQueryUtils(lambda$queryTable$0):73 Queueing query: SELECT \"id\",\"name\",\"updated_at\",\"wakeup_at\",\"last_visited_at\",\"last_comment_at\" FROM \"jdbc_integration_test1_wqduh\".\"id_and_name\""}}
{"type":"LOG","log":{"level":"INFO","message":"INFO i.a.d.j.s.AdaptiveStreamingQueryConfig(initialize):31 Set initial fetch size: 10 rows"}}
{"type":"LOG","log":{"level":"INFO","message":"INFO i.a.c.u.CompositeIterator(lambda$emitStartStreamStatus$1):155 STARTING -> jdbc_integration_test1_wqduh_id_and_name"}}
{"type":"TRACE","trace":{"type":"STREAM_STATUS","emitted_at":1.684590323809E12,"stream_status":{"stream_descriptor":{"name":"id_and_name","namespace":"jdbc_integration_test1_wqduh"},"status":"STARTED"}}}
{"type":"LOG","log":{"level":"INFO","message":"INFO i.a.c.u.CompositeIterator(lambda$emitRunningStreamStatus$0):148 RUNNING -> jdbc_integration_test1_wqduh_id_and_name"}}
{"type":"TRACE","trace":{"type":"STREAM_STATUS","emitted_at":1.68459032381E12,"stream_status":{"stream_descriptor":{"name":"id_and_name","namespace":"jdbc_integration_test1_wqduh"},"status":"RUNNING"}}}
{"type":"LOG","log":{"level":"INFO","message":"INFO i.a.c.u.CompositeIterator(lambda$emitCompleteStreamStatus$2):162 COMPLETE -> jdbc_integration_test1_wqduh_id_and_name"}}
{"type":"TRACE","trace":{"type":"STREAM_STATUS","emitted_at":1.684590323815E12,"stream_status":{"stream_descriptor":{"name":"id_and_name","namespace":"jdbc_integration_test1_wqduh"},"status":"COMPLETE"}}}
{"type":"LOG","log":{"level":"INFO","message":"INFO i.a.c.u.CompositeIterator(lambda$emitStartStreamStatus$1):155 STARTING -> jdbc_integration_test1_wqduh_id and name2"}}
{"type":"TRACE","trace":{"type":"STREAM_STATUS","emitted_at":1.684590323816E12,"stream_status":{"stream_descriptor":{"name":"id and name2","namespace":"jdbc_integration_test1_wqduh"},"status":"STARTED"}}}
{"type":"LOG","log":{"level":"INFO","message":"INFO i.a.i.s.r.RelationalDbQueryUtils(lambda$queryTable$0):73 Queueing query: SELECT \"id\",\"last name\" FROM \"jdbc_integration_test1_wqduh\".\"id and name2\""}}
{"type":"LOG","log":{"level":"INFO","message":"INFO i.a.d.j.s.AdaptiveStreamingQueryConfig(initialize):31 Set initial fetch size: 10 rows"}}
{"type":"LOG","log":{"level":"INFO","message":"INFO i.a.c.u.CompositeIterator(lambda$emitRunningStreamStatus$0):148 RUNNING -> jdbc_integration_test1_wqduh_id and name2"}}
{"type":"TRACE","trace":{"type":"STREAM_STATUS","emitted_at":1.68459032383E12,"stream_status":{"stream_descriptor":{"name":"id and name2","namespace":"jdbc_integration_test1_wqduh"},"status":"RUNNING"}}}
{"type":"LOG","log":{"level":"INFO","message":"INFO i.a.c.u.CompositeIterator(lambda$emitCompleteStreamStatus$2):162 COMPLETE -> jdbc_integration_test1_wqduh_id and name2"}}
{"type":"TRACE","trace":{"type":"STREAM_STATUS","emitted_at":1.684590323834E12,"stream_status":{"stream_descriptor":{"name":"id and name2","namespace":"jdbc_integration_test1_wqduh"},"status":"COMPLETE"}}}
{"type":"LOG","log":{"level":"INFO","message":"INFO c.z.h.HikariDataSource(<init>):80 HikariPool-43 - Starting..."}}
{"type":"LOG","log":{"level":"INFO","message":"INFO c.z.h.HikariDataSource(<init>):82 HikariPool-43 - Start completed."}}
{"type":"LOG","log":{"level":"INFO","message":"INFO i.a.i.s.p.PostgresUtils(isCdc):53 using CDC: false"}}
{"type":"LOG","log":{"level":"INFO","message":"INFO i.a.i.s.r.s.StateManagerFactory(createStateManager):55 Stream state manager selected to manage state object with type STREAM."}}
{"type":"LOG","log":{"level":"INFO","message":"INFO i.a.i.s.r.s.CursorManager(createCursorInfoForStream):169 Found matching cursor in state. Stream: jdbc_integration_test1_wqduh_id_and_name. Cursor Field: wakeup_at Value: 11:09:11.123456-05:00 Count: 1"}}
{"type":"LOG","log":{"level":"INFO","message":"INFO c.z.h.HikariDataSource(<init>):80 HikariPool-44 - Starting..."}}
{"type":"LOG","log":{"level":"INFO","message":"INFO c.z.h.HikariDataSource(<init>):82 HikariPool-44 - Start completed."}}
{"type":"LOG","log":{"level":"INFO","message":"INFO i.a.i.s.p.PostgresUtils(isCdc):53 using CDC: false"}}
{"type":"LOG","log":{"level":"INFO","message":"INFO i.a.i.s.j.AbstractJdbcSource(logPreSyncDebugData):450 Data source product recognized as PostgreSQL:13.11"}}
{"type":"LOG","log":{"level":"INFO","message":"INFO i.a.i.s.p.PostgresSource(logPreSyncDebugData):221 Discovering indexes for schema \"jdbc_integration_test1_wqduh\", table \"id_and_name\""}}
{"type":"LOG","log":{"level":"INFO","message":"INFO i.a.i.s.p.PostgresSource(logPreSyncDebugData):223 Index name: id_and_name_pkey, Column: id, Unique: true"}}
{"type":"LOG","log":{"level":"INFO","message":"INFO i.a.i.s.p.PostgresQueryUtils(logXminStatus):77 Xmin Status : {Number of wraparounds: 0, Xmin Transaction Value: 863, Xmin Raw Value: 863"}}
{"type":"LOG","log":{"level":"INFO","message":"INFO i.a.i.s.j.AbstractJdbcSource(discoverInternal):166 Internal schemas to exclude: [catalog_history, information_schema, pg_catalog, pg_internal]"}}
{"type":"LOG","log":{"level":"INFO","message":"INFO i.a.d.j.s.AdaptiveStreamingQueryConfig(initialize):31 Set initial fetch size: 10 rows"}}
{"type":"LOG","log":{"level":"INFO","message":"INFO i.a.i.s.j.AbstractJdbcSource(discoverInternal):166 Internal schemas to exclude: [catalog_history, information_schema, pg_catalog, pg_internal]"}}
{"type":"LOG","log":{"level":"INFO","message":"INFO i.a.d.j.s.AdaptiveStreamingQueryConfig(initialize):31 Set initial fetch size: 10 rows"}}
{"type":"LOG","log":{"level":"INFO","message":"INFO i.a.i.s.p.PostgresUtils(isCdc):53 using CDC: false"}}
{"type":"LOG","log":{"level":"INFO","message":"INFO i.a.i.s.j.AbstractJdbcSource(queryTableIncremental):320 Queueing query for table: id_and_name"}}
{"type":"LOG","log":{"level":"INFO","message":"INFO i.a.i.s.j.AbstractJdbcSource(lambda$queryTableIncremental$18):327 Preparing query for table: id_and_name"}}
{"type":"LOG","log":{"level":"INFO","message":"INFO i.a.i.s.j.AbstractJdbcSource(lambda$queryTableIncremental$18):337 Table id_and_name cursor count: expected 1, actual 0"}}
{"type":"LOG","log":{"level":"INFO","message":"INFO i.a.i.s.j.AbstractJdbcSource(lambda$queryTableIncremental$18):358 Executing query for table id_and_name: HikariProxyPreparedStatement@2118246884 wrapping SELECT \"id\",\"name\",\"updated_at\",\"wakeup_at\",\"last_visited_at\",\"last_comment_at\" FROM \"jdbc_integration_test1_wqduh\".\"id_and_name\" WHERE \"wakeup_at\" >= ? ORDER BY \"wakeup_at\" ASC"}}
{"type":"LOG","log":{"level":"INFO","message":"INFO i.a.d.j.s.AdaptiveStreamingQueryConfig(initialize):31 Set initial fetch size: 10 rows"}}
{"type":"LOG","log":{"level":"INFO","message":"INFO i.a.c.u.CompositeIterator(lambda$emitStartStreamStatus$1):155 STARTING -> jdbc_integration_test1_wqduh_id_and_name"}}
{"type":"TRACE","trace":{"type":"STREAM_STATUS","emitted_at":1.684590325722E12,"stream_status":{"stream_descriptor":{"name":"id_and_name","namespace":"jdbc_integration_test1_wqduh"},"status":"STARTED"}}}
{"type":"LOG","log":{"level":"INFO","message":"INFO i.a.c.u.CompositeIterator(lambda$emitRunningStreamStatus$0):148 RUNNING -> jdbc_integration_test1_wqduh_id_and_name"}}
{"type":"TRACE","trace":{"type":"STREAM_STATUS","emitted_at":1.684590325722E12,"stream_status":{"stream_descriptor":{"name":"id_and_name","namespace":"jdbc_integration_test1_wqduh"},"status":"RUNNING"}}}
{"type":"LOG","log":{"level":"INFO","message":"INFO i.a.c.u.CompositeIterator(lambda$emitCompleteStreamStatus$2):162 COMPLETE -> jdbc_integration_test1_wqduh_id_and_name"}}
{"type":"TRACE","trace":{"type":"STREAM_STATUS","emitted_at":1.684590325727E12,"stream_status":{"stream_descriptor":{"name":"id_and_name","namespace":"jdbc_integration_test1_wqduh"},"status":"COMPLETE"}}}
{"type":"LOG","log":{"level":"INFO","message":"INFO c.z.h.HikariDataSource(<init>):80 HikariPool-45 - Starting..."}}
{"type":"LOG","log":{"level":"INFO","message":"INFO c.z.h.HikariDataSource(<init>):82 HikariPool-45 - Start completed."}}
{"type":"LOG","log":{"level":"INFO","message":"INFO i.a.i.s.p.PostgresUtils(isCdc):53 using CDC: false"}}
{"type":"LOG","log":{"level":"INFO","message":"INFO c.z.h.HikariDataSource(<init>):80 HikariPool-46 - Starting..."}}
{"type":"LOG","log":{"level":"INFO","message":"INFO c.z.h.HikariDataSource(<init>):82 HikariPool-46 - Start completed."}}
{"type":"TRACE","trace":{"type":"ERROR","emitted_at":1.684590336714E12,"error":{"message":"State code: 3D000; Message: FATAL: database \"wrongdatabase\" does not exist","internal_message":"io.airbyte.commons.exceptions.ConnectionErrorException: java.sql.SQLTransientConnectionException: HikariPool-46 - Connection is not available, request timed out after 10001ms.","stack_trace":"io.airbyte.commons.exceptions.ConnectionErrorException: java.sql.SQLTransientConnectionException: HikariPool-46 - Connection is not available, request timed out after 10001ms.\n\tat io.airbyte.db.jdbc.DefaultJdbcDatabase.getMetaData(DefaultJdbcDatabase.java:87)\n\tat io.airbyte.integrations.source.jdbc.AbstractJdbcSource.createDatabase(AbstractJdbcSource.java:434)\n\tat io.airbyte.integrations.source.postgres.PostgresSource.createDatabase(PostgresSource.java:257)\n\tat io.airbyte.integrations.source.postgres.PostgresSource.createDatabase(PostgresSource.java:96)\n\tat io.airbyte.integrations.source.relationaldb.AbstractDbSource.check(AbstractDbSource.java:85)\n\tat io.airbyte.integrations.source.postgres.PostgresSource.check(PostgresSource.java:527)\n\tat io.airbyte.integrations.source.postgres.PostgresJdbcSourceAcceptanceTest.testCheckIncorrectDataBaseFailure(PostgresJdbcSourceAcceptanceTest.java:504)\n\tat java.base/jdk.internal.reflect.NativeMethodAccessorImpl.invoke0(Native Method)\n\tat java.base/jdk.internal.reflect.NativeMethodAccessorImpl.invoke(NativeMethodAccessorImpl.java:77)\n\tat java.base/jdk.internal.reflect.DelegatingMethodAccessorImpl.invoke(DelegatingMethodAccessorImpl.java:43)\n\tat java.base/java.lang.reflect.Method.invoke(Method.java:568)\n\tat org.junit.platform.commons.util.ReflectionUtils.invokeMethod(ReflectionUtils.java:727)\n\tat org.junit.jupiter.engine.execution.MethodInvocation.proceed(MethodInvocation.java:60)\n\tat org.junit.jupiter.engine.execution.InvocationInterceptorChain$ValidatingInvocation.proceed(InvocationInterceptorChain.java:131)\n\tat org.junit.jupiter.engine.extension.TimeoutExtension.intercept(TimeoutExtension.java:156)\n\tat org.junit.jupiter.engine.extension.TimeoutExtension.interceptTestableMethod(TimeoutExtension.java:147)\n\tat org.junit.jupiter.engine.extension.TimeoutExtension.interceptTestMethod(TimeoutExtension.java:86)\n\tat org.junit.jupiter.engine.execution.InterceptingExecutableInvoker$ReflectiveInterceptorCall.lambda$ofVoidMethod$0(InterceptingExecutableInvoker.java:103)\n\tat org.junit.jupiter.engine.execution.InterceptingExecutableInvoker.lambda$invoke$0(InterceptingExecutableInvoker.java:93)\n\tat org.junit.jupiter.engine.execution.InvocationInterceptorChain$InterceptedInvocation.proceed(InvocationInterceptorChain.java:106)\n\tat org.junit.jupiter.engine.execution.InvocationInterceptorChain.proceed(InvocationInterceptorChain.java:64)\n\tat org.junit.jupiter.engine.execution.InvocationInterceptorChain.chainAndInvoke(InvocationInterceptorChain.java:45)\n\tat org.junit.jupiter.engine.execution.InvocationInterceptorChain.invoke(InvocationInterceptorChain.java:37)\n\tat org.junit.jupiter.engine.execution.InterceptingExecutableInvoker.invoke(InterceptingExecutableInvoker.java:92)\n\tat org.junit.jupiter.engine.execution.InterceptingExecutableInvoker.invoke(InterceptingExecutableInvoker.java:86)\n\tat org.junit.jupiter.engine.descriptor.TestMethodTestDescriptor.lambda$invokeTestMethod$7(TestMethodTestDescriptor.java:217)\n\tat org.junit.platform.engine.support.hierarchical.ThrowableCollector.execute(ThrowableCollector.java:73)\n\tat org.junit.jupiter.engine.descriptor.TestMethodTestDescriptor.invokeTestMethod(TestMethodTestDescriptor.java:213)\n\tat org.junit.jupiter.engine.descriptor.TestMethodTestDescriptor.execute(TestMethodTestDescriptor.java:138)\n\tat org.junit.jupiter.engine.descriptor.TestMethodTestDescriptor.execute(TestMethodTestDescriptor.java:68)\n\tat org.junit.platform.engine.support.hierarchical.NodeTestTask.lambda$executeRecursively$6(NodeTestTask.java:151)\n\tat org.junit.platform.engine.support.hierarchical.ThrowableCollector.execute(ThrowableCollector.java:73)\n\tat org.junit.platform.engine.support.hierarchical.NodeTestTask.lambda$executeRecursively$8(NodeTestTask.java:141)\n\tat org.junit.platform.engine.support.hierarchical.Node.around(Node.java:137)\n\tat org.junit.platform.engine.support.hierarchical.NodeTestTask.lambda$executeRecursively$9(NodeTestTask.java:139)\n\tat org.junit.platform.engine.support.hierarchical.ThrowableCollector.execute(ThrowableCollector.java:73)\n\tat org.junit.platform.engine.support.hierarchical.NodeTestTask.executeRecursively(NodeTestTask.java:138)\n\tat org.junit.platform.engine.support.hierarchical.NodeTestTask.execute(NodeTestTask.java:95)\n\tat java.base/java.util.ArrayList.forEach(ArrayList.java:1511)\n\tat org.junit.platform.engine.support.hierarchical.SameThreadHierarchicalTestExecutorService.invokeAll(SameThreadHierarchicalTestExecutorService.java:41)\n\tat org.junit.platform.engine.support.hierarchical.NodeTestTask.lambda$executeRecursively$6(NodeTestTask.java:155)\n\tat org.junit.platform.engine.support.hierarchical.ThrowableCollector.execute(ThrowableCollector.java:73)\n\tat org.junit.platform.engine.support.hierarchical.NodeTestTask.lambda$executeRecursively$8(NodeTestTask.java:141)\n\tat org.junit.platform.engine.support.hierarchical.Node.around(Node.java:137)\n\tat org.junit.platform.engine.support.hierarchical.NodeTestTask.lambda$executeRecursively$9(NodeTestTask.java:139)\n\tat org.junit.platform.engine.support.hierarchical.ThrowableCollector.execute(ThrowableCollector.java:73)\n\tat org.junit.platform.engine.support.hierarchical.NodeTestTask.executeRecursively(NodeTestTask.java:138)\n\tat org.junit.platform.engine.support.hierarchical.NodeTestTask.execute(NodeTestTask.java:95)\n\tat java.base/java.util.ArrayList.forEach(ArrayList.java:1511)\n\tat org.junit.platform.engine.support.hierarchical.SameThreadHierarchicalTestExecutorService.invokeAll(SameThreadHierarchicalTestExecutorService.java:41)\n\tat org.junit.platform.engine.support.hierarchical.NodeTestTask.lambda$executeRecursively$6(NodeTestTask.java:155)\n\tat org.junit.platform.engine.support.hierarchical.ThrowableCollector.execute(ThrowableCollector.java:73)\n\tat org.junit.platform.engine.support.hierarchical.NodeTestTask.lambda$executeRecursively$8(NodeTestTask.java:141)\n\tat org.junit.platform.engine.support.hierarchical.Node.around(Node.java:137)\n\tat org.junit.platform.engine.support.hierarchical.NodeTestTask.lambda$executeRecursively$9(NodeTestTask.java:139)\n\tat org.junit.platform.engine.support.hierarchical.ThrowableCollector.execute(ThrowableCollector.java:73)\n\tat org.junit.platform.engine.support.hierarchical.NodeTestTask.executeRecursively(NodeTestTask.java:138)\n\tat org.junit.platform.engine.support.hierarchical.NodeTestTask.execute(NodeTestTask.java:95)\n\tat org.junit.platform.engine.support.hierarchical.SameThreadHierarchicalTestExecutorService.submit(SameThreadHierarchicalTestExecutorService.java:35)\n\tat org.junit.platform.engine.support.hierarchical.HierarchicalTestExecutor.execute(HierarchicalTestExecutor.java:57)\n\tat org.junit.platform.engine.support.hierarchical.HierarchicalTestEngine.execute(HierarchicalTestEngine.java:54)\n\tat org.junit.platform.launcher.core.EngineExecutionOrchestrator.execute(EngineExecutionOrchestrator.java:147)\n\tat org.junit.platform.launcher.core.EngineExecutionOrchestrator.execute(EngineExecutionOrchestrator.java:127)\n\tat org.junit.platform.launcher.core.EngineExecutionOrchestrator.execute(EngineExecutionOrchestrator.java:90)\n\tat org.junit.platform.launcher.core.EngineExecutionOrchestrator.lambda$execute$0(EngineExecutionOrchestrator.java:55)\n\tat org.junit.platform.launcher.core.EngineExecutionOrchestrator.withInterceptedStreams(EngineExecutionOrchestrator.java:102)\n\tat org.junit.platform.launcher.core.EngineExecutionOrchestrator.execute(EngineExecutionOrchestrator.java:54)\n\tat org.junit.platform.launcher.core.DefaultLauncher.execute(DefaultLauncher.java:114)\n\tat org.junit.platform.launcher.core.DefaultLauncher.execute(DefaultLauncher.java:86)\n\tat org.junit.platform.launcher.core.DefaultLauncherSession$DelegatingLauncher.execute(DefaultLauncherSession.java:86)\n\tat org.junit.platform.launcher.core.SessionPerRequestLauncher.execute(SessionPerRequestLauncher.java:53)\n\tat org.gradle.api.internal.tasks.testing.junitplatform.JUnitPlatformTestClassProcessor$CollectAllTestClassesExecutor.processAllTestClasses(JUnitPlatformTestClassProcessor.java:99)\n\tat org.gradle.api.internal.tasks.testing.junitplatform.JUnitPlatformTestClassProcessor$CollectAllTestClassesExecutor.access$000(JUnitPlatformTestClassProcessor.java:79)\n\tat org.gradle.api.internal.tasks.testing.junitplatform.JUnitPlatformTestClassProcessor.stop(JUnitPlatformTestClassProcessor.java:75)\n\tat org.gradle.api.internal.tasks.testing.SuiteTestClassProcessor.stop(SuiteTestClassProcessor.java:62)\n\tat java.base/jdk.internal.reflect.NativeMethodAccessorImpl.invoke0(Native Method)\n\tat java.base/jdk.internal.reflect.NativeMethodAccessorImpl.invoke(NativeMethodAccessorImpl.java:77)\n\tat java.base/jdk.internal.reflect.DelegatingMethodAccessorImpl.invoke(DelegatingMethodAccessorImpl.java:43)\n\tat java.base/java.lang.reflect.Method.invoke(Method.java:568)\n\tat org.gradle.internal.dispatch.ReflectionDispatch.dispatch(ReflectionDispatch.java:36)\n\tat org.gradle.internal.dispatch.ReflectionDispatch.dispatch(ReflectionDispatch.java:24)\n\tat org.gradle.internal.dispatch.ContextClassLoaderDispatch.dispatch(ContextClassLoaderDispatch.java:33)\n\tat org.gradle.internal.dispatch.ProxyDispatchAdapter$DispatchingInvocationHandler.invoke(ProxyDispatchAdapter.java:94)\n\tat jdk.proxy2/jdk.proxy2.$Proxy5.stop(Unknown Source)\n\tat org.gradle.api.internal.tasks.testing.worker.TestWorker$3.run(TestWorker.java:193)\n\tat org.gradle.api.internal.tasks.testing.worker.TestWorker.executeAndMaintainThreadName(TestWorker.java:129)\n\tat org.gradle.api.internal.tasks.testing.worker.TestWorker.execute(TestWorker.java:100)\n\tat org.gradle.api.internal.tasks.testing.worker.TestWorker.execute(TestWorker.java:60)\n\tat org.gradle.process.internal.worker.child.ActionExecutionWorker.execute(ActionExecutionWorker.java:56)\n\tat org.gradle.process.internal.worker.child.SystemApplicationClassLoaderWorker.call(SystemApplicationClassLoaderWorker.java:113)\n\tat org.gradle.process.internal.worker.child.SystemApplicationClassLoaderWorker.call(SystemApplicationClassLoaderWorker.java:65)\n\tat worker.org.gradle.process.internal.worker.GradleWorkerMain.run(GradleWorkerMain.java:69)\n\tat worker.org.gradle.process.internal.worker.GradleWorkerMain.main(GradleWorkerMain.java:74)\nCaused by: java.sql.SQLTransientConnectionException: HikariPool-46 - Connection is not available, request timed out after 10001ms.\n\tat com.zaxxer.hikari.pool.HikariPool.createTimeoutException(HikariPool.java:696)\n\tat com.zaxxer.hikari.pool.HikariPool.getConnection(HikariPool.java:181)\n\tat com.zaxxer.hikari.pool.HikariPool.getConnection(HikariPool.java:146)\n\tat com.zaxxer.hikari.HikariDataSource.getConnection(HikariDataSource.java:100)\n\tat io.airbyte.db.jdbc.DefaultJdbcDatabase.getMetaData(DefaultJdbcDatabase.java:78)\n\t... 92 more\nCaused by: org.postgresql.util.PSQLException: FATAL: database \"wrongdatabase\" does not exist\n\tat org.postgresql.core.v3.QueryExecutorImpl.receiveErrorResponse(QueryExecutorImpl.java:2676)\n\tat org.postgresql.core.v3.QueryExecutorImpl.readStartupMessages(QueryExecutorImpl.java:2788)\n\tat org.postgresql.core.v3.QueryExecutorImpl.<init>(QueryExecutorImpl.java:174)\n\tat org.postgresql.core.v3.ConnectionFactoryImpl.openConnectionImpl(ConnectionFactoryImpl.java:290)\n\tat org.postgresql.core.ConnectionFactory.openConnection(ConnectionFactory.java:49)\n\tat org.postgresql.jdbc.PgConnection.<init>(PgConnection.java:247)\n\tat org.postgresql.Driver.makeConnection(Driver.java:434)\n\tat org.postgresql.Driver.connect(Driver.java:291)\n\tat com.zaxxer.hikari.util.DriverDataSource.getConnection(DriverDataSource.java:138)\n\tat com.zaxxer.hikari.pool.PoolBase.newConnection(PoolBase.java:359)\n\tat com.zaxxer.hikari.pool.PoolBase.newPoolEntry(PoolBase.java:201)\n\tat com.zaxxer.hikari.pool.HikariPool.createPoolEntry(HikariPool.java:470)\n\tat com.zaxxer.hikari.pool.HikariPool$PoolEntryCreator.call(HikariPool.java:733)\n\tat com.zaxxer.hikari.pool.HikariPool$PoolEntryCreator.call(HikariPool.java:712)\n\tat java.base/java.util.concurrent.FutureTask.run(FutureTask.java:264)\n\tat java.base/java.util.concurrent.ThreadPoolExecutor.runWorker(ThreadPoolExecutor.java:1136)\n\tat java.base/java.util.concurrent.ThreadPoolExecutor$Worker.run(ThreadPoolExecutor.java:635)\n\tat java.base/java.lang.Thread.run(Thread.java:833)\n","failure_type":"config_error"}}}
{"type":"LOG","log":{"level":"INFO","message":"INFO c.z.h.HikariDataSource(close):350 HikariPool-46 - Shutdown initiated..."}}
{"type":"LOG","log":{"level":"INFO","message":"INFO c.z.h.HikariDataSource(close):352 HikariPool-46 - Shutdown completed."}}
{"type":"LOG","log":{"level":"INFO","message":"INFO c.z.h.HikariDataSource(<init>):80 HikariPool-47 - Starting..."}}
{"type":"LOG","log":{"level":"INFO","message":"INFO c.z.h.HikariDataSource(<init>):82 HikariPool-47 - Start completed."}}
{"type":"LOG","log":{"level":"INFO","message":"INFO i.a.i.s.p.PostgresUtils(isCdc):53 using CDC: false"}}
{"type":"LOG","log":{"level":"INFO","message":"INFO c.z.h.HikariDataSource(<init>):80 HikariPool-48 - Starting..."}}
{"type":"LOG","log":{"level":"INFO","message":"INFO c.z.h.HikariDataSource(<init>):82 HikariPool-48 - Start completed."}}
{"type":"TRACE","trace":{"type":"ERROR","emitted_at":1.684590347651E12,"error":{"message":"State code: 28P01; Message: FATAL: password authentication failed for user \"test\"","internal_message":"io.airbyte.commons.exceptions.ConnectionErrorException: java.sql.SQLTransientConnectionException: HikariPool-48 - Connection is not available, request timed out after 10004ms.","stack_trace":"io.airbyte.commons.exceptions.ConnectionErrorException: java.sql.SQLTransientConnectionException: HikariPool-48 - Connection is not available, request timed out after 10004ms.\n\tat io.airbyte.db.jdbc.DefaultJdbcDatabase.getMetaData(DefaultJdbcDatabase.java:87)\n\tat io.airbyte.integrations.source.jdbc.AbstractJdbcSource.createDatabase(AbstractJdbcSource.java:434)\n\tat io.airbyte.integrations.source.postgres.PostgresSource.createDatabase(PostgresSource.java:257)\n\tat io.airbyte.integrations.source.postgres.PostgresSource.createDatabase(PostgresSource.java:96)\n\tat io.airbyte.integrations.source.relationaldb.AbstractDbSource.check(AbstractDbSource.java:85)\n\tat io.airbyte.integrations.source.postgres.PostgresSource.check(PostgresSource.java:527)\n\tat io.airbyte.integrations.source.postgres.PostgresJdbcSourceAcceptanceTest.testCheckIncorrectPasswordFailure(PostgresJdbcSourceAcceptanceTest.java:472)\n\tat java.base/jdk.internal.reflect.NativeMethodAccessorImpl.invoke0(Native Method)\n\tat java.base/jdk.internal.reflect.NativeMethodAccessorImpl.invoke(NativeMethodAccessorImpl.java:77)\n\tat java.base/jdk.internal.reflect.DelegatingMethodAccessorImpl.invoke(DelegatingMethodAccessorImpl.java:43)\n\tat java.base/java.lang.reflect.Method.invoke(Method.java:568)\n\tat org.junit.platform.commons.util.ReflectionUtils.invokeMethod(ReflectionUtils.java:727)\n\tat org.junit.jupiter.engine.execution.MethodInvocation.proceed(MethodInvocation.java:60)\n\tat org.junit.jupiter.engine.execution.InvocationInterceptorChain$ValidatingInvocation.proceed(InvocationInterceptorChain.java:131)\n\tat org.junit.jupiter.engine.extension.TimeoutExtension.intercept(TimeoutExtension.java:156)\n\tat org.junit.jupiter.engine.extension.TimeoutExtension.interceptTestableMethod(TimeoutExtension.java:147)\n\tat org.junit.jupiter.engine.extension.TimeoutExtension.interceptTestMethod(TimeoutExtension.java:86)\n\tat org.junit.jupiter.engine.execution.InterceptingExecutableInvoker$ReflectiveInterceptorCall.lambda$ofVoidMethod$0(InterceptingExecutableInvoker.java:103)\n\tat org.junit.jupiter.engine.execution.InterceptingExecutableInvoker.lambda$invoke$0(InterceptingExecutableInvoker.java:93)\n\tat org.junit.jupiter.engine.execution.InvocationInterceptorChain$InterceptedInvocation.proceed(InvocationInterceptorChain.java:106)\n\tat org.junit.jupiter.engine.execution.InvocationInterceptorChain.proceed(InvocationInterceptorChain.java:64)\n\tat org.junit.jupiter.engine.execution.InvocationInterceptorChain.chainAndInvoke(InvocationInterceptorChain.java:45)\n\tat org.junit.jupiter.engine.execution.InvocationInterceptorChain.invoke(InvocationInterceptorChain.java:37)\n\tat org.junit.jupiter.engine.execution.InterceptingExecutableInvoker.invoke(InterceptingExecutableInvoker.java:92)\n\tat org.junit.jupiter.engine.execution.InterceptingExecutableInvoker.invoke(InterceptingExecutableInvoker.java:86)\n\tat org.junit.jupiter.engine.descriptor.TestMethodTestDescriptor.lambda$invokeTestMethod$7(TestMethodTestDescriptor.java:217)\n\tat org.junit.platform.engine.support.hierarchical.ThrowableCollector.execute(ThrowableCollector.java:73)\n\tat org.junit.jupiter.engine.descriptor.TestMethodTestDescriptor.invokeTestMethod(TestMethodTestDescriptor.java:213)\n\tat org.junit.jupiter.engine.descriptor.TestMethodTestDescriptor.execute(TestMethodTestDescriptor.java:138)\n\tat org.junit.jupiter.engine.descriptor.TestMethodTestDescriptor.execute(TestMethodTestDescriptor.java:68)\n\tat org.junit.platform.engine.support.hierarchical.NodeTestTask.lambda$executeRecursively$6(NodeTestTask.java:151)\n\tat org.junit.platform.engine.support.hierarchical.ThrowableCollector.execute(ThrowableCollector.java:73)\n\tat org.junit.platform.engine.support.hierarchical.NodeTestTask.lambda$executeRecursively$8(NodeTestTask.java:141)\n\tat org.junit.platform.engine.support.hierarchical.Node.around(Node.java:137)\n\tat org.junit.platform.engine.support.hierarchical.NodeTestTask.lambda$executeRecursively$9(NodeTestTask.java:139)\n\tat org.junit.platform.engine.support.hierarchical.ThrowableCollector.execute(ThrowableCollector.java:73)\n\tat org.junit.platform.engine.support.hierarchical.NodeTestTask.executeRecursively(NodeTestTask.java:138)\n\tat org.junit.platform.engine.support.hierarchical.NodeTestTask.execute(NodeTestTask.java:95)\n\tat java.base/java.util.ArrayList.forEach(ArrayList.java:1511)\n\tat org.junit.platform.engine.support.hierarchical.SameThreadHierarchicalTestExecutorService.invokeAll(SameThreadHierarchicalTestExecutorService.java:41)\n\tat org.junit.platform.engine.support.hierarchical.NodeTestTask.lambda$executeRecursively$6(NodeTestTask.java:155)\n\tat org.junit.platform.engine.support.hierarchical.ThrowableCollector.execute(ThrowableCollector.java:73)\n\tat org.junit.platform.engine.support.hierarchical.NodeTestTask.lambda$executeRecursively$8(NodeTestTask.java:141)\n\tat org.junit.platform.engine.support.hierarchical.Node.around(Node.java:137)\n\tat org.junit.platform.engine.support.hierarchical.NodeTestTask.lambda$executeRecursively$9(NodeTestTask.java:139)\n\tat org.junit.platform.engine.support.hierarchical.ThrowableCollector.execute(ThrowableCollector.java:73)\n\tat org.junit.platform.engine.support.hierarchical.NodeTestTask.executeRecursively(NodeTestTask.java:138)\n\tat org.junit.platform.engine.support.hierarchical.NodeTestTask.execute(NodeTestTask.java:95)\n\tat java.base/java.util.ArrayList.forEach(ArrayList.java:1511)\n\tat org.junit.platform.engine.support.hierarchical.SameThreadHierarchicalTestExecutorService.invokeAll(SameThreadHierarchicalTestExecutorService.java:41)\n\tat org.junit.platform.engine.support.hierarchical.NodeTestTask.lambda$executeRecursively$6(NodeTestTask.java:155)\n\tat org.junit.platform.engine.support.hierarchical.ThrowableCollector.execute(ThrowableCollector.java:73)\n\tat org.junit.platform.engine.support.hierarchical.NodeTestTask.lambda$executeRecursively$8(NodeTestTask.java:141)\n\tat org.junit.platform.engine.support.hierarchical.Node.around(Node.java:137)\n\tat org.junit.platform.engine.support.hierarchical.NodeTestTask.lambda$executeRecursively$9(NodeTestTask.java:139)\n\tat org.junit.platform.engine.support.hierarchical.ThrowableCollector.execute(ThrowableCollector.java:73)\n\tat org.junit.platform.engine.support.hierarchical.NodeTestTask.executeRecursively(NodeTestTask.java:138)\n\tat org.junit.platform.engine.support.hierarchical.NodeTestTask.execute(NodeTestTask.java:95)\n\tat org.junit.platform.engine.support.hierarchical.SameThreadHierarchicalTestExecutorService.submit(SameThreadHierarchicalTestExecutorService.java:35)\n\tat org.junit.platform.engine.support.hierarchical.HierarchicalTestExecutor.execute(HierarchicalTestExecutor.java:57)\n\tat org.junit.platform.engine.support.hierarchical.HierarchicalTestEngine.execute(HierarchicalTestEngine.java:54)\n\tat org.junit.platform.launcher.core.EngineExecutionOrchestrator.execute(EngineExecutionOrchestrator.java:147)\n\tat org.junit.platform.launcher.core.EngineExecutionOrchestrator.execute(EngineExecutionOrchestrator.java:127)\n\tat org.junit.platform.launcher.core.EngineExecutionOrchestrator.execute(EngineExecutionOrchestrator.java:90)\n\tat org.junit.platform.launcher.core.EngineExecutionOrchestrator.lambda$execute$0(EngineExecutionOrchestrator.java:55)\n\tat org.junit.platform.launcher.core.EngineExecutionOrchestrator.withInterceptedStreams(EngineExecutionOrchestrator.java:102)\n\tat org.junit.platform.launcher.core.EngineExecutionOrchestrator.execute(EngineExecutionOrchestrator.java:54)\n\tat org.junit.platform.launcher.core.DefaultLauncher.execute(DefaultLauncher.java:114)\n\tat org.junit.platform.launcher.core.DefaultLauncher.execute(DefaultLauncher.java:86)\n\tat org.junit.platform.launcher.core.DefaultLauncherSession$DelegatingLauncher.execute(DefaultLauncherSession.java:86)\n\tat org.junit.platform.launcher.core.SessionPerRequestLauncher.execute(SessionPerRequestLauncher.java:53)\n\tat org.gradle.api.internal.tasks.testing.junitplatform.JUnitPlatformTestClassProcessor$CollectAllTestClassesExecutor.processAllTestClasses(JUnitPlatformTestClassProcessor.java:99)\n\tat org.gradle.api.internal.tasks.testing.junitplatform.JUnitPlatformTestClassProcessor$CollectAllTestClassesExecutor.access$000(JUnitPlatformTestClassProcessor.java:79)\n\tat org.gradle.api.internal.tasks.testing.junitplatform.JUnitPlatformTestClassProcessor.stop(JUnitPlatformTestClassProcessor.java:75)\n\tat org.gradle.api.internal.tasks.testing.SuiteTestClassProcessor.stop(SuiteTestClassProcessor.java:62)\n\tat java.base/jdk.internal.reflect.NativeMethodAccessorImpl.invoke0(Native Method)\n\tat java.base/jdk.internal.reflect.NativeMethodAccessorImpl.invoke(NativeMethodAccessorImpl.java:77)\n\tat java.base/jdk.internal.reflect.DelegatingMethodAccessorImpl.invoke(DelegatingMethodAccessorImpl.java:43)\n\tat java.base/java.lang.reflect.Method.invoke(Method.java:568)\n\tat org.gradle.internal.dispatch.ReflectionDispatch.dispatch(ReflectionDispatch.java:36)\n\tat org.gradle.internal.dispatch.ReflectionDispatch.dispatch(ReflectionDispatch.java:24)\n\tat org.gradle.internal.dispatch.ContextClassLoaderDispatch.dispatch(ContextClassLoaderDispatch.java:33)\n\tat org.gradle.internal.dispatch.ProxyDispatchAdapter$DispatchingInvocationHandler.invoke(ProxyDispatchAdapter.java:94)\n\tat jdk.proxy2/jdk.proxy2.$Proxy5.stop(Unknown Source)\n\tat org.gradle.api.internal.tasks.testing.worker.TestWorker$3.run(TestWorker.java:193)\n\tat org.gradle.api.internal.tasks.testing.worker.TestWorker.executeAndMaintainThreadName(TestWorker.java:129)\n\tat org.gradle.api.internal.tasks.testing.worker.TestWorker.execute(TestWorker.java:100)\n\tat org.gradle.api.internal.tasks.testing.worker.TestWorker.execute(TestWorker.java:60)\n\tat org.gradle.process.internal.worker.child.ActionExecutionWorker.execute(ActionExecutionWorker.java:56)\n\tat org.gradle.process.internal.worker.child.SystemApplicationClassLoaderWorker.call(SystemApplicationClassLoaderWorker.java:113)\n\tat org.gradle.process.internal.worker.child.SystemApplicationClassLoaderWorker.call(SystemApplicationClassLoaderWorker.java:65)\n\tat worker.org.gradle.process.internal.worker.GradleWorkerMain.run(GradleWorkerMain.java:69)\n\tat worker.org.gradle.process.internal.worker.GradleWorkerMain.main(GradleWorkerMain.java:74)\nCaused by: java.sql.SQLTransientConnectionException: HikariPool-48 - Connection is not available, request timed out after 10004ms.\n\tat com.zaxxer.hikari.pool.HikariPool.createTimeoutException(HikariPool.java:696)\n\tat com.zaxxer.hikari.pool.HikariPool.getConnection(HikariPool.java:181)\n\tat com.zaxxer.hikari.pool.HikariPool.getConnection(HikariPool.java:146)\n\tat com.zaxxer.hikari.HikariDataSource.getConnection(HikariDataSource.java:100)\n\tat io.airbyte.db.jdbc.DefaultJdbcDatabase.getMetaData(DefaultJdbcDatabase.java:78)\n\t... 92 more\nCaused by: org.postgresql.util.PSQLException: FATAL: password authentication failed for user \"test\"\n\tat org.postgresql.core.v3.ConnectionFactoryImpl.doAuthentication(ConnectionFactoryImpl.java:659)\n\tat org.postgresql.core.v3.ConnectionFactoryImpl.tryConnect(ConnectionFactoryImpl.java:180)\n\tat org.postgresql.core.v3.ConnectionFactoryImpl.openConnectionImpl(ConnectionFactoryImpl.java:235)\n\tat org.postgresql.core.ConnectionFactory.openConnection(ConnectionFactory.java:49)\n\tat org.postgresql.jdbc.PgConnection.<init>(PgConnection.java:247)\n\tat org.postgresql.Driver.makeConnection(Driver.java:434)\n\tat org.postgresql.Driver.connect(Driver.java:291)\n\tat com.zaxxer.hikari.util.DriverDataSource.getConnection(DriverDataSource.java:138)\n\tat com.zaxxer.hikari.pool.PoolBase.newConnection(PoolBase.java:359)\n\tat com.zaxxer.hikari.pool.PoolBase.newPoolEntry(PoolBase.java:201)\n\tat com.zaxxer.hikari.pool.HikariPool.createPoolEntry(HikariPool.java:470)\n\tat com.zaxxer.hikari.pool.HikariPool$PoolEntryCreator.call(HikariPool.java:733)\n\tat com.zaxxer.hikari.pool.HikariPool$PoolEntryCreator.call(HikariPool.java:712)\n\tat java.base/java.util.concurrent.FutureTask.run(FutureTask.java:264)\n\tat java.base/java.util.concurrent.ThreadPoolExecutor.runWorker(ThreadPoolExecutor.java:1136)\n\tat java.base/java.util.concurrent.ThreadPoolExecutor$Worker.run(ThreadPoolExecutor.java:635)\n\tat java.base/java.lang.Thread.run(Thread.java:833)\n","failure_type":"config_error"}}}
{"type":"LOG","log":{"level":"INFO","message":"INFO c.z.h.HikariDataSource(close):350 HikariPool-48 - Shutdown initiated..."}}
{"type":"LOG","log":{"level":"INFO","message":"INFO c.z.h.HikariDataSource(close):352 HikariPool-48 - Shutdown completed."}}
{"type":"LOG","log":{"level":"INFO","message":"INFO c.z.h.HikariDataSource(<init>):80 HikariPool-49 - Starting..."}}
{"type":"LOG","log":{"level":"INFO","message":"INFO c.z.h.HikariDataSource(<init>):82 HikariPool-49 - Start completed."}}
{"type":"LOG","log":{"level":"INFO","message":"INFO c.z.h.HikariDataSource(<init>):80 HikariPool-50 - Starting..."}}
{"type":"LOG","log":{"level":"INFO","message":"INFO c.z.h.HikariDataSource(<init>):82 HikariPool-50 - Start completed."}}
{"type":"LOG","log":{"level":"INFO","message":"INFO i.a.i.s.p.PostgresUtils(isCdc):53 using CDC: false"}}
{"type":"LOG","log":{"level":"INFO","message":"INFO i.a.i.s.r.s.StateManagerFactory(createStateManager):55 Stream state manager selected to manage state object with type STREAM."}}
{"type":"LOG","log":{"level":"INFO","message":"INFO i.a.i.s.r.s.CursorManager(createCursorInfoForStream):169 Found matching cursor in state. Stream: jdbc_integration_test1_wqduh_id_and_name. Cursor Field: last_comment_at Value: 2004-12-12T17:23:54.123456 Count: 1"}}
{"type":"LOG","log":{"level":"INFO","message":"INFO c.z.h.HikariDataSource(<init>):80 HikariPool-51 - Starting..."}}
{"type":"LOG","log":{"level":"INFO","message":"INFO c.z.h.HikariDataSource(<init>):82 HikariPool-51 - Start completed."}}
{"type":"LOG","log":{"level":"INFO","message":"INFO i.a.i.s.p.PostgresUtils(isCdc):53 using CDC: false"}}
{"type":"LOG","log":{"level":"INFO","message":"INFO i.a.i.s.j.AbstractJdbcSource(logPreSyncDebugData):450 Data source product recognized as PostgreSQL:13.11"}}
{"type":"LOG","log":{"level":"INFO","message":"INFO i.a.i.s.p.PostgresSource(logPreSyncDebugData):221 Discovering indexes for schema \"jdbc_integration_test1_wqduh\", table \"id_and_name\""}}
{"type":"LOG","log":{"level":"INFO","message":"INFO i.a.i.s.p.PostgresSource(logPreSyncDebugData):223 Index name: id_and_name_pkey, Column: id, Unique: true"}}
{"type":"LOG","log":{"level":"INFO","message":"INFO i.a.i.s.p.PostgresQueryUtils(logXminStatus):77 Xmin Status : {Number of wraparounds: 0, Xmin Transaction Value: 923, Xmin Raw Value: 923"}}
{"type":"LOG","log":{"level":"INFO","message":"INFO i.a.i.s.j.AbstractJdbcSource(discoverInternal):166 Internal schemas to exclude: [catalog_history, information_schema, pg_catalog, pg_internal]"}}
{"type":"LOG","log":{"level":"INFO","message":"INFO i.a.d.j.s.AdaptiveStreamingQueryConfig(initialize):31 Set initial fetch size: 10 rows"}}
{"type":"LOG","log":{"level":"INFO","message":"INFO i.a.i.s.j.AbstractJdbcSource(discoverInternal):166 Internal schemas to exclude: [catalog_history, information_schema, pg_catalog, pg_internal]"}}
{"type":"LOG","log":{"level":"INFO","message":"INFO i.a.d.j.s.AdaptiveStreamingQueryConfig(initialize):31 Set initial fetch size: 10 rows"}}
{"type":"LOG","log":{"level":"INFO","message":"INFO i.a.i.s.p.PostgresUtils(isCdc):53 using CDC: false"}}
{"type":"LOG","log":{"level":"INFO","message":"INFO i.a.i.s.j.AbstractJdbcSource(queryTableIncremental):320 Queueing query for table: id_and_name"}}
{"type":"LOG","log":{"level":"INFO","message":"INFO i.a.i.s.j.AbstractJdbcSource(lambda$queryTableIncremental$18):327 Preparing query for table: id_and_name"}}
{"type":"LOG","log":{"level":"INFO","message":"INFO i.a.i.s.j.AbstractJdbcSource(lambda$queryTableIncremental$18):337 Table id_and_name cursor count: expected 1, actual 0"}}
{"type":"LOG","log":{"level":"INFO","message":"INFO i.a.i.s.j.AbstractJdbcSource(lambda$queryTableIncremental$18):358 Executing query for table id_and_name: HikariProxyPreparedStatement@678031203 wrapping SELECT \"id\",\"name\",\"updated_at\",\"wakeup_at\",\"last_visited_at\",\"last_comment_at\" FROM \"jdbc_integration_test1_wqduh\".\"id_and_name\" WHERE \"last_comment_at\" >= ? ORDER BY \"last_comment_at\" ASC"}}
{"type":"LOG","log":{"level":"INFO","message":"INFO i.a.d.j.s.AdaptiveStreamingQueryConfig(initialize):31 Set initial fetch size: 10 rows"}}
{"type":"LOG","log":{"level":"INFO","message":"INFO i.a.c.u.CompositeIterator(lambda$emitStartStreamStatus$1):155 STARTING -> jdbc_integration_test1_wqduh_id_and_name"}}
{"type":"TRACE","trace":{"type":"STREAM_STATUS","emitted_at":1.684590349362E12,"stream_status":{"stream_descriptor":{"name":"id_and_name","namespace":"jdbc_integration_test1_wqduh"},"status":"STARTED"}}}
{"type":"LOG","log":{"level":"INFO","message":"INFO i.a.c.u.CompositeIterator(lambda$emitRunningStreamStatus$0):148 RUNNING -> jdbc_integration_test1_wqduh_id_and_name"}}
{"type":"TRACE","trace":{"type":"STREAM_STATUS","emitted_at":1.684590349363E12,"stream_status":{"stream_descriptor":{"name":"id_and_name","namespace":"jdbc_integration_test1_wqduh"},"status":"RUNNING"}}}
{"type":"LOG","log":{"level":"INFO","message":"INFO i.a.c.u.CompositeIterator(lambda$emitCompleteStreamStatus$2):162 COMPLETE -> jdbc_integration_test1_wqduh_id_and_name"}}
{"type":"TRACE","trace":{"type":"STREAM_STATUS","emitted_at":1.684590349372E12,"stream_status":{"stream_descriptor":{"name":"id_and_name","namespace":"jdbc_integration_test1_wqduh"},"status":"COMPLETE"}}}
{"type":"LOG","log":{"level":"INFO","message":"INFO c.z.h.HikariDataSource(<init>):80 HikariPool-52 - Starting..."}}
{"type":"LOG","log":{"level":"INFO","message":"INFO c.z.h.HikariDataSource(<init>):82 HikariPool-52 - Start completed."}}
{"type":"LOG","log":{"level":"INFO","message":"INFO i.a.i.s.p.PostgresUtils(isCdc):53 using CDC: false"}}
{"type":"LOG","log":{"level":"INFO","message":"INFO i.a.i.s.r.s.StateManagerFactory(createStateManager):55 Stream state manager selected to manage state object with type STREAM."}}
{"type":"LOG","log":{"level":"INFO","message":"INFO i.a.i.s.r.s.CursorManager(createCursorInfoForStream):169 Found matching cursor in state. Stream: jdbc_integration_test1_wqduh_id_and_name. Cursor Field: last_visited_at Value: 2005-10-18T17:23:54.123456Z Count: 1"}}
{"type":"LOG","log":{"level":"INFO","message":"INFO c.z.h.HikariDataSource(<init>):80 HikariPool-53 - Starting..."}}
{"type":"LOG","log":{"level":"INFO","message":"INFO c.z.h.HikariDataSource(<init>):82 HikariPool-53 - Start completed."}}
{"type":"LOG","log":{"level":"INFO","message":"INFO i.a.i.s.p.PostgresUtils(isCdc):53 using CDC: false"}}
{"type":"LOG","log":{"level":"INFO","message":"INFO i.a.i.s.j.AbstractJdbcSource(logPreSyncDebugData):450 Data source product recognized as PostgreSQL:13.11"}}
{"type":"LOG","log":{"level":"INFO","message":"INFO i.a.i.s.p.PostgresSource(logPreSyncDebugData):221 Discovering indexes for schema \"jdbc_integration_test1_wqduh\", table \"id_and_name\""}}
{"type":"LOG","log":{"level":"INFO","message":"INFO i.a.i.s.p.PostgresSource(logPreSyncDebugData):223 Index name: id_and_name_pkey, Column: id, Unique: true"}}
{"type":"LOG","log":{"level":"INFO","message":"INFO i.a.i.s.p.PostgresQueryUtils(logXminStatus):77 Xmin Status : {Number of wraparounds: 0, Xmin Transaction Value: 938, Xmin Raw Value: 938"}}
{"type":"LOG","log":{"level":"INFO","message":"INFO i.a.i.s.j.AbstractJdbcSource(discoverInternal):166 Internal schemas to exclude: [catalog_history, information_schema, pg_catalog, pg_internal]"}}
{"type":"LOG","log":{"level":"INFO","message":"INFO i.a.d.j.s.AdaptiveStreamingQueryConfig(initialize):31 Set initial fetch size: 10 rows"}}
{"type":"LOG","log":{"level":"INFO","message":"INFO i.a.i.s.j.AbstractJdbcSource(discoverInternal):166 Internal schemas to exclude: [catalog_history, information_schema, pg_catalog, pg_internal]"}}
{"type":"LOG","log":{"level":"INFO","message":"INFO i.a.d.j.s.AdaptiveStreamingQueryConfig(initialize):31 Set initial fetch size: 10 rows"}}
{"type":"LOG","log":{"level":"INFO","message":"INFO i.a.i.s.p.PostgresUtils(isCdc):53 using CDC: false"}}
{"type":"LOG","log":{"level":"INFO","message":"INFO i.a.i.s.j.AbstractJdbcSource(queryTableIncremental):320 Queueing query for table: id_and_name"}}
{"type":"LOG","log":{"level":"INFO","message":"INFO i.a.i.s.j.AbstractJdbcSource(lambda$queryTableIncremental$18):327 Preparing query for table: id_and_name"}}
{"type":"LOG","log":{"level":"INFO","message":"INFO i.a.i.s.j.AbstractJdbcSource(lambda$queryTableIncremental$18):337 Table id_and_name cursor count: expected 1, actual 0"}}
{"type":"LOG","log":{"level":"INFO","message":"INFO i.a.i.s.j.AbstractJdbcSource(lambda$queryTableIncremental$18):358 Executing query for table id_and_name: HikariProxyPreparedStatement@838750568 wrapping SELECT \"id\",\"name\",\"updated_at\",\"wakeup_at\",\"last_visited_at\",\"last_comment_at\" FROM \"jdbc_integration_test1_wqduh\".\"id_and_name\" WHERE \"last_visited_at\" >= ? ORDER BY \"last_visited_at\" ASC"}}
{"type":"LOG","log":{"level":"INFO","message":"INFO i.a.d.j.s.AdaptiveStreamingQueryConfig(initialize):31 Set initial fetch size: 10 rows"}}
{"type":"LOG","log":{"level":"INFO","message":"INFO i.a.c.u.CompositeIterator(lambda$emitStartStreamStatus$1):155 STARTING -> jdbc_integration_test1_wqduh_id_and_name"}}
{"type":"TRACE","trace":{"type":"STREAM_STATUS","emitted_at":1.684590350245E12,"stream_status":{"stream_descriptor":{"name":"id_and_name","namespace":"jdbc_integration_test1_wqduh"},"status":"STARTED"}}}
{"type":"LOG","log":{"level":"INFO","message":"INFO i.a.c.u.CompositeIterator(lambda$emitRunningStreamStatus$0):148 RUNNING -> jdbc_integration_test1_wqduh_id_and_name"}}
{"type":"TRACE","trace":{"type":"STREAM_STATUS","emitted_at":1.684590350246E12,"stream_status":{"stream_descriptor":{"name":"id_and_name","namespace":"jdbc_integration_test1_wqduh"},"status":"RUNNING"}}}
{"type":"LOG","log":{"level":"INFO","message":"INFO i.a.c.u.CompositeIterator(lambda$emitCompleteStreamStatus$2):162 COMPLETE -> jdbc_integration_test1_wqduh_id_and_name"}}
{"type":"TRACE","trace":{"type":"STREAM_STATUS","emitted_at":1.68459035025E12,"stream_status":{"stream_descriptor":{"name":"id_and_name","namespace":"jdbc_integration_test1_wqduh"},"status":"COMPLETE"}}}
{"type":"LOG","log":{"level":"INFO","message":"INFO c.z.h.HikariDataSource(<init>):80 HikariPool-54 - Starting..."}}
{"type":"LOG","log":{"level":"INFO","message":"INFO c.z.h.HikariDataSource(<init>):82 HikariPool-54 - Start completed."}}
{"type":"LOG","log":{"level":"INFO","message":"INFO i.a.i.s.p.PostgresUtils(isCdc):53 using CDC: false"}}
{"type":"LOG","log":{"level":"INFO","message":"INFO c.z.h.HikariDataSource(<init>):80 HikariPool-55 - Starting..."}}
{"type":"LOG","log":{"level":"INFO","message":"INFO c.z.h.HikariDataSource(<init>):82 HikariPool-55 - Start completed."}}
{"type":"TRACE","trace":{"type":"ERROR","emitted_at":1.684590360934E12,"error":{"message":"State code: 42501; Message: FATAL: permission denied for database \"new_db\"\n  Detail: User does not have CONNECT privilege.","internal_message":"io.airbyte.commons.exceptions.ConnectionErrorException: java.sql.SQLTransientConnectionException: HikariPool-55 - Connection is not available, request timed out after 10004ms.","stack_trace":"io.airbyte.commons.exceptions.ConnectionErrorException: java.sql.SQLTransientConnectionException: HikariPool-55 - Connection is not available, request timed out after 10004ms.\n\tat io.airbyte.db.jdbc.DefaultJdbcDatabase.getMetaData(DefaultJdbcDatabase.java:87)\n\tat io.airbyte.integrations.source.jdbc.AbstractJdbcSource.createDatabase(AbstractJdbcSource.java:434)\n\tat io.airbyte.integrations.source.postgres.PostgresSource.createDatabase(PostgresSource.java:257)\n\tat io.airbyte.integrations.source.postgres.PostgresSource.createDatabase(PostgresSource.java:96)\n\tat io.airbyte.integrations.source.relationaldb.AbstractDbSource.check(AbstractDbSource.java:85)\n\tat io.airbyte.integrations.source.postgres.PostgresSource.check(PostgresSource.java:527)\n\tat io.airbyte.integrations.source.postgres.PostgresJdbcSourceAcceptanceTest.testUserHasNoPermissionToDataBase(PostgresJdbcSourceAcceptanceTest.java:521)\n\tat java.base/jdk.internal.reflect.NativeMethodAccessorImpl.invoke0(Native Method)\n\tat java.base/jdk.internal.reflect.NativeMethodAccessorImpl.invoke(NativeMethodAccessorImpl.java:77)\n\tat java.base/jdk.internal.reflect.DelegatingMethodAccessorImpl.invoke(DelegatingMethodAccessorImpl.java:43)\n\tat java.base/java.lang.reflect.Method.invoke(Method.java:568)\n\tat org.junit.platform.commons.util.ReflectionUtils.invokeMethod(ReflectionUtils.java:727)\n\tat org.junit.jupiter.engine.execution.MethodInvocation.proceed(MethodInvocation.java:60)\n\tat org.junit.jupiter.engine.execution.InvocationInterceptorChain$ValidatingInvocation.proceed(InvocationInterceptorChain.java:131)\n\tat org.junit.jupiter.engine.extension.TimeoutExtension.intercept(TimeoutExtension.java:156)\n\tat org.junit.jupiter.engine.extension.TimeoutExtension.interceptTestableMethod(TimeoutExtension.java:147)\n\tat org.junit.jupiter.engine.extension.TimeoutExtension.interceptTestMethod(TimeoutExtension.java:86)\n\tat org.junit.jupiter.engine.execution.InterceptingExecutableInvoker$ReflectiveInterceptorCall.lambda$ofVoidMethod$0(InterceptingExecutableInvoker.java:103)\n\tat org.junit.jupiter.engine.execution.InterceptingExecutableInvoker.lambda$invoke$0(InterceptingExecutableInvoker.java:93)\n\tat org.junit.jupiter.engine.execution.InvocationInterceptorChain$InterceptedInvocation.proceed(InvocationInterceptorChain.java:106)\n\tat org.junit.jupiter.engine.execution.InvocationInterceptorChain.proceed(InvocationInterceptorChain.java:64)\n\tat org.junit.jupiter.engine.execution.InvocationInterceptorChain.chainAndInvoke(InvocationInterceptorChain.java:45)\n\tat org.junit.jupiter.engine.execution.InvocationInterceptorChain.invoke(InvocationInterceptorChain.java:37)\n\tat org.junit.jupiter.engine.execution.InterceptingExecutableInvoker.invoke(InterceptingExecutableInvoker.java:92)\n\tat org.junit.jupiter.engine.execution.InterceptingExecutableInvoker.invoke(InterceptingExecutableInvoker.java:86)\n\tat org.junit.jupiter.engine.descriptor.TestMethodTestDescriptor.lambda$invokeTestMethod$7(TestMethodTestDescriptor.java:217)\n\tat org.junit.platform.engine.support.hierarchical.ThrowableCollector.execute(ThrowableCollector.java:73)\n\tat org.junit.jupiter.engine.descriptor.TestMethodTestDescriptor.invokeTestMethod(TestMethodTestDescriptor.java:213)\n\tat org.junit.jupiter.engine.descriptor.TestMethodTestDescriptor.execute(TestMethodTestDescriptor.java:138)\n\tat org.junit.jupiter.engine.descriptor.TestMethodTestDescriptor.execute(TestMethodTestDescriptor.java:68)\n\tat org.junit.platform.engine.support.hierarchical.NodeTestTask.lambda$executeRecursively$6(NodeTestTask.java:151)\n\tat org.junit.platform.engine.support.hierarchical.ThrowableCollector.execute(ThrowableCollector.java:73)\n\tat org.junit.platform.engine.support.hierarchical.NodeTestTask.lambda$executeRecursively$8(NodeTestTask.java:141)\n\tat org.junit.platform.engine.support.hierarchical.Node.around(Node.java:137)\n\tat org.junit.platform.engine.support.hierarchical.NodeTestTask.lambda$executeRecursively$9(NodeTestTask.java:139)\n\tat org.junit.platform.engine.support.hierarchical.ThrowableCollector.execute(ThrowableCollector.java:73)\n\tat org.junit.platform.engine.support.hierarchical.NodeTestTask.executeRecursively(NodeTestTask.java:138)\n\tat org.junit.platform.engine.support.hierarchical.NodeTestTask.execute(NodeTestTask.java:95)\n\tat java.base/java.util.ArrayList.forEach(ArrayList.java:1511)\n\tat org.junit.platform.engine.support.hierarchical.SameThreadHierarchicalTestExecutorService.invokeAll(SameThreadHierarchicalTestExecutorService.java:41)\n\tat org.junit.platform.engine.support.hierarchical.NodeTestTask.lambda$executeRecursively$6(NodeTestTask.java:155)\n\tat org.junit.platform.engine.support.hierarchical.ThrowableCollector.execute(ThrowableCollector.java:73)\n\tat org.junit.platform.engine.support.hierarchical.NodeTestTask.lambda$executeRecursively$8(NodeTestTask.java:141)\n\tat org.junit.platform.engine.support.hierarchical.Node.around(Node.java:137)\n\tat org.junit.platform.engine.support.hierarchical.NodeTestTask.lambda$executeRecursively$9(NodeTestTask.java:139)\n\tat org.junit.platform.engine.support.hierarchical.ThrowableCollector.execute(ThrowableCollector.java:73)\n\tat org.junit.platform.engine.support.hierarchical.NodeTestTask.executeRecursively(NodeTestTask.java:138)\n\tat org.junit.platform.engine.support.hierarchical.NodeTestTask.execute(NodeTestTask.java:95)\n\tat java.base/java.util.ArrayList.forEach(ArrayList.java:1511)\n\tat org.junit.platform.engine.support.hierarchical.SameThreadHierarchicalTestExecutorService.invokeAll(SameThreadHierarchicalTestExecutorService.java:41)\n\tat org.junit.platform.engine.support.hierarchical.NodeTestTask.lambda$executeRecursively$6(NodeTestTask.java:155)\n\tat org.junit.platform.engine.support.hierarchical.ThrowableCollector.execute(ThrowableCollector.java:73)\n\tat org.junit.platform.engine.support.hierarchical.NodeTestTask.lambda$executeRecursively$8(NodeTestTask.java:141)\n\tat org.junit.platform.engine.support.hierarchical.Node.around(Node.java:137)\n\tat org.junit.platform.engine.support.hierarchical.NodeTestTask.lambda$executeRecursively$9(NodeTestTask.java:139)\n\tat org.junit.platform.engine.support.hierarchical.ThrowableCollector.execute(ThrowableCollector.java:73)\n\tat org.junit.platform.engine.support.hierarchical.NodeTestTask.executeRecursively(NodeTestTask.java:138)\n\tat org.junit.platform.engine.support.hierarchical.NodeTestTask.execute(NodeTestTask.java:95)\n\tat org.junit.platform.engine.support.hierarchical.SameThreadHierarchicalTestExecutorService.submit(SameThreadHierarchicalTestExecutorService.java:35)\n\tat org.junit.platform.engine.support.hierarchical.HierarchicalTestExecutor.execute(HierarchicalTestExecutor.java:57)\n\tat org.junit.platform.engine.support.hierarchical.HierarchicalTestEngine.execute(HierarchicalTestEngine.java:54)\n\tat org.junit.platform.launcher.core.EngineExecutionOrchestrator.execute(EngineExecutionOrchestrator.java:147)\n\tat org.junit.platform.launcher.core.EngineExecutionOrchestrator.execute(EngineExecutionOrchestrator.java:127)\n\tat org.junit.platform.launcher.core.EngineExecutionOrchestrator.execute(EngineExecutionOrchestrator.java:90)\n\tat org.junit.platform.launcher.core.EngineExecutionOrchestrator.lambda$execute$0(EngineExecutionOrchestrator.java:55)\n\tat org.junit.platform.launcher.core.EngineExecutionOrchestrator.withInterceptedStreams(EngineExecutionOrchestrator.java:102)\n\tat org.junit.platform.launcher.core.EngineExecutionOrchestrator.execute(EngineExecutionOrchestrator.java:54)\n\tat org.junit.platform.launcher.core.DefaultLauncher.execute(DefaultLauncher.java:114)\n\tat org.junit.platform.launcher.core.DefaultLauncher.execute(DefaultLauncher.java:86)\n\tat org.junit.platform.launcher.core.DefaultLauncherSession$DelegatingLauncher.execute(DefaultLauncherSession.java:86)\n\tat org.junit.platform.launcher.core.SessionPerRequestLauncher.execute(SessionPerRequestLauncher.java:53)\n\tat org.gradle.api.internal.tasks.testing.junitplatform.JUnitPlatformTestClassProcessor$CollectAllTestClassesExecutor.processAllTestClasses(JUnitPlatformTestClassProcessor.java:99)\n\tat org.gradle.api.internal.tasks.testing.junitplatform.JUnitPlatformTestClassProcessor$CollectAllTestClassesExecutor.access$000(JUnitPlatformTestClassProcessor.java:79)\n\tat org.gradle.api.internal.tasks.testing.junitplatform.JUnitPlatformTestClassProcessor.stop(JUnitPlatformTestClassProcessor.java:75)\n\tat org.gradle.api.internal.tasks.testing.SuiteTestClassProcessor.stop(SuiteTestClassProcessor.java:62)\n\tat java.base/jdk.internal.reflect.NativeMethodAccessorImpl.invoke0(Native Method)\n\tat java.base/jdk.internal.reflect.NativeMethodAccessorImpl.invoke(NativeMethodAccessorImpl.java:77)\n\tat java.base/jdk.internal.reflect.DelegatingMethodAccessorImpl.invoke(DelegatingMethodAccessorImpl.java:43)\n\tat java.base/java.lang.reflect.Method.invoke(Method.java:568)\n\tat org.gradle.internal.dispatch.ReflectionDispatch.dispatch(ReflectionDispatch.java:36)\n\tat org.gradle.internal.dispatch.ReflectionDispatch.dispatch(ReflectionDispatch.java:24)\n\tat org.gradle.internal.dispatch.ContextClassLoaderDispatch.dispatch(ContextClassLoaderDispatch.java:33)\n\tat org.gradle.internal.dispatch.ProxyDispatchAdapter$DispatchingInvocationHandler.invoke(ProxyDispatchAdapter.java:94)\n\tat jdk.proxy2/jdk.proxy2.$Proxy5.stop(Unknown Source)\n\tat org.gradle.api.internal.tasks.testing.worker.TestWorker$3.run(TestWorker.java:193)\n\tat org.gradle.api.internal.tasks.testing.worker.TestWorker.executeAndMaintainThreadName(TestWorker.java:129)\n\tat org.gradle.api.internal.tasks.testing.worker.TestWorker.execute(TestWorker.java:100)\n\tat org.gradle.api.internal.tasks.testing.worker.TestWorker.execute(TestWorker.java:60)\n\tat org.gradle.process.internal.worker.child.ActionExecutionWorker.execute(ActionExecutionWorker.java:56)\n\tat org.gradle.process.internal.worker.child.SystemApplicationClassLoaderWorker.call(SystemApplicationClassLoaderWorker.java:113)\n\tat org.gradle.process.internal.worker.child.SystemApplicationClassLoaderWorker.call(SystemApplicationClassLoaderWorker.java:65)\n\tat worker.org.gradle.process.internal.worker.GradleWorkerMain.run(GradleWorkerMain.java:69)\n\tat worker.org.gradle.process.internal.worker.GradleWorkerMain.main(GradleWorkerMain.java:74)\nCaused by: java.sql.SQLTransientConnectionException: HikariPool-55 - Connection is not available, request timed out after 10004ms.\n\tat com.zaxxer.hikari.pool.HikariPool.createTimeoutException(HikariPool.java:696)\n\tat com.zaxxer.hikari.pool.HikariPool.getConnection(HikariPool.java:181)\n\tat com.zaxxer.hikari.pool.HikariPool.getConnection(HikariPool.java:146)\n\tat com.zaxxer.hikari.HikariDataSource.getConnection(HikariDataSource.java:100)\n\tat io.airbyte.db.jdbc.DefaultJdbcDatabase.getMetaData(DefaultJdbcDatabase.java:78)\n\t... 92 more\nCaused by: org.postgresql.util.PSQLException: FATAL: permission denied for database \"new_db\"\n  Detail: User does not have CONNECT privilege.\n\tat org.postgresql.core.v3.QueryExecutorImpl.receiveErrorResponse(QueryExecutorImpl.java:2676)\n\tat org.postgresql.core.v3.QueryExecutorImpl.readStartupMessages(QueryExecutorImpl.java:2788)\n\tat org.postgresql.core.v3.QueryExecutorImpl.<init>(QueryExecutorImpl.java:174)\n\tat org.postgresql.core.v3.ConnectionFactoryImpl.openConnectionImpl(ConnectionFactoryImpl.java:290)\n\tat org.postgresql.core.ConnectionFactory.openConnection(ConnectionFactory.java:49)\n\tat org.postgresql.jdbc.PgConnection.<init>(PgConnection.java:247)\n\tat org.postgresql.Driver.makeConnection(Driver.java:434)\n\tat org.postgresql.Driver.connect(Driver.java:291)\n\tat com.zaxxer.hikari.util.DriverDataSource.getConnection(DriverDataSource.java:138)\n\tat com.zaxxer.hikari.pool.PoolBase.newConnection(PoolBase.java:359)\n\tat com.zaxxer.hikari.pool.PoolBase.newPoolEntry(PoolBase.java:201)\n\tat com.zaxxer.hikari.pool.HikariPool.createPoolEntry(HikariPool.java:470)\n\tat com.zaxxer.hikari.pool.HikariPool$PoolEntryCreator.call(HikariPool.java:733)\n\tat com.zaxxer.hikari.pool.HikariPool$PoolEntryCreator.call(HikariPool.java:712)\n\tat java.base/java.util.concurrent.FutureTask.run(FutureTask.java:264)\n\tat java.base/java.util.concurrent.ThreadPoolExecutor.runWorker(ThreadPoolExecutor.java:1136)\n\tat java.base/java.util.concurrent.ThreadPoolExecutor$Worker.run(ThreadPoolExecutor.java:635)\n\tat java.base/java.lang.Thread.run(Thread.java:833)\n","failure_type":"config_error"}}}
{"type":"LOG","log":{"level":"INFO","message":"INFO c.z.h.HikariDataSource(close):350 HikariPool-55 - Shutdown initiated..."}}
{"type":"LOG","log":{"level":"INFO","message":"INFO c.z.h.HikariDataSource(close):352 HikariPool-55 - Shutdown completed."}}
{"type":"LOG","log":{"level":"INFO","message":"INFO c.z.h.HikariDataSource(<init>):80 HikariPool-56 - Starting..."}}
{"type":"LOG","log":{"level":"INFO","message":"INFO c.z.h.HikariDataSource(<init>):82 HikariPool-56 - Start completed."}}
{"type":"LOG","log":{"level":"INFO","message":"INFO i.a.i.s.p.PostgresUtils(isCdc):53 using CDC: false"}}
{"type":"LOG","log":{"level":"INFO","message":"INFO c.z.h.HikariDataSource(<init>):80 HikariPool-57 - Starting..."}}
{"type":"LOG","log":{"level":"INFO","message":"INFO c.z.h.HikariDataSource(<init>):82 HikariPool-57 - Start completed."}}
{"type":"TRACE","trace":{"type":"ERROR","emitted_at":1.684590371934E12,"error":{"message":"State code: 08001; Message: The connection attempt failed.","internal_message":"io.airbyte.commons.exceptions.ConnectionErrorException: java.sql.SQLTransientConnectionException: HikariPool-57 - Connection is not available, request timed out after 10002ms.","stack_trace":"io.airbyte.commons.exceptions.ConnectionErrorException: java.sql.SQLTransientConnectionException: HikariPool-57 - Connection is not available, request timed out after 10002ms.\n\tat io.airbyte.db.jdbc.DefaultJdbcDatabase.getMetaData(DefaultJdbcDatabase.java:87)\n\tat io.airbyte.integrations.source.jdbc.AbstractJdbcSource.createDatabase(AbstractJdbcSource.java:434)\n\tat io.airbyte.integrations.source.postgres.PostgresSource.createDatabase(PostgresSource.java:257)\n\tat io.airbyte.integrations.source.postgres.PostgresSource.createDatabase(PostgresSource.java:96)\n\tat io.airbyte.integrations.source.relationaldb.AbstractDbSource.check(AbstractDbSource.java:85)\n\tat io.airbyte.integrations.source.postgres.PostgresSource.check(PostgresSource.java:527)\n\tat io.airbyte.integrations.source.postgres.PostgresJdbcSourceAcceptanceTest.testCheckIncorrectHostFailure(PostgresJdbcSourceAcceptanceTest.java:488)\n\tat java.base/jdk.internal.reflect.NativeMethodAccessorImpl.invoke0(Native Method)\n\tat java.base/jdk.internal.reflect.NativeMethodAccessorImpl.invoke(NativeMethodAccessorImpl.java:77)\n\tat java.base/jdk.internal.reflect.DelegatingMethodAccessorImpl.invoke(DelegatingMethodAccessorImpl.java:43)\n\tat java.base/java.lang.reflect.Method.invoke(Method.java:568)\n\tat org.junit.platform.commons.util.ReflectionUtils.invokeMethod(ReflectionUtils.java:727)\n\tat org.junit.jupiter.engine.execution.MethodInvocation.proceed(MethodInvocation.java:60)\n\tat org.junit.jupiter.engine.execution.InvocationInterceptorChain$ValidatingInvocation.proceed(InvocationInterceptorChain.java:131)\n\tat org.junit.jupiter.engine.extension.TimeoutExtension.intercept(TimeoutExtension.java:156)\n\tat org.junit.jupiter.engine.extension.TimeoutExtension.interceptTestableMethod(TimeoutExtension.java:147)\n\tat org.junit.jupiter.engine.extension.TimeoutExtension.interceptTestMethod(TimeoutExtension.java:86)\n\tat org.junit.jupiter.engine.execution.InterceptingExecutableInvoker$ReflectiveInterceptorCall.lambda$ofVoidMethod$0(InterceptingExecutableInvoker.java:103)\n\tat org.junit.jupiter.engine.execution.InterceptingExecutableInvoker.lambda$invoke$0(InterceptingExecutableInvoker.java:93)\n\tat org.junit.jupiter.engine.execution.InvocationInterceptorChain$InterceptedInvocation.proceed(InvocationInterceptorChain.java:106)\n\tat org.junit.jupiter.engine.execution.InvocationInterceptorChain.proceed(InvocationInterceptorChain.java:64)\n\tat org.junit.jupiter.engine.execution.InvocationInterceptorChain.chainAndInvoke(InvocationInterceptorChain.java:45)\n\tat org.junit.jupiter.engine.execution.InvocationInterceptorChain.invoke(InvocationInterceptorChain.java:37)\n\tat org.junit.jupiter.engine.execution.InterceptingExecutableInvoker.invoke(InterceptingExecutableInvoker.java:92)\n\tat org.junit.jupiter.engine.execution.InterceptingExecutableInvoker.invoke(InterceptingExecutableInvoker.java:86)\n\tat org.junit.jupiter.engine.descriptor.TestMethodTestDescriptor.lambda$invokeTestMethod$7(TestMethodTestDescriptor.java:217)\n\tat org.junit.platform.engine.support.hierarchical.ThrowableCollector.execute(ThrowableCollector.java:73)\n\tat org.junit.jupiter.engine.descriptor.TestMethodTestDescriptor.invokeTestMethod(TestMethodTestDescriptor.java:213)\n\tat org.junit.jupiter.engine.descriptor.TestMethodTestDescriptor.execute(TestMethodTestDescriptor.java:138)\n\tat org.junit.jupiter.engine.descriptor.TestMethodTestDescriptor.execute(TestMethodTestDescriptor.java:68)\n\tat org.junit.platform.engine.support.hierarchical.NodeTestTask.lambda$executeRecursively$6(NodeTestTask.java:151)\n\tat org.junit.platform.engine.support.hierarchical.ThrowableCollector.execute(ThrowableCollector.java:73)\n\tat org.junit.platform.engine.support.hierarchical.NodeTestTask.lambda$executeRecursively$8(NodeTestTask.java:141)\n\tat org.junit.platform.engine.support.hierarchical.Node.around(Node.java:137)\n\tat org.junit.platform.engine.support.hierarchical.NodeTestTask.lambda$executeRecursively$9(NodeTestTask.java:139)\n\tat org.junit.platform.engine.support.hierarchical.ThrowableCollector.execute(ThrowableCollector.java:73)\n\tat org.junit.platform.engine.support.hierarchical.NodeTestTask.executeRecursively(NodeTestTask.java:138)\n\tat org.junit.platform.engine.support.hierarchical.NodeTestTask.execute(NodeTestTask.java:95)\n\tat java.base/java.util.ArrayList.forEach(ArrayList.java:1511)\n\tat org.junit.platform.engine.support.hierarchical.SameThreadHierarchicalTestExecutorService.invokeAll(SameThreadHierarchicalTestExecutorService.java:41)\n\tat org.junit.platform.engine.support.hierarchical.NodeTestTask.lambda$executeRecursively$6(NodeTestTask.java:155)\n\tat org.junit.platform.engine.support.hierarchical.ThrowableCollector.execute(ThrowableCollector.java:73)\n\tat org.junit.platform.engine.support.hierarchical.NodeTestTask.lambda$executeRecursively$8(NodeTestTask.java:141)\n\tat org.junit.platform.engine.support.hierarchical.Node.around(Node.java:137)\n\tat org.junit.platform.engine.support.hierarchical.NodeTestTask.lambda$executeRecursively$9(NodeTestTask.java:139)\n\tat org.junit.platform.engine.support.hierarchical.ThrowableCollector.execute(ThrowableCollector.java:73)\n\tat org.junit.platform.engine.support.hierarchical.NodeTestTask.executeRecursively(NodeTestTask.java:138)\n\tat org.junit.platform.engine.support.hierarchical.NodeTestTask.execute(NodeTestTask.java:95)\n\tat java.base/java.util.ArrayList.forEach(ArrayList.java:1511)\n\tat org.junit.platform.engine.support.hierarchical.SameThreadHierarchicalTestExecutorService.invokeAll(SameThreadHierarchicalTestExecutorService.java:41)\n\tat org.junit.platform.engine.support.hierarchical.NodeTestTask.lambda$executeRecursively$6(NodeTestTask.java:155)\n\tat org.junit.platform.engine.support.hierarchical.ThrowableCollector.execute(ThrowableCollector.java:73)\n\tat org.junit.platform.engine.support.hierarchical.NodeTestTask.lambda$executeRecursively$8(NodeTestTask.java:141)\n\tat org.junit.platform.engine.support.hierarchical.Node.around(Node.java:137)\n\tat org.junit.platform.engine.support.hierarchical.NodeTestTask.lambda$executeRecursively$9(NodeTestTask.java:139)\n\tat org.junit.platform.engine.support.hierarchical.ThrowableCollector.execute(ThrowableCollector.java:73)\n\tat org.junit.platform.engine.support.hierarchical.NodeTestTask.executeRecursively(NodeTestTask.java:138)\n\tat org.junit.platform.engine.support.hierarchical.NodeTestTask.execute(NodeTestTask.java:95)\n\tat org.junit.platform.engine.support.hierarchical.SameThreadHierarchicalTestExecutorService.submit(SameThreadHierarchicalTestExecutorService.java:35)\n\tat org.junit.platform.engine.support.hierarchical.HierarchicalTestExecutor.execute(HierarchicalTestExecutor.java:57)\n\tat org.junit.platform.engine.support.hierarchical.HierarchicalTestEngine.execute(HierarchicalTestEngine.java:54)\n\tat org.junit.platform.launcher.core.EngineExecutionOrchestrator.execute(EngineExecutionOrchestrator.java:147)\n\tat org.junit.platform.launcher.core.EngineExecutionOrchestrator.execute(EngineExecutionOrchestrator.java:127)\n\tat org.junit.platform.launcher.core.EngineExecutionOrchestrator.execute(EngineExecutionOrchestrator.java:90)\n\tat org.junit.platform.launcher.core.EngineExecutionOrchestrator.lambda$execute$0(EngineExecutionOrchestrator.java:55)\n\tat org.junit.platform.launcher.core.EngineExecutionOrchestrator.withInterceptedStreams(EngineExecutionOrchestrator.java:102)\n\tat org.junit.platform.launcher.core.EngineExecutionOrchestrator.execute(EngineExecutionOrchestrator.java:54)\n\tat org.junit.platform.launcher.core.DefaultLauncher.execute(DefaultLauncher.java:114)\n\tat org.junit.platform.launcher.core.DefaultLauncher.execute(DefaultLauncher.java:86)\n\tat org.junit.platform.launcher.core.DefaultLauncherSession$DelegatingLauncher.execute(DefaultLauncherSession.java:86)\n\tat org.junit.platform.launcher.core.SessionPerRequestLauncher.execute(SessionPerRequestLauncher.java:53)\n\tat org.gradle.api.internal.tasks.testing.junitplatform.JUnitPlatformTestClassProcessor$CollectAllTestClassesExecutor.processAllTestClasses(JUnitPlatformTestClassProcessor.java:99)\n\tat org.gradle.api.internal.tasks.testing.junitplatform.JUnitPlatformTestClassProcessor$CollectAllTestClassesExecutor.access$000(JUnitPlatformTestClassProcessor.java:79)\n\tat org.gradle.api.internal.tasks.testing.junitplatform.JUnitPlatformTestClassProcessor.stop(JUnitPlatformTestClassProcessor.java:75)\n\tat org.gradle.api.internal.tasks.testing.SuiteTestClassProcessor.stop(SuiteTestClassProcessor.java:62)\n\tat java.base/jdk.internal.reflect.NativeMethodAccessorImpl.invoke0(Native Method)\n\tat java.base/jdk.internal.reflect.NativeMethodAccessorImpl.invoke(NativeMethodAccessorImpl.java:77)\n\tat java.base/jdk.internal.reflect.DelegatingMethodAccessorImpl.invoke(DelegatingMethodAccessorImpl.java:43)\n\tat java.base/java.lang.reflect.Method.invoke(Method.java:568)\n\tat org.gradle.internal.dispatch.ReflectionDispatch.dispatch(ReflectionDispatch.java:36)\n\tat org.gradle.internal.dispatch.ReflectionDispatch.dispatch(ReflectionDispatch.java:24)\n\tat org.gradle.internal.dispatch.ContextClassLoaderDispatch.dispatch(ContextClassLoaderDispatch.java:33)\n\tat org.gradle.internal.dispatch.ProxyDispatchAdapter$DispatchingInvocationHandler.invoke(ProxyDispatchAdapter.java:94)\n\tat jdk.proxy2/jdk.proxy2.$Proxy5.stop(Unknown Source)\n\tat org.gradle.api.internal.tasks.testing.worker.TestWorker$3.run(TestWorker.java:193)\n\tat org.gradle.api.internal.tasks.testing.worker.TestWorker.executeAndMaintainThreadName(TestWorker.java:129)\n\tat org.gradle.api.internal.tasks.testing.worker.TestWorker.execute(TestWorker.java:100)\n\tat org.gradle.api.internal.tasks.testing.worker.TestWorker.execute(TestWorker.java:60)\n\tat org.gradle.process.internal.worker.child.ActionExecutionWorker.execute(ActionExecutionWorker.java:56)\n\tat org.gradle.process.internal.worker.child.SystemApplicationClassLoaderWorker.call(SystemApplicationClassLoaderWorker.java:113)\n\tat org.gradle.process.internal.worker.child.SystemApplicationClassLoaderWorker.call(SystemApplicationClassLoaderWorker.java:65)\n\tat worker.org.gradle.process.internal.worker.GradleWorkerMain.run(GradleWorkerMain.java:69)\n\tat worker.org.gradle.process.internal.worker.GradleWorkerMain.main(GradleWorkerMain.java:74)\nCaused by: java.sql.SQLTransientConnectionException: HikariPool-57 - Connection is not available, request timed out after 10002ms.\n\tat com.zaxxer.hikari.pool.HikariPool.createTimeoutException(HikariPool.java:696)\n\tat com.zaxxer.hikari.pool.HikariPool.getConnection(HikariPool.java:181)\n\tat com.zaxxer.hikari.pool.HikariPool.getConnection(HikariPool.java:146)\n\tat com.zaxxer.hikari.HikariDataSource.getConnection(HikariDataSource.java:100)\n\tat io.airbyte.db.jdbc.DefaultJdbcDatabase.getMetaData(DefaultJdbcDatabase.java:78)\n\t... 92 more\nCaused by: org.postgresql.util.PSQLException: The connection attempt failed.\n\tat org.postgresql.core.v3.ConnectionFactoryImpl.openConnectionImpl(ConnectionFactoryImpl.java:331)\n\tat org.postgresql.core.ConnectionFactory.openConnection(ConnectionFactory.java:49)\n\tat org.postgresql.jdbc.PgConnection.<init>(PgConnection.java:247)\n\tat org.postgresql.Driver.makeConnection(Driver.java:434)\n\tat org.postgresql.Driver.connect(Driver.java:291)\n\tat com.zaxxer.hikari.util.DriverDataSource.getConnection(DriverDataSource.java:138)\n\tat com.zaxxer.hikari.pool.PoolBase.newConnection(PoolBase.java:359)\n\tat com.zaxxer.hikari.pool.PoolBase.newPoolEntry(PoolBase.java:201)\n\tat com.zaxxer.hikari.pool.HikariPool.createPoolEntry(HikariPool.java:470)\n\tat com.zaxxer.hikari.pool.HikariPool$PoolEntryCreator.call(HikariPool.java:733)\n\tat com.zaxxer.hikari.pool.HikariPool$PoolEntryCreator.call(HikariPool.java:712)\n\tat java.base/java.util.concurrent.FutureTask.run(FutureTask.java:264)\n\tat java.base/java.util.concurrent.ThreadPoolExecutor.runWorker(ThreadPoolExecutor.java:1136)\n\tat java.base/java.util.concurrent.ThreadPoolExecutor$Worker.run(ThreadPoolExecutor.java:635)\n\tat java.base/java.lang.Thread.run(Thread.java:833)\nCaused by: java.net.UnknownHostException: localhost2\n\tat java.base/sun.nio.ch.NioSocketImpl.connect(NioSocketImpl.java:567)\n\tat java.base/java.net.SocksSocketImpl.connect(SocksSocketImpl.java:327)\n\tat java.base/java.net.Socket.connect(Socket.java:633)\n\tat org.postgresql.core.PGStream.createSocket(PGStream.java:241)\n\tat org.postgresql.core.PGStream.<init>(PGStream.java:98)\n\tat org.postgresql.core.v3.ConnectionFactoryImpl.tryConnect(ConnectionFactoryImpl.java:109)\n\tat org.postgresql.core.v3.ConnectionFactoryImpl.openConnectionImpl(ConnectionFactoryImpl.java:235)\n\t... 14 more\n","failure_type":"config_error"}}}
{"type":"LOG","log":{"level":"INFO","message":"INFO c.z.h.HikariDataSource(close):350 HikariPool-57 - Shutdown initiated..."}}
{"type":"LOG","log":{"level":"INFO","message":"INFO c.z.h.HikariDataSource(close):352 HikariPool-57 - Shutdown completed."}}
{"type":"LOG","log":{"level":"INFO","message":"INFO c.z.h.HikariDataSource(<init>):80 HikariPool-58 - Starting..."}}
{"type":"LOG","log":{"level":"INFO","message":"INFO c.z.h.HikariDataSource(<init>):82 HikariPool-58 - Start completed."}}
{"type":"LOG","log":{"level":"INFO","message":"INFO i.a.i.s.p.PostgresUtils(isCdc):53 using CDC: false"}}
{"type":"LOG","log":{"level":"INFO","message":"INFO c.z.h.HikariDataSource(<init>):80 HikariPool-59 - Starting..."}}
{"type":"LOG","log":{"level":"INFO","message":"INFO c.z.h.HikariDataSource(<init>):82 HikariPool-59 - Start completed."}}
{"type":"TRACE","trace":{"type":"ERROR","emitted_at":1.684590382588E12,"error":{"message":"State code: 28P01; Message: FATAL: password authentication failed for user \"fake\"","internal_message":"io.airbyte.commons.exceptions.ConnectionErrorException: java.sql.SQLTransientConnectionException: HikariPool-59 - Connection is not available, request timed out after 10002ms.","stack_trace":"io.airbyte.commons.exceptions.ConnectionErrorException: java.sql.SQLTransientConnectionException: HikariPool-59 - Connection is not available, request timed out after 10002ms.\n\tat io.airbyte.db.jdbc.DefaultJdbcDatabase.getMetaData(DefaultJdbcDatabase.java:87)\n\tat io.airbyte.integrations.source.jdbc.AbstractJdbcSource.createDatabase(AbstractJdbcSource.java:434)\n\tat io.airbyte.integrations.source.postgres.PostgresSource.createDatabase(PostgresSource.java:257)\n\tat io.airbyte.integrations.source.postgres.PostgresSource.createDatabase(PostgresSource.java:96)\n\tat io.airbyte.integrations.source.relationaldb.AbstractDbSource.check(AbstractDbSource.java:85)\n\tat io.airbyte.integrations.source.postgres.PostgresSource.check(PostgresSource.java:527)\n\tat io.airbyte.integrations.source.postgres.PostgresJdbcSourceAcceptanceTest.testCheckIncorrectUsernameFailure(PostgresJdbcSourceAcceptanceTest.java:480)\n\tat java.base/jdk.internal.reflect.NativeMethodAccessorImpl.invoke0(Native Method)\n\tat java.base/jdk.internal.reflect.NativeMethodAccessorImpl.invoke(NativeMethodAccessorImpl.java:77)\n\tat java.base/jdk.internal.reflect.DelegatingMethodAccessorImpl.invoke(DelegatingMethodAccessorImpl.java:43)\n\tat java.base/java.lang.reflect.Method.invoke(Method.java:568)\n\tat org.junit.platform.commons.util.ReflectionUtils.invokeMethod(ReflectionUtils.java:727)\n\tat org.junit.jupiter.engine.execution.MethodInvocation.proceed(MethodInvocation.java:60)\n\tat org.junit.jupiter.engine.execution.InvocationInterceptorChain$ValidatingInvocation.proceed(InvocationInterceptorChain.java:131)\n\tat org.junit.jupiter.engine.extension.TimeoutExtension.intercept(TimeoutExtension.java:156)\n\tat org.junit.jupiter.engine.extension.TimeoutExtension.interceptTestableMethod(TimeoutExtension.java:147)\n\tat org.junit.jupiter.engine.extension.TimeoutExtension.interceptTestMethod(TimeoutExtension.java:86)\n\tat org.junit.jupiter.engine.execution.InterceptingExecutableInvoker$ReflectiveInterceptorCall.lambda$ofVoidMethod$0(InterceptingExecutableInvoker.java:103)\n\tat org.junit.jupiter.engine.execution.InterceptingExecutableInvoker.lambda$invoke$0(InterceptingExecutableInvoker.java:93)\n\tat org.junit.jupiter.engine.execution.InvocationInterceptorChain$InterceptedInvocation.proceed(InvocationInterceptorChain.java:106)\n\tat org.junit.jupiter.engine.execution.InvocationInterceptorChain.proceed(InvocationInterceptorChain.java:64)\n\tat org.junit.jupiter.engine.execution.InvocationInterceptorChain.chainAndInvoke(InvocationInterceptorChain.java:45)\n\tat org.junit.jupiter.engine.execution.InvocationInterceptorChain.invoke(InvocationInterceptorChain.java:37)\n\tat org.junit.jupiter.engine.execution.InterceptingExecutableInvoker.invoke(InterceptingExecutableInvoker.java:92)\n\tat org.junit.jupiter.engine.execution.InterceptingExecutableInvoker.invoke(InterceptingExecutableInvoker.java:86)\n\tat org.junit.jupiter.engine.descriptor.TestMethodTestDescriptor.lambda$invokeTestMethod$7(TestMethodTestDescriptor.java:217)\n\tat org.junit.platform.engine.support.hierarchical.ThrowableCollector.execute(ThrowableCollector.java:73)\n\tat org.junit.jupiter.engine.descriptor.TestMethodTestDescriptor.invokeTestMethod(TestMethodTestDescriptor.java:213)\n\tat org.junit.jupiter.engine.descriptor.TestMethodTestDescriptor.execute(TestMethodTestDescriptor.java:138)\n\tat org.junit.jupiter.engine.descriptor.TestMethodTestDescriptor.execute(TestMethodTestDescriptor.java:68)\n\tat org.junit.platform.engine.support.hierarchical.NodeTestTask.lambda$executeRecursively$6(NodeTestTask.java:151)\n\tat org.junit.platform.engine.support.hierarchical.ThrowableCollector.execute(ThrowableCollector.java:73)\n\tat org.junit.platform.engine.support.hierarchical.NodeTestTask.lambda$executeRecursively$8(NodeTestTask.java:141)\n\tat org.junit.platform.engine.support.hierarchical.Node.around(Node.java:137)\n\tat org.junit.platform.engine.support.hierarchical.NodeTestTask.lambda$executeRecursively$9(NodeTestTask.java:139)\n\tat org.junit.platform.engine.support.hierarchical.ThrowableCollector.execute(ThrowableCollector.java:73)\n\tat org.junit.platform.engine.support.hierarchical.NodeTestTask.executeRecursively(NodeTestTask.java:138)\n\tat org.junit.platform.engine.support.hierarchical.NodeTestTask.execute(NodeTestTask.java:95)\n\tat java.base/java.util.ArrayList.forEach(ArrayList.java:1511)\n\tat org.junit.platform.engine.support.hierarchical.SameThreadHierarchicalTestExecutorService.invokeAll(SameThreadHierarchicalTestExecutorService.java:41)\n\tat org.junit.platform.engine.support.hierarchical.NodeTestTask.lambda$executeRecursively$6(NodeTestTask.java:155)\n\tat org.junit.platform.engine.support.hierarchical.ThrowableCollector.execute(ThrowableCollector.java:73)\n\tat org.junit.platform.engine.support.hierarchical.NodeTestTask.lambda$executeRecursively$8(NodeTestTask.java:141)\n\tat org.junit.platform.engine.support.hierarchical.Node.around(Node.java:137)\n\tat org.junit.platform.engine.support.hierarchical.NodeTestTask.lambda$executeRecursively$9(NodeTestTask.java:139)\n\tat org.junit.platform.engine.support.hierarchical.ThrowableCollector.execute(ThrowableCollector.java:73)\n\tat org.junit.platform.engine.support.hierarchical.NodeTestTask.executeRecursively(NodeTestTask.java:138)\n\tat org.junit.platform.engine.support.hierarchical.NodeTestTask.execute(NodeTestTask.java:95)\n\tat java.base/java.util.ArrayList.forEach(ArrayList.java:1511)\n\tat org.junit.platform.engine.support.hierarchical.SameThreadHierarchicalTestExecutorService.invokeAll(SameThreadHierarchicalTestExecutorService.java:41)\n\tat org.junit.platform.engine.support.hierarchical.NodeTestTask.lambda$executeRecursively$6(NodeTestTask.java:155)\n\tat org.junit.platform.engine.support.hierarchical.ThrowableCollector.execute(ThrowableCollector.java:73)\n\tat org.junit.platform.engine.support.hierarchical.NodeTestTask.lambda$executeRecursively$8(NodeTestTask.java:141)\n\tat org.junit.platform.engine.support.hierarchical.Node.around(Node.java:137)\n\tat org.junit.platform.engine.support.hierarchical.NodeTestTask.lambda$executeRecursively$9(NodeTestTask.java:139)\n\tat org.junit.platform.engine.support.hierarchical.ThrowableCollector.execute(ThrowableCollector.java:73)\n\tat org.junit.platform.engine.support.hierarchical.NodeTestTask.executeRecursively(NodeTestTask.java:138)\n\tat org.junit.platform.engine.support.hierarchical.NodeTestTask.execute(NodeTestTask.java:95)\n\tat org.junit.platform.engine.support.hierarchical.SameThreadHierarchicalTestExecutorService.submit(SameThreadHierarchicalTestExecutorService.java:35)\n\tat org.junit.platform.engine.support.hierarchical.HierarchicalTestExecutor.execute(HierarchicalTestExecutor.java:57)\n\tat org.junit.platform.engine.support.hierarchical.HierarchicalTestEngine.execute(HierarchicalTestEngine.java:54)\n\tat org.junit.platform.launcher.core.EngineExecutionOrchestrator.execute(EngineExecutionOrchestrator.java:147)\n\tat org.junit.platform.launcher.core.EngineExecutionOrchestrator.execute(EngineExecutionOrchestrator.java:127)\n\tat org.junit.platform.launcher.core.EngineExecutionOrchestrator.execute(EngineExecutionOrchestrator.java:90)\n\tat org.junit.platform.launcher.core.EngineExecutionOrchestrator.lambda$execute$0(EngineExecutionOrchestrator.java:55)\n\tat org.junit.platform.launcher.core.EngineExecutionOrchestrator.withInterceptedStreams(EngineExecutionOrchestrator.java:102)\n\tat org.junit.platform.launcher.core.EngineExecutionOrchestrator.execute(EngineExecutionOrchestrator.java:54)\n\tat org.junit.platform.launcher.core.DefaultLauncher.execute(DefaultLauncher.java:114)\n\tat org.junit.platform.launcher.core.DefaultLauncher.execute(DefaultLauncher.java:86)\n\tat org.junit.platform.launcher.core.DefaultLauncherSession$DelegatingLauncher.execute(DefaultLauncherSession.java:86)\n\tat org.junit.platform.launcher.core.SessionPerRequestLauncher.execute(SessionPerRequestLauncher.java:53)\n\tat org.gradle.api.internal.tasks.testing.junitplatform.JUnitPlatformTestClassProcessor$CollectAllTestClassesExecutor.processAllTestClasses(JUnitPlatformTestClassProcessor.java:99)\n\tat org.gradle.api.internal.tasks.testing.junitplatform.JUnitPlatformTestClassProcessor$CollectAllTestClassesExecutor.access$000(JUnitPlatformTestClassProcessor.java:79)\n\tat org.gradle.api.internal.tasks.testing.junitplatform.JUnitPlatformTestClassProcessor.stop(JUnitPlatformTestClassProcessor.java:75)\n\tat org.gradle.api.internal.tasks.testing.SuiteTestClassProcessor.stop(SuiteTestClassProcessor.java:62)\n\tat java.base/jdk.internal.reflect.NativeMethodAccessorImpl.invoke0(Native Method)\n\tat java.base/jdk.internal.reflect.NativeMethodAccessorImpl.invoke(NativeMethodAccessorImpl.java:77)\n\tat java.base/jdk.internal.reflect.DelegatingMethodAccessorImpl.invoke(DelegatingMethodAccessorImpl.java:43)\n\tat java.base/java.lang.reflect.Method.invoke(Method.java:568)\n\tat org.gradle.internal.dispatch.ReflectionDispatch.dispatch(ReflectionDispatch.java:36)\n\tat org.gradle.internal.dispatch.ReflectionDispatch.dispatch(ReflectionDispatch.java:24)\n\tat org.gradle.internal.dispatch.ContextClassLoaderDispatch.dispatch(ContextClassLoaderDispatch.java:33)\n\tat org.gradle.internal.dispatch.ProxyDispatchAdapter$DispatchingInvocationHandler.invoke(ProxyDispatchAdapter.java:94)\n\tat jdk.proxy2/jdk.proxy2.$Proxy5.stop(Unknown Source)\n\tat org.gradle.api.internal.tasks.testing.worker.TestWorker$3.run(TestWorker.java:193)\n\tat org.gradle.api.internal.tasks.testing.worker.TestWorker.executeAndMaintainThreadName(TestWorker.java:129)\n\tat org.gradle.api.internal.tasks.testing.worker.TestWorker.execute(TestWorker.java:100)\n\tat org.gradle.api.internal.tasks.testing.worker.TestWorker.execute(TestWorker.java:60)\n\tat org.gradle.process.internal.worker.child.ActionExecutionWorker.execute(ActionExecutionWorker.java:56)\n\tat org.gradle.process.internal.worker.child.SystemApplicationClassLoaderWorker.call(SystemApplicationClassLoaderWorker.java:113)\n\tat org.gradle.process.internal.worker.child.SystemApplicationClassLoaderWorker.call(SystemApplicationClassLoaderWorker.java:65)\n\tat worker.org.gradle.process.internal.worker.GradleWorkerMain.run(GradleWorkerMain.java:69)\n\tat worker.org.gradle.process.internal.worker.GradleWorkerMain.main(GradleWorkerMain.java:74)\nCaused by: java.sql.SQLTransientConnectionException: HikariPool-59 - Connection is not available, request timed out after 10002ms.\n\tat com.zaxxer.hikari.pool.HikariPool.createTimeoutException(HikariPool.java:696)\n\tat com.zaxxer.hikari.pool.HikariPool.getConnection(HikariPool.java:181)\n\tat com.zaxxer.hikari.pool.HikariPool.getConnection(HikariPool.java:146)\n\tat com.zaxxer.hikari.HikariDataSource.getConnection(HikariDataSource.java:100)\n\tat io.airbyte.db.jdbc.DefaultJdbcDatabase.getMetaData(DefaultJdbcDatabase.java:78)\n\t... 92 more\nCaused by: org.postgresql.util.PSQLException: FATAL: password authentication failed for user \"fake\"\n\tat org.postgresql.core.v3.ConnectionFactoryImpl.doAuthentication(ConnectionFactoryImpl.java:659)\n\tat org.postgresql.core.v3.ConnectionFactoryImpl.tryConnect(ConnectionFactoryImpl.java:180)\n\tat org.postgresql.core.v3.ConnectionFactoryImpl.openConnectionImpl(ConnectionFactoryImpl.java:235)\n\tat org.postgresql.core.ConnectionFactory.openConnection(ConnectionFactory.java:49)\n\tat org.postgresql.jdbc.PgConnection.<init>(PgConnection.java:247)\n\tat org.postgresql.Driver.makeConnection(Driver.java:434)\n\tat org.postgresql.Driver.connect(Driver.java:291)\n\tat com.zaxxer.hikari.util.DriverDataSource.getConnection(DriverDataSource.java:138)\n\tat com.zaxxer.hikari.pool.PoolBase.newConnection(PoolBase.java:359)\n\tat com.zaxxer.hikari.pool.PoolBase.newPoolEntry(PoolBase.java:201)\n\tat com.zaxxer.hikari.pool.HikariPool.createPoolEntry(HikariPool.java:470)\n\tat com.zaxxer.hikari.pool.HikariPool$PoolEntryCreator.call(HikariPool.java:733)\n\tat com.zaxxer.hikari.pool.HikariPool$PoolEntryCreator.call(HikariPool.java:712)\n\tat java.base/java.util.concurrent.FutureTask.run(FutureTask.java:264)\n\tat java.base/java.util.concurrent.ThreadPoolExecutor.runWorker(ThreadPoolExecutor.java:1136)\n\tat java.base/java.util.concurrent.ThreadPoolExecutor$Worker.run(ThreadPoolExecutor.java:635)\n\tat java.base/java.lang.Thread.run(Thread.java:833)\n","failure_type":"config_error"}}}
{"type":"LOG","log":{"level":"INFO","message":"INFO c.z.h.HikariDataSource(close):350 HikariPool-59 - Shutdown initiated..."}}
{"type":"LOG","log":{"level":"INFO","message":"INFO c.z.h.HikariDataSource(close):352 HikariPool-59 - Shutdown completed."}}
{"type":"LOG","log":{"level":"INFO","message":"INFO c.z.h.HikariDataSource(<init>):80 HikariPool-60 - Starting..."}}
{"type":"LOG","log":{"level":"INFO","message":"INFO c.z.h.HikariDataSource(<init>):82 HikariPool-60 - Start completed."}}
{"type":"LOG","log":{"level":"INFO","message":"INFO i.a.i.s.p.PostgresUtils(isCdc):53 using CDC: false"}}
{"type":"LOG","log":{"level":"INFO","message":"INFO c.z.h.HikariDataSource(<init>):80 HikariPool-61 - Starting..."}}
{"type":"LOG","log":{"level":"INFO","message":"INFO c.z.h.HikariDataSource(<init>):82 HikariPool-61 - Start completed."}}
{"type":"TRACE","trace":{"type":"ERROR","emitted_at":1.684590393209E12,"error":{"message":"State code: 08001; Message: Connection to localhost:30000 refused. Check that the hostname and port are correct and that the postmaster is accepting TCP/IP connections.","internal_message":"io.airbyte.commons.exceptions.ConnectionErrorException: java.sql.SQLTransientConnectionException: HikariPool-61 - Connection is not available, request timed out after 10002ms.","stack_trace":"io.airbyte.commons.exceptions.ConnectionErrorException: java.sql.SQLTransientConnectionException: HikariPool-61 - Connection is not available, request timed out after 10002ms.\n\tat io.airbyte.db.jdbc.DefaultJdbcDatabase.getMetaData(DefaultJdbcDatabase.java:87)\n\tat io.airbyte.integrations.source.jdbc.AbstractJdbcSource.createDatabase(AbstractJdbcSource.java:434)\n\tat io.airbyte.integrations.source.postgres.PostgresSource.createDatabase(PostgresSource.java:257)\n\tat io.airbyte.integrations.source.postgres.PostgresSource.createDatabase(PostgresSource.java:96)\n\tat io.airbyte.integrations.source.relationaldb.AbstractDbSource.check(AbstractDbSource.java:85)\n\tat io.airbyte.integrations.source.postgres.PostgresSource.check(PostgresSource.java:527)\n\tat io.airbyte.integrations.source.postgres.PostgresJdbcSourceAcceptanceTest.testCheckIncorrectPortFailure(PostgresJdbcSourceAcceptanceTest.java:496)\n\tat java.base/jdk.internal.reflect.NativeMethodAccessorImpl.invoke0(Native Method)\n\tat java.base/jdk.internal.reflect.NativeMethodAccessorImpl.invoke(NativeMethodAccessorImpl.java:77)\n\tat java.base/jdk.internal.reflect.DelegatingMethodAccessorImpl.invoke(DelegatingMethodAccessorImpl.java:43)\n\tat java.base/java.lang.reflect.Method.invoke(Method.java:568)\n\tat org.junit.platform.commons.util.ReflectionUtils.invokeMethod(ReflectionUtils.java:727)\n\tat org.junit.jupiter.engine.execution.MethodInvocation.proceed(MethodInvocation.java:60)\n\tat org.junit.jupiter.engine.execution.InvocationInterceptorChain$ValidatingInvocation.proceed(InvocationInterceptorChain.java:131)\n\tat org.junit.jupiter.engine.extension.TimeoutExtension.intercept(TimeoutExtension.java:156)\n\tat org.junit.jupiter.engine.extension.TimeoutExtension.interceptTestableMethod(TimeoutExtension.java:147)\n\tat org.junit.jupiter.engine.extension.TimeoutExtension.interceptTestMethod(TimeoutExtension.java:86)\n\tat org.junit.jupiter.engine.execution.InterceptingExecutableInvoker$ReflectiveInterceptorCall.lambda$ofVoidMethod$0(InterceptingExecutableInvoker.java:103)\n\tat org.junit.jupiter.engine.execution.InterceptingExecutableInvoker.lambda$invoke$0(InterceptingExecutableInvoker.java:93)\n\tat org.junit.jupiter.engine.execution.InvocationInterceptorChain$InterceptedInvocation.proceed(InvocationInterceptorChain.java:106)\n\tat org.junit.jupiter.engine.execution.InvocationInterceptorChain.proceed(InvocationInterceptorChain.java:64)\n\tat org.junit.jupiter.engine.execution.InvocationInterceptorChain.chainAndInvoke(InvocationInterceptorChain.java:45)\n\tat org.junit.jupiter.engine.execution.InvocationInterceptorChain.invoke(InvocationInterceptorChain.java:37)\n\tat org.junit.jupiter.engine.execution.InterceptingExecutableInvoker.invoke(InterceptingExecutableInvoker.java:92)\n\tat org.junit.jupiter.engine.execution.InterceptingExecutableInvoker.invoke(InterceptingExecutableInvoker.java:86)\n\tat org.junit.jupiter.engine.descriptor.TestMethodTestDescriptor.lambda$invokeTestMethod$7(TestMethodTestDescriptor.java:217)\n\tat org.junit.platform.engine.support.hierarchical.ThrowableCollector.execute(ThrowableCollector.java:73)\n\tat org.junit.jupiter.engine.descriptor.TestMethodTestDescriptor.invokeTestMethod(TestMethodTestDescriptor.java:213)\n\tat org.junit.jupiter.engine.descriptor.TestMethodTestDescriptor.execute(TestMethodTestDescriptor.java:138)\n\tat org.junit.jupiter.engine.descriptor.TestMethodTestDescriptor.execute(TestMethodTestDescriptor.java:68)\n\tat org.junit.platform.engine.support.hierarchical.NodeTestTask.lambda$executeRecursively$6(NodeTestTask.java:151)\n\tat org.junit.platform.engine.support.hierarchical.ThrowableCollector.execute(ThrowableCollector.java:73)\n\tat org.junit.platform.engine.support.hierarchical.NodeTestTask.lambda$executeRecursively$8(NodeTestTask.java:141)\n\tat org.junit.platform.engine.support.hierarchical.Node.around(Node.java:137)\n\tat org.junit.platform.engine.support.hierarchical.NodeTestTask.lambda$executeRecursively$9(NodeTestTask.java:139)\n\tat org.junit.platform.engine.support.hierarchical.ThrowableCollector.execute(ThrowableCollector.java:73)\n\tat org.junit.platform.engine.support.hierarchical.NodeTestTask.executeRecursively(NodeTestTask.java:138)\n\tat org.junit.platform.engine.support.hierarchical.NodeTestTask.execute(NodeTestTask.java:95)\n\tat java.base/java.util.ArrayList.forEach(ArrayList.java:1511)\n\tat org.junit.platform.engine.support.hierarchical.SameThreadHierarchicalTestExecutorService.invokeAll(SameThreadHierarchicalTestExecutorService.java:41)\n\tat org.junit.platform.engine.support.hierarchical.NodeTestTask.lambda$executeRecursively$6(NodeTestTask.java:155)\n\tat org.junit.platform.engine.support.hierarchical.ThrowableCollector.execute(ThrowableCollector.java:73)\n\tat org.junit.platform.engine.support.hierarchical.NodeTestTask.lambda$executeRecursively$8(NodeTestTask.java:141)\n\tat org.junit.platform.engine.support.hierarchical.Node.around(Node.java:137)\n\tat org.junit.platform.engine.support.hierarchical.NodeTestTask.lambda$executeRecursively$9(NodeTestTask.java:139)\n\tat org.junit.platform.engine.support.hierarchical.ThrowableCollector.execute(ThrowableCollector.java:73)\n\tat org.junit.platform.engine.support.hierarchical.NodeTestTask.executeRecursively(NodeTestTask.java:138)\n\tat org.junit.platform.engine.support.hierarchical.NodeTestTask.execute(NodeTestTask.java:95)\n\tat java.base/java.util.ArrayList.forEach(ArrayList.java:1511)\n\tat org.junit.platform.engine.support.hierarchical.SameThreadHierarchicalTestExecutorService.invokeAll(SameThreadHierarchicalTestExecutorService.java:41)\n\tat org.junit.platform.engine.support.hierarchical.NodeTestTask.lambda$executeRecursively$6(NodeTestTask.java:155)\n\tat org.junit.platform.engine.support.hierarchical.ThrowableCollector.execute(ThrowableCollector.java:73)\n\tat org.junit.platform.engine.support.hierarchical.NodeTestTask.lambda$executeRecursively$8(NodeTestTask.java:141)\n\tat org.junit.platform.engine.support.hierarchical.Node.around(Node.java:137)\n\tat org.junit.platform.engine.support.hierarchical.NodeTestTask.lambda$executeRecursively$9(NodeTestTask.java:139)\n\tat org.junit.platform.engine.support.hierarchical.ThrowableCollector.execute(ThrowableCollector.java:73)\n\tat org.junit.platform.engine.support.hierarchical.NodeTestTask.executeRecursively(NodeTestTask.java:138)\n\tat org.junit.platform.engine.support.hierarchical.NodeTestTask.execute(NodeTestTask.java:95)\n\tat org.junit.platform.engine.support.hierarchical.SameThreadHierarchicalTestExecutorService.submit(SameThreadHierarchicalTestExecutorService.java:35)\n\tat org.junit.platform.engine.support.hierarchical.HierarchicalTestExecutor.execute(HierarchicalTestExecutor.java:57)\n\tat org.junit.platform.engine.support.hierarchical.HierarchicalTestEngine.execute(HierarchicalTestEngine.java:54)\n\tat org.junit.platform.launcher.core.EngineExecutionOrchestrator.execute(EngineExecutionOrchestrator.java:147)\n\tat org.junit.platform.launcher.core.EngineExecutionOrchestrator.execute(EngineExecutionOrchestrator.java:127)\n\tat org.junit.platform.launcher.core.EngineExecutionOrchestrator.execute(EngineExecutionOrchestrator.java:90)\n\tat org.junit.platform.launcher.core.EngineExecutionOrchestrator.lambda$execute$0(EngineExecutionOrchestrator.java:55)\n\tat org.junit.platform.launcher.core.EngineExecutionOrchestrator.withInterceptedStreams(EngineExecutionOrchestrator.java:102)\n\tat org.junit.platform.launcher.core.EngineExecutionOrchestrator.execute(EngineExecutionOrchestrator.java:54)\n\tat org.junit.platform.launcher.core.DefaultLauncher.execute(DefaultLauncher.java:114)\n\tat org.junit.platform.launcher.core.DefaultLauncher.execute(DefaultLauncher.java:86)\n\tat org.junit.platform.launcher.core.DefaultLauncherSession$DelegatingLauncher.execute(DefaultLauncherSession.java:86)\n\tat org.junit.platform.launcher.core.SessionPerRequestLauncher.execute(SessionPerRequestLauncher.java:53)\n\tat org.gradle.api.internal.tasks.testing.junitplatform.JUnitPlatformTestClassProcessor$CollectAllTestClassesExecutor.processAllTestClasses(JUnitPlatformTestClassProcessor.java:99)\n\tat org.gradle.api.internal.tasks.testing.junitplatform.JUnitPlatformTestClassProcessor$CollectAllTestClassesExecutor.access$000(JUnitPlatformTestClassProcessor.java:79)\n\tat org.gradle.api.internal.tasks.testing.junitplatform.JUnitPlatformTestClassProcessor.stop(JUnitPlatformTestClassProcessor.java:75)\n\tat org.gradle.api.internal.tasks.testing.SuiteTestClassProcessor.stop(SuiteTestClassProcessor.java:62)\n\tat java.base/jdk.internal.reflect.NativeMethodAccessorImpl.invoke0(Native Method)\n\tat java.base/jdk.internal.reflect.NativeMethodAccessorImpl.invoke(NativeMethodAccessorImpl.java:77)\n\tat java.base/jdk.internal.reflect.DelegatingMethodAccessorImpl.invoke(DelegatingMethodAccessorImpl.java:43)\n\tat java.base/java.lang.reflect.Method.invoke(Method.java:568)\n\tat org.gradle.internal.dispatch.ReflectionDispatch.dispatch(ReflectionDispatch.java:36)\n\tat org.gradle.internal.dispatch.ReflectionDispatch.dispatch(ReflectionDispatch.java:24)\n\tat org.gradle.internal.dispatch.ContextClassLoaderDispatch.dispatch(ContextClassLoaderDispatch.java:33)\n\tat org.gradle.internal.dispatch.ProxyDispatchAdapter$DispatchingInvocationHandler.invoke(ProxyDispatchAdapter.java:94)\n\tat jdk.proxy2/jdk.proxy2.$Proxy5.stop(Unknown Source)\n\tat org.gradle.api.internal.tasks.testing.worker.TestWorker$3.run(TestWorker.java:193)\n\tat org.gradle.api.internal.tasks.testing.worker.TestWorker.executeAndMaintainThreadName(TestWorker.java:129)\n\tat org.gradle.api.internal.tasks.testing.worker.TestWorker.execute(TestWorker.java:100)\n\tat org.gradle.api.internal.tasks.testing.worker.TestWorker.execute(TestWorker.java:60)\n\tat org.gradle.process.internal.worker.child.ActionExecutionWorker.execute(ActionExecutionWorker.java:56)\n\tat org.gradle.process.internal.worker.child.SystemApplicationClassLoaderWorker.call(SystemApplicationClassLoaderWorker.java:113)\n\tat org.gradle.process.internal.worker.child.SystemApplicationClassLoaderWorker.call(SystemApplicationClassLoaderWorker.java:65)\n\tat worker.org.gradle.process.internal.worker.GradleWorkerMain.run(GradleWorkerMain.java:69)\n\tat worker.org.gradle.process.internal.worker.GradleWorkerMain.main(GradleWorkerMain.java:74)\nCaused by: java.sql.SQLTransientConnectionException: HikariPool-61 - Connection is not available, request timed out after 10002ms.\n\tat com.zaxxer.hikari.pool.HikariPool.createTimeoutException(HikariPool.java:696)\n\tat com.zaxxer.hikari.pool.HikariPool.getConnection(HikariPool.java:181)\n\tat com.zaxxer.hikari.pool.HikariPool.getConnection(HikariPool.java:146)\n\tat com.zaxxer.hikari.HikariDataSource.getConnection(HikariDataSource.java:100)\n\tat io.airbyte.db.jdbc.DefaultJdbcDatabase.getMetaData(DefaultJdbcDatabase.java:78)\n\t... 92 more\nCaused by: org.postgresql.util.PSQLException: Connection to localhost:30000 refused. Check that the hostname and port are correct and that the postmaster is accepting TCP/IP connections.\n\tat org.postgresql.core.v3.ConnectionFactoryImpl.openConnectionImpl(ConnectionFactoryImpl.java:319)\n\tat org.postgresql.core.ConnectionFactory.openConnection(ConnectionFactory.java:49)\n\tat org.postgresql.jdbc.PgConnection.<init>(PgConnection.java:247)\n\tat org.postgresql.Driver.makeConnection(Driver.java:434)\n\tat org.postgresql.Driver.connect(Driver.java:291)\n\tat com.zaxxer.hikari.util.DriverDataSource.getConnection(DriverDataSource.java:138)\n\tat com.zaxxer.hikari.pool.PoolBase.newConnection(PoolBase.java:359)\n\tat com.zaxxer.hikari.pool.PoolBase.newPoolEntry(PoolBase.java:201)\n\tat com.zaxxer.hikari.pool.HikariPool.createPoolEntry(HikariPool.java:470)\n\tat com.zaxxer.hikari.pool.HikariPool$PoolEntryCreator.call(HikariPool.java:733)\n\tat com.zaxxer.hikari.pool.HikariPool$PoolEntryCreator.call(HikariPool.java:712)\n\tat java.base/java.util.concurrent.FutureTask.run(FutureTask.java:264)\n\tat java.base/java.util.concurrent.ThreadPoolExecutor.runWorker(ThreadPoolExecutor.java:1136)\n\tat java.base/java.util.concurrent.ThreadPoolExecutor$Worker.run(ThreadPoolExecutor.java:635)\n\tat java.base/java.lang.Thread.run(Thread.java:833)\nCaused by: java.net.ConnectException: Connection refused\n\tat java.base/sun.nio.ch.Net.pollConnect(Native Method)\n\tat java.base/sun.nio.ch.Net.pollConnectNow(Net.java:672)\n\tat java.base/sun.nio.ch.NioSocketImpl.timedFinishConnect(NioSocketImpl.java:542)\n\tat java.base/sun.nio.ch.NioSocketImpl.connect(NioSocketImpl.java:597)\n\tat java.base/java.net.SocksSocketImpl.connect(SocksSocketImpl.java:327)\n\tat java.base/java.net.Socket.connect(Socket.java:633)\n\tat org.postgresql.core.PGStream.createSocket(PGStream.java:241)\n\tat org.postgresql.core.PGStream.<init>(PGStream.java:98)\n\tat org.postgresql.core.v3.ConnectionFactoryImpl.tryConnect(ConnectionFactoryImpl.java:109)\n\tat org.postgresql.core.v3.ConnectionFactoryImpl.openConnectionImpl(ConnectionFactoryImpl.java:235)\n\t... 14 more\n","failure_type":"config_error"}}}
{"type":"LOG","log":{"level":"INFO","message":"INFO c.z.h.HikariDataSource(close):350 HikariPool-61 - Shutdown initiated..."}}
{"type":"LOG","log":{"level":"INFO","message":"INFO c.z.h.HikariDataSource(close):352 HikariPool-61 - Shutdown completed."}}
]]></system-out>
  <system-err><![CDATA[]]></system-err>
</testsuite>
