<?xml version="1.0" encoding="UTF-8"?>
<testsuite name="io.airbyte.integrations.source.postgres.CdcPostgresSourceTest" tests="22" skipped="0" failures="0" errors="0" timestamp="2023-05-20T13:44:00" hostname="MacBook-Pro-3" time="2079.256">
  <properties/>
  <testcase name="Verify that when data is inserted into the database while a sync is happening and after the first sync, it all gets replicated." classname="io.airbyte.integrations.source.postgres.CdcPostgresSourceTest" time="88.013"/>
  <testcase name="newTableSnapshotTest()" classname="io.airbyte.integrations.source.postgres.CdcPostgresSourceTest" time="107.266"/>
  <testcase name="When no changes have been made to the database since the previous sync, no records are returned." classname="io.airbyte.integrations.source.postgres.CdcPostgresSourceTest" time="61.422"/>
  <testcase name="testCheck()" classname="io.airbyte.integrations.source.postgres.CdcPostgresSourceTest" time="9.587"/>
  <testcase name="When both incremental CDC and full refresh are configured for different streams in a sync, the data is replicated as expected." classname="io.airbyte.integrations.source.postgres.CdcPostgresSourceTest" time="42.03"/>
  <testcase name="testDiscover()" classname="io.airbyte.integrations.source.postgres.CdcPostgresSourceTest" time="9.764"/>
  <testcase name="When a record is deleted, produces a deletion record." classname="io.airbyte.integrations.source.postgres.CdcPostgresSourceTest" time="42.086"/>
  <testcase name="When no records exist, no records are returned." classname="io.airbyte.integrations.source.postgres.CdcPostgresSourceTest" time="19.801"/>
  <testcase name="On the first sync, produce returns records that exist in the database." classname="io.airbyte.integrations.source.postgres.CdcPostgresSourceTest" time="21.014"/>
  <testcase name="When a record is updated, produces an update record." classname="io.airbyte.integrations.source.postgres.CdcPostgresSourceTest" time="41.493"/>
  <testcase name="testTableWithTimestampColDefault()" classname="io.airbyte.integrations.source.postgres.CdcPostgresSourceTest" time="20.326"/>
  <testcase name="testCheckReplicationAccessSuperUserPrivilege()" classname="io.airbyte.integrations.source.postgres.CdcPostgresSourceTest" time="10.3"/>
  <testcase name="testDiscoverFiltersNonPublication()" classname="io.airbyte.integrations.source.postgres.CdcPostgresSourceTest" time="10.432"/>
  <testcase name="testCheckWithoutPublication()" classname="io.airbyte.integrations.source.postgres.CdcPostgresSourceTest" time="9.876"/>
  <testcase name="verifyCheckpointStatesByRecords()" classname="io.airbyte.integrations.source.postgres.CdcPostgresSourceTest" time="779.279"/>
  <testcase name="syncShouldIncrementLSN()" classname="io.airbyte.integrations.source.postgres.CdcPostgresSourceTest" time="84.502"/>
  <testcase name="testCheckWithoutReplicationSlot()" classname="io.airbyte.integrations.source.postgres.CdcPostgresSourceTest" time="8.901"/>
  <testcase name="testCheckWithoutReplicationPermission()" classname="io.airbyte.integrations.source.postgres.CdcPostgresSourceTest" time="8.278"/>
  <testcase name="testCheckReplicationAccessReplicationPrivilege()" classname="io.airbyte.integrations.source.postgres.CdcPostgresSourceTest" time="8.435"/>
  <testcase name="verifyCheckpointStatesBySeconds()" classname="io.airbyte.integrations.source.postgres.CdcPostgresSourceTest" time="625.518"/>
  <testcase name="syncShouldHandlePurgedLogsGracefully()" classname="io.airbyte.integrations.source.postgres.CdcPostgresSourceTest" time="51.177"/>
  <testcase name="testReachedTargetPosition()" classname="io.airbyte.integrations.source.postgres.CdcPostgresSourceTest" time="19.702"/>
  <system-out><![CDATA[{"type":"LOG","log":{"level":"INFO","message":"INFO o.t.u.ImageNameSubstitutor(instance):55 Image name substitution will be performed by: DefaultImageNameSubstitutor (composite of 'ConfigurationFileImageNameSubstitutor' and 'PrefixingImageNameSubstitutor')"}}
{"type":"LOG","log":{"level":"INFO","message":"INFO o.t.d.DockerClientProviderStrategy(lambda$loadConfiguredStrategy$9):362 Loaded org.testcontainers.dockerclient.UnixSocketClientProviderStrategy from ~/.testcontainers.properties, will try it first"}}
{"type":"LOG","log":{"level":"INFO","message":"INFO o.t.d.DockerClientProviderStrategy(tryOutStrategy):272 Found Docker environment with local Unix socket (unix:///var/run/docker.sock)"}}
{"type":"LOG","log":{"level":"INFO","message":"INFO o.t.DockerClientFactory(client):198 Docker host IP address is localhost"}}
{"type":"LOG","log":{"level":"INFO","message":"INFO o.t.DockerClientFactory(client):205 Connected to docker: \n  Server Version: 20.10.12\n  API Version: 1.41\n  Operating System: Docker Desktop\n  Total Memory: 1985 MB"}}
{"type":"LOG","log":{"level":"INFO","message":"INFO o.t.c.GenericContainer(tryStart):376 Creating container for image: testcontainers/ryuk:0.3.4"}}
{"type":"LOG","log":{"level":"INFO","message":"INFO o.t.c.GenericContainer(tryStart):440 Container testcontainers/ryuk:0.3.4 is starting: 4ae5bfd512f21e7df22e447a2329c1d91d233c9c840a387cc0b143977b7e2212"}}
{"type":"LOG","log":{"level":"INFO","message":"INFO o.t.c.GenericContainer(tryStart):520 Container testcontainers/ryuk:0.3.4 started in PT4.843866S"}}
{"type":"LOG","log":{"level":"INFO","message":"INFO o.t.u.RyukResourceReaper(init):43 Ryuk started - will monitor and terminate Testcontainers containers on JVM exit"}}
{"type":"LOG","log":{"level":"INFO","message":"INFO o.t.DockerClientFactory(client):235 Checking the system..."}}
{"type":"LOG","log":{"level":"INFO","message":"INFO o.t.DockerClientFactory(check):256 ✔︎ Docker server version should be at least 1.6.0"}}
{"type":"LOG","log":{"level":"INFO","message":"INFO o.t.c.GenericContainer(tryStart):376 Creating container for image: debezium/postgres:13-alpine"}}
{"type":"LOG","log":{"level":"INFO","message":"INFO o.t.c.GenericContainer(tryStart):440 Container debezium/postgres:13-alpine is starting: 7180a610d2d616a29219e6ec54d337ec18956e739e81b01cfaaa2ed9e228653e"}}
{"type":"LOG","log":{"level":"INFO","message":"INFO o.t.c.GenericContainer(tryStart):520 Container debezium/postgres:13-alpine started in PT26.679273S"}}
{"type":"LOG","log":{"level":"INFO","message":"INFO c.z.h.HikariDataSource(<init>):80 HikariPool-1 - Starting..."}}
{"type":"LOG","log":{"level":"INFO","message":"INFO c.z.h.HikariDataSource(<init>):82 HikariPool-1 - Start completed."}}
{"type":"LOG","log":{"level":"INFO","message":"INFO o.j.t.JooqLogger(info):312 \n                                      \n@@@@@@@@@@@@@@@@@@@@@@@@@@@@@@@@@@@@@@\n@@@@@@@@@@@@@@@@@@@@@@@@@@@@@@@@@@@@@@\n@@@@@@@@@@@@@@@@  @@        @@@@@@@@@@\n@@@@@@@@@@@@@@@@@@@@        @@@@@@@@@@\n@@@@@@@@@@@@@@@@  @@  @@    @@@@@@@@@@\n@@@@@@@@@@  @@@@  @@  @@    @@@@@@@@@@\n@@@@@@@@@@        @@        @@@@@@@@@@\n@@@@@@@@@@@@@@@@@@@@@@@@@@@@@@@@@@@@@@\n@@@@@@@@@@@@@@@@@@@@@@@@@@@@@@@@@@@@@@\n@@@@@@@@@@        @@        @@@@@@@@@@\n@@@@@@@@@@    @@  @@  @@@@  @@@@@@@@@@\n@@@@@@@@@@    @@  @@  @@@@  @@@@@@@@@@\n@@@@@@@@@@        @@  @  @  @@@@@@@@@@\n@@@@@@@@@@        @@        @@@@@@@@@@\n@@@@@@@@@@@@@@@@@@@@@@@  @@@@@@@@@@@@@\n@@@@@@@@@@@@@@@@@@@@@@@@@@@@@@@@@@@@@@\n@@@@@@@@@@@@@@@@@@@@@@@@@@@@@@@@@@@@@@  Thank you for using jOOQ 3.13.4\n                                      "}}
{"type":"LOG","log":{"level":"INFO","message":"INFO i.a.i.s.p.PostgresUtils(isCdc):53 using CDC: true"}}
{"type":"LOG","log":{"level":"INFO","message":"INFO i.a.i.s.r.s.StateManagerFactory(createStateManager):51 Global state manager selected to manage state object with type GLOBAL."}}
{"type":"LOG","log":{"level":"INFO","message":"INFO i.a.i.s.r.s.CursorManager(createCursorInfoForStream):182 No cursor field set in catalog but not present in state. Stream: models_schema_models, New Cursor Field: null. Resetting cursor value"}}
{"type":"LOG","log":{"level":"INFO","message":"INFO i.a.i.s.r.CdcStateManager(<init>):29 Initialized CDC state with: io.airbyte.integrations.source.relationaldb.models.CdcState@511d31a6[state=<null>,additionalProperties={}]"}}
{"type":"LOG","log":{"level":"INFO","message":"INFO c.z.h.HikariDataSource(<init>):80 HikariPool-2 - Starting..."}}
{"type":"LOG","log":{"level":"INFO","message":"INFO c.z.h.HikariDataSource(<init>):82 HikariPool-2 - Start completed."}}
{"type":"LOG","log":{"level":"INFO","message":"INFO i.a.i.s.p.PostgresUtils(isCdc):53 using CDC: true"}}
{"type":"LOG","log":{"level":"INFO","message":"INFO i.a.d.j.s.AdaptiveStreamingQueryConfig(initialize):31 Set initial fetch size: 10 rows"}}
{"type":"LOG","log":{"level":"INFO","message":"INFO i.a.i.s.p.PostgresCdcCatalogHelper(getPublicizedTables):119 For CDC, only tables in publication publication will be included in the sync: [models_schema.models, models_schema_random.models_random]"}}
{"type":"LOG","log":{"level":"INFO","message":"INFO i.a.i.s.j.AbstractJdbcSource(logPreSyncDebugData):450 Data source product recognized as PostgreSQL:13.11"}}
{"type":"LOG","log":{"level":"INFO","message":"INFO i.a.i.s.p.PostgresSource(logPreSyncDebugData):221 Discovering indexes for schema \"models_schema\", table \"models\""}}
{"type":"LOG","log":{"level":"INFO","message":"INFO i.a.i.s.p.PostgresSource(logPreSyncDebugData):223 Index name: models_pkey, Column: id, Unique: true"}}
{"type":"LOG","log":{"level":"INFO","message":"INFO i.a.i.s.p.PostgresQueryUtils(logXminStatus):77 Xmin Status : {Number of wraparounds: 0, Xmin Transaction Value: 525, Xmin Raw Value: 525"}}
{"type":"LOG","log":{"level":"INFO","message":"INFO i.a.i.s.j.AbstractJdbcSource(discoverInternal):166 Internal schemas to exclude: [catalog_history, information_schema, pg_catalog, pg_internal]"}}
{"type":"LOG","log":{"level":"INFO","message":"INFO i.a.d.j.s.AdaptiveStreamingQueryConfig(initialize):31 Set initial fetch size: 10 rows"}}
{"type":"LOG","log":{"level":"INFO","message":"INFO i.a.i.s.j.AbstractJdbcSource(discoverInternal):166 Internal schemas to exclude: [catalog_history, information_schema, pg_catalog, pg_internal]"}}
{"type":"LOG","log":{"level":"INFO","message":"INFO i.a.d.j.s.AdaptiveStreamingQueryConfig(initialize):31 Set initial fetch size: 10 rows"}}
{"type":"LOG","log":{"level":"INFO","message":"INFO i.a.i.s.p.PostgresUtils(isCdc):53 using CDC: true"}}
{"type":"LOG","log":{"level":"INFO","message":"INFO i.a.i.s.p.PostgresUtils(getFirstRecordWaitTime):111 First record waiting time: 30 seconds"}}
{"type":"LOG","log":{"level":"INFO","message":"INFO i.a.i.s.p.PostgresSource(getIncrementalIterators):369 First record waiting time: 30 seconds"}}
{"type":"LOG","log":{"level":"INFO","message":"INFO i.a.i.s.p.PostgresUtils(shouldFlushAfterSync):61 Should flush after sync: true"}}
{"type":"LOG","log":{"level":"INFO","message":"INFO o.a.k.c.c.AbstractConfig(logAll):376 StandaloneConfig values: \n\taccess.control.allow.methods = \n\taccess.control.allow.origin = \n\tadmin.listeners = null\n\tauto.include.jmx.reporter = true\n\tbootstrap.servers = [localhost:9092]\n\tclient.dns.lookup = use_all_dns_ips\n\tconfig.providers = []\n\tconnector.client.config.override.policy = All\n\theader.converter = class org.apache.kafka.connect.storage.SimpleHeaderConverter\n\tkey.converter = class org.apache.kafka.connect.json.JsonConverter\n\tlisteners = [http://:8083]\n\tmetric.reporters = []\n\tmetrics.num.samples = 2\n\tmetrics.recording.level = INFO\n\tmetrics.sample.window.ms = 30000\n\toffset.flush.interval.ms = 1000\n\toffset.flush.timeout.ms = 5000\n\toffset.storage.file.filename = /tmp/cdc-state-offset8913102743495766944/offset.dat\n\tplugin.path = null\n\tresponse.http.headers.config = \n\trest.advertised.host.name = null\n\trest.advertised.listener = null\n\trest.advertised.port = null\n\trest.extension.classes = []\n\tssl.cipher.suites = null\n\tssl.client.auth = none\n\tssl.enabled.protocols = [TLSv1.2, TLSv1.3]\n\tssl.endpoint.identification.algorithm = https\n\tssl.engine.factory.class = null\n\tssl.key.password = null\n\tssl.keymanager.algorithm = SunX509\n\tssl.keystore.certificate.chain = null\n\tssl.keystore.key = null\n\tssl.keystore.location = null\n\tssl.keystore.password = null\n\tssl.keystore.type = JKS\n\tssl.protocol = TLSv1.3\n\tssl.provider = null\n\tssl.secure.random.implementation = null\n\tssl.trustmanager.algorithm = PKIX\n\tssl.truststore.certificates = null\n\tssl.truststore.location = null\n\tssl.truststore.password = null\n\tssl.truststore.type = JKS\n\ttask.shutdown.graceful.timeout.ms = 5000\n\ttopic.creation.enable = true\n\ttopic.tracking.allow.reset = true\n\ttopic.tracking.enable = true\n\tvalue.converter = class org.apache.kafka.connect.json.JsonConverter\n"}}
{"type":"LOG","log":{"level":"WARN","message":"WARN o.a.k.c.r.WorkerConfig(logPluginPathConfigProviderWarning):379 Variables cannot be used in the 'plugin.path' property, since the property is used by plugin scanning before the config providers that replace the variables are initialized. The raw value 'null' was used for plugin scanning, as opposed to the transformed value 'null', and this may cause unexpected results."}}
{"type":"LOG","log":{"level":"INFO","message":"INFO o.a.k.c.s.FileOffsetBackingStore(start):58 Starting FileOffsetBackingStore with file /tmp/cdc-state-offset8913102743495766944/offset.dat"}}
{"type":"LOG","log":{"level":"INFO","message":"INFO o.a.k.c.c.AbstractConfig(logAll):376 JsonConverterConfig values: \n\tconverter.type = key\n\tdecimal.format = BASE64\n\tschemas.cache.size = 1000\n\tschemas.enable = false\n"}}
{"type":"LOG","log":{"level":"INFO","message":"INFO o.a.k.c.c.AbstractConfig(logAll):376 JsonConverterConfig values: \n\tconverter.type = value\n\tdecimal.format = BASE64\n\tschemas.cache.size = 1000\n\tschemas.enable = false\n"}}
{"type":"LOG","log":{"level":"INFO","message":"INFO i.a.i.d.i.p.PostgresDebeziumStateUtil(extractLsn):206 No previous offsets found"}}
{"type":"LOG","log":{"level":"INFO","message":"INFO i.a.i.d.i.p.PostgresDebeziumStateUtil(parseSavedOffset):181 Closing offsetStorageReader and fileOffsetBackingStore"}}
{"type":"LOG","log":{"level":"INFO","message":"INFO o.a.k.c.s.FileOffsetBackingStore(stop):66 Stopped FileOffsetBackingStore"}}
{"type":"LOG","log":{"level":"INFO","message":"INFO i.a.i.s.p.PostgresSource(lambda$getReplicationSlot$4):296 Attempting to find the named replication slot using the query: HikariProxyPreparedStatement@767317755 wrapping SELECT * FROM pg_replication_slots WHERE slot_name = 'debezium_slot_db_fpcbuydcnc' AND plugin = 'pgoutput' AND database = 'db_fpcbuydcnc'"}}
{"type":"LOG","log":{"level":"INFO","message":"INFO i.a.d.j.s.AdaptiveStreamingQueryConfig(initialize):31 Set initial fetch size: 10 rows"}}
{"type":"LOG","log":{"level":"INFO","message":"INFO i.a.i.s.p.PostgresUtils(shouldFlushAfterSync):61 Should flush after sync: true"}}
{"type":"LOG","log":{"level":"INFO","message":"INFO i.a.i.d.i.p.PostgresCdcTargetPosition(targetPosition):49 identified target lsn: PgLsn{lsn=23907024}"}}
{"type":"LOG","log":{"level":"INFO","message":"INFO i.a.i.s.p.PostgresUtils(shouldFlushAfterSync):61 Should flush after sync: true"}}
{"type":"LOG","log":{"level":"INFO","message":"INFO i.a.i.d.AirbyteDebeziumHandler(getIncrementalIterators):95 Using CDC: true"}}
{"type":"LOG","log":{"level":"INFO","message":"INFO o.a.k.c.c.AbstractConfig(logAll):376 JsonConverterConfig values: \n\tconverter.type = key\n\tdecimal.format = BASE64\n\tschemas.cache.size = 1000\n\tschemas.enable = false\n"}}
{"type":"LOG","log":{"level":"INFO","message":"INFO o.a.k.c.c.AbstractConfig(logAll):376 JsonConverterConfig values: \n\tconverter.type = value\n\tdecimal.format = BASE64\n\tschemas.cache.size = 1000\n\tschemas.enable = false\n"}}
{"type":"LOG","log":{"level":"INFO","message":"INFO o.a.k.c.c.AbstractConfig(logAll):376 EmbeddedConfig values: \n\taccess.control.allow.methods = \n\taccess.control.allow.origin = \n\tadmin.listeners = null\n\tauto.include.jmx.reporter = true\n\tbootstrap.servers = [localhost:9092]\n\tclient.dns.lookup = use_all_dns_ips\n\tconfig.providers = []\n\tconnector.client.config.override.policy = All\n\theader.converter = class org.apache.kafka.connect.storage.SimpleHeaderConverter\n\tkey.converter = class org.apache.kafka.connect.json.JsonConverter\n\tlisteners = [http://:8083]\n\tmetric.reporters = []\n\tmetrics.num.samples = 2\n\tmetrics.recording.level = INFO\n\tmetrics.sample.window.ms = 30000\n\toffset.flush.interval.ms = 1000\n\toffset.flush.timeout.ms = 5000\n\toffset.storage.file.filename = /tmp/cdc-state-offset13756374217707689038/offset.dat\n\toffset.storage.partitions = null\n\toffset.storage.replication.factor = null\n\toffset.storage.topic = \n\tplugin.path = null\n\tresponse.http.headers.config = \n\trest.advertised.host.name = null\n\trest.advertised.listener = null\n\trest.advertised.port = null\n\trest.extension.classes = []\n\tssl.cipher.suites = null\n\tssl.client.auth = none\n\tssl.enabled.protocols = [TLSv1.2, TLSv1.3]\n\tssl.endpoint.identification.algorithm = https\n\tssl.engine.factory.class = null\n\tssl.key.password = null\n\tssl.keymanager.algorithm = SunX509\n\tssl.keystore.certificate.chain = null\n\tssl.keystore.key = null\n\tssl.keystore.location = null\n\tssl.keystore.password = null\n\tssl.keystore.type = JKS\n\tssl.protocol = TLSv1.3\n\tssl.provider = null\n\tssl.secure.random.implementation = null\n\tssl.trustmanager.algorithm = PKIX\n\tssl.truststore.certificates = null\n\tssl.truststore.location = null\n\tssl.truststore.password = null\n\tssl.truststore.type = JKS\n\ttask.shutdown.graceful.timeout.ms = 5000\n\ttopic.creation.enable = true\n\ttopic.tracking.allow.reset = true\n\ttopic.tracking.enable = true\n\tvalue.converter = class org.apache.kafka.connect.json.JsonConverter\n"}}
{"type":"LOG","log":{"level":"WARN","message":"WARN o.a.k.c.r.WorkerConfig(logPluginPathConfigProviderWarning):379 Variables cannot be used in the 'plugin.path' property, since the property is used by plugin scanning before the config providers that replace the variables are initialized. The raw value 'null' was used for plugin scanning, as opposed to the transformed value 'null', and this may cause unexpected results."}}
{"type":"LOG","log":{"level":"INFO","message":"INFO o.a.k.c.c.AbstractConfig(logAll):376 JsonConverterConfig values: \n\tconverter.type = key\n\tdecimal.format = BASE64\n\tschemas.cache.size = 1000\n\tschemas.enable = false\n"}}
{"type":"LOG","log":{"level":"INFO","message":"INFO o.a.k.c.c.AbstractConfig(logAll):376 JsonConverterConfig values: \n\tconverter.type = value\n\tdecimal.format = BASE64\n\tschemas.cache.size = 1000\n\tschemas.enable = false\n"}}
{"type":"LOG","log":{"level":"WARN","message":"WARN i.d.c.p.PostgresConnectorConfig(validateFlushLsnSource):1070 Property 'flush.lsn.source' is set to 'false', the LSN will not be flushed to the database source and WAL logs will not be cleared. User is expected to handle this outside Debezium."}}
{"type":"LOG","log":{"level":"INFO","message":"INFO i.d.c.p.PostgresConnector(testConnection):154 Successfully tested connection for jdbc:postgresql://localhost:55651/db_fpcbuydcnc with user 'test'"}}
{"type":"LOG","log":{"level":"INFO","message":"INFO i.d.j.JdbcConnection(lambda$doClose$4):947 Connection gracefully closed"}}
{"type":"LOG","log":{"level":"INFO","message":"INFO o.a.k.c.s.FileOffsetBackingStore(start):58 Starting FileOffsetBackingStore with file /tmp/cdc-state-offset13756374217707689038/offset.dat"}}
{"type":"LOG","log":{"level":"WARN","message":"WARN i.d.c.p.PostgresConnectorConfig(validateFlushLsnSource):1070 Property 'flush.lsn.source' is set to 'false', the LSN will not be flushed to the database source and WAL logs will not be cleared. User is expected to handle this outside Debezium."}}
{"type":"LOG","log":{"level":"INFO","message":"INFO i.d.c.c.BaseSourceTask(start):124 Starting PostgresConnectorTask with configuration:"}}
{"type":"LOG","log":{"level":"INFO","message":"INFO i.d.c.c.BaseSourceTask(lambda$start$0):126    connector.class = io.debezium.connector.postgresql.PostgresConnector"}}
{"type":"LOG","log":{"level":"INFO","message":"INFO i.d.c.c.BaseSourceTask(lambda$start$0):126    max.queue.size = 8192"}}
{"type":"LOG","log":{"level":"INFO","message":"INFO i.d.c.c.BaseSourceTask(lambda$start$0):126    slot.name = debezium_slot_db_fpcbuydcnc"}}
{"type":"LOG","log":{"level":"INFO","message":"INFO i.d.c.c.BaseSourceTask(lambda$start$0):126    publication.name = publication"}}
{"type":"LOG","log":{"level":"INFO","message":"INFO i.d.c.c.BaseSourceTask(lambda$start$0):126    topic.prefix = db_fpcbuydcnc"}}
{"type":"LOG","log":{"level":"INFO","message":"INFO i.d.c.c.BaseSourceTask(lambda$start$0):126    offset.storage.file.filename = /tmp/cdc-state-offset13756374217707689038/offset.dat"}}
{"type":"LOG","log":{"level":"INFO","message":"INFO i.d.c.c.BaseSourceTask(lambda$start$0):126    decimal.handling.mode = string"}}
{"type":"LOG","log":{"level":"INFO","message":"INFO i.d.c.c.BaseSourceTask(lambda$start$0):126    flush.lsn.source = false"}}
{"type":"LOG","log":{"level":"INFO","message":"INFO i.d.c.c.BaseSourceTask(lambda$start$0):126    converters = datetime"}}
{"type":"LOG","log":{"level":"INFO","message":"INFO i.d.c.c.BaseSourceTask(lambda$start$0):126    errors.retry.delay.initial.ms = 299"}}
{"type":"LOG","log":{"level":"INFO","message":"INFO i.d.c.c.BaseSourceTask(lambda$start$0):126    datetime.type = io.airbyte.integrations.debezium.internals.postgres.PostgresConverter"}}
{"type":"LOG","log":{"level":"INFO","message":"INFO i.d.c.c.BaseSourceTask(lambda$start$0):126    value.converter = org.apache.kafka.connect.json.JsonConverter"}}
{"type":"LOG","log":{"level":"INFO","message":"INFO i.d.c.c.BaseSourceTask(lambda$start$0):126    key.converter = org.apache.kafka.connect.json.JsonConverter"}}
{"type":"LOG","log":{"level":"INFO","message":"INFO i.d.c.c.BaseSourceTask(lambda$start$0):126    publication.autocreate.mode = disabled"}}
{"type":"LOG","log":{"level":"INFO","message":"INFO i.d.c.c.BaseSourceTask(lambda$start$0):126    database.user = test"}}
{"type":"LOG","log":{"level":"INFO","message":"INFO i.d.c.c.BaseSourceTask(lambda$start$0):126    database.dbname = db_fpcbuydcnc"}}
{"type":"LOG","log":{"level":"INFO","message":"INFO i.d.c.c.BaseSourceTask(lambda$start$0):126    offset.storage = org.apache.kafka.connect.storage.FileOffsetBackingStore"}}
{"type":"LOG","log":{"level":"INFO","message":"INFO i.d.c.c.BaseSourceTask(lambda$start$0):126    errors.retry.delay.max.ms = 300"}}
{"type":"LOG","log":{"level":"INFO","message":"INFO i.d.c.c.BaseSourceTask(lambda$start$0):126    offset.flush.timeout.ms = 5000"}}
{"type":"LOG","log":{"level":"INFO","message":"INFO i.d.c.c.BaseSourceTask(lambda$start$0):126    heartbeat.interval.ms = 10000"}}
{"type":"LOG","log":{"level":"INFO","message":"INFO i.d.c.c.BaseSourceTask(lambda$start$0):126    column.include.list = \\Qmodels_schema.models\\E\\.(\\Qmodel\\E|\\Qid\\E|\\Qmake_id\\E)"}}
{"type":"LOG","log":{"level":"INFO","message":"INFO i.d.c.c.BaseSourceTask(lambda$start$0):126    plugin.name = pgoutput"}}
{"type":"LOG","log":{"level":"INFO","message":"INFO i.d.c.c.BaseSourceTask(lambda$start$0):126    database.port = 55651"}}
{"type":"LOG","log":{"level":"INFO","message":"INFO i.d.c.c.BaseSourceTask(lambda$start$0):126    offset.flush.interval.ms = 1000"}}
{"type":"LOG","log":{"level":"INFO","message":"INFO i.d.c.c.BaseSourceTask(lambda$start$0):126    key.converter.schemas.enable = false"}}
{"type":"LOG","log":{"level":"INFO","message":"INFO i.d.c.c.BaseSourceTask(lambda$start$0):126    include.unknown.datatypes = true"}}
{"type":"LOG","log":{"level":"INFO","message":"INFO i.d.c.c.BaseSourceTask(lambda$start$0):126    errors.max.retries = 10"}}
{"type":"LOG","log":{"level":"INFO","message":"INFO i.d.c.c.BaseSourceTask(lambda$start$0):126    database.hostname = localhost"}}
{"type":"LOG","log":{"level":"INFO","message":"INFO i.d.c.c.BaseSourceTask(lambda$start$0):126    database.password = ********"}}
{"type":"LOG","log":{"level":"INFO","message":"INFO i.d.c.c.BaseSourceTask(lambda$start$0):126    value.converter.schemas.enable = false"}}
{"type":"LOG","log":{"level":"INFO","message":"INFO i.d.c.c.BaseSourceTask(lambda$start$0):126    name = db_fpcbuydcnc"}}
{"type":"LOG","log":{"level":"INFO","message":"INFO i.d.c.c.BaseSourceTask(lambda$start$0):126    max.batch.size = 2048"}}
{"type":"LOG","log":{"level":"INFO","message":"INFO i.d.c.c.BaseSourceTask(lambda$start$0):126    table.include.list = \\Qmodels_schema.models\\E"}}
{"type":"LOG","log":{"level":"INFO","message":"INFO i.d.c.c.BaseSourceTask(lambda$start$0):126    snapshot.mode = initial"}}
{"type":"LOG","log":{"level":"INFO","message":"INFO i.d.c.c.BaseSourceTask(startIfNeededAndPossible):243 Attempting to start task"}}
{"type":"LOG","log":{"level":"INFO","message":"INFO i.d.c.CommonConnectorConfig(getTopicNamingStrategy):849 Loading the custom topic naming strategy plugin: io.debezium.schema.SchemaTopicNamingStrategy"}}
{"type":"LOG","log":{"level":"INFO","message":"INFO i.d.j.JdbcConnection(lambda$doClose$4):947 Connection gracefully closed"}}
{"type":"LOG","log":{"level":"INFO","message":"INFO i.d.c.c.BaseSourceTask(getPreviousOffsets):375 No previous offsets found"}}
{"type":"LOG","log":{"level":"INFO","message":"INFO i.d.c.p.PostgresConnectorTask(start):113 user 'test' connected to database 'db_fpcbuydcnc' on PostgreSQL 13.11 on x86_64-pc-linux-musl, compiled by gcc (Alpine 12.2.1_git20220924-r10) 12.2.1 20220924, 64-bit with roles:\n\trole 'pg_read_all_settings' [superuser: false, replication: false, inherit: true, create role: false, create db: false, can log in: false]\n\trole 'pg_stat_scan_tables' [superuser: false, replication: false, inherit: true, create role: false, create db: false, can log in: false]\n\trole 'pg_write_server_files' [superuser: false, replication: false, inherit: true, create role: false, create db: false, can log in: false]\n\trole 'test' [superuser: true, replication: true, inherit: true, create role: true, create db: true, can log in: true]\n\trole 'pg_monitor' [superuser: false, replication: false, inherit: true, create role: false, create db: false, can log in: false]\n\trole 'pg_read_server_files' [superuser: false, replication: false, inherit: true, create role: false, create db: false, can log in: false]\n\trole 'pg_execute_server_program' [superuser: false, replication: false, inherit: true, create role: false, create db: false, can log in: false]\n\trole 'pg_read_all_stats' [superuser: false, replication: false, inherit: true, create role: false, create db: false, can log in: false]\n\trole 'pg_signal_backend' [superuser: false, replication: false, inherit: true, create role: false, create db: false, can log in: false]"}}
{"type":"LOG","log":{"level":"INFO","message":"INFO i.d.c.p.c.PostgresConnection(readReplicationSlotInfo):264 Obtained valid replication slot ReplicationSlot [active=false, latestFlushedLsn=LSN{0/16CB9D0}, catalogXmin=504]"}}
{"type":"LOG","log":{"level":"INFO","message":"INFO i.d.c.p.PostgresConnectorTask(start):122 No previous offset found"}}
{"type":"LOG","log":{"level":"INFO","message":"INFO i.d.u.Threads(threadFactory):270 Requested thread factory for connector PostgresConnector, id = db_fpcbuydcnc named = change-event-source-coordinator"}}
{"type":"LOG","log":{"level":"INFO","message":"INFO i.d.u.Threads$3(newThread):287 Creating thread debezium-postgresconnector-db_fpcbuydcnc-change-event-source-coordinator"}}
{"type":"LOG","log":{"level":"INFO","message":"INFO i.d.c.c.BaseSourceTask(startIfNeededAndPossible):245 Successfully started task"}}
{"type":"LOG","log":{"level":"INFO","message":"INFO i.d.p.ChangeEventSourceCoordinator(lambda$start$0):103 Metrics registered"}}
{"type":"LOG","log":{"level":"INFO","message":"INFO i.d.p.ChangeEventSourceCoordinator(lambda$start$0):106 Context created"}}
{"type":"LOG","log":{"level":"INFO","message":"INFO i.d.c.p.s.InitialSnapshotter(shouldSnapshot):34 Taking initial snapshot for new datasource"}}
{"type":"LOG","log":{"level":"INFO","message":"INFO i.d.c.p.PostgresSnapshotChangeEventSource(getSnapshottingTask):65 According to the connector configuration data will be snapshotted"}}
{"type":"LOG","log":{"level":"INFO","message":"INFO i.d.r.RelationalSnapshotChangeEventSource(doExecute):110 Snapshot step 1 - Preparing"}}
{"type":"LOG","log":{"level":"INFO","message":"INFO i.d.r.RelationalSnapshotChangeEventSource(doExecute):119 Snapshot step 2 - Determining captured tables"}}
{"type":"LOG","log":{"level":"INFO","message":"INFO i.d.r.RelationalSnapshotChangeEventSource(determineCapturedTables):267 Adding table models_schema.models to the list of capture schema tables"}}
{"type":"LOG","log":{"level":"INFO","message":"INFO i.d.r.RelationalSnapshotChangeEventSource(determineCapturedTables):267 Adding table models_schema_random.models_random to the list of capture schema tables"}}
{"type":"LOG","log":{"level":"INFO","message":"INFO i.d.r.RelationalSnapshotChangeEventSource(doExecute):126 Snapshot step 3 - Locking captured tables [models_schema.models]"}}
{"type":"LOG","log":{"level":"INFO","message":"INFO i.d.r.RelationalSnapshotChangeEventSource(doExecute):132 Snapshot step 4 - Determining snapshot offset"}}
{"type":"LOG","log":{"level":"INFO","message":"INFO i.d.c.p.PostgresOffsetContext(initialContext):233 Creating initial offset context"}}
{"type":"LOG","log":{"level":"INFO","message":"INFO i.d.c.p.PostgresOffsetContext(initialContext):236 Read xlogStart at 'LSN{0/16CCAD0}' from transaction '525'"}}
{"type":"LOG","log":{"level":"INFO","message":"INFO i.d.c.p.PostgresSnapshotChangeEventSource(updateOffsetForSnapshot):147 Read xlogStart at 'LSN{0/16CCAD0}' from transaction '525'"}}
{"type":"LOG","log":{"level":"INFO","message":"INFO i.d.r.RelationalSnapshotChangeEventSource(doExecute):135 Snapshot step 5 - Reading structure of captured tables"}}
{"type":"LOG","log":{"level":"INFO","message":"INFO i.d.c.p.PostgresSnapshotChangeEventSource(readTableStructure):193 Reading structure of schema 'models_schema' of catalog 'db_fpcbuydcnc'"}}
{"type":"LOG","log":{"level":"INFO","message":"INFO i.d.r.RelationalSnapshotChangeEventSource(doExecute):139 Snapshot step 5.a - Creating connection pool"}}
{"type":"LOG","log":{"level":"INFO","message":"INFO i.d.r.RelationalSnapshotChangeEventSource(createConnectionPool):213 Created connection pool with 1 threads"}}
{"type":"LOG","log":{"level":"INFO","message":"INFO i.d.r.RelationalSnapshotChangeEventSource(doExecute):144 Snapshot step 6 - Persisting schema history"}}
{"type":"LOG","log":{"level":"INFO","message":"INFO i.d.r.RelationalSnapshotChangeEventSource(doExecute):156 Snapshot step 7 - Snapshotting data"}}
{"type":"LOG","log":{"level":"INFO","message":"INFO i.d.r.RelationalSnapshotChangeEventSource(createDataEvents):390 Creating snapshot worker pool with 1 worker thread(s)"}}
{"type":"LOG","log":{"level":"INFO","message":"INFO i.d.r.RelationalSnapshotChangeEventSource(createDataEvents):399 For table 'models_schema.models' using select statement: 'SELECT \"id\", \"make_id\", \"model\" FROM \"models_schema\".\"models\"'"}}
{"type":"LOG","log":{"level":"INFO","message":"INFO i.d.r.RelationalSnapshotChangeEventSource(doCreateDataEventsForTable):513 Exporting data from table 'models_schema.models' (1 of 1 tables)"}}
{"type":"LOG","log":{"level":"INFO","message":"INFO i.d.r.RelationalSnapshotChangeEventSource(doCreateDataEventsForTable):559 \t Finished exporting 26 records for table 'models_schema.models' (1 of 1 tables); total duration '00:00:00.062'"}}
{"type":"LOG","log":{"level":"INFO","message":"INFO i.d.p.s.AbstractSnapshotChangeEventSource(execute):88 Snapshot - Final stage"}}
{"type":"LOG","log":{"level":"INFO","message":"INFO i.d.p.s.AbstractSnapshotChangeEventSource(execute):92 Snapshot completed"}}
{"type":"LOG","log":{"level":"INFO","message":"INFO i.d.p.ChangeEventSourceCoordinator(doSnapshot):156 Snapshot ended with SnapshotResult [status=COMPLETED, offset=PostgresOffsetContext [sourceInfoSchema=Schema{io.debezium.connector.postgresql.Source:STRUCT}, sourceInfo=source_info[server='db_fpcbuydcnc'db='db_fpcbuydcnc', lsn=LSN{0/16CCAD0}, txId=525, timestamp=2023-05-20T13:44:51.374040Z, snapshot=FALSE, schema=models_schema, table=models], lastSnapshotRecord=true, lastCompletelyProcessedLsn=null, lastCommitLsn=null, streamingStoppingLsn=null, transactionContext=TransactionContext [currentTransactionId=null, perTableEventCount={}, totalEventCount=0], incrementalSnapshotContext=IncrementalSnapshotContext [windowOpened=false, chunkEndPosition=null, dataCollectionsToSnapshot=[], lastEventKeySent=null, maximumKey=null]]]"}}
{"type":"LOG","log":{"level":"INFO","message":"INFO i.d.p.ChangeEventSourceCoordinator(streamingConnected):240 Connected metrics set to 'true'"}}
{"type":"LOG","log":{"level":"INFO","message":"INFO i.a.i.d.i.p.PostgresCdcTargetPosition(reachedTargetPosition):61 Signalling close because Snapshot is complete"}}
{"type":"LOG","log":{"level":"INFO","message":"INFO i.a.i.d.i.DebeziumRecordIterator(requestClose):208 Closing: Change event reached target position"}}
{"type":"LOG","log":{"level":"INFO","message":"INFO i.d.e.EmbeddedEngine(stop):1146 Stopping the embedded engine"}}
{"type":"LOG","log":{"level":"INFO","message":"INFO i.d.e.EmbeddedEngine(stop):1153 Waiting for PT5M for connector to stop"}}
{"type":"LOG","log":{"level":"INFO","message":"INFO i.d.c.p.PostgresSchema(printReplicaIdentityInfo):100 REPLICA IDENTITY for 'models_schema.models' is 'DEFAULT'; UPDATE and DELETE events will contain previous values only for PK columns"}}
{"type":"LOG","log":{"level":"INFO","message":"INFO i.d.p.ChangeEventSourceCoordinator(streamEvents):173 Starting streaming"}}
{"type":"LOG","log":{"level":"INFO","message":"INFO i.d.c.p.PostgresStreamingChangeEventSource(execute):136 Retrieved latest position from stored offset 'LSN{0/16CCAD0}'"}}
{"type":"LOG","log":{"level":"INFO","message":"INFO i.d.c.p.c.WalPositionLocator(<init>):48 Looking for WAL restart position for last commit LSN 'null' and last change LSN 'LSN{0/16CCAD0}'"}}
{"type":"LOG","log":{"level":"INFO","message":"INFO i.d.c.p.c.PostgresReplicationConnection(initPublication):147 Initializing PgOutput logical decoder publication"}}
{"type":"LOG","log":{"level":"INFO","message":"INFO i.d.c.p.c.PostgresConnection(readReplicationSlotInfo):264 Obtained valid replication slot ReplicationSlot [active=false, latestFlushedLsn=LSN{0/16CB9D0}, catalogXmin=504]"}}
{"type":"LOG","log":{"level":"INFO","message":"INFO i.d.j.JdbcConnection(lambda$doClose$4):947 Connection gracefully closed"}}
{"type":"LOG","log":{"level":"INFO","message":"INFO i.d.u.Threads(threadFactory):270 Requested thread factory for connector PostgresConnector, id = db_fpcbuydcnc named = keep-alive"}}
{"type":"LOG","log":{"level":"INFO","message":"INFO i.d.u.Threads$3(newThread):287 Creating thread debezium-postgresconnector-db_fpcbuydcnc-keep-alive"}}
{"type":"LOG","log":{"level":"INFO","message":"INFO i.d.c.p.PostgresSchema(printReplicaIdentityInfo):100 REPLICA IDENTITY for 'models_schema.models' is 'DEFAULT'; UPDATE and DELETE events will contain previous values only for PK columns"}}
{"type":"LOG","log":{"level":"INFO","message":"INFO i.d.c.p.PostgresStreamingChangeEventSource(searchWalPosition):327 Searching for WAL resume position"}}
{"type":"LOG","log":{"level":"INFO","message":"INFO i.d.e.EmbeddedEngine(run):944 Stopping the task and engine"}}
{"type":"LOG","log":{"level":"INFO","message":"INFO i.d.c.c.BaseSourceTask(stop):278 Stopping down connector"}}
{"type":"LOG","log":{"level":"INFO","message":"INFO i.d.c.p.PostgresStreamingChangeEventSource(searchWalPosition):348 WAL resume position 'null' discovered"}}
{"type":"LOG","log":{"level":"INFO","message":"INFO i.d.j.JdbcConnection(lambda$doClose$4):947 Connection gracefully closed"}}
{"type":"LOG","log":{"level":"INFO","message":"INFO i.d.j.JdbcConnection(lambda$doClose$4):947 Connection gracefully closed"}}
{"type":"LOG","log":{"level":"INFO","message":"INFO i.d.c.p.c.PostgresReplicationConnection(initPublication):147 Initializing PgOutput logical decoder publication"}}
{"type":"LOG","log":{"level":"INFO","message":"INFO i.d.u.Threads(threadFactory):270 Requested thread factory for connector PostgresConnector, id = db_fpcbuydcnc named = keep-alive"}}
{"type":"LOG","log":{"level":"INFO","message":"INFO i.d.u.Threads$3(newThread):287 Creating thread debezium-postgresconnector-db_fpcbuydcnc-keep-alive"}}
{"type":"LOG","log":{"level":"INFO","message":"INFO i.d.c.p.PostgresStreamingChangeEventSource(processMessages):211 Processing messages"}}
{"type":"LOG","log":{"level":"INFO","message":"INFO i.d.j.JdbcConnection(lambda$doClose$4):947 Connection gracefully closed"}}
{"type":"LOG","log":{"level":"INFO","message":"INFO i.d.j.JdbcConnection(lambda$doClose$4):947 Connection gracefully closed"}}
{"type":"LOG","log":{"level":"INFO","message":"INFO i.d.p.ChangeEventSourceCoordinator(streamEvents):175 Finished streaming"}}
{"type":"LOG","log":{"level":"INFO","message":"INFO i.d.p.ChangeEventSourceCoordinator(streamingConnected):240 Connected metrics set to 'false'"}}
{"type":"LOG","log":{"level":"INFO","message":"INFO o.a.k.c.s.FileOffsetBackingStore(stop):66 Stopped FileOffsetBackingStore"}}
{"type":"LOG","log":{"level":"INFO","message":"INFO i.a.i.d.i.DebeziumRecordPublisher(lambda$start$1):73 Debezium engine shutdown."}}
{"type":"LOG","log":{"level":"INFO","message":"INFO i.a.i.d.i.DebeziumRecordPublisher(lambda$start$1):74 Connector 'io.debezium.connector.postgresql.PostgresConnector' completed normally."}}
{"type":"LOG","log":{"level":"INFO","message":"INFO i.a.i.s.p.PostgresCdcStateHandler(saveState):37 debezium state: {\"[\\\"db_fpcbuydcnc\\\",{\\\"server\\\":\\\"db_fpcbuydcnc\\\"}]\":\"{\\\"transaction_id\\\":null,\\\"lsn\\\":23907024,\\\"txId\\\":525,\\\"ts_usec\\\":1684590291374040}\"}"}}
{"type":"LOG","log":{"level":"INFO","message":"INFO i.a.i.s.r.AbstractDbSource(lambda$read$1):173 Closing database connection pool."}}
{"type":"LOG","log":{"level":"INFO","message":"INFO c.z.h.HikariDataSource(close):350 HikariPool-2 - Shutdown initiated..."}}
{"type":"LOG","log":{"level":"INFO","message":"INFO c.z.h.HikariDataSource(close):352 HikariPool-2 - Shutdown completed."}}
{"type":"LOG","log":{"level":"INFO","message":"INFO i.a.i.s.r.AbstractDbSource(lambda$read$1):175 Closed database connection pool."}}
{"type":"LOG","log":{"level":"INFO","message":"INFO i.a.i.s.p.PostgresUtils(isCdc):53 using CDC: true"}}
{"type":"LOG","log":{"level":"INFO","message":"INFO i.a.i.s.r.s.StateManagerFactory(createStateManager):51 Global state manager selected to manage state object with type GLOBAL."}}
{"type":"LOG","log":{"level":"INFO","message":"INFO i.a.i.s.r.CdcStateManager(<init>):29 Initialized CDC state with: io.airbyte.integrations.source.relationaldb.models.CdcState@268f0cd1[state={\"[\\\"db_fpcbuydcnc\\\",{\\\"server\\\":\\\"db_fpcbuydcnc\\\"}]\":\"{\\\"transaction_id\\\":null,\\\"lsn\\\":23907024,\\\"txId\\\":525,\\\"ts_usec\\\":1684590291374040}\"},additionalProperties={}]"}}
{"type":"LOG","log":{"level":"INFO","message":"INFO c.z.h.HikariDataSource(<init>):80 HikariPool-3 - Starting..."}}
{"type":"LOG","log":{"level":"INFO","message":"INFO c.z.h.HikariDataSource(<init>):82 HikariPool-3 - Start completed."}}
{"type":"LOG","log":{"level":"INFO","message":"INFO i.a.i.s.p.PostgresUtils(isCdc):53 using CDC: true"}}
{"type":"LOG","log":{"level":"INFO","message":"INFO i.a.d.j.s.AdaptiveStreamingQueryConfig(initialize):31 Set initial fetch size: 10 rows"}}
{"type":"LOG","log":{"level":"INFO","message":"INFO i.a.i.s.p.PostgresCdcCatalogHelper(getPublicizedTables):119 For CDC, only tables in publication publication will be included in the sync: [models_schema.models, models_schema_random.models_random]"}}
{"type":"LOG","log":{"level":"INFO","message":"INFO i.a.i.s.j.AbstractJdbcSource(logPreSyncDebugData):450 Data source product recognized as PostgreSQL:13.11"}}
{"type":"LOG","log":{"level":"INFO","message":"INFO i.a.i.s.p.PostgresSource(logPreSyncDebugData):221 Discovering indexes for schema \"models_schema\", table \"models\""}}
{"type":"LOG","log":{"level":"INFO","message":"INFO i.a.i.s.p.PostgresSource(logPreSyncDebugData):223 Index name: models_pkey, Column: id, Unique: true"}}
{"type":"LOG","log":{"level":"INFO","message":"INFO i.a.i.s.p.PostgresQueryUtils(logXminStatus):77 Xmin Status : {Number of wraparounds: 0, Xmin Transaction Value: 546, Xmin Raw Value: 546"}}
{"type":"LOG","log":{"level":"INFO","message":"INFO i.a.i.s.j.AbstractJdbcSource(discoverInternal):166 Internal schemas to exclude: [catalog_history, information_schema, pg_catalog, pg_internal]"}}
{"type":"LOG","log":{"level":"INFO","message":"INFO i.a.d.j.s.AdaptiveStreamingQueryConfig(initialize):31 Set initial fetch size: 10 rows"}}
{"type":"LOG","log":{"level":"INFO","message":"INFO i.a.i.s.j.AbstractJdbcSource(discoverInternal):166 Internal schemas to exclude: [catalog_history, information_schema, pg_catalog, pg_internal]"}}
{"type":"LOG","log":{"level":"INFO","message":"INFO i.a.d.j.s.AdaptiveStreamingQueryConfig(initialize):31 Set initial fetch size: 10 rows"}}
{"type":"LOG","log":{"level":"INFO","message":"INFO i.a.i.s.p.PostgresUtils(isCdc):53 using CDC: true"}}
{"type":"LOG","log":{"level":"INFO","message":"INFO i.a.i.s.p.PostgresUtils(getFirstRecordWaitTime):111 First record waiting time: 30 seconds"}}
{"type":"LOG","log":{"level":"INFO","message":"INFO i.a.i.s.p.PostgresSource(getIncrementalIterators):369 First record waiting time: 30 seconds"}}
{"type":"LOG","log":{"level":"INFO","message":"INFO i.a.i.s.p.PostgresUtils(shouldFlushAfterSync):61 Should flush after sync: true"}}
{"type":"LOG","log":{"level":"INFO","message":"INFO o.a.k.c.c.AbstractConfig(logAll):376 StandaloneConfig values: \n\taccess.control.allow.methods = \n\taccess.control.allow.origin = \n\tadmin.listeners = null\n\tauto.include.jmx.reporter = true\n\tbootstrap.servers = [localhost:9092]\n\tclient.dns.lookup = use_all_dns_ips\n\tconfig.providers = []\n\tconnector.client.config.override.policy = All\n\theader.converter = class org.apache.kafka.connect.storage.SimpleHeaderConverter\n\tkey.converter = class org.apache.kafka.connect.json.JsonConverter\n\tlisteners = [http://:8083]\n\tmetric.reporters = []\n\tmetrics.num.samples = 2\n\tmetrics.recording.level = INFO\n\tmetrics.sample.window.ms = 30000\n\toffset.flush.interval.ms = 1000\n\toffset.flush.timeout.ms = 5000\n\toffset.storage.file.filename = /tmp/cdc-state-offset9046372558657304054/offset.dat\n\tplugin.path = null\n\tresponse.http.headers.config = \n\trest.advertised.host.name = null\n\trest.advertised.listener = null\n\trest.advertised.port = null\n\trest.extension.classes = []\n\tssl.cipher.suites = null\n\tssl.client.auth = none\n\tssl.enabled.protocols = [TLSv1.2, TLSv1.3]\n\tssl.endpoint.identification.algorithm = https\n\tssl.engine.factory.class = null\n\tssl.key.password = null\n\tssl.keymanager.algorithm = SunX509\n\tssl.keystore.certificate.chain = null\n\tssl.keystore.key = null\n\tssl.keystore.location = null\n\tssl.keystore.password = null\n\tssl.keystore.type = JKS\n\tssl.protocol = TLSv1.3\n\tssl.provider = null\n\tssl.secure.random.implementation = null\n\tssl.trustmanager.algorithm = PKIX\n\tssl.truststore.certificates = null\n\tssl.truststore.location = null\n\tssl.truststore.password = null\n\tssl.truststore.type = JKS\n\ttask.shutdown.graceful.timeout.ms = 5000\n\ttopic.creation.enable = true\n\ttopic.tracking.allow.reset = true\n\ttopic.tracking.enable = true\n\tvalue.converter = class org.apache.kafka.connect.json.JsonConverter\n"}}
{"type":"LOG","log":{"level":"WARN","message":"WARN o.a.k.c.r.WorkerConfig(logPluginPathConfigProviderWarning):379 Variables cannot be used in the 'plugin.path' property, since the property is used by plugin scanning before the config providers that replace the variables are initialized. The raw value 'null' was used for plugin scanning, as opposed to the transformed value 'null', and this may cause unexpected results."}}
{"type":"LOG","log":{"level":"INFO","message":"INFO o.a.k.c.s.FileOffsetBackingStore(start):58 Starting FileOffsetBackingStore with file /tmp/cdc-state-offset9046372558657304054/offset.dat"}}
{"type":"LOG","log":{"level":"INFO","message":"INFO o.a.k.c.c.AbstractConfig(logAll):376 JsonConverterConfig values: \n\tconverter.type = key\n\tdecimal.format = BASE64\n\tschemas.cache.size = 1000\n\tschemas.enable = false\n"}}
{"type":"LOG","log":{"level":"INFO","message":"INFO o.a.k.c.c.AbstractConfig(logAll):376 JsonConverterConfig values: \n\tconverter.type = value\n\tdecimal.format = BASE64\n\tschemas.cache.size = 1000\n\tschemas.enable = false\n"}}
{"type":"LOG","log":{"level":"INFO","message":"INFO i.a.i.d.i.p.PostgresDebeziumStateUtil(extractLsn):201 Found previous partition offset PostgresPartition [sourcePartition={server=db_fpcbuydcnc}]: {transaction_id=null, lsn=23907024, txId=525, ts_usec=1684590291374040}"}}
{"type":"LOG","log":{"level":"INFO","message":"INFO i.a.i.d.i.p.PostgresDebeziumStateUtil(parseSavedOffset):181 Closing offsetStorageReader and fileOffsetBackingStore"}}
{"type":"LOG","log":{"level":"INFO","message":"INFO o.a.k.c.s.FileOffsetBackingStore(stop):66 Stopped FileOffsetBackingStore"}}
{"type":"LOG","log":{"level":"INFO","message":"INFO i.a.i.s.p.PostgresSource(lambda$getReplicationSlot$4):296 Attempting to find the named replication slot using the query: HikariProxyPreparedStatement@1129898505 wrapping SELECT * FROM pg_replication_slots WHERE slot_name = 'debezium_slot_db_fpcbuydcnc' AND plugin = 'pgoutput' AND database = 'db_fpcbuydcnc'"}}
{"type":"LOG","log":{"level":"INFO","message":"INFO i.a.d.j.s.AdaptiveStreamingQueryConfig(initialize):31 Set initial fetch size: 10 rows"}}
{"type":"LOG","log":{"level":"INFO","message":"INFO i.a.i.d.i.p.PostgresDebeziumStateUtil(isSavedOffsetAfterReplicationSlotLSN):62 Replication slot confirmed_flush_lsn : 23902672 Saved offset LSN : 23907024"}}
{"type":"LOG","log":{"level":"INFO","message":"INFO i.a.i.s.p.PostgresUtils(shouldFlushAfterSync):61 Should flush after sync: true"}}
{"type":"LOG","log":{"level":"INFO","message":"INFO i.a.i.d.i.p.PostgresReplicationConnection(createConnection):44 Creating a replication connection."}}
{"type":"LOG","log":{"level":"INFO","message":"INFO i.a.i.d.i.p.PostgresReplicationConnection(createConnection):47 Validating replication connection."}}
{"type":"LOG","log":{"level":"INFO","message":"INFO i.a.i.d.i.p.PostgresCdcTargetPosition(targetPosition):49 identified target lsn: PgLsn{lsn=23910800}"}}
{"type":"LOG","log":{"level":"INFO","message":"INFO i.a.i.s.p.PostgresUtils(shouldFlushAfterSync):61 Should flush after sync: true"}}
{"type":"LOG","log":{"level":"INFO","message":"INFO i.a.i.d.AirbyteDebeziumHandler(getIncrementalIterators):95 Using CDC: true"}}
{"type":"LOG","log":{"level":"INFO","message":"INFO o.a.k.c.c.AbstractConfig(logAll):376 JsonConverterConfig values: \n\tconverter.type = key\n\tdecimal.format = BASE64\n\tschemas.cache.size = 1000\n\tschemas.enable = false\n"}}
{"type":"LOG","log":{"level":"INFO","message":"INFO o.a.k.c.c.AbstractConfig(logAll):376 JsonConverterConfig values: \n\tconverter.type = value\n\tdecimal.format = BASE64\n\tschemas.cache.size = 1000\n\tschemas.enable = false\n"}}
{"type":"LOG","log":{"level":"INFO","message":"INFO o.a.k.c.c.AbstractConfig(logAll):376 EmbeddedConfig values: \n\taccess.control.allow.methods = \n\taccess.control.allow.origin = \n\tadmin.listeners = null\n\tauto.include.jmx.reporter = true\n\tbootstrap.servers = [localhost:9092]\n\tclient.dns.lookup = use_all_dns_ips\n\tconfig.providers = []\n\tconnector.client.config.override.policy = All\n\theader.converter = class org.apache.kafka.connect.storage.SimpleHeaderConverter\n\tkey.converter = class org.apache.kafka.connect.json.JsonConverter\n\tlisteners = [http://:8083]\n\tmetric.reporters = []\n\tmetrics.num.samples = 2\n\tmetrics.recording.level = INFO\n\tmetrics.sample.window.ms = 30000\n\toffset.flush.interval.ms = 1000\n\toffset.flush.timeout.ms = 5000\n\toffset.storage.file.filename = /tmp/cdc-state-offset5780011331602899801/offset.dat\n\toffset.storage.partitions = null\n\toffset.storage.replication.factor = null\n\toffset.storage.topic = \n\tplugin.path = null\n\tresponse.http.headers.config = \n\trest.advertised.host.name = null\n\trest.advertised.listener = null\n\trest.advertised.port = null\n\trest.extension.classes = []\n\tssl.cipher.suites = null\n\tssl.client.auth = none\n\tssl.enabled.protocols = [TLSv1.2, TLSv1.3]\n\tssl.endpoint.identification.algorithm = https\n\tssl.engine.factory.class = null\n\tssl.key.password = null\n\tssl.keymanager.algorithm = SunX509\n\tssl.keystore.certificate.chain = null\n\tssl.keystore.key = null\n\tssl.keystore.location = null\n\tssl.keystore.password = null\n\tssl.keystore.type = JKS\n\tssl.protocol = TLSv1.3\n\tssl.provider = null\n\tssl.secure.random.implementation = null\n\tssl.trustmanager.algorithm = PKIX\n\tssl.truststore.certificates = null\n\tssl.truststore.location = null\n\tssl.truststore.password = null\n\tssl.truststore.type = JKS\n\ttask.shutdown.graceful.timeout.ms = 5000\n\ttopic.creation.enable = true\n\ttopic.tracking.allow.reset = true\n\ttopic.tracking.enable = true\n\tvalue.converter = class org.apache.kafka.connect.json.JsonConverter\n"}}
{"type":"LOG","log":{"level":"WARN","message":"WARN o.a.k.c.r.WorkerConfig(logPluginPathConfigProviderWarning):379 Variables cannot be used in the 'plugin.path' property, since the property is used by plugin scanning before the config providers that replace the variables are initialized. The raw value 'null' was used for plugin scanning, as opposed to the transformed value 'null', and this may cause unexpected results."}}
{"type":"LOG","log":{"level":"INFO","message":"INFO o.a.k.c.c.AbstractConfig(logAll):376 JsonConverterConfig values: \n\tconverter.type = key\n\tdecimal.format = BASE64\n\tschemas.cache.size = 1000\n\tschemas.enable = false\n"}}
{"type":"LOG","log":{"level":"INFO","message":"INFO o.a.k.c.c.AbstractConfig(logAll):376 JsonConverterConfig values: \n\tconverter.type = value\n\tdecimal.format = BASE64\n\tschemas.cache.size = 1000\n\tschemas.enable = false\n"}}
{"type":"LOG","log":{"level":"WARN","message":"WARN i.d.c.p.PostgresConnectorConfig(validateFlushLsnSource):1070 Property 'flush.lsn.source' is set to 'false', the LSN will not be flushed to the database source and WAL logs will not be cleared. User is expected to handle this outside Debezium."}}
{"type":"LOG","log":{"level":"INFO","message":"INFO i.d.c.p.PostgresConnector(testConnection):154 Successfully tested connection for jdbc:postgresql://localhost:55651/db_fpcbuydcnc with user 'test'"}}
{"type":"LOG","log":{"level":"INFO","message":"INFO i.d.j.JdbcConnection(lambda$doClose$4):947 Connection gracefully closed"}}
{"type":"LOG","log":{"level":"INFO","message":"INFO o.a.k.c.s.FileOffsetBackingStore(start):58 Starting FileOffsetBackingStore with file /tmp/cdc-state-offset5780011331602899801/offset.dat"}}
{"type":"LOG","log":{"level":"WARN","message":"WARN i.d.c.p.PostgresConnectorConfig(validateFlushLsnSource):1070 Property 'flush.lsn.source' is set to 'false', the LSN will not be flushed to the database source and WAL logs will not be cleared. User is expected to handle this outside Debezium."}}
{"type":"LOG","log":{"level":"INFO","message":"INFO i.d.c.c.BaseSourceTask(start):124 Starting PostgresConnectorTask with configuration:"}}
{"type":"LOG","log":{"level":"INFO","message":"INFO i.d.c.c.BaseSourceTask(lambda$start$0):126    connector.class = io.debezium.connector.postgresql.PostgresConnector"}}
{"type":"LOG","log":{"level":"INFO","message":"INFO i.d.c.c.BaseSourceTask(lambda$start$0):126    max.queue.size = 8192"}}
{"type":"LOG","log":{"level":"INFO","message":"INFO i.d.c.c.BaseSourceTask(lambda$start$0):126    slot.name = debezium_slot_db_fpcbuydcnc"}}
{"type":"LOG","log":{"level":"INFO","message":"INFO i.d.c.c.BaseSourceTask(lambda$start$0):126    publication.name = publication"}}
{"type":"LOG","log":{"level":"INFO","message":"INFO i.d.c.c.BaseSourceTask(lambda$start$0):126    topic.prefix = db_fpcbuydcnc"}}
{"type":"LOG","log":{"level":"INFO","message":"INFO i.d.c.c.BaseSourceTask(lambda$start$0):126    offset.storage.file.filename = /tmp/cdc-state-offset5780011331602899801/offset.dat"}}
{"type":"LOG","log":{"level":"INFO","message":"INFO i.d.c.c.BaseSourceTask(lambda$start$0):126    decimal.handling.mode = string"}}
{"type":"LOG","log":{"level":"INFO","message":"INFO i.d.c.c.BaseSourceTask(lambda$start$0):126    flush.lsn.source = false"}}
{"type":"LOG","log":{"level":"INFO","message":"INFO i.d.c.c.BaseSourceTask(lambda$start$0):126    converters = datetime"}}
{"type":"LOG","log":{"level":"INFO","message":"INFO i.d.c.c.BaseSourceTask(lambda$start$0):126    errors.retry.delay.initial.ms = 299"}}
{"type":"LOG","log":{"level":"INFO","message":"INFO i.d.c.c.BaseSourceTask(lambda$start$0):126    datetime.type = io.airbyte.integrations.debezium.internals.postgres.PostgresConverter"}}
{"type":"LOG","log":{"level":"INFO","message":"INFO i.d.c.c.BaseSourceTask(lambda$start$0):126    value.converter = org.apache.kafka.connect.json.JsonConverter"}}
{"type":"LOG","log":{"level":"INFO","message":"INFO i.d.c.c.BaseSourceTask(lambda$start$0):126    key.converter = org.apache.kafka.connect.json.JsonConverter"}}
{"type":"LOG","log":{"level":"INFO","message":"INFO i.d.c.c.BaseSourceTask(lambda$start$0):126    publication.autocreate.mode = disabled"}}
{"type":"LOG","log":{"level":"INFO","message":"INFO i.d.c.c.BaseSourceTask(lambda$start$0):126    database.user = test"}}
{"type":"LOG","log":{"level":"INFO","message":"INFO i.d.c.c.BaseSourceTask(lambda$start$0):126    database.dbname = db_fpcbuydcnc"}}
{"type":"LOG","log":{"level":"INFO","message":"INFO i.d.c.c.BaseSourceTask(lambda$start$0):126    offset.storage = org.apache.kafka.connect.storage.FileOffsetBackingStore"}}
{"type":"LOG","log":{"level":"INFO","message":"INFO i.d.c.c.BaseSourceTask(lambda$start$0):126    errors.retry.delay.max.ms = 300"}}
{"type":"LOG","log":{"level":"INFO","message":"INFO i.d.c.c.BaseSourceTask(lambda$start$0):126    offset.flush.timeout.ms = 5000"}}
{"type":"LOG","log":{"level":"INFO","message":"INFO i.d.c.c.BaseSourceTask(lambda$start$0):126    heartbeat.interval.ms = 10000"}}
{"type":"LOG","log":{"level":"INFO","message":"INFO i.d.c.c.BaseSourceTask(lambda$start$0):126    column.include.list = \\Qmodels_schema.models\\E\\.(\\Qmodel\\E|\\Qid\\E|\\Qmake_id\\E)"}}
{"type":"LOG","log":{"level":"INFO","message":"INFO i.d.c.c.BaseSourceTask(lambda$start$0):126    plugin.name = pgoutput"}}
{"type":"LOG","log":{"level":"INFO","message":"INFO i.d.c.c.BaseSourceTask(lambda$start$0):126    database.port = 55651"}}
{"type":"LOG","log":{"level":"INFO","message":"INFO i.d.c.c.BaseSourceTask(lambda$start$0):126    offset.flush.interval.ms = 1000"}}
{"type":"LOG","log":{"level":"INFO","message":"INFO i.d.c.c.BaseSourceTask(lambda$start$0):126    key.converter.schemas.enable = false"}}
{"type":"LOG","log":{"level":"INFO","message":"INFO i.d.c.c.BaseSourceTask(lambda$start$0):126    include.unknown.datatypes = true"}}
{"type":"LOG","log":{"level":"INFO","message":"INFO i.d.c.c.BaseSourceTask(lambda$start$0):126    errors.max.retries = 10"}}
{"type":"LOG","log":{"level":"INFO","message":"INFO i.d.c.c.BaseSourceTask(lambda$start$0):126    database.hostname = localhost"}}
{"type":"LOG","log":{"level":"INFO","message":"INFO i.d.c.c.BaseSourceTask(lambda$start$0):126    database.password = ********"}}
{"type":"LOG","log":{"level":"INFO","message":"INFO i.d.c.c.BaseSourceTask(lambda$start$0):126    value.converter.schemas.enable = false"}}
{"type":"LOG","log":{"level":"INFO","message":"INFO i.d.c.c.BaseSourceTask(lambda$start$0):126    name = db_fpcbuydcnc"}}
{"type":"LOG","log":{"level":"INFO","message":"INFO i.d.c.c.BaseSourceTask(lambda$start$0):126    max.batch.size = 2048"}}
{"type":"LOG","log":{"level":"INFO","message":"INFO i.d.c.c.BaseSourceTask(lambda$start$0):126    table.include.list = \\Qmodels_schema.models\\E"}}
{"type":"LOG","log":{"level":"INFO","message":"INFO i.d.c.c.BaseSourceTask(lambda$start$0):126    snapshot.mode = initial"}}
{"type":"LOG","log":{"level":"INFO","message":"INFO i.d.c.c.BaseSourceTask(startIfNeededAndPossible):243 Attempting to start task"}}
{"type":"LOG","log":{"level":"INFO","message":"INFO i.d.c.CommonConnectorConfig(getTopicNamingStrategy):849 Loading the custom topic naming strategy plugin: io.debezium.schema.SchemaTopicNamingStrategy"}}
{"type":"LOG","log":{"level":"INFO","message":"INFO i.d.j.JdbcConnection(lambda$doClose$4):947 Connection gracefully closed"}}
{"type":"LOG","log":{"level":"INFO","message":"INFO i.d.c.c.BaseSourceTask(getPreviousOffsets):370 Found previous partition offset PostgresPartition [sourcePartition={server=db_fpcbuydcnc}]: {transaction_id=null, lsn=23907024, txId=525, ts_usec=1684590291374040}"}}
{"type":"LOG","log":{"level":"INFO","message":"INFO i.d.c.p.PostgresConnectorTask(start):113 user 'test' connected to database 'db_fpcbuydcnc' on PostgreSQL 13.11 on x86_64-pc-linux-musl, compiled by gcc (Alpine 12.2.1_git20220924-r10) 12.2.1 20220924, 64-bit with roles:\n\trole 'pg_read_all_settings' [superuser: false, replication: false, inherit: true, create role: false, create db: false, can log in: false]\n\trole 'pg_stat_scan_tables' [superuser: false, replication: false, inherit: true, create role: false, create db: false, can log in: false]\n\trole 'pg_write_server_files' [superuser: false, replication: false, inherit: true, create role: false, create db: false, can log in: false]\n\trole 'test' [superuser: true, replication: true, inherit: true, create role: true, create db: true, can log in: true]\n\trole 'pg_monitor' [superuser: false, replication: false, inherit: true, create role: false, create db: false, can log in: false]\n\trole 'pg_read_server_files' [superuser: false, replication: false, inherit: true, create role: false, create db: false, can log in: false]\n\trole 'pg_execute_server_program' [superuser: false, replication: false, inherit: true, create role: false, create db: false, can log in: false]\n\trole 'pg_read_all_stats' [superuser: false, replication: false, inherit: true, create role: false, create db: false, can log in: false]\n\trole 'pg_signal_backend' [superuser: false, replication: false, inherit: true, create role: false, create db: false, can log in: false]"}}
{"type":"LOG","log":{"level":"INFO","message":"INFO i.d.c.p.c.PostgresConnection(readReplicationSlotInfo):264 Obtained valid replication slot ReplicationSlot [active=false, latestFlushedLsn=LSN{0/16CCAD0}, catalogXmin=504]"}}
{"type":"LOG","log":{"level":"INFO","message":"INFO i.d.c.p.PostgresConnectorTask(start):127 Found previous offset PostgresOffsetContext [sourceInfoSchema=Schema{io.debezium.connector.postgresql.Source:STRUCT}, sourceInfo=source_info[server='db_fpcbuydcnc'db='db_fpcbuydcnc', lsn=LSN{0/16CCAD0}, txId=525, timestamp=2023-05-20T13:44:51.374040Z, snapshot=FALSE, schema=, table=], lastSnapshotRecord=false, lastCompletelyProcessedLsn=null, lastCommitLsn=null, streamingStoppingLsn=null, transactionContext=TransactionContext [currentTransactionId=null, perTableEventCount={}, totalEventCount=0], incrementalSnapshotContext=IncrementalSnapshotContext [windowOpened=false, chunkEndPosition=null, dataCollectionsToSnapshot=[], lastEventKeySent=null, maximumKey=null]]"}}
{"type":"LOG","log":{"level":"INFO","message":"INFO i.d.u.Threads(threadFactory):270 Requested thread factory for connector PostgresConnector, id = db_fpcbuydcnc named = change-event-source-coordinator"}}
{"type":"LOG","log":{"level":"INFO","message":"INFO i.d.u.Threads$3(newThread):287 Creating thread debezium-postgresconnector-db_fpcbuydcnc-change-event-source-coordinator"}}
{"type":"LOG","log":{"level":"INFO","message":"INFO i.d.c.c.BaseSourceTask(startIfNeededAndPossible):245 Successfully started task"}}
{"type":"LOG","log":{"level":"INFO","message":"INFO i.d.p.ChangeEventSourceCoordinator(lambda$start$0):103 Metrics registered"}}
{"type":"LOG","log":{"level":"INFO","message":"INFO i.d.p.ChangeEventSourceCoordinator(lambda$start$0):106 Context created"}}
{"type":"LOG","log":{"level":"INFO","message":"INFO i.d.c.p.s.InitialSnapshotter(shouldSnapshot):42 Previous snapshot has completed successfully, streaming logical changes from last known position"}}
{"type":"LOG","log":{"level":"INFO","message":"INFO i.d.c.p.PostgresSnapshotChangeEventSource(getSnapshottingTask):68 According to the connector configuration no snapshot will be executed"}}
{"type":"LOG","log":{"level":"INFO","message":"INFO i.d.p.ChangeEventSourceCoordinator(doSnapshot):156 Snapshot ended with SnapshotResult [status=SKIPPED, offset=PostgresOffsetContext [sourceInfoSchema=Schema{io.debezium.connector.postgresql.Source:STRUCT}, sourceInfo=source_info[server='db_fpcbuydcnc'db='db_fpcbuydcnc', lsn=LSN{0/16CCAD0}, txId=525, timestamp=2023-05-20T13:44:51.374040Z, snapshot=FALSE, schema=, table=], lastSnapshotRecord=false, lastCompletelyProcessedLsn=null, lastCommitLsn=null, streamingStoppingLsn=null, transactionContext=TransactionContext [currentTransactionId=null, perTableEventCount={}, totalEventCount=0], incrementalSnapshotContext=IncrementalSnapshotContext [windowOpened=false, chunkEndPosition=null, dataCollectionsToSnapshot=[], lastEventKeySent=null, maximumKey=null]]]"}}
{"type":"LOG","log":{"level":"INFO","message":"INFO i.d.p.ChangeEventSourceCoordinator(streamingConnected):240 Connected metrics set to 'true'"}}
{"type":"LOG","log":{"level":"INFO","message":"INFO i.d.c.p.PostgresSchema(printReplicaIdentityInfo):100 REPLICA IDENTITY for 'models_schema.models' is 'DEFAULT'; UPDATE and DELETE events will contain previous values only for PK columns"}}
{"type":"LOG","log":{"level":"INFO","message":"INFO i.d.p.ChangeEventSourceCoordinator(streamEvents):173 Starting streaming"}}
{"type":"LOG","log":{"level":"INFO","message":"INFO i.d.c.p.PostgresStreamingChangeEventSource(execute):136 Retrieved latest position from stored offset 'LSN{0/16CCAD0}'"}}
{"type":"LOG","log":{"level":"INFO","message":"INFO i.d.c.p.c.WalPositionLocator(<init>):48 Looking for WAL restart position for last commit LSN 'null' and last change LSN 'LSN{0/16CCAD0}'"}}
{"type":"LOG","log":{"level":"INFO","message":"INFO i.d.c.p.c.PostgresReplicationConnection(initPublication):147 Initializing PgOutput logical decoder publication"}}
{"type":"LOG","log":{"level":"INFO","message":"INFO i.d.c.p.c.PostgresConnection(readReplicationSlotInfo):264 Obtained valid replication slot ReplicationSlot [active=false, latestFlushedLsn=LSN{0/16CCAD0}, catalogXmin=504]"}}
{"type":"LOG","log":{"level":"INFO","message":"INFO i.d.j.JdbcConnection(lambda$doClose$4):947 Connection gracefully closed"}}
{"type":"LOG","log":{"level":"INFO","message":"INFO i.d.u.Threads(threadFactory):270 Requested thread factory for connector PostgresConnector, id = db_fpcbuydcnc named = keep-alive"}}
{"type":"LOG","log":{"level":"INFO","message":"INFO i.d.u.Threads$3(newThread):287 Creating thread debezium-postgresconnector-db_fpcbuydcnc-keep-alive"}}
{"type":"LOG","log":{"level":"INFO","message":"INFO i.d.c.p.PostgresSchema(printReplicaIdentityInfo):100 REPLICA IDENTITY for 'models_schema.models' is 'DEFAULT'; UPDATE and DELETE events will contain previous values only for PK columns"}}
{"type":"LOG","log":{"level":"INFO","message":"INFO i.d.c.p.PostgresStreamingChangeEventSource(searchWalPosition):327 Searching for WAL resume position"}}
{"type":"LOG","log":{"level":"INFO","message":"INFO i.d.c.p.c.WalPositionLocator(resumeFromLsn):71 First LSN 'LSN{0/16CCB30}' received"}}
{"type":"LOG","log":{"level":"INFO","message":"INFO i.d.c.p.PostgresStreamingChangeEventSource(searchWalPosition):348 WAL resume position 'LSN{0/16CCB30}' discovered"}}
{"type":"LOG","log":{"level":"INFO","message":"INFO i.d.j.JdbcConnection(lambda$doClose$4):947 Connection gracefully closed"}}
{"type":"LOG","log":{"level":"INFO","message":"INFO i.d.j.JdbcConnection(lambda$doClose$4):947 Connection gracefully closed"}}
{"type":"LOG","log":{"level":"INFO","message":"INFO i.d.c.p.c.PostgresReplicationConnection(initPublication):147 Initializing PgOutput logical decoder publication"}}
{"type":"LOG","log":{"level":"INFO","message":"INFO i.d.u.Threads(threadFactory):270 Requested thread factory for connector PostgresConnector, id = db_fpcbuydcnc named = keep-alive"}}
{"type":"LOG","log":{"level":"INFO","message":"INFO i.d.u.Threads$3(newThread):287 Creating thread debezium-postgresconnector-db_fpcbuydcnc-keep-alive"}}
{"type":"LOG","log":{"level":"INFO","message":"INFO i.d.c.p.PostgresStreamingChangeEventSource(processMessages):211 Processing messages"}}
{"type":"LOG","log":{"level":"INFO","message":"INFO i.d.c.p.c.WalPositionLocator(skipMessage):152 Message with LSN 'LSN{0/16CCB30}' arrived, switching off the filtering"}}
{"type":"LOG","log":{"level":"INFO","message":"INFO i.d.c.c.BaseSourceTask(logStatistics):195 21 records sent during previous 00:00:10.848, last recorded offset of {server=db_fpcbuydcnc} partition is {transaction_id=null, lsn_proc=23910800, messageType=INSERT, lsn_commit=23910800, lsn=23910800, txId=545, ts_usec=1684590303420536}"}}
{"type":"LOG","log":{"level":"INFO","message":"INFO i.a.i.d.i.DebeziumRecordIterator(requestClose):208 Closing: Heartbeat indicates sync is done"}}
{"type":"LOG","log":{"level":"INFO","message":"INFO i.d.e.EmbeddedEngine(stop):1146 Stopping the embedded engine"}}
{"type":"LOG","log":{"level":"INFO","message":"INFO i.d.e.EmbeddedEngine(stop):1153 Waiting for PT5M for connector to stop"}}
{"type":"LOG","log":{"level":"INFO","message":"INFO i.d.e.EmbeddedEngine(run):944 Stopping the task and engine"}}
{"type":"LOG","log":{"level":"INFO","message":"INFO i.d.c.c.BaseSourceTask(stop):278 Stopping down connector"}}
{"type":"LOG","log":{"level":"INFO","message":"INFO i.d.j.JdbcConnection(lambda$doClose$4):947 Connection gracefully closed"}}
{"type":"LOG","log":{"level":"INFO","message":"INFO i.d.j.JdbcConnection(lambda$doClose$4):947 Connection gracefully closed"}}
{"type":"LOG","log":{"level":"INFO","message":"INFO i.d.p.ChangeEventSourceCoordinator(streamEvents):175 Finished streaming"}}
{"type":"LOG","log":{"level":"INFO","message":"INFO i.d.p.ChangeEventSourceCoordinator(streamingConnected):240 Connected metrics set to 'false'"}}
{"type":"LOG","log":{"level":"INFO","message":"INFO o.a.k.c.s.FileOffsetBackingStore(stop):66 Stopped FileOffsetBackingStore"}}
{"type":"LOG","log":{"level":"INFO","message":"INFO i.a.i.d.i.DebeziumRecordPublisher(lambda$start$1):73 Debezium engine shutdown."}}
{"type":"LOG","log":{"level":"INFO","message":"INFO i.a.i.d.i.DebeziumRecordPublisher(lambda$start$1):74 Connector 'io.debezium.connector.postgresql.PostgresConnector' completed normally."}}
{"type":"LOG","log":{"level":"INFO","message":"INFO i.a.i.s.p.PostgresCdcStateHandler(saveState):37 debezium state: {\"[\\\"db_fpcbuydcnc\\\",{\\\"server\\\":\\\"db_fpcbuydcnc\\\"}]\":\"{\\\"transaction_id\\\":null,\\\"lsn_proc\\\":23910800,\\\"messageType\\\":\\\"INSERT\\\",\\\"lsn_commit\\\":23910800,\\\"lsn\\\":23910800,\\\"txId\\\":545,\\\"ts_usec\\\":1684590303420536}\"}"}}
{"type":"LOG","log":{"level":"INFO","message":"INFO i.a.i.s.r.AbstractDbSource(lambda$read$1):173 Closing database connection pool."}}
{"type":"LOG","log":{"level":"INFO","message":"INFO c.z.h.HikariDataSource(close):350 HikariPool-3 - Shutdown initiated..."}}
{"type":"LOG","log":{"level":"INFO","message":"INFO c.z.h.HikariDataSource(close):352 HikariPool-3 - Shutdown completed."}}
{"type":"LOG","log":{"level":"INFO","message":"INFO i.a.i.s.r.AbstractDbSource(lambda$read$1):175 Closed database connection pool."}}
{"type":"LOG","log":{"level":"INFO","message":"INFO o.t.c.GenericContainer(tryStart):376 Creating container for image: debezium/postgres:13-alpine"}}
{"type":"LOG","log":{"level":"INFO","message":"INFO o.t.c.GenericContainer(tryStart):440 Container debezium/postgres:13-alpine is starting: 3ea9dab01c165e98acce00208f0474e5fb1af477aadef4648a6b40330918cffe"}}
{"type":"LOG","log":{"level":"INFO","message":"INFO o.t.c.GenericContainer(tryStart):520 Container debezium/postgres:13-alpine started in PT32.739914S"}}
{"type":"LOG","log":{"level":"INFO","message":"INFO c.z.h.HikariDataSource(<init>):80 HikariPool-4 - Starting..."}}
{"type":"LOG","log":{"level":"INFO","message":"INFO c.z.h.HikariDataSource(<init>):82 HikariPool-4 - Start completed."}}
{"type":"LOG","log":{"level":"INFO","message":"INFO i.a.i.s.p.PostgresUtils(isCdc):53 using CDC: true"}}
{"type":"LOG","log":{"level":"INFO","message":"INFO i.a.i.s.r.s.StateManagerFactory(createStateManager):51 Global state manager selected to manage state object with type GLOBAL."}}
{"type":"LOG","log":{"level":"INFO","message":"INFO i.a.i.s.r.s.CursorManager(createCursorInfoForStream):182 No cursor field set in catalog but not present in state. Stream: models_schema_models, New Cursor Field: null. Resetting cursor value"}}
{"type":"LOG","log":{"level":"INFO","message":"INFO i.a.i.s.r.CdcStateManager(<init>):29 Initialized CDC state with: io.airbyte.integrations.source.relationaldb.models.CdcState@53c1792d[state=<null>,additionalProperties={}]"}}
{"type":"LOG","log":{"level":"INFO","message":"INFO c.z.h.HikariDataSource(<init>):80 HikariPool-5 - Starting..."}}
{"type":"LOG","log":{"level":"INFO","message":"INFO c.z.h.HikariDataSource(<init>):82 HikariPool-5 - Start completed."}}
{"type":"LOG","log":{"level":"INFO","message":"INFO i.a.i.s.p.PostgresUtils(isCdc):53 using CDC: true"}}
{"type":"LOG","log":{"level":"INFO","message":"INFO i.a.d.j.s.AdaptiveStreamingQueryConfig(initialize):31 Set initial fetch size: 10 rows"}}
{"type":"LOG","log":{"level":"INFO","message":"INFO i.a.i.s.p.PostgresCdcCatalogHelper(getPublicizedTables):119 For CDC, only tables in publication publication will be included in the sync: [models_schema.models, models_schema_random.models_random]"}}
{"type":"LOG","log":{"level":"INFO","message":"INFO i.a.i.s.j.AbstractJdbcSource(logPreSyncDebugData):450 Data source product recognized as PostgreSQL:13.11"}}
{"type":"LOG","log":{"level":"INFO","message":"INFO i.a.i.s.p.PostgresSource(logPreSyncDebugData):221 Discovering indexes for schema \"models_schema\", table \"models\""}}
{"type":"LOG","log":{"level":"INFO","message":"INFO i.a.i.s.p.PostgresSource(logPreSyncDebugData):223 Index name: models_pkey, Column: id, Unique: true"}}
{"type":"LOG","log":{"level":"INFO","message":"INFO i.a.i.s.p.PostgresQueryUtils(logXminStatus):77 Xmin Status : {Number of wraparounds: 0, Xmin Transaction Value: 505, Xmin Raw Value: 505"}}
{"type":"LOG","log":{"level":"INFO","message":"INFO i.a.i.s.j.AbstractJdbcSource(discoverInternal):166 Internal schemas to exclude: [catalog_history, information_schema, pg_catalog, pg_internal]"}}
{"type":"LOG","log":{"level":"INFO","message":"INFO i.a.d.j.s.AdaptiveStreamingQueryConfig(initialize):31 Set initial fetch size: 10 rows"}}
{"type":"LOG","log":{"level":"INFO","message":"INFO i.a.i.s.j.AbstractJdbcSource(discoverInternal):166 Internal schemas to exclude: [catalog_history, information_schema, pg_catalog, pg_internal]"}}
{"type":"LOG","log":{"level":"INFO","message":"INFO i.a.d.j.s.AdaptiveStreamingQueryConfig(initialize):31 Set initial fetch size: 10 rows"}}
{"type":"LOG","log":{"level":"INFO","message":"INFO i.a.i.s.p.PostgresUtils(isCdc):53 using CDC: true"}}
{"type":"LOG","log":{"level":"INFO","message":"INFO i.a.i.s.p.PostgresUtils(getFirstRecordWaitTime):111 First record waiting time: 30 seconds"}}
{"type":"LOG","log":{"level":"INFO","message":"INFO i.a.i.s.p.PostgresSource(getIncrementalIterators):369 First record waiting time: 30 seconds"}}
{"type":"LOG","log":{"level":"INFO","message":"INFO i.a.i.s.p.PostgresUtils(shouldFlushAfterSync):61 Should flush after sync: true"}}
{"type":"LOG","log":{"level":"INFO","message":"INFO o.a.k.c.c.AbstractConfig(logAll):376 StandaloneConfig values: \n\taccess.control.allow.methods = \n\taccess.control.allow.origin = \n\tadmin.listeners = null\n\tauto.include.jmx.reporter = true\n\tbootstrap.servers = [localhost:9092]\n\tclient.dns.lookup = use_all_dns_ips\n\tconfig.providers = []\n\tconnector.client.config.override.policy = All\n\theader.converter = class org.apache.kafka.connect.storage.SimpleHeaderConverter\n\tkey.converter = class org.apache.kafka.connect.json.JsonConverter\n\tlisteners = [http://:8083]\n\tmetric.reporters = []\n\tmetrics.num.samples = 2\n\tmetrics.recording.level = INFO\n\tmetrics.sample.window.ms = 30000\n\toffset.flush.interval.ms = 1000\n\toffset.flush.timeout.ms = 5000\n\toffset.storage.file.filename = /tmp/cdc-state-offset6807849003893245102/offset.dat\n\tplugin.path = null\n\tresponse.http.headers.config = \n\trest.advertised.host.name = null\n\trest.advertised.listener = null\n\trest.advertised.port = null\n\trest.extension.classes = []\n\tssl.cipher.suites = null\n\tssl.client.auth = none\n\tssl.enabled.protocols = [TLSv1.2, TLSv1.3]\n\tssl.endpoint.identification.algorithm = https\n\tssl.engine.factory.class = null\n\tssl.key.password = null\n\tssl.keymanager.algorithm = SunX509\n\tssl.keystore.certificate.chain = null\n\tssl.keystore.key = null\n\tssl.keystore.location = null\n\tssl.keystore.password = null\n\tssl.keystore.type = JKS\n\tssl.protocol = TLSv1.3\n\tssl.provider = null\n\tssl.secure.random.implementation = null\n\tssl.trustmanager.algorithm = PKIX\n\tssl.truststore.certificates = null\n\tssl.truststore.location = null\n\tssl.truststore.password = null\n\tssl.truststore.type = JKS\n\ttask.shutdown.graceful.timeout.ms = 5000\n\ttopic.creation.enable = true\n\ttopic.tracking.allow.reset = true\n\ttopic.tracking.enable = true\n\tvalue.converter = class org.apache.kafka.connect.json.JsonConverter\n"}}
{"type":"LOG","log":{"level":"WARN","message":"WARN o.a.k.c.r.WorkerConfig(logPluginPathConfigProviderWarning):379 Variables cannot be used in the 'plugin.path' property, since the property is used by plugin scanning before the config providers that replace the variables are initialized. The raw value 'null' was used for plugin scanning, as opposed to the transformed value 'null', and this may cause unexpected results."}}
{"type":"LOG","log":{"level":"INFO","message":"INFO o.a.k.c.s.FileOffsetBackingStore(start):58 Starting FileOffsetBackingStore with file /tmp/cdc-state-offset6807849003893245102/offset.dat"}}
{"type":"LOG","log":{"level":"INFO","message":"INFO o.a.k.c.c.AbstractConfig(logAll):376 JsonConverterConfig values: \n\tconverter.type = key\n\tdecimal.format = BASE64\n\tschemas.cache.size = 1000\n\tschemas.enable = false\n"}}
{"type":"LOG","log":{"level":"INFO","message":"INFO o.a.k.c.c.AbstractConfig(logAll):376 JsonConverterConfig values: \n\tconverter.type = value\n\tdecimal.format = BASE64\n\tschemas.cache.size = 1000\n\tschemas.enable = false\n"}}
{"type":"LOG","log":{"level":"INFO","message":"INFO i.a.i.d.i.p.PostgresDebeziumStateUtil(extractLsn):206 No previous offsets found"}}
{"type":"LOG","log":{"level":"INFO","message":"INFO i.a.i.d.i.p.PostgresDebeziumStateUtil(parseSavedOffset):181 Closing offsetStorageReader and fileOffsetBackingStore"}}
{"type":"LOG","log":{"level":"INFO","message":"INFO o.a.k.c.s.FileOffsetBackingStore(stop):66 Stopped FileOffsetBackingStore"}}
{"type":"LOG","log":{"level":"INFO","message":"INFO i.a.i.s.p.PostgresSource(lambda$getReplicationSlot$4):296 Attempting to find the named replication slot using the query: HikariProxyPreparedStatement@1311027713 wrapping SELECT * FROM pg_replication_slots WHERE slot_name = 'debezium_slot_db_dosmxktaqv' AND plugin = 'pgoutput' AND database = 'db_dosmxktaqv'"}}
{"type":"LOG","log":{"level":"INFO","message":"INFO i.a.d.j.s.AdaptiveStreamingQueryConfig(initialize):31 Set initial fetch size: 10 rows"}}
{"type":"LOG","log":{"level":"INFO","message":"INFO i.a.i.s.p.PostgresUtils(shouldFlushAfterSync):61 Should flush after sync: true"}}
{"type":"LOG","log":{"level":"INFO","message":"INFO i.a.i.d.i.p.PostgresCdcTargetPosition(targetPosition):49 identified target lsn: PgLsn{lsn=23903320}"}}
{"type":"LOG","log":{"level":"INFO","message":"INFO i.a.i.s.p.PostgresUtils(shouldFlushAfterSync):61 Should flush after sync: true"}}
{"type":"LOG","log":{"level":"INFO","message":"INFO i.a.i.d.AirbyteDebeziumHandler(getIncrementalIterators):95 Using CDC: true"}}
{"type":"LOG","log":{"level":"INFO","message":"INFO o.a.k.c.c.AbstractConfig(logAll):376 JsonConverterConfig values: \n\tconverter.type = key\n\tdecimal.format = BASE64\n\tschemas.cache.size = 1000\n\tschemas.enable = false\n"}}
{"type":"LOG","log":{"level":"INFO","message":"INFO o.a.k.c.c.AbstractConfig(logAll):376 JsonConverterConfig values: \n\tconverter.type = value\n\tdecimal.format = BASE64\n\tschemas.cache.size = 1000\n\tschemas.enable = false\n"}}
{"type":"LOG","log":{"level":"INFO","message":"INFO o.a.k.c.c.AbstractConfig(logAll):376 EmbeddedConfig values: \n\taccess.control.allow.methods = \n\taccess.control.allow.origin = \n\tadmin.listeners = null\n\tauto.include.jmx.reporter = true\n\tbootstrap.servers = [localhost:9092]\n\tclient.dns.lookup = use_all_dns_ips\n\tconfig.providers = []\n\tconnector.client.config.override.policy = All\n\theader.converter = class org.apache.kafka.connect.storage.SimpleHeaderConverter\n\tkey.converter = class org.apache.kafka.connect.json.JsonConverter\n\tlisteners = [http://:8083]\n\tmetric.reporters = []\n\tmetrics.num.samples = 2\n\tmetrics.recording.level = INFO\n\tmetrics.sample.window.ms = 30000\n\toffset.flush.interval.ms = 1000\n\toffset.flush.timeout.ms = 5000\n\toffset.storage.file.filename = /tmp/cdc-state-offset5134555836395899576/offset.dat\n\toffset.storage.partitions = null\n\toffset.storage.replication.factor = null\n\toffset.storage.topic = \n\tplugin.path = null\n\tresponse.http.headers.config = \n\trest.advertised.host.name = null\n\trest.advertised.listener = null\n\trest.advertised.port = null\n\trest.extension.classes = []\n\tssl.cipher.suites = null\n\tssl.client.auth = none\n\tssl.enabled.protocols = [TLSv1.2, TLSv1.3]\n\tssl.endpoint.identification.algorithm = https\n\tssl.engine.factory.class = null\n\tssl.key.password = null\n\tssl.keymanager.algorithm = SunX509\n\tssl.keystore.certificate.chain = null\n\tssl.keystore.key = null\n\tssl.keystore.location = null\n\tssl.keystore.password = null\n\tssl.keystore.type = JKS\n\tssl.protocol = TLSv1.3\n\tssl.provider = null\n\tssl.secure.random.implementation = null\n\tssl.trustmanager.algorithm = PKIX\n\tssl.truststore.certificates = null\n\tssl.truststore.location = null\n\tssl.truststore.password = null\n\tssl.truststore.type = JKS\n\ttask.shutdown.graceful.timeout.ms = 5000\n\ttopic.creation.enable = true\n\ttopic.tracking.allow.reset = true\n\ttopic.tracking.enable = true\n\tvalue.converter = class org.apache.kafka.connect.json.JsonConverter\n"}}
{"type":"LOG","log":{"level":"WARN","message":"WARN o.a.k.c.r.WorkerConfig(logPluginPathConfigProviderWarning):379 Variables cannot be used in the 'plugin.path' property, since the property is used by plugin scanning before the config providers that replace the variables are initialized. The raw value 'null' was used for plugin scanning, as opposed to the transformed value 'null', and this may cause unexpected results."}}
{"type":"LOG","log":{"level":"INFO","message":"INFO o.a.k.c.c.AbstractConfig(logAll):376 JsonConverterConfig values: \n\tconverter.type = key\n\tdecimal.format = BASE64\n\tschemas.cache.size = 1000\n\tschemas.enable = false\n"}}
{"type":"LOG","log":{"level":"INFO","message":"INFO o.a.k.c.c.AbstractConfig(logAll):376 JsonConverterConfig values: \n\tconverter.type = value\n\tdecimal.format = BASE64\n\tschemas.cache.size = 1000\n\tschemas.enable = false\n"}}
{"type":"LOG","log":{"level":"WARN","message":"WARN i.d.c.p.PostgresConnectorConfig(validateFlushLsnSource):1070 Property 'flush.lsn.source' is set to 'false', the LSN will not be flushed to the database source and WAL logs will not be cleared. User is expected to handle this outside Debezium."}}
{"type":"LOG","log":{"level":"INFO","message":"INFO i.d.c.p.PostgresConnector(testConnection):154 Successfully tested connection for jdbc:postgresql://localhost:55775/db_dosmxktaqv with user 'test'"}}
{"type":"LOG","log":{"level":"INFO","message":"INFO i.d.j.JdbcConnection(lambda$doClose$4):947 Connection gracefully closed"}}
{"type":"LOG","log":{"level":"INFO","message":"INFO o.a.k.c.s.FileOffsetBackingStore(start):58 Starting FileOffsetBackingStore with file /tmp/cdc-state-offset5134555836395899576/offset.dat"}}
{"type":"LOG","log":{"level":"WARN","message":"WARN i.d.c.p.PostgresConnectorConfig(validateFlushLsnSource):1070 Property 'flush.lsn.source' is set to 'false', the LSN will not be flushed to the database source and WAL logs will not be cleared. User is expected to handle this outside Debezium."}}
{"type":"LOG","log":{"level":"INFO","message":"INFO i.d.c.c.BaseSourceTask(start):124 Starting PostgresConnectorTask with configuration:"}}
{"type":"LOG","log":{"level":"INFO","message":"INFO i.d.c.c.BaseSourceTask(lambda$start$0):126    connector.class = io.debezium.connector.postgresql.PostgresConnector"}}
{"type":"LOG","log":{"level":"INFO","message":"INFO i.d.c.c.BaseSourceTask(lambda$start$0):126    max.queue.size = 8192"}}
{"type":"LOG","log":{"level":"INFO","message":"INFO i.d.c.c.BaseSourceTask(lambda$start$0):126    slot.name = debezium_slot_db_dosmxktaqv"}}
{"type":"LOG","log":{"level":"INFO","message":"INFO i.d.c.c.BaseSourceTask(lambda$start$0):126    publication.name = publication"}}
{"type":"LOG","log":{"level":"INFO","message":"INFO i.d.c.c.BaseSourceTask(lambda$start$0):126    topic.prefix = db_dosmxktaqv"}}
{"type":"LOG","log":{"level":"INFO","message":"INFO i.d.c.c.BaseSourceTask(lambda$start$0):126    offset.storage.file.filename = /tmp/cdc-state-offset5134555836395899576/offset.dat"}}
{"type":"LOG","log":{"level":"INFO","message":"INFO i.d.c.c.BaseSourceTask(lambda$start$0):126    decimal.handling.mode = string"}}
{"type":"LOG","log":{"level":"INFO","message":"INFO i.d.c.c.BaseSourceTask(lambda$start$0):126    flush.lsn.source = false"}}
{"type":"LOG","log":{"level":"INFO","message":"INFO i.d.c.c.BaseSourceTask(lambda$start$0):126    converters = datetime"}}
{"type":"LOG","log":{"level":"INFO","message":"INFO i.d.c.c.BaseSourceTask(lambda$start$0):126    errors.retry.delay.initial.ms = 299"}}
{"type":"LOG","log":{"level":"INFO","message":"INFO i.d.c.c.BaseSourceTask(lambda$start$0):126    datetime.type = io.airbyte.integrations.debezium.internals.postgres.PostgresConverter"}}
{"type":"LOG","log":{"level":"INFO","message":"INFO i.d.c.c.BaseSourceTask(lambda$start$0):126    value.converter = org.apache.kafka.connect.json.JsonConverter"}}
{"type":"LOG","log":{"level":"INFO","message":"INFO i.d.c.c.BaseSourceTask(lambda$start$0):126    key.converter = org.apache.kafka.connect.json.JsonConverter"}}
{"type":"LOG","log":{"level":"INFO","message":"INFO i.d.c.c.BaseSourceTask(lambda$start$0):126    publication.autocreate.mode = disabled"}}
{"type":"LOG","log":{"level":"INFO","message":"INFO i.d.c.c.BaseSourceTask(lambda$start$0):126    database.user = test"}}
{"type":"LOG","log":{"level":"INFO","message":"INFO i.d.c.c.BaseSourceTask(lambda$start$0):126    database.dbname = db_dosmxktaqv"}}
{"type":"LOG","log":{"level":"INFO","message":"INFO i.d.c.c.BaseSourceTask(lambda$start$0):126    offset.storage = org.apache.kafka.connect.storage.FileOffsetBackingStore"}}
{"type":"LOG","log":{"level":"INFO","message":"INFO i.d.c.c.BaseSourceTask(lambda$start$0):126    errors.retry.delay.max.ms = 300"}}
{"type":"LOG","log":{"level":"INFO","message":"INFO i.d.c.c.BaseSourceTask(lambda$start$0):126    offset.flush.timeout.ms = 5000"}}
{"type":"LOG","log":{"level":"INFO","message":"INFO i.d.c.c.BaseSourceTask(lambda$start$0):126    heartbeat.interval.ms = 10000"}}
{"type":"LOG","log":{"level":"INFO","message":"INFO i.d.c.c.BaseSourceTask(lambda$start$0):126    column.include.list = \\Qmodels_schema.models\\E\\.(\\Qmodel\\E|\\Qid\\E|\\Qmake_id\\E)"}}
{"type":"LOG","log":{"level":"INFO","message":"INFO i.d.c.c.BaseSourceTask(lambda$start$0):126    plugin.name = pgoutput"}}
{"type":"LOG","log":{"level":"INFO","message":"INFO i.d.c.c.BaseSourceTask(lambda$start$0):126    database.port = 55775"}}
{"type":"LOG","log":{"level":"INFO","message":"INFO i.d.c.c.BaseSourceTask(lambda$start$0):126    offset.flush.interval.ms = 1000"}}
{"type":"LOG","log":{"level":"INFO","message":"INFO i.d.c.c.BaseSourceTask(lambda$start$0):126    key.converter.schemas.enable = false"}}
{"type":"LOG","log":{"level":"INFO","message":"INFO i.d.c.c.BaseSourceTask(lambda$start$0):126    include.unknown.datatypes = true"}}
{"type":"LOG","log":{"level":"INFO","message":"INFO i.d.c.c.BaseSourceTask(lambda$start$0):126    errors.max.retries = 10"}}
{"type":"LOG","log":{"level":"INFO","message":"INFO i.d.c.c.BaseSourceTask(lambda$start$0):126    database.hostname = localhost"}}
{"type":"LOG","log":{"level":"INFO","message":"INFO i.d.c.c.BaseSourceTask(lambda$start$0):126    database.password = ********"}}
{"type":"LOG","log":{"level":"INFO","message":"INFO i.d.c.c.BaseSourceTask(lambda$start$0):126    value.converter.schemas.enable = false"}}
{"type":"LOG","log":{"level":"INFO","message":"INFO i.d.c.c.BaseSourceTask(lambda$start$0):126    name = db_dosmxktaqv"}}
{"type":"LOG","log":{"level":"INFO","message":"INFO i.d.c.c.BaseSourceTask(lambda$start$0):126    max.batch.size = 2048"}}
{"type":"LOG","log":{"level":"INFO","message":"INFO i.d.c.c.BaseSourceTask(lambda$start$0):126    table.include.list = \\Qmodels_schema.models\\E"}}
{"type":"LOG","log":{"level":"INFO","message":"INFO i.d.c.c.BaseSourceTask(lambda$start$0):126    snapshot.mode = initial"}}
{"type":"LOG","log":{"level":"INFO","message":"INFO i.d.c.c.BaseSourceTask(startIfNeededAndPossible):243 Attempting to start task"}}
{"type":"LOG","log":{"level":"INFO","message":"INFO i.d.c.CommonConnectorConfig(getTopicNamingStrategy):849 Loading the custom topic naming strategy plugin: io.debezium.schema.SchemaTopicNamingStrategy"}}
{"type":"LOG","log":{"level":"INFO","message":"INFO i.d.j.JdbcConnection(lambda$doClose$4):947 Connection gracefully closed"}}
{"type":"LOG","log":{"level":"INFO","message":"INFO i.d.c.c.BaseSourceTask(getPreviousOffsets):375 No previous offsets found"}}
{"type":"LOG","log":{"level":"INFO","message":"INFO i.d.c.p.PostgresConnectorTask(start):113 user 'test' connected to database 'db_dosmxktaqv' on PostgreSQL 13.11 on x86_64-pc-linux-musl, compiled by gcc (Alpine 12.2.1_git20220924-r10) 12.2.1 20220924, 64-bit with roles:\n\trole 'pg_read_all_settings' [superuser: false, replication: false, inherit: true, create role: false, create db: false, can log in: false]\n\trole 'pg_stat_scan_tables' [superuser: false, replication: false, inherit: true, create role: false, create db: false, can log in: false]\n\trole 'pg_write_server_files' [superuser: false, replication: false, inherit: true, create role: false, create db: false, can log in: false]\n\trole 'test' [superuser: true, replication: true, inherit: true, create role: true, create db: true, can log in: true]\n\trole 'pg_monitor' [superuser: false, replication: false, inherit: true, create role: false, create db: false, can log in: false]\n\trole 'pg_read_server_files' [superuser: false, replication: false, inherit: true, create role: false, create db: false, can log in: false]\n\trole 'pg_execute_server_program' [superuser: false, replication: false, inherit: true, create role: false, create db: false, can log in: false]\n\trole 'pg_read_all_stats' [superuser: false, replication: false, inherit: true, create role: false, create db: false, can log in: false]\n\trole 'pg_signal_backend' [superuser: false, replication: false, inherit: true, create role: false, create db: false, can log in: false]"}}
{"type":"LOG","log":{"level":"INFO","message":"INFO i.d.c.p.c.PostgresConnection(readReplicationSlotInfo):264 Obtained valid replication slot ReplicationSlot [active=false, latestFlushedLsn=LSN{0/16CB9D0}, catalogXmin=504]"}}
{"type":"LOG","log":{"level":"INFO","message":"INFO i.d.c.p.PostgresConnectorTask(start):122 No previous offset found"}}
{"type":"LOG","log":{"level":"INFO","message":"INFO i.d.u.Threads(threadFactory):270 Requested thread factory for connector PostgresConnector, id = db_dosmxktaqv named = change-event-source-coordinator"}}
{"type":"LOG","log":{"level":"INFO","message":"INFO i.d.u.Threads$3(newThread):287 Creating thread debezium-postgresconnector-db_dosmxktaqv-change-event-source-coordinator"}}
{"type":"LOG","log":{"level":"INFO","message":"INFO i.d.c.c.BaseSourceTask(startIfNeededAndPossible):245 Successfully started task"}}
{"type":"LOG","log":{"level":"INFO","message":"INFO i.d.p.ChangeEventSourceCoordinator(lambda$start$0):103 Metrics registered"}}
{"type":"LOG","log":{"level":"INFO","message":"INFO i.d.p.ChangeEventSourceCoordinator(lambda$start$0):106 Context created"}}
{"type":"LOG","log":{"level":"INFO","message":"INFO i.d.c.p.s.InitialSnapshotter(shouldSnapshot):34 Taking initial snapshot for new datasource"}}
{"type":"LOG","log":{"level":"INFO","message":"INFO i.d.c.p.PostgresSnapshotChangeEventSource(getSnapshottingTask):65 According to the connector configuration data will be snapshotted"}}
{"type":"LOG","log":{"level":"INFO","message":"INFO i.d.r.RelationalSnapshotChangeEventSource(doExecute):110 Snapshot step 1 - Preparing"}}
{"type":"LOG","log":{"level":"INFO","message":"INFO i.d.r.RelationalSnapshotChangeEventSource(doExecute):119 Snapshot step 2 - Determining captured tables"}}
{"type":"LOG","log":{"level":"INFO","message":"INFO i.d.r.RelationalSnapshotChangeEventSource(determineCapturedTables):267 Adding table models_schema.models to the list of capture schema tables"}}
{"type":"LOG","log":{"level":"INFO","message":"INFO i.d.r.RelationalSnapshotChangeEventSource(determineCapturedTables):267 Adding table models_schema_random.models_random to the list of capture schema tables"}}
{"type":"LOG","log":{"level":"INFO","message":"INFO i.d.r.RelationalSnapshotChangeEventSource(doExecute):126 Snapshot step 3 - Locking captured tables [models_schema.models]"}}
{"type":"LOG","log":{"level":"INFO","message":"INFO i.d.r.RelationalSnapshotChangeEventSource(doExecute):132 Snapshot step 4 - Determining snapshot offset"}}
{"type":"LOG","log":{"level":"INFO","message":"INFO i.d.c.p.PostgresOffsetContext(initialContext):233 Creating initial offset context"}}
{"type":"LOG","log":{"level":"INFO","message":"INFO i.d.c.p.PostgresOffsetContext(initialContext):236 Read xlogStart at 'LSN{0/16CBC58}' from transaction '505'"}}
{"type":"LOG","log":{"level":"INFO","message":"INFO i.d.c.p.PostgresSnapshotChangeEventSource(updateOffsetForSnapshot):147 Read xlogStart at 'LSN{0/16CBC58}' from transaction '505'"}}
{"type":"LOG","log":{"level":"INFO","message":"INFO i.d.r.RelationalSnapshotChangeEventSource(doExecute):135 Snapshot step 5 - Reading structure of captured tables"}}
{"type":"LOG","log":{"level":"INFO","message":"INFO i.d.c.p.PostgresSnapshotChangeEventSource(readTableStructure):193 Reading structure of schema 'models_schema' of catalog 'db_dosmxktaqv'"}}
{"type":"LOG","log":{"level":"INFO","message":"INFO i.d.r.RelationalSnapshotChangeEventSource(doExecute):139 Snapshot step 5.a - Creating connection pool"}}
{"type":"LOG","log":{"level":"INFO","message":"INFO i.d.r.RelationalSnapshotChangeEventSource(createConnectionPool):213 Created connection pool with 1 threads"}}
{"type":"LOG","log":{"level":"INFO","message":"INFO i.d.r.RelationalSnapshotChangeEventSource(doExecute):144 Snapshot step 6 - Persisting schema history"}}
{"type":"LOG","log":{"level":"INFO","message":"INFO i.d.r.RelationalSnapshotChangeEventSource(doExecute):156 Snapshot step 7 - Snapshotting data"}}
{"type":"LOG","log":{"level":"INFO","message":"INFO i.d.r.RelationalSnapshotChangeEventSource(createDataEvents):390 Creating snapshot worker pool with 1 worker thread(s)"}}
{"type":"LOG","log":{"level":"INFO","message":"INFO i.d.r.RelationalSnapshotChangeEventSource(createDataEvents):399 For table 'models_schema.models' using select statement: 'SELECT \"id\", \"make_id\", \"model\" FROM \"models_schema\".\"models\"'"}}
{"type":"LOG","log":{"level":"INFO","message":"INFO i.d.r.RelationalSnapshotChangeEventSource(doCreateDataEventsForTable):513 Exporting data from table 'models_schema.models' (1 of 1 tables)"}}
{"type":"LOG","log":{"level":"INFO","message":"INFO i.d.r.RelationalSnapshotChangeEventSource(doCreateDataEventsForTable):559 \t Finished exporting 6 records for table 'models_schema.models' (1 of 1 tables); total duration '00:00:00.018'"}}
{"type":"LOG","log":{"level":"INFO","message":"INFO i.d.p.s.AbstractSnapshotChangeEventSource(execute):88 Snapshot - Final stage"}}
{"type":"LOG","log":{"level":"INFO","message":"INFO i.d.p.s.AbstractSnapshotChangeEventSource(execute):92 Snapshot completed"}}
{"type":"LOG","log":{"level":"INFO","message":"INFO i.d.p.ChangeEventSourceCoordinator(doSnapshot):156 Snapshot ended with SnapshotResult [status=COMPLETED, offset=PostgresOffsetContext [sourceInfoSchema=Schema{io.debezium.connector.postgresql.Source:STRUCT}, sourceInfo=source_info[server='db_dosmxktaqv'db='db_dosmxktaqv', lsn=LSN{0/16CBC58}, txId=505, timestamp=2023-05-20T13:46:05.342463Z, snapshot=FALSE, schema=models_schema, table=models], lastSnapshotRecord=true, lastCompletelyProcessedLsn=null, lastCommitLsn=null, streamingStoppingLsn=null, transactionContext=TransactionContext [currentTransactionId=null, perTableEventCount={}, totalEventCount=0], incrementalSnapshotContext=IncrementalSnapshotContext [windowOpened=false, chunkEndPosition=null, dataCollectionsToSnapshot=[], lastEventKeySent=null, maximumKey=null]]]"}}
{"type":"LOG","log":{"level":"INFO","message":"INFO i.d.p.ChangeEventSourceCoordinator(streamingConnected):240 Connected metrics set to 'true'"}}
{"type":"LOG","log":{"level":"INFO","message":"INFO i.d.c.p.PostgresSchema(printReplicaIdentityInfo):100 REPLICA IDENTITY for 'models_schema.models' is 'DEFAULT'; UPDATE and DELETE events will contain previous values only for PK columns"}}
{"type":"LOG","log":{"level":"INFO","message":"INFO i.d.p.ChangeEventSourceCoordinator(streamEvents):173 Starting streaming"}}
{"type":"LOG","log":{"level":"INFO","message":"INFO i.d.c.p.PostgresStreamingChangeEventSource(execute):136 Retrieved latest position from stored offset 'LSN{0/16CBC58}'"}}
{"type":"LOG","log":{"level":"INFO","message":"INFO i.d.c.p.c.WalPositionLocator(<init>):48 Looking for WAL restart position for last commit LSN 'null' and last change LSN 'LSN{0/16CBC58}'"}}
{"type":"LOG","log":{"level":"INFO","message":"INFO i.d.c.p.c.PostgresReplicationConnection(initPublication):147 Initializing PgOutput logical decoder publication"}}
{"type":"LOG","log":{"level":"INFO","message":"INFO i.d.c.p.c.PostgresConnection(readReplicationSlotInfo):264 Obtained valid replication slot ReplicationSlot [active=false, latestFlushedLsn=LSN{0/16CB9D0}, catalogXmin=504]"}}
{"type":"LOG","log":{"level":"INFO","message":"INFO i.d.j.JdbcConnection(lambda$doClose$4):947 Connection gracefully closed"}}
{"type":"LOG","log":{"level":"INFO","message":"INFO i.d.u.Threads(threadFactory):270 Requested thread factory for connector PostgresConnector, id = db_dosmxktaqv named = keep-alive"}}
{"type":"LOG","log":{"level":"INFO","message":"INFO i.d.u.Threads$3(newThread):287 Creating thread debezium-postgresconnector-db_dosmxktaqv-keep-alive"}}
{"type":"LOG","log":{"level":"INFO","message":"INFO i.d.c.p.PostgresSchema(printReplicaIdentityInfo):100 REPLICA IDENTITY for 'models_schema.models' is 'DEFAULT'; UPDATE and DELETE events will contain previous values only for PK columns"}}
{"type":"LOG","log":{"level":"INFO","message":"INFO i.d.c.p.PostgresStreamingChangeEventSource(searchWalPosition):327 Searching for WAL resume position"}}
{"type":"LOG","log":{"level":"INFO","message":"INFO i.a.i.d.i.p.PostgresCdcTargetPosition(reachedTargetPosition):61 Signalling close because Snapshot is complete"}}
{"type":"LOG","log":{"level":"INFO","message":"INFO i.a.i.d.i.DebeziumRecordIterator(requestClose):208 Closing: Change event reached target position"}}
{"type":"LOG","log":{"level":"INFO","message":"INFO i.d.e.EmbeddedEngine(stop):1146 Stopping the embedded engine"}}
{"type":"LOG","log":{"level":"INFO","message":"INFO i.d.e.EmbeddedEngine(stop):1153 Waiting for PT5M for connector to stop"}}
{"type":"LOG","log":{"level":"INFO","message":"INFO i.d.e.EmbeddedEngine(run):944 Stopping the task and engine"}}
{"type":"LOG","log":{"level":"INFO","message":"INFO i.d.c.c.BaseSourceTask(stop):278 Stopping down connector"}}
{"type":"LOG","log":{"level":"INFO","message":"INFO i.d.c.p.PostgresStreamingChangeEventSource(searchWalPosition):348 WAL resume position 'null' discovered"}}
{"type":"LOG","log":{"level":"INFO","message":"INFO i.d.j.JdbcConnection(lambda$doClose$4):947 Connection gracefully closed"}}
{"type":"LOG","log":{"level":"INFO","message":"INFO i.d.j.JdbcConnection(lambda$doClose$4):947 Connection gracefully closed"}}
{"type":"LOG","log":{"level":"INFO","message":"INFO i.d.c.p.c.PostgresReplicationConnection(initPublication):147 Initializing PgOutput logical decoder publication"}}
{"type":"LOG","log":{"level":"INFO","message":"INFO i.d.u.Threads(threadFactory):270 Requested thread factory for connector PostgresConnector, id = db_dosmxktaqv named = keep-alive"}}
{"type":"LOG","log":{"level":"INFO","message":"INFO i.d.u.Threads$3(newThread):287 Creating thread debezium-postgresconnector-db_dosmxktaqv-keep-alive"}}
{"type":"LOG","log":{"level":"INFO","message":"INFO i.d.c.p.PostgresStreamingChangeEventSource(processMessages):211 Processing messages"}}
{"type":"LOG","log":{"level":"INFO","message":"INFO i.d.j.JdbcConnection(lambda$doClose$4):947 Connection gracefully closed"}}
{"type":"LOG","log":{"level":"INFO","message":"INFO i.d.j.JdbcConnection(lambda$doClose$4):947 Connection gracefully closed"}}
{"type":"LOG","log":{"level":"INFO","message":"INFO i.d.p.ChangeEventSourceCoordinator(streamEvents):175 Finished streaming"}}
{"type":"LOG","log":{"level":"INFO","message":"INFO i.d.p.ChangeEventSourceCoordinator(streamingConnected):240 Connected metrics set to 'false'"}}
{"type":"LOG","log":{"level":"INFO","message":"INFO o.a.k.c.s.FileOffsetBackingStore(stop):66 Stopped FileOffsetBackingStore"}}
{"type":"LOG","log":{"level":"INFO","message":"INFO i.a.i.d.i.DebeziumRecordPublisher(lambda$start$1):73 Debezium engine shutdown."}}
{"type":"LOG","log":{"level":"INFO","message":"INFO i.a.i.d.i.DebeziumRecordPublisher(lambda$start$1):74 Connector 'io.debezium.connector.postgresql.PostgresConnector' completed normally."}}
{"type":"LOG","log":{"level":"INFO","message":"INFO i.a.i.s.p.PostgresCdcStateHandler(saveState):37 debezium state: {\"[\\\"db_dosmxktaqv\\\",{\\\"server\\\":\\\"db_dosmxktaqv\\\"}]\":\"{\\\"transaction_id\\\":null,\\\"lsn\\\":23903320,\\\"txId\\\":505,\\\"ts_usec\\\":1684590365342463}\"}"}}
{"type":"LOG","log":{"level":"INFO","message":"INFO i.a.i.s.r.AbstractDbSource(lambda$read$1):173 Closing database connection pool."}}
{"type":"LOG","log":{"level":"INFO","message":"INFO c.z.h.HikariDataSource(close):350 HikariPool-5 - Shutdown initiated..."}}
{"type":"LOG","log":{"level":"INFO","message":"INFO c.z.h.HikariDataSource(close):352 HikariPool-5 - Shutdown completed."}}
{"type":"LOG","log":{"level":"INFO","message":"INFO i.a.i.s.r.AbstractDbSource(lambda$read$1):175 Closed database connection pool."}}
{"type":"LOG","log":{"level":"INFO","message":"INFO i.a.i.s.p.PostgresUtils(isCdc):53 using CDC: true"}}
{"type":"LOG","log":{"level":"INFO","message":"INFO i.a.i.s.r.s.StateManagerFactory(createStateManager):51 Global state manager selected to manage state object with type LEGACY."}}
{"type":"LOG","log":{"level":"INFO","message":"INFO i.a.i.s.r.s.StateManagerFactory(generateGlobalState):84 Legacy state converted to global state."}}
{"type":"LOG","log":{"level":"INFO","message":"INFO i.a.i.s.r.s.CursorManager(createCursorInfoForStream):182 No cursor field set in catalog but not present in state. Stream: models_schema_random_models_random, New Cursor Field: null. Resetting cursor value"}}
{"type":"LOG","log":{"level":"INFO","message":"INFO i.a.i.s.r.CdcStateManager(<init>):29 Initialized CDC state with: io.airbyte.integrations.source.relationaldb.models.CdcState@717646f1[state={\"[\\\"db_dosmxktaqv\\\",{\\\"server\\\":\\\"db_dosmxktaqv\\\"}]\":\"{\\\"transaction_id\\\":null,\\\"lsn\\\":23903320,\\\"txId\\\":505,\\\"ts_usec\\\":1684590365342463}\"},additionalProperties={}]"}}
{"type":"LOG","log":{"level":"INFO","message":"INFO c.z.h.HikariDataSource(<init>):80 HikariPool-6 - Starting..."}}
{"type":"LOG","log":{"level":"INFO","message":"INFO c.z.h.HikariDataSource(<init>):82 HikariPool-6 - Start completed."}}
{"type":"LOG","log":{"level":"INFO","message":"INFO i.a.i.s.p.PostgresUtils(isCdc):53 using CDC: true"}}
{"type":"LOG","log":{"level":"INFO","message":"INFO i.a.d.j.s.AdaptiveStreamingQueryConfig(initialize):31 Set initial fetch size: 10 rows"}}
{"type":"LOG","log":{"level":"INFO","message":"INFO i.a.i.s.p.PostgresCdcCatalogHelper(getPublicizedTables):119 For CDC, only tables in publication publication will be included in the sync: [models_schema.models, models_schema_random.models_random]"}}
{"type":"LOG","log":{"level":"INFO","message":"INFO i.a.i.s.j.AbstractJdbcSource(logPreSyncDebugData):450 Data source product recognized as PostgreSQL:13.11"}}
{"type":"LOG","log":{"level":"INFO","message":"INFO i.a.i.s.p.PostgresSource(logPreSyncDebugData):221 Discovering indexes for schema \"models_schema\", table \"models\""}}
{"type":"LOG","log":{"level":"INFO","message":"INFO i.a.i.s.p.PostgresSource(logPreSyncDebugData):223 Index name: models_pkey, Column: id, Unique: true"}}
{"type":"LOG","log":{"level":"INFO","message":"INFO i.a.i.s.p.PostgresSource(logPreSyncDebugData):221 Discovering indexes for schema \"models_schema_random\", table \"models_random\""}}
{"type":"LOG","log":{"level":"INFO","message":"INFO i.a.i.s.p.PostgresSource(logPreSyncDebugData):223 Index name: models_random_pkey, Column: id_random, Unique: true"}}
{"type":"LOG","log":{"level":"INFO","message":"INFO i.a.i.s.p.PostgresQueryUtils(logXminStatus):77 Xmin Status : {Number of wraparounds: 0, Xmin Transaction Value: 526, Xmin Raw Value: 526"}}
{"type":"LOG","log":{"level":"INFO","message":"INFO i.a.i.s.j.AbstractJdbcSource(discoverInternal):166 Internal schemas to exclude: [catalog_history, information_schema, pg_catalog, pg_internal]"}}
{"type":"LOG","log":{"level":"INFO","message":"INFO i.a.d.j.s.AdaptiveStreamingQueryConfig(initialize):31 Set initial fetch size: 10 rows"}}
{"type":"LOG","log":{"level":"INFO","message":"INFO i.a.i.s.j.AbstractJdbcSource(discoverInternal):166 Internal schemas to exclude: [catalog_history, information_schema, pg_catalog, pg_internal]"}}
{"type":"LOG","log":{"level":"INFO","message":"INFO i.a.d.j.s.AdaptiveStreamingQueryConfig(initialize):31 Set initial fetch size: 10 rows"}}
{"type":"LOG","log":{"level":"WARN","message":"WARN i.a.i.s.r.DbSourceDiscoverUtil(logSourceSchemaChange):82 Source schema changed for table models_schema_random.models_random! Potential mismatches: [id_random, make_id_random]. Actual schema: {\"type\":\"object\",\"properties\":{\"model_random\":{\"type\":\"string\"},\"id_random\":{\"type\":\"number\",\"airbyte_type\":\"integer\"},\"make_id_random\":{\"type\":\"number\",\"airbyte_type\":\"integer\"}}}. Catalog schema: {\"type\":\"object\",\"properties\":{\"model_random\":{\"type\":\"string\"},\"id_random\":{\"type\":\"number\"},\"make_id_random\":{\"type\":\"number\"}}}"}}
{"type":"LOG","log":{"level":"INFO","message":"INFO i.a.i.s.p.PostgresUtils(isCdc):53 using CDC: true"}}
{"type":"LOG","log":{"level":"INFO","message":"INFO i.a.i.s.p.PostgresUtils(getFirstRecordWaitTime):111 First record waiting time: 30 seconds"}}
{"type":"LOG","log":{"level":"INFO","message":"INFO i.a.i.s.p.PostgresSource(getIncrementalIterators):369 First record waiting time: 30 seconds"}}
{"type":"LOG","log":{"level":"INFO","message":"INFO i.a.i.s.p.PostgresUtils(shouldFlushAfterSync):61 Should flush after sync: true"}}
{"type":"LOG","log":{"level":"INFO","message":"INFO o.a.k.c.c.AbstractConfig(logAll):376 StandaloneConfig values: \n\taccess.control.allow.methods = \n\taccess.control.allow.origin = \n\tadmin.listeners = null\n\tauto.include.jmx.reporter = true\n\tbootstrap.servers = [localhost:9092]\n\tclient.dns.lookup = use_all_dns_ips\n\tconfig.providers = []\n\tconnector.client.config.override.policy = All\n\theader.converter = class org.apache.kafka.connect.storage.SimpleHeaderConverter\n\tkey.converter = class org.apache.kafka.connect.json.JsonConverter\n\tlisteners = [http://:8083]\n\tmetric.reporters = []\n\tmetrics.num.samples = 2\n\tmetrics.recording.level = INFO\n\tmetrics.sample.window.ms = 30000\n\toffset.flush.interval.ms = 1000\n\toffset.flush.timeout.ms = 5000\n\toffset.storage.file.filename = /tmp/cdc-state-offset3383506785705169182/offset.dat\n\tplugin.path = null\n\tresponse.http.headers.config = \n\trest.advertised.host.name = null\n\trest.advertised.listener = null\n\trest.advertised.port = null\n\trest.extension.classes = []\n\tssl.cipher.suites = null\n\tssl.client.auth = none\n\tssl.enabled.protocols = [TLSv1.2, TLSv1.3]\n\tssl.endpoint.identification.algorithm = https\n\tssl.engine.factory.class = null\n\tssl.key.password = null\n\tssl.keymanager.algorithm = SunX509\n\tssl.keystore.certificate.chain = null\n\tssl.keystore.key = null\n\tssl.keystore.location = null\n\tssl.keystore.password = null\n\tssl.keystore.type = JKS\n\tssl.protocol = TLSv1.3\n\tssl.provider = null\n\tssl.secure.random.implementation = null\n\tssl.trustmanager.algorithm = PKIX\n\tssl.truststore.certificates = null\n\tssl.truststore.location = null\n\tssl.truststore.password = null\n\tssl.truststore.type = JKS\n\ttask.shutdown.graceful.timeout.ms = 5000\n\ttopic.creation.enable = true\n\ttopic.tracking.allow.reset = true\n\ttopic.tracking.enable = true\n\tvalue.converter = class org.apache.kafka.connect.json.JsonConverter\n"}}
{"type":"LOG","log":{"level":"WARN","message":"WARN o.a.k.c.r.WorkerConfig(logPluginPathConfigProviderWarning):379 Variables cannot be used in the 'plugin.path' property, since the property is used by plugin scanning before the config providers that replace the variables are initialized. The raw value 'null' was used for plugin scanning, as opposed to the transformed value 'null', and this may cause unexpected results."}}
{"type":"LOG","log":{"level":"INFO","message":"INFO o.a.k.c.s.FileOffsetBackingStore(start):58 Starting FileOffsetBackingStore with file /tmp/cdc-state-offset3383506785705169182/offset.dat"}}
{"type":"LOG","log":{"level":"INFO","message":"INFO o.a.k.c.c.AbstractConfig(logAll):376 JsonConverterConfig values: \n\tconverter.type = key\n\tdecimal.format = BASE64\n\tschemas.cache.size = 1000\n\tschemas.enable = false\n"}}
{"type":"LOG","log":{"level":"INFO","message":"INFO o.a.k.c.c.AbstractConfig(logAll):376 JsonConverterConfig values: \n\tconverter.type = value\n\tdecimal.format = BASE64\n\tschemas.cache.size = 1000\n\tschemas.enable = false\n"}}
{"type":"LOG","log":{"level":"INFO","message":"INFO i.a.i.d.i.p.PostgresDebeziumStateUtil(extractLsn):201 Found previous partition offset PostgresPartition [sourcePartition={server=db_dosmxktaqv}]: {transaction_id=null, lsn=23903320, txId=505, ts_usec=1684590365342463}"}}
{"type":"LOG","log":{"level":"INFO","message":"INFO i.a.i.d.i.p.PostgresDebeziumStateUtil(parseSavedOffset):181 Closing offsetStorageReader and fileOffsetBackingStore"}}
{"type":"LOG","log":{"level":"INFO","message":"INFO o.a.k.c.s.FileOffsetBackingStore(stop):66 Stopped FileOffsetBackingStore"}}
{"type":"LOG","log":{"level":"INFO","message":"INFO i.a.i.s.p.PostgresSource(lambda$getReplicationSlot$4):296 Attempting to find the named replication slot using the query: HikariProxyPreparedStatement@955901595 wrapping SELECT * FROM pg_replication_slots WHERE slot_name = 'debezium_slot_db_dosmxktaqv' AND plugin = 'pgoutput' AND database = 'db_dosmxktaqv'"}}
{"type":"LOG","log":{"level":"INFO","message":"INFO i.a.d.j.s.AdaptiveStreamingQueryConfig(initialize):31 Set initial fetch size: 10 rows"}}
{"type":"LOG","log":{"level":"INFO","message":"INFO i.a.i.d.i.p.PostgresDebeziumStateUtil(isSavedOffsetAfterReplicationSlotLSN):62 Replication slot confirmed_flush_lsn : 23902672 Saved offset LSN : 23903320"}}
{"type":"LOG","log":{"level":"INFO","message":"INFO i.a.i.s.p.PostgresUtils(shouldFlushAfterSync):61 Should flush after sync: true"}}
{"type":"LOG","log":{"level":"INFO","message":"INFO i.a.i.d.i.p.PostgresReplicationConnection(createConnection):44 Creating a replication connection."}}
{"type":"LOG","log":{"level":"INFO","message":"INFO i.a.i.d.i.p.PostgresReplicationConnection(createConnection):47 Validating replication connection."}}
{"type":"LOG","log":{"level":"INFO","message":"INFO i.a.i.d.i.p.PostgresCdcTargetPosition(targetPosition):49 identified target lsn: PgLsn{lsn=23907120}"}}
{"type":"LOG","log":{"level":"INFO","message":"INFO i.a.i.s.p.PostgresUtils(shouldFlushAfterSync):61 Should flush after sync: true"}}
{"type":"LOG","log":{"level":"INFO","message":"INFO i.a.i.d.AirbyteDebeziumHandler(getSnapshotIterators):62 Running snapshot for 1 new tables"}}
{"type":"LOG","log":{"level":"INFO","message":"INFO o.a.k.c.c.AbstractConfig(logAll):376 JsonConverterConfig values: \n\tconverter.type = key\n\tdecimal.format = BASE64\n\tschemas.cache.size = 1000\n\tschemas.enable = false\n"}}
{"type":"LOG","log":{"level":"INFO","message":"INFO o.a.k.c.c.AbstractConfig(logAll):376 JsonConverterConfig values: \n\tconverter.type = value\n\tdecimal.format = BASE64\n\tschemas.cache.size = 1000\n\tschemas.enable = false\n"}}
{"type":"LOG","log":{"level":"INFO","message":"INFO o.a.k.c.c.AbstractConfig(logAll):376 EmbeddedConfig values: \n\taccess.control.allow.methods = \n\taccess.control.allow.origin = \n\tadmin.listeners = null\n\tauto.include.jmx.reporter = true\n\tbootstrap.servers = [localhost:9092]\n\tclient.dns.lookup = use_all_dns_ips\n\tconfig.providers = []\n\tconnector.client.config.override.policy = All\n\theader.converter = class org.apache.kafka.connect.storage.SimpleHeaderConverter\n\tkey.converter = class org.apache.kafka.connect.json.JsonConverter\n\tlisteners = [http://:8083]\n\tmetric.reporters = []\n\tmetrics.num.samples = 2\n\tmetrics.recording.level = INFO\n\tmetrics.sample.window.ms = 30000\n\toffset.flush.interval.ms = 1000\n\toffset.flush.timeout.ms = 5000\n\toffset.storage.file.filename = /tmp/cdc-dummy-state-offset13819604412599526874/offset.dat\n\toffset.storage.partitions = null\n\toffset.storage.replication.factor = null\n\toffset.storage.topic = \n\tplugin.path = null\n\tresponse.http.headers.config = \n\trest.advertised.host.name = null\n\trest.advertised.listener = null\n\trest.advertised.port = null\n\trest.extension.classes = []\n\tssl.cipher.suites = null\n\tssl.client.auth = none\n\tssl.enabled.protocols = [TLSv1.2, TLSv1.3]\n\tssl.endpoint.identification.algorithm = https\n\tssl.engine.factory.class = null\n\tssl.key.password = null\n\tssl.keymanager.algorithm = SunX509\n\tssl.keystore.certificate.chain = null\n\tssl.keystore.key = null\n\tssl.keystore.location = null\n\tssl.keystore.password = null\n\tssl.keystore.type = JKS\n\tssl.protocol = TLSv1.3\n\tssl.provider = null\n\tssl.secure.random.implementation = null\n\tssl.trustmanager.algorithm = PKIX\n\tssl.truststore.certificates = null\n\tssl.truststore.location = null\n\tssl.truststore.password = null\n\tssl.truststore.type = JKS\n\ttask.shutdown.graceful.timeout.ms = 5000\n\ttopic.creation.enable = true\n\ttopic.tracking.allow.reset = true\n\ttopic.tracking.enable = true\n\tvalue.converter = class org.apache.kafka.connect.json.JsonConverter\n"}}
{"type":"LOG","log":{"level":"WARN","message":"WARN o.a.k.c.r.WorkerConfig(logPluginPathConfigProviderWarning):379 Variables cannot be used in the 'plugin.path' property, since the property is used by plugin scanning before the config providers that replace the variables are initialized. The raw value 'null' was used for plugin scanning, as opposed to the transformed value 'null', and this may cause unexpected results."}}
{"type":"LOG","log":{"level":"INFO","message":"INFO o.a.k.c.c.AbstractConfig(logAll):376 JsonConverterConfig values: \n\tconverter.type = key\n\tdecimal.format = BASE64\n\tschemas.cache.size = 1000\n\tschemas.enable = false\n"}}
{"type":"LOG","log":{"level":"INFO","message":"INFO o.a.k.c.c.AbstractConfig(logAll):376 JsonConverterConfig values: \n\tconverter.type = value\n\tdecimal.format = BASE64\n\tschemas.cache.size = 1000\n\tschemas.enable = false\n"}}
{"type":"LOG","log":{"level":"WARN","message":"WARN i.d.c.p.PostgresConnectorConfig(validateFlushLsnSource):1070 Property 'flush.lsn.source' is set to 'false', the LSN will not be flushed to the database source and WAL logs will not be cleared. User is expected to handle this outside Debezium."}}
{"type":"LOG","log":{"level":"INFO","message":"INFO i.d.c.p.PostgresConnector(testConnection):154 Successfully tested connection for jdbc:postgresql://localhost:55775/db_dosmxktaqv with user 'test'"}}
{"type":"LOG","log":{"level":"INFO","message":"INFO i.d.j.JdbcConnection(lambda$doClose$4):947 Connection gracefully closed"}}
{"type":"LOG","log":{"level":"INFO","message":"INFO o.a.k.c.s.FileOffsetBackingStore(start):58 Starting FileOffsetBackingStore with file /tmp/cdc-dummy-state-offset13819604412599526874/offset.dat"}}
{"type":"LOG","log":{"level":"WARN","message":"WARN i.d.c.p.PostgresConnectorConfig(validateFlushLsnSource):1070 Property 'flush.lsn.source' is set to 'false', the LSN will not be flushed to the database source and WAL logs will not be cleared. User is expected to handle this outside Debezium."}}
{"type":"LOG","log":{"level":"INFO","message":"INFO i.d.c.c.BaseSourceTask(start):124 Starting PostgresConnectorTask with configuration:"}}
{"type":"LOG","log":{"level":"INFO","message":"INFO i.d.c.c.BaseSourceTask(lambda$start$0):126    connector.class = io.debezium.connector.postgresql.PostgresConnector"}}
{"type":"LOG","log":{"level":"INFO","message":"INFO i.d.c.c.BaseSourceTask(lambda$start$0):126    max.queue.size = 8192"}}
{"type":"LOG","log":{"level":"INFO","message":"INFO i.d.c.c.BaseSourceTask(lambda$start$0):126    topic.prefix = db_dosmxktaqv"}}
{"type":"LOG","log":{"level":"INFO","message":"INFO i.d.c.c.BaseSourceTask(lambda$start$0):126    offset.storage.file.filename = /tmp/cdc-dummy-state-offset13819604412599526874/offset.dat"}}
{"type":"LOG","log":{"level":"INFO","message":"INFO i.d.c.c.BaseSourceTask(lambda$start$0):126    decimal.handling.mode = string"}}
{"type":"LOG","log":{"level":"INFO","message":"INFO i.d.c.c.BaseSourceTask(lambda$start$0):126    flush.lsn.source = false"}}
{"type":"LOG","log":{"level":"INFO","message":"INFO i.d.c.c.BaseSourceTask(lambda$start$0):126    converters = datetime"}}
{"type":"LOG","log":{"level":"INFO","message":"INFO i.d.c.c.BaseSourceTask(lambda$start$0):126    errors.retry.delay.initial.ms = 299"}}
{"type":"LOG","log":{"level":"INFO","message":"INFO i.d.c.c.BaseSourceTask(lambda$start$0):126    datetime.type = io.airbyte.integrations.debezium.internals.postgres.PostgresConverter"}}
{"type":"LOG","log":{"level":"INFO","message":"INFO i.d.c.c.BaseSourceTask(lambda$start$0):126    value.converter = org.apache.kafka.connect.json.JsonConverter"}}
{"type":"LOG","log":{"level":"INFO","message":"INFO i.d.c.c.BaseSourceTask(lambda$start$0):126    key.converter = org.apache.kafka.connect.json.JsonConverter"}}
{"type":"LOG","log":{"level":"INFO","message":"INFO i.d.c.c.BaseSourceTask(lambda$start$0):126    database.user = test"}}
{"type":"LOG","log":{"level":"INFO","message":"INFO i.d.c.c.BaseSourceTask(lambda$start$0):126    database.dbname = db_dosmxktaqv"}}
{"type":"LOG","log":{"level":"INFO","message":"INFO i.d.c.c.BaseSourceTask(lambda$start$0):126    offset.storage = org.apache.kafka.connect.storage.FileOffsetBackingStore"}}
{"type":"LOG","log":{"level":"INFO","message":"INFO i.d.c.c.BaseSourceTask(lambda$start$0):126    errors.retry.delay.max.ms = 300"}}
{"type":"LOG","log":{"level":"INFO","message":"INFO i.d.c.c.BaseSourceTask(lambda$start$0):126    offset.flush.timeout.ms = 5000"}}
{"type":"LOG","log":{"level":"INFO","message":"INFO i.d.c.c.BaseSourceTask(lambda$start$0):126    heartbeat.interval.ms = 10000"}}
{"type":"LOG","log":{"level":"INFO","message":"INFO i.d.c.c.BaseSourceTask(lambda$start$0):126    column.include.list = \\Qmodels_schema_random.models_random\\E\\.(\\Qmodel_random\\E|\\Qid_random\\E|\\Qmake_id_random\\E)"}}
{"type":"LOG","log":{"level":"INFO","message":"INFO i.d.c.c.BaseSourceTask(lambda$start$0):126    database.port = 55775"}}
{"type":"LOG","log":{"level":"INFO","message":"INFO i.d.c.c.BaseSourceTask(lambda$start$0):126    offset.flush.interval.ms = 1000"}}
{"type":"LOG","log":{"level":"INFO","message":"INFO i.d.c.c.BaseSourceTask(lambda$start$0):126    key.converter.schemas.enable = false"}}
{"type":"LOG","log":{"level":"INFO","message":"INFO i.d.c.c.BaseSourceTask(lambda$start$0):126    include.unknown.datatypes = true"}}
{"type":"LOG","log":{"level":"INFO","message":"INFO i.d.c.c.BaseSourceTask(lambda$start$0):126    errors.max.retries = 10"}}
{"type":"LOG","log":{"level":"INFO","message":"INFO i.d.c.c.BaseSourceTask(lambda$start$0):126    database.hostname = localhost"}}
{"type":"LOG","log":{"level":"INFO","message":"INFO i.d.c.c.BaseSourceTask(lambda$start$0):126    database.password = ********"}}
{"type":"LOG","log":{"level":"INFO","message":"INFO i.d.c.c.BaseSourceTask(lambda$start$0):126    value.converter.schemas.enable = false"}}
{"type":"LOG","log":{"level":"INFO","message":"INFO i.d.c.c.BaseSourceTask(lambda$start$0):126    name = db_dosmxktaqv"}}
{"type":"LOG","log":{"level":"INFO","message":"INFO i.d.c.c.BaseSourceTask(lambda$start$0):126    max.batch.size = 2048"}}
{"type":"LOG","log":{"level":"INFO","message":"INFO i.d.c.c.BaseSourceTask(lambda$start$0):126    table.include.list = \\Qmodels_schema_random.models_random\\E"}}
{"type":"LOG","log":{"level":"INFO","message":"INFO i.d.c.c.BaseSourceTask(lambda$start$0):126    snapshot.mode = initial_only"}}
{"type":"LOG","log":{"level":"INFO","message":"INFO i.d.c.c.BaseSourceTask(startIfNeededAndPossible):243 Attempting to start task"}}
{"type":"LOG","log":{"level":"INFO","message":"INFO i.d.c.CommonConnectorConfig(getTopicNamingStrategy):849 Loading the custom topic naming strategy plugin: io.debezium.schema.SchemaTopicNamingStrategy"}}
{"type":"LOG","log":{"level":"INFO","message":"INFO i.d.j.JdbcConnection(lambda$doClose$4):947 Connection gracefully closed"}}
{"type":"LOG","log":{"level":"INFO","message":"INFO i.d.c.c.BaseSourceTask(getPreviousOffsets):375 No previous offsets found"}}
{"type":"LOG","log":{"level":"INFO","message":"INFO i.d.c.p.PostgresConnectorTask(start):113 user 'test' connected to database 'db_dosmxktaqv' on PostgreSQL 13.11 on x86_64-pc-linux-musl, compiled by gcc (Alpine 12.2.1_git20220924-r10) 12.2.1 20220924, 64-bit with roles:\n\trole 'pg_read_all_settings' [superuser: false, replication: false, inherit: true, create role: false, create db: false, can log in: false]\n\trole 'pg_stat_scan_tables' [superuser: false, replication: false, inherit: true, create role: false, create db: false, can log in: false]\n\trole 'pg_write_server_files' [superuser: false, replication: false, inherit: true, create role: false, create db: false, can log in: false]\n\trole 'test' [superuser: true, replication: true, inherit: true, create role: true, create db: true, can log in: true]\n\trole 'pg_monitor' [superuser: false, replication: false, inherit: true, create role: false, create db: false, can log in: false]\n\trole 'pg_read_server_files' [superuser: false, replication: false, inherit: true, create role: false, create db: false, can log in: false]\n\trole 'pg_execute_server_program' [superuser: false, replication: false, inherit: true, create role: false, create db: false, can log in: false]\n\trole 'pg_read_all_stats' [superuser: false, replication: false, inherit: true, create role: false, create db: false, can log in: false]\n\trole 'pg_signal_backend' [superuser: false, replication: false, inherit: true, create role: false, create db: false, can log in: false]"}}
{"type":"LOG","log":{"level":"INFO","message":"INFO i.d.c.p.c.PostgresConnection(readReplicationSlotInfo):264 Obtained valid replication slot ReplicationSlot [active=false, latestFlushedLsn=null, catalogXmin=null]"}}
{"type":"LOG","log":{"level":"INFO","message":"INFO i.d.c.p.PostgresConnectorTask(start):122 No previous offset found"}}
{"type":"LOG","log":{"level":"INFO","message":"INFO i.d.u.Threads(threadFactory):270 Requested thread factory for connector PostgresConnector, id = db_dosmxktaqv named = change-event-source-coordinator"}}
{"type":"LOG","log":{"level":"INFO","message":"INFO i.d.u.Threads$3(newThread):287 Creating thread debezium-postgresconnector-db_dosmxktaqv-change-event-source-coordinator"}}
{"type":"LOG","log":{"level":"INFO","message":"INFO i.d.c.c.BaseSourceTask(startIfNeededAndPossible):245 Successfully started task"}}
{"type":"LOG","log":{"level":"INFO","message":"INFO i.d.p.ChangeEventSourceCoordinator(lambda$start$0):103 Metrics registered"}}
{"type":"LOG","log":{"level":"INFO","message":"INFO i.d.p.ChangeEventSourceCoordinator(lambda$start$0):106 Context created"}}
{"type":"LOG","log":{"level":"INFO","message":"INFO i.d.c.p.s.InitialOnlySnapshotter(shouldSnapshot):34 Taking initial snapshot for new datasource"}}
{"type":"LOG","log":{"level":"INFO","message":"INFO i.d.c.p.PostgresSnapshotChangeEventSource(getSnapshottingTask):65 According to the connector configuration data will be snapshotted"}}
{"type":"LOG","log":{"level":"INFO","message":"INFO i.d.r.RelationalSnapshotChangeEventSource(doExecute):110 Snapshot step 1 - Preparing"}}
{"type":"LOG","log":{"level":"INFO","message":"INFO i.d.c.p.PostgresSnapshotChangeEventSource(setSnapshotTransactionIsolationLevel):235 Setting isolation level"}}
{"type":"LOG","log":{"level":"INFO","message":"INFO i.d.c.p.PostgresSnapshotChangeEventSource(setSnapshotTransactionIsolationLevel):237 Opening transaction with statement SET TRANSACTION ISOLATION LEVEL SERIALIZABLE, READ ONLY, DEFERRABLE;"}}
{"type":"LOG","log":{"level":"INFO","message":"INFO i.d.r.RelationalSnapshotChangeEventSource(doExecute):119 Snapshot step 2 - Determining captured tables"}}
{"type":"LOG","log":{"level":"INFO","message":"INFO i.d.r.RelationalSnapshotChangeEventSource(determineCapturedTables):267 Adding table models_schema.models to the list of capture schema tables"}}
{"type":"LOG","log":{"level":"INFO","message":"INFO i.d.r.RelationalSnapshotChangeEventSource(determineCapturedTables):267 Adding table models_schema_random.models_random to the list of capture schema tables"}}
{"type":"LOG","log":{"level":"INFO","message":"INFO i.d.r.RelationalSnapshotChangeEventSource(doExecute):126 Snapshot step 3 - Locking captured tables [models_schema_random.models_random]"}}
{"type":"LOG","log":{"level":"INFO","message":"INFO i.d.r.RelationalSnapshotChangeEventSource(doExecute):132 Snapshot step 4 - Determining snapshot offset"}}
{"type":"LOG","log":{"level":"INFO","message":"INFO i.d.c.p.PostgresOffsetContext(initialContext):233 Creating initial offset context"}}
{"type":"LOG","log":{"level":"INFO","message":"INFO i.d.c.p.PostgresOffsetContext(initialContext):236 Read xlogStart at 'LSN{0/16CCB30}' from transaction '526'"}}
{"type":"LOG","log":{"level":"INFO","message":"INFO i.d.c.p.PostgresSnapshotChangeEventSource(updateOffsetForSnapshot):147 Read xlogStart at 'LSN{0/16CCB30}' from transaction '526'"}}
{"type":"LOG","log":{"level":"INFO","message":"INFO i.d.r.RelationalSnapshotChangeEventSource(doExecute):135 Snapshot step 5 - Reading structure of captured tables"}}
{"type":"LOG","log":{"level":"INFO","message":"INFO i.d.c.p.PostgresSnapshotChangeEventSource(readTableStructure):193 Reading structure of schema 'models_schema_random' of catalog 'db_dosmxktaqv'"}}
{"type":"LOG","log":{"level":"INFO","message":"INFO i.d.r.RelationalSnapshotChangeEventSource(doExecute):139 Snapshot step 5.a - Creating connection pool"}}
{"type":"LOG","log":{"level":"INFO","message":"INFO i.d.r.RelationalSnapshotChangeEventSource(createConnectionPool):213 Created connection pool with 1 threads"}}
{"type":"LOG","log":{"level":"INFO","message":"INFO i.d.r.RelationalSnapshotChangeEventSource(doExecute):144 Snapshot step 6 - Persisting schema history"}}
{"type":"LOG","log":{"level":"INFO","message":"INFO i.d.r.RelationalSnapshotChangeEventSource(doExecute):156 Snapshot step 7 - Snapshotting data"}}
{"type":"LOG","log":{"level":"INFO","message":"INFO i.d.r.RelationalSnapshotChangeEventSource(createDataEvents):390 Creating snapshot worker pool with 1 worker thread(s)"}}
{"type":"LOG","log":{"level":"INFO","message":"INFO i.d.r.RelationalSnapshotChangeEventSource(createDataEvents):399 For table 'models_schema_random.models_random' using select statement: 'SELECT \"id_random\", \"make_id_random\", \"model_random\" FROM \"models_schema_random\".\"models_random\"'"}}
{"type":"LOG","log":{"level":"INFO","message":"INFO i.d.r.RelationalSnapshotChangeEventSource(doCreateDataEventsForTable):513 Exporting data from table 'models_schema_random.models_random' (1 of 1 tables)"}}
{"type":"LOG","log":{"level":"INFO","message":"INFO i.d.r.RelationalSnapshotChangeEventSource(doCreateDataEventsForTable):559 \t Finished exporting 6 records for table 'models_schema_random.models_random' (1 of 1 tables); total duration '00:00:00.013'"}}
{"type":"LOG","log":{"level":"INFO","message":"INFO i.d.p.s.AbstractSnapshotChangeEventSource(execute):88 Snapshot - Final stage"}}
{"type":"LOG","log":{"level":"INFO","message":"INFO i.d.p.s.AbstractSnapshotChangeEventSource(execute):92 Snapshot completed"}}
{"type":"LOG","log":{"level":"INFO","message":"INFO i.d.p.ChangeEventSourceCoordinator(doSnapshot):156 Snapshot ended with SnapshotResult [status=COMPLETED, offset=PostgresOffsetContext [sourceInfoSchema=Schema{io.debezium.connector.postgresql.Source:STRUCT}, sourceInfo=source_info[server='db_dosmxktaqv'db='db_dosmxktaqv', lsn=LSN{0/16CCB30}, txId=526, timestamp=2023-05-20T13:46:17.057482Z, snapshot=FALSE, schema=models_schema_random, table=models_random], lastSnapshotRecord=true, lastCompletelyProcessedLsn=null, lastCommitLsn=null, streamingStoppingLsn=null, transactionContext=TransactionContext [currentTransactionId=null, perTableEventCount={}, totalEventCount=0], incrementalSnapshotContext=IncrementalSnapshotContext [windowOpened=false, chunkEndPosition=null, dataCollectionsToSnapshot=[], lastEventKeySent=null, maximumKey=null]]]"}}
{"type":"LOG","log":{"level":"INFO","message":"INFO i.d.p.ChangeEventSourceCoordinator(streamingConnected):240 Connected metrics set to 'true'"}}
{"type":"LOG","log":{"level":"INFO","message":"INFO i.d.c.p.PostgresSchema(printReplicaIdentityInfo):100 REPLICA IDENTITY for 'models_schema_random.models_random' is 'DEFAULT'; UPDATE and DELETE events will contain previous values only for PK columns"}}
{"type":"LOG","log":{"level":"INFO","message":"INFO i.d.p.ChangeEventSourceCoordinator(streamEvents):173 Starting streaming"}}
{"type":"LOG","log":{"level":"INFO","message":"INFO i.d.c.p.PostgresStreamingChangeEventSource(execute):115 Streaming is not enabled in correct configuration"}}
{"type":"LOG","log":{"level":"INFO","message":"INFO i.d.p.ChangeEventSourceCoordinator(streamEvents):175 Finished streaming"}}
{"type":"LOG","log":{"level":"INFO","message":"INFO i.d.p.ChangeEventSourceCoordinator(streamingConnected):240 Connected metrics set to 'false'"}}
{"type":"LOG","log":{"level":"INFO","message":"INFO i.a.i.d.i.p.PostgresCdcTargetPosition(reachedTargetPosition):61 Signalling close because Snapshot is complete"}}
{"type":"LOG","log":{"level":"INFO","message":"INFO i.a.i.d.i.DebeziumRecordIterator(requestClose):208 Closing: Change event reached target position"}}
{"type":"LOG","log":{"level":"INFO","message":"INFO i.d.e.EmbeddedEngine(stop):1146 Stopping the embedded engine"}}
{"type":"LOG","log":{"level":"INFO","message":"INFO i.d.e.EmbeddedEngine(stop):1153 Waiting for PT5M for connector to stop"}}
{"type":"LOG","log":{"level":"INFO","message":"INFO i.d.e.EmbeddedEngine(run):944 Stopping the task and engine"}}
{"type":"LOG","log":{"level":"INFO","message":"INFO i.d.c.c.BaseSourceTask(stop):278 Stopping down connector"}}
{"type":"LOG","log":{"level":"INFO","message":"INFO i.d.j.JdbcConnection(lambda$doClose$4):947 Connection gracefully closed"}}
{"type":"LOG","log":{"level":"INFO","message":"INFO o.a.k.c.s.FileOffsetBackingStore(stop):66 Stopped FileOffsetBackingStore"}}
{"type":"LOG","log":{"level":"INFO","message":"INFO i.a.i.d.i.DebeziumRecordPublisher(lambda$start$1):73 Debezium engine shutdown."}}
{"type":"LOG","log":{"level":"INFO","message":"INFO i.a.i.d.i.DebeziumRecordPublisher(lambda$start$1):74 Connector 'io.debezium.connector.postgresql.PostgresConnector' completed normally."}}
{"type":"LOG","log":{"level":"INFO","message":"INFO i.a.i.s.p.PostgresCdcStateHandler(saveStateAfterCompletionOfSnapshotOfNewStreams):60 Snapshot of new tables is complete, saving state"}}
{"type":"LOG","log":{"level":"INFO","message":"INFO i.a.i.s.p.PostgresUtils(shouldFlushAfterSync):61 Should flush after sync: true"}}
{"type":"LOG","log":{"level":"INFO","message":"INFO i.a.i.d.AirbyteDebeziumHandler(getIncrementalIterators):95 Using CDC: true"}}
{"type":"LOG","log":{"level":"INFO","message":"INFO o.a.k.c.c.AbstractConfig(logAll):376 JsonConverterConfig values: \n\tconverter.type = key\n\tdecimal.format = BASE64\n\tschemas.cache.size = 1000\n\tschemas.enable = false\n"}}
{"type":"LOG","log":{"level":"INFO","message":"INFO o.a.k.c.c.AbstractConfig(logAll):376 JsonConverterConfig values: \n\tconverter.type = value\n\tdecimal.format = BASE64\n\tschemas.cache.size = 1000\n\tschemas.enable = false\n"}}
{"type":"LOG","log":{"level":"INFO","message":"INFO o.a.k.c.c.AbstractConfig(logAll):376 EmbeddedConfig values: \n\taccess.control.allow.methods = \n\taccess.control.allow.origin = \n\tadmin.listeners = null\n\tauto.include.jmx.reporter = true\n\tbootstrap.servers = [localhost:9092]\n\tclient.dns.lookup = use_all_dns_ips\n\tconfig.providers = []\n\tconnector.client.config.override.policy = All\n\theader.converter = class org.apache.kafka.connect.storage.SimpleHeaderConverter\n\tkey.converter = class org.apache.kafka.connect.json.JsonConverter\n\tlisteners = [http://:8083]\n\tmetric.reporters = []\n\tmetrics.num.samples = 2\n\tmetrics.recording.level = INFO\n\tmetrics.sample.window.ms = 30000\n\toffset.flush.interval.ms = 1000\n\toffset.flush.timeout.ms = 5000\n\toffset.storage.file.filename = /tmp/cdc-state-offset2894336727408797707/offset.dat\n\toffset.storage.partitions = null\n\toffset.storage.replication.factor = null\n\toffset.storage.topic = \n\tplugin.path = null\n\tresponse.http.headers.config = \n\trest.advertised.host.name = null\n\trest.advertised.listener = null\n\trest.advertised.port = null\n\trest.extension.classes = []\n\tssl.cipher.suites = null\n\tssl.client.auth = none\n\tssl.enabled.protocols = [TLSv1.2, TLSv1.3]\n\tssl.endpoint.identification.algorithm = https\n\tssl.engine.factory.class = null\n\tssl.key.password = null\n\tssl.keymanager.algorithm = SunX509\n\tssl.keystore.certificate.chain = null\n\tssl.keystore.key = null\n\tssl.keystore.location = null\n\tssl.keystore.password = null\n\tssl.keystore.type = JKS\n\tssl.protocol = TLSv1.3\n\tssl.provider = null\n\tssl.secure.random.implementation = null\n\tssl.trustmanager.algorithm = PKIX\n\tssl.truststore.certificates = null\n\tssl.truststore.location = null\n\tssl.truststore.password = null\n\tssl.truststore.type = JKS\n\ttask.shutdown.graceful.timeout.ms = 5000\n\ttopic.creation.enable = true\n\ttopic.tracking.allow.reset = true\n\ttopic.tracking.enable = true\n\tvalue.converter = class org.apache.kafka.connect.json.JsonConverter\n"}}
{"type":"LOG","log":{"level":"WARN","message":"WARN o.a.k.c.r.WorkerConfig(logPluginPathConfigProviderWarning):379 Variables cannot be used in the 'plugin.path' property, since the property is used by plugin scanning before the config providers that replace the variables are initialized. The raw value 'null' was used for plugin scanning, as opposed to the transformed value 'null', and this may cause unexpected results."}}
{"type":"LOG","log":{"level":"INFO","message":"INFO o.a.k.c.c.AbstractConfig(logAll):376 JsonConverterConfig values: \n\tconverter.type = key\n\tdecimal.format = BASE64\n\tschemas.cache.size = 1000\n\tschemas.enable = false\n"}}
{"type":"LOG","log":{"level":"INFO","message":"INFO o.a.k.c.c.AbstractConfig(logAll):376 JsonConverterConfig values: \n\tconverter.type = value\n\tdecimal.format = BASE64\n\tschemas.cache.size = 1000\n\tschemas.enable = false\n"}}
{"type":"LOG","log":{"level":"WARN","message":"WARN i.d.c.p.PostgresConnectorConfig(validateFlushLsnSource):1070 Property 'flush.lsn.source' is set to 'false', the LSN will not be flushed to the database source and WAL logs will not be cleared. User is expected to handle this outside Debezium."}}
{"type":"LOG","log":{"level":"INFO","message":"INFO i.d.c.p.PostgresConnector(testConnection):154 Successfully tested connection for jdbc:postgresql://localhost:55775/db_dosmxktaqv with user 'test'"}}
{"type":"LOG","log":{"level":"INFO","message":"INFO i.d.j.JdbcConnection(lambda$doClose$4):947 Connection gracefully closed"}}
{"type":"LOG","log":{"level":"INFO","message":"INFO o.a.k.c.s.FileOffsetBackingStore(start):58 Starting FileOffsetBackingStore with file /tmp/cdc-state-offset2894336727408797707/offset.dat"}}
{"type":"LOG","log":{"level":"WARN","message":"WARN i.d.c.p.PostgresConnectorConfig(validateFlushLsnSource):1070 Property 'flush.lsn.source' is set to 'false', the LSN will not be flushed to the database source and WAL logs will not be cleared. User is expected to handle this outside Debezium."}}
{"type":"LOG","log":{"level":"INFO","message":"INFO i.d.c.c.BaseSourceTask(start):124 Starting PostgresConnectorTask with configuration:"}}
{"type":"LOG","log":{"level":"INFO","message":"INFO i.d.c.c.BaseSourceTask(lambda$start$0):126    connector.class = io.debezium.connector.postgresql.PostgresConnector"}}
{"type":"LOG","log":{"level":"INFO","message":"INFO i.d.c.c.BaseSourceTask(lambda$start$0):126    max.queue.size = 8192"}}
{"type":"LOG","log":{"level":"INFO","message":"INFO i.d.c.c.BaseSourceTask(lambda$start$0):126    slot.name = debezium_slot_db_dosmxktaqv"}}
{"type":"LOG","log":{"level":"INFO","message":"INFO i.d.c.c.BaseSourceTask(lambda$start$0):126    publication.name = publication"}}
{"type":"LOG","log":{"level":"INFO","message":"INFO i.d.c.c.BaseSourceTask(lambda$start$0):126    topic.prefix = db_dosmxktaqv"}}
{"type":"LOG","log":{"level":"INFO","message":"INFO i.d.c.c.BaseSourceTask(lambda$start$0):126    offset.storage.file.filename = /tmp/cdc-state-offset2894336727408797707/offset.dat"}}
{"type":"LOG","log":{"level":"INFO","message":"INFO i.d.c.c.BaseSourceTask(lambda$start$0):126    decimal.handling.mode = string"}}
{"type":"LOG","log":{"level":"INFO","message":"INFO i.d.c.c.BaseSourceTask(lambda$start$0):126    flush.lsn.source = false"}}
{"type":"LOG","log":{"level":"INFO","message":"INFO i.d.c.c.BaseSourceTask(lambda$start$0):126    converters = datetime"}}
{"type":"LOG","log":{"level":"INFO","message":"INFO i.d.c.c.BaseSourceTask(lambda$start$0):126    errors.retry.delay.initial.ms = 299"}}
{"type":"LOG","log":{"level":"INFO","message":"INFO i.d.c.c.BaseSourceTask(lambda$start$0):126    datetime.type = io.airbyte.integrations.debezium.internals.postgres.PostgresConverter"}}
{"type":"LOG","log":{"level":"INFO","message":"INFO i.d.c.c.BaseSourceTask(lambda$start$0):126    value.converter = org.apache.kafka.connect.json.JsonConverter"}}
{"type":"LOG","log":{"level":"INFO","message":"INFO i.d.c.c.BaseSourceTask(lambda$start$0):126    key.converter = org.apache.kafka.connect.json.JsonConverter"}}
{"type":"LOG","log":{"level":"INFO","message":"INFO i.d.c.c.BaseSourceTask(lambda$start$0):126    publication.autocreate.mode = disabled"}}
{"type":"LOG","log":{"level":"INFO","message":"INFO i.d.c.c.BaseSourceTask(lambda$start$0):126    database.user = test"}}
{"type":"LOG","log":{"level":"INFO","message":"INFO i.d.c.c.BaseSourceTask(lambda$start$0):126    database.dbname = db_dosmxktaqv"}}
{"type":"LOG","log":{"level":"INFO","message":"INFO i.d.c.c.BaseSourceTask(lambda$start$0):126    offset.storage = org.apache.kafka.connect.storage.FileOffsetBackingStore"}}
{"type":"LOG","log":{"level":"INFO","message":"INFO i.d.c.c.BaseSourceTask(lambda$start$0):126    errors.retry.delay.max.ms = 300"}}
{"type":"LOG","log":{"level":"INFO","message":"INFO i.d.c.c.BaseSourceTask(lambda$start$0):126    offset.flush.timeout.ms = 5000"}}
{"type":"LOG","log":{"level":"INFO","message":"INFO i.d.c.c.BaseSourceTask(lambda$start$0):126    heartbeat.interval.ms = 10000"}}
{"type":"LOG","log":{"level":"INFO","message":"INFO i.d.c.c.BaseSourceTask(lambda$start$0):126    column.include.list = \\Qmodels_schema.models\\E\\.(\\Qmodel\\E|\\Qid\\E|\\Qmake_id\\E),\\Qmodels_schema_random.models_random\\E\\.(\\Qmodel_random\\E|\\Qid_random\\E|\\Qmake_id_random\\E)"}}
{"type":"LOG","log":{"level":"INFO","message":"INFO i.d.c.c.BaseSourceTask(lambda$start$0):126    plugin.name = pgoutput"}}
{"type":"LOG","log":{"level":"INFO","message":"INFO i.d.c.c.BaseSourceTask(lambda$start$0):126    database.port = 55775"}}
{"type":"LOG","log":{"level":"INFO","message":"INFO i.d.c.c.BaseSourceTask(lambda$start$0):126    offset.flush.interval.ms = 1000"}}
{"type":"LOG","log":{"level":"INFO","message":"INFO i.d.c.c.BaseSourceTask(lambda$start$0):126    key.converter.schemas.enable = false"}}
{"type":"LOG","log":{"level":"INFO","message":"INFO i.d.c.c.BaseSourceTask(lambda$start$0):126    include.unknown.datatypes = true"}}
{"type":"LOG","log":{"level":"INFO","message":"INFO i.d.c.c.BaseSourceTask(lambda$start$0):126    errors.max.retries = 10"}}
{"type":"LOG","log":{"level":"INFO","message":"INFO i.d.c.c.BaseSourceTask(lambda$start$0):126    database.hostname = localhost"}}
{"type":"LOG","log":{"level":"INFO","message":"INFO i.d.c.c.BaseSourceTask(lambda$start$0):126    database.password = ********"}}
{"type":"LOG","log":{"level":"INFO","message":"INFO i.d.c.c.BaseSourceTask(lambda$start$0):126    value.converter.schemas.enable = false"}}
{"type":"LOG","log":{"level":"INFO","message":"INFO i.d.c.c.BaseSourceTask(lambda$start$0):126    name = db_dosmxktaqv"}}
{"type":"LOG","log":{"level":"INFO","message":"INFO i.d.c.c.BaseSourceTask(lambda$start$0):126    max.batch.size = 2048"}}
{"type":"LOG","log":{"level":"INFO","message":"INFO i.d.c.c.BaseSourceTask(lambda$start$0):126    table.include.list = \\Qmodels_schema.models\\E,\\Qmodels_schema_random.models_random\\E"}}
{"type":"LOG","log":{"level":"INFO","message":"INFO i.d.c.c.BaseSourceTask(lambda$start$0):126    snapshot.mode = initial"}}
{"type":"LOG","log":{"level":"INFO","message":"INFO i.d.c.c.BaseSourceTask(startIfNeededAndPossible):243 Attempting to start task"}}
{"type":"LOG","log":{"level":"INFO","message":"INFO i.d.c.CommonConnectorConfig(getTopicNamingStrategy):849 Loading the custom topic naming strategy plugin: io.debezium.schema.SchemaTopicNamingStrategy"}}
{"type":"LOG","log":{"level":"INFO","message":"INFO i.d.j.JdbcConnection(lambda$doClose$4):947 Connection gracefully closed"}}
{"type":"LOG","log":{"level":"INFO","message":"INFO i.d.c.c.BaseSourceTask(getPreviousOffsets):370 Found previous partition offset PostgresPartition [sourcePartition={server=db_dosmxktaqv}]: {transaction_id=null, lsn=23903320, txId=505, ts_usec=1684590365342463}"}}
{"type":"LOG","log":{"level":"INFO","message":"INFO i.d.c.p.PostgresConnectorTask(start):113 user 'test' connected to database 'db_dosmxktaqv' on PostgreSQL 13.11 on x86_64-pc-linux-musl, compiled by gcc (Alpine 12.2.1_git20220924-r10) 12.2.1 20220924, 64-bit with roles:\n\trole 'pg_read_all_settings' [superuser: false, replication: false, inherit: true, create role: false, create db: false, can log in: false]\n\trole 'pg_stat_scan_tables' [superuser: false, replication: false, inherit: true, create role: false, create db: false, can log in: false]\n\trole 'pg_write_server_files' [superuser: false, replication: false, inherit: true, create role: false, create db: false, can log in: false]\n\trole 'test' [superuser: true, replication: true, inherit: true, create role: true, create db: true, can log in: true]\n\trole 'pg_monitor' [superuser: false, replication: false, inherit: true, create role: false, create db: false, can log in: false]\n\trole 'pg_read_server_files' [superuser: false, replication: false, inherit: true, create role: false, create db: false, can log in: false]\n\trole 'pg_execute_server_program' [superuser: false, replication: false, inherit: true, create role: false, create db: false, can log in: false]\n\trole 'pg_read_all_stats' [superuser: false, replication: false, inherit: true, create role: false, create db: false, can log in: false]\n\trole 'pg_signal_backend' [superuser: false, replication: false, inherit: true, create role: false, create db: false, can log in: false]"}}
{"type":"LOG","log":{"level":"INFO","message":"INFO i.d.c.p.c.PostgresConnection(readReplicationSlotInfo):264 Obtained valid replication slot ReplicationSlot [active=false, latestFlushedLsn=LSN{0/16CBC58}, catalogXmin=504]"}}
{"type":"LOG","log":{"level":"INFO","message":"INFO i.d.c.p.PostgresConnectorTask(start):127 Found previous offset PostgresOffsetContext [sourceInfoSchema=Schema{io.debezium.connector.postgresql.Source:STRUCT}, sourceInfo=source_info[server='db_dosmxktaqv'db='db_dosmxktaqv', lsn=LSN{0/16CBC58}, txId=505, timestamp=2023-05-20T13:46:05.342463Z, snapshot=FALSE, schema=, table=], lastSnapshotRecord=false, lastCompletelyProcessedLsn=null, lastCommitLsn=null, streamingStoppingLsn=null, transactionContext=TransactionContext [currentTransactionId=null, perTableEventCount={}, totalEventCount=0], incrementalSnapshotContext=IncrementalSnapshotContext [windowOpened=false, chunkEndPosition=null, dataCollectionsToSnapshot=[], lastEventKeySent=null, maximumKey=null]]"}}
{"type":"LOG","log":{"level":"INFO","message":"INFO i.d.u.Threads(threadFactory):270 Requested thread factory for connector PostgresConnector, id = db_dosmxktaqv named = change-event-source-coordinator"}}
{"type":"LOG","log":{"level":"INFO","message":"INFO i.d.u.Threads$3(newThread):287 Creating thread debezium-postgresconnector-db_dosmxktaqv-change-event-source-coordinator"}}
{"type":"LOG","log":{"level":"INFO","message":"INFO i.d.c.c.BaseSourceTask(startIfNeededAndPossible):245 Successfully started task"}}
{"type":"LOG","log":{"level":"INFO","message":"INFO i.d.p.ChangeEventSourceCoordinator(lambda$start$0):103 Metrics registered"}}
{"type":"LOG","log":{"level":"INFO","message":"INFO i.d.p.ChangeEventSourceCoordinator(lambda$start$0):106 Context created"}}
{"type":"LOG","log":{"level":"INFO","message":"INFO i.d.c.p.s.InitialSnapshotter(shouldSnapshot):42 Previous snapshot has completed successfully, streaming logical changes from last known position"}}
{"type":"LOG","log":{"level":"INFO","message":"INFO i.d.c.p.PostgresSnapshotChangeEventSource(getSnapshottingTask):68 According to the connector configuration no snapshot will be executed"}}
{"type":"LOG","log":{"level":"INFO","message":"INFO i.d.p.ChangeEventSourceCoordinator(doSnapshot):156 Snapshot ended with SnapshotResult [status=SKIPPED, offset=PostgresOffsetContext [sourceInfoSchema=Schema{io.debezium.connector.postgresql.Source:STRUCT}, sourceInfo=source_info[server='db_dosmxktaqv'db='db_dosmxktaqv', lsn=LSN{0/16CBC58}, txId=505, timestamp=2023-05-20T13:46:05.342463Z, snapshot=FALSE, schema=, table=], lastSnapshotRecord=false, lastCompletelyProcessedLsn=null, lastCommitLsn=null, streamingStoppingLsn=null, transactionContext=TransactionContext [currentTransactionId=null, perTableEventCount={}, totalEventCount=0], incrementalSnapshotContext=IncrementalSnapshotContext [windowOpened=false, chunkEndPosition=null, dataCollectionsToSnapshot=[], lastEventKeySent=null, maximumKey=null]]]"}}
{"type":"LOG","log":{"level":"INFO","message":"INFO i.d.p.ChangeEventSourceCoordinator(streamingConnected):240 Connected metrics set to 'true'"}}
{"type":"LOG","log":{"level":"INFO","message":"INFO i.d.c.p.PostgresSchema(printReplicaIdentityInfo):100 REPLICA IDENTITY for 'models_schema.models' is 'DEFAULT'; UPDATE and DELETE events will contain previous values only for PK columns"}}
{"type":"LOG","log":{"level":"INFO","message":"INFO i.d.c.p.PostgresSchema(printReplicaIdentityInfo):100 REPLICA IDENTITY for 'models_schema_random.models_random' is 'DEFAULT'; UPDATE and DELETE events will contain previous values only for PK columns"}}
{"type":"LOG","log":{"level":"INFO","message":"INFO i.d.p.ChangeEventSourceCoordinator(streamEvents):173 Starting streaming"}}
{"type":"LOG","log":{"level":"INFO","message":"INFO i.d.c.p.PostgresStreamingChangeEventSource(execute):136 Retrieved latest position from stored offset 'LSN{0/16CBC58}'"}}
{"type":"LOG","log":{"level":"INFO","message":"INFO i.d.c.p.c.WalPositionLocator(<init>):48 Looking for WAL restart position for last commit LSN 'null' and last change LSN 'LSN{0/16CBC58}'"}}
{"type":"LOG","log":{"level":"INFO","message":"INFO i.d.c.p.c.PostgresReplicationConnection(initPublication):147 Initializing PgOutput logical decoder publication"}}
{"type":"LOG","log":{"level":"INFO","message":"INFO i.d.c.p.c.PostgresConnection(readReplicationSlotInfo):264 Obtained valid replication slot ReplicationSlot [active=false, latestFlushedLsn=LSN{0/16CBC58}, catalogXmin=504]"}}
{"type":"LOG","log":{"level":"INFO","message":"INFO i.d.j.JdbcConnection(lambda$doClose$4):947 Connection gracefully closed"}}
{"type":"LOG","log":{"level":"INFO","message":"INFO i.d.u.Threads(threadFactory):270 Requested thread factory for connector PostgresConnector, id = db_dosmxktaqv named = keep-alive"}}
{"type":"LOG","log":{"level":"INFO","message":"INFO i.d.u.Threads$3(newThread):287 Creating thread debezium-postgresconnector-db_dosmxktaqv-keep-alive"}}
{"type":"LOG","log":{"level":"INFO","message":"INFO i.d.c.p.PostgresSchema(printReplicaIdentityInfo):100 REPLICA IDENTITY for 'models_schema.models' is 'DEFAULT'; UPDATE and DELETE events will contain previous values only for PK columns"}}
{"type":"LOG","log":{"level":"INFO","message":"INFO i.d.c.p.PostgresSchema(printReplicaIdentityInfo):100 REPLICA IDENTITY for 'models_schema_random.models_random' is 'DEFAULT'; UPDATE and DELETE events will contain previous values only for PK columns"}}
{"type":"LOG","log":{"level":"INFO","message":"INFO i.d.c.p.PostgresStreamingChangeEventSource(searchWalPosition):327 Searching for WAL resume position"}}
{"type":"LOG","log":{"level":"INFO","message":"INFO i.d.c.p.c.WalPositionLocator(resumeFromLsn):71 First LSN 'LSN{0/16CBC80}' received"}}
{"type":"LOG","log":{"level":"INFO","message":"INFO i.d.c.p.PostgresStreamingChangeEventSource(searchWalPosition):348 WAL resume position 'LSN{0/16CBC80}' discovered"}}
{"type":"LOG","log":{"level":"INFO","message":"INFO i.d.j.JdbcConnection(lambda$doClose$4):947 Connection gracefully closed"}}
{"type":"LOG","log":{"level":"INFO","message":"INFO i.d.j.JdbcConnection(lambda$doClose$4):947 Connection gracefully closed"}}
{"type":"LOG","log":{"level":"INFO","message":"INFO i.d.c.p.c.PostgresReplicationConnection(initPublication):147 Initializing PgOutput logical decoder publication"}}
{"type":"LOG","log":{"level":"INFO","message":"INFO i.d.u.Threads(threadFactory):270 Requested thread factory for connector PostgresConnector, id = db_dosmxktaqv named = keep-alive"}}
{"type":"LOG","log":{"level":"INFO","message":"INFO i.d.u.Threads$3(newThread):287 Creating thread debezium-postgresconnector-db_dosmxktaqv-keep-alive"}}
{"type":"LOG","log":{"level":"INFO","message":"INFO i.d.c.p.PostgresStreamingChangeEventSource(processMessages):211 Processing messages"}}
{"type":"LOG","log":{"level":"INFO","message":"INFO i.d.c.p.c.WalPositionLocator(skipMessage):152 Message with LSN 'LSN{0/16CBC80}' arrived, switching off the filtering"}}
{"type":"LOG","log":{"level":"INFO","message":"INFO i.d.c.c.BaseSourceTask(logStatistics):195 21 records sent during previous 00:00:10.714, last recorded offset of {server=db_dosmxktaqv} partition is {transaction_id=null, lsn_proc=23907120, messageType=INSERT, lsn_commit=23907120, lsn=23907120, txId=525, ts_usec=1684590376496431}"}}
{"type":"LOG","log":{"level":"INFO","message":"INFO i.a.i.d.i.DebeziumRecordIterator(requestClose):208 Closing: Heartbeat indicates sync is done"}}
{"type":"LOG","log":{"level":"INFO","message":"INFO i.d.e.EmbeddedEngine(stop):1146 Stopping the embedded engine"}}
{"type":"LOG","log":{"level":"INFO","message":"INFO i.d.e.EmbeddedEngine(stop):1153 Waiting for PT5M for connector to stop"}}
{"type":"LOG","log":{"level":"INFO","message":"INFO i.d.e.EmbeddedEngine(run):944 Stopping the task and engine"}}
{"type":"LOG","log":{"level":"INFO","message":"INFO i.d.c.c.BaseSourceTask(stop):278 Stopping down connector"}}
{"type":"LOG","log":{"level":"INFO","message":"INFO i.d.j.JdbcConnection(lambda$doClose$4):947 Connection gracefully closed"}}
{"type":"LOG","log":{"level":"INFO","message":"INFO i.d.j.JdbcConnection(lambda$doClose$4):947 Connection gracefully closed"}}
{"type":"LOG","log":{"level":"INFO","message":"INFO i.d.p.ChangeEventSourceCoordinator(streamEvents):175 Finished streaming"}}
{"type":"LOG","log":{"level":"INFO","message":"INFO i.d.p.ChangeEventSourceCoordinator(streamingConnected):240 Connected metrics set to 'false'"}}
{"type":"LOG","log":{"level":"INFO","message":"INFO o.a.k.c.s.FileOffsetBackingStore(stop):66 Stopped FileOffsetBackingStore"}}
{"type":"LOG","log":{"level":"INFO","message":"INFO i.a.i.d.i.DebeziumRecordPublisher(lambda$start$1):73 Debezium engine shutdown."}}
{"type":"LOG","log":{"level":"INFO","message":"INFO i.a.i.d.i.DebeziumRecordPublisher(lambda$start$1):74 Connector 'io.debezium.connector.postgresql.PostgresConnector' completed normally."}}
{"type":"LOG","log":{"level":"INFO","message":"INFO i.a.i.s.p.PostgresCdcStateHandler(saveState):37 debezium state: {\"[\\\"db_dosmxktaqv\\\",{\\\"server\\\":\\\"db_dosmxktaqv\\\"}]\":\"{\\\"transaction_id\\\":null,\\\"lsn_proc\\\":23907120,\\\"messageType\\\":\\\"INSERT\\\",\\\"lsn_commit\\\":23907120,\\\"lsn\\\":23907120,\\\"txId\\\":525,\\\"ts_usec\\\":1684590376496431}\"}"}}
{"type":"LOG","log":{"level":"INFO","message":"INFO i.a.i.s.r.AbstractDbSource(lambda$read$1):173 Closing database connection pool."}}
{"type":"LOG","log":{"level":"INFO","message":"INFO c.z.h.HikariDataSource(close):350 HikariPool-6 - Shutdown initiated..."}}
{"type":"LOG","log":{"level":"INFO","message":"INFO c.z.h.HikariDataSource(close):352 HikariPool-6 - Shutdown completed."}}
{"type":"LOG","log":{"level":"INFO","message":"INFO i.a.i.s.r.AbstractDbSource(lambda$read$1):175 Closed database connection pool."}}
{"type":"LOG","log":{"level":"INFO","message":"INFO i.a.i.s.p.PostgresUtils(isCdc):53 using CDC: true"}}
{"type":"LOG","log":{"level":"INFO","message":"INFO i.a.i.s.r.s.StateManagerFactory(createStateManager):51 Global state manager selected to manage state object with type LEGACY."}}
{"type":"LOG","log":{"level":"INFO","message":"INFO i.a.i.s.r.s.StateManagerFactory(generateGlobalState):84 Legacy state converted to global state."}}
{"type":"LOG","log":{"level":"INFO","message":"INFO i.a.i.s.r.CdcStateManager(<init>):29 Initialized CDC state with: io.airbyte.integrations.source.relationaldb.models.CdcState@177c2091[state={\"[\\\"db_dosmxktaqv\\\",{\\\"server\\\":\\\"db_dosmxktaqv\\\"}]\":\"{\\\"transaction_id\\\":null,\\\"lsn_proc\\\":23907120,\\\"messageType\\\":\\\"INSERT\\\",\\\"lsn_commit\\\":23907120,\\\"lsn\\\":23907120,\\\"txId\\\":525,\\\"ts_usec\\\":1684590376496431}\"},additionalProperties={}]"}}
{"type":"LOG","log":{"level":"INFO","message":"INFO c.z.h.HikariDataSource(<init>):80 HikariPool-7 - Starting..."}}
{"type":"LOG","log":{"level":"INFO","message":"INFO c.z.h.HikariDataSource(<init>):82 HikariPool-7 - Start completed."}}
{"type":"LOG","log":{"level":"INFO","message":"INFO i.a.i.s.p.PostgresUtils(isCdc):53 using CDC: true"}}
{"type":"LOG","log":{"level":"INFO","message":"INFO i.a.d.j.s.AdaptiveStreamingQueryConfig(initialize):31 Set initial fetch size: 10 rows"}}
{"type":"LOG","log":{"level":"INFO","message":"INFO i.a.i.s.p.PostgresCdcCatalogHelper(getPublicizedTables):119 For CDC, only tables in publication publication will be included in the sync: [models_schema.models, models_schema_random.models_random]"}}
{"type":"LOG","log":{"level":"INFO","message":"INFO i.a.i.s.j.AbstractJdbcSource(logPreSyncDebugData):450 Data source product recognized as PostgreSQL:13.11"}}
{"type":"LOG","log":{"level":"INFO","message":"INFO i.a.i.s.p.PostgresSource(logPreSyncDebugData):221 Discovering indexes for schema \"models_schema\", table \"models\""}}
{"type":"LOG","log":{"level":"INFO","message":"INFO i.a.i.s.p.PostgresSource(logPreSyncDebugData):223 Index name: models_pkey, Column: id, Unique: true"}}
{"type":"LOG","log":{"level":"INFO","message":"INFO i.a.i.s.p.PostgresSource(logPreSyncDebugData):221 Discovering indexes for schema \"models_schema_random\", table \"models_random\""}}
{"type":"LOG","log":{"level":"INFO","message":"INFO i.a.i.s.p.PostgresSource(logPreSyncDebugData):223 Index name: models_random_pkey, Column: id_random, Unique: true"}}
{"type":"LOG","log":{"level":"INFO","message":"INFO i.a.i.s.p.PostgresQueryUtils(logXminStatus):77 Xmin Status : {Number of wraparounds: 0, Xmin Transaction Value: 567, Xmin Raw Value: 567"}}
{"type":"LOG","log":{"level":"INFO","message":"INFO i.a.i.s.j.AbstractJdbcSource(discoverInternal):166 Internal schemas to exclude: [catalog_history, information_schema, pg_catalog, pg_internal]"}}
{"type":"LOG","log":{"level":"INFO","message":"INFO i.a.d.j.s.AdaptiveStreamingQueryConfig(initialize):31 Set initial fetch size: 10 rows"}}
{"type":"LOG","log":{"level":"INFO","message":"INFO i.a.i.s.j.AbstractJdbcSource(discoverInternal):166 Internal schemas to exclude: [catalog_history, information_schema, pg_catalog, pg_internal]"}}
{"type":"LOG","log":{"level":"INFO","message":"INFO i.a.d.j.s.AdaptiveStreamingQueryConfig(initialize):31 Set initial fetch size: 10 rows"}}
{"type":"LOG","log":{"level":"WARN","message":"WARN i.a.i.s.r.DbSourceDiscoverUtil(logSourceSchemaChange):82 Source schema changed for table models_schema_random.models_random! Potential mismatches: [id_random, make_id_random]. Actual schema: {\"type\":\"object\",\"properties\":{\"model_random\":{\"type\":\"string\"},\"id_random\":{\"type\":\"number\",\"airbyte_type\":\"integer\"},\"make_id_random\":{\"type\":\"number\",\"airbyte_type\":\"integer\"}}}. Catalog schema: {\"type\":\"object\",\"properties\":{\"model_random\":{\"type\":\"string\"},\"id_random\":{\"type\":\"number\"},\"make_id_random\":{\"type\":\"number\"}}}"}}
{"type":"LOG","log":{"level":"INFO","message":"INFO i.a.i.s.p.PostgresUtils(isCdc):53 using CDC: true"}}
{"type":"LOG","log":{"level":"INFO","message":"INFO i.a.i.s.p.PostgresUtils(getFirstRecordWaitTime):111 First record waiting time: 30 seconds"}}
{"type":"LOG","log":{"level":"INFO","message":"INFO i.a.i.s.p.PostgresSource(getIncrementalIterators):369 First record waiting time: 30 seconds"}}
{"type":"LOG","log":{"level":"INFO","message":"INFO i.a.i.s.p.PostgresUtils(shouldFlushAfterSync):61 Should flush after sync: true"}}
{"type":"LOG","log":{"level":"INFO","message":"INFO o.a.k.c.c.AbstractConfig(logAll):376 StandaloneConfig values: \n\taccess.control.allow.methods = \n\taccess.control.allow.origin = \n\tadmin.listeners = null\n\tauto.include.jmx.reporter = true\n\tbootstrap.servers = [localhost:9092]\n\tclient.dns.lookup = use_all_dns_ips\n\tconfig.providers = []\n\tconnector.client.config.override.policy = All\n\theader.converter = class org.apache.kafka.connect.storage.SimpleHeaderConverter\n\tkey.converter = class org.apache.kafka.connect.json.JsonConverter\n\tlisteners = [http://:8083]\n\tmetric.reporters = []\n\tmetrics.num.samples = 2\n\tmetrics.recording.level = INFO\n\tmetrics.sample.window.ms = 30000\n\toffset.flush.interval.ms = 1000\n\toffset.flush.timeout.ms = 5000\n\toffset.storage.file.filename = /tmp/cdc-state-offset10086517235222511510/offset.dat\n\tplugin.path = null\n\tresponse.http.headers.config = \n\trest.advertised.host.name = null\n\trest.advertised.listener = null\n\trest.advertised.port = null\n\trest.extension.classes = []\n\tssl.cipher.suites = null\n\tssl.client.auth = none\n\tssl.enabled.protocols = [TLSv1.2, TLSv1.3]\n\tssl.endpoint.identification.algorithm = https\n\tssl.engine.factory.class = null\n\tssl.key.password = null\n\tssl.keymanager.algorithm = SunX509\n\tssl.keystore.certificate.chain = null\n\tssl.keystore.key = null\n\tssl.keystore.location = null\n\tssl.keystore.password = null\n\tssl.keystore.type = JKS\n\tssl.protocol = TLSv1.3\n\tssl.provider = null\n\tssl.secure.random.implementation = null\n\tssl.trustmanager.algorithm = PKIX\n\tssl.truststore.certificates = null\n\tssl.truststore.location = null\n\tssl.truststore.password = null\n\tssl.truststore.type = JKS\n\ttask.shutdown.graceful.timeout.ms = 5000\n\ttopic.creation.enable = true\n\ttopic.tracking.allow.reset = true\n\ttopic.tracking.enable = true\n\tvalue.converter = class org.apache.kafka.connect.json.JsonConverter\n"}}
{"type":"LOG","log":{"level":"WARN","message":"WARN o.a.k.c.r.WorkerConfig(logPluginPathConfigProviderWarning):379 Variables cannot be used in the 'plugin.path' property, since the property is used by plugin scanning before the config providers that replace the variables are initialized. The raw value 'null' was used for plugin scanning, as opposed to the transformed value 'null', and this may cause unexpected results."}}
{"type":"LOG","log":{"level":"INFO","message":"INFO o.a.k.c.s.FileOffsetBackingStore(start):58 Starting FileOffsetBackingStore with file /tmp/cdc-state-offset10086517235222511510/offset.dat"}}
{"type":"LOG","log":{"level":"INFO","message":"INFO o.a.k.c.c.AbstractConfig(logAll):376 JsonConverterConfig values: \n\tconverter.type = key\n\tdecimal.format = BASE64\n\tschemas.cache.size = 1000\n\tschemas.enable = false\n"}}
{"type":"LOG","log":{"level":"INFO","message":"INFO o.a.k.c.c.AbstractConfig(logAll):376 JsonConverterConfig values: \n\tconverter.type = value\n\tdecimal.format = BASE64\n\tschemas.cache.size = 1000\n\tschemas.enable = false\n"}}
{"type":"LOG","log":{"level":"INFO","message":"INFO i.a.i.d.i.p.PostgresDebeziumStateUtil(extractLsn):201 Found previous partition offset PostgresPartition [sourcePartition={server=db_dosmxktaqv}]: {transaction_id=null, lsn_proc=23907120, messageType=INSERT, lsn_commit=23907120, lsn=23907120, txId=525, ts_usec=1684590376496431}"}}
{"type":"LOG","log":{"level":"INFO","message":"INFO i.a.i.d.i.p.PostgresDebeziumStateUtil(parseSavedOffset):181 Closing offsetStorageReader and fileOffsetBackingStore"}}
{"type":"LOG","log":{"level":"INFO","message":"INFO o.a.k.c.s.FileOffsetBackingStore(stop):66 Stopped FileOffsetBackingStore"}}
{"type":"LOG","log":{"level":"INFO","message":"INFO i.a.i.s.p.PostgresSource(lambda$getReplicationSlot$4):296 Attempting to find the named replication slot using the query: HikariProxyPreparedStatement@1630145865 wrapping SELECT * FROM pg_replication_slots WHERE slot_name = 'debezium_slot_db_dosmxktaqv' AND plugin = 'pgoutput' AND database = 'db_dosmxktaqv'"}}
{"type":"LOG","log":{"level":"INFO","message":"INFO i.a.d.j.s.AdaptiveStreamingQueryConfig(initialize):31 Set initial fetch size: 10 rows"}}
{"type":"LOG","log":{"level":"INFO","message":"INFO i.a.i.d.i.p.PostgresDebeziumStateUtil(isSavedOffsetAfterReplicationSlotLSN):62 Replication slot confirmed_flush_lsn : 23903320 Saved offset LSN : 23907120"}}
{"type":"LOG","log":{"level":"INFO","message":"INFO i.a.i.s.p.PostgresUtils(shouldFlushAfterSync):61 Should flush after sync: true"}}
{"type":"LOG","log":{"level":"INFO","message":"INFO i.a.i.d.i.p.PostgresReplicationConnection(createConnection):44 Creating a replication connection."}}
{"type":"LOG","log":{"level":"INFO","message":"INFO i.a.i.d.i.p.PostgresReplicationConnection(createConnection):47 Validating replication connection."}}
{"type":"LOG","log":{"level":"INFO","message":"INFO i.a.i.d.i.p.PostgresCdcTargetPosition(targetPosition):49 identified target lsn: PgLsn{lsn=23914816}"}}
{"type":"LOG","log":{"level":"INFO","message":"INFO i.a.i.s.p.PostgresUtils(shouldFlushAfterSync):61 Should flush after sync: true"}}
{"type":"LOG","log":{"level":"INFO","message":"INFO i.a.i.d.AirbyteDebeziumHandler(getIncrementalIterators):95 Using CDC: true"}}
{"type":"LOG","log":{"level":"INFO","message":"INFO o.a.k.c.c.AbstractConfig(logAll):376 JsonConverterConfig values: \n\tconverter.type = key\n\tdecimal.format = BASE64\n\tschemas.cache.size = 1000\n\tschemas.enable = false\n"}}
{"type":"LOG","log":{"level":"INFO","message":"INFO o.a.k.c.c.AbstractConfig(logAll):376 JsonConverterConfig values: \n\tconverter.type = value\n\tdecimal.format = BASE64\n\tschemas.cache.size = 1000\n\tschemas.enable = false\n"}}
{"type":"LOG","log":{"level":"INFO","message":"INFO o.a.k.c.c.AbstractConfig(logAll):376 EmbeddedConfig values: \n\taccess.control.allow.methods = \n\taccess.control.allow.origin = \n\tadmin.listeners = null\n\tauto.include.jmx.reporter = true\n\tbootstrap.servers = [localhost:9092]\n\tclient.dns.lookup = use_all_dns_ips\n\tconfig.providers = []\n\tconnector.client.config.override.policy = All\n\theader.converter = class org.apache.kafka.connect.storage.SimpleHeaderConverter\n\tkey.converter = class org.apache.kafka.connect.json.JsonConverter\n\tlisteners = [http://:8083]\n\tmetric.reporters = []\n\tmetrics.num.samples = 2\n\tmetrics.recording.level = INFO\n\tmetrics.sample.window.ms = 30000\n\toffset.flush.interval.ms = 1000\n\toffset.flush.timeout.ms = 5000\n\toffset.storage.file.filename = /tmp/cdc-state-offset18211205304326490710/offset.dat\n\toffset.storage.partitions = null\n\toffset.storage.replication.factor = null\n\toffset.storage.topic = \n\tplugin.path = null\n\tresponse.http.headers.config = \n\trest.advertised.host.name = null\n\trest.advertised.listener = null\n\trest.advertised.port = null\n\trest.extension.classes = []\n\tssl.cipher.suites = null\n\tssl.client.auth = none\n\tssl.enabled.protocols = [TLSv1.2, TLSv1.3]\n\tssl.endpoint.identification.algorithm = https\n\tssl.engine.factory.class = null\n\tssl.key.password = null\n\tssl.keymanager.algorithm = SunX509\n\tssl.keystore.certificate.chain = null\n\tssl.keystore.key = null\n\tssl.keystore.location = null\n\tssl.keystore.password = null\n\tssl.keystore.type = JKS\n\tssl.protocol = TLSv1.3\n\tssl.provider = null\n\tssl.secure.random.implementation = null\n\tssl.trustmanager.algorithm = PKIX\n\tssl.truststore.certificates = null\n\tssl.truststore.location = null\n\tssl.truststore.password = null\n\tssl.truststore.type = JKS\n\ttask.shutdown.graceful.timeout.ms = 5000\n\ttopic.creation.enable = true\n\ttopic.tracking.allow.reset = true\n\ttopic.tracking.enable = true\n\tvalue.converter = class org.apache.kafka.connect.json.JsonConverter\n"}}
{"type":"LOG","log":{"level":"WARN","message":"WARN o.a.k.c.r.WorkerConfig(logPluginPathConfigProviderWarning):379 Variables cannot be used in the 'plugin.path' property, since the property is used by plugin scanning before the config providers that replace the variables are initialized. The raw value 'null' was used for plugin scanning, as opposed to the transformed value 'null', and this may cause unexpected results."}}
{"type":"LOG","log":{"level":"INFO","message":"INFO o.a.k.c.c.AbstractConfig(logAll):376 JsonConverterConfig values: \n\tconverter.type = key\n\tdecimal.format = BASE64\n\tschemas.cache.size = 1000\n\tschemas.enable = false\n"}}
{"type":"LOG","log":{"level":"INFO","message":"INFO o.a.k.c.c.AbstractConfig(logAll):376 JsonConverterConfig values: \n\tconverter.type = value\n\tdecimal.format = BASE64\n\tschemas.cache.size = 1000\n\tschemas.enable = false\n"}}
{"type":"LOG","log":{"level":"WARN","message":"WARN i.d.c.p.PostgresConnectorConfig(validateFlushLsnSource):1070 Property 'flush.lsn.source' is set to 'false', the LSN will not be flushed to the database source and WAL logs will not be cleared. User is expected to handle this outside Debezium."}}
{"type":"LOG","log":{"level":"INFO","message":"INFO i.d.c.p.PostgresConnector(testConnection):154 Successfully tested connection for jdbc:postgresql://localhost:55775/db_dosmxktaqv with user 'test'"}}
{"type":"LOG","log":{"level":"INFO","message":"INFO i.d.j.JdbcConnection(lambda$doClose$4):947 Connection gracefully closed"}}
{"type":"LOG","log":{"level":"INFO","message":"INFO o.a.k.c.s.FileOffsetBackingStore(start):58 Starting FileOffsetBackingStore with file /tmp/cdc-state-offset18211205304326490710/offset.dat"}}
{"type":"LOG","log":{"level":"WARN","message":"WARN i.d.c.p.PostgresConnectorConfig(validateFlushLsnSource):1070 Property 'flush.lsn.source' is set to 'false', the LSN will not be flushed to the database source and WAL logs will not be cleared. User is expected to handle this outside Debezium."}}
{"type":"LOG","log":{"level":"INFO","message":"INFO i.d.c.c.BaseSourceTask(start):124 Starting PostgresConnectorTask with configuration:"}}
{"type":"LOG","log":{"level":"INFO","message":"INFO i.d.c.c.BaseSourceTask(lambda$start$0):126    connector.class = io.debezium.connector.postgresql.PostgresConnector"}}
{"type":"LOG","log":{"level":"INFO","message":"INFO i.d.c.c.BaseSourceTask(lambda$start$0):126    max.queue.size = 8192"}}
{"type":"LOG","log":{"level":"INFO","message":"INFO i.d.c.c.BaseSourceTask(lambda$start$0):126    slot.name = debezium_slot_db_dosmxktaqv"}}
{"type":"LOG","log":{"level":"INFO","message":"INFO i.d.c.c.BaseSourceTask(lambda$start$0):126    publication.name = publication"}}
{"type":"LOG","log":{"level":"INFO","message":"INFO i.d.c.c.BaseSourceTask(lambda$start$0):126    topic.prefix = db_dosmxktaqv"}}
{"type":"LOG","log":{"level":"INFO","message":"INFO i.d.c.c.BaseSourceTask(lambda$start$0):126    offset.storage.file.filename = /tmp/cdc-state-offset18211205304326490710/offset.dat"}}
{"type":"LOG","log":{"level":"INFO","message":"INFO i.d.c.c.BaseSourceTask(lambda$start$0):126    decimal.handling.mode = string"}}
{"type":"LOG","log":{"level":"INFO","message":"INFO i.d.c.c.BaseSourceTask(lambda$start$0):126    flush.lsn.source = false"}}
{"type":"LOG","log":{"level":"INFO","message":"INFO i.d.c.c.BaseSourceTask(lambda$start$0):126    converters = datetime"}}
{"type":"LOG","log":{"level":"INFO","message":"INFO i.d.c.c.BaseSourceTask(lambda$start$0):126    errors.retry.delay.initial.ms = 299"}}
{"type":"LOG","log":{"level":"INFO","message":"INFO i.d.c.c.BaseSourceTask(lambda$start$0):126    datetime.type = io.airbyte.integrations.debezium.internals.postgres.PostgresConverter"}}
{"type":"LOG","log":{"level":"INFO","message":"INFO i.d.c.c.BaseSourceTask(lambda$start$0):126    value.converter = org.apache.kafka.connect.json.JsonConverter"}}
{"type":"LOG","log":{"level":"INFO","message":"INFO i.d.c.c.BaseSourceTask(lambda$start$0):126    key.converter = org.apache.kafka.connect.json.JsonConverter"}}
{"type":"LOG","log":{"level":"INFO","message":"INFO i.d.c.c.BaseSourceTask(lambda$start$0):126    publication.autocreate.mode = disabled"}}
{"type":"LOG","log":{"level":"INFO","message":"INFO i.d.c.c.BaseSourceTask(lambda$start$0):126    database.user = test"}}
{"type":"LOG","log":{"level":"INFO","message":"INFO i.d.c.c.BaseSourceTask(lambda$start$0):126    database.dbname = db_dosmxktaqv"}}
{"type":"LOG","log":{"level":"INFO","message":"INFO i.d.c.c.BaseSourceTask(lambda$start$0):126    offset.storage = org.apache.kafka.connect.storage.FileOffsetBackingStore"}}
{"type":"LOG","log":{"level":"INFO","message":"INFO i.d.c.c.BaseSourceTask(lambda$start$0):126    errors.retry.delay.max.ms = 300"}}
{"type":"LOG","log":{"level":"INFO","message":"INFO i.d.c.c.BaseSourceTask(lambda$start$0):126    offset.flush.timeout.ms = 5000"}}
{"type":"LOG","log":{"level":"INFO","message":"INFO i.d.c.c.BaseSourceTask(lambda$start$0):126    heartbeat.interval.ms = 10000"}}
{"type":"LOG","log":{"level":"INFO","message":"INFO i.d.c.c.BaseSourceTask(lambda$start$0):126    column.include.list = \\Qmodels_schema.models\\E\\.(\\Qmodel\\E|\\Qid\\E|\\Qmake_id\\E),\\Qmodels_schema_random.models_random\\E\\.(\\Qmodel_random\\E|\\Qid_random\\E|\\Qmake_id_random\\E)"}}
{"type":"LOG","log":{"level":"INFO","message":"INFO i.d.c.c.BaseSourceTask(lambda$start$0):126    plugin.name = pgoutput"}}
{"type":"LOG","log":{"level":"INFO","message":"INFO i.d.c.c.BaseSourceTask(lambda$start$0):126    database.port = 55775"}}
{"type":"LOG","log":{"level":"INFO","message":"INFO i.d.c.c.BaseSourceTask(lambda$start$0):126    offset.flush.interval.ms = 1000"}}
{"type":"LOG","log":{"level":"INFO","message":"INFO i.d.c.c.BaseSourceTask(lambda$start$0):126    key.converter.schemas.enable = false"}}
{"type":"LOG","log":{"level":"INFO","message":"INFO i.d.c.c.BaseSourceTask(lambda$start$0):126    include.unknown.datatypes = true"}}
{"type":"LOG","log":{"level":"INFO","message":"INFO i.d.c.c.BaseSourceTask(lambda$start$0):126    errors.max.retries = 10"}}
{"type":"LOG","log":{"level":"INFO","message":"INFO i.d.c.c.BaseSourceTask(lambda$start$0):126    database.hostname = localhost"}}
{"type":"LOG","log":{"level":"INFO","message":"INFO i.d.c.c.BaseSourceTask(lambda$start$0):126    database.password = ********"}}
{"type":"LOG","log":{"level":"INFO","message":"INFO i.d.c.c.BaseSourceTask(lambda$start$0):126    value.converter.schemas.enable = false"}}
{"type":"LOG","log":{"level":"INFO","message":"INFO i.d.c.c.BaseSourceTask(lambda$start$0):126    name = db_dosmxktaqv"}}
{"type":"LOG","log":{"level":"INFO","message":"INFO i.d.c.c.BaseSourceTask(lambda$start$0):126    max.batch.size = 2048"}}
{"type":"LOG","log":{"level":"INFO","message":"INFO i.d.c.c.BaseSourceTask(lambda$start$0):126    table.include.list = \\Qmodels_schema.models\\E,\\Qmodels_schema_random.models_random\\E"}}
{"type":"LOG","log":{"level":"INFO","message":"INFO i.d.c.c.BaseSourceTask(lambda$start$0):126    snapshot.mode = initial"}}
{"type":"LOG","log":{"level":"INFO","message":"INFO i.d.c.c.BaseSourceTask(startIfNeededAndPossible):243 Attempting to start task"}}
{"type":"LOG","log":{"level":"INFO","message":"INFO i.d.c.CommonConnectorConfig(getTopicNamingStrategy):849 Loading the custom topic naming strategy plugin: io.debezium.schema.SchemaTopicNamingStrategy"}}
{"type":"LOG","log":{"level":"INFO","message":"INFO i.d.j.JdbcConnection(lambda$doClose$4):947 Connection gracefully closed"}}
{"type":"LOG","log":{"level":"INFO","message":"INFO i.d.c.c.BaseSourceTask(getPreviousOffsets):370 Found previous partition offset PostgresPartition [sourcePartition={server=db_dosmxktaqv}]: {transaction_id=null, lsn_proc=23907120, messageType=INSERT, lsn_commit=23907120, lsn=23907120, txId=525, ts_usec=1684590376496431}"}}
{"type":"LOG","log":{"level":"INFO","message":"INFO i.d.c.p.PostgresConnectorTask(start):113 user 'test' connected to database 'db_dosmxktaqv' on PostgreSQL 13.11 on x86_64-pc-linux-musl, compiled by gcc (Alpine 12.2.1_git20220924-r10) 12.2.1 20220924, 64-bit with roles:\n\trole 'pg_read_all_settings' [superuser: false, replication: false, inherit: true, create role: false, create db: false, can log in: false]\n\trole 'pg_stat_scan_tables' [superuser: false, replication: false, inherit: true, create role: false, create db: false, can log in: false]\n\trole 'pg_write_server_files' [superuser: false, replication: false, inherit: true, create role: false, create db: false, can log in: false]\n\trole 'test' [superuser: true, replication: true, inherit: true, create role: true, create db: true, can log in: true]\n\trole 'pg_monitor' [superuser: false, replication: false, inherit: true, create role: false, create db: false, can log in: false]\n\trole 'pg_read_server_files' [superuser: false, replication: false, inherit: true, create role: false, create db: false, can log in: false]\n\trole 'pg_execute_server_program' [superuser: false, replication: false, inherit: true, create role: false, create db: false, can log in: false]\n\trole 'pg_read_all_stats' [superuser: false, replication: false, inherit: true, create role: false, create db: false, can log in: false]\n\trole 'pg_signal_backend' [superuser: false, replication: false, inherit: true, create role: false, create db: false, can log in: false]"}}
{"type":"LOG","log":{"level":"INFO","message":"INFO i.d.c.p.c.PostgresConnection(readReplicationSlotInfo):264 Obtained valid replication slot ReplicationSlot [active=false, latestFlushedLsn=LSN{0/16CCB30}, catalogXmin=524]"}}
{"type":"LOG","log":{"level":"INFO","message":"INFO i.d.c.p.PostgresConnectorTask(start):127 Found previous offset PostgresOffsetContext [sourceInfoSchema=Schema{io.debezium.connector.postgresql.Source:STRUCT}, sourceInfo=source_info[server='db_dosmxktaqv'db='db_dosmxktaqv', lsn=LSN{0/16CCB30}, txId=525, messageType=INSERT, lastCommitLsn=LSN{0/16CCB30}, timestamp=2023-05-20T13:46:16.496431Z, snapshot=FALSE, schema=, table=], lastSnapshotRecord=false, lastCompletelyProcessedLsn=LSN{0/16CCB30}, lastCommitLsn=LSN{0/16CCB30}, streamingStoppingLsn=null, transactionContext=TransactionContext [currentTransactionId=null, perTableEventCount={}, totalEventCount=0], incrementalSnapshotContext=IncrementalSnapshotContext [windowOpened=false, chunkEndPosition=null, dataCollectionsToSnapshot=[], lastEventKeySent=null, maximumKey=null]]"}}
{"type":"LOG","log":{"level":"INFO","message":"INFO i.d.u.Threads(threadFactory):270 Requested thread factory for connector PostgresConnector, id = db_dosmxktaqv named = change-event-source-coordinator"}}
{"type":"LOG","log":{"level":"INFO","message":"INFO i.d.u.Threads$3(newThread):287 Creating thread debezium-postgresconnector-db_dosmxktaqv-change-event-source-coordinator"}}
{"type":"LOG","log":{"level":"INFO","message":"INFO i.d.c.c.BaseSourceTask(startIfNeededAndPossible):245 Successfully started task"}}
{"type":"LOG","log":{"level":"INFO","message":"INFO i.d.p.ChangeEventSourceCoordinator(lambda$start$0):103 Metrics registered"}}
{"type":"LOG","log":{"level":"INFO","message":"INFO i.d.p.ChangeEventSourceCoordinator(lambda$start$0):106 Context created"}}
{"type":"LOG","log":{"level":"INFO","message":"INFO i.d.c.p.s.InitialSnapshotter(shouldSnapshot):42 Previous snapshot has completed successfully, streaming logical changes from last known position"}}
{"type":"LOG","log":{"level":"INFO","message":"INFO i.d.c.p.PostgresSnapshotChangeEventSource(getSnapshottingTask):68 According to the connector configuration no snapshot will be executed"}}
{"type":"LOG","log":{"level":"INFO","message":"INFO i.d.p.ChangeEventSourceCoordinator(doSnapshot):156 Snapshot ended with SnapshotResult [status=SKIPPED, offset=PostgresOffsetContext [sourceInfoSchema=Schema{io.debezium.connector.postgresql.Source:STRUCT}, sourceInfo=source_info[server='db_dosmxktaqv'db='db_dosmxktaqv', lsn=LSN{0/16CCB30}, txId=525, messageType=INSERT, lastCommitLsn=LSN{0/16CCB30}, timestamp=2023-05-20T13:46:16.496431Z, snapshot=FALSE, schema=, table=], lastSnapshotRecord=false, lastCompletelyProcessedLsn=LSN{0/16CCB30}, lastCommitLsn=LSN{0/16CCB30}, streamingStoppingLsn=null, transactionContext=TransactionContext [currentTransactionId=null, perTableEventCount={}, totalEventCount=0], incrementalSnapshotContext=IncrementalSnapshotContext [windowOpened=false, chunkEndPosition=null, dataCollectionsToSnapshot=[], lastEventKeySent=null, maximumKey=null]]]"}}
{"type":"LOG","log":{"level":"INFO","message":"INFO i.d.p.ChangeEventSourceCoordinator(streamingConnected):240 Connected metrics set to 'true'"}}
{"type":"LOG","log":{"level":"INFO","message":"INFO i.d.c.p.PostgresSchema(printReplicaIdentityInfo):100 REPLICA IDENTITY for 'models_schema.models' is 'DEFAULT'; UPDATE and DELETE events will contain previous values only for PK columns"}}
{"type":"LOG","log":{"level":"INFO","message":"INFO i.d.c.p.PostgresSchema(printReplicaIdentityInfo):100 REPLICA IDENTITY for 'models_schema_random.models_random' is 'DEFAULT'; UPDATE and DELETE events will contain previous values only for PK columns"}}
{"type":"LOG","log":{"level":"INFO","message":"INFO i.d.p.ChangeEventSourceCoordinator(streamEvents):173 Starting streaming"}}
{"type":"LOG","log":{"level":"INFO","message":"INFO i.d.c.p.PostgresStreamingChangeEventSource(execute):136 Retrieved latest position from stored offset 'LSN{0/16CCB30}'"}}
{"type":"LOG","log":{"level":"INFO","message":"INFO i.d.c.p.c.WalPositionLocator(<init>):48 Looking for WAL restart position for last commit LSN 'LSN{0/16CCB30}' and last change LSN 'LSN{0/16CCB30}'"}}
{"type":"LOG","log":{"level":"INFO","message":"INFO i.d.c.p.c.PostgresReplicationConnection(initPublication):147 Initializing PgOutput logical decoder publication"}}
{"type":"LOG","log":{"level":"INFO","message":"INFO i.d.c.p.c.PostgresConnection(readReplicationSlotInfo):264 Obtained valid replication slot ReplicationSlot [active=false, latestFlushedLsn=LSN{0/16CCB30}, catalogXmin=524]"}}
{"type":"LOG","log":{"level":"INFO","message":"INFO i.d.j.JdbcConnection(lambda$doClose$4):947 Connection gracefully closed"}}
{"type":"LOG","log":{"level":"INFO","message":"INFO i.d.u.Threads(threadFactory):270 Requested thread factory for connector PostgresConnector, id = db_dosmxktaqv named = keep-alive"}}
{"type":"LOG","log":{"level":"INFO","message":"INFO i.d.u.Threads$3(newThread):287 Creating thread debezium-postgresconnector-db_dosmxktaqv-keep-alive"}}
{"type":"LOG","log":{"level":"INFO","message":"INFO i.d.c.p.PostgresSchema(printReplicaIdentityInfo):100 REPLICA IDENTITY for 'models_schema.models' is 'DEFAULT'; UPDATE and DELETE events will contain previous values only for PK columns"}}
{"type":"LOG","log":{"level":"INFO","message":"INFO i.d.c.p.PostgresSchema(printReplicaIdentityInfo):100 REPLICA IDENTITY for 'models_schema_random.models_random' is 'DEFAULT'; UPDATE and DELETE events will contain previous values only for PK columns"}}
{"type":"LOG","log":{"level":"INFO","message":"INFO i.d.c.p.PostgresStreamingChangeEventSource(searchWalPosition):327 Searching for WAL resume position"}}
{"type":"LOG","log":{"level":"INFO","message":"INFO i.d.c.p.c.WalPositionLocator(resumeFromLsn):71 First LSN 'LSN{0/16CCB90}' received"}}
{"type":"LOG","log":{"level":"INFO","message":"INFO i.d.c.p.c.WalPositionLocator(resumeFromLsn):108 Received COMMIT LSN 'LSN{0/16CCC48}' larger than than last stored commit LSN 'LSN{0/16CCB30}'"}}
{"type":"LOG","log":{"level":"INFO","message":"INFO i.d.c.p.c.WalPositionLocator(resumeFromLsn):120 Will restart from LSN 'LSN{0/16CCB90}' that is start of the first unprocessed transaction"}}
{"type":"LOG","log":{"level":"INFO","message":"INFO i.d.c.p.PostgresStreamingChangeEventSource(searchWalPosition):348 WAL resume position 'LSN{0/16CCB90}' discovered"}}
{"type":"LOG","log":{"level":"INFO","message":"INFO i.d.j.JdbcConnection(lambda$doClose$4):947 Connection gracefully closed"}}
{"type":"LOG","log":{"level":"INFO","message":"INFO i.d.j.JdbcConnection(lambda$doClose$4):947 Connection gracefully closed"}}
{"type":"LOG","log":{"level":"INFO","message":"INFO i.d.c.p.c.PostgresReplicationConnection(initPublication):147 Initializing PgOutput logical decoder publication"}}
{"type":"LOG","log":{"level":"INFO","message":"INFO i.d.u.Threads(threadFactory):270 Requested thread factory for connector PostgresConnector, id = db_dosmxktaqv named = keep-alive"}}
{"type":"LOG","log":{"level":"INFO","message":"INFO i.d.u.Threads$3(newThread):287 Creating thread debezium-postgresconnector-db_dosmxktaqv-keep-alive"}}
{"type":"LOG","log":{"level":"INFO","message":"INFO i.d.c.p.PostgresStreamingChangeEventSource(processMessages):211 Processing messages"}}
{"type":"LOG","log":{"level":"INFO","message":"INFO i.d.c.p.c.WalPositionLocator(skipMessage):152 Message with LSN 'LSN{0/16CCB90}' arrived, switching off the filtering"}}
{"type":"LOG","log":{"level":"INFO","message":"INFO i.d.c.c.BaseSourceTask(logStatistics):195 41 records sent during previous 00:00:10.262, last recorded offset of {server=db_dosmxktaqv} partition is {transaction_id=null, lsn_proc=23914816, messageType=INSERT, lsn_commit=23914816, lsn=23914816, txId=566, ts_usec=1684590413989246}"}}
{"type":"LOG","log":{"level":"INFO","message":"INFO i.a.i.d.i.DebeziumRecordIterator(requestClose):208 Closing: Heartbeat indicates sync is done"}}
{"type":"LOG","log":{"level":"INFO","message":"INFO i.d.e.EmbeddedEngine(stop):1146 Stopping the embedded engine"}}
{"type":"LOG","log":{"level":"INFO","message":"INFO i.d.e.EmbeddedEngine(stop):1153 Waiting for PT5M for connector to stop"}}
{"type":"LOG","log":{"level":"INFO","message":"INFO i.d.e.EmbeddedEngine(run):944 Stopping the task and engine"}}
{"type":"LOG","log":{"level":"INFO","message":"INFO i.d.c.c.BaseSourceTask(stop):278 Stopping down connector"}}
{"type":"LOG","log":{"level":"INFO","message":"INFO i.d.j.JdbcConnection(lambda$doClose$4):947 Connection gracefully closed"}}
{"type":"LOG","log":{"level":"INFO","message":"INFO i.d.j.JdbcConnection(lambda$doClose$4):947 Connection gracefully closed"}}
{"type":"LOG","log":{"level":"INFO","message":"INFO i.d.p.ChangeEventSourceCoordinator(streamEvents):175 Finished streaming"}}
{"type":"LOG","log":{"level":"INFO","message":"INFO i.d.p.ChangeEventSourceCoordinator(streamingConnected):240 Connected metrics set to 'false'"}}
{"type":"LOG","log":{"level":"INFO","message":"INFO o.a.k.c.s.FileOffsetBackingStore(stop):66 Stopped FileOffsetBackingStore"}}
{"type":"LOG","log":{"level":"INFO","message":"INFO i.a.i.d.i.DebeziumRecordPublisher(lambda$start$1):73 Debezium engine shutdown."}}
{"type":"LOG","log":{"level":"INFO","message":"INFO i.a.i.d.i.DebeziumRecordPublisher(lambda$start$1):74 Connector 'io.debezium.connector.postgresql.PostgresConnector' completed normally."}}
{"type":"LOG","log":{"level":"INFO","message":"INFO i.a.i.s.p.PostgresCdcStateHandler(saveState):37 debezium state: {\"[\\\"db_dosmxktaqv\\\",{\\\"server\\\":\\\"db_dosmxktaqv\\\"}]\":\"{\\\"transaction_id\\\":null,\\\"lsn_proc\\\":23914816,\\\"messageType\\\":\\\"INSERT\\\",\\\"lsn_commit\\\":23914816,\\\"lsn\\\":23914816,\\\"txId\\\":566,\\\"ts_usec\\\":1684590413989246}\"}"}}
{"type":"LOG","log":{"level":"INFO","message":"INFO i.a.i.s.r.AbstractDbSource(lambda$read$1):173 Closing database connection pool."}}
{"type":"LOG","log":{"level":"INFO","message":"INFO c.z.h.HikariDataSource(close):350 HikariPool-7 - Shutdown initiated..."}}
{"type":"LOG","log":{"level":"INFO","message":"INFO c.z.h.HikariDataSource(close):352 HikariPool-7 - Shutdown completed."}}
{"type":"LOG","log":{"level":"INFO","message":"INFO i.a.i.s.r.AbstractDbSource(lambda$read$1):175 Closed database connection pool."}}
{"type":"LOG","log":{"level":"INFO","message":"INFO o.t.c.GenericContainer(tryStart):376 Creating container for image: debezium/postgres:13-alpine"}}
{"type":"LOG","log":{"level":"INFO","message":"INFO o.t.c.GenericContainer(tryStart):440 Container debezium/postgres:13-alpine is starting: ca3e17793d181f4c53c9df276461a29f4506e0cf17812e065539745b016a1adf"}}
{"type":"LOG","log":{"level":"INFO","message":"INFO o.t.c.GenericContainer(tryStart):520 Container debezium/postgres:13-alpine started in PT6.8748S"}}
{"type":"LOG","log":{"level":"INFO","message":"INFO c.z.h.HikariDataSource(<init>):80 HikariPool-8 - Starting..."}}
{"type":"LOG","log":{"level":"INFO","message":"INFO c.z.h.HikariDataSource(<init>):82 HikariPool-8 - Start completed."}}
{"type":"LOG","log":{"level":"INFO","message":"INFO i.a.i.s.p.PostgresUtils(isCdc):53 using CDC: true"}}
{"type":"LOG","log":{"level":"INFO","message":"INFO i.a.i.s.r.s.StateManagerFactory(createStateManager):51 Global state manager selected to manage state object with type GLOBAL."}}
{"type":"LOG","log":{"level":"INFO","message":"INFO i.a.i.s.r.s.CursorManager(createCursorInfoForStream):182 No cursor field set in catalog but not present in state. Stream: models_schema_models, New Cursor Field: null. Resetting cursor value"}}
{"type":"LOG","log":{"level":"INFO","message":"INFO i.a.i.s.r.CdcStateManager(<init>):29 Initialized CDC state with: io.airbyte.integrations.source.relationaldb.models.CdcState@5246532[state=<null>,additionalProperties={}]"}}
{"type":"LOG","log":{"level":"INFO","message":"INFO c.z.h.HikariDataSource(<init>):80 HikariPool-9 - Starting..."}}
{"type":"LOG","log":{"level":"INFO","message":"INFO c.z.h.HikariDataSource(<init>):82 HikariPool-9 - Start completed."}}
{"type":"LOG","log":{"level":"INFO","message":"INFO i.a.i.s.p.PostgresUtils(isCdc):53 using CDC: true"}}
{"type":"LOG","log":{"level":"INFO","message":"INFO i.a.d.j.s.AdaptiveStreamingQueryConfig(initialize):31 Set initial fetch size: 10 rows"}}
{"type":"LOG","log":{"level":"INFO","message":"INFO i.a.i.s.p.PostgresCdcCatalogHelper(getPublicizedTables):119 For CDC, only tables in publication publication will be included in the sync: [models_schema.models, models_schema_random.models_random]"}}
{"type":"LOG","log":{"level":"INFO","message":"INFO i.a.i.s.j.AbstractJdbcSource(logPreSyncDebugData):450 Data source product recognized as PostgreSQL:13.11"}}
{"type":"LOG","log":{"level":"INFO","message":"INFO i.a.i.s.p.PostgresSource(logPreSyncDebugData):221 Discovering indexes for schema \"models_schema\", table \"models\""}}
{"type":"LOG","log":{"level":"INFO","message":"INFO i.a.i.s.p.PostgresSource(logPreSyncDebugData):223 Index name: models_pkey, Column: id, Unique: true"}}
{"type":"LOG","log":{"level":"INFO","message":"INFO i.a.i.s.p.PostgresQueryUtils(logXminStatus):77 Xmin Status : {Number of wraparounds: 0, Xmin Transaction Value: 505, Xmin Raw Value: 505"}}
{"type":"LOG","log":{"level":"INFO","message":"INFO i.a.i.s.j.AbstractJdbcSource(discoverInternal):166 Internal schemas to exclude: [catalog_history, information_schema, pg_catalog, pg_internal]"}}
{"type":"LOG","log":{"level":"INFO","message":"INFO i.a.d.j.s.AdaptiveStreamingQueryConfig(initialize):31 Set initial fetch size: 10 rows"}}
{"type":"LOG","log":{"level":"INFO","message":"INFO i.a.i.s.j.AbstractJdbcSource(discoverInternal):166 Internal schemas to exclude: [catalog_history, information_schema, pg_catalog, pg_internal]"}}
{"type":"LOG","log":{"level":"INFO","message":"INFO i.a.d.j.s.AdaptiveStreamingQueryConfig(initialize):31 Set initial fetch size: 10 rows"}}
{"type":"LOG","log":{"level":"INFO","message":"INFO i.a.i.s.p.PostgresUtils(isCdc):53 using CDC: true"}}
{"type":"LOG","log":{"level":"INFO","message":"INFO i.a.i.s.p.PostgresUtils(getFirstRecordWaitTime):111 First record waiting time: 30 seconds"}}
{"type":"LOG","log":{"level":"INFO","message":"INFO i.a.i.s.p.PostgresSource(getIncrementalIterators):369 First record waiting time: 30 seconds"}}
{"type":"LOG","log":{"level":"INFO","message":"INFO i.a.i.s.p.PostgresUtils(shouldFlushAfterSync):61 Should flush after sync: true"}}
{"type":"LOG","log":{"level":"INFO","message":"INFO o.a.k.c.c.AbstractConfig(logAll):376 StandaloneConfig values: \n\taccess.control.allow.methods = \n\taccess.control.allow.origin = \n\tadmin.listeners = null\n\tauto.include.jmx.reporter = true\n\tbootstrap.servers = [localhost:9092]\n\tclient.dns.lookup = use_all_dns_ips\n\tconfig.providers = []\n\tconnector.client.config.override.policy = All\n\theader.converter = class org.apache.kafka.connect.storage.SimpleHeaderConverter\n\tkey.converter = class org.apache.kafka.connect.json.JsonConverter\n\tlisteners = [http://:8083]\n\tmetric.reporters = []\n\tmetrics.num.samples = 2\n\tmetrics.recording.level = INFO\n\tmetrics.sample.window.ms = 30000\n\toffset.flush.interval.ms = 1000\n\toffset.flush.timeout.ms = 5000\n\toffset.storage.file.filename = /tmp/cdc-state-offset12662918516644239054/offset.dat\n\tplugin.path = null\n\tresponse.http.headers.config = \n\trest.advertised.host.name = null\n\trest.advertised.listener = null\n\trest.advertised.port = null\n\trest.extension.classes = []\n\tssl.cipher.suites = null\n\tssl.client.auth = none\n\tssl.enabled.protocols = [TLSv1.2, TLSv1.3]\n\tssl.endpoint.identification.algorithm = https\n\tssl.engine.factory.class = null\n\tssl.key.password = null\n\tssl.keymanager.algorithm = SunX509\n\tssl.keystore.certificate.chain = null\n\tssl.keystore.key = null\n\tssl.keystore.location = null\n\tssl.keystore.password = null\n\tssl.keystore.type = JKS\n\tssl.protocol = TLSv1.3\n\tssl.provider = null\n\tssl.secure.random.implementation = null\n\tssl.trustmanager.algorithm = PKIX\n\tssl.truststore.certificates = null\n\tssl.truststore.location = null\n\tssl.truststore.password = null\n\tssl.truststore.type = JKS\n\ttask.shutdown.graceful.timeout.ms = 5000\n\ttopic.creation.enable = true\n\ttopic.tracking.allow.reset = true\n\ttopic.tracking.enable = true\n\tvalue.converter = class org.apache.kafka.connect.json.JsonConverter\n"}}
{"type":"LOG","log":{"level":"WARN","message":"WARN o.a.k.c.r.WorkerConfig(logPluginPathConfigProviderWarning):379 Variables cannot be used in the 'plugin.path' property, since the property is used by plugin scanning before the config providers that replace the variables are initialized. The raw value 'null' was used for plugin scanning, as opposed to the transformed value 'null', and this may cause unexpected results."}}
{"type":"LOG","log":{"level":"INFO","message":"INFO o.a.k.c.s.FileOffsetBackingStore(start):58 Starting FileOffsetBackingStore with file /tmp/cdc-state-offset12662918516644239054/offset.dat"}}
{"type":"LOG","log":{"level":"INFO","message":"INFO o.a.k.c.c.AbstractConfig(logAll):376 JsonConverterConfig values: \n\tconverter.type = key\n\tdecimal.format = BASE64\n\tschemas.cache.size = 1000\n\tschemas.enable = false\n"}}
{"type":"LOG","log":{"level":"INFO","message":"INFO o.a.k.c.c.AbstractConfig(logAll):376 JsonConverterConfig values: \n\tconverter.type = value\n\tdecimal.format = BASE64\n\tschemas.cache.size = 1000\n\tschemas.enable = false\n"}}
{"type":"LOG","log":{"level":"INFO","message":"INFO i.a.i.d.i.p.PostgresDebeziumStateUtil(extractLsn):206 No previous offsets found"}}
{"type":"LOG","log":{"level":"INFO","message":"INFO i.a.i.d.i.p.PostgresDebeziumStateUtil(parseSavedOffset):181 Closing offsetStorageReader and fileOffsetBackingStore"}}
{"type":"LOG","log":{"level":"INFO","message":"INFO o.a.k.c.s.FileOffsetBackingStore(stop):66 Stopped FileOffsetBackingStore"}}
{"type":"LOG","log":{"level":"INFO","message":"INFO i.a.i.s.p.PostgresSource(lambda$getReplicationSlot$4):296 Attempting to find the named replication slot using the query: HikariProxyPreparedStatement@40047131 wrapping SELECT * FROM pg_replication_slots WHERE slot_name = 'debezium_slot_db_goyflnakqr' AND plugin = 'pgoutput' AND database = 'db_goyflnakqr'"}}
{"type":"LOG","log":{"level":"INFO","message":"INFO i.a.d.j.s.AdaptiveStreamingQueryConfig(initialize):31 Set initial fetch size: 10 rows"}}
{"type":"LOG","log":{"level":"INFO","message":"INFO i.a.i.s.p.PostgresUtils(shouldFlushAfterSync):61 Should flush after sync: true"}}
{"type":"LOG","log":{"level":"INFO","message":"INFO i.a.i.d.i.p.PostgresCdcTargetPosition(targetPosition):49 identified target lsn: PgLsn{lsn=23903320}"}}
{"type":"LOG","log":{"level":"INFO","message":"INFO i.a.i.s.p.PostgresUtils(shouldFlushAfterSync):61 Should flush after sync: true"}}
{"type":"LOG","log":{"level":"INFO","message":"INFO i.a.i.d.AirbyteDebeziumHandler(getIncrementalIterators):95 Using CDC: true"}}
{"type":"LOG","log":{"level":"INFO","message":"INFO o.a.k.c.c.AbstractConfig(logAll):376 JsonConverterConfig values: \n\tconverter.type = key\n\tdecimal.format = BASE64\n\tschemas.cache.size = 1000\n\tschemas.enable = false\n"}}
{"type":"LOG","log":{"level":"INFO","message":"INFO o.a.k.c.c.AbstractConfig(logAll):376 JsonConverterConfig values: \n\tconverter.type = value\n\tdecimal.format = BASE64\n\tschemas.cache.size = 1000\n\tschemas.enable = false\n"}}
{"type":"LOG","log":{"level":"INFO","message":"INFO o.a.k.c.c.AbstractConfig(logAll):376 EmbeddedConfig values: \n\taccess.control.allow.methods = \n\taccess.control.allow.origin = \n\tadmin.listeners = null\n\tauto.include.jmx.reporter = true\n\tbootstrap.servers = [localhost:9092]\n\tclient.dns.lookup = use_all_dns_ips\n\tconfig.providers = []\n\tconnector.client.config.override.policy = All\n\theader.converter = class org.apache.kafka.connect.storage.SimpleHeaderConverter\n\tkey.converter = class org.apache.kafka.connect.json.JsonConverter\n\tlisteners = [http://:8083]\n\tmetric.reporters = []\n\tmetrics.num.samples = 2\n\tmetrics.recording.level = INFO\n\tmetrics.sample.window.ms = 30000\n\toffset.flush.interval.ms = 1000\n\toffset.flush.timeout.ms = 5000\n\toffset.storage.file.filename = /tmp/cdc-state-offset3882529325203813785/offset.dat\n\toffset.storage.partitions = null\n\toffset.storage.replication.factor = null\n\toffset.storage.topic = \n\tplugin.path = null\n\tresponse.http.headers.config = \n\trest.advertised.host.name = null\n\trest.advertised.listener = null\n\trest.advertised.port = null\n\trest.extension.classes = []\n\tssl.cipher.suites = null\n\tssl.client.auth = none\n\tssl.enabled.protocols = [TLSv1.2, TLSv1.3]\n\tssl.endpoint.identification.algorithm = https\n\tssl.engine.factory.class = null\n\tssl.key.password = null\n\tssl.keymanager.algorithm = SunX509\n\tssl.keystore.certificate.chain = null\n\tssl.keystore.key = null\n\tssl.keystore.location = null\n\tssl.keystore.password = null\n\tssl.keystore.type = JKS\n\tssl.protocol = TLSv1.3\n\tssl.provider = null\n\tssl.secure.random.implementation = null\n\tssl.trustmanager.algorithm = PKIX\n\tssl.truststore.certificates = null\n\tssl.truststore.location = null\n\tssl.truststore.password = null\n\tssl.truststore.type = JKS\n\ttask.shutdown.graceful.timeout.ms = 5000\n\ttopic.creation.enable = true\n\ttopic.tracking.allow.reset = true\n\ttopic.tracking.enable = true\n\tvalue.converter = class org.apache.kafka.connect.json.JsonConverter\n"}}
{"type":"LOG","log":{"level":"WARN","message":"WARN o.a.k.c.r.WorkerConfig(logPluginPathConfigProviderWarning):379 Variables cannot be used in the 'plugin.path' property, since the property is used by plugin scanning before the config providers that replace the variables are initialized. The raw value 'null' was used for plugin scanning, as opposed to the transformed value 'null', and this may cause unexpected results."}}
{"type":"LOG","log":{"level":"INFO","message":"INFO o.a.k.c.c.AbstractConfig(logAll):376 JsonConverterConfig values: \n\tconverter.type = key\n\tdecimal.format = BASE64\n\tschemas.cache.size = 1000\n\tschemas.enable = false\n"}}
{"type":"LOG","log":{"level":"INFO","message":"INFO o.a.k.c.c.AbstractConfig(logAll):376 JsonConverterConfig values: \n\tconverter.type = value\n\tdecimal.format = BASE64\n\tschemas.cache.size = 1000\n\tschemas.enable = false\n"}}
{"type":"LOG","log":{"level":"WARN","message":"WARN i.d.c.p.PostgresConnectorConfig(validateFlushLsnSource):1070 Property 'flush.lsn.source' is set to 'false', the LSN will not be flushed to the database source and WAL logs will not be cleared. User is expected to handle this outside Debezium."}}
{"type":"LOG","log":{"level":"INFO","message":"INFO i.d.c.p.PostgresConnector(testConnection):154 Successfully tested connection for jdbc:postgresql://localhost:55952/db_goyflnakqr with user 'test'"}}
{"type":"LOG","log":{"level":"INFO","message":"INFO i.d.j.JdbcConnection(lambda$doClose$4):947 Connection gracefully closed"}}
{"type":"LOG","log":{"level":"INFO","message":"INFO o.a.k.c.s.FileOffsetBackingStore(start):58 Starting FileOffsetBackingStore with file /tmp/cdc-state-offset3882529325203813785/offset.dat"}}
{"type":"LOG","log":{"level":"WARN","message":"WARN i.d.c.p.PostgresConnectorConfig(validateFlushLsnSource):1070 Property 'flush.lsn.source' is set to 'false', the LSN will not be flushed to the database source and WAL logs will not be cleared. User is expected to handle this outside Debezium."}}
{"type":"LOG","log":{"level":"INFO","message":"INFO i.d.c.c.BaseSourceTask(start):124 Starting PostgresConnectorTask with configuration:"}}
{"type":"LOG","log":{"level":"INFO","message":"INFO i.d.c.c.BaseSourceTask(lambda$start$0):126    connector.class = io.debezium.connector.postgresql.PostgresConnector"}}
{"type":"LOG","log":{"level":"INFO","message":"INFO i.d.c.c.BaseSourceTask(lambda$start$0):126    max.queue.size = 8192"}}
{"type":"LOG","log":{"level":"INFO","message":"INFO i.d.c.c.BaseSourceTask(lambda$start$0):126    slot.name = debezium_slot_db_goyflnakqr"}}
{"type":"LOG","log":{"level":"INFO","message":"INFO i.d.c.c.BaseSourceTask(lambda$start$0):126    publication.name = publication"}}
{"type":"LOG","log":{"level":"INFO","message":"INFO i.d.c.c.BaseSourceTask(lambda$start$0):126    topic.prefix = db_goyflnakqr"}}
{"type":"LOG","log":{"level":"INFO","message":"INFO i.d.c.c.BaseSourceTask(lambda$start$0):126    offset.storage.file.filename = /tmp/cdc-state-offset3882529325203813785/offset.dat"}}
{"type":"LOG","log":{"level":"INFO","message":"INFO i.d.c.c.BaseSourceTask(lambda$start$0):126    decimal.handling.mode = string"}}
{"type":"LOG","log":{"level":"INFO","message":"INFO i.d.c.c.BaseSourceTask(lambda$start$0):126    flush.lsn.source = false"}}
{"type":"LOG","log":{"level":"INFO","message":"INFO i.d.c.c.BaseSourceTask(lambda$start$0):126    converters = datetime"}}
{"type":"LOG","log":{"level":"INFO","message":"INFO i.d.c.c.BaseSourceTask(lambda$start$0):126    errors.retry.delay.initial.ms = 299"}}
{"type":"LOG","log":{"level":"INFO","message":"INFO i.d.c.c.BaseSourceTask(lambda$start$0):126    datetime.type = io.airbyte.integrations.debezium.internals.postgres.PostgresConverter"}}
{"type":"LOG","log":{"level":"INFO","message":"INFO i.d.c.c.BaseSourceTask(lambda$start$0):126    value.converter = org.apache.kafka.connect.json.JsonConverter"}}
{"type":"LOG","log":{"level":"INFO","message":"INFO i.d.c.c.BaseSourceTask(lambda$start$0):126    key.converter = org.apache.kafka.connect.json.JsonConverter"}}
{"type":"LOG","log":{"level":"INFO","message":"INFO i.d.c.c.BaseSourceTask(lambda$start$0):126    publication.autocreate.mode = disabled"}}
{"type":"LOG","log":{"level":"INFO","message":"INFO i.d.c.c.BaseSourceTask(lambda$start$0):126    database.user = test"}}
{"type":"LOG","log":{"level":"INFO","message":"INFO i.d.c.c.BaseSourceTask(lambda$start$0):126    database.dbname = db_goyflnakqr"}}
{"type":"LOG","log":{"level":"INFO","message":"INFO i.d.c.c.BaseSourceTask(lambda$start$0):126    offset.storage = org.apache.kafka.connect.storage.FileOffsetBackingStore"}}
{"type":"LOG","log":{"level":"INFO","message":"INFO i.d.c.c.BaseSourceTask(lambda$start$0):126    errors.retry.delay.max.ms = 300"}}
{"type":"LOG","log":{"level":"INFO","message":"INFO i.d.c.c.BaseSourceTask(lambda$start$0):126    offset.flush.timeout.ms = 5000"}}
{"type":"LOG","log":{"level":"INFO","message":"INFO i.d.c.c.BaseSourceTask(lambda$start$0):126    heartbeat.interval.ms = 10000"}}
{"type":"LOG","log":{"level":"INFO","message":"INFO i.d.c.c.BaseSourceTask(lambda$start$0):126    column.include.list = \\Qmodels_schema.models\\E\\.(\\Qmodel\\E|\\Qid\\E|\\Qmake_id\\E)"}}
{"type":"LOG","log":{"level":"INFO","message":"INFO i.d.c.c.BaseSourceTask(lambda$start$0):126    plugin.name = pgoutput"}}
{"type":"LOG","log":{"level":"INFO","message":"INFO i.d.c.c.BaseSourceTask(lambda$start$0):126    database.port = 55952"}}
{"type":"LOG","log":{"level":"INFO","message":"INFO i.d.c.c.BaseSourceTask(lambda$start$0):126    offset.flush.interval.ms = 1000"}}
{"type":"LOG","log":{"level":"INFO","message":"INFO i.d.c.c.BaseSourceTask(lambda$start$0):126    key.converter.schemas.enable = false"}}
{"type":"LOG","log":{"level":"INFO","message":"INFO i.d.c.c.BaseSourceTask(lambda$start$0):126    include.unknown.datatypes = true"}}
{"type":"LOG","log":{"level":"INFO","message":"INFO i.d.c.c.BaseSourceTask(lambda$start$0):126    errors.max.retries = 10"}}
{"type":"LOG","log":{"level":"INFO","message":"INFO i.d.c.c.BaseSourceTask(lambda$start$0):126    database.hostname = localhost"}}
{"type":"LOG","log":{"level":"INFO","message":"INFO i.d.c.c.BaseSourceTask(lambda$start$0):126    database.password = ********"}}
{"type":"LOG","log":{"level":"INFO","message":"INFO i.d.c.c.BaseSourceTask(lambda$start$0):126    value.converter.schemas.enable = false"}}
{"type":"LOG","log":{"level":"INFO","message":"INFO i.d.c.c.BaseSourceTask(lambda$start$0):126    name = db_goyflnakqr"}}
{"type":"LOG","log":{"level":"INFO","message":"INFO i.d.c.c.BaseSourceTask(lambda$start$0):126    max.batch.size = 2048"}}
{"type":"LOG","log":{"level":"INFO","message":"INFO i.d.c.c.BaseSourceTask(lambda$start$0):126    table.include.list = \\Qmodels_schema.models\\E"}}
{"type":"LOG","log":{"level":"INFO","message":"INFO i.d.c.c.BaseSourceTask(lambda$start$0):126    snapshot.mode = initial"}}
{"type":"LOG","log":{"level":"INFO","message":"INFO i.d.c.c.BaseSourceTask(startIfNeededAndPossible):243 Attempting to start task"}}
{"type":"LOG","log":{"level":"INFO","message":"INFO i.d.c.CommonConnectorConfig(getTopicNamingStrategy):849 Loading the custom topic naming strategy plugin: io.debezium.schema.SchemaTopicNamingStrategy"}}
{"type":"LOG","log":{"level":"INFO","message":"INFO i.d.j.JdbcConnection(lambda$doClose$4):947 Connection gracefully closed"}}
{"type":"LOG","log":{"level":"INFO","message":"INFO i.d.c.c.BaseSourceTask(getPreviousOffsets):375 No previous offsets found"}}
{"type":"LOG","log":{"level":"INFO","message":"INFO i.d.c.p.PostgresConnectorTask(start):113 user 'test' connected to database 'db_goyflnakqr' on PostgreSQL 13.11 on x86_64-pc-linux-musl, compiled by gcc (Alpine 12.2.1_git20220924-r10) 12.2.1 20220924, 64-bit with roles:\n\trole 'pg_read_all_settings' [superuser: false, replication: false, inherit: true, create role: false, create db: false, can log in: false]\n\trole 'pg_stat_scan_tables' [superuser: false, replication: false, inherit: true, create role: false, create db: false, can log in: false]\n\trole 'pg_write_server_files' [superuser: false, replication: false, inherit: true, create role: false, create db: false, can log in: false]\n\trole 'test' [superuser: true, replication: true, inherit: true, create role: true, create db: true, can log in: true]\n\trole 'pg_monitor' [superuser: false, replication: false, inherit: true, create role: false, create db: false, can log in: false]\n\trole 'pg_read_server_files' [superuser: false, replication: false, inherit: true, create role: false, create db: false, can log in: false]\n\trole 'pg_execute_server_program' [superuser: false, replication: false, inherit: true, create role: false, create db: false, can log in: false]\n\trole 'pg_read_all_stats' [superuser: false, replication: false, inherit: true, create role: false, create db: false, can log in: false]\n\trole 'pg_signal_backend' [superuser: false, replication: false, inherit: true, create role: false, create db: false, can log in: false]"}}
{"type":"LOG","log":{"level":"INFO","message":"INFO i.d.c.p.c.PostgresConnection(readReplicationSlotInfo):264 Obtained valid replication slot ReplicationSlot [active=false, latestFlushedLsn=LSN{0/16CB9D0}, catalogXmin=504]"}}
{"type":"LOG","log":{"level":"INFO","message":"INFO i.d.c.p.PostgresConnectorTask(start):122 No previous offset found"}}
{"type":"LOG","log":{"level":"INFO","message":"INFO i.d.u.Threads(threadFactory):270 Requested thread factory for connector PostgresConnector, id = db_goyflnakqr named = change-event-source-coordinator"}}
{"type":"LOG","log":{"level":"INFO","message":"INFO i.d.u.Threads$3(newThread):287 Creating thread debezium-postgresconnector-db_goyflnakqr-change-event-source-coordinator"}}
{"type":"LOG","log":{"level":"INFO","message":"INFO i.d.c.c.BaseSourceTask(startIfNeededAndPossible):245 Successfully started task"}}
{"type":"LOG","log":{"level":"INFO","message":"INFO i.d.p.ChangeEventSourceCoordinator(lambda$start$0):103 Metrics registered"}}
{"type":"LOG","log":{"level":"INFO","message":"INFO i.d.p.ChangeEventSourceCoordinator(lambda$start$0):106 Context created"}}
{"type":"LOG","log":{"level":"INFO","message":"INFO i.d.c.p.s.InitialSnapshotter(shouldSnapshot):34 Taking initial snapshot for new datasource"}}
{"type":"LOG","log":{"level":"INFO","message":"INFO i.d.c.p.PostgresSnapshotChangeEventSource(getSnapshottingTask):65 According to the connector configuration data will be snapshotted"}}
{"type":"LOG","log":{"level":"INFO","message":"INFO i.d.r.RelationalSnapshotChangeEventSource(doExecute):110 Snapshot step 1 - Preparing"}}
{"type":"LOG","log":{"level":"INFO","message":"INFO i.d.r.RelationalSnapshotChangeEventSource(doExecute):119 Snapshot step 2 - Determining captured tables"}}
{"type":"LOG","log":{"level":"INFO","message":"INFO i.d.r.RelationalSnapshotChangeEventSource(determineCapturedTables):267 Adding table models_schema.models to the list of capture schema tables"}}
{"type":"LOG","log":{"level":"INFO","message":"INFO i.d.r.RelationalSnapshotChangeEventSource(determineCapturedTables):267 Adding table models_schema_random.models_random to the list of capture schema tables"}}
{"type":"LOG","log":{"level":"INFO","message":"INFO i.d.r.RelationalSnapshotChangeEventSource(doExecute):126 Snapshot step 3 - Locking captured tables [models_schema.models]"}}
{"type":"LOG","log":{"level":"INFO","message":"INFO i.d.r.RelationalSnapshotChangeEventSource(doExecute):132 Snapshot step 4 - Determining snapshot offset"}}
{"type":"LOG","log":{"level":"INFO","message":"INFO i.d.c.p.PostgresOffsetContext(initialContext):233 Creating initial offset context"}}
{"type":"LOG","log":{"level":"INFO","message":"INFO i.d.c.p.PostgresOffsetContext(initialContext):236 Read xlogStart at 'LSN{0/16CBC58}' from transaction '505'"}}
{"type":"LOG","log":{"level":"INFO","message":"INFO i.d.c.p.PostgresSnapshotChangeEventSource(updateOffsetForSnapshot):147 Read xlogStart at 'LSN{0/16CBC58}' from transaction '505'"}}
{"type":"LOG","log":{"level":"INFO","message":"INFO i.d.r.RelationalSnapshotChangeEventSource(doExecute):135 Snapshot step 5 - Reading structure of captured tables"}}
{"type":"LOG","log":{"level":"INFO","message":"INFO i.d.c.p.PostgresSnapshotChangeEventSource(readTableStructure):193 Reading structure of schema 'models_schema' of catalog 'db_goyflnakqr'"}}
{"type":"LOG","log":{"level":"INFO","message":"INFO i.d.r.RelationalSnapshotChangeEventSource(doExecute):139 Snapshot step 5.a - Creating connection pool"}}
{"type":"LOG","log":{"level":"INFO","message":"INFO i.d.r.RelationalSnapshotChangeEventSource(createConnectionPool):213 Created connection pool with 1 threads"}}
{"type":"LOG","log":{"level":"INFO","message":"INFO i.d.r.RelationalSnapshotChangeEventSource(doExecute):144 Snapshot step 6 - Persisting schema history"}}
{"type":"LOG","log":{"level":"INFO","message":"INFO i.d.r.RelationalSnapshotChangeEventSource(doExecute):156 Snapshot step 7 - Snapshotting data"}}
{"type":"LOG","log":{"level":"INFO","message":"INFO i.d.r.RelationalSnapshotChangeEventSource(createDataEvents):390 Creating snapshot worker pool with 1 worker thread(s)"}}
{"type":"LOG","log":{"level":"INFO","message":"INFO i.d.r.RelationalSnapshotChangeEventSource(createDataEvents):399 For table 'models_schema.models' using select statement: 'SELECT \"id\", \"make_id\", \"model\" FROM \"models_schema\".\"models\"'"}}
{"type":"LOG","log":{"level":"INFO","message":"INFO i.d.r.RelationalSnapshotChangeEventSource(doCreateDataEventsForTable):513 Exporting data from table 'models_schema.models' (1 of 1 tables)"}}
{"type":"LOG","log":{"level":"INFO","message":"INFO i.d.r.RelationalSnapshotChangeEventSource(doCreateDataEventsForTable):559 \t Finished exporting 6 records for table 'models_schema.models' (1 of 1 tables); total duration '00:00:00.011'"}}
{"type":"LOG","log":{"level":"INFO","message":"INFO i.d.p.s.AbstractSnapshotChangeEventSource(execute):88 Snapshot - Final stage"}}
{"type":"LOG","log":{"level":"INFO","message":"INFO i.d.p.s.AbstractSnapshotChangeEventSource(execute):92 Snapshot completed"}}
{"type":"LOG","log":{"level":"INFO","message":"INFO i.d.p.ChangeEventSourceCoordinator(doSnapshot):156 Snapshot ended with SnapshotResult [status=COMPLETED, offset=PostgresOffsetContext [sourceInfoSchema=Schema{io.debezium.connector.postgresql.Source:STRUCT}, sourceInfo=source_info[server='db_goyflnakqr'db='db_goyflnakqr', lsn=LSN{0/16CBC58}, txId=505, timestamp=2023-05-20T13:47:25.677573Z, snapshot=FALSE, schema=models_schema, table=models], lastSnapshotRecord=true, lastCompletelyProcessedLsn=null, lastCommitLsn=null, streamingStoppingLsn=null, transactionContext=TransactionContext [currentTransactionId=null, perTableEventCount={}, totalEventCount=0], incrementalSnapshotContext=IncrementalSnapshotContext [windowOpened=false, chunkEndPosition=null, dataCollectionsToSnapshot=[], lastEventKeySent=null, maximumKey=null]]]"}}
{"type":"LOG","log":{"level":"INFO","message":"INFO i.d.p.ChangeEventSourceCoordinator(streamingConnected):240 Connected metrics set to 'true'"}}
{"type":"LOG","log":{"level":"INFO","message":"INFO i.d.c.p.PostgresSchema(printReplicaIdentityInfo):100 REPLICA IDENTITY for 'models_schema.models' is 'DEFAULT'; UPDATE and DELETE events will contain previous values only for PK columns"}}
{"type":"LOG","log":{"level":"INFO","message":"INFO i.d.p.ChangeEventSourceCoordinator(streamEvents):173 Starting streaming"}}
{"type":"LOG","log":{"level":"INFO","message":"INFO i.d.c.p.PostgresStreamingChangeEventSource(execute):136 Retrieved latest position from stored offset 'LSN{0/16CBC58}'"}}
{"type":"LOG","log":{"level":"INFO","message":"INFO i.d.c.p.c.WalPositionLocator(<init>):48 Looking for WAL restart position for last commit LSN 'null' and last change LSN 'LSN{0/16CBC58}'"}}
{"type":"LOG","log":{"level":"INFO","message":"INFO i.d.c.p.c.PostgresReplicationConnection(initPublication):147 Initializing PgOutput logical decoder publication"}}
{"type":"LOG","log":{"level":"INFO","message":"INFO i.d.c.p.c.PostgresConnection(readReplicationSlotInfo):264 Obtained valid replication slot ReplicationSlot [active=false, latestFlushedLsn=LSN{0/16CB9D0}, catalogXmin=504]"}}
{"type":"LOG","log":{"level":"INFO","message":"INFO i.d.j.JdbcConnection(lambda$doClose$4):947 Connection gracefully closed"}}
{"type":"LOG","log":{"level":"INFO","message":"INFO i.d.u.Threads(threadFactory):270 Requested thread factory for connector PostgresConnector, id = db_goyflnakqr named = keep-alive"}}
{"type":"LOG","log":{"level":"INFO","message":"INFO i.d.u.Threads$3(newThread):287 Creating thread debezium-postgresconnector-db_goyflnakqr-keep-alive"}}
{"type":"LOG","log":{"level":"INFO","message":"INFO i.d.c.p.PostgresSchema(printReplicaIdentityInfo):100 REPLICA IDENTITY for 'models_schema.models' is 'DEFAULT'; UPDATE and DELETE events will contain previous values only for PK columns"}}
{"type":"LOG","log":{"level":"INFO","message":"INFO i.d.c.p.PostgresStreamingChangeEventSource(searchWalPosition):327 Searching for WAL resume position"}}
{"type":"LOG","log":{"level":"INFO","message":"INFO i.a.i.d.i.p.PostgresCdcTargetPosition(reachedTargetPosition):61 Signalling close because Snapshot is complete"}}
{"type":"LOG","log":{"level":"INFO","message":"INFO i.a.i.d.i.DebeziumRecordIterator(requestClose):208 Closing: Change event reached target position"}}
{"type":"LOG","log":{"level":"INFO","message":"INFO i.d.e.EmbeddedEngine(stop):1146 Stopping the embedded engine"}}
{"type":"LOG","log":{"level":"INFO","message":"INFO i.d.e.EmbeddedEngine(stop):1153 Waiting for PT5M for connector to stop"}}
{"type":"LOG","log":{"level":"INFO","message":"INFO i.d.e.EmbeddedEngine(run):944 Stopping the task and engine"}}
{"type":"LOG","log":{"level":"INFO","message":"INFO i.d.c.c.BaseSourceTask(stop):278 Stopping down connector"}}
{"type":"LOG","log":{"level":"INFO","message":"INFO i.d.c.p.PostgresStreamingChangeEventSource(searchWalPosition):348 WAL resume position 'null' discovered"}}
{"type":"LOG","log":{"level":"INFO","message":"INFO i.d.j.JdbcConnection(lambda$doClose$4):947 Connection gracefully closed"}}
{"type":"LOG","log":{"level":"INFO","message":"INFO i.d.j.JdbcConnection(lambda$doClose$4):947 Connection gracefully closed"}}
{"type":"LOG","log":{"level":"INFO","message":"INFO i.d.c.p.c.PostgresReplicationConnection(initPublication):147 Initializing PgOutput logical decoder publication"}}
{"type":"LOG","log":{"level":"INFO","message":"INFO i.d.u.Threads(threadFactory):270 Requested thread factory for connector PostgresConnector, id = db_goyflnakqr named = keep-alive"}}
{"type":"LOG","log":{"level":"INFO","message":"INFO i.d.u.Threads$3(newThread):287 Creating thread debezium-postgresconnector-db_goyflnakqr-keep-alive"}}
{"type":"LOG","log":{"level":"INFO","message":"INFO i.d.c.p.PostgresStreamingChangeEventSource(processMessages):211 Processing messages"}}
{"type":"LOG","log":{"level":"INFO","message":"INFO i.d.j.JdbcConnection(lambda$doClose$4):947 Connection gracefully closed"}}
{"type":"LOG","log":{"level":"INFO","message":"INFO i.d.j.JdbcConnection(lambda$doClose$4):947 Connection gracefully closed"}}
{"type":"LOG","log":{"level":"INFO","message":"INFO i.d.p.ChangeEventSourceCoordinator(streamEvents):175 Finished streaming"}}
{"type":"LOG","log":{"level":"INFO","message":"INFO i.d.p.ChangeEventSourceCoordinator(streamingConnected):240 Connected metrics set to 'false'"}}
{"type":"LOG","log":{"level":"INFO","message":"INFO o.a.k.c.s.FileOffsetBackingStore(stop):66 Stopped FileOffsetBackingStore"}}
{"type":"LOG","log":{"level":"INFO","message":"INFO i.a.i.d.i.DebeziumRecordPublisher(lambda$start$1):73 Debezium engine shutdown."}}
{"type":"LOG","log":{"level":"INFO","message":"INFO i.a.i.d.i.DebeziumRecordPublisher(lambda$start$1):74 Connector 'io.debezium.connector.postgresql.PostgresConnector' completed normally."}}
{"type":"LOG","log":{"level":"INFO","message":"INFO i.a.i.s.p.PostgresCdcStateHandler(saveState):37 debezium state: {\"[\\\"db_goyflnakqr\\\",{\\\"server\\\":\\\"db_goyflnakqr\\\"}]\":\"{\\\"transaction_id\\\":null,\\\"lsn\\\":23903320,\\\"txId\\\":505,\\\"ts_usec\\\":1684590445677573}\"}"}}
{"type":"LOG","log":{"level":"INFO","message":"INFO i.a.i.s.r.AbstractDbSource(lambda$read$1):173 Closing database connection pool."}}
{"type":"LOG","log":{"level":"INFO","message":"INFO c.z.h.HikariDataSource(close):350 HikariPool-9 - Shutdown initiated..."}}
{"type":"LOG","log":{"level":"INFO","message":"INFO c.z.h.HikariDataSource(close):352 HikariPool-9 - Shutdown completed."}}
{"type":"LOG","log":{"level":"INFO","message":"INFO i.a.i.s.r.AbstractDbSource(lambda$read$1):175 Closed database connection pool."}}
{"type":"LOG","log":{"level":"INFO","message":"INFO i.a.i.s.p.PostgresUtils(isCdc):53 using CDC: true"}}
{"type":"LOG","log":{"level":"INFO","message":"INFO i.a.i.s.r.s.StateManagerFactory(createStateManager):51 Global state manager selected to manage state object with type GLOBAL."}}
{"type":"LOG","log":{"level":"INFO","message":"INFO i.a.i.s.r.CdcStateManager(<init>):29 Initialized CDC state with: io.airbyte.integrations.source.relationaldb.models.CdcState@496d7bd9[state={\"[\\\"db_goyflnakqr\\\",{\\\"server\\\":\\\"db_goyflnakqr\\\"}]\":\"{\\\"transaction_id\\\":null,\\\"lsn\\\":23903320,\\\"txId\\\":505,\\\"ts_usec\\\":1684590445677573}\"},additionalProperties={}]"}}
{"type":"LOG","log":{"level":"INFO","message":"INFO c.z.h.HikariDataSource(<init>):80 HikariPool-10 - Starting..."}}
{"type":"LOG","log":{"level":"INFO","message":"INFO c.z.h.HikariDataSource(<init>):82 HikariPool-10 - Start completed."}}
{"type":"LOG","log":{"level":"INFO","message":"INFO i.a.i.s.p.PostgresUtils(isCdc):53 using CDC: true"}}
{"type":"LOG","log":{"level":"INFO","message":"INFO i.a.d.j.s.AdaptiveStreamingQueryConfig(initialize):31 Set initial fetch size: 10 rows"}}
{"type":"LOG","log":{"level":"INFO","message":"INFO i.a.i.s.p.PostgresCdcCatalogHelper(getPublicizedTables):119 For CDC, only tables in publication publication will be included in the sync: [models_schema.models, models_schema_random.models_random]"}}
{"type":"LOG","log":{"level":"INFO","message":"INFO i.a.i.s.j.AbstractJdbcSource(logPreSyncDebugData):450 Data source product recognized as PostgreSQL:13.11"}}
{"type":"LOG","log":{"level":"INFO","message":"INFO i.a.i.s.p.PostgresSource(logPreSyncDebugData):221 Discovering indexes for schema \"models_schema\", table \"models\""}}
{"type":"LOG","log":{"level":"INFO","message":"INFO i.a.i.s.p.PostgresSource(logPreSyncDebugData):223 Index name: models_pkey, Column: id, Unique: true"}}
{"type":"LOG","log":{"level":"INFO","message":"INFO i.a.i.s.p.PostgresQueryUtils(logXminStatus):77 Xmin Status : {Number of wraparounds: 0, Xmin Transaction Value: 506, Xmin Raw Value: 506"}}
{"type":"LOG","log":{"level":"INFO","message":"INFO i.a.i.s.j.AbstractJdbcSource(discoverInternal):166 Internal schemas to exclude: [catalog_history, information_schema, pg_catalog, pg_internal]"}}
{"type":"LOG","log":{"level":"INFO","message":"INFO i.a.d.j.s.AdaptiveStreamingQueryConfig(initialize):31 Set initial fetch size: 10 rows"}}
{"type":"LOG","log":{"level":"INFO","message":"INFO i.a.i.s.j.AbstractJdbcSource(discoverInternal):166 Internal schemas to exclude: [catalog_history, information_schema, pg_catalog, pg_internal]"}}
{"type":"LOG","log":{"level":"INFO","message":"INFO i.a.d.j.s.AdaptiveStreamingQueryConfig(initialize):31 Set initial fetch size: 10 rows"}}
{"type":"LOG","log":{"level":"INFO","message":"INFO i.a.i.s.p.PostgresUtils(isCdc):53 using CDC: true"}}
{"type":"LOG","log":{"level":"INFO","message":"INFO i.a.i.s.p.PostgresUtils(getFirstRecordWaitTime):111 First record waiting time: 30 seconds"}}
{"type":"LOG","log":{"level":"INFO","message":"INFO i.a.i.s.p.PostgresSource(getIncrementalIterators):369 First record waiting time: 30 seconds"}}
{"type":"LOG","log":{"level":"INFO","message":"INFO i.a.i.s.p.PostgresUtils(shouldFlushAfterSync):61 Should flush after sync: true"}}
{"type":"LOG","log":{"level":"INFO","message":"INFO o.a.k.c.c.AbstractConfig(logAll):376 StandaloneConfig values: \n\taccess.control.allow.methods = \n\taccess.control.allow.origin = \n\tadmin.listeners = null\n\tauto.include.jmx.reporter = true\n\tbootstrap.servers = [localhost:9092]\n\tclient.dns.lookup = use_all_dns_ips\n\tconfig.providers = []\n\tconnector.client.config.override.policy = All\n\theader.converter = class org.apache.kafka.connect.storage.SimpleHeaderConverter\n\tkey.converter = class org.apache.kafka.connect.json.JsonConverter\n\tlisteners = [http://:8083]\n\tmetric.reporters = []\n\tmetrics.num.samples = 2\n\tmetrics.recording.level = INFO\n\tmetrics.sample.window.ms = 30000\n\toffset.flush.interval.ms = 1000\n\toffset.flush.timeout.ms = 5000\n\toffset.storage.file.filename = /tmp/cdc-state-offset5889909025960079736/offset.dat\n\tplugin.path = null\n\tresponse.http.headers.config = \n\trest.advertised.host.name = null\n\trest.advertised.listener = null\n\trest.advertised.port = null\n\trest.extension.classes = []\n\tssl.cipher.suites = null\n\tssl.client.auth = none\n\tssl.enabled.protocols = [TLSv1.2, TLSv1.3]\n\tssl.endpoint.identification.algorithm = https\n\tssl.engine.factory.class = null\n\tssl.key.password = null\n\tssl.keymanager.algorithm = SunX509\n\tssl.keystore.certificate.chain = null\n\tssl.keystore.key = null\n\tssl.keystore.location = null\n\tssl.keystore.password = null\n\tssl.keystore.type = JKS\n\tssl.protocol = TLSv1.3\n\tssl.provider = null\n\tssl.secure.random.implementation = null\n\tssl.trustmanager.algorithm = PKIX\n\tssl.truststore.certificates = null\n\tssl.truststore.location = null\n\tssl.truststore.password = null\n\tssl.truststore.type = JKS\n\ttask.shutdown.graceful.timeout.ms = 5000\n\ttopic.creation.enable = true\n\ttopic.tracking.allow.reset = true\n\ttopic.tracking.enable = true\n\tvalue.converter = class org.apache.kafka.connect.json.JsonConverter\n"}}
{"type":"LOG","log":{"level":"WARN","message":"WARN o.a.k.c.r.WorkerConfig(logPluginPathConfigProviderWarning):379 Variables cannot be used in the 'plugin.path' property, since the property is used by plugin scanning before the config providers that replace the variables are initialized. The raw value 'null' was used for plugin scanning, as opposed to the transformed value 'null', and this may cause unexpected results."}}
{"type":"LOG","log":{"level":"INFO","message":"INFO o.a.k.c.s.FileOffsetBackingStore(start):58 Starting FileOffsetBackingStore with file /tmp/cdc-state-offset5889909025960079736/offset.dat"}}
{"type":"LOG","log":{"level":"INFO","message":"INFO o.a.k.c.c.AbstractConfig(logAll):376 JsonConverterConfig values: \n\tconverter.type = key\n\tdecimal.format = BASE64\n\tschemas.cache.size = 1000\n\tschemas.enable = false\n"}}
{"type":"LOG","log":{"level":"INFO","message":"INFO o.a.k.c.c.AbstractConfig(logAll):376 JsonConverterConfig values: \n\tconverter.type = value\n\tdecimal.format = BASE64\n\tschemas.cache.size = 1000\n\tschemas.enable = false\n"}}
{"type":"LOG","log":{"level":"INFO","message":"INFO i.a.i.d.i.p.PostgresDebeziumStateUtil(extractLsn):201 Found previous partition offset PostgresPartition [sourcePartition={server=db_goyflnakqr}]: {transaction_id=null, lsn=23903320, txId=505, ts_usec=1684590445677573}"}}
{"type":"LOG","log":{"level":"INFO","message":"INFO i.a.i.d.i.p.PostgresDebeziumStateUtil(parseSavedOffset):181 Closing offsetStorageReader and fileOffsetBackingStore"}}
{"type":"LOG","log":{"level":"INFO","message":"INFO o.a.k.c.s.FileOffsetBackingStore(stop):66 Stopped FileOffsetBackingStore"}}
{"type":"LOG","log":{"level":"INFO","message":"INFO i.a.i.s.p.PostgresSource(lambda$getReplicationSlot$4):296 Attempting to find the named replication slot using the query: HikariProxyPreparedStatement@445181082 wrapping SELECT * FROM pg_replication_slots WHERE slot_name = 'debezium_slot_db_goyflnakqr' AND plugin = 'pgoutput' AND database = 'db_goyflnakqr'"}}
{"type":"LOG","log":{"level":"INFO","message":"INFO i.a.d.j.s.AdaptiveStreamingQueryConfig(initialize):31 Set initial fetch size: 10 rows"}}
{"type":"LOG","log":{"level":"INFO","message":"INFO i.a.i.d.i.p.PostgresDebeziumStateUtil(isSavedOffsetAfterReplicationSlotLSN):62 Replication slot confirmed_flush_lsn : 23902672 Saved offset LSN : 23903320"}}
{"type":"LOG","log":{"level":"INFO","message":"INFO i.a.i.s.p.PostgresUtils(shouldFlushAfterSync):61 Should flush after sync: true"}}
{"type":"LOG","log":{"level":"INFO","message":"INFO i.a.i.d.i.p.PostgresReplicationConnection(createConnection):44 Creating a replication connection."}}
{"type":"LOG","log":{"level":"INFO","message":"INFO i.a.i.d.i.p.PostgresReplicationConnection(createConnection):47 Validating replication connection."}}
{"type":"LOG","log":{"level":"INFO","message":"INFO i.a.i.d.i.p.PostgresCdcTargetPosition(targetPosition):49 identified target lsn: PgLsn{lsn=23903360}"}}
{"type":"LOG","log":{"level":"INFO","message":"INFO i.a.i.s.p.PostgresUtils(shouldFlushAfterSync):61 Should flush after sync: true"}}
{"type":"LOG","log":{"level":"INFO","message":"INFO i.a.i.d.AirbyteDebeziumHandler(getIncrementalIterators):95 Using CDC: true"}}
{"type":"LOG","log":{"level":"INFO","message":"INFO o.a.k.c.c.AbstractConfig(logAll):376 JsonConverterConfig values: \n\tconverter.type = key\n\tdecimal.format = BASE64\n\tschemas.cache.size = 1000\n\tschemas.enable = false\n"}}
{"type":"LOG","log":{"level":"INFO","message":"INFO o.a.k.c.c.AbstractConfig(logAll):376 JsonConverterConfig values: \n\tconverter.type = value\n\tdecimal.format = BASE64\n\tschemas.cache.size = 1000\n\tschemas.enable = false\n"}}
{"type":"LOG","log":{"level":"INFO","message":"INFO o.a.k.c.c.AbstractConfig(logAll):376 EmbeddedConfig values: \n\taccess.control.allow.methods = \n\taccess.control.allow.origin = \n\tadmin.listeners = null\n\tauto.include.jmx.reporter = true\n\tbootstrap.servers = [localhost:9092]\n\tclient.dns.lookup = use_all_dns_ips\n\tconfig.providers = []\n\tconnector.client.config.override.policy = All\n\theader.converter = class org.apache.kafka.connect.storage.SimpleHeaderConverter\n\tkey.converter = class org.apache.kafka.connect.json.JsonConverter\n\tlisteners = [http://:8083]\n\tmetric.reporters = []\n\tmetrics.num.samples = 2\n\tmetrics.recording.level = INFO\n\tmetrics.sample.window.ms = 30000\n\toffset.flush.interval.ms = 1000\n\toffset.flush.timeout.ms = 5000\n\toffset.storage.file.filename = /tmp/cdc-state-offset14843974780844317183/offset.dat\n\toffset.storage.partitions = null\n\toffset.storage.replication.factor = null\n\toffset.storage.topic = \n\tplugin.path = null\n\tresponse.http.headers.config = \n\trest.advertised.host.name = null\n\trest.advertised.listener = null\n\trest.advertised.port = null\n\trest.extension.classes = []\n\tssl.cipher.suites = null\n\tssl.client.auth = none\n\tssl.enabled.protocols = [TLSv1.2, TLSv1.3]\n\tssl.endpoint.identification.algorithm = https\n\tssl.engine.factory.class = null\n\tssl.key.password = null\n\tssl.keymanager.algorithm = SunX509\n\tssl.keystore.certificate.chain = null\n\tssl.keystore.key = null\n\tssl.keystore.location = null\n\tssl.keystore.password = null\n\tssl.keystore.type = JKS\n\tssl.protocol = TLSv1.3\n\tssl.provider = null\n\tssl.secure.random.implementation = null\n\tssl.trustmanager.algorithm = PKIX\n\tssl.truststore.certificates = null\n\tssl.truststore.location = null\n\tssl.truststore.password = null\n\tssl.truststore.type = JKS\n\ttask.shutdown.graceful.timeout.ms = 5000\n\ttopic.creation.enable = true\n\ttopic.tracking.allow.reset = true\n\ttopic.tracking.enable = true\n\tvalue.converter = class org.apache.kafka.connect.json.JsonConverter\n"}}
{"type":"LOG","log":{"level":"WARN","message":"WARN o.a.k.c.r.WorkerConfig(logPluginPathConfigProviderWarning):379 Variables cannot be used in the 'plugin.path' property, since the property is used by plugin scanning before the config providers that replace the variables are initialized. The raw value 'null' was used for plugin scanning, as opposed to the transformed value 'null', and this may cause unexpected results."}}
{"type":"LOG","log":{"level":"INFO","message":"INFO o.a.k.c.c.AbstractConfig(logAll):376 JsonConverterConfig values: \n\tconverter.type = key\n\tdecimal.format = BASE64\n\tschemas.cache.size = 1000\n\tschemas.enable = false\n"}}
{"type":"LOG","log":{"level":"INFO","message":"INFO o.a.k.c.c.AbstractConfig(logAll):376 JsonConverterConfig values: \n\tconverter.type = value\n\tdecimal.format = BASE64\n\tschemas.cache.size = 1000\n\tschemas.enable = false\n"}}
{"type":"LOG","log":{"level":"WARN","message":"WARN i.d.c.p.PostgresConnectorConfig(validateFlushLsnSource):1070 Property 'flush.lsn.source' is set to 'false', the LSN will not be flushed to the database source and WAL logs will not be cleared. User is expected to handle this outside Debezium."}}
{"type":"LOG","log":{"level":"INFO","message":"INFO i.d.c.p.PostgresConnector(testConnection):154 Successfully tested connection for jdbc:postgresql://localhost:55952/db_goyflnakqr with user 'test'"}}
{"type":"LOG","log":{"level":"INFO","message":"INFO i.d.j.JdbcConnection(lambda$doClose$4):947 Connection gracefully closed"}}
{"type":"LOG","log":{"level":"INFO","message":"INFO o.a.k.c.s.FileOffsetBackingStore(start):58 Starting FileOffsetBackingStore with file /tmp/cdc-state-offset14843974780844317183/offset.dat"}}
{"type":"LOG","log":{"level":"WARN","message":"WARN i.d.c.p.PostgresConnectorConfig(validateFlushLsnSource):1070 Property 'flush.lsn.source' is set to 'false', the LSN will not be flushed to the database source and WAL logs will not be cleared. User is expected to handle this outside Debezium."}}
{"type":"LOG","log":{"level":"INFO","message":"INFO i.d.c.c.BaseSourceTask(start):124 Starting PostgresConnectorTask with configuration:"}}
{"type":"LOG","log":{"level":"INFO","message":"INFO i.d.c.c.BaseSourceTask(lambda$start$0):126    connector.class = io.debezium.connector.postgresql.PostgresConnector"}}
{"type":"LOG","log":{"level":"INFO","message":"INFO i.d.c.c.BaseSourceTask(lambda$start$0):126    max.queue.size = 8192"}}
{"type":"LOG","log":{"level":"INFO","message":"INFO i.d.c.c.BaseSourceTask(lambda$start$0):126    slot.name = debezium_slot_db_goyflnakqr"}}
{"type":"LOG","log":{"level":"INFO","message":"INFO i.d.c.c.BaseSourceTask(lambda$start$0):126    publication.name = publication"}}
{"type":"LOG","log":{"level":"INFO","message":"INFO i.d.c.c.BaseSourceTask(lambda$start$0):126    topic.prefix = db_goyflnakqr"}}
{"type":"LOG","log":{"level":"INFO","message":"INFO i.d.c.c.BaseSourceTask(lambda$start$0):126    offset.storage.file.filename = /tmp/cdc-state-offset14843974780844317183/offset.dat"}}
{"type":"LOG","log":{"level":"INFO","message":"INFO i.d.c.c.BaseSourceTask(lambda$start$0):126    decimal.handling.mode = string"}}
{"type":"LOG","log":{"level":"INFO","message":"INFO i.d.c.c.BaseSourceTask(lambda$start$0):126    flush.lsn.source = false"}}
{"type":"LOG","log":{"level":"INFO","message":"INFO i.d.c.c.BaseSourceTask(lambda$start$0):126    converters = datetime"}}
{"type":"LOG","log":{"level":"INFO","message":"INFO i.d.c.c.BaseSourceTask(lambda$start$0):126    errors.retry.delay.initial.ms = 299"}}
{"type":"LOG","log":{"level":"INFO","message":"INFO i.d.c.c.BaseSourceTask(lambda$start$0):126    datetime.type = io.airbyte.integrations.debezium.internals.postgres.PostgresConverter"}}
{"type":"LOG","log":{"level":"INFO","message":"INFO i.d.c.c.BaseSourceTask(lambda$start$0):126    value.converter = org.apache.kafka.connect.json.JsonConverter"}}
{"type":"LOG","log":{"level":"INFO","message":"INFO i.d.c.c.BaseSourceTask(lambda$start$0):126    key.converter = org.apache.kafka.connect.json.JsonConverter"}}
{"type":"LOG","log":{"level":"INFO","message":"INFO i.d.c.c.BaseSourceTask(lambda$start$0):126    publication.autocreate.mode = disabled"}}
{"type":"LOG","log":{"level":"INFO","message":"INFO i.d.c.c.BaseSourceTask(lambda$start$0):126    database.user = test"}}
{"type":"LOG","log":{"level":"INFO","message":"INFO i.d.c.c.BaseSourceTask(lambda$start$0):126    database.dbname = db_goyflnakqr"}}
{"type":"LOG","log":{"level":"INFO","message":"INFO i.d.c.c.BaseSourceTask(lambda$start$0):126    offset.storage = org.apache.kafka.connect.storage.FileOffsetBackingStore"}}
{"type":"LOG","log":{"level":"INFO","message":"INFO i.d.c.c.BaseSourceTask(lambda$start$0):126    errors.retry.delay.max.ms = 300"}}
{"type":"LOG","log":{"level":"INFO","message":"INFO i.d.c.c.BaseSourceTask(lambda$start$0):126    offset.flush.timeout.ms = 5000"}}
{"type":"LOG","log":{"level":"INFO","message":"INFO i.d.c.c.BaseSourceTask(lambda$start$0):126    heartbeat.interval.ms = 10000"}}
{"type":"LOG","log":{"level":"INFO","message":"INFO i.d.c.c.BaseSourceTask(lambda$start$0):126    column.include.list = \\Qmodels_schema.models\\E\\.(\\Qmodel\\E|\\Qid\\E|\\Qmake_id\\E)"}}
{"type":"LOG","log":{"level":"INFO","message":"INFO i.d.c.c.BaseSourceTask(lambda$start$0):126    plugin.name = pgoutput"}}
{"type":"LOG","log":{"level":"INFO","message":"INFO i.d.c.c.BaseSourceTask(lambda$start$0):126    database.port = 55952"}}
{"type":"LOG","log":{"level":"INFO","message":"INFO i.d.c.c.BaseSourceTask(lambda$start$0):126    offset.flush.interval.ms = 1000"}}
{"type":"LOG","log":{"level":"INFO","message":"INFO i.d.c.c.BaseSourceTask(lambda$start$0):126    key.converter.schemas.enable = false"}}
{"type":"LOG","log":{"level":"INFO","message":"INFO i.d.c.c.BaseSourceTask(lambda$start$0):126    include.unknown.datatypes = true"}}
{"type":"LOG","log":{"level":"INFO","message":"INFO i.d.c.c.BaseSourceTask(lambda$start$0):126    errors.max.retries = 10"}}
{"type":"LOG","log":{"level":"INFO","message":"INFO i.d.c.c.BaseSourceTask(lambda$start$0):126    database.hostname = localhost"}}
{"type":"LOG","log":{"level":"INFO","message":"INFO i.d.c.c.BaseSourceTask(lambda$start$0):126    database.password = ********"}}
{"type":"LOG","log":{"level":"INFO","message":"INFO i.d.c.c.BaseSourceTask(lambda$start$0):126    value.converter.schemas.enable = false"}}
{"type":"LOG","log":{"level":"INFO","message":"INFO i.d.c.c.BaseSourceTask(lambda$start$0):126    name = db_goyflnakqr"}}
{"type":"LOG","log":{"level":"INFO","message":"INFO i.d.c.c.BaseSourceTask(lambda$start$0):126    max.batch.size = 2048"}}
{"type":"LOG","log":{"level":"INFO","message":"INFO i.d.c.c.BaseSourceTask(lambda$start$0):126    table.include.list = \\Qmodels_schema.models\\E"}}
{"type":"LOG","log":{"level":"INFO","message":"INFO i.d.c.c.BaseSourceTask(lambda$start$0):126    snapshot.mode = initial"}}
{"type":"LOG","log":{"level":"INFO","message":"INFO i.d.c.c.BaseSourceTask(startIfNeededAndPossible):243 Attempting to start task"}}
{"type":"LOG","log":{"level":"INFO","message":"INFO i.d.c.CommonConnectorConfig(getTopicNamingStrategy):849 Loading the custom topic naming strategy plugin: io.debezium.schema.SchemaTopicNamingStrategy"}}
{"type":"LOG","log":{"level":"INFO","message":"INFO i.d.j.JdbcConnection(lambda$doClose$4):947 Connection gracefully closed"}}
{"type":"LOG","log":{"level":"INFO","message":"INFO i.d.c.c.BaseSourceTask(getPreviousOffsets):370 Found previous partition offset PostgresPartition [sourcePartition={server=db_goyflnakqr}]: {transaction_id=null, lsn=23903320, txId=505, ts_usec=1684590445677573}"}}
{"type":"LOG","log":{"level":"INFO","message":"INFO i.d.c.p.PostgresConnectorTask(start):113 user 'test' connected to database 'db_goyflnakqr' on PostgreSQL 13.11 on x86_64-pc-linux-musl, compiled by gcc (Alpine 12.2.1_git20220924-r10) 12.2.1 20220924, 64-bit with roles:\n\trole 'pg_read_all_settings' [superuser: false, replication: false, inherit: true, create role: false, create db: false, can log in: false]\n\trole 'pg_stat_scan_tables' [superuser: false, replication: false, inherit: true, create role: false, create db: false, can log in: false]\n\trole 'pg_write_server_files' [superuser: false, replication: false, inherit: true, create role: false, create db: false, can log in: false]\n\trole 'test' [superuser: true, replication: true, inherit: true, create role: true, create db: true, can log in: true]\n\trole 'pg_monitor' [superuser: false, replication: false, inherit: true, create role: false, create db: false, can log in: false]\n\trole 'pg_read_server_files' [superuser: false, replication: false, inherit: true, create role: false, create db: false, can log in: false]\n\trole 'pg_execute_server_program' [superuser: false, replication: false, inherit: true, create role: false, create db: false, can log in: false]\n\trole 'pg_read_all_stats' [superuser: false, replication: false, inherit: true, create role: false, create db: false, can log in: false]\n\trole 'pg_signal_backend' [superuser: false, replication: false, inherit: true, create role: false, create db: false, can log in: false]"}}
{"type":"LOG","log":{"level":"INFO","message":"INFO i.d.c.p.c.PostgresConnection(readReplicationSlotInfo):264 Obtained valid replication slot ReplicationSlot [active=false, latestFlushedLsn=LSN{0/16CBC58}, catalogXmin=504]"}}
{"type":"LOG","log":{"level":"INFO","message":"INFO i.d.c.p.PostgresConnectorTask(start):127 Found previous offset PostgresOffsetContext [sourceInfoSchema=Schema{io.debezium.connector.postgresql.Source:STRUCT}, sourceInfo=source_info[server='db_goyflnakqr'db='db_goyflnakqr', lsn=LSN{0/16CBC58}, txId=505, timestamp=2023-05-20T13:47:25.677573Z, snapshot=FALSE, schema=, table=], lastSnapshotRecord=false, lastCompletelyProcessedLsn=null, lastCommitLsn=null, streamingStoppingLsn=null, transactionContext=TransactionContext [currentTransactionId=null, perTableEventCount={}, totalEventCount=0], incrementalSnapshotContext=IncrementalSnapshotContext [windowOpened=false, chunkEndPosition=null, dataCollectionsToSnapshot=[], lastEventKeySent=null, maximumKey=null]]"}}
{"type":"LOG","log":{"level":"INFO","message":"INFO i.d.u.Threads(threadFactory):270 Requested thread factory for connector PostgresConnector, id = db_goyflnakqr named = change-event-source-coordinator"}}
{"type":"LOG","log":{"level":"INFO","message":"INFO i.d.u.Threads$3(newThread):287 Creating thread debezium-postgresconnector-db_goyflnakqr-change-event-source-coordinator"}}
{"type":"LOG","log":{"level":"INFO","message":"INFO i.d.c.c.BaseSourceTask(startIfNeededAndPossible):245 Successfully started task"}}
{"type":"LOG","log":{"level":"INFO","message":"INFO i.d.p.ChangeEventSourceCoordinator(lambda$start$0):103 Metrics registered"}}
{"type":"LOG","log":{"level":"INFO","message":"INFO i.d.p.ChangeEventSourceCoordinator(lambda$start$0):106 Context created"}}
{"type":"LOG","log":{"level":"INFO","message":"INFO i.d.c.p.s.InitialSnapshotter(shouldSnapshot):42 Previous snapshot has completed successfully, streaming logical changes from last known position"}}
{"type":"LOG","log":{"level":"INFO","message":"INFO i.d.c.p.PostgresSnapshotChangeEventSource(getSnapshottingTask):68 According to the connector configuration no snapshot will be executed"}}
{"type":"LOG","log":{"level":"INFO","message":"INFO i.d.p.ChangeEventSourceCoordinator(doSnapshot):156 Snapshot ended with SnapshotResult [status=SKIPPED, offset=PostgresOffsetContext [sourceInfoSchema=Schema{io.debezium.connector.postgresql.Source:STRUCT}, sourceInfo=source_info[server='db_goyflnakqr'db='db_goyflnakqr', lsn=LSN{0/16CBC58}, txId=505, timestamp=2023-05-20T13:47:25.677573Z, snapshot=FALSE, schema=, table=], lastSnapshotRecord=false, lastCompletelyProcessedLsn=null, lastCommitLsn=null, streamingStoppingLsn=null, transactionContext=TransactionContext [currentTransactionId=null, perTableEventCount={}, totalEventCount=0], incrementalSnapshotContext=IncrementalSnapshotContext [windowOpened=false, chunkEndPosition=null, dataCollectionsToSnapshot=[], lastEventKeySent=null, maximumKey=null]]]"}}
{"type":"LOG","log":{"level":"INFO","message":"INFO i.d.p.ChangeEventSourceCoordinator(streamingConnected):240 Connected metrics set to 'true'"}}
{"type":"LOG","log":{"level":"INFO","message":"INFO i.d.c.p.PostgresSchema(printReplicaIdentityInfo):100 REPLICA IDENTITY for 'models_schema.models' is 'DEFAULT'; UPDATE and DELETE events will contain previous values only for PK columns"}}
{"type":"LOG","log":{"level":"INFO","message":"INFO i.d.p.ChangeEventSourceCoordinator(streamEvents):173 Starting streaming"}}
{"type":"LOG","log":{"level":"INFO","message":"INFO i.d.c.p.PostgresStreamingChangeEventSource(execute):136 Retrieved latest position from stored offset 'LSN{0/16CBC58}'"}}
{"type":"LOG","log":{"level":"INFO","message":"INFO i.d.c.p.c.WalPositionLocator(<init>):48 Looking for WAL restart position for last commit LSN 'null' and last change LSN 'LSN{0/16CBC58}'"}}
{"type":"LOG","log":{"level":"INFO","message":"INFO i.d.c.p.c.PostgresReplicationConnection(initPublication):147 Initializing PgOutput logical decoder publication"}}
{"type":"LOG","log":{"level":"INFO","message":"INFO i.d.c.p.c.PostgresConnection(readReplicationSlotInfo):264 Obtained valid replication slot ReplicationSlot [active=false, latestFlushedLsn=LSN{0/16CBC58}, catalogXmin=504]"}}
{"type":"LOG","log":{"level":"INFO","message":"INFO i.d.j.JdbcConnection(lambda$doClose$4):947 Connection gracefully closed"}}
{"type":"LOG","log":{"level":"INFO","message":"INFO i.d.u.Threads(threadFactory):270 Requested thread factory for connector PostgresConnector, id = db_goyflnakqr named = keep-alive"}}
{"type":"LOG","log":{"level":"INFO","message":"INFO i.d.u.Threads$3(newThread):287 Creating thread debezium-postgresconnector-db_goyflnakqr-keep-alive"}}
{"type":"LOG","log":{"level":"INFO","message":"INFO i.d.c.p.PostgresSchema(printReplicaIdentityInfo):100 REPLICA IDENTITY for 'models_schema.models' is 'DEFAULT'; UPDATE and DELETE events will contain previous values only for PK columns"}}
{"type":"LOG","log":{"level":"INFO","message":"INFO i.d.c.p.PostgresStreamingChangeEventSource(searchWalPosition):327 Searching for WAL resume position"}}
{"type":"LOG","log":{"level":"INFO","message":"INFO i.a.i.d.i.DebeziumRecordIterator(requestClose):208 No records were returned by Debezium in the timeout seconds 30, closing the engine and iterator"}}
{"type":"LOG","log":{"level":"INFO","message":"INFO i.d.e.EmbeddedEngine(stop):1146 Stopping the embedded engine"}}
{"type":"LOG","log":{"level":"INFO","message":"INFO i.d.e.EmbeddedEngine(stop):1153 Waiting for PT5M for connector to stop"}}
{"type":"LOG","log":{"level":"INFO","message":"INFO i.d.e.EmbeddedEngine(run):944 Stopping the task and engine"}}
{"type":"LOG","log":{"level":"INFO","message":"INFO i.d.c.c.BaseSourceTask(stop):278 Stopping down connector"}}
{"type":"LOG","log":{"level":"INFO","message":"INFO i.d.c.p.PostgresStreamingChangeEventSource(searchWalPosition):348 WAL resume position 'null' discovered"}}
{"type":"LOG","log":{"level":"INFO","message":"INFO i.d.j.JdbcConnection(lambda$doClose$4):947 Connection gracefully closed"}}
{"type":"LOG","log":{"level":"INFO","message":"INFO i.d.j.JdbcConnection(lambda$doClose$4):947 Connection gracefully closed"}}
{"type":"LOG","log":{"level":"INFO","message":"INFO i.d.c.p.c.PostgresReplicationConnection(initPublication):147 Initializing PgOutput logical decoder publication"}}
{"type":"LOG","log":{"level":"INFO","message":"INFO i.d.u.Threads(threadFactory):270 Requested thread factory for connector PostgresConnector, id = db_goyflnakqr named = keep-alive"}}
{"type":"LOG","log":{"level":"INFO","message":"INFO i.d.u.Threads$3(newThread):287 Creating thread debezium-postgresconnector-db_goyflnakqr-keep-alive"}}
{"type":"LOG","log":{"level":"INFO","message":"INFO i.d.c.p.PostgresStreamingChangeEventSource(processMessages):211 Processing messages"}}
{"type":"LOG","log":{"level":"INFO","message":"INFO i.d.j.JdbcConnection(lambda$doClose$4):947 Connection gracefully closed"}}
{"type":"LOG","log":{"level":"INFO","message":"INFO i.d.j.JdbcConnection(lambda$doClose$4):947 Connection gracefully closed"}}
{"type":"LOG","log":{"level":"INFO","message":"INFO i.d.p.ChangeEventSourceCoordinator(streamEvents):175 Finished streaming"}}
{"type":"LOG","log":{"level":"INFO","message":"INFO i.d.p.ChangeEventSourceCoordinator(streamingConnected):240 Connected metrics set to 'false'"}}
{"type":"LOG","log":{"level":"INFO","message":"INFO o.a.k.c.s.FileOffsetBackingStore(stop):66 Stopped FileOffsetBackingStore"}}
{"type":"LOG","log":{"level":"INFO","message":"INFO i.a.i.d.i.DebeziumRecordPublisher(lambda$start$1):73 Debezium engine shutdown."}}
{"type":"LOG","log":{"level":"INFO","message":"INFO i.a.i.d.i.DebeziumRecordPublisher(lambda$start$1):74 Connector 'io.debezium.connector.postgresql.PostgresConnector' completed normally."}}
{"type":"LOG","log":{"level":"INFO","message":"INFO i.a.i.d.i.DebeziumRecordIterator(computeNext):107 no record found. polling again."}}
{"type":"LOG","log":{"level":"INFO","message":"INFO i.a.i.s.p.PostgresCdcStateHandler(saveState):37 debezium state: {\"[\\\"db_goyflnakqr\\\",{\\\"server\\\":\\\"db_goyflnakqr\\\"}]\":\"{\\\"transaction_id\\\":null,\\\"lsn\\\":23903320,\\\"txId\\\":505,\\\"ts_usec\\\":1684590445677573}\"}"}}
{"type":"LOG","log":{"level":"INFO","message":"INFO i.a.i.s.r.AbstractDbSource(lambda$read$1):173 Closing database connection pool."}}
{"type":"LOG","log":{"level":"INFO","message":"INFO c.z.h.HikariDataSource(close):350 HikariPool-10 - Shutdown initiated..."}}
{"type":"LOG","log":{"level":"INFO","message":"INFO c.z.h.HikariDataSource(close):352 HikariPool-10 - Shutdown completed."}}
{"type":"LOG","log":{"level":"INFO","message":"INFO i.a.i.s.r.AbstractDbSource(lambda$read$1):175 Closed database connection pool."}}
{"type":"LOG","log":{"level":"INFO","message":"INFO o.t.c.GenericContainer(tryStart):376 Creating container for image: debezium/postgres:13-alpine"}}
{"type":"LOG","log":{"level":"INFO","message":"INFO o.t.c.GenericContainer(tryStart):440 Container debezium/postgres:13-alpine is starting: f5c6537248429836d0223765b159feec7b6776cdc4bb4857249f964a9f883249"}}
{"type":"LOG","log":{"level":"INFO","message":"INFO o.t.c.GenericContainer(tryStart):520 Container debezium/postgres:13-alpine started in PT5.571302S"}}
{"type":"LOG","log":{"level":"INFO","message":"INFO c.z.h.HikariDataSource(<init>):80 HikariPool-11 - Starting..."}}
{"type":"LOG","log":{"level":"INFO","message":"INFO c.z.h.HikariDataSource(<init>):82 HikariPool-11 - Start completed."}}
{"type":"LOG","log":{"level":"INFO","message":"INFO i.a.i.s.p.PostgresUtils(isCdc):53 using CDC: true"}}
{"type":"LOG","log":{"level":"INFO","message":"INFO c.z.h.HikariDataSource(<init>):80 HikariPool-12 - Starting..."}}
{"type":"LOG","log":{"level":"INFO","message":"INFO c.z.h.HikariDataSource(<init>):82 HikariPool-12 - Start completed."}}
{"type":"LOG","log":{"level":"INFO","message":"INFO i.a.i.s.p.PostgresUtils(isCdc):53 using CDC: true"}}
{"type":"LOG","log":{"level":"INFO","message":"INFO i.a.d.j.s.AdaptiveStreamingQueryConfig(initialize):31 Set initial fetch size: 10 rows"}}
{"type":"LOG","log":{"level":"INFO","message":"INFO i.a.i.s.p.PostgresCdcCatalogHelper(getPublicizedTables):119 For CDC, only tables in publication publication will be included in the sync: [models_schema.models, models_schema_random.models_random]"}}
{"type":"LOG","log":{"level":"INFO","message":"INFO i.a.i.s.p.PostgresUtils(isCdc):53 using CDC: true"}}
{"type":"LOG","log":{"level":"INFO","message":"INFO i.a.i.s.j.AbstractJdbcSource(lambda$getCheckOperations$1):138 Attempting to get metadata from the database to see if we can connect."}}
{"type":"LOG","log":{"level":"INFO","message":"INFO i.a.i.s.p.PostgresSource(lambda$getReplicationSlot$4):296 Attempting to find the named replication slot using the query: HikariProxyPreparedStatement@1259816781 wrapping SELECT * FROM pg_replication_slots WHERE slot_name = 'debezium_slot_db_wubiomrztc' AND plugin = 'pgoutput' AND database = 'db_wubiomrztc'"}}
{"type":"LOG","log":{"level":"INFO","message":"INFO i.a.d.j.s.AdaptiveStreamingQueryConfig(initialize):31 Set initial fetch size: 10 rows"}}
{"type":"LOG","log":{"level":"INFO","message":"INFO i.a.i.s.p.PostgresSource(lambda$getCheckOperations$6):328 Attempting to find the publication using the query: HikariProxyPreparedStatement@1889137816 wrapping SELECT * FROM pg_publication WHERE pubname = 'publication'"}}
{"type":"LOG","log":{"level":"INFO","message":"INFO i.a.d.j.s.AdaptiveStreamingQueryConfig(initialize):31 Set initial fetch size: 10 rows"}}
{"type":"LOG","log":{"level":"INFO","message":"INFO i.a.i.d.i.p.PostgresReplicationConnection(createConnection):44 Creating a replication connection."}}
{"type":"LOG","log":{"level":"INFO","message":"INFO i.a.i.d.i.p.PostgresReplicationConnection(createConnection):47 Validating replication connection."}}
{"type":"LOG","log":{"level":"INFO","message":"INFO c.z.h.HikariDataSource(close):350 HikariPool-12 - Shutdown initiated..."}}
{"type":"LOG","log":{"level":"INFO","message":"INFO c.z.h.HikariDataSource(close):352 HikariPool-12 - Shutdown completed."}}
{"type":"LOG","log":{"level":"INFO","message":"INFO o.t.c.GenericContainer(tryStart):376 Creating container for image: debezium/postgres:13-alpine"}}
{"type":"LOG","log":{"level":"INFO","message":"INFO o.t.c.GenericContainer(tryStart):440 Container debezium/postgres:13-alpine is starting: 22a948dfbf44fc76657aa2919c09c1174148470a4b8417519020711baa494d33"}}
{"type":"LOG","log":{"level":"INFO","message":"INFO o.t.c.GenericContainer(tryStart):520 Container debezium/postgres:13-alpine started in PT6.193238S"}}
{"type":"LOG","log":{"level":"INFO","message":"INFO c.z.h.HikariDataSource(<init>):80 HikariPool-13 - Starting..."}}
{"type":"LOG","log":{"level":"INFO","message":"INFO c.z.h.HikariDataSource(<init>):82 HikariPool-13 - Start completed."}}
{"type":"LOG","log":{"level":"INFO","message":"INFO i.a.i.s.p.PostgresUtils(isCdc):53 using CDC: true"}}
{"type":"LOG","log":{"level":"INFO","message":"INFO i.a.i.s.r.s.StateManagerFactory(createStateManager):51 Global state manager selected to manage state object with type GLOBAL."}}
{"type":"LOG","log":{"level":"INFO","message":"INFO i.a.i.s.r.s.CursorManager(createCursorInfoForStream):182 No cursor field set in catalog but not present in state. Stream: models_schema_models, New Cursor Field: null. Resetting cursor value"}}
{"type":"LOG","log":{"level":"INFO","message":"INFO i.a.i.s.r.s.CursorManager(createCursorInfoForStream):182 No cursor field set in catalog but not present in state. Stream: models_schema_models_2, New Cursor Field: null. Resetting cursor value"}}
{"type":"LOG","log":{"level":"INFO","message":"INFO i.a.i.s.r.CdcStateManager(<init>):29 Initialized CDC state with: io.airbyte.integrations.source.relationaldb.models.CdcState@25cc6b0[state=<null>,additionalProperties={}]"}}
{"type":"LOG","log":{"level":"INFO","message":"INFO c.z.h.HikariDataSource(<init>):80 HikariPool-14 - Starting..."}}
{"type":"LOG","log":{"level":"INFO","message":"INFO c.z.h.HikariDataSource(<init>):82 HikariPool-14 - Start completed."}}
{"type":"LOG","log":{"level":"INFO","message":"INFO i.a.i.s.p.PostgresUtils(isCdc):53 using CDC: true"}}
{"type":"LOG","log":{"level":"INFO","message":"INFO i.a.d.j.s.AdaptiveStreamingQueryConfig(initialize):31 Set initial fetch size: 10 rows"}}
{"type":"LOG","log":{"level":"INFO","message":"INFO i.a.i.s.p.PostgresCdcCatalogHelper(getPublicizedTables):119 For CDC, only tables in publication publication will be included in the sync: [models_schema.models, models_schema.models_2, models_schema_random.models_random]"}}
{"type":"LOG","log":{"level":"INFO","message":"INFO i.a.i.s.j.AbstractJdbcSource(logPreSyncDebugData):450 Data source product recognized as PostgreSQL:13.11"}}
{"type":"LOG","log":{"level":"INFO","message":"INFO i.a.i.s.p.PostgresSource(logPreSyncDebugData):221 Discovering indexes for schema \"models_schema\", table \"models\""}}
{"type":"LOG","log":{"level":"INFO","message":"INFO i.a.i.s.p.PostgresSource(logPreSyncDebugData):223 Index name: models_pkey, Column: id, Unique: true"}}
{"type":"LOG","log":{"level":"INFO","message":"INFO i.a.i.s.p.PostgresSource(logPreSyncDebugData):221 Discovering indexes for schema \"models_schema\", table \"models_2\""}}
{"type":"LOG","log":{"level":"INFO","message":"INFO i.a.i.s.p.PostgresSource(logPreSyncDebugData):223 Index name: models_2_pkey, Column: id, Unique: true"}}
{"type":"LOG","log":{"level":"INFO","message":"INFO i.a.i.s.p.PostgresQueryUtils(logXminStatus):77 Xmin Status : {Number of wraparounds: 0, Xmin Transaction Value: 512, Xmin Raw Value: 512"}}
{"type":"LOG","log":{"level":"INFO","message":"INFO i.a.i.s.j.AbstractJdbcSource(discoverInternal):166 Internal schemas to exclude: [catalog_history, information_schema, pg_catalog, pg_internal]"}}
{"type":"LOG","log":{"level":"INFO","message":"INFO i.a.d.j.s.AdaptiveStreamingQueryConfig(initialize):31 Set initial fetch size: 10 rows"}}
{"type":"LOG","log":{"level":"INFO","message":"INFO i.a.i.s.j.AbstractJdbcSource(discoverInternal):166 Internal schemas to exclude: [catalog_history, information_schema, pg_catalog, pg_internal]"}}
{"type":"LOG","log":{"level":"INFO","message":"INFO i.a.d.j.s.AdaptiveStreamingQueryConfig(initialize):31 Set initial fetch size: 10 rows"}}
{"type":"LOG","log":{"level":"INFO","message":"INFO i.a.i.s.p.PostgresUtils(isCdc):53 using CDC: true"}}
{"type":"LOG","log":{"level":"INFO","message":"INFO i.a.i.s.p.PostgresUtils(getFirstRecordWaitTime):111 First record waiting time: 30 seconds"}}
{"type":"LOG","log":{"level":"INFO","message":"INFO i.a.i.s.p.PostgresSource(getIncrementalIterators):369 First record waiting time: 30 seconds"}}
{"type":"LOG","log":{"level":"INFO","message":"INFO i.a.i.s.p.PostgresUtils(shouldFlushAfterSync):61 Should flush after sync: true"}}
{"type":"LOG","log":{"level":"INFO","message":"INFO o.a.k.c.c.AbstractConfig(logAll):376 StandaloneConfig values: \n\taccess.control.allow.methods = \n\taccess.control.allow.origin = \n\tadmin.listeners = null\n\tauto.include.jmx.reporter = true\n\tbootstrap.servers = [localhost:9092]\n\tclient.dns.lookup = use_all_dns_ips\n\tconfig.providers = []\n\tconnector.client.config.override.policy = All\n\theader.converter = class org.apache.kafka.connect.storage.SimpleHeaderConverter\n\tkey.converter = class org.apache.kafka.connect.json.JsonConverter\n\tlisteners = [http://:8083]\n\tmetric.reporters = []\n\tmetrics.num.samples = 2\n\tmetrics.recording.level = INFO\n\tmetrics.sample.window.ms = 30000\n\toffset.flush.interval.ms = 1000\n\toffset.flush.timeout.ms = 5000\n\toffset.storage.file.filename = /tmp/cdc-state-offset1539261705899524558/offset.dat\n\tplugin.path = null\n\tresponse.http.headers.config = \n\trest.advertised.host.name = null\n\trest.advertised.listener = null\n\trest.advertised.port = null\n\trest.extension.classes = []\n\tssl.cipher.suites = null\n\tssl.client.auth = none\n\tssl.enabled.protocols = [TLSv1.2, TLSv1.3]\n\tssl.endpoint.identification.algorithm = https\n\tssl.engine.factory.class = null\n\tssl.key.password = null\n\tssl.keymanager.algorithm = SunX509\n\tssl.keystore.certificate.chain = null\n\tssl.keystore.key = null\n\tssl.keystore.location = null\n\tssl.keystore.password = null\n\tssl.keystore.type = JKS\n\tssl.protocol = TLSv1.3\n\tssl.provider = null\n\tssl.secure.random.implementation = null\n\tssl.trustmanager.algorithm = PKIX\n\tssl.truststore.certificates = null\n\tssl.truststore.location = null\n\tssl.truststore.password = null\n\tssl.truststore.type = JKS\n\ttask.shutdown.graceful.timeout.ms = 5000\n\ttopic.creation.enable = true\n\ttopic.tracking.allow.reset = true\n\ttopic.tracking.enable = true\n\tvalue.converter = class org.apache.kafka.connect.json.JsonConverter\n"}}
{"type":"LOG","log":{"level":"WARN","message":"WARN o.a.k.c.r.WorkerConfig(logPluginPathConfigProviderWarning):379 Variables cannot be used in the 'plugin.path' property, since the property is used by plugin scanning before the config providers that replace the variables are initialized. The raw value 'null' was used for plugin scanning, as opposed to the transformed value 'null', and this may cause unexpected results."}}
{"type":"LOG","log":{"level":"INFO","message":"INFO o.a.k.c.s.FileOffsetBackingStore(start):58 Starting FileOffsetBackingStore with file /tmp/cdc-state-offset1539261705899524558/offset.dat"}}
{"type":"LOG","log":{"level":"INFO","message":"INFO o.a.k.c.c.AbstractConfig(logAll):376 JsonConverterConfig values: \n\tconverter.type = key\n\tdecimal.format = BASE64\n\tschemas.cache.size = 1000\n\tschemas.enable = false\n"}}
{"type":"LOG","log":{"level":"INFO","message":"INFO o.a.k.c.c.AbstractConfig(logAll):376 JsonConverterConfig values: \n\tconverter.type = value\n\tdecimal.format = BASE64\n\tschemas.cache.size = 1000\n\tschemas.enable = false\n"}}
{"type":"LOG","log":{"level":"INFO","message":"INFO i.a.i.d.i.p.PostgresDebeziumStateUtil(extractLsn):206 No previous offsets found"}}
{"type":"LOG","log":{"level":"INFO","message":"INFO i.a.i.d.i.p.PostgresDebeziumStateUtil(parseSavedOffset):181 Closing offsetStorageReader and fileOffsetBackingStore"}}
{"type":"LOG","log":{"level":"INFO","message":"INFO o.a.k.c.s.FileOffsetBackingStore(stop):66 Stopped FileOffsetBackingStore"}}
{"type":"LOG","log":{"level":"INFO","message":"INFO i.a.i.s.p.PostgresSource(lambda$getReplicationSlot$4):296 Attempting to find the named replication slot using the query: HikariProxyPreparedStatement@936120380 wrapping SELECT * FROM pg_replication_slots WHERE slot_name = 'debezium_slot_db_dtzldmyvqv' AND plugin = 'pgoutput' AND database = 'db_dtzldmyvqv'"}}
{"type":"LOG","log":{"level":"INFO","message":"INFO i.a.d.j.s.AdaptiveStreamingQueryConfig(initialize):31 Set initial fetch size: 10 rows"}}
{"type":"LOG","log":{"level":"INFO","message":"INFO i.a.i.s.p.PostgresUtils(shouldFlushAfterSync):61 Should flush after sync: true"}}
{"type":"LOG","log":{"level":"INFO","message":"INFO i.a.i.d.i.p.PostgresCdcTargetPosition(targetPosition):49 identified target lsn: PgLsn{lsn=23919344}"}}
{"type":"LOG","log":{"level":"INFO","message":"INFO i.a.i.s.p.PostgresUtils(shouldFlushAfterSync):61 Should flush after sync: true"}}
{"type":"LOG","log":{"level":"INFO","message":"INFO i.a.i.d.AirbyteDebeziumHandler(getIncrementalIterators):95 Using CDC: true"}}
{"type":"LOG","log":{"level":"INFO","message":"INFO o.a.k.c.c.AbstractConfig(logAll):376 JsonConverterConfig values: \n\tconverter.type = key\n\tdecimal.format = BASE64\n\tschemas.cache.size = 1000\n\tschemas.enable = false\n"}}
{"type":"LOG","log":{"level":"INFO","message":"INFO o.a.k.c.c.AbstractConfig(logAll):376 JsonConverterConfig values: \n\tconverter.type = value\n\tdecimal.format = BASE64\n\tschemas.cache.size = 1000\n\tschemas.enable = false\n"}}
{"type":"LOG","log":{"level":"INFO","message":"INFO o.a.k.c.c.AbstractConfig(logAll):376 EmbeddedConfig values: \n\taccess.control.allow.methods = \n\taccess.control.allow.origin = \n\tadmin.listeners = null\n\tauto.include.jmx.reporter = true\n\tbootstrap.servers = [localhost:9092]\n\tclient.dns.lookup = use_all_dns_ips\n\tconfig.providers = []\n\tconnector.client.config.override.policy = All\n\theader.converter = class org.apache.kafka.connect.storage.SimpleHeaderConverter\n\tkey.converter = class org.apache.kafka.connect.json.JsonConverter\n\tlisteners = [http://:8083]\n\tmetric.reporters = []\n\tmetrics.num.samples = 2\n\tmetrics.recording.level = INFO\n\tmetrics.sample.window.ms = 30000\n\toffset.flush.interval.ms = 1000\n\toffset.flush.timeout.ms = 5000\n\toffset.storage.file.filename = /tmp/cdc-state-offset5099729614159245571/offset.dat\n\toffset.storage.partitions = null\n\toffset.storage.replication.factor = null\n\toffset.storage.topic = \n\tplugin.path = null\n\tresponse.http.headers.config = \n\trest.advertised.host.name = null\n\trest.advertised.listener = null\n\trest.advertised.port = null\n\trest.extension.classes = []\n\tssl.cipher.suites = null\n\tssl.client.auth = none\n\tssl.enabled.protocols = [TLSv1.2, TLSv1.3]\n\tssl.endpoint.identification.algorithm = https\n\tssl.engine.factory.class = null\n\tssl.key.password = null\n\tssl.keymanager.algorithm = SunX509\n\tssl.keystore.certificate.chain = null\n\tssl.keystore.key = null\n\tssl.keystore.location = null\n\tssl.keystore.password = null\n\tssl.keystore.type = JKS\n\tssl.protocol = TLSv1.3\n\tssl.provider = null\n\tssl.secure.random.implementation = null\n\tssl.trustmanager.algorithm = PKIX\n\tssl.truststore.certificates = null\n\tssl.truststore.location = null\n\tssl.truststore.password = null\n\tssl.truststore.type = JKS\n\ttask.shutdown.graceful.timeout.ms = 5000\n\ttopic.creation.enable = true\n\ttopic.tracking.allow.reset = true\n\ttopic.tracking.enable = true\n\tvalue.converter = class org.apache.kafka.connect.json.JsonConverter\n"}}
{"type":"LOG","log":{"level":"WARN","message":"WARN o.a.k.c.r.WorkerConfig(logPluginPathConfigProviderWarning):379 Variables cannot be used in the 'plugin.path' property, since the property is used by plugin scanning before the config providers that replace the variables are initialized. The raw value 'null' was used for plugin scanning, as opposed to the transformed value 'null', and this may cause unexpected results."}}
{"type":"LOG","log":{"level":"INFO","message":"INFO o.a.k.c.c.AbstractConfig(logAll):376 JsonConverterConfig values: \n\tconverter.type = key\n\tdecimal.format = BASE64\n\tschemas.cache.size = 1000\n\tschemas.enable = false\n"}}
{"type":"LOG","log":{"level":"INFO","message":"INFO o.a.k.c.c.AbstractConfig(logAll):376 JsonConverterConfig values: \n\tconverter.type = value\n\tdecimal.format = BASE64\n\tschemas.cache.size = 1000\n\tschemas.enable = false\n"}}
{"type":"LOG","log":{"level":"WARN","message":"WARN i.d.c.p.PostgresConnectorConfig(validateFlushLsnSource):1070 Property 'flush.lsn.source' is set to 'false', the LSN will not be flushed to the database source and WAL logs will not be cleared. User is expected to handle this outside Debezium."}}
{"type":"LOG","log":{"level":"INFO","message":"INFO i.a.i.s.j.AbstractJdbcSource(queryTableFullRefresh):112 Queueing query for table: models_2"}}
{"type":"LOG","log":{"level":"INFO","message":"INFO i.d.c.p.PostgresConnector(testConnection):154 Successfully tested connection for jdbc:postgresql://localhost:55981/db_dtzldmyvqv with user 'test'"}}
{"type":"LOG","log":{"level":"INFO","message":"INFO i.d.j.JdbcConnection(lambda$doClose$4):947 Connection gracefully closed"}}
{"type":"LOG","log":{"level":"INFO","message":"INFO o.a.k.c.s.FileOffsetBackingStore(start):58 Starting FileOffsetBackingStore with file /tmp/cdc-state-offset5099729614159245571/offset.dat"}}
{"type":"LOG","log":{"level":"WARN","message":"WARN i.d.c.p.PostgresConnectorConfig(validateFlushLsnSource):1070 Property 'flush.lsn.source' is set to 'false', the LSN will not be flushed to the database source and WAL logs will not be cleared. User is expected to handle this outside Debezium."}}
{"type":"LOG","log":{"level":"INFO","message":"INFO i.d.c.c.BaseSourceTask(start):124 Starting PostgresConnectorTask with configuration:"}}
{"type":"LOG","log":{"level":"INFO","message":"INFO i.d.c.c.BaseSourceTask(lambda$start$0):126    connector.class = io.debezium.connector.postgresql.PostgresConnector"}}
{"type":"LOG","log":{"level":"INFO","message":"INFO i.d.c.c.BaseSourceTask(lambda$start$0):126    max.queue.size = 8192"}}
{"type":"LOG","log":{"level":"INFO","message":"INFO i.d.c.c.BaseSourceTask(lambda$start$0):126    slot.name = debezium_slot_db_dtzldmyvqv"}}
{"type":"LOG","log":{"level":"INFO","message":"INFO i.d.c.c.BaseSourceTask(lambda$start$0):126    publication.name = publication"}}
{"type":"LOG","log":{"level":"INFO","message":"INFO i.d.c.c.BaseSourceTask(lambda$start$0):126    topic.prefix = db_dtzldmyvqv"}}
{"type":"LOG","log":{"level":"INFO","message":"INFO i.d.c.c.BaseSourceTask(lambda$start$0):126    offset.storage.file.filename = /tmp/cdc-state-offset5099729614159245571/offset.dat"}}
{"type":"LOG","log":{"level":"INFO","message":"INFO i.d.c.c.BaseSourceTask(lambda$start$0):126    decimal.handling.mode = string"}}
{"type":"LOG","log":{"level":"INFO","message":"INFO i.d.c.c.BaseSourceTask(lambda$start$0):126    flush.lsn.source = false"}}
{"type":"LOG","log":{"level":"INFO","message":"INFO i.d.c.c.BaseSourceTask(lambda$start$0):126    converters = datetime"}}
{"type":"LOG","log":{"level":"INFO","message":"INFO i.d.c.c.BaseSourceTask(lambda$start$0):126    errors.retry.delay.initial.ms = 299"}}
{"type":"LOG","log":{"level":"INFO","message":"INFO i.d.c.c.BaseSourceTask(lambda$start$0):126    datetime.type = io.airbyte.integrations.debezium.internals.postgres.PostgresConverter"}}
{"type":"LOG","log":{"level":"INFO","message":"INFO i.d.c.c.BaseSourceTask(lambda$start$0):126    value.converter = org.apache.kafka.connect.json.JsonConverter"}}
{"type":"LOG","log":{"level":"INFO","message":"INFO i.d.c.c.BaseSourceTask(lambda$start$0):126    key.converter = org.apache.kafka.connect.json.JsonConverter"}}
{"type":"LOG","log":{"level":"INFO","message":"INFO i.d.c.c.BaseSourceTask(lambda$start$0):126    publication.autocreate.mode = disabled"}}
{"type":"LOG","log":{"level":"INFO","message":"INFO i.d.c.c.BaseSourceTask(lambda$start$0):126    database.user = test"}}
{"type":"LOG","log":{"level":"INFO","message":"INFO i.d.c.c.BaseSourceTask(lambda$start$0):126    database.dbname = db_dtzldmyvqv"}}
{"type":"LOG","log":{"level":"INFO","message":"INFO i.d.c.c.BaseSourceTask(lambda$start$0):126    offset.storage = org.apache.kafka.connect.storage.FileOffsetBackingStore"}}
{"type":"LOG","log":{"level":"INFO","message":"INFO i.d.c.c.BaseSourceTask(lambda$start$0):126    errors.retry.delay.max.ms = 300"}}
{"type":"LOG","log":{"level":"INFO","message":"INFO i.d.c.c.BaseSourceTask(lambda$start$0):126    offset.flush.timeout.ms = 5000"}}
{"type":"LOG","log":{"level":"INFO","message":"INFO i.d.c.c.BaseSourceTask(lambda$start$0):126    heartbeat.interval.ms = 10000"}}
{"type":"LOG","log":{"level":"INFO","message":"INFO i.d.c.c.BaseSourceTask(lambda$start$0):126    column.include.list = \\Qmodels_schema.models\\E\\.(\\Qmodel\\E|\\Qid\\E|\\Qmake_id\\E)"}}
{"type":"LOG","log":{"level":"INFO","message":"INFO i.d.c.c.BaseSourceTask(lambda$start$0):126    plugin.name = pgoutput"}}
{"type":"LOG","log":{"level":"INFO","message":"INFO i.d.c.c.BaseSourceTask(lambda$start$0):126    database.port = 55981"}}
{"type":"LOG","log":{"level":"INFO","message":"INFO i.d.c.c.BaseSourceTask(lambda$start$0):126    offset.flush.interval.ms = 1000"}}
{"type":"LOG","log":{"level":"INFO","message":"INFO i.d.c.c.BaseSourceTask(lambda$start$0):126    key.converter.schemas.enable = false"}}
{"type":"LOG","log":{"level":"INFO","message":"INFO i.d.c.c.BaseSourceTask(lambda$start$0):126    include.unknown.datatypes = true"}}
{"type":"LOG","log":{"level":"INFO","message":"INFO i.d.c.c.BaseSourceTask(lambda$start$0):126    errors.max.retries = 10"}}
{"type":"LOG","log":{"level":"INFO","message":"INFO i.d.c.c.BaseSourceTask(lambda$start$0):126    database.hostname = localhost"}}
{"type":"LOG","log":{"level":"INFO","message":"INFO i.d.c.c.BaseSourceTask(lambda$start$0):126    database.password = ********"}}
{"type":"LOG","log":{"level":"INFO","message":"INFO i.d.c.c.BaseSourceTask(lambda$start$0):126    value.converter.schemas.enable = false"}}
{"type":"LOG","log":{"level":"INFO","message":"INFO i.d.c.c.BaseSourceTask(lambda$start$0):126    name = db_dtzldmyvqv"}}
{"type":"LOG","log":{"level":"INFO","message":"INFO i.d.c.c.BaseSourceTask(lambda$start$0):126    max.batch.size = 2048"}}
{"type":"LOG","log":{"level":"INFO","message":"INFO i.d.c.c.BaseSourceTask(lambda$start$0):126    table.include.list = \\Qmodels_schema.models\\E"}}
{"type":"LOG","log":{"level":"INFO","message":"INFO i.d.c.c.BaseSourceTask(lambda$start$0):126    snapshot.mode = initial"}}
{"type":"LOG","log":{"level":"INFO","message":"INFO i.d.c.c.BaseSourceTask(startIfNeededAndPossible):243 Attempting to start task"}}
{"type":"LOG","log":{"level":"INFO","message":"INFO i.d.c.CommonConnectorConfig(getTopicNamingStrategy):849 Loading the custom topic naming strategy plugin: io.debezium.schema.SchemaTopicNamingStrategy"}}
{"type":"LOG","log":{"level":"INFO","message":"INFO i.d.j.JdbcConnection(lambda$doClose$4):947 Connection gracefully closed"}}
{"type":"LOG","log":{"level":"INFO","message":"INFO i.d.c.c.BaseSourceTask(getPreviousOffsets):375 No previous offsets found"}}
{"type":"LOG","log":{"level":"INFO","message":"INFO i.d.c.p.PostgresConnectorTask(start):113 user 'test' connected to database 'db_dtzldmyvqv' on PostgreSQL 13.11 on x86_64-pc-linux-musl, compiled by gcc (Alpine 12.2.1_git20220924-r10) 12.2.1 20220924, 64-bit with roles:\n\trole 'pg_read_all_settings' [superuser: false, replication: false, inherit: true, create role: false, create db: false, can log in: false]\n\trole 'pg_stat_scan_tables' [superuser: false, replication: false, inherit: true, create role: false, create db: false, can log in: false]\n\trole 'pg_write_server_files' [superuser: false, replication: false, inherit: true, create role: false, create db: false, can log in: false]\n\trole 'test' [superuser: true, replication: true, inherit: true, create role: true, create db: true, can log in: true]\n\trole 'pg_monitor' [superuser: false, replication: false, inherit: true, create role: false, create db: false, can log in: false]\n\trole 'pg_read_server_files' [superuser: false, replication: false, inherit: true, create role: false, create db: false, can log in: false]\n\trole 'pg_execute_server_program' [superuser: false, replication: false, inherit: true, create role: false, create db: false, can log in: false]\n\trole 'pg_read_all_stats' [superuser: false, replication: false, inherit: true, create role: false, create db: false, can log in: false]\n\trole 'pg_signal_backend' [superuser: false, replication: false, inherit: true, create role: false, create db: false, can log in: false]"}}
{"type":"LOG","log":{"level":"INFO","message":"INFO i.d.c.p.c.PostgresConnection(readReplicationSlotInfo):264 Obtained valid replication slot ReplicationSlot [active=false, latestFlushedLsn=LSN{0/16CB9D0}, catalogXmin=504]"}}
{"type":"LOG","log":{"level":"INFO","message":"INFO i.d.c.p.PostgresConnectorTask(start):122 No previous offset found"}}
{"type":"LOG","log":{"level":"INFO","message":"INFO i.d.u.Threads(threadFactory):270 Requested thread factory for connector PostgresConnector, id = db_dtzldmyvqv named = change-event-source-coordinator"}}
{"type":"LOG","log":{"level":"INFO","message":"INFO i.d.u.Threads$3(newThread):287 Creating thread debezium-postgresconnector-db_dtzldmyvqv-change-event-source-coordinator"}}
{"type":"LOG","log":{"level":"INFO","message":"INFO i.d.c.c.BaseSourceTask(startIfNeededAndPossible):245 Successfully started task"}}
{"type":"LOG","log":{"level":"INFO","message":"INFO i.d.p.ChangeEventSourceCoordinator(lambda$start$0):103 Metrics registered"}}
{"type":"LOG","log":{"level":"INFO","message":"INFO i.d.p.ChangeEventSourceCoordinator(lambda$start$0):106 Context created"}}
{"type":"LOG","log":{"level":"INFO","message":"INFO i.d.c.p.s.InitialSnapshotter(shouldSnapshot):34 Taking initial snapshot for new datasource"}}
{"type":"LOG","log":{"level":"INFO","message":"INFO i.d.c.p.PostgresSnapshotChangeEventSource(getSnapshottingTask):65 According to the connector configuration data will be snapshotted"}}
{"type":"LOG","log":{"level":"INFO","message":"INFO i.d.r.RelationalSnapshotChangeEventSource(doExecute):110 Snapshot step 1 - Preparing"}}
{"type":"LOG","log":{"level":"INFO","message":"INFO i.d.r.RelationalSnapshotChangeEventSource(doExecute):119 Snapshot step 2 - Determining captured tables"}}
{"type":"LOG","log":{"level":"INFO","message":"INFO i.d.r.RelationalSnapshotChangeEventSource(determineCapturedTables):267 Adding table models_schema.models to the list of capture schema tables"}}
{"type":"LOG","log":{"level":"INFO","message":"INFO i.d.r.RelationalSnapshotChangeEventSource(determineCapturedTables):267 Adding table models_schema_random.models_random to the list of capture schema tables"}}
{"type":"LOG","log":{"level":"INFO","message":"INFO i.d.r.RelationalSnapshotChangeEventSource(determineCapturedTables):267 Adding table models_schema.models_2 to the list of capture schema tables"}}
{"type":"LOG","log":{"level":"INFO","message":"INFO i.d.r.RelationalSnapshotChangeEventSource(doExecute):126 Snapshot step 3 - Locking captured tables [models_schema.models]"}}
{"type":"LOG","log":{"level":"INFO","message":"INFO i.d.r.RelationalSnapshotChangeEventSource(doExecute):132 Snapshot step 4 - Determining snapshot offset"}}
{"type":"LOG","log":{"level":"INFO","message":"INFO i.d.c.p.PostgresOffsetContext(initialContext):233 Creating initial offset context"}}
{"type":"LOG","log":{"level":"INFO","message":"INFO i.d.c.p.PostgresOffsetContext(initialContext):236 Read xlogStart at 'LSN{0/16CFAF0}' from transaction '512'"}}
{"type":"LOG","log":{"level":"INFO","message":"INFO i.d.c.p.PostgresSnapshotChangeEventSource(updateOffsetForSnapshot):147 Read xlogStart at 'LSN{0/16CFAF0}' from transaction '512'"}}
{"type":"LOG","log":{"level":"INFO","message":"INFO i.d.r.RelationalSnapshotChangeEventSource(doExecute):135 Snapshot step 5 - Reading structure of captured tables"}}
{"type":"LOG","log":{"level":"INFO","message":"INFO i.d.c.p.PostgresSnapshotChangeEventSource(readTableStructure):193 Reading structure of schema 'models_schema' of catalog 'db_dtzldmyvqv'"}}
{"type":"LOG","log":{"level":"INFO","message":"INFO i.d.r.RelationalSnapshotChangeEventSource(doExecute):139 Snapshot step 5.a - Creating connection pool"}}
{"type":"LOG","log":{"level":"INFO","message":"INFO i.d.r.RelationalSnapshotChangeEventSource(createConnectionPool):213 Created connection pool with 1 threads"}}
{"type":"LOG","log":{"level":"INFO","message":"INFO i.d.r.RelationalSnapshotChangeEventSource(doExecute):144 Snapshot step 6 - Persisting schema history"}}
{"type":"LOG","log":{"level":"INFO","message":"INFO i.d.r.RelationalSnapshotChangeEventSource(doExecute):156 Snapshot step 7 - Snapshotting data"}}
{"type":"LOG","log":{"level":"INFO","message":"INFO i.d.r.RelationalSnapshotChangeEventSource(createDataEvents):390 Creating snapshot worker pool with 1 worker thread(s)"}}
{"type":"LOG","log":{"level":"INFO","message":"INFO i.d.r.RelationalSnapshotChangeEventSource(createDataEvents):399 For table 'models_schema.models' using select statement: 'SELECT \"id\", \"make_id\", \"model\" FROM \"models_schema\".\"models\"'"}}
{"type":"LOG","log":{"level":"INFO","message":"INFO i.d.r.RelationalSnapshotChangeEventSource(doCreateDataEventsForTable):513 Exporting data from table 'models_schema.models' (1 of 1 tables)"}}
{"type":"LOG","log":{"level":"INFO","message":"INFO i.d.r.RelationalSnapshotChangeEventSource(doCreateDataEventsForTable):559 \t Finished exporting 6 records for table 'models_schema.models' (1 of 1 tables); total duration '00:00:00.012'"}}
{"type":"LOG","log":{"level":"INFO","message":"INFO i.d.p.s.AbstractSnapshotChangeEventSource(execute):88 Snapshot - Final stage"}}
{"type":"LOG","log":{"level":"INFO","message":"INFO i.d.p.s.AbstractSnapshotChangeEventSource(execute):92 Snapshot completed"}}
{"type":"LOG","log":{"level":"INFO","message":"INFO i.d.p.ChangeEventSourceCoordinator(doSnapshot):156 Snapshot ended with SnapshotResult [status=COMPLETED, offset=PostgresOffsetContext [sourceInfoSchema=Schema{io.debezium.connector.postgresql.Source:STRUCT}, sourceInfo=source_info[server='db_dtzldmyvqv'db='db_dtzldmyvqv', lsn=LSN{0/16CFAF0}, txId=512, timestamp=2023-05-20T13:48:36.361755Z, snapshot=FALSE, schema=models_schema, table=models], lastSnapshotRecord=true, lastCompletelyProcessedLsn=null, lastCommitLsn=null, streamingStoppingLsn=null, transactionContext=TransactionContext [currentTransactionId=null, perTableEventCount={}, totalEventCount=0], incrementalSnapshotContext=IncrementalSnapshotContext [windowOpened=false, chunkEndPosition=null, dataCollectionsToSnapshot=[], lastEventKeySent=null, maximumKey=null]]]"}}
{"type":"LOG","log":{"level":"INFO","message":"INFO i.d.p.ChangeEventSourceCoordinator(streamingConnected):240 Connected metrics set to 'true'"}}
{"type":"LOG","log":{"level":"INFO","message":"INFO i.d.c.p.PostgresSchema(printReplicaIdentityInfo):100 REPLICA IDENTITY for 'models_schema.models' is 'DEFAULT'; UPDATE and DELETE events will contain previous values only for PK columns"}}
{"type":"LOG","log":{"level":"INFO","message":"INFO i.d.p.ChangeEventSourceCoordinator(streamEvents):173 Starting streaming"}}
{"type":"LOG","log":{"level":"INFO","message":"INFO i.d.c.p.PostgresStreamingChangeEventSource(execute):136 Retrieved latest position from stored offset 'LSN{0/16CFAF0}'"}}
{"type":"LOG","log":{"level":"INFO","message":"INFO i.d.c.p.c.WalPositionLocator(<init>):48 Looking for WAL restart position for last commit LSN 'null' and last change LSN 'LSN{0/16CFAF0}'"}}
{"type":"LOG","log":{"level":"INFO","message":"INFO i.d.c.p.c.PostgresReplicationConnection(initPublication):147 Initializing PgOutput logical decoder publication"}}
{"type":"LOG","log":{"level":"INFO","message":"INFO i.d.c.p.c.PostgresConnection(readReplicationSlotInfo):264 Obtained valid replication slot ReplicationSlot [active=false, latestFlushedLsn=LSN{0/16CB9D0}, catalogXmin=504]"}}
{"type":"LOG","log":{"level":"INFO","message":"INFO i.d.j.JdbcConnection(lambda$doClose$4):947 Connection gracefully closed"}}
{"type":"LOG","log":{"level":"INFO","message":"INFO i.d.u.Threads(threadFactory):270 Requested thread factory for connector PostgresConnector, id = db_dtzldmyvqv named = keep-alive"}}
{"type":"LOG","log":{"level":"INFO","message":"INFO i.d.u.Threads$3(newThread):287 Creating thread debezium-postgresconnector-db_dtzldmyvqv-keep-alive"}}
{"type":"LOG","log":{"level":"INFO","message":"INFO i.d.c.p.PostgresSchema(printReplicaIdentityInfo):100 REPLICA IDENTITY for 'models_schema.models' is 'DEFAULT'; UPDATE and DELETE events will contain previous values only for PK columns"}}
{"type":"LOG","log":{"level":"INFO","message":"INFO i.d.c.p.PostgresStreamingChangeEventSource(searchWalPosition):327 Searching for WAL resume position"}}
{"type":"LOG","log":{"level":"INFO","message":"INFO i.a.i.d.i.p.PostgresCdcTargetPosition(reachedTargetPosition):61 Signalling close because Snapshot is complete"}}
{"type":"LOG","log":{"level":"INFO","message":"INFO i.a.i.d.i.DebeziumRecordIterator(requestClose):208 Closing: Change event reached target position"}}
{"type":"LOG","log":{"level":"INFO","message":"INFO i.d.e.EmbeddedEngine(stop):1146 Stopping the embedded engine"}}
{"type":"LOG","log":{"level":"INFO","message":"INFO i.d.e.EmbeddedEngine(stop):1153 Waiting for PT5M for connector to stop"}}
{"type":"LOG","log":{"level":"INFO","message":"INFO i.d.e.EmbeddedEngine(run):944 Stopping the task and engine"}}
{"type":"LOG","log":{"level":"INFO","message":"INFO i.d.c.c.BaseSourceTask(stop):278 Stopping down connector"}}
{"type":"LOG","log":{"level":"INFO","message":"INFO i.d.c.p.PostgresStreamingChangeEventSource(searchWalPosition):348 WAL resume position 'null' discovered"}}
{"type":"LOG","log":{"level":"INFO","message":"INFO i.d.j.JdbcConnection(lambda$doClose$4):947 Connection gracefully closed"}}
{"type":"LOG","log":{"level":"INFO","message":"INFO i.d.j.JdbcConnection(lambda$doClose$4):947 Connection gracefully closed"}}
{"type":"LOG","log":{"level":"INFO","message":"INFO i.d.c.p.c.PostgresReplicationConnection(initPublication):147 Initializing PgOutput logical decoder publication"}}
{"type":"LOG","log":{"level":"INFO","message":"INFO i.d.u.Threads(threadFactory):270 Requested thread factory for connector PostgresConnector, id = db_dtzldmyvqv named = keep-alive"}}
{"type":"LOG","log":{"level":"INFO","message":"INFO i.d.u.Threads$3(newThread):287 Creating thread debezium-postgresconnector-db_dtzldmyvqv-keep-alive"}}
{"type":"LOG","log":{"level":"INFO","message":"INFO i.d.c.p.PostgresStreamingChangeEventSource(processMessages):211 Processing messages"}}
{"type":"LOG","log":{"level":"INFO","message":"INFO i.d.j.JdbcConnection(lambda$doClose$4):947 Connection gracefully closed"}}
{"type":"LOG","log":{"level":"INFO","message":"INFO i.d.j.JdbcConnection(lambda$doClose$4):947 Connection gracefully closed"}}
{"type":"LOG","log":{"level":"INFO","message":"INFO i.d.p.ChangeEventSourceCoordinator(streamEvents):175 Finished streaming"}}
{"type":"LOG","log":{"level":"INFO","message":"INFO i.d.p.ChangeEventSourceCoordinator(streamingConnected):240 Connected metrics set to 'false'"}}
{"type":"LOG","log":{"level":"INFO","message":"INFO o.a.k.c.s.FileOffsetBackingStore(stop):66 Stopped FileOffsetBackingStore"}}
{"type":"LOG","log":{"level":"INFO","message":"INFO i.a.i.d.i.DebeziumRecordPublisher(lambda$start$1):73 Debezium engine shutdown."}}
{"type":"LOG","log":{"level":"INFO","message":"INFO i.a.i.d.i.DebeziumRecordPublisher(lambda$start$1):74 Connector 'io.debezium.connector.postgresql.PostgresConnector' completed normally."}}
{"type":"LOG","log":{"level":"INFO","message":"INFO i.a.i.s.p.PostgresCdcStateHandler(saveState):37 debezium state: {\"[\\\"db_dtzldmyvqv\\\",{\\\"server\\\":\\\"db_dtzldmyvqv\\\"}]\":\"{\\\"transaction_id\\\":null,\\\"lsn\\\":23919344,\\\"txId\\\":512,\\\"ts_usec\\\":1684590516361755}\"}"}}
{"type":"LOG","log":{"level":"INFO","message":"INFO i.a.c.u.CompositeIterator(lambda$emitStartStreamStatus$1):155 STARTING -> models_schema_models_2"}}
{"type":"TRACE","trace":{"type":"STREAM_STATUS","emitted_at":1.684590526877E12,"stream_status":{"stream_descriptor":{"name":"models_2","namespace":"models_schema"},"status":"STARTED"}}}
{"type":"LOG","log":{"level":"INFO","message":"INFO i.a.i.s.r.RelationalDbQueryUtils(lambda$queryTable$0):73 Queueing query: SELECT \"id\",\"make_id\",\"model\" FROM \"models_schema\".\"models_2\""}}
{"type":"LOG","log":{"level":"INFO","message":"INFO i.a.d.j.s.AdaptiveStreamingQueryConfig(initialize):31 Set initial fetch size: 10 rows"}}
{"type":"LOG","log":{"level":"INFO","message":"INFO i.a.c.u.CompositeIterator(lambda$emitRunningStreamStatus$0):148 RUNNING -> models_schema_models_2"}}
{"type":"TRACE","trace":{"type":"STREAM_STATUS","emitted_at":1.684590526919E12,"stream_status":{"stream_descriptor":{"name":"models_2","namespace":"models_schema"},"status":"RUNNING"}}}
{"type":"LOG","log":{"level":"INFO","message":"INFO i.a.c.u.CompositeIterator(lambda$emitCompleteStreamStatus$2):162 COMPLETE -> models_schema_models_2"}}
{"type":"TRACE","trace":{"type":"STREAM_STATUS","emitted_at":1.684590526924E12,"stream_status":{"stream_descriptor":{"name":"models_2","namespace":"models_schema"},"status":"COMPLETE"}}}
{"type":"LOG","log":{"level":"INFO","message":"INFO i.a.i.s.r.AbstractDbSource(lambda$read$1):173 Closing database connection pool."}}
{"type":"LOG","log":{"level":"INFO","message":"INFO c.z.h.HikariDataSource(close):350 HikariPool-14 - Shutdown initiated..."}}
{"type":"LOG","log":{"level":"INFO","message":"INFO c.z.h.HikariDataSource(close):352 HikariPool-14 - Shutdown completed."}}
{"type":"LOG","log":{"level":"INFO","message":"INFO i.a.i.s.r.AbstractDbSource(lambda$read$1):175 Closed database connection pool."}}
{"type":"LOG","log":{"level":"INFO","message":"INFO i.a.i.s.p.PostgresUtils(isCdc):53 using CDC: true"}}
{"type":"LOG","log":{"level":"INFO","message":"INFO i.a.i.s.r.s.StateManagerFactory(createStateManager):51 Global state manager selected to manage state object with type GLOBAL."}}
{"type":"LOG","log":{"level":"INFO","message":"INFO i.a.i.s.r.CdcStateManager(<init>):29 Initialized CDC state with: io.airbyte.integrations.source.relationaldb.models.CdcState@62b0059[state={\"[\\\"db_dtzldmyvqv\\\",{\\\"server\\\":\\\"db_dtzldmyvqv\\\"}]\":\"{\\\"transaction_id\\\":null,\\\"lsn\\\":23919344,\\\"txId\\\":512,\\\"ts_usec\\\":1684590516361755}\"},additionalProperties={}]"}}
{"type":"LOG","log":{"level":"INFO","message":"INFO c.z.h.HikariDataSource(<init>):80 HikariPool-15 - Starting..."}}
{"type":"LOG","log":{"level":"INFO","message":"INFO c.z.h.HikariDataSource(<init>):82 HikariPool-15 - Start completed."}}
{"type":"LOG","log":{"level":"INFO","message":"INFO i.a.i.s.p.PostgresUtils(isCdc):53 using CDC: true"}}
{"type":"LOG","log":{"level":"INFO","message":"INFO i.a.d.j.s.AdaptiveStreamingQueryConfig(initialize):31 Set initial fetch size: 10 rows"}}
{"type":"LOG","log":{"level":"INFO","message":"INFO i.a.i.s.p.PostgresCdcCatalogHelper(getPublicizedTables):119 For CDC, only tables in publication publication will be included in the sync: [models_schema.models, models_schema.models_2, models_schema_random.models_random]"}}
{"type":"LOG","log":{"level":"INFO","message":"INFO i.a.i.s.j.AbstractJdbcSource(logPreSyncDebugData):450 Data source product recognized as PostgreSQL:13.11"}}
{"type":"LOG","log":{"level":"INFO","message":"INFO i.a.i.s.p.PostgresSource(logPreSyncDebugData):221 Discovering indexes for schema \"models_schema\", table \"models\""}}
{"type":"LOG","log":{"level":"INFO","message":"INFO i.a.i.s.p.PostgresSource(logPreSyncDebugData):223 Index name: models_pkey, Column: id, Unique: true"}}
{"type":"LOG","log":{"level":"INFO","message":"INFO i.a.i.s.p.PostgresSource(logPreSyncDebugData):221 Discovering indexes for schema \"models_schema\", table \"models_2\""}}
{"type":"LOG","log":{"level":"INFO","message":"INFO i.a.i.s.p.PostgresSource(logPreSyncDebugData):223 Index name: models_2_pkey, Column: id, Unique: true"}}
{"type":"LOG","log":{"level":"INFO","message":"INFO i.a.i.s.p.PostgresQueryUtils(logXminStatus):77 Xmin Status : {Number of wraparounds: 0, Xmin Transaction Value: 514, Xmin Raw Value: 514"}}
{"type":"LOG","log":{"level":"INFO","message":"INFO i.a.i.s.j.AbstractJdbcSource(discoverInternal):166 Internal schemas to exclude: [catalog_history, information_schema, pg_catalog, pg_internal]"}}
{"type":"LOG","log":{"level":"INFO","message":"INFO i.a.d.j.s.AdaptiveStreamingQueryConfig(initialize):31 Set initial fetch size: 10 rows"}}
{"type":"LOG","log":{"level":"INFO","message":"INFO i.a.i.s.j.AbstractJdbcSource(discoverInternal):166 Internal schemas to exclude: [catalog_history, information_schema, pg_catalog, pg_internal]"}}
{"type":"LOG","log":{"level":"INFO","message":"INFO i.a.d.j.s.AdaptiveStreamingQueryConfig(initialize):31 Set initial fetch size: 10 rows"}}
{"type":"LOG","log":{"level":"INFO","message":"INFO i.a.i.s.p.PostgresUtils(isCdc):53 using CDC: true"}}
{"type":"LOG","log":{"level":"INFO","message":"INFO i.a.i.s.p.PostgresUtils(getFirstRecordWaitTime):111 First record waiting time: 30 seconds"}}
{"type":"LOG","log":{"level":"INFO","message":"INFO i.a.i.s.p.PostgresSource(getIncrementalIterators):369 First record waiting time: 30 seconds"}}
{"type":"LOG","log":{"level":"INFO","message":"INFO i.a.i.s.p.PostgresUtils(shouldFlushAfterSync):61 Should flush after sync: true"}}
{"type":"LOG","log":{"level":"INFO","message":"INFO o.a.k.c.c.AbstractConfig(logAll):376 StandaloneConfig values: \n\taccess.control.allow.methods = \n\taccess.control.allow.origin = \n\tadmin.listeners = null\n\tauto.include.jmx.reporter = true\n\tbootstrap.servers = [localhost:9092]\n\tclient.dns.lookup = use_all_dns_ips\n\tconfig.providers = []\n\tconnector.client.config.override.policy = All\n\theader.converter = class org.apache.kafka.connect.storage.SimpleHeaderConverter\n\tkey.converter = class org.apache.kafka.connect.json.JsonConverter\n\tlisteners = [http://:8083]\n\tmetric.reporters = []\n\tmetrics.num.samples = 2\n\tmetrics.recording.level = INFO\n\tmetrics.sample.window.ms = 30000\n\toffset.flush.interval.ms = 1000\n\toffset.flush.timeout.ms = 5000\n\toffset.storage.file.filename = /tmp/cdc-state-offset18064088365320764263/offset.dat\n\tplugin.path = null\n\tresponse.http.headers.config = \n\trest.advertised.host.name = null\n\trest.advertised.listener = null\n\trest.advertised.port = null\n\trest.extension.classes = []\n\tssl.cipher.suites = null\n\tssl.client.auth = none\n\tssl.enabled.protocols = [TLSv1.2, TLSv1.3]\n\tssl.endpoint.identification.algorithm = https\n\tssl.engine.factory.class = null\n\tssl.key.password = null\n\tssl.keymanager.algorithm = SunX509\n\tssl.keystore.certificate.chain = null\n\tssl.keystore.key = null\n\tssl.keystore.location = null\n\tssl.keystore.password = null\n\tssl.keystore.type = JKS\n\tssl.protocol = TLSv1.3\n\tssl.provider = null\n\tssl.secure.random.implementation = null\n\tssl.trustmanager.algorithm = PKIX\n\tssl.truststore.certificates = null\n\tssl.truststore.location = null\n\tssl.truststore.password = null\n\tssl.truststore.type = JKS\n\ttask.shutdown.graceful.timeout.ms = 5000\n\ttopic.creation.enable = true\n\ttopic.tracking.allow.reset = true\n\ttopic.tracking.enable = true\n\tvalue.converter = class org.apache.kafka.connect.json.JsonConverter\n"}}
{"type":"LOG","log":{"level":"WARN","message":"WARN o.a.k.c.r.WorkerConfig(logPluginPathConfigProviderWarning):379 Variables cannot be used in the 'plugin.path' property, since the property is used by plugin scanning before the config providers that replace the variables are initialized. The raw value 'null' was used for plugin scanning, as opposed to the transformed value 'null', and this may cause unexpected results."}}
{"type":"LOG","log":{"level":"INFO","message":"INFO o.a.k.c.s.FileOffsetBackingStore(start):58 Starting FileOffsetBackingStore with file /tmp/cdc-state-offset18064088365320764263/offset.dat"}}
{"type":"LOG","log":{"level":"INFO","message":"INFO o.a.k.c.c.AbstractConfig(logAll):376 JsonConverterConfig values: \n\tconverter.type = key\n\tdecimal.format = BASE64\n\tschemas.cache.size = 1000\n\tschemas.enable = false\n"}}
{"type":"LOG","log":{"level":"INFO","message":"INFO o.a.k.c.c.AbstractConfig(logAll):376 JsonConverterConfig values: \n\tconverter.type = value\n\tdecimal.format = BASE64\n\tschemas.cache.size = 1000\n\tschemas.enable = false\n"}}
{"type":"LOG","log":{"level":"INFO","message":"INFO i.a.i.d.i.p.PostgresDebeziumStateUtil(extractLsn):201 Found previous partition offset PostgresPartition [sourcePartition={server=db_dtzldmyvqv}]: {transaction_id=null, lsn=23919344, txId=512, ts_usec=1684590516361755}"}}
{"type":"LOG","log":{"level":"INFO","message":"INFO i.a.i.d.i.p.PostgresDebeziumStateUtil(parseSavedOffset):181 Closing offsetStorageReader and fileOffsetBackingStore"}}
{"type":"LOG","log":{"level":"INFO","message":"INFO o.a.k.c.s.FileOffsetBackingStore(stop):66 Stopped FileOffsetBackingStore"}}
{"type":"LOG","log":{"level":"INFO","message":"INFO i.a.i.s.p.PostgresSource(lambda$getReplicationSlot$4):296 Attempting to find the named replication slot using the query: HikariProxyPreparedStatement@616186848 wrapping SELECT * FROM pg_replication_slots WHERE slot_name = 'debezium_slot_db_dtzldmyvqv' AND plugin = 'pgoutput' AND database = 'db_dtzldmyvqv'"}}
{"type":"LOG","log":{"level":"INFO","message":"INFO i.a.d.j.s.AdaptiveStreamingQueryConfig(initialize):31 Set initial fetch size: 10 rows"}}
{"type":"LOG","log":{"level":"INFO","message":"INFO i.a.i.d.i.p.PostgresDebeziumStateUtil(isSavedOffsetAfterReplicationSlotLSN):62 Replication slot confirmed_flush_lsn : 23902672 Saved offset LSN : 23919344"}}
{"type":"LOG","log":{"level":"INFO","message":"INFO i.a.i.s.p.PostgresUtils(shouldFlushAfterSync):61 Should flush after sync: true"}}
{"type":"LOG","log":{"level":"INFO","message":"INFO i.a.i.d.i.p.PostgresReplicationConnection(createConnection):44 Creating a replication connection."}}
{"type":"LOG","log":{"level":"INFO","message":"INFO i.a.i.d.i.p.PostgresReplicationConnection(createConnection):47 Validating replication connection."}}
{"type":"LOG","log":{"level":"INFO","message":"INFO i.a.i.d.i.p.PostgresCdcTargetPosition(targetPosition):49 identified target lsn: PgLsn{lsn=23919568}"}}
{"type":"LOG","log":{"level":"INFO","message":"INFO i.a.i.s.p.PostgresUtils(shouldFlushAfterSync):61 Should flush after sync: true"}}
{"type":"LOG","log":{"level":"INFO","message":"INFO i.a.i.d.AirbyteDebeziumHandler(getIncrementalIterators):95 Using CDC: true"}}
{"type":"LOG","log":{"level":"INFO","message":"INFO o.a.k.c.c.AbstractConfig(logAll):376 JsonConverterConfig values: \n\tconverter.type = key\n\tdecimal.format = BASE64\n\tschemas.cache.size = 1000\n\tschemas.enable = false\n"}}
{"type":"LOG","log":{"level":"INFO","message":"INFO o.a.k.c.c.AbstractConfig(logAll):376 JsonConverterConfig values: \n\tconverter.type = value\n\tdecimal.format = BASE64\n\tschemas.cache.size = 1000\n\tschemas.enable = false\n"}}
{"type":"LOG","log":{"level":"INFO","message":"INFO o.a.k.c.c.AbstractConfig(logAll):376 EmbeddedConfig values: \n\taccess.control.allow.methods = \n\taccess.control.allow.origin = \n\tadmin.listeners = null\n\tauto.include.jmx.reporter = true\n\tbootstrap.servers = [localhost:9092]\n\tclient.dns.lookup = use_all_dns_ips\n\tconfig.providers = []\n\tconnector.client.config.override.policy = All\n\theader.converter = class org.apache.kafka.connect.storage.SimpleHeaderConverter\n\tkey.converter = class org.apache.kafka.connect.json.JsonConverter\n\tlisteners = [http://:8083]\n\tmetric.reporters = []\n\tmetrics.num.samples = 2\n\tmetrics.recording.level = INFO\n\tmetrics.sample.window.ms = 30000\n\toffset.flush.interval.ms = 1000\n\toffset.flush.timeout.ms = 5000\n\toffset.storage.file.filename = /tmp/cdc-state-offset1161018683041412594/offset.dat\n\toffset.storage.partitions = null\n\toffset.storage.replication.factor = null\n\toffset.storage.topic = \n\tplugin.path = null\n\tresponse.http.headers.config = \n\trest.advertised.host.name = null\n\trest.advertised.listener = null\n\trest.advertised.port = null\n\trest.extension.classes = []\n\tssl.cipher.suites = null\n\tssl.client.auth = none\n\tssl.enabled.protocols = [TLSv1.2, TLSv1.3]\n\tssl.endpoint.identification.algorithm = https\n\tssl.engine.factory.class = null\n\tssl.key.password = null\n\tssl.keymanager.algorithm = SunX509\n\tssl.keystore.certificate.chain = null\n\tssl.keystore.key = null\n\tssl.keystore.location = null\n\tssl.keystore.password = null\n\tssl.keystore.type = JKS\n\tssl.protocol = TLSv1.3\n\tssl.provider = null\n\tssl.secure.random.implementation = null\n\tssl.trustmanager.algorithm = PKIX\n\tssl.truststore.certificates = null\n\tssl.truststore.location = null\n\tssl.truststore.password = null\n\tssl.truststore.type = JKS\n\ttask.shutdown.graceful.timeout.ms = 5000\n\ttopic.creation.enable = true\n\ttopic.tracking.allow.reset = true\n\ttopic.tracking.enable = true\n\tvalue.converter = class org.apache.kafka.connect.json.JsonConverter\n"}}
{"type":"LOG","log":{"level":"WARN","message":"WARN o.a.k.c.r.WorkerConfig(logPluginPathConfigProviderWarning):379 Variables cannot be used in the 'plugin.path' property, since the property is used by plugin scanning before the config providers that replace the variables are initialized. The raw value 'null' was used for plugin scanning, as opposed to the transformed value 'null', and this may cause unexpected results."}}
{"type":"LOG","log":{"level":"INFO","message":"INFO o.a.k.c.c.AbstractConfig(logAll):376 JsonConverterConfig values: \n\tconverter.type = key\n\tdecimal.format = BASE64\n\tschemas.cache.size = 1000\n\tschemas.enable = false\n"}}
{"type":"LOG","log":{"level":"INFO","message":"INFO o.a.k.c.c.AbstractConfig(logAll):376 JsonConverterConfig values: \n\tconverter.type = value\n\tdecimal.format = BASE64\n\tschemas.cache.size = 1000\n\tschemas.enable = false\n"}}
{"type":"LOG","log":{"level":"WARN","message":"WARN i.d.c.p.PostgresConnectorConfig(validateFlushLsnSource):1070 Property 'flush.lsn.source' is set to 'false', the LSN will not be flushed to the database source and WAL logs will not be cleared. User is expected to handle this outside Debezium."}}
{"type":"LOG","log":{"level":"INFO","message":"INFO i.a.i.s.j.AbstractJdbcSource(queryTableFullRefresh):112 Queueing query for table: models_2"}}
{"type":"LOG","log":{"level":"INFO","message":"INFO i.d.c.p.PostgresConnector(testConnection):154 Successfully tested connection for jdbc:postgresql://localhost:55981/db_dtzldmyvqv with user 'test'"}}
{"type":"LOG","log":{"level":"INFO","message":"INFO i.d.j.JdbcConnection(lambda$doClose$4):947 Connection gracefully closed"}}
{"type":"LOG","log":{"level":"INFO","message":"INFO o.a.k.c.s.FileOffsetBackingStore(start):58 Starting FileOffsetBackingStore with file /tmp/cdc-state-offset1161018683041412594/offset.dat"}}
{"type":"LOG","log":{"level":"WARN","message":"WARN i.d.c.p.PostgresConnectorConfig(validateFlushLsnSource):1070 Property 'flush.lsn.source' is set to 'false', the LSN will not be flushed to the database source and WAL logs will not be cleared. User is expected to handle this outside Debezium."}}
{"type":"LOG","log":{"level":"INFO","message":"INFO i.d.c.c.BaseSourceTask(start):124 Starting PostgresConnectorTask with configuration:"}}
{"type":"LOG","log":{"level":"INFO","message":"INFO i.d.c.c.BaseSourceTask(lambda$start$0):126    connector.class = io.debezium.connector.postgresql.PostgresConnector"}}
{"type":"LOG","log":{"level":"INFO","message":"INFO i.d.c.c.BaseSourceTask(lambda$start$0):126    max.queue.size = 8192"}}
{"type":"LOG","log":{"level":"INFO","message":"INFO i.d.c.c.BaseSourceTask(lambda$start$0):126    slot.name = debezium_slot_db_dtzldmyvqv"}}
{"type":"LOG","log":{"level":"INFO","message":"INFO i.d.c.c.BaseSourceTask(lambda$start$0):126    publication.name = publication"}}
{"type":"LOG","log":{"level":"INFO","message":"INFO i.d.c.c.BaseSourceTask(lambda$start$0):126    topic.prefix = db_dtzldmyvqv"}}
{"type":"LOG","log":{"level":"INFO","message":"INFO i.d.c.c.BaseSourceTask(lambda$start$0):126    offset.storage.file.filename = /tmp/cdc-state-offset1161018683041412594/offset.dat"}}
{"type":"LOG","log":{"level":"INFO","message":"INFO i.d.c.c.BaseSourceTask(lambda$start$0):126    decimal.handling.mode = string"}}
{"type":"LOG","log":{"level":"INFO","message":"INFO i.d.c.c.BaseSourceTask(lambda$start$0):126    flush.lsn.source = false"}}
{"type":"LOG","log":{"level":"INFO","message":"INFO i.d.c.c.BaseSourceTask(lambda$start$0):126    converters = datetime"}}
{"type":"LOG","log":{"level":"INFO","message":"INFO i.d.c.c.BaseSourceTask(lambda$start$0):126    errors.retry.delay.initial.ms = 299"}}
{"type":"LOG","log":{"level":"INFO","message":"INFO i.d.c.c.BaseSourceTask(lambda$start$0):126    datetime.type = io.airbyte.integrations.debezium.internals.postgres.PostgresConverter"}}
{"type":"LOG","log":{"level":"INFO","message":"INFO i.d.c.c.BaseSourceTask(lambda$start$0):126    value.converter = org.apache.kafka.connect.json.JsonConverter"}}
{"type":"LOG","log":{"level":"INFO","message":"INFO i.d.c.c.BaseSourceTask(lambda$start$0):126    key.converter = org.apache.kafka.connect.json.JsonConverter"}}
{"type":"LOG","log":{"level":"INFO","message":"INFO i.d.c.c.BaseSourceTask(lambda$start$0):126    publication.autocreate.mode = disabled"}}
{"type":"LOG","log":{"level":"INFO","message":"INFO i.d.c.c.BaseSourceTask(lambda$start$0):126    database.user = test"}}
{"type":"LOG","log":{"level":"INFO","message":"INFO i.d.c.c.BaseSourceTask(lambda$start$0):126    database.dbname = db_dtzldmyvqv"}}
{"type":"LOG","log":{"level":"INFO","message":"INFO i.d.c.c.BaseSourceTask(lambda$start$0):126    offset.storage = org.apache.kafka.connect.storage.FileOffsetBackingStore"}}
{"type":"LOG","log":{"level":"INFO","message":"INFO i.d.c.c.BaseSourceTask(lambda$start$0):126    errors.retry.delay.max.ms = 300"}}
{"type":"LOG","log":{"level":"INFO","message":"INFO i.d.c.c.BaseSourceTask(lambda$start$0):126    offset.flush.timeout.ms = 5000"}}
{"type":"LOG","log":{"level":"INFO","message":"INFO i.d.c.c.BaseSourceTask(lambda$start$0):126    heartbeat.interval.ms = 10000"}}
{"type":"LOG","log":{"level":"INFO","message":"INFO i.d.c.c.BaseSourceTask(lambda$start$0):126    column.include.list = \\Qmodels_schema.models\\E\\.(\\Qmodel\\E|\\Qid\\E|\\Qmake_id\\E)"}}
{"type":"LOG","log":{"level":"INFO","message":"INFO i.d.c.c.BaseSourceTask(lambda$start$0):126    plugin.name = pgoutput"}}
{"type":"LOG","log":{"level":"INFO","message":"INFO i.d.c.c.BaseSourceTask(lambda$start$0):126    database.port = 55981"}}
{"type":"LOG","log":{"level":"INFO","message":"INFO i.d.c.c.BaseSourceTask(lambda$start$0):126    offset.flush.interval.ms = 1000"}}
{"type":"LOG","log":{"level":"INFO","message":"INFO i.d.c.c.BaseSourceTask(lambda$start$0):126    key.converter.schemas.enable = false"}}
{"type":"LOG","log":{"level":"INFO","message":"INFO i.d.c.c.BaseSourceTask(lambda$start$0):126    include.unknown.datatypes = true"}}
{"type":"LOG","log":{"level":"INFO","message":"INFO i.d.c.c.BaseSourceTask(lambda$start$0):126    errors.max.retries = 10"}}
{"type":"LOG","log":{"level":"INFO","message":"INFO i.d.c.c.BaseSourceTask(lambda$start$0):126    database.hostname = localhost"}}
{"type":"LOG","log":{"level":"INFO","message":"INFO i.d.c.c.BaseSourceTask(lambda$start$0):126    database.password = ********"}}
{"type":"LOG","log":{"level":"INFO","message":"INFO i.d.c.c.BaseSourceTask(lambda$start$0):126    value.converter.schemas.enable = false"}}
{"type":"LOG","log":{"level":"INFO","message":"INFO i.d.c.c.BaseSourceTask(lambda$start$0):126    name = db_dtzldmyvqv"}}
{"type":"LOG","log":{"level":"INFO","message":"INFO i.d.c.c.BaseSourceTask(lambda$start$0):126    max.batch.size = 2048"}}
{"type":"LOG","log":{"level":"INFO","message":"INFO i.d.c.c.BaseSourceTask(lambda$start$0):126    table.include.list = \\Qmodels_schema.models\\E"}}
{"type":"LOG","log":{"level":"INFO","message":"INFO i.d.c.c.BaseSourceTask(lambda$start$0):126    snapshot.mode = initial"}}
{"type":"LOG","log":{"level":"INFO","message":"INFO i.d.c.c.BaseSourceTask(startIfNeededAndPossible):243 Attempting to start task"}}
{"type":"LOG","log":{"level":"INFO","message":"INFO i.d.c.CommonConnectorConfig(getTopicNamingStrategy):849 Loading the custom topic naming strategy plugin: io.debezium.schema.SchemaTopicNamingStrategy"}}
{"type":"LOG","log":{"level":"INFO","message":"INFO i.d.j.JdbcConnection(lambda$doClose$4):947 Connection gracefully closed"}}
{"type":"LOG","log":{"level":"INFO","message":"INFO i.d.c.c.BaseSourceTask(getPreviousOffsets):370 Found previous partition offset PostgresPartition [sourcePartition={server=db_dtzldmyvqv}]: {transaction_id=null, lsn=23919344, txId=512, ts_usec=1684590516361755}"}}
{"type":"LOG","log":{"level":"INFO","message":"INFO i.d.c.p.PostgresConnectorTask(start):113 user 'test' connected to database 'db_dtzldmyvqv' on PostgreSQL 13.11 on x86_64-pc-linux-musl, compiled by gcc (Alpine 12.2.1_git20220924-r10) 12.2.1 20220924, 64-bit with roles:\n\trole 'pg_read_all_settings' [superuser: false, replication: false, inherit: true, create role: false, create db: false, can log in: false]\n\trole 'pg_stat_scan_tables' [superuser: false, replication: false, inherit: true, create role: false, create db: false, can log in: false]\n\trole 'pg_write_server_files' [superuser: false, replication: false, inherit: true, create role: false, create db: false, can log in: false]\n\trole 'test' [superuser: true, replication: true, inherit: true, create role: true, create db: true, can log in: true]\n\trole 'pg_monitor' [superuser: false, replication: false, inherit: true, create role: false, create db: false, can log in: false]\n\trole 'pg_read_server_files' [superuser: false, replication: false, inherit: true, create role: false, create db: false, can log in: false]\n\trole 'pg_execute_server_program' [superuser: false, replication: false, inherit: true, create role: false, create db: false, can log in: false]\n\trole 'pg_read_all_stats' [superuser: false, replication: false, inherit: true, create role: false, create db: false, can log in: false]\n\trole 'pg_signal_backend' [superuser: false, replication: false, inherit: true, create role: false, create db: false, can log in: false]"}}
{"type":"LOG","log":{"level":"INFO","message":"INFO i.d.c.p.c.PostgresConnection(readReplicationSlotInfo):264 Obtained valid replication slot ReplicationSlot [active=false, latestFlushedLsn=LSN{0/16CFAF0}, catalogXmin=504]"}}
{"type":"LOG","log":{"level":"INFO","message":"INFO i.d.c.p.PostgresConnectorTask(start):127 Found previous offset PostgresOffsetContext [sourceInfoSchema=Schema{io.debezium.connector.postgresql.Source:STRUCT}, sourceInfo=source_info[server='db_dtzldmyvqv'db='db_dtzldmyvqv', lsn=LSN{0/16CFAF0}, txId=512, timestamp=2023-05-20T13:48:36.361755Z, snapshot=FALSE, schema=, table=], lastSnapshotRecord=false, lastCompletelyProcessedLsn=null, lastCommitLsn=null, streamingStoppingLsn=null, transactionContext=TransactionContext [currentTransactionId=null, perTableEventCount={}, totalEventCount=0], incrementalSnapshotContext=IncrementalSnapshotContext [windowOpened=false, chunkEndPosition=null, dataCollectionsToSnapshot=[], lastEventKeySent=null, maximumKey=null]]"}}
{"type":"LOG","log":{"level":"INFO","message":"INFO i.d.u.Threads(threadFactory):270 Requested thread factory for connector PostgresConnector, id = db_dtzldmyvqv named = change-event-source-coordinator"}}
{"type":"LOG","log":{"level":"INFO","message":"INFO i.d.u.Threads$3(newThread):287 Creating thread debezium-postgresconnector-db_dtzldmyvqv-change-event-source-coordinator"}}
{"type":"LOG","log":{"level":"INFO","message":"INFO i.d.c.c.BaseSourceTask(startIfNeededAndPossible):245 Successfully started task"}}
{"type":"LOG","log":{"level":"INFO","message":"INFO i.d.p.ChangeEventSourceCoordinator(lambda$start$0):103 Metrics registered"}}
{"type":"LOG","log":{"level":"INFO","message":"INFO i.d.p.ChangeEventSourceCoordinator(lambda$start$0):106 Context created"}}
{"type":"LOG","log":{"level":"INFO","message":"INFO i.d.c.p.s.InitialSnapshotter(shouldSnapshot):42 Previous snapshot has completed successfully, streaming logical changes from last known position"}}
{"type":"LOG","log":{"level":"INFO","message":"INFO i.d.c.p.PostgresSnapshotChangeEventSource(getSnapshottingTask):68 According to the connector configuration no snapshot will be executed"}}
{"type":"LOG","log":{"level":"INFO","message":"INFO i.d.p.ChangeEventSourceCoordinator(doSnapshot):156 Snapshot ended with SnapshotResult [status=SKIPPED, offset=PostgresOffsetContext [sourceInfoSchema=Schema{io.debezium.connector.postgresql.Source:STRUCT}, sourceInfo=source_info[server='db_dtzldmyvqv'db='db_dtzldmyvqv', lsn=LSN{0/16CFAF0}, txId=512, timestamp=2023-05-20T13:48:36.361755Z, snapshot=FALSE, schema=, table=], lastSnapshotRecord=false, lastCompletelyProcessedLsn=null, lastCommitLsn=null, streamingStoppingLsn=null, transactionContext=TransactionContext [currentTransactionId=null, perTableEventCount={}, totalEventCount=0], incrementalSnapshotContext=IncrementalSnapshotContext [windowOpened=false, chunkEndPosition=null, dataCollectionsToSnapshot=[], lastEventKeySent=null, maximumKey=null]]]"}}
{"type":"LOG","log":{"level":"INFO","message":"INFO i.d.p.ChangeEventSourceCoordinator(streamingConnected):240 Connected metrics set to 'true'"}}
{"type":"LOG","log":{"level":"INFO","message":"INFO i.d.c.p.PostgresSchema(printReplicaIdentityInfo):100 REPLICA IDENTITY for 'models_schema.models' is 'DEFAULT'; UPDATE and DELETE events will contain previous values only for PK columns"}}
{"type":"LOG","log":{"level":"INFO","message":"INFO i.d.p.ChangeEventSourceCoordinator(streamEvents):173 Starting streaming"}}
{"type":"LOG","log":{"level":"INFO","message":"INFO i.d.c.p.PostgresStreamingChangeEventSource(execute):136 Retrieved latest position from stored offset 'LSN{0/16CFAF0}'"}}
{"type":"LOG","log":{"level":"INFO","message":"INFO i.d.c.p.c.WalPositionLocator(<init>):48 Looking for WAL restart position for last commit LSN 'null' and last change LSN 'LSN{0/16CFAF0}'"}}
{"type":"LOG","log":{"level":"INFO","message":"INFO i.d.c.p.c.PostgresReplicationConnection(initPublication):147 Initializing PgOutput logical decoder publication"}}
{"type":"LOG","log":{"level":"INFO","message":"INFO i.d.c.p.c.PostgresConnection(readReplicationSlotInfo):264 Obtained valid replication slot ReplicationSlot [active=false, latestFlushedLsn=LSN{0/16CFAF0}, catalogXmin=504]"}}
{"type":"LOG","log":{"level":"INFO","message":"INFO i.d.j.JdbcConnection(lambda$doClose$4):947 Connection gracefully closed"}}
{"type":"LOG","log":{"level":"INFO","message":"INFO i.d.u.Threads(threadFactory):270 Requested thread factory for connector PostgresConnector, id = db_dtzldmyvqv named = keep-alive"}}
{"type":"LOG","log":{"level":"INFO","message":"INFO i.d.u.Threads$3(newThread):287 Creating thread debezium-postgresconnector-db_dtzldmyvqv-keep-alive"}}
{"type":"LOG","log":{"level":"INFO","message":"INFO i.d.c.p.PostgresSchema(printReplicaIdentityInfo):100 REPLICA IDENTITY for 'models_schema.models' is 'DEFAULT'; UPDATE and DELETE events will contain previous values only for PK columns"}}
{"type":"LOG","log":{"level":"INFO","message":"INFO i.d.c.p.PostgresStreamingChangeEventSource(searchWalPosition):327 Searching for WAL resume position"}}
{"type":"LOG","log":{"level":"INFO","message":"INFO i.d.c.p.c.WalPositionLocator(resumeFromLsn):71 First LSN 'LSN{0/16CFB18}' received"}}
{"type":"LOG","log":{"level":"INFO","message":"INFO i.d.c.p.PostgresStreamingChangeEventSource(searchWalPosition):348 WAL resume position 'LSN{0/16CFB18}' discovered"}}
{"type":"LOG","log":{"level":"INFO","message":"INFO i.d.j.JdbcConnection(lambda$doClose$4):947 Connection gracefully closed"}}
{"type":"LOG","log":{"level":"INFO","message":"INFO i.d.j.JdbcConnection(lambda$doClose$4):947 Connection gracefully closed"}}
{"type":"LOG","log":{"level":"INFO","message":"INFO i.d.c.p.c.PostgresReplicationConnection(initPublication):147 Initializing PgOutput logical decoder publication"}}
{"type":"LOG","log":{"level":"INFO","message":"INFO i.d.u.Threads(threadFactory):270 Requested thread factory for connector PostgresConnector, id = db_dtzldmyvqv named = keep-alive"}}
{"type":"LOG","log":{"level":"INFO","message":"INFO i.d.u.Threads$3(newThread):287 Creating thread debezium-postgresconnector-db_dtzldmyvqv-keep-alive"}}
{"type":"LOG","log":{"level":"INFO","message":"INFO i.d.c.p.PostgresStreamingChangeEventSource(processMessages):211 Processing messages"}}
{"type":"LOG","log":{"level":"INFO","message":"INFO i.d.c.p.c.WalPositionLocator(skipMessage):152 Message with LSN 'LSN{0/16CFB18}' arrived, switching off the filtering"}}
{"type":"LOG","log":{"level":"INFO","message":"INFO i.d.c.c.BaseSourceTask(logStatistics):195 2 records sent during previous 00:00:10.699, last recorded offset of {server=db_dtzldmyvqv} partition is {transaction_id=null, lsn_proc=23919568, messageType=INSERT, lsn_commit=23919568, lsn=23919568, txId=513, ts_usec=1684590526946235}"}}
{"type":"LOG","log":{"level":"INFO","message":"INFO i.a.i.d.i.DebeziumRecordIterator(requestClose):208 Closing: Heartbeat indicates sync is done"}}
{"type":"LOG","log":{"level":"INFO","message":"INFO i.d.e.EmbeddedEngine(stop):1146 Stopping the embedded engine"}}
{"type":"LOG","log":{"level":"INFO","message":"INFO i.d.e.EmbeddedEngine(stop):1153 Waiting for PT5M for connector to stop"}}
{"type":"LOG","log":{"level":"INFO","message":"INFO i.d.e.EmbeddedEngine(run):944 Stopping the task and engine"}}
{"type":"LOG","log":{"level":"INFO","message":"INFO i.d.c.c.BaseSourceTask(stop):278 Stopping down connector"}}
{"type":"LOG","log":{"level":"INFO","message":"INFO i.d.j.JdbcConnection(lambda$doClose$4):947 Connection gracefully closed"}}
{"type":"LOG","log":{"level":"INFO","message":"INFO i.d.j.JdbcConnection(lambda$doClose$4):947 Connection gracefully closed"}}
{"type":"LOG","log":{"level":"INFO","message":"INFO i.d.p.ChangeEventSourceCoordinator(streamEvents):175 Finished streaming"}}
{"type":"LOG","log":{"level":"INFO","message":"INFO i.d.p.ChangeEventSourceCoordinator(streamingConnected):240 Connected metrics set to 'false'"}}
{"type":"LOG","log":{"level":"INFO","message":"INFO o.a.k.c.s.FileOffsetBackingStore(stop):66 Stopped FileOffsetBackingStore"}}
{"type":"LOG","log":{"level":"INFO","message":"INFO i.a.i.d.i.DebeziumRecordPublisher(lambda$start$1):73 Debezium engine shutdown."}}
{"type":"LOG","log":{"level":"INFO","message":"INFO i.a.i.d.i.DebeziumRecordPublisher(lambda$start$1):74 Connector 'io.debezium.connector.postgresql.PostgresConnector' completed normally."}}
{"type":"LOG","log":{"level":"INFO","message":"INFO i.a.i.s.p.PostgresCdcStateHandler(saveState):37 debezium state: {\"[\\\"db_dtzldmyvqv\\\",{\\\"server\\\":\\\"db_dtzldmyvqv\\\"}]\":\"{\\\"transaction_id\\\":null,\\\"lsn_proc\\\":23919568,\\\"messageType\\\":\\\"INSERT\\\",\\\"lsn_commit\\\":23919568,\\\"lsn\\\":23919568,\\\"txId\\\":513,\\\"ts_usec\\\":1684590526946235}\"}"}}
{"type":"LOG","log":{"level":"INFO","message":"INFO i.a.c.u.CompositeIterator(lambda$emitStartStreamStatus$1):155 STARTING -> models_schema_models_2"}}
{"type":"TRACE","trace":{"type":"STREAM_STATUS","emitted_at":1.684590547908E12,"stream_status":{"stream_descriptor":{"name":"models_2","namespace":"models_schema"},"status":"STARTED"}}}
{"type":"LOG","log":{"level":"INFO","message":"INFO i.a.i.s.r.RelationalDbQueryUtils(lambda$queryTable$0):73 Queueing query: SELECT \"id\",\"make_id\",\"model\" FROM \"models_schema\".\"models_2\""}}
{"type":"LOG","log":{"level":"INFO","message":"INFO i.a.d.j.s.AdaptiveStreamingQueryConfig(initialize):31 Set initial fetch size: 10 rows"}}
{"type":"LOG","log":{"level":"INFO","message":"INFO i.a.c.u.CompositeIterator(lambda$emitRunningStreamStatus$0):148 RUNNING -> models_schema_models_2"}}
{"type":"TRACE","trace":{"type":"STREAM_STATUS","emitted_at":1.684590547925E12,"stream_status":{"stream_descriptor":{"name":"models_2","namespace":"models_schema"},"status":"RUNNING"}}}
{"type":"LOG","log":{"level":"INFO","message":"INFO i.a.c.u.CompositeIterator(lambda$emitCompleteStreamStatus$2):162 COMPLETE -> models_schema_models_2"}}
{"type":"TRACE","trace":{"type":"STREAM_STATUS","emitted_at":1.684590547929E12,"stream_status":{"stream_descriptor":{"name":"models_2","namespace":"models_schema"},"status":"COMPLETE"}}}
{"type":"LOG","log":{"level":"INFO","message":"INFO i.a.i.s.r.AbstractDbSource(lambda$read$1):173 Closing database connection pool."}}
{"type":"LOG","log":{"level":"INFO","message":"INFO c.z.h.HikariDataSource(close):350 HikariPool-15 - Shutdown initiated..."}}
{"type":"LOG","log":{"level":"INFO","message":"INFO c.z.h.HikariDataSource(close):352 HikariPool-15 - Shutdown completed."}}
{"type":"LOG","log":{"level":"INFO","message":"INFO i.a.i.s.r.AbstractDbSource(lambda$read$1):175 Closed database connection pool."}}
{"type":"LOG","log":{"level":"INFO","message":"INFO o.t.c.GenericContainer(tryStart):376 Creating container for image: debezium/postgres:13-alpine"}}
{"type":"LOG","log":{"level":"INFO","message":"INFO o.t.c.GenericContainer(tryStart):440 Container debezium/postgres:13-alpine is starting: a5540d83ffbfd12e669f6ddbe1d4ec09ccb62ab4f65916a9d0d059b9033f73a3"}}
{"type":"LOG","log":{"level":"INFO","message":"INFO o.t.c.GenericContainer(tryStart):520 Container debezium/postgres:13-alpine started in PT5.797439S"}}
{"type":"LOG","log":{"level":"INFO","message":"INFO c.z.h.HikariDataSource(<init>):80 HikariPool-16 - Starting..."}}
{"type":"LOG","log":{"level":"INFO","message":"INFO c.z.h.HikariDataSource(<init>):82 HikariPool-16 - Start completed."}}
{"type":"LOG","log":{"level":"INFO","message":"INFO c.z.h.HikariDataSource(<init>):80 HikariPool-17 - Starting..."}}
{"type":"LOG","log":{"level":"INFO","message":"INFO c.z.h.HikariDataSource(<init>):82 HikariPool-17 - Start completed."}}
{"type":"LOG","log":{"level":"INFO","message":"INFO i.a.i.s.p.PostgresUtils(isCdc):53 using CDC: true"}}
{"type":"LOG","log":{"level":"INFO","message":"INFO i.a.d.j.s.AdaptiveStreamingQueryConfig(initialize):31 Set initial fetch size: 10 rows"}}
{"type":"LOG","log":{"level":"INFO","message":"INFO i.a.i.s.p.PostgresCdcCatalogHelper(getPublicizedTables):119 For CDC, only tables in publication publication will be included in the sync: [models_schema.models, models_schema.models_2, models_schema_random.models_random]"}}
{"type":"LOG","log":{"level":"INFO","message":"INFO i.a.i.s.j.AbstractJdbcSource(discoverInternal):166 Internal schemas to exclude: [catalog_history, information_schema, pg_catalog, pg_internal]"}}
{"type":"LOG","log":{"level":"INFO","message":"INFO i.a.d.j.s.AdaptiveStreamingQueryConfig(initialize):31 Set initial fetch size: 10 rows"}}
{"type":"LOG","log":{"level":"INFO","message":"INFO i.a.i.s.j.AbstractJdbcSource(discoverInternal):166 Internal schemas to exclude: [catalog_history, information_schema, pg_catalog, pg_internal]"}}
{"type":"LOG","log":{"level":"INFO","message":"INFO i.a.d.j.s.AdaptiveStreamingQueryConfig(initialize):31 Set initial fetch size: 10 rows"}}
{"type":"LOG","log":{"level":"INFO","message":"INFO i.a.i.s.j.AbstractJdbcSource(discoverPrimaryKeys):266 Discover primary keys for tables: [models_random, models, models_2]"}}
{"type":"LOG","log":{"level":"INFO","message":"INFO c.z.h.HikariDataSource(close):350 HikariPool-17 - Shutdown initiated..."}}
{"type":"LOG","log":{"level":"INFO","message":"INFO c.z.h.HikariDataSource(close):352 HikariPool-17 - Shutdown completed."}}
{"type":"LOG","log":{"level":"INFO","message":"INFO i.a.i.s.p.PostgresUtils(isCdc):53 using CDC: true"}}
{"type":"LOG","log":{"level":"INFO","message":"INFO o.t.c.GenericContainer(tryStart):376 Creating container for image: debezium/postgres:13-alpine"}}
{"type":"LOG","log":{"level":"INFO","message":"INFO o.t.c.GenericContainer(tryStart):440 Container debezium/postgres:13-alpine is starting: c2198e61f0e66ecb30688b9a19db472241d991724b849e40f1f6c7479c2e409f"}}
{"type":"LOG","log":{"level":"INFO","message":"INFO o.t.c.GenericContainer(tryStart):520 Container debezium/postgres:13-alpine started in PT6.226707S"}}
{"type":"LOG","log":{"level":"INFO","message":"INFO c.z.h.HikariDataSource(<init>):80 HikariPool-18 - Starting..."}}
{"type":"LOG","log":{"level":"INFO","message":"INFO c.z.h.HikariDataSource(<init>):82 HikariPool-18 - Start completed."}}
{"type":"LOG","log":{"level":"INFO","message":"INFO i.a.i.s.p.PostgresUtils(isCdc):53 using CDC: true"}}
{"type":"LOG","log":{"level":"INFO","message":"INFO i.a.i.s.r.s.StateManagerFactory(createStateManager):51 Global state manager selected to manage state object with type GLOBAL."}}
{"type":"LOG","log":{"level":"INFO","message":"INFO i.a.i.s.r.s.CursorManager(createCursorInfoForStream):182 No cursor field set in catalog but not present in state. Stream: models_schema_models, New Cursor Field: null. Resetting cursor value"}}
{"type":"LOG","log":{"level":"INFO","message":"INFO i.a.i.s.r.CdcStateManager(<init>):29 Initialized CDC state with: io.airbyte.integrations.source.relationaldb.models.CdcState@5e409078[state=<null>,additionalProperties={}]"}}
{"type":"LOG","log":{"level":"INFO","message":"INFO c.z.h.HikariDataSource(<init>):80 HikariPool-19 - Starting..."}}
{"type":"LOG","log":{"level":"INFO","message":"INFO c.z.h.HikariDataSource(<init>):82 HikariPool-19 - Start completed."}}
{"type":"LOG","log":{"level":"INFO","message":"INFO i.a.i.s.p.PostgresUtils(isCdc):53 using CDC: true"}}
{"type":"LOG","log":{"level":"INFO","message":"INFO i.a.d.j.s.AdaptiveStreamingQueryConfig(initialize):31 Set initial fetch size: 10 rows"}}
{"type":"LOG","log":{"level":"INFO","message":"INFO i.a.i.s.p.PostgresCdcCatalogHelper(getPublicizedTables):119 For CDC, only tables in publication publication will be included in the sync: [models_schema.models, models_schema_random.models_random]"}}
{"type":"LOG","log":{"level":"INFO","message":"INFO i.a.i.s.j.AbstractJdbcSource(logPreSyncDebugData):450 Data source product recognized as PostgreSQL:13.11"}}
{"type":"LOG","log":{"level":"INFO","message":"INFO i.a.i.s.p.PostgresSource(logPreSyncDebugData):221 Discovering indexes for schema \"models_schema\", table \"models\""}}
{"type":"LOG","log":{"level":"INFO","message":"INFO i.a.i.s.p.PostgresSource(logPreSyncDebugData):223 Index name: models_pkey, Column: id, Unique: true"}}
{"type":"LOG","log":{"level":"INFO","message":"INFO i.a.i.s.p.PostgresQueryUtils(logXminStatus):77 Xmin Status : {Number of wraparounds: 0, Xmin Transaction Value: 505, Xmin Raw Value: 505"}}
{"type":"LOG","log":{"level":"INFO","message":"INFO i.a.i.s.j.AbstractJdbcSource(discoverInternal):166 Internal schemas to exclude: [catalog_history, information_schema, pg_catalog, pg_internal]"}}
{"type":"LOG","log":{"level":"INFO","message":"INFO i.a.d.j.s.AdaptiveStreamingQueryConfig(initialize):31 Set initial fetch size: 10 rows"}}
{"type":"LOG","log":{"level":"INFO","message":"INFO i.a.i.s.j.AbstractJdbcSource(discoverInternal):166 Internal schemas to exclude: [catalog_history, information_schema, pg_catalog, pg_internal]"}}
{"type":"LOG","log":{"level":"INFO","message":"INFO i.a.d.j.s.AdaptiveStreamingQueryConfig(initialize):31 Set initial fetch size: 10 rows"}}
{"type":"LOG","log":{"level":"INFO","message":"INFO i.a.i.s.p.PostgresUtils(isCdc):53 using CDC: true"}}
{"type":"LOG","log":{"level":"INFO","message":"INFO i.a.i.s.p.PostgresUtils(getFirstRecordWaitTime):111 First record waiting time: 30 seconds"}}
{"type":"LOG","log":{"level":"INFO","message":"INFO i.a.i.s.p.PostgresSource(getIncrementalIterators):369 First record waiting time: 30 seconds"}}
{"type":"LOG","log":{"level":"INFO","message":"INFO i.a.i.s.p.PostgresUtils(shouldFlushAfterSync):61 Should flush after sync: true"}}
{"type":"LOG","log":{"level":"INFO","message":"INFO o.a.k.c.c.AbstractConfig(logAll):376 StandaloneConfig values: \n\taccess.control.allow.methods = \n\taccess.control.allow.origin = \n\tadmin.listeners = null\n\tauto.include.jmx.reporter = true\n\tbootstrap.servers = [localhost:9092]\n\tclient.dns.lookup = use_all_dns_ips\n\tconfig.providers = []\n\tconnector.client.config.override.policy = All\n\theader.converter = class org.apache.kafka.connect.storage.SimpleHeaderConverter\n\tkey.converter = class org.apache.kafka.connect.json.JsonConverter\n\tlisteners = [http://:8083]\n\tmetric.reporters = []\n\tmetrics.num.samples = 2\n\tmetrics.recording.level = INFO\n\tmetrics.sample.window.ms = 30000\n\toffset.flush.interval.ms = 1000\n\toffset.flush.timeout.ms = 5000\n\toffset.storage.file.filename = /tmp/cdc-state-offset14802370360006719558/offset.dat\n\tplugin.path = null\n\tresponse.http.headers.config = \n\trest.advertised.host.name = null\n\trest.advertised.listener = null\n\trest.advertised.port = null\n\trest.extension.classes = []\n\tssl.cipher.suites = null\n\tssl.client.auth = none\n\tssl.enabled.protocols = [TLSv1.2, TLSv1.3]\n\tssl.endpoint.identification.algorithm = https\n\tssl.engine.factory.class = null\n\tssl.key.password = null\n\tssl.keymanager.algorithm = SunX509\n\tssl.keystore.certificate.chain = null\n\tssl.keystore.key = null\n\tssl.keystore.location = null\n\tssl.keystore.password = null\n\tssl.keystore.type = JKS\n\tssl.protocol = TLSv1.3\n\tssl.provider = null\n\tssl.secure.random.implementation = null\n\tssl.trustmanager.algorithm = PKIX\n\tssl.truststore.certificates = null\n\tssl.truststore.location = null\n\tssl.truststore.password = null\n\tssl.truststore.type = JKS\n\ttask.shutdown.graceful.timeout.ms = 5000\n\ttopic.creation.enable = true\n\ttopic.tracking.allow.reset = true\n\ttopic.tracking.enable = true\n\tvalue.converter = class org.apache.kafka.connect.json.JsonConverter\n"}}
{"type":"LOG","log":{"level":"WARN","message":"WARN o.a.k.c.r.WorkerConfig(logPluginPathConfigProviderWarning):379 Variables cannot be used in the 'plugin.path' property, since the property is used by plugin scanning before the config providers that replace the variables are initialized. The raw value 'null' was used for plugin scanning, as opposed to the transformed value 'null', and this may cause unexpected results."}}
{"type":"LOG","log":{"level":"INFO","message":"INFO o.a.k.c.s.FileOffsetBackingStore(start):58 Starting FileOffsetBackingStore with file /tmp/cdc-state-offset14802370360006719558/offset.dat"}}
{"type":"LOG","log":{"level":"INFO","message":"INFO o.a.k.c.c.AbstractConfig(logAll):376 JsonConverterConfig values: \n\tconverter.type = key\n\tdecimal.format = BASE64\n\tschemas.cache.size = 1000\n\tschemas.enable = false\n"}}
{"type":"LOG","log":{"level":"INFO","message":"INFO o.a.k.c.c.AbstractConfig(logAll):376 JsonConverterConfig values: \n\tconverter.type = value\n\tdecimal.format = BASE64\n\tschemas.cache.size = 1000\n\tschemas.enable = false\n"}}
{"type":"LOG","log":{"level":"INFO","message":"INFO i.a.i.d.i.p.PostgresDebeziumStateUtil(extractLsn):206 No previous offsets found"}}
{"type":"LOG","log":{"level":"INFO","message":"INFO i.a.i.d.i.p.PostgresDebeziumStateUtil(parseSavedOffset):181 Closing offsetStorageReader and fileOffsetBackingStore"}}
{"type":"LOG","log":{"level":"INFO","message":"INFO o.a.k.c.s.FileOffsetBackingStore(stop):66 Stopped FileOffsetBackingStore"}}
{"type":"LOG","log":{"level":"INFO","message":"INFO i.a.i.s.p.PostgresSource(lambda$getReplicationSlot$4):296 Attempting to find the named replication slot using the query: HikariProxyPreparedStatement@1590343237 wrapping SELECT * FROM pg_replication_slots WHERE slot_name = 'debezium_slot_db_ghwjcrmqxo' AND plugin = 'pgoutput' AND database = 'db_ghwjcrmqxo'"}}
{"type":"LOG","log":{"level":"INFO","message":"INFO i.a.d.j.s.AdaptiveStreamingQueryConfig(initialize):31 Set initial fetch size: 10 rows"}}
{"type":"LOG","log":{"level":"INFO","message":"INFO i.a.i.s.p.PostgresUtils(shouldFlushAfterSync):61 Should flush after sync: true"}}
{"type":"LOG","log":{"level":"INFO","message":"INFO i.a.i.d.i.p.PostgresCdcTargetPosition(targetPosition):49 identified target lsn: PgLsn{lsn=23903320}"}}
{"type":"LOG","log":{"level":"INFO","message":"INFO i.a.i.s.p.PostgresUtils(shouldFlushAfterSync):61 Should flush after sync: true"}}
{"type":"LOG","log":{"level":"INFO","message":"INFO i.a.i.d.AirbyteDebeziumHandler(getIncrementalIterators):95 Using CDC: true"}}
{"type":"LOG","log":{"level":"INFO","message":"INFO o.a.k.c.c.AbstractConfig(logAll):376 JsonConverterConfig values: \n\tconverter.type = key\n\tdecimal.format = BASE64\n\tschemas.cache.size = 1000\n\tschemas.enable = false\n"}}
{"type":"LOG","log":{"level":"INFO","message":"INFO o.a.k.c.c.AbstractConfig(logAll):376 JsonConverterConfig values: \n\tconverter.type = value\n\tdecimal.format = BASE64\n\tschemas.cache.size = 1000\n\tschemas.enable = false\n"}}
{"type":"LOG","log":{"level":"INFO","message":"INFO o.a.k.c.c.AbstractConfig(logAll):376 EmbeddedConfig values: \n\taccess.control.allow.methods = \n\taccess.control.allow.origin = \n\tadmin.listeners = null\n\tauto.include.jmx.reporter = true\n\tbootstrap.servers = [localhost:9092]\n\tclient.dns.lookup = use_all_dns_ips\n\tconfig.providers = []\n\tconnector.client.config.override.policy = All\n\theader.converter = class org.apache.kafka.connect.storage.SimpleHeaderConverter\n\tkey.converter = class org.apache.kafka.connect.json.JsonConverter\n\tlisteners = [http://:8083]\n\tmetric.reporters = []\n\tmetrics.num.samples = 2\n\tmetrics.recording.level = INFO\n\tmetrics.sample.window.ms = 30000\n\toffset.flush.interval.ms = 1000\n\toffset.flush.timeout.ms = 5000\n\toffset.storage.file.filename = /tmp/cdc-state-offset9420835723244568083/offset.dat\n\toffset.storage.partitions = null\n\toffset.storage.replication.factor = null\n\toffset.storage.topic = \n\tplugin.path = null\n\tresponse.http.headers.config = \n\trest.advertised.host.name = null\n\trest.advertised.listener = null\n\trest.advertised.port = null\n\trest.extension.classes = []\n\tssl.cipher.suites = null\n\tssl.client.auth = none\n\tssl.enabled.protocols = [TLSv1.2, TLSv1.3]\n\tssl.endpoint.identification.algorithm = https\n\tssl.engine.factory.class = null\n\tssl.key.password = null\n\tssl.keymanager.algorithm = SunX509\n\tssl.keystore.certificate.chain = null\n\tssl.keystore.key = null\n\tssl.keystore.location = null\n\tssl.keystore.password = null\n\tssl.keystore.type = JKS\n\tssl.protocol = TLSv1.3\n\tssl.provider = null\n\tssl.secure.random.implementation = null\n\tssl.trustmanager.algorithm = PKIX\n\tssl.truststore.certificates = null\n\tssl.truststore.location = null\n\tssl.truststore.password = null\n\tssl.truststore.type = JKS\n\ttask.shutdown.graceful.timeout.ms = 5000\n\ttopic.creation.enable = true\n\ttopic.tracking.allow.reset = true\n\ttopic.tracking.enable = true\n\tvalue.converter = class org.apache.kafka.connect.json.JsonConverter\n"}}
{"type":"LOG","log":{"level":"WARN","message":"WARN o.a.k.c.r.WorkerConfig(logPluginPathConfigProviderWarning):379 Variables cannot be used in the 'plugin.path' property, since the property is used by plugin scanning before the config providers that replace the variables are initialized. The raw value 'null' was used for plugin scanning, as opposed to the transformed value 'null', and this may cause unexpected results."}}
{"type":"LOG","log":{"level":"INFO","message":"INFO o.a.k.c.c.AbstractConfig(logAll):376 JsonConverterConfig values: \n\tconverter.type = key\n\tdecimal.format = BASE64\n\tschemas.cache.size = 1000\n\tschemas.enable = false\n"}}
{"type":"LOG","log":{"level":"INFO","message":"INFO o.a.k.c.c.AbstractConfig(logAll):376 JsonConverterConfig values: \n\tconverter.type = value\n\tdecimal.format = BASE64\n\tschemas.cache.size = 1000\n\tschemas.enable = false\n"}}
{"type":"LOG","log":{"level":"WARN","message":"WARN i.d.c.p.PostgresConnectorConfig(validateFlushLsnSource):1070 Property 'flush.lsn.source' is set to 'false', the LSN will not be flushed to the database source and WAL logs will not be cleared. User is expected to handle this outside Debezium."}}
{"type":"LOG","log":{"level":"INFO","message":"INFO i.d.c.p.PostgresConnector(testConnection):154 Successfully tested connection for jdbc:postgresql://localhost:56006/db_ghwjcrmqxo with user 'test'"}}
{"type":"LOG","log":{"level":"INFO","message":"INFO i.d.j.JdbcConnection(lambda$doClose$4):947 Connection gracefully closed"}}
{"type":"LOG","log":{"level":"INFO","message":"INFO o.a.k.c.s.FileOffsetBackingStore(start):58 Starting FileOffsetBackingStore with file /tmp/cdc-state-offset9420835723244568083/offset.dat"}}
{"type":"LOG","log":{"level":"WARN","message":"WARN i.d.c.p.PostgresConnectorConfig(validateFlushLsnSource):1070 Property 'flush.lsn.source' is set to 'false', the LSN will not be flushed to the database source and WAL logs will not be cleared. User is expected to handle this outside Debezium."}}
{"type":"LOG","log":{"level":"INFO","message":"INFO i.d.c.c.BaseSourceTask(start):124 Starting PostgresConnectorTask with configuration:"}}
{"type":"LOG","log":{"level":"INFO","message":"INFO i.d.c.c.BaseSourceTask(lambda$start$0):126    connector.class = io.debezium.connector.postgresql.PostgresConnector"}}
{"type":"LOG","log":{"level":"INFO","message":"INFO i.d.c.c.BaseSourceTask(lambda$start$0):126    max.queue.size = 8192"}}
{"type":"LOG","log":{"level":"INFO","message":"INFO i.d.c.c.BaseSourceTask(lambda$start$0):126    slot.name = debezium_slot_db_ghwjcrmqxo"}}
{"type":"LOG","log":{"level":"INFO","message":"INFO i.d.c.c.BaseSourceTask(lambda$start$0):126    publication.name = publication"}}
{"type":"LOG","log":{"level":"INFO","message":"INFO i.d.c.c.BaseSourceTask(lambda$start$0):126    topic.prefix = db_ghwjcrmqxo"}}
{"type":"LOG","log":{"level":"INFO","message":"INFO i.d.c.c.BaseSourceTask(lambda$start$0):126    offset.storage.file.filename = /tmp/cdc-state-offset9420835723244568083/offset.dat"}}
{"type":"LOG","log":{"level":"INFO","message":"INFO i.d.c.c.BaseSourceTask(lambda$start$0):126    decimal.handling.mode = string"}}
{"type":"LOG","log":{"level":"INFO","message":"INFO i.d.c.c.BaseSourceTask(lambda$start$0):126    flush.lsn.source = false"}}
{"type":"LOG","log":{"level":"INFO","message":"INFO i.d.c.c.BaseSourceTask(lambda$start$0):126    converters = datetime"}}
{"type":"LOG","log":{"level":"INFO","message":"INFO i.d.c.c.BaseSourceTask(lambda$start$0):126    errors.retry.delay.initial.ms = 299"}}
{"type":"LOG","log":{"level":"INFO","message":"INFO i.d.c.c.BaseSourceTask(lambda$start$0):126    datetime.type = io.airbyte.integrations.debezium.internals.postgres.PostgresConverter"}}
{"type":"LOG","log":{"level":"INFO","message":"INFO i.d.c.c.BaseSourceTask(lambda$start$0):126    value.converter = org.apache.kafka.connect.json.JsonConverter"}}
{"type":"LOG","log":{"level":"INFO","message":"INFO i.d.c.c.BaseSourceTask(lambda$start$0):126    key.converter = org.apache.kafka.connect.json.JsonConverter"}}
{"type":"LOG","log":{"level":"INFO","message":"INFO i.d.c.c.BaseSourceTask(lambda$start$0):126    publication.autocreate.mode = disabled"}}
{"type":"LOG","log":{"level":"INFO","message":"INFO i.d.c.c.BaseSourceTask(lambda$start$0):126    database.user = test"}}
{"type":"LOG","log":{"level":"INFO","message":"INFO i.d.c.c.BaseSourceTask(lambda$start$0):126    database.dbname = db_ghwjcrmqxo"}}
{"type":"LOG","log":{"level":"INFO","message":"INFO i.d.c.c.BaseSourceTask(lambda$start$0):126    offset.storage = org.apache.kafka.connect.storage.FileOffsetBackingStore"}}
{"type":"LOG","log":{"level":"INFO","message":"INFO i.d.c.c.BaseSourceTask(lambda$start$0):126    errors.retry.delay.max.ms = 300"}}
{"type":"LOG","log":{"level":"INFO","message":"INFO i.d.c.c.BaseSourceTask(lambda$start$0):126    offset.flush.timeout.ms = 5000"}}
{"type":"LOG","log":{"level":"INFO","message":"INFO i.d.c.c.BaseSourceTask(lambda$start$0):126    heartbeat.interval.ms = 10000"}}
{"type":"LOG","log":{"level":"INFO","message":"INFO i.d.c.c.BaseSourceTask(lambda$start$0):126    column.include.list = \\Qmodels_schema.models\\E\\.(\\Qmodel\\E|\\Qid\\E|\\Qmake_id\\E)"}}
{"type":"LOG","log":{"level":"INFO","message":"INFO i.d.c.c.BaseSourceTask(lambda$start$0):126    plugin.name = pgoutput"}}
{"type":"LOG","log":{"level":"INFO","message":"INFO i.d.c.c.BaseSourceTask(lambda$start$0):126    database.port = 56006"}}
{"type":"LOG","log":{"level":"INFO","message":"INFO i.d.c.c.BaseSourceTask(lambda$start$0):126    offset.flush.interval.ms = 1000"}}
{"type":"LOG","log":{"level":"INFO","message":"INFO i.d.c.c.BaseSourceTask(lambda$start$0):126    key.converter.schemas.enable = false"}}
{"type":"LOG","log":{"level":"INFO","message":"INFO i.d.c.c.BaseSourceTask(lambda$start$0):126    include.unknown.datatypes = true"}}
{"type":"LOG","log":{"level":"INFO","message":"INFO i.d.c.c.BaseSourceTask(lambda$start$0):126    errors.max.retries = 10"}}
{"type":"LOG","log":{"level":"INFO","message":"INFO i.d.c.c.BaseSourceTask(lambda$start$0):126    database.hostname = localhost"}}
{"type":"LOG","log":{"level":"INFO","message":"INFO i.d.c.c.BaseSourceTask(lambda$start$0):126    database.password = ********"}}
{"type":"LOG","log":{"level":"INFO","message":"INFO i.d.c.c.BaseSourceTask(lambda$start$0):126    value.converter.schemas.enable = false"}}
{"type":"LOG","log":{"level":"INFO","message":"INFO i.d.c.c.BaseSourceTask(lambda$start$0):126    name = db_ghwjcrmqxo"}}
{"type":"LOG","log":{"level":"INFO","message":"INFO i.d.c.c.BaseSourceTask(lambda$start$0):126    max.batch.size = 2048"}}
{"type":"LOG","log":{"level":"INFO","message":"INFO i.d.c.c.BaseSourceTask(lambda$start$0):126    table.include.list = \\Qmodels_schema.models\\E"}}
{"type":"LOG","log":{"level":"INFO","message":"INFO i.d.c.c.BaseSourceTask(lambda$start$0):126    snapshot.mode = initial"}}
{"type":"LOG","log":{"level":"INFO","message":"INFO i.d.c.c.BaseSourceTask(startIfNeededAndPossible):243 Attempting to start task"}}
{"type":"LOG","log":{"level":"INFO","message":"INFO i.d.c.CommonConnectorConfig(getTopicNamingStrategy):849 Loading the custom topic naming strategy plugin: io.debezium.schema.SchemaTopicNamingStrategy"}}
{"type":"LOG","log":{"level":"INFO","message":"INFO i.d.j.JdbcConnection(lambda$doClose$4):947 Connection gracefully closed"}}
{"type":"LOG","log":{"level":"INFO","message":"INFO i.d.c.c.BaseSourceTask(getPreviousOffsets):375 No previous offsets found"}}
{"type":"LOG","log":{"level":"INFO","message":"INFO i.d.c.p.PostgresConnectorTask(start):113 user 'test' connected to database 'db_ghwjcrmqxo' on PostgreSQL 13.11 on x86_64-pc-linux-musl, compiled by gcc (Alpine 12.2.1_git20220924-r10) 12.2.1 20220924, 64-bit with roles:\n\trole 'pg_read_all_settings' [superuser: false, replication: false, inherit: true, create role: false, create db: false, can log in: false]\n\trole 'pg_stat_scan_tables' [superuser: false, replication: false, inherit: true, create role: false, create db: false, can log in: false]\n\trole 'pg_write_server_files' [superuser: false, replication: false, inherit: true, create role: false, create db: false, can log in: false]\n\trole 'test' [superuser: true, replication: true, inherit: true, create role: true, create db: true, can log in: true]\n\trole 'pg_monitor' [superuser: false, replication: false, inherit: true, create role: false, create db: false, can log in: false]\n\trole 'pg_read_server_files' [superuser: false, replication: false, inherit: true, create role: false, create db: false, can log in: false]\n\trole 'pg_execute_server_program' [superuser: false, replication: false, inherit: true, create role: false, create db: false, can log in: false]\n\trole 'pg_read_all_stats' [superuser: false, replication: false, inherit: true, create role: false, create db: false, can log in: false]\n\trole 'pg_signal_backend' [superuser: false, replication: false, inherit: true, create role: false, create db: false, can log in: false]"}}
{"type":"LOG","log":{"level":"INFO","message":"INFO i.d.c.p.c.PostgresConnection(readReplicationSlotInfo):264 Obtained valid replication slot ReplicationSlot [active=false, latestFlushedLsn=LSN{0/16CB9D0}, catalogXmin=504]"}}
{"type":"LOG","log":{"level":"INFO","message":"INFO i.d.c.p.PostgresConnectorTask(start):122 No previous offset found"}}
{"type":"LOG","log":{"level":"INFO","message":"INFO i.d.u.Threads(threadFactory):270 Requested thread factory for connector PostgresConnector, id = db_ghwjcrmqxo named = change-event-source-coordinator"}}
{"type":"LOG","log":{"level":"INFO","message":"INFO i.d.u.Threads$3(newThread):287 Creating thread debezium-postgresconnector-db_ghwjcrmqxo-change-event-source-coordinator"}}
{"type":"LOG","log":{"level":"INFO","message":"INFO i.d.c.c.BaseSourceTask(startIfNeededAndPossible):245 Successfully started task"}}
{"type":"LOG","log":{"level":"INFO","message":"INFO i.d.p.ChangeEventSourceCoordinator(lambda$start$0):103 Metrics registered"}}
{"type":"LOG","log":{"level":"INFO","message":"INFO i.d.p.ChangeEventSourceCoordinator(lambda$start$0):106 Context created"}}
{"type":"LOG","log":{"level":"INFO","message":"INFO i.d.c.p.s.InitialSnapshotter(shouldSnapshot):34 Taking initial snapshot for new datasource"}}
{"type":"LOG","log":{"level":"INFO","message":"INFO i.d.c.p.PostgresSnapshotChangeEventSource(getSnapshottingTask):65 According to the connector configuration data will be snapshotted"}}
{"type":"LOG","log":{"level":"INFO","message":"INFO i.d.r.RelationalSnapshotChangeEventSource(doExecute):110 Snapshot step 1 - Preparing"}}
{"type":"LOG","log":{"level":"INFO","message":"INFO i.d.r.RelationalSnapshotChangeEventSource(doExecute):119 Snapshot step 2 - Determining captured tables"}}
{"type":"LOG","log":{"level":"INFO","message":"INFO i.d.r.RelationalSnapshotChangeEventSource(determineCapturedTables):267 Adding table models_schema.models to the list of capture schema tables"}}
{"type":"LOG","log":{"level":"INFO","message":"INFO i.d.r.RelationalSnapshotChangeEventSource(determineCapturedTables):267 Adding table models_schema_random.models_random to the list of capture schema tables"}}
{"type":"LOG","log":{"level":"INFO","message":"INFO i.d.r.RelationalSnapshotChangeEventSource(doExecute):126 Snapshot step 3 - Locking captured tables [models_schema.models]"}}
{"type":"LOG","log":{"level":"INFO","message":"INFO i.d.r.RelationalSnapshotChangeEventSource(doExecute):132 Snapshot step 4 - Determining snapshot offset"}}
{"type":"LOG","log":{"level":"INFO","message":"INFO i.d.c.p.PostgresOffsetContext(initialContext):233 Creating initial offset context"}}
{"type":"LOG","log":{"level":"INFO","message":"INFO i.d.c.p.PostgresOffsetContext(initialContext):236 Read xlogStart at 'LSN{0/16CBC58}' from transaction '505'"}}
{"type":"LOG","log":{"level":"INFO","message":"INFO i.d.c.p.PostgresSnapshotChangeEventSource(updateOffsetForSnapshot):147 Read xlogStart at 'LSN{0/16CBC58}' from transaction '505'"}}
{"type":"LOG","log":{"level":"INFO","message":"INFO i.d.r.RelationalSnapshotChangeEventSource(doExecute):135 Snapshot step 5 - Reading structure of captured tables"}}
{"type":"LOG","log":{"level":"INFO","message":"INFO i.d.c.p.PostgresSnapshotChangeEventSource(readTableStructure):193 Reading structure of schema 'models_schema' of catalog 'db_ghwjcrmqxo'"}}
{"type":"LOG","log":{"level":"INFO","message":"INFO i.d.r.RelationalSnapshotChangeEventSource(doExecute):139 Snapshot step 5.a - Creating connection pool"}}
{"type":"LOG","log":{"level":"INFO","message":"INFO i.d.r.RelationalSnapshotChangeEventSource(createConnectionPool):213 Created connection pool with 1 threads"}}
{"type":"LOG","log":{"level":"INFO","message":"INFO i.d.r.RelationalSnapshotChangeEventSource(doExecute):144 Snapshot step 6 - Persisting schema history"}}
{"type":"LOG","log":{"level":"INFO","message":"INFO i.d.r.RelationalSnapshotChangeEventSource(doExecute):156 Snapshot step 7 - Snapshotting data"}}
{"type":"LOG","log":{"level":"INFO","message":"INFO i.d.r.RelationalSnapshotChangeEventSource(createDataEvents):390 Creating snapshot worker pool with 1 worker thread(s)"}}
{"type":"LOG","log":{"level":"INFO","message":"INFO i.d.r.RelationalSnapshotChangeEventSource(createDataEvents):399 For table 'models_schema.models' using select statement: 'SELECT \"id\", \"make_id\", \"model\" FROM \"models_schema\".\"models\"'"}}
{"type":"LOG","log":{"level":"INFO","message":"INFO i.d.r.RelationalSnapshotChangeEventSource(doCreateDataEventsForTable):513 Exporting data from table 'models_schema.models' (1 of 1 tables)"}}
{"type":"LOG","log":{"level":"INFO","message":"INFO i.d.r.RelationalSnapshotChangeEventSource(doCreateDataEventsForTable):559 \t Finished exporting 6 records for table 'models_schema.models' (1 of 1 tables); total duration '00:00:00.011'"}}
{"type":"LOG","log":{"level":"INFO","message":"INFO i.d.p.s.AbstractSnapshotChangeEventSource(execute):88 Snapshot - Final stage"}}
{"type":"LOG","log":{"level":"INFO","message":"INFO i.d.p.s.AbstractSnapshotChangeEventSource(execute):92 Snapshot completed"}}
{"type":"LOG","log":{"level":"INFO","message":"INFO i.d.p.ChangeEventSourceCoordinator(doSnapshot):156 Snapshot ended with SnapshotResult [status=COMPLETED, offset=PostgresOffsetContext [sourceInfoSchema=Schema{io.debezium.connector.postgresql.Source:STRUCT}, sourceInfo=source_info[server='db_ghwjcrmqxo'db='db_ghwjcrmqxo', lsn=LSN{0/16CBC58}, txId=505, timestamp=2023-05-20T13:49:28.074807Z, snapshot=FALSE, schema=models_schema, table=models], lastSnapshotRecord=true, lastCompletelyProcessedLsn=null, lastCommitLsn=null, streamingStoppingLsn=null, transactionContext=TransactionContext [currentTransactionId=null, perTableEventCount={}, totalEventCount=0], incrementalSnapshotContext=IncrementalSnapshotContext [windowOpened=false, chunkEndPosition=null, dataCollectionsToSnapshot=[], lastEventKeySent=null, maximumKey=null]]]"}}
{"type":"LOG","log":{"level":"INFO","message":"INFO i.d.p.ChangeEventSourceCoordinator(streamingConnected):240 Connected metrics set to 'true'"}}
{"type":"LOG","log":{"level":"INFO","message":"INFO i.d.c.p.PostgresSchema(printReplicaIdentityInfo):100 REPLICA IDENTITY for 'models_schema.models' is 'DEFAULT'; UPDATE and DELETE events will contain previous values only for PK columns"}}
{"type":"LOG","log":{"level":"INFO","message":"INFO i.d.p.ChangeEventSourceCoordinator(streamEvents):173 Starting streaming"}}
{"type":"LOG","log":{"level":"INFO","message":"INFO i.d.c.p.PostgresStreamingChangeEventSource(execute):136 Retrieved latest position from stored offset 'LSN{0/16CBC58}'"}}
{"type":"LOG","log":{"level":"INFO","message":"INFO i.d.c.p.c.WalPositionLocator(<init>):48 Looking for WAL restart position for last commit LSN 'null' and last change LSN 'LSN{0/16CBC58}'"}}
{"type":"LOG","log":{"level":"INFO","message":"INFO i.d.c.p.c.PostgresReplicationConnection(initPublication):147 Initializing PgOutput logical decoder publication"}}
{"type":"LOG","log":{"level":"INFO","message":"INFO i.d.c.p.c.PostgresConnection(readReplicationSlotInfo):264 Obtained valid replication slot ReplicationSlot [active=false, latestFlushedLsn=LSN{0/16CB9D0}, catalogXmin=504]"}}
{"type":"LOG","log":{"level":"INFO","message":"INFO i.d.j.JdbcConnection(lambda$doClose$4):947 Connection gracefully closed"}}
{"type":"LOG","log":{"level":"INFO","message":"INFO i.d.u.Threads(threadFactory):270 Requested thread factory for connector PostgresConnector, id = db_ghwjcrmqxo named = keep-alive"}}
{"type":"LOG","log":{"level":"INFO","message":"INFO i.d.u.Threads$3(newThread):287 Creating thread debezium-postgresconnector-db_ghwjcrmqxo-keep-alive"}}
{"type":"LOG","log":{"level":"INFO","message":"INFO i.d.c.p.PostgresSchema(printReplicaIdentityInfo):100 REPLICA IDENTITY for 'models_schema.models' is 'DEFAULT'; UPDATE and DELETE events will contain previous values only for PK columns"}}
{"type":"LOG","log":{"level":"INFO","message":"INFO i.d.c.p.PostgresStreamingChangeEventSource(searchWalPosition):327 Searching for WAL resume position"}}
{"type":"LOG","log":{"level":"INFO","message":"INFO i.a.i.d.i.p.PostgresCdcTargetPosition(reachedTargetPosition):61 Signalling close because Snapshot is complete"}}
{"type":"LOG","log":{"level":"INFO","message":"INFO i.a.i.d.i.DebeziumRecordIterator(requestClose):208 Closing: Change event reached target position"}}
{"type":"LOG","log":{"level":"INFO","message":"INFO i.d.e.EmbeddedEngine(stop):1146 Stopping the embedded engine"}}
{"type":"LOG","log":{"level":"INFO","message":"INFO i.d.e.EmbeddedEngine(stop):1153 Waiting for PT5M for connector to stop"}}
{"type":"LOG","log":{"level":"INFO","message":"INFO i.d.e.EmbeddedEngine(run):944 Stopping the task and engine"}}
{"type":"LOG","log":{"level":"INFO","message":"INFO i.d.c.c.BaseSourceTask(stop):278 Stopping down connector"}}
{"type":"LOG","log":{"level":"INFO","message":"INFO i.d.c.p.PostgresStreamingChangeEventSource(searchWalPosition):348 WAL resume position 'null' discovered"}}
{"type":"LOG","log":{"level":"INFO","message":"INFO i.d.j.JdbcConnection(lambda$doClose$4):947 Connection gracefully closed"}}
{"type":"LOG","log":{"level":"INFO","message":"INFO i.d.j.JdbcConnection(lambda$doClose$4):947 Connection gracefully closed"}}
{"type":"LOG","log":{"level":"INFO","message":"INFO i.d.c.p.c.PostgresReplicationConnection(initPublication):147 Initializing PgOutput logical decoder publication"}}
{"type":"LOG","log":{"level":"INFO","message":"INFO i.d.u.Threads(threadFactory):270 Requested thread factory for connector PostgresConnector, id = db_ghwjcrmqxo named = keep-alive"}}
{"type":"LOG","log":{"level":"INFO","message":"INFO i.d.u.Threads$3(newThread):287 Creating thread debezium-postgresconnector-db_ghwjcrmqxo-keep-alive"}}
{"type":"LOG","log":{"level":"INFO","message":"INFO i.d.c.p.PostgresStreamingChangeEventSource(processMessages):211 Processing messages"}}
{"type":"LOG","log":{"level":"INFO","message":"INFO i.d.j.JdbcConnection(lambda$doClose$4):947 Connection gracefully closed"}}
{"type":"LOG","log":{"level":"INFO","message":"INFO i.d.j.JdbcConnection(lambda$doClose$4):947 Connection gracefully closed"}}
{"type":"LOG","log":{"level":"INFO","message":"INFO i.d.p.ChangeEventSourceCoordinator(streamEvents):175 Finished streaming"}}
{"type":"LOG","log":{"level":"INFO","message":"INFO i.d.p.ChangeEventSourceCoordinator(streamingConnected):240 Connected metrics set to 'false'"}}
{"type":"LOG","log":{"level":"INFO","message":"INFO o.a.k.c.s.FileOffsetBackingStore(stop):66 Stopped FileOffsetBackingStore"}}
{"type":"LOG","log":{"level":"INFO","message":"INFO i.a.i.d.i.DebeziumRecordPublisher(lambda$start$1):73 Debezium engine shutdown."}}
{"type":"LOG","log":{"level":"INFO","message":"INFO i.a.i.d.i.DebeziumRecordPublisher(lambda$start$1):74 Connector 'io.debezium.connector.postgresql.PostgresConnector' completed normally."}}
{"type":"LOG","log":{"level":"INFO","message":"INFO i.a.i.s.p.PostgresCdcStateHandler(saveState):37 debezium state: {\"[\\\"db_ghwjcrmqxo\\\",{\\\"server\\\":\\\"db_ghwjcrmqxo\\\"}]\":\"{\\\"transaction_id\\\":null,\\\"lsn\\\":23903320,\\\"txId\\\":505,\\\"ts_usec\\\":1684590568074807}\"}"}}
{"type":"LOG","log":{"level":"INFO","message":"INFO i.a.i.s.r.AbstractDbSource(lambda$read$1):173 Closing database connection pool."}}
{"type":"LOG","log":{"level":"INFO","message":"INFO c.z.h.HikariDataSource(close):350 HikariPool-19 - Shutdown initiated..."}}
{"type":"LOG","log":{"level":"INFO","message":"INFO c.z.h.HikariDataSource(close):352 HikariPool-19 - Shutdown completed."}}
{"type":"LOG","log":{"level":"INFO","message":"INFO i.a.i.s.r.AbstractDbSource(lambda$read$1):175 Closed database connection pool."}}
{"type":"LOG","log":{"level":"INFO","message":"INFO i.a.i.s.p.PostgresUtils(isCdc):53 using CDC: true"}}
{"type":"LOG","log":{"level":"INFO","message":"INFO i.a.i.s.r.s.StateManagerFactory(createStateManager):51 Global state manager selected to manage state object with type GLOBAL."}}
{"type":"LOG","log":{"level":"INFO","message":"INFO i.a.i.s.r.CdcStateManager(<init>):29 Initialized CDC state with: io.airbyte.integrations.source.relationaldb.models.CdcState@1e1f9de4[state={\"[\\\"db_ghwjcrmqxo\\\",{\\\"server\\\":\\\"db_ghwjcrmqxo\\\"}]\":\"{\\\"transaction_id\\\":null,\\\"lsn\\\":23903320,\\\"txId\\\":505,\\\"ts_usec\\\":1684590568074807}\"},additionalProperties={}]"}}
{"type":"LOG","log":{"level":"INFO","message":"INFO c.z.h.HikariDataSource(<init>):80 HikariPool-20 - Starting..."}}
{"type":"LOG","log":{"level":"INFO","message":"INFO c.z.h.HikariDataSource(<init>):82 HikariPool-20 - Start completed."}}
{"type":"LOG","log":{"level":"INFO","message":"INFO i.a.i.s.p.PostgresUtils(isCdc):53 using CDC: true"}}
{"type":"LOG","log":{"level":"INFO","message":"INFO i.a.d.j.s.AdaptiveStreamingQueryConfig(initialize):31 Set initial fetch size: 10 rows"}}
{"type":"LOG","log":{"level":"INFO","message":"INFO i.a.i.s.p.PostgresCdcCatalogHelper(getPublicizedTables):119 For CDC, only tables in publication publication will be included in the sync: [models_schema.models, models_schema_random.models_random]"}}
{"type":"LOG","log":{"level":"INFO","message":"INFO i.a.i.s.j.AbstractJdbcSource(logPreSyncDebugData):450 Data source product recognized as PostgreSQL:13.11"}}
{"type":"LOG","log":{"level":"INFO","message":"INFO i.a.i.s.p.PostgresSource(logPreSyncDebugData):221 Discovering indexes for schema \"models_schema\", table \"models\""}}
{"type":"LOG","log":{"level":"INFO","message":"INFO i.a.i.s.p.PostgresSource(logPreSyncDebugData):223 Index name: models_pkey, Column: id, Unique: true"}}
{"type":"LOG","log":{"level":"INFO","message":"INFO i.a.i.s.p.PostgresQueryUtils(logXminStatus):77 Xmin Status : {Number of wraparounds: 0, Xmin Transaction Value: 507, Xmin Raw Value: 507"}}
{"type":"LOG","log":{"level":"INFO","message":"INFO i.a.i.s.j.AbstractJdbcSource(discoverInternal):166 Internal schemas to exclude: [catalog_history, information_schema, pg_catalog, pg_internal]"}}
{"type":"LOG","log":{"level":"INFO","message":"INFO i.a.d.j.s.AdaptiveStreamingQueryConfig(initialize):31 Set initial fetch size: 10 rows"}}
{"type":"LOG","log":{"level":"INFO","message":"INFO i.a.i.s.j.AbstractJdbcSource(discoverInternal):166 Internal schemas to exclude: [catalog_history, information_schema, pg_catalog, pg_internal]"}}
{"type":"LOG","log":{"level":"INFO","message":"INFO i.a.d.j.s.AdaptiveStreamingQueryConfig(initialize):31 Set initial fetch size: 10 rows"}}
{"type":"LOG","log":{"level":"INFO","message":"INFO i.a.i.s.p.PostgresUtils(isCdc):53 using CDC: true"}}
{"type":"LOG","log":{"level":"INFO","message":"INFO i.a.i.s.p.PostgresUtils(getFirstRecordWaitTime):111 First record waiting time: 30 seconds"}}
{"type":"LOG","log":{"level":"INFO","message":"INFO i.a.i.s.p.PostgresSource(getIncrementalIterators):369 First record waiting time: 30 seconds"}}
{"type":"LOG","log":{"level":"INFO","message":"INFO i.a.i.s.p.PostgresUtils(shouldFlushAfterSync):61 Should flush after sync: true"}}
{"type":"LOG","log":{"level":"INFO","message":"INFO o.a.k.c.c.AbstractConfig(logAll):376 StandaloneConfig values: \n\taccess.control.allow.methods = \n\taccess.control.allow.origin = \n\tadmin.listeners = null\n\tauto.include.jmx.reporter = true\n\tbootstrap.servers = [localhost:9092]\n\tclient.dns.lookup = use_all_dns_ips\n\tconfig.providers = []\n\tconnector.client.config.override.policy = All\n\theader.converter = class org.apache.kafka.connect.storage.SimpleHeaderConverter\n\tkey.converter = class org.apache.kafka.connect.json.JsonConverter\n\tlisteners = [http://:8083]\n\tmetric.reporters = []\n\tmetrics.num.samples = 2\n\tmetrics.recording.level = INFO\n\tmetrics.sample.window.ms = 30000\n\toffset.flush.interval.ms = 1000\n\toffset.flush.timeout.ms = 5000\n\toffset.storage.file.filename = /tmp/cdc-state-offset7613660921677910411/offset.dat\n\tplugin.path = null\n\tresponse.http.headers.config = \n\trest.advertised.host.name = null\n\trest.advertised.listener = null\n\trest.advertised.port = null\n\trest.extension.classes = []\n\tssl.cipher.suites = null\n\tssl.client.auth = none\n\tssl.enabled.protocols = [TLSv1.2, TLSv1.3]\n\tssl.endpoint.identification.algorithm = https\n\tssl.engine.factory.class = null\n\tssl.key.password = null\n\tssl.keymanager.algorithm = SunX509\n\tssl.keystore.certificate.chain = null\n\tssl.keystore.key = null\n\tssl.keystore.location = null\n\tssl.keystore.password = null\n\tssl.keystore.type = JKS\n\tssl.protocol = TLSv1.3\n\tssl.provider = null\n\tssl.secure.random.implementation = null\n\tssl.trustmanager.algorithm = PKIX\n\tssl.truststore.certificates = null\n\tssl.truststore.location = null\n\tssl.truststore.password = null\n\tssl.truststore.type = JKS\n\ttask.shutdown.graceful.timeout.ms = 5000\n\ttopic.creation.enable = true\n\ttopic.tracking.allow.reset = true\n\ttopic.tracking.enable = true\n\tvalue.converter = class org.apache.kafka.connect.json.JsonConverter\n"}}
{"type":"LOG","log":{"level":"WARN","message":"WARN o.a.k.c.r.WorkerConfig(logPluginPathConfigProviderWarning):379 Variables cannot be used in the 'plugin.path' property, since the property is used by plugin scanning before the config providers that replace the variables are initialized. The raw value 'null' was used for plugin scanning, as opposed to the transformed value 'null', and this may cause unexpected results."}}
{"type":"LOG","log":{"level":"INFO","message":"INFO o.a.k.c.s.FileOffsetBackingStore(start):58 Starting FileOffsetBackingStore with file /tmp/cdc-state-offset7613660921677910411/offset.dat"}}
{"type":"LOG","log":{"level":"INFO","message":"INFO o.a.k.c.c.AbstractConfig(logAll):376 JsonConverterConfig values: \n\tconverter.type = key\n\tdecimal.format = BASE64\n\tschemas.cache.size = 1000\n\tschemas.enable = false\n"}}
{"type":"LOG","log":{"level":"INFO","message":"INFO o.a.k.c.c.AbstractConfig(logAll):376 JsonConverterConfig values: \n\tconverter.type = value\n\tdecimal.format = BASE64\n\tschemas.cache.size = 1000\n\tschemas.enable = false\n"}}
{"type":"LOG","log":{"level":"INFO","message":"INFO i.a.i.d.i.p.PostgresDebeziumStateUtil(extractLsn):201 Found previous partition offset PostgresPartition [sourcePartition={server=db_ghwjcrmqxo}]: {transaction_id=null, lsn=23903320, txId=505, ts_usec=1684590568074807}"}}
{"type":"LOG","log":{"level":"INFO","message":"INFO i.a.i.d.i.p.PostgresDebeziumStateUtil(parseSavedOffset):181 Closing offsetStorageReader and fileOffsetBackingStore"}}
{"type":"LOG","log":{"level":"INFO","message":"INFO o.a.k.c.s.FileOffsetBackingStore(stop):66 Stopped FileOffsetBackingStore"}}
{"type":"LOG","log":{"level":"INFO","message":"INFO i.a.i.s.p.PostgresSource(lambda$getReplicationSlot$4):296 Attempting to find the named replication slot using the query: HikariProxyPreparedStatement@587820621 wrapping SELECT * FROM pg_replication_slots WHERE slot_name = 'debezium_slot_db_ghwjcrmqxo' AND plugin = 'pgoutput' AND database = 'db_ghwjcrmqxo'"}}
{"type":"LOG","log":{"level":"INFO","message":"INFO i.a.d.j.s.AdaptiveStreamingQueryConfig(initialize):31 Set initial fetch size: 10 rows"}}
{"type":"LOG","log":{"level":"INFO","message":"INFO i.a.i.d.i.p.PostgresDebeziumStateUtil(isSavedOffsetAfterReplicationSlotLSN):62 Replication slot confirmed_flush_lsn : 23902672 Saved offset LSN : 23903320"}}
{"type":"LOG","log":{"level":"INFO","message":"INFO i.a.i.s.p.PostgresUtils(shouldFlushAfterSync):61 Should flush after sync: true"}}
{"type":"LOG","log":{"level":"INFO","message":"INFO i.a.i.d.i.p.PostgresReplicationConnection(createConnection):44 Creating a replication connection."}}
{"type":"LOG","log":{"level":"INFO","message":"INFO i.a.i.d.i.p.PostgresReplicationConnection(createConnection):47 Validating replication connection."}}
{"type":"LOG","log":{"level":"INFO","message":"INFO i.a.i.d.i.p.PostgresCdcTargetPosition(targetPosition):49 identified target lsn: PgLsn{lsn=23903472}"}}
{"type":"LOG","log":{"level":"INFO","message":"INFO i.a.i.s.p.PostgresUtils(shouldFlushAfterSync):61 Should flush after sync: true"}}
{"type":"LOG","log":{"level":"INFO","message":"INFO i.a.i.d.AirbyteDebeziumHandler(getIncrementalIterators):95 Using CDC: true"}}
{"type":"LOG","log":{"level":"INFO","message":"INFO o.a.k.c.c.AbstractConfig(logAll):376 JsonConverterConfig values: \n\tconverter.type = key\n\tdecimal.format = BASE64\n\tschemas.cache.size = 1000\n\tschemas.enable = false\n"}}
{"type":"LOG","log":{"level":"INFO","message":"INFO o.a.k.c.c.AbstractConfig(logAll):376 JsonConverterConfig values: \n\tconverter.type = value\n\tdecimal.format = BASE64\n\tschemas.cache.size = 1000\n\tschemas.enable = false\n"}}
{"type":"LOG","log":{"level":"INFO","message":"INFO o.a.k.c.c.AbstractConfig(logAll):376 EmbeddedConfig values: \n\taccess.control.allow.methods = \n\taccess.control.allow.origin = \n\tadmin.listeners = null\n\tauto.include.jmx.reporter = true\n\tbootstrap.servers = [localhost:9092]\n\tclient.dns.lookup = use_all_dns_ips\n\tconfig.providers = []\n\tconnector.client.config.override.policy = All\n\theader.converter = class org.apache.kafka.connect.storage.SimpleHeaderConverter\n\tkey.converter = class org.apache.kafka.connect.json.JsonConverter\n\tlisteners = [http://:8083]\n\tmetric.reporters = []\n\tmetrics.num.samples = 2\n\tmetrics.recording.level = INFO\n\tmetrics.sample.window.ms = 30000\n\toffset.flush.interval.ms = 1000\n\toffset.flush.timeout.ms = 5000\n\toffset.storage.file.filename = /tmp/cdc-state-offset8413556794627484640/offset.dat\n\toffset.storage.partitions = null\n\toffset.storage.replication.factor = null\n\toffset.storage.topic = \n\tplugin.path = null\n\tresponse.http.headers.config = \n\trest.advertised.host.name = null\n\trest.advertised.listener = null\n\trest.advertised.port = null\n\trest.extension.classes = []\n\tssl.cipher.suites = null\n\tssl.client.auth = none\n\tssl.enabled.protocols = [TLSv1.2, TLSv1.3]\n\tssl.endpoint.identification.algorithm = https\n\tssl.engine.factory.class = null\n\tssl.key.password = null\n\tssl.keymanager.algorithm = SunX509\n\tssl.keystore.certificate.chain = null\n\tssl.keystore.key = null\n\tssl.keystore.location = null\n\tssl.keystore.password = null\n\tssl.keystore.type = JKS\n\tssl.protocol = TLSv1.3\n\tssl.provider = null\n\tssl.secure.random.implementation = null\n\tssl.trustmanager.algorithm = PKIX\n\tssl.truststore.certificates = null\n\tssl.truststore.location = null\n\tssl.truststore.password = null\n\tssl.truststore.type = JKS\n\ttask.shutdown.graceful.timeout.ms = 5000\n\ttopic.creation.enable = true\n\ttopic.tracking.allow.reset = true\n\ttopic.tracking.enable = true\n\tvalue.converter = class org.apache.kafka.connect.json.JsonConverter\n"}}
{"type":"LOG","log":{"level":"WARN","message":"WARN o.a.k.c.r.WorkerConfig(logPluginPathConfigProviderWarning):379 Variables cannot be used in the 'plugin.path' property, since the property is used by plugin scanning before the config providers that replace the variables are initialized. The raw value 'null' was used for plugin scanning, as opposed to the transformed value 'null', and this may cause unexpected results."}}
{"type":"LOG","log":{"level":"INFO","message":"INFO o.a.k.c.c.AbstractConfig(logAll):376 JsonConverterConfig values: \n\tconverter.type = key\n\tdecimal.format = BASE64\n\tschemas.cache.size = 1000\n\tschemas.enable = false\n"}}
{"type":"LOG","log":{"level":"INFO","message":"INFO o.a.k.c.c.AbstractConfig(logAll):376 JsonConverterConfig values: \n\tconverter.type = value\n\tdecimal.format = BASE64\n\tschemas.cache.size = 1000\n\tschemas.enable = false\n"}}
{"type":"LOG","log":{"level":"WARN","message":"WARN i.d.c.p.PostgresConnectorConfig(validateFlushLsnSource):1070 Property 'flush.lsn.source' is set to 'false', the LSN will not be flushed to the database source and WAL logs will not be cleared. User is expected to handle this outside Debezium."}}
{"type":"LOG","log":{"level":"INFO","message":"INFO i.d.c.p.PostgresConnector(testConnection):154 Successfully tested connection for jdbc:postgresql://localhost:56006/db_ghwjcrmqxo with user 'test'"}}
{"type":"LOG","log":{"level":"INFO","message":"INFO i.d.j.JdbcConnection(lambda$doClose$4):947 Connection gracefully closed"}}
{"type":"LOG","log":{"level":"INFO","message":"INFO o.a.k.c.s.FileOffsetBackingStore(start):58 Starting FileOffsetBackingStore with file /tmp/cdc-state-offset8413556794627484640/offset.dat"}}
{"type":"LOG","log":{"level":"WARN","message":"WARN i.d.c.p.PostgresConnectorConfig(validateFlushLsnSource):1070 Property 'flush.lsn.source' is set to 'false', the LSN will not be flushed to the database source and WAL logs will not be cleared. User is expected to handle this outside Debezium."}}
{"type":"LOG","log":{"level":"INFO","message":"INFO i.d.c.c.BaseSourceTask(start):124 Starting PostgresConnectorTask with configuration:"}}
{"type":"LOG","log":{"level":"INFO","message":"INFO i.d.c.c.BaseSourceTask(lambda$start$0):126    connector.class = io.debezium.connector.postgresql.PostgresConnector"}}
{"type":"LOG","log":{"level":"INFO","message":"INFO i.d.c.c.BaseSourceTask(lambda$start$0):126    max.queue.size = 8192"}}
{"type":"LOG","log":{"level":"INFO","message":"INFO i.d.c.c.BaseSourceTask(lambda$start$0):126    slot.name = debezium_slot_db_ghwjcrmqxo"}}
{"type":"LOG","log":{"level":"INFO","message":"INFO i.d.c.c.BaseSourceTask(lambda$start$0):126    publication.name = publication"}}
{"type":"LOG","log":{"level":"INFO","message":"INFO i.d.c.c.BaseSourceTask(lambda$start$0):126    topic.prefix = db_ghwjcrmqxo"}}
{"type":"LOG","log":{"level":"INFO","message":"INFO i.d.c.c.BaseSourceTask(lambda$start$0):126    offset.storage.file.filename = /tmp/cdc-state-offset8413556794627484640/offset.dat"}}
{"type":"LOG","log":{"level":"INFO","message":"INFO i.d.c.c.BaseSourceTask(lambda$start$0):126    decimal.handling.mode = string"}}
{"type":"LOG","log":{"level":"INFO","message":"INFO i.d.c.c.BaseSourceTask(lambda$start$0):126    flush.lsn.source = false"}}
{"type":"LOG","log":{"level":"INFO","message":"INFO i.d.c.c.BaseSourceTask(lambda$start$0):126    converters = datetime"}}
{"type":"LOG","log":{"level":"INFO","message":"INFO i.d.c.c.BaseSourceTask(lambda$start$0):126    errors.retry.delay.initial.ms = 299"}}
{"type":"LOG","log":{"level":"INFO","message":"INFO i.d.c.c.BaseSourceTask(lambda$start$0):126    datetime.type = io.airbyte.integrations.debezium.internals.postgres.PostgresConverter"}}
{"type":"LOG","log":{"level":"INFO","message":"INFO i.d.c.c.BaseSourceTask(lambda$start$0):126    value.converter = org.apache.kafka.connect.json.JsonConverter"}}
{"type":"LOG","log":{"level":"INFO","message":"INFO i.d.c.c.BaseSourceTask(lambda$start$0):126    key.converter = org.apache.kafka.connect.json.JsonConverter"}}
{"type":"LOG","log":{"level":"INFO","message":"INFO i.d.c.c.BaseSourceTask(lambda$start$0):126    publication.autocreate.mode = disabled"}}
{"type":"LOG","log":{"level":"INFO","message":"INFO i.d.c.c.BaseSourceTask(lambda$start$0):126    database.user = test"}}
{"type":"LOG","log":{"level":"INFO","message":"INFO i.d.c.c.BaseSourceTask(lambda$start$0):126    database.dbname = db_ghwjcrmqxo"}}
{"type":"LOG","log":{"level":"INFO","message":"INFO i.d.c.c.BaseSourceTask(lambda$start$0):126    offset.storage = org.apache.kafka.connect.storage.FileOffsetBackingStore"}}
{"type":"LOG","log":{"level":"INFO","message":"INFO i.d.c.c.BaseSourceTask(lambda$start$0):126    errors.retry.delay.max.ms = 300"}}
{"type":"LOG","log":{"level":"INFO","message":"INFO i.d.c.c.BaseSourceTask(lambda$start$0):126    offset.flush.timeout.ms = 5000"}}
{"type":"LOG","log":{"level":"INFO","message":"INFO i.d.c.c.BaseSourceTask(lambda$start$0):126    heartbeat.interval.ms = 10000"}}
{"type":"LOG","log":{"level":"INFO","message":"INFO i.d.c.c.BaseSourceTask(lambda$start$0):126    column.include.list = \\Qmodels_schema.models\\E\\.(\\Qmodel\\E|\\Qid\\E|\\Qmake_id\\E)"}}
{"type":"LOG","log":{"level":"INFO","message":"INFO i.d.c.c.BaseSourceTask(lambda$start$0):126    plugin.name = pgoutput"}}
{"type":"LOG","log":{"level":"INFO","message":"INFO i.d.c.c.BaseSourceTask(lambda$start$0):126    database.port = 56006"}}
{"type":"LOG","log":{"level":"INFO","message":"INFO i.d.c.c.BaseSourceTask(lambda$start$0):126    offset.flush.interval.ms = 1000"}}
{"type":"LOG","log":{"level":"INFO","message":"INFO i.d.c.c.BaseSourceTask(lambda$start$0):126    key.converter.schemas.enable = false"}}
{"type":"LOG","log":{"level":"INFO","message":"INFO i.d.c.c.BaseSourceTask(lambda$start$0):126    include.unknown.datatypes = true"}}
{"type":"LOG","log":{"level":"INFO","message":"INFO i.d.c.c.BaseSourceTask(lambda$start$0):126    errors.max.retries = 10"}}
{"type":"LOG","log":{"level":"INFO","message":"INFO i.d.c.c.BaseSourceTask(lambda$start$0):126    database.hostname = localhost"}}
{"type":"LOG","log":{"level":"INFO","message":"INFO i.d.c.c.BaseSourceTask(lambda$start$0):126    database.password = ********"}}
{"type":"LOG","log":{"level":"INFO","message":"INFO i.d.c.c.BaseSourceTask(lambda$start$0):126    value.converter.schemas.enable = false"}}
{"type":"LOG","log":{"level":"INFO","message":"INFO i.d.c.c.BaseSourceTask(lambda$start$0):126    name = db_ghwjcrmqxo"}}
{"type":"LOG","log":{"level":"INFO","message":"INFO i.d.c.c.BaseSourceTask(lambda$start$0):126    max.batch.size = 2048"}}
{"type":"LOG","log":{"level":"INFO","message":"INFO i.d.c.c.BaseSourceTask(lambda$start$0):126    table.include.list = \\Qmodels_schema.models\\E"}}
{"type":"LOG","log":{"level":"INFO","message":"INFO i.d.c.c.BaseSourceTask(lambda$start$0):126    snapshot.mode = initial"}}
{"type":"LOG","log":{"level":"INFO","message":"INFO i.d.c.c.BaseSourceTask(startIfNeededAndPossible):243 Attempting to start task"}}
{"type":"LOG","log":{"level":"INFO","message":"INFO i.d.c.CommonConnectorConfig(getTopicNamingStrategy):849 Loading the custom topic naming strategy plugin: io.debezium.schema.SchemaTopicNamingStrategy"}}
{"type":"LOG","log":{"level":"INFO","message":"INFO i.d.j.JdbcConnection(lambda$doClose$4):947 Connection gracefully closed"}}
{"type":"LOG","log":{"level":"INFO","message":"INFO i.d.c.c.BaseSourceTask(getPreviousOffsets):370 Found previous partition offset PostgresPartition [sourcePartition={server=db_ghwjcrmqxo}]: {transaction_id=null, lsn=23903320, txId=505, ts_usec=1684590568074807}"}}
{"type":"LOG","log":{"level":"INFO","message":"INFO i.d.c.p.PostgresConnectorTask(start):113 user 'test' connected to database 'db_ghwjcrmqxo' on PostgreSQL 13.11 on x86_64-pc-linux-musl, compiled by gcc (Alpine 12.2.1_git20220924-r10) 12.2.1 20220924, 64-bit with roles:\n\trole 'pg_read_all_settings' [superuser: false, replication: false, inherit: true, create role: false, create db: false, can log in: false]\n\trole 'pg_stat_scan_tables' [superuser: false, replication: false, inherit: true, create role: false, create db: false, can log in: false]\n\trole 'pg_write_server_files' [superuser: false, replication: false, inherit: true, create role: false, create db: false, can log in: false]\n\trole 'test' [superuser: true, replication: true, inherit: true, create role: true, create db: true, can log in: true]\n\trole 'pg_monitor' [superuser: false, replication: false, inherit: true, create role: false, create db: false, can log in: false]\n\trole 'pg_read_server_files' [superuser: false, replication: false, inherit: true, create role: false, create db: false, can log in: false]\n\trole 'pg_execute_server_program' [superuser: false, replication: false, inherit: true, create role: false, create db: false, can log in: false]\n\trole 'pg_read_all_stats' [superuser: false, replication: false, inherit: true, create role: false, create db: false, can log in: false]\n\trole 'pg_signal_backend' [superuser: false, replication: false, inherit: true, create role: false, create db: false, can log in: false]"}}
{"type":"LOG","log":{"level":"INFO","message":"INFO i.d.c.p.c.PostgresConnection(readReplicationSlotInfo):264 Obtained valid replication slot ReplicationSlot [active=false, latestFlushedLsn=LSN{0/16CBC58}, catalogXmin=504]"}}
{"type":"LOG","log":{"level":"INFO","message":"INFO i.d.c.p.PostgresConnectorTask(start):127 Found previous offset PostgresOffsetContext [sourceInfoSchema=Schema{io.debezium.connector.postgresql.Source:STRUCT}, sourceInfo=source_info[server='db_ghwjcrmqxo'db='db_ghwjcrmqxo', lsn=LSN{0/16CBC58}, txId=505, timestamp=2023-05-20T13:49:28.074807Z, snapshot=FALSE, schema=, table=], lastSnapshotRecord=false, lastCompletelyProcessedLsn=null, lastCommitLsn=null, streamingStoppingLsn=null, transactionContext=TransactionContext [currentTransactionId=null, perTableEventCount={}, totalEventCount=0], incrementalSnapshotContext=IncrementalSnapshotContext [windowOpened=false, chunkEndPosition=null, dataCollectionsToSnapshot=[], lastEventKeySent=null, maximumKey=null]]"}}
{"type":"LOG","log":{"level":"INFO","message":"INFO i.d.u.Threads(threadFactory):270 Requested thread factory for connector PostgresConnector, id = db_ghwjcrmqxo named = change-event-source-coordinator"}}
{"type":"LOG","log":{"level":"INFO","message":"INFO i.d.u.Threads$3(newThread):287 Creating thread debezium-postgresconnector-db_ghwjcrmqxo-change-event-source-coordinator"}}
{"type":"LOG","log":{"level":"INFO","message":"INFO i.d.c.c.BaseSourceTask(startIfNeededAndPossible):245 Successfully started task"}}
{"type":"LOG","log":{"level":"INFO","message":"INFO i.d.p.ChangeEventSourceCoordinator(lambda$start$0):103 Metrics registered"}}
{"type":"LOG","log":{"level":"INFO","message":"INFO i.d.p.ChangeEventSourceCoordinator(lambda$start$0):106 Context created"}}
{"type":"LOG","log":{"level":"INFO","message":"INFO i.d.c.p.s.InitialSnapshotter(shouldSnapshot):42 Previous snapshot has completed successfully, streaming logical changes from last known position"}}
{"type":"LOG","log":{"level":"INFO","message":"INFO i.d.c.p.PostgresSnapshotChangeEventSource(getSnapshottingTask):68 According to the connector configuration no snapshot will be executed"}}
{"type":"LOG","log":{"level":"INFO","message":"INFO i.d.p.ChangeEventSourceCoordinator(doSnapshot):156 Snapshot ended with SnapshotResult [status=SKIPPED, offset=PostgresOffsetContext [sourceInfoSchema=Schema{io.debezium.connector.postgresql.Source:STRUCT}, sourceInfo=source_info[server='db_ghwjcrmqxo'db='db_ghwjcrmqxo', lsn=LSN{0/16CBC58}, txId=505, timestamp=2023-05-20T13:49:28.074807Z, snapshot=FALSE, schema=, table=], lastSnapshotRecord=false, lastCompletelyProcessedLsn=null, lastCommitLsn=null, streamingStoppingLsn=null, transactionContext=TransactionContext [currentTransactionId=null, perTableEventCount={}, totalEventCount=0], incrementalSnapshotContext=IncrementalSnapshotContext [windowOpened=false, chunkEndPosition=null, dataCollectionsToSnapshot=[], lastEventKeySent=null, maximumKey=null]]]"}}
{"type":"LOG","log":{"level":"INFO","message":"INFO i.d.p.ChangeEventSourceCoordinator(streamingConnected):240 Connected metrics set to 'true'"}}
{"type":"LOG","log":{"level":"INFO","message":"INFO i.d.c.p.PostgresSchema(printReplicaIdentityInfo):100 REPLICA IDENTITY for 'models_schema.models' is 'DEFAULT'; UPDATE and DELETE events will contain previous values only for PK columns"}}
{"type":"LOG","log":{"level":"INFO","message":"INFO i.d.p.ChangeEventSourceCoordinator(streamEvents):173 Starting streaming"}}
{"type":"LOG","log":{"level":"INFO","message":"INFO i.d.c.p.PostgresStreamingChangeEventSource(execute):136 Retrieved latest position from stored offset 'LSN{0/16CBC58}'"}}
{"type":"LOG","log":{"level":"INFO","message":"INFO i.d.c.p.c.WalPositionLocator(<init>):48 Looking for WAL restart position for last commit LSN 'null' and last change LSN 'LSN{0/16CBC58}'"}}
{"type":"LOG","log":{"level":"INFO","message":"INFO i.d.c.p.c.PostgresReplicationConnection(initPublication):147 Initializing PgOutput logical decoder publication"}}
{"type":"LOG","log":{"level":"INFO","message":"INFO i.d.c.p.c.PostgresConnection(readReplicationSlotInfo):264 Obtained valid replication slot ReplicationSlot [active=false, latestFlushedLsn=LSN{0/16CBC58}, catalogXmin=504]"}}
{"type":"LOG","log":{"level":"INFO","message":"INFO i.d.j.JdbcConnection(lambda$doClose$4):947 Connection gracefully closed"}}
{"type":"LOG","log":{"level":"INFO","message":"INFO i.d.u.Threads(threadFactory):270 Requested thread factory for connector PostgresConnector, id = db_ghwjcrmqxo named = keep-alive"}}
{"type":"LOG","log":{"level":"INFO","message":"INFO i.d.u.Threads$3(newThread):287 Creating thread debezium-postgresconnector-db_ghwjcrmqxo-keep-alive"}}
{"type":"LOG","log":{"level":"INFO","message":"INFO i.d.c.p.PostgresSchema(printReplicaIdentityInfo):100 REPLICA IDENTITY for 'models_schema.models' is 'DEFAULT'; UPDATE and DELETE events will contain previous values only for PK columns"}}
{"type":"LOG","log":{"level":"INFO","message":"INFO i.d.c.p.PostgresStreamingChangeEventSource(searchWalPosition):327 Searching for WAL resume position"}}
{"type":"LOG","log":{"level":"INFO","message":"INFO i.d.c.p.c.WalPositionLocator(resumeFromLsn):71 First LSN 'LSN{0/16CBC80}' received"}}
{"type":"LOG","log":{"level":"INFO","message":"INFO i.d.c.p.PostgresStreamingChangeEventSource(searchWalPosition):348 WAL resume position 'LSN{0/16CBC80}' discovered"}}
{"type":"LOG","log":{"level":"INFO","message":"INFO i.d.j.JdbcConnection(lambda$doClose$4):947 Connection gracefully closed"}}
{"type":"LOG","log":{"level":"INFO","message":"INFO i.d.j.JdbcConnection(lambda$doClose$4):947 Connection gracefully closed"}}
{"type":"LOG","log":{"level":"INFO","message":"INFO i.d.c.p.c.PostgresReplicationConnection(initPublication):147 Initializing PgOutput logical decoder publication"}}
{"type":"LOG","log":{"level":"INFO","message":"INFO i.d.u.Threads(threadFactory):270 Requested thread factory for connector PostgresConnector, id = db_ghwjcrmqxo named = keep-alive"}}
{"type":"LOG","log":{"level":"INFO","message":"INFO i.d.u.Threads$3(newThread):287 Creating thread debezium-postgresconnector-db_ghwjcrmqxo-keep-alive"}}
{"type":"LOG","log":{"level":"INFO","message":"INFO i.d.c.p.PostgresStreamingChangeEventSource(processMessages):211 Processing messages"}}
{"type":"LOG","log":{"level":"INFO","message":"INFO i.d.c.p.c.WalPositionLocator(skipMessage):152 Message with LSN 'LSN{0/16CBC80}' arrived, switching off the filtering"}}
{"type":"LOG","log":{"level":"INFO","message":"INFO i.d.c.c.BaseSourceTask(logStatistics):195 3 records sent during previous 00:00:10.712, last recorded offset of {server=db_ghwjcrmqxo} partition is {transaction_id=null, lsn_proc=23903472, messageType=DELETE, lsn_commit=23903472, lsn=23903472, txId=506, ts_usec=1684590578606648}"}}
{"type":"LOG","log":{"level":"INFO","message":"INFO i.a.i.d.i.DebeziumRecordIterator(requestClose):208 Closing: Heartbeat indicates sync is done"}}
{"type":"LOG","log":{"level":"INFO","message":"INFO i.d.e.EmbeddedEngine(stop):1146 Stopping the embedded engine"}}
{"type":"LOG","log":{"level":"INFO","message":"INFO i.d.e.EmbeddedEngine(stop):1153 Waiting for PT5M for connector to stop"}}
{"type":"LOG","log":{"level":"INFO","message":"INFO i.d.e.EmbeddedEngine(run):944 Stopping the task and engine"}}
{"type":"LOG","log":{"level":"INFO","message":"INFO i.d.c.c.BaseSourceTask(stop):278 Stopping down connector"}}
{"type":"LOG","log":{"level":"INFO","message":"INFO i.d.j.JdbcConnection(lambda$doClose$4):947 Connection gracefully closed"}}
{"type":"LOG","log":{"level":"INFO","message":"INFO i.d.j.JdbcConnection(lambda$doClose$4):947 Connection gracefully closed"}}
{"type":"LOG","log":{"level":"INFO","message":"INFO i.d.p.ChangeEventSourceCoordinator(streamEvents):175 Finished streaming"}}
{"type":"LOG","log":{"level":"INFO","message":"INFO i.d.p.ChangeEventSourceCoordinator(streamingConnected):240 Connected metrics set to 'false'"}}
{"type":"LOG","log":{"level":"INFO","message":"INFO o.a.k.c.s.FileOffsetBackingStore(stop):66 Stopped FileOffsetBackingStore"}}
{"type":"LOG","log":{"level":"INFO","message":"INFO i.a.i.d.i.DebeziumRecordPublisher(lambda$start$1):73 Debezium engine shutdown."}}
{"type":"LOG","log":{"level":"INFO","message":"INFO i.a.i.d.i.DebeziumRecordPublisher(lambda$start$1):74 Connector 'io.debezium.connector.postgresql.PostgresConnector' completed normally."}}
{"type":"LOG","log":{"level":"INFO","message":"INFO i.a.i.s.p.PostgresCdcStateHandler(saveState):37 debezium state: {\"[\\\"db_ghwjcrmqxo\\\",{\\\"server\\\":\\\"db_ghwjcrmqxo\\\"}]\":\"{\\\"transaction_id\\\":null,\\\"lsn_proc\\\":23903472,\\\"messageType\\\":\\\"DELETE\\\",\\\"lsn_commit\\\":23903472,\\\"lsn\\\":23903472,\\\"txId\\\":506,\\\"ts_usec\\\":1684590578606648}\"}"}}
{"type":"LOG","log":{"level":"INFO","message":"INFO i.a.i.s.r.AbstractDbSource(lambda$read$1):173 Closing database connection pool."}}
{"type":"LOG","log":{"level":"INFO","message":"INFO c.z.h.HikariDataSource(close):350 HikariPool-20 - Shutdown initiated..."}}
{"type":"LOG","log":{"level":"INFO","message":"INFO c.z.h.HikariDataSource(close):352 HikariPool-20 - Shutdown completed."}}
{"type":"LOG","log":{"level":"INFO","message":"INFO i.a.i.s.r.AbstractDbSource(lambda$read$1):175 Closed database connection pool."}}
{"type":"LOG","log":{"level":"INFO","message":"INFO o.t.c.GenericContainer(tryStart):376 Creating container for image: debezium/postgres:13-alpine"}}
{"type":"LOG","log":{"level":"INFO","message":"INFO o.t.c.GenericContainer(tryStart):440 Container debezium/postgres:13-alpine is starting: c27a882f681e83f49232a602ec46237ec958aca3972cf763a33a01047306c9aa"}}
{"type":"LOG","log":{"level":"INFO","message":"INFO o.t.c.GenericContainer(tryStart):520 Container debezium/postgres:13-alpine started in PT5.818347S"}}
{"type":"LOG","log":{"level":"INFO","message":"INFO c.z.h.HikariDataSource(<init>):80 HikariPool-21 - Starting..."}}
{"type":"LOG","log":{"level":"INFO","message":"INFO c.z.h.HikariDataSource(<init>):82 HikariPool-21 - Start completed."}}
{"type":"LOG","log":{"level":"INFO","message":"INFO i.a.i.s.p.PostgresUtils(isCdc):53 using CDC: true"}}
{"type":"LOG","log":{"level":"INFO","message":"INFO i.a.i.s.r.s.StateManagerFactory(createStateManager):51 Global state manager selected to manage state object with type GLOBAL."}}
{"type":"LOG","log":{"level":"INFO","message":"INFO i.a.i.s.r.s.CursorManager(createCursorInfoForStream):182 No cursor field set in catalog but not present in state. Stream: models_schema_models, New Cursor Field: null. Resetting cursor value"}}
{"type":"LOG","log":{"level":"INFO","message":"INFO i.a.i.s.r.CdcStateManager(<init>):29 Initialized CDC state with: io.airbyte.integrations.source.relationaldb.models.CdcState@ff8df3[state=<null>,additionalProperties={}]"}}
{"type":"LOG","log":{"level":"INFO","message":"INFO c.z.h.HikariDataSource(<init>):80 HikariPool-22 - Starting..."}}
{"type":"LOG","log":{"level":"INFO","message":"INFO c.z.h.HikariDataSource(<init>):82 HikariPool-22 - Start completed."}}
{"type":"LOG","log":{"level":"INFO","message":"INFO i.a.i.s.p.PostgresUtils(isCdc):53 using CDC: true"}}
{"type":"LOG","log":{"level":"INFO","message":"INFO i.a.d.j.s.AdaptiveStreamingQueryConfig(initialize):31 Set initial fetch size: 10 rows"}}
{"type":"LOG","log":{"level":"INFO","message":"INFO i.a.i.s.p.PostgresCdcCatalogHelper(getPublicizedTables):119 For CDC, only tables in publication publication will be included in the sync: [models_schema.models, models_schema_random.models_random]"}}
{"type":"LOG","log":{"level":"INFO","message":"INFO i.a.i.s.j.AbstractJdbcSource(logPreSyncDebugData):450 Data source product recognized as PostgreSQL:13.11"}}
{"type":"LOG","log":{"level":"INFO","message":"INFO i.a.i.s.p.PostgresSource(logPreSyncDebugData):221 Discovering indexes for schema \"models_schema\", table \"models\""}}
{"type":"LOG","log":{"level":"INFO","message":"INFO i.a.i.s.p.PostgresSource(logPreSyncDebugData):223 Index name: models_pkey, Column: id, Unique: true"}}
{"type":"LOG","log":{"level":"INFO","message":"INFO i.a.i.s.p.PostgresQueryUtils(logXminStatus):77 Xmin Status : {Number of wraparounds: 0, Xmin Transaction Value: 506, Xmin Raw Value: 506"}}
{"type":"LOG","log":{"level":"INFO","message":"INFO i.a.i.s.j.AbstractJdbcSource(discoverInternal):166 Internal schemas to exclude: [catalog_history, information_schema, pg_catalog, pg_internal]"}}
{"type":"LOG","log":{"level":"INFO","message":"INFO i.a.d.j.s.AdaptiveStreamingQueryConfig(initialize):31 Set initial fetch size: 10 rows"}}
{"type":"LOG","log":{"level":"INFO","message":"INFO i.a.i.s.j.AbstractJdbcSource(discoverInternal):166 Internal schemas to exclude: [catalog_history, information_schema, pg_catalog, pg_internal]"}}
{"type":"LOG","log":{"level":"INFO","message":"INFO i.a.d.j.s.AdaptiveStreamingQueryConfig(initialize):31 Set initial fetch size: 10 rows"}}
{"type":"LOG","log":{"level":"INFO","message":"INFO i.a.i.s.p.PostgresUtils(isCdc):53 using CDC: true"}}
{"type":"LOG","log":{"level":"INFO","message":"INFO i.a.i.s.p.PostgresUtils(getFirstRecordWaitTime):111 First record waiting time: 30 seconds"}}
{"type":"LOG","log":{"level":"INFO","message":"INFO i.a.i.s.p.PostgresSource(getIncrementalIterators):369 First record waiting time: 30 seconds"}}
{"type":"LOG","log":{"level":"INFO","message":"INFO i.a.i.s.p.PostgresUtils(shouldFlushAfterSync):61 Should flush after sync: true"}}
{"type":"LOG","log":{"level":"INFO","message":"INFO o.a.k.c.c.AbstractConfig(logAll):376 StandaloneConfig values: \n\taccess.control.allow.methods = \n\taccess.control.allow.origin = \n\tadmin.listeners = null\n\tauto.include.jmx.reporter = true\n\tbootstrap.servers = [localhost:9092]\n\tclient.dns.lookup = use_all_dns_ips\n\tconfig.providers = []\n\tconnector.client.config.override.policy = All\n\theader.converter = class org.apache.kafka.connect.storage.SimpleHeaderConverter\n\tkey.converter = class org.apache.kafka.connect.json.JsonConverter\n\tlisteners = [http://:8083]\n\tmetric.reporters = []\n\tmetrics.num.samples = 2\n\tmetrics.recording.level = INFO\n\tmetrics.sample.window.ms = 30000\n\toffset.flush.interval.ms = 1000\n\toffset.flush.timeout.ms = 5000\n\toffset.storage.file.filename = /tmp/cdc-state-offset8669990751656956333/offset.dat\n\tplugin.path = null\n\tresponse.http.headers.config = \n\trest.advertised.host.name = null\n\trest.advertised.listener = null\n\trest.advertised.port = null\n\trest.extension.classes = []\n\tssl.cipher.suites = null\n\tssl.client.auth = none\n\tssl.enabled.protocols = [TLSv1.2, TLSv1.3]\n\tssl.endpoint.identification.algorithm = https\n\tssl.engine.factory.class = null\n\tssl.key.password = null\n\tssl.keymanager.algorithm = SunX509\n\tssl.keystore.certificate.chain = null\n\tssl.keystore.key = null\n\tssl.keystore.location = null\n\tssl.keystore.password = null\n\tssl.keystore.type = JKS\n\tssl.protocol = TLSv1.3\n\tssl.provider = null\n\tssl.secure.random.implementation = null\n\tssl.trustmanager.algorithm = PKIX\n\tssl.truststore.certificates = null\n\tssl.truststore.location = null\n\tssl.truststore.password = null\n\tssl.truststore.type = JKS\n\ttask.shutdown.graceful.timeout.ms = 5000\n\ttopic.creation.enable = true\n\ttopic.tracking.allow.reset = true\n\ttopic.tracking.enable = true\n\tvalue.converter = class org.apache.kafka.connect.json.JsonConverter\n"}}
{"type":"LOG","log":{"level":"WARN","message":"WARN o.a.k.c.r.WorkerConfig(logPluginPathConfigProviderWarning):379 Variables cannot be used in the 'plugin.path' property, since the property is used by plugin scanning before the config providers that replace the variables are initialized. The raw value 'null' was used for plugin scanning, as opposed to the transformed value 'null', and this may cause unexpected results."}}
{"type":"LOG","log":{"level":"INFO","message":"INFO o.a.k.c.s.FileOffsetBackingStore(start):58 Starting FileOffsetBackingStore with file /tmp/cdc-state-offset8669990751656956333/offset.dat"}}
{"type":"LOG","log":{"level":"INFO","message":"INFO o.a.k.c.c.AbstractConfig(logAll):376 JsonConverterConfig values: \n\tconverter.type = key\n\tdecimal.format = BASE64\n\tschemas.cache.size = 1000\n\tschemas.enable = false\n"}}
{"type":"LOG","log":{"level":"INFO","message":"INFO o.a.k.c.c.AbstractConfig(logAll):376 JsonConverterConfig values: \n\tconverter.type = value\n\tdecimal.format = BASE64\n\tschemas.cache.size = 1000\n\tschemas.enable = false\n"}}
{"type":"LOG","log":{"level":"INFO","message":"INFO i.a.i.d.i.p.PostgresDebeziumStateUtil(extractLsn):206 No previous offsets found"}}
{"type":"LOG","log":{"level":"INFO","message":"INFO i.a.i.d.i.p.PostgresDebeziumStateUtil(parseSavedOffset):181 Closing offsetStorageReader and fileOffsetBackingStore"}}
{"type":"LOG","log":{"level":"INFO","message":"INFO o.a.k.c.s.FileOffsetBackingStore(stop):66 Stopped FileOffsetBackingStore"}}
{"type":"LOG","log":{"level":"INFO","message":"INFO i.a.i.s.p.PostgresSource(lambda$getReplicationSlot$4):296 Attempting to find the named replication slot using the query: HikariProxyPreparedStatement@1365429449 wrapping SELECT * FROM pg_replication_slots WHERE slot_name = 'debezium_slot_db_fjwjkghjos' AND plugin = 'pgoutput' AND database = 'db_fjwjkghjos'"}}
{"type":"LOG","log":{"level":"INFO","message":"INFO i.a.d.j.s.AdaptiveStreamingQueryConfig(initialize):31 Set initial fetch size: 10 rows"}}
{"type":"LOG","log":{"level":"INFO","message":"INFO i.a.i.s.p.PostgresUtils(shouldFlushAfterSync):61 Should flush after sync: true"}}
{"type":"LOG","log":{"level":"INFO","message":"INFO i.a.i.d.i.p.PostgresCdcTargetPosition(targetPosition):49 identified target lsn: PgLsn{lsn=23903752}"}}
{"type":"LOG","log":{"level":"INFO","message":"INFO i.a.i.s.p.PostgresUtils(shouldFlushAfterSync):61 Should flush after sync: true"}}
{"type":"LOG","log":{"level":"INFO","message":"INFO i.a.i.d.AirbyteDebeziumHandler(getIncrementalIterators):95 Using CDC: true"}}
{"type":"LOG","log":{"level":"INFO","message":"INFO o.a.k.c.c.AbstractConfig(logAll):376 JsonConverterConfig values: \n\tconverter.type = key\n\tdecimal.format = BASE64\n\tschemas.cache.size = 1000\n\tschemas.enable = false\n"}}
{"type":"LOG","log":{"level":"INFO","message":"INFO o.a.k.c.c.AbstractConfig(logAll):376 JsonConverterConfig values: \n\tconverter.type = value\n\tdecimal.format = BASE64\n\tschemas.cache.size = 1000\n\tschemas.enable = false\n"}}
{"type":"LOG","log":{"level":"INFO","message":"INFO o.a.k.c.c.AbstractConfig(logAll):376 EmbeddedConfig values: \n\taccess.control.allow.methods = \n\taccess.control.allow.origin = \n\tadmin.listeners = null\n\tauto.include.jmx.reporter = true\n\tbootstrap.servers = [localhost:9092]\n\tclient.dns.lookup = use_all_dns_ips\n\tconfig.providers = []\n\tconnector.client.config.override.policy = All\n\theader.converter = class org.apache.kafka.connect.storage.SimpleHeaderConverter\n\tkey.converter = class org.apache.kafka.connect.json.JsonConverter\n\tlisteners = [http://:8083]\n\tmetric.reporters = []\n\tmetrics.num.samples = 2\n\tmetrics.recording.level = INFO\n\tmetrics.sample.window.ms = 30000\n\toffset.flush.interval.ms = 1000\n\toffset.flush.timeout.ms = 5000\n\toffset.storage.file.filename = /tmp/cdc-state-offset6686247092977109224/offset.dat\n\toffset.storage.partitions = null\n\toffset.storage.replication.factor = null\n\toffset.storage.topic = \n\tplugin.path = null\n\tresponse.http.headers.config = \n\trest.advertised.host.name = null\n\trest.advertised.listener = null\n\trest.advertised.port = null\n\trest.extension.classes = []\n\tssl.cipher.suites = null\n\tssl.client.auth = none\n\tssl.enabled.protocols = [TLSv1.2, TLSv1.3]\n\tssl.endpoint.identification.algorithm = https\n\tssl.engine.factory.class = null\n\tssl.key.password = null\n\tssl.keymanager.algorithm = SunX509\n\tssl.keystore.certificate.chain = null\n\tssl.keystore.key = null\n\tssl.keystore.location = null\n\tssl.keystore.password = null\n\tssl.keystore.type = JKS\n\tssl.protocol = TLSv1.3\n\tssl.provider = null\n\tssl.secure.random.implementation = null\n\tssl.trustmanager.algorithm = PKIX\n\tssl.truststore.certificates = null\n\tssl.truststore.location = null\n\tssl.truststore.password = null\n\tssl.truststore.type = JKS\n\ttask.shutdown.graceful.timeout.ms = 5000\n\ttopic.creation.enable = true\n\ttopic.tracking.allow.reset = true\n\ttopic.tracking.enable = true\n\tvalue.converter = class org.apache.kafka.connect.json.JsonConverter\n"}}
{"type":"LOG","log":{"level":"WARN","message":"WARN o.a.k.c.r.WorkerConfig(logPluginPathConfigProviderWarning):379 Variables cannot be used in the 'plugin.path' property, since the property is used by plugin scanning before the config providers that replace the variables are initialized. The raw value 'null' was used for plugin scanning, as opposed to the transformed value 'null', and this may cause unexpected results."}}
{"type":"LOG","log":{"level":"INFO","message":"INFO o.a.k.c.c.AbstractConfig(logAll):376 JsonConverterConfig values: \n\tconverter.type = key\n\tdecimal.format = BASE64\n\tschemas.cache.size = 1000\n\tschemas.enable = false\n"}}
{"type":"LOG","log":{"level":"INFO","message":"INFO o.a.k.c.c.AbstractConfig(logAll):376 JsonConverterConfig values: \n\tconverter.type = value\n\tdecimal.format = BASE64\n\tschemas.cache.size = 1000\n\tschemas.enable = false\n"}}
{"type":"LOG","log":{"level":"WARN","message":"WARN i.d.c.p.PostgresConnectorConfig(validateFlushLsnSource):1070 Property 'flush.lsn.source' is set to 'false', the LSN will not be flushed to the database source and WAL logs will not be cleared. User is expected to handle this outside Debezium."}}
{"type":"LOG","log":{"level":"INFO","message":"INFO i.d.c.p.PostgresConnector(testConnection):154 Successfully tested connection for jdbc:postgresql://localhost:56054/db_fjwjkghjos with user 'test'"}}
{"type":"LOG","log":{"level":"INFO","message":"INFO i.d.j.JdbcConnection(lambda$doClose$4):947 Connection gracefully closed"}}
{"type":"LOG","log":{"level":"INFO","message":"INFO o.a.k.c.s.FileOffsetBackingStore(start):58 Starting FileOffsetBackingStore with file /tmp/cdc-state-offset6686247092977109224/offset.dat"}}
{"type":"LOG","log":{"level":"WARN","message":"WARN i.d.c.p.PostgresConnectorConfig(validateFlushLsnSource):1070 Property 'flush.lsn.source' is set to 'false', the LSN will not be flushed to the database source and WAL logs will not be cleared. User is expected to handle this outside Debezium."}}
{"type":"LOG","log":{"level":"INFO","message":"INFO i.d.c.c.BaseSourceTask(start):124 Starting PostgresConnectorTask with configuration:"}}
{"type":"LOG","log":{"level":"INFO","message":"INFO i.d.c.c.BaseSourceTask(lambda$start$0):126    connector.class = io.debezium.connector.postgresql.PostgresConnector"}}
{"type":"LOG","log":{"level":"INFO","message":"INFO i.d.c.c.BaseSourceTask(lambda$start$0):126    max.queue.size = 8192"}}
{"type":"LOG","log":{"level":"INFO","message":"INFO i.d.c.c.BaseSourceTask(lambda$start$0):126    slot.name = debezium_slot_db_fjwjkghjos"}}
{"type":"LOG","log":{"level":"INFO","message":"INFO i.d.c.c.BaseSourceTask(lambda$start$0):126    publication.name = publication"}}
{"type":"LOG","log":{"level":"INFO","message":"INFO i.d.c.c.BaseSourceTask(lambda$start$0):126    topic.prefix = db_fjwjkghjos"}}
{"type":"LOG","log":{"level":"INFO","message":"INFO i.d.c.c.BaseSourceTask(lambda$start$0):126    offset.storage.file.filename = /tmp/cdc-state-offset6686247092977109224/offset.dat"}}
{"type":"LOG","log":{"level":"INFO","message":"INFO i.d.c.c.BaseSourceTask(lambda$start$0):126    decimal.handling.mode = string"}}
{"type":"LOG","log":{"level":"INFO","message":"INFO i.d.c.c.BaseSourceTask(lambda$start$0):126    flush.lsn.source = false"}}
{"type":"LOG","log":{"level":"INFO","message":"INFO i.d.c.c.BaseSourceTask(lambda$start$0):126    converters = datetime"}}
{"type":"LOG","log":{"level":"INFO","message":"INFO i.d.c.c.BaseSourceTask(lambda$start$0):126    errors.retry.delay.initial.ms = 299"}}
{"type":"LOG","log":{"level":"INFO","message":"INFO i.d.c.c.BaseSourceTask(lambda$start$0):126    datetime.type = io.airbyte.integrations.debezium.internals.postgres.PostgresConverter"}}
{"type":"LOG","log":{"level":"INFO","message":"INFO i.d.c.c.BaseSourceTask(lambda$start$0):126    value.converter = org.apache.kafka.connect.json.JsonConverter"}}
{"type":"LOG","log":{"level":"INFO","message":"INFO i.d.c.c.BaseSourceTask(lambda$start$0):126    key.converter = org.apache.kafka.connect.json.JsonConverter"}}
{"type":"LOG","log":{"level":"INFO","message":"INFO i.d.c.c.BaseSourceTask(lambda$start$0):126    publication.autocreate.mode = disabled"}}
{"type":"LOG","log":{"level":"INFO","message":"INFO i.d.c.c.BaseSourceTask(lambda$start$0):126    database.user = test"}}
{"type":"LOG","log":{"level":"INFO","message":"INFO i.d.c.c.BaseSourceTask(lambda$start$0):126    database.dbname = db_fjwjkghjos"}}
{"type":"LOG","log":{"level":"INFO","message":"INFO i.d.c.c.BaseSourceTask(lambda$start$0):126    offset.storage = org.apache.kafka.connect.storage.FileOffsetBackingStore"}}
{"type":"LOG","log":{"level":"INFO","message":"INFO i.d.c.c.BaseSourceTask(lambda$start$0):126    errors.retry.delay.max.ms = 300"}}
{"type":"LOG","log":{"level":"INFO","message":"INFO i.d.c.c.BaseSourceTask(lambda$start$0):126    offset.flush.timeout.ms = 5000"}}
{"type":"LOG","log":{"level":"INFO","message":"INFO i.d.c.c.BaseSourceTask(lambda$start$0):126    heartbeat.interval.ms = 10000"}}
{"type":"LOG","log":{"level":"INFO","message":"INFO i.d.c.c.BaseSourceTask(lambda$start$0):126    column.include.list = \\Qmodels_schema.models\\E\\.(\\Qmodel\\E|\\Qid\\E|\\Qmake_id\\E)"}}
{"type":"LOG","log":{"level":"INFO","message":"INFO i.d.c.c.BaseSourceTask(lambda$start$0):126    plugin.name = pgoutput"}}
{"type":"LOG","log":{"level":"INFO","message":"INFO i.d.c.c.BaseSourceTask(lambda$start$0):126    database.port = 56054"}}
{"type":"LOG","log":{"level":"INFO","message":"INFO i.d.c.c.BaseSourceTask(lambda$start$0):126    offset.flush.interval.ms = 1000"}}
{"type":"LOG","log":{"level":"INFO","message":"INFO i.d.c.c.BaseSourceTask(lambda$start$0):126    key.converter.schemas.enable = false"}}
{"type":"LOG","log":{"level":"INFO","message":"INFO i.d.c.c.BaseSourceTask(lambda$start$0):126    include.unknown.datatypes = true"}}
{"type":"LOG","log":{"level":"INFO","message":"INFO i.d.c.c.BaseSourceTask(lambda$start$0):126    errors.max.retries = 10"}}
{"type":"LOG","log":{"level":"INFO","message":"INFO i.d.c.c.BaseSourceTask(lambda$start$0):126    database.hostname = localhost"}}
{"type":"LOG","log":{"level":"INFO","message":"INFO i.d.c.c.BaseSourceTask(lambda$start$0):126    database.password = ********"}}
{"type":"LOG","log":{"level":"INFO","message":"INFO i.d.c.c.BaseSourceTask(lambda$start$0):126    value.converter.schemas.enable = false"}}
{"type":"LOG","log":{"level":"INFO","message":"INFO i.d.c.c.BaseSourceTask(lambda$start$0):126    name = db_fjwjkghjos"}}
{"type":"LOG","log":{"level":"INFO","message":"INFO i.d.c.c.BaseSourceTask(lambda$start$0):126    max.batch.size = 2048"}}
{"type":"LOG","log":{"level":"INFO","message":"INFO i.d.c.c.BaseSourceTask(lambda$start$0):126    table.include.list = \\Qmodels_schema.models\\E"}}
{"type":"LOG","log":{"level":"INFO","message":"INFO i.d.c.c.BaseSourceTask(lambda$start$0):126    snapshot.mode = initial"}}
{"type":"LOG","log":{"level":"INFO","message":"INFO i.d.c.c.BaseSourceTask(startIfNeededAndPossible):243 Attempting to start task"}}
{"type":"LOG","log":{"level":"INFO","message":"INFO i.d.c.CommonConnectorConfig(getTopicNamingStrategy):849 Loading the custom topic naming strategy plugin: io.debezium.schema.SchemaTopicNamingStrategy"}}
{"type":"LOG","log":{"level":"INFO","message":"INFO i.d.j.JdbcConnection(lambda$doClose$4):947 Connection gracefully closed"}}
{"type":"LOG","log":{"level":"INFO","message":"INFO i.d.c.c.BaseSourceTask(getPreviousOffsets):375 No previous offsets found"}}
{"type":"LOG","log":{"level":"INFO","message":"INFO i.d.c.p.PostgresConnectorTask(start):113 user 'test' connected to database 'db_fjwjkghjos' on PostgreSQL 13.11 on x86_64-pc-linux-musl, compiled by gcc (Alpine 12.2.1_git20220924-r10) 12.2.1 20220924, 64-bit with roles:\n\trole 'pg_read_all_settings' [superuser: false, replication: false, inherit: true, create role: false, create db: false, can log in: false]\n\trole 'pg_stat_scan_tables' [superuser: false, replication: false, inherit: true, create role: false, create db: false, can log in: false]\n\trole 'pg_write_server_files' [superuser: false, replication: false, inherit: true, create role: false, create db: false, can log in: false]\n\trole 'test' [superuser: true, replication: true, inherit: true, create role: true, create db: true, can log in: true]\n\trole 'pg_monitor' [superuser: false, replication: false, inherit: true, create role: false, create db: false, can log in: false]\n\trole 'pg_read_server_files' [superuser: false, replication: false, inherit: true, create role: false, create db: false, can log in: false]\n\trole 'pg_execute_server_program' [superuser: false, replication: false, inherit: true, create role: false, create db: false, can log in: false]\n\trole 'pg_read_all_stats' [superuser: false, replication: false, inherit: true, create role: false, create db: false, can log in: false]\n\trole 'pg_signal_backend' [superuser: false, replication: false, inherit: true, create role: false, create db: false, can log in: false]"}}
{"type":"LOG","log":{"level":"INFO","message":"INFO i.d.c.p.c.PostgresConnection(readReplicationSlotInfo):264 Obtained valid replication slot ReplicationSlot [active=false, latestFlushedLsn=LSN{0/16CB9D0}, catalogXmin=504]"}}
{"type":"LOG","log":{"level":"INFO","message":"INFO i.d.c.p.PostgresConnectorTask(start):122 No previous offset found"}}
{"type":"LOG","log":{"level":"INFO","message":"INFO i.d.u.Threads(threadFactory):270 Requested thread factory for connector PostgresConnector, id = db_fjwjkghjos named = change-event-source-coordinator"}}
{"type":"LOG","log":{"level":"INFO","message":"INFO i.d.u.Threads$3(newThread):287 Creating thread debezium-postgresconnector-db_fjwjkghjos-change-event-source-coordinator"}}
{"type":"LOG","log":{"level":"INFO","message":"INFO i.d.c.c.BaseSourceTask(startIfNeededAndPossible):245 Successfully started task"}}
{"type":"LOG","log":{"level":"INFO","message":"INFO i.d.p.ChangeEventSourceCoordinator(lambda$start$0):103 Metrics registered"}}
{"type":"LOG","log":{"level":"INFO","message":"INFO i.d.p.ChangeEventSourceCoordinator(lambda$start$0):106 Context created"}}
{"type":"LOG","log":{"level":"INFO","message":"INFO i.d.c.p.s.InitialSnapshotter(shouldSnapshot):34 Taking initial snapshot for new datasource"}}
{"type":"LOG","log":{"level":"INFO","message":"INFO i.d.c.p.PostgresSnapshotChangeEventSource(getSnapshottingTask):65 According to the connector configuration data will be snapshotted"}}
{"type":"LOG","log":{"level":"INFO","message":"INFO i.d.r.RelationalSnapshotChangeEventSource(doExecute):110 Snapshot step 1 - Preparing"}}
{"type":"LOG","log":{"level":"INFO","message":"INFO i.d.r.RelationalSnapshotChangeEventSource(doExecute):119 Snapshot step 2 - Determining captured tables"}}
{"type":"LOG","log":{"level":"INFO","message":"INFO i.d.r.RelationalSnapshotChangeEventSource(determineCapturedTables):267 Adding table models_schema.models to the list of capture schema tables"}}
{"type":"LOG","log":{"level":"INFO","message":"INFO i.d.r.RelationalSnapshotChangeEventSource(determineCapturedTables):267 Adding table models_schema_random.models_random to the list of capture schema tables"}}
{"type":"LOG","log":{"level":"INFO","message":"INFO i.d.r.RelationalSnapshotChangeEventSource(doExecute):126 Snapshot step 3 - Locking captured tables [models_schema.models]"}}
{"type":"LOG","log":{"level":"INFO","message":"INFO i.d.r.RelationalSnapshotChangeEventSource(doExecute):132 Snapshot step 4 - Determining snapshot offset"}}
{"type":"LOG","log":{"level":"INFO","message":"INFO i.d.c.p.PostgresOffsetContext(initialContext):233 Creating initial offset context"}}
{"type":"LOG","log":{"level":"INFO","message":"INFO i.d.c.p.PostgresOffsetContext(initialContext):236 Read xlogStart at 'LSN{0/16CBE08}' from transaction '506'"}}
{"type":"LOG","log":{"level":"INFO","message":"INFO i.d.c.p.PostgresSnapshotChangeEventSource(updateOffsetForSnapshot):147 Read xlogStart at 'LSN{0/16CBE08}' from transaction '506'"}}
{"type":"LOG","log":{"level":"INFO","message":"INFO i.d.r.RelationalSnapshotChangeEventSource(doExecute):135 Snapshot step 5 - Reading structure of captured tables"}}
{"type":"LOG","log":{"level":"INFO","message":"INFO i.d.c.p.PostgresSnapshotChangeEventSource(readTableStructure):193 Reading structure of schema 'models_schema' of catalog 'db_fjwjkghjos'"}}
{"type":"LOG","log":{"level":"INFO","message":"INFO i.d.r.RelationalSnapshotChangeEventSource(doExecute):139 Snapshot step 5.a - Creating connection pool"}}
{"type":"LOG","log":{"level":"INFO","message":"INFO i.d.r.RelationalSnapshotChangeEventSource(createConnectionPool):213 Created connection pool with 1 threads"}}
{"type":"LOG","log":{"level":"INFO","message":"INFO i.d.r.RelationalSnapshotChangeEventSource(doExecute):144 Snapshot step 6 - Persisting schema history"}}
{"type":"LOG","log":{"level":"INFO","message":"INFO i.d.r.RelationalSnapshotChangeEventSource(doExecute):156 Snapshot step 7 - Snapshotting data"}}
{"type":"LOG","log":{"level":"INFO","message":"INFO i.d.r.RelationalSnapshotChangeEventSource(createDataEvents):390 Creating snapshot worker pool with 1 worker thread(s)"}}
{"type":"LOG","log":{"level":"INFO","message":"INFO i.d.r.RelationalSnapshotChangeEventSource(createDataEvents):399 For table 'models_schema.models' using select statement: 'SELECT \"id\", \"make_id\", \"model\" FROM \"models_schema\".\"models\"'"}}
{"type":"LOG","log":{"level":"INFO","message":"INFO i.d.r.RelationalSnapshotChangeEventSource(doCreateDataEventsForTable):513 Exporting data from table 'models_schema.models' (1 of 1 tables)"}}
{"type":"LOG","log":{"level":"INFO","message":"INFO i.d.r.RelationalSnapshotChangeEventSource(doCreateDataEventsForTable):559 \t Finished exporting 0 records for table 'models_schema.models' (1 of 1 tables); total duration '00:00:00.006'"}}
{"type":"LOG","log":{"level":"INFO","message":"INFO i.d.p.s.AbstractSnapshotChangeEventSource(execute):88 Snapshot - Final stage"}}
{"type":"LOG","log":{"level":"INFO","message":"INFO i.d.p.s.AbstractSnapshotChangeEventSource(execute):92 Snapshot completed"}}
{"type":"LOG","log":{"level":"INFO","message":"INFO i.d.p.ChangeEventSourceCoordinator(doSnapshot):156 Snapshot ended with SnapshotResult [status=COMPLETED, offset=PostgresOffsetContext [sourceInfoSchema=Schema{io.debezium.connector.postgresql.Source:STRUCT}, sourceInfo=source_info[server='db_fjwjkghjos'db='db_fjwjkghjos', lsn=LSN{0/16CBE08}, txId=506, timestamp=2023-05-20T13:50:09.094Z, snapshot=FALSE, schema=, table=], lastSnapshotRecord=true, lastCompletelyProcessedLsn=null, lastCommitLsn=null, streamingStoppingLsn=null, transactionContext=TransactionContext [currentTransactionId=null, perTableEventCount={}, totalEventCount=0], incrementalSnapshotContext=IncrementalSnapshotContext [windowOpened=false, chunkEndPosition=null, dataCollectionsToSnapshot=[], lastEventKeySent=null, maximumKey=null]]]"}}
{"type":"LOG","log":{"level":"INFO","message":"INFO i.d.p.ChangeEventSourceCoordinator(streamingConnected):240 Connected metrics set to 'true'"}}
{"type":"LOG","log":{"level":"INFO","message":"INFO i.d.c.p.PostgresSchema(printReplicaIdentityInfo):100 REPLICA IDENTITY for 'models_schema.models' is 'DEFAULT'; UPDATE and DELETE events will contain previous values only for PK columns"}}
{"type":"LOG","log":{"level":"INFO","message":"INFO i.d.p.ChangeEventSourceCoordinator(streamEvents):173 Starting streaming"}}
{"type":"LOG","log":{"level":"INFO","message":"INFO i.d.c.p.PostgresStreamingChangeEventSource(execute):136 Retrieved latest position from stored offset 'LSN{0/16CBE08}'"}}
{"type":"LOG","log":{"level":"INFO","message":"INFO i.d.c.p.c.WalPositionLocator(<init>):48 Looking for WAL restart position for last commit LSN 'null' and last change LSN 'LSN{0/16CBE08}'"}}
{"type":"LOG","log":{"level":"INFO","message":"INFO i.d.c.p.c.PostgresReplicationConnection(initPublication):147 Initializing PgOutput logical decoder publication"}}
{"type":"LOG","log":{"level":"INFO","message":"INFO i.d.c.p.c.PostgresConnection(readReplicationSlotInfo):264 Obtained valid replication slot ReplicationSlot [active=false, latestFlushedLsn=LSN{0/16CB9D0}, catalogXmin=504]"}}
{"type":"LOG","log":{"level":"INFO","message":"INFO i.d.j.JdbcConnection(lambda$doClose$4):947 Connection gracefully closed"}}
{"type":"LOG","log":{"level":"INFO","message":"INFO i.d.u.Threads(threadFactory):270 Requested thread factory for connector PostgresConnector, id = db_fjwjkghjos named = keep-alive"}}
{"type":"LOG","log":{"level":"INFO","message":"INFO i.d.u.Threads$3(newThread):287 Creating thread debezium-postgresconnector-db_fjwjkghjos-keep-alive"}}
{"type":"LOG","log":{"level":"INFO","message":"INFO i.d.c.p.PostgresSchema(printReplicaIdentityInfo):100 REPLICA IDENTITY for 'models_schema.models' is 'DEFAULT'; UPDATE and DELETE events will contain previous values only for PK columns"}}
{"type":"LOG","log":{"level":"INFO","message":"INFO i.d.c.p.PostgresStreamingChangeEventSource(searchWalPosition):327 Searching for WAL resume position"}}
{"type":"LOG","log":{"level":"INFO","message":"INFO i.a.i.d.i.DebeziumRecordIterator(requestClose):208 Closing: Heartbeat indicates sync is done"}}
{"type":"LOG","log":{"level":"INFO","message":"INFO i.d.e.EmbeddedEngine(stop):1146 Stopping the embedded engine"}}
{"type":"LOG","log":{"level":"INFO","message":"INFO i.d.e.EmbeddedEngine(stop):1153 Waiting for PT5M for connector to stop"}}
{"type":"LOG","log":{"level":"INFO","message":"INFO i.d.e.EmbeddedEngine(run):944 Stopping the task and engine"}}
{"type":"LOG","log":{"level":"INFO","message":"INFO i.d.c.c.BaseSourceTask(stop):278 Stopping down connector"}}
{"type":"LOG","log":{"level":"INFO","message":"INFO i.d.c.p.PostgresStreamingChangeEventSource(searchWalPosition):348 WAL resume position 'null' discovered"}}
{"type":"LOG","log":{"level":"INFO","message":"INFO i.d.j.JdbcConnection(lambda$doClose$4):947 Connection gracefully closed"}}
{"type":"LOG","log":{"level":"INFO","message":"INFO i.d.j.JdbcConnection(lambda$doClose$4):947 Connection gracefully closed"}}
{"type":"LOG","log":{"level":"INFO","message":"INFO i.d.c.p.c.PostgresReplicationConnection(initPublication):147 Initializing PgOutput logical decoder publication"}}
{"type":"LOG","log":{"level":"INFO","message":"INFO i.d.u.Threads(threadFactory):270 Requested thread factory for connector PostgresConnector, id = db_fjwjkghjos named = keep-alive"}}
{"type":"LOG","log":{"level":"INFO","message":"INFO i.d.u.Threads$3(newThread):287 Creating thread debezium-postgresconnector-db_fjwjkghjos-keep-alive"}}
{"type":"LOG","log":{"level":"INFO","message":"INFO i.d.c.p.PostgresStreamingChangeEventSource(processMessages):211 Processing messages"}}
{"type":"LOG","log":{"level":"INFO","message":"INFO i.d.j.JdbcConnection(lambda$doClose$4):947 Connection gracefully closed"}}
{"type":"LOG","log":{"level":"INFO","message":"INFO i.d.j.JdbcConnection(lambda$doClose$4):947 Connection gracefully closed"}}
{"type":"LOG","log":{"level":"INFO","message":"INFO i.d.p.ChangeEventSourceCoordinator(streamEvents):175 Finished streaming"}}
{"type":"LOG","log":{"level":"INFO","message":"INFO i.d.p.ChangeEventSourceCoordinator(streamingConnected):240 Connected metrics set to 'false'"}}
{"type":"LOG","log":{"level":"INFO","message":"INFO o.a.k.c.s.FileOffsetBackingStore(stop):66 Stopped FileOffsetBackingStore"}}
{"type":"LOG","log":{"level":"INFO","message":"INFO i.a.i.d.i.DebeziumRecordPublisher(lambda$start$1):73 Debezium engine shutdown."}}
{"type":"LOG","log":{"level":"INFO","message":"INFO i.a.i.d.i.DebeziumRecordPublisher(lambda$start$1):74 Connector 'io.debezium.connector.postgresql.PostgresConnector' completed normally."}}
{"type":"LOG","log":{"level":"INFO","message":"INFO i.a.i.s.p.PostgresCdcStateHandler(saveState):37 debezium state: {\"[\\\"db_fjwjkghjos\\\",{\\\"server\\\":\\\"db_fjwjkghjos\\\"}]\":\"{\\\"transaction_id\\\":null,\\\"lsn\\\":23903752,\\\"txId\\\":506,\\\"ts_usec\\\":1684590609094000}\"}"}}
{"type":"LOG","log":{"level":"INFO","message":"INFO i.a.i.s.r.AbstractDbSource(lambda$read$1):173 Closing database connection pool."}}
{"type":"LOG","log":{"level":"INFO","message":"INFO c.z.h.HikariDataSource(close):350 HikariPool-22 - Shutdown initiated..."}}
{"type":"LOG","log":{"level":"INFO","message":"INFO c.z.h.HikariDataSource(close):352 HikariPool-22 - Shutdown completed."}}
{"type":"LOG","log":{"level":"INFO","message":"INFO i.a.i.s.r.AbstractDbSource(lambda$read$1):175 Closed database connection pool."}}
{"type":"LOG","log":{"level":"INFO","message":"INFO o.t.c.GenericContainer(tryStart):376 Creating container for image: debezium/postgres:13-alpine"}}
{"type":"LOG","log":{"level":"INFO","message":"INFO o.t.c.GenericContainer(tryStart):440 Container debezium/postgres:13-alpine is starting: 61acdaca2958e8a44f6291291173e020bea9abb9f3103c22a32b1447f415aa58"}}
{"type":"LOG","log":{"level":"INFO","message":"INFO o.t.c.GenericContainer(tryStart):520 Container debezium/postgres:13-alpine started in PT6.140994S"}}
{"type":"LOG","log":{"level":"INFO","message":"INFO c.z.h.HikariDataSource(<init>):80 HikariPool-23 - Starting..."}}
{"type":"LOG","log":{"level":"INFO","message":"INFO c.z.h.HikariDataSource(<init>):82 HikariPool-23 - Start completed."}}
{"type":"LOG","log":{"level":"INFO","message":"INFO c.z.h.HikariDataSource(<init>):80 HikariPool-24 - Starting..."}}
{"type":"LOG","log":{"level":"INFO","message":"INFO c.z.h.HikariDataSource(<init>):82 HikariPool-24 - Start completed."}}
{"type":"LOG","log":{"level":"INFO","message":"INFO i.a.i.d.i.p.PostgresCdcTargetPosition(targetPosition):49 identified target lsn: PgLsn{lsn=23903320}"}}
{"type":"LOG","log":{"level":"INFO","message":"INFO i.a.i.s.p.PostgresUtils(isCdc):53 using CDC: true"}}
{"type":"LOG","log":{"level":"INFO","message":"INFO i.a.i.s.r.s.StateManagerFactory(createStateManager):51 Global state manager selected to manage state object with type GLOBAL."}}
{"type":"LOG","log":{"level":"INFO","message":"INFO i.a.i.s.r.s.CursorManager(createCursorInfoForStream):182 No cursor field set in catalog but not present in state. Stream: models_schema_models, New Cursor Field: null. Resetting cursor value"}}
{"type":"LOG","log":{"level":"INFO","message":"INFO i.a.i.s.r.CdcStateManager(<init>):29 Initialized CDC state with: io.airbyte.integrations.source.relationaldb.models.CdcState@2e178fb6[state=<null>,additionalProperties={}]"}}
{"type":"LOG","log":{"level":"INFO","message":"INFO c.z.h.HikariDataSource(<init>):80 HikariPool-25 - Starting..."}}
{"type":"LOG","log":{"level":"INFO","message":"INFO c.z.h.HikariDataSource(<init>):82 HikariPool-25 - Start completed."}}
{"type":"LOG","log":{"level":"INFO","message":"INFO i.a.i.s.p.PostgresUtils(isCdc):53 using CDC: true"}}
{"type":"LOG","log":{"level":"INFO","message":"INFO i.a.d.j.s.AdaptiveStreamingQueryConfig(initialize):31 Set initial fetch size: 10 rows"}}
{"type":"LOG","log":{"level":"INFO","message":"INFO i.a.i.s.p.PostgresCdcCatalogHelper(getPublicizedTables):119 For CDC, only tables in publication publication will be included in the sync: [models_schema.models, models_schema_random.models_random]"}}
{"type":"LOG","log":{"level":"INFO","message":"INFO i.a.i.s.j.AbstractJdbcSource(logPreSyncDebugData):450 Data source product recognized as PostgreSQL:13.11"}}
{"type":"LOG","log":{"level":"INFO","message":"INFO i.a.i.s.p.PostgresSource(logPreSyncDebugData):221 Discovering indexes for schema \"models_schema\", table \"models\""}}
{"type":"LOG","log":{"level":"INFO","message":"INFO i.a.i.s.p.PostgresSource(logPreSyncDebugData):223 Index name: models_pkey, Column: id, Unique: true"}}
{"type":"LOG","log":{"level":"INFO","message":"INFO i.a.i.s.p.PostgresQueryUtils(logXminStatus):77 Xmin Status : {Number of wraparounds: 0, Xmin Transaction Value: 505, Xmin Raw Value: 505"}}
{"type":"LOG","log":{"level":"INFO","message":"INFO i.a.i.s.j.AbstractJdbcSource(discoverInternal):166 Internal schemas to exclude: [catalog_history, information_schema, pg_catalog, pg_internal]"}}
{"type":"LOG","log":{"level":"INFO","message":"INFO i.a.d.j.s.AdaptiveStreamingQueryConfig(initialize):31 Set initial fetch size: 10 rows"}}
{"type":"LOG","log":{"level":"INFO","message":"INFO i.a.i.s.j.AbstractJdbcSource(discoverInternal):166 Internal schemas to exclude: [catalog_history, information_schema, pg_catalog, pg_internal]"}}
{"type":"LOG","log":{"level":"INFO","message":"INFO i.a.d.j.s.AdaptiveStreamingQueryConfig(initialize):31 Set initial fetch size: 10 rows"}}
{"type":"LOG","log":{"level":"INFO","message":"INFO i.a.i.s.p.PostgresUtils(isCdc):53 using CDC: true"}}
{"type":"LOG","log":{"level":"INFO","message":"INFO i.a.i.s.p.PostgresUtils(getFirstRecordWaitTime):111 First record waiting time: 30 seconds"}}
{"type":"LOG","log":{"level":"INFO","message":"INFO i.a.i.s.p.PostgresSource(getIncrementalIterators):369 First record waiting time: 30 seconds"}}
{"type":"LOG","log":{"level":"INFO","message":"INFO i.a.i.s.p.PostgresUtils(shouldFlushAfterSync):61 Should flush after sync: true"}}
{"type":"LOG","log":{"level":"INFO","message":"INFO o.a.k.c.c.AbstractConfig(logAll):376 StandaloneConfig values: \n\taccess.control.allow.methods = \n\taccess.control.allow.origin = \n\tadmin.listeners = null\n\tauto.include.jmx.reporter = true\n\tbootstrap.servers = [localhost:9092]\n\tclient.dns.lookup = use_all_dns_ips\n\tconfig.providers = []\n\tconnector.client.config.override.policy = All\n\theader.converter = class org.apache.kafka.connect.storage.SimpleHeaderConverter\n\tkey.converter = class org.apache.kafka.connect.json.JsonConverter\n\tlisteners = [http://:8083]\n\tmetric.reporters = []\n\tmetrics.num.samples = 2\n\tmetrics.recording.level = INFO\n\tmetrics.sample.window.ms = 30000\n\toffset.flush.interval.ms = 1000\n\toffset.flush.timeout.ms = 5000\n\toffset.storage.file.filename = /tmp/cdc-state-offset1344671270572505615/offset.dat\n\tplugin.path = null\n\tresponse.http.headers.config = \n\trest.advertised.host.name = null\n\trest.advertised.listener = null\n\trest.advertised.port = null\n\trest.extension.classes = []\n\tssl.cipher.suites = null\n\tssl.client.auth = none\n\tssl.enabled.protocols = [TLSv1.2, TLSv1.3]\n\tssl.endpoint.identification.algorithm = https\n\tssl.engine.factory.class = null\n\tssl.key.password = null\n\tssl.keymanager.algorithm = SunX509\n\tssl.keystore.certificate.chain = null\n\tssl.keystore.key = null\n\tssl.keystore.location = null\n\tssl.keystore.password = null\n\tssl.keystore.type = JKS\n\tssl.protocol = TLSv1.3\n\tssl.provider = null\n\tssl.secure.random.implementation = null\n\tssl.trustmanager.algorithm = PKIX\n\tssl.truststore.certificates = null\n\tssl.truststore.location = null\n\tssl.truststore.password = null\n\tssl.truststore.type = JKS\n\ttask.shutdown.graceful.timeout.ms = 5000\n\ttopic.creation.enable = true\n\ttopic.tracking.allow.reset = true\n\ttopic.tracking.enable = true\n\tvalue.converter = class org.apache.kafka.connect.json.JsonConverter\n"}}
{"type":"LOG","log":{"level":"WARN","message":"WARN o.a.k.c.r.WorkerConfig(logPluginPathConfigProviderWarning):379 Variables cannot be used in the 'plugin.path' property, since the property is used by plugin scanning before the config providers that replace the variables are initialized. The raw value 'null' was used for plugin scanning, as opposed to the transformed value 'null', and this may cause unexpected results."}}
{"type":"LOG","log":{"level":"INFO","message":"INFO o.a.k.c.s.FileOffsetBackingStore(start):58 Starting FileOffsetBackingStore with file /tmp/cdc-state-offset1344671270572505615/offset.dat"}}
{"type":"LOG","log":{"level":"INFO","message":"INFO o.a.k.c.c.AbstractConfig(logAll):376 JsonConverterConfig values: \n\tconverter.type = key\n\tdecimal.format = BASE64\n\tschemas.cache.size = 1000\n\tschemas.enable = false\n"}}
{"type":"LOG","log":{"level":"INFO","message":"INFO o.a.k.c.c.AbstractConfig(logAll):376 JsonConverterConfig values: \n\tconverter.type = value\n\tdecimal.format = BASE64\n\tschemas.cache.size = 1000\n\tschemas.enable = false\n"}}
{"type":"LOG","log":{"level":"INFO","message":"INFO i.a.i.d.i.p.PostgresDebeziumStateUtil(extractLsn):206 No previous offsets found"}}
{"type":"LOG","log":{"level":"INFO","message":"INFO i.a.i.d.i.p.PostgresDebeziumStateUtil(parseSavedOffset):181 Closing offsetStorageReader and fileOffsetBackingStore"}}
{"type":"LOG","log":{"level":"INFO","message":"INFO o.a.k.c.s.FileOffsetBackingStore(stop):66 Stopped FileOffsetBackingStore"}}
{"type":"LOG","log":{"level":"INFO","message":"INFO i.a.i.s.p.PostgresSource(lambda$getReplicationSlot$4):296 Attempting to find the named replication slot using the query: HikariProxyPreparedStatement@2104081166 wrapping SELECT * FROM pg_replication_slots WHERE slot_name = 'debezium_slot_db_ztxlsunziq' AND plugin = 'pgoutput' AND database = 'db_ztxlsunziq'"}}
{"type":"LOG","log":{"level":"INFO","message":"INFO i.a.d.j.s.AdaptiveStreamingQueryConfig(initialize):31 Set initial fetch size: 10 rows"}}
{"type":"LOG","log":{"level":"INFO","message":"INFO i.a.i.s.p.PostgresUtils(shouldFlushAfterSync):61 Should flush after sync: true"}}
{"type":"LOG","log":{"level":"INFO","message":"INFO i.a.i.d.i.p.PostgresCdcTargetPosition(targetPosition):49 identified target lsn: PgLsn{lsn=23903320}"}}
{"type":"LOG","log":{"level":"INFO","message":"INFO i.a.i.s.p.PostgresUtils(shouldFlushAfterSync):61 Should flush after sync: true"}}
{"type":"LOG","log":{"level":"INFO","message":"INFO i.a.i.d.AirbyteDebeziumHandler(getIncrementalIterators):95 Using CDC: true"}}
{"type":"LOG","log":{"level":"INFO","message":"INFO o.a.k.c.c.AbstractConfig(logAll):376 JsonConverterConfig values: \n\tconverter.type = key\n\tdecimal.format = BASE64\n\tschemas.cache.size = 1000\n\tschemas.enable = false\n"}}
{"type":"LOG","log":{"level":"INFO","message":"INFO o.a.k.c.c.AbstractConfig(logAll):376 JsonConverterConfig values: \n\tconverter.type = value\n\tdecimal.format = BASE64\n\tschemas.cache.size = 1000\n\tschemas.enable = false\n"}}
{"type":"LOG","log":{"level":"INFO","message":"INFO o.a.k.c.c.AbstractConfig(logAll):376 EmbeddedConfig values: \n\taccess.control.allow.methods = \n\taccess.control.allow.origin = \n\tadmin.listeners = null\n\tauto.include.jmx.reporter = true\n\tbootstrap.servers = [localhost:9092]\n\tclient.dns.lookup = use_all_dns_ips\n\tconfig.providers = []\n\tconnector.client.config.override.policy = All\n\theader.converter = class org.apache.kafka.connect.storage.SimpleHeaderConverter\n\tkey.converter = class org.apache.kafka.connect.json.JsonConverter\n\tlisteners = [http://:8083]\n\tmetric.reporters = []\n\tmetrics.num.samples = 2\n\tmetrics.recording.level = INFO\n\tmetrics.sample.window.ms = 30000\n\toffset.flush.interval.ms = 1000\n\toffset.flush.timeout.ms = 5000\n\toffset.storage.file.filename = /tmp/cdc-state-offset16148061711284831409/offset.dat\n\toffset.storage.partitions = null\n\toffset.storage.replication.factor = null\n\toffset.storage.topic = \n\tplugin.path = null\n\tresponse.http.headers.config = \n\trest.advertised.host.name = null\n\trest.advertised.listener = null\n\trest.advertised.port = null\n\trest.extension.classes = []\n\tssl.cipher.suites = null\n\tssl.client.auth = none\n\tssl.enabled.protocols = [TLSv1.2, TLSv1.3]\n\tssl.endpoint.identification.algorithm = https\n\tssl.engine.factory.class = null\n\tssl.key.password = null\n\tssl.keymanager.algorithm = SunX509\n\tssl.keystore.certificate.chain = null\n\tssl.keystore.key = null\n\tssl.keystore.location = null\n\tssl.keystore.password = null\n\tssl.keystore.type = JKS\n\tssl.protocol = TLSv1.3\n\tssl.provider = null\n\tssl.secure.random.implementation = null\n\tssl.trustmanager.algorithm = PKIX\n\tssl.truststore.certificates = null\n\tssl.truststore.location = null\n\tssl.truststore.password = null\n\tssl.truststore.type = JKS\n\ttask.shutdown.graceful.timeout.ms = 5000\n\ttopic.creation.enable = true\n\ttopic.tracking.allow.reset = true\n\ttopic.tracking.enable = true\n\tvalue.converter = class org.apache.kafka.connect.json.JsonConverter\n"}}
{"type":"LOG","log":{"level":"WARN","message":"WARN o.a.k.c.r.WorkerConfig(logPluginPathConfigProviderWarning):379 Variables cannot be used in the 'plugin.path' property, since the property is used by plugin scanning before the config providers that replace the variables are initialized. The raw value 'null' was used for plugin scanning, as opposed to the transformed value 'null', and this may cause unexpected results."}}
{"type":"LOG","log":{"level":"INFO","message":"INFO o.a.k.c.c.AbstractConfig(logAll):376 JsonConverterConfig values: \n\tconverter.type = key\n\tdecimal.format = BASE64\n\tschemas.cache.size = 1000\n\tschemas.enable = false\n"}}
{"type":"LOG","log":{"level":"INFO","message":"INFO o.a.k.c.c.AbstractConfig(logAll):376 JsonConverterConfig values: \n\tconverter.type = value\n\tdecimal.format = BASE64\n\tschemas.cache.size = 1000\n\tschemas.enable = false\n"}}
{"type":"LOG","log":{"level":"WARN","message":"WARN i.d.c.p.PostgresConnectorConfig(validateFlushLsnSource):1070 Property 'flush.lsn.source' is set to 'false', the LSN will not be flushed to the database source and WAL logs will not be cleared. User is expected to handle this outside Debezium."}}
{"type":"LOG","log":{"level":"INFO","message":"INFO i.d.c.p.PostgresConnector(testConnection):154 Successfully tested connection for jdbc:postgresql://localhost:56066/db_ztxlsunziq with user 'test'"}}
{"type":"LOG","log":{"level":"INFO","message":"INFO i.d.j.JdbcConnection(lambda$doClose$4):947 Connection gracefully closed"}}
{"type":"LOG","log":{"level":"INFO","message":"INFO o.a.k.c.s.FileOffsetBackingStore(start):58 Starting FileOffsetBackingStore with file /tmp/cdc-state-offset16148061711284831409/offset.dat"}}
{"type":"LOG","log":{"level":"WARN","message":"WARN i.d.c.p.PostgresConnectorConfig(validateFlushLsnSource):1070 Property 'flush.lsn.source' is set to 'false', the LSN will not be flushed to the database source and WAL logs will not be cleared. User is expected to handle this outside Debezium."}}
{"type":"LOG","log":{"level":"INFO","message":"INFO i.d.c.c.BaseSourceTask(start):124 Starting PostgresConnectorTask with configuration:"}}
{"type":"LOG","log":{"level":"INFO","message":"INFO i.d.c.c.BaseSourceTask(lambda$start$0):126    connector.class = io.debezium.connector.postgresql.PostgresConnector"}}
{"type":"LOG","log":{"level":"INFO","message":"INFO i.d.c.c.BaseSourceTask(lambda$start$0):126    max.queue.size = 8192"}}
{"type":"LOG","log":{"level":"INFO","message":"INFO i.d.c.c.BaseSourceTask(lambda$start$0):126    slot.name = debezium_slot_db_ztxlsunziq"}}
{"type":"LOG","log":{"level":"INFO","message":"INFO i.d.c.c.BaseSourceTask(lambda$start$0):126    publication.name = publication"}}
{"type":"LOG","log":{"level":"INFO","message":"INFO i.d.c.c.BaseSourceTask(lambda$start$0):126    topic.prefix = db_ztxlsunziq"}}
{"type":"LOG","log":{"level":"INFO","message":"INFO i.d.c.c.BaseSourceTask(lambda$start$0):126    offset.storage.file.filename = /tmp/cdc-state-offset16148061711284831409/offset.dat"}}
{"type":"LOG","log":{"level":"INFO","message":"INFO i.d.c.c.BaseSourceTask(lambda$start$0):126    decimal.handling.mode = string"}}
{"type":"LOG","log":{"level":"INFO","message":"INFO i.d.c.c.BaseSourceTask(lambda$start$0):126    flush.lsn.source = false"}}
{"type":"LOG","log":{"level":"INFO","message":"INFO i.d.c.c.BaseSourceTask(lambda$start$0):126    converters = datetime"}}
{"type":"LOG","log":{"level":"INFO","message":"INFO i.d.c.c.BaseSourceTask(lambda$start$0):126    errors.retry.delay.initial.ms = 299"}}
{"type":"LOG","log":{"level":"INFO","message":"INFO i.d.c.c.BaseSourceTask(lambda$start$0):126    datetime.type = io.airbyte.integrations.debezium.internals.postgres.PostgresConverter"}}
{"type":"LOG","log":{"level":"INFO","message":"INFO i.d.c.c.BaseSourceTask(lambda$start$0):126    value.converter = org.apache.kafka.connect.json.JsonConverter"}}
{"type":"LOG","log":{"level":"INFO","message":"INFO i.d.c.c.BaseSourceTask(lambda$start$0):126    key.converter = org.apache.kafka.connect.json.JsonConverter"}}
{"type":"LOG","log":{"level":"INFO","message":"INFO i.d.c.c.BaseSourceTask(lambda$start$0):126    publication.autocreate.mode = disabled"}}
{"type":"LOG","log":{"level":"INFO","message":"INFO i.d.c.c.BaseSourceTask(lambda$start$0):126    database.user = test"}}
{"type":"LOG","log":{"level":"INFO","message":"INFO i.d.c.c.BaseSourceTask(lambda$start$0):126    database.dbname = db_ztxlsunziq"}}
{"type":"LOG","log":{"level":"INFO","message":"INFO i.d.c.c.BaseSourceTask(lambda$start$0):126    offset.storage = org.apache.kafka.connect.storage.FileOffsetBackingStore"}}
{"type":"LOG","log":{"level":"INFO","message":"INFO i.d.c.c.BaseSourceTask(lambda$start$0):126    errors.retry.delay.max.ms = 300"}}
{"type":"LOG","log":{"level":"INFO","message":"INFO i.d.c.c.BaseSourceTask(lambda$start$0):126    offset.flush.timeout.ms = 5000"}}
{"type":"LOG","log":{"level":"INFO","message":"INFO i.d.c.c.BaseSourceTask(lambda$start$0):126    heartbeat.interval.ms = 10000"}}
{"type":"LOG","log":{"level":"INFO","message":"INFO i.d.c.c.BaseSourceTask(lambda$start$0):126    column.include.list = \\Qmodels_schema.models\\E\\.(\\Qmodel\\E|\\Qid\\E|\\Qmake_id\\E)"}}
{"type":"LOG","log":{"level":"INFO","message":"INFO i.d.c.c.BaseSourceTask(lambda$start$0):126    plugin.name = pgoutput"}}
{"type":"LOG","log":{"level":"INFO","message":"INFO i.d.c.c.BaseSourceTask(lambda$start$0):126    database.port = 56066"}}
{"type":"LOG","log":{"level":"INFO","message":"INFO i.d.c.c.BaseSourceTask(lambda$start$0):126    offset.flush.interval.ms = 1000"}}
{"type":"LOG","log":{"level":"INFO","message":"INFO i.d.c.c.BaseSourceTask(lambda$start$0):126    key.converter.schemas.enable = false"}}
{"type":"LOG","log":{"level":"INFO","message":"INFO i.d.c.c.BaseSourceTask(lambda$start$0):126    include.unknown.datatypes = true"}}
{"type":"LOG","log":{"level":"INFO","message":"INFO i.d.c.c.BaseSourceTask(lambda$start$0):126    errors.max.retries = 10"}}
{"type":"LOG","log":{"level":"INFO","message":"INFO i.d.c.c.BaseSourceTask(lambda$start$0):126    database.hostname = localhost"}}
{"type":"LOG","log":{"level":"INFO","message":"INFO i.d.c.c.BaseSourceTask(lambda$start$0):126    database.password = ********"}}
{"type":"LOG","log":{"level":"INFO","message":"INFO i.d.c.c.BaseSourceTask(lambda$start$0):126    value.converter.schemas.enable = false"}}
{"type":"LOG","log":{"level":"INFO","message":"INFO i.d.c.c.BaseSourceTask(lambda$start$0):126    name = db_ztxlsunziq"}}
{"type":"LOG","log":{"level":"INFO","message":"INFO i.d.c.c.BaseSourceTask(lambda$start$0):126    max.batch.size = 2048"}}
{"type":"LOG","log":{"level":"INFO","message":"INFO i.d.c.c.BaseSourceTask(lambda$start$0):126    table.include.list = \\Qmodels_schema.models\\E"}}
{"type":"LOG","log":{"level":"INFO","message":"INFO i.d.c.c.BaseSourceTask(lambda$start$0):126    snapshot.mode = initial"}}
{"type":"LOG","log":{"level":"INFO","message":"INFO i.d.c.c.BaseSourceTask(startIfNeededAndPossible):243 Attempting to start task"}}
{"type":"LOG","log":{"level":"INFO","message":"INFO i.d.c.CommonConnectorConfig(getTopicNamingStrategy):849 Loading the custom topic naming strategy plugin: io.debezium.schema.SchemaTopicNamingStrategy"}}
{"type":"LOG","log":{"level":"INFO","message":"INFO i.d.j.JdbcConnection(lambda$doClose$4):947 Connection gracefully closed"}}
{"type":"LOG","log":{"level":"INFO","message":"INFO i.d.c.c.BaseSourceTask(getPreviousOffsets):375 No previous offsets found"}}
{"type":"LOG","log":{"level":"INFO","message":"INFO i.d.c.p.PostgresConnectorTask(start):113 user 'test' connected to database 'db_ztxlsunziq' on PostgreSQL 13.11 on x86_64-pc-linux-musl, compiled by gcc (Alpine 12.2.1_git20220924-r10) 12.2.1 20220924, 64-bit with roles:\n\trole 'pg_read_all_settings' [superuser: false, replication: false, inherit: true, create role: false, create db: false, can log in: false]\n\trole 'pg_stat_scan_tables' [superuser: false, replication: false, inherit: true, create role: false, create db: false, can log in: false]\n\trole 'pg_write_server_files' [superuser: false, replication: false, inherit: true, create role: false, create db: false, can log in: false]\n\trole 'test' [superuser: true, replication: true, inherit: true, create role: true, create db: true, can log in: true]\n\trole 'pg_monitor' [superuser: false, replication: false, inherit: true, create role: false, create db: false, can log in: false]\n\trole 'pg_read_server_files' [superuser: false, replication: false, inherit: true, create role: false, create db: false, can log in: false]\n\trole 'pg_execute_server_program' [superuser: false, replication: false, inherit: true, create role: false, create db: false, can log in: false]\n\trole 'pg_read_all_stats' [superuser: false, replication: false, inherit: true, create role: false, create db: false, can log in: false]\n\trole 'pg_signal_backend' [superuser: false, replication: false, inherit: true, create role: false, create db: false, can log in: false]"}}
{"type":"LOG","log":{"level":"INFO","message":"INFO i.d.c.p.c.PostgresConnection(readReplicationSlotInfo):264 Obtained valid replication slot ReplicationSlot [active=false, latestFlushedLsn=LSN{0/16CB9D0}, catalogXmin=504]"}}
{"type":"LOG","log":{"level":"INFO","message":"INFO i.d.c.p.PostgresConnectorTask(start):122 No previous offset found"}}
{"type":"LOG","log":{"level":"INFO","message":"INFO i.d.u.Threads(threadFactory):270 Requested thread factory for connector PostgresConnector, id = db_ztxlsunziq named = change-event-source-coordinator"}}
{"type":"LOG","log":{"level":"INFO","message":"INFO i.d.u.Threads$3(newThread):287 Creating thread debezium-postgresconnector-db_ztxlsunziq-change-event-source-coordinator"}}
{"type":"LOG","log":{"level":"INFO","message":"INFO i.d.c.c.BaseSourceTask(startIfNeededAndPossible):245 Successfully started task"}}
{"type":"LOG","log":{"level":"INFO","message":"INFO i.d.p.ChangeEventSourceCoordinator(lambda$start$0):103 Metrics registered"}}
{"type":"LOG","log":{"level":"INFO","message":"INFO i.d.p.ChangeEventSourceCoordinator(lambda$start$0):106 Context created"}}
{"type":"LOG","log":{"level":"INFO","message":"INFO i.d.c.p.s.InitialSnapshotter(shouldSnapshot):34 Taking initial snapshot for new datasource"}}
{"type":"LOG","log":{"level":"INFO","message":"INFO i.d.c.p.PostgresSnapshotChangeEventSource(getSnapshottingTask):65 According to the connector configuration data will be snapshotted"}}
{"type":"LOG","log":{"level":"INFO","message":"INFO i.d.r.RelationalSnapshotChangeEventSource(doExecute):110 Snapshot step 1 - Preparing"}}
{"type":"LOG","log":{"level":"INFO","message":"INFO i.d.r.RelationalSnapshotChangeEventSource(doExecute):119 Snapshot step 2 - Determining captured tables"}}
{"type":"LOG","log":{"level":"INFO","message":"INFO i.d.r.RelationalSnapshotChangeEventSource(determineCapturedTables):267 Adding table models_schema.models to the list of capture schema tables"}}
{"type":"LOG","log":{"level":"INFO","message":"INFO i.d.r.RelationalSnapshotChangeEventSource(determineCapturedTables):267 Adding table models_schema_random.models_random to the list of capture schema tables"}}
{"type":"LOG","log":{"level":"INFO","message":"INFO i.d.r.RelationalSnapshotChangeEventSource(doExecute):126 Snapshot step 3 - Locking captured tables [models_schema.models]"}}
{"type":"LOG","log":{"level":"INFO","message":"INFO i.d.r.RelationalSnapshotChangeEventSource(doExecute):132 Snapshot step 4 - Determining snapshot offset"}}
{"type":"LOG","log":{"level":"INFO","message":"INFO i.d.c.p.PostgresOffsetContext(initialContext):233 Creating initial offset context"}}
{"type":"LOG","log":{"level":"INFO","message":"INFO i.d.c.p.PostgresOffsetContext(initialContext):236 Read xlogStart at 'LSN{0/16CBC58}' from transaction '505'"}}
{"type":"LOG","log":{"level":"INFO","message":"INFO i.d.c.p.PostgresSnapshotChangeEventSource(updateOffsetForSnapshot):147 Read xlogStart at 'LSN{0/16CBC58}' from transaction '505'"}}
{"type":"LOG","log":{"level":"INFO","message":"INFO i.d.r.RelationalSnapshotChangeEventSource(doExecute):135 Snapshot step 5 - Reading structure of captured tables"}}
{"type":"LOG","log":{"level":"INFO","message":"INFO i.d.c.p.PostgresSnapshotChangeEventSource(readTableStructure):193 Reading structure of schema 'models_schema' of catalog 'db_ztxlsunziq'"}}
{"type":"LOG","log":{"level":"INFO","message":"INFO i.d.r.RelationalSnapshotChangeEventSource(doExecute):139 Snapshot step 5.a - Creating connection pool"}}
{"type":"LOG","log":{"level":"INFO","message":"INFO i.d.r.RelationalSnapshotChangeEventSource(createConnectionPool):213 Created connection pool with 1 threads"}}
{"type":"LOG","log":{"level":"INFO","message":"INFO i.d.r.RelationalSnapshotChangeEventSource(doExecute):144 Snapshot step 6 - Persisting schema history"}}
{"type":"LOG","log":{"level":"INFO","message":"INFO i.d.r.RelationalSnapshotChangeEventSource(doExecute):156 Snapshot step 7 - Snapshotting data"}}
{"type":"LOG","log":{"level":"INFO","message":"INFO i.d.r.RelationalSnapshotChangeEventSource(createDataEvents):390 Creating snapshot worker pool with 1 worker thread(s)"}}
{"type":"LOG","log":{"level":"INFO","message":"INFO i.d.r.RelationalSnapshotChangeEventSource(createDataEvents):399 For table 'models_schema.models' using select statement: 'SELECT \"id\", \"make_id\", \"model\" FROM \"models_schema\".\"models\"'"}}
{"type":"LOG","log":{"level":"INFO","message":"INFO i.d.r.RelationalSnapshotChangeEventSource(doCreateDataEventsForTable):513 Exporting data from table 'models_schema.models' (1 of 1 tables)"}}
{"type":"LOG","log":{"level":"INFO","message":"INFO i.d.r.RelationalSnapshotChangeEventSource(doCreateDataEventsForTable):559 \t Finished exporting 6 records for table 'models_schema.models' (1 of 1 tables); total duration '00:00:00.011'"}}
{"type":"LOG","log":{"level":"INFO","message":"INFO i.d.p.s.AbstractSnapshotChangeEventSource(execute):88 Snapshot - Final stage"}}
{"type":"LOG","log":{"level":"INFO","message":"INFO i.d.p.s.AbstractSnapshotChangeEventSource(execute):92 Snapshot completed"}}
{"type":"LOG","log":{"level":"INFO","message":"INFO i.d.p.ChangeEventSourceCoordinator(doSnapshot):156 Snapshot ended with SnapshotResult [status=COMPLETED, offset=PostgresOffsetContext [sourceInfoSchema=Schema{io.debezium.connector.postgresql.Source:STRUCT}, sourceInfo=source_info[server='db_ztxlsunziq'db='db_ztxlsunziq', lsn=LSN{0/16CBC58}, txId=505, timestamp=2023-05-20T13:50:29.832069Z, snapshot=FALSE, schema=models_schema, table=models], lastSnapshotRecord=true, lastCompletelyProcessedLsn=null, lastCommitLsn=null, streamingStoppingLsn=null, transactionContext=TransactionContext [currentTransactionId=null, perTableEventCount={}, totalEventCount=0], incrementalSnapshotContext=IncrementalSnapshotContext [windowOpened=false, chunkEndPosition=null, dataCollectionsToSnapshot=[], lastEventKeySent=null, maximumKey=null]]]"}}
{"type":"LOG","log":{"level":"INFO","message":"INFO i.d.p.ChangeEventSourceCoordinator(streamingConnected):240 Connected metrics set to 'true'"}}
{"type":"LOG","log":{"level":"INFO","message":"INFO i.d.c.p.PostgresSchema(printReplicaIdentityInfo):100 REPLICA IDENTITY for 'models_schema.models' is 'DEFAULT'; UPDATE and DELETE events will contain previous values only for PK columns"}}
{"type":"LOG","log":{"level":"INFO","message":"INFO i.d.p.ChangeEventSourceCoordinator(streamEvents):173 Starting streaming"}}
{"type":"LOG","log":{"level":"INFO","message":"INFO i.d.c.p.PostgresStreamingChangeEventSource(execute):136 Retrieved latest position from stored offset 'LSN{0/16CBC58}'"}}
{"type":"LOG","log":{"level":"INFO","message":"INFO i.d.c.p.c.WalPositionLocator(<init>):48 Looking for WAL restart position for last commit LSN 'null' and last change LSN 'LSN{0/16CBC58}'"}}
{"type":"LOG","log":{"level":"INFO","message":"INFO i.d.c.p.c.PostgresReplicationConnection(initPublication):147 Initializing PgOutput logical decoder publication"}}
{"type":"LOG","log":{"level":"INFO","message":"INFO i.d.c.p.c.PostgresConnection(readReplicationSlotInfo):264 Obtained valid replication slot ReplicationSlot [active=false, latestFlushedLsn=LSN{0/16CB9D0}, catalogXmin=504]"}}
{"type":"LOG","log":{"level":"INFO","message":"INFO i.d.j.JdbcConnection(lambda$doClose$4):947 Connection gracefully closed"}}
{"type":"LOG","log":{"level":"INFO","message":"INFO i.d.u.Threads(threadFactory):270 Requested thread factory for connector PostgresConnector, id = db_ztxlsunziq named = keep-alive"}}
{"type":"LOG","log":{"level":"INFO","message":"INFO i.d.u.Threads$3(newThread):287 Creating thread debezium-postgresconnector-db_ztxlsunziq-keep-alive"}}
{"type":"LOG","log":{"level":"INFO","message":"INFO i.d.c.p.PostgresSchema(printReplicaIdentityInfo):100 REPLICA IDENTITY for 'models_schema.models' is 'DEFAULT'; UPDATE and DELETE events will contain previous values only for PK columns"}}
{"type":"LOG","log":{"level":"INFO","message":"INFO i.d.c.p.PostgresStreamingChangeEventSource(searchWalPosition):327 Searching for WAL resume position"}}
{"type":"LOG","log":{"level":"INFO","message":"INFO i.a.i.d.i.p.PostgresCdcTargetPosition(reachedTargetPosition):61 Signalling close because Snapshot is complete"}}
{"type":"LOG","log":{"level":"INFO","message":"INFO i.a.i.d.i.DebeziumRecordIterator(requestClose):208 Closing: Change event reached target position"}}
{"type":"LOG","log":{"level":"INFO","message":"INFO i.d.e.EmbeddedEngine(stop):1146 Stopping the embedded engine"}}
{"type":"LOG","log":{"level":"INFO","message":"INFO i.d.e.EmbeddedEngine(stop):1153 Waiting for PT5M for connector to stop"}}
{"type":"LOG","log":{"level":"INFO","message":"INFO i.d.e.EmbeddedEngine(run):944 Stopping the task and engine"}}
{"type":"LOG","log":{"level":"INFO","message":"INFO i.d.c.c.BaseSourceTask(stop):278 Stopping down connector"}}
{"type":"LOG","log":{"level":"INFO","message":"INFO i.d.c.p.PostgresStreamingChangeEventSource(searchWalPosition):348 WAL resume position 'null' discovered"}}
{"type":"LOG","log":{"level":"INFO","message":"INFO i.d.j.JdbcConnection(lambda$doClose$4):947 Connection gracefully closed"}}
{"type":"LOG","log":{"level":"INFO","message":"INFO i.d.j.JdbcConnection(lambda$doClose$4):947 Connection gracefully closed"}}
{"type":"LOG","log":{"level":"INFO","message":"INFO i.d.c.p.c.PostgresReplicationConnection(initPublication):147 Initializing PgOutput logical decoder publication"}}
{"type":"LOG","log":{"level":"INFO","message":"INFO i.d.u.Threads(threadFactory):270 Requested thread factory for connector PostgresConnector, id = db_ztxlsunziq named = keep-alive"}}
{"type":"LOG","log":{"level":"INFO","message":"INFO i.d.u.Threads$3(newThread):287 Creating thread debezium-postgresconnector-db_ztxlsunziq-keep-alive"}}
{"type":"LOG","log":{"level":"INFO","message":"INFO i.d.c.p.PostgresStreamingChangeEventSource(processMessages):211 Processing messages"}}
{"type":"LOG","log":{"level":"INFO","message":"INFO i.d.j.JdbcConnection(lambda$doClose$4):947 Connection gracefully closed"}}
{"type":"LOG","log":{"level":"INFO","message":"INFO i.d.j.JdbcConnection(lambda$doClose$4):947 Connection gracefully closed"}}
{"type":"LOG","log":{"level":"INFO","message":"INFO i.d.p.ChangeEventSourceCoordinator(streamEvents):175 Finished streaming"}}
{"type":"LOG","log":{"level":"INFO","message":"INFO i.d.p.ChangeEventSourceCoordinator(streamingConnected):240 Connected metrics set to 'false'"}}
{"type":"LOG","log":{"level":"INFO","message":"INFO o.a.k.c.s.FileOffsetBackingStore(stop):66 Stopped FileOffsetBackingStore"}}
{"type":"LOG","log":{"level":"INFO","message":"INFO i.a.i.d.i.DebeziumRecordPublisher(lambda$start$1):73 Debezium engine shutdown."}}
{"type":"LOG","log":{"level":"INFO","message":"INFO i.a.i.d.i.DebeziumRecordPublisher(lambda$start$1):74 Connector 'io.debezium.connector.postgresql.PostgresConnector' completed normally."}}
{"type":"LOG","log":{"level":"INFO","message":"INFO i.a.i.s.p.PostgresCdcStateHandler(saveState):37 debezium state: {\"[\\\"db_ztxlsunziq\\\",{\\\"server\\\":\\\"db_ztxlsunziq\\\"}]\":\"{\\\"transaction_id\\\":null,\\\"lsn\\\":23903320,\\\"txId\\\":505,\\\"ts_usec\\\":1684590629832069}\"}"}}
{"type":"LOG","log":{"level":"INFO","message":"INFO i.a.i.s.r.AbstractDbSource(lambda$read$1):173 Closing database connection pool."}}
{"type":"LOG","log":{"level":"INFO","message":"INFO c.z.h.HikariDataSource(close):350 HikariPool-25 - Shutdown initiated..."}}
{"type":"LOG","log":{"level":"INFO","message":"INFO c.z.h.HikariDataSource(close):352 HikariPool-25 - Shutdown completed."}}
{"type":"LOG","log":{"level":"INFO","message":"INFO i.a.i.s.r.AbstractDbSource(lambda$read$1):175 Closed database connection pool."}}
{"type":"LOG","log":{"level":"INFO","message":"INFO o.t.c.GenericContainer(tryStart):376 Creating container for image: debezium/postgres:13-alpine"}}
{"type":"LOG","log":{"level":"INFO","message":"INFO o.t.c.GenericContainer(tryStart):440 Container debezium/postgres:13-alpine is starting: 498f8d693ac4df949ee77411da5b2eb29adc6f2d0a2c34d620a853bffe09e68a"}}
{"type":"LOG","log":{"level":"INFO","message":"INFO o.t.c.GenericContainer(tryStart):520 Container debezium/postgres:13-alpine started in PT5.839905S"}}
{"type":"LOG","log":{"level":"INFO","message":"INFO c.z.h.HikariDataSource(<init>):80 HikariPool-26 - Starting..."}}
{"type":"LOG","log":{"level":"INFO","message":"INFO c.z.h.HikariDataSource(<init>):82 HikariPool-26 - Start completed."}}
{"type":"LOG","log":{"level":"INFO","message":"INFO i.a.i.s.p.PostgresUtils(isCdc):53 using CDC: true"}}
{"type":"LOG","log":{"level":"INFO","message":"INFO i.a.i.s.r.s.StateManagerFactory(createStateManager):51 Global state manager selected to manage state object with type GLOBAL."}}
{"type":"LOG","log":{"level":"INFO","message":"INFO i.a.i.s.r.s.CursorManager(createCursorInfoForStream):182 No cursor field set in catalog but not present in state. Stream: models_schema_models, New Cursor Field: null. Resetting cursor value"}}
{"type":"LOG","log":{"level":"INFO","message":"INFO i.a.i.s.r.CdcStateManager(<init>):29 Initialized CDC state with: io.airbyte.integrations.source.relationaldb.models.CdcState@4da093f5[state=<null>,additionalProperties={}]"}}
{"type":"LOG","log":{"level":"INFO","message":"INFO c.z.h.HikariDataSource(<init>):80 HikariPool-27 - Starting..."}}
{"type":"LOG","log":{"level":"INFO","message":"INFO c.z.h.HikariDataSource(<init>):82 HikariPool-27 - Start completed."}}
{"type":"LOG","log":{"level":"INFO","message":"INFO i.a.i.s.p.PostgresUtils(isCdc):53 using CDC: true"}}
{"type":"LOG","log":{"level":"INFO","message":"INFO i.a.d.j.s.AdaptiveStreamingQueryConfig(initialize):31 Set initial fetch size: 10 rows"}}
{"type":"LOG","log":{"level":"INFO","message":"INFO i.a.i.s.p.PostgresCdcCatalogHelper(getPublicizedTables):119 For CDC, only tables in publication publication will be included in the sync: [models_schema.models, models_schema_random.models_random]"}}
{"type":"LOG","log":{"level":"INFO","message":"INFO i.a.i.s.j.AbstractJdbcSource(logPreSyncDebugData):450 Data source product recognized as PostgreSQL:13.11"}}
{"type":"LOG","log":{"level":"INFO","message":"INFO i.a.i.s.p.PostgresSource(logPreSyncDebugData):221 Discovering indexes for schema \"models_schema\", table \"models\""}}
{"type":"LOG","log":{"level":"INFO","message":"INFO i.a.i.s.p.PostgresSource(logPreSyncDebugData):223 Index name: models_pkey, Column: id, Unique: true"}}
{"type":"LOG","log":{"level":"INFO","message":"INFO i.a.i.s.p.PostgresQueryUtils(logXminStatus):77 Xmin Status : {Number of wraparounds: 0, Xmin Transaction Value: 505, Xmin Raw Value: 505"}}
{"type":"LOG","log":{"level":"INFO","message":"INFO i.a.i.s.j.AbstractJdbcSource(discoverInternal):166 Internal schemas to exclude: [catalog_history, information_schema, pg_catalog, pg_internal]"}}
{"type":"LOG","log":{"level":"INFO","message":"INFO i.a.d.j.s.AdaptiveStreamingQueryConfig(initialize):31 Set initial fetch size: 10 rows"}}
{"type":"LOG","log":{"level":"INFO","message":"INFO i.a.i.s.j.AbstractJdbcSource(discoverInternal):166 Internal schemas to exclude: [catalog_history, information_schema, pg_catalog, pg_internal]"}}
{"type":"LOG","log":{"level":"INFO","message":"INFO i.a.d.j.s.AdaptiveStreamingQueryConfig(initialize):31 Set initial fetch size: 10 rows"}}
{"type":"LOG","log":{"level":"INFO","message":"INFO i.a.i.s.p.PostgresUtils(isCdc):53 using CDC: true"}}
{"type":"LOG","log":{"level":"INFO","message":"INFO i.a.i.s.p.PostgresUtils(getFirstRecordWaitTime):111 First record waiting time: 30 seconds"}}
{"type":"LOG","log":{"level":"INFO","message":"INFO i.a.i.s.p.PostgresSource(getIncrementalIterators):369 First record waiting time: 30 seconds"}}
{"type":"LOG","log":{"level":"INFO","message":"INFO i.a.i.s.p.PostgresUtils(shouldFlushAfterSync):61 Should flush after sync: true"}}
{"type":"LOG","log":{"level":"INFO","message":"INFO o.a.k.c.c.AbstractConfig(logAll):376 StandaloneConfig values: \n\taccess.control.allow.methods = \n\taccess.control.allow.origin = \n\tadmin.listeners = null\n\tauto.include.jmx.reporter = true\n\tbootstrap.servers = [localhost:9092]\n\tclient.dns.lookup = use_all_dns_ips\n\tconfig.providers = []\n\tconnector.client.config.override.policy = All\n\theader.converter = class org.apache.kafka.connect.storage.SimpleHeaderConverter\n\tkey.converter = class org.apache.kafka.connect.json.JsonConverter\n\tlisteners = [http://:8083]\n\tmetric.reporters = []\n\tmetrics.num.samples = 2\n\tmetrics.recording.level = INFO\n\tmetrics.sample.window.ms = 30000\n\toffset.flush.interval.ms = 1000\n\toffset.flush.timeout.ms = 5000\n\toffset.storage.file.filename = /tmp/cdc-state-offset18123979193654590051/offset.dat\n\tplugin.path = null\n\tresponse.http.headers.config = \n\trest.advertised.host.name = null\n\trest.advertised.listener = null\n\trest.advertised.port = null\n\trest.extension.classes = []\n\tssl.cipher.suites = null\n\tssl.client.auth = none\n\tssl.enabled.protocols = [TLSv1.2, TLSv1.3]\n\tssl.endpoint.identification.algorithm = https\n\tssl.engine.factory.class = null\n\tssl.key.password = null\n\tssl.keymanager.algorithm = SunX509\n\tssl.keystore.certificate.chain = null\n\tssl.keystore.key = null\n\tssl.keystore.location = null\n\tssl.keystore.password = null\n\tssl.keystore.type = JKS\n\tssl.protocol = TLSv1.3\n\tssl.provider = null\n\tssl.secure.random.implementation = null\n\tssl.trustmanager.algorithm = PKIX\n\tssl.truststore.certificates = null\n\tssl.truststore.location = null\n\tssl.truststore.password = null\n\tssl.truststore.type = JKS\n\ttask.shutdown.graceful.timeout.ms = 5000\n\ttopic.creation.enable = true\n\ttopic.tracking.allow.reset = true\n\ttopic.tracking.enable = true\n\tvalue.converter = class org.apache.kafka.connect.json.JsonConverter\n"}}
{"type":"LOG","log":{"level":"WARN","message":"WARN o.a.k.c.r.WorkerConfig(logPluginPathConfigProviderWarning):379 Variables cannot be used in the 'plugin.path' property, since the property is used by plugin scanning before the config providers that replace the variables are initialized. The raw value 'null' was used for plugin scanning, as opposed to the transformed value 'null', and this may cause unexpected results."}}
{"type":"LOG","log":{"level":"INFO","message":"INFO o.a.k.c.s.FileOffsetBackingStore(start):58 Starting FileOffsetBackingStore with file /tmp/cdc-state-offset18123979193654590051/offset.dat"}}
{"type":"LOG","log":{"level":"INFO","message":"INFO o.a.k.c.c.AbstractConfig(logAll):376 JsonConverterConfig values: \n\tconverter.type = key\n\tdecimal.format = BASE64\n\tschemas.cache.size = 1000\n\tschemas.enable = false\n"}}
{"type":"LOG","log":{"level":"INFO","message":"INFO o.a.k.c.c.AbstractConfig(logAll):376 JsonConverterConfig values: \n\tconverter.type = value\n\tdecimal.format = BASE64\n\tschemas.cache.size = 1000\n\tschemas.enable = false\n"}}
{"type":"LOG","log":{"level":"INFO","message":"INFO i.a.i.d.i.p.PostgresDebeziumStateUtil(extractLsn):206 No previous offsets found"}}
{"type":"LOG","log":{"level":"INFO","message":"INFO i.a.i.d.i.p.PostgresDebeziumStateUtil(parseSavedOffset):181 Closing offsetStorageReader and fileOffsetBackingStore"}}
{"type":"LOG","log":{"level":"INFO","message":"INFO o.a.k.c.s.FileOffsetBackingStore(stop):66 Stopped FileOffsetBackingStore"}}
{"type":"LOG","log":{"level":"INFO","message":"INFO i.a.i.s.p.PostgresSource(lambda$getReplicationSlot$4):296 Attempting to find the named replication slot using the query: HikariProxyPreparedStatement@925141804 wrapping SELECT * FROM pg_replication_slots WHERE slot_name = 'debezium_slot_db_eindrcbptk' AND plugin = 'pgoutput' AND database = 'db_eindrcbptk'"}}
{"type":"LOG","log":{"level":"INFO","message":"INFO i.a.d.j.s.AdaptiveStreamingQueryConfig(initialize):31 Set initial fetch size: 10 rows"}}
{"type":"LOG","log":{"level":"INFO","message":"INFO i.a.i.s.p.PostgresUtils(shouldFlushAfterSync):61 Should flush after sync: true"}}
{"type":"LOG","log":{"level":"INFO","message":"INFO i.a.i.d.i.p.PostgresCdcTargetPosition(targetPosition):49 identified target lsn: PgLsn{lsn=23903320}"}}
{"type":"LOG","log":{"level":"INFO","message":"INFO i.a.i.s.p.PostgresUtils(shouldFlushAfterSync):61 Should flush after sync: true"}}
{"type":"LOG","log":{"level":"INFO","message":"INFO i.a.i.d.AirbyteDebeziumHandler(getIncrementalIterators):95 Using CDC: true"}}
{"type":"LOG","log":{"level":"INFO","message":"INFO o.a.k.c.c.AbstractConfig(logAll):376 JsonConverterConfig values: \n\tconverter.type = key\n\tdecimal.format = BASE64\n\tschemas.cache.size = 1000\n\tschemas.enable = false\n"}}
{"type":"LOG","log":{"level":"INFO","message":"INFO o.a.k.c.c.AbstractConfig(logAll):376 JsonConverterConfig values: \n\tconverter.type = value\n\tdecimal.format = BASE64\n\tschemas.cache.size = 1000\n\tschemas.enable = false\n"}}
{"type":"LOG","log":{"level":"INFO","message":"INFO o.a.k.c.c.AbstractConfig(logAll):376 EmbeddedConfig values: \n\taccess.control.allow.methods = \n\taccess.control.allow.origin = \n\tadmin.listeners = null\n\tauto.include.jmx.reporter = true\n\tbootstrap.servers = [localhost:9092]\n\tclient.dns.lookup = use_all_dns_ips\n\tconfig.providers = []\n\tconnector.client.config.override.policy = All\n\theader.converter = class org.apache.kafka.connect.storage.SimpleHeaderConverter\n\tkey.converter = class org.apache.kafka.connect.json.JsonConverter\n\tlisteners = [http://:8083]\n\tmetric.reporters = []\n\tmetrics.num.samples = 2\n\tmetrics.recording.level = INFO\n\tmetrics.sample.window.ms = 30000\n\toffset.flush.interval.ms = 1000\n\toffset.flush.timeout.ms = 5000\n\toffset.storage.file.filename = /tmp/cdc-state-offset15645772248247069278/offset.dat\n\toffset.storage.partitions = null\n\toffset.storage.replication.factor = null\n\toffset.storage.topic = \n\tplugin.path = null\n\tresponse.http.headers.config = \n\trest.advertised.host.name = null\n\trest.advertised.listener = null\n\trest.advertised.port = null\n\trest.extension.classes = []\n\tssl.cipher.suites = null\n\tssl.client.auth = none\n\tssl.enabled.protocols = [TLSv1.2, TLSv1.3]\n\tssl.endpoint.identification.algorithm = https\n\tssl.engine.factory.class = null\n\tssl.key.password = null\n\tssl.keymanager.algorithm = SunX509\n\tssl.keystore.certificate.chain = null\n\tssl.keystore.key = null\n\tssl.keystore.location = null\n\tssl.keystore.password = null\n\tssl.keystore.type = JKS\n\tssl.protocol = TLSv1.3\n\tssl.provider = null\n\tssl.secure.random.implementation = null\n\tssl.trustmanager.algorithm = PKIX\n\tssl.truststore.certificates = null\n\tssl.truststore.location = null\n\tssl.truststore.password = null\n\tssl.truststore.type = JKS\n\ttask.shutdown.graceful.timeout.ms = 5000\n\ttopic.creation.enable = true\n\ttopic.tracking.allow.reset = true\n\ttopic.tracking.enable = true\n\tvalue.converter = class org.apache.kafka.connect.json.JsonConverter\n"}}
{"type":"LOG","log":{"level":"WARN","message":"WARN o.a.k.c.r.WorkerConfig(logPluginPathConfigProviderWarning):379 Variables cannot be used in the 'plugin.path' property, since the property is used by plugin scanning before the config providers that replace the variables are initialized. The raw value 'null' was used for plugin scanning, as opposed to the transformed value 'null', and this may cause unexpected results."}}
{"type":"LOG","log":{"level":"INFO","message":"INFO o.a.k.c.c.AbstractConfig(logAll):376 JsonConverterConfig values: \n\tconverter.type = key\n\tdecimal.format = BASE64\n\tschemas.cache.size = 1000\n\tschemas.enable = false\n"}}
{"type":"LOG","log":{"level":"INFO","message":"INFO o.a.k.c.c.AbstractConfig(logAll):376 JsonConverterConfig values: \n\tconverter.type = value\n\tdecimal.format = BASE64\n\tschemas.cache.size = 1000\n\tschemas.enable = false\n"}}
{"type":"LOG","log":{"level":"WARN","message":"WARN i.d.c.p.PostgresConnectorConfig(validateFlushLsnSource):1070 Property 'flush.lsn.source' is set to 'false', the LSN will not be flushed to the database source and WAL logs will not be cleared. User is expected to handle this outside Debezium."}}
{"type":"LOG","log":{"level":"INFO","message":"INFO i.d.c.p.PostgresConnector(testConnection):154 Successfully tested connection for jdbc:postgresql://localhost:56082/db_eindrcbptk with user 'test'"}}
{"type":"LOG","log":{"level":"INFO","message":"INFO i.d.j.JdbcConnection(lambda$doClose$4):947 Connection gracefully closed"}}
{"type":"LOG","log":{"level":"INFO","message":"INFO o.a.k.c.s.FileOffsetBackingStore(start):58 Starting FileOffsetBackingStore with file /tmp/cdc-state-offset15645772248247069278/offset.dat"}}
{"type":"LOG","log":{"level":"WARN","message":"WARN i.d.c.p.PostgresConnectorConfig(validateFlushLsnSource):1070 Property 'flush.lsn.source' is set to 'false', the LSN will not be flushed to the database source and WAL logs will not be cleared. User is expected to handle this outside Debezium."}}
{"type":"LOG","log":{"level":"INFO","message":"INFO i.d.c.c.BaseSourceTask(start):124 Starting PostgresConnectorTask with configuration:"}}
{"type":"LOG","log":{"level":"INFO","message":"INFO i.d.c.c.BaseSourceTask(lambda$start$0):126    connector.class = io.debezium.connector.postgresql.PostgresConnector"}}
{"type":"LOG","log":{"level":"INFO","message":"INFO i.d.c.c.BaseSourceTask(lambda$start$0):126    max.queue.size = 8192"}}
{"type":"LOG","log":{"level":"INFO","message":"INFO i.d.c.c.BaseSourceTask(lambda$start$0):126    slot.name = debezium_slot_db_eindrcbptk"}}
{"type":"LOG","log":{"level":"INFO","message":"INFO i.d.c.c.BaseSourceTask(lambda$start$0):126    publication.name = publication"}}
{"type":"LOG","log":{"level":"INFO","message":"INFO i.d.c.c.BaseSourceTask(lambda$start$0):126    topic.prefix = db_eindrcbptk"}}
{"type":"LOG","log":{"level":"INFO","message":"INFO i.d.c.c.BaseSourceTask(lambda$start$0):126    offset.storage.file.filename = /tmp/cdc-state-offset15645772248247069278/offset.dat"}}
{"type":"LOG","log":{"level":"INFO","message":"INFO i.d.c.c.BaseSourceTask(lambda$start$0):126    decimal.handling.mode = string"}}
{"type":"LOG","log":{"level":"INFO","message":"INFO i.d.c.c.BaseSourceTask(lambda$start$0):126    flush.lsn.source = false"}}
{"type":"LOG","log":{"level":"INFO","message":"INFO i.d.c.c.BaseSourceTask(lambda$start$0):126    converters = datetime"}}
{"type":"LOG","log":{"level":"INFO","message":"INFO i.d.c.c.BaseSourceTask(lambda$start$0):126    errors.retry.delay.initial.ms = 299"}}
{"type":"LOG","log":{"level":"INFO","message":"INFO i.d.c.c.BaseSourceTask(lambda$start$0):126    datetime.type = io.airbyte.integrations.debezium.internals.postgres.PostgresConverter"}}
{"type":"LOG","log":{"level":"INFO","message":"INFO i.d.c.c.BaseSourceTask(lambda$start$0):126    value.converter = org.apache.kafka.connect.json.JsonConverter"}}
{"type":"LOG","log":{"level":"INFO","message":"INFO i.d.c.c.BaseSourceTask(lambda$start$0):126    key.converter = org.apache.kafka.connect.json.JsonConverter"}}
{"type":"LOG","log":{"level":"INFO","message":"INFO i.d.c.c.BaseSourceTask(lambda$start$0):126    publication.autocreate.mode = disabled"}}
{"type":"LOG","log":{"level":"INFO","message":"INFO i.d.c.c.BaseSourceTask(lambda$start$0):126    database.user = test"}}
{"type":"LOG","log":{"level":"INFO","message":"INFO i.d.c.c.BaseSourceTask(lambda$start$0):126    database.dbname = db_eindrcbptk"}}
{"type":"LOG","log":{"level":"INFO","message":"INFO i.d.c.c.BaseSourceTask(lambda$start$0):126    offset.storage = org.apache.kafka.connect.storage.FileOffsetBackingStore"}}
{"type":"LOG","log":{"level":"INFO","message":"INFO i.d.c.c.BaseSourceTask(lambda$start$0):126    errors.retry.delay.max.ms = 300"}}
{"type":"LOG","log":{"level":"INFO","message":"INFO i.d.c.c.BaseSourceTask(lambda$start$0):126    offset.flush.timeout.ms = 5000"}}
{"type":"LOG","log":{"level":"INFO","message":"INFO i.d.c.c.BaseSourceTask(lambda$start$0):126    heartbeat.interval.ms = 10000"}}
{"type":"LOG","log":{"level":"INFO","message":"INFO i.d.c.c.BaseSourceTask(lambda$start$0):126    column.include.list = \\Qmodels_schema.models\\E\\.(\\Qmodel\\E|\\Qid\\E|\\Qmake_id\\E)"}}
{"type":"LOG","log":{"level":"INFO","message":"INFO i.d.c.c.BaseSourceTask(lambda$start$0):126    plugin.name = pgoutput"}}
{"type":"LOG","log":{"level":"INFO","message":"INFO i.d.c.c.BaseSourceTask(lambda$start$0):126    database.port = 56082"}}
{"type":"LOG","log":{"level":"INFO","message":"INFO i.d.c.c.BaseSourceTask(lambda$start$0):126    offset.flush.interval.ms = 1000"}}
{"type":"LOG","log":{"level":"INFO","message":"INFO i.d.c.c.BaseSourceTask(lambda$start$0):126    key.converter.schemas.enable = false"}}
{"type":"LOG","log":{"level":"INFO","message":"INFO i.d.c.c.BaseSourceTask(lambda$start$0):126    include.unknown.datatypes = true"}}
{"type":"LOG","log":{"level":"INFO","message":"INFO i.d.c.c.BaseSourceTask(lambda$start$0):126    errors.max.retries = 10"}}
{"type":"LOG","log":{"level":"INFO","message":"INFO i.d.c.c.BaseSourceTask(lambda$start$0):126    database.hostname = localhost"}}
{"type":"LOG","log":{"level":"INFO","message":"INFO i.d.c.c.BaseSourceTask(lambda$start$0):126    database.password = ********"}}
{"type":"LOG","log":{"level":"INFO","message":"INFO i.d.c.c.BaseSourceTask(lambda$start$0):126    value.converter.schemas.enable = false"}}
{"type":"LOG","log":{"level":"INFO","message":"INFO i.d.c.c.BaseSourceTask(lambda$start$0):126    name = db_eindrcbptk"}}
{"type":"LOG","log":{"level":"INFO","message":"INFO i.d.c.c.BaseSourceTask(lambda$start$0):126    max.batch.size = 2048"}}
{"type":"LOG","log":{"level":"INFO","message":"INFO i.d.c.c.BaseSourceTask(lambda$start$0):126    table.include.list = \\Qmodels_schema.models\\E"}}
{"type":"LOG","log":{"level":"INFO","message":"INFO i.d.c.c.BaseSourceTask(lambda$start$0):126    snapshot.mode = initial"}}
{"type":"LOG","log":{"level":"INFO","message":"INFO i.d.c.c.BaseSourceTask(startIfNeededAndPossible):243 Attempting to start task"}}
{"type":"LOG","log":{"level":"INFO","message":"INFO i.d.c.CommonConnectorConfig(getTopicNamingStrategy):849 Loading the custom topic naming strategy plugin: io.debezium.schema.SchemaTopicNamingStrategy"}}
{"type":"LOG","log":{"level":"INFO","message":"INFO i.d.j.JdbcConnection(lambda$doClose$4):947 Connection gracefully closed"}}
{"type":"LOG","log":{"level":"INFO","message":"INFO i.d.c.c.BaseSourceTask(getPreviousOffsets):375 No previous offsets found"}}
{"type":"LOG","log":{"level":"INFO","message":"INFO i.d.c.p.PostgresConnectorTask(start):113 user 'test' connected to database 'db_eindrcbptk' on PostgreSQL 13.11 on x86_64-pc-linux-musl, compiled by gcc (Alpine 12.2.1_git20220924-r10) 12.2.1 20220924, 64-bit with roles:\n\trole 'pg_read_all_settings' [superuser: false, replication: false, inherit: true, create role: false, create db: false, can log in: false]\n\trole 'pg_stat_scan_tables' [superuser: false, replication: false, inherit: true, create role: false, create db: false, can log in: false]\n\trole 'pg_write_server_files' [superuser: false, replication: false, inherit: true, create role: false, create db: false, can log in: false]\n\trole 'test' [superuser: true, replication: true, inherit: true, create role: true, create db: true, can log in: true]\n\trole 'pg_monitor' [superuser: false, replication: false, inherit: true, create role: false, create db: false, can log in: false]\n\trole 'pg_read_server_files' [superuser: false, replication: false, inherit: true, create role: false, create db: false, can log in: false]\n\trole 'pg_execute_server_program' [superuser: false, replication: false, inherit: true, create role: false, create db: false, can log in: false]\n\trole 'pg_read_all_stats' [superuser: false, replication: false, inherit: true, create role: false, create db: false, can log in: false]\n\trole 'pg_signal_backend' [superuser: false, replication: false, inherit: true, create role: false, create db: false, can log in: false]"}}
{"type":"LOG","log":{"level":"INFO","message":"INFO i.d.c.p.c.PostgresConnection(readReplicationSlotInfo):264 Obtained valid replication slot ReplicationSlot [active=false, latestFlushedLsn=LSN{0/16CB9D0}, catalogXmin=504]"}}
{"type":"LOG","log":{"level":"INFO","message":"INFO i.d.c.p.PostgresConnectorTask(start):122 No previous offset found"}}
{"type":"LOG","log":{"level":"INFO","message":"INFO i.d.u.Threads(threadFactory):270 Requested thread factory for connector PostgresConnector, id = db_eindrcbptk named = change-event-source-coordinator"}}
{"type":"LOG","log":{"level":"INFO","message":"INFO i.d.u.Threads$3(newThread):287 Creating thread debezium-postgresconnector-db_eindrcbptk-change-event-source-coordinator"}}
{"type":"LOG","log":{"level":"INFO","message":"INFO i.d.c.c.BaseSourceTask(startIfNeededAndPossible):245 Successfully started task"}}
{"type":"LOG","log":{"level":"INFO","message":"INFO i.d.p.ChangeEventSourceCoordinator(lambda$start$0):103 Metrics registered"}}
{"type":"LOG","log":{"level":"INFO","message":"INFO i.d.p.ChangeEventSourceCoordinator(lambda$start$0):106 Context created"}}
{"type":"LOG","log":{"level":"INFO","message":"INFO i.d.c.p.s.InitialSnapshotter(shouldSnapshot):34 Taking initial snapshot for new datasource"}}
{"type":"LOG","log":{"level":"INFO","message":"INFO i.d.c.p.PostgresSnapshotChangeEventSource(getSnapshottingTask):65 According to the connector configuration data will be snapshotted"}}
{"type":"LOG","log":{"level":"INFO","message":"INFO i.d.r.RelationalSnapshotChangeEventSource(doExecute):110 Snapshot step 1 - Preparing"}}
{"type":"LOG","log":{"level":"INFO","message":"INFO i.d.r.RelationalSnapshotChangeEventSource(doExecute):119 Snapshot step 2 - Determining captured tables"}}
{"type":"LOG","log":{"level":"INFO","message":"INFO i.d.r.RelationalSnapshotChangeEventSource(determineCapturedTables):267 Adding table models_schema.models to the list of capture schema tables"}}
{"type":"LOG","log":{"level":"INFO","message":"INFO i.d.r.RelationalSnapshotChangeEventSource(determineCapturedTables):267 Adding table models_schema_random.models_random to the list of capture schema tables"}}
{"type":"LOG","log":{"level":"INFO","message":"INFO i.d.r.RelationalSnapshotChangeEventSource(doExecute):126 Snapshot step 3 - Locking captured tables [models_schema.models]"}}
{"type":"LOG","log":{"level":"INFO","message":"INFO i.d.r.RelationalSnapshotChangeEventSource(doExecute):132 Snapshot step 4 - Determining snapshot offset"}}
{"type":"LOG","log":{"level":"INFO","message":"INFO i.d.c.p.PostgresOffsetContext(initialContext):233 Creating initial offset context"}}
{"type":"LOG","log":{"level":"INFO","message":"INFO i.d.c.p.PostgresOffsetContext(initialContext):236 Read xlogStart at 'LSN{0/16CBC58}' from transaction '505'"}}
{"type":"LOG","log":{"level":"INFO","message":"INFO i.d.c.p.PostgresSnapshotChangeEventSource(updateOffsetForSnapshot):147 Read xlogStart at 'LSN{0/16CBC58}' from transaction '505'"}}
{"type":"LOG","log":{"level":"INFO","message":"INFO i.d.r.RelationalSnapshotChangeEventSource(doExecute):135 Snapshot step 5 - Reading structure of captured tables"}}
{"type":"LOG","log":{"level":"INFO","message":"INFO i.d.c.p.PostgresSnapshotChangeEventSource(readTableStructure):193 Reading structure of schema 'models_schema' of catalog 'db_eindrcbptk'"}}
{"type":"LOG","log":{"level":"INFO","message":"INFO i.d.r.RelationalSnapshotChangeEventSource(doExecute):139 Snapshot step 5.a - Creating connection pool"}}
{"type":"LOG","log":{"level":"INFO","message":"INFO i.d.r.RelationalSnapshotChangeEventSource(createConnectionPool):213 Created connection pool with 1 threads"}}
{"type":"LOG","log":{"level":"INFO","message":"INFO i.d.r.RelationalSnapshotChangeEventSource(doExecute):144 Snapshot step 6 - Persisting schema history"}}
{"type":"LOG","log":{"level":"INFO","message":"INFO i.d.r.RelationalSnapshotChangeEventSource(doExecute):156 Snapshot step 7 - Snapshotting data"}}
{"type":"LOG","log":{"level":"INFO","message":"INFO i.d.r.RelationalSnapshotChangeEventSource(createDataEvents):390 Creating snapshot worker pool with 1 worker thread(s)"}}
{"type":"LOG","log":{"level":"INFO","message":"INFO i.d.r.RelationalSnapshotChangeEventSource(createDataEvents):399 For table 'models_schema.models' using select statement: 'SELECT \"id\", \"make_id\", \"model\" FROM \"models_schema\".\"models\"'"}}
{"type":"LOG","log":{"level":"INFO","message":"INFO i.d.r.RelationalSnapshotChangeEventSource(doCreateDataEventsForTable):513 Exporting data from table 'models_schema.models' (1 of 1 tables)"}}
{"type":"LOG","log":{"level":"INFO","message":"INFO i.d.r.RelationalSnapshotChangeEventSource(doCreateDataEventsForTable):559 \t Finished exporting 6 records for table 'models_schema.models' (1 of 1 tables); total duration '00:00:00.011'"}}
{"type":"LOG","log":{"level":"INFO","message":"INFO i.d.p.s.AbstractSnapshotChangeEventSource(execute):88 Snapshot - Final stage"}}
{"type":"LOG","log":{"level":"INFO","message":"INFO i.d.p.s.AbstractSnapshotChangeEventSource(execute):92 Snapshot completed"}}
{"type":"LOG","log":{"level":"INFO","message":"INFO i.d.p.ChangeEventSourceCoordinator(doSnapshot):156 Snapshot ended with SnapshotResult [status=COMPLETED, offset=PostgresOffsetContext [sourceInfoSchema=Schema{io.debezium.connector.postgresql.Source:STRUCT}, sourceInfo=source_info[server='db_eindrcbptk'db='db_eindrcbptk', lsn=LSN{0/16CBC58}, txId=505, timestamp=2023-05-20T13:50:50.453407Z, snapshot=FALSE, schema=models_schema, table=models], lastSnapshotRecord=true, lastCompletelyProcessedLsn=null, lastCommitLsn=null, streamingStoppingLsn=null, transactionContext=TransactionContext [currentTransactionId=null, perTableEventCount={}, totalEventCount=0], incrementalSnapshotContext=IncrementalSnapshotContext [windowOpened=false, chunkEndPosition=null, dataCollectionsToSnapshot=[], lastEventKeySent=null, maximumKey=null]]]"}}
{"type":"LOG","log":{"level":"INFO","message":"INFO i.d.p.ChangeEventSourceCoordinator(streamingConnected):240 Connected metrics set to 'true'"}}
{"type":"LOG","log":{"level":"INFO","message":"INFO i.d.c.p.PostgresSchema(printReplicaIdentityInfo):100 REPLICA IDENTITY for 'models_schema.models' is 'DEFAULT'; UPDATE and DELETE events will contain previous values only for PK columns"}}
{"type":"LOG","log":{"level":"INFO","message":"INFO i.d.p.ChangeEventSourceCoordinator(streamEvents):173 Starting streaming"}}
{"type":"LOG","log":{"level":"INFO","message":"INFO i.d.c.p.PostgresStreamingChangeEventSource(execute):136 Retrieved latest position from stored offset 'LSN{0/16CBC58}'"}}
{"type":"LOG","log":{"level":"INFO","message":"INFO i.d.c.p.c.WalPositionLocator(<init>):48 Looking for WAL restart position for last commit LSN 'null' and last change LSN 'LSN{0/16CBC58}'"}}
{"type":"LOG","log":{"level":"INFO","message":"INFO i.d.c.p.c.PostgresReplicationConnection(initPublication):147 Initializing PgOutput logical decoder publication"}}
{"type":"LOG","log":{"level":"INFO","message":"INFO i.d.c.p.c.PostgresConnection(readReplicationSlotInfo):264 Obtained valid replication slot ReplicationSlot [active=false, latestFlushedLsn=LSN{0/16CB9D0}, catalogXmin=504]"}}
{"type":"LOG","log":{"level":"INFO","message":"INFO i.d.j.JdbcConnection(lambda$doClose$4):947 Connection gracefully closed"}}
{"type":"LOG","log":{"level":"INFO","message":"INFO i.d.u.Threads(threadFactory):270 Requested thread factory for connector PostgresConnector, id = db_eindrcbptk named = keep-alive"}}
{"type":"LOG","log":{"level":"INFO","message":"INFO i.d.u.Threads$3(newThread):287 Creating thread debezium-postgresconnector-db_eindrcbptk-keep-alive"}}
{"type":"LOG","log":{"level":"INFO","message":"INFO i.d.c.p.PostgresSchema(printReplicaIdentityInfo):100 REPLICA IDENTITY for 'models_schema.models' is 'DEFAULT'; UPDATE and DELETE events will contain previous values only for PK columns"}}
{"type":"LOG","log":{"level":"INFO","message":"INFO i.d.c.p.PostgresStreamingChangeEventSource(searchWalPosition):327 Searching for WAL resume position"}}
{"type":"LOG","log":{"level":"INFO","message":"INFO i.a.i.d.i.p.PostgresCdcTargetPosition(reachedTargetPosition):61 Signalling close because Snapshot is complete"}}
{"type":"LOG","log":{"level":"INFO","message":"INFO i.a.i.d.i.DebeziumRecordIterator(requestClose):208 Closing: Change event reached target position"}}
{"type":"LOG","log":{"level":"INFO","message":"INFO i.d.e.EmbeddedEngine(stop):1146 Stopping the embedded engine"}}
{"type":"LOG","log":{"level":"INFO","message":"INFO i.d.e.EmbeddedEngine(stop):1153 Waiting for PT5M for connector to stop"}}
{"type":"LOG","log":{"level":"INFO","message":"INFO i.d.e.EmbeddedEngine(run):944 Stopping the task and engine"}}
{"type":"LOG","log":{"level":"INFO","message":"INFO i.d.c.c.BaseSourceTask(stop):278 Stopping down connector"}}
{"type":"LOG","log":{"level":"INFO","message":"INFO i.d.c.p.PostgresStreamingChangeEventSource(searchWalPosition):348 WAL resume position 'null' discovered"}}
{"type":"LOG","log":{"level":"INFO","message":"INFO i.d.j.JdbcConnection(lambda$doClose$4):947 Connection gracefully closed"}}
{"type":"LOG","log":{"level":"INFO","message":"INFO i.d.j.JdbcConnection(lambda$doClose$4):947 Connection gracefully closed"}}
{"type":"LOG","log":{"level":"INFO","message":"INFO i.d.c.p.c.PostgresReplicationConnection(initPublication):147 Initializing PgOutput logical decoder publication"}}
{"type":"LOG","log":{"level":"INFO","message":"INFO i.d.u.Threads(threadFactory):270 Requested thread factory for connector PostgresConnector, id = db_eindrcbptk named = keep-alive"}}
{"type":"LOG","log":{"level":"INFO","message":"INFO i.d.u.Threads$3(newThread):287 Creating thread debezium-postgresconnector-db_eindrcbptk-keep-alive"}}
{"type":"LOG","log":{"level":"INFO","message":"INFO i.d.c.p.PostgresStreamingChangeEventSource(processMessages):211 Processing messages"}}
{"type":"LOG","log":{"level":"INFO","message":"INFO i.d.j.JdbcConnection(lambda$doClose$4):947 Connection gracefully closed"}}
{"type":"LOG","log":{"level":"INFO","message":"INFO i.d.j.JdbcConnection(lambda$doClose$4):947 Connection gracefully closed"}}
{"type":"LOG","log":{"level":"INFO","message":"INFO i.d.p.ChangeEventSourceCoordinator(streamEvents):175 Finished streaming"}}
{"type":"LOG","log":{"level":"INFO","message":"INFO i.d.p.ChangeEventSourceCoordinator(streamingConnected):240 Connected metrics set to 'false'"}}
{"type":"LOG","log":{"level":"INFO","message":"INFO o.a.k.c.s.FileOffsetBackingStore(stop):66 Stopped FileOffsetBackingStore"}}
{"type":"LOG","log":{"level":"INFO","message":"INFO i.a.i.d.i.DebeziumRecordPublisher(lambda$start$1):73 Debezium engine shutdown."}}
{"type":"LOG","log":{"level":"INFO","message":"INFO i.a.i.d.i.DebeziumRecordPublisher(lambda$start$1):74 Connector 'io.debezium.connector.postgresql.PostgresConnector' completed normally."}}
{"type":"LOG","log":{"level":"INFO","message":"INFO i.a.i.s.p.PostgresCdcStateHandler(saveState):37 debezium state: {\"[\\\"db_eindrcbptk\\\",{\\\"server\\\":\\\"db_eindrcbptk\\\"}]\":\"{\\\"transaction_id\\\":null,\\\"lsn\\\":23903320,\\\"txId\\\":505,\\\"ts_usec\\\":1684590650453407}\"}"}}
{"type":"LOG","log":{"level":"INFO","message":"INFO i.a.i.s.r.AbstractDbSource(lambda$read$1):173 Closing database connection pool."}}
{"type":"LOG","log":{"level":"INFO","message":"INFO c.z.h.HikariDataSource(close):350 HikariPool-27 - Shutdown initiated..."}}
{"type":"LOG","log":{"level":"INFO","message":"INFO c.z.h.HikariDataSource(close):352 HikariPool-27 - Shutdown completed."}}
{"type":"LOG","log":{"level":"INFO","message":"INFO i.a.i.s.r.AbstractDbSource(lambda$read$1):175 Closed database connection pool."}}
{"type":"LOG","log":{"level":"INFO","message":"INFO i.a.i.s.p.PostgresUtils(isCdc):53 using CDC: true"}}
{"type":"LOG","log":{"level":"INFO","message":"INFO i.a.i.s.r.s.StateManagerFactory(createStateManager):51 Global state manager selected to manage state object with type GLOBAL."}}
{"type":"LOG","log":{"level":"INFO","message":"INFO i.a.i.s.r.CdcStateManager(<init>):29 Initialized CDC state with: io.airbyte.integrations.source.relationaldb.models.CdcState@1a7ba443[state={\"[\\\"db_eindrcbptk\\\",{\\\"server\\\":\\\"db_eindrcbptk\\\"}]\":\"{\\\"transaction_id\\\":null,\\\"lsn\\\":23903320,\\\"txId\\\":505,\\\"ts_usec\\\":1684590650453407}\"},additionalProperties={}]"}}
{"type":"LOG","log":{"level":"INFO","message":"INFO c.z.h.HikariDataSource(<init>):80 HikariPool-28 - Starting..."}}
{"type":"LOG","log":{"level":"INFO","message":"INFO c.z.h.HikariDataSource(<init>):82 HikariPool-28 - Start completed."}}
{"type":"LOG","log":{"level":"INFO","message":"INFO i.a.i.s.p.PostgresUtils(isCdc):53 using CDC: true"}}
{"type":"LOG","log":{"level":"INFO","message":"INFO i.a.d.j.s.AdaptiveStreamingQueryConfig(initialize):31 Set initial fetch size: 10 rows"}}
{"type":"LOG","log":{"level":"INFO","message":"INFO i.a.i.s.p.PostgresCdcCatalogHelper(getPublicizedTables):119 For CDC, only tables in publication publication will be included in the sync: [models_schema.models, models_schema_random.models_random]"}}
{"type":"LOG","log":{"level":"INFO","message":"INFO i.a.i.s.j.AbstractJdbcSource(logPreSyncDebugData):450 Data source product recognized as PostgreSQL:13.11"}}
{"type":"LOG","log":{"level":"INFO","message":"INFO i.a.i.s.p.PostgresSource(logPreSyncDebugData):221 Discovering indexes for schema \"models_schema\", table \"models\""}}
{"type":"LOG","log":{"level":"INFO","message":"INFO i.a.i.s.p.PostgresSource(logPreSyncDebugData):223 Index name: models_pkey, Column: id, Unique: true"}}
{"type":"LOG","log":{"level":"INFO","message":"INFO i.a.i.s.p.PostgresQueryUtils(logXminStatus):77 Xmin Status : {Number of wraparounds: 0, Xmin Transaction Value: 507, Xmin Raw Value: 507"}}
{"type":"LOG","log":{"level":"INFO","message":"INFO i.a.i.s.j.AbstractJdbcSource(discoverInternal):166 Internal schemas to exclude: [catalog_history, information_schema, pg_catalog, pg_internal]"}}
{"type":"LOG","log":{"level":"INFO","message":"INFO i.a.d.j.s.AdaptiveStreamingQueryConfig(initialize):31 Set initial fetch size: 10 rows"}}
{"type":"LOG","log":{"level":"INFO","message":"INFO i.a.i.s.j.AbstractJdbcSource(discoverInternal):166 Internal schemas to exclude: [catalog_history, information_schema, pg_catalog, pg_internal]"}}
{"type":"LOG","log":{"level":"INFO","message":"INFO i.a.d.j.s.AdaptiveStreamingQueryConfig(initialize):31 Set initial fetch size: 10 rows"}}
{"type":"LOG","log":{"level":"INFO","message":"INFO i.a.i.s.p.PostgresUtils(isCdc):53 using CDC: true"}}
{"type":"LOG","log":{"level":"INFO","message":"INFO i.a.i.s.p.PostgresUtils(getFirstRecordWaitTime):111 First record waiting time: 30 seconds"}}
{"type":"LOG","log":{"level":"INFO","message":"INFO i.a.i.s.p.PostgresSource(getIncrementalIterators):369 First record waiting time: 30 seconds"}}
{"type":"LOG","log":{"level":"INFO","message":"INFO i.a.i.s.p.PostgresUtils(shouldFlushAfterSync):61 Should flush after sync: true"}}
{"type":"LOG","log":{"level":"INFO","message":"INFO o.a.k.c.c.AbstractConfig(logAll):376 StandaloneConfig values: \n\taccess.control.allow.methods = \n\taccess.control.allow.origin = \n\tadmin.listeners = null\n\tauto.include.jmx.reporter = true\n\tbootstrap.servers = [localhost:9092]\n\tclient.dns.lookup = use_all_dns_ips\n\tconfig.providers = []\n\tconnector.client.config.override.policy = All\n\theader.converter = class org.apache.kafka.connect.storage.SimpleHeaderConverter\n\tkey.converter = class org.apache.kafka.connect.json.JsonConverter\n\tlisteners = [http://:8083]\n\tmetric.reporters = []\n\tmetrics.num.samples = 2\n\tmetrics.recording.level = INFO\n\tmetrics.sample.window.ms = 30000\n\toffset.flush.interval.ms = 1000\n\toffset.flush.timeout.ms = 5000\n\toffset.storage.file.filename = /tmp/cdc-state-offset8586595969162887561/offset.dat\n\tplugin.path = null\n\tresponse.http.headers.config = \n\trest.advertised.host.name = null\n\trest.advertised.listener = null\n\trest.advertised.port = null\n\trest.extension.classes = []\n\tssl.cipher.suites = null\n\tssl.client.auth = none\n\tssl.enabled.protocols = [TLSv1.2, TLSv1.3]\n\tssl.endpoint.identification.algorithm = https\n\tssl.engine.factory.class = null\n\tssl.key.password = null\n\tssl.keymanager.algorithm = SunX509\n\tssl.keystore.certificate.chain = null\n\tssl.keystore.key = null\n\tssl.keystore.location = null\n\tssl.keystore.password = null\n\tssl.keystore.type = JKS\n\tssl.protocol = TLSv1.3\n\tssl.provider = null\n\tssl.secure.random.implementation = null\n\tssl.trustmanager.algorithm = PKIX\n\tssl.truststore.certificates = null\n\tssl.truststore.location = null\n\tssl.truststore.password = null\n\tssl.truststore.type = JKS\n\ttask.shutdown.graceful.timeout.ms = 5000\n\ttopic.creation.enable = true\n\ttopic.tracking.allow.reset = true\n\ttopic.tracking.enable = true\n\tvalue.converter = class org.apache.kafka.connect.json.JsonConverter\n"}}
{"type":"LOG","log":{"level":"WARN","message":"WARN o.a.k.c.r.WorkerConfig(logPluginPathConfigProviderWarning):379 Variables cannot be used in the 'plugin.path' property, since the property is used by plugin scanning before the config providers that replace the variables are initialized. The raw value 'null' was used for plugin scanning, as opposed to the transformed value 'null', and this may cause unexpected results."}}
{"type":"LOG","log":{"level":"INFO","message":"INFO o.a.k.c.s.FileOffsetBackingStore(start):58 Starting FileOffsetBackingStore with file /tmp/cdc-state-offset8586595969162887561/offset.dat"}}
{"type":"LOG","log":{"level":"INFO","message":"INFO o.a.k.c.c.AbstractConfig(logAll):376 JsonConverterConfig values: \n\tconverter.type = key\n\tdecimal.format = BASE64\n\tschemas.cache.size = 1000\n\tschemas.enable = false\n"}}
{"type":"LOG","log":{"level":"INFO","message":"INFO o.a.k.c.c.AbstractConfig(logAll):376 JsonConverterConfig values: \n\tconverter.type = value\n\tdecimal.format = BASE64\n\tschemas.cache.size = 1000\n\tschemas.enable = false\n"}}
{"type":"LOG","log":{"level":"INFO","message":"INFO i.a.i.d.i.p.PostgresDebeziumStateUtil(extractLsn):201 Found previous partition offset PostgresPartition [sourcePartition={server=db_eindrcbptk}]: {transaction_id=null, lsn=23903320, txId=505, ts_usec=1684590650453407}"}}
{"type":"LOG","log":{"level":"INFO","message":"INFO i.a.i.d.i.p.PostgresDebeziumStateUtil(parseSavedOffset):181 Closing offsetStorageReader and fileOffsetBackingStore"}}
{"type":"LOG","log":{"level":"INFO","message":"INFO o.a.k.c.s.FileOffsetBackingStore(stop):66 Stopped FileOffsetBackingStore"}}
{"type":"LOG","log":{"level":"INFO","message":"INFO i.a.i.s.p.PostgresSource(lambda$getReplicationSlot$4):296 Attempting to find the named replication slot using the query: HikariProxyPreparedStatement@1027761720 wrapping SELECT * FROM pg_replication_slots WHERE slot_name = 'debezium_slot_db_eindrcbptk' AND plugin = 'pgoutput' AND database = 'db_eindrcbptk'"}}
{"type":"LOG","log":{"level":"INFO","message":"INFO i.a.d.j.s.AdaptiveStreamingQueryConfig(initialize):31 Set initial fetch size: 10 rows"}}
{"type":"LOG","log":{"level":"INFO","message":"INFO i.a.i.d.i.p.PostgresDebeziumStateUtil(isSavedOffsetAfterReplicationSlotLSN):62 Replication slot confirmed_flush_lsn : 23902672 Saved offset LSN : 23903320"}}
{"type":"LOG","log":{"level":"INFO","message":"INFO i.a.i.s.p.PostgresUtils(shouldFlushAfterSync):61 Should flush after sync: true"}}
{"type":"LOG","log":{"level":"INFO","message":"INFO i.a.i.d.i.p.PostgresReplicationConnection(createConnection):44 Creating a replication connection."}}
{"type":"LOG","log":{"level":"INFO","message":"INFO i.a.i.d.i.p.PostgresReplicationConnection(createConnection):47 Validating replication connection."}}
{"type":"LOG","log":{"level":"INFO","message":"INFO i.a.i.d.i.p.PostgresCdcTargetPosition(targetPosition):49 identified target lsn: PgLsn{lsn=23903496}"}}
{"type":"LOG","log":{"level":"INFO","message":"INFO i.a.i.s.p.PostgresUtils(shouldFlushAfterSync):61 Should flush after sync: true"}}
{"type":"LOG","log":{"level":"INFO","message":"INFO i.a.i.d.AirbyteDebeziumHandler(getIncrementalIterators):95 Using CDC: true"}}
{"type":"LOG","log":{"level":"INFO","message":"INFO o.a.k.c.c.AbstractConfig(logAll):376 JsonConverterConfig values: \n\tconverter.type = key\n\tdecimal.format = BASE64\n\tschemas.cache.size = 1000\n\tschemas.enable = false\n"}}
{"type":"LOG","log":{"level":"INFO","message":"INFO o.a.k.c.c.AbstractConfig(logAll):376 JsonConverterConfig values: \n\tconverter.type = value\n\tdecimal.format = BASE64\n\tschemas.cache.size = 1000\n\tschemas.enable = false\n"}}
{"type":"LOG","log":{"level":"INFO","message":"INFO o.a.k.c.c.AbstractConfig(logAll):376 EmbeddedConfig values: \n\taccess.control.allow.methods = \n\taccess.control.allow.origin = \n\tadmin.listeners = null\n\tauto.include.jmx.reporter = true\n\tbootstrap.servers = [localhost:9092]\n\tclient.dns.lookup = use_all_dns_ips\n\tconfig.providers = []\n\tconnector.client.config.override.policy = All\n\theader.converter = class org.apache.kafka.connect.storage.SimpleHeaderConverter\n\tkey.converter = class org.apache.kafka.connect.json.JsonConverter\n\tlisteners = [http://:8083]\n\tmetric.reporters = []\n\tmetrics.num.samples = 2\n\tmetrics.recording.level = INFO\n\tmetrics.sample.window.ms = 30000\n\toffset.flush.interval.ms = 1000\n\toffset.flush.timeout.ms = 5000\n\toffset.storage.file.filename = /tmp/cdc-state-offset10351039057402502176/offset.dat\n\toffset.storage.partitions = null\n\toffset.storage.replication.factor = null\n\toffset.storage.topic = \n\tplugin.path = null\n\tresponse.http.headers.config = \n\trest.advertised.host.name = null\n\trest.advertised.listener = null\n\trest.advertised.port = null\n\trest.extension.classes = []\n\tssl.cipher.suites = null\n\tssl.client.auth = none\n\tssl.enabled.protocols = [TLSv1.2, TLSv1.3]\n\tssl.endpoint.identification.algorithm = https\n\tssl.engine.factory.class = null\n\tssl.key.password = null\n\tssl.keymanager.algorithm = SunX509\n\tssl.keystore.certificate.chain = null\n\tssl.keystore.key = null\n\tssl.keystore.location = null\n\tssl.keystore.password = null\n\tssl.keystore.type = JKS\n\tssl.protocol = TLSv1.3\n\tssl.provider = null\n\tssl.secure.random.implementation = null\n\tssl.trustmanager.algorithm = PKIX\n\tssl.truststore.certificates = null\n\tssl.truststore.location = null\n\tssl.truststore.password = null\n\tssl.truststore.type = JKS\n\ttask.shutdown.graceful.timeout.ms = 5000\n\ttopic.creation.enable = true\n\ttopic.tracking.allow.reset = true\n\ttopic.tracking.enable = true\n\tvalue.converter = class org.apache.kafka.connect.json.JsonConverter\n"}}
{"type":"LOG","log":{"level":"WARN","message":"WARN o.a.k.c.r.WorkerConfig(logPluginPathConfigProviderWarning):379 Variables cannot be used in the 'plugin.path' property, since the property is used by plugin scanning before the config providers that replace the variables are initialized. The raw value 'null' was used for plugin scanning, as opposed to the transformed value 'null', and this may cause unexpected results."}}
{"type":"LOG","log":{"level":"INFO","message":"INFO o.a.k.c.c.AbstractConfig(logAll):376 JsonConverterConfig values: \n\tconverter.type = key\n\tdecimal.format = BASE64\n\tschemas.cache.size = 1000\n\tschemas.enable = false\n"}}
{"type":"LOG","log":{"level":"INFO","message":"INFO o.a.k.c.c.AbstractConfig(logAll):376 JsonConverterConfig values: \n\tconverter.type = value\n\tdecimal.format = BASE64\n\tschemas.cache.size = 1000\n\tschemas.enable = false\n"}}
{"type":"LOG","log":{"level":"WARN","message":"WARN i.d.c.p.PostgresConnectorConfig(validateFlushLsnSource):1070 Property 'flush.lsn.source' is set to 'false', the LSN will not be flushed to the database source and WAL logs will not be cleared. User is expected to handle this outside Debezium."}}
{"type":"LOG","log":{"level":"INFO","message":"INFO i.d.c.p.PostgresConnector(testConnection):154 Successfully tested connection for jdbc:postgresql://localhost:56082/db_eindrcbptk with user 'test'"}}
{"type":"LOG","log":{"level":"INFO","message":"INFO i.d.j.JdbcConnection(lambda$doClose$4):947 Connection gracefully closed"}}
{"type":"LOG","log":{"level":"INFO","message":"INFO o.a.k.c.s.FileOffsetBackingStore(start):58 Starting FileOffsetBackingStore with file /tmp/cdc-state-offset10351039057402502176/offset.dat"}}
{"type":"LOG","log":{"level":"WARN","message":"WARN i.d.c.p.PostgresConnectorConfig(validateFlushLsnSource):1070 Property 'flush.lsn.source' is set to 'false', the LSN will not be flushed to the database source and WAL logs will not be cleared. User is expected to handle this outside Debezium."}}
{"type":"LOG","log":{"level":"INFO","message":"INFO i.d.c.c.BaseSourceTask(start):124 Starting PostgresConnectorTask with configuration:"}}
{"type":"LOG","log":{"level":"INFO","message":"INFO i.d.c.c.BaseSourceTask(lambda$start$0):126    connector.class = io.debezium.connector.postgresql.PostgresConnector"}}
{"type":"LOG","log":{"level":"INFO","message":"INFO i.d.c.c.BaseSourceTask(lambda$start$0):126    max.queue.size = 8192"}}
{"type":"LOG","log":{"level":"INFO","message":"INFO i.d.c.c.BaseSourceTask(lambda$start$0):126    slot.name = debezium_slot_db_eindrcbptk"}}
{"type":"LOG","log":{"level":"INFO","message":"INFO i.d.c.c.BaseSourceTask(lambda$start$0):126    publication.name = publication"}}
{"type":"LOG","log":{"level":"INFO","message":"INFO i.d.c.c.BaseSourceTask(lambda$start$0):126    topic.prefix = db_eindrcbptk"}}
{"type":"LOG","log":{"level":"INFO","message":"INFO i.d.c.c.BaseSourceTask(lambda$start$0):126    offset.storage.file.filename = /tmp/cdc-state-offset10351039057402502176/offset.dat"}}
{"type":"LOG","log":{"level":"INFO","message":"INFO i.d.c.c.BaseSourceTask(lambda$start$0):126    decimal.handling.mode = string"}}
{"type":"LOG","log":{"level":"INFO","message":"INFO i.d.c.c.BaseSourceTask(lambda$start$0):126    flush.lsn.source = false"}}
{"type":"LOG","log":{"level":"INFO","message":"INFO i.d.c.c.BaseSourceTask(lambda$start$0):126    converters = datetime"}}
{"type":"LOG","log":{"level":"INFO","message":"INFO i.d.c.c.BaseSourceTask(lambda$start$0):126    errors.retry.delay.initial.ms = 299"}}
{"type":"LOG","log":{"level":"INFO","message":"INFO i.d.c.c.BaseSourceTask(lambda$start$0):126    datetime.type = io.airbyte.integrations.debezium.internals.postgres.PostgresConverter"}}
{"type":"LOG","log":{"level":"INFO","message":"INFO i.d.c.c.BaseSourceTask(lambda$start$0):126    value.converter = org.apache.kafka.connect.json.JsonConverter"}}
{"type":"LOG","log":{"level":"INFO","message":"INFO i.d.c.c.BaseSourceTask(lambda$start$0):126    key.converter = org.apache.kafka.connect.json.JsonConverter"}}
{"type":"LOG","log":{"level":"INFO","message":"INFO i.d.c.c.BaseSourceTask(lambda$start$0):126    publication.autocreate.mode = disabled"}}
{"type":"LOG","log":{"level":"INFO","message":"INFO i.d.c.c.BaseSourceTask(lambda$start$0):126    database.user = test"}}
{"type":"LOG","log":{"level":"INFO","message":"INFO i.d.c.c.BaseSourceTask(lambda$start$0):126    database.dbname = db_eindrcbptk"}}
{"type":"LOG","log":{"level":"INFO","message":"INFO i.d.c.c.BaseSourceTask(lambda$start$0):126    offset.storage = org.apache.kafka.connect.storage.FileOffsetBackingStore"}}
{"type":"LOG","log":{"level":"INFO","message":"INFO i.d.c.c.BaseSourceTask(lambda$start$0):126    errors.retry.delay.max.ms = 300"}}
{"type":"LOG","log":{"level":"INFO","message":"INFO i.d.c.c.BaseSourceTask(lambda$start$0):126    offset.flush.timeout.ms = 5000"}}
{"type":"LOG","log":{"level":"INFO","message":"INFO i.d.c.c.BaseSourceTask(lambda$start$0):126    heartbeat.interval.ms = 10000"}}
{"type":"LOG","log":{"level":"INFO","message":"INFO i.d.c.c.BaseSourceTask(lambda$start$0):126    column.include.list = \\Qmodels_schema.models\\E\\.(\\Qmodel\\E|\\Qid\\E|\\Qmake_id\\E)"}}
{"type":"LOG","log":{"level":"INFO","message":"INFO i.d.c.c.BaseSourceTask(lambda$start$0):126    plugin.name = pgoutput"}}
{"type":"LOG","log":{"level":"INFO","message":"INFO i.d.c.c.BaseSourceTask(lambda$start$0):126    database.port = 56082"}}
{"type":"LOG","log":{"level":"INFO","message":"INFO i.d.c.c.BaseSourceTask(lambda$start$0):126    offset.flush.interval.ms = 1000"}}
{"type":"LOG","log":{"level":"INFO","message":"INFO i.d.c.c.BaseSourceTask(lambda$start$0):126    key.converter.schemas.enable = false"}}
{"type":"LOG","log":{"level":"INFO","message":"INFO i.d.c.c.BaseSourceTask(lambda$start$0):126    include.unknown.datatypes = true"}}
{"type":"LOG","log":{"level":"INFO","message":"INFO i.d.c.c.BaseSourceTask(lambda$start$0):126    errors.max.retries = 10"}}
{"type":"LOG","log":{"level":"INFO","message":"INFO i.d.c.c.BaseSourceTask(lambda$start$0):126    database.hostname = localhost"}}
{"type":"LOG","log":{"level":"INFO","message":"INFO i.d.c.c.BaseSourceTask(lambda$start$0):126    database.password = ********"}}
{"type":"LOG","log":{"level":"INFO","message":"INFO i.d.c.c.BaseSourceTask(lambda$start$0):126    value.converter.schemas.enable = false"}}
{"type":"LOG","log":{"level":"INFO","message":"INFO i.d.c.c.BaseSourceTask(lambda$start$0):126    name = db_eindrcbptk"}}
{"type":"LOG","log":{"level":"INFO","message":"INFO i.d.c.c.BaseSourceTask(lambda$start$0):126    max.batch.size = 2048"}}
{"type":"LOG","log":{"level":"INFO","message":"INFO i.d.c.c.BaseSourceTask(lambda$start$0):126    table.include.list = \\Qmodels_schema.models\\E"}}
{"type":"LOG","log":{"level":"INFO","message":"INFO i.d.c.c.BaseSourceTask(lambda$start$0):126    snapshot.mode = initial"}}
{"type":"LOG","log":{"level":"INFO","message":"INFO i.d.c.c.BaseSourceTask(startIfNeededAndPossible):243 Attempting to start task"}}
{"type":"LOG","log":{"level":"INFO","message":"INFO i.d.c.CommonConnectorConfig(getTopicNamingStrategy):849 Loading the custom topic naming strategy plugin: io.debezium.schema.SchemaTopicNamingStrategy"}}
{"type":"LOG","log":{"level":"INFO","message":"INFO i.d.j.JdbcConnection(lambda$doClose$4):947 Connection gracefully closed"}}
{"type":"LOG","log":{"level":"INFO","message":"INFO i.d.c.c.BaseSourceTask(getPreviousOffsets):370 Found previous partition offset PostgresPartition [sourcePartition={server=db_eindrcbptk}]: {transaction_id=null, lsn=23903320, txId=505, ts_usec=1684590650453407}"}}
{"type":"LOG","log":{"level":"INFO","message":"INFO i.d.c.p.PostgresConnectorTask(start):113 user 'test' connected to database 'db_eindrcbptk' on PostgreSQL 13.11 on x86_64-pc-linux-musl, compiled by gcc (Alpine 12.2.1_git20220924-r10) 12.2.1 20220924, 64-bit with roles:\n\trole 'pg_read_all_settings' [superuser: false, replication: false, inherit: true, create role: false, create db: false, can log in: false]\n\trole 'pg_stat_scan_tables' [superuser: false, replication: false, inherit: true, create role: false, create db: false, can log in: false]\n\trole 'pg_write_server_files' [superuser: false, replication: false, inherit: true, create role: false, create db: false, can log in: false]\n\trole 'test' [superuser: true, replication: true, inherit: true, create role: true, create db: true, can log in: true]\n\trole 'pg_monitor' [superuser: false, replication: false, inherit: true, create role: false, create db: false, can log in: false]\n\trole 'pg_read_server_files' [superuser: false, replication: false, inherit: true, create role: false, create db: false, can log in: false]\n\trole 'pg_execute_server_program' [superuser: false, replication: false, inherit: true, create role: false, create db: false, can log in: false]\n\trole 'pg_read_all_stats' [superuser: false, replication: false, inherit: true, create role: false, create db: false, can log in: false]\n\trole 'pg_signal_backend' [superuser: false, replication: false, inherit: true, create role: false, create db: false, can log in: false]"}}
{"type":"LOG","log":{"level":"INFO","message":"INFO i.d.c.p.c.PostgresConnection(readReplicationSlotInfo):264 Obtained valid replication slot ReplicationSlot [active=false, latestFlushedLsn=LSN{0/16CBC58}, catalogXmin=504]"}}
{"type":"LOG","log":{"level":"INFO","message":"INFO i.d.c.p.PostgresConnectorTask(start):127 Found previous offset PostgresOffsetContext [sourceInfoSchema=Schema{io.debezium.connector.postgresql.Source:STRUCT}, sourceInfo=source_info[server='db_eindrcbptk'db='db_eindrcbptk', lsn=LSN{0/16CBC58}, txId=505, timestamp=2023-05-20T13:50:50.453407Z, snapshot=FALSE, schema=, table=], lastSnapshotRecord=false, lastCompletelyProcessedLsn=null, lastCommitLsn=null, streamingStoppingLsn=null, transactionContext=TransactionContext [currentTransactionId=null, perTableEventCount={}, totalEventCount=0], incrementalSnapshotContext=IncrementalSnapshotContext [windowOpened=false, chunkEndPosition=null, dataCollectionsToSnapshot=[], lastEventKeySent=null, maximumKey=null]]"}}
{"type":"LOG","log":{"level":"INFO","message":"INFO i.d.u.Threads(threadFactory):270 Requested thread factory for connector PostgresConnector, id = db_eindrcbptk named = change-event-source-coordinator"}}
{"type":"LOG","log":{"level":"INFO","message":"INFO i.d.u.Threads$3(newThread):287 Creating thread debezium-postgresconnector-db_eindrcbptk-change-event-source-coordinator"}}
{"type":"LOG","log":{"level":"INFO","message":"INFO i.d.c.c.BaseSourceTask(startIfNeededAndPossible):245 Successfully started task"}}
{"type":"LOG","log":{"level":"INFO","message":"INFO i.d.p.ChangeEventSourceCoordinator(lambda$start$0):103 Metrics registered"}}
{"type":"LOG","log":{"level":"INFO","message":"INFO i.d.p.ChangeEventSourceCoordinator(lambda$start$0):106 Context created"}}
{"type":"LOG","log":{"level":"INFO","message":"INFO i.d.c.p.s.InitialSnapshotter(shouldSnapshot):42 Previous snapshot has completed successfully, streaming logical changes from last known position"}}
{"type":"LOG","log":{"level":"INFO","message":"INFO i.d.c.p.PostgresSnapshotChangeEventSource(getSnapshottingTask):68 According to the connector configuration no snapshot will be executed"}}
{"type":"LOG","log":{"level":"INFO","message":"INFO i.d.p.ChangeEventSourceCoordinator(doSnapshot):156 Snapshot ended with SnapshotResult [status=SKIPPED, offset=PostgresOffsetContext [sourceInfoSchema=Schema{io.debezium.connector.postgresql.Source:STRUCT}, sourceInfo=source_info[server='db_eindrcbptk'db='db_eindrcbptk', lsn=LSN{0/16CBC58}, txId=505, timestamp=2023-05-20T13:50:50.453407Z, snapshot=FALSE, schema=, table=], lastSnapshotRecord=false, lastCompletelyProcessedLsn=null, lastCommitLsn=null, streamingStoppingLsn=null, transactionContext=TransactionContext [currentTransactionId=null, perTableEventCount={}, totalEventCount=0], incrementalSnapshotContext=IncrementalSnapshotContext [windowOpened=false, chunkEndPosition=null, dataCollectionsToSnapshot=[], lastEventKeySent=null, maximumKey=null]]]"}}
{"type":"LOG","log":{"level":"INFO","message":"INFO i.d.p.ChangeEventSourceCoordinator(streamingConnected):240 Connected metrics set to 'true'"}}
{"type":"LOG","log":{"level":"INFO","message":"INFO i.d.c.p.PostgresSchema(printReplicaIdentityInfo):100 REPLICA IDENTITY for 'models_schema.models' is 'DEFAULT'; UPDATE and DELETE events will contain previous values only for PK columns"}}
{"type":"LOG","log":{"level":"INFO","message":"INFO i.d.p.ChangeEventSourceCoordinator(streamEvents):173 Starting streaming"}}
{"type":"LOG","log":{"level":"INFO","message":"INFO i.d.c.p.PostgresStreamingChangeEventSource(execute):136 Retrieved latest position from stored offset 'LSN{0/16CBC58}'"}}
{"type":"LOG","log":{"level":"INFO","message":"INFO i.d.c.p.c.WalPositionLocator(<init>):48 Looking for WAL restart position for last commit LSN 'null' and last change LSN 'LSN{0/16CBC58}'"}}
{"type":"LOG","log":{"level":"INFO","message":"INFO i.d.c.p.c.PostgresReplicationConnection(initPublication):147 Initializing PgOutput logical decoder publication"}}
{"type":"LOG","log":{"level":"INFO","message":"INFO i.d.c.p.c.PostgresConnection(readReplicationSlotInfo):264 Obtained valid replication slot ReplicationSlot [active=false, latestFlushedLsn=LSN{0/16CBC58}, catalogXmin=504]"}}
{"type":"LOG","log":{"level":"INFO","message":"INFO i.d.j.JdbcConnection(lambda$doClose$4):947 Connection gracefully closed"}}
{"type":"LOG","log":{"level":"INFO","message":"INFO i.d.u.Threads(threadFactory):270 Requested thread factory for connector PostgresConnector, id = db_eindrcbptk named = keep-alive"}}
{"type":"LOG","log":{"level":"INFO","message":"INFO i.d.u.Threads$3(newThread):287 Creating thread debezium-postgresconnector-db_eindrcbptk-keep-alive"}}
{"type":"LOG","log":{"level":"INFO","message":"INFO i.d.c.p.PostgresSchema(printReplicaIdentityInfo):100 REPLICA IDENTITY for 'models_schema.models' is 'DEFAULT'; UPDATE and DELETE events will contain previous values only for PK columns"}}
{"type":"LOG","log":{"level":"INFO","message":"INFO i.d.c.p.PostgresStreamingChangeEventSource(searchWalPosition):327 Searching for WAL resume position"}}
{"type":"LOG","log":{"level":"INFO","message":"INFO i.d.c.p.c.WalPositionLocator(resumeFromLsn):71 First LSN 'LSN{0/16CBC80}' received"}}
{"type":"LOG","log":{"level":"INFO","message":"INFO i.d.c.p.PostgresStreamingChangeEventSource(searchWalPosition):348 WAL resume position 'LSN{0/16CBC80}' discovered"}}
{"type":"LOG","log":{"level":"INFO","message":"INFO i.d.j.JdbcConnection(lambda$doClose$4):947 Connection gracefully closed"}}
{"type":"LOG","log":{"level":"INFO","message":"INFO i.d.j.JdbcConnection(lambda$doClose$4):947 Connection gracefully closed"}}
{"type":"LOG","log":{"level":"INFO","message":"INFO i.d.c.p.c.PostgresReplicationConnection(initPublication):147 Initializing PgOutput logical decoder publication"}}
{"type":"LOG","log":{"level":"INFO","message":"INFO i.d.u.Threads(threadFactory):270 Requested thread factory for connector PostgresConnector, id = db_eindrcbptk named = keep-alive"}}
{"type":"LOG","log":{"level":"INFO","message":"INFO i.d.u.Threads$3(newThread):287 Creating thread debezium-postgresconnector-db_eindrcbptk-keep-alive"}}
{"type":"LOG","log":{"level":"INFO","message":"INFO i.d.c.p.PostgresStreamingChangeEventSource(processMessages):211 Processing messages"}}
{"type":"LOG","log":{"level":"INFO","message":"INFO i.d.c.p.c.WalPositionLocator(skipMessage):152 Message with LSN 'LSN{0/16CBC80}' arrived, switching off the filtering"}}
{"type":"LOG","log":{"level":"INFO","message":"INFO i.d.c.c.BaseSourceTask(logStatistics):195 2 records sent during previous 00:00:10.677, last recorded offset of {server=db_eindrcbptk} partition is {transaction_id=null, lsn_proc=23903496, messageType=UPDATE, lsn_commit=23903496, lsn=23903496, txId=506, ts_usec=1684590660977140}"}}
{"type":"LOG","log":{"level":"INFO","message":"INFO i.a.i.d.i.DebeziumRecordIterator(requestClose):208 Closing: Heartbeat indicates sync is done"}}
{"type":"LOG","log":{"level":"INFO","message":"INFO i.d.e.EmbeddedEngine(stop):1146 Stopping the embedded engine"}}
{"type":"LOG","log":{"level":"INFO","message":"INFO i.d.e.EmbeddedEngine(stop):1153 Waiting for PT5M for connector to stop"}}
{"type":"LOG","log":{"level":"INFO","message":"INFO i.d.e.EmbeddedEngine(run):944 Stopping the task and engine"}}
{"type":"LOG","log":{"level":"INFO","message":"INFO i.d.c.c.BaseSourceTask(stop):278 Stopping down connector"}}
{"type":"LOG","log":{"level":"INFO","message":"INFO i.d.j.JdbcConnection(lambda$doClose$4):947 Connection gracefully closed"}}
{"type":"LOG","log":{"level":"INFO","message":"INFO i.d.j.JdbcConnection(lambda$doClose$4):947 Connection gracefully closed"}}
{"type":"LOG","log":{"level":"INFO","message":"INFO i.d.p.ChangeEventSourceCoordinator(streamEvents):175 Finished streaming"}}
{"type":"LOG","log":{"level":"INFO","message":"INFO i.d.p.ChangeEventSourceCoordinator(streamingConnected):240 Connected metrics set to 'false'"}}
{"type":"LOG","log":{"level":"INFO","message":"INFO o.a.k.c.s.FileOffsetBackingStore(stop):66 Stopped FileOffsetBackingStore"}}
{"type":"LOG","log":{"level":"INFO","message":"INFO i.a.i.d.i.DebeziumRecordPublisher(lambda$start$1):73 Debezium engine shutdown."}}
{"type":"LOG","log":{"level":"INFO","message":"INFO i.a.i.d.i.DebeziumRecordPublisher(lambda$start$1):74 Connector 'io.debezium.connector.postgresql.PostgresConnector' completed normally."}}
{"type":"LOG","log":{"level":"INFO","message":"INFO i.a.i.s.p.PostgresCdcStateHandler(saveState):37 debezium state: {\"[\\\"db_eindrcbptk\\\",{\\\"server\\\":\\\"db_eindrcbptk\\\"}]\":\"{\\\"transaction_id\\\":null,\\\"lsn_proc\\\":23903496,\\\"messageType\\\":\\\"UPDATE\\\",\\\"lsn_commit\\\":23903496,\\\"lsn\\\":23903496,\\\"txId\\\":506,\\\"ts_usec\\\":1684590660977140}\"}"}}
{"type":"LOG","log":{"level":"INFO","message":"INFO i.a.i.s.r.AbstractDbSource(lambda$read$1):173 Closing database connection pool."}}
{"type":"LOG","log":{"level":"INFO","message":"INFO c.z.h.HikariDataSource(close):350 HikariPool-28 - Shutdown initiated..."}}
{"type":"LOG","log":{"level":"INFO","message":"INFO c.z.h.HikariDataSource(close):352 HikariPool-28 - Shutdown completed."}}
{"type":"LOG","log":{"level":"INFO","message":"INFO i.a.i.s.r.AbstractDbSource(lambda$read$1):175 Closed database connection pool."}}
{"type":"LOG","log":{"level":"INFO","message":"INFO o.t.c.GenericContainer(tryStart):376 Creating container for image: debezium/postgres:13-alpine"}}
{"type":"LOG","log":{"level":"INFO","message":"INFO o.t.c.GenericContainer(tryStart):440 Container debezium/postgres:13-alpine is starting: 9b5882ef11f03f11e231b889ea14afa9ad01a29c886cb583da12d15b44d7d7cc"}}
{"type":"LOG","log":{"level":"INFO","message":"INFO o.t.c.GenericContainer(tryStart):520 Container debezium/postgres:13-alpine started in PT5.559389S"}}
{"type":"LOG","log":{"level":"INFO","message":"INFO c.z.h.HikariDataSource(<init>):80 HikariPool-29 - Starting..."}}
{"type":"LOG","log":{"level":"INFO","message":"INFO c.z.h.HikariDataSource(<init>):82 HikariPool-29 - Start completed."}}
{"type":"LOG","log":{"level":"INFO","message":"INFO i.a.i.s.p.PostgresUtils(isCdc):53 using CDC: true"}}
{"type":"LOG","log":{"level":"INFO","message":"INFO i.a.i.s.r.s.StateManagerFactory(createStateManager):51 Global state manager selected to manage state object with type GLOBAL."}}
{"type":"LOG","log":{"level":"INFO","message":"INFO i.a.i.s.r.s.CursorManager(createCursorInfoForStream):182 No cursor field set in catalog but not present in state. Stream: models_schema_time_stamp_table, New Cursor Field: null. Resetting cursor value"}}
{"type":"LOG","log":{"level":"INFO","message":"INFO i.a.i.s.r.CdcStateManager(<init>):29 Initialized CDC state with: io.airbyte.integrations.source.relationaldb.models.CdcState@5fa7cb3[state=<null>,additionalProperties={}]"}}
{"type":"LOG","log":{"level":"INFO","message":"INFO c.z.h.HikariDataSource(<init>):80 HikariPool-30 - Starting..."}}
{"type":"LOG","log":{"level":"INFO","message":"INFO c.z.h.HikariDataSource(<init>):82 HikariPool-30 - Start completed."}}
{"type":"LOG","log":{"level":"INFO","message":"INFO i.a.i.s.p.PostgresUtils(isCdc):53 using CDC: true"}}
{"type":"LOG","log":{"level":"INFO","message":"INFO i.a.d.j.s.AdaptiveStreamingQueryConfig(initialize):31 Set initial fetch size: 10 rows"}}
{"type":"LOG","log":{"level":"INFO","message":"INFO i.a.i.s.p.PostgresCdcCatalogHelper(getPublicizedTables):119 For CDC, only tables in publication publication will be included in the sync: [models_schema.models, models_schema.time_stamp_table, models_schema_random.models_random]"}}
{"type":"LOG","log":{"level":"INFO","message":"INFO i.a.i.s.j.AbstractJdbcSource(logPreSyncDebugData):450 Data source product recognized as PostgreSQL:13.11"}}
{"type":"LOG","log":{"level":"INFO","message":"INFO i.a.i.s.p.PostgresSource(logPreSyncDebugData):221 Discovering indexes for schema \"models_schema\", table \"time_stamp_table\""}}
{"type":"LOG","log":{"level":"INFO","message":"INFO i.a.i.s.p.PostgresSource(logPreSyncDebugData):223 Index name: time_stamp_table_pkey, Column: id, Unique: true"}}
{"type":"LOG","log":{"level":"INFO","message":"INFO i.a.i.s.p.PostgresQueryUtils(logXminStatus):77 Xmin Status : {Number of wraparounds: 0, Xmin Transaction Value: 512, Xmin Raw Value: 512"}}
{"type":"LOG","log":{"level":"INFO","message":"INFO i.a.i.s.j.AbstractJdbcSource(discoverInternal):166 Internal schemas to exclude: [catalog_history, information_schema, pg_catalog, pg_internal]"}}
{"type":"LOG","log":{"level":"INFO","message":"INFO i.a.d.j.s.AdaptiveStreamingQueryConfig(initialize):31 Set initial fetch size: 10 rows"}}
{"type":"LOG","log":{"level":"INFO","message":"INFO i.a.i.s.j.AbstractJdbcSource(discoverInternal):166 Internal schemas to exclude: [catalog_history, information_schema, pg_catalog, pg_internal]"}}
{"type":"LOG","log":{"level":"INFO","message":"INFO i.a.d.j.s.AdaptiveStreamingQueryConfig(initialize):31 Set initial fetch size: 10 rows"}}
{"type":"LOG","log":{"level":"WARN","message":"WARN i.a.i.s.r.DbSourceDiscoverUtil(logSourceSchemaChange):82 Source schema changed for table models_schema.time_stamp_table! Potential mismatches: [id]. Actual schema: {\"type\":\"object\",\"properties\":{\"name\":{\"type\":\"string\"},\"created_at\":{\"type\":\"string\",\"format\":\"date-time\",\"airbyte_type\":\"timestamp_with_timezone\"},\"id\":{\"type\":\"number\",\"airbyte_type\":\"integer\"}}}. Catalog schema: {\"type\":\"object\",\"properties\":{\"name\":{\"type\":\"string\"},\"created_at\":{\"type\":\"string\",\"format\":\"date-time\",\"airbyte_type\":\"timestamp_with_timezone\"},\"id\":{\"type\":\"number\"}}}"}}
{"type":"LOG","log":{"level":"INFO","message":"INFO i.a.i.s.p.PostgresUtils(isCdc):53 using CDC: true"}}
{"type":"LOG","log":{"level":"INFO","message":"INFO i.a.i.s.p.PostgresUtils(getFirstRecordWaitTime):111 First record waiting time: 30 seconds"}}
{"type":"LOG","log":{"level":"INFO","message":"INFO i.a.i.s.p.PostgresSource(getIncrementalIterators):369 First record waiting time: 30 seconds"}}
{"type":"LOG","log":{"level":"INFO","message":"INFO i.a.i.s.p.PostgresUtils(shouldFlushAfterSync):61 Should flush after sync: true"}}
{"type":"LOG","log":{"level":"INFO","message":"INFO o.a.k.c.c.AbstractConfig(logAll):376 StandaloneConfig values: \n\taccess.control.allow.methods = \n\taccess.control.allow.origin = \n\tadmin.listeners = null\n\tauto.include.jmx.reporter = true\n\tbootstrap.servers = [localhost:9092]\n\tclient.dns.lookup = use_all_dns_ips\n\tconfig.providers = []\n\tconnector.client.config.override.policy = All\n\theader.converter = class org.apache.kafka.connect.storage.SimpleHeaderConverter\n\tkey.converter = class org.apache.kafka.connect.json.JsonConverter\n\tlisteners = [http://:8083]\n\tmetric.reporters = []\n\tmetrics.num.samples = 2\n\tmetrics.recording.level = INFO\n\tmetrics.sample.window.ms = 30000\n\toffset.flush.interval.ms = 1000\n\toffset.flush.timeout.ms = 5000\n\toffset.storage.file.filename = /tmp/cdc-state-offset1257689215965767343/offset.dat\n\tplugin.path = null\n\tresponse.http.headers.config = \n\trest.advertised.host.name = null\n\trest.advertised.listener = null\n\trest.advertised.port = null\n\trest.extension.classes = []\n\tssl.cipher.suites = null\n\tssl.client.auth = none\n\tssl.enabled.protocols = [TLSv1.2, TLSv1.3]\n\tssl.endpoint.identification.algorithm = https\n\tssl.engine.factory.class = null\n\tssl.key.password = null\n\tssl.keymanager.algorithm = SunX509\n\tssl.keystore.certificate.chain = null\n\tssl.keystore.key = null\n\tssl.keystore.location = null\n\tssl.keystore.password = null\n\tssl.keystore.type = JKS\n\tssl.protocol = TLSv1.3\n\tssl.provider = null\n\tssl.secure.random.implementation = null\n\tssl.trustmanager.algorithm = PKIX\n\tssl.truststore.certificates = null\n\tssl.truststore.location = null\n\tssl.truststore.password = null\n\tssl.truststore.type = JKS\n\ttask.shutdown.graceful.timeout.ms = 5000\n\ttopic.creation.enable = true\n\ttopic.tracking.allow.reset = true\n\ttopic.tracking.enable = true\n\tvalue.converter = class org.apache.kafka.connect.json.JsonConverter\n"}}
{"type":"LOG","log":{"level":"WARN","message":"WARN o.a.k.c.r.WorkerConfig(logPluginPathConfigProviderWarning):379 Variables cannot be used in the 'plugin.path' property, since the property is used by plugin scanning before the config providers that replace the variables are initialized. The raw value 'null' was used for plugin scanning, as opposed to the transformed value 'null', and this may cause unexpected results."}}
{"type":"LOG","log":{"level":"INFO","message":"INFO o.a.k.c.s.FileOffsetBackingStore(start):58 Starting FileOffsetBackingStore with file /tmp/cdc-state-offset1257689215965767343/offset.dat"}}
{"type":"LOG","log":{"level":"INFO","message":"INFO o.a.k.c.c.AbstractConfig(logAll):376 JsonConverterConfig values: \n\tconverter.type = key\n\tdecimal.format = BASE64\n\tschemas.cache.size = 1000\n\tschemas.enable = false\n"}}
{"type":"LOG","log":{"level":"INFO","message":"INFO o.a.k.c.c.AbstractConfig(logAll):376 JsonConverterConfig values: \n\tconverter.type = value\n\tdecimal.format = BASE64\n\tschemas.cache.size = 1000\n\tschemas.enable = false\n"}}
{"type":"LOG","log":{"level":"INFO","message":"INFO i.a.i.d.i.p.PostgresDebeziumStateUtil(extractLsn):206 No previous offsets found"}}
{"type":"LOG","log":{"level":"INFO","message":"INFO i.a.i.d.i.p.PostgresDebeziumStateUtil(parseSavedOffset):181 Closing offsetStorageReader and fileOffsetBackingStore"}}
{"type":"LOG","log":{"level":"INFO","message":"INFO o.a.k.c.s.FileOffsetBackingStore(stop):66 Stopped FileOffsetBackingStore"}}
{"type":"LOG","log":{"level":"INFO","message":"INFO i.a.i.s.p.PostgresSource(lambda$getReplicationSlot$4):296 Attempting to find the named replication slot using the query: HikariProxyPreparedStatement@867222659 wrapping SELECT * FROM pg_replication_slots WHERE slot_name = 'debezium_slot_db_knsposmjcz' AND plugin = 'pgoutput' AND database = 'db_knsposmjcz'"}}
{"type":"LOG","log":{"level":"INFO","message":"INFO i.a.d.j.s.AdaptiveStreamingQueryConfig(initialize):31 Set initial fetch size: 10 rows"}}
{"type":"LOG","log":{"level":"INFO","message":"INFO i.a.i.s.p.PostgresUtils(shouldFlushAfterSync):61 Should flush after sync: true"}}
{"type":"LOG","log":{"level":"INFO","message":"INFO i.a.i.d.i.p.PostgresCdcTargetPosition(targetPosition):49 identified target lsn: PgLsn{lsn=23926392}"}}
{"type":"LOG","log":{"level":"INFO","message":"INFO i.a.i.s.p.PostgresUtils(shouldFlushAfterSync):61 Should flush after sync: true"}}
{"type":"LOG","log":{"level":"INFO","message":"INFO i.a.i.d.AirbyteDebeziumHandler(getIncrementalIterators):95 Using CDC: true"}}
{"type":"LOG","log":{"level":"INFO","message":"INFO o.a.k.c.c.AbstractConfig(logAll):376 JsonConverterConfig values: \n\tconverter.type = key\n\tdecimal.format = BASE64\n\tschemas.cache.size = 1000\n\tschemas.enable = false\n"}}
{"type":"LOG","log":{"level":"INFO","message":"INFO o.a.k.c.c.AbstractConfig(logAll):376 JsonConverterConfig values: \n\tconverter.type = value\n\tdecimal.format = BASE64\n\tschemas.cache.size = 1000\n\tschemas.enable = false\n"}}
{"type":"LOG","log":{"level":"INFO","message":"INFO o.a.k.c.c.AbstractConfig(logAll):376 EmbeddedConfig values: \n\taccess.control.allow.methods = \n\taccess.control.allow.origin = \n\tadmin.listeners = null\n\tauto.include.jmx.reporter = true\n\tbootstrap.servers = [localhost:9092]\n\tclient.dns.lookup = use_all_dns_ips\n\tconfig.providers = []\n\tconnector.client.config.override.policy = All\n\theader.converter = class org.apache.kafka.connect.storage.SimpleHeaderConverter\n\tkey.converter = class org.apache.kafka.connect.json.JsonConverter\n\tlisteners = [http://:8083]\n\tmetric.reporters = []\n\tmetrics.num.samples = 2\n\tmetrics.recording.level = INFO\n\tmetrics.sample.window.ms = 30000\n\toffset.flush.interval.ms = 1000\n\toffset.flush.timeout.ms = 5000\n\toffset.storage.file.filename = /tmp/cdc-state-offset7538268703315391566/offset.dat\n\toffset.storage.partitions = null\n\toffset.storage.replication.factor = null\n\toffset.storage.topic = \n\tplugin.path = null\n\tresponse.http.headers.config = \n\trest.advertised.host.name = null\n\trest.advertised.listener = null\n\trest.advertised.port = null\n\trest.extension.classes = []\n\tssl.cipher.suites = null\n\tssl.client.auth = none\n\tssl.enabled.protocols = [TLSv1.2, TLSv1.3]\n\tssl.endpoint.identification.algorithm = https\n\tssl.engine.factory.class = null\n\tssl.key.password = null\n\tssl.keymanager.algorithm = SunX509\n\tssl.keystore.certificate.chain = null\n\tssl.keystore.key = null\n\tssl.keystore.location = null\n\tssl.keystore.password = null\n\tssl.keystore.type = JKS\n\tssl.protocol = TLSv1.3\n\tssl.provider = null\n\tssl.secure.random.implementation = null\n\tssl.trustmanager.algorithm = PKIX\n\tssl.truststore.certificates = null\n\tssl.truststore.location = null\n\tssl.truststore.password = null\n\tssl.truststore.type = JKS\n\ttask.shutdown.graceful.timeout.ms = 5000\n\ttopic.creation.enable = true\n\ttopic.tracking.allow.reset = true\n\ttopic.tracking.enable = true\n\tvalue.converter = class org.apache.kafka.connect.json.JsonConverter\n"}}
{"type":"LOG","log":{"level":"WARN","message":"WARN o.a.k.c.r.WorkerConfig(logPluginPathConfigProviderWarning):379 Variables cannot be used in the 'plugin.path' property, since the property is used by plugin scanning before the config providers that replace the variables are initialized. The raw value 'null' was used for plugin scanning, as opposed to the transformed value 'null', and this may cause unexpected results."}}
{"type":"LOG","log":{"level":"INFO","message":"INFO o.a.k.c.c.AbstractConfig(logAll):376 JsonConverterConfig values: \n\tconverter.type = key\n\tdecimal.format = BASE64\n\tschemas.cache.size = 1000\n\tschemas.enable = false\n"}}
{"type":"LOG","log":{"level":"INFO","message":"INFO o.a.k.c.c.AbstractConfig(logAll):376 JsonConverterConfig values: \n\tconverter.type = value\n\tdecimal.format = BASE64\n\tschemas.cache.size = 1000\n\tschemas.enable = false\n"}}
{"type":"LOG","log":{"level":"WARN","message":"WARN i.d.c.p.PostgresConnectorConfig(validateFlushLsnSource):1070 Property 'flush.lsn.source' is set to 'false', the LSN will not be flushed to the database source and WAL logs will not be cleared. User is expected to handle this outside Debezium."}}
{"type":"LOG","log":{"level":"INFO","message":"INFO i.d.c.p.PostgresConnector(testConnection):154 Successfully tested connection for jdbc:postgresql://localhost:56101/db_knsposmjcz with user 'test'"}}
{"type":"LOG","log":{"level":"INFO","message":"INFO i.d.j.JdbcConnection(lambda$doClose$4):947 Connection gracefully closed"}}
{"type":"LOG","log":{"level":"INFO","message":"INFO o.a.k.c.s.FileOffsetBackingStore(start):58 Starting FileOffsetBackingStore with file /tmp/cdc-state-offset7538268703315391566/offset.dat"}}
{"type":"LOG","log":{"level":"WARN","message":"WARN i.d.c.p.PostgresConnectorConfig(validateFlushLsnSource):1070 Property 'flush.lsn.source' is set to 'false', the LSN will not be flushed to the database source and WAL logs will not be cleared. User is expected to handle this outside Debezium."}}
{"type":"LOG","log":{"level":"INFO","message":"INFO i.d.c.c.BaseSourceTask(start):124 Starting PostgresConnectorTask with configuration:"}}
{"type":"LOG","log":{"level":"INFO","message":"INFO i.d.c.c.BaseSourceTask(lambda$start$0):126    connector.class = io.debezium.connector.postgresql.PostgresConnector"}}
{"type":"LOG","log":{"level":"INFO","message":"INFO i.d.c.c.BaseSourceTask(lambda$start$0):126    max.queue.size = 8192"}}
{"type":"LOG","log":{"level":"INFO","message":"INFO i.d.c.c.BaseSourceTask(lambda$start$0):126    slot.name = debezium_slot_db_knsposmjcz"}}
{"type":"LOG","log":{"level":"INFO","message":"INFO i.d.c.c.BaseSourceTask(lambda$start$0):126    publication.name = publication"}}
{"type":"LOG","log":{"level":"INFO","message":"INFO i.d.c.c.BaseSourceTask(lambda$start$0):126    topic.prefix = db_knsposmjcz"}}
{"type":"LOG","log":{"level":"INFO","message":"INFO i.d.c.c.BaseSourceTask(lambda$start$0):126    offset.storage.file.filename = /tmp/cdc-state-offset7538268703315391566/offset.dat"}}
{"type":"LOG","log":{"level":"INFO","message":"INFO i.d.c.c.BaseSourceTask(lambda$start$0):126    decimal.handling.mode = string"}}
{"type":"LOG","log":{"level":"INFO","message":"INFO i.d.c.c.BaseSourceTask(lambda$start$0):126    flush.lsn.source = false"}}
{"type":"LOG","log":{"level":"INFO","message":"INFO i.d.c.c.BaseSourceTask(lambda$start$0):126    converters = datetime"}}
{"type":"LOG","log":{"level":"INFO","message":"INFO i.d.c.c.BaseSourceTask(lambda$start$0):126    errors.retry.delay.initial.ms = 299"}}
{"type":"LOG","log":{"level":"INFO","message":"INFO i.d.c.c.BaseSourceTask(lambda$start$0):126    datetime.type = io.airbyte.integrations.debezium.internals.postgres.PostgresConverter"}}
{"type":"LOG","log":{"level":"INFO","message":"INFO i.d.c.c.BaseSourceTask(lambda$start$0):126    value.converter = org.apache.kafka.connect.json.JsonConverter"}}
{"type":"LOG","log":{"level":"INFO","message":"INFO i.d.c.c.BaseSourceTask(lambda$start$0):126    key.converter = org.apache.kafka.connect.json.JsonConverter"}}
{"type":"LOG","log":{"level":"INFO","message":"INFO i.d.c.c.BaseSourceTask(lambda$start$0):126    publication.autocreate.mode = disabled"}}
{"type":"LOG","log":{"level":"INFO","message":"INFO i.d.c.c.BaseSourceTask(lambda$start$0):126    database.user = test"}}
{"type":"LOG","log":{"level":"INFO","message":"INFO i.d.c.c.BaseSourceTask(lambda$start$0):126    database.dbname = db_knsposmjcz"}}
{"type":"LOG","log":{"level":"INFO","message":"INFO i.d.c.c.BaseSourceTask(lambda$start$0):126    offset.storage = org.apache.kafka.connect.storage.FileOffsetBackingStore"}}
{"type":"LOG","log":{"level":"INFO","message":"INFO i.d.c.c.BaseSourceTask(lambda$start$0):126    errors.retry.delay.max.ms = 300"}}
{"type":"LOG","log":{"level":"INFO","message":"INFO i.d.c.c.BaseSourceTask(lambda$start$0):126    offset.flush.timeout.ms = 5000"}}
{"type":"LOG","log":{"level":"INFO","message":"INFO i.d.c.c.BaseSourceTask(lambda$start$0):126    heartbeat.interval.ms = 10000"}}
{"type":"LOG","log":{"level":"INFO","message":"INFO i.d.c.c.BaseSourceTask(lambda$start$0):126    column.include.list = \\Qmodels_schema.time_stamp_table\\E\\.(\\Qname\\E|\\Qcreated_at\\E|\\Qid\\E)"}}
{"type":"LOG","log":{"level":"INFO","message":"INFO i.d.c.c.BaseSourceTask(lambda$start$0):126    plugin.name = pgoutput"}}
{"type":"LOG","log":{"level":"INFO","message":"INFO i.d.c.c.BaseSourceTask(lambda$start$0):126    database.port = 56101"}}
{"type":"LOG","log":{"level":"INFO","message":"INFO i.d.c.c.BaseSourceTask(lambda$start$0):126    offset.flush.interval.ms = 1000"}}
{"type":"LOG","log":{"level":"INFO","message":"INFO i.d.c.c.BaseSourceTask(lambda$start$0):126    key.converter.schemas.enable = false"}}
{"type":"LOG","log":{"level":"INFO","message":"INFO i.d.c.c.BaseSourceTask(lambda$start$0):126    include.unknown.datatypes = true"}}
{"type":"LOG","log":{"level":"INFO","message":"INFO i.d.c.c.BaseSourceTask(lambda$start$0):126    errors.max.retries = 10"}}
{"type":"LOG","log":{"level":"INFO","message":"INFO i.d.c.c.BaseSourceTask(lambda$start$0):126    database.hostname = localhost"}}
{"type":"LOG","log":{"level":"INFO","message":"INFO i.d.c.c.BaseSourceTask(lambda$start$0):126    database.password = ********"}}
{"type":"LOG","log":{"level":"INFO","message":"INFO i.d.c.c.BaseSourceTask(lambda$start$0):126    value.converter.schemas.enable = false"}}
{"type":"LOG","log":{"level":"INFO","message":"INFO i.d.c.c.BaseSourceTask(lambda$start$0):126    name = db_knsposmjcz"}}
{"type":"LOG","log":{"level":"INFO","message":"INFO i.d.c.c.BaseSourceTask(lambda$start$0):126    max.batch.size = 2048"}}
{"type":"LOG","log":{"level":"INFO","message":"INFO i.d.c.c.BaseSourceTask(lambda$start$0):126    table.include.list = \\Qmodels_schema.time_stamp_table\\E"}}
{"type":"LOG","log":{"level":"INFO","message":"INFO i.d.c.c.BaseSourceTask(lambda$start$0):126    snapshot.mode = initial"}}
{"type":"LOG","log":{"level":"INFO","message":"INFO i.d.c.c.BaseSourceTask(startIfNeededAndPossible):243 Attempting to start task"}}
{"type":"LOG","log":{"level":"INFO","message":"INFO i.d.c.CommonConnectorConfig(getTopicNamingStrategy):849 Loading the custom topic naming strategy plugin: io.debezium.schema.SchemaTopicNamingStrategy"}}
{"type":"LOG","log":{"level":"INFO","message":"INFO i.d.j.JdbcConnection(lambda$doClose$4):947 Connection gracefully closed"}}
{"type":"LOG","log":{"level":"INFO","message":"INFO i.d.c.c.BaseSourceTask(getPreviousOffsets):375 No previous offsets found"}}
{"type":"LOG","log":{"level":"INFO","message":"INFO i.d.c.p.PostgresConnectorTask(start):113 user 'test' connected to database 'db_knsposmjcz' on PostgreSQL 13.11 on x86_64-pc-linux-musl, compiled by gcc (Alpine 12.2.1_git20220924-r10) 12.2.1 20220924, 64-bit with roles:\n\trole 'pg_read_all_settings' [superuser: false, replication: false, inherit: true, create role: false, create db: false, can log in: false]\n\trole 'pg_stat_scan_tables' [superuser: false, replication: false, inherit: true, create role: false, create db: false, can log in: false]\n\trole 'pg_write_server_files' [superuser: false, replication: false, inherit: true, create role: false, create db: false, can log in: false]\n\trole 'test' [superuser: true, replication: true, inherit: true, create role: true, create db: true, can log in: true]\n\trole 'pg_monitor' [superuser: false, replication: false, inherit: true, create role: false, create db: false, can log in: false]\n\trole 'pg_read_server_files' [superuser: false, replication: false, inherit: true, create role: false, create db: false, can log in: false]\n\trole 'pg_execute_server_program' [superuser: false, replication: false, inherit: true, create role: false, create db: false, can log in: false]\n\trole 'pg_read_all_stats' [superuser: false, replication: false, inherit: true, create role: false, create db: false, can log in: false]\n\trole 'pg_signal_backend' [superuser: false, replication: false, inherit: true, create role: false, create db: false, can log in: false]"}}
{"type":"LOG","log":{"level":"INFO","message":"INFO i.d.c.p.c.PostgresConnection(readReplicationSlotInfo):264 Obtained valid replication slot ReplicationSlot [active=false, latestFlushedLsn=LSN{0/16CB9D0}, catalogXmin=504]"}}
{"type":"LOG","log":{"level":"INFO","message":"INFO i.d.c.p.PostgresConnectorTask(start):122 No previous offset found"}}
{"type":"LOG","log":{"level":"INFO","message":"INFO i.d.u.Threads(threadFactory):270 Requested thread factory for connector PostgresConnector, id = db_knsposmjcz named = change-event-source-coordinator"}}
{"type":"LOG","log":{"level":"INFO","message":"INFO i.d.u.Threads$3(newThread):287 Creating thread debezium-postgresconnector-db_knsposmjcz-change-event-source-coordinator"}}
{"type":"LOG","log":{"level":"INFO","message":"INFO i.d.c.c.BaseSourceTask(startIfNeededAndPossible):245 Successfully started task"}}
{"type":"LOG","log":{"level":"INFO","message":"INFO i.d.p.ChangeEventSourceCoordinator(lambda$start$0):103 Metrics registered"}}
{"type":"LOG","log":{"level":"INFO","message":"INFO i.d.p.ChangeEventSourceCoordinator(lambda$start$0):106 Context created"}}
{"type":"LOG","log":{"level":"INFO","message":"INFO i.d.c.p.s.InitialSnapshotter(shouldSnapshot):34 Taking initial snapshot for new datasource"}}
{"type":"LOG","log":{"level":"INFO","message":"INFO i.d.c.p.PostgresSnapshotChangeEventSource(getSnapshottingTask):65 According to the connector configuration data will be snapshotted"}}
{"type":"LOG","log":{"level":"INFO","message":"INFO i.d.r.RelationalSnapshotChangeEventSource(doExecute):110 Snapshot step 1 - Preparing"}}
{"type":"LOG","log":{"level":"INFO","message":"INFO i.a.d.j.DateTimeConverter(convertToTimestampWithTimezone):81 Unknown class for Timestamp with time zone data typeclass java.lang.String"}}
{"type":"LOG","log":{"level":"INFO","message":"INFO i.d.r.RelationalSnapshotChangeEventSource(doExecute):119 Snapshot step 2 - Determining captured tables"}}
{"type":"LOG","log":{"level":"INFO","message":"INFO i.d.r.RelationalSnapshotChangeEventSource(determineCapturedTables):267 Adding table models_schema.models to the list of capture schema tables"}}
{"type":"LOG","log":{"level":"INFO","message":"INFO i.d.r.RelationalSnapshotChangeEventSource(determineCapturedTables):267 Adding table models_schema_random.models_random to the list of capture schema tables"}}
{"type":"LOG","log":{"level":"INFO","message":"INFO i.d.r.RelationalSnapshotChangeEventSource(determineCapturedTables):267 Adding table models_schema.time_stamp_table to the list of capture schema tables"}}
{"type":"LOG","log":{"level":"INFO","message":"INFO i.d.r.RelationalSnapshotChangeEventSource(doExecute):126 Snapshot step 3 - Locking captured tables [models_schema.time_stamp_table]"}}
{"type":"LOG","log":{"level":"INFO","message":"INFO i.d.r.RelationalSnapshotChangeEventSource(doExecute):132 Snapshot step 4 - Determining snapshot offset"}}
{"type":"LOG","log":{"level":"INFO","message":"INFO i.d.c.p.PostgresOffsetContext(initialContext):233 Creating initial offset context"}}
{"type":"LOG","log":{"level":"INFO","message":"INFO i.d.c.p.PostgresOffsetContext(initialContext):236 Read xlogStart at 'LSN{0/16D1678}' from transaction '512'"}}
{"type":"LOG","log":{"level":"INFO","message":"INFO i.d.c.p.PostgresSnapshotChangeEventSource(updateOffsetForSnapshot):147 Read xlogStart at 'LSN{0/16D1678}' from transaction '512'"}}
{"type":"LOG","log":{"level":"INFO","message":"INFO i.d.r.RelationalSnapshotChangeEventSource(doExecute):135 Snapshot step 5 - Reading structure of captured tables"}}
{"type":"LOG","log":{"level":"INFO","message":"INFO i.d.c.p.PostgresSnapshotChangeEventSource(readTableStructure):193 Reading structure of schema 'models_schema' of catalog 'db_knsposmjcz'"}}
{"type":"LOG","log":{"level":"INFO","message":"INFO i.d.r.RelationalSnapshotChangeEventSource(doExecute):139 Snapshot step 5.a - Creating connection pool"}}
{"type":"LOG","log":{"level":"INFO","message":"INFO i.d.r.RelationalSnapshotChangeEventSource(createConnectionPool):213 Created connection pool with 1 threads"}}
{"type":"LOG","log":{"level":"INFO","message":"INFO i.d.r.RelationalSnapshotChangeEventSource(doExecute):144 Snapshot step 6 - Persisting schema history"}}
{"type":"LOG","log":{"level":"INFO","message":"INFO i.d.r.RelationalSnapshotChangeEventSource(doExecute):156 Snapshot step 7 - Snapshotting data"}}
{"type":"LOG","log":{"level":"INFO","message":"INFO i.d.r.RelationalSnapshotChangeEventSource(createDataEvents):390 Creating snapshot worker pool with 1 worker thread(s)"}}
{"type":"LOG","log":{"level":"INFO","message":"INFO i.d.r.RelationalSnapshotChangeEventSource(createDataEvents):399 For table 'models_schema.time_stamp_table' using select statement: 'SELECT \"id\", \"name\", \"created_at\" FROM \"models_schema\".\"time_stamp_table\"'"}}
{"type":"LOG","log":{"level":"INFO","message":"INFO i.d.r.RelationalSnapshotChangeEventSource(doCreateDataEventsForTable):513 Exporting data from table 'models_schema.time_stamp_table' (1 of 1 tables)"}}
{"type":"LOG","log":{"level":"INFO","message":"INFO i.d.r.RelationalSnapshotChangeEventSource(doCreateDataEventsForTable):559 \t Finished exporting 6 records for table 'models_schema.time_stamp_table' (1 of 1 tables); total duration '00:00:00.013'"}}
{"type":"LOG","log":{"level":"INFO","message":"INFO i.d.p.s.AbstractSnapshotChangeEventSource(execute):88 Snapshot - Final stage"}}
{"type":"LOG","log":{"level":"INFO","message":"INFO i.d.p.s.AbstractSnapshotChangeEventSource(execute):92 Snapshot completed"}}
{"type":"LOG","log":{"level":"INFO","message":"INFO i.d.p.ChangeEventSourceCoordinator(doSnapshot):156 Snapshot ended with SnapshotResult [status=COMPLETED, offset=PostgresOffsetContext [sourceInfoSchema=Schema{io.debezium.connector.postgresql.Source:STRUCT}, sourceInfo=source_info[server='db_knsposmjcz'db='db_knsposmjcz', lsn=LSN{0/16D1678}, txId=512, timestamp=2023-05-20T13:51:31.606313Z, snapshot=FALSE, schema=models_schema, table=time_stamp_table], lastSnapshotRecord=true, lastCompletelyProcessedLsn=null, lastCommitLsn=null, streamingStoppingLsn=null, transactionContext=TransactionContext [currentTransactionId=null, perTableEventCount={}, totalEventCount=0], incrementalSnapshotContext=IncrementalSnapshotContext [windowOpened=false, chunkEndPosition=null, dataCollectionsToSnapshot=[], lastEventKeySent=null, maximumKey=null]]]"}}
{"type":"LOG","log":{"level":"INFO","message":"INFO i.d.p.ChangeEventSourceCoordinator(streamingConnected):240 Connected metrics set to 'true'"}}
{"type":"LOG","log":{"level":"INFO","message":"INFO i.d.c.p.PostgresSchema(printReplicaIdentityInfo):100 REPLICA IDENTITY for 'models_schema.time_stamp_table' is 'DEFAULT'; UPDATE and DELETE events will contain previous values only for PK columns"}}
{"type":"LOG","log":{"level":"INFO","message":"INFO i.d.p.ChangeEventSourceCoordinator(streamEvents):173 Starting streaming"}}
{"type":"LOG","log":{"level":"INFO","message":"INFO i.d.c.p.PostgresStreamingChangeEventSource(execute):136 Retrieved latest position from stored offset 'LSN{0/16D1678}'"}}
{"type":"LOG","log":{"level":"INFO","message":"INFO i.d.c.p.c.WalPositionLocator(<init>):48 Looking for WAL restart position for last commit LSN 'null' and last change LSN 'LSN{0/16D1678}'"}}
{"type":"LOG","log":{"level":"INFO","message":"INFO i.d.c.p.c.PostgresReplicationConnection(initPublication):147 Initializing PgOutput logical decoder publication"}}
{"type":"LOG","log":{"level":"INFO","message":"INFO i.d.c.p.c.PostgresConnection(readReplicationSlotInfo):264 Obtained valid replication slot ReplicationSlot [active=false, latestFlushedLsn=LSN{0/16CB9D0}, catalogXmin=504]"}}
{"type":"LOG","log":{"level":"INFO","message":"INFO i.d.j.JdbcConnection(lambda$doClose$4):947 Connection gracefully closed"}}
{"type":"LOG","log":{"level":"INFO","message":"INFO i.d.u.Threads(threadFactory):270 Requested thread factory for connector PostgresConnector, id = db_knsposmjcz named = keep-alive"}}
{"type":"LOG","log":{"level":"INFO","message":"INFO i.d.u.Threads$3(newThread):287 Creating thread debezium-postgresconnector-db_knsposmjcz-keep-alive"}}
{"type":"LOG","log":{"level":"INFO","message":"INFO i.d.c.p.PostgresSchema(printReplicaIdentityInfo):100 REPLICA IDENTITY for 'models_schema.time_stamp_table' is 'DEFAULT'; UPDATE and DELETE events will contain previous values only for PK columns"}}
{"type":"LOG","log":{"level":"INFO","message":"INFO i.d.c.p.PostgresStreamingChangeEventSource(searchWalPosition):327 Searching for WAL resume position"}}
{"type":"LOG","log":{"level":"INFO","message":"INFO i.a.i.d.i.p.PostgresCdcTargetPosition(reachedTargetPosition):61 Signalling close because Snapshot is complete"}}
{"type":"LOG","log":{"level":"INFO","message":"INFO i.a.i.d.i.DebeziumRecordIterator(requestClose):208 Closing: Change event reached target position"}}
{"type":"LOG","log":{"level":"INFO","message":"INFO i.d.e.EmbeddedEngine(stop):1146 Stopping the embedded engine"}}
{"type":"LOG","log":{"level":"INFO","message":"INFO i.d.e.EmbeddedEngine(stop):1153 Waiting for PT5M for connector to stop"}}
{"type":"LOG","log":{"level":"INFO","message":"INFO i.d.e.EmbeddedEngine(run):944 Stopping the task and engine"}}
{"type":"LOG","log":{"level":"INFO","message":"INFO i.d.c.c.BaseSourceTask(stop):278 Stopping down connector"}}
{"type":"LOG","log":{"level":"INFO","message":"INFO i.d.c.p.PostgresStreamingChangeEventSource(searchWalPosition):348 WAL resume position 'null' discovered"}}
{"type":"LOG","log":{"level":"INFO","message":"INFO i.d.j.JdbcConnection(lambda$doClose$4):947 Connection gracefully closed"}}
{"type":"LOG","log":{"level":"INFO","message":"INFO i.d.j.JdbcConnection(lambda$doClose$4):947 Connection gracefully closed"}}
{"type":"LOG","log":{"level":"INFO","message":"INFO i.d.c.p.c.PostgresReplicationConnection(initPublication):147 Initializing PgOutput logical decoder publication"}}
{"type":"LOG","log":{"level":"INFO","message":"INFO i.d.u.Threads(threadFactory):270 Requested thread factory for connector PostgresConnector, id = db_knsposmjcz named = keep-alive"}}
{"type":"LOG","log":{"level":"INFO","message":"INFO i.d.u.Threads$3(newThread):287 Creating thread debezium-postgresconnector-db_knsposmjcz-keep-alive"}}
{"type":"LOG","log":{"level":"INFO","message":"INFO i.d.c.p.PostgresStreamingChangeEventSource(processMessages):211 Processing messages"}}
{"type":"LOG","log":{"level":"INFO","message":"INFO i.d.j.JdbcConnection(lambda$doClose$4):947 Connection gracefully closed"}}
{"type":"LOG","log":{"level":"INFO","message":"INFO i.d.j.JdbcConnection(lambda$doClose$4):947 Connection gracefully closed"}}
{"type":"LOG","log":{"level":"INFO","message":"INFO i.d.p.ChangeEventSourceCoordinator(streamEvents):175 Finished streaming"}}
{"type":"LOG","log":{"level":"INFO","message":"INFO i.d.p.ChangeEventSourceCoordinator(streamingConnected):240 Connected metrics set to 'false'"}}
{"type":"LOG","log":{"level":"INFO","message":"INFO o.a.k.c.s.FileOffsetBackingStore(stop):66 Stopped FileOffsetBackingStore"}}
{"type":"LOG","log":{"level":"INFO","message":"INFO i.a.i.d.i.DebeziumRecordPublisher(lambda$start$1):73 Debezium engine shutdown."}}
{"type":"LOG","log":{"level":"INFO","message":"INFO i.a.i.d.i.DebeziumRecordPublisher(lambda$start$1):74 Connector 'io.debezium.connector.postgresql.PostgresConnector' completed normally."}}
{"type":"LOG","log":{"level":"INFO","message":"INFO i.a.i.s.p.PostgresCdcStateHandler(saveState):37 debezium state: {\"[\\\"db_knsposmjcz\\\",{\\\"server\\\":\\\"db_knsposmjcz\\\"}]\":\"{\\\"transaction_id\\\":null,\\\"lsn\\\":23926392,\\\"txId\\\":512,\\\"ts_usec\\\":1684590691606313}\"}"}}
{"type":"LOG","log":{"level":"INFO","message":"INFO i.a.i.s.r.AbstractDbSource(lambda$read$1):173 Closing database connection pool."}}
{"type":"LOG","log":{"level":"INFO","message":"INFO c.z.h.HikariDataSource(close):350 HikariPool-30 - Shutdown initiated..."}}
{"type":"LOG","log":{"level":"INFO","message":"INFO c.z.h.HikariDataSource(close):352 HikariPool-30 - Shutdown completed."}}
{"type":"LOG","log":{"level":"INFO","message":"INFO i.a.i.s.r.AbstractDbSource(lambda$read$1):175 Closed database connection pool."}}
{"type":"LOG","log":{"level":"INFO","message":"INFO o.t.c.GenericContainer(tryStart):376 Creating container for image: debezium/postgres:13-alpine"}}
{"type":"LOG","log":{"level":"INFO","message":"INFO o.t.c.GenericContainer(tryStart):440 Container debezium/postgres:13-alpine is starting: 7d402b14253576a52d7eae6f0b4ae054df3c7c216f1b15f416f7101c938ee64a"}}
{"type":"LOG","log":{"level":"INFO","message":"INFO o.t.c.GenericContainer(tryStart):520 Container debezium/postgres:13-alpine started in PT6.390584S"}}
{"type":"LOG","log":{"level":"INFO","message":"INFO c.z.h.HikariDataSource(<init>):80 HikariPool-31 - Starting..."}}
{"type":"LOG","log":{"level":"INFO","message":"INFO c.z.h.HikariDataSource(<init>):82 HikariPool-31 - Start completed."}}
{"type":"LOG","log":{"level":"INFO","message":"INFO i.a.i.s.p.PostgresUtils(isCdc):53 using CDC: true"}}
{"type":"LOG","log":{"level":"INFO","message":"INFO c.z.h.HikariDataSource(<init>):80 HikariPool-32 - Starting..."}}
{"type":"LOG","log":{"level":"INFO","message":"INFO c.z.h.HikariDataSource(<init>):82 HikariPool-32 - Start completed."}}
{"type":"LOG","log":{"level":"INFO","message":"INFO i.a.i.s.p.PostgresUtils(isCdc):53 using CDC: true"}}
{"type":"LOG","log":{"level":"INFO","message":"INFO i.a.d.j.s.AdaptiveStreamingQueryConfig(initialize):31 Set initial fetch size: 10 rows"}}
{"type":"LOG","log":{"level":"INFO","message":"INFO i.a.i.s.p.PostgresCdcCatalogHelper(getPublicizedTables):119 For CDC, only tables in publication publication will be included in the sync: [models_schema.models, models_schema_random.models_random]"}}
{"type":"LOG","log":{"level":"INFO","message":"INFO i.a.i.s.p.PostgresUtils(isCdc):53 using CDC: true"}}
{"type":"LOG","log":{"level":"INFO","message":"INFO i.a.i.s.j.AbstractJdbcSource(lambda$getCheckOperations$1):138 Attempting to get metadata from the database to see if we can connect."}}
{"type":"LOG","log":{"level":"INFO","message":"INFO i.a.i.s.p.PostgresSource(lambda$getReplicationSlot$4):296 Attempting to find the named replication slot using the query: HikariProxyPreparedStatement@2067495195 wrapping SELECT * FROM pg_replication_slots WHERE slot_name = 'debezium_slot_db_czjszndfdy' AND plugin = 'pgoutput' AND database = 'db_czjszndfdy'"}}
{"type":"LOG","log":{"level":"INFO","message":"INFO i.a.d.j.s.AdaptiveStreamingQueryConfig(initialize):31 Set initial fetch size: 10 rows"}}
{"type":"LOG","log":{"level":"INFO","message":"INFO i.a.i.s.p.PostgresSource(lambda$getCheckOperations$6):328 Attempting to find the publication using the query: HikariProxyPreparedStatement@1359881741 wrapping SELECT * FROM pg_publication WHERE pubname = 'publication'"}}
{"type":"LOG","log":{"level":"INFO","message":"INFO i.a.d.j.s.AdaptiveStreamingQueryConfig(initialize):31 Set initial fetch size: 10 rows"}}
{"type":"LOG","log":{"level":"INFO","message":"INFO i.a.i.d.i.p.PostgresReplicationConnection(createConnection):44 Creating a replication connection."}}
{"type":"LOG","log":{"level":"INFO","message":"INFO i.a.i.d.i.p.PostgresReplicationConnection(createConnection):47 Validating replication connection."}}
{"type":"LOG","log":{"level":"INFO","message":"INFO c.z.h.HikariDataSource(close):350 HikariPool-32 - Shutdown initiated..."}}
{"type":"LOG","log":{"level":"INFO","message":"INFO c.z.h.HikariDataSource(close):352 HikariPool-32 - Shutdown completed."}}
{"type":"LOG","log":{"level":"INFO","message":"INFO o.t.c.GenericContainer(tryStart):376 Creating container for image: debezium/postgres:13-alpine"}}
{"type":"LOG","log":{"level":"INFO","message":"INFO o.t.c.GenericContainer(tryStart):440 Container debezium/postgres:13-alpine is starting: 125010b8c6bc3b99d322764801bef76c4f79ddcd774ed56e6f5e8b57f49b6e08"}}
{"type":"LOG","log":{"level":"INFO","message":"INFO o.t.c.GenericContainer(tryStart):520 Container debezium/postgres:13-alpine started in PT6.390821S"}}
{"type":"LOG","log":{"level":"INFO","message":"INFO c.z.h.HikariDataSource(<init>):80 HikariPool-33 - Starting..."}}
{"type":"LOG","log":{"level":"INFO","message":"INFO c.z.h.HikariDataSource(<init>):82 HikariPool-33 - Start completed."}}
{"type":"LOG","log":{"level":"INFO","message":"INFO c.z.h.HikariDataSource(<init>):80 HikariPool-34 - Starting..."}}
{"type":"LOG","log":{"level":"INFO","message":"INFO c.z.h.HikariDataSource(<init>):82 HikariPool-34 - Start completed."}}
{"type":"LOG","log":{"level":"INFO","message":"INFO i.a.i.s.p.PostgresUtils(isCdc):53 using CDC: true"}}
{"type":"LOG","log":{"level":"INFO","message":"INFO i.a.d.j.s.AdaptiveStreamingQueryConfig(initialize):31 Set initial fetch size: 10 rows"}}
{"type":"LOG","log":{"level":"INFO","message":"INFO i.a.i.s.p.PostgresCdcCatalogHelper(getPublicizedTables):119 For CDC, only tables in publication publication will be included in the sync: [models_schema.models]"}}
{"type":"LOG","log":{"level":"INFO","message":"INFO i.a.i.s.j.AbstractJdbcSource(discoverInternal):166 Internal schemas to exclude: [catalog_history, information_schema, pg_catalog, pg_internal]"}}
{"type":"LOG","log":{"level":"INFO","message":"INFO i.a.d.j.s.AdaptiveStreamingQueryConfig(initialize):31 Set initial fetch size: 10 rows"}}
{"type":"LOG","log":{"level":"INFO","message":"INFO i.a.i.s.j.AbstractJdbcSource(discoverInternal):166 Internal schemas to exclude: [catalog_history, information_schema, pg_catalog, pg_internal]"}}
{"type":"LOG","log":{"level":"INFO","message":"INFO i.a.d.j.s.AdaptiveStreamingQueryConfig(initialize):31 Set initial fetch size: 10 rows"}}
{"type":"LOG","log":{"level":"INFO","message":"INFO i.a.i.s.j.AbstractJdbcSource(discoverPrimaryKeys):266 Discover primary keys for tables: [models_random, models]"}}
{"type":"LOG","log":{"level":"INFO","message":"INFO c.z.h.HikariDataSource(close):350 HikariPool-34 - Shutdown initiated..."}}
{"type":"LOG","log":{"level":"INFO","message":"INFO c.z.h.HikariDataSource(close):352 HikariPool-34 - Shutdown completed."}}
{"type":"LOG","log":{"level":"INFO","message":"INFO i.a.i.s.p.PostgresUtils(isCdc):53 using CDC: true"}}
{"type":"LOG","log":{"level":"INFO","message":"INFO o.t.c.GenericContainer(tryStart):376 Creating container for image: debezium/postgres:13-alpine"}}
{"type":"LOG","log":{"level":"INFO","message":"INFO o.t.c.GenericContainer(tryStart):440 Container debezium/postgres:13-alpine is starting: 5968e1f28ac64020e7cb4db07f5ca1fb387bc56b32ecceef86f793687283d0fd"}}
{"type":"LOG","log":{"level":"INFO","message":"INFO o.t.c.GenericContainer(tryStart):520 Container debezium/postgres:13-alpine started in PT6.054153S"}}
{"type":"LOG","log":{"level":"INFO","message":"INFO c.z.h.HikariDataSource(<init>):80 HikariPool-35 - Starting..."}}
{"type":"LOG","log":{"level":"INFO","message":"INFO c.z.h.HikariDataSource(<init>):82 HikariPool-35 - Start completed."}}
{"type":"LOG","log":{"level":"INFO","message":"INFO i.a.i.s.p.PostgresUtils(isCdc):53 using CDC: true"}}
{"type":"LOG","log":{"level":"INFO","message":"INFO c.z.h.HikariDataSource(<init>):80 HikariPool-36 - Starting..."}}
{"type":"LOG","log":{"level":"INFO","message":"INFO c.z.h.HikariDataSource(<init>):82 HikariPool-36 - Start completed."}}
{"type":"LOG","log":{"level":"INFO","message":"INFO i.a.i.s.p.PostgresUtils(isCdc):53 using CDC: true"}}
{"type":"LOG","log":{"level":"INFO","message":"INFO i.a.d.j.s.AdaptiveStreamingQueryConfig(initialize):31 Set initial fetch size: 10 rows"}}
{"type":"LOG","log":{"level":"INFO","message":"INFO i.a.i.s.p.PostgresCdcCatalogHelper(getPublicizedTables):119 For CDC, only tables in publication publication will be included in the sync: []"}}
{"type":"LOG","log":{"level":"INFO","message":"INFO i.a.i.s.p.PostgresUtils(isCdc):53 using CDC: true"}}
{"type":"LOG","log":{"level":"INFO","message":"INFO i.a.i.s.j.AbstractJdbcSource(lambda$getCheckOperations$1):138 Attempting to get metadata from the database to see if we can connect."}}
{"type":"LOG","log":{"level":"INFO","message":"INFO i.a.i.s.p.PostgresSource(lambda$getReplicationSlot$4):296 Attempting to find the named replication slot using the query: HikariProxyPreparedStatement@568692378 wrapping SELECT * FROM pg_replication_slots WHERE slot_name = 'debezium_slot_db_mgemsfgqbu' AND plugin = 'pgoutput' AND database = 'db_mgemsfgqbu'"}}
{"type":"LOG","log":{"level":"INFO","message":"INFO i.a.d.j.s.AdaptiveStreamingQueryConfig(initialize):31 Set initial fetch size: 10 rows"}}
{"type":"LOG","log":{"level":"INFO","message":"INFO i.a.i.s.p.PostgresSource(lambda$getCheckOperations$6):328 Attempting to find the publication using the query: HikariProxyPreparedStatement@1930136826 wrapping SELECT * FROM pg_publication WHERE pubname = 'publication'"}}
{"type":"LOG","log":{"level":"INFO","message":"INFO i.a.d.j.s.AdaptiveStreamingQueryConfig(initialize):31 Set initial fetch size: 10 rows"}}
{"type":"LOG","log":{"level":"INFO","message":"INFO i.a.i.s.r.AbstractDbSource(check):101 Exception while checking connection: io.airbyte.commons.exceptions.ConfigErrorException: Expected exactly one publication but found 0. Please read the docs and add a publication to your database.\n\tat io.airbyte.integrations.source.postgres.PostgresSource.lambda$getCheckOperations$7(PostgresSource.java:334) ~[main/:?]\n\tat io.airbyte.integrations.source.relationaldb.AbstractDbSource.check(AbstractDbSource.java:87) ~[io.airbyte.airbyte-integrations.connectors-source-relational-db-0.44.4.jar:?]\n\tat io.airbyte.integrations.source.postgres.PostgresSource.check(PostgresSource.java:527) ~[main/:?]\n\tat io.airbyte.integrations.source.postgres.CdcPostgresSourceTest.testCheckWithoutPublication(CdcPostgresSourceTest.java:218) ~[test/:?]\n\tat jdk.internal.reflect.NativeMethodAccessorImpl.invoke0(Native Method) ~[?:?]\n\tat jdk.internal.reflect.NativeMethodAccessorImpl.invoke(NativeMethodAccessorImpl.java:77) ~[?:?]\n\tat jdk.internal.reflect.DelegatingMethodAccessorImpl.invoke(DelegatingMethodAccessorImpl.java:43) ~[?:?]\n\tat java.lang.reflect.Method.invoke(Method.java:568) ~[?:?]\n\tat org.junit.platform.commons.util.ReflectionUtils.invokeMethod(ReflectionUtils.java:727) ~[junit-platform-commons-1.9.1.jar:1.9.1]\n\tat org.junit.jupiter.engine.execution.MethodInvocation.proceed(MethodInvocation.java:60) ~[junit-jupiter-engine-5.9.1.jar:5.9.1]\n\tat org.junit.jupiter.engine.execution.InvocationInterceptorChain$ValidatingInvocation.proceed(InvocationInterceptorChain.java:131) ~[junit-jupiter-engine-5.9.1.jar:5.9.1]\n\tat org.junit.jupiter.engine.extension.TimeoutExtension.intercept(TimeoutExtension.java:156) ~[junit-jupiter-engine-5.9.1.jar:5.9.1]\n\tat org.junit.jupiter.engine.extension.TimeoutExtension.interceptTestableMethod(TimeoutExtension.java:147) ~[junit-jupiter-engine-5.9.1.jar:5.9.1]\n\tat org.junit.jupiter.engine.extension.TimeoutExtension.interceptTestMethod(TimeoutExtension.java:86) ~[junit-jupiter-engine-5.9.1.jar:5.9.1]\n\tat org.junit.jupiter.engine.execution.InterceptingExecutableInvoker$ReflectiveInterceptorCall.lambda$ofVoidMethod$0(InterceptingExecutableInvoker.java:103) ~[junit-jupiter-engine-5.9.1.jar:5.9.1]\n\tat org.junit.jupiter.engine.execution.InterceptingExecutableInvoker.lambda$invoke$0(InterceptingExecutableInvoker.java:93) ~[junit-jupiter-engine-5.9.1.jar:5.9.1]\n\tat org.junit.jupiter.engine.execution.InvocationInterceptorChain$InterceptedInvocation.proceed(InvocationInterceptorChain.java:106) ~[junit-jupiter-engine-5.9.1.jar:5.9.1]\n\tat org.junit.jupiter.engine.execution.InvocationInterceptorChain.proceed(InvocationInterceptorChain.java:64) ~[junit-jupiter-engine-5.9.1.jar:5.9.1]\n\tat org.junit.jupiter.engine.execution.InvocationInterceptorChain.chainAndInvoke(InvocationInterceptorChain.java:45) ~[junit-jupiter-engine-5.9.1.jar:5.9.1]\n\tat org.junit.jupiter.engine.execution.InvocationInterceptorChain.invoke(InvocationInterceptorChain.java:37) ~[junit-jupiter-engine-5.9.1.jar:5.9.1]\n\tat org.junit.jupiter.engine.execution.InterceptingExecutableInvoker.invoke(InterceptingExecutableInvoker.java:92) ~[junit-jupiter-engine-5.9.1.jar:5.9.1]\n\tat org.junit.jupiter.engine.execution.InterceptingExecutableInvoker.invoke(InterceptingExecutableInvoker.java:86) ~[junit-jupiter-engine-5.9.1.jar:5.9.1]\n\tat org.junit.jupiter.engine.descriptor.TestMethodTestDescriptor.lambda$invokeTestMethod$7(TestMethodTestDescriptor.java:217) ~[junit-jupiter-engine-5.9.1.jar:5.9.1]\n\tat org.junit.platform.engine.support.hierarchical.ThrowableCollector.execute(ThrowableCollector.java:73) ~[junit-platform-engine-1.9.1.jar:1.9.1]\n\tat org.junit.jupiter.engine.descriptor.TestMethodTestDescriptor.invokeTestMethod(TestMethodTestDescriptor.java:213) ~[junit-jupiter-engine-5.9.1.jar:5.9.1]\n\tat org.junit.jupiter.engine.descriptor.TestMethodTestDescriptor.execute(TestMethodTestDescriptor.java:138) ~[junit-jupiter-engine-5.9.1.jar:5.9.1]\n\tat org.junit.jupiter.engine.descriptor.TestMethodTestDescriptor.execute(TestMethodTestDescriptor.java:68) ~[junit-jupiter-engine-5.9.1.jar:5.9.1]\n\tat org.junit.platform.engine.support.hierarchical.NodeTestTask.lambda$executeRecursively$6(NodeTestTask.java:151) ~[junit-platform-engine-1.9.1.jar:1.9.1]\n\tat org.junit.platform.engine.support.hierarchical.ThrowableCollector.execute(ThrowableCollector.java:73) ~[junit-platform-engine-1.9.1.jar:1.9.1]\n\tat org.junit.platform.engine.support.hierarchical.NodeTestTask.lambda$executeRecursively$8(NodeTestTask.java:141) ~[junit-platform-engine-1.9.1.jar:1.9.1]\n\tat org.junit.platform.engine.support.hierarchical.Node.around(Node.java:137) ~[junit-platform-engine-1.9.1.jar:1.9.1]\n\tat org.junit.platform.engine.support.hierarchical.NodeTestTask.lambda$executeRecursively$9(NodeTestTask.java:139) ~[junit-platform-engine-1.9.1.jar:1.9.1]\n\tat org.junit.platform.engine.support.hierarchical.ThrowableCollector.execute(ThrowableCollector.java:73) ~[junit-platform-engine-1.9.1.jar:1.9.1]\n\tat org.junit.platform.engine.support.hierarchical.NodeTestTask.executeRecursively(NodeTestTask.java:138) ~[junit-platform-engine-1.9.1.jar:1.9.1]\n\tat org.junit.platform.engine.support.hierarchical.NodeTestTask.execute(NodeTestTask.java:95) ~[junit-platform-engine-1.9.1.jar:1.9.1]\n\tat java.util.ArrayList.forEach(ArrayList.java:1511) ~[?:?]\n\tat org.junit.platform.engine.support.hierarchical.SameThreadHierarchicalTestExecutorService.invokeAll(SameThreadHierarchicalTestExecutorService.java:41) ~[junit-platform-engine-1.9.1.jar:1.9.1]\n\tat org.junit.platform.engine.support.hierarchical.NodeTestTask.lambda$executeRecursively$6(NodeTestTask.java:155) ~[junit-platform-engine-1.9.1.jar:1.9.1]\n\tat org.junit.platform.engine.support.hierarchical.ThrowableCollector.execute(ThrowableCollector.java:73) ~[junit-platform-engine-1.9.1.jar:1.9.1]\n\tat org.junit.platform.engine.support.hierarchical.NodeTestTask.lambda$executeRecursively$8(NodeTestTask.java:141) ~[junit-platform-engine-1.9.1.jar:1.9.1]\n\tat org.junit.platform.engine.support.hierarchical.Node.around(Node.java:137) ~[junit-platform-engine-1.9.1.jar:1.9.1]\n\tat org.junit.platform.engine.support.hierarchical.NodeTestTask.lambda$executeRecursively$9(NodeTestTask.java:139) ~[junit-platform-engine-1.9.1.jar:1.9.1]\n\tat org.junit.platform.engine.support.hierarchical.ThrowableCollector.execute(ThrowableCollector.java:73) ~[junit-platform-engine-1.9.1.jar:1.9.1]\n\tat org.junit.platform.engine.support.hierarchical.NodeTestTask.executeRecursively(NodeTestTask.java:138) ~[junit-platform-engine-1.9.1.jar:1.9.1]\n\tat org.junit.platform.engine.support.hierarchical.NodeTestTask.execute(NodeTestTask.java:95) ~[junit-platform-engine-1.9.1.jar:1.9.1]\n\tat java.util.ArrayList.forEach(ArrayList.java:1511) ~[?:?]\n\tat org.junit.platform.engine.support.hierarchical.SameThreadHierarchicalTestExecutorService.invokeAll(SameThreadHierarchicalTestExecutorService.java:41) ~[junit-platform-engine-1.9.1.jar:1.9.1]\n\tat org.junit.platform.engine.support.hierarchical.NodeTestTask.lambda$executeRecursively$6(NodeTestTask.java:155) ~[junit-platform-engine-1.9.1.jar:1.9.1]\n\tat org.junit.platform.engine.support.hierarchical.ThrowableCollector.execute(ThrowableCollector.java:73) ~[junit-platform-engine-1.9.1.jar:1.9.1]\n\tat org.junit.platform.engine.support.hierarchical.NodeTestTask.lambda$executeRecursively$8(NodeTestTask.java:141) ~[junit-platform-engine-1.9.1.jar:1.9.1]\n\tat org.junit.platform.engine.support.hierarchical.Node.around(Node.java:137) ~[junit-platform-engine-1.9.1.jar:1.9.1]\n\tat org.junit.platform.engine.support.hierarchical.NodeTestTask.lambda$executeRecursively$9(NodeTestTask.java:139) ~[junit-platform-engine-1.9.1.jar:1.9.1]\n\tat org.junit.platform.engine.support.hierarchical.ThrowableCollector.execute(ThrowableCollector.java:73) ~[junit-platform-engine-1.9.1.jar:1.9.1]\n\tat org.junit.platform.engine.support.hierarchical.NodeTestTask.executeRecursively(NodeTestTask.java:138) ~[junit-platform-engine-1.9.1.jar:1.9.1]\n\tat org.junit.platform.engine.support.hierarchical.NodeTestTask.execute(NodeTestTask.java:95) ~[junit-platform-engine-1.9.1.jar:1.9.1]\n\tat org.junit.platform.engine.support.hierarchical.SameThreadHierarchicalTestExecutorService.submit(SameThreadHierarchicalTestExecutorService.java:35) ~[junit-platform-engine-1.9.1.jar:1.9.1]\n\tat org.junit.platform.engine.support.hierarchical.HierarchicalTestExecutor.execute(HierarchicalTestExecutor.java:57) ~[junit-platform-engine-1.9.1.jar:1.9.1]\n\tat org.junit.platform.engine.support.hierarchical.HierarchicalTestEngine.execute(HierarchicalTestEngine.java:54) ~[junit-platform-engine-1.9.1.jar:1.9.1]\n\tat org.junit.platform.launcher.core.EngineExecutionOrchestrator.execute(EngineExecutionOrchestrator.java:147) ~[junit-platform-launcher-1.9.1.jar:1.9.1]\n\tat org.junit.platform.launcher.core.EngineExecutionOrchestrator.execute(EngineExecutionOrchestrator.java:127) ~[junit-platform-launcher-1.9.1.jar:1.9.1]\n\tat org.junit.platform.launcher.core.EngineExecutionOrchestrator.execute(EngineExecutionOrchestrator.java:90) ~[junit-platform-launcher-1.9.1.jar:1.9.1]\n\tat org.junit.platform.launcher.core.EngineExecutionOrchestrator.lambda$execute$0(EngineExecutionOrchestrator.java:55) ~[junit-platform-launcher-1.9.1.jar:1.9.1]\n\tat org.junit.platform.launcher.core.EngineExecutionOrchestrator.withInterceptedStreams(EngineExecutionOrchestrator.java:102) ~[junit-platform-launcher-1.9.1.jar:1.9.1]\n\tat org.junit.platform.launcher.core.EngineExecutionOrchestrator.execute(EngineExecutionOrchestrator.java:54) ~[junit-platform-launcher-1.9.1.jar:1.9.1]\n\tat org.junit.platform.launcher.core.DefaultLauncher.execute(DefaultLauncher.java:114) ~[junit-platform-launcher-1.9.1.jar:1.9.1]\n\tat org.junit.platform.launcher.core.DefaultLauncher.execute(DefaultLauncher.java:86) ~[junit-platform-launcher-1.9.1.jar:1.9.1]\n\tat org.junit.platform.launcher.core.DefaultLauncherSession$DelegatingLauncher.execute(DefaultLauncherSession.java:86) ~[junit-platform-launcher-1.9.1.jar:1.9.1]\n\tat org.junit.platform.launcher.core.SessionPerRequestLauncher.execute(SessionPerRequestLauncher.java:53) ~[junit-platform-launcher-1.9.1.jar:1.9.1]\n\tat org.gradle.api.internal.tasks.testing.junitplatform.JUnitPlatformTestClassProcessor$CollectAllTestClassesExecutor.processAllTestClasses(JUnitPlatformTestClassProcessor.java:99) ~[?:?]\n\tat org.gradle.api.internal.tasks.testing.junitplatform.JUnitPlatformTestClassProcessor$CollectAllTestClassesExecutor.access$000(JUnitPlatformTestClassProcessor.java:79) ~[?:?]\n\tat org.gradle.api.internal.tasks.testing.junitplatform.JUnitPlatformTestClassProcessor.stop(JUnitPlatformTestClassProcessor.java:75) ~[?:?]\n\tat org.gradle.api.internal.tasks.testing.SuiteTestClassProcessor.stop(SuiteTestClassProcessor.java:62) ~[?:?]\n\tat jdk.internal.reflect.NativeMethodAccessorImpl.invoke0(Native Method) ~[?:?]\n\tat jdk.internal.reflect.NativeMethodAccessorImpl.invoke(NativeMethodAccessorImpl.java:77) ~[?:?]\n\tat jdk.internal.reflect.DelegatingMethodAccessorImpl.invoke(DelegatingMethodAccessorImpl.java:43) ~[?:?]\n\tat java.lang.reflect.Method.invoke(Method.java:568) ~[?:?]\n\tat org.gradle.internal.dispatch.ReflectionDispatch.dispatch(ReflectionDispatch.java:36) ~[?:?]\n\tat org.gradle.internal.dispatch.ReflectionDispatch.dispatch(ReflectionDispatch.java:24) ~[?:?]\n\tat org.gradle.internal.dispatch.ContextClassLoaderDispatch.dispatch(ContextClassLoaderDispatch.java:33) ~[?:?]\n\tat org.gradle.internal.dispatch.ProxyDispatchAdapter$DispatchingInvocationHandler.invoke(ProxyDispatchAdapter.java:94) ~[?:?]\n\tat jdk.proxy2.$Proxy5.stop(Unknown Source) ~[?:?]\n\tat org.gradle.api.internal.tasks.testing.worker.TestWorker$3.run(TestWorker.java:193) ~[?:?]\n\tat org.gradle.api.internal.tasks.testing.worker.TestWorker.executeAndMaintainThreadName(TestWorker.java:129) ~[?:?]\n\tat org.gradle.api.internal.tasks.testing.worker.TestWorker.execute(TestWorker.java:100) ~[?:?]\n\tat org.gradle.api.internal.tasks.testing.worker.TestWorker.execute(TestWorker.java:60) ~[?:?]\n\tat org.gradle.process.internal.worker.child.ActionExecutionWorker.execute(ActionExecutionWorker.java:56) ~[?:?]\n\tat org.gradle.process.internal.worker.child.SystemApplicationClassLoaderWorker.call(SystemApplicationClassLoaderWorker.java:113) ~[?:?]\n\tat org.gradle.process.internal.worker.child.SystemApplicationClassLoaderWorker.call(SystemApplicationClassLoaderWorker.java:65) ~[?:?]\n\tat worker.org.gradle.process.internal.worker.GradleWorkerMain.run(GradleWorkerMain.java:69) ~[gradle-worker.jar:?]\n\tat worker.org.gradle.process.internal.worker.GradleWorkerMain.main(GradleWorkerMain.java:74) ~[gradle-worker.jar:?]\n","stack_trace":"io.airbyte.commons.exceptions.ConfigErrorException: Expected exactly one publication but found 0. Please read the docs and add a publication to your database.\n\tat io.airbyte.integrations.source.postgres.PostgresSource.lambda$getCheckOperations$7(PostgresSource.java:334)\n\tat io.airbyte.integrations.source.relationaldb.AbstractDbSource.check(AbstractDbSource.java:87)\n\tat io.airbyte.integrations.source.postgres.PostgresSource.check(PostgresSource.java:527)\n\tat io.airbyte.integrations.source.postgres.CdcPostgresSourceTest.testCheckWithoutPublication(CdcPostgresSourceTest.java:218)\n\tat java.base/jdk.internal.reflect.NativeMethodAccessorImpl.invoke0(Native Method)\n\tat java.base/jdk.internal.reflect.NativeMethodAccessorImpl.invoke(NativeMethodAccessorImpl.java:77)\n\tat java.base/jdk.internal.reflect.DelegatingMethodAccessorImpl.invoke(DelegatingMethodAccessorImpl.java:43)\n\tat java.base/java.lang.reflect.Method.invoke(Method.java:568)\n\tat org.junit.platform.commons.util.ReflectionUtils.invokeMethod(ReflectionUtils.java:727)\n\tat org.junit.jupiter.engine.execution.MethodInvocation.proceed(MethodInvocation.java:60)\n\tat org.junit.jupiter.engine.execution.InvocationInterceptorChain$ValidatingInvocation.proceed(InvocationInterceptorChain.java:131)\n\tat org.junit.jupiter.engine.extension.TimeoutExtension.intercept(TimeoutExtension.java:156)\n\tat org.junit.jupiter.engine.extension.TimeoutExtension.interceptTestableMethod(TimeoutExtension.java:147)\n\tat org.junit.jupiter.engine.extension.TimeoutExtension.interceptTestMethod(TimeoutExtension.java:86)\n\tat org.junit.jupiter.engine.execution.InterceptingExecutableInvoker$ReflectiveInterceptorCall.lambda$ofVoidMethod$0(InterceptingExecutableInvoker.java:103)\n\tat org.junit.jupiter.engine.execution.InterceptingExecutableInvoker.lambda$invoke$0(InterceptingExecutableInvoker.java:93)\n\tat org.junit.jupiter.engine.execution.InvocationInterceptorChain$InterceptedInvocation.proceed(InvocationInterceptorChain.java:106)\n\tat org.junit.jupiter.engine.execution.InvocationInterceptorChain.proceed(InvocationInterceptorChain.java:64)\n\tat org.junit.jupiter.engine.execution.InvocationInterceptorChain.chainAndInvoke(InvocationInterceptorChain.java:45)\n\tat org.junit.jupiter.engine.execution.InvocationInterceptorChain.invoke(InvocationInterceptorChain.java:37)\n\tat org.junit.jupiter.engine.execution.InterceptingExecutableInvoker.invoke(InterceptingExecutableInvoker.java:92)\n\tat org.junit.jupiter.engine.execution.InterceptingExecutableInvoker.invoke(InterceptingExecutableInvoker.java:86)\n\tat org.junit.jupiter.engine.descriptor.TestMethodTestDescriptor.lambda$invokeTestMethod$7(TestMethodTestDescriptor.java:217)\n\tat org.junit.platform.engine.support.hierarchical.ThrowableCollector.execute(ThrowableCollector.java:73)\n\tat org.junit.jupiter.engine.descriptor.TestMethodTestDescriptor.invokeTestMethod(TestMethodTestDescriptor.java:213)\n\tat org.junit.jupiter.engine.descriptor.TestMethodTestDescriptor.execute(TestMethodTestDescriptor.java:138)\n\tat org.junit.jupiter.engine.descriptor.TestMethodTestDescriptor.execute(TestMethodTestDescriptor.java:68)\n\tat org.junit.platform.engine.support.hierarchical.NodeTestTask.lambda$executeRecursively$6(NodeTestTask.java:151)\n\tat org.junit.platform.engine.support.hierarchical.ThrowableCollector.execute(ThrowableCollector.java:73)\n\tat org.junit.platform.engine.support.hierarchical.NodeTestTask.lambda$executeRecursively$8(NodeTestTask.java:141)\n\tat org.junit.platform.engine.support.hierarchical.Node.around(Node.java:137)\n\tat org.junit.platform.engine.support.hierarchical.NodeTestTask.lambda$executeRecursively$9(NodeTestTask.java:139)\n\tat org.junit.platform.engine.support.hierarchical.ThrowableCollector.execute(ThrowableCollector.java:73)\n\tat org.junit.platform.engine.support.hierarchical.NodeTestTask.executeRecursively(NodeTestTask.java:138)\n\tat org.junit.platform.engine.support.hierarchical.NodeTestTask.execute(NodeTestTask.java:95)\n\tat java.base/java.util.ArrayList.forEach(ArrayList.java:1511)\n\tat org.junit.platform.engine.support.hierarchical.SameThreadHierarchicalTestExecutorService.invokeAll(SameThreadHierarchicalTestExecutorService.java:41)\n\tat org.junit.platform.engine.support.hierarchical.NodeTestTask.lambda$executeRecursively$6(NodeTestTask.java:155)\n\tat org.junit.platform.engine.support.hierarchical.ThrowableCollector.execute(ThrowableCollector.java:73)\n\tat org.junit.platform.engine.support.hierarchical.NodeTestTask.lambda$executeRecursively$8(NodeTestTask.java:141)\n\tat org.junit.platform.engine.support.hierarchical.Node.around(Node.java:137)\n\tat org.junit.platform.engine.support.hierarchical.NodeTestTask.lambda$executeRecursively$9(NodeTestTask.java:139)\n\tat org.junit.platform.engine.support.hierarchical.ThrowableCollector.execute(ThrowableCollector.java:73)\n\tat org.junit.platform.engine.support.hierarchical.NodeTestTask.executeRecursively(NodeTestTask.java:138)\n\tat org.junit.platform.engine.support.hierarchical.NodeTestTask.execute(NodeTestTask.java:95)\n\tat java.base/java.util.ArrayList.forEach(ArrayList.java:1511)\n\tat org.junit.platform.engine.support.hierarchical.SameThreadHierarchicalTestExecutorService.invokeAll(SameThreadHierarchicalTestExecutorService.java:41)\n\tat org.junit.platform.engine.support.hierarchical.NodeTestTask.lambda$executeRecursively$6(NodeTestTask.java:155)\n\tat org.junit.platform.engine.support.hierarchical.ThrowableCollector.execute(ThrowableCollector.java:73)\n\tat org.junit.platform.engine.support.hierarchical.NodeTestTask.lambda$executeRecursively$8(NodeTestTask.java:141)\n\tat org.junit.platform.engine.support.hierarchical.Node.around(Node.java:137)\n\tat org.junit.platform.engine.support.hierarchical.NodeTestTask.lambda$executeRecursively$9(NodeTestTask.java:139)\n\tat org.junit.platform.engine.support.hierarchical.ThrowableCollector.execute(ThrowableCollector.java:73)\n\tat org.junit.platform.engine.support.hierarchical.NodeTestTask.executeRecursively(NodeTestTask.java:138)\n\tat org.junit.platform.engine.support.hierarchical.NodeTestTask.execute(NodeTestTask.java:95)\n\tat org.junit.platform.engine.support.hierarchical.SameThreadHierarchicalTestExecutorService.submit(SameThreadHierarchicalTestExecutorService.java:35)\n\tat org.junit.platform.engine.support.hierarchical.HierarchicalTestExecutor.execute(HierarchicalTestExecutor.java:57)\n\tat org.junit.platform.engine.support.hierarchical.HierarchicalTestEngine.execute(HierarchicalTestEngine.java:54)\n\tat org.junit.platform.launcher.core.EngineExecutionOrchestrator.execute(EngineExecutionOrchestrator.java:147)\n\tat org.junit.platform.launcher.core.EngineExecutionOrchestrator.execute(EngineExecutionOrchestrator.java:127)\n\tat org.junit.platform.launcher.core.EngineExecutionOrchestrator.execute(EngineExecutionOrchestrator.java:90)\n\tat org.junit.platform.launcher.core.EngineExecutionOrchestrator.lambda$execute$0(EngineExecutionOrchestrator.java:55)\n\tat org.junit.platform.launcher.core.EngineExecutionOrchestrator.withInterceptedStreams(EngineExecutionOrchestrator.java:102)\n\tat org.junit.platform.launcher.core.EngineExecutionOrchestrator.execute(EngineExecutionOrchestrator.java:54)\n\tat org.junit.platform.launcher.core.DefaultLauncher.execute(DefaultLauncher.java:114)\n\tat org.junit.platform.launcher.core.DefaultLauncher.execute(DefaultLauncher.java:86)\n\tat org.junit.platform.launcher.core.DefaultLauncherSession$DelegatingLauncher.execute(DefaultLauncherSession.java:86)\n\tat org.junit.platform.launcher.core.SessionPerRequestLauncher.execute(SessionPerRequestLauncher.java:53)\n\tat org.gradle.api.internal.tasks.testing.junitplatform.JUnitPlatformTestClassProcessor$CollectAllTestClassesExecutor.processAllTestClasses(JUnitPlatformTestClassProcessor.java:99)\n\tat org.gradle.api.internal.tasks.testing.junitplatform.JUnitPlatformTestClassProcessor$CollectAllTestClassesExecutor.access$000(JUnitPlatformTestClassProcessor.java:79)\n\tat org.gradle.api.internal.tasks.testing.junitplatform.JUnitPlatformTestClassProcessor.stop(JUnitPlatformTestClassProcessor.java:75)\n\tat org.gradle.api.internal.tasks.testing.SuiteTestClassProcessor.stop(SuiteTestClassProcessor.java:62)\n\tat java.base/jdk.internal.reflect.NativeMethodAccessorImpl.invoke0(Native Method)\n\tat java.base/jdk.internal.reflect.NativeMethodAccessorImpl.invoke(NativeMethodAccessorImpl.java:77)\n\tat java.base/jdk.internal.reflect.DelegatingMethodAccessorImpl.invoke(DelegatingMethodAccessorImpl.java:43)\n\tat java.base/java.lang.reflect.Method.invoke(Method.java:568)\n\tat org.gradle.internal.dispatch.ReflectionDispatch.dispatch(ReflectionDispatch.java:36)\n\tat org.gradle.internal.dispatch.ReflectionDispatch.dispatch(ReflectionDispatch.java:24)\n\tat org.gradle.internal.dispatch.ContextClassLoaderDispatch.dispatch(ContextClassLoaderDispatch.java:33)\n\tat org.gradle.internal.dispatch.ProxyDispatchAdapter$DispatchingInvocationHandler.invoke(ProxyDispatchAdapter.java:94)\n\tat jdk.proxy2/jdk.proxy2.$Proxy5.stop(Unknown Source)\n\tat org.gradle.api.internal.tasks.testing.worker.TestWorker$3.run(TestWorker.java:193)\n\tat org.gradle.api.internal.tasks.testing.worker.TestWorker.executeAndMaintainThreadName(TestWorker.java:129)\n\tat org.gradle.api.internal.tasks.testing.worker.TestWorker.execute(TestWorker.java:100)\n\tat org.gradle.api.internal.tasks.testing.worker.TestWorker.execute(TestWorker.java:60)\n\tat org.gradle.process.internal.worker.child.ActionExecutionWorker.execute(ActionExecutionWorker.java:56)\n\tat org.gradle.process.internal.worker.child.SystemApplicationClassLoaderWorker.call(SystemApplicationClassLoaderWorker.java:113)\n\tat org.gradle.process.internal.worker.child.SystemApplicationClassLoaderWorker.call(SystemApplicationClassLoaderWorker.java:65)\n\tat worker.org.gradle.process.internal.worker.GradleWorkerMain.run(GradleWorkerMain.java:69)\n\tat worker.org.gradle.process.internal.worker.GradleWorkerMain.main(GradleWorkerMain.java:74)\n"}}
{"type":"LOG","log":{"level":"INFO","message":"INFO c.z.h.HikariDataSource(close):350 HikariPool-36 - Shutdown initiated..."}}
{"type":"LOG","log":{"level":"INFO","message":"INFO c.z.h.HikariDataSource(close):352 HikariPool-36 - Shutdown completed."}}
{"type":"LOG","log":{"level":"INFO","message":"INFO o.t.c.GenericContainer(tryStart):376 Creating container for image: debezium/postgres:13-alpine"}}
{"type":"LOG","log":{"level":"INFO","message":"INFO o.t.c.GenericContainer(tryStart):440 Container debezium/postgres:13-alpine is starting: ca3577b095afb1015c46473b18defe0a07871f0ab14db9371c40f4f8bca22225"}}
{"type":"LOG","log":{"level":"INFO","message":"INFO o.t.c.GenericContainer(tryStart):520 Container debezium/postgres:13-alpine started in PT6.246951S"}}
{"type":"LOG","log":{"level":"INFO","message":"INFO c.z.h.HikariDataSource(<init>):80 HikariPool-37 - Starting..."}}
{"type":"LOG","log":{"level":"INFO","message":"INFO c.z.h.HikariDataSource(<init>):82 HikariPool-37 - Start completed."}}
{"type":"LOG","log":{"level":"INFO","message":"INFO i.a.i.s.p.PostgresUtils(isCdc):53 using CDC: true"}}
{"type":"LOG","log":{"level":"INFO","message":"INFO i.a.i.s.r.s.StateManagerFactory(createStateManager):51 Global state manager selected to manage state object with type GLOBAL."}}
{"type":"LOG","log":{"level":"INFO","message":"INFO i.a.i.s.r.s.CursorManager(createCursorInfoForStream):182 No cursor field set in catalog but not present in state. Stream: models_schema_models, New Cursor Field: null. Resetting cursor value"}}
{"type":"LOG","log":{"level":"INFO","message":"INFO i.a.i.s.r.CdcStateManager(<init>):29 Initialized CDC state with: io.airbyte.integrations.source.relationaldb.models.CdcState@3f851ccf[state=<null>,additionalProperties={}]"}}
{"type":"LOG","log":{"level":"INFO","message":"INFO c.z.h.HikariDataSource(<init>):80 HikariPool-38 - Starting..."}}
{"type":"LOG","log":{"level":"INFO","message":"INFO c.z.h.HikariDataSource(<init>):82 HikariPool-38 - Start completed."}}
{"type":"LOG","log":{"level":"INFO","message":"INFO i.a.i.s.p.PostgresUtils(isCdc):53 using CDC: true"}}
{"type":"LOG","log":{"level":"INFO","message":"INFO i.a.d.j.s.AdaptiveStreamingQueryConfig(initialize):31 Set initial fetch size: 10 rows"}}
{"type":"LOG","log":{"level":"INFO","message":"INFO i.a.i.s.p.PostgresCdcCatalogHelper(getPublicizedTables):119 For CDC, only tables in publication publication will be included in the sync: [models_schema.models, models_schema_random.models_random]"}}
{"type":"LOG","log":{"level":"INFO","message":"INFO i.a.i.s.j.AbstractJdbcSource(logPreSyncDebugData):450 Data source product recognized as PostgreSQL:13.11"}}
{"type":"LOG","log":{"level":"INFO","message":"INFO i.a.i.s.p.PostgresSource(logPreSyncDebugData):221 Discovering indexes for schema \"models_schema\", table \"models\""}}
{"type":"LOG","log":{"level":"INFO","message":"INFO i.a.i.s.p.PostgresSource(logPreSyncDebugData):223 Index name: models_pkey, Column: id, Unique: true"}}
{"type":"LOG","log":{"level":"INFO","message":"INFO i.a.i.s.p.PostgresQueryUtils(logXminStatus):77 Xmin Status : {Number of wraparounds: 0, Xmin Transaction Value: 505, Xmin Raw Value: 505"}}
{"type":"LOG","log":{"level":"INFO","message":"INFO i.a.i.s.j.AbstractJdbcSource(discoverInternal):166 Internal schemas to exclude: [catalog_history, information_schema, pg_catalog, pg_internal]"}}
{"type":"LOG","log":{"level":"INFO","message":"INFO i.a.d.j.s.AdaptiveStreamingQueryConfig(initialize):31 Set initial fetch size: 10 rows"}}
{"type":"LOG","log":{"level":"INFO","message":"INFO i.a.i.s.j.AbstractJdbcSource(discoverInternal):166 Internal schemas to exclude: [catalog_history, information_schema, pg_catalog, pg_internal]"}}
{"type":"LOG","log":{"level":"INFO","message":"INFO i.a.d.j.s.AdaptiveStreamingQueryConfig(initialize):31 Set initial fetch size: 10 rows"}}
{"type":"LOG","log":{"level":"INFO","message":"INFO i.a.i.s.p.PostgresUtils(isCdc):53 using CDC: true"}}
{"type":"LOG","log":{"level":"INFO","message":"INFO i.a.i.s.p.PostgresUtils(getFirstRecordWaitTime):111 First record waiting time: 30 seconds"}}
{"type":"LOG","log":{"level":"INFO","message":"INFO i.a.i.s.p.PostgresSource(getIncrementalIterators):369 First record waiting time: 30 seconds"}}
{"type":"LOG","log":{"level":"INFO","message":"INFO i.a.i.s.p.PostgresUtils(shouldFlushAfterSync):61 Should flush after sync: true"}}
{"type":"LOG","log":{"level":"INFO","message":"INFO o.a.k.c.c.AbstractConfig(logAll):376 StandaloneConfig values: \n\taccess.control.allow.methods = \n\taccess.control.allow.origin = \n\tadmin.listeners = null\n\tauto.include.jmx.reporter = true\n\tbootstrap.servers = [localhost:9092]\n\tclient.dns.lookup = use_all_dns_ips\n\tconfig.providers = []\n\tconnector.client.config.override.policy = All\n\theader.converter = class org.apache.kafka.connect.storage.SimpleHeaderConverter\n\tkey.converter = class org.apache.kafka.connect.json.JsonConverter\n\tlisteners = [http://:8083]\n\tmetric.reporters = []\n\tmetrics.num.samples = 2\n\tmetrics.recording.level = INFO\n\tmetrics.sample.window.ms = 30000\n\toffset.flush.interval.ms = 1000\n\toffset.flush.timeout.ms = 5000\n\toffset.storage.file.filename = /tmp/cdc-state-offset3316230643035674041/offset.dat\n\tplugin.path = null\n\tresponse.http.headers.config = \n\trest.advertised.host.name = null\n\trest.advertised.listener = null\n\trest.advertised.port = null\n\trest.extension.classes = []\n\tssl.cipher.suites = null\n\tssl.client.auth = none\n\tssl.enabled.protocols = [TLSv1.2, TLSv1.3]\n\tssl.endpoint.identification.algorithm = https\n\tssl.engine.factory.class = null\n\tssl.key.password = null\n\tssl.keymanager.algorithm = SunX509\n\tssl.keystore.certificate.chain = null\n\tssl.keystore.key = null\n\tssl.keystore.location = null\n\tssl.keystore.password = null\n\tssl.keystore.type = JKS\n\tssl.protocol = TLSv1.3\n\tssl.provider = null\n\tssl.secure.random.implementation = null\n\tssl.trustmanager.algorithm = PKIX\n\tssl.truststore.certificates = null\n\tssl.truststore.location = null\n\tssl.truststore.password = null\n\tssl.truststore.type = JKS\n\ttask.shutdown.graceful.timeout.ms = 5000\n\ttopic.creation.enable = true\n\ttopic.tracking.allow.reset = true\n\ttopic.tracking.enable = true\n\tvalue.converter = class org.apache.kafka.connect.json.JsonConverter\n"}}
{"type":"LOG","log":{"level":"WARN","message":"WARN o.a.k.c.r.WorkerConfig(logPluginPathConfigProviderWarning):379 Variables cannot be used in the 'plugin.path' property, since the property is used by plugin scanning before the config providers that replace the variables are initialized. The raw value 'null' was used for plugin scanning, as opposed to the transformed value 'null', and this may cause unexpected results."}}
{"type":"LOG","log":{"level":"INFO","message":"INFO o.a.k.c.s.FileOffsetBackingStore(start):58 Starting FileOffsetBackingStore with file /tmp/cdc-state-offset3316230643035674041/offset.dat"}}
{"type":"LOG","log":{"level":"INFO","message":"INFO o.a.k.c.c.AbstractConfig(logAll):376 JsonConverterConfig values: \n\tconverter.type = key\n\tdecimal.format = BASE64\n\tschemas.cache.size = 1000\n\tschemas.enable = false\n"}}
{"type":"LOG","log":{"level":"INFO","message":"INFO o.a.k.c.c.AbstractConfig(logAll):376 JsonConverterConfig values: \n\tconverter.type = value\n\tdecimal.format = BASE64\n\tschemas.cache.size = 1000\n\tschemas.enable = false\n"}}
{"type":"LOG","log":{"level":"INFO","message":"INFO i.a.i.d.i.p.PostgresDebeziumStateUtil(extractLsn):206 No previous offsets found"}}
{"type":"LOG","log":{"level":"INFO","message":"INFO i.a.i.d.i.p.PostgresDebeziumStateUtil(parseSavedOffset):181 Closing offsetStorageReader and fileOffsetBackingStore"}}
{"type":"LOG","log":{"level":"INFO","message":"INFO o.a.k.c.s.FileOffsetBackingStore(stop):66 Stopped FileOffsetBackingStore"}}
{"type":"LOG","log":{"level":"INFO","message":"INFO i.a.i.s.p.PostgresSource(lambda$getReplicationSlot$4):296 Attempting to find the named replication slot using the query: HikariProxyPreparedStatement@2114641717 wrapping SELECT * FROM pg_replication_slots WHERE slot_name = 'debezium_slot_db_qaookfpaht' AND plugin = 'pgoutput' AND database = 'db_qaookfpaht'"}}
{"type":"LOG","log":{"level":"INFO","message":"INFO i.a.d.j.s.AdaptiveStreamingQueryConfig(initialize):31 Set initial fetch size: 10 rows"}}
{"type":"LOG","log":{"level":"INFO","message":"INFO i.a.i.s.p.PostgresUtils(shouldFlushAfterSync):61 Should flush after sync: true"}}
{"type":"LOG","log":{"level":"INFO","message":"INFO i.a.i.d.i.p.PostgresCdcTargetPosition(targetPosition):49 identified target lsn: PgLsn{lsn=23903320}"}}
{"type":"LOG","log":{"level":"INFO","message":"INFO i.a.i.s.p.PostgresUtils(shouldFlushAfterSync):61 Should flush after sync: true"}}
{"type":"LOG","log":{"level":"INFO","message":"INFO i.a.i.d.AirbyteDebeziumHandler(getIncrementalIterators):95 Using CDC: true"}}
{"type":"LOG","log":{"level":"INFO","message":"INFO o.a.k.c.c.AbstractConfig(logAll):376 JsonConverterConfig values: \n\tconverter.type = key\n\tdecimal.format = BASE64\n\tschemas.cache.size = 1000\n\tschemas.enable = false\n"}}
{"type":"LOG","log":{"level":"INFO","message":"INFO o.a.k.c.c.AbstractConfig(logAll):376 JsonConverterConfig values: \n\tconverter.type = value\n\tdecimal.format = BASE64\n\tschemas.cache.size = 1000\n\tschemas.enable = false\n"}}
{"type":"LOG","log":{"level":"INFO","message":"INFO o.a.k.c.c.AbstractConfig(logAll):376 EmbeddedConfig values: \n\taccess.control.allow.methods = \n\taccess.control.allow.origin = \n\tadmin.listeners = null\n\tauto.include.jmx.reporter = true\n\tbootstrap.servers = [localhost:9092]\n\tclient.dns.lookup = use_all_dns_ips\n\tconfig.providers = []\n\tconnector.client.config.override.policy = All\n\theader.converter = class org.apache.kafka.connect.storage.SimpleHeaderConverter\n\tkey.converter = class org.apache.kafka.connect.json.JsonConverter\n\tlisteners = [http://:8083]\n\tmetric.reporters = []\n\tmetrics.num.samples = 2\n\tmetrics.recording.level = INFO\n\tmetrics.sample.window.ms = 30000\n\toffset.flush.interval.ms = 1000\n\toffset.flush.timeout.ms = 5000\n\toffset.storage.file.filename = /tmp/cdc-state-offset9228302158914860867/offset.dat\n\toffset.storage.partitions = null\n\toffset.storage.replication.factor = null\n\toffset.storage.topic = \n\tplugin.path = null\n\tresponse.http.headers.config = \n\trest.advertised.host.name = null\n\trest.advertised.listener = null\n\trest.advertised.port = null\n\trest.extension.classes = []\n\tssl.cipher.suites = null\n\tssl.client.auth = none\n\tssl.enabled.protocols = [TLSv1.2, TLSv1.3]\n\tssl.endpoint.identification.algorithm = https\n\tssl.engine.factory.class = null\n\tssl.key.password = null\n\tssl.keymanager.algorithm = SunX509\n\tssl.keystore.certificate.chain = null\n\tssl.keystore.key = null\n\tssl.keystore.location = null\n\tssl.keystore.password = null\n\tssl.keystore.type = JKS\n\tssl.protocol = TLSv1.3\n\tssl.provider = null\n\tssl.secure.random.implementation = null\n\tssl.trustmanager.algorithm = PKIX\n\tssl.truststore.certificates = null\n\tssl.truststore.location = null\n\tssl.truststore.password = null\n\tssl.truststore.type = JKS\n\ttask.shutdown.graceful.timeout.ms = 5000\n\ttopic.creation.enable = true\n\ttopic.tracking.allow.reset = true\n\ttopic.tracking.enable = true\n\tvalue.converter = class org.apache.kafka.connect.json.JsonConverter\n"}}
{"type":"LOG","log":{"level":"WARN","message":"WARN o.a.k.c.r.WorkerConfig(logPluginPathConfigProviderWarning):379 Variables cannot be used in the 'plugin.path' property, since the property is used by plugin scanning before the config providers that replace the variables are initialized. The raw value 'null' was used for plugin scanning, as opposed to the transformed value 'null', and this may cause unexpected results."}}
{"type":"LOG","log":{"level":"INFO","message":"INFO o.a.k.c.c.AbstractConfig(logAll):376 JsonConverterConfig values: \n\tconverter.type = key\n\tdecimal.format = BASE64\n\tschemas.cache.size = 1000\n\tschemas.enable = false\n"}}
{"type":"LOG","log":{"level":"INFO","message":"INFO o.a.k.c.c.AbstractConfig(logAll):376 JsonConverterConfig values: \n\tconverter.type = value\n\tdecimal.format = BASE64\n\tschemas.cache.size = 1000\n\tschemas.enable = false\n"}}
{"type":"LOG","log":{"level":"WARN","message":"WARN i.d.c.p.PostgresConnectorConfig(validateFlushLsnSource):1070 Property 'flush.lsn.source' is set to 'false', the LSN will not be flushed to the database source and WAL logs will not be cleared. User is expected to handle this outside Debezium."}}
{"type":"LOG","log":{"level":"INFO","message":"INFO i.d.c.p.PostgresConnector(testConnection):154 Successfully tested connection for jdbc:postgresql://localhost:56124/db_qaookfpaht with user 'test'"}}
{"type":"LOG","log":{"level":"INFO","message":"INFO i.d.j.JdbcConnection(lambda$doClose$4):947 Connection gracefully closed"}}
{"type":"LOG","log":{"level":"INFO","message":"INFO o.a.k.c.s.FileOffsetBackingStore(start):58 Starting FileOffsetBackingStore with file /tmp/cdc-state-offset9228302158914860867/offset.dat"}}
{"type":"LOG","log":{"level":"WARN","message":"WARN i.d.c.p.PostgresConnectorConfig(validateFlushLsnSource):1070 Property 'flush.lsn.source' is set to 'false', the LSN will not be flushed to the database source and WAL logs will not be cleared. User is expected to handle this outside Debezium."}}
{"type":"LOG","log":{"level":"INFO","message":"INFO i.d.c.c.BaseSourceTask(start):124 Starting PostgresConnectorTask with configuration:"}}
{"type":"LOG","log":{"level":"INFO","message":"INFO i.d.c.c.BaseSourceTask(lambda$start$0):126    connector.class = io.debezium.connector.postgresql.PostgresConnector"}}
{"type":"LOG","log":{"level":"INFO","message":"INFO i.d.c.c.BaseSourceTask(lambda$start$0):126    max.queue.size = 8192"}}
{"type":"LOG","log":{"level":"INFO","message":"INFO i.d.c.c.BaseSourceTask(lambda$start$0):126    slot.name = debezium_slot_db_qaookfpaht"}}
{"type":"LOG","log":{"level":"INFO","message":"INFO i.d.c.c.BaseSourceTask(lambda$start$0):126    publication.name = publication"}}
{"type":"LOG","log":{"level":"INFO","message":"INFO i.d.c.c.BaseSourceTask(lambda$start$0):126    topic.prefix = db_qaookfpaht"}}
{"type":"LOG","log":{"level":"INFO","message":"INFO i.d.c.c.BaseSourceTask(lambda$start$0):126    offset.storage.file.filename = /tmp/cdc-state-offset9228302158914860867/offset.dat"}}
{"type":"LOG","log":{"level":"INFO","message":"INFO i.d.c.c.BaseSourceTask(lambda$start$0):126    decimal.handling.mode = string"}}
{"type":"LOG","log":{"level":"INFO","message":"INFO i.d.c.c.BaseSourceTask(lambda$start$0):126    flush.lsn.source = false"}}
{"type":"LOG","log":{"level":"INFO","message":"INFO i.d.c.c.BaseSourceTask(lambda$start$0):126    converters = datetime"}}
{"type":"LOG","log":{"level":"INFO","message":"INFO i.d.c.c.BaseSourceTask(lambda$start$0):126    errors.retry.delay.initial.ms = 299"}}
{"type":"LOG","log":{"level":"INFO","message":"INFO i.d.c.c.BaseSourceTask(lambda$start$0):126    datetime.type = io.airbyte.integrations.debezium.internals.postgres.PostgresConverter"}}
{"type":"LOG","log":{"level":"INFO","message":"INFO i.d.c.c.BaseSourceTask(lambda$start$0):126    value.converter = org.apache.kafka.connect.json.JsonConverter"}}
{"type":"LOG","log":{"level":"INFO","message":"INFO i.d.c.c.BaseSourceTask(lambda$start$0):126    key.converter = org.apache.kafka.connect.json.JsonConverter"}}
{"type":"LOG","log":{"level":"INFO","message":"INFO i.d.c.c.BaseSourceTask(lambda$start$0):126    publication.autocreate.mode = disabled"}}
{"type":"LOG","log":{"level":"INFO","message":"INFO i.d.c.c.BaseSourceTask(lambda$start$0):126    database.user = test"}}
{"type":"LOG","log":{"level":"INFO","message":"INFO i.d.c.c.BaseSourceTask(lambda$start$0):126    database.dbname = db_qaookfpaht"}}
{"type":"LOG","log":{"level":"INFO","message":"INFO i.d.c.c.BaseSourceTask(lambda$start$0):126    offset.storage = org.apache.kafka.connect.storage.FileOffsetBackingStore"}}
{"type":"LOG","log":{"level":"INFO","message":"INFO i.d.c.c.BaseSourceTask(lambda$start$0):126    errors.retry.delay.max.ms = 300"}}
{"type":"LOG","log":{"level":"INFO","message":"INFO i.d.c.c.BaseSourceTask(lambda$start$0):126    offset.flush.timeout.ms = 5000"}}
{"type":"LOG","log":{"level":"INFO","message":"INFO i.d.c.c.BaseSourceTask(lambda$start$0):126    heartbeat.interval.ms = 10000"}}
{"type":"LOG","log":{"level":"INFO","message":"INFO i.d.c.c.BaseSourceTask(lambda$start$0):126    column.include.list = \\Qmodels_schema.models\\E\\.(\\Qmodel\\E|\\Qid\\E|\\Qmake_id\\E)"}}
{"type":"LOG","log":{"level":"INFO","message":"INFO i.d.c.c.BaseSourceTask(lambda$start$0):126    plugin.name = pgoutput"}}
{"type":"LOG","log":{"level":"INFO","message":"INFO i.d.c.c.BaseSourceTask(lambda$start$0):126    database.port = 56124"}}
{"type":"LOG","log":{"level":"INFO","message":"INFO i.d.c.c.BaseSourceTask(lambda$start$0):126    offset.flush.interval.ms = 1000"}}
{"type":"LOG","log":{"level":"INFO","message":"INFO i.d.c.c.BaseSourceTask(lambda$start$0):126    key.converter.schemas.enable = false"}}
{"type":"LOG","log":{"level":"INFO","message":"INFO i.d.c.c.BaseSourceTask(lambda$start$0):126    include.unknown.datatypes = true"}}
{"type":"LOG","log":{"level":"INFO","message":"INFO i.d.c.c.BaseSourceTask(lambda$start$0):126    errors.max.retries = 10"}}
{"type":"LOG","log":{"level":"INFO","message":"INFO i.d.c.c.BaseSourceTask(lambda$start$0):126    database.hostname = localhost"}}
{"type":"LOG","log":{"level":"INFO","message":"INFO i.d.c.c.BaseSourceTask(lambda$start$0):126    database.password = ********"}}
{"type":"LOG","log":{"level":"INFO","message":"INFO i.d.c.c.BaseSourceTask(lambda$start$0):126    value.converter.schemas.enable = false"}}
{"type":"LOG","log":{"level":"INFO","message":"INFO i.d.c.c.BaseSourceTask(lambda$start$0):126    name = db_qaookfpaht"}}
{"type":"LOG","log":{"level":"INFO","message":"INFO i.d.c.c.BaseSourceTask(lambda$start$0):126    max.batch.size = 2048"}}
{"type":"LOG","log":{"level":"INFO","message":"INFO i.d.c.c.BaseSourceTask(lambda$start$0):126    table.include.list = \\Qmodels_schema.models\\E"}}
{"type":"LOG","log":{"level":"INFO","message":"INFO i.d.c.c.BaseSourceTask(lambda$start$0):126    snapshot.mode = initial"}}
{"type":"LOG","log":{"level":"INFO","message":"INFO i.d.c.c.BaseSourceTask(startIfNeededAndPossible):243 Attempting to start task"}}
{"type":"LOG","log":{"level":"INFO","message":"INFO i.d.c.CommonConnectorConfig(getTopicNamingStrategy):849 Loading the custom topic naming strategy plugin: io.debezium.schema.SchemaTopicNamingStrategy"}}
{"type":"LOG","log":{"level":"INFO","message":"INFO i.d.j.JdbcConnection(lambda$doClose$4):947 Connection gracefully closed"}}
{"type":"LOG","log":{"level":"INFO","message":"INFO i.d.c.c.BaseSourceTask(getPreviousOffsets):375 No previous offsets found"}}
{"type":"LOG","log":{"level":"INFO","message":"INFO i.d.c.p.PostgresConnectorTask(start):113 user 'test' connected to database 'db_qaookfpaht' on PostgreSQL 13.11 on x86_64-pc-linux-musl, compiled by gcc (Alpine 12.2.1_git20220924-r10) 12.2.1 20220924, 64-bit with roles:\n\trole 'pg_read_all_settings' [superuser: false, replication: false, inherit: true, create role: false, create db: false, can log in: false]\n\trole 'pg_stat_scan_tables' [superuser: false, replication: false, inherit: true, create role: false, create db: false, can log in: false]\n\trole 'pg_write_server_files' [superuser: false, replication: false, inherit: true, create role: false, create db: false, can log in: false]\n\trole 'test' [superuser: true, replication: true, inherit: true, create role: true, create db: true, can log in: true]\n\trole 'pg_monitor' [superuser: false, replication: false, inherit: true, create role: false, create db: false, can log in: false]\n\trole 'pg_read_server_files' [superuser: false, replication: false, inherit: true, create role: false, create db: false, can log in: false]\n\trole 'pg_execute_server_program' [superuser: false, replication: false, inherit: true, create role: false, create db: false, can log in: false]\n\trole 'pg_read_all_stats' [superuser: false, replication: false, inherit: true, create role: false, create db: false, can log in: false]\n\trole 'pg_signal_backend' [superuser: false, replication: false, inherit: true, create role: false, create db: false, can log in: false]"}}
{"type":"LOG","log":{"level":"INFO","message":"INFO i.d.c.p.c.PostgresConnection(readReplicationSlotInfo):264 Obtained valid replication slot ReplicationSlot [active=false, latestFlushedLsn=LSN{0/16CB9D0}, catalogXmin=504]"}}
{"type":"LOG","log":{"level":"INFO","message":"INFO i.d.c.p.PostgresConnectorTask(start):122 No previous offset found"}}
{"type":"LOG","log":{"level":"INFO","message":"INFO i.d.u.Threads(threadFactory):270 Requested thread factory for connector PostgresConnector, id = db_qaookfpaht named = change-event-source-coordinator"}}
{"type":"LOG","log":{"level":"INFO","message":"INFO i.d.u.Threads$3(newThread):287 Creating thread debezium-postgresconnector-db_qaookfpaht-change-event-source-coordinator"}}
{"type":"LOG","log":{"level":"INFO","message":"INFO i.d.c.c.BaseSourceTask(startIfNeededAndPossible):245 Successfully started task"}}
{"type":"LOG","log":{"level":"INFO","message":"INFO i.d.p.ChangeEventSourceCoordinator(lambda$start$0):103 Metrics registered"}}
{"type":"LOG","log":{"level":"INFO","message":"INFO i.d.p.ChangeEventSourceCoordinator(lambda$start$0):106 Context created"}}
{"type":"LOG","log":{"level":"INFO","message":"INFO i.d.c.p.s.InitialSnapshotter(shouldSnapshot):34 Taking initial snapshot for new datasource"}}
{"type":"LOG","log":{"level":"INFO","message":"INFO i.d.c.p.PostgresSnapshotChangeEventSource(getSnapshottingTask):65 According to the connector configuration data will be snapshotted"}}
{"type":"LOG","log":{"level":"INFO","message":"INFO i.d.r.RelationalSnapshotChangeEventSource(doExecute):110 Snapshot step 1 - Preparing"}}
{"type":"LOG","log":{"level":"INFO","message":"INFO i.d.r.RelationalSnapshotChangeEventSource(doExecute):119 Snapshot step 2 - Determining captured tables"}}
{"type":"LOG","log":{"level":"INFO","message":"INFO i.d.r.RelationalSnapshotChangeEventSource(determineCapturedTables):267 Adding table models_schema.models to the list of capture schema tables"}}
{"type":"LOG","log":{"level":"INFO","message":"INFO i.d.r.RelationalSnapshotChangeEventSource(determineCapturedTables):267 Adding table models_schema_random.models_random to the list of capture schema tables"}}
{"type":"LOG","log":{"level":"INFO","message":"INFO i.d.r.RelationalSnapshotChangeEventSource(doExecute):126 Snapshot step 3 - Locking captured tables [models_schema.models]"}}
{"type":"LOG","log":{"level":"INFO","message":"INFO i.d.r.RelationalSnapshotChangeEventSource(doExecute):132 Snapshot step 4 - Determining snapshot offset"}}
{"type":"LOG","log":{"level":"INFO","message":"INFO i.d.c.p.PostgresOffsetContext(initialContext):233 Creating initial offset context"}}
{"type":"LOG","log":{"level":"INFO","message":"INFO i.d.c.p.PostgresOffsetContext(initialContext):236 Read xlogStart at 'LSN{0/16CBC58}' from transaction '505'"}}
{"type":"LOG","log":{"level":"INFO","message":"INFO i.d.c.p.PostgresSnapshotChangeEventSource(updateOffsetForSnapshot):147 Read xlogStart at 'LSN{0/16CBC58}' from transaction '505'"}}
{"type":"LOG","log":{"level":"INFO","message":"INFO i.d.r.RelationalSnapshotChangeEventSource(doExecute):135 Snapshot step 5 - Reading structure of captured tables"}}
{"type":"LOG","log":{"level":"INFO","message":"INFO i.d.c.p.PostgresSnapshotChangeEventSource(readTableStructure):193 Reading structure of schema 'models_schema' of catalog 'db_qaookfpaht'"}}
{"type":"LOG","log":{"level":"INFO","message":"INFO i.d.r.RelationalSnapshotChangeEventSource(doExecute):139 Snapshot step 5.a - Creating connection pool"}}
{"type":"LOG","log":{"level":"INFO","message":"INFO i.d.r.RelationalSnapshotChangeEventSource(createConnectionPool):213 Created connection pool with 1 threads"}}
{"type":"LOG","log":{"level":"INFO","message":"INFO i.d.r.RelationalSnapshotChangeEventSource(doExecute):144 Snapshot step 6 - Persisting schema history"}}
{"type":"LOG","log":{"level":"INFO","message":"INFO i.d.r.RelationalSnapshotChangeEventSource(doExecute):156 Snapshot step 7 - Snapshotting data"}}
{"type":"LOG","log":{"level":"INFO","message":"INFO i.d.r.RelationalSnapshotChangeEventSource(createDataEvents):390 Creating snapshot worker pool with 1 worker thread(s)"}}
{"type":"LOG","log":{"level":"INFO","message":"INFO i.d.r.RelationalSnapshotChangeEventSource(createDataEvents):399 For table 'models_schema.models' using select statement: 'SELECT \"id\", \"make_id\", \"model\" FROM \"models_schema\".\"models\"'"}}
{"type":"LOG","log":{"level":"INFO","message":"INFO i.d.r.RelationalSnapshotChangeEventSource(doCreateDataEventsForTable):513 Exporting data from table 'models_schema.models' (1 of 1 tables)"}}
{"type":"LOG","log":{"level":"INFO","message":"INFO i.d.r.RelationalSnapshotChangeEventSource(doCreateDataEventsForTable):559 \t Finished exporting 6 records for table 'models_schema.models' (1 of 1 tables); total duration '00:00:00.011'"}}
{"type":"LOG","log":{"level":"INFO","message":"INFO i.d.p.s.AbstractSnapshotChangeEventSource(execute):88 Snapshot - Final stage"}}
{"type":"LOG","log":{"level":"INFO","message":"INFO i.d.p.s.AbstractSnapshotChangeEventSource(execute):92 Snapshot completed"}}
{"type":"LOG","log":{"level":"INFO","message":"INFO i.d.p.ChangeEventSourceCoordinator(doSnapshot):156 Snapshot ended with SnapshotResult [status=COMPLETED, offset=PostgresOffsetContext [sourceInfoSchema=Schema{io.debezium.connector.postgresql.Source:STRUCT}, sourceInfo=source_info[server='db_qaookfpaht'db='db_qaookfpaht', lsn=LSN{0/16CBC58}, txId=505, timestamp=2023-05-20T13:52:23.008566Z, snapshot=FALSE, schema=models_schema, table=models], lastSnapshotRecord=true, lastCompletelyProcessedLsn=null, lastCommitLsn=null, streamingStoppingLsn=null, transactionContext=TransactionContext [currentTransactionId=null, perTableEventCount={}, totalEventCount=0], incrementalSnapshotContext=IncrementalSnapshotContext [windowOpened=false, chunkEndPosition=null, dataCollectionsToSnapshot=[], lastEventKeySent=null, maximumKey=null]]]"}}
{"type":"LOG","log":{"level":"INFO","message":"INFO i.d.p.ChangeEventSourceCoordinator(streamingConnected):240 Connected metrics set to 'true'"}}
{"type":"LOG","log":{"level":"INFO","message":"INFO i.d.c.p.PostgresSchema(printReplicaIdentityInfo):100 REPLICA IDENTITY for 'models_schema.models' is 'DEFAULT'; UPDATE and DELETE events will contain previous values only for PK columns"}}
{"type":"LOG","log":{"level":"INFO","message":"INFO i.d.p.ChangeEventSourceCoordinator(streamEvents):173 Starting streaming"}}
{"type":"LOG","log":{"level":"INFO","message":"INFO i.d.c.p.PostgresStreamingChangeEventSource(execute):136 Retrieved latest position from stored offset 'LSN{0/16CBC58}'"}}
{"type":"LOG","log":{"level":"INFO","message":"INFO i.d.c.p.c.WalPositionLocator(<init>):48 Looking for WAL restart position for last commit LSN 'null' and last change LSN 'LSN{0/16CBC58}'"}}
{"type":"LOG","log":{"level":"INFO","message":"INFO i.d.c.p.c.PostgresReplicationConnection(initPublication):147 Initializing PgOutput logical decoder publication"}}
{"type":"LOG","log":{"level":"INFO","message":"INFO i.d.c.p.c.PostgresConnection(readReplicationSlotInfo):264 Obtained valid replication slot ReplicationSlot [active=false, latestFlushedLsn=LSN{0/16CB9D0}, catalogXmin=504]"}}
{"type":"LOG","log":{"level":"INFO","message":"INFO i.d.j.JdbcConnection(lambda$doClose$4):947 Connection gracefully closed"}}
{"type":"LOG","log":{"level":"INFO","message":"INFO i.d.u.Threads(threadFactory):270 Requested thread factory for connector PostgresConnector, id = db_qaookfpaht named = keep-alive"}}
{"type":"LOG","log":{"level":"INFO","message":"INFO i.d.u.Threads$3(newThread):287 Creating thread debezium-postgresconnector-db_qaookfpaht-keep-alive"}}
{"type":"LOG","log":{"level":"INFO","message":"INFO i.d.c.p.PostgresSchema(printReplicaIdentityInfo):100 REPLICA IDENTITY for 'models_schema.models' is 'DEFAULT'; UPDATE and DELETE events will contain previous values only for PK columns"}}
{"type":"LOG","log":{"level":"INFO","message":"INFO i.d.c.p.PostgresStreamingChangeEventSource(searchWalPosition):327 Searching for WAL resume position"}}
{"type":"LOG","log":{"level":"INFO","message":"INFO i.a.i.d.i.p.PostgresCdcTargetPosition(reachedTargetPosition):61 Signalling close because Snapshot is complete"}}
{"type":"LOG","log":{"level":"INFO","message":"INFO i.a.i.d.i.DebeziumRecordIterator(requestClose):208 Closing: Change event reached target position"}}
{"type":"LOG","log":{"level":"INFO","message":"INFO i.d.e.EmbeddedEngine(stop):1146 Stopping the embedded engine"}}
{"type":"LOG","log":{"level":"INFO","message":"INFO i.d.e.EmbeddedEngine(stop):1153 Waiting for PT5M for connector to stop"}}
{"type":"LOG","log":{"level":"INFO","message":"INFO i.d.e.EmbeddedEngine(run):944 Stopping the task and engine"}}
{"type":"LOG","log":{"level":"INFO","message":"INFO i.d.c.c.BaseSourceTask(stop):278 Stopping down connector"}}
{"type":"LOG","log":{"level":"INFO","message":"INFO i.d.c.p.PostgresStreamingChangeEventSource(searchWalPosition):348 WAL resume position 'null' discovered"}}
{"type":"LOG","log":{"level":"INFO","message":"INFO i.d.j.JdbcConnection(lambda$doClose$4):947 Connection gracefully closed"}}
{"type":"LOG","log":{"level":"INFO","message":"INFO i.d.j.JdbcConnection(lambda$doClose$4):947 Connection gracefully closed"}}
{"type":"LOG","log":{"level":"INFO","message":"INFO i.d.c.p.c.PostgresReplicationConnection(initPublication):147 Initializing PgOutput logical decoder publication"}}
{"type":"LOG","log":{"level":"INFO","message":"INFO i.d.u.Threads(threadFactory):270 Requested thread factory for connector PostgresConnector, id = db_qaookfpaht named = keep-alive"}}
{"type":"LOG","log":{"level":"INFO","message":"INFO i.d.u.Threads$3(newThread):287 Creating thread debezium-postgresconnector-db_qaookfpaht-keep-alive"}}
{"type":"LOG","log":{"level":"INFO","message":"INFO i.d.c.p.PostgresStreamingChangeEventSource(processMessages):211 Processing messages"}}
{"type":"LOG","log":{"level":"INFO","message":"INFO i.d.j.JdbcConnection(lambda$doClose$4):947 Connection gracefully closed"}}
{"type":"LOG","log":{"level":"INFO","message":"INFO i.d.j.JdbcConnection(lambda$doClose$4):947 Connection gracefully closed"}}
{"type":"LOG","log":{"level":"INFO","message":"INFO i.d.p.ChangeEventSourceCoordinator(streamEvents):175 Finished streaming"}}
{"type":"LOG","log":{"level":"INFO","message":"INFO i.d.p.ChangeEventSourceCoordinator(streamingConnected):240 Connected metrics set to 'false'"}}
{"type":"LOG","log":{"level":"INFO","message":"INFO o.a.k.c.s.FileOffsetBackingStore(stop):66 Stopped FileOffsetBackingStore"}}
{"type":"LOG","log":{"level":"INFO","message":"INFO i.a.i.d.i.DebeziumRecordPublisher(lambda$start$1):73 Debezium engine shutdown."}}
{"type":"LOG","log":{"level":"INFO","message":"INFO i.a.i.d.i.DebeziumRecordPublisher(lambda$start$1):74 Connector 'io.debezium.connector.postgresql.PostgresConnector' completed normally."}}
{"type":"LOG","log":{"level":"INFO","message":"INFO i.a.i.s.p.PostgresCdcStateHandler(saveState):37 debezium state: {\"[\\\"db_qaookfpaht\\\",{\\\"server\\\":\\\"db_qaookfpaht\\\"}]\":\"{\\\"transaction_id\\\":null,\\\"lsn\\\":23903320,\\\"txId\\\":505,\\\"ts_usec\\\":1684590743008566}\"}"}}
{"type":"LOG","log":{"level":"INFO","message":"INFO i.a.i.s.r.AbstractDbSource(lambda$read$1):173 Closing database connection pool."}}
{"type":"LOG","log":{"level":"INFO","message":"INFO c.z.h.HikariDataSource(close):350 HikariPool-38 - Shutdown initiated..."}}
{"type":"LOG","log":{"level":"INFO","message":"INFO c.z.h.HikariDataSource(close):352 HikariPool-38 - Shutdown completed."}}
{"type":"LOG","log":{"level":"INFO","message":"INFO i.a.i.s.r.AbstractDbSource(lambda$read$1):175 Closed database connection pool."}}
{"type":"LOG","log":{"level":"INFO","message":"INFO i.a.i.s.p.PostgresUtils(isCdc):53 using CDC: true"}}
{"type":"LOG","log":{"level":"INFO","message":"INFO i.a.i.s.r.s.StateManagerFactory(createStateManager):51 Global state manager selected to manage state object with type GLOBAL."}}
{"type":"LOG","log":{"level":"INFO","message":"INFO i.a.i.s.r.CdcStateManager(<init>):29 Initialized CDC state with: io.airbyte.integrations.source.relationaldb.models.CdcState@51baea92[state={\"[\\\"db_qaookfpaht\\\",{\\\"server\\\":\\\"db_qaookfpaht\\\"}]\":\"{\\\"transaction_id\\\":null,\\\"lsn\\\":23903320,\\\"txId\\\":505,\\\"ts_usec\\\":1684590743008566}\"},additionalProperties={}]"}}
{"type":"LOG","log":{"level":"INFO","message":"INFO c.z.h.HikariDataSource(<init>):80 HikariPool-39 - Starting..."}}
{"type":"LOG","log":{"level":"INFO","message":"INFO c.z.h.HikariDataSource(<init>):82 HikariPool-39 - Start completed."}}
{"type":"LOG","log":{"level":"INFO","message":"INFO i.a.i.s.p.PostgresUtils(isCdc):53 using CDC: true"}}
{"type":"LOG","log":{"level":"INFO","message":"INFO i.a.d.j.s.AdaptiveStreamingQueryConfig(initialize):31 Set initial fetch size: 10 rows"}}
{"type":"LOG","log":{"level":"INFO","message":"INFO i.a.i.s.p.PostgresCdcCatalogHelper(getPublicizedTables):119 For CDC, only tables in publication publication will be included in the sync: [models_schema.models, models_schema_random.models_random]"}}
{"type":"LOG","log":{"level":"INFO","message":"INFO i.a.i.s.j.AbstractJdbcSource(logPreSyncDebugData):450 Data source product recognized as PostgreSQL:13.11"}}
{"type":"LOG","log":{"level":"INFO","message":"INFO i.a.i.s.p.PostgresSource(logPreSyncDebugData):221 Discovering indexes for schema \"models_schema\", table \"models\""}}
{"type":"LOG","log":{"level":"INFO","message":"INFO i.a.i.s.p.PostgresSource(logPreSyncDebugData):223 Index name: models_pkey, Column: id, Unique: true"}}
{"type":"LOG","log":{"level":"INFO","message":"INFO i.a.i.s.p.PostgresQueryUtils(logXminStatus):77 Xmin Status : {Number of wraparounds: 0, Xmin Transaction Value: 20515, Xmin Raw Value: 20515"}}
{"type":"LOG","log":{"level":"INFO","message":"INFO i.a.i.s.j.AbstractJdbcSource(discoverInternal):166 Internal schemas to exclude: [catalog_history, information_schema, pg_catalog, pg_internal]"}}
{"type":"LOG","log":{"level":"INFO","message":"INFO i.a.d.j.s.AdaptiveStreamingQueryConfig(initialize):31 Set initial fetch size: 10 rows"}}
{"type":"LOG","log":{"level":"INFO","message":"INFO i.a.i.s.j.AbstractJdbcSource(discoverInternal):166 Internal schemas to exclude: [catalog_history, information_schema, pg_catalog, pg_internal]"}}
{"type":"LOG","log":{"level":"INFO","message":"INFO i.a.d.j.s.AdaptiveStreamingQueryConfig(initialize):31 Set initial fetch size: 10 rows"}}
{"type":"LOG","log":{"level":"INFO","message":"INFO i.a.i.s.p.PostgresUtils(isCdc):53 using CDC: true"}}
{"type":"LOG","log":{"level":"INFO","message":"INFO i.a.i.s.p.PostgresUtils(getFirstRecordWaitTime):111 First record waiting time: 30 seconds"}}
{"type":"LOG","log":{"level":"INFO","message":"INFO i.a.i.s.p.PostgresSource(getIncrementalIterators):369 First record waiting time: 30 seconds"}}
{"type":"LOG","log":{"level":"INFO","message":"INFO i.a.i.s.p.PostgresUtils(shouldFlushAfterSync):61 Should flush after sync: true"}}
{"type":"LOG","log":{"level":"INFO","message":"INFO o.a.k.c.c.AbstractConfig(logAll):376 StandaloneConfig values: \n\taccess.control.allow.methods = \n\taccess.control.allow.origin = \n\tadmin.listeners = null\n\tauto.include.jmx.reporter = true\n\tbootstrap.servers = [localhost:9092]\n\tclient.dns.lookup = use_all_dns_ips\n\tconfig.providers = []\n\tconnector.client.config.override.policy = All\n\theader.converter = class org.apache.kafka.connect.storage.SimpleHeaderConverter\n\tkey.converter = class org.apache.kafka.connect.json.JsonConverter\n\tlisteners = [http://:8083]\n\tmetric.reporters = []\n\tmetrics.num.samples = 2\n\tmetrics.recording.level = INFO\n\tmetrics.sample.window.ms = 30000\n\toffset.flush.interval.ms = 1000\n\toffset.flush.timeout.ms = 5000\n\toffset.storage.file.filename = /tmp/cdc-state-offset7204248830657590290/offset.dat\n\tplugin.path = null\n\tresponse.http.headers.config = \n\trest.advertised.host.name = null\n\trest.advertised.listener = null\n\trest.advertised.port = null\n\trest.extension.classes = []\n\tssl.cipher.suites = null\n\tssl.client.auth = none\n\tssl.enabled.protocols = [TLSv1.2, TLSv1.3]\n\tssl.endpoint.identification.algorithm = https\n\tssl.engine.factory.class = null\n\tssl.key.password = null\n\tssl.keymanager.algorithm = SunX509\n\tssl.keystore.certificate.chain = null\n\tssl.keystore.key = null\n\tssl.keystore.location = null\n\tssl.keystore.password = null\n\tssl.keystore.type = JKS\n\tssl.protocol = TLSv1.3\n\tssl.provider = null\n\tssl.secure.random.implementation = null\n\tssl.trustmanager.algorithm = PKIX\n\tssl.truststore.certificates = null\n\tssl.truststore.location = null\n\tssl.truststore.password = null\n\tssl.truststore.type = JKS\n\ttask.shutdown.graceful.timeout.ms = 5000\n\ttopic.creation.enable = true\n\ttopic.tracking.allow.reset = true\n\ttopic.tracking.enable = true\n\tvalue.converter = class org.apache.kafka.connect.json.JsonConverter\n"}}
{"type":"LOG","log":{"level":"WARN","message":"WARN o.a.k.c.r.WorkerConfig(logPluginPathConfigProviderWarning):379 Variables cannot be used in the 'plugin.path' property, since the property is used by plugin scanning before the config providers that replace the variables are initialized. The raw value 'null' was used for plugin scanning, as opposed to the transformed value 'null', and this may cause unexpected results."}}
{"type":"LOG","log":{"level":"INFO","message":"INFO o.a.k.c.s.FileOffsetBackingStore(start):58 Starting FileOffsetBackingStore with file /tmp/cdc-state-offset7204248830657590290/offset.dat"}}
{"type":"LOG","log":{"level":"INFO","message":"INFO o.a.k.c.c.AbstractConfig(logAll):376 JsonConverterConfig values: \n\tconverter.type = key\n\tdecimal.format = BASE64\n\tschemas.cache.size = 1000\n\tschemas.enable = false\n"}}
{"type":"LOG","log":{"level":"INFO","message":"INFO o.a.k.c.c.AbstractConfig(logAll):376 JsonConverterConfig values: \n\tconverter.type = value\n\tdecimal.format = BASE64\n\tschemas.cache.size = 1000\n\tschemas.enable = false\n"}}
{"type":"LOG","log":{"level":"INFO","message":"INFO i.a.i.d.i.p.PostgresDebeziumStateUtil(extractLsn):201 Found previous partition offset PostgresPartition [sourcePartition={server=db_qaookfpaht}]: {transaction_id=null, lsn=23903320, txId=505, ts_usec=1684590743008566}"}}
{"type":"LOG","log":{"level":"INFO","message":"INFO i.a.i.d.i.p.PostgresDebeziumStateUtil(parseSavedOffset):181 Closing offsetStorageReader and fileOffsetBackingStore"}}
{"type":"LOG","log":{"level":"INFO","message":"INFO o.a.k.c.s.FileOffsetBackingStore(stop):66 Stopped FileOffsetBackingStore"}}
{"type":"LOG","log":{"level":"INFO","message":"INFO i.a.i.s.p.PostgresSource(lambda$getReplicationSlot$4):296 Attempting to find the named replication slot using the query: HikariProxyPreparedStatement@818325520 wrapping SELECT * FROM pg_replication_slots WHERE slot_name = 'debezium_slot_db_qaookfpaht' AND plugin = 'pgoutput' AND database = 'db_qaookfpaht'"}}
{"type":"LOG","log":{"level":"INFO","message":"INFO i.a.d.j.s.AdaptiveStreamingQueryConfig(initialize):31 Set initial fetch size: 10 rows"}}
{"type":"LOG","log":{"level":"INFO","message":"INFO i.a.i.d.i.p.PostgresDebeziumStateUtil(isSavedOffsetAfterReplicationSlotLSN):62 Replication slot confirmed_flush_lsn : 23902672 Saved offset LSN : 23903320"}}
{"type":"LOG","log":{"level":"INFO","message":"INFO i.a.i.s.p.PostgresUtils(shouldFlushAfterSync):61 Should flush after sync: true"}}
{"type":"LOG","log":{"level":"INFO","message":"INFO i.a.i.d.i.p.PostgresReplicationConnection(createConnection):44 Creating a replication connection."}}
{"type":"LOG","log":{"level":"INFO","message":"INFO i.a.i.d.i.p.PostgresReplicationConnection(createConnection):47 Validating replication connection."}}
{"type":"LOG","log":{"level":"INFO","message":"INFO i.a.i.d.i.p.PostgresCdcTargetPosition(targetPosition):49 identified target lsn: PgLsn{lsn=27750072}"}}
{"type":"LOG","log":{"level":"INFO","message":"INFO i.a.i.s.p.PostgresUtils(shouldFlushAfterSync):61 Should flush after sync: true"}}
{"type":"LOG","log":{"level":"INFO","message":"INFO i.a.i.d.AirbyteDebeziumHandler(getIncrementalIterators):95 Using CDC: true"}}
{"type":"LOG","log":{"level":"INFO","message":"INFO o.a.k.c.c.AbstractConfig(logAll):376 JsonConverterConfig values: \n\tconverter.type = key\n\tdecimal.format = BASE64\n\tschemas.cache.size = 1000\n\tschemas.enable = false\n"}}
{"type":"LOG","log":{"level":"INFO","message":"INFO o.a.k.c.c.AbstractConfig(logAll):376 JsonConverterConfig values: \n\tconverter.type = value\n\tdecimal.format = BASE64\n\tschemas.cache.size = 1000\n\tschemas.enable = false\n"}}
{"type":"LOG","log":{"level":"INFO","message":"INFO o.a.k.c.c.AbstractConfig(logAll):376 EmbeddedConfig values: \n\taccess.control.allow.methods = \n\taccess.control.allow.origin = \n\tadmin.listeners = null\n\tauto.include.jmx.reporter = true\n\tbootstrap.servers = [localhost:9092]\n\tclient.dns.lookup = use_all_dns_ips\n\tconfig.providers = []\n\tconnector.client.config.override.policy = All\n\theader.converter = class org.apache.kafka.connect.storage.SimpleHeaderConverter\n\tkey.converter = class org.apache.kafka.connect.json.JsonConverter\n\tlisteners = [http://:8083]\n\tmetric.reporters = []\n\tmetrics.num.samples = 2\n\tmetrics.recording.level = INFO\n\tmetrics.sample.window.ms = 30000\n\toffset.flush.interval.ms = 1000\n\toffset.flush.timeout.ms = 5000\n\toffset.storage.file.filename = /tmp/cdc-state-offset3485066369482048015/offset.dat\n\toffset.storage.partitions = null\n\toffset.storage.replication.factor = null\n\toffset.storage.topic = \n\tplugin.path = null\n\tresponse.http.headers.config = \n\trest.advertised.host.name = null\n\trest.advertised.listener = null\n\trest.advertised.port = null\n\trest.extension.classes = []\n\tssl.cipher.suites = null\n\tssl.client.auth = none\n\tssl.enabled.protocols = [TLSv1.2, TLSv1.3]\n\tssl.endpoint.identification.algorithm = https\n\tssl.engine.factory.class = null\n\tssl.key.password = null\n\tssl.keymanager.algorithm = SunX509\n\tssl.keystore.certificate.chain = null\n\tssl.keystore.key = null\n\tssl.keystore.location = null\n\tssl.keystore.password = null\n\tssl.keystore.type = JKS\n\tssl.protocol = TLSv1.3\n\tssl.provider = null\n\tssl.secure.random.implementation = null\n\tssl.trustmanager.algorithm = PKIX\n\tssl.truststore.certificates = null\n\tssl.truststore.location = null\n\tssl.truststore.password = null\n\tssl.truststore.type = JKS\n\ttask.shutdown.graceful.timeout.ms = 5000\n\ttopic.creation.enable = true\n\ttopic.tracking.allow.reset = true\n\ttopic.tracking.enable = true\n\tvalue.converter = class org.apache.kafka.connect.json.JsonConverter\n"}}
{"type":"LOG","log":{"level":"WARN","message":"WARN o.a.k.c.r.WorkerConfig(logPluginPathConfigProviderWarning):379 Variables cannot be used in the 'plugin.path' property, since the property is used by plugin scanning before the config providers that replace the variables are initialized. The raw value 'null' was used for plugin scanning, as opposed to the transformed value 'null', and this may cause unexpected results."}}
{"type":"LOG","log":{"level":"INFO","message":"INFO o.a.k.c.c.AbstractConfig(logAll):376 JsonConverterConfig values: \n\tconverter.type = key\n\tdecimal.format = BASE64\n\tschemas.cache.size = 1000\n\tschemas.enable = false\n"}}
{"type":"LOG","log":{"level":"INFO","message":"INFO o.a.k.c.c.AbstractConfig(logAll):376 JsonConverterConfig values: \n\tconverter.type = value\n\tdecimal.format = BASE64\n\tschemas.cache.size = 1000\n\tschemas.enable = false\n"}}
{"type":"LOG","log":{"level":"WARN","message":"WARN i.d.c.p.PostgresConnectorConfig(validateFlushLsnSource):1070 Property 'flush.lsn.source' is set to 'false', the LSN will not be flushed to the database source and WAL logs will not be cleared. User is expected to handle this outside Debezium."}}
{"type":"LOG","log":{"level":"INFO","message":"INFO i.d.c.p.PostgresConnector(testConnection):154 Successfully tested connection for jdbc:postgresql://localhost:56124/db_qaookfpaht with user 'test'"}}
{"type":"LOG","log":{"level":"INFO","message":"INFO i.d.j.JdbcConnection(lambda$doClose$4):947 Connection gracefully closed"}}
{"type":"LOG","log":{"level":"INFO","message":"INFO o.a.k.c.s.FileOffsetBackingStore(start):58 Starting FileOffsetBackingStore with file /tmp/cdc-state-offset3485066369482048015/offset.dat"}}
{"type":"LOG","log":{"level":"WARN","message":"WARN i.d.c.p.PostgresConnectorConfig(validateFlushLsnSource):1070 Property 'flush.lsn.source' is set to 'false', the LSN will not be flushed to the database source and WAL logs will not be cleared. User is expected to handle this outside Debezium."}}
{"type":"LOG","log":{"level":"INFO","message":"INFO i.d.c.c.BaseSourceTask(start):124 Starting PostgresConnectorTask with configuration:"}}
{"type":"LOG","log":{"level":"INFO","message":"INFO i.d.c.c.BaseSourceTask(lambda$start$0):126    connector.class = io.debezium.connector.postgresql.PostgresConnector"}}
{"type":"LOG","log":{"level":"INFO","message":"INFO i.d.c.c.BaseSourceTask(lambda$start$0):126    max.queue.size = 8192"}}
{"type":"LOG","log":{"level":"INFO","message":"INFO i.d.c.c.BaseSourceTask(lambda$start$0):126    slot.name = debezium_slot_db_qaookfpaht"}}
{"type":"LOG","log":{"level":"INFO","message":"INFO i.d.c.c.BaseSourceTask(lambda$start$0):126    publication.name = publication"}}
{"type":"LOG","log":{"level":"INFO","message":"INFO i.d.c.c.BaseSourceTask(lambda$start$0):126    topic.prefix = db_qaookfpaht"}}
{"type":"LOG","log":{"level":"INFO","message":"INFO i.d.c.c.BaseSourceTask(lambda$start$0):126    offset.storage.file.filename = /tmp/cdc-state-offset3485066369482048015/offset.dat"}}
{"type":"LOG","log":{"level":"INFO","message":"INFO i.d.c.c.BaseSourceTask(lambda$start$0):126    decimal.handling.mode = string"}}
{"type":"LOG","log":{"level":"INFO","message":"INFO i.d.c.c.BaseSourceTask(lambda$start$0):126    flush.lsn.source = false"}}
{"type":"LOG","log":{"level":"INFO","message":"INFO i.d.c.c.BaseSourceTask(lambda$start$0):126    converters = datetime"}}
{"type":"LOG","log":{"level":"INFO","message":"INFO i.d.c.c.BaseSourceTask(lambda$start$0):126    errors.retry.delay.initial.ms = 299"}}
{"type":"LOG","log":{"level":"INFO","message":"INFO i.d.c.c.BaseSourceTask(lambda$start$0):126    datetime.type = io.airbyte.integrations.debezium.internals.postgres.PostgresConverter"}}
{"type":"LOG","log":{"level":"INFO","message":"INFO i.d.c.c.BaseSourceTask(lambda$start$0):126    value.converter = org.apache.kafka.connect.json.JsonConverter"}}
{"type":"LOG","log":{"level":"INFO","message":"INFO i.d.c.c.BaseSourceTask(lambda$start$0):126    key.converter = org.apache.kafka.connect.json.JsonConverter"}}
{"type":"LOG","log":{"level":"INFO","message":"INFO i.d.c.c.BaseSourceTask(lambda$start$0):126    publication.autocreate.mode = disabled"}}
{"type":"LOG","log":{"level":"INFO","message":"INFO i.d.c.c.BaseSourceTask(lambda$start$0):126    database.user = test"}}
{"type":"LOG","log":{"level":"INFO","message":"INFO i.d.c.c.BaseSourceTask(lambda$start$0):126    database.dbname = db_qaookfpaht"}}
{"type":"LOG","log":{"level":"INFO","message":"INFO i.d.c.c.BaseSourceTask(lambda$start$0):126    offset.storage = org.apache.kafka.connect.storage.FileOffsetBackingStore"}}
{"type":"LOG","log":{"level":"INFO","message":"INFO i.d.c.c.BaseSourceTask(lambda$start$0):126    errors.retry.delay.max.ms = 300"}}
{"type":"LOG","log":{"level":"INFO","message":"INFO i.d.c.c.BaseSourceTask(lambda$start$0):126    offset.flush.timeout.ms = 5000"}}
{"type":"LOG","log":{"level":"INFO","message":"INFO i.d.c.c.BaseSourceTask(lambda$start$0):126    heartbeat.interval.ms = 10000"}}
{"type":"LOG","log":{"level":"INFO","message":"INFO i.d.c.c.BaseSourceTask(lambda$start$0):126    column.include.list = \\Qmodels_schema.models\\E\\.(\\Qmodel\\E|\\Qid\\E|\\Qmake_id\\E)"}}
{"type":"LOG","log":{"level":"INFO","message":"INFO i.d.c.c.BaseSourceTask(lambda$start$0):126    plugin.name = pgoutput"}}
{"type":"LOG","log":{"level":"INFO","message":"INFO i.d.c.c.BaseSourceTask(lambda$start$0):126    database.port = 56124"}}
{"type":"LOG","log":{"level":"INFO","message":"INFO i.d.c.c.BaseSourceTask(lambda$start$0):126    offset.flush.interval.ms = 1000"}}
{"type":"LOG","log":{"level":"INFO","message":"INFO i.d.c.c.BaseSourceTask(lambda$start$0):126    key.converter.schemas.enable = false"}}
{"type":"LOG","log":{"level":"INFO","message":"INFO i.d.c.c.BaseSourceTask(lambda$start$0):126    include.unknown.datatypes = true"}}
{"type":"LOG","log":{"level":"INFO","message":"INFO i.d.c.c.BaseSourceTask(lambda$start$0):126    errors.max.retries = 10"}}
{"type":"LOG","log":{"level":"INFO","message":"INFO i.d.c.c.BaseSourceTask(lambda$start$0):126    database.hostname = localhost"}}
{"type":"LOG","log":{"level":"INFO","message":"INFO i.d.c.c.BaseSourceTask(lambda$start$0):126    database.password = ********"}}
{"type":"LOG","log":{"level":"INFO","message":"INFO i.d.c.c.BaseSourceTask(lambda$start$0):126    value.converter.schemas.enable = false"}}
{"type":"LOG","log":{"level":"INFO","message":"INFO i.d.c.c.BaseSourceTask(lambda$start$0):126    name = db_qaookfpaht"}}
{"type":"LOG","log":{"level":"INFO","message":"INFO i.d.c.c.BaseSourceTask(lambda$start$0):126    max.batch.size = 2048"}}
{"type":"LOG","log":{"level":"INFO","message":"INFO i.d.c.c.BaseSourceTask(lambda$start$0):126    table.include.list = \\Qmodels_schema.models\\E"}}
{"type":"LOG","log":{"level":"INFO","message":"INFO i.d.c.c.BaseSourceTask(lambda$start$0):126    snapshot.mode = initial"}}
{"type":"LOG","log":{"level":"INFO","message":"INFO i.d.c.c.BaseSourceTask(startIfNeededAndPossible):243 Attempting to start task"}}
{"type":"LOG","log":{"level":"INFO","message":"INFO i.d.c.CommonConnectorConfig(getTopicNamingStrategy):849 Loading the custom topic naming strategy plugin: io.debezium.schema.SchemaTopicNamingStrategy"}}
{"type":"LOG","log":{"level":"INFO","message":"INFO i.d.j.JdbcConnection(lambda$doClose$4):947 Connection gracefully closed"}}
{"type":"LOG","log":{"level":"INFO","message":"INFO i.d.c.c.BaseSourceTask(getPreviousOffsets):370 Found previous partition offset PostgresPartition [sourcePartition={server=db_qaookfpaht}]: {transaction_id=null, lsn=23903320, txId=505, ts_usec=1684590743008566}"}}
{"type":"LOG","log":{"level":"INFO","message":"INFO i.d.c.p.PostgresConnectorTask(start):113 user 'test' connected to database 'db_qaookfpaht' on PostgreSQL 13.11 on x86_64-pc-linux-musl, compiled by gcc (Alpine 12.2.1_git20220924-r10) 12.2.1 20220924, 64-bit with roles:\n\trole 'pg_read_all_settings' [superuser: false, replication: false, inherit: true, create role: false, create db: false, can log in: false]\n\trole 'pg_stat_scan_tables' [superuser: false, replication: false, inherit: true, create role: false, create db: false, can log in: false]\n\trole 'pg_write_server_files' [superuser: false, replication: false, inherit: true, create role: false, create db: false, can log in: false]\n\trole 'test' [superuser: true, replication: true, inherit: true, create role: true, create db: true, can log in: true]\n\trole 'pg_monitor' [superuser: false, replication: false, inherit: true, create role: false, create db: false, can log in: false]\n\trole 'pg_read_server_files' [superuser: false, replication: false, inherit: true, create role: false, create db: false, can log in: false]\n\trole 'pg_execute_server_program' [superuser: false, replication: false, inherit: true, create role: false, create db: false, can log in: false]\n\trole 'pg_read_all_stats' [superuser: false, replication: false, inherit: true, create role: false, create db: false, can log in: false]\n\trole 'pg_signal_backend' [superuser: false, replication: false, inherit: true, create role: false, create db: false, can log in: false]"}}
{"type":"LOG","log":{"level":"INFO","message":"INFO i.d.c.p.c.PostgresConnection(readReplicationSlotInfo):264 Obtained valid replication slot ReplicationSlot [active=false, latestFlushedLsn=LSN{0/16CBC58}, catalogXmin=504]"}}
{"type":"LOG","log":{"level":"INFO","message":"INFO i.d.c.p.PostgresConnectorTask(start):127 Found previous offset PostgresOffsetContext [sourceInfoSchema=Schema{io.debezium.connector.postgresql.Source:STRUCT}, sourceInfo=source_info[server='db_qaookfpaht'db='db_qaookfpaht', lsn=LSN{0/16CBC58}, txId=505, timestamp=2023-05-20T13:52:23.008566Z, snapshot=FALSE, schema=, table=], lastSnapshotRecord=false, lastCompletelyProcessedLsn=null, lastCommitLsn=null, streamingStoppingLsn=null, transactionContext=TransactionContext [currentTransactionId=null, perTableEventCount={}, totalEventCount=0], incrementalSnapshotContext=IncrementalSnapshotContext [windowOpened=false, chunkEndPosition=null, dataCollectionsToSnapshot=[], lastEventKeySent=null, maximumKey=null]]"}}
{"type":"LOG","log":{"level":"INFO","message":"INFO i.d.u.Threads(threadFactory):270 Requested thread factory for connector PostgresConnector, id = db_qaookfpaht named = change-event-source-coordinator"}}
{"type":"LOG","log":{"level":"INFO","message":"INFO i.d.u.Threads$3(newThread):287 Creating thread debezium-postgresconnector-db_qaookfpaht-change-event-source-coordinator"}}
{"type":"LOG","log":{"level":"INFO","message":"INFO i.d.c.c.BaseSourceTask(startIfNeededAndPossible):245 Successfully started task"}}
{"type":"LOG","log":{"level":"INFO","message":"INFO i.d.p.ChangeEventSourceCoordinator(lambda$start$0):103 Metrics registered"}}
{"type":"LOG","log":{"level":"INFO","message":"INFO i.d.p.ChangeEventSourceCoordinator(lambda$start$0):106 Context created"}}
{"type":"LOG","log":{"level":"INFO","message":"INFO i.d.c.p.s.InitialSnapshotter(shouldSnapshot):42 Previous snapshot has completed successfully, streaming logical changes from last known position"}}
{"type":"LOG","log":{"level":"INFO","message":"INFO i.d.c.p.PostgresSnapshotChangeEventSource(getSnapshottingTask):68 According to the connector configuration no snapshot will be executed"}}
{"type":"LOG","log":{"level":"INFO","message":"INFO i.d.p.ChangeEventSourceCoordinator(doSnapshot):156 Snapshot ended with SnapshotResult [status=SKIPPED, offset=PostgresOffsetContext [sourceInfoSchema=Schema{io.debezium.connector.postgresql.Source:STRUCT}, sourceInfo=source_info[server='db_qaookfpaht'db='db_qaookfpaht', lsn=LSN{0/16CBC58}, txId=505, timestamp=2023-05-20T13:52:23.008566Z, snapshot=FALSE, schema=, table=], lastSnapshotRecord=false, lastCompletelyProcessedLsn=null, lastCommitLsn=null, streamingStoppingLsn=null, transactionContext=TransactionContext [currentTransactionId=null, perTableEventCount={}, totalEventCount=0], incrementalSnapshotContext=IncrementalSnapshotContext [windowOpened=false, chunkEndPosition=null, dataCollectionsToSnapshot=[], lastEventKeySent=null, maximumKey=null]]]"}}
{"type":"LOG","log":{"level":"INFO","message":"INFO i.d.p.ChangeEventSourceCoordinator(streamingConnected):240 Connected metrics set to 'true'"}}
{"type":"LOG","log":{"level":"INFO","message":"INFO i.d.c.p.PostgresSchema(printReplicaIdentityInfo):100 REPLICA IDENTITY for 'models_schema.models' is 'DEFAULT'; UPDATE and DELETE events will contain previous values only for PK columns"}}
{"type":"LOG","log":{"level":"INFO","message":"INFO i.d.p.ChangeEventSourceCoordinator(streamEvents):173 Starting streaming"}}
{"type":"LOG","log":{"level":"INFO","message":"INFO i.d.c.p.PostgresStreamingChangeEventSource(execute):136 Retrieved latest position from stored offset 'LSN{0/16CBC58}'"}}
{"type":"LOG","log":{"level":"INFO","message":"INFO i.d.c.p.c.WalPositionLocator(<init>):48 Looking for WAL restart position for last commit LSN 'null' and last change LSN 'LSN{0/16CBC58}'"}}
{"type":"LOG","log":{"level":"INFO","message":"INFO i.d.c.p.c.PostgresReplicationConnection(initPublication):147 Initializing PgOutput logical decoder publication"}}
{"type":"LOG","log":{"level":"INFO","message":"INFO i.d.c.p.c.PostgresConnection(readReplicationSlotInfo):264 Obtained valid replication slot ReplicationSlot [active=false, latestFlushedLsn=LSN{0/16CBC58}, catalogXmin=504]"}}
{"type":"LOG","log":{"level":"INFO","message":"INFO i.d.j.JdbcConnection(lambda$doClose$4):947 Connection gracefully closed"}}
{"type":"LOG","log":{"level":"INFO","message":"INFO i.d.u.Threads(threadFactory):270 Requested thread factory for connector PostgresConnector, id = db_qaookfpaht named = keep-alive"}}
{"type":"LOG","log":{"level":"INFO","message":"INFO i.d.u.Threads$3(newThread):287 Creating thread debezium-postgresconnector-db_qaookfpaht-keep-alive"}}
{"type":"LOG","log":{"level":"INFO","message":"INFO i.d.c.p.PostgresSchema(printReplicaIdentityInfo):100 REPLICA IDENTITY for 'models_schema.models' is 'DEFAULT'; UPDATE and DELETE events will contain previous values only for PK columns"}}
{"type":"LOG","log":{"level":"INFO","message":"INFO i.d.c.p.PostgresStreamingChangeEventSource(searchWalPosition):327 Searching for WAL resume position"}}
{"type":"LOG","log":{"level":"INFO","message":"INFO i.d.c.p.c.WalPositionLocator(resumeFromLsn):71 First LSN 'LSN{0/16CBC80}' received"}}
{"type":"LOG","log":{"level":"INFO","message":"INFO i.d.c.p.PostgresStreamingChangeEventSource(searchWalPosition):348 WAL resume position 'LSN{0/16CBC80}' discovered"}}
{"type":"LOG","log":{"level":"INFO","message":"INFO i.d.j.JdbcConnection(lambda$doClose$4):947 Connection gracefully closed"}}
{"type":"LOG","log":{"level":"INFO","message":"INFO i.d.j.JdbcConnection(lambda$doClose$4):947 Connection gracefully closed"}}
{"type":"LOG","log":{"level":"INFO","message":"INFO i.d.c.p.c.PostgresReplicationConnection(initPublication):147 Initializing PgOutput logical decoder publication"}}
{"type":"LOG","log":{"level":"WARN","message":"WARN i.d.c.p.c.PostgresReplicationConnection(startStreaming):346 Failed to start replication stream at LSN{0/16CBC58}, waiting for PT10S ms and retrying, attempt number 1 over 6"}}
{"type":"LOG","log":{"level":"INFO","message":"INFO i.d.u.Threads(threadFactory):270 Requested thread factory for connector PostgresConnector, id = db_qaookfpaht named = keep-alive"}}
{"type":"LOG","log":{"level":"INFO","message":"INFO i.d.u.Threads$3(newThread):287 Creating thread debezium-postgresconnector-db_qaookfpaht-keep-alive"}}
{"type":"LOG","log":{"level":"INFO","message":"INFO i.d.c.p.PostgresStreamingChangeEventSource(processMessages):211 Processing messages"}}
{"type":"LOG","log":{"level":"INFO","message":"INFO i.d.c.p.c.WalPositionLocator(skipMessage):152 Message with LSN 'LSN{0/16CBC80}' arrived, switching off the filtering"}}
{"type":"LOG","log":{"level":"INFO","message":"INFO i.d.c.c.BaseSourceTask(logStatistics):195 96 records sent during previous 00:00:10.686, last recorded offset of {server=db_qaookfpaht} partition is {transaction_id=null, lsn_proc=23920784, messageType=INSERT, lsn_commit=23920784, lsn=23920784, txId=600, ts_usec=1684590756794090}"}}
{"type":"LOG","log":{"level":"INFO","message":"INFO i.a.i.d.i.DebeziumStateDecoratingIterator(computeNext):135 Sending CDC checkpoint state message."}}
{"type":"LOG","log":{"level":"INFO","message":"INFO i.a.i.s.p.PostgresCdcStateHandler(saveState):37 debezium state: {\"[\\\"db_qaookfpaht\\\",{\\\"server\\\":\\\"db_qaookfpaht\\\"}]\":\"{\\\"transaction_id\\\":null,\\\"lsn_proc\\\":23920784,\\\"messageType\\\":\\\"INSERT\\\",\\\"lsn_commit\\\":23920784,\\\"lsn\\\":23920784,\\\"txId\\\":600,\\\"ts_usec\\\":1684590756794090}\"}"}}
{"type":"LOG","log":{"level":"INFO","message":"INFO i.a.i.d.i.DebeziumStateDecoratingIterator(computeNext):135 Sending CDC checkpoint state message."}}
{"type":"LOG","log":{"level":"INFO","message":"INFO i.a.i.s.p.PostgresCdcStateHandler(saveState):37 debezium state: {\"[\\\"db_qaookfpaht\\\",{\\\"server\\\":\\\"db_qaookfpaht\\\"}]\":\"{\\\"transaction_id\\\":null,\\\"lsn_proc\\\":24164240,\\\"messageType\\\":\\\"INSERT\\\",\\\"lsn_commit\\\":24164240,\\\"lsn\\\":24164240,\\\"txId\\\":1906,\\\"ts_usec\\\":1684590800053759}\"}"}}
{"type":"LOG","log":{"level":"INFO","message":"INFO i.a.i.d.i.DebeziumStateDecoratingIterator(computeNext):135 Sending CDC checkpoint state message."}}
{"type":"LOG","log":{"level":"INFO","message":"INFO i.a.i.s.p.PostgresCdcStateHandler(saveState):37 debezium state: {\"[\\\"db_qaookfpaht\\\",{\\\"server\\\":\\\"db_qaookfpaht\\\"}]\":\"{\\\"transaction_id\\\":null,\\\"lsn_proc\\\":24316048,\\\"messageType\\\":\\\"INSERT\\\",\\\"lsn_commit\\\":24316048,\\\"lsn\\\":24316048,\\\"txId\\\":2720,\\\"ts_usec\\\":1684590828477975}\"}"}}
{"type":"LOG","log":{"level":"INFO","message":"INFO i.a.i.d.i.DebeziumStateDecoratingIterator(computeNext):135 Sending CDC checkpoint state message."}}
{"type":"LOG","log":{"level":"INFO","message":"INFO i.a.i.s.p.PostgresCdcStateHandler(saveState):37 debezium state: {\"[\\\"db_qaookfpaht\\\",{\\\"server\\\":\\\"db_qaookfpaht\\\"}]\":\"{\\\"transaction_id\\\":null,\\\"lsn_proc\\\":24473640,\\\"messageType\\\":\\\"INSERT\\\",\\\"lsn_commit\\\":24473640,\\\"lsn\\\":24473640,\\\"txId\\\":3561,\\\"ts_usec\\\":1684590859018881}\"}"}}
{"type":"LOG","log":{"level":"INFO","message":"INFO i.a.i.d.i.DebeziumStateDecoratingIterator(computeNext):135 Sending CDC checkpoint state message."}}
{"type":"LOG","log":{"level":"INFO","message":"INFO i.a.i.s.p.PostgresCdcStateHandler(saveState):37 debezium state: {\"[\\\"db_qaookfpaht\\\",{\\\"server\\\":\\\"db_qaookfpaht\\\"}]\":\"{\\\"transaction_id\\\":null,\\\"lsn_proc\\\":24484152,\\\"messageType\\\":\\\"INSERT\\\",\\\"lsn_commit\\\":24484152,\\\"lsn\\\":24484152,\\\"txId\\\":3618,\\\"ts_usec\\\":1684590861308473}\"}"}}
{"type":"LOG","log":{"level":"INFO","message":"INFO i.a.i.d.i.DebeziumStateDecoratingIterator(computeNext):135 Sending CDC checkpoint state message."}}
{"type":"LOG","log":{"level":"INFO","message":"INFO i.a.i.s.p.PostgresCdcStateHandler(saveState):37 debezium state: {\"[\\\"db_qaookfpaht\\\",{\\\"server\\\":\\\"db_qaookfpaht\\\"}]\":\"{\\\"transaction_id\\\":null,\\\"lsn_proc\\\":24730720,\\\"messageType\\\":\\\"INSERT\\\",\\\"lsn_commit\\\":24730720,\\\"lsn\\\":24730720,\\\"txId\\\":4756,\\\"ts_usec\\\":1684590903517456}\"}"}}
{"type":"LOG","log":{"level":"INFO","message":"INFO i.a.i.d.i.DebeziumStateDecoratingIterator(computeNext):135 Sending CDC checkpoint state message."}}
{"type":"LOG","log":{"level":"INFO","message":"INFO i.a.i.s.p.PostgresCdcStateHandler(saveState):37 debezium state: {\"[\\\"db_qaookfpaht\\\",{\\\"server\\\":\\\"db_qaookfpaht\\\"}]\":\"{\\\"transaction_id\\\":null,\\\"lsn_proc\\\":24927256,\\\"messageType\\\":\\\"INSERT\\\",\\\"lsn_commit\\\":24927256,\\\"lsn\\\":24927256,\\\"txId\\\":5808,\\\"ts_usec\\\":1684590940533296}\"}"}}
{"type":"LOG","log":{"level":"INFO","message":"INFO i.a.i.d.i.DebeziumStateDecoratingIterator(computeNext):135 Sending CDC checkpoint state message."}}
{"type":"LOG","log":{"level":"INFO","message":"INFO i.a.i.s.p.PostgresCdcStateHandler(saveState):37 debezium state: {\"[\\\"db_qaookfpaht\\\",{\\\"server\\\":\\\"db_qaookfpaht\\\"}]\":\"{\\\"transaction_id\\\":null,\\\"lsn_proc\\\":25109760,\\\"messageType\\\":\\\"INSERT\\\",\\\"lsn_commit\\\":25109760,\\\"lsn\\\":25109760,\\\"txId\\\":6765,\\\"ts_usec\\\":1684590974099949}\"}"}}
{"type":"LOG","log":{"level":"INFO","message":"INFO i.d.c.c.BaseSourceTask(logStatistics):195 7835 records sent during previous 00:00:04.741, last recorded offset of {server=db_qaookfpaht} partition is {transaction_id=null, lsn_proc=25426664, messageType=INSERT, lsn_commit=25426664, lsn=25426664, txId=8438, ts_usec=1684591035002907}"}}
{"type":"LOG","log":{"level":"INFO","message":"INFO i.a.i.d.i.DebeziumStateDecoratingIterator(computeNext):135 Sending CDC checkpoint state message."}}
{"type":"LOG","log":{"level":"INFO","message":"INFO i.a.i.s.p.PostgresCdcStateHandler(saveState):37 debezium state: {\"[\\\"db_qaookfpaht\\\",{\\\"server\\\":\\\"db_qaookfpaht\\\"}]\":\"{\\\"transaction_id\\\":null,\\\"lsn_proc\\\":25292168,\\\"messageType\\\":\\\"INSERT\\\",\\\"lsn_commit\\\":25292168,\\\"lsn\\\":25292168,\\\"txId\\\":7718,\\\"ts_usec\\\":1684591009168356}\"}"}}
{"type":"LOG","log":{"level":"INFO","message":"INFO i.a.i.d.i.DebeziumStateDecoratingIterator(computeNext):135 Sending CDC checkpoint state message."}}
{"type":"LOG","log":{"level":"INFO","message":"INFO i.a.i.s.p.PostgresCdcStateHandler(saveState):37 debezium state: {\"[\\\"db_qaookfpaht\\\",{\\\"server\\\":\\\"db_qaookfpaht\\\"}]\":\"{\\\"transaction_id\\\":null,\\\"lsn_proc\\\":25426664,\\\"messageType\\\":\\\"INSERT\\\",\\\"lsn_commit\\\":25426664,\\\"lsn\\\":25426664,\\\"txId\\\":8438,\\\"ts_usec\\\":1684591035002907}\"}"}}
{"type":"LOG","log":{"level":"INFO","message":"INFO i.a.i.d.i.DebeziumStateDecoratingIterator(computeNext):135 Sending CDC checkpoint state message."}}
{"type":"LOG","log":{"level":"INFO","message":"INFO i.a.i.s.p.PostgresCdcStateHandler(saveState):37 debezium state: {\"[\\\"db_qaookfpaht\\\",{\\\"server\\\":\\\"db_qaookfpaht\\\"}]\":\"{\\\"transaction_id\\\":null,\\\"lsn_proc\\\":25569000,\\\"messageType\\\":\\\"INSERT\\\",\\\"lsn_commit\\\":25569000,\\\"lsn\\\":25569000,\\\"txId\\\":9148,\\\"ts_usec\\\":1684591060373970}\"}"}}
{"type":"LOG","log":{"level":"INFO","message":"INFO i.a.i.d.i.DebeziumStateDecoratingIterator(computeNext):135 Sending CDC checkpoint state message."}}
{"type":"LOG","log":{"level":"INFO","message":"INFO i.a.i.s.p.PostgresCdcStateHandler(saveState):37 debezium state: {\"[\\\"db_qaookfpaht\\\",{\\\"server\\\":\\\"db_qaookfpaht\\\"}]\":\"{\\\"transaction_id\\\":null,\\\"lsn_proc\\\":25586216,\\\"messageType\\\":\\\"INSERT\\\",\\\"lsn_commit\\\":25586216,\\\"lsn\\\":25586216,\\\"txId\\\":9199,\\\"ts_usec\\\":1684591061860151}\"}"}}
{"type":"LOG","log":{"level":"WARN","message":"WARN i.a.i.d.i.DebeziumStateDecoratingIterator(computeNext):158 Offset file is being written by Debezium. Skipping CDC checkpoint in this loop."}}
{"type":"LOG","log":{"level":"INFO","message":"INFO i.a.i.d.i.DebeziumStateDecoratingIterator(computeNext):135 Sending CDC checkpoint state message."}}
{"type":"LOG","log":{"level":"INFO","message":"INFO i.a.i.s.p.PostgresCdcStateHandler(saveState):37 debezium state: {\"[\\\"db_qaookfpaht\\\",{\\\"server\\\":\\\"db_qaookfpaht\\\"}]\":\"{\\\"transaction_id\\\":null,\\\"lsn_proc\\\":25793264,\\\"messageType\\\":\\\"INSERT\\\",\\\"lsn_commit\\\":25793264,\\\"lsn\\\":25793264,\\\"txId\\\":10308,\\\"ts_usec\\\":1684591100326936}\"}"}}
{"type":"LOG","log":{"level":"INFO","message":"INFO i.a.i.d.i.DebeziumStateDecoratingIterator(computeNext):135 Sending CDC checkpoint state message."}}
{"type":"LOG","log":{"level":"INFO","message":"INFO i.a.i.s.p.PostgresCdcStateHandler(saveState):37 debezium state: {\"[\\\"db_qaookfpaht\\\",{\\\"server\\\":\\\"db_qaookfpaht\\\"}]\":\"{\\\"transaction_id\\\":null,\\\"lsn_proc\\\":25964480,\\\"messageType\\\":\\\"INSERT\\\",\\\"lsn_commit\\\":25964480,\\\"lsn\\\":25964480,\\\"txId\\\":11160,\\\"ts_usec\\\":1684591135101788}\"}"}}
{"type":"LOG","log":{"level":"INFO","message":"INFO i.a.i.d.i.DebeziumStateDecoratingIterator(computeNext):135 Sending CDC checkpoint state message."}}
{"type":"LOG","log":{"level":"INFO","message":"INFO i.a.i.s.p.PostgresCdcStateHandler(saveState):37 debezium state: {\"[\\\"db_qaookfpaht\\\",{\\\"server\\\":\\\"db_qaookfpaht\\\"}]\":\"{\\\"transaction_id\\\":null,\\\"lsn_proc\\\":26117288,\\\"messageType\\\":\\\"INSERT\\\",\\\"lsn_commit\\\":26117288,\\\"lsn\\\":26117288,\\\"txId\\\":11975,\\\"ts_usec\\\":1684591166567534}\"}"}}
{"type":"LOG","log":{"level":"INFO","message":"INFO i.a.i.d.i.DebeziumStateDecoratingIterator(computeNext):135 Sending CDC checkpoint state message."}}
{"type":"LOG","log":{"level":"INFO","message":"INFO i.a.i.s.p.PostgresCdcStateHandler(saveState):37 debezium state: {\"[\\\"db_qaookfpaht\\\",{\\\"server\\\":\\\"db_qaookfpaht\\\"}]\":\"{\\\"transaction_id\\\":null,\\\"lsn_proc\\\":26287840,\\\"messageType\\\":\\\"INSERT\\\",\\\"lsn_commit\\\":26287840,\\\"lsn\\\":26287840,\\\"txId\\\":12867,\\\"ts_usec\\\":1684591198497248}\"}"}}
{"type":"LOG","log":{"level":"INFO","message":"INFO i.a.i.d.i.DebeziumStateDecoratingIterator(computeNext):135 Sending CDC checkpoint state message."}}
{"type":"LOG","log":{"level":"INFO","message":"INFO i.a.i.s.p.PostgresCdcStateHandler(saveState):37 debezium state: {\"[\\\"db_qaookfpaht\\\",{\\\"server\\\":\\\"db_qaookfpaht\\\"}]\":\"{\\\"transaction_id\\\":null,\\\"lsn_proc\\\":26310728,\\\"messageType\\\":\\\"INSERT\\\",\\\"lsn_commit\\\":26310728,\\\"lsn\\\":26310728,\\\"txId\\\":12991,\\\"ts_usec\\\":1684591202834079}\"}"}}
{"type":"LOG","log":{"level":"INFO","message":"INFO i.a.i.d.i.DebeziumStateDecoratingIterator(computeNext):135 Sending CDC checkpoint state message."}}
{"type":"LOG","log":{"level":"INFO","message":"INFO i.a.i.s.p.PostgresCdcStateHandler(saveState):37 debezium state: {\"[\\\"db_qaookfpaht\\\",{\\\"server\\\":\\\"db_qaookfpaht\\\"}]\":\"{\\\"transaction_id\\\":null,\\\"lsn_proc\\\":26497120,\\\"messageType\\\":\\\"INSERT\\\",\\\"lsn_commit\\\":26497120,\\\"lsn\\\":26497120,\\\"txId\\\":13988,\\\"ts_usec\\\":1684591237894299}\"}"}}
{"type":"LOG","log":{"level":"INFO","message":"INFO i.a.i.d.i.DebeziumStateDecoratingIterator(computeNext):135 Sending CDC checkpoint state message."}}
{"type":"LOG","log":{"level":"INFO","message":"INFO i.a.i.s.p.PostgresCdcStateHandler(saveState):37 debezium state: {\"[\\\"db_qaookfpaht\\\",{\\\"server\\\":\\\"db_qaookfpaht\\\"}]\":\"{\\\"transaction_id\\\":null,\\\"lsn_proc\\\":26636720,\\\"messageType\\\":\\\"INSERT\\\",\\\"lsn_commit\\\":26636720,\\\"lsn\\\":26636720,\\\"txId\\\":14721,\\\"ts_usec\\\":1684591265453248}\"}"}}
{"type":"LOG","log":{"level":"INFO","message":"INFO i.a.i.d.i.DebeziumStateDecoratingIterator(computeNext):135 Sending CDC checkpoint state message."}}
{"type":"LOG","log":{"level":"INFO","message":"INFO i.a.i.s.p.PostgresCdcStateHandler(saveState):37 debezium state: {\"[\\\"db_qaookfpaht\\\",{\\\"server\\\":\\\"db_qaookfpaht\\\"}]\":\"{\\\"transaction_id\\\":null,\\\"lsn_proc\\\":26804664,\\\"messageType\\\":\\\"INSERT\\\",\\\"lsn_commit\\\":26804664,\\\"lsn\\\":26804664,\\\"txId\\\":15618,\\\"ts_usec\\\":1684591297461127}\"}"}}
{"type":"LOG","log":{"level":"INFO","message":"INFO i.a.i.d.i.DebeziumStateDecoratingIterator(computeNext):135 Sending CDC checkpoint state message."}}
{"type":"LOG","log":{"level":"INFO","message":"INFO i.a.i.s.p.PostgresCdcStateHandler(saveState):37 debezium state: {\"[\\\"db_qaookfpaht\\\",{\\\"server\\\":\\\"db_qaookfpaht\\\"}]\":\"{\\\"transaction_id\\\":null,\\\"lsn_proc\\\":26958576,\\\"messageType\\\":\\\"INSERT\\\",\\\"lsn_commit\\\":26958576,\\\"lsn\\\":26958576,\\\"txId\\\":16418,\\\"ts_usec\\\":1684591324343199}\"}"}}
{"type":"LOG","log":{"level":"INFO","message":"INFO i.a.i.d.i.DebeziumStateDecoratingIterator(computeNext):135 Sending CDC checkpoint state message."}}
{"type":"LOG","log":{"level":"INFO","message":"INFO i.a.i.s.p.PostgresCdcStateHandler(saveState):37 debezium state: {\"[\\\"db_qaookfpaht\\\",{\\\"server\\\":\\\"db_qaookfpaht\\\"}]\":\"{\\\"transaction_id\\\":null,\\\"lsn_proc\\\":27125800,\\\"messageType\\\":\\\"INSERT\\\",\\\"lsn_commit\\\":27125800,\\\"lsn\\\":27125800,\\\"txId\\\":17236,\\\"ts_usec\\\":1684591351098874}\"}"}}
{"type":"LOG","log":{"level":"INFO","message":"INFO i.a.i.d.i.DebeziumStateDecoratingIterator(computeNext):135 Sending CDC checkpoint state message."}}
{"type":"LOG","log":{"level":"INFO","message":"INFO i.a.i.s.p.PostgresCdcStateHandler(saveState):37 debezium state: {\"[\\\"db_qaookfpaht\\\",{\\\"server\\\":\\\"db_qaookfpaht\\\"}]\":\"{\\\"transaction_id\\\":null,\\\"lsn_proc\\\":27261632,\\\"messageType\\\":\\\"INSERT\\\",\\\"lsn_commit\\\":27261632,\\\"lsn\\\":27261632,\\\"txId\\\":17899,\\\"ts_usec\\\":1684591376058315}\"}"}}
{"type":"LOG","log":{"level":"INFO","message":"INFO i.a.i.d.i.DebeziumStateDecoratingIterator(computeNext):135 Sending CDC checkpoint state message."}}
{"type":"LOG","log":{"level":"INFO","message":"INFO i.a.i.s.p.PostgresCdcStateHandler(saveState):37 debezium state: {\"[\\\"db_qaookfpaht\\\",{\\\"server\\\":\\\"db_qaookfpaht\\\"}]\":\"{\\\"transaction_id\\\":null,\\\"lsn_proc\\\":27364696,\\\"messageType\\\":\\\"INSERT\\\",\\\"lsn_commit\\\":27364696,\\\"lsn\\\":27364696,\\\"txId\\\":18453,\\\"ts_usec\\\":1684591397272764}\"}"}}
{"type":"LOG","log":{"level":"INFO","message":"INFO i.a.i.d.i.DebeziumStateDecoratingIterator(computeNext):135 Sending CDC checkpoint state message."}}
{"type":"LOG","log":{"level":"INFO","message":"INFO i.a.i.s.p.PostgresCdcStateHandler(saveState):37 debezium state: {\"[\\\"db_qaookfpaht\\\",{\\\"server\\\":\\\"db_qaookfpaht\\\"}]\":\"{\\\"transaction_id\\\":null,\\\"lsn_proc\\\":27537976,\\\"messageType\\\":\\\"INSERT\\\",\\\"lsn_commit\\\":27537976,\\\"lsn\\\":27537976,\\\"txId\\\":19379,\\\"ts_usec\\\":1684591430746154}\"}"}}
{"type":"LOG","log":{"level":"INFO","message":"INFO i.a.i.d.i.DebeziumStateDecoratingIterator(computeNext):135 Sending CDC checkpoint state message."}}
{"type":"LOG","log":{"level":"INFO","message":"INFO i.a.i.s.p.PostgresCdcStateHandler(saveState):37 debezium state: {\"[\\\"db_qaookfpaht\\\",{\\\"server\\\":\\\"db_qaookfpaht\\\"}]\":\"{\\\"transaction_id\\\":null,\\\"lsn_proc\\\":27716616,\\\"messageType\\\":\\\"INSERT\\\",\\\"lsn_commit\\\":27716616,\\\"lsn\\\":27716616,\\\"txId\\\":20334,\\\"ts_usec\\\":1684591464973620}\"}"}}
{"type":"LOG","log":{"level":"INFO","message":"INFO i.a.i.d.i.DebeziumStateDecoratingIterator(computeNext):135 Sending CDC checkpoint state message."}}
{"type":"LOG","log":{"level":"INFO","message":"INFO i.a.i.s.p.PostgresCdcStateHandler(saveState):37 debezium state: {\"[\\\"db_qaookfpaht\\\",{\\\"server\\\":\\\"db_qaookfpaht\\\"}]\":\"{\\\"transaction_id\\\":null,\\\"lsn_proc\\\":27745208,\\\"messageType\\\":\\\"INSERT\\\",\\\"lsn_commit\\\":27745208,\\\"lsn\\\":27745208,\\\"txId\\\":20489,\\\"ts_usec\\\":1684591470517447}\"}"}}
{"type":"LOG","log":{"level":"INFO","message":"INFO i.a.i.d.i.DebeziumRecordIterator(requestClose):208 Closing: Heartbeat indicates sync is done"}}
{"type":"LOG","log":{"level":"INFO","message":"INFO i.d.e.EmbeddedEngine(stop):1146 Stopping the embedded engine"}}
{"type":"LOG","log":{"level":"INFO","message":"INFO i.d.e.EmbeddedEngine(stop):1153 Waiting for PT5M for connector to stop"}}
{"type":"LOG","log":{"level":"INFO","message":"INFO i.d.e.EmbeddedEngine(run):944 Stopping the task and engine"}}
{"type":"LOG","log":{"level":"INFO","message":"INFO i.d.c.c.BaseSourceTask(stop):278 Stopping down connector"}}
{"type":"LOG","log":{"level":"INFO","message":"INFO i.d.j.JdbcConnection(lambda$doClose$4):947 Connection gracefully closed"}}
{"type":"LOG","log":{"level":"INFO","message":"INFO i.d.j.JdbcConnection(lambda$doClose$4):947 Connection gracefully closed"}}
{"type":"LOG","log":{"level":"INFO","message":"INFO i.d.p.ChangeEventSourceCoordinator(streamEvents):175 Finished streaming"}}
{"type":"LOG","log":{"level":"INFO","message":"INFO i.d.p.ChangeEventSourceCoordinator(streamingConnected):240 Connected metrics set to 'false'"}}
{"type":"LOG","log":{"level":"INFO","message":"INFO o.a.k.c.s.FileOffsetBackingStore(stop):66 Stopped FileOffsetBackingStore"}}
{"type":"LOG","log":{"level":"INFO","message":"INFO i.a.i.d.i.DebeziumRecordPublisher(lambda$start$1):73 Debezium engine shutdown."}}
{"type":"LOG","log":{"level":"INFO","message":"INFO i.a.i.d.i.DebeziumRecordPublisher(lambda$start$1):74 Connector 'io.debezium.connector.postgresql.PostgresConnector' completed normally."}}
{"type":"LOG","log":{"level":"INFO","message":"INFO i.a.i.s.p.PostgresCdcStateHandler(saveState):37 debezium state: {\"[\\\"db_qaookfpaht\\\",{\\\"server\\\":\\\"db_qaookfpaht\\\"}]\":\"{\\\"transaction_id\\\":null,\\\"lsn_proc\\\":27763312,\\\"messageType\\\":\\\"INSERT\\\",\\\"lsn_commit\\\":27763312,\\\"lsn\\\":27763312,\\\"txId\\\":20514,\\\"ts_usec\\\":1684591471348151}\"}"}}
{"type":"LOG","log":{"level":"INFO","message":"INFO i.a.i.s.r.AbstractDbSource(lambda$read$1):173 Closing database connection pool."}}
{"type":"LOG","log":{"level":"INFO","message":"INFO c.z.h.HikariDataSource(close):350 HikariPool-39 - Shutdown initiated..."}}
{"type":"LOG","log":{"level":"INFO","message":"INFO c.z.h.HikariDataSource(close):352 HikariPool-39 - Shutdown completed."}}
{"type":"LOG","log":{"level":"INFO","message":"INFO i.a.i.s.r.AbstractDbSource(lambda$read$1):175 Closed database connection pool."}}
{"type":"LOG","log":{"level":"INFO","message":"INFO o.t.c.GenericContainer(tryStart):376 Creating container for image: debezium/postgres:13-alpine"}}
{"type":"LOG","log":{"level":"INFO","message":"INFO o.t.c.GenericContainer(tryStart):440 Container debezium/postgres:13-alpine is starting: fa7dc89b3475c7f4435902ae44bbd78c4cbcf91fd6267d98b671582abd7d754e"}}
{"type":"LOG","log":{"level":"INFO","message":"INFO o.t.c.GenericContainer(tryStart):520 Container debezium/postgres:13-alpine started in PT6.346108S"}}
{"type":"LOG","log":{"level":"INFO","message":"INFO c.z.h.HikariDataSource(<init>):80 HikariPool-40 - Starting..."}}
{"type":"LOG","log":{"level":"INFO","message":"INFO c.z.h.HikariDataSource(<init>):82 HikariPool-40 - Start completed."}}
{"type":"LOG","log":{"level":"INFO","message":"INFO c.z.h.HikariDataSource(<init>):80 HikariPool-41 - Starting..."}}
{"type":"LOG","log":{"level":"INFO","message":"INFO c.z.h.HikariDataSource(<init>):82 HikariPool-41 - Start completed."}}
{"type":"LOG","log":{"level":"INFO","message":"INFO i.a.i.s.p.PostgresSource(lambda$getReplicationSlot$4):296 Attempting to find the named replication slot using the query: HikariProxyPreparedStatement@1518425180 wrapping SELECT * FROM pg_replication_slots WHERE slot_name = 'debezium_slot_db_sbvglnrpdt' AND plugin = 'pgoutput' AND database = 'db_sbvglnrpdt'"}}
{"type":"LOG","log":{"level":"INFO","message":"INFO i.a.d.j.DefaultJdbcDatabase(lambda$unsafeQuery$1):115 closing connection"}}
{"type":"LOG","log":{"level":"INFO","message":"INFO i.a.i.s.p.PostgresUtils(isCdc):53 using CDC: true"}}
{"type":"LOG","log":{"level":"INFO","message":"INFO i.a.i.s.r.s.StateManagerFactory(createStateManager):51 Global state manager selected to manage state object with type GLOBAL."}}
{"type":"LOG","log":{"level":"INFO","message":"INFO i.a.i.s.r.s.CursorManager(createCursorInfoForStream):182 No cursor field set in catalog but not present in state. Stream: models_schema_models, New Cursor Field: null. Resetting cursor value"}}
{"type":"LOG","log":{"level":"INFO","message":"INFO i.a.i.s.r.CdcStateManager(<init>):29 Initialized CDC state with: io.airbyte.integrations.source.relationaldb.models.CdcState@16546957[state=<null>,additionalProperties={}]"}}
{"type":"LOG","log":{"level":"INFO","message":"INFO c.z.h.HikariDataSource(<init>):80 HikariPool-42 - Starting..."}}
{"type":"LOG","log":{"level":"INFO","message":"INFO c.z.h.HikariDataSource(<init>):82 HikariPool-42 - Start completed."}}
{"type":"LOG","log":{"level":"INFO","message":"INFO i.a.i.s.p.PostgresUtils(isCdc):53 using CDC: true"}}
{"type":"LOG","log":{"level":"INFO","message":"INFO i.a.d.j.s.AdaptiveStreamingQueryConfig(initialize):31 Set initial fetch size: 10 rows"}}
{"type":"LOG","log":{"level":"INFO","message":"INFO i.a.i.s.p.PostgresCdcCatalogHelper(getPublicizedTables):119 For CDC, only tables in publication publication will be included in the sync: [models_schema.models, models_schema_random.models_random]"}}
{"type":"LOG","log":{"level":"INFO","message":"INFO i.a.i.s.j.AbstractJdbcSource(logPreSyncDebugData):450 Data source product recognized as PostgreSQL:13.11"}}
{"type":"LOG","log":{"level":"INFO","message":"INFO i.a.i.s.p.PostgresSource(logPreSyncDebugData):221 Discovering indexes for schema \"models_schema\", table \"models\""}}
{"type":"LOG","log":{"level":"INFO","message":"INFO i.a.i.s.p.PostgresSource(logPreSyncDebugData):223 Index name: models_pkey, Column: id, Unique: true"}}
{"type":"LOG","log":{"level":"INFO","message":"INFO i.a.i.s.p.PostgresQueryUtils(logXminStatus):77 Xmin Status : {Number of wraparounds: 0, Xmin Transaction Value: 505, Xmin Raw Value: 505"}}
{"type":"LOG","log":{"level":"INFO","message":"INFO i.a.i.s.j.AbstractJdbcSource(discoverInternal):166 Internal schemas to exclude: [catalog_history, information_schema, pg_catalog, pg_internal]"}}
{"type":"LOG","log":{"level":"INFO","message":"INFO i.a.d.j.s.AdaptiveStreamingQueryConfig(initialize):31 Set initial fetch size: 10 rows"}}
{"type":"LOG","log":{"level":"INFO","message":"INFO i.a.i.s.j.AbstractJdbcSource(discoverInternal):166 Internal schemas to exclude: [catalog_history, information_schema, pg_catalog, pg_internal]"}}
{"type":"LOG","log":{"level":"INFO","message":"INFO i.a.d.j.s.AdaptiveStreamingQueryConfig(initialize):31 Set initial fetch size: 10 rows"}}
{"type":"LOG","log":{"level":"INFO","message":"INFO i.a.i.s.p.PostgresUtils(isCdc):53 using CDC: true"}}
{"type":"LOG","log":{"level":"INFO","message":"INFO i.a.i.s.p.PostgresUtils(getFirstRecordWaitTime):111 First record waiting time: 30 seconds"}}
{"type":"LOG","log":{"level":"INFO","message":"INFO i.a.i.s.p.PostgresSource(getIncrementalIterators):369 First record waiting time: 30 seconds"}}
{"type":"LOG","log":{"level":"INFO","message":"INFO i.a.i.s.p.PostgresUtils(shouldFlushAfterSync):61 Should flush after sync: true"}}
{"type":"LOG","log":{"level":"INFO","message":"INFO o.a.k.c.c.AbstractConfig(logAll):376 StandaloneConfig values: \n\taccess.control.allow.methods = \n\taccess.control.allow.origin = \n\tadmin.listeners = null\n\tauto.include.jmx.reporter = true\n\tbootstrap.servers = [localhost:9092]\n\tclient.dns.lookup = use_all_dns_ips\n\tconfig.providers = []\n\tconnector.client.config.override.policy = All\n\theader.converter = class org.apache.kafka.connect.storage.SimpleHeaderConverter\n\tkey.converter = class org.apache.kafka.connect.json.JsonConverter\n\tlisteners = [http://:8083]\n\tmetric.reporters = []\n\tmetrics.num.samples = 2\n\tmetrics.recording.level = INFO\n\tmetrics.sample.window.ms = 30000\n\toffset.flush.interval.ms = 1000\n\toffset.flush.timeout.ms = 5000\n\toffset.storage.file.filename = /tmp/cdc-state-offset7273253432439080484/offset.dat\n\tplugin.path = null\n\tresponse.http.headers.config = \n\trest.advertised.host.name = null\n\trest.advertised.listener = null\n\trest.advertised.port = null\n\trest.extension.classes = []\n\tssl.cipher.suites = null\n\tssl.client.auth = none\n\tssl.enabled.protocols = [TLSv1.2, TLSv1.3]\n\tssl.endpoint.identification.algorithm = https\n\tssl.engine.factory.class = null\n\tssl.key.password = null\n\tssl.keymanager.algorithm = SunX509\n\tssl.keystore.certificate.chain = null\n\tssl.keystore.key = null\n\tssl.keystore.location = null\n\tssl.keystore.password = null\n\tssl.keystore.type = JKS\n\tssl.protocol = TLSv1.3\n\tssl.provider = null\n\tssl.secure.random.implementation = null\n\tssl.trustmanager.algorithm = PKIX\n\tssl.truststore.certificates = null\n\tssl.truststore.location = null\n\tssl.truststore.password = null\n\tssl.truststore.type = JKS\n\ttask.shutdown.graceful.timeout.ms = 5000\n\ttopic.creation.enable = true\n\ttopic.tracking.allow.reset = true\n\ttopic.tracking.enable = true\n\tvalue.converter = class org.apache.kafka.connect.json.JsonConverter\n"}}
{"type":"LOG","log":{"level":"WARN","message":"WARN o.a.k.c.r.WorkerConfig(logPluginPathConfigProviderWarning):379 Variables cannot be used in the 'plugin.path' property, since the property is used by plugin scanning before the config providers that replace the variables are initialized. The raw value 'null' was used for plugin scanning, as opposed to the transformed value 'null', and this may cause unexpected results."}}
{"type":"LOG","log":{"level":"INFO","message":"INFO o.a.k.c.s.FileOffsetBackingStore(start):58 Starting FileOffsetBackingStore with file /tmp/cdc-state-offset7273253432439080484/offset.dat"}}
{"type":"LOG","log":{"level":"INFO","message":"INFO o.a.k.c.c.AbstractConfig(logAll):376 JsonConverterConfig values: \n\tconverter.type = key\n\tdecimal.format = BASE64\n\tschemas.cache.size = 1000\n\tschemas.enable = false\n"}}
{"type":"LOG","log":{"level":"INFO","message":"INFO o.a.k.c.c.AbstractConfig(logAll):376 JsonConverterConfig values: \n\tconverter.type = value\n\tdecimal.format = BASE64\n\tschemas.cache.size = 1000\n\tschemas.enable = false\n"}}
{"type":"LOG","log":{"level":"INFO","message":"INFO i.a.i.d.i.p.PostgresDebeziumStateUtil(extractLsn):206 No previous offsets found"}}
{"type":"LOG","log":{"level":"INFO","message":"INFO i.a.i.d.i.p.PostgresDebeziumStateUtil(parseSavedOffset):181 Closing offsetStorageReader and fileOffsetBackingStore"}}
{"type":"LOG","log":{"level":"INFO","message":"INFO o.a.k.c.s.FileOffsetBackingStore(stop):66 Stopped FileOffsetBackingStore"}}
{"type":"LOG","log":{"level":"INFO","message":"INFO i.a.i.s.p.PostgresSource(lambda$getReplicationSlot$4):296 Attempting to find the named replication slot using the query: HikariProxyPreparedStatement@2139247716 wrapping SELECT * FROM pg_replication_slots WHERE slot_name = 'debezium_slot_db_sbvglnrpdt' AND plugin = 'pgoutput' AND database = 'db_sbvglnrpdt'"}}
{"type":"LOG","log":{"level":"INFO","message":"INFO i.a.d.j.s.AdaptiveStreamingQueryConfig(initialize):31 Set initial fetch size: 10 rows"}}
{"type":"LOG","log":{"level":"INFO","message":"INFO i.a.i.s.p.PostgresUtils(shouldFlushAfterSync):61 Should flush after sync: true"}}
{"type":"LOG","log":{"level":"INFO","message":"INFO i.a.i.d.i.p.PostgresCdcTargetPosition(targetPosition):49 identified target lsn: PgLsn{lsn=23903320}"}}
{"type":"LOG","log":{"level":"INFO","message":"INFO i.a.i.s.p.PostgresUtils(shouldFlushAfterSync):61 Should flush after sync: true"}}
{"type":"LOG","log":{"level":"INFO","message":"INFO i.a.i.d.AirbyteDebeziumHandler(getIncrementalIterators):95 Using CDC: true"}}
{"type":"LOG","log":{"level":"INFO","message":"INFO o.a.k.c.c.AbstractConfig(logAll):376 JsonConverterConfig values: \n\tconverter.type = key\n\tdecimal.format = BASE64\n\tschemas.cache.size = 1000\n\tschemas.enable = false\n"}}
{"type":"LOG","log":{"level":"INFO","message":"INFO o.a.k.c.c.AbstractConfig(logAll):376 JsonConverterConfig values: \n\tconverter.type = value\n\tdecimal.format = BASE64\n\tschemas.cache.size = 1000\n\tschemas.enable = false\n"}}
{"type":"LOG","log":{"level":"INFO","message":"INFO o.a.k.c.c.AbstractConfig(logAll):376 EmbeddedConfig values: \n\taccess.control.allow.methods = \n\taccess.control.allow.origin = \n\tadmin.listeners = null\n\tauto.include.jmx.reporter = true\n\tbootstrap.servers = [localhost:9092]\n\tclient.dns.lookup = use_all_dns_ips\n\tconfig.providers = []\n\tconnector.client.config.override.policy = All\n\theader.converter = class org.apache.kafka.connect.storage.SimpleHeaderConverter\n\tkey.converter = class org.apache.kafka.connect.json.JsonConverter\n\tlisteners = [http://:8083]\n\tmetric.reporters = []\n\tmetrics.num.samples = 2\n\tmetrics.recording.level = INFO\n\tmetrics.sample.window.ms = 30000\n\toffset.flush.interval.ms = 1000\n\toffset.flush.timeout.ms = 5000\n\toffset.storage.file.filename = /tmp/cdc-state-offset3022825390406569126/offset.dat\n\toffset.storage.partitions = null\n\toffset.storage.replication.factor = null\n\toffset.storage.topic = \n\tplugin.path = null\n\tresponse.http.headers.config = \n\trest.advertised.host.name = null\n\trest.advertised.listener = null\n\trest.advertised.port = null\n\trest.extension.classes = []\n\tssl.cipher.suites = null\n\tssl.client.auth = none\n\tssl.enabled.protocols = [TLSv1.2, TLSv1.3]\n\tssl.endpoint.identification.algorithm = https\n\tssl.engine.factory.class = null\n\tssl.key.password = null\n\tssl.keymanager.algorithm = SunX509\n\tssl.keystore.certificate.chain = null\n\tssl.keystore.key = null\n\tssl.keystore.location = null\n\tssl.keystore.password = null\n\tssl.keystore.type = JKS\n\tssl.protocol = TLSv1.3\n\tssl.provider = null\n\tssl.secure.random.implementation = null\n\tssl.trustmanager.algorithm = PKIX\n\tssl.truststore.certificates = null\n\tssl.truststore.location = null\n\tssl.truststore.password = null\n\tssl.truststore.type = JKS\n\ttask.shutdown.graceful.timeout.ms = 5000\n\ttopic.creation.enable = true\n\ttopic.tracking.allow.reset = true\n\ttopic.tracking.enable = true\n\tvalue.converter = class org.apache.kafka.connect.json.JsonConverter\n"}}
{"type":"LOG","log":{"level":"WARN","message":"WARN o.a.k.c.r.WorkerConfig(logPluginPathConfigProviderWarning):379 Variables cannot be used in the 'plugin.path' property, since the property is used by plugin scanning before the config providers that replace the variables are initialized. The raw value 'null' was used for plugin scanning, as opposed to the transformed value 'null', and this may cause unexpected results."}}
{"type":"LOG","log":{"level":"INFO","message":"INFO o.a.k.c.c.AbstractConfig(logAll):376 JsonConverterConfig values: \n\tconverter.type = key\n\tdecimal.format = BASE64\n\tschemas.cache.size = 1000\n\tschemas.enable = false\n"}}
{"type":"LOG","log":{"level":"INFO","message":"INFO o.a.k.c.c.AbstractConfig(logAll):376 JsonConverterConfig values: \n\tconverter.type = value\n\tdecimal.format = BASE64\n\tschemas.cache.size = 1000\n\tschemas.enable = false\n"}}
{"type":"LOG","log":{"level":"WARN","message":"WARN i.d.c.p.PostgresConnectorConfig(validateFlushLsnSource):1070 Property 'flush.lsn.source' is set to 'false', the LSN will not be flushed to the database source and WAL logs will not be cleared. User is expected to handle this outside Debezium."}}
{"type":"LOG","log":{"level":"INFO","message":"INFO i.d.c.p.PostgresConnector(testConnection):154 Successfully tested connection for jdbc:postgresql://localhost:56238/db_sbvglnrpdt with user 'test'"}}
{"type":"LOG","log":{"level":"INFO","message":"INFO i.d.j.JdbcConnection(lambda$doClose$4):947 Connection gracefully closed"}}
{"type":"LOG","log":{"level":"INFO","message":"INFO o.a.k.c.s.FileOffsetBackingStore(start):58 Starting FileOffsetBackingStore with file /tmp/cdc-state-offset3022825390406569126/offset.dat"}}
{"type":"LOG","log":{"level":"WARN","message":"WARN i.d.c.p.PostgresConnectorConfig(validateFlushLsnSource):1070 Property 'flush.lsn.source' is set to 'false', the LSN will not be flushed to the database source and WAL logs will not be cleared. User is expected to handle this outside Debezium."}}
{"type":"LOG","log":{"level":"INFO","message":"INFO i.d.c.c.BaseSourceTask(start):124 Starting PostgresConnectorTask with configuration:"}}
{"type":"LOG","log":{"level":"INFO","message":"INFO i.d.c.c.BaseSourceTask(lambda$start$0):126    connector.class = io.debezium.connector.postgresql.PostgresConnector"}}
{"type":"LOG","log":{"level":"INFO","message":"INFO i.d.c.c.BaseSourceTask(lambda$start$0):126    max.queue.size = 8192"}}
{"type":"LOG","log":{"level":"INFO","message":"INFO i.d.c.c.BaseSourceTask(lambda$start$0):126    slot.name = debezium_slot_db_sbvglnrpdt"}}
{"type":"LOG","log":{"level":"INFO","message":"INFO i.d.c.c.BaseSourceTask(lambda$start$0):126    publication.name = publication"}}
{"type":"LOG","log":{"level":"INFO","message":"INFO i.d.c.c.BaseSourceTask(lambda$start$0):126    topic.prefix = db_sbvglnrpdt"}}
{"type":"LOG","log":{"level":"INFO","message":"INFO i.d.c.c.BaseSourceTask(lambda$start$0):126    offset.storage.file.filename = /tmp/cdc-state-offset3022825390406569126/offset.dat"}}
{"type":"LOG","log":{"level":"INFO","message":"INFO i.d.c.c.BaseSourceTask(lambda$start$0):126    decimal.handling.mode = string"}}
{"type":"LOG","log":{"level":"INFO","message":"INFO i.d.c.c.BaseSourceTask(lambda$start$0):126    flush.lsn.source = false"}}
{"type":"LOG","log":{"level":"INFO","message":"INFO i.d.c.c.BaseSourceTask(lambda$start$0):126    converters = datetime"}}
{"type":"LOG","log":{"level":"INFO","message":"INFO i.d.c.c.BaseSourceTask(lambda$start$0):126    errors.retry.delay.initial.ms = 299"}}
{"type":"LOG","log":{"level":"INFO","message":"INFO i.d.c.c.BaseSourceTask(lambda$start$0):126    datetime.type = io.airbyte.integrations.debezium.internals.postgres.PostgresConverter"}}
{"type":"LOG","log":{"level":"INFO","message":"INFO i.d.c.c.BaseSourceTask(lambda$start$0):126    value.converter = org.apache.kafka.connect.json.JsonConverter"}}
{"type":"LOG","log":{"level":"INFO","message":"INFO i.d.c.c.BaseSourceTask(lambda$start$0):126    key.converter = org.apache.kafka.connect.json.JsonConverter"}}
{"type":"LOG","log":{"level":"INFO","message":"INFO i.d.c.c.BaseSourceTask(lambda$start$0):126    publication.autocreate.mode = disabled"}}
{"type":"LOG","log":{"level":"INFO","message":"INFO i.d.c.c.BaseSourceTask(lambda$start$0):126    database.user = test"}}
{"type":"LOG","log":{"level":"INFO","message":"INFO i.d.c.c.BaseSourceTask(lambda$start$0):126    database.dbname = db_sbvglnrpdt"}}
{"type":"LOG","log":{"level":"INFO","message":"INFO i.d.c.c.BaseSourceTask(lambda$start$0):126    offset.storage = org.apache.kafka.connect.storage.FileOffsetBackingStore"}}
{"type":"LOG","log":{"level":"INFO","message":"INFO i.d.c.c.BaseSourceTask(lambda$start$0):126    errors.retry.delay.max.ms = 300"}}
{"type":"LOG","log":{"level":"INFO","message":"INFO i.d.c.c.BaseSourceTask(lambda$start$0):126    offset.flush.timeout.ms = 5000"}}
{"type":"LOG","log":{"level":"INFO","message":"INFO i.d.c.c.BaseSourceTask(lambda$start$0):126    heartbeat.interval.ms = 10000"}}
{"type":"LOG","log":{"level":"INFO","message":"INFO i.d.c.c.BaseSourceTask(lambda$start$0):126    column.include.list = \\Qmodels_schema.models\\E\\.(\\Qmodel\\E|\\Qid\\E|\\Qmake_id\\E)"}}
{"type":"LOG","log":{"level":"INFO","message":"INFO i.d.c.c.BaseSourceTask(lambda$start$0):126    plugin.name = pgoutput"}}
{"type":"LOG","log":{"level":"INFO","message":"INFO i.d.c.c.BaseSourceTask(lambda$start$0):126    database.port = 56238"}}
{"type":"LOG","log":{"level":"INFO","message":"INFO i.d.c.c.BaseSourceTask(lambda$start$0):126    offset.flush.interval.ms = 1000"}}
{"type":"LOG","log":{"level":"INFO","message":"INFO i.d.c.c.BaseSourceTask(lambda$start$0):126    key.converter.schemas.enable = false"}}
{"type":"LOG","log":{"level":"INFO","message":"INFO i.d.c.c.BaseSourceTask(lambda$start$0):126    include.unknown.datatypes = true"}}
{"type":"LOG","log":{"level":"INFO","message":"INFO i.d.c.c.BaseSourceTask(lambda$start$0):126    errors.max.retries = 10"}}
{"type":"LOG","log":{"level":"INFO","message":"INFO i.d.c.c.BaseSourceTask(lambda$start$0):126    database.hostname = localhost"}}
{"type":"LOG","log":{"level":"INFO","message":"INFO i.d.c.c.BaseSourceTask(lambda$start$0):126    database.password = ********"}}
{"type":"LOG","log":{"level":"INFO","message":"INFO i.d.c.c.BaseSourceTask(lambda$start$0):126    value.converter.schemas.enable = false"}}
{"type":"LOG","log":{"level":"INFO","message":"INFO i.d.c.c.BaseSourceTask(lambda$start$0):126    name = db_sbvglnrpdt"}}
{"type":"LOG","log":{"level":"INFO","message":"INFO i.d.c.c.BaseSourceTask(lambda$start$0):126    max.batch.size = 2048"}}
{"type":"LOG","log":{"level":"INFO","message":"INFO i.d.c.c.BaseSourceTask(lambda$start$0):126    table.include.list = \\Qmodels_schema.models\\E"}}
{"type":"LOG","log":{"level":"INFO","message":"INFO i.d.c.c.BaseSourceTask(lambda$start$0):126    snapshot.mode = initial"}}
{"type":"LOG","log":{"level":"INFO","message":"INFO i.d.c.c.BaseSourceTask(startIfNeededAndPossible):243 Attempting to start task"}}
{"type":"LOG","log":{"level":"INFO","message":"INFO i.d.c.CommonConnectorConfig(getTopicNamingStrategy):849 Loading the custom topic naming strategy plugin: io.debezium.schema.SchemaTopicNamingStrategy"}}
{"type":"LOG","log":{"level":"INFO","message":"INFO i.d.j.JdbcConnection(lambda$doClose$4):947 Connection gracefully closed"}}
{"type":"LOG","log":{"level":"INFO","message":"INFO i.d.c.c.BaseSourceTask(getPreviousOffsets):375 No previous offsets found"}}
{"type":"LOG","log":{"level":"INFO","message":"INFO i.d.c.p.PostgresConnectorTask(start):113 user 'test' connected to database 'db_sbvglnrpdt' on PostgreSQL 13.11 on x86_64-pc-linux-musl, compiled by gcc (Alpine 12.2.1_git20220924-r10) 12.2.1 20220924, 64-bit with roles:\n\trole 'pg_read_all_settings' [superuser: false, replication: false, inherit: true, create role: false, create db: false, can log in: false]\n\trole 'pg_stat_scan_tables' [superuser: false, replication: false, inherit: true, create role: false, create db: false, can log in: false]\n\trole 'pg_write_server_files' [superuser: false, replication: false, inherit: true, create role: false, create db: false, can log in: false]\n\trole 'test' [superuser: true, replication: true, inherit: true, create role: true, create db: true, can log in: true]\n\trole 'pg_monitor' [superuser: false, replication: false, inherit: true, create role: false, create db: false, can log in: false]\n\trole 'pg_read_server_files' [superuser: false, replication: false, inherit: true, create role: false, create db: false, can log in: false]\n\trole 'pg_execute_server_program' [superuser: false, replication: false, inherit: true, create role: false, create db: false, can log in: false]\n\trole 'pg_read_all_stats' [superuser: false, replication: false, inherit: true, create role: false, create db: false, can log in: false]\n\trole 'pg_signal_backend' [superuser: false, replication: false, inherit: true, create role: false, create db: false, can log in: false]"}}
{"type":"LOG","log":{"level":"INFO","message":"INFO i.d.c.p.c.PostgresConnection(readReplicationSlotInfo):264 Obtained valid replication slot ReplicationSlot [active=false, latestFlushedLsn=LSN{0/16CB9D0}, catalogXmin=504]"}}
{"type":"LOG","log":{"level":"INFO","message":"INFO i.d.c.p.PostgresConnectorTask(start):122 No previous offset found"}}
{"type":"LOG","log":{"level":"INFO","message":"INFO i.d.u.Threads(threadFactory):270 Requested thread factory for connector PostgresConnector, id = db_sbvglnrpdt named = change-event-source-coordinator"}}
{"type":"LOG","log":{"level":"INFO","message":"INFO i.d.u.Threads$3(newThread):287 Creating thread debezium-postgresconnector-db_sbvglnrpdt-change-event-source-coordinator"}}
{"type":"LOG","log":{"level":"INFO","message":"INFO i.d.c.c.BaseSourceTask(startIfNeededAndPossible):245 Successfully started task"}}
{"type":"LOG","log":{"level":"INFO","message":"INFO i.d.p.ChangeEventSourceCoordinator(lambda$start$0):103 Metrics registered"}}
{"type":"LOG","log":{"level":"INFO","message":"INFO i.d.p.ChangeEventSourceCoordinator(lambda$start$0):106 Context created"}}
{"type":"LOG","log":{"level":"INFO","message":"INFO i.d.c.p.s.InitialSnapshotter(shouldSnapshot):34 Taking initial snapshot for new datasource"}}
{"type":"LOG","log":{"level":"INFO","message":"INFO i.d.c.p.PostgresSnapshotChangeEventSource(getSnapshottingTask):65 According to the connector configuration data will be snapshotted"}}
{"type":"LOG","log":{"level":"INFO","message":"INFO i.d.r.RelationalSnapshotChangeEventSource(doExecute):110 Snapshot step 1 - Preparing"}}
{"type":"LOG","log":{"level":"INFO","message":"INFO i.d.r.RelationalSnapshotChangeEventSource(doExecute):119 Snapshot step 2 - Determining captured tables"}}
{"type":"LOG","log":{"level":"INFO","message":"INFO i.d.r.RelationalSnapshotChangeEventSource(determineCapturedTables):267 Adding table models_schema.models to the list of capture schema tables"}}
{"type":"LOG","log":{"level":"INFO","message":"INFO i.d.r.RelationalSnapshotChangeEventSource(determineCapturedTables):267 Adding table models_schema_random.models_random to the list of capture schema tables"}}
{"type":"LOG","log":{"level":"INFO","message":"INFO i.d.r.RelationalSnapshotChangeEventSource(doExecute):126 Snapshot step 3 - Locking captured tables [models_schema.models]"}}
{"type":"LOG","log":{"level":"INFO","message":"INFO i.d.r.RelationalSnapshotChangeEventSource(doExecute):132 Snapshot step 4 - Determining snapshot offset"}}
{"type":"LOG","log":{"level":"INFO","message":"INFO i.d.c.p.PostgresOffsetContext(initialContext):233 Creating initial offset context"}}
{"type":"LOG","log":{"level":"INFO","message":"INFO i.d.c.p.PostgresOffsetContext(initialContext):236 Read xlogStart at 'LSN{0/16CBC58}' from transaction '505'"}}
{"type":"LOG","log":{"level":"INFO","message":"INFO i.d.c.p.PostgresSnapshotChangeEventSource(updateOffsetForSnapshot):147 Read xlogStart at 'LSN{0/16CBC58}' from transaction '505'"}}
{"type":"LOG","log":{"level":"INFO","message":"INFO i.d.r.RelationalSnapshotChangeEventSource(doExecute):135 Snapshot step 5 - Reading structure of captured tables"}}
{"type":"LOG","log":{"level":"INFO","message":"INFO i.d.c.p.PostgresSnapshotChangeEventSource(readTableStructure):193 Reading structure of schema 'models_schema' of catalog 'db_sbvglnrpdt'"}}
{"type":"LOG","log":{"level":"INFO","message":"INFO i.d.r.RelationalSnapshotChangeEventSource(doExecute):139 Snapshot step 5.a - Creating connection pool"}}
{"type":"LOG","log":{"level":"INFO","message":"INFO i.d.r.RelationalSnapshotChangeEventSource(createConnectionPool):213 Created connection pool with 1 threads"}}
{"type":"LOG","log":{"level":"INFO","message":"INFO i.d.r.RelationalSnapshotChangeEventSource(doExecute):144 Snapshot step 6 - Persisting schema history"}}
{"type":"LOG","log":{"level":"INFO","message":"INFO i.d.r.RelationalSnapshotChangeEventSource(doExecute):156 Snapshot step 7 - Snapshotting data"}}
{"type":"LOG","log":{"level":"INFO","message":"INFO i.d.r.RelationalSnapshotChangeEventSource(createDataEvents):390 Creating snapshot worker pool with 1 worker thread(s)"}}
{"type":"LOG","log":{"level":"INFO","message":"INFO i.d.r.RelationalSnapshotChangeEventSource(createDataEvents):399 For table 'models_schema.models' using select statement: 'SELECT \"id\", \"make_id\", \"model\" FROM \"models_schema\".\"models\"'"}}
{"type":"LOG","log":{"level":"INFO","message":"INFO i.d.r.RelationalSnapshotChangeEventSource(doCreateDataEventsForTable):513 Exporting data from table 'models_schema.models' (1 of 1 tables)"}}
{"type":"LOG","log":{"level":"INFO","message":"INFO i.d.r.RelationalSnapshotChangeEventSource(doCreateDataEventsForTable):559 \t Finished exporting 6 records for table 'models_schema.models' (1 of 1 tables); total duration '00:00:00.012'"}}
{"type":"LOG","log":{"level":"INFO","message":"INFO i.d.p.s.AbstractSnapshotChangeEventSource(execute):88 Snapshot - Final stage"}}
{"type":"LOG","log":{"level":"INFO","message":"INFO i.d.p.s.AbstractSnapshotChangeEventSource(execute):92 Snapshot completed"}}
{"type":"LOG","log":{"level":"INFO","message":"INFO i.d.p.ChangeEventSourceCoordinator(doSnapshot):156 Snapshot ended with SnapshotResult [status=COMPLETED, offset=PostgresOffsetContext [sourceInfoSchema=Schema{io.debezium.connector.postgresql.Source:STRUCT}, sourceInfo=source_info[server='db_sbvglnrpdt'db='db_sbvglnrpdt', lsn=LSN{0/16CBC58}, txId=505, timestamp=2023-05-20T14:05:22.533105Z, snapshot=FALSE, schema=models_schema, table=models], lastSnapshotRecord=true, lastCompletelyProcessedLsn=null, lastCommitLsn=null, streamingStoppingLsn=null, transactionContext=TransactionContext [currentTransactionId=null, perTableEventCount={}, totalEventCount=0], incrementalSnapshotContext=IncrementalSnapshotContext [windowOpened=false, chunkEndPosition=null, dataCollectionsToSnapshot=[], lastEventKeySent=null, maximumKey=null]]]"}}
{"type":"LOG","log":{"level":"INFO","message":"INFO i.d.p.ChangeEventSourceCoordinator(streamingConnected):240 Connected metrics set to 'true'"}}
{"type":"LOG","log":{"level":"INFO","message":"INFO i.d.c.p.PostgresSchema(printReplicaIdentityInfo):100 REPLICA IDENTITY for 'models_schema.models' is 'DEFAULT'; UPDATE and DELETE events will contain previous values only for PK columns"}}
{"type":"LOG","log":{"level":"INFO","message":"INFO i.d.p.ChangeEventSourceCoordinator(streamEvents):173 Starting streaming"}}
{"type":"LOG","log":{"level":"INFO","message":"INFO i.d.c.p.PostgresStreamingChangeEventSource(execute):136 Retrieved latest position from stored offset 'LSN{0/16CBC58}'"}}
{"type":"LOG","log":{"level":"INFO","message":"INFO i.d.c.p.c.WalPositionLocator(<init>):48 Looking for WAL restart position for last commit LSN 'null' and last change LSN 'LSN{0/16CBC58}'"}}
{"type":"LOG","log":{"level":"INFO","message":"INFO i.d.c.p.c.PostgresReplicationConnection(initPublication):147 Initializing PgOutput logical decoder publication"}}
{"type":"LOG","log":{"level":"INFO","message":"INFO i.d.c.p.c.PostgresConnection(readReplicationSlotInfo):264 Obtained valid replication slot ReplicationSlot [active=false, latestFlushedLsn=LSN{0/16CB9D0}, catalogXmin=504]"}}
{"type":"LOG","log":{"level":"INFO","message":"INFO i.d.j.JdbcConnection(lambda$doClose$4):947 Connection gracefully closed"}}
{"type":"LOG","log":{"level":"INFO","message":"INFO i.d.u.Threads(threadFactory):270 Requested thread factory for connector PostgresConnector, id = db_sbvglnrpdt named = keep-alive"}}
{"type":"LOG","log":{"level":"INFO","message":"INFO i.d.u.Threads$3(newThread):287 Creating thread debezium-postgresconnector-db_sbvglnrpdt-keep-alive"}}
{"type":"LOG","log":{"level":"INFO","message":"INFO i.d.c.p.PostgresSchema(printReplicaIdentityInfo):100 REPLICA IDENTITY for 'models_schema.models' is 'DEFAULT'; UPDATE and DELETE events will contain previous values only for PK columns"}}
{"type":"LOG","log":{"level":"INFO","message":"INFO i.d.c.p.PostgresStreamingChangeEventSource(searchWalPosition):327 Searching for WAL resume position"}}
{"type":"LOG","log":{"level":"INFO","message":"INFO i.a.i.d.i.p.PostgresCdcTargetPosition(reachedTargetPosition):61 Signalling close because Snapshot is complete"}}
{"type":"LOG","log":{"level":"INFO","message":"INFO i.a.i.d.i.DebeziumRecordIterator(requestClose):208 Closing: Change event reached target position"}}
{"type":"LOG","log":{"level":"INFO","message":"INFO i.d.e.EmbeddedEngine(stop):1146 Stopping the embedded engine"}}
{"type":"LOG","log":{"level":"INFO","message":"INFO i.d.e.EmbeddedEngine(stop):1153 Waiting for PT5M for connector to stop"}}
{"type":"LOG","log":{"level":"INFO","message":"INFO i.d.e.EmbeddedEngine(run):944 Stopping the task and engine"}}
{"type":"LOG","log":{"level":"INFO","message":"INFO i.d.c.c.BaseSourceTask(stop):278 Stopping down connector"}}
{"type":"LOG","log":{"level":"INFO","message":"INFO i.d.c.p.PostgresStreamingChangeEventSource(searchWalPosition):348 WAL resume position 'null' discovered"}}
{"type":"LOG","log":{"level":"INFO","message":"INFO i.d.j.JdbcConnection(lambda$doClose$4):947 Connection gracefully closed"}}
{"type":"LOG","log":{"level":"INFO","message":"INFO i.d.j.JdbcConnection(lambda$doClose$4):947 Connection gracefully closed"}}
{"type":"LOG","log":{"level":"INFO","message":"INFO i.d.c.p.c.PostgresReplicationConnection(initPublication):147 Initializing PgOutput logical decoder publication"}}
{"type":"LOG","log":{"level":"INFO","message":"INFO i.d.u.Threads(threadFactory):270 Requested thread factory for connector PostgresConnector, id = db_sbvglnrpdt named = keep-alive"}}
{"type":"LOG","log":{"level":"INFO","message":"INFO i.d.u.Threads$3(newThread):287 Creating thread debezium-postgresconnector-db_sbvglnrpdt-keep-alive"}}
{"type":"LOG","log":{"level":"INFO","message":"INFO i.d.c.p.PostgresStreamingChangeEventSource(processMessages):211 Processing messages"}}
{"type":"LOG","log":{"level":"INFO","message":"INFO i.d.j.JdbcConnection(lambda$doClose$4):947 Connection gracefully closed"}}
{"type":"LOG","log":{"level":"INFO","message":"INFO i.d.j.JdbcConnection(lambda$doClose$4):947 Connection gracefully closed"}}
{"type":"LOG","log":{"level":"INFO","message":"INFO i.d.p.ChangeEventSourceCoordinator(streamEvents):175 Finished streaming"}}
{"type":"LOG","log":{"level":"INFO","message":"INFO i.d.p.ChangeEventSourceCoordinator(streamingConnected):240 Connected metrics set to 'false'"}}
{"type":"LOG","log":{"level":"INFO","message":"INFO o.a.k.c.s.FileOffsetBackingStore(stop):66 Stopped FileOffsetBackingStore"}}
{"type":"LOG","log":{"level":"INFO","message":"INFO i.a.i.d.i.DebeziumRecordPublisher(lambda$start$1):73 Debezium engine shutdown."}}
{"type":"LOG","log":{"level":"INFO","message":"INFO i.a.i.d.i.DebeziumRecordPublisher(lambda$start$1):74 Connector 'io.debezium.connector.postgresql.PostgresConnector' completed normally."}}
{"type":"LOG","log":{"level":"INFO","message":"INFO i.a.i.s.p.PostgresCdcStateHandler(saveState):37 debezium state: {\"[\\\"db_sbvglnrpdt\\\",{\\\"server\\\":\\\"db_sbvglnrpdt\\\"}]\":\"{\\\"transaction_id\\\":null,\\\"lsn\\\":23903320,\\\"txId\\\":505,\\\"ts_usec\\\":1684591522533105}\"}"}}
{"type":"LOG","log":{"level":"INFO","message":"INFO i.a.i.s.r.AbstractDbSource(lambda$read$1):173 Closing database connection pool."}}
{"type":"LOG","log":{"level":"INFO","message":"INFO c.z.h.HikariDataSource(close):350 HikariPool-42 - Shutdown initiated..."}}
{"type":"LOG","log":{"level":"INFO","message":"INFO c.z.h.HikariDataSource(close):352 HikariPool-42 - Shutdown completed."}}
{"type":"LOG","log":{"level":"INFO","message":"INFO i.a.i.s.r.AbstractDbSource(lambda$read$1):175 Closed database connection pool."}}
{"type":"LOG","log":{"level":"INFO","message":"INFO i.a.i.s.p.PostgresSource(lambda$getReplicationSlot$4):296 Attempting to find the named replication slot using the query: HikariProxyPreparedStatement@494170639 wrapping SELECT * FROM pg_replication_slots WHERE slot_name = 'debezium_slot_db_sbvglnrpdt' AND plugin = 'pgoutput' AND database = 'db_sbvglnrpdt'"}}
{"type":"LOG","log":{"level":"INFO","message":"INFO i.a.d.j.DefaultJdbcDatabase(lambda$unsafeQuery$1):115 closing connection"}}
{"type":"LOG","log":{"level":"INFO","message":"INFO i.a.i.s.p.PostgresUtils(isCdc):53 using CDC: true"}}
{"type":"LOG","log":{"level":"INFO","message":"INFO i.a.i.s.r.s.StateManagerFactory(createStateManager):51 Global state manager selected to manage state object with type GLOBAL."}}
{"type":"LOG","log":{"level":"INFO","message":"INFO i.a.i.s.r.CdcStateManager(<init>):29 Initialized CDC state with: io.airbyte.integrations.source.relationaldb.models.CdcState@56ed0511[state={\"[\\\"db_sbvglnrpdt\\\",{\\\"server\\\":\\\"db_sbvglnrpdt\\\"}]\":\"{\\\"transaction_id\\\":null,\\\"lsn\\\":23903320,\\\"txId\\\":505,\\\"ts_usec\\\":1684591522533105}\"},additionalProperties={}]"}}
{"type":"LOG","log":{"level":"INFO","message":"INFO c.z.h.HikariDataSource(<init>):80 HikariPool-43 - Starting..."}}
{"type":"LOG","log":{"level":"INFO","message":"INFO c.z.h.HikariDataSource(<init>):82 HikariPool-43 - Start completed."}}
{"type":"LOG","log":{"level":"INFO","message":"INFO i.a.i.s.p.PostgresUtils(isCdc):53 using CDC: true"}}
{"type":"LOG","log":{"level":"INFO","message":"INFO i.a.d.j.s.AdaptiveStreamingQueryConfig(initialize):31 Set initial fetch size: 10 rows"}}
{"type":"LOG","log":{"level":"INFO","message":"INFO i.a.i.s.p.PostgresCdcCatalogHelper(getPublicizedTables):119 For CDC, only tables in publication publication will be included in the sync: [models_schema.models, models_schema_random.models_random]"}}
{"type":"LOG","log":{"level":"INFO","message":"INFO i.a.i.s.j.AbstractJdbcSource(logPreSyncDebugData):450 Data source product recognized as PostgreSQL:13.11"}}
{"type":"LOG","log":{"level":"INFO","message":"INFO i.a.i.s.p.PostgresSource(logPreSyncDebugData):221 Discovering indexes for schema \"models_schema\", table \"models\""}}
{"type":"LOG","log":{"level":"INFO","message":"INFO i.a.i.s.p.PostgresSource(logPreSyncDebugData):223 Index name: models_pkey, Column: id, Unique: true"}}
{"type":"LOG","log":{"level":"INFO","message":"INFO i.a.i.s.p.PostgresQueryUtils(logXminStatus):77 Xmin Status : {Number of wraparounds: 0, Xmin Transaction Value: 526, Xmin Raw Value: 526"}}
{"type":"LOG","log":{"level":"INFO","message":"INFO i.a.i.s.j.AbstractJdbcSource(discoverInternal):166 Internal schemas to exclude: [catalog_history, information_schema, pg_catalog, pg_internal]"}}
{"type":"LOG","log":{"level":"INFO","message":"INFO i.a.d.j.s.AdaptiveStreamingQueryConfig(initialize):31 Set initial fetch size: 10 rows"}}
{"type":"LOG","log":{"level":"INFO","message":"INFO i.a.i.s.j.AbstractJdbcSource(discoverInternal):166 Internal schemas to exclude: [catalog_history, information_schema, pg_catalog, pg_internal]"}}
{"type":"LOG","log":{"level":"INFO","message":"INFO i.a.d.j.s.AdaptiveStreamingQueryConfig(initialize):31 Set initial fetch size: 10 rows"}}
{"type":"LOG","log":{"level":"INFO","message":"INFO i.a.i.s.p.PostgresUtils(isCdc):53 using CDC: true"}}
{"type":"LOG","log":{"level":"INFO","message":"INFO i.a.i.s.p.PostgresUtils(getFirstRecordWaitTime):111 First record waiting time: 30 seconds"}}
{"type":"LOG","log":{"level":"INFO","message":"INFO i.a.i.s.p.PostgresSource(getIncrementalIterators):369 First record waiting time: 30 seconds"}}
{"type":"LOG","log":{"level":"INFO","message":"INFO i.a.i.s.p.PostgresUtils(shouldFlushAfterSync):61 Should flush after sync: true"}}
{"type":"LOG","log":{"level":"INFO","message":"INFO o.a.k.c.c.AbstractConfig(logAll):376 StandaloneConfig values: \n\taccess.control.allow.methods = \n\taccess.control.allow.origin = \n\tadmin.listeners = null\n\tauto.include.jmx.reporter = true\n\tbootstrap.servers = [localhost:9092]\n\tclient.dns.lookup = use_all_dns_ips\n\tconfig.providers = []\n\tconnector.client.config.override.policy = All\n\theader.converter = class org.apache.kafka.connect.storage.SimpleHeaderConverter\n\tkey.converter = class org.apache.kafka.connect.json.JsonConverter\n\tlisteners = [http://:8083]\n\tmetric.reporters = []\n\tmetrics.num.samples = 2\n\tmetrics.recording.level = INFO\n\tmetrics.sample.window.ms = 30000\n\toffset.flush.interval.ms = 1000\n\toffset.flush.timeout.ms = 5000\n\toffset.storage.file.filename = /tmp/cdc-state-offset11706991026174675852/offset.dat\n\tplugin.path = null\n\tresponse.http.headers.config = \n\trest.advertised.host.name = null\n\trest.advertised.listener = null\n\trest.advertised.port = null\n\trest.extension.classes = []\n\tssl.cipher.suites = null\n\tssl.client.auth = none\n\tssl.enabled.protocols = [TLSv1.2, TLSv1.3]\n\tssl.endpoint.identification.algorithm = https\n\tssl.engine.factory.class = null\n\tssl.key.password = null\n\tssl.keymanager.algorithm = SunX509\n\tssl.keystore.certificate.chain = null\n\tssl.keystore.key = null\n\tssl.keystore.location = null\n\tssl.keystore.password = null\n\tssl.keystore.type = JKS\n\tssl.protocol = TLSv1.3\n\tssl.provider = null\n\tssl.secure.random.implementation = null\n\tssl.trustmanager.algorithm = PKIX\n\tssl.truststore.certificates = null\n\tssl.truststore.location = null\n\tssl.truststore.password = null\n\tssl.truststore.type = JKS\n\ttask.shutdown.graceful.timeout.ms = 5000\n\ttopic.creation.enable = true\n\ttopic.tracking.allow.reset = true\n\ttopic.tracking.enable = true\n\tvalue.converter = class org.apache.kafka.connect.json.JsonConverter\n"}}
{"type":"LOG","log":{"level":"WARN","message":"WARN o.a.k.c.r.WorkerConfig(logPluginPathConfigProviderWarning):379 Variables cannot be used in the 'plugin.path' property, since the property is used by plugin scanning before the config providers that replace the variables are initialized. The raw value 'null' was used for plugin scanning, as opposed to the transformed value 'null', and this may cause unexpected results."}}
{"type":"LOG","log":{"level":"INFO","message":"INFO o.a.k.c.s.FileOffsetBackingStore(start):58 Starting FileOffsetBackingStore with file /tmp/cdc-state-offset11706991026174675852/offset.dat"}}
{"type":"LOG","log":{"level":"INFO","message":"INFO o.a.k.c.c.AbstractConfig(logAll):376 JsonConverterConfig values: \n\tconverter.type = key\n\tdecimal.format = BASE64\n\tschemas.cache.size = 1000\n\tschemas.enable = false\n"}}
{"type":"LOG","log":{"level":"INFO","message":"INFO o.a.k.c.c.AbstractConfig(logAll):376 JsonConverterConfig values: \n\tconverter.type = value\n\tdecimal.format = BASE64\n\tschemas.cache.size = 1000\n\tschemas.enable = false\n"}}
{"type":"LOG","log":{"level":"INFO","message":"INFO i.a.i.d.i.p.PostgresDebeziumStateUtil(extractLsn):201 Found previous partition offset PostgresPartition [sourcePartition={server=db_sbvglnrpdt}]: {transaction_id=null, lsn=23903320, txId=505, ts_usec=1684591522533105}"}}
{"type":"LOG","log":{"level":"INFO","message":"INFO i.a.i.d.i.p.PostgresDebeziumStateUtil(parseSavedOffset):181 Closing offsetStorageReader and fileOffsetBackingStore"}}
{"type":"LOG","log":{"level":"INFO","message":"INFO o.a.k.c.s.FileOffsetBackingStore(stop):66 Stopped FileOffsetBackingStore"}}
{"type":"LOG","log":{"level":"INFO","message":"INFO i.a.i.s.p.PostgresSource(lambda$getReplicationSlot$4):296 Attempting to find the named replication slot using the query: HikariProxyPreparedStatement@1305858754 wrapping SELECT * FROM pg_replication_slots WHERE slot_name = 'debezium_slot_db_sbvglnrpdt' AND plugin = 'pgoutput' AND database = 'db_sbvglnrpdt'"}}
{"type":"LOG","log":{"level":"INFO","message":"INFO i.a.d.j.s.AdaptiveStreamingQueryConfig(initialize):31 Set initial fetch size: 10 rows"}}
{"type":"LOG","log":{"level":"INFO","message":"INFO i.a.i.d.i.p.PostgresDebeziumStateUtil(isSavedOffsetAfterReplicationSlotLSN):62 Replication slot confirmed_flush_lsn : 23902672 Saved offset LSN : 23903320"}}
{"type":"LOG","log":{"level":"INFO","message":"INFO i.a.i.s.p.PostgresUtils(shouldFlushAfterSync):61 Should flush after sync: true"}}
{"type":"LOG","log":{"level":"INFO","message":"INFO i.a.i.d.i.p.PostgresReplicationConnection(createConnection):44 Creating a replication connection."}}
{"type":"LOG","log":{"level":"INFO","message":"INFO i.a.i.d.i.p.PostgresReplicationConnection(createConnection):47 Validating replication connection."}}
{"type":"LOG","log":{"level":"INFO","message":"INFO i.a.i.d.i.p.PostgresCdcTargetPosition(targetPosition):49 identified target lsn: PgLsn{lsn=23907064}"}}
{"type":"LOG","log":{"level":"INFO","message":"INFO i.a.i.s.p.PostgresUtils(shouldFlushAfterSync):61 Should flush after sync: true"}}
{"type":"LOG","log":{"level":"INFO","message":"INFO i.a.i.d.AirbyteDebeziumHandler(getIncrementalIterators):95 Using CDC: true"}}
{"type":"LOG","log":{"level":"INFO","message":"INFO o.a.k.c.c.AbstractConfig(logAll):376 JsonConverterConfig values: \n\tconverter.type = key\n\tdecimal.format = BASE64\n\tschemas.cache.size = 1000\n\tschemas.enable = false\n"}}
{"type":"LOG","log":{"level":"INFO","message":"INFO o.a.k.c.c.AbstractConfig(logAll):376 JsonConverterConfig values: \n\tconverter.type = value\n\tdecimal.format = BASE64\n\tschemas.cache.size = 1000\n\tschemas.enable = false\n"}}
{"type":"LOG","log":{"level":"INFO","message":"INFO o.a.k.c.c.AbstractConfig(logAll):376 EmbeddedConfig values: \n\taccess.control.allow.methods = \n\taccess.control.allow.origin = \n\tadmin.listeners = null\n\tauto.include.jmx.reporter = true\n\tbootstrap.servers = [localhost:9092]\n\tclient.dns.lookup = use_all_dns_ips\n\tconfig.providers = []\n\tconnector.client.config.override.policy = All\n\theader.converter = class org.apache.kafka.connect.storage.SimpleHeaderConverter\n\tkey.converter = class org.apache.kafka.connect.json.JsonConverter\n\tlisteners = [http://:8083]\n\tmetric.reporters = []\n\tmetrics.num.samples = 2\n\tmetrics.recording.level = INFO\n\tmetrics.sample.window.ms = 30000\n\toffset.flush.interval.ms = 1000\n\toffset.flush.timeout.ms = 5000\n\toffset.storage.file.filename = /tmp/cdc-state-offset168730200567274481/offset.dat\n\toffset.storage.partitions = null\n\toffset.storage.replication.factor = null\n\toffset.storage.topic = \n\tplugin.path = null\n\tresponse.http.headers.config = \n\trest.advertised.host.name = null\n\trest.advertised.listener = null\n\trest.advertised.port = null\n\trest.extension.classes = []\n\tssl.cipher.suites = null\n\tssl.client.auth = none\n\tssl.enabled.protocols = [TLSv1.2, TLSv1.3]\n\tssl.endpoint.identification.algorithm = https\n\tssl.engine.factory.class = null\n\tssl.key.password = null\n\tssl.keymanager.algorithm = SunX509\n\tssl.keystore.certificate.chain = null\n\tssl.keystore.key = null\n\tssl.keystore.location = null\n\tssl.keystore.password = null\n\tssl.keystore.type = JKS\n\tssl.protocol = TLSv1.3\n\tssl.provider = null\n\tssl.secure.random.implementation = null\n\tssl.trustmanager.algorithm = PKIX\n\tssl.truststore.certificates = null\n\tssl.truststore.location = null\n\tssl.truststore.password = null\n\tssl.truststore.type = JKS\n\ttask.shutdown.graceful.timeout.ms = 5000\n\ttopic.creation.enable = true\n\ttopic.tracking.allow.reset = true\n\ttopic.tracking.enable = true\n\tvalue.converter = class org.apache.kafka.connect.json.JsonConverter\n"}}
{"type":"LOG","log":{"level":"WARN","message":"WARN o.a.k.c.r.WorkerConfig(logPluginPathConfigProviderWarning):379 Variables cannot be used in the 'plugin.path' property, since the property is used by plugin scanning before the config providers that replace the variables are initialized. The raw value 'null' was used for plugin scanning, as opposed to the transformed value 'null', and this may cause unexpected results."}}
{"type":"LOG","log":{"level":"INFO","message":"INFO o.a.k.c.c.AbstractConfig(logAll):376 JsonConverterConfig values: \n\tconverter.type = key\n\tdecimal.format = BASE64\n\tschemas.cache.size = 1000\n\tschemas.enable = false\n"}}
{"type":"LOG","log":{"level":"INFO","message":"INFO o.a.k.c.c.AbstractConfig(logAll):376 JsonConverterConfig values: \n\tconverter.type = value\n\tdecimal.format = BASE64\n\tschemas.cache.size = 1000\n\tschemas.enable = false\n"}}
{"type":"LOG","log":{"level":"WARN","message":"WARN i.d.c.p.PostgresConnectorConfig(validateFlushLsnSource):1070 Property 'flush.lsn.source' is set to 'false', the LSN will not be flushed to the database source and WAL logs will not be cleared. User is expected to handle this outside Debezium."}}
{"type":"LOG","log":{"level":"INFO","message":"INFO i.d.c.p.PostgresConnector(testConnection):154 Successfully tested connection for jdbc:postgresql://localhost:56238/db_sbvglnrpdt with user 'test'"}}
{"type":"LOG","log":{"level":"INFO","message":"INFO i.d.j.JdbcConnection(lambda$doClose$4):947 Connection gracefully closed"}}
{"type":"LOG","log":{"level":"INFO","message":"INFO o.a.k.c.s.FileOffsetBackingStore(start):58 Starting FileOffsetBackingStore with file /tmp/cdc-state-offset168730200567274481/offset.dat"}}
{"type":"LOG","log":{"level":"WARN","message":"WARN i.d.c.p.PostgresConnectorConfig(validateFlushLsnSource):1070 Property 'flush.lsn.source' is set to 'false', the LSN will not be flushed to the database source and WAL logs will not be cleared. User is expected to handle this outside Debezium."}}
{"type":"LOG","log":{"level":"INFO","message":"INFO i.d.c.c.BaseSourceTask(start):124 Starting PostgresConnectorTask with configuration:"}}
{"type":"LOG","log":{"level":"INFO","message":"INFO i.d.c.c.BaseSourceTask(lambda$start$0):126    connector.class = io.debezium.connector.postgresql.PostgresConnector"}}
{"type":"LOG","log":{"level":"INFO","message":"INFO i.d.c.c.BaseSourceTask(lambda$start$0):126    max.queue.size = 8192"}}
{"type":"LOG","log":{"level":"INFO","message":"INFO i.d.c.c.BaseSourceTask(lambda$start$0):126    slot.name = debezium_slot_db_sbvglnrpdt"}}
{"type":"LOG","log":{"level":"INFO","message":"INFO i.d.c.c.BaseSourceTask(lambda$start$0):126    publication.name = publication"}}
{"type":"LOG","log":{"level":"INFO","message":"INFO i.d.c.c.BaseSourceTask(lambda$start$0):126    topic.prefix = db_sbvglnrpdt"}}
{"type":"LOG","log":{"level":"INFO","message":"INFO i.d.c.c.BaseSourceTask(lambda$start$0):126    offset.storage.file.filename = /tmp/cdc-state-offset168730200567274481/offset.dat"}}
{"type":"LOG","log":{"level":"INFO","message":"INFO i.d.c.c.BaseSourceTask(lambda$start$0):126    decimal.handling.mode = string"}}
{"type":"LOG","log":{"level":"INFO","message":"INFO i.d.c.c.BaseSourceTask(lambda$start$0):126    flush.lsn.source = false"}}
{"type":"LOG","log":{"level":"INFO","message":"INFO i.d.c.c.BaseSourceTask(lambda$start$0):126    converters = datetime"}}
{"type":"LOG","log":{"level":"INFO","message":"INFO i.d.c.c.BaseSourceTask(lambda$start$0):126    errors.retry.delay.initial.ms = 299"}}
{"type":"LOG","log":{"level":"INFO","message":"INFO i.d.c.c.BaseSourceTask(lambda$start$0):126    datetime.type = io.airbyte.integrations.debezium.internals.postgres.PostgresConverter"}}
{"type":"LOG","log":{"level":"INFO","message":"INFO i.d.c.c.BaseSourceTask(lambda$start$0):126    value.converter = org.apache.kafka.connect.json.JsonConverter"}}
{"type":"LOG","log":{"level":"INFO","message":"INFO i.d.c.c.BaseSourceTask(lambda$start$0):126    key.converter = org.apache.kafka.connect.json.JsonConverter"}}
{"type":"LOG","log":{"level":"INFO","message":"INFO i.d.c.c.BaseSourceTask(lambda$start$0):126    publication.autocreate.mode = disabled"}}
{"type":"LOG","log":{"level":"INFO","message":"INFO i.d.c.c.BaseSourceTask(lambda$start$0):126    database.user = test"}}
{"type":"LOG","log":{"level":"INFO","message":"INFO i.d.c.c.BaseSourceTask(lambda$start$0):126    database.dbname = db_sbvglnrpdt"}}
{"type":"LOG","log":{"level":"INFO","message":"INFO i.d.c.c.BaseSourceTask(lambda$start$0):126    offset.storage = org.apache.kafka.connect.storage.FileOffsetBackingStore"}}
{"type":"LOG","log":{"level":"INFO","message":"INFO i.d.c.c.BaseSourceTask(lambda$start$0):126    errors.retry.delay.max.ms = 300"}}
{"type":"LOG","log":{"level":"INFO","message":"INFO i.d.c.c.BaseSourceTask(lambda$start$0):126    offset.flush.timeout.ms = 5000"}}
{"type":"LOG","log":{"level":"INFO","message":"INFO i.d.c.c.BaseSourceTask(lambda$start$0):126    heartbeat.interval.ms = 10000"}}
{"type":"LOG","log":{"level":"INFO","message":"INFO i.d.c.c.BaseSourceTask(lambda$start$0):126    column.include.list = \\Qmodels_schema.models\\E\\.(\\Qmodel\\E|\\Qid\\E|\\Qmake_id\\E)"}}
{"type":"LOG","log":{"level":"INFO","message":"INFO i.d.c.c.BaseSourceTask(lambda$start$0):126    plugin.name = pgoutput"}}
{"type":"LOG","log":{"level":"INFO","message":"INFO i.d.c.c.BaseSourceTask(lambda$start$0):126    database.port = 56238"}}
{"type":"LOG","log":{"level":"INFO","message":"INFO i.d.c.c.BaseSourceTask(lambda$start$0):126    offset.flush.interval.ms = 1000"}}
{"type":"LOG","log":{"level":"INFO","message":"INFO i.d.c.c.BaseSourceTask(lambda$start$0):126    key.converter.schemas.enable = false"}}
{"type":"LOG","log":{"level":"INFO","message":"INFO i.d.c.c.BaseSourceTask(lambda$start$0):126    include.unknown.datatypes = true"}}
{"type":"LOG","log":{"level":"INFO","message":"INFO i.d.c.c.BaseSourceTask(lambda$start$0):126    errors.max.retries = 10"}}
{"type":"LOG","log":{"level":"INFO","message":"INFO i.d.c.c.BaseSourceTask(lambda$start$0):126    database.hostname = localhost"}}
{"type":"LOG","log":{"level":"INFO","message":"INFO i.d.c.c.BaseSourceTask(lambda$start$0):126    database.password = ********"}}
{"type":"LOG","log":{"level":"INFO","message":"INFO i.d.c.c.BaseSourceTask(lambda$start$0):126    value.converter.schemas.enable = false"}}
{"type":"LOG","log":{"level":"INFO","message":"INFO i.d.c.c.BaseSourceTask(lambda$start$0):126    name = db_sbvglnrpdt"}}
{"type":"LOG","log":{"level":"INFO","message":"INFO i.d.c.c.BaseSourceTask(lambda$start$0):126    max.batch.size = 2048"}}
{"type":"LOG","log":{"level":"INFO","message":"INFO i.d.c.c.BaseSourceTask(lambda$start$0):126    table.include.list = \\Qmodels_schema.models\\E"}}
{"type":"LOG","log":{"level":"INFO","message":"INFO i.d.c.c.BaseSourceTask(lambda$start$0):126    snapshot.mode = initial"}}
{"type":"LOG","log":{"level":"INFO","message":"INFO i.d.c.c.BaseSourceTask(startIfNeededAndPossible):243 Attempting to start task"}}
{"type":"LOG","log":{"level":"INFO","message":"INFO i.d.c.CommonConnectorConfig(getTopicNamingStrategy):849 Loading the custom topic naming strategy plugin: io.debezium.schema.SchemaTopicNamingStrategy"}}
{"type":"LOG","log":{"level":"INFO","message":"INFO i.d.j.JdbcConnection(lambda$doClose$4):947 Connection gracefully closed"}}
{"type":"LOG","log":{"level":"INFO","message":"INFO i.d.c.c.BaseSourceTask(getPreviousOffsets):370 Found previous partition offset PostgresPartition [sourcePartition={server=db_sbvglnrpdt}]: {transaction_id=null, lsn=23903320, txId=505, ts_usec=1684591522533105}"}}
{"type":"LOG","log":{"level":"INFO","message":"INFO i.d.c.p.PostgresConnectorTask(start):113 user 'test' connected to database 'db_sbvglnrpdt' on PostgreSQL 13.11 on x86_64-pc-linux-musl, compiled by gcc (Alpine 12.2.1_git20220924-r10) 12.2.1 20220924, 64-bit with roles:\n\trole 'pg_read_all_settings' [superuser: false, replication: false, inherit: true, create role: false, create db: false, can log in: false]\n\trole 'pg_stat_scan_tables' [superuser: false, replication: false, inherit: true, create role: false, create db: false, can log in: false]\n\trole 'pg_write_server_files' [superuser: false, replication: false, inherit: true, create role: false, create db: false, can log in: false]\n\trole 'test' [superuser: true, replication: true, inherit: true, create role: true, create db: true, can log in: true]\n\trole 'pg_monitor' [superuser: false, replication: false, inherit: true, create role: false, create db: false, can log in: false]\n\trole 'pg_read_server_files' [superuser: false, replication: false, inherit: true, create role: false, create db: false, can log in: false]\n\trole 'pg_execute_server_program' [superuser: false, replication: false, inherit: true, create role: false, create db: false, can log in: false]\n\trole 'pg_read_all_stats' [superuser: false, replication: false, inherit: true, create role: false, create db: false, can log in: false]\n\trole 'pg_signal_backend' [superuser: false, replication: false, inherit: true, create role: false, create db: false, can log in: false]"}}
{"type":"LOG","log":{"level":"INFO","message":"INFO i.d.c.p.c.PostgresConnection(readReplicationSlotInfo):264 Obtained valid replication slot ReplicationSlot [active=false, latestFlushedLsn=LSN{0/16CBC58}, catalogXmin=504]"}}
{"type":"LOG","log":{"level":"INFO","message":"INFO i.d.c.p.PostgresConnectorTask(start):127 Found previous offset PostgresOffsetContext [sourceInfoSchema=Schema{io.debezium.connector.postgresql.Source:STRUCT}, sourceInfo=source_info[server='db_sbvglnrpdt'db='db_sbvglnrpdt', lsn=LSN{0/16CBC58}, txId=505, timestamp=2023-05-20T14:05:22.533105Z, snapshot=FALSE, schema=, table=], lastSnapshotRecord=false, lastCompletelyProcessedLsn=null, lastCommitLsn=null, streamingStoppingLsn=null, transactionContext=TransactionContext [currentTransactionId=null, perTableEventCount={}, totalEventCount=0], incrementalSnapshotContext=IncrementalSnapshotContext [windowOpened=false, chunkEndPosition=null, dataCollectionsToSnapshot=[], lastEventKeySent=null, maximumKey=null]]"}}
{"type":"LOG","log":{"level":"INFO","message":"INFO i.d.u.Threads(threadFactory):270 Requested thread factory for connector PostgresConnector, id = db_sbvglnrpdt named = change-event-source-coordinator"}}
{"type":"LOG","log":{"level":"INFO","message":"INFO i.d.u.Threads$3(newThread):287 Creating thread debezium-postgresconnector-db_sbvglnrpdt-change-event-source-coordinator"}}
{"type":"LOG","log":{"level":"INFO","message":"INFO i.d.c.c.BaseSourceTask(startIfNeededAndPossible):245 Successfully started task"}}
{"type":"LOG","log":{"level":"INFO","message":"INFO i.d.p.ChangeEventSourceCoordinator(lambda$start$0):103 Metrics registered"}}
{"type":"LOG","log":{"level":"INFO","message":"INFO i.d.p.ChangeEventSourceCoordinator(lambda$start$0):106 Context created"}}
{"type":"LOG","log":{"level":"INFO","message":"INFO i.d.c.p.s.InitialSnapshotter(shouldSnapshot):42 Previous snapshot has completed successfully, streaming logical changes from last known position"}}
{"type":"LOG","log":{"level":"INFO","message":"INFO i.d.c.p.PostgresSnapshotChangeEventSource(getSnapshottingTask):68 According to the connector configuration no snapshot will be executed"}}
{"type":"LOG","log":{"level":"INFO","message":"INFO i.d.p.ChangeEventSourceCoordinator(doSnapshot):156 Snapshot ended with SnapshotResult [status=SKIPPED, offset=PostgresOffsetContext [sourceInfoSchema=Schema{io.debezium.connector.postgresql.Source:STRUCT}, sourceInfo=source_info[server='db_sbvglnrpdt'db='db_sbvglnrpdt', lsn=LSN{0/16CBC58}, txId=505, timestamp=2023-05-20T14:05:22.533105Z, snapshot=FALSE, schema=, table=], lastSnapshotRecord=false, lastCompletelyProcessedLsn=null, lastCommitLsn=null, streamingStoppingLsn=null, transactionContext=TransactionContext [currentTransactionId=null, perTableEventCount={}, totalEventCount=0], incrementalSnapshotContext=IncrementalSnapshotContext [windowOpened=false, chunkEndPosition=null, dataCollectionsToSnapshot=[], lastEventKeySent=null, maximumKey=null]]]"}}
{"type":"LOG","log":{"level":"INFO","message":"INFO i.d.p.ChangeEventSourceCoordinator(streamingConnected):240 Connected metrics set to 'true'"}}
{"type":"LOG","log":{"level":"INFO","message":"INFO i.d.c.p.PostgresSchema(printReplicaIdentityInfo):100 REPLICA IDENTITY for 'models_schema.models' is 'DEFAULT'; UPDATE and DELETE events will contain previous values only for PK columns"}}
{"type":"LOG","log":{"level":"INFO","message":"INFO i.d.p.ChangeEventSourceCoordinator(streamEvents):173 Starting streaming"}}
{"type":"LOG","log":{"level":"INFO","message":"INFO i.d.c.p.PostgresStreamingChangeEventSource(execute):136 Retrieved latest position from stored offset 'LSN{0/16CBC58}'"}}
{"type":"LOG","log":{"level":"INFO","message":"INFO i.d.c.p.c.WalPositionLocator(<init>):48 Looking for WAL restart position for last commit LSN 'null' and last change LSN 'LSN{0/16CBC58}'"}}
{"type":"LOG","log":{"level":"INFO","message":"INFO i.d.c.p.c.PostgresReplicationConnection(initPublication):147 Initializing PgOutput logical decoder publication"}}
{"type":"LOG","log":{"level":"INFO","message":"INFO i.d.c.p.c.PostgresConnection(readReplicationSlotInfo):264 Obtained valid replication slot ReplicationSlot [active=false, latestFlushedLsn=LSN{0/16CBC58}, catalogXmin=504]"}}
{"type":"LOG","log":{"level":"INFO","message":"INFO i.d.j.JdbcConnection(lambda$doClose$4):947 Connection gracefully closed"}}
{"type":"LOG","log":{"level":"INFO","message":"INFO i.d.u.Threads(threadFactory):270 Requested thread factory for connector PostgresConnector, id = db_sbvglnrpdt named = keep-alive"}}
{"type":"LOG","log":{"level":"INFO","message":"INFO i.d.u.Threads$3(newThread):287 Creating thread debezium-postgresconnector-db_sbvglnrpdt-keep-alive"}}
{"type":"LOG","log":{"level":"INFO","message":"INFO i.d.c.p.PostgresSchema(printReplicaIdentityInfo):100 REPLICA IDENTITY for 'models_schema.models' is 'DEFAULT'; UPDATE and DELETE events will contain previous values only for PK columns"}}
{"type":"LOG","log":{"level":"INFO","message":"INFO i.d.c.p.PostgresStreamingChangeEventSource(searchWalPosition):327 Searching for WAL resume position"}}
{"type":"LOG","log":{"level":"INFO","message":"INFO i.d.c.p.c.WalPositionLocator(resumeFromLsn):71 First LSN 'LSN{0/16CBC80}' received"}}
{"type":"LOG","log":{"level":"INFO","message":"INFO i.d.c.p.PostgresStreamingChangeEventSource(searchWalPosition):348 WAL resume position 'LSN{0/16CBC80}' discovered"}}
{"type":"LOG","log":{"level":"INFO","message":"INFO i.d.j.JdbcConnection(lambda$doClose$4):947 Connection gracefully closed"}}
{"type":"LOG","log":{"level":"INFO","message":"INFO i.d.j.JdbcConnection(lambda$doClose$4):947 Connection gracefully closed"}}
{"type":"LOG","log":{"level":"INFO","message":"INFO i.d.c.p.c.PostgresReplicationConnection(initPublication):147 Initializing PgOutput logical decoder publication"}}
{"type":"LOG","log":{"level":"INFO","message":"INFO i.d.u.Threads(threadFactory):270 Requested thread factory for connector PostgresConnector, id = db_sbvglnrpdt named = keep-alive"}}
{"type":"LOG","log":{"level":"INFO","message":"INFO i.d.u.Threads$3(newThread):287 Creating thread debezium-postgresconnector-db_sbvglnrpdt-keep-alive"}}
{"type":"LOG","log":{"level":"INFO","message":"INFO i.d.c.p.PostgresStreamingChangeEventSource(processMessages):211 Processing messages"}}
{"type":"LOG","log":{"level":"INFO","message":"INFO i.d.c.p.c.WalPositionLocator(skipMessage):152 Message with LSN 'LSN{0/16CBC80}' arrived, switching off the filtering"}}
{"type":"LOG","log":{"level":"INFO","message":"INFO i.d.c.c.BaseSourceTask(logStatistics):195 21 records sent during previous 00:00:10.698, last recorded offset of {server=db_sbvglnrpdt} partition is {transaction_id=null, lsn_proc=23907064, messageType=INSERT, lsn_commit=23907064, lsn=23907064, txId=525, ts_usec=1684591533741206}"}}
{"type":"LOG","log":{"level":"INFO","message":"INFO i.a.i.d.i.DebeziumRecordIterator(requestClose):208 Closing: Heartbeat indicates sync is done"}}
{"type":"LOG","log":{"level":"INFO","message":"INFO i.d.e.EmbeddedEngine(stop):1146 Stopping the embedded engine"}}
{"type":"LOG","log":{"level":"INFO","message":"INFO i.d.e.EmbeddedEngine(stop):1153 Waiting for PT5M for connector to stop"}}
{"type":"LOG","log":{"level":"INFO","message":"INFO i.d.e.EmbeddedEngine(run):944 Stopping the task and engine"}}
{"type":"LOG","log":{"level":"INFO","message":"INFO i.d.c.c.BaseSourceTask(stop):278 Stopping down connector"}}
{"type":"LOG","log":{"level":"INFO","message":"INFO i.d.j.JdbcConnection(lambda$doClose$4):947 Connection gracefully closed"}}
{"type":"LOG","log":{"level":"INFO","message":"INFO i.d.j.JdbcConnection(lambda$doClose$4):947 Connection gracefully closed"}}
{"type":"LOG","log":{"level":"INFO","message":"INFO i.d.p.ChangeEventSourceCoordinator(streamEvents):175 Finished streaming"}}
{"type":"LOG","log":{"level":"INFO","message":"INFO i.d.p.ChangeEventSourceCoordinator(streamingConnected):240 Connected metrics set to 'false'"}}
{"type":"LOG","log":{"level":"INFO","message":"INFO o.a.k.c.s.FileOffsetBackingStore(stop):66 Stopped FileOffsetBackingStore"}}
{"type":"LOG","log":{"level":"INFO","message":"INFO i.a.i.d.i.DebeziumRecordPublisher(lambda$start$1):73 Debezium engine shutdown."}}
{"type":"LOG","log":{"level":"INFO","message":"INFO i.a.i.d.i.DebeziumRecordPublisher(lambda$start$1):74 Connector 'io.debezium.connector.postgresql.PostgresConnector' completed normally."}}
{"type":"LOG","log":{"level":"INFO","message":"INFO i.a.i.s.p.PostgresCdcStateHandler(saveState):37 debezium state: {\"[\\\"db_sbvglnrpdt\\\",{\\\"server\\\":\\\"db_sbvglnrpdt\\\"}]\":\"{\\\"transaction_id\\\":null,\\\"lsn_proc\\\":23907064,\\\"messageType\\\":\\\"INSERT\\\",\\\"lsn_commit\\\":23907064,\\\"lsn\\\":23907064,\\\"txId\\\":525,\\\"ts_usec\\\":1684591533741206}\"}"}}
{"type":"LOG","log":{"level":"INFO","message":"INFO i.a.i.s.r.AbstractDbSource(lambda$read$1):173 Closing database connection pool."}}
{"type":"LOG","log":{"level":"INFO","message":"INFO c.z.h.HikariDataSource(close):350 HikariPool-43 - Shutdown initiated..."}}
{"type":"LOG","log":{"level":"INFO","message":"INFO c.z.h.HikariDataSource(close):352 HikariPool-43 - Shutdown completed."}}
{"type":"LOG","log":{"level":"INFO","message":"INFO i.a.i.s.r.AbstractDbSource(lambda$read$1):175 Closed database connection pool."}}
{"type":"LOG","log":{"level":"INFO","message":"INFO i.a.i.s.p.PostgresSource(lambda$getReplicationSlot$4):296 Attempting to find the named replication slot using the query: HikariProxyPreparedStatement@1488589205 wrapping SELECT * FROM pg_replication_slots WHERE slot_name = 'debezium_slot_db_sbvglnrpdt' AND plugin = 'pgoutput' AND database = 'db_sbvglnrpdt'"}}
{"type":"LOG","log":{"level":"INFO","message":"INFO i.a.d.j.DefaultJdbcDatabase(lambda$unsafeQuery$1):115 closing connection"}}
{"type":"LOG","log":{"level":"INFO","message":"INFO i.a.i.s.p.PostgresUtils(isCdc):53 using CDC: true"}}
{"type":"LOG","log":{"level":"INFO","message":"INFO i.a.i.s.r.s.StateManagerFactory(createStateManager):51 Global state manager selected to manage state object with type GLOBAL."}}
{"type":"LOG","log":{"level":"INFO","message":"INFO i.a.i.s.r.CdcStateManager(<init>):29 Initialized CDC state with: io.airbyte.integrations.source.relationaldb.models.CdcState@69e0d31d[state={\"[\\\"db_sbvglnrpdt\\\",{\\\"server\\\":\\\"db_sbvglnrpdt\\\"}]\":\"{\\\"transaction_id\\\":null,\\\"lsn\\\":23903320,\\\"txId\\\":505,\\\"ts_usec\\\":1684591522533105}\"},additionalProperties={}]"}}
{"type":"LOG","log":{"level":"INFO","message":"INFO c.z.h.HikariDataSource(<init>):80 HikariPool-44 - Starting..."}}
{"type":"LOG","log":{"level":"INFO","message":"INFO c.z.h.HikariDataSource(<init>):82 HikariPool-44 - Start completed."}}
{"type":"LOG","log":{"level":"INFO","message":"INFO i.a.i.s.p.PostgresUtils(isCdc):53 using CDC: true"}}
{"type":"LOG","log":{"level":"INFO","message":"INFO i.a.d.j.s.AdaptiveStreamingQueryConfig(initialize):31 Set initial fetch size: 10 rows"}}
{"type":"LOG","log":{"level":"INFO","message":"INFO i.a.i.s.p.PostgresCdcCatalogHelper(getPublicizedTables):119 For CDC, only tables in publication publication will be included in the sync: [models_schema.models, models_schema_random.models_random]"}}
{"type":"LOG","log":{"level":"INFO","message":"INFO i.a.i.s.j.AbstractJdbcSource(logPreSyncDebugData):450 Data source product recognized as PostgreSQL:13.11"}}
{"type":"LOG","log":{"level":"INFO","message":"INFO i.a.i.s.p.PostgresSource(logPreSyncDebugData):221 Discovering indexes for schema \"models_schema\", table \"models\""}}
{"type":"LOG","log":{"level":"INFO","message":"INFO i.a.i.s.p.PostgresSource(logPreSyncDebugData):223 Index name: models_pkey, Column: id, Unique: true"}}
{"type":"LOG","log":{"level":"INFO","message":"INFO i.a.i.s.p.PostgresQueryUtils(logXminStatus):77 Xmin Status : {Number of wraparounds: 0, Xmin Transaction Value: 527, Xmin Raw Value: 527"}}
{"type":"LOG","log":{"level":"INFO","message":"INFO i.a.i.s.j.AbstractJdbcSource(discoverInternal):166 Internal schemas to exclude: [catalog_history, information_schema, pg_catalog, pg_internal]"}}
{"type":"LOG","log":{"level":"INFO","message":"INFO i.a.d.j.s.AdaptiveStreamingQueryConfig(initialize):31 Set initial fetch size: 10 rows"}}
{"type":"LOG","log":{"level":"INFO","message":"INFO i.a.i.s.j.AbstractJdbcSource(discoverInternal):166 Internal schemas to exclude: [catalog_history, information_schema, pg_catalog, pg_internal]"}}
{"type":"LOG","log":{"level":"INFO","message":"INFO i.a.d.j.s.AdaptiveStreamingQueryConfig(initialize):31 Set initial fetch size: 10 rows"}}
{"type":"LOG","log":{"level":"INFO","message":"INFO i.a.i.s.p.PostgresUtils(isCdc):53 using CDC: true"}}
{"type":"LOG","log":{"level":"INFO","message":"INFO i.a.i.s.p.PostgresUtils(getFirstRecordWaitTime):111 First record waiting time: 30 seconds"}}
{"type":"LOG","log":{"level":"INFO","message":"INFO i.a.i.s.p.PostgresSource(getIncrementalIterators):369 First record waiting time: 30 seconds"}}
{"type":"LOG","log":{"level":"INFO","message":"INFO i.a.i.s.p.PostgresUtils(shouldFlushAfterSync):61 Should flush after sync: true"}}
{"type":"LOG","log":{"level":"INFO","message":"INFO o.a.k.c.c.AbstractConfig(logAll):376 StandaloneConfig values: \n\taccess.control.allow.methods = \n\taccess.control.allow.origin = \n\tadmin.listeners = null\n\tauto.include.jmx.reporter = true\n\tbootstrap.servers = [localhost:9092]\n\tclient.dns.lookup = use_all_dns_ips\n\tconfig.providers = []\n\tconnector.client.config.override.policy = All\n\theader.converter = class org.apache.kafka.connect.storage.SimpleHeaderConverter\n\tkey.converter = class org.apache.kafka.connect.json.JsonConverter\n\tlisteners = [http://:8083]\n\tmetric.reporters = []\n\tmetrics.num.samples = 2\n\tmetrics.recording.level = INFO\n\tmetrics.sample.window.ms = 30000\n\toffset.flush.interval.ms = 1000\n\toffset.flush.timeout.ms = 5000\n\toffset.storage.file.filename = /tmp/cdc-state-offset17848050173115809243/offset.dat\n\tplugin.path = null\n\tresponse.http.headers.config = \n\trest.advertised.host.name = null\n\trest.advertised.listener = null\n\trest.advertised.port = null\n\trest.extension.classes = []\n\tssl.cipher.suites = null\n\tssl.client.auth = none\n\tssl.enabled.protocols = [TLSv1.2, TLSv1.3]\n\tssl.endpoint.identification.algorithm = https\n\tssl.engine.factory.class = null\n\tssl.key.password = null\n\tssl.keymanager.algorithm = SunX509\n\tssl.keystore.certificate.chain = null\n\tssl.keystore.key = null\n\tssl.keystore.location = null\n\tssl.keystore.password = null\n\tssl.keystore.type = JKS\n\tssl.protocol = TLSv1.3\n\tssl.provider = null\n\tssl.secure.random.implementation = null\n\tssl.trustmanager.algorithm = PKIX\n\tssl.truststore.certificates = null\n\tssl.truststore.location = null\n\tssl.truststore.password = null\n\tssl.truststore.type = JKS\n\ttask.shutdown.graceful.timeout.ms = 5000\n\ttopic.creation.enable = true\n\ttopic.tracking.allow.reset = true\n\ttopic.tracking.enable = true\n\tvalue.converter = class org.apache.kafka.connect.json.JsonConverter\n"}}
{"type":"LOG","log":{"level":"WARN","message":"WARN o.a.k.c.r.WorkerConfig(logPluginPathConfigProviderWarning):379 Variables cannot be used in the 'plugin.path' property, since the property is used by plugin scanning before the config providers that replace the variables are initialized. The raw value 'null' was used for plugin scanning, as opposed to the transformed value 'null', and this may cause unexpected results."}}
{"type":"LOG","log":{"level":"INFO","message":"INFO o.a.k.c.s.FileOffsetBackingStore(start):58 Starting FileOffsetBackingStore with file /tmp/cdc-state-offset17848050173115809243/offset.dat"}}
{"type":"LOG","log":{"level":"INFO","message":"INFO o.a.k.c.c.AbstractConfig(logAll):376 JsonConverterConfig values: \n\tconverter.type = key\n\tdecimal.format = BASE64\n\tschemas.cache.size = 1000\n\tschemas.enable = false\n"}}
{"type":"LOG","log":{"level":"INFO","message":"INFO o.a.k.c.c.AbstractConfig(logAll):376 JsonConverterConfig values: \n\tconverter.type = value\n\tdecimal.format = BASE64\n\tschemas.cache.size = 1000\n\tschemas.enable = false\n"}}
{"type":"LOG","log":{"level":"INFO","message":"INFO i.a.i.d.i.p.PostgresDebeziumStateUtil(extractLsn):201 Found previous partition offset PostgresPartition [sourcePartition={server=db_sbvglnrpdt}]: {transaction_id=null, lsn=23903320, txId=505, ts_usec=1684591522533105}"}}
{"type":"LOG","log":{"level":"INFO","message":"INFO i.a.i.d.i.p.PostgresDebeziumStateUtil(parseSavedOffset):181 Closing offsetStorageReader and fileOffsetBackingStore"}}
{"type":"LOG","log":{"level":"INFO","message":"INFO o.a.k.c.s.FileOffsetBackingStore(stop):66 Stopped FileOffsetBackingStore"}}
{"type":"LOG","log":{"level":"INFO","message":"INFO i.a.i.s.p.PostgresSource(lambda$getReplicationSlot$4):296 Attempting to find the named replication slot using the query: HikariProxyPreparedStatement@2125069217 wrapping SELECT * FROM pg_replication_slots WHERE slot_name = 'debezium_slot_db_sbvglnrpdt' AND plugin = 'pgoutput' AND database = 'db_sbvglnrpdt'"}}
{"type":"LOG","log":{"level":"INFO","message":"INFO i.a.d.j.s.AdaptiveStreamingQueryConfig(initialize):31 Set initial fetch size: 10 rows"}}
{"type":"LOG","log":{"level":"INFO","message":"INFO i.a.i.d.i.p.PostgresDebeziumStateUtil(isSavedOffsetAfterReplicationSlotLSN):62 Replication slot confirmed_flush_lsn : 23903320 Saved offset LSN : 23903320"}}
{"type":"LOG","log":{"level":"INFO","message":"INFO i.a.i.s.p.PostgresUtils(shouldFlushAfterSync):61 Should flush after sync: true"}}
{"type":"LOG","log":{"level":"INFO","message":"INFO i.a.i.d.i.p.PostgresReplicationConnection(createConnection):44 Creating a replication connection."}}
{"type":"LOG","log":{"level":"INFO","message":"INFO i.a.i.d.i.p.PostgresReplicationConnection(createConnection):47 Validating replication connection."}}
{"type":"LOG","log":{"level":"INFO","message":"INFO i.a.i.d.i.p.PostgresCdcTargetPosition(targetPosition):49 identified target lsn: PgLsn{lsn=23907304}"}}
{"type":"LOG","log":{"level":"INFO","message":"INFO i.a.i.s.p.PostgresUtils(shouldFlushAfterSync):61 Should flush after sync: true"}}
{"type":"LOG","log":{"level":"INFO","message":"INFO i.a.i.d.AirbyteDebeziumHandler(getIncrementalIterators):95 Using CDC: true"}}
{"type":"LOG","log":{"level":"INFO","message":"INFO o.a.k.c.c.AbstractConfig(logAll):376 JsonConverterConfig values: \n\tconverter.type = key\n\tdecimal.format = BASE64\n\tschemas.cache.size = 1000\n\tschemas.enable = false\n"}}
{"type":"LOG","log":{"level":"INFO","message":"INFO o.a.k.c.c.AbstractConfig(logAll):376 JsonConverterConfig values: \n\tconverter.type = value\n\tdecimal.format = BASE64\n\tschemas.cache.size = 1000\n\tschemas.enable = false\n"}}
{"type":"LOG","log":{"level":"INFO","message":"INFO o.a.k.c.c.AbstractConfig(logAll):376 EmbeddedConfig values: \n\taccess.control.allow.methods = \n\taccess.control.allow.origin = \n\tadmin.listeners = null\n\tauto.include.jmx.reporter = true\n\tbootstrap.servers = [localhost:9092]\n\tclient.dns.lookup = use_all_dns_ips\n\tconfig.providers = []\n\tconnector.client.config.override.policy = All\n\theader.converter = class org.apache.kafka.connect.storage.SimpleHeaderConverter\n\tkey.converter = class org.apache.kafka.connect.json.JsonConverter\n\tlisteners = [http://:8083]\n\tmetric.reporters = []\n\tmetrics.num.samples = 2\n\tmetrics.recording.level = INFO\n\tmetrics.sample.window.ms = 30000\n\toffset.flush.interval.ms = 1000\n\toffset.flush.timeout.ms = 5000\n\toffset.storage.file.filename = /tmp/cdc-state-offset4896379941286728665/offset.dat\n\toffset.storage.partitions = null\n\toffset.storage.replication.factor = null\n\toffset.storage.topic = \n\tplugin.path = null\n\tresponse.http.headers.config = \n\trest.advertised.host.name = null\n\trest.advertised.listener = null\n\trest.advertised.port = null\n\trest.extension.classes = []\n\tssl.cipher.suites = null\n\tssl.client.auth = none\n\tssl.enabled.protocols = [TLSv1.2, TLSv1.3]\n\tssl.endpoint.identification.algorithm = https\n\tssl.engine.factory.class = null\n\tssl.key.password = null\n\tssl.keymanager.algorithm = SunX509\n\tssl.keystore.certificate.chain = null\n\tssl.keystore.key = null\n\tssl.keystore.location = null\n\tssl.keystore.password = null\n\tssl.keystore.type = JKS\n\tssl.protocol = TLSv1.3\n\tssl.provider = null\n\tssl.secure.random.implementation = null\n\tssl.trustmanager.algorithm = PKIX\n\tssl.truststore.certificates = null\n\tssl.truststore.location = null\n\tssl.truststore.password = null\n\tssl.truststore.type = JKS\n\ttask.shutdown.graceful.timeout.ms = 5000\n\ttopic.creation.enable = true\n\ttopic.tracking.allow.reset = true\n\ttopic.tracking.enable = true\n\tvalue.converter = class org.apache.kafka.connect.json.JsonConverter\n"}}
{"type":"LOG","log":{"level":"WARN","message":"WARN o.a.k.c.r.WorkerConfig(logPluginPathConfigProviderWarning):379 Variables cannot be used in the 'plugin.path' property, since the property is used by plugin scanning before the config providers that replace the variables are initialized. The raw value 'null' was used for plugin scanning, as opposed to the transformed value 'null', and this may cause unexpected results."}}
{"type":"LOG","log":{"level":"INFO","message":"INFO o.a.k.c.c.AbstractConfig(logAll):376 JsonConverterConfig values: \n\tconverter.type = key\n\tdecimal.format = BASE64\n\tschemas.cache.size = 1000\n\tschemas.enable = false\n"}}
{"type":"LOG","log":{"level":"INFO","message":"INFO o.a.k.c.c.AbstractConfig(logAll):376 JsonConverterConfig values: \n\tconverter.type = value\n\tdecimal.format = BASE64\n\tschemas.cache.size = 1000\n\tschemas.enable = false\n"}}
{"type":"LOG","log":{"level":"WARN","message":"WARN i.d.c.p.PostgresConnectorConfig(validateFlushLsnSource):1070 Property 'flush.lsn.source' is set to 'false', the LSN will not be flushed to the database source and WAL logs will not be cleared. User is expected to handle this outside Debezium."}}
{"type":"LOG","log":{"level":"INFO","message":"INFO i.d.c.p.PostgresConnector(testConnection):154 Successfully tested connection for jdbc:postgresql://localhost:56238/db_sbvglnrpdt with user 'test'"}}
{"type":"LOG","log":{"level":"INFO","message":"INFO i.d.j.JdbcConnection(lambda$doClose$4):947 Connection gracefully closed"}}
{"type":"LOG","log":{"level":"INFO","message":"INFO o.a.k.c.s.FileOffsetBackingStore(start):58 Starting FileOffsetBackingStore with file /tmp/cdc-state-offset4896379941286728665/offset.dat"}}
{"type":"LOG","log":{"level":"WARN","message":"WARN i.d.c.p.PostgresConnectorConfig(validateFlushLsnSource):1070 Property 'flush.lsn.source' is set to 'false', the LSN will not be flushed to the database source and WAL logs will not be cleared. User is expected to handle this outside Debezium."}}
{"type":"LOG","log":{"level":"INFO","message":"INFO i.d.c.c.BaseSourceTask(start):124 Starting PostgresConnectorTask with configuration:"}}
{"type":"LOG","log":{"level":"INFO","message":"INFO i.d.c.c.BaseSourceTask(lambda$start$0):126    connector.class = io.debezium.connector.postgresql.PostgresConnector"}}
{"type":"LOG","log":{"level":"INFO","message":"INFO i.d.c.c.BaseSourceTask(lambda$start$0):126    max.queue.size = 8192"}}
{"type":"LOG","log":{"level":"INFO","message":"INFO i.d.c.c.BaseSourceTask(lambda$start$0):126    slot.name = debezium_slot_db_sbvglnrpdt"}}
{"type":"LOG","log":{"level":"INFO","message":"INFO i.d.c.c.BaseSourceTask(lambda$start$0):126    publication.name = publication"}}
{"type":"LOG","log":{"level":"INFO","message":"INFO i.d.c.c.BaseSourceTask(lambda$start$0):126    topic.prefix = db_sbvglnrpdt"}}
{"type":"LOG","log":{"level":"INFO","message":"INFO i.d.c.c.BaseSourceTask(lambda$start$0):126    offset.storage.file.filename = /tmp/cdc-state-offset4896379941286728665/offset.dat"}}
{"type":"LOG","log":{"level":"INFO","message":"INFO i.d.c.c.BaseSourceTask(lambda$start$0):126    decimal.handling.mode = string"}}
{"type":"LOG","log":{"level":"INFO","message":"INFO i.d.c.c.BaseSourceTask(lambda$start$0):126    flush.lsn.source = false"}}
{"type":"LOG","log":{"level":"INFO","message":"INFO i.d.c.c.BaseSourceTask(lambda$start$0):126    converters = datetime"}}
{"type":"LOG","log":{"level":"INFO","message":"INFO i.d.c.c.BaseSourceTask(lambda$start$0):126    errors.retry.delay.initial.ms = 299"}}
{"type":"LOG","log":{"level":"INFO","message":"INFO i.d.c.c.BaseSourceTask(lambda$start$0):126    datetime.type = io.airbyte.integrations.debezium.internals.postgres.PostgresConverter"}}
{"type":"LOG","log":{"level":"INFO","message":"INFO i.d.c.c.BaseSourceTask(lambda$start$0):126    value.converter = org.apache.kafka.connect.json.JsonConverter"}}
{"type":"LOG","log":{"level":"INFO","message":"INFO i.d.c.c.BaseSourceTask(lambda$start$0):126    key.converter = org.apache.kafka.connect.json.JsonConverter"}}
{"type":"LOG","log":{"level":"INFO","message":"INFO i.d.c.c.BaseSourceTask(lambda$start$0):126    publication.autocreate.mode = disabled"}}
{"type":"LOG","log":{"level":"INFO","message":"INFO i.d.c.c.BaseSourceTask(lambda$start$0):126    database.user = test"}}
{"type":"LOG","log":{"level":"INFO","message":"INFO i.d.c.c.BaseSourceTask(lambda$start$0):126    database.dbname = db_sbvglnrpdt"}}
{"type":"LOG","log":{"level":"INFO","message":"INFO i.d.c.c.BaseSourceTask(lambda$start$0):126    offset.storage = org.apache.kafka.connect.storage.FileOffsetBackingStore"}}
{"type":"LOG","log":{"level":"INFO","message":"INFO i.d.c.c.BaseSourceTask(lambda$start$0):126    errors.retry.delay.max.ms = 300"}}
{"type":"LOG","log":{"level":"INFO","message":"INFO i.d.c.c.BaseSourceTask(lambda$start$0):126    offset.flush.timeout.ms = 5000"}}
{"type":"LOG","log":{"level":"INFO","message":"INFO i.d.c.c.BaseSourceTask(lambda$start$0):126    heartbeat.interval.ms = 10000"}}
{"type":"LOG","log":{"level":"INFO","message":"INFO i.d.c.c.BaseSourceTask(lambda$start$0):126    column.include.list = \\Qmodels_schema.models\\E\\.(\\Qmodel\\E|\\Qid\\E|\\Qmake_id\\E)"}}
{"type":"LOG","log":{"level":"INFO","message":"INFO i.d.c.c.BaseSourceTask(lambda$start$0):126    plugin.name = pgoutput"}}
{"type":"LOG","log":{"level":"INFO","message":"INFO i.d.c.c.BaseSourceTask(lambda$start$0):126    database.port = 56238"}}
{"type":"LOG","log":{"level":"INFO","message":"INFO i.d.c.c.BaseSourceTask(lambda$start$0):126    offset.flush.interval.ms = 1000"}}
{"type":"LOG","log":{"level":"INFO","message":"INFO i.d.c.c.BaseSourceTask(lambda$start$0):126    key.converter.schemas.enable = false"}}
{"type":"LOG","log":{"level":"INFO","message":"INFO i.d.c.c.BaseSourceTask(lambda$start$0):126    include.unknown.datatypes = true"}}
{"type":"LOG","log":{"level":"INFO","message":"INFO i.d.c.c.BaseSourceTask(lambda$start$0):126    errors.max.retries = 10"}}
{"type":"LOG","log":{"level":"INFO","message":"INFO i.d.c.c.BaseSourceTask(lambda$start$0):126    database.hostname = localhost"}}
{"type":"LOG","log":{"level":"INFO","message":"INFO i.d.c.c.BaseSourceTask(lambda$start$0):126    database.password = ********"}}
{"type":"LOG","log":{"level":"INFO","message":"INFO i.d.c.c.BaseSourceTask(lambda$start$0):126    value.converter.schemas.enable = false"}}
{"type":"LOG","log":{"level":"INFO","message":"INFO i.d.c.c.BaseSourceTask(lambda$start$0):126    name = db_sbvglnrpdt"}}
{"type":"LOG","log":{"level":"INFO","message":"INFO i.d.c.c.BaseSourceTask(lambda$start$0):126    max.batch.size = 2048"}}
{"type":"LOG","log":{"level":"INFO","message":"INFO i.d.c.c.BaseSourceTask(lambda$start$0):126    table.include.list = \\Qmodels_schema.models\\E"}}
{"type":"LOG","log":{"level":"INFO","message":"INFO i.d.c.c.BaseSourceTask(lambda$start$0):126    snapshot.mode = initial"}}
{"type":"LOG","log":{"level":"INFO","message":"INFO i.d.c.c.BaseSourceTask(startIfNeededAndPossible):243 Attempting to start task"}}
{"type":"LOG","log":{"level":"INFO","message":"INFO i.d.c.CommonConnectorConfig(getTopicNamingStrategy):849 Loading the custom topic naming strategy plugin: io.debezium.schema.SchemaTopicNamingStrategy"}}
{"type":"LOG","log":{"level":"INFO","message":"INFO i.d.j.JdbcConnection(lambda$doClose$4):947 Connection gracefully closed"}}
{"type":"LOG","log":{"level":"INFO","message":"INFO i.d.c.c.BaseSourceTask(getPreviousOffsets):370 Found previous partition offset PostgresPartition [sourcePartition={server=db_sbvglnrpdt}]: {transaction_id=null, lsn=23903320, txId=505, ts_usec=1684591522533105}"}}
{"type":"LOG","log":{"level":"INFO","message":"INFO i.d.c.p.PostgresConnectorTask(start):113 user 'test' connected to database 'db_sbvglnrpdt' on PostgreSQL 13.11 on x86_64-pc-linux-musl, compiled by gcc (Alpine 12.2.1_git20220924-r10) 12.2.1 20220924, 64-bit with roles:\n\trole 'pg_read_all_settings' [superuser: false, replication: false, inherit: true, create role: false, create db: false, can log in: false]\n\trole 'pg_stat_scan_tables' [superuser: false, replication: false, inherit: true, create role: false, create db: false, can log in: false]\n\trole 'pg_write_server_files' [superuser: false, replication: false, inherit: true, create role: false, create db: false, can log in: false]\n\trole 'test' [superuser: true, replication: true, inherit: true, create role: true, create db: true, can log in: true]\n\trole 'pg_monitor' [superuser: false, replication: false, inherit: true, create role: false, create db: false, can log in: false]\n\trole 'pg_read_server_files' [superuser: false, replication: false, inherit: true, create role: false, create db: false, can log in: false]\n\trole 'pg_execute_server_program' [superuser: false, replication: false, inherit: true, create role: false, create db: false, can log in: false]\n\trole 'pg_read_all_stats' [superuser: false, replication: false, inherit: true, create role: false, create db: false, can log in: false]\n\trole 'pg_signal_backend' [superuser: false, replication: false, inherit: true, create role: false, create db: false, can log in: false]"}}
{"type":"LOG","log":{"level":"INFO","message":"INFO i.d.c.p.c.PostgresConnection(readReplicationSlotInfo):264 Obtained valid replication slot ReplicationSlot [active=false, latestFlushedLsn=LSN{0/16CBC58}, catalogXmin=504]"}}
{"type":"LOG","log":{"level":"INFO","message":"INFO i.d.c.p.PostgresConnectorTask(start):127 Found previous offset PostgresOffsetContext [sourceInfoSchema=Schema{io.debezium.connector.postgresql.Source:STRUCT}, sourceInfo=source_info[server='db_sbvglnrpdt'db='db_sbvglnrpdt', lsn=LSN{0/16CBC58}, txId=505, timestamp=2023-05-20T14:05:22.533105Z, snapshot=FALSE, schema=, table=], lastSnapshotRecord=false, lastCompletelyProcessedLsn=null, lastCommitLsn=null, streamingStoppingLsn=null, transactionContext=TransactionContext [currentTransactionId=null, perTableEventCount={}, totalEventCount=0], incrementalSnapshotContext=IncrementalSnapshotContext [windowOpened=false, chunkEndPosition=null, dataCollectionsToSnapshot=[], lastEventKeySent=null, maximumKey=null]]"}}
{"type":"LOG","log":{"level":"INFO","message":"INFO i.d.u.Threads(threadFactory):270 Requested thread factory for connector PostgresConnector, id = db_sbvglnrpdt named = change-event-source-coordinator"}}
{"type":"LOG","log":{"level":"INFO","message":"INFO i.d.u.Threads$3(newThread):287 Creating thread debezium-postgresconnector-db_sbvglnrpdt-change-event-source-coordinator"}}
{"type":"LOG","log":{"level":"INFO","message":"INFO i.d.c.c.BaseSourceTask(startIfNeededAndPossible):245 Successfully started task"}}
{"type":"LOG","log":{"level":"INFO","message":"INFO i.d.p.ChangeEventSourceCoordinator(lambda$start$0):103 Metrics registered"}}
{"type":"LOG","log":{"level":"INFO","message":"INFO i.d.p.ChangeEventSourceCoordinator(lambda$start$0):106 Context created"}}
{"type":"LOG","log":{"level":"INFO","message":"INFO i.d.c.p.s.InitialSnapshotter(shouldSnapshot):42 Previous snapshot has completed successfully, streaming logical changes from last known position"}}
{"type":"LOG","log":{"level":"INFO","message":"INFO i.d.c.p.PostgresSnapshotChangeEventSource(getSnapshottingTask):68 According to the connector configuration no snapshot will be executed"}}
{"type":"LOG","log":{"level":"INFO","message":"INFO i.d.p.ChangeEventSourceCoordinator(doSnapshot):156 Snapshot ended with SnapshotResult [status=SKIPPED, offset=PostgresOffsetContext [sourceInfoSchema=Schema{io.debezium.connector.postgresql.Source:STRUCT}, sourceInfo=source_info[server='db_sbvglnrpdt'db='db_sbvglnrpdt', lsn=LSN{0/16CBC58}, txId=505, timestamp=2023-05-20T14:05:22.533105Z, snapshot=FALSE, schema=, table=], lastSnapshotRecord=false, lastCompletelyProcessedLsn=null, lastCommitLsn=null, streamingStoppingLsn=null, transactionContext=TransactionContext [currentTransactionId=null, perTableEventCount={}, totalEventCount=0], incrementalSnapshotContext=IncrementalSnapshotContext [windowOpened=false, chunkEndPosition=null, dataCollectionsToSnapshot=[], lastEventKeySent=null, maximumKey=null]]]"}}
{"type":"LOG","log":{"level":"INFO","message":"INFO i.d.p.ChangeEventSourceCoordinator(streamingConnected):240 Connected metrics set to 'true'"}}
{"type":"LOG","log":{"level":"INFO","message":"INFO i.d.c.p.PostgresSchema(printReplicaIdentityInfo):100 REPLICA IDENTITY for 'models_schema.models' is 'DEFAULT'; UPDATE and DELETE events will contain previous values only for PK columns"}}
{"type":"LOG","log":{"level":"INFO","message":"INFO i.d.p.ChangeEventSourceCoordinator(streamEvents):173 Starting streaming"}}
{"type":"LOG","log":{"level":"INFO","message":"INFO i.d.c.p.PostgresStreamingChangeEventSource(execute):136 Retrieved latest position from stored offset 'LSN{0/16CBC58}'"}}
{"type":"LOG","log":{"level":"INFO","message":"INFO i.d.c.p.c.WalPositionLocator(<init>):48 Looking for WAL restart position for last commit LSN 'null' and last change LSN 'LSN{0/16CBC58}'"}}
{"type":"LOG","log":{"level":"INFO","message":"INFO i.d.c.p.c.PostgresReplicationConnection(initPublication):147 Initializing PgOutput logical decoder publication"}}
{"type":"LOG","log":{"level":"INFO","message":"INFO i.d.c.p.c.PostgresConnection(readReplicationSlotInfo):264 Obtained valid replication slot ReplicationSlot [active=false, latestFlushedLsn=LSN{0/16CBC58}, catalogXmin=504]"}}
{"type":"LOG","log":{"level":"INFO","message":"INFO i.d.j.JdbcConnection(lambda$doClose$4):947 Connection gracefully closed"}}
{"type":"LOG","log":{"level":"INFO","message":"INFO i.d.u.Threads(threadFactory):270 Requested thread factory for connector PostgresConnector, id = db_sbvglnrpdt named = keep-alive"}}
{"type":"LOG","log":{"level":"INFO","message":"INFO i.d.u.Threads$3(newThread):287 Creating thread debezium-postgresconnector-db_sbvglnrpdt-keep-alive"}}
{"type":"LOG","log":{"level":"INFO","message":"INFO i.d.c.p.PostgresSchema(printReplicaIdentityInfo):100 REPLICA IDENTITY for 'models_schema.models' is 'DEFAULT'; UPDATE and DELETE events will contain previous values only for PK columns"}}
{"type":"LOG","log":{"level":"INFO","message":"INFO i.d.c.p.PostgresStreamingChangeEventSource(searchWalPosition):327 Searching for WAL resume position"}}
{"type":"LOG","log":{"level":"INFO","message":"INFO i.d.c.p.c.WalPositionLocator(resumeFromLsn):71 First LSN 'LSN{0/16CBC80}' received"}}
{"type":"LOG","log":{"level":"INFO","message":"INFO i.d.c.p.PostgresStreamingChangeEventSource(searchWalPosition):348 WAL resume position 'LSN{0/16CBC80}' discovered"}}
{"type":"LOG","log":{"level":"INFO","message":"INFO i.d.j.JdbcConnection(lambda$doClose$4):947 Connection gracefully closed"}}
{"type":"LOG","log":{"level":"INFO","message":"INFO i.d.j.JdbcConnection(lambda$doClose$4):947 Connection gracefully closed"}}
{"type":"LOG","log":{"level":"INFO","message":"INFO i.d.c.p.c.PostgresReplicationConnection(initPublication):147 Initializing PgOutput logical decoder publication"}}
{"type":"LOG","log":{"level":"INFO","message":"INFO i.d.u.Threads(threadFactory):270 Requested thread factory for connector PostgresConnector, id = db_sbvglnrpdt named = keep-alive"}}
{"type":"LOG","log":{"level":"INFO","message":"INFO i.d.u.Threads$3(newThread):287 Creating thread debezium-postgresconnector-db_sbvglnrpdt-keep-alive"}}
{"type":"LOG","log":{"level":"INFO","message":"INFO i.d.c.p.PostgresStreamingChangeEventSource(processMessages):211 Processing messages"}}
{"type":"LOG","log":{"level":"INFO","message":"INFO i.d.c.p.c.WalPositionLocator(skipMessage):152 Message with LSN 'LSN{0/16CBC80}' arrived, switching off the filtering"}}
{"type":"LOG","log":{"level":"INFO","message":"INFO i.d.c.c.BaseSourceTask(logStatistics):195 22 records sent during previous 00:00:10.699, last recorded offset of {server=db_sbvglnrpdt} partition is {transaction_id=null, lsn_proc=23907304, messageType=INSERT, lsn_commit=23907304, lsn=23907304, txId=526, ts_usec=1684591554811740}"}}
{"type":"LOG","log":{"level":"INFO","message":"INFO i.a.i.d.i.DebeziumRecordIterator(requestClose):208 Closing: Heartbeat indicates sync is done"}}
{"type":"LOG","log":{"level":"INFO","message":"INFO i.d.e.EmbeddedEngine(stop):1146 Stopping the embedded engine"}}
{"type":"LOG","log":{"level":"INFO","message":"INFO i.d.e.EmbeddedEngine(stop):1153 Waiting for PT5M for connector to stop"}}
{"type":"LOG","log":{"level":"INFO","message":"INFO i.d.e.EmbeddedEngine(run):944 Stopping the task and engine"}}
{"type":"LOG","log":{"level":"INFO","message":"INFO i.d.c.c.BaseSourceTask(stop):278 Stopping down connector"}}
{"type":"LOG","log":{"level":"INFO","message":"INFO i.d.j.JdbcConnection(lambda$doClose$4):947 Connection gracefully closed"}}
{"type":"LOG","log":{"level":"INFO","message":"INFO i.d.j.JdbcConnection(lambda$doClose$4):947 Connection gracefully closed"}}
{"type":"LOG","log":{"level":"INFO","message":"INFO i.d.p.ChangeEventSourceCoordinator(streamEvents):175 Finished streaming"}}
{"type":"LOG","log":{"level":"INFO","message":"INFO i.d.p.ChangeEventSourceCoordinator(streamingConnected):240 Connected metrics set to 'false'"}}
{"type":"LOG","log":{"level":"INFO","message":"INFO o.a.k.c.s.FileOffsetBackingStore(stop):66 Stopped FileOffsetBackingStore"}}
{"type":"LOG","log":{"level":"INFO","message":"INFO i.a.i.d.i.DebeziumRecordPublisher(lambda$start$1):73 Debezium engine shutdown."}}
{"type":"LOG","log":{"level":"INFO","message":"INFO i.a.i.d.i.DebeziumRecordPublisher(lambda$start$1):74 Connector 'io.debezium.connector.postgresql.PostgresConnector' completed normally."}}
{"type":"LOG","log":{"level":"INFO","message":"INFO i.a.i.s.p.PostgresCdcStateHandler(saveState):37 debezium state: {\"[\\\"db_sbvglnrpdt\\\",{\\\"server\\\":\\\"db_sbvglnrpdt\\\"}]\":\"{\\\"transaction_id\\\":null,\\\"lsn_proc\\\":23907304,\\\"messageType\\\":\\\"INSERT\\\",\\\"lsn_commit\\\":23907304,\\\"lsn\\\":23907304,\\\"txId\\\":526,\\\"ts_usec\\\":1684591554811740}\"}"}}
{"type":"LOG","log":{"level":"INFO","message":"INFO i.a.i.s.r.AbstractDbSource(lambda$read$1):173 Closing database connection pool."}}
{"type":"LOG","log":{"level":"INFO","message":"INFO c.z.h.HikariDataSource(close):350 HikariPool-44 - Shutdown initiated..."}}
{"type":"LOG","log":{"level":"INFO","message":"INFO c.z.h.HikariDataSource(close):352 HikariPool-44 - Shutdown completed."}}
{"type":"LOG","log":{"level":"INFO","message":"INFO i.a.i.s.r.AbstractDbSource(lambda$read$1):175 Closed database connection pool."}}
{"type":"LOG","log":{"level":"INFO","message":"INFO i.a.i.s.p.PostgresSource(lambda$getReplicationSlot$4):296 Attempting to find the named replication slot using the query: HikariProxyPreparedStatement@1739083136 wrapping SELECT * FROM pg_replication_slots WHERE slot_name = 'debezium_slot_db_sbvglnrpdt' AND plugin = 'pgoutput' AND database = 'db_sbvglnrpdt'"}}
{"type":"LOG","log":{"level":"INFO","message":"INFO i.a.d.j.DefaultJdbcDatabase(lambda$unsafeQuery$1):115 closing connection"}}
{"type":"LOG","log":{"level":"INFO","message":"INFO i.a.i.s.p.PostgresUtils(isCdc):53 using CDC: true"}}
{"type":"LOG","log":{"level":"INFO","message":"INFO i.a.i.s.r.s.StateManagerFactory(createStateManager):51 Global state manager selected to manage state object with type GLOBAL."}}
{"type":"LOG","log":{"level":"INFO","message":"INFO i.a.i.s.r.CdcStateManager(<init>):29 Initialized CDC state with: io.airbyte.integrations.source.relationaldb.models.CdcState@21d297a[state={\"[\\\"db_sbvglnrpdt\\\",{\\\"server\\\":\\\"db_sbvglnrpdt\\\"}]\":\"{\\\"transaction_id\\\":null,\\\"lsn_proc\\\":23907304,\\\"messageType\\\":\\\"INSERT\\\",\\\"lsn_commit\\\":23907304,\\\"lsn\\\":23907304,\\\"txId\\\":526,\\\"ts_usec\\\":1684591554811740}\"},additionalProperties={}]"}}
{"type":"LOG","log":{"level":"INFO","message":"INFO c.z.h.HikariDataSource(<init>):80 HikariPool-45 - Starting..."}}
{"type":"LOG","log":{"level":"INFO","message":"INFO c.z.h.HikariDataSource(<init>):82 HikariPool-45 - Start completed."}}
{"type":"LOG","log":{"level":"INFO","message":"INFO i.a.i.s.p.PostgresUtils(isCdc):53 using CDC: true"}}
{"type":"LOG","log":{"level":"INFO","message":"INFO i.a.d.j.s.AdaptiveStreamingQueryConfig(initialize):31 Set initial fetch size: 10 rows"}}
{"type":"LOG","log":{"level":"INFO","message":"INFO i.a.i.s.p.PostgresCdcCatalogHelper(getPublicizedTables):119 For CDC, only tables in publication publication will be included in the sync: [models_schema.models, models_schema_random.models_random]"}}
{"type":"LOG","log":{"level":"INFO","message":"INFO i.a.i.s.j.AbstractJdbcSource(logPreSyncDebugData):450 Data source product recognized as PostgreSQL:13.11"}}
{"type":"LOG","log":{"level":"INFO","message":"INFO i.a.i.s.p.PostgresSource(logPreSyncDebugData):221 Discovering indexes for schema \"models_schema\", table \"models\""}}
{"type":"LOG","log":{"level":"INFO","message":"INFO i.a.i.s.p.PostgresSource(logPreSyncDebugData):223 Index name: models_pkey, Column: id, Unique: true"}}
{"type":"LOG","log":{"level":"INFO","message":"INFO i.a.i.s.p.PostgresQueryUtils(logXminStatus):77 Xmin Status : {Number of wraparounds: 0, Xmin Transaction Value: 528, Xmin Raw Value: 528"}}
{"type":"LOG","log":{"level":"INFO","message":"INFO i.a.i.s.j.AbstractJdbcSource(discoverInternal):166 Internal schemas to exclude: [catalog_history, information_schema, pg_catalog, pg_internal]"}}
{"type":"LOG","log":{"level":"INFO","message":"INFO i.a.d.j.s.AdaptiveStreamingQueryConfig(initialize):31 Set initial fetch size: 10 rows"}}
{"type":"LOG","log":{"level":"INFO","message":"INFO i.a.i.s.j.AbstractJdbcSource(discoverInternal):166 Internal schemas to exclude: [catalog_history, information_schema, pg_catalog, pg_internal]"}}
{"type":"LOG","log":{"level":"INFO","message":"INFO i.a.d.j.s.AdaptiveStreamingQueryConfig(initialize):31 Set initial fetch size: 10 rows"}}
{"type":"LOG","log":{"level":"INFO","message":"INFO i.a.i.s.p.PostgresUtils(isCdc):53 using CDC: true"}}
{"type":"LOG","log":{"level":"INFO","message":"INFO i.a.i.s.p.PostgresUtils(getFirstRecordWaitTime):111 First record waiting time: 30 seconds"}}
{"type":"LOG","log":{"level":"INFO","message":"INFO i.a.i.s.p.PostgresSource(getIncrementalIterators):369 First record waiting time: 30 seconds"}}
{"type":"LOG","log":{"level":"INFO","message":"INFO i.a.i.s.p.PostgresUtils(shouldFlushAfterSync):61 Should flush after sync: true"}}
{"type":"LOG","log":{"level":"INFO","message":"INFO o.a.k.c.c.AbstractConfig(logAll):376 StandaloneConfig values: \n\taccess.control.allow.methods = \n\taccess.control.allow.origin = \n\tadmin.listeners = null\n\tauto.include.jmx.reporter = true\n\tbootstrap.servers = [localhost:9092]\n\tclient.dns.lookup = use_all_dns_ips\n\tconfig.providers = []\n\tconnector.client.config.override.policy = All\n\theader.converter = class org.apache.kafka.connect.storage.SimpleHeaderConverter\n\tkey.converter = class org.apache.kafka.connect.json.JsonConverter\n\tlisteners = [http://:8083]\n\tmetric.reporters = []\n\tmetrics.num.samples = 2\n\tmetrics.recording.level = INFO\n\tmetrics.sample.window.ms = 30000\n\toffset.flush.interval.ms = 1000\n\toffset.flush.timeout.ms = 5000\n\toffset.storage.file.filename = /tmp/cdc-state-offset7129631080819817444/offset.dat\n\tplugin.path = null\n\tresponse.http.headers.config = \n\trest.advertised.host.name = null\n\trest.advertised.listener = null\n\trest.advertised.port = null\n\trest.extension.classes = []\n\tssl.cipher.suites = null\n\tssl.client.auth = none\n\tssl.enabled.protocols = [TLSv1.2, TLSv1.3]\n\tssl.endpoint.identification.algorithm = https\n\tssl.engine.factory.class = null\n\tssl.key.password = null\n\tssl.keymanager.algorithm = SunX509\n\tssl.keystore.certificate.chain = null\n\tssl.keystore.key = null\n\tssl.keystore.location = null\n\tssl.keystore.password = null\n\tssl.keystore.type = JKS\n\tssl.protocol = TLSv1.3\n\tssl.provider = null\n\tssl.secure.random.implementation = null\n\tssl.trustmanager.algorithm = PKIX\n\tssl.truststore.certificates = null\n\tssl.truststore.location = null\n\tssl.truststore.password = null\n\tssl.truststore.type = JKS\n\ttask.shutdown.graceful.timeout.ms = 5000\n\ttopic.creation.enable = true\n\ttopic.tracking.allow.reset = true\n\ttopic.tracking.enable = true\n\tvalue.converter = class org.apache.kafka.connect.json.JsonConverter\n"}}
{"type":"LOG","log":{"level":"WARN","message":"WARN o.a.k.c.r.WorkerConfig(logPluginPathConfigProviderWarning):379 Variables cannot be used in the 'plugin.path' property, since the property is used by plugin scanning before the config providers that replace the variables are initialized. The raw value 'null' was used for plugin scanning, as opposed to the transformed value 'null', and this may cause unexpected results."}}
{"type":"LOG","log":{"level":"INFO","message":"INFO o.a.k.c.s.FileOffsetBackingStore(start):58 Starting FileOffsetBackingStore with file /tmp/cdc-state-offset7129631080819817444/offset.dat"}}
{"type":"LOG","log":{"level":"INFO","message":"INFO o.a.k.c.c.AbstractConfig(logAll):376 JsonConverterConfig values: \n\tconverter.type = key\n\tdecimal.format = BASE64\n\tschemas.cache.size = 1000\n\tschemas.enable = false\n"}}
{"type":"LOG","log":{"level":"INFO","message":"INFO o.a.k.c.c.AbstractConfig(logAll):376 JsonConverterConfig values: \n\tconverter.type = value\n\tdecimal.format = BASE64\n\tschemas.cache.size = 1000\n\tschemas.enable = false\n"}}
{"type":"LOG","log":{"level":"INFO","message":"INFO i.a.i.d.i.p.PostgresDebeziumStateUtil(extractLsn):201 Found previous partition offset PostgresPartition [sourcePartition={server=db_sbvglnrpdt}]: {transaction_id=null, lsn_proc=23907304, messageType=INSERT, lsn_commit=23907304, lsn=23907304, txId=526, ts_usec=1684591554811740}"}}
{"type":"LOG","log":{"level":"INFO","message":"INFO i.a.i.d.i.p.PostgresDebeziumStateUtil(parseSavedOffset):181 Closing offsetStorageReader and fileOffsetBackingStore"}}
{"type":"LOG","log":{"level":"INFO","message":"INFO o.a.k.c.s.FileOffsetBackingStore(stop):66 Stopped FileOffsetBackingStore"}}
{"type":"LOG","log":{"level":"INFO","message":"INFO i.a.i.s.p.PostgresSource(lambda$getReplicationSlot$4):296 Attempting to find the named replication slot using the query: HikariProxyPreparedStatement@2114535546 wrapping SELECT * FROM pg_replication_slots WHERE slot_name = 'debezium_slot_db_sbvglnrpdt' AND plugin = 'pgoutput' AND database = 'db_sbvglnrpdt'"}}
{"type":"LOG","log":{"level":"INFO","message":"INFO i.a.d.j.s.AdaptiveStreamingQueryConfig(initialize):31 Set initial fetch size: 10 rows"}}
{"type":"LOG","log":{"level":"INFO","message":"INFO i.a.i.d.i.p.PostgresDebeziumStateUtil(isSavedOffsetAfterReplicationSlotLSN):62 Replication slot confirmed_flush_lsn : 23903320 Saved offset LSN : 23907304"}}
{"type":"LOG","log":{"level":"INFO","message":"INFO i.a.i.s.p.PostgresUtils(shouldFlushAfterSync):61 Should flush after sync: true"}}
{"type":"LOG","log":{"level":"INFO","message":"INFO i.a.i.d.i.p.PostgresReplicationConnection(createConnection):44 Creating a replication connection."}}
{"type":"LOG","log":{"level":"INFO","message":"INFO i.a.i.d.i.p.PostgresReplicationConnection(createConnection):47 Validating replication connection."}}
{"type":"LOG","log":{"level":"INFO","message":"INFO i.a.i.d.i.p.PostgresCdcTargetPosition(targetPosition):49 identified target lsn: PgLsn{lsn=23907544}"}}
{"type":"LOG","log":{"level":"INFO","message":"INFO i.a.i.s.p.PostgresUtils(shouldFlushAfterSync):61 Should flush after sync: true"}}
{"type":"LOG","log":{"level":"INFO","message":"INFO i.a.i.d.AirbyteDebeziumHandler(getIncrementalIterators):95 Using CDC: true"}}
{"type":"LOG","log":{"level":"INFO","message":"INFO o.a.k.c.c.AbstractConfig(logAll):376 JsonConverterConfig values: \n\tconverter.type = key\n\tdecimal.format = BASE64\n\tschemas.cache.size = 1000\n\tschemas.enable = false\n"}}
{"type":"LOG","log":{"level":"INFO","message":"INFO o.a.k.c.c.AbstractConfig(logAll):376 JsonConverterConfig values: \n\tconverter.type = value\n\tdecimal.format = BASE64\n\tschemas.cache.size = 1000\n\tschemas.enable = false\n"}}
{"type":"LOG","log":{"level":"INFO","message":"INFO o.a.k.c.c.AbstractConfig(logAll):376 EmbeddedConfig values: \n\taccess.control.allow.methods = \n\taccess.control.allow.origin = \n\tadmin.listeners = null\n\tauto.include.jmx.reporter = true\n\tbootstrap.servers = [localhost:9092]\n\tclient.dns.lookup = use_all_dns_ips\n\tconfig.providers = []\n\tconnector.client.config.override.policy = All\n\theader.converter = class org.apache.kafka.connect.storage.SimpleHeaderConverter\n\tkey.converter = class org.apache.kafka.connect.json.JsonConverter\n\tlisteners = [http://:8083]\n\tmetric.reporters = []\n\tmetrics.num.samples = 2\n\tmetrics.recording.level = INFO\n\tmetrics.sample.window.ms = 30000\n\toffset.flush.interval.ms = 1000\n\toffset.flush.timeout.ms = 5000\n\toffset.storage.file.filename = /tmp/cdc-state-offset12625959273424125003/offset.dat\n\toffset.storage.partitions = null\n\toffset.storage.replication.factor = null\n\toffset.storage.topic = \n\tplugin.path = null\n\tresponse.http.headers.config = \n\trest.advertised.host.name = null\n\trest.advertised.listener = null\n\trest.advertised.port = null\n\trest.extension.classes = []\n\tssl.cipher.suites = null\n\tssl.client.auth = none\n\tssl.enabled.protocols = [TLSv1.2, TLSv1.3]\n\tssl.endpoint.identification.algorithm = https\n\tssl.engine.factory.class = null\n\tssl.key.password = null\n\tssl.keymanager.algorithm = SunX509\n\tssl.keystore.certificate.chain = null\n\tssl.keystore.key = null\n\tssl.keystore.location = null\n\tssl.keystore.password = null\n\tssl.keystore.type = JKS\n\tssl.protocol = TLSv1.3\n\tssl.provider = null\n\tssl.secure.random.implementation = null\n\tssl.trustmanager.algorithm = PKIX\n\tssl.truststore.certificates = null\n\tssl.truststore.location = null\n\tssl.truststore.password = null\n\tssl.truststore.type = JKS\n\ttask.shutdown.graceful.timeout.ms = 5000\n\ttopic.creation.enable = true\n\ttopic.tracking.allow.reset = true\n\ttopic.tracking.enable = true\n\tvalue.converter = class org.apache.kafka.connect.json.JsonConverter\n"}}
{"type":"LOG","log":{"level":"WARN","message":"WARN o.a.k.c.r.WorkerConfig(logPluginPathConfigProviderWarning):379 Variables cannot be used in the 'plugin.path' property, since the property is used by plugin scanning before the config providers that replace the variables are initialized. The raw value 'null' was used for plugin scanning, as opposed to the transformed value 'null', and this may cause unexpected results."}}
{"type":"LOG","log":{"level":"INFO","message":"INFO o.a.k.c.c.AbstractConfig(logAll):376 JsonConverterConfig values: \n\tconverter.type = key\n\tdecimal.format = BASE64\n\tschemas.cache.size = 1000\n\tschemas.enable = false\n"}}
{"type":"LOG","log":{"level":"INFO","message":"INFO o.a.k.c.c.AbstractConfig(logAll):376 JsonConverterConfig values: \n\tconverter.type = value\n\tdecimal.format = BASE64\n\tschemas.cache.size = 1000\n\tschemas.enable = false\n"}}
{"type":"LOG","log":{"level":"WARN","message":"WARN i.d.c.p.PostgresConnectorConfig(validateFlushLsnSource):1070 Property 'flush.lsn.source' is set to 'false', the LSN will not be flushed to the database source and WAL logs will not be cleared. User is expected to handle this outside Debezium."}}
{"type":"LOG","log":{"level":"INFO","message":"INFO i.d.c.p.PostgresConnector(testConnection):154 Successfully tested connection for jdbc:postgresql://localhost:56238/db_sbvglnrpdt with user 'test'"}}
{"type":"LOG","log":{"level":"INFO","message":"INFO i.d.j.JdbcConnection(lambda$doClose$4):947 Connection gracefully closed"}}
{"type":"LOG","log":{"level":"INFO","message":"INFO o.a.k.c.s.FileOffsetBackingStore(start):58 Starting FileOffsetBackingStore with file /tmp/cdc-state-offset12625959273424125003/offset.dat"}}
{"type":"LOG","log":{"level":"WARN","message":"WARN i.d.c.p.PostgresConnectorConfig(validateFlushLsnSource):1070 Property 'flush.lsn.source' is set to 'false', the LSN will not be flushed to the database source and WAL logs will not be cleared. User is expected to handle this outside Debezium."}}
{"type":"LOG","log":{"level":"INFO","message":"INFO i.d.c.c.BaseSourceTask(start):124 Starting PostgresConnectorTask with configuration:"}}
{"type":"LOG","log":{"level":"INFO","message":"INFO i.d.c.c.BaseSourceTask(lambda$start$0):126    connector.class = io.debezium.connector.postgresql.PostgresConnector"}}
{"type":"LOG","log":{"level":"INFO","message":"INFO i.d.c.c.BaseSourceTask(lambda$start$0):126    max.queue.size = 8192"}}
{"type":"LOG","log":{"level":"INFO","message":"INFO i.d.c.c.BaseSourceTask(lambda$start$0):126    slot.name = debezium_slot_db_sbvglnrpdt"}}
{"type":"LOG","log":{"level":"INFO","message":"INFO i.d.c.c.BaseSourceTask(lambda$start$0):126    publication.name = publication"}}
{"type":"LOG","log":{"level":"INFO","message":"INFO i.d.c.c.BaseSourceTask(lambda$start$0):126    topic.prefix = db_sbvglnrpdt"}}
{"type":"LOG","log":{"level":"INFO","message":"INFO i.d.c.c.BaseSourceTask(lambda$start$0):126    offset.storage.file.filename = /tmp/cdc-state-offset12625959273424125003/offset.dat"}}
{"type":"LOG","log":{"level":"INFO","message":"INFO i.d.c.c.BaseSourceTask(lambda$start$0):126    decimal.handling.mode = string"}}
{"type":"LOG","log":{"level":"INFO","message":"INFO i.d.c.c.BaseSourceTask(lambda$start$0):126    flush.lsn.source = false"}}
{"type":"LOG","log":{"level":"INFO","message":"INFO i.d.c.c.BaseSourceTask(lambda$start$0):126    converters = datetime"}}
{"type":"LOG","log":{"level":"INFO","message":"INFO i.d.c.c.BaseSourceTask(lambda$start$0):126    errors.retry.delay.initial.ms = 299"}}
{"type":"LOG","log":{"level":"INFO","message":"INFO i.d.c.c.BaseSourceTask(lambda$start$0):126    datetime.type = io.airbyte.integrations.debezium.internals.postgres.PostgresConverter"}}
{"type":"LOG","log":{"level":"INFO","message":"INFO i.d.c.c.BaseSourceTask(lambda$start$0):126    value.converter = org.apache.kafka.connect.json.JsonConverter"}}
{"type":"LOG","log":{"level":"INFO","message":"INFO i.d.c.c.BaseSourceTask(lambda$start$0):126    key.converter = org.apache.kafka.connect.json.JsonConverter"}}
{"type":"LOG","log":{"level":"INFO","message":"INFO i.d.c.c.BaseSourceTask(lambda$start$0):126    publication.autocreate.mode = disabled"}}
{"type":"LOG","log":{"level":"INFO","message":"INFO i.d.c.c.BaseSourceTask(lambda$start$0):126    database.user = test"}}
{"type":"LOG","log":{"level":"INFO","message":"INFO i.d.c.c.BaseSourceTask(lambda$start$0):126    database.dbname = db_sbvglnrpdt"}}
{"type":"LOG","log":{"level":"INFO","message":"INFO i.d.c.c.BaseSourceTask(lambda$start$0):126    offset.storage = org.apache.kafka.connect.storage.FileOffsetBackingStore"}}
{"type":"LOG","log":{"level":"INFO","message":"INFO i.d.c.c.BaseSourceTask(lambda$start$0):126    errors.retry.delay.max.ms = 300"}}
{"type":"LOG","log":{"level":"INFO","message":"INFO i.d.c.c.BaseSourceTask(lambda$start$0):126    offset.flush.timeout.ms = 5000"}}
{"type":"LOG","log":{"level":"INFO","message":"INFO i.d.c.c.BaseSourceTask(lambda$start$0):126    heartbeat.interval.ms = 10000"}}
{"type":"LOG","log":{"level":"INFO","message":"INFO i.d.c.c.BaseSourceTask(lambda$start$0):126    column.include.list = \\Qmodels_schema.models\\E\\.(\\Qmodel\\E|\\Qid\\E|\\Qmake_id\\E)"}}
{"type":"LOG","log":{"level":"INFO","message":"INFO i.d.c.c.BaseSourceTask(lambda$start$0):126    plugin.name = pgoutput"}}
{"type":"LOG","log":{"level":"INFO","message":"INFO i.d.c.c.BaseSourceTask(lambda$start$0):126    database.port = 56238"}}
{"type":"LOG","log":{"level":"INFO","message":"INFO i.d.c.c.BaseSourceTask(lambda$start$0):126    offset.flush.interval.ms = 1000"}}
{"type":"LOG","log":{"level":"INFO","message":"INFO i.d.c.c.BaseSourceTask(lambda$start$0):126    key.converter.schemas.enable = false"}}
{"type":"LOG","log":{"level":"INFO","message":"INFO i.d.c.c.BaseSourceTask(lambda$start$0):126    include.unknown.datatypes = true"}}
{"type":"LOG","log":{"level":"INFO","message":"INFO i.d.c.c.BaseSourceTask(lambda$start$0):126    errors.max.retries = 10"}}
{"type":"LOG","log":{"level":"INFO","message":"INFO i.d.c.c.BaseSourceTask(lambda$start$0):126    database.hostname = localhost"}}
{"type":"LOG","log":{"level":"INFO","message":"INFO i.d.c.c.BaseSourceTask(lambda$start$0):126    database.password = ********"}}
{"type":"LOG","log":{"level":"INFO","message":"INFO i.d.c.c.BaseSourceTask(lambda$start$0):126    value.converter.schemas.enable = false"}}
{"type":"LOG","log":{"level":"INFO","message":"INFO i.d.c.c.BaseSourceTask(lambda$start$0):126    name = db_sbvglnrpdt"}}
{"type":"LOG","log":{"level":"INFO","message":"INFO i.d.c.c.BaseSourceTask(lambda$start$0):126    max.batch.size = 2048"}}
{"type":"LOG","log":{"level":"INFO","message":"INFO i.d.c.c.BaseSourceTask(lambda$start$0):126    table.include.list = \\Qmodels_schema.models\\E"}}
{"type":"LOG","log":{"level":"INFO","message":"INFO i.d.c.c.BaseSourceTask(lambda$start$0):126    snapshot.mode = initial"}}
{"type":"LOG","log":{"level":"INFO","message":"INFO i.d.c.c.BaseSourceTask(startIfNeededAndPossible):243 Attempting to start task"}}
{"type":"LOG","log":{"level":"INFO","message":"INFO i.d.c.CommonConnectorConfig(getTopicNamingStrategy):849 Loading the custom topic naming strategy plugin: io.debezium.schema.SchemaTopicNamingStrategy"}}
{"type":"LOG","log":{"level":"INFO","message":"INFO i.d.j.JdbcConnection(lambda$doClose$4):947 Connection gracefully closed"}}
{"type":"LOG","log":{"level":"INFO","message":"INFO i.d.c.c.BaseSourceTask(getPreviousOffsets):370 Found previous partition offset PostgresPartition [sourcePartition={server=db_sbvglnrpdt}]: {transaction_id=null, lsn_proc=23907304, messageType=INSERT, lsn_commit=23907304, lsn=23907304, txId=526, ts_usec=1684591554811740}"}}
{"type":"LOG","log":{"level":"INFO","message":"INFO i.d.c.p.PostgresConnectorTask(start):113 user 'test' connected to database 'db_sbvglnrpdt' on PostgreSQL 13.11 on x86_64-pc-linux-musl, compiled by gcc (Alpine 12.2.1_git20220924-r10) 12.2.1 20220924, 64-bit with roles:\n\trole 'pg_read_all_settings' [superuser: false, replication: false, inherit: true, create role: false, create db: false, can log in: false]\n\trole 'pg_stat_scan_tables' [superuser: false, replication: false, inherit: true, create role: false, create db: false, can log in: false]\n\trole 'pg_write_server_files' [superuser: false, replication: false, inherit: true, create role: false, create db: false, can log in: false]\n\trole 'test' [superuser: true, replication: true, inherit: true, create role: true, create db: true, can log in: true]\n\trole 'pg_monitor' [superuser: false, replication: false, inherit: true, create role: false, create db: false, can log in: false]\n\trole 'pg_read_server_files' [superuser: false, replication: false, inherit: true, create role: false, create db: false, can log in: false]\n\trole 'pg_execute_server_program' [superuser: false, replication: false, inherit: true, create role: false, create db: false, can log in: false]\n\trole 'pg_read_all_stats' [superuser: false, replication: false, inherit: true, create role: false, create db: false, can log in: false]\n\trole 'pg_signal_backend' [superuser: false, replication: false, inherit: true, create role: false, create db: false, can log in: false]"}}
{"type":"LOG","log":{"level":"INFO","message":"INFO i.d.c.p.c.PostgresConnection(readReplicationSlotInfo):264 Obtained valid replication slot ReplicationSlot [active=false, latestFlushedLsn=LSN{0/16CCBE8}, catalogXmin=526]"}}
{"type":"LOG","log":{"level":"INFO","message":"INFO i.d.c.p.PostgresConnectorTask(start):127 Found previous offset PostgresOffsetContext [sourceInfoSchema=Schema{io.debezium.connector.postgresql.Source:STRUCT}, sourceInfo=source_info[server='db_sbvglnrpdt'db='db_sbvglnrpdt', lsn=LSN{0/16CCBE8}, txId=526, messageType=INSERT, lastCommitLsn=LSN{0/16CCBE8}, timestamp=2023-05-20T14:05:54.811740Z, snapshot=FALSE, schema=, table=], lastSnapshotRecord=false, lastCompletelyProcessedLsn=LSN{0/16CCBE8}, lastCommitLsn=LSN{0/16CCBE8}, streamingStoppingLsn=null, transactionContext=TransactionContext [currentTransactionId=null, perTableEventCount={}, totalEventCount=0], incrementalSnapshotContext=IncrementalSnapshotContext [windowOpened=false, chunkEndPosition=null, dataCollectionsToSnapshot=[], lastEventKeySent=null, maximumKey=null]]"}}
{"type":"LOG","log":{"level":"INFO","message":"INFO i.d.u.Threads(threadFactory):270 Requested thread factory for connector PostgresConnector, id = db_sbvglnrpdt named = change-event-source-coordinator"}}
{"type":"LOG","log":{"level":"INFO","message":"INFO i.d.u.Threads$3(newThread):287 Creating thread debezium-postgresconnector-db_sbvglnrpdt-change-event-source-coordinator"}}
{"type":"LOG","log":{"level":"INFO","message":"INFO i.d.c.c.BaseSourceTask(startIfNeededAndPossible):245 Successfully started task"}}
{"type":"LOG","log":{"level":"INFO","message":"INFO i.d.p.ChangeEventSourceCoordinator(lambda$start$0):103 Metrics registered"}}
{"type":"LOG","log":{"level":"INFO","message":"INFO i.d.p.ChangeEventSourceCoordinator(lambda$start$0):106 Context created"}}
{"type":"LOG","log":{"level":"INFO","message":"INFO i.d.c.p.s.InitialSnapshotter(shouldSnapshot):42 Previous snapshot has completed successfully, streaming logical changes from last known position"}}
{"type":"LOG","log":{"level":"INFO","message":"INFO i.d.c.p.PostgresSnapshotChangeEventSource(getSnapshottingTask):68 According to the connector configuration no snapshot will be executed"}}
{"type":"LOG","log":{"level":"INFO","message":"INFO i.d.p.ChangeEventSourceCoordinator(doSnapshot):156 Snapshot ended with SnapshotResult [status=SKIPPED, offset=PostgresOffsetContext [sourceInfoSchema=Schema{io.debezium.connector.postgresql.Source:STRUCT}, sourceInfo=source_info[server='db_sbvglnrpdt'db='db_sbvglnrpdt', lsn=LSN{0/16CCBE8}, txId=526, messageType=INSERT, lastCommitLsn=LSN{0/16CCBE8}, timestamp=2023-05-20T14:05:54.811740Z, snapshot=FALSE, schema=, table=], lastSnapshotRecord=false, lastCompletelyProcessedLsn=LSN{0/16CCBE8}, lastCommitLsn=LSN{0/16CCBE8}, streamingStoppingLsn=null, transactionContext=TransactionContext [currentTransactionId=null, perTableEventCount={}, totalEventCount=0], incrementalSnapshotContext=IncrementalSnapshotContext [windowOpened=false, chunkEndPosition=null, dataCollectionsToSnapshot=[], lastEventKeySent=null, maximumKey=null]]]"}}
{"type":"LOG","log":{"level":"INFO","message":"INFO i.d.p.ChangeEventSourceCoordinator(streamingConnected):240 Connected metrics set to 'true'"}}
{"type":"LOG","log":{"level":"INFO","message":"INFO i.d.c.p.PostgresSchema(printReplicaIdentityInfo):100 REPLICA IDENTITY for 'models_schema.models' is 'DEFAULT'; UPDATE and DELETE events will contain previous values only for PK columns"}}
{"type":"LOG","log":{"level":"INFO","message":"INFO i.d.p.ChangeEventSourceCoordinator(streamEvents):173 Starting streaming"}}
{"type":"LOG","log":{"level":"INFO","message":"INFO i.d.c.p.PostgresStreamingChangeEventSource(execute):136 Retrieved latest position from stored offset 'LSN{0/16CCBE8}'"}}
{"type":"LOG","log":{"level":"INFO","message":"INFO i.d.c.p.c.WalPositionLocator(<init>):48 Looking for WAL restart position for last commit LSN 'LSN{0/16CCBE8}' and last change LSN 'LSN{0/16CCBE8}'"}}
{"type":"LOG","log":{"level":"INFO","message":"INFO i.d.c.p.c.PostgresReplicationConnection(initPublication):147 Initializing PgOutput logical decoder publication"}}
{"type":"LOG","log":{"level":"INFO","message":"INFO i.d.c.p.c.PostgresConnection(readReplicationSlotInfo):264 Obtained valid replication slot ReplicationSlot [active=false, latestFlushedLsn=LSN{0/16CCBE8}, catalogXmin=526]"}}
{"type":"LOG","log":{"level":"INFO","message":"INFO i.d.j.JdbcConnection(lambda$doClose$4):947 Connection gracefully closed"}}
{"type":"LOG","log":{"level":"INFO","message":"INFO i.d.u.Threads(threadFactory):270 Requested thread factory for connector PostgresConnector, id = db_sbvglnrpdt named = keep-alive"}}
{"type":"LOG","log":{"level":"INFO","message":"INFO i.d.u.Threads$3(newThread):287 Creating thread debezium-postgresconnector-db_sbvglnrpdt-keep-alive"}}
{"type":"LOG","log":{"level":"INFO","message":"INFO i.d.c.p.PostgresSchema(printReplicaIdentityInfo):100 REPLICA IDENTITY for 'models_schema.models' is 'DEFAULT'; UPDATE and DELETE events will contain previous values only for PK columns"}}
{"type":"LOG","log":{"level":"INFO","message":"INFO i.d.c.p.PostgresStreamingChangeEventSource(searchWalPosition):327 Searching for WAL resume position"}}
{"type":"LOG","log":{"level":"INFO","message":"INFO i.d.c.p.c.WalPositionLocator(resumeFromLsn):71 First LSN 'LSN{0/16CCC20}' received"}}
{"type":"LOG","log":{"level":"INFO","message":"INFO i.d.c.p.c.WalPositionLocator(resumeFromLsn):108 Received COMMIT LSN 'LSN{0/16CCCD8}' larger than than last stored commit LSN 'LSN{0/16CCBE8}'"}}
{"type":"LOG","log":{"level":"INFO","message":"INFO i.d.c.p.c.WalPositionLocator(resumeFromLsn):120 Will restart from LSN 'LSN{0/16CCC20}' that is start of the first unprocessed transaction"}}
{"type":"LOG","log":{"level":"INFO","message":"INFO i.d.c.p.PostgresStreamingChangeEventSource(searchWalPosition):348 WAL resume position 'LSN{0/16CCC20}' discovered"}}
{"type":"LOG","log":{"level":"INFO","message":"INFO i.d.j.JdbcConnection(lambda$doClose$4):947 Connection gracefully closed"}}
{"type":"LOG","log":{"level":"INFO","message":"INFO i.d.j.JdbcConnection(lambda$doClose$4):947 Connection gracefully closed"}}
{"type":"LOG","log":{"level":"INFO","message":"INFO i.d.c.p.c.PostgresReplicationConnection(initPublication):147 Initializing PgOutput logical decoder publication"}}
{"type":"LOG","log":{"level":"INFO","message":"INFO i.d.u.Threads(threadFactory):270 Requested thread factory for connector PostgresConnector, id = db_sbvglnrpdt named = keep-alive"}}
{"type":"LOG","log":{"level":"INFO","message":"INFO i.d.u.Threads$3(newThread):287 Creating thread debezium-postgresconnector-db_sbvglnrpdt-keep-alive"}}
{"type":"LOG","log":{"level":"INFO","message":"INFO i.d.c.p.PostgresStreamingChangeEventSource(processMessages):211 Processing messages"}}
{"type":"LOG","log":{"level":"INFO","message":"INFO i.d.c.p.c.WalPositionLocator(skipMessage):152 Message with LSN 'LSN{0/16CCC20}' arrived, switching off the filtering"}}
{"type":"LOG","log":{"level":"INFO","message":"INFO i.d.c.c.BaseSourceTask(logStatistics):195 2 records sent during previous 00:00:10.692, last recorded offset of {server=db_sbvglnrpdt} partition is {transaction_id=null, lsn_proc=23907544, messageType=INSERT, lsn_commit=23907544, lsn=23907544, txId=527, ts_usec=1684591575813137}"}}
{"type":"LOG","log":{"level":"INFO","message":"INFO i.a.i.d.i.DebeziumRecordIterator(requestClose):208 Closing: Heartbeat indicates sync is done"}}
{"type":"LOG","log":{"level":"INFO","message":"INFO i.d.e.EmbeddedEngine(stop):1146 Stopping the embedded engine"}}
{"type":"LOG","log":{"level":"INFO","message":"INFO i.d.e.EmbeddedEngine(stop):1153 Waiting for PT5M for connector to stop"}}
{"type":"LOG","log":{"level":"INFO","message":"INFO i.d.e.EmbeddedEngine(run):944 Stopping the task and engine"}}
{"type":"LOG","log":{"level":"INFO","message":"INFO i.d.c.c.BaseSourceTask(stop):278 Stopping down connector"}}
{"type":"LOG","log":{"level":"INFO","message":"INFO i.d.j.JdbcConnection(lambda$doClose$4):947 Connection gracefully closed"}}
{"type":"LOG","log":{"level":"INFO","message":"INFO i.d.j.JdbcConnection(lambda$doClose$4):947 Connection gracefully closed"}}
{"type":"LOG","log":{"level":"INFO","message":"INFO i.d.p.ChangeEventSourceCoordinator(streamEvents):175 Finished streaming"}}
{"type":"LOG","log":{"level":"INFO","message":"INFO i.d.p.ChangeEventSourceCoordinator(streamingConnected):240 Connected metrics set to 'false'"}}
{"type":"LOG","log":{"level":"INFO","message":"INFO o.a.k.c.s.FileOffsetBackingStore(stop):66 Stopped FileOffsetBackingStore"}}
{"type":"LOG","log":{"level":"INFO","message":"INFO i.a.i.d.i.DebeziumRecordPublisher(lambda$start$1):73 Debezium engine shutdown."}}
{"type":"LOG","log":{"level":"INFO","message":"INFO i.a.i.d.i.DebeziumRecordPublisher(lambda$start$1):74 Connector 'io.debezium.connector.postgresql.PostgresConnector' completed normally."}}
{"type":"LOG","log":{"level":"INFO","message":"INFO i.a.i.s.p.PostgresCdcStateHandler(saveState):37 debezium state: {\"[\\\"db_sbvglnrpdt\\\",{\\\"server\\\":\\\"db_sbvglnrpdt\\\"}]\":\"{\\\"transaction_id\\\":null,\\\"lsn_proc\\\":23907544,\\\"messageType\\\":\\\"INSERT\\\",\\\"lsn_commit\\\":23907544,\\\"lsn\\\":23907544,\\\"txId\\\":527,\\\"ts_usec\\\":1684591575813137}\"}"}}
{"type":"LOG","log":{"level":"INFO","message":"INFO i.a.i.s.r.AbstractDbSource(lambda$read$1):173 Closing database connection pool."}}
{"type":"LOG","log":{"level":"INFO","message":"INFO c.z.h.HikariDataSource(close):350 HikariPool-45 - Shutdown initiated..."}}
{"type":"LOG","log":{"level":"INFO","message":"INFO c.z.h.HikariDataSource(close):352 HikariPool-45 - Shutdown completed."}}
{"type":"LOG","log":{"level":"INFO","message":"INFO i.a.i.s.r.AbstractDbSource(lambda$read$1):175 Closed database connection pool."}}
{"type":"LOG","log":{"level":"INFO","message":"INFO i.a.i.s.p.PostgresSource(lambda$getReplicationSlot$4):296 Attempting to find the named replication slot using the query: HikariProxyPreparedStatement@2033723909 wrapping SELECT * FROM pg_replication_slots WHERE slot_name = 'debezium_slot_db_sbvglnrpdt' AND plugin = 'pgoutput' AND database = 'db_sbvglnrpdt'"}}
{"type":"LOG","log":{"level":"INFO","message":"INFO i.a.d.j.DefaultJdbcDatabase(lambda$unsafeQuery$1):115 closing connection"}}
{"type":"LOG","log":{"level":"INFO","message":"INFO o.t.c.GenericContainer(tryStart):376 Creating container for image: debezium/postgres:13-alpine"}}
{"type":"LOG","log":{"level":"INFO","message":"INFO o.t.c.GenericContainer(tryStart):440 Container debezium/postgres:13-alpine is starting: 94d22d3ef63f0d2f644d4249c2f912ce83be434bd12d640f8305cc235a13b3ed"}}
{"type":"LOG","log":{"level":"INFO","message":"INFO o.t.c.GenericContainer(tryStart):520 Container debezium/postgres:13-alpine started in PT5.448636S"}}
{"type":"LOG","log":{"level":"INFO","message":"INFO c.z.h.HikariDataSource(<init>):80 HikariPool-46 - Starting..."}}
{"type":"LOG","log":{"level":"INFO","message":"INFO c.z.h.HikariDataSource(<init>):82 HikariPool-46 - Start completed."}}
{"type":"LOG","log":{"level":"INFO","message":"INFO i.a.i.s.p.PostgresUtils(isCdc):53 using CDC: true"}}
{"type":"LOG","log":{"level":"INFO","message":"INFO c.z.h.HikariDataSource(<init>):80 HikariPool-47 - Starting..."}}
{"type":"LOG","log":{"level":"INFO","message":"INFO c.z.h.HikariDataSource(<init>):82 HikariPool-47 - Start completed."}}
{"type":"LOG","log":{"level":"INFO","message":"INFO i.a.i.s.p.PostgresUtils(isCdc):53 using CDC: true"}}
{"type":"LOG","log":{"level":"INFO","message":"INFO i.a.d.j.s.AdaptiveStreamingQueryConfig(initialize):31 Set initial fetch size: 10 rows"}}
{"type":"LOG","log":{"level":"INFO","message":"INFO i.a.i.s.p.PostgresCdcCatalogHelper(getPublicizedTables):119 For CDC, only tables in publication publication will be included in the sync: [models_schema.models, models_schema_random.models_random]"}}
{"type":"LOG","log":{"level":"INFO","message":"INFO i.a.i.s.p.PostgresUtils(isCdc):53 using CDC: true"}}
{"type":"LOG","log":{"level":"INFO","message":"INFO i.a.i.s.j.AbstractJdbcSource(lambda$getCheckOperations$1):138 Attempting to get metadata from the database to see if we can connect."}}
{"type":"LOG","log":{"level":"INFO","message":"INFO i.a.i.s.p.PostgresSource(lambda$getReplicationSlot$4):296 Attempting to find the named replication slot using the query: HikariProxyPreparedStatement@1981311326 wrapping SELECT * FROM pg_replication_slots WHERE slot_name = 'debezium_slot_db_azdqfkahxi' AND plugin = 'pgoutput' AND database = 'db_azdqfkahxi'"}}
{"type":"LOG","log":{"level":"INFO","message":"INFO i.a.d.j.s.AdaptiveStreamingQueryConfig(initialize):31 Set initial fetch size: 10 rows"}}
{"type":"LOG","log":{"level":"INFO","message":"INFO i.a.i.s.r.AbstractDbSource(check):101 Exception while checking connection: io.airbyte.commons.exceptions.ConfigErrorException: Expected exactly one replication slot but found 0. Please read the docs and add a replication slot to your database.\n\tat io.airbyte.integrations.source.postgres.PostgresSource.lambda$getCheckOperations$5(PostgresSource.java:318) ~[main/:?]\n\tat io.airbyte.integrations.source.relationaldb.AbstractDbSource.check(AbstractDbSource.java:87) ~[io.airbyte.airbyte-integrations.connectors-source-relational-db-0.44.4.jar:?]\n\tat io.airbyte.integrations.source.postgres.PostgresSource.check(PostgresSource.java:527) ~[main/:?]\n\tat io.airbyte.integrations.source.postgres.CdcPostgresSourceTest.testCheckWithoutReplicationSlot(CdcPostgresSourceTest.java:227) ~[test/:?]\n\tat jdk.internal.reflect.NativeMethodAccessorImpl.invoke0(Native Method) ~[?:?]\n\tat jdk.internal.reflect.NativeMethodAccessorImpl.invoke(NativeMethodAccessorImpl.java:77) ~[?:?]\n\tat jdk.internal.reflect.DelegatingMethodAccessorImpl.invoke(DelegatingMethodAccessorImpl.java:43) ~[?:?]\n\tat java.lang.reflect.Method.invoke(Method.java:568) ~[?:?]\n\tat org.junit.platform.commons.util.ReflectionUtils.invokeMethod(ReflectionUtils.java:727) ~[junit-platform-commons-1.9.1.jar:1.9.1]\n\tat org.junit.jupiter.engine.execution.MethodInvocation.proceed(MethodInvocation.java:60) ~[junit-jupiter-engine-5.9.1.jar:5.9.1]\n\tat org.junit.jupiter.engine.execution.InvocationInterceptorChain$ValidatingInvocation.proceed(InvocationInterceptorChain.java:131) ~[junit-jupiter-engine-5.9.1.jar:5.9.1]\n\tat org.junit.jupiter.engine.extension.TimeoutExtension.intercept(TimeoutExtension.java:156) ~[junit-jupiter-engine-5.9.1.jar:5.9.1]\n\tat org.junit.jupiter.engine.extension.TimeoutExtension.interceptTestableMethod(TimeoutExtension.java:147) ~[junit-jupiter-engine-5.9.1.jar:5.9.1]\n\tat org.junit.jupiter.engine.extension.TimeoutExtension.interceptTestMethod(TimeoutExtension.java:86) ~[junit-jupiter-engine-5.9.1.jar:5.9.1]\n\tat org.junit.jupiter.engine.execution.InterceptingExecutableInvoker$ReflectiveInterceptorCall.lambda$ofVoidMethod$0(InterceptingExecutableInvoker.java:103) ~[junit-jupiter-engine-5.9.1.jar:5.9.1]\n\tat org.junit.jupiter.engine.execution.InterceptingExecutableInvoker.lambda$invoke$0(InterceptingExecutableInvoker.java:93) ~[junit-jupiter-engine-5.9.1.jar:5.9.1]\n\tat org.junit.jupiter.engine.execution.InvocationInterceptorChain$InterceptedInvocation.proceed(InvocationInterceptorChain.java:106) ~[junit-jupiter-engine-5.9.1.jar:5.9.1]\n\tat org.junit.jupiter.engine.execution.InvocationInterceptorChain.proceed(InvocationInterceptorChain.java:64) ~[junit-jupiter-engine-5.9.1.jar:5.9.1]\n\tat org.junit.jupiter.engine.execution.InvocationInterceptorChain.chainAndInvoke(InvocationInterceptorChain.java:45) ~[junit-jupiter-engine-5.9.1.jar:5.9.1]\n\tat org.junit.jupiter.engine.execution.InvocationInterceptorChain.invoke(InvocationInterceptorChain.java:37) ~[junit-jupiter-engine-5.9.1.jar:5.9.1]\n\tat org.junit.jupiter.engine.execution.InterceptingExecutableInvoker.invoke(InterceptingExecutableInvoker.java:92) ~[junit-jupiter-engine-5.9.1.jar:5.9.1]\n\tat org.junit.jupiter.engine.execution.InterceptingExecutableInvoker.invoke(InterceptingExecutableInvoker.java:86) ~[junit-jupiter-engine-5.9.1.jar:5.9.1]\n\tat org.junit.jupiter.engine.descriptor.TestMethodTestDescriptor.lambda$invokeTestMethod$7(TestMethodTestDescriptor.java:217) ~[junit-jupiter-engine-5.9.1.jar:5.9.1]\n\tat org.junit.platform.engine.support.hierarchical.ThrowableCollector.execute(ThrowableCollector.java:73) ~[junit-platform-engine-1.9.1.jar:1.9.1]\n\tat org.junit.jupiter.engine.descriptor.TestMethodTestDescriptor.invokeTestMethod(TestMethodTestDescriptor.java:213) ~[junit-jupiter-engine-5.9.1.jar:5.9.1]\n\tat org.junit.jupiter.engine.descriptor.TestMethodTestDescriptor.execute(TestMethodTestDescriptor.java:138) ~[junit-jupiter-engine-5.9.1.jar:5.9.1]\n\tat org.junit.jupiter.engine.descriptor.TestMethodTestDescriptor.execute(TestMethodTestDescriptor.java:68) ~[junit-jupiter-engine-5.9.1.jar:5.9.1]\n\tat org.junit.platform.engine.support.hierarchical.NodeTestTask.lambda$executeRecursively$6(NodeTestTask.java:151) ~[junit-platform-engine-1.9.1.jar:1.9.1]\n\tat org.junit.platform.engine.support.hierarchical.ThrowableCollector.execute(ThrowableCollector.java:73) ~[junit-platform-engine-1.9.1.jar:1.9.1]\n\tat org.junit.platform.engine.support.hierarchical.NodeTestTask.lambda$executeRecursively$8(NodeTestTask.java:141) ~[junit-platform-engine-1.9.1.jar:1.9.1]\n\tat org.junit.platform.engine.support.hierarchical.Node.around(Node.java:137) ~[junit-platform-engine-1.9.1.jar:1.9.1]\n\tat org.junit.platform.engine.support.hierarchical.NodeTestTask.lambda$executeRecursively$9(NodeTestTask.java:139) ~[junit-platform-engine-1.9.1.jar:1.9.1]\n\tat org.junit.platform.engine.support.hierarchical.ThrowableCollector.execute(ThrowableCollector.java:73) ~[junit-platform-engine-1.9.1.jar:1.9.1]\n\tat org.junit.platform.engine.support.hierarchical.NodeTestTask.executeRecursively(NodeTestTask.java:138) ~[junit-platform-engine-1.9.1.jar:1.9.1]\n\tat org.junit.platform.engine.support.hierarchical.NodeTestTask.execute(NodeTestTask.java:95) ~[junit-platform-engine-1.9.1.jar:1.9.1]\n\tat java.util.ArrayList.forEach(ArrayList.java:1511) ~[?:?]\n\tat org.junit.platform.engine.support.hierarchical.SameThreadHierarchicalTestExecutorService.invokeAll(SameThreadHierarchicalTestExecutorService.java:41) ~[junit-platform-engine-1.9.1.jar:1.9.1]\n\tat org.junit.platform.engine.support.hierarchical.NodeTestTask.lambda$executeRecursively$6(NodeTestTask.java:155) ~[junit-platform-engine-1.9.1.jar:1.9.1]\n\tat org.junit.platform.engine.support.hierarchical.ThrowableCollector.execute(ThrowableCollector.java:73) ~[junit-platform-engine-1.9.1.jar:1.9.1]\n\tat org.junit.platform.engine.support.hierarchical.NodeTestTask.lambda$executeRecursively$8(NodeTestTask.java:141) ~[junit-platform-engine-1.9.1.jar:1.9.1]\n\tat org.junit.platform.engine.support.hierarchical.Node.around(Node.java:137) ~[junit-platform-engine-1.9.1.jar:1.9.1]\n\tat org.junit.platform.engine.support.hierarchical.NodeTestTask.lambda$executeRecursively$9(NodeTestTask.java:139) ~[junit-platform-engine-1.9.1.jar:1.9.1]\n\tat org.junit.platform.engine.support.hierarchical.ThrowableCollector.execute(ThrowableCollector.java:73) ~[junit-platform-engine-1.9.1.jar:1.9.1]\n\tat org.junit.platform.engine.support.hierarchical.NodeTestTask.executeRecursively(NodeTestTask.java:138) ~[junit-platform-engine-1.9.1.jar:1.9.1]\n\tat org.junit.platform.engine.support.hierarchical.NodeTestTask.execute(NodeTestTask.java:95) ~[junit-platform-engine-1.9.1.jar:1.9.1]\n\tat java.util.ArrayList.forEach(ArrayList.java:1511) ~[?:?]\n\tat org.junit.platform.engine.support.hierarchical.SameThreadHierarchicalTestExecutorService.invokeAll(SameThreadHierarchicalTestExecutorService.java:41) ~[junit-platform-engine-1.9.1.jar:1.9.1]\n\tat org.junit.platform.engine.support.hierarchical.NodeTestTask.lambda$executeRecursively$6(NodeTestTask.java:155) ~[junit-platform-engine-1.9.1.jar:1.9.1]\n\tat org.junit.platform.engine.support.hierarchical.ThrowableCollector.execute(ThrowableCollector.java:73) ~[junit-platform-engine-1.9.1.jar:1.9.1]\n\tat org.junit.platform.engine.support.hierarchical.NodeTestTask.lambda$executeRecursively$8(NodeTestTask.java:141) ~[junit-platform-engine-1.9.1.jar:1.9.1]\n\tat org.junit.platform.engine.support.hierarchical.Node.around(Node.java:137) ~[junit-platform-engine-1.9.1.jar:1.9.1]\n\tat org.junit.platform.engine.support.hierarchical.NodeTestTask.lambda$executeRecursively$9(NodeTestTask.java:139) ~[junit-platform-engine-1.9.1.jar:1.9.1]\n\tat org.junit.platform.engine.support.hierarchical.ThrowableCollector.execute(ThrowableCollector.java:73) ~[junit-platform-engine-1.9.1.jar:1.9.1]\n\tat org.junit.platform.engine.support.hierarchical.NodeTestTask.executeRecursively(NodeTestTask.java:138) ~[junit-platform-engine-1.9.1.jar:1.9.1]\n\tat org.junit.platform.engine.support.hierarchical.NodeTestTask.execute(NodeTestTask.java:95) ~[junit-platform-engine-1.9.1.jar:1.9.1]\n\tat org.junit.platform.engine.support.hierarchical.SameThreadHierarchicalTestExecutorService.submit(SameThreadHierarchicalTestExecutorService.java:35) ~[junit-platform-engine-1.9.1.jar:1.9.1]\n\tat org.junit.platform.engine.support.hierarchical.HierarchicalTestExecutor.execute(HierarchicalTestExecutor.java:57) ~[junit-platform-engine-1.9.1.jar:1.9.1]\n\tat org.junit.platform.engine.support.hierarchical.HierarchicalTestEngine.execute(HierarchicalTestEngine.java:54) ~[junit-platform-engine-1.9.1.jar:1.9.1]\n\tat org.junit.platform.launcher.core.EngineExecutionOrchestrator.execute(EngineExecutionOrchestrator.java:147) ~[junit-platform-launcher-1.9.1.jar:1.9.1]\n\tat org.junit.platform.launcher.core.EngineExecutionOrchestrator.execute(EngineExecutionOrchestrator.java:127) ~[junit-platform-launcher-1.9.1.jar:1.9.1]\n\tat org.junit.platform.launcher.core.EngineExecutionOrchestrator.execute(EngineExecutionOrchestrator.java:90) ~[junit-platform-launcher-1.9.1.jar:1.9.1]\n\tat org.junit.platform.launcher.core.EngineExecutionOrchestrator.lambda$execute$0(EngineExecutionOrchestrator.java:55) ~[junit-platform-launcher-1.9.1.jar:1.9.1]\n\tat org.junit.platform.launcher.core.EngineExecutionOrchestrator.withInterceptedStreams(EngineExecutionOrchestrator.java:102) ~[junit-platform-launcher-1.9.1.jar:1.9.1]\n\tat org.junit.platform.launcher.core.EngineExecutionOrchestrator.execute(EngineExecutionOrchestrator.java:54) ~[junit-platform-launcher-1.9.1.jar:1.9.1]\n\tat org.junit.platform.launcher.core.DefaultLauncher.execute(DefaultLauncher.java:114) ~[junit-platform-launcher-1.9.1.jar:1.9.1]\n\tat org.junit.platform.launcher.core.DefaultLauncher.execute(DefaultLauncher.java:86) ~[junit-platform-launcher-1.9.1.jar:1.9.1]\n\tat org.junit.platform.launcher.core.DefaultLauncherSession$DelegatingLauncher.execute(DefaultLauncherSession.java:86) ~[junit-platform-launcher-1.9.1.jar:1.9.1]\n\tat org.junit.platform.launcher.core.SessionPerRequestLauncher.execute(SessionPerRequestLauncher.java:53) ~[junit-platform-launcher-1.9.1.jar:1.9.1]\n\tat org.gradle.api.internal.tasks.testing.junitplatform.JUnitPlatformTestClassProcessor$CollectAllTestClassesExecutor.processAllTestClasses(JUnitPlatformTestClassProcessor.java:99) ~[?:?]\n\tat org.gradle.api.internal.tasks.testing.junitplatform.JUnitPlatformTestClassProcessor$CollectAllTestClassesExecutor.access$000(JUnitPlatformTestClassProcessor.java:79) ~[?:?]\n\tat org.gradle.api.internal.tasks.testing.junitplatform.JUnitPlatformTestClassProcessor.stop(JUnitPlatformTestClassProcessor.java:75) ~[?:?]\n\tat org.gradle.api.internal.tasks.testing.SuiteTestClassProcessor.stop(SuiteTestClassProcessor.java:62) ~[?:?]\n\tat jdk.internal.reflect.NativeMethodAccessorImpl.invoke0(Native Method) ~[?:?]\n\tat jdk.internal.reflect.NativeMethodAccessorImpl.invoke(NativeMethodAccessorImpl.java:77) ~[?:?]\n\tat jdk.internal.reflect.DelegatingMethodAccessorImpl.invoke(DelegatingMethodAccessorImpl.java:43) ~[?:?]\n\tat java.lang.reflect.Method.invoke(Method.java:568) ~[?:?]\n\tat org.gradle.internal.dispatch.ReflectionDispatch.dispatch(ReflectionDispatch.java:36) ~[?:?]\n\tat org.gradle.internal.dispatch.ReflectionDispatch.dispatch(ReflectionDispatch.java:24) ~[?:?]\n\tat org.gradle.internal.dispatch.ContextClassLoaderDispatch.dispatch(ContextClassLoaderDispatch.java:33) ~[?:?]\n\tat org.gradle.internal.dispatch.ProxyDispatchAdapter$DispatchingInvocationHandler.invoke(ProxyDispatchAdapter.java:94) ~[?:?]\n\tat jdk.proxy2.$Proxy5.stop(Unknown Source) ~[?:?]\n\tat org.gradle.api.internal.tasks.testing.worker.TestWorker$3.run(TestWorker.java:193) ~[?:?]\n\tat org.gradle.api.internal.tasks.testing.worker.TestWorker.executeAndMaintainThreadName(TestWorker.java:129) ~[?:?]\n\tat org.gradle.api.internal.tasks.testing.worker.TestWorker.execute(TestWorker.java:100) ~[?:?]\n\tat org.gradle.api.internal.tasks.testing.worker.TestWorker.execute(TestWorker.java:60) ~[?:?]\n\tat org.gradle.process.internal.worker.child.ActionExecutionWorker.execute(ActionExecutionWorker.java:56) ~[?:?]\n\tat org.gradle.process.internal.worker.child.SystemApplicationClassLoaderWorker.call(SystemApplicationClassLoaderWorker.java:113) ~[?:?]\n\tat org.gradle.process.internal.worker.child.SystemApplicationClassLoaderWorker.call(SystemApplicationClassLoaderWorker.java:65) ~[?:?]\n\tat worker.org.gradle.process.internal.worker.GradleWorkerMain.run(GradleWorkerMain.java:69) ~[gradle-worker.jar:?]\n\tat worker.org.gradle.process.internal.worker.GradleWorkerMain.main(GradleWorkerMain.java:74) ~[gradle-worker.jar:?]\n","stack_trace":"io.airbyte.commons.exceptions.ConfigErrorException: Expected exactly one replication slot but found 0. Please read the docs and add a replication slot to your database.\n\tat io.airbyte.integrations.source.postgres.PostgresSource.lambda$getCheckOperations$5(PostgresSource.java:318)\n\tat io.airbyte.integrations.source.relationaldb.AbstractDbSource.check(AbstractDbSource.java:87)\n\tat io.airbyte.integrations.source.postgres.PostgresSource.check(PostgresSource.java:527)\n\tat io.airbyte.integrations.source.postgres.CdcPostgresSourceTest.testCheckWithoutReplicationSlot(CdcPostgresSourceTest.java:227)\n\tat java.base/jdk.internal.reflect.NativeMethodAccessorImpl.invoke0(Native Method)\n\tat java.base/jdk.internal.reflect.NativeMethodAccessorImpl.invoke(NativeMethodAccessorImpl.java:77)\n\tat java.base/jdk.internal.reflect.DelegatingMethodAccessorImpl.invoke(DelegatingMethodAccessorImpl.java:43)\n\tat java.base/java.lang.reflect.Method.invoke(Method.java:568)\n\tat org.junit.platform.commons.util.ReflectionUtils.invokeMethod(ReflectionUtils.java:727)\n\tat org.junit.jupiter.engine.execution.MethodInvocation.proceed(MethodInvocation.java:60)\n\tat org.junit.jupiter.engine.execution.InvocationInterceptorChain$ValidatingInvocation.proceed(InvocationInterceptorChain.java:131)\n\tat org.junit.jupiter.engine.extension.TimeoutExtension.intercept(TimeoutExtension.java:156)\n\tat org.junit.jupiter.engine.extension.TimeoutExtension.interceptTestableMethod(TimeoutExtension.java:147)\n\tat org.junit.jupiter.engine.extension.TimeoutExtension.interceptTestMethod(TimeoutExtension.java:86)\n\tat org.junit.jupiter.engine.execution.InterceptingExecutableInvoker$ReflectiveInterceptorCall.lambda$ofVoidMethod$0(InterceptingExecutableInvoker.java:103)\n\tat org.junit.jupiter.engine.execution.InterceptingExecutableInvoker.lambda$invoke$0(InterceptingExecutableInvoker.java:93)\n\tat org.junit.jupiter.engine.execution.InvocationInterceptorChain$InterceptedInvocation.proceed(InvocationInterceptorChain.java:106)\n\tat org.junit.jupiter.engine.execution.InvocationInterceptorChain.proceed(InvocationInterceptorChain.java:64)\n\tat org.junit.jupiter.engine.execution.InvocationInterceptorChain.chainAndInvoke(InvocationInterceptorChain.java:45)\n\tat org.junit.jupiter.engine.execution.InvocationInterceptorChain.invoke(InvocationInterceptorChain.java:37)\n\tat org.junit.jupiter.engine.execution.InterceptingExecutableInvoker.invoke(InterceptingExecutableInvoker.java:92)\n\tat org.junit.jupiter.engine.execution.InterceptingExecutableInvoker.invoke(InterceptingExecutableInvoker.java:86)\n\tat org.junit.jupiter.engine.descriptor.TestMethodTestDescriptor.lambda$invokeTestMethod$7(TestMethodTestDescriptor.java:217)\n\tat org.junit.platform.engine.support.hierarchical.ThrowableCollector.execute(ThrowableCollector.java:73)\n\tat org.junit.jupiter.engine.descriptor.TestMethodTestDescriptor.invokeTestMethod(TestMethodTestDescriptor.java:213)\n\tat org.junit.jupiter.engine.descriptor.TestMethodTestDescriptor.execute(TestMethodTestDescriptor.java:138)\n\tat org.junit.jupiter.engine.descriptor.TestMethodTestDescriptor.execute(TestMethodTestDescriptor.java:68)\n\tat org.junit.platform.engine.support.hierarchical.NodeTestTask.lambda$executeRecursively$6(NodeTestTask.java:151)\n\tat org.junit.platform.engine.support.hierarchical.ThrowableCollector.execute(ThrowableCollector.java:73)\n\tat org.junit.platform.engine.support.hierarchical.NodeTestTask.lambda$executeRecursively$8(NodeTestTask.java:141)\n\tat org.junit.platform.engine.support.hierarchical.Node.around(Node.java:137)\n\tat org.junit.platform.engine.support.hierarchical.NodeTestTask.lambda$executeRecursively$9(NodeTestTask.java:139)\n\tat org.junit.platform.engine.support.hierarchical.ThrowableCollector.execute(ThrowableCollector.java:73)\n\tat org.junit.platform.engine.support.hierarchical.NodeTestTask.executeRecursively(NodeTestTask.java:138)\n\tat org.junit.platform.engine.support.hierarchical.NodeTestTask.execute(NodeTestTask.java:95)\n\tat java.base/java.util.ArrayList.forEach(ArrayList.java:1511)\n\tat org.junit.platform.engine.support.hierarchical.SameThreadHierarchicalTestExecutorService.invokeAll(SameThreadHierarchicalTestExecutorService.java:41)\n\tat org.junit.platform.engine.support.hierarchical.NodeTestTask.lambda$executeRecursively$6(NodeTestTask.java:155)\n\tat org.junit.platform.engine.support.hierarchical.ThrowableCollector.execute(ThrowableCollector.java:73)\n\tat org.junit.platform.engine.support.hierarchical.NodeTestTask.lambda$executeRecursively$8(NodeTestTask.java:141)\n\tat org.junit.platform.engine.support.hierarchical.Node.around(Node.java:137)\n\tat org.junit.platform.engine.support.hierarchical.NodeTestTask.lambda$executeRecursively$9(NodeTestTask.java:139)\n\tat org.junit.platform.engine.support.hierarchical.ThrowableCollector.execute(ThrowableCollector.java:73)\n\tat org.junit.platform.engine.support.hierarchical.NodeTestTask.executeRecursively(NodeTestTask.java:138)\n\tat org.junit.platform.engine.support.hierarchical.NodeTestTask.execute(NodeTestTask.java:95)\n\tat java.base/java.util.ArrayList.forEach(ArrayList.java:1511)\n\tat org.junit.platform.engine.support.hierarchical.SameThreadHierarchicalTestExecutorService.invokeAll(SameThreadHierarchicalTestExecutorService.java:41)\n\tat org.junit.platform.engine.support.hierarchical.NodeTestTask.lambda$executeRecursively$6(NodeTestTask.java:155)\n\tat org.junit.platform.engine.support.hierarchical.ThrowableCollector.execute(ThrowableCollector.java:73)\n\tat org.junit.platform.engine.support.hierarchical.NodeTestTask.lambda$executeRecursively$8(NodeTestTask.java:141)\n\tat org.junit.platform.engine.support.hierarchical.Node.around(Node.java:137)\n\tat org.junit.platform.engine.support.hierarchical.NodeTestTask.lambda$executeRecursively$9(NodeTestTask.java:139)\n\tat org.junit.platform.engine.support.hierarchical.ThrowableCollector.execute(ThrowableCollector.java:73)\n\tat org.junit.platform.engine.support.hierarchical.NodeTestTask.executeRecursively(NodeTestTask.java:138)\n\tat org.junit.platform.engine.support.hierarchical.NodeTestTask.execute(NodeTestTask.java:95)\n\tat org.junit.platform.engine.support.hierarchical.SameThreadHierarchicalTestExecutorService.submit(SameThreadHierarchicalTestExecutorService.java:35)\n\tat org.junit.platform.engine.support.hierarchical.HierarchicalTestExecutor.execute(HierarchicalTestExecutor.java:57)\n\tat org.junit.platform.engine.support.hierarchical.HierarchicalTestEngine.execute(HierarchicalTestEngine.java:54)\n\tat org.junit.platform.launcher.core.EngineExecutionOrchestrator.execute(EngineExecutionOrchestrator.java:147)\n\tat org.junit.platform.launcher.core.EngineExecutionOrchestrator.execute(EngineExecutionOrchestrator.java:127)\n\tat org.junit.platform.launcher.core.EngineExecutionOrchestrator.execute(EngineExecutionOrchestrator.java:90)\n\tat org.junit.platform.launcher.core.EngineExecutionOrchestrator.lambda$execute$0(EngineExecutionOrchestrator.java:55)\n\tat org.junit.platform.launcher.core.EngineExecutionOrchestrator.withInterceptedStreams(EngineExecutionOrchestrator.java:102)\n\tat org.junit.platform.launcher.core.EngineExecutionOrchestrator.execute(EngineExecutionOrchestrator.java:54)\n\tat org.junit.platform.launcher.core.DefaultLauncher.execute(DefaultLauncher.java:114)\n\tat org.junit.platform.launcher.core.DefaultLauncher.execute(DefaultLauncher.java:86)\n\tat org.junit.platform.launcher.core.DefaultLauncherSession$DelegatingLauncher.execute(DefaultLauncherSession.java:86)\n\tat org.junit.platform.launcher.core.SessionPerRequestLauncher.execute(SessionPerRequestLauncher.java:53)\n\tat org.gradle.api.internal.tasks.testing.junitplatform.JUnitPlatformTestClassProcessor$CollectAllTestClassesExecutor.processAllTestClasses(JUnitPlatformTestClassProcessor.java:99)\n\tat org.gradle.api.internal.tasks.testing.junitplatform.JUnitPlatformTestClassProcessor$CollectAllTestClassesExecutor.access$000(JUnitPlatformTestClassProcessor.java:79)\n\tat org.gradle.api.internal.tasks.testing.junitplatform.JUnitPlatformTestClassProcessor.stop(JUnitPlatformTestClassProcessor.java:75)\n\tat org.gradle.api.internal.tasks.testing.SuiteTestClassProcessor.stop(SuiteTestClassProcessor.java:62)\n\tat java.base/jdk.internal.reflect.NativeMethodAccessorImpl.invoke0(Native Method)\n\tat java.base/jdk.internal.reflect.NativeMethodAccessorImpl.invoke(NativeMethodAccessorImpl.java:77)\n\tat java.base/jdk.internal.reflect.DelegatingMethodAccessorImpl.invoke(DelegatingMethodAccessorImpl.java:43)\n\tat java.base/java.lang.reflect.Method.invoke(Method.java:568)\n\tat org.gradle.internal.dispatch.ReflectionDispatch.dispatch(ReflectionDispatch.java:36)\n\tat org.gradle.internal.dispatch.ReflectionDispatch.dispatch(ReflectionDispatch.java:24)\n\tat org.gradle.internal.dispatch.ContextClassLoaderDispatch.dispatch(ContextClassLoaderDispatch.java:33)\n\tat org.gradle.internal.dispatch.ProxyDispatchAdapter$DispatchingInvocationHandler.invoke(ProxyDispatchAdapter.java:94)\n\tat jdk.proxy2/jdk.proxy2.$Proxy5.stop(Unknown Source)\n\tat org.gradle.api.internal.tasks.testing.worker.TestWorker$3.run(TestWorker.java:193)\n\tat org.gradle.api.internal.tasks.testing.worker.TestWorker.executeAndMaintainThreadName(TestWorker.java:129)\n\tat org.gradle.api.internal.tasks.testing.worker.TestWorker.execute(TestWorker.java:100)\n\tat org.gradle.api.internal.tasks.testing.worker.TestWorker.execute(TestWorker.java:60)\n\tat org.gradle.process.internal.worker.child.ActionExecutionWorker.execute(ActionExecutionWorker.java:56)\n\tat org.gradle.process.internal.worker.child.SystemApplicationClassLoaderWorker.call(SystemApplicationClassLoaderWorker.java:113)\n\tat org.gradle.process.internal.worker.child.SystemApplicationClassLoaderWorker.call(SystemApplicationClassLoaderWorker.java:65)\n\tat worker.org.gradle.process.internal.worker.GradleWorkerMain.run(GradleWorkerMain.java:69)\n\tat worker.org.gradle.process.internal.worker.GradleWorkerMain.main(GradleWorkerMain.java:74)\n"}}
{"type":"LOG","log":{"level":"INFO","message":"INFO c.z.h.HikariDataSource(close):350 HikariPool-47 - Shutdown initiated..."}}
{"type":"LOG","log":{"level":"INFO","message":"INFO c.z.h.HikariDataSource(close):352 HikariPool-47 - Shutdown completed."}}
{"type":"LOG","log":{"level":"INFO","message":"INFO o.t.c.GenericContainer(tryStart):376 Creating container for image: debezium/postgres:13-alpine"}}
{"type":"LOG","log":{"level":"INFO","message":"INFO o.t.c.GenericContainer(tryStart):440 Container debezium/postgres:13-alpine is starting: 7dfdd0e18da435c31fd5ebda210289f968c459ff84fbab7cef289700587eff56"}}
{"type":"LOG","log":{"level":"INFO","message":"INFO o.t.c.GenericContainer(tryStart):520 Container debezium/postgres:13-alpine started in PT5.099982S"}}
{"type":"LOG","log":{"level":"INFO","message":"INFO c.z.h.HikariDataSource(<init>):80 HikariPool-48 - Starting..."}}
{"type":"LOG","log":{"level":"INFO","message":"INFO c.z.h.HikariDataSource(<init>):82 HikariPool-48 - Start completed."}}
{"type":"LOG","log":{"level":"INFO","message":"INFO i.a.i.s.p.PostgresUtils(isCdc):53 using CDC: true"}}
{"type":"LOG","log":{"level":"INFO","message":"INFO c.z.h.HikariDataSource(<init>):80 HikariPool-49 - Starting..."}}
{"type":"LOG","log":{"level":"INFO","message":"INFO c.z.h.HikariDataSource(<init>):82 HikariPool-49 - Start completed."}}
{"type":"LOG","log":{"level":"INFO","message":"INFO i.a.i.s.p.PostgresUtils(isCdc):53 using CDC: true"}}
{"type":"LOG","log":{"level":"INFO","message":"INFO i.a.d.j.s.AdaptiveStreamingQueryConfig(initialize):31 Set initial fetch size: 10 rows"}}
{"type":"LOG","log":{"level":"INFO","message":"INFO i.a.i.s.p.PostgresCdcCatalogHelper(getPublicizedTables):119 For CDC, only tables in publication publication will be included in the sync: [models_schema.models, models_schema_random.models_random]"}}
{"type":"LOG","log":{"level":"INFO","message":"INFO i.a.i.s.p.PostgresUtils(isCdc):53 using CDC: true"}}
{"type":"LOG","log":{"level":"INFO","message":"INFO i.a.i.s.j.AbstractJdbcSource(lambda$getCheckOperations$1):138 Attempting to get metadata from the database to see if we can connect."}}
{"type":"LOG","log":{"level":"INFO","message":"INFO i.a.i.s.p.PostgresSource(lambda$getReplicationSlot$4):296 Attempting to find the named replication slot using the query: HikariProxyPreparedStatement@235208892 wrapping SELECT * FROM pg_replication_slots WHERE slot_name = 'debezium_slot_db_itezwqugvo' AND plugin = 'pgoutput' AND database = 'db_itezwqugvo'"}}
{"type":"LOG","log":{"level":"INFO","message":"INFO i.a.d.j.s.AdaptiveStreamingQueryConfig(initialize):31 Set initial fetch size: 10 rows"}}
{"type":"LOG","log":{"level":"INFO","message":"INFO i.a.i.s.p.PostgresSource(lambda$getCheckOperations$6):328 Attempting to find the publication using the query: HikariProxyPreparedStatement@895698515 wrapping SELECT * FROM pg_publication WHERE pubname = 'publication'"}}
{"type":"LOG","log":{"level":"INFO","message":"INFO i.a.d.j.s.AdaptiveStreamingQueryConfig(initialize):31 Set initial fetch size: 10 rows"}}
{"type":"LOG","log":{"level":"INFO","message":"INFO i.a.i.d.i.p.PostgresReplicationConnection(createConnection):44 Creating a replication connection."}}
{"type":"LOG","log":{"level":"INFO","message":"INFO i.a.i.s.r.AbstractDbSource(check):101 Exception while checking connection: io.airbyte.commons.exceptions.ConfigErrorException: User 'airbyte_test' does not have enough privileges for CDC replication. Please read the docs and add required privileges.\n\tat io.airbyte.integrations.debezium.internals.postgres.PostgresReplicationConnection.createConnection(PostgresReplicationConnection.java:52) ~[io.airbyte.airbyte-integrations.bases-debezium-0.44.4.jar:?]\n\tat io.airbyte.integrations.source.postgres.PostgresSource.lambda$getCheckOperations$9(PostgresSource.java:353) ~[main/:?]\n\tat io.airbyte.integrations.source.relationaldb.AbstractDbSource.check(AbstractDbSource.java:87) ~[io.airbyte.airbyte-integrations.connectors-source-relational-db-0.44.4.jar:?]\n\tat io.airbyte.integrations.source.postgres.PostgresSource.check(PostgresSource.java:527) ~[main/:?]\n\tat io.airbyte.integrations.source.postgres.CdcPostgresSourceTest.testCheckWithoutReplicationPermission(CdcPostgresSourceTest.java:208) ~[test/:?]\n\tat jdk.internal.reflect.NativeMethodAccessorImpl.invoke0(Native Method) ~[?:?]\n\tat jdk.internal.reflect.NativeMethodAccessorImpl.invoke(NativeMethodAccessorImpl.java:77) ~[?:?]\n\tat jdk.internal.reflect.DelegatingMethodAccessorImpl.invoke(DelegatingMethodAccessorImpl.java:43) ~[?:?]\n\tat java.lang.reflect.Method.invoke(Method.java:568) ~[?:?]\n\tat org.junit.platform.commons.util.ReflectionUtils.invokeMethod(ReflectionUtils.java:727) ~[junit-platform-commons-1.9.1.jar:1.9.1]\n\tat org.junit.jupiter.engine.execution.MethodInvocation.proceed(MethodInvocation.java:60) ~[junit-jupiter-engine-5.9.1.jar:5.9.1]\n\tat org.junit.jupiter.engine.execution.InvocationInterceptorChain$ValidatingInvocation.proceed(InvocationInterceptorChain.java:131) ~[junit-jupiter-engine-5.9.1.jar:5.9.1]\n\tat org.junit.jupiter.engine.extension.TimeoutExtension.intercept(TimeoutExtension.java:156) ~[junit-jupiter-engine-5.9.1.jar:5.9.1]\n\tat org.junit.jupiter.engine.extension.TimeoutExtension.interceptTestableMethod(TimeoutExtension.java:147) ~[junit-jupiter-engine-5.9.1.jar:5.9.1]\n\tat org.junit.jupiter.engine.extension.TimeoutExtension.interceptTestMethod(TimeoutExtension.java:86) ~[junit-jupiter-engine-5.9.1.jar:5.9.1]\n\tat org.junit.jupiter.engine.execution.InterceptingExecutableInvoker$ReflectiveInterceptorCall.lambda$ofVoidMethod$0(InterceptingExecutableInvoker.java:103) ~[junit-jupiter-engine-5.9.1.jar:5.9.1]\n\tat org.junit.jupiter.engine.execution.InterceptingExecutableInvoker.lambda$invoke$0(InterceptingExecutableInvoker.java:93) ~[junit-jupiter-engine-5.9.1.jar:5.9.1]\n\tat org.junit.jupiter.engine.execution.InvocationInterceptorChain$InterceptedInvocation.proceed(InvocationInterceptorChain.java:106) ~[junit-jupiter-engine-5.9.1.jar:5.9.1]\n\tat org.junit.jupiter.engine.execution.InvocationInterceptorChain.proceed(InvocationInterceptorChain.java:64) ~[junit-jupiter-engine-5.9.1.jar:5.9.1]\n\tat org.junit.jupiter.engine.execution.InvocationInterceptorChain.chainAndInvoke(InvocationInterceptorChain.java:45) ~[junit-jupiter-engine-5.9.1.jar:5.9.1]\n\tat org.junit.jupiter.engine.execution.InvocationInterceptorChain.invoke(InvocationInterceptorChain.java:37) ~[junit-jupiter-engine-5.9.1.jar:5.9.1]\n\tat org.junit.jupiter.engine.execution.InterceptingExecutableInvoker.invoke(InterceptingExecutableInvoker.java:92) ~[junit-jupiter-engine-5.9.1.jar:5.9.1]\n\tat org.junit.jupiter.engine.execution.InterceptingExecutableInvoker.invoke(InterceptingExecutableInvoker.java:86) ~[junit-jupiter-engine-5.9.1.jar:5.9.1]\n\tat org.junit.jupiter.engine.descriptor.TestMethodTestDescriptor.lambda$invokeTestMethod$7(TestMethodTestDescriptor.java:217) ~[junit-jupiter-engine-5.9.1.jar:5.9.1]\n\tat org.junit.platform.engine.support.hierarchical.ThrowableCollector.execute(ThrowableCollector.java:73) ~[junit-platform-engine-1.9.1.jar:1.9.1]\n\tat org.junit.jupiter.engine.descriptor.TestMethodTestDescriptor.invokeTestMethod(TestMethodTestDescriptor.java:213) ~[junit-jupiter-engine-5.9.1.jar:5.9.1]\n\tat org.junit.jupiter.engine.descriptor.TestMethodTestDescriptor.execute(TestMethodTestDescriptor.java:138) ~[junit-jupiter-engine-5.9.1.jar:5.9.1]\n\tat org.junit.jupiter.engine.descriptor.TestMethodTestDescriptor.execute(TestMethodTestDescriptor.java:68) ~[junit-jupiter-engine-5.9.1.jar:5.9.1]\n\tat org.junit.platform.engine.support.hierarchical.NodeTestTask.lambda$executeRecursively$6(NodeTestTask.java:151) ~[junit-platform-engine-1.9.1.jar:1.9.1]\n\tat org.junit.platform.engine.support.hierarchical.ThrowableCollector.execute(ThrowableCollector.java:73) ~[junit-platform-engine-1.9.1.jar:1.9.1]\n\tat org.junit.platform.engine.support.hierarchical.NodeTestTask.lambda$executeRecursively$8(NodeTestTask.java:141) ~[junit-platform-engine-1.9.1.jar:1.9.1]\n\tat org.junit.platform.engine.support.hierarchical.Node.around(Node.java:137) ~[junit-platform-engine-1.9.1.jar:1.9.1]\n\tat org.junit.platform.engine.support.hierarchical.NodeTestTask.lambda$executeRecursively$9(NodeTestTask.java:139) ~[junit-platform-engine-1.9.1.jar:1.9.1]\n\tat org.junit.platform.engine.support.hierarchical.ThrowableCollector.execute(ThrowableCollector.java:73) ~[junit-platform-engine-1.9.1.jar:1.9.1]\n\tat org.junit.platform.engine.support.hierarchical.NodeTestTask.executeRecursively(NodeTestTask.java:138) ~[junit-platform-engine-1.9.1.jar:1.9.1]\n\tat org.junit.platform.engine.support.hierarchical.NodeTestTask.execute(NodeTestTask.java:95) ~[junit-platform-engine-1.9.1.jar:1.9.1]\n\tat java.util.ArrayList.forEach(ArrayList.java:1511) ~[?:?]\n\tat org.junit.platform.engine.support.hierarchical.SameThreadHierarchicalTestExecutorService.invokeAll(SameThreadHierarchicalTestExecutorService.java:41) ~[junit-platform-engine-1.9.1.jar:1.9.1]\n\tat org.junit.platform.engine.support.hierarchical.NodeTestTask.lambda$executeRecursively$6(NodeTestTask.java:155) ~[junit-platform-engine-1.9.1.jar:1.9.1]\n\tat org.junit.platform.engine.support.hierarchical.ThrowableCollector.execute(ThrowableCollector.java:73) ~[junit-platform-engine-1.9.1.jar:1.9.1]\n\tat org.junit.platform.engine.support.hierarchical.NodeTestTask.lambda$executeRecursively$8(NodeTestTask.java:141) ~[junit-platform-engine-1.9.1.jar:1.9.1]\n\tat org.junit.platform.engine.support.hierarchical.Node.around(Node.java:137) ~[junit-platform-engine-1.9.1.jar:1.9.1]\n\tat org.junit.platform.engine.support.hierarchical.NodeTestTask.lambda$executeRecursively$9(NodeTestTask.java:139) ~[junit-platform-engine-1.9.1.jar:1.9.1]\n\tat org.junit.platform.engine.support.hierarchical.ThrowableCollector.execute(ThrowableCollector.java:73) ~[junit-platform-engine-1.9.1.jar:1.9.1]\n\tat org.junit.platform.engine.support.hierarchical.NodeTestTask.executeRecursively(NodeTestTask.java:138) ~[junit-platform-engine-1.9.1.jar:1.9.1]\n\tat org.junit.platform.engine.support.hierarchical.NodeTestTask.execute(NodeTestTask.java:95) ~[junit-platform-engine-1.9.1.jar:1.9.1]\n\tat java.util.ArrayList.forEach(ArrayList.java:1511) ~[?:?]\n\tat org.junit.platform.engine.support.hierarchical.SameThreadHierarchicalTestExecutorService.invokeAll(SameThreadHierarchicalTestExecutorService.java:41) ~[junit-platform-engine-1.9.1.jar:1.9.1]\n\tat org.junit.platform.engine.support.hierarchical.NodeTestTask.lambda$executeRecursively$6(NodeTestTask.java:155) ~[junit-platform-engine-1.9.1.jar:1.9.1]\n\tat org.junit.platform.engine.support.hierarchical.ThrowableCollector.execute(ThrowableCollector.java:73) ~[junit-platform-engine-1.9.1.jar:1.9.1]\n\tat org.junit.platform.engine.support.hierarchical.NodeTestTask.lambda$executeRecursively$8(NodeTestTask.java:141) ~[junit-platform-engine-1.9.1.jar:1.9.1]\n\tat org.junit.platform.engine.support.hierarchical.Node.around(Node.java:137) ~[junit-platform-engine-1.9.1.jar:1.9.1]\n\tat org.junit.platform.engine.support.hierarchical.NodeTestTask.lambda$executeRecursively$9(NodeTestTask.java:139) ~[junit-platform-engine-1.9.1.jar:1.9.1]\n\tat org.junit.platform.engine.support.hierarchical.ThrowableCollector.execute(ThrowableCollector.java:73) ~[junit-platform-engine-1.9.1.jar:1.9.1]\n\tat org.junit.platform.engine.support.hierarchical.NodeTestTask.executeRecursively(NodeTestTask.java:138) ~[junit-platform-engine-1.9.1.jar:1.9.1]\n\tat org.junit.platform.engine.support.hierarchical.NodeTestTask.execute(NodeTestTask.java:95) ~[junit-platform-engine-1.9.1.jar:1.9.1]\n\tat org.junit.platform.engine.support.hierarchical.SameThreadHierarchicalTestExecutorService.submit(SameThreadHierarchicalTestExecutorService.java:35) ~[junit-platform-engine-1.9.1.jar:1.9.1]\n\tat org.junit.platform.engine.support.hierarchical.HierarchicalTestExecutor.execute(HierarchicalTestExecutor.java:57) ~[junit-platform-engine-1.9.1.jar:1.9.1]\n\tat org.junit.platform.engine.support.hierarchical.HierarchicalTestEngine.execute(HierarchicalTestEngine.java:54) ~[junit-platform-engine-1.9.1.jar:1.9.1]\n\tat org.junit.platform.launcher.core.EngineExecutionOrchestrator.execute(EngineExecutionOrchestrator.java:147) ~[junit-platform-launcher-1.9.1.jar:1.9.1]\n\tat org.junit.platform.launcher.core.EngineExecutionOrchestrator.execute(EngineExecutionOrchestrator.java:127) ~[junit-platform-launcher-1.9.1.jar:1.9.1]\n\tat org.junit.platform.launcher.core.EngineExecutionOrchestrator.execute(EngineExecutionOrchestrator.java:90) ~[junit-platform-launcher-1.9.1.jar:1.9.1]\n\tat org.junit.platform.launcher.core.EngineExecutionOrchestrator.lambda$execute$0(EngineExecutionOrchestrator.java:55) ~[junit-platform-launcher-1.9.1.jar:1.9.1]\n\tat org.junit.platform.launcher.core.EngineExecutionOrchestrator.withInterceptedStreams(EngineExecutionOrchestrator.java:102) ~[junit-platform-launcher-1.9.1.jar:1.9.1]\n\tat org.junit.platform.launcher.core.EngineExecutionOrchestrator.execute(EngineExecutionOrchestrator.java:54) ~[junit-platform-launcher-1.9.1.jar:1.9.1]\n\tat org.junit.platform.launcher.core.DefaultLauncher.execute(DefaultLauncher.java:114) ~[junit-platform-launcher-1.9.1.jar:1.9.1]\n\tat org.junit.platform.launcher.core.DefaultLauncher.execute(DefaultLauncher.java:86) ~[junit-platform-launcher-1.9.1.jar:1.9.1]\n\tat org.junit.platform.launcher.core.DefaultLauncherSession$DelegatingLauncher.execute(DefaultLauncherSession.java:86) ~[junit-platform-launcher-1.9.1.jar:1.9.1]\n\tat org.junit.platform.launcher.core.SessionPerRequestLauncher.execute(SessionPerRequestLauncher.java:53) ~[junit-platform-launcher-1.9.1.jar:1.9.1]\n\tat org.gradle.api.internal.tasks.testing.junitplatform.JUnitPlatformTestClassProcessor$CollectAllTestClassesExecutor.processAllTestClasses(JUnitPlatformTestClassProcessor.java:99) ~[?:?]\n\tat org.gradle.api.internal.tasks.testing.junitplatform.JUnitPlatformTestClassProcessor$CollectAllTestClassesExecutor.access$000(JUnitPlatformTestClassProcessor.java:79) ~[?:?]\n\tat org.gradle.api.internal.tasks.testing.junitplatform.JUnitPlatformTestClassProcessor.stop(JUnitPlatformTestClassProcessor.java:75) ~[?:?]\n\tat org.gradle.api.internal.tasks.testing.SuiteTestClassProcessor.stop(SuiteTestClassProcessor.java:62) ~[?:?]\n\tat jdk.internal.reflect.NativeMethodAccessorImpl.invoke0(Native Method) ~[?:?]\n\tat jdk.internal.reflect.NativeMethodAccessorImpl.invoke(NativeMethodAccessorImpl.java:77) ~[?:?]\n\tat jdk.internal.reflect.DelegatingMethodAccessorImpl.invoke(DelegatingMethodAccessorImpl.java:43) ~[?:?]\n\tat java.lang.reflect.Method.invoke(Method.java:568) ~[?:?]\n\tat org.gradle.internal.dispatch.ReflectionDispatch.dispatch(ReflectionDispatch.java:36) ~[?:?]\n\tat org.gradle.internal.dispatch.ReflectionDispatch.dispatch(ReflectionDispatch.java:24) ~[?:?]\n\tat org.gradle.internal.dispatch.ContextClassLoaderDispatch.dispatch(ContextClassLoaderDispatch.java:33) ~[?:?]\n\tat org.gradle.internal.dispatch.ProxyDispatchAdapter$DispatchingInvocationHandler.invoke(ProxyDispatchAdapter.java:94) ~[?:?]\n\tat jdk.proxy2.$Proxy5.stop(Unknown Source) ~[?:?]\n\tat org.gradle.api.internal.tasks.testing.worker.TestWorker$3.run(TestWorker.java:193) ~[?:?]\n\tat org.gradle.api.internal.tasks.testing.worker.TestWorker.executeAndMaintainThreadName(TestWorker.java:129) ~[?:?]\n\tat org.gradle.api.internal.tasks.testing.worker.TestWorker.execute(TestWorker.java:100) ~[?:?]\n\tat org.gradle.api.internal.tasks.testing.worker.TestWorker.execute(TestWorker.java:60) ~[?:?]\n\tat org.gradle.process.internal.worker.child.ActionExecutionWorker.execute(ActionExecutionWorker.java:56) ~[?:?]\n\tat org.gradle.process.internal.worker.child.SystemApplicationClassLoaderWorker.call(SystemApplicationClassLoaderWorker.java:113) ~[?:?]\n\tat org.gradle.process.internal.worker.child.SystemApplicationClassLoaderWorker.call(SystemApplicationClassLoaderWorker.java:65) ~[?:?]\n\tat worker.org.gradle.process.internal.worker.GradleWorkerMain.run(GradleWorkerMain.java:69) ~[gradle-worker.jar:?]\n\tat worker.org.gradle.process.internal.worker.GradleWorkerMain.main(GradleWorkerMain.java:74) ~[gradle-worker.jar:?]\n","stack_trace":"io.airbyte.commons.exceptions.ConfigErrorException: User 'airbyte_test' does not have enough privileges for CDC replication. Please read the docs and add required privileges.\n\tat io.airbyte.integrations.debezium.internals.postgres.PostgresReplicationConnection.createConnection(PostgresReplicationConnection.java:52)\n\tat io.airbyte.integrations.source.postgres.PostgresSource.lambda$getCheckOperations$9(PostgresSource.java:353)\n\tat io.airbyte.integrations.source.relationaldb.AbstractDbSource.check(AbstractDbSource.java:87)\n\tat io.airbyte.integrations.source.postgres.PostgresSource.check(PostgresSource.java:527)\n\tat io.airbyte.integrations.source.postgres.CdcPostgresSourceTest.testCheckWithoutReplicationPermission(CdcPostgresSourceTest.java:208)\n\tat java.base/jdk.internal.reflect.NativeMethodAccessorImpl.invoke0(Native Method)\n\tat java.base/jdk.internal.reflect.NativeMethodAccessorImpl.invoke(NativeMethodAccessorImpl.java:77)\n\tat java.base/jdk.internal.reflect.DelegatingMethodAccessorImpl.invoke(DelegatingMethodAccessorImpl.java:43)\n\tat java.base/java.lang.reflect.Method.invoke(Method.java:568)\n\tat org.junit.platform.commons.util.ReflectionUtils.invokeMethod(ReflectionUtils.java:727)\n\tat org.junit.jupiter.engine.execution.MethodInvocation.proceed(MethodInvocation.java:60)\n\tat org.junit.jupiter.engine.execution.InvocationInterceptorChain$ValidatingInvocation.proceed(InvocationInterceptorChain.java:131)\n\tat org.junit.jupiter.engine.extension.TimeoutExtension.intercept(TimeoutExtension.java:156)\n\tat org.junit.jupiter.engine.extension.TimeoutExtension.interceptTestableMethod(TimeoutExtension.java:147)\n\tat org.junit.jupiter.engine.extension.TimeoutExtension.interceptTestMethod(TimeoutExtension.java:86)\n\tat org.junit.jupiter.engine.execution.InterceptingExecutableInvoker$ReflectiveInterceptorCall.lambda$ofVoidMethod$0(InterceptingExecutableInvoker.java:103)\n\tat org.junit.jupiter.engine.execution.InterceptingExecutableInvoker.lambda$invoke$0(InterceptingExecutableInvoker.java:93)\n\tat org.junit.jupiter.engine.execution.InvocationInterceptorChain$InterceptedInvocation.proceed(InvocationInterceptorChain.java:106)\n\tat org.junit.jupiter.engine.execution.InvocationInterceptorChain.proceed(InvocationInterceptorChain.java:64)\n\tat org.junit.jupiter.engine.execution.InvocationInterceptorChain.chainAndInvoke(InvocationInterceptorChain.java:45)\n\tat org.junit.jupiter.engine.execution.InvocationInterceptorChain.invoke(InvocationInterceptorChain.java:37)\n\tat org.junit.jupiter.engine.execution.InterceptingExecutableInvoker.invoke(InterceptingExecutableInvoker.java:92)\n\tat org.junit.jupiter.engine.execution.InterceptingExecutableInvoker.invoke(InterceptingExecutableInvoker.java:86)\n\tat org.junit.jupiter.engine.descriptor.TestMethodTestDescriptor.lambda$invokeTestMethod$7(TestMethodTestDescriptor.java:217)\n\tat org.junit.platform.engine.support.hierarchical.ThrowableCollector.execute(ThrowableCollector.java:73)\n\tat org.junit.jupiter.engine.descriptor.TestMethodTestDescriptor.invokeTestMethod(TestMethodTestDescriptor.java:213)\n\tat org.junit.jupiter.engine.descriptor.TestMethodTestDescriptor.execute(TestMethodTestDescriptor.java:138)\n\tat org.junit.jupiter.engine.descriptor.TestMethodTestDescriptor.execute(TestMethodTestDescriptor.java:68)\n\tat org.junit.platform.engine.support.hierarchical.NodeTestTask.lambda$executeRecursively$6(NodeTestTask.java:151)\n\tat org.junit.platform.engine.support.hierarchical.ThrowableCollector.execute(ThrowableCollector.java:73)\n\tat org.junit.platform.engine.support.hierarchical.NodeTestTask.lambda$executeRecursively$8(NodeTestTask.java:141)\n\tat org.junit.platform.engine.support.hierarchical.Node.around(Node.java:137)\n\tat org.junit.platform.engine.support.hierarchical.NodeTestTask.lambda$executeRecursively$9(NodeTestTask.java:139)\n\tat org.junit.platform.engine.support.hierarchical.ThrowableCollector.execute(ThrowableCollector.java:73)\n\tat org.junit.platform.engine.support.hierarchical.NodeTestTask.executeRecursively(NodeTestTask.java:138)\n\tat org.junit.platform.engine.support.hierarchical.NodeTestTask.execute(NodeTestTask.java:95)\n\tat java.base/java.util.ArrayList.forEach(ArrayList.java:1511)\n\tat org.junit.platform.engine.support.hierarchical.SameThreadHierarchicalTestExecutorService.invokeAll(SameThreadHierarchicalTestExecutorService.java:41)\n\tat org.junit.platform.engine.support.hierarchical.NodeTestTask.lambda$executeRecursively$6(NodeTestTask.java:155)\n\tat org.junit.platform.engine.support.hierarchical.ThrowableCollector.execute(ThrowableCollector.java:73)\n\tat org.junit.platform.engine.support.hierarchical.NodeTestTask.lambda$executeRecursively$8(NodeTestTask.java:141)\n\tat org.junit.platform.engine.support.hierarchical.Node.around(Node.java:137)\n\tat org.junit.platform.engine.support.hierarchical.NodeTestTask.lambda$executeRecursively$9(NodeTestTask.java:139)\n\tat org.junit.platform.engine.support.hierarchical.ThrowableCollector.execute(ThrowableCollector.java:73)\n\tat org.junit.platform.engine.support.hierarchical.NodeTestTask.executeRecursively(NodeTestTask.java:138)\n\tat org.junit.platform.engine.support.hierarchical.NodeTestTask.execute(NodeTestTask.java:95)\n\tat java.base/java.util.ArrayList.forEach(ArrayList.java:1511)\n\tat org.junit.platform.engine.support.hierarchical.SameThreadHierarchicalTestExecutorService.invokeAll(SameThreadHierarchicalTestExecutorService.java:41)\n\tat org.junit.platform.engine.support.hierarchical.NodeTestTask.lambda$executeRecursively$6(NodeTestTask.java:155)\n\tat org.junit.platform.engine.support.hierarchical.ThrowableCollector.execute(ThrowableCollector.java:73)\n\tat org.junit.platform.engine.support.hierarchical.NodeTestTask.lambda$executeRecursively$8(NodeTestTask.java:141)\n\tat org.junit.platform.engine.support.hierarchical.Node.around(Node.java:137)\n\tat org.junit.platform.engine.support.hierarchical.NodeTestTask.lambda$executeRecursively$9(NodeTestTask.java:139)\n\tat org.junit.platform.engine.support.hierarchical.ThrowableCollector.execute(ThrowableCollector.java:73)\n\tat org.junit.platform.engine.support.hierarchical.NodeTestTask.executeRecursively(NodeTestTask.java:138)\n\tat org.junit.platform.engine.support.hierarchical.NodeTestTask.execute(NodeTestTask.java:95)\n\tat org.junit.platform.engine.support.hierarchical.SameThreadHierarchicalTestExecutorService.submit(SameThreadHierarchicalTestExecutorService.java:35)\n\tat org.junit.platform.engine.support.hierarchical.HierarchicalTestExecutor.execute(HierarchicalTestExecutor.java:57)\n\tat org.junit.platform.engine.support.hierarchical.HierarchicalTestEngine.execute(HierarchicalTestEngine.java:54)\n\tat org.junit.platform.launcher.core.EngineExecutionOrchestrator.execute(EngineExecutionOrchestrator.java:147)\n\tat org.junit.platform.launcher.core.EngineExecutionOrchestrator.execute(EngineExecutionOrchestrator.java:127)\n\tat org.junit.platform.launcher.core.EngineExecutionOrchestrator.execute(EngineExecutionOrchestrator.java:90)\n\tat org.junit.platform.launcher.core.EngineExecutionOrchestrator.lambda$execute$0(EngineExecutionOrchestrator.java:55)\n\tat org.junit.platform.launcher.core.EngineExecutionOrchestrator.withInterceptedStreams(EngineExecutionOrchestrator.java:102)\n\tat org.junit.platform.launcher.core.EngineExecutionOrchestrator.execute(EngineExecutionOrchestrator.java:54)\n\tat org.junit.platform.launcher.core.DefaultLauncher.execute(DefaultLauncher.java:114)\n\tat org.junit.platform.launcher.core.DefaultLauncher.execute(DefaultLauncher.java:86)\n\tat org.junit.platform.launcher.core.DefaultLauncherSession$DelegatingLauncher.execute(DefaultLauncherSession.java:86)\n\tat org.junit.platform.launcher.core.SessionPerRequestLauncher.execute(SessionPerRequestLauncher.java:53)\n\tat org.gradle.api.internal.tasks.testing.junitplatform.JUnitPlatformTestClassProcessor$CollectAllTestClassesExecutor.processAllTestClasses(JUnitPlatformTestClassProcessor.java:99)\n\tat org.gradle.api.internal.tasks.testing.junitplatform.JUnitPlatformTestClassProcessor$CollectAllTestClassesExecutor.access$000(JUnitPlatformTestClassProcessor.java:79)\n\tat org.gradle.api.internal.tasks.testing.junitplatform.JUnitPlatformTestClassProcessor.stop(JUnitPlatformTestClassProcessor.java:75)\n\tat org.gradle.api.internal.tasks.testing.SuiteTestClassProcessor.stop(SuiteTestClassProcessor.java:62)\n\tat java.base/jdk.internal.reflect.NativeMethodAccessorImpl.invoke0(Native Method)\n\tat java.base/jdk.internal.reflect.NativeMethodAccessorImpl.invoke(NativeMethodAccessorImpl.java:77)\n\tat java.base/jdk.internal.reflect.DelegatingMethodAccessorImpl.invoke(DelegatingMethodAccessorImpl.java:43)\n\tat java.base/java.lang.reflect.Method.invoke(Method.java:568)\n\tat org.gradle.internal.dispatch.ReflectionDispatch.dispatch(ReflectionDispatch.java:36)\n\tat org.gradle.internal.dispatch.ReflectionDispatch.dispatch(ReflectionDispatch.java:24)\n\tat org.gradle.internal.dispatch.ContextClassLoaderDispatch.dispatch(ContextClassLoaderDispatch.java:33)\n\tat org.gradle.internal.dispatch.ProxyDispatchAdapter$DispatchingInvocationHandler.invoke(ProxyDispatchAdapter.java:94)\n\tat jdk.proxy2/jdk.proxy2.$Proxy5.stop(Unknown Source)\n\tat org.gradle.api.internal.tasks.testing.worker.TestWorker$3.run(TestWorker.java:193)\n\tat org.gradle.api.internal.tasks.testing.worker.TestWorker.executeAndMaintainThreadName(TestWorker.java:129)\n\tat org.gradle.api.internal.tasks.testing.worker.TestWorker.execute(TestWorker.java:100)\n\tat org.gradle.api.internal.tasks.testing.worker.TestWorker.execute(TestWorker.java:60)\n\tat org.gradle.process.internal.worker.child.ActionExecutionWorker.execute(ActionExecutionWorker.java:56)\n\tat org.gradle.process.internal.worker.child.SystemApplicationClassLoaderWorker.call(SystemApplicationClassLoaderWorker.java:113)\n\tat org.gradle.process.internal.worker.child.SystemApplicationClassLoaderWorker.call(SystemApplicationClassLoaderWorker.java:65)\n\tat worker.org.gradle.process.internal.worker.GradleWorkerMain.run(GradleWorkerMain.java:69)\n\tat worker.org.gradle.process.internal.worker.GradleWorkerMain.main(GradleWorkerMain.java:74)\n"}}
{"type":"LOG","log":{"level":"INFO","message":"INFO c.z.h.HikariDataSource(close):350 HikariPool-49 - Shutdown initiated..."}}
{"type":"LOG","log":{"level":"INFO","message":"INFO c.z.h.HikariDataSource(close):352 HikariPool-49 - Shutdown completed."}}
{"type":"LOG","log":{"level":"INFO","message":"INFO o.t.c.GenericContainer(tryStart):376 Creating container for image: debezium/postgres:13-alpine"}}
{"type":"LOG","log":{"level":"INFO","message":"INFO o.t.c.GenericContainer(tryStart):440 Container debezium/postgres:13-alpine is starting: 3405e54a120aba9359f0a8d081af5d6fcc171b85c7e5e6c0ad6fb55a4a82930d"}}
{"type":"LOG","log":{"level":"INFO","message":"INFO o.t.c.GenericContainer(tryStart):520 Container debezium/postgres:13-alpine started in PT5.306857S"}}
{"type":"LOG","log":{"level":"INFO","message":"INFO c.z.h.HikariDataSource(<init>):80 HikariPool-50 - Starting..."}}
{"type":"LOG","log":{"level":"INFO","message":"INFO c.z.h.HikariDataSource(<init>):82 HikariPool-50 - Start completed."}}
{"type":"LOG","log":{"level":"INFO","message":"INFO i.a.i.s.p.PostgresUtils(isCdc):53 using CDC: true"}}
{"type":"LOG","log":{"level":"INFO","message":"INFO c.z.h.HikariDataSource(<init>):80 HikariPool-51 - Starting..."}}
{"type":"LOG","log":{"level":"INFO","message":"INFO c.z.h.HikariDataSource(<init>):82 HikariPool-51 - Start completed."}}
{"type":"LOG","log":{"level":"INFO","message":"INFO i.a.i.s.p.PostgresUtils(isCdc):53 using CDC: true"}}
{"type":"LOG","log":{"level":"INFO","message":"INFO i.a.d.j.s.AdaptiveStreamingQueryConfig(initialize):31 Set initial fetch size: 10 rows"}}
{"type":"LOG","log":{"level":"INFO","message":"INFO i.a.i.s.p.PostgresCdcCatalogHelper(getPublicizedTables):119 For CDC, only tables in publication publication will be included in the sync: [models_schema.models, models_schema_random.models_random]"}}
{"type":"LOG","log":{"level":"INFO","message":"INFO i.a.i.s.p.PostgresUtils(isCdc):53 using CDC: true"}}
{"type":"LOG","log":{"level":"INFO","message":"INFO i.a.i.s.j.AbstractJdbcSource(lambda$getCheckOperations$1):138 Attempting to get metadata from the database to see if we can connect."}}
{"type":"LOG","log":{"level":"INFO","message":"INFO i.a.i.s.p.PostgresSource(lambda$getReplicationSlot$4):296 Attempting to find the named replication slot using the query: HikariProxyPreparedStatement@1489706872 wrapping SELECT * FROM pg_replication_slots WHERE slot_name = 'debezium_slot_db_ptmfgewfts' AND plugin = 'pgoutput' AND database = 'db_ptmfgewfts'"}}
{"type":"LOG","log":{"level":"INFO","message":"INFO i.a.d.j.s.AdaptiveStreamingQueryConfig(initialize):31 Set initial fetch size: 10 rows"}}
{"type":"LOG","log":{"level":"INFO","message":"INFO i.a.i.s.p.PostgresSource(lambda$getCheckOperations$6):328 Attempting to find the publication using the query: HikariProxyPreparedStatement@987300143 wrapping SELECT * FROM pg_publication WHERE pubname = 'publication'"}}
{"type":"LOG","log":{"level":"INFO","message":"INFO i.a.d.j.s.AdaptiveStreamingQueryConfig(initialize):31 Set initial fetch size: 10 rows"}}
{"type":"LOG","log":{"level":"INFO","message":"INFO i.a.i.d.i.p.PostgresReplicationConnection(createConnection):44 Creating a replication connection."}}
{"type":"LOG","log":{"level":"INFO","message":"INFO i.a.i.d.i.p.PostgresReplicationConnection(createConnection):47 Validating replication connection."}}
{"type":"LOG","log":{"level":"INFO","message":"INFO c.z.h.HikariDataSource(close):350 HikariPool-51 - Shutdown initiated..."}}
{"type":"LOG","log":{"level":"INFO","message":"INFO c.z.h.HikariDataSource(close):352 HikariPool-51 - Shutdown completed."}}
{"type":"LOG","log":{"level":"INFO","message":"INFO o.t.c.GenericContainer(tryStart):376 Creating container for image: debezium/postgres:13-alpine"}}
{"type":"LOG","log":{"level":"INFO","message":"INFO o.t.c.GenericContainer(tryStart):440 Container debezium/postgres:13-alpine is starting: d6ad6f6bf286b43d8d9c9e5a718cc00789c326f7c6bc4310f95cdba925e90c83"}}
{"type":"LOG","log":{"level":"INFO","message":"INFO o.t.c.GenericContainer(tryStart):520 Container debezium/postgres:13-alpine started in PT5.200382S"}}
{"type":"LOG","log":{"level":"INFO","message":"INFO c.z.h.HikariDataSource(<init>):80 HikariPool-52 - Starting..."}}
{"type":"LOG","log":{"level":"INFO","message":"INFO c.z.h.HikariDataSource(<init>):82 HikariPool-52 - Start completed."}}
{"type":"LOG","log":{"level":"INFO","message":"INFO i.a.i.s.p.PostgresUtils(isCdc):53 using CDC: true"}}
{"type":"LOG","log":{"level":"INFO","message":"INFO i.a.i.s.r.s.StateManagerFactory(createStateManager):51 Global state manager selected to manage state object with type GLOBAL."}}
{"type":"LOG","log":{"level":"INFO","message":"INFO i.a.i.s.r.s.CursorManager(createCursorInfoForStream):182 No cursor field set in catalog but not present in state. Stream: models_schema_models, New Cursor Field: null. Resetting cursor value"}}
{"type":"LOG","log":{"level":"INFO","message":"INFO i.a.i.s.r.CdcStateManager(<init>):29 Initialized CDC state with: io.airbyte.integrations.source.relationaldb.models.CdcState@65ff5e07[state=<null>,additionalProperties={}]"}}
{"type":"LOG","log":{"level":"INFO","message":"INFO c.z.h.HikariDataSource(<init>):80 HikariPool-53 - Starting..."}}
{"type":"LOG","log":{"level":"INFO","message":"INFO c.z.h.HikariDataSource(<init>):82 HikariPool-53 - Start completed."}}
{"type":"LOG","log":{"level":"INFO","message":"INFO i.a.i.s.p.PostgresUtils(isCdc):53 using CDC: true"}}
{"type":"LOG","log":{"level":"INFO","message":"INFO i.a.d.j.s.AdaptiveStreamingQueryConfig(initialize):31 Set initial fetch size: 10 rows"}}
{"type":"LOG","log":{"level":"INFO","message":"INFO i.a.i.s.p.PostgresCdcCatalogHelper(getPublicizedTables):119 For CDC, only tables in publication publication will be included in the sync: [models_schema.models, models_schema_random.models_random]"}}
{"type":"LOG","log":{"level":"INFO","message":"INFO i.a.i.s.j.AbstractJdbcSource(logPreSyncDebugData):450 Data source product recognized as PostgreSQL:13.11"}}
{"type":"LOG","log":{"level":"INFO","message":"INFO i.a.i.s.p.PostgresSource(logPreSyncDebugData):221 Discovering indexes for schema \"models_schema\", table \"models\""}}
{"type":"LOG","log":{"level":"INFO","message":"INFO i.a.i.s.p.PostgresSource(logPreSyncDebugData):223 Index name: models_pkey, Column: id, Unique: true"}}
{"type":"LOG","log":{"level":"INFO","message":"INFO i.a.i.s.p.PostgresQueryUtils(logXminStatus):77 Xmin Status : {Number of wraparounds: 0, Xmin Transaction Value: 505, Xmin Raw Value: 505"}}
{"type":"LOG","log":{"level":"INFO","message":"INFO i.a.i.s.j.AbstractJdbcSource(discoverInternal):166 Internal schemas to exclude: [catalog_history, information_schema, pg_catalog, pg_internal]"}}
{"type":"LOG","log":{"level":"INFO","message":"INFO i.a.d.j.s.AdaptiveStreamingQueryConfig(initialize):31 Set initial fetch size: 10 rows"}}
{"type":"LOG","log":{"level":"INFO","message":"INFO i.a.i.s.j.AbstractJdbcSource(discoverInternal):166 Internal schemas to exclude: [catalog_history, information_schema, pg_catalog, pg_internal]"}}
{"type":"LOG","log":{"level":"INFO","message":"INFO i.a.d.j.s.AdaptiveStreamingQueryConfig(initialize):31 Set initial fetch size: 10 rows"}}
{"type":"LOG","log":{"level":"INFO","message":"INFO i.a.i.s.p.PostgresUtils(isCdc):53 using CDC: true"}}
{"type":"LOG","log":{"level":"INFO","message":"INFO i.a.i.s.p.PostgresUtils(getFirstRecordWaitTime):111 First record waiting time: 30 seconds"}}
{"type":"LOG","log":{"level":"INFO","message":"INFO i.a.i.s.p.PostgresSource(getIncrementalIterators):369 First record waiting time: 30 seconds"}}
{"type":"LOG","log":{"level":"INFO","message":"INFO i.a.i.s.p.PostgresUtils(shouldFlushAfterSync):61 Should flush after sync: true"}}
{"type":"LOG","log":{"level":"INFO","message":"INFO o.a.k.c.c.AbstractConfig(logAll):376 StandaloneConfig values: \n\taccess.control.allow.methods = \n\taccess.control.allow.origin = \n\tadmin.listeners = null\n\tauto.include.jmx.reporter = true\n\tbootstrap.servers = [localhost:9092]\n\tclient.dns.lookup = use_all_dns_ips\n\tconfig.providers = []\n\tconnector.client.config.override.policy = All\n\theader.converter = class org.apache.kafka.connect.storage.SimpleHeaderConverter\n\tkey.converter = class org.apache.kafka.connect.json.JsonConverter\n\tlisteners = [http://:8083]\n\tmetric.reporters = []\n\tmetrics.num.samples = 2\n\tmetrics.recording.level = INFO\n\tmetrics.sample.window.ms = 30000\n\toffset.flush.interval.ms = 1000\n\toffset.flush.timeout.ms = 5000\n\toffset.storage.file.filename = /tmp/cdc-state-offset9009617457374567916/offset.dat\n\tplugin.path = null\n\tresponse.http.headers.config = \n\trest.advertised.host.name = null\n\trest.advertised.listener = null\n\trest.advertised.port = null\n\trest.extension.classes = []\n\tssl.cipher.suites = null\n\tssl.client.auth = none\n\tssl.enabled.protocols = [TLSv1.2, TLSv1.3]\n\tssl.endpoint.identification.algorithm = https\n\tssl.engine.factory.class = null\n\tssl.key.password = null\n\tssl.keymanager.algorithm = SunX509\n\tssl.keystore.certificate.chain = null\n\tssl.keystore.key = null\n\tssl.keystore.location = null\n\tssl.keystore.password = null\n\tssl.keystore.type = JKS\n\tssl.protocol = TLSv1.3\n\tssl.provider = null\n\tssl.secure.random.implementation = null\n\tssl.trustmanager.algorithm = PKIX\n\tssl.truststore.certificates = null\n\tssl.truststore.location = null\n\tssl.truststore.password = null\n\tssl.truststore.type = JKS\n\ttask.shutdown.graceful.timeout.ms = 5000\n\ttopic.creation.enable = true\n\ttopic.tracking.allow.reset = true\n\ttopic.tracking.enable = true\n\tvalue.converter = class org.apache.kafka.connect.json.JsonConverter\n"}}
{"type":"LOG","log":{"level":"WARN","message":"WARN o.a.k.c.r.WorkerConfig(logPluginPathConfigProviderWarning):379 Variables cannot be used in the 'plugin.path' property, since the property is used by plugin scanning before the config providers that replace the variables are initialized. The raw value 'null' was used for plugin scanning, as opposed to the transformed value 'null', and this may cause unexpected results."}}
{"type":"LOG","log":{"level":"INFO","message":"INFO o.a.k.c.s.FileOffsetBackingStore(start):58 Starting FileOffsetBackingStore with file /tmp/cdc-state-offset9009617457374567916/offset.dat"}}
{"type":"LOG","log":{"level":"INFO","message":"INFO o.a.k.c.c.AbstractConfig(logAll):376 JsonConverterConfig values: \n\tconverter.type = key\n\tdecimal.format = BASE64\n\tschemas.cache.size = 1000\n\tschemas.enable = false\n"}}
{"type":"LOG","log":{"level":"INFO","message":"INFO o.a.k.c.c.AbstractConfig(logAll):376 JsonConverterConfig values: \n\tconverter.type = value\n\tdecimal.format = BASE64\n\tschemas.cache.size = 1000\n\tschemas.enable = false\n"}}
{"type":"LOG","log":{"level":"INFO","message":"INFO i.a.i.d.i.p.PostgresDebeziumStateUtil(extractLsn):206 No previous offsets found"}}
{"type":"LOG","log":{"level":"INFO","message":"INFO i.a.i.d.i.p.PostgresDebeziumStateUtil(parseSavedOffset):181 Closing offsetStorageReader and fileOffsetBackingStore"}}
{"type":"LOG","log":{"level":"INFO","message":"INFO o.a.k.c.s.FileOffsetBackingStore(stop):66 Stopped FileOffsetBackingStore"}}
{"type":"LOG","log":{"level":"INFO","message":"INFO i.a.i.s.p.PostgresSource(lambda$getReplicationSlot$4):296 Attempting to find the named replication slot using the query: HikariProxyPreparedStatement@1625390205 wrapping SELECT * FROM pg_replication_slots WHERE slot_name = 'debezium_slot_db_tiuxmgttks' AND plugin = 'pgoutput' AND database = 'db_tiuxmgttks'"}}
{"type":"LOG","log":{"level":"INFO","message":"INFO i.a.d.j.s.AdaptiveStreamingQueryConfig(initialize):31 Set initial fetch size: 10 rows"}}
{"type":"LOG","log":{"level":"INFO","message":"INFO i.a.i.s.p.PostgresUtils(shouldFlushAfterSync):61 Should flush after sync: true"}}
{"type":"LOG","log":{"level":"INFO","message":"INFO i.a.i.d.i.p.PostgresCdcTargetPosition(targetPosition):49 identified target lsn: PgLsn{lsn=23903320}"}}
{"type":"LOG","log":{"level":"INFO","message":"INFO i.a.i.s.p.PostgresUtils(shouldFlushAfterSync):61 Should flush after sync: true"}}
{"type":"LOG","log":{"level":"INFO","message":"INFO i.a.i.d.AirbyteDebeziumHandler(getIncrementalIterators):95 Using CDC: true"}}
{"type":"LOG","log":{"level":"INFO","message":"INFO o.a.k.c.c.AbstractConfig(logAll):376 JsonConverterConfig values: \n\tconverter.type = key\n\tdecimal.format = BASE64\n\tschemas.cache.size = 1000\n\tschemas.enable = false\n"}}
{"type":"LOG","log":{"level":"INFO","message":"INFO o.a.k.c.c.AbstractConfig(logAll):376 JsonConverterConfig values: \n\tconverter.type = value\n\tdecimal.format = BASE64\n\tschemas.cache.size = 1000\n\tschemas.enable = false\n"}}
{"type":"LOG","log":{"level":"INFO","message":"INFO o.a.k.c.c.AbstractConfig(logAll):376 EmbeddedConfig values: \n\taccess.control.allow.methods = \n\taccess.control.allow.origin = \n\tadmin.listeners = null\n\tauto.include.jmx.reporter = true\n\tbootstrap.servers = [localhost:9092]\n\tclient.dns.lookup = use_all_dns_ips\n\tconfig.providers = []\n\tconnector.client.config.override.policy = All\n\theader.converter = class org.apache.kafka.connect.storage.SimpleHeaderConverter\n\tkey.converter = class org.apache.kafka.connect.json.JsonConverter\n\tlisteners = [http://:8083]\n\tmetric.reporters = []\n\tmetrics.num.samples = 2\n\tmetrics.recording.level = INFO\n\tmetrics.sample.window.ms = 30000\n\toffset.flush.interval.ms = 1000\n\toffset.flush.timeout.ms = 5000\n\toffset.storage.file.filename = /tmp/cdc-state-offset9779462897141951356/offset.dat\n\toffset.storage.partitions = null\n\toffset.storage.replication.factor = null\n\toffset.storage.topic = \n\tplugin.path = null\n\tresponse.http.headers.config = \n\trest.advertised.host.name = null\n\trest.advertised.listener = null\n\trest.advertised.port = null\n\trest.extension.classes = []\n\tssl.cipher.suites = null\n\tssl.client.auth = none\n\tssl.enabled.protocols = [TLSv1.2, TLSv1.3]\n\tssl.endpoint.identification.algorithm = https\n\tssl.engine.factory.class = null\n\tssl.key.password = null\n\tssl.keymanager.algorithm = SunX509\n\tssl.keystore.certificate.chain = null\n\tssl.keystore.key = null\n\tssl.keystore.location = null\n\tssl.keystore.password = null\n\tssl.keystore.type = JKS\n\tssl.protocol = TLSv1.3\n\tssl.provider = null\n\tssl.secure.random.implementation = null\n\tssl.trustmanager.algorithm = PKIX\n\tssl.truststore.certificates = null\n\tssl.truststore.location = null\n\tssl.truststore.password = null\n\tssl.truststore.type = JKS\n\ttask.shutdown.graceful.timeout.ms = 5000\n\ttopic.creation.enable = true\n\ttopic.tracking.allow.reset = true\n\ttopic.tracking.enable = true\n\tvalue.converter = class org.apache.kafka.connect.json.JsonConverter\n"}}
{"type":"LOG","log":{"level":"WARN","message":"WARN o.a.k.c.r.WorkerConfig(logPluginPathConfigProviderWarning):379 Variables cannot be used in the 'plugin.path' property, since the property is used by plugin scanning before the config providers that replace the variables are initialized. The raw value 'null' was used for plugin scanning, as opposed to the transformed value 'null', and this may cause unexpected results."}}
{"type":"LOG","log":{"level":"INFO","message":"INFO o.a.k.c.c.AbstractConfig(logAll):376 JsonConverterConfig values: \n\tconverter.type = key\n\tdecimal.format = BASE64\n\tschemas.cache.size = 1000\n\tschemas.enable = false\n"}}
{"type":"LOG","log":{"level":"INFO","message":"INFO o.a.k.c.c.AbstractConfig(logAll):376 JsonConverterConfig values: \n\tconverter.type = value\n\tdecimal.format = BASE64\n\tschemas.cache.size = 1000\n\tschemas.enable = false\n"}}
{"type":"LOG","log":{"level":"WARN","message":"WARN i.d.c.p.PostgresConnectorConfig(validateFlushLsnSource):1070 Property 'flush.lsn.source' is set to 'false', the LSN will not be flushed to the database source and WAL logs will not be cleared. User is expected to handle this outside Debezium."}}
{"type":"LOG","log":{"level":"INFO","message":"INFO i.d.c.p.PostgresConnector(testConnection):154 Successfully tested connection for jdbc:postgresql://localhost:56302/db_tiuxmgttks with user 'test'"}}
{"type":"LOG","log":{"level":"INFO","message":"INFO i.d.j.JdbcConnection(lambda$doClose$4):947 Connection gracefully closed"}}
{"type":"LOG","log":{"level":"INFO","message":"INFO o.a.k.c.s.FileOffsetBackingStore(start):58 Starting FileOffsetBackingStore with file /tmp/cdc-state-offset9779462897141951356/offset.dat"}}
{"type":"LOG","log":{"level":"WARN","message":"WARN i.d.c.p.PostgresConnectorConfig(validateFlushLsnSource):1070 Property 'flush.lsn.source' is set to 'false', the LSN will not be flushed to the database source and WAL logs will not be cleared. User is expected to handle this outside Debezium."}}
{"type":"LOG","log":{"level":"INFO","message":"INFO i.d.c.c.BaseSourceTask(start):124 Starting PostgresConnectorTask with configuration:"}}
{"type":"LOG","log":{"level":"INFO","message":"INFO i.d.c.c.BaseSourceTask(lambda$start$0):126    connector.class = io.debezium.connector.postgresql.PostgresConnector"}}
{"type":"LOG","log":{"level":"INFO","message":"INFO i.d.c.c.BaseSourceTask(lambda$start$0):126    max.queue.size = 8192"}}
{"type":"LOG","log":{"level":"INFO","message":"INFO i.d.c.c.BaseSourceTask(lambda$start$0):126    slot.name = debezium_slot_db_tiuxmgttks"}}
{"type":"LOG","log":{"level":"INFO","message":"INFO i.d.c.c.BaseSourceTask(lambda$start$0):126    publication.name = publication"}}
{"type":"LOG","log":{"level":"INFO","message":"INFO i.d.c.c.BaseSourceTask(lambda$start$0):126    topic.prefix = db_tiuxmgttks"}}
{"type":"LOG","log":{"level":"INFO","message":"INFO i.d.c.c.BaseSourceTask(lambda$start$0):126    offset.storage.file.filename = /tmp/cdc-state-offset9779462897141951356/offset.dat"}}
{"type":"LOG","log":{"level":"INFO","message":"INFO i.d.c.c.BaseSourceTask(lambda$start$0):126    decimal.handling.mode = string"}}
{"type":"LOG","log":{"level":"INFO","message":"INFO i.d.c.c.BaseSourceTask(lambda$start$0):126    flush.lsn.source = false"}}
{"type":"LOG","log":{"level":"INFO","message":"INFO i.d.c.c.BaseSourceTask(lambda$start$0):126    converters = datetime"}}
{"type":"LOG","log":{"level":"INFO","message":"INFO i.d.c.c.BaseSourceTask(lambda$start$0):126    errors.retry.delay.initial.ms = 299"}}
{"type":"LOG","log":{"level":"INFO","message":"INFO i.d.c.c.BaseSourceTask(lambda$start$0):126    datetime.type = io.airbyte.integrations.debezium.internals.postgres.PostgresConverter"}}
{"type":"LOG","log":{"level":"INFO","message":"INFO i.d.c.c.BaseSourceTask(lambda$start$0):126    value.converter = org.apache.kafka.connect.json.JsonConverter"}}
{"type":"LOG","log":{"level":"INFO","message":"INFO i.d.c.c.BaseSourceTask(lambda$start$0):126    key.converter = org.apache.kafka.connect.json.JsonConverter"}}
{"type":"LOG","log":{"level":"INFO","message":"INFO i.d.c.c.BaseSourceTask(lambda$start$0):126    publication.autocreate.mode = disabled"}}
{"type":"LOG","log":{"level":"INFO","message":"INFO i.d.c.c.BaseSourceTask(lambda$start$0):126    database.user = test"}}
{"type":"LOG","log":{"level":"INFO","message":"INFO i.d.c.c.BaseSourceTask(lambda$start$0):126    database.dbname = db_tiuxmgttks"}}
{"type":"LOG","log":{"level":"INFO","message":"INFO i.d.c.c.BaseSourceTask(lambda$start$0):126    offset.storage = org.apache.kafka.connect.storage.FileOffsetBackingStore"}}
{"type":"LOG","log":{"level":"INFO","message":"INFO i.d.c.c.BaseSourceTask(lambda$start$0):126    errors.retry.delay.max.ms = 300"}}
{"type":"LOG","log":{"level":"INFO","message":"INFO i.d.c.c.BaseSourceTask(lambda$start$0):126    offset.flush.timeout.ms = 5000"}}
{"type":"LOG","log":{"level":"INFO","message":"INFO i.d.c.c.BaseSourceTask(lambda$start$0):126    heartbeat.interval.ms = 10000"}}
{"type":"LOG","log":{"level":"INFO","message":"INFO i.d.c.c.BaseSourceTask(lambda$start$0):126    column.include.list = \\Qmodels_schema.models\\E\\.(\\Qmodel\\E|\\Qid\\E|\\Qmake_id\\E)"}}
{"type":"LOG","log":{"level":"INFO","message":"INFO i.d.c.c.BaseSourceTask(lambda$start$0):126    plugin.name = pgoutput"}}
{"type":"LOG","log":{"level":"INFO","message":"INFO i.d.c.c.BaseSourceTask(lambda$start$0):126    database.port = 56302"}}
{"type":"LOG","log":{"level":"INFO","message":"INFO i.d.c.c.BaseSourceTask(lambda$start$0):126    offset.flush.interval.ms = 1000"}}
{"type":"LOG","log":{"level":"INFO","message":"INFO i.d.c.c.BaseSourceTask(lambda$start$0):126    key.converter.schemas.enable = false"}}
{"type":"LOG","log":{"level":"INFO","message":"INFO i.d.c.c.BaseSourceTask(lambda$start$0):126    include.unknown.datatypes = true"}}
{"type":"LOG","log":{"level":"INFO","message":"INFO i.d.c.c.BaseSourceTask(lambda$start$0):126    errors.max.retries = 10"}}
{"type":"LOG","log":{"level":"INFO","message":"INFO i.d.c.c.BaseSourceTask(lambda$start$0):126    database.hostname = localhost"}}
{"type":"LOG","log":{"level":"INFO","message":"INFO i.d.c.c.BaseSourceTask(lambda$start$0):126    database.password = ********"}}
{"type":"LOG","log":{"level":"INFO","message":"INFO i.d.c.c.BaseSourceTask(lambda$start$0):126    value.converter.schemas.enable = false"}}
{"type":"LOG","log":{"level":"INFO","message":"INFO i.d.c.c.BaseSourceTask(lambda$start$0):126    name = db_tiuxmgttks"}}
{"type":"LOG","log":{"level":"INFO","message":"INFO i.d.c.c.BaseSourceTask(lambda$start$0):126    max.batch.size = 2048"}}
{"type":"LOG","log":{"level":"INFO","message":"INFO i.d.c.c.BaseSourceTask(lambda$start$0):126    table.include.list = \\Qmodels_schema.models\\E"}}
{"type":"LOG","log":{"level":"INFO","message":"INFO i.d.c.c.BaseSourceTask(lambda$start$0):126    snapshot.mode = initial"}}
{"type":"LOG","log":{"level":"INFO","message":"INFO i.d.c.c.BaseSourceTask(startIfNeededAndPossible):243 Attempting to start task"}}
{"type":"LOG","log":{"level":"INFO","message":"INFO i.d.c.CommonConnectorConfig(getTopicNamingStrategy):849 Loading the custom topic naming strategy plugin: io.debezium.schema.SchemaTopicNamingStrategy"}}
{"type":"LOG","log":{"level":"INFO","message":"INFO i.d.j.JdbcConnection(lambda$doClose$4):947 Connection gracefully closed"}}
{"type":"LOG","log":{"level":"INFO","message":"INFO i.d.c.c.BaseSourceTask(getPreviousOffsets):375 No previous offsets found"}}
{"type":"LOG","log":{"level":"INFO","message":"INFO i.d.c.p.PostgresConnectorTask(start):113 user 'test' connected to database 'db_tiuxmgttks' on PostgreSQL 13.11 on x86_64-pc-linux-musl, compiled by gcc (Alpine 12.2.1_git20220924-r10) 12.2.1 20220924, 64-bit with roles:\n\trole 'pg_read_all_settings' [superuser: false, replication: false, inherit: true, create role: false, create db: false, can log in: false]\n\trole 'pg_stat_scan_tables' [superuser: false, replication: false, inherit: true, create role: false, create db: false, can log in: false]\n\trole 'pg_write_server_files' [superuser: false, replication: false, inherit: true, create role: false, create db: false, can log in: false]\n\trole 'test' [superuser: true, replication: true, inherit: true, create role: true, create db: true, can log in: true]\n\trole 'pg_monitor' [superuser: false, replication: false, inherit: true, create role: false, create db: false, can log in: false]\n\trole 'pg_read_server_files' [superuser: false, replication: false, inherit: true, create role: false, create db: false, can log in: false]\n\trole 'pg_execute_server_program' [superuser: false, replication: false, inherit: true, create role: false, create db: false, can log in: false]\n\trole 'pg_read_all_stats' [superuser: false, replication: false, inherit: true, create role: false, create db: false, can log in: false]\n\trole 'pg_signal_backend' [superuser: false, replication: false, inherit: true, create role: false, create db: false, can log in: false]"}}
{"type":"LOG","log":{"level":"INFO","message":"INFO i.d.c.p.c.PostgresConnection(readReplicationSlotInfo):264 Obtained valid replication slot ReplicationSlot [active=false, latestFlushedLsn=LSN{0/16CB9D0}, catalogXmin=504]"}}
{"type":"LOG","log":{"level":"INFO","message":"INFO i.d.c.p.PostgresConnectorTask(start):122 No previous offset found"}}
{"type":"LOG","log":{"level":"INFO","message":"INFO i.d.u.Threads(threadFactory):270 Requested thread factory for connector PostgresConnector, id = db_tiuxmgttks named = change-event-source-coordinator"}}
{"type":"LOG","log":{"level":"INFO","message":"INFO i.d.u.Threads$3(newThread):287 Creating thread debezium-postgresconnector-db_tiuxmgttks-change-event-source-coordinator"}}
{"type":"LOG","log":{"level":"INFO","message":"INFO i.d.c.c.BaseSourceTask(startIfNeededAndPossible):245 Successfully started task"}}
{"type":"LOG","log":{"level":"INFO","message":"INFO i.d.p.ChangeEventSourceCoordinator(lambda$start$0):103 Metrics registered"}}
{"type":"LOG","log":{"level":"INFO","message":"INFO i.d.p.ChangeEventSourceCoordinator(lambda$start$0):106 Context created"}}
{"type":"LOG","log":{"level":"INFO","message":"INFO i.d.c.p.s.InitialSnapshotter(shouldSnapshot):34 Taking initial snapshot for new datasource"}}
{"type":"LOG","log":{"level":"INFO","message":"INFO i.d.c.p.PostgresSnapshotChangeEventSource(getSnapshottingTask):65 According to the connector configuration data will be snapshotted"}}
{"type":"LOG","log":{"level":"INFO","message":"INFO i.d.r.RelationalSnapshotChangeEventSource(doExecute):110 Snapshot step 1 - Preparing"}}
{"type":"LOG","log":{"level":"INFO","message":"INFO i.d.r.RelationalSnapshotChangeEventSource(doExecute):119 Snapshot step 2 - Determining captured tables"}}
{"type":"LOG","log":{"level":"INFO","message":"INFO i.d.r.RelationalSnapshotChangeEventSource(determineCapturedTables):267 Adding table models_schema.models to the list of capture schema tables"}}
{"type":"LOG","log":{"level":"INFO","message":"INFO i.d.r.RelationalSnapshotChangeEventSource(determineCapturedTables):267 Adding table models_schema_random.models_random to the list of capture schema tables"}}
{"type":"LOG","log":{"level":"INFO","message":"INFO i.d.r.RelationalSnapshotChangeEventSource(doExecute):126 Snapshot step 3 - Locking captured tables [models_schema.models]"}}
{"type":"LOG","log":{"level":"INFO","message":"INFO i.d.r.RelationalSnapshotChangeEventSource(doExecute):132 Snapshot step 4 - Determining snapshot offset"}}
{"type":"LOG","log":{"level":"INFO","message":"INFO i.d.c.p.PostgresOffsetContext(initialContext):233 Creating initial offset context"}}
{"type":"LOG","log":{"level":"INFO","message":"INFO i.d.c.p.PostgresOffsetContext(initialContext):236 Read xlogStart at 'LSN{0/16CBC58}' from transaction '505'"}}
{"type":"LOG","log":{"level":"INFO","message":"INFO i.d.c.p.PostgresSnapshotChangeEventSource(updateOffsetForSnapshot):147 Read xlogStart at 'LSN{0/16CBC58}' from transaction '505'"}}
{"type":"LOG","log":{"level":"INFO","message":"INFO i.d.r.RelationalSnapshotChangeEventSource(doExecute):135 Snapshot step 5 - Reading structure of captured tables"}}
{"type":"LOG","log":{"level":"INFO","message":"INFO i.d.c.p.PostgresSnapshotChangeEventSource(readTableStructure):193 Reading structure of schema 'models_schema' of catalog 'db_tiuxmgttks'"}}
{"type":"LOG","log":{"level":"INFO","message":"INFO i.d.r.RelationalSnapshotChangeEventSource(doExecute):139 Snapshot step 5.a - Creating connection pool"}}
{"type":"LOG","log":{"level":"INFO","message":"INFO i.d.r.RelationalSnapshotChangeEventSource(createConnectionPool):213 Created connection pool with 1 threads"}}
{"type":"LOG","log":{"level":"INFO","message":"INFO i.d.r.RelationalSnapshotChangeEventSource(doExecute):144 Snapshot step 6 - Persisting schema history"}}
{"type":"LOG","log":{"level":"INFO","message":"INFO i.d.r.RelationalSnapshotChangeEventSource(doExecute):156 Snapshot step 7 - Snapshotting data"}}
{"type":"LOG","log":{"level":"INFO","message":"INFO i.d.r.RelationalSnapshotChangeEventSource(createDataEvents):390 Creating snapshot worker pool with 1 worker thread(s)"}}
{"type":"LOG","log":{"level":"INFO","message":"INFO i.d.r.RelationalSnapshotChangeEventSource(createDataEvents):399 For table 'models_schema.models' using select statement: 'SELECT \"id\", \"make_id\", \"model\" FROM \"models_schema\".\"models\"'"}}
{"type":"LOG","log":{"level":"INFO","message":"INFO i.d.r.RelationalSnapshotChangeEventSource(doCreateDataEventsForTable):513 Exporting data from table 'models_schema.models' (1 of 1 tables)"}}
{"type":"LOG","log":{"level":"INFO","message":"INFO i.d.r.RelationalSnapshotChangeEventSource(doCreateDataEventsForTable):559 \t Finished exporting 6 records for table 'models_schema.models' (1 of 1 tables); total duration '00:00:00.009'"}}
{"type":"LOG","log":{"level":"INFO","message":"INFO i.d.p.s.AbstractSnapshotChangeEventSource(execute):88 Snapshot - Final stage"}}
{"type":"LOG","log":{"level":"INFO","message":"INFO i.d.p.s.AbstractSnapshotChangeEventSource(execute):92 Snapshot completed"}}
{"type":"LOG","log":{"level":"INFO","message":"INFO i.d.p.ChangeEventSourceCoordinator(doSnapshot):156 Snapshot ended with SnapshotResult [status=COMPLETED, offset=PostgresOffsetContext [sourceInfoSchema=Schema{io.debezium.connector.postgresql.Source:STRUCT}, sourceInfo=source_info[server='db_tiuxmgttks'db='db_tiuxmgttks', lsn=LSN{0/16CBC58}, txId=505, timestamp=2023-05-20T14:07:10.924585Z, snapshot=FALSE, schema=models_schema, table=models], lastSnapshotRecord=true, lastCompletelyProcessedLsn=null, lastCommitLsn=null, streamingStoppingLsn=null, transactionContext=TransactionContext [currentTransactionId=null, perTableEventCount={}, totalEventCount=0], incrementalSnapshotContext=IncrementalSnapshotContext [windowOpened=false, chunkEndPosition=null, dataCollectionsToSnapshot=[], lastEventKeySent=null, maximumKey=null]]]"}}
{"type":"LOG","log":{"level":"INFO","message":"INFO i.d.p.ChangeEventSourceCoordinator(streamingConnected):240 Connected metrics set to 'true'"}}
{"type":"LOG","log":{"level":"INFO","message":"INFO i.d.c.p.PostgresSchema(printReplicaIdentityInfo):100 REPLICA IDENTITY for 'models_schema.models' is 'DEFAULT'; UPDATE and DELETE events will contain previous values only for PK columns"}}
{"type":"LOG","log":{"level":"INFO","message":"INFO i.d.p.ChangeEventSourceCoordinator(streamEvents):173 Starting streaming"}}
{"type":"LOG","log":{"level":"INFO","message":"INFO i.d.c.p.PostgresStreamingChangeEventSource(execute):136 Retrieved latest position from stored offset 'LSN{0/16CBC58}'"}}
{"type":"LOG","log":{"level":"INFO","message":"INFO i.d.c.p.c.WalPositionLocator(<init>):48 Looking for WAL restart position for last commit LSN 'null' and last change LSN 'LSN{0/16CBC58}'"}}
{"type":"LOG","log":{"level":"INFO","message":"INFO i.d.c.p.c.PostgresReplicationConnection(initPublication):147 Initializing PgOutput logical decoder publication"}}
{"type":"LOG","log":{"level":"INFO","message":"INFO i.d.c.p.c.PostgresConnection(readReplicationSlotInfo):264 Obtained valid replication slot ReplicationSlot [active=false, latestFlushedLsn=LSN{0/16CB9D0}, catalogXmin=504]"}}
{"type":"LOG","log":{"level":"INFO","message":"INFO i.d.j.JdbcConnection(lambda$doClose$4):947 Connection gracefully closed"}}
{"type":"LOG","log":{"level":"INFO","message":"INFO i.d.u.Threads(threadFactory):270 Requested thread factory for connector PostgresConnector, id = db_tiuxmgttks named = keep-alive"}}
{"type":"LOG","log":{"level":"INFO","message":"INFO i.d.u.Threads$3(newThread):287 Creating thread debezium-postgresconnector-db_tiuxmgttks-keep-alive"}}
{"type":"LOG","log":{"level":"INFO","message":"INFO i.d.c.p.PostgresSchema(printReplicaIdentityInfo):100 REPLICA IDENTITY for 'models_schema.models' is 'DEFAULT'; UPDATE and DELETE events will contain previous values only for PK columns"}}
{"type":"LOG","log":{"level":"INFO","message":"INFO i.d.c.p.PostgresStreamingChangeEventSource(searchWalPosition):327 Searching for WAL resume position"}}
{"type":"LOG","log":{"level":"INFO","message":"INFO i.a.i.d.i.p.PostgresCdcTargetPosition(reachedTargetPosition):61 Signalling close because Snapshot is complete"}}
{"type":"LOG","log":{"level":"INFO","message":"INFO i.a.i.d.i.DebeziumRecordIterator(requestClose):208 Closing: Change event reached target position"}}
{"type":"LOG","log":{"level":"INFO","message":"INFO i.d.e.EmbeddedEngine(stop):1146 Stopping the embedded engine"}}
{"type":"LOG","log":{"level":"INFO","message":"INFO i.d.e.EmbeddedEngine(stop):1153 Waiting for PT5M for connector to stop"}}
{"type":"LOG","log":{"level":"INFO","message":"INFO i.d.e.EmbeddedEngine(run):944 Stopping the task and engine"}}
{"type":"LOG","log":{"level":"INFO","message":"INFO i.d.c.c.BaseSourceTask(stop):278 Stopping down connector"}}
{"type":"LOG","log":{"level":"INFO","message":"INFO i.d.c.p.PostgresStreamingChangeEventSource(searchWalPosition):348 WAL resume position 'null' discovered"}}
{"type":"LOG","log":{"level":"INFO","message":"INFO i.d.j.JdbcConnection(lambda$doClose$4):947 Connection gracefully closed"}}
{"type":"LOG","log":{"level":"INFO","message":"INFO i.d.j.JdbcConnection(lambda$doClose$4):947 Connection gracefully closed"}}
{"type":"LOG","log":{"level":"INFO","message":"INFO i.d.c.p.c.PostgresReplicationConnection(initPublication):147 Initializing PgOutput logical decoder publication"}}
{"type":"LOG","log":{"level":"INFO","message":"INFO i.d.u.Threads(threadFactory):270 Requested thread factory for connector PostgresConnector, id = db_tiuxmgttks named = keep-alive"}}
{"type":"LOG","log":{"level":"INFO","message":"INFO i.d.u.Threads$3(newThread):287 Creating thread debezium-postgresconnector-db_tiuxmgttks-keep-alive"}}
{"type":"LOG","log":{"level":"INFO","message":"INFO i.d.c.p.PostgresStreamingChangeEventSource(processMessages):211 Processing messages"}}
{"type":"LOG","log":{"level":"INFO","message":"INFO i.d.j.JdbcConnection(lambda$doClose$4):947 Connection gracefully closed"}}
{"type":"LOG","log":{"level":"INFO","message":"INFO i.d.j.JdbcConnection(lambda$doClose$4):947 Connection gracefully closed"}}
{"type":"LOG","log":{"level":"INFO","message":"INFO i.d.p.ChangeEventSourceCoordinator(streamEvents):175 Finished streaming"}}
{"type":"LOG","log":{"level":"INFO","message":"INFO i.d.p.ChangeEventSourceCoordinator(streamingConnected):240 Connected metrics set to 'false'"}}
{"type":"LOG","log":{"level":"INFO","message":"INFO o.a.k.c.s.FileOffsetBackingStore(stop):66 Stopped FileOffsetBackingStore"}}
{"type":"LOG","log":{"level":"INFO","message":"INFO i.a.i.d.i.DebeziumRecordPublisher(lambda$start$1):73 Debezium engine shutdown."}}
{"type":"LOG","log":{"level":"INFO","message":"INFO i.a.i.d.i.DebeziumRecordPublisher(lambda$start$1):74 Connector 'io.debezium.connector.postgresql.PostgresConnector' completed normally."}}
{"type":"LOG","log":{"level":"INFO","message":"INFO i.a.i.s.p.PostgresCdcStateHandler(saveState):37 debezium state: {\"[\\\"db_tiuxmgttks\\\",{\\\"server\\\":\\\"db_tiuxmgttks\\\"}]\":\"{\\\"transaction_id\\\":null,\\\"lsn\\\":23903320,\\\"txId\\\":505,\\\"ts_usec\\\":1684591630924585}\"}"}}
{"type":"LOG","log":{"level":"INFO","message":"INFO i.a.i.s.r.AbstractDbSource(lambda$read$1):173 Closing database connection pool."}}
{"type":"LOG","log":{"level":"INFO","message":"INFO c.z.h.HikariDataSource(close):350 HikariPool-53 - Shutdown initiated..."}}
{"type":"LOG","log":{"level":"INFO","message":"INFO c.z.h.HikariDataSource(close):352 HikariPool-53 - Shutdown completed."}}
{"type":"LOG","log":{"level":"INFO","message":"INFO i.a.i.s.r.AbstractDbSource(lambda$read$1):175 Closed database connection pool."}}
{"type":"LOG","log":{"level":"INFO","message":"INFO i.a.i.s.p.PostgresUtils(isCdc):53 using CDC: true"}}
{"type":"LOG","log":{"level":"INFO","message":"INFO i.a.i.s.r.s.StateManagerFactory(createStateManager):51 Global state manager selected to manage state object with type GLOBAL."}}
{"type":"LOG","log":{"level":"INFO","message":"INFO i.a.i.s.r.CdcStateManager(<init>):29 Initialized CDC state with: io.airbyte.integrations.source.relationaldb.models.CdcState@643afff3[state={\"[\\\"db_tiuxmgttks\\\",{\\\"server\\\":\\\"db_tiuxmgttks\\\"}]\":\"{\\\"transaction_id\\\":null,\\\"lsn\\\":23903320,\\\"txId\\\":505,\\\"ts_usec\\\":1684591630924585}\"},additionalProperties={}]"}}
{"type":"LOG","log":{"level":"INFO","message":"INFO c.z.h.HikariDataSource(<init>):80 HikariPool-54 - Starting..."}}
{"type":"LOG","log":{"level":"INFO","message":"INFO c.z.h.HikariDataSource(<init>):82 HikariPool-54 - Start completed."}}
{"type":"LOG","log":{"level":"INFO","message":"INFO i.a.i.s.p.PostgresUtils(isCdc):53 using CDC: true"}}
{"type":"LOG","log":{"level":"INFO","message":"INFO i.a.d.j.s.AdaptiveStreamingQueryConfig(initialize):31 Set initial fetch size: 10 rows"}}
{"type":"LOG","log":{"level":"INFO","message":"INFO i.a.i.s.p.PostgresCdcCatalogHelper(getPublicizedTables):119 For CDC, only tables in publication publication will be included in the sync: [models_schema.models, models_schema_random.models_random]"}}
{"type":"LOG","log":{"level":"INFO","message":"INFO i.a.i.s.j.AbstractJdbcSource(logPreSyncDebugData):450 Data source product recognized as PostgreSQL:13.11"}}
{"type":"LOG","log":{"level":"INFO","message":"INFO i.a.i.s.p.PostgresSource(logPreSyncDebugData):221 Discovering indexes for schema \"models_schema\", table \"models\""}}
{"type":"LOG","log":{"level":"INFO","message":"INFO i.a.i.s.p.PostgresSource(logPreSyncDebugData):223 Index name: models_pkey, Column: id, Unique: true"}}
{"type":"LOG","log":{"level":"INFO","message":"INFO i.a.i.s.p.PostgresQueryUtils(logXminStatus):77 Xmin Status : {Number of wraparounds: 0, Xmin Transaction Value: 20514, Xmin Raw Value: 20514"}}
{"type":"LOG","log":{"level":"INFO","message":"INFO i.a.i.s.j.AbstractJdbcSource(discoverInternal):166 Internal schemas to exclude: [catalog_history, information_schema, pg_catalog, pg_internal]"}}
{"type":"LOG","log":{"level":"INFO","message":"INFO i.a.d.j.s.AdaptiveStreamingQueryConfig(initialize):31 Set initial fetch size: 10 rows"}}
{"type":"LOG","log":{"level":"INFO","message":"INFO i.a.i.s.j.AbstractJdbcSource(discoverInternal):166 Internal schemas to exclude: [catalog_history, information_schema, pg_catalog, pg_internal]"}}
{"type":"LOG","log":{"level":"INFO","message":"INFO i.a.d.j.s.AdaptiveStreamingQueryConfig(initialize):31 Set initial fetch size: 10 rows"}}
{"type":"LOG","log":{"level":"INFO","message":"INFO i.a.i.s.p.PostgresUtils(isCdc):53 using CDC: true"}}
{"type":"LOG","log":{"level":"INFO","message":"INFO i.a.i.s.p.PostgresUtils(getFirstRecordWaitTime):111 First record waiting time: 30 seconds"}}
{"type":"LOG","log":{"level":"INFO","message":"INFO i.a.i.s.p.PostgresSource(getIncrementalIterators):369 First record waiting time: 30 seconds"}}
{"type":"LOG","log":{"level":"INFO","message":"INFO i.a.i.s.p.PostgresUtils(shouldFlushAfterSync):61 Should flush after sync: true"}}
{"type":"LOG","log":{"level":"INFO","message":"INFO o.a.k.c.c.AbstractConfig(logAll):376 StandaloneConfig values: \n\taccess.control.allow.methods = \n\taccess.control.allow.origin = \n\tadmin.listeners = null\n\tauto.include.jmx.reporter = true\n\tbootstrap.servers = [localhost:9092]\n\tclient.dns.lookup = use_all_dns_ips\n\tconfig.providers = []\n\tconnector.client.config.override.policy = All\n\theader.converter = class org.apache.kafka.connect.storage.SimpleHeaderConverter\n\tkey.converter = class org.apache.kafka.connect.json.JsonConverter\n\tlisteners = [http://:8083]\n\tmetric.reporters = []\n\tmetrics.num.samples = 2\n\tmetrics.recording.level = INFO\n\tmetrics.sample.window.ms = 30000\n\toffset.flush.interval.ms = 1000\n\toffset.flush.timeout.ms = 5000\n\toffset.storage.file.filename = /tmp/cdc-state-offset9408983908299847552/offset.dat\n\tplugin.path = null\n\tresponse.http.headers.config = \n\trest.advertised.host.name = null\n\trest.advertised.listener = null\n\trest.advertised.port = null\n\trest.extension.classes = []\n\tssl.cipher.suites = null\n\tssl.client.auth = none\n\tssl.enabled.protocols = [TLSv1.2, TLSv1.3]\n\tssl.endpoint.identification.algorithm = https\n\tssl.engine.factory.class = null\n\tssl.key.password = null\n\tssl.keymanager.algorithm = SunX509\n\tssl.keystore.certificate.chain = null\n\tssl.keystore.key = null\n\tssl.keystore.location = null\n\tssl.keystore.password = null\n\tssl.keystore.type = JKS\n\tssl.protocol = TLSv1.3\n\tssl.provider = null\n\tssl.secure.random.implementation = null\n\tssl.trustmanager.algorithm = PKIX\n\tssl.truststore.certificates = null\n\tssl.truststore.location = null\n\tssl.truststore.password = null\n\tssl.truststore.type = JKS\n\ttask.shutdown.graceful.timeout.ms = 5000\n\ttopic.creation.enable = true\n\ttopic.tracking.allow.reset = true\n\ttopic.tracking.enable = true\n\tvalue.converter = class org.apache.kafka.connect.json.JsonConverter\n"}}
{"type":"LOG","log":{"level":"WARN","message":"WARN o.a.k.c.r.WorkerConfig(logPluginPathConfigProviderWarning):379 Variables cannot be used in the 'plugin.path' property, since the property is used by plugin scanning before the config providers that replace the variables are initialized. The raw value 'null' was used for plugin scanning, as opposed to the transformed value 'null', and this may cause unexpected results."}}
{"type":"LOG","log":{"level":"INFO","message":"INFO o.a.k.c.s.FileOffsetBackingStore(start):58 Starting FileOffsetBackingStore with file /tmp/cdc-state-offset9408983908299847552/offset.dat"}}
{"type":"LOG","log":{"level":"INFO","message":"INFO o.a.k.c.c.AbstractConfig(logAll):376 JsonConverterConfig values: \n\tconverter.type = key\n\tdecimal.format = BASE64\n\tschemas.cache.size = 1000\n\tschemas.enable = false\n"}}
{"type":"LOG","log":{"level":"INFO","message":"INFO o.a.k.c.c.AbstractConfig(logAll):376 JsonConverterConfig values: \n\tconverter.type = value\n\tdecimal.format = BASE64\n\tschemas.cache.size = 1000\n\tschemas.enable = false\n"}}
{"type":"LOG","log":{"level":"INFO","message":"INFO i.a.i.d.i.p.PostgresDebeziumStateUtil(extractLsn):201 Found previous partition offset PostgresPartition [sourcePartition={server=db_tiuxmgttks}]: {transaction_id=null, lsn=23903320, txId=505, ts_usec=1684591630924585}"}}
{"type":"LOG","log":{"level":"INFO","message":"INFO i.a.i.d.i.p.PostgresDebeziumStateUtil(parseSavedOffset):181 Closing offsetStorageReader and fileOffsetBackingStore"}}
{"type":"LOG","log":{"level":"INFO","message":"INFO o.a.k.c.s.FileOffsetBackingStore(stop):66 Stopped FileOffsetBackingStore"}}
{"type":"LOG","log":{"level":"INFO","message":"INFO i.a.i.s.p.PostgresSource(lambda$getReplicationSlot$4):296 Attempting to find the named replication slot using the query: HikariProxyPreparedStatement@480156667 wrapping SELECT * FROM pg_replication_slots WHERE slot_name = 'debezium_slot_db_tiuxmgttks' AND plugin = 'pgoutput' AND database = 'db_tiuxmgttks'"}}
{"type":"LOG","log":{"level":"INFO","message":"INFO i.a.d.j.s.AdaptiveStreamingQueryConfig(initialize):31 Set initial fetch size: 10 rows"}}
{"type":"LOG","log":{"level":"INFO","message":"INFO i.a.i.d.i.p.PostgresDebeziumStateUtil(isSavedOffsetAfterReplicationSlotLSN):62 Replication slot confirmed_flush_lsn : 23902672 Saved offset LSN : 23903320"}}
{"type":"LOG","log":{"level":"INFO","message":"INFO i.a.i.s.p.PostgresUtils(shouldFlushAfterSync):61 Should flush after sync: true"}}
{"type":"LOG","log":{"level":"INFO","message":"INFO i.a.i.d.i.p.PostgresReplicationConnection(createConnection):44 Creating a replication connection."}}
{"type":"LOG","log":{"level":"INFO","message":"INFO i.a.i.d.i.p.PostgresReplicationConnection(createConnection):47 Validating replication connection."}}
{"type":"LOG","log":{"level":"INFO","message":"INFO i.a.i.d.i.p.PostgresCdcTargetPosition(targetPosition):49 identified target lsn: PgLsn{lsn=27721984}"}}
{"type":"LOG","log":{"level":"INFO","message":"INFO i.a.i.s.p.PostgresUtils(shouldFlushAfterSync):61 Should flush after sync: true"}}
{"type":"LOG","log":{"level":"INFO","message":"INFO i.a.i.d.AirbyteDebeziumHandler(getIncrementalIterators):95 Using CDC: true"}}
{"type":"LOG","log":{"level":"INFO","message":"INFO o.a.k.c.c.AbstractConfig(logAll):376 JsonConverterConfig values: \n\tconverter.type = key\n\tdecimal.format = BASE64\n\tschemas.cache.size = 1000\n\tschemas.enable = false\n"}}
{"type":"LOG","log":{"level":"INFO","message":"INFO o.a.k.c.c.AbstractConfig(logAll):376 JsonConverterConfig values: \n\tconverter.type = value\n\tdecimal.format = BASE64\n\tschemas.cache.size = 1000\n\tschemas.enable = false\n"}}
{"type":"LOG","log":{"level":"INFO","message":"INFO o.a.k.c.c.AbstractConfig(logAll):376 EmbeddedConfig values: \n\taccess.control.allow.methods = \n\taccess.control.allow.origin = \n\tadmin.listeners = null\n\tauto.include.jmx.reporter = true\n\tbootstrap.servers = [localhost:9092]\n\tclient.dns.lookup = use_all_dns_ips\n\tconfig.providers = []\n\tconnector.client.config.override.policy = All\n\theader.converter = class org.apache.kafka.connect.storage.SimpleHeaderConverter\n\tkey.converter = class org.apache.kafka.connect.json.JsonConverter\n\tlisteners = [http://:8083]\n\tmetric.reporters = []\n\tmetrics.num.samples = 2\n\tmetrics.recording.level = INFO\n\tmetrics.sample.window.ms = 30000\n\toffset.flush.interval.ms = 1000\n\toffset.flush.timeout.ms = 5000\n\toffset.storage.file.filename = /tmp/cdc-state-offset15778771181153547157/offset.dat\n\toffset.storage.partitions = null\n\toffset.storage.replication.factor = null\n\toffset.storage.topic = \n\tplugin.path = null\n\tresponse.http.headers.config = \n\trest.advertised.host.name = null\n\trest.advertised.listener = null\n\trest.advertised.port = null\n\trest.extension.classes = []\n\tssl.cipher.suites = null\n\tssl.client.auth = none\n\tssl.enabled.protocols = [TLSv1.2, TLSv1.3]\n\tssl.endpoint.identification.algorithm = https\n\tssl.engine.factory.class = null\n\tssl.key.password = null\n\tssl.keymanager.algorithm = SunX509\n\tssl.keystore.certificate.chain = null\n\tssl.keystore.key = null\n\tssl.keystore.location = null\n\tssl.keystore.password = null\n\tssl.keystore.type = JKS\n\tssl.protocol = TLSv1.3\n\tssl.provider = null\n\tssl.secure.random.implementation = null\n\tssl.trustmanager.algorithm = PKIX\n\tssl.truststore.certificates = null\n\tssl.truststore.location = null\n\tssl.truststore.password = null\n\tssl.truststore.type = JKS\n\ttask.shutdown.graceful.timeout.ms = 5000\n\ttopic.creation.enable = true\n\ttopic.tracking.allow.reset = true\n\ttopic.tracking.enable = true\n\tvalue.converter = class org.apache.kafka.connect.json.JsonConverter\n"}}
{"type":"LOG","log":{"level":"WARN","message":"WARN o.a.k.c.r.WorkerConfig(logPluginPathConfigProviderWarning):379 Variables cannot be used in the 'plugin.path' property, since the property is used by plugin scanning before the config providers that replace the variables are initialized. The raw value 'null' was used for plugin scanning, as opposed to the transformed value 'null', and this may cause unexpected results."}}
{"type":"LOG","log":{"level":"INFO","message":"INFO o.a.k.c.c.AbstractConfig(logAll):376 JsonConverterConfig values: \n\tconverter.type = key\n\tdecimal.format = BASE64\n\tschemas.cache.size = 1000\n\tschemas.enable = false\n"}}
{"type":"LOG","log":{"level":"INFO","message":"INFO o.a.k.c.c.AbstractConfig(logAll):376 JsonConverterConfig values: \n\tconverter.type = value\n\tdecimal.format = BASE64\n\tschemas.cache.size = 1000\n\tschemas.enable = false\n"}}
{"type":"LOG","log":{"level":"WARN","message":"WARN i.d.c.p.PostgresConnectorConfig(validateFlushLsnSource):1070 Property 'flush.lsn.source' is set to 'false', the LSN will not be flushed to the database source and WAL logs will not be cleared. User is expected to handle this outside Debezium."}}
{"type":"LOG","log":{"level":"INFO","message":"INFO i.d.c.p.PostgresConnector(testConnection):154 Successfully tested connection for jdbc:postgresql://localhost:56302/db_tiuxmgttks with user 'test'"}}
{"type":"LOG","log":{"level":"INFO","message":"INFO i.d.j.JdbcConnection(lambda$doClose$4):947 Connection gracefully closed"}}
{"type":"LOG","log":{"level":"INFO","message":"INFO o.a.k.c.s.FileOffsetBackingStore(start):58 Starting FileOffsetBackingStore with file /tmp/cdc-state-offset15778771181153547157/offset.dat"}}
{"type":"LOG","log":{"level":"WARN","message":"WARN i.d.c.p.PostgresConnectorConfig(validateFlushLsnSource):1070 Property 'flush.lsn.source' is set to 'false', the LSN will not be flushed to the database source and WAL logs will not be cleared. User is expected to handle this outside Debezium."}}
{"type":"LOG","log":{"level":"INFO","message":"INFO i.d.c.c.BaseSourceTask(start):124 Starting PostgresConnectorTask with configuration:"}}
{"type":"LOG","log":{"level":"INFO","message":"INFO i.d.c.c.BaseSourceTask(lambda$start$0):126    connector.class = io.debezium.connector.postgresql.PostgresConnector"}}
{"type":"LOG","log":{"level":"INFO","message":"INFO i.d.c.c.BaseSourceTask(lambda$start$0):126    max.queue.size = 8192"}}
{"type":"LOG","log":{"level":"INFO","message":"INFO i.d.c.c.BaseSourceTask(lambda$start$0):126    slot.name = debezium_slot_db_tiuxmgttks"}}
{"type":"LOG","log":{"level":"INFO","message":"INFO i.d.c.c.BaseSourceTask(lambda$start$0):126    publication.name = publication"}}
{"type":"LOG","log":{"level":"INFO","message":"INFO i.d.c.c.BaseSourceTask(lambda$start$0):126    topic.prefix = db_tiuxmgttks"}}
{"type":"LOG","log":{"level":"INFO","message":"INFO i.d.c.c.BaseSourceTask(lambda$start$0):126    offset.storage.file.filename = /tmp/cdc-state-offset15778771181153547157/offset.dat"}}
{"type":"LOG","log":{"level":"INFO","message":"INFO i.d.c.c.BaseSourceTask(lambda$start$0):126    decimal.handling.mode = string"}}
{"type":"LOG","log":{"level":"INFO","message":"INFO i.d.c.c.BaseSourceTask(lambda$start$0):126    flush.lsn.source = false"}}
{"type":"LOG","log":{"level":"INFO","message":"INFO i.d.c.c.BaseSourceTask(lambda$start$0):126    converters = datetime"}}
{"type":"LOG","log":{"level":"INFO","message":"INFO i.d.c.c.BaseSourceTask(lambda$start$0):126    errors.retry.delay.initial.ms = 299"}}
{"type":"LOG","log":{"level":"INFO","message":"INFO i.d.c.c.BaseSourceTask(lambda$start$0):126    datetime.type = io.airbyte.integrations.debezium.internals.postgres.PostgresConverter"}}
{"type":"LOG","log":{"level":"INFO","message":"INFO i.d.c.c.BaseSourceTask(lambda$start$0):126    value.converter = org.apache.kafka.connect.json.JsonConverter"}}
{"type":"LOG","log":{"level":"INFO","message":"INFO i.d.c.c.BaseSourceTask(lambda$start$0):126    key.converter = org.apache.kafka.connect.json.JsonConverter"}}
{"type":"LOG","log":{"level":"INFO","message":"INFO i.d.c.c.BaseSourceTask(lambda$start$0):126    publication.autocreate.mode = disabled"}}
{"type":"LOG","log":{"level":"INFO","message":"INFO i.d.c.c.BaseSourceTask(lambda$start$0):126    database.user = test"}}
{"type":"LOG","log":{"level":"INFO","message":"INFO i.d.c.c.BaseSourceTask(lambda$start$0):126    database.dbname = db_tiuxmgttks"}}
{"type":"LOG","log":{"level":"INFO","message":"INFO i.d.c.c.BaseSourceTask(lambda$start$0):126    offset.storage = org.apache.kafka.connect.storage.FileOffsetBackingStore"}}
{"type":"LOG","log":{"level":"INFO","message":"INFO i.d.c.c.BaseSourceTask(lambda$start$0):126    errors.retry.delay.max.ms = 300"}}
{"type":"LOG","log":{"level":"INFO","message":"INFO i.d.c.c.BaseSourceTask(lambda$start$0):126    offset.flush.timeout.ms = 5000"}}
{"type":"LOG","log":{"level":"INFO","message":"INFO i.d.c.c.BaseSourceTask(lambda$start$0):126    heartbeat.interval.ms = 10000"}}
{"type":"LOG","log":{"level":"INFO","message":"INFO i.d.c.c.BaseSourceTask(lambda$start$0):126    column.include.list = \\Qmodels_schema.models\\E\\.(\\Qmodel\\E|\\Qid\\E|\\Qmake_id\\E)"}}
{"type":"LOG","log":{"level":"INFO","message":"INFO i.d.c.c.BaseSourceTask(lambda$start$0):126    plugin.name = pgoutput"}}
{"type":"LOG","log":{"level":"INFO","message":"INFO i.d.c.c.BaseSourceTask(lambda$start$0):126    database.port = 56302"}}
{"type":"LOG","log":{"level":"INFO","message":"INFO i.d.c.c.BaseSourceTask(lambda$start$0):126    offset.flush.interval.ms = 1000"}}
{"type":"LOG","log":{"level":"INFO","message":"INFO i.d.c.c.BaseSourceTask(lambda$start$0):126    key.converter.schemas.enable = false"}}
{"type":"LOG","log":{"level":"INFO","message":"INFO i.d.c.c.BaseSourceTask(lambda$start$0):126    include.unknown.datatypes = true"}}
{"type":"LOG","log":{"level":"INFO","message":"INFO i.d.c.c.BaseSourceTask(lambda$start$0):126    errors.max.retries = 10"}}
{"type":"LOG","log":{"level":"INFO","message":"INFO i.d.c.c.BaseSourceTask(lambda$start$0):126    database.hostname = localhost"}}
{"type":"LOG","log":{"level":"INFO","message":"INFO i.d.c.c.BaseSourceTask(lambda$start$0):126    database.password = ********"}}
{"type":"LOG","log":{"level":"INFO","message":"INFO i.d.c.c.BaseSourceTask(lambda$start$0):126    value.converter.schemas.enable = false"}}
{"type":"LOG","log":{"level":"INFO","message":"INFO i.d.c.c.BaseSourceTask(lambda$start$0):126    name = db_tiuxmgttks"}}
{"type":"LOG","log":{"level":"INFO","message":"INFO i.d.c.c.BaseSourceTask(lambda$start$0):126    max.batch.size = 2048"}}
{"type":"LOG","log":{"level":"INFO","message":"INFO i.d.c.c.BaseSourceTask(lambda$start$0):126    table.include.list = \\Qmodels_schema.models\\E"}}
{"type":"LOG","log":{"level":"INFO","message":"INFO i.d.c.c.BaseSourceTask(lambda$start$0):126    snapshot.mode = initial"}}
{"type":"LOG","log":{"level":"INFO","message":"INFO i.d.c.c.BaseSourceTask(startIfNeededAndPossible):243 Attempting to start task"}}
{"type":"LOG","log":{"level":"INFO","message":"INFO i.d.c.CommonConnectorConfig(getTopicNamingStrategy):849 Loading the custom topic naming strategy plugin: io.debezium.schema.SchemaTopicNamingStrategy"}}
{"type":"LOG","log":{"level":"INFO","message":"INFO i.d.j.JdbcConnection(lambda$doClose$4):947 Connection gracefully closed"}}
{"type":"LOG","log":{"level":"INFO","message":"INFO i.d.c.c.BaseSourceTask(getPreviousOffsets):370 Found previous partition offset PostgresPartition [sourcePartition={server=db_tiuxmgttks}]: {transaction_id=null, lsn=23903320, txId=505, ts_usec=1684591630924585}"}}
{"type":"LOG","log":{"level":"INFO","message":"INFO i.d.c.p.PostgresConnectorTask(start):113 user 'test' connected to database 'db_tiuxmgttks' on PostgreSQL 13.11 on x86_64-pc-linux-musl, compiled by gcc (Alpine 12.2.1_git20220924-r10) 12.2.1 20220924, 64-bit with roles:\n\trole 'pg_read_all_settings' [superuser: false, replication: false, inherit: true, create role: false, create db: false, can log in: false]\n\trole 'pg_stat_scan_tables' [superuser: false, replication: false, inherit: true, create role: false, create db: false, can log in: false]\n\trole 'pg_write_server_files' [superuser: false, replication: false, inherit: true, create role: false, create db: false, can log in: false]\n\trole 'test' [superuser: true, replication: true, inherit: true, create role: true, create db: true, can log in: true]\n\trole 'pg_monitor' [superuser: false, replication: false, inherit: true, create role: false, create db: false, can log in: false]\n\trole 'pg_read_server_files' [superuser: false, replication: false, inherit: true, create role: false, create db: false, can log in: false]\n\trole 'pg_execute_server_program' [superuser: false, replication: false, inherit: true, create role: false, create db: false, can log in: false]\n\trole 'pg_read_all_stats' [superuser: false, replication: false, inherit: true, create role: false, create db: false, can log in: false]\n\trole 'pg_signal_backend' [superuser: false, replication: false, inherit: true, create role: false, create db: false, can log in: false]"}}
{"type":"LOG","log":{"level":"INFO","message":"INFO i.d.c.p.c.PostgresConnection(readReplicationSlotInfo):264 Obtained valid replication slot ReplicationSlot [active=false, latestFlushedLsn=LSN{0/16CBC58}, catalogXmin=504]"}}
{"type":"LOG","log":{"level":"INFO","message":"INFO i.d.c.p.PostgresConnectorTask(start):127 Found previous offset PostgresOffsetContext [sourceInfoSchema=Schema{io.debezium.connector.postgresql.Source:STRUCT}, sourceInfo=source_info[server='db_tiuxmgttks'db='db_tiuxmgttks', lsn=LSN{0/16CBC58}, txId=505, timestamp=2023-05-20T14:07:10.924585Z, snapshot=FALSE, schema=, table=], lastSnapshotRecord=false, lastCompletelyProcessedLsn=null, lastCommitLsn=null, streamingStoppingLsn=null, transactionContext=TransactionContext [currentTransactionId=null, perTableEventCount={}, totalEventCount=0], incrementalSnapshotContext=IncrementalSnapshotContext [windowOpened=false, chunkEndPosition=null, dataCollectionsToSnapshot=[], lastEventKeySent=null, maximumKey=null]]"}}
{"type":"LOG","log":{"level":"INFO","message":"INFO i.d.u.Threads(threadFactory):270 Requested thread factory for connector PostgresConnector, id = db_tiuxmgttks named = change-event-source-coordinator"}}
{"type":"LOG","log":{"level":"INFO","message":"INFO i.d.u.Threads$3(newThread):287 Creating thread debezium-postgresconnector-db_tiuxmgttks-change-event-source-coordinator"}}
{"type":"LOG","log":{"level":"INFO","message":"INFO i.d.c.c.BaseSourceTask(startIfNeededAndPossible):245 Successfully started task"}}
{"type":"LOG","log":{"level":"INFO","message":"INFO i.d.p.ChangeEventSourceCoordinator(lambda$start$0):103 Metrics registered"}}
{"type":"LOG","log":{"level":"INFO","message":"INFO i.d.p.ChangeEventSourceCoordinator(lambda$start$0):106 Context created"}}
{"type":"LOG","log":{"level":"INFO","message":"INFO i.d.c.p.s.InitialSnapshotter(shouldSnapshot):42 Previous snapshot has completed successfully, streaming logical changes from last known position"}}
{"type":"LOG","log":{"level":"INFO","message":"INFO i.d.c.p.PostgresSnapshotChangeEventSource(getSnapshottingTask):68 According to the connector configuration no snapshot will be executed"}}
{"type":"LOG","log":{"level":"INFO","message":"INFO i.d.p.ChangeEventSourceCoordinator(doSnapshot):156 Snapshot ended with SnapshotResult [status=SKIPPED, offset=PostgresOffsetContext [sourceInfoSchema=Schema{io.debezium.connector.postgresql.Source:STRUCT}, sourceInfo=source_info[server='db_tiuxmgttks'db='db_tiuxmgttks', lsn=LSN{0/16CBC58}, txId=505, timestamp=2023-05-20T14:07:10.924585Z, snapshot=FALSE, schema=, table=], lastSnapshotRecord=false, lastCompletelyProcessedLsn=null, lastCommitLsn=null, streamingStoppingLsn=null, transactionContext=TransactionContext [currentTransactionId=null, perTableEventCount={}, totalEventCount=0], incrementalSnapshotContext=IncrementalSnapshotContext [windowOpened=false, chunkEndPosition=null, dataCollectionsToSnapshot=[], lastEventKeySent=null, maximumKey=null]]]"}}
{"type":"LOG","log":{"level":"INFO","message":"INFO i.d.p.ChangeEventSourceCoordinator(streamingConnected):240 Connected metrics set to 'true'"}}
{"type":"LOG","log":{"level":"INFO","message":"INFO i.d.c.p.PostgresSchema(printReplicaIdentityInfo):100 REPLICA IDENTITY for 'models_schema.models' is 'DEFAULT'; UPDATE and DELETE events will contain previous values only for PK columns"}}
{"type":"LOG","log":{"level":"INFO","message":"INFO i.d.p.ChangeEventSourceCoordinator(streamEvents):173 Starting streaming"}}
{"type":"LOG","log":{"level":"INFO","message":"INFO i.d.c.p.PostgresStreamingChangeEventSource(execute):136 Retrieved latest position from stored offset 'LSN{0/16CBC58}'"}}
{"type":"LOG","log":{"level":"INFO","message":"INFO i.d.c.p.c.WalPositionLocator(<init>):48 Looking for WAL restart position for last commit LSN 'null' and last change LSN 'LSN{0/16CBC58}'"}}
{"type":"LOG","log":{"level":"INFO","message":"INFO i.d.c.p.c.PostgresReplicationConnection(initPublication):147 Initializing PgOutput logical decoder publication"}}
{"type":"LOG","log":{"level":"INFO","message":"INFO i.d.c.p.c.PostgresConnection(readReplicationSlotInfo):264 Obtained valid replication slot ReplicationSlot [active=false, latestFlushedLsn=LSN{0/16CBC58}, catalogXmin=504]"}}
{"type":"LOG","log":{"level":"INFO","message":"INFO i.d.j.JdbcConnection(lambda$doClose$4):947 Connection gracefully closed"}}
{"type":"LOG","log":{"level":"INFO","message":"INFO i.d.u.Threads(threadFactory):270 Requested thread factory for connector PostgresConnector, id = db_tiuxmgttks named = keep-alive"}}
{"type":"LOG","log":{"level":"INFO","message":"INFO i.d.u.Threads$3(newThread):287 Creating thread debezium-postgresconnector-db_tiuxmgttks-keep-alive"}}
{"type":"LOG","log":{"level":"INFO","message":"INFO i.d.c.p.PostgresSchema(printReplicaIdentityInfo):100 REPLICA IDENTITY for 'models_schema.models' is 'DEFAULT'; UPDATE and DELETE events will contain previous values only for PK columns"}}
{"type":"LOG","log":{"level":"INFO","message":"INFO i.d.c.p.PostgresStreamingChangeEventSource(searchWalPosition):327 Searching for WAL resume position"}}
{"type":"LOG","log":{"level":"INFO","message":"INFO i.d.c.p.c.WalPositionLocator(resumeFromLsn):71 First LSN 'LSN{0/16CBC80}' received"}}
{"type":"LOG","log":{"level":"INFO","message":"INFO i.d.c.p.PostgresStreamingChangeEventSource(searchWalPosition):348 WAL resume position 'LSN{0/16CBC80}' discovered"}}
{"type":"LOG","log":{"level":"INFO","message":"INFO i.d.j.JdbcConnection(lambda$doClose$4):947 Connection gracefully closed"}}
{"type":"LOG","log":{"level":"INFO","message":"INFO i.d.j.JdbcConnection(lambda$doClose$4):947 Connection gracefully closed"}}
{"type":"LOG","log":{"level":"INFO","message":"INFO i.d.c.p.c.PostgresReplicationConnection(initPublication):147 Initializing PgOutput logical decoder publication"}}
{"type":"LOG","log":{"level":"INFO","message":"INFO i.d.u.Threads(threadFactory):270 Requested thread factory for connector PostgresConnector, id = db_tiuxmgttks named = keep-alive"}}
{"type":"LOG","log":{"level":"INFO","message":"INFO i.d.u.Threads$3(newThread):287 Creating thread debezium-postgresconnector-db_tiuxmgttks-keep-alive"}}
{"type":"LOG","log":{"level":"INFO","message":"INFO i.d.c.p.PostgresStreamingChangeEventSource(processMessages):211 Processing messages"}}
{"type":"LOG","log":{"level":"INFO","message":"INFO i.d.c.p.c.WalPositionLocator(skipMessage):152 Message with LSN 'LSN{0/16CBC80}' arrived, switching off the filtering"}}
{"type":"LOG","log":{"level":"INFO","message":"INFO i.a.i.d.i.DebeziumStateDecoratingIterator(computeNext):135 Sending CDC checkpoint state message."}}
{"type":"LOG","log":{"level":"INFO","message":"INFO i.a.i.s.p.PostgresCdcStateHandler(saveState):37 debezium state: {\"[\\\"db_tiuxmgttks\\\",{\\\"server\\\":\\\"db_tiuxmgttks\\\"}]\":\"{\\\"transaction_id\\\":null,\\\"lsn_proc\\\":23936392,\\\"messageType\\\":\\\"INSERT\\\",\\\"lsn_commit\\\":23936392,\\\"lsn\\\":23936392,\\\"txId\\\":685,\\\"ts_usec\\\":1684591646226405}\"}"}}
{"type":"LOG","log":{"level":"INFO","message":"INFO i.a.i.d.i.DebeziumStateDecoratingIterator(computeNext):135 Sending CDC checkpoint state message."}}
{"type":"LOG","log":{"level":"INFO","message":"INFO i.a.i.s.p.PostgresCdcStateHandler(saveState):37 debezium state: {\"[\\\"db_tiuxmgttks\\\",{\\\"server\\\":\\\"db_tiuxmgttks\\\"}]\":\"{\\\"transaction_id\\\":null,\\\"lsn_proc\\\":24143712,\\\"messageType\\\":\\\"INSERT\\\",\\\"lsn_commit\\\":24143712,\\\"lsn\\\":24143712,\\\"txId\\\":1795,\\\"ts_usec\\\":1684591676884991}\"}"}}
{"type":"LOG","log":{"level":"INFO","message":"INFO i.a.i.d.i.DebeziumStateDecoratingIterator(computeNext):135 Sending CDC checkpoint state message."}}
{"type":"LOG","log":{"level":"INFO","message":"INFO i.a.i.s.p.PostgresCdcStateHandler(saveState):37 debezium state: {\"[\\\"db_tiuxmgttks\\\",{\\\"server\\\":\\\"db_tiuxmgttks\\\"}]\":\"{\\\"transaction_id\\\":null,\\\"lsn_proc\\\":24269352,\\\"messageType\\\":\\\"INSERT\\\",\\\"lsn_commit\\\":24269352,\\\"lsn\\\":24269352,\\\"txId\\\":2467,\\\"ts_usec\\\":1684591696118563}\"}"}}
{"type":"LOG","log":{"level":"INFO","message":"INFO i.a.i.d.i.DebeziumStateDecoratingIterator(computeNext):135 Sending CDC checkpoint state message."}}
{"type":"LOG","log":{"level":"INFO","message":"INFO i.a.i.s.p.PostgresCdcStateHandler(saveState):37 debezium state: {\"[\\\"db_tiuxmgttks\\\",{\\\"server\\\":\\\"db_tiuxmgttks\\\"}]\":\"{\\\"transaction_id\\\":null,\\\"lsn_proc\\\":24454192,\\\"messageType\\\":\\\"INSERT\\\",\\\"lsn_commit\\\":24454192,\\\"lsn\\\":24454192,\\\"txId\\\":3460,\\\"ts_usec\\\":1684591725274638}\"}"}}
{"type":"LOG","log":{"level":"INFO","message":"INFO i.a.i.d.i.DebeziumStateDecoratingIterator(computeNext):135 Sending CDC checkpoint state message."}}
{"type":"LOG","log":{"level":"INFO","message":"INFO i.a.i.s.p.PostgresCdcStateHandler(saveState):37 debezium state: {\"[\\\"db_tiuxmgttks\\\",{\\\"server\\\":\\\"db_tiuxmgttks\\\"}]\":\"{\\\"transaction_id\\\":null,\\\"lsn_proc\\\":24696320,\\\"messageType\\\":\\\"INSERT\\\",\\\"lsn_commit\\\":24696320,\\\"lsn\\\":24696320,\\\"txId\\\":4755,\\\"ts_usec\\\":1684591760018261}\"}"}}
{"type":"LOG","log":{"level":"INFO","message":"INFO i.a.i.d.i.DebeziumStateDecoratingIterator(computeNext):135 Sending CDC checkpoint state message."}}
{"type":"LOG","log":{"level":"INFO","message":"INFO i.a.i.s.p.PostgresCdcStateHandler(saveState):37 debezium state: {\"[\\\"db_tiuxmgttks\\\",{\\\"server\\\":\\\"db_tiuxmgttks\\\"}]\":\"{\\\"transaction_id\\\":null,\\\"lsn_proc\\\":24938480,\\\"messageType\\\":\\\"INSERT\\\",\\\"lsn_commit\\\":24938480,\\\"lsn\\\":24938480,\\\"txId\\\":5866,\\\"ts_usec\\\":1684591791862623}\"}"}}
{"type":"LOG","log":{"level":"INFO","message":"INFO i.a.i.d.i.DebeziumStateDecoratingIterator(computeNext):135 Sending CDC checkpoint state message."}}
{"type":"LOG","log":{"level":"INFO","message":"INFO i.a.i.s.p.PostgresCdcStateHandler(saveState):37 debezium state: {\"[\\\"db_tiuxmgttks\\\",{\\\"server\\\":\\\"db_tiuxmgttks\\\"}]\":\"{\\\"transaction_id\\\":null,\\\"lsn_proc\\\":25145712,\\\"messageType\\\":\\\"INSERT\\\",\\\"lsn_commit\\\":25145712,\\\"lsn\\\":25145712,\\\"txId\\\":6976,\\\"ts_usec\\\":1684591823514927}\"}"}}
{"type":"LOG","log":{"level":"INFO","message":"INFO i.a.i.d.i.DebeziumStateDecoratingIterator(computeNext):135 Sending CDC checkpoint state message."}}
{"type":"LOG","log":{"level":"INFO","message":"INFO i.a.i.s.p.PostgresCdcStateHandler(saveState):37 debezium state: {\"[\\\"db_tiuxmgttks\\\",{\\\"server\\\":\\\"db_tiuxmgttks\\\"}]\":\"{\\\"transaction_id\\\":null,\\\"lsn_proc\\\":25358376,\\\"messageType\\\":\\\"INSERT\\\",\\\"lsn_commit\\\":25358376,\\\"lsn\\\":25358376,\\\"txId\\\":8087,\\\"ts_usec\\\":1684591855944962}\"}"}}
{"type":"LOG","log":{"level":"INFO","message":"INFO i.d.c.c.BaseSourceTask(logStatistics):195 8690 records sent during previous 00:00:05.22, last recorded offset of {server=db_tiuxmgttks} partition is {transaction_id=null, lsn_proc=25565608, messageType=INSERT, lsn_commit=25565608, lsn=25565608, txId=9197, ts_usec=1684591887243866}"}}
{"type":"LOG","log":{"level":"INFO","message":"INFO i.a.i.d.i.DebeziumStateDecoratingIterator(computeNext):135 Sending CDC checkpoint state message."}}
{"type":"LOG","log":{"level":"INFO","message":"INFO i.a.i.s.p.PostgresCdcStateHandler(saveState):37 debezium state: {\"[\\\"db_tiuxmgttks\\\",{\\\"server\\\":\\\"db_tiuxmgttks\\\"}]\":\"{\\\"transaction_id\\\":null,\\\"lsn_proc\\\":25397768,\\\"messageType\\\":\\\"INSERT\\\",\\\"lsn_commit\\\":25397768,\\\"lsn\\\":25397768,\\\"txId\\\":8296,\\\"ts_usec\\\":1684591861909592}\"}"}}
{"type":"LOG","log":{"level":"INFO","message":"INFO i.a.i.d.i.DebeziumStateDecoratingIterator(computeNext):135 Sending CDC checkpoint state message."}}
{"type":"LOG","log":{"level":"INFO","message":"INFO i.a.i.s.p.PostgresCdcStateHandler(saveState):37 debezium state: {\"[\\\"db_tiuxmgttks\\\",{\\\"server\\\":\\\"db_tiuxmgttks\\\"}]\":\"{\\\"transaction_id\\\":null,\\\"lsn_proc\\\":25565608,\\\"messageType\\\":\\\"INSERT\\\",\\\"lsn_commit\\\":25565608,\\\"lsn\\\":25565608,\\\"txId\\\":9197,\\\"ts_usec\\\":1684591887243866}\"}"}}
{"type":"LOG","log":{"level":"INFO","message":"INFO i.a.i.d.i.DebeziumStateDecoratingIterator(computeNext):135 Sending CDC checkpoint state message."}}
{"type":"LOG","log":{"level":"INFO","message":"INFO i.a.i.s.p.PostgresCdcStateHandler(saveState):37 debezium state: {\"[\\\"db_tiuxmgttks\\\",{\\\"server\\\":\\\"db_tiuxmgttks\\\"}]\":\"{\\\"transaction_id\\\":null,\\\"lsn_proc\\\":25775992,\\\"messageType\\\":\\\"INSERT\\\",\\\"lsn_commit\\\":25775992,\\\"lsn\\\":25775992,\\\"txId\\\":10308,\\\"ts_usec\\\":1684591918646759}\"}"}}
{"type":"LOG","log":{"level":"INFO","message":"INFO i.a.i.d.i.DebeziumStateDecoratingIterator(computeNext):135 Sending CDC checkpoint state message."}}
{"type":"LOG","log":{"level":"INFO","message":"INFO i.a.i.s.p.PostgresCdcStateHandler(saveState):37 debezium state: {\"[\\\"db_tiuxmgttks\\\",{\\\"server\\\":\\\"db_tiuxmgttks\\\"}]\":\"{\\\"transaction_id\\\":null,\\\"lsn_proc\\\":25958456,\\\"messageType\\\":\\\"INSERT\\\",\\\"lsn_commit\\\":25958456,\\\"lsn\\\":25958456,\\\"txId\\\":11241,\\\"ts_usec\\\":1684591945359021}\"}"}}
{"type":"LOG","log":{"level":"INFO","message":"INFO i.a.i.d.i.DebeziumStateDecoratingIterator(computeNext):135 Sending CDC checkpoint state message."}}
{"type":"LOG","log":{"level":"INFO","message":"INFO i.a.i.s.p.PostgresCdcStateHandler(saveState):37 debezium state: {\"[\\\"db_tiuxmgttks\\\",{\\\"server\\\":\\\"db_tiuxmgttks\\\"}]\":\"{\\\"transaction_id\\\":null,\\\"lsn_proc\\\":26216544,\\\"messageType\\\":\\\"INSERT\\\",\\\"lsn_commit\\\":26216544,\\\"lsn\\\":26216544,\\\"txId\\\":12529,\\\"ts_usec\\\":1684591982624101}\"}"}}
{"type":"LOG","log":{"level":"INFO","message":"INFO i.a.i.d.i.DebeziumStateDecoratingIterator(computeNext):135 Sending CDC checkpoint state message."}}
{"type":"LOG","log":{"level":"INFO","message":"INFO i.a.i.s.p.PostgresCdcStateHandler(saveState):37 debezium state: {\"[\\\"db_tiuxmgttks\\\",{\\\"server\\\":\\\"db_tiuxmgttks\\\"}]\":\"{\\\"transaction_id\\\":null,\\\"lsn_proc\\\":26426728,\\\"messageType\\\":\\\"INSERT\\\",\\\"lsn_commit\\\":26426728,\\\"lsn\\\":26426728,\\\"txId\\\":13640,\\\"ts_usec\\\":1684592014574784}\"}"}}
{"type":"LOG","log":{"level":"INFO","message":"INFO i.a.i.d.i.DebeziumStateDecoratingIterator(computeNext):135 Sending CDC checkpoint state message."}}
{"type":"LOG","log":{"level":"INFO","message":"INFO i.a.i.s.p.PostgresCdcStateHandler(saveState):37 debezium state: {\"[\\\"db_tiuxmgttks\\\",{\\\"server\\\":\\\"db_tiuxmgttks\\\"}]\":\"{\\\"transaction_id\\\":null,\\\"lsn_proc\\\":26633984,\\\"messageType\\\":\\\"INSERT\\\",\\\"lsn_commit\\\":26633984,\\\"lsn\\\":26633984,\\\"txId\\\":14750,\\\"ts_usec\\\":1684592046847293}\"}"}}
{"type":"LOG","log":{"level":"INFO","message":"INFO i.a.i.d.i.DebeziumStateDecoratingIterator(computeNext):135 Sending CDC checkpoint state message."}}
{"type":"LOG","log":{"level":"INFO","message":"INFO i.a.i.s.p.PostgresCdcStateHandler(saveState):37 debezium state: {\"[\\\"db_tiuxmgttks\\\",{\\\"server\\\":\\\"db_tiuxmgttks\\\"}]\":\"{\\\"transaction_id\\\":null,\\\"lsn_proc\\\":26847504,\\\"messageType\\\":\\\"INSERT\\\",\\\"lsn_commit\\\":26847504,\\\"lsn\\\":26847504,\\\"txId\\\":15861,\\\"ts_usec\\\":1684592080449876}\"}"}}
{"type":"LOG","log":{"level":"INFO","message":"INFO i.a.i.d.i.DebeziumStateDecoratingIterator(computeNext):135 Sending CDC checkpoint state message."}}
{"type":"LOG","log":{"level":"INFO","message":"INFO i.a.i.s.p.PostgresCdcStateHandler(saveState):37 debezium state: {\"[\\\"db_tiuxmgttks\\\",{\\\"server\\\":\\\"db_tiuxmgttks\\\"}]\":\"{\\\"transaction_id\\\":null,\\\"lsn_proc\\\":27054736,\\\"messageType\\\":\\\"INSERT\\\",\\\"lsn_commit\\\":27054736,\\\"lsn\\\":27054736,\\\"txId\\\":16971,\\\"ts_usec\\\":1684592114316508}\"}"}}
{"type":"LOG","log":{"level":"INFO","message":"INFO i.a.i.d.i.DebeziumStateDecoratingIterator(computeNext):135 Sending CDC checkpoint state message."}}
{"type":"LOG","log":{"level":"INFO","message":"INFO i.a.i.s.p.PostgresCdcStateHandler(saveState):37 debezium state: {\"[\\\"db_tiuxmgttks\\\",{\\\"server\\\":\\\"db_tiuxmgttks\\\"}]\":\"{\\\"transaction_id\\\":null,\\\"lsn_proc\\\":27226288,\\\"messageType\\\":\\\"INSERT\\\",\\\"lsn_commit\\\":27226288,\\\"lsn\\\":27226288,\\\"txId\\\":17873,\\\"ts_usec\\\":1684592140734076}\"}"}}
{"type":"LOG","log":{"level":"INFO","message":"INFO i.a.i.d.i.DebeziumStateDecoratingIterator(computeNext):135 Sending CDC checkpoint state message."}}
{"type":"LOG","log":{"level":"INFO","message":"INFO i.a.i.s.p.PostgresCdcStateHandler(saveState):37 debezium state: {\"[\\\"db_tiuxmgttks\\\",{\\\"server\\\":\\\"db_tiuxmgttks\\\"}]\":\"{\\\"transaction_id\\\":null,\\\"lsn_proc\\\":27264864,\\\"messageType\\\":\\\"INSERT\\\",\\\"lsn_commit\\\":27264864,\\\"lsn\\\":27264864,\\\"txId\\\":18082,\\\"ts_usec\\\":1684592146800233}\"}"}}
{"type":"LOG","log":{"level":"INFO","message":"INFO i.a.i.d.i.DebeziumStateDecoratingIterator(computeNext):135 Sending CDC checkpoint state message."}}
{"type":"LOG","log":{"level":"INFO","message":"INFO i.a.i.s.p.PostgresCdcStateHandler(saveState):37 debezium state: {\"[\\\"db_tiuxmgttks\\\",{\\\"server\\\":\\\"db_tiuxmgttks\\\"}]\":\"{\\\"transaction_id\\\":null,\\\"lsn_proc\\\":27472096,\\\"messageType\\\":\\\"INSERT\\\",\\\"lsn_commit\\\":27472096,\\\"lsn\\\":27472096,\\\"txId\\\":19192,\\\"ts_usec\\\":1684592178538904}\"}"}}
{"type":"LOG","log":{"level":"INFO","message":"INFO i.a.i.d.i.DebeziumStateDecoratingIterator(computeNext):135 Sending CDC checkpoint state message."}}
{"type":"LOG","log":{"level":"INFO","message":"INFO i.a.i.s.p.PostgresCdcStateHandler(saveState):37 debezium state: {\"[\\\"db_tiuxmgttks\\\",{\\\"server\\\":\\\"db_tiuxmgttks\\\"}]\":\"{\\\"transaction_id\\\":null,\\\"lsn_proc\\\":27682224,\\\"messageType\\\":\\\"INSERT\\\",\\\"lsn_commit\\\":27682224,\\\"lsn\\\":27682224,\\\"txId\\\":20303,\\\"ts_usec\\\":1684592210853375}\"}"}}
{"type":"LOG","log":{"level":"INFO","message":"INFO i.d.c.c.BaseSourceTask(logStatistics):195 11312 records sent during previous 00:00:15.751, last recorded offset of {server=db_tiuxmgttks} partition is {transaction_id=null, lsn_proc=27721984, messageType=INSERT, lsn_commit=27721984, lsn=27721984, txId=20513, ts_usec=1684592216869852}"}}
{"type":"LOG","log":{"level":"INFO","message":"INFO i.a.i.d.i.DebeziumRecordIterator(requestClose):208 Closing: Heartbeat indicates sync is done"}}
{"type":"LOG","log":{"level":"INFO","message":"INFO i.d.e.EmbeddedEngine(stop):1146 Stopping the embedded engine"}}
{"type":"LOG","log":{"level":"INFO","message":"INFO i.d.e.EmbeddedEngine(stop):1153 Waiting for PT5M for connector to stop"}}
{"type":"LOG","log":{"level":"INFO","message":"INFO i.d.e.EmbeddedEngine(run):944 Stopping the task and engine"}}
{"type":"LOG","log":{"level":"INFO","message":"INFO i.d.c.c.BaseSourceTask(stop):278 Stopping down connector"}}
{"type":"LOG","log":{"level":"INFO","message":"INFO i.d.j.JdbcConnection(lambda$doClose$4):947 Connection gracefully closed"}}
{"type":"LOG","log":{"level":"INFO","message":"INFO i.d.j.JdbcConnection(lambda$doClose$4):947 Connection gracefully closed"}}
{"type":"LOG","log":{"level":"INFO","message":"INFO i.d.p.ChangeEventSourceCoordinator(streamEvents):175 Finished streaming"}}
{"type":"LOG","log":{"level":"INFO","message":"INFO i.d.p.ChangeEventSourceCoordinator(streamingConnected):240 Connected metrics set to 'false'"}}
{"type":"LOG","log":{"level":"INFO","message":"INFO o.a.k.c.s.FileOffsetBackingStore(stop):66 Stopped FileOffsetBackingStore"}}
{"type":"LOG","log":{"level":"INFO","message":"INFO i.a.i.d.i.DebeziumRecordPublisher(lambda$start$1):73 Debezium engine shutdown."}}
{"type":"LOG","log":{"level":"INFO","message":"INFO i.a.i.d.i.DebeziumRecordPublisher(lambda$start$1):74 Connector 'io.debezium.connector.postgresql.PostgresConnector' completed normally."}}
{"type":"LOG","log":{"level":"INFO","message":"INFO i.a.i.s.p.PostgresCdcStateHandler(saveState):37 debezium state: {\"[\\\"db_tiuxmgttks\\\",{\\\"server\\\":\\\"db_tiuxmgttks\\\"}]\":\"{\\\"transaction_id\\\":null,\\\"lsn_proc\\\":27721984,\\\"messageType\\\":\\\"INSERT\\\",\\\"lsn_commit\\\":27721984,\\\"lsn\\\":27721984,\\\"txId\\\":20513,\\\"ts_usec\\\":1684592216869852}\"}"}}
{"type":"LOG","log":{"level":"INFO","message":"INFO i.a.i.s.r.AbstractDbSource(lambda$read$1):173 Closing database connection pool."}}
{"type":"LOG","log":{"level":"INFO","message":"INFO c.z.h.HikariDataSource(close):350 HikariPool-54 - Shutdown initiated..."}}
{"type":"LOG","log":{"level":"INFO","message":"INFO c.z.h.HikariDataSource(close):352 HikariPool-54 - Shutdown completed."}}
{"type":"LOG","log":{"level":"INFO","message":"INFO i.a.i.s.r.AbstractDbSource(lambda$read$1):175 Closed database connection pool."}}
{"type":"LOG","log":{"level":"INFO","message":"INFO o.t.c.GenericContainer(tryStart):376 Creating container for image: debezium/postgres:13-alpine"}}
{"type":"LOG","log":{"level":"INFO","message":"INFO o.t.c.GenericContainer(tryStart):440 Container debezium/postgres:13-alpine is starting: 62d47621897c42922728edc10cad385f68110290ddb5ab36d8ef3874aef65d75"}}
{"type":"LOG","log":{"level":"INFO","message":"INFO o.t.c.GenericContainer(tryStart):520 Container debezium/postgres:13-alpine started in PT5.200333S"}}
{"type":"LOG","log":{"level":"INFO","message":"INFO c.z.h.HikariDataSource(<init>):80 HikariPool-55 - Starting..."}}
{"type":"LOG","log":{"level":"INFO","message":"INFO c.z.h.HikariDataSource(<init>):82 HikariPool-55 - Start completed."}}
{"type":"LOG","log":{"level":"INFO","message":"INFO i.a.i.s.p.PostgresUtils(isCdc):53 using CDC: true"}}
{"type":"LOG","log":{"level":"INFO","message":"INFO i.a.i.s.r.s.StateManagerFactory(createStateManager):51 Global state manager selected to manage state object with type GLOBAL."}}
{"type":"LOG","log":{"level":"INFO","message":"INFO i.a.i.s.r.s.CursorManager(createCursorInfoForStream):182 No cursor field set in catalog but not present in state. Stream: models_schema_models, New Cursor Field: null. Resetting cursor value"}}
{"type":"LOG","log":{"level":"INFO","message":"INFO i.a.i.s.r.CdcStateManager(<init>):29 Initialized CDC state with: io.airbyte.integrations.source.relationaldb.models.CdcState@65209f9b[state=<null>,additionalProperties={}]"}}
{"type":"LOG","log":{"level":"INFO","message":"INFO c.z.h.HikariDataSource(<init>):80 HikariPool-56 - Starting..."}}
{"type":"LOG","log":{"level":"INFO","message":"INFO c.z.h.HikariDataSource(<init>):82 HikariPool-56 - Start completed."}}
{"type":"LOG","log":{"level":"INFO","message":"INFO i.a.i.s.p.PostgresUtils(isCdc):53 using CDC: true"}}
{"type":"LOG","log":{"level":"INFO","message":"INFO i.a.d.j.s.AdaptiveStreamingQueryConfig(initialize):31 Set initial fetch size: 10 rows"}}
{"type":"LOG","log":{"level":"INFO","message":"INFO i.a.i.s.p.PostgresCdcCatalogHelper(getPublicizedTables):119 For CDC, only tables in publication publication will be included in the sync: [models_schema.models, models_schema_random.models_random]"}}
{"type":"LOG","log":{"level":"INFO","message":"INFO i.a.i.s.j.AbstractJdbcSource(logPreSyncDebugData):450 Data source product recognized as PostgreSQL:13.11"}}
{"type":"LOG","log":{"level":"INFO","message":"INFO i.a.i.s.p.PostgresSource(logPreSyncDebugData):221 Discovering indexes for schema \"models_schema\", table \"models\""}}
{"type":"LOG","log":{"level":"INFO","message":"INFO i.a.i.s.p.PostgresSource(logPreSyncDebugData):223 Index name: models_pkey, Column: id, Unique: true"}}
{"type":"LOG","log":{"level":"INFO","message":"INFO i.a.i.s.p.PostgresQueryUtils(logXminStatus):77 Xmin Status : {Number of wraparounds: 0, Xmin Transaction Value: 505, Xmin Raw Value: 505"}}
{"type":"LOG","log":{"level":"INFO","message":"INFO i.a.i.s.j.AbstractJdbcSource(discoverInternal):166 Internal schemas to exclude: [catalog_history, information_schema, pg_catalog, pg_internal]"}}
{"type":"LOG","log":{"level":"INFO","message":"INFO i.a.d.j.s.AdaptiveStreamingQueryConfig(initialize):31 Set initial fetch size: 10 rows"}}
{"type":"LOG","log":{"level":"INFO","message":"INFO i.a.i.s.j.AbstractJdbcSource(discoverInternal):166 Internal schemas to exclude: [catalog_history, information_schema, pg_catalog, pg_internal]"}}
{"type":"LOG","log":{"level":"INFO","message":"INFO i.a.d.j.s.AdaptiveStreamingQueryConfig(initialize):31 Set initial fetch size: 10 rows"}}
{"type":"LOG","log":{"level":"INFO","message":"INFO i.a.i.s.p.PostgresUtils(isCdc):53 using CDC: true"}}
{"type":"LOG","log":{"level":"INFO","message":"INFO i.a.i.s.p.PostgresUtils(getFirstRecordWaitTime):111 First record waiting time: 30 seconds"}}
{"type":"LOG","log":{"level":"INFO","message":"INFO i.a.i.s.p.PostgresSource(getIncrementalIterators):369 First record waiting time: 30 seconds"}}
{"type":"LOG","log":{"level":"INFO","message":"INFO i.a.i.s.p.PostgresUtils(shouldFlushAfterSync):61 Should flush after sync: false"}}
{"type":"LOG","log":{"level":"INFO","message":"INFO o.a.k.c.c.AbstractConfig(logAll):376 StandaloneConfig values: \n\taccess.control.allow.methods = \n\taccess.control.allow.origin = \n\tadmin.listeners = null\n\tauto.include.jmx.reporter = true\n\tbootstrap.servers = [localhost:9092]\n\tclient.dns.lookup = use_all_dns_ips\n\tconfig.providers = []\n\tconnector.client.config.override.policy = All\n\theader.converter = class org.apache.kafka.connect.storage.SimpleHeaderConverter\n\tkey.converter = class org.apache.kafka.connect.json.JsonConverter\n\tlisteners = [http://:8083]\n\tmetric.reporters = []\n\tmetrics.num.samples = 2\n\tmetrics.recording.level = INFO\n\tmetrics.sample.window.ms = 30000\n\toffset.flush.interval.ms = 1000\n\toffset.flush.timeout.ms = 5000\n\toffset.storage.file.filename = /tmp/cdc-state-offset340217383806166963/offset.dat\n\tplugin.path = null\n\tresponse.http.headers.config = \n\trest.advertised.host.name = null\n\trest.advertised.listener = null\n\trest.advertised.port = null\n\trest.extension.classes = []\n\tssl.cipher.suites = null\n\tssl.client.auth = none\n\tssl.enabled.protocols = [TLSv1.2, TLSv1.3]\n\tssl.endpoint.identification.algorithm = https\n\tssl.engine.factory.class = null\n\tssl.key.password = null\n\tssl.keymanager.algorithm = SunX509\n\tssl.keystore.certificate.chain = null\n\tssl.keystore.key = null\n\tssl.keystore.location = null\n\tssl.keystore.password = null\n\tssl.keystore.type = JKS\n\tssl.protocol = TLSv1.3\n\tssl.provider = null\n\tssl.secure.random.implementation = null\n\tssl.trustmanager.algorithm = PKIX\n\tssl.truststore.certificates = null\n\tssl.truststore.location = null\n\tssl.truststore.password = null\n\tssl.truststore.type = JKS\n\ttask.shutdown.graceful.timeout.ms = 5000\n\ttopic.creation.enable = true\n\ttopic.tracking.allow.reset = true\n\ttopic.tracking.enable = true\n\tvalue.converter = class org.apache.kafka.connect.json.JsonConverter\n"}}
{"type":"LOG","log":{"level":"WARN","message":"WARN o.a.k.c.r.WorkerConfig(logPluginPathConfigProviderWarning):379 Variables cannot be used in the 'plugin.path' property, since the property is used by plugin scanning before the config providers that replace the variables are initialized. The raw value 'null' was used for plugin scanning, as opposed to the transformed value 'null', and this may cause unexpected results."}}
{"type":"LOG","log":{"level":"INFO","message":"INFO o.a.k.c.s.FileOffsetBackingStore(start):58 Starting FileOffsetBackingStore with file /tmp/cdc-state-offset340217383806166963/offset.dat"}}
{"type":"LOG","log":{"level":"INFO","message":"INFO o.a.k.c.c.AbstractConfig(logAll):376 JsonConverterConfig values: \n\tconverter.type = key\n\tdecimal.format = BASE64\n\tschemas.cache.size = 1000\n\tschemas.enable = false\n"}}
{"type":"LOG","log":{"level":"INFO","message":"INFO o.a.k.c.c.AbstractConfig(logAll):376 JsonConverterConfig values: \n\tconverter.type = value\n\tdecimal.format = BASE64\n\tschemas.cache.size = 1000\n\tschemas.enable = false\n"}}
{"type":"LOG","log":{"level":"INFO","message":"INFO i.a.i.d.i.p.PostgresDebeziumStateUtil(extractLsn):206 No previous offsets found"}}
{"type":"LOG","log":{"level":"INFO","message":"INFO i.a.i.d.i.p.PostgresDebeziumStateUtil(parseSavedOffset):181 Closing offsetStorageReader and fileOffsetBackingStore"}}
{"type":"LOG","log":{"level":"INFO","message":"INFO o.a.k.c.s.FileOffsetBackingStore(stop):66 Stopped FileOffsetBackingStore"}}
{"type":"LOG","log":{"level":"INFO","message":"INFO i.a.i.s.p.PostgresSource(lambda$getReplicationSlot$4):296 Attempting to find the named replication slot using the query: HikariProxyPreparedStatement@694886538 wrapping SELECT * FROM pg_replication_slots WHERE slot_name = 'debezium_slot_db_kqoclebyqc' AND plugin = 'pgoutput' AND database = 'db_kqoclebyqc'"}}
{"type":"LOG","log":{"level":"INFO","message":"INFO i.a.d.j.s.AdaptiveStreamingQueryConfig(initialize):31 Set initial fetch size: 10 rows"}}
{"type":"LOG","log":{"level":"INFO","message":"INFO i.a.i.s.p.PostgresUtils(shouldFlushAfterSync):61 Should flush after sync: false"}}
{"type":"LOG","log":{"level":"INFO","message":"INFO i.a.i.d.i.p.PostgresCdcTargetPosition(targetPosition):49 identified target lsn: PgLsn{lsn=23903320}"}}
{"type":"LOG","log":{"level":"INFO","message":"INFO i.a.i.s.p.PostgresUtils(shouldFlushAfterSync):61 Should flush after sync: false"}}
{"type":"LOG","log":{"level":"INFO","message":"INFO i.a.i.d.AirbyteDebeziumHandler(getIncrementalIterators):95 Using CDC: true"}}
{"type":"LOG","log":{"level":"INFO","message":"INFO o.a.k.c.c.AbstractConfig(logAll):376 JsonConverterConfig values: \n\tconverter.type = key\n\tdecimal.format = BASE64\n\tschemas.cache.size = 1000\n\tschemas.enable = false\n"}}
{"type":"LOG","log":{"level":"INFO","message":"INFO o.a.k.c.c.AbstractConfig(logAll):376 JsonConverterConfig values: \n\tconverter.type = value\n\tdecimal.format = BASE64\n\tschemas.cache.size = 1000\n\tschemas.enable = false\n"}}
{"type":"LOG","log":{"level":"INFO","message":"INFO o.a.k.c.c.AbstractConfig(logAll):376 EmbeddedConfig values: \n\taccess.control.allow.methods = \n\taccess.control.allow.origin = \n\tadmin.listeners = null\n\tauto.include.jmx.reporter = true\n\tbootstrap.servers = [localhost:9092]\n\tclient.dns.lookup = use_all_dns_ips\n\tconfig.providers = []\n\tconnector.client.config.override.policy = All\n\theader.converter = class org.apache.kafka.connect.storage.SimpleHeaderConverter\n\tkey.converter = class org.apache.kafka.connect.json.JsonConverter\n\tlisteners = [http://:8083]\n\tmetric.reporters = []\n\tmetrics.num.samples = 2\n\tmetrics.recording.level = INFO\n\tmetrics.sample.window.ms = 30000\n\toffset.flush.interval.ms = 1000\n\toffset.flush.timeout.ms = 5000\n\toffset.storage.file.filename = /tmp/cdc-state-offset1427182686825855120/offset.dat\n\toffset.storage.partitions = null\n\toffset.storage.replication.factor = null\n\toffset.storage.topic = \n\tplugin.path = null\n\tresponse.http.headers.config = \n\trest.advertised.host.name = null\n\trest.advertised.listener = null\n\trest.advertised.port = null\n\trest.extension.classes = []\n\tssl.cipher.suites = null\n\tssl.client.auth = none\n\tssl.enabled.protocols = [TLSv1.2, TLSv1.3]\n\tssl.endpoint.identification.algorithm = https\n\tssl.engine.factory.class = null\n\tssl.key.password = null\n\tssl.keymanager.algorithm = SunX509\n\tssl.keystore.certificate.chain = null\n\tssl.keystore.key = null\n\tssl.keystore.location = null\n\tssl.keystore.password = null\n\tssl.keystore.type = JKS\n\tssl.protocol = TLSv1.3\n\tssl.provider = null\n\tssl.secure.random.implementation = null\n\tssl.trustmanager.algorithm = PKIX\n\tssl.truststore.certificates = null\n\tssl.truststore.location = null\n\tssl.truststore.password = null\n\tssl.truststore.type = JKS\n\ttask.shutdown.graceful.timeout.ms = 5000\n\ttopic.creation.enable = true\n\ttopic.tracking.allow.reset = true\n\ttopic.tracking.enable = true\n\tvalue.converter = class org.apache.kafka.connect.json.JsonConverter\n"}}
{"type":"LOG","log":{"level":"WARN","message":"WARN o.a.k.c.r.WorkerConfig(logPluginPathConfigProviderWarning):379 Variables cannot be used in the 'plugin.path' property, since the property is used by plugin scanning before the config providers that replace the variables are initialized. The raw value 'null' was used for plugin scanning, as opposed to the transformed value 'null', and this may cause unexpected results."}}
{"type":"LOG","log":{"level":"INFO","message":"INFO o.a.k.c.c.AbstractConfig(logAll):376 JsonConverterConfig values: \n\tconverter.type = key\n\tdecimal.format = BASE64\n\tschemas.cache.size = 1000\n\tschemas.enable = false\n"}}
{"type":"LOG","log":{"level":"INFO","message":"INFO o.a.k.c.c.AbstractConfig(logAll):376 JsonConverterConfig values: \n\tconverter.type = value\n\tdecimal.format = BASE64\n\tschemas.cache.size = 1000\n\tschemas.enable = false\n"}}
{"type":"LOG","log":{"level":"INFO","message":"INFO i.d.c.p.PostgresConnector(testConnection):154 Successfully tested connection for jdbc:postgresql://localhost:56387/db_kqoclebyqc with user 'test'"}}
{"type":"LOG","log":{"level":"INFO","message":"INFO i.d.j.JdbcConnection(lambda$doClose$4):947 Connection gracefully closed"}}
{"type":"LOG","log":{"level":"INFO","message":"INFO o.a.k.c.s.FileOffsetBackingStore(start):58 Starting FileOffsetBackingStore with file /tmp/cdc-state-offset1427182686825855120/offset.dat"}}
{"type":"LOG","log":{"level":"INFO","message":"INFO i.d.c.c.BaseSourceTask(start):124 Starting PostgresConnectorTask with configuration:"}}
{"type":"LOG","log":{"level":"INFO","message":"INFO i.d.c.c.BaseSourceTask(lambda$start$0):126    connector.class = io.debezium.connector.postgresql.PostgresConnector"}}
{"type":"LOG","log":{"level":"INFO","message":"INFO i.d.c.c.BaseSourceTask(lambda$start$0):126    max.queue.size = 8192"}}
{"type":"LOG","log":{"level":"INFO","message":"INFO i.d.c.c.BaseSourceTask(lambda$start$0):126    slot.name = debezium_slot_db_kqoclebyqc"}}
{"type":"LOG","log":{"level":"INFO","message":"INFO i.d.c.c.BaseSourceTask(lambda$start$0):126    publication.name = publication"}}
{"type":"LOG","log":{"level":"INFO","message":"INFO i.d.c.c.BaseSourceTask(lambda$start$0):126    topic.prefix = db_kqoclebyqc"}}
{"type":"LOG","log":{"level":"INFO","message":"INFO i.d.c.c.BaseSourceTask(lambda$start$0):126    offset.storage.file.filename = /tmp/cdc-state-offset1427182686825855120/offset.dat"}}
{"type":"LOG","log":{"level":"INFO","message":"INFO i.d.c.c.BaseSourceTask(lambda$start$0):126    decimal.handling.mode = string"}}
{"type":"LOG","log":{"level":"INFO","message":"INFO i.d.c.c.BaseSourceTask(lambda$start$0):126    converters = datetime"}}
{"type":"LOG","log":{"level":"INFO","message":"INFO i.d.c.c.BaseSourceTask(lambda$start$0):126    errors.retry.delay.initial.ms = 299"}}
{"type":"LOG","log":{"level":"INFO","message":"INFO i.d.c.c.BaseSourceTask(lambda$start$0):126    datetime.type = io.airbyte.integrations.debezium.internals.postgres.PostgresConverter"}}
{"type":"LOG","log":{"level":"INFO","message":"INFO i.d.c.c.BaseSourceTask(lambda$start$0):126    value.converter = org.apache.kafka.connect.json.JsonConverter"}}
{"type":"LOG","log":{"level":"INFO","message":"INFO i.d.c.c.BaseSourceTask(lambda$start$0):126    key.converter = org.apache.kafka.connect.json.JsonConverter"}}
{"type":"LOG","log":{"level":"INFO","message":"INFO i.d.c.c.BaseSourceTask(lambda$start$0):126    publication.autocreate.mode = disabled"}}
{"type":"LOG","log":{"level":"INFO","message":"INFO i.d.c.c.BaseSourceTask(lambda$start$0):126    database.user = test"}}
{"type":"LOG","log":{"level":"INFO","message":"INFO i.d.c.c.BaseSourceTask(lambda$start$0):126    database.dbname = db_kqoclebyqc"}}
{"type":"LOG","log":{"level":"INFO","message":"INFO i.d.c.c.BaseSourceTask(lambda$start$0):126    offset.storage = org.apache.kafka.connect.storage.FileOffsetBackingStore"}}
{"type":"LOG","log":{"level":"INFO","message":"INFO i.d.c.c.BaseSourceTask(lambda$start$0):126    errors.retry.delay.max.ms = 300"}}
{"type":"LOG","log":{"level":"INFO","message":"INFO i.d.c.c.BaseSourceTask(lambda$start$0):126    offset.flush.timeout.ms = 5000"}}
{"type":"LOG","log":{"level":"INFO","message":"INFO i.d.c.c.BaseSourceTask(lambda$start$0):126    heartbeat.interval.ms = 10000"}}
{"type":"LOG","log":{"level":"INFO","message":"INFO i.d.c.c.BaseSourceTask(lambda$start$0):126    column.include.list = \\Qmodels_schema.models\\E\\.(\\Qmodel\\E|\\Qid\\E|\\Qmake_id\\E)"}}
{"type":"LOG","log":{"level":"INFO","message":"INFO i.d.c.c.BaseSourceTask(lambda$start$0):126    plugin.name = pgoutput"}}
{"type":"LOG","log":{"level":"INFO","message":"INFO i.d.c.c.BaseSourceTask(lambda$start$0):126    database.port = 56387"}}
{"type":"LOG","log":{"level":"INFO","message":"INFO i.d.c.c.BaseSourceTask(lambda$start$0):126    offset.flush.interval.ms = 1000"}}
{"type":"LOG","log":{"level":"INFO","message":"INFO i.d.c.c.BaseSourceTask(lambda$start$0):126    key.converter.schemas.enable = false"}}
{"type":"LOG","log":{"level":"INFO","message":"INFO i.d.c.c.BaseSourceTask(lambda$start$0):126    include.unknown.datatypes = true"}}
{"type":"LOG","log":{"level":"INFO","message":"INFO i.d.c.c.BaseSourceTask(lambda$start$0):126    errors.max.retries = 10"}}
{"type":"LOG","log":{"level":"INFO","message":"INFO i.d.c.c.BaseSourceTask(lambda$start$0):126    database.hostname = localhost"}}
{"type":"LOG","log":{"level":"INFO","message":"INFO i.d.c.c.BaseSourceTask(lambda$start$0):126    database.password = ********"}}
{"type":"LOG","log":{"level":"INFO","message":"INFO i.d.c.c.BaseSourceTask(lambda$start$0):126    value.converter.schemas.enable = false"}}
{"type":"LOG","log":{"level":"INFO","message":"INFO i.d.c.c.BaseSourceTask(lambda$start$0):126    name = db_kqoclebyqc"}}
{"type":"LOG","log":{"level":"INFO","message":"INFO i.d.c.c.BaseSourceTask(lambda$start$0):126    max.batch.size = 2048"}}
{"type":"LOG","log":{"level":"INFO","message":"INFO i.d.c.c.BaseSourceTask(lambda$start$0):126    table.include.list = \\Qmodels_schema.models\\E"}}
{"type":"LOG","log":{"level":"INFO","message":"INFO i.d.c.c.BaseSourceTask(lambda$start$0):126    snapshot.mode = initial"}}
{"type":"LOG","log":{"level":"INFO","message":"INFO i.d.c.c.BaseSourceTask(startIfNeededAndPossible):243 Attempting to start task"}}
{"type":"LOG","log":{"level":"INFO","message":"INFO i.d.c.CommonConnectorConfig(getTopicNamingStrategy):849 Loading the custom topic naming strategy plugin: io.debezium.schema.SchemaTopicNamingStrategy"}}
{"type":"LOG","log":{"level":"INFO","message":"INFO i.d.j.JdbcConnection(lambda$doClose$4):947 Connection gracefully closed"}}
{"type":"LOG","log":{"level":"INFO","message":"INFO i.d.c.c.BaseSourceTask(getPreviousOffsets):375 No previous offsets found"}}
{"type":"LOG","log":{"level":"INFO","message":"INFO i.d.c.p.PostgresConnectorTask(start):113 user 'test' connected to database 'db_kqoclebyqc' on PostgreSQL 13.11 on x86_64-pc-linux-musl, compiled by gcc (Alpine 12.2.1_git20220924-r10) 12.2.1 20220924, 64-bit with roles:\n\trole 'pg_read_all_settings' [superuser: false, replication: false, inherit: true, create role: false, create db: false, can log in: false]\n\trole 'pg_stat_scan_tables' [superuser: false, replication: false, inherit: true, create role: false, create db: false, can log in: false]\n\trole 'pg_write_server_files' [superuser: false, replication: false, inherit: true, create role: false, create db: false, can log in: false]\n\trole 'test' [superuser: true, replication: true, inherit: true, create role: true, create db: true, can log in: true]\n\trole 'pg_monitor' [superuser: false, replication: false, inherit: true, create role: false, create db: false, can log in: false]\n\trole 'pg_read_server_files' [superuser: false, replication: false, inherit: true, create role: false, create db: false, can log in: false]\n\trole 'pg_execute_server_program' [superuser: false, replication: false, inherit: true, create role: false, create db: false, can log in: false]\n\trole 'pg_read_all_stats' [superuser: false, replication: false, inherit: true, create role: false, create db: false, can log in: false]\n\trole 'pg_signal_backend' [superuser: false, replication: false, inherit: true, create role: false, create db: false, can log in: false]"}}
{"type":"LOG","log":{"level":"INFO","message":"INFO i.d.c.p.c.PostgresConnection(readReplicationSlotInfo):264 Obtained valid replication slot ReplicationSlot [active=false, latestFlushedLsn=LSN{0/16CB9D0}, catalogXmin=504]"}}
{"type":"LOG","log":{"level":"INFO","message":"INFO i.d.c.p.PostgresConnectorTask(start):122 No previous offset found"}}
{"type":"LOG","log":{"level":"INFO","message":"INFO i.d.u.Threads(threadFactory):270 Requested thread factory for connector PostgresConnector, id = db_kqoclebyqc named = change-event-source-coordinator"}}
{"type":"LOG","log":{"level":"INFO","message":"INFO i.d.u.Threads$3(newThread):287 Creating thread debezium-postgresconnector-db_kqoclebyqc-change-event-source-coordinator"}}
{"type":"LOG","log":{"level":"INFO","message":"INFO i.d.c.c.BaseSourceTask(startIfNeededAndPossible):245 Successfully started task"}}
{"type":"LOG","log":{"level":"INFO","message":"INFO i.d.p.ChangeEventSourceCoordinator(lambda$start$0):103 Metrics registered"}}
{"type":"LOG","log":{"level":"INFO","message":"INFO i.d.p.ChangeEventSourceCoordinator(lambda$start$0):106 Context created"}}
{"type":"LOG","log":{"level":"INFO","message":"INFO i.d.c.p.s.InitialSnapshotter(shouldSnapshot):34 Taking initial snapshot for new datasource"}}
{"type":"LOG","log":{"level":"INFO","message":"INFO i.d.c.p.PostgresSnapshotChangeEventSource(getSnapshottingTask):65 According to the connector configuration data will be snapshotted"}}
{"type":"LOG","log":{"level":"INFO","message":"INFO i.d.r.RelationalSnapshotChangeEventSource(doExecute):110 Snapshot step 1 - Preparing"}}
{"type":"LOG","log":{"level":"INFO","message":"INFO i.d.r.RelationalSnapshotChangeEventSource(doExecute):119 Snapshot step 2 - Determining captured tables"}}
{"type":"LOG","log":{"level":"INFO","message":"INFO i.d.r.RelationalSnapshotChangeEventSource(determineCapturedTables):267 Adding table models_schema.models to the list of capture schema tables"}}
{"type":"LOG","log":{"level":"INFO","message":"INFO i.d.r.RelationalSnapshotChangeEventSource(determineCapturedTables):267 Adding table models_schema_random.models_random to the list of capture schema tables"}}
{"type":"LOG","log":{"level":"INFO","message":"INFO i.d.r.RelationalSnapshotChangeEventSource(doExecute):126 Snapshot step 3 - Locking captured tables [models_schema.models]"}}
{"type":"LOG","log":{"level":"INFO","message":"INFO i.d.r.RelationalSnapshotChangeEventSource(doExecute):132 Snapshot step 4 - Determining snapshot offset"}}
{"type":"LOG","log":{"level":"INFO","message":"INFO i.d.c.p.PostgresOffsetContext(initialContext):233 Creating initial offset context"}}
{"type":"LOG","log":{"level":"INFO","message":"INFO i.d.c.p.PostgresOffsetContext(initialContext):236 Read xlogStart at 'LSN{0/16CBC58}' from transaction '505'"}}
{"type":"LOG","log":{"level":"INFO","message":"INFO i.d.c.p.PostgresSnapshotChangeEventSource(updateOffsetForSnapshot):147 Read xlogStart at 'LSN{0/16CBC58}' from transaction '505'"}}
{"type":"LOG","log":{"level":"INFO","message":"INFO i.d.r.RelationalSnapshotChangeEventSource(doExecute):135 Snapshot step 5 - Reading structure of captured tables"}}
{"type":"LOG","log":{"level":"INFO","message":"INFO i.d.c.p.PostgresSnapshotChangeEventSource(readTableStructure):193 Reading structure of schema 'models_schema' of catalog 'db_kqoclebyqc'"}}
{"type":"LOG","log":{"level":"INFO","message":"INFO i.d.r.RelationalSnapshotChangeEventSource(doExecute):139 Snapshot step 5.a - Creating connection pool"}}
{"type":"LOG","log":{"level":"INFO","message":"INFO i.d.r.RelationalSnapshotChangeEventSource(createConnectionPool):213 Created connection pool with 1 threads"}}
{"type":"LOG","log":{"level":"INFO","message":"INFO i.d.r.RelationalSnapshotChangeEventSource(doExecute):144 Snapshot step 6 - Persisting schema history"}}
{"type":"LOG","log":{"level":"INFO","message":"INFO i.d.r.RelationalSnapshotChangeEventSource(doExecute):156 Snapshot step 7 - Snapshotting data"}}
{"type":"LOG","log":{"level":"INFO","message":"INFO i.d.r.RelationalSnapshotChangeEventSource(createDataEvents):390 Creating snapshot worker pool with 1 worker thread(s)"}}
{"type":"LOG","log":{"level":"INFO","message":"INFO i.d.r.RelationalSnapshotChangeEventSource(createDataEvents):399 For table 'models_schema.models' using select statement: 'SELECT \"id\", \"make_id\", \"model\" FROM \"models_schema\".\"models\"'"}}
{"type":"LOG","log":{"level":"INFO","message":"INFO i.d.r.RelationalSnapshotChangeEventSource(doCreateDataEventsForTable):513 Exporting data from table 'models_schema.models' (1 of 1 tables)"}}
{"type":"LOG","log":{"level":"INFO","message":"INFO i.d.r.RelationalSnapshotChangeEventSource(doCreateDataEventsForTable):559 \t Finished exporting 6 records for table 'models_schema.models' (1 of 1 tables); total duration '00:00:00.01'"}}
{"type":"LOG","log":{"level":"INFO","message":"INFO i.d.p.s.AbstractSnapshotChangeEventSource(execute):88 Snapshot - Final stage"}}
{"type":"LOG","log":{"level":"INFO","message":"INFO i.d.p.s.AbstractSnapshotChangeEventSource(execute):92 Snapshot completed"}}
{"type":"LOG","log":{"level":"INFO","message":"INFO i.d.p.ChangeEventSourceCoordinator(doSnapshot):156 Snapshot ended with SnapshotResult [status=COMPLETED, offset=PostgresOffsetContext [sourceInfoSchema=Schema{io.debezium.connector.postgresql.Source:STRUCT}, sourceInfo=source_info[server='db_kqoclebyqc'db='db_kqoclebyqc', lsn=LSN{0/16CBC58}, txId=505, timestamp=2023-05-20T14:17:36.448742Z, snapshot=FALSE, schema=models_schema, table=models], lastSnapshotRecord=true, lastCompletelyProcessedLsn=null, lastCommitLsn=null, streamingStoppingLsn=null, transactionContext=TransactionContext [currentTransactionId=null, perTableEventCount={}, totalEventCount=0], incrementalSnapshotContext=IncrementalSnapshotContext [windowOpened=false, chunkEndPosition=null, dataCollectionsToSnapshot=[], lastEventKeySent=null, maximumKey=null]]]"}}
{"type":"LOG","log":{"level":"INFO","message":"INFO i.d.p.ChangeEventSourceCoordinator(streamingConnected):240 Connected metrics set to 'true'"}}
{"type":"LOG","log":{"level":"INFO","message":"INFO i.d.c.p.PostgresSchema(printReplicaIdentityInfo):100 REPLICA IDENTITY for 'models_schema.models' is 'DEFAULT'; UPDATE and DELETE events will contain previous values only for PK columns"}}
{"type":"LOG","log":{"level":"INFO","message":"INFO i.d.p.ChangeEventSourceCoordinator(streamEvents):173 Starting streaming"}}
{"type":"LOG","log":{"level":"INFO","message":"INFO i.d.c.p.PostgresStreamingChangeEventSource(execute):136 Retrieved latest position from stored offset 'LSN{0/16CBC58}'"}}
{"type":"LOG","log":{"level":"INFO","message":"INFO i.d.c.p.c.WalPositionLocator(<init>):48 Looking for WAL restart position for last commit LSN 'null' and last change LSN 'LSN{0/16CBC58}'"}}
{"type":"LOG","log":{"level":"INFO","message":"INFO i.d.c.p.c.PostgresReplicationConnection(initPublication):147 Initializing PgOutput logical decoder publication"}}
{"type":"LOG","log":{"level":"INFO","message":"INFO i.d.c.p.c.PostgresConnection(readReplicationSlotInfo):264 Obtained valid replication slot ReplicationSlot [active=false, latestFlushedLsn=LSN{0/16CB9D0}, catalogXmin=504]"}}
{"type":"LOG","log":{"level":"INFO","message":"INFO i.d.j.JdbcConnection(lambda$doClose$4):947 Connection gracefully closed"}}
{"type":"LOG","log":{"level":"INFO","message":"INFO i.d.c.p.c.PostgresReplicationConnection(validateSlotIsInExpectedState):364 Seeking to LSN{0/16CBC58} on the replication slot with command SELECT pg_replication_slot_advance('debezium_slot_db_kqoclebyqc', '0/16CBC58')"}}
{"type":"LOG","log":{"level":"INFO","message":"INFO i.d.u.Threads(threadFactory):270 Requested thread factory for connector PostgresConnector, id = db_kqoclebyqc named = keep-alive"}}
{"type":"LOG","log":{"level":"INFO","message":"INFO i.d.u.Threads$3(newThread):287 Creating thread debezium-postgresconnector-db_kqoclebyqc-keep-alive"}}
{"type":"LOG","log":{"level":"INFO","message":"INFO i.d.c.p.PostgresSchema(printReplicaIdentityInfo):100 REPLICA IDENTITY for 'models_schema.models' is 'DEFAULT'; UPDATE and DELETE events will contain previous values only for PK columns"}}
{"type":"LOG","log":{"level":"INFO","message":"INFO i.d.c.p.PostgresStreamingChangeEventSource(searchWalPosition):327 Searching for WAL resume position"}}
{"type":"LOG","log":{"level":"INFO","message":"INFO i.a.i.d.i.p.PostgresCdcTargetPosition(reachedTargetPosition):61 Signalling close because Snapshot is complete"}}
{"type":"LOG","log":{"level":"INFO","message":"INFO i.a.i.d.i.DebeziumRecordIterator(requestClose):208 Closing: Change event reached target position"}}
{"type":"LOG","log":{"level":"INFO","message":"INFO i.d.e.EmbeddedEngine(stop):1146 Stopping the embedded engine"}}
{"type":"LOG","log":{"level":"INFO","message":"INFO i.d.e.EmbeddedEngine(stop):1153 Waiting for PT5M for connector to stop"}}
{"type":"LOG","log":{"level":"INFO","message":"INFO i.d.e.EmbeddedEngine(run):944 Stopping the task and engine"}}
{"type":"LOG","log":{"level":"INFO","message":"INFO i.d.c.c.BaseSourceTask(stop):278 Stopping down connector"}}
{"type":"LOG","log":{"level":"INFO","message":"INFO i.d.c.p.PostgresStreamingChangeEventSource(searchWalPosition):348 WAL resume position 'null' discovered"}}
{"type":"LOG","log":{"level":"INFO","message":"INFO i.d.j.JdbcConnection(lambda$doClose$4):947 Connection gracefully closed"}}
{"type":"LOG","log":{"level":"INFO","message":"INFO i.d.j.JdbcConnection(lambda$doClose$4):947 Connection gracefully closed"}}
{"type":"LOG","log":{"level":"INFO","message":"INFO i.d.c.p.c.PostgresReplicationConnection(initPublication):147 Initializing PgOutput logical decoder publication"}}
{"type":"LOG","log":{"level":"INFO","message":"INFO i.d.c.p.c.PostgresReplicationConnection(validateSlotIsInExpectedState):364 Seeking to LSN{0/16CBC58} on the replication slot with command SELECT pg_replication_slot_advance('debezium_slot_db_kqoclebyqc', '0/16CBC58')"}}
{"type":"LOG","log":{"level":"INFO","message":"INFO i.d.u.Threads(threadFactory):270 Requested thread factory for connector PostgresConnector, id = db_kqoclebyqc named = keep-alive"}}
{"type":"LOG","log":{"level":"INFO","message":"INFO i.d.u.Threads$3(newThread):287 Creating thread debezium-postgresconnector-db_kqoclebyqc-keep-alive"}}
{"type":"LOG","log":{"level":"INFO","message":"INFO i.d.c.p.PostgresStreamingChangeEventSource(processMessages):211 Processing messages"}}
{"type":"LOG","log":{"level":"INFO","message":"INFO i.d.j.JdbcConnection(lambda$doClose$4):947 Connection gracefully closed"}}
{"type":"LOG","log":{"level":"INFO","message":"INFO i.d.j.JdbcConnection(lambda$doClose$4):947 Connection gracefully closed"}}
{"type":"LOG","log":{"level":"INFO","message":"INFO i.d.p.ChangeEventSourceCoordinator(streamEvents):175 Finished streaming"}}
{"type":"LOG","log":{"level":"INFO","message":"INFO i.d.p.ChangeEventSourceCoordinator(streamingConnected):240 Connected metrics set to 'false'"}}
{"type":"LOG","log":{"level":"INFO","message":"INFO o.a.k.c.s.FileOffsetBackingStore(stop):66 Stopped FileOffsetBackingStore"}}
{"type":"LOG","log":{"level":"INFO","message":"INFO i.a.i.d.i.DebeziumRecordPublisher(lambda$start$1):73 Debezium engine shutdown."}}
{"type":"LOG","log":{"level":"INFO","message":"INFO i.a.i.d.i.DebeziumRecordPublisher(lambda$start$1):74 Connector 'io.debezium.connector.postgresql.PostgresConnector' completed normally."}}
{"type":"LOG","log":{"level":"INFO","message":"INFO i.a.i.s.p.PostgresCdcStateHandler(saveState):37 debezium state: {\"[\\\"db_kqoclebyqc\\\",{\\\"server\\\":\\\"db_kqoclebyqc\\\"}]\":\"{\\\"transaction_id\\\":null,\\\"lsn\\\":23903320,\\\"txId\\\":505,\\\"ts_usec\\\":1684592256448742}\"}"}}
{"type":"LOG","log":{"level":"INFO","message":"INFO i.a.i.s.r.AbstractDbSource(lambda$read$1):173 Closing database connection pool."}}
{"type":"LOG","log":{"level":"INFO","message":"INFO c.z.h.HikariDataSource(close):350 HikariPool-56 - Shutdown initiated..."}}
{"type":"LOG","log":{"level":"INFO","message":"INFO c.z.h.HikariDataSource(close):352 HikariPool-56 - Shutdown completed."}}
{"type":"LOG","log":{"level":"INFO","message":"INFO i.a.i.s.r.AbstractDbSource(lambda$read$1):175 Closed database connection pool."}}
{"type":"LOG","log":{"level":"INFO","message":"INFO i.a.i.s.p.PostgresUtils(isCdc):53 using CDC: true"}}
{"type":"LOG","log":{"level":"INFO","message":"INFO i.a.i.s.r.s.StateManagerFactory(createStateManager):51 Global state manager selected to manage state object with type GLOBAL."}}
{"type":"LOG","log":{"level":"INFO","message":"INFO i.a.i.s.r.CdcStateManager(<init>):29 Initialized CDC state with: io.airbyte.integrations.source.relationaldb.models.CdcState@b66d50c[state={\"[\\\"db_kqoclebyqc\\\",{\\\"server\\\":\\\"db_kqoclebyqc\\\"}]\":\"{\\\"transaction_id\\\":null,\\\"lsn\\\":23903320,\\\"txId\\\":505,\\\"ts_usec\\\":1684592256448742}\"},additionalProperties={}]"}}
{"type":"LOG","log":{"level":"INFO","message":"INFO c.z.h.HikariDataSource(<init>):80 HikariPool-57 - Starting..."}}
{"type":"LOG","log":{"level":"INFO","message":"INFO c.z.h.HikariDataSource(<init>):82 HikariPool-57 - Start completed."}}
{"type":"LOG","log":{"level":"INFO","message":"INFO i.a.i.s.p.PostgresUtils(isCdc):53 using CDC: true"}}
{"type":"LOG","log":{"level":"INFO","message":"INFO i.a.d.j.s.AdaptiveStreamingQueryConfig(initialize):31 Set initial fetch size: 10 rows"}}
{"type":"LOG","log":{"level":"INFO","message":"INFO i.a.i.s.p.PostgresCdcCatalogHelper(getPublicizedTables):119 For CDC, only tables in publication publication will be included in the sync: [models_schema.models, models_schema_random.models_random]"}}
{"type":"LOG","log":{"level":"INFO","message":"INFO i.a.i.s.j.AbstractJdbcSource(logPreSyncDebugData):450 Data source product recognized as PostgreSQL:13.11"}}
{"type":"LOG","log":{"level":"INFO","message":"INFO i.a.i.s.p.PostgresSource(logPreSyncDebugData):221 Discovering indexes for schema \"models_schema\", table \"models\""}}
{"type":"LOG","log":{"level":"INFO","message":"INFO i.a.i.s.p.PostgresSource(logPreSyncDebugData):223 Index name: models_pkey, Column: id, Unique: true"}}
{"type":"LOG","log":{"level":"INFO","message":"INFO i.a.i.s.p.PostgresQueryUtils(logXminStatus):77 Xmin Status : {Number of wraparounds: 0, Xmin Transaction Value: 526, Xmin Raw Value: 526"}}
{"type":"LOG","log":{"level":"INFO","message":"INFO i.a.i.s.j.AbstractJdbcSource(discoverInternal):166 Internal schemas to exclude: [catalog_history, information_schema, pg_catalog, pg_internal]"}}
{"type":"LOG","log":{"level":"INFO","message":"INFO i.a.d.j.s.AdaptiveStreamingQueryConfig(initialize):31 Set initial fetch size: 10 rows"}}
{"type":"LOG","log":{"level":"INFO","message":"INFO i.a.i.s.j.AbstractJdbcSource(discoverInternal):166 Internal schemas to exclude: [catalog_history, information_schema, pg_catalog, pg_internal]"}}
{"type":"LOG","log":{"level":"INFO","message":"INFO i.a.d.j.s.AdaptiveStreamingQueryConfig(initialize):31 Set initial fetch size: 10 rows"}}
{"type":"LOG","log":{"level":"INFO","message":"INFO i.a.i.s.p.PostgresUtils(isCdc):53 using CDC: true"}}
{"type":"LOG","log":{"level":"INFO","message":"INFO i.a.i.s.p.PostgresUtils(getFirstRecordWaitTime):111 First record waiting time: 30 seconds"}}
{"type":"LOG","log":{"level":"INFO","message":"INFO i.a.i.s.p.PostgresSource(getIncrementalIterators):369 First record waiting time: 30 seconds"}}
{"type":"LOG","log":{"level":"INFO","message":"INFO i.a.i.s.p.PostgresUtils(shouldFlushAfterSync):61 Should flush after sync: false"}}
{"type":"LOG","log":{"level":"INFO","message":"INFO o.a.k.c.c.AbstractConfig(logAll):376 StandaloneConfig values: \n\taccess.control.allow.methods = \n\taccess.control.allow.origin = \n\tadmin.listeners = null\n\tauto.include.jmx.reporter = true\n\tbootstrap.servers = [localhost:9092]\n\tclient.dns.lookup = use_all_dns_ips\n\tconfig.providers = []\n\tconnector.client.config.override.policy = All\n\theader.converter = class org.apache.kafka.connect.storage.SimpleHeaderConverter\n\tkey.converter = class org.apache.kafka.connect.json.JsonConverter\n\tlisteners = [http://:8083]\n\tmetric.reporters = []\n\tmetrics.num.samples = 2\n\tmetrics.recording.level = INFO\n\tmetrics.sample.window.ms = 30000\n\toffset.flush.interval.ms = 1000\n\toffset.flush.timeout.ms = 5000\n\toffset.storage.file.filename = /tmp/cdc-state-offset9655327550889020020/offset.dat\n\tplugin.path = null\n\tresponse.http.headers.config = \n\trest.advertised.host.name = null\n\trest.advertised.listener = null\n\trest.advertised.port = null\n\trest.extension.classes = []\n\tssl.cipher.suites = null\n\tssl.client.auth = none\n\tssl.enabled.protocols = [TLSv1.2, TLSv1.3]\n\tssl.endpoint.identification.algorithm = https\n\tssl.engine.factory.class = null\n\tssl.key.password = null\n\tssl.keymanager.algorithm = SunX509\n\tssl.keystore.certificate.chain = null\n\tssl.keystore.key = null\n\tssl.keystore.location = null\n\tssl.keystore.password = null\n\tssl.keystore.type = JKS\n\tssl.protocol = TLSv1.3\n\tssl.provider = null\n\tssl.secure.random.implementation = null\n\tssl.trustmanager.algorithm = PKIX\n\tssl.truststore.certificates = null\n\tssl.truststore.location = null\n\tssl.truststore.password = null\n\tssl.truststore.type = JKS\n\ttask.shutdown.graceful.timeout.ms = 5000\n\ttopic.creation.enable = true\n\ttopic.tracking.allow.reset = true\n\ttopic.tracking.enable = true\n\tvalue.converter = class org.apache.kafka.connect.json.JsonConverter\n"}}
{"type":"LOG","log":{"level":"WARN","message":"WARN o.a.k.c.r.WorkerConfig(logPluginPathConfigProviderWarning):379 Variables cannot be used in the 'plugin.path' property, since the property is used by plugin scanning before the config providers that replace the variables are initialized. The raw value 'null' was used for plugin scanning, as opposed to the transformed value 'null', and this may cause unexpected results."}}
{"type":"LOG","log":{"level":"INFO","message":"INFO o.a.k.c.s.FileOffsetBackingStore(start):58 Starting FileOffsetBackingStore with file /tmp/cdc-state-offset9655327550889020020/offset.dat"}}
{"type":"LOG","log":{"level":"INFO","message":"INFO o.a.k.c.c.AbstractConfig(logAll):376 JsonConverterConfig values: \n\tconverter.type = key\n\tdecimal.format = BASE64\n\tschemas.cache.size = 1000\n\tschemas.enable = false\n"}}
{"type":"LOG","log":{"level":"INFO","message":"INFO o.a.k.c.c.AbstractConfig(logAll):376 JsonConverterConfig values: \n\tconverter.type = value\n\tdecimal.format = BASE64\n\tschemas.cache.size = 1000\n\tschemas.enable = false\n"}}
{"type":"LOG","log":{"level":"INFO","message":"INFO i.a.i.d.i.p.PostgresDebeziumStateUtil(extractLsn):201 Found previous partition offset PostgresPartition [sourcePartition={server=db_kqoclebyqc}]: {transaction_id=null, lsn=23903320, txId=505, ts_usec=1684592256448742}"}}
{"type":"LOG","log":{"level":"INFO","message":"INFO i.a.i.d.i.p.PostgresDebeziumStateUtil(parseSavedOffset):181 Closing offsetStorageReader and fileOffsetBackingStore"}}
{"type":"LOG","log":{"level":"INFO","message":"INFO o.a.k.c.s.FileOffsetBackingStore(stop):66 Stopped FileOffsetBackingStore"}}
{"type":"LOG","log":{"level":"INFO","message":"INFO i.a.i.s.p.PostgresSource(lambda$getReplicationSlot$4):296 Attempting to find the named replication slot using the query: HikariProxyPreparedStatement@1434727271 wrapping SELECT * FROM pg_replication_slots WHERE slot_name = 'debezium_slot_db_kqoclebyqc' AND plugin = 'pgoutput' AND database = 'db_kqoclebyqc'"}}
{"type":"LOG","log":{"level":"INFO","message":"INFO i.a.d.j.s.AdaptiveStreamingQueryConfig(initialize):31 Set initial fetch size: 10 rows"}}
{"type":"LOG","log":{"level":"INFO","message":"INFO i.a.i.d.i.p.PostgresDebeziumStateUtil(isSavedOffsetAfterReplicationSlotLSN):62 Replication slot confirmed_flush_lsn : 23903320 Saved offset LSN : 23903320"}}
{"type":"LOG","log":{"level":"INFO","message":"INFO i.a.i.s.p.PostgresUtils(shouldFlushAfterSync):61 Should flush after sync: false"}}
{"type":"LOG","log":{"level":"INFO","message":"INFO i.a.i.d.i.p.PostgresCdcTargetPosition(targetPosition):49 identified target lsn: PgLsn{lsn=23907064}"}}
{"type":"LOG","log":{"level":"INFO","message":"INFO i.a.i.s.p.PostgresUtils(shouldFlushAfterSync):61 Should flush after sync: false"}}
{"type":"LOG","log":{"level":"INFO","message":"INFO i.a.i.d.AirbyteDebeziumHandler(getIncrementalIterators):95 Using CDC: true"}}
{"type":"LOG","log":{"level":"INFO","message":"INFO o.a.k.c.c.AbstractConfig(logAll):376 JsonConverterConfig values: \n\tconverter.type = key\n\tdecimal.format = BASE64\n\tschemas.cache.size = 1000\n\tschemas.enable = false\n"}}
{"type":"LOG","log":{"level":"INFO","message":"INFO o.a.k.c.c.AbstractConfig(logAll):376 JsonConverterConfig values: \n\tconverter.type = value\n\tdecimal.format = BASE64\n\tschemas.cache.size = 1000\n\tschemas.enable = false\n"}}
{"type":"LOG","log":{"level":"INFO","message":"INFO o.a.k.c.c.AbstractConfig(logAll):376 EmbeddedConfig values: \n\taccess.control.allow.methods = \n\taccess.control.allow.origin = \n\tadmin.listeners = null\n\tauto.include.jmx.reporter = true\n\tbootstrap.servers = [localhost:9092]\n\tclient.dns.lookup = use_all_dns_ips\n\tconfig.providers = []\n\tconnector.client.config.override.policy = All\n\theader.converter = class org.apache.kafka.connect.storage.SimpleHeaderConverter\n\tkey.converter = class org.apache.kafka.connect.json.JsonConverter\n\tlisteners = [http://:8083]\n\tmetric.reporters = []\n\tmetrics.num.samples = 2\n\tmetrics.recording.level = INFO\n\tmetrics.sample.window.ms = 30000\n\toffset.flush.interval.ms = 1000\n\toffset.flush.timeout.ms = 5000\n\toffset.storage.file.filename = /tmp/cdc-state-offset5911677479667156541/offset.dat\n\toffset.storage.partitions = null\n\toffset.storage.replication.factor = null\n\toffset.storage.topic = \n\tplugin.path = null\n\tresponse.http.headers.config = \n\trest.advertised.host.name = null\n\trest.advertised.listener = null\n\trest.advertised.port = null\n\trest.extension.classes = []\n\tssl.cipher.suites = null\n\tssl.client.auth = none\n\tssl.enabled.protocols = [TLSv1.2, TLSv1.3]\n\tssl.endpoint.identification.algorithm = https\n\tssl.engine.factory.class = null\n\tssl.key.password = null\n\tssl.keymanager.algorithm = SunX509\n\tssl.keystore.certificate.chain = null\n\tssl.keystore.key = null\n\tssl.keystore.location = null\n\tssl.keystore.password = null\n\tssl.keystore.type = JKS\n\tssl.protocol = TLSv1.3\n\tssl.provider = null\n\tssl.secure.random.implementation = null\n\tssl.trustmanager.algorithm = PKIX\n\tssl.truststore.certificates = null\n\tssl.truststore.location = null\n\tssl.truststore.password = null\n\tssl.truststore.type = JKS\n\ttask.shutdown.graceful.timeout.ms = 5000\n\ttopic.creation.enable = true\n\ttopic.tracking.allow.reset = true\n\ttopic.tracking.enable = true\n\tvalue.converter = class org.apache.kafka.connect.json.JsonConverter\n"}}
{"type":"LOG","log":{"level":"WARN","message":"WARN o.a.k.c.r.WorkerConfig(logPluginPathConfigProviderWarning):379 Variables cannot be used in the 'plugin.path' property, since the property is used by plugin scanning before the config providers that replace the variables are initialized. The raw value 'null' was used for plugin scanning, as opposed to the transformed value 'null', and this may cause unexpected results."}}
{"type":"LOG","log":{"level":"INFO","message":"INFO o.a.k.c.c.AbstractConfig(logAll):376 JsonConverterConfig values: \n\tconverter.type = key\n\tdecimal.format = BASE64\n\tschemas.cache.size = 1000\n\tschemas.enable = false\n"}}
{"type":"LOG","log":{"level":"INFO","message":"INFO o.a.k.c.c.AbstractConfig(logAll):376 JsonConverterConfig values: \n\tconverter.type = value\n\tdecimal.format = BASE64\n\tschemas.cache.size = 1000\n\tschemas.enable = false\n"}}
{"type":"LOG","log":{"level":"INFO","message":"INFO i.d.c.p.PostgresConnector(testConnection):154 Successfully tested connection for jdbc:postgresql://localhost:56387/db_kqoclebyqc with user 'test'"}}
{"type":"LOG","log":{"level":"INFO","message":"INFO i.d.j.JdbcConnection(lambda$doClose$4):947 Connection gracefully closed"}}
{"type":"LOG","log":{"level":"INFO","message":"INFO o.a.k.c.s.FileOffsetBackingStore(start):58 Starting FileOffsetBackingStore with file /tmp/cdc-state-offset5911677479667156541/offset.dat"}}
{"type":"LOG","log":{"level":"INFO","message":"INFO i.d.c.c.BaseSourceTask(start):124 Starting PostgresConnectorTask with configuration:"}}
{"type":"LOG","log":{"level":"INFO","message":"INFO i.d.c.c.BaseSourceTask(lambda$start$0):126    connector.class = io.debezium.connector.postgresql.PostgresConnector"}}
{"type":"LOG","log":{"level":"INFO","message":"INFO i.d.c.c.BaseSourceTask(lambda$start$0):126    max.queue.size = 8192"}}
{"type":"LOG","log":{"level":"INFO","message":"INFO i.d.c.c.BaseSourceTask(lambda$start$0):126    slot.name = debezium_slot_db_kqoclebyqc"}}
{"type":"LOG","log":{"level":"INFO","message":"INFO i.d.c.c.BaseSourceTask(lambda$start$0):126    publication.name = publication"}}
{"type":"LOG","log":{"level":"INFO","message":"INFO i.d.c.c.BaseSourceTask(lambda$start$0):126    topic.prefix = db_kqoclebyqc"}}
{"type":"LOG","log":{"level":"INFO","message":"INFO i.d.c.c.BaseSourceTask(lambda$start$0):126    offset.storage.file.filename = /tmp/cdc-state-offset5911677479667156541/offset.dat"}}
{"type":"LOG","log":{"level":"INFO","message":"INFO i.d.c.c.BaseSourceTask(lambda$start$0):126    decimal.handling.mode = string"}}
{"type":"LOG","log":{"level":"INFO","message":"INFO i.d.c.c.BaseSourceTask(lambda$start$0):126    converters = datetime"}}
{"type":"LOG","log":{"level":"INFO","message":"INFO i.d.c.c.BaseSourceTask(lambda$start$0):126    errors.retry.delay.initial.ms = 299"}}
{"type":"LOG","log":{"level":"INFO","message":"INFO i.d.c.c.BaseSourceTask(lambda$start$0):126    datetime.type = io.airbyte.integrations.debezium.internals.postgres.PostgresConverter"}}
{"type":"LOG","log":{"level":"INFO","message":"INFO i.d.c.c.BaseSourceTask(lambda$start$0):126    value.converter = org.apache.kafka.connect.json.JsonConverter"}}
{"type":"LOG","log":{"level":"INFO","message":"INFO i.d.c.c.BaseSourceTask(lambda$start$0):126    key.converter = org.apache.kafka.connect.json.JsonConverter"}}
{"type":"LOG","log":{"level":"INFO","message":"INFO i.d.c.c.BaseSourceTask(lambda$start$0):126    publication.autocreate.mode = disabled"}}
{"type":"LOG","log":{"level":"INFO","message":"INFO i.d.c.c.BaseSourceTask(lambda$start$0):126    database.user = test"}}
{"type":"LOG","log":{"level":"INFO","message":"INFO i.d.c.c.BaseSourceTask(lambda$start$0):126    database.dbname = db_kqoclebyqc"}}
{"type":"LOG","log":{"level":"INFO","message":"INFO i.d.c.c.BaseSourceTask(lambda$start$0):126    offset.storage = org.apache.kafka.connect.storage.FileOffsetBackingStore"}}
{"type":"LOG","log":{"level":"INFO","message":"INFO i.d.c.c.BaseSourceTask(lambda$start$0):126    errors.retry.delay.max.ms = 300"}}
{"type":"LOG","log":{"level":"INFO","message":"INFO i.d.c.c.BaseSourceTask(lambda$start$0):126    offset.flush.timeout.ms = 5000"}}
{"type":"LOG","log":{"level":"INFO","message":"INFO i.d.c.c.BaseSourceTask(lambda$start$0):126    heartbeat.interval.ms = 10000"}}
{"type":"LOG","log":{"level":"INFO","message":"INFO i.d.c.c.BaseSourceTask(lambda$start$0):126    column.include.list = \\Qmodels_schema.models\\E\\.(\\Qmodel\\E|\\Qid\\E|\\Qmake_id\\E)"}}
{"type":"LOG","log":{"level":"INFO","message":"INFO i.d.c.c.BaseSourceTask(lambda$start$0):126    plugin.name = pgoutput"}}
{"type":"LOG","log":{"level":"INFO","message":"INFO i.d.c.c.BaseSourceTask(lambda$start$0):126    database.port = 56387"}}
{"type":"LOG","log":{"level":"INFO","message":"INFO i.d.c.c.BaseSourceTask(lambda$start$0):126    offset.flush.interval.ms = 1000"}}
{"type":"LOG","log":{"level":"INFO","message":"INFO i.d.c.c.BaseSourceTask(lambda$start$0):126    key.converter.schemas.enable = false"}}
{"type":"LOG","log":{"level":"INFO","message":"INFO i.d.c.c.BaseSourceTask(lambda$start$0):126    include.unknown.datatypes = true"}}
{"type":"LOG","log":{"level":"INFO","message":"INFO i.d.c.c.BaseSourceTask(lambda$start$0):126    errors.max.retries = 10"}}
{"type":"LOG","log":{"level":"INFO","message":"INFO i.d.c.c.BaseSourceTask(lambda$start$0):126    database.hostname = localhost"}}
{"type":"LOG","log":{"level":"INFO","message":"INFO i.d.c.c.BaseSourceTask(lambda$start$0):126    database.password = ********"}}
{"type":"LOG","log":{"level":"INFO","message":"INFO i.d.c.c.BaseSourceTask(lambda$start$0):126    value.converter.schemas.enable = false"}}
{"type":"LOG","log":{"level":"INFO","message":"INFO i.d.c.c.BaseSourceTask(lambda$start$0):126    name = db_kqoclebyqc"}}
{"type":"LOG","log":{"level":"INFO","message":"INFO i.d.c.c.BaseSourceTask(lambda$start$0):126    max.batch.size = 2048"}}
{"type":"LOG","log":{"level":"INFO","message":"INFO i.d.c.c.BaseSourceTask(lambda$start$0):126    table.include.list = \\Qmodels_schema.models\\E"}}
{"type":"LOG","log":{"level":"INFO","message":"INFO i.d.c.c.BaseSourceTask(lambda$start$0):126    snapshot.mode = initial"}}
{"type":"LOG","log":{"level":"INFO","message":"INFO i.d.c.c.BaseSourceTask(startIfNeededAndPossible):243 Attempting to start task"}}
{"type":"LOG","log":{"level":"INFO","message":"INFO i.d.c.CommonConnectorConfig(getTopicNamingStrategy):849 Loading the custom topic naming strategy plugin: io.debezium.schema.SchemaTopicNamingStrategy"}}
{"type":"LOG","log":{"level":"INFO","message":"INFO i.d.j.JdbcConnection(lambda$doClose$4):947 Connection gracefully closed"}}
{"type":"LOG","log":{"level":"INFO","message":"INFO i.d.c.c.BaseSourceTask(getPreviousOffsets):370 Found previous partition offset PostgresPartition [sourcePartition={server=db_kqoclebyqc}]: {transaction_id=null, lsn=23903320, txId=505, ts_usec=1684592256448742}"}}
{"type":"LOG","log":{"level":"INFO","message":"INFO i.d.c.p.PostgresConnectorTask(start):113 user 'test' connected to database 'db_kqoclebyqc' on PostgreSQL 13.11 on x86_64-pc-linux-musl, compiled by gcc (Alpine 12.2.1_git20220924-r10) 12.2.1 20220924, 64-bit with roles:\n\trole 'pg_read_all_settings' [superuser: false, replication: false, inherit: true, create role: false, create db: false, can log in: false]\n\trole 'pg_stat_scan_tables' [superuser: false, replication: false, inherit: true, create role: false, create db: false, can log in: false]\n\trole 'pg_write_server_files' [superuser: false, replication: false, inherit: true, create role: false, create db: false, can log in: false]\n\trole 'test' [superuser: true, replication: true, inherit: true, create role: true, create db: true, can log in: true]\n\trole 'pg_monitor' [superuser: false, replication: false, inherit: true, create role: false, create db: false, can log in: false]\n\trole 'pg_read_server_files' [superuser: false, replication: false, inherit: true, create role: false, create db: false, can log in: false]\n\trole 'pg_execute_server_program' [superuser: false, replication: false, inherit: true, create role: false, create db: false, can log in: false]\n\trole 'pg_read_all_stats' [superuser: false, replication: false, inherit: true, create role: false, create db: false, can log in: false]\n\trole 'pg_signal_backend' [superuser: false, replication: false, inherit: true, create role: false, create db: false, can log in: false]"}}
{"type":"LOG","log":{"level":"INFO","message":"INFO i.d.c.p.c.PostgresConnection(readReplicationSlotInfo):264 Obtained valid replication slot ReplicationSlot [active=false, latestFlushedLsn=LSN{0/16CBC58}, catalogXmin=504]"}}
{"type":"LOG","log":{"level":"INFO","message":"INFO i.d.c.p.PostgresConnectorTask(start):127 Found previous offset PostgresOffsetContext [sourceInfoSchema=Schema{io.debezium.connector.postgresql.Source:STRUCT}, sourceInfo=source_info[server='db_kqoclebyqc'db='db_kqoclebyqc', lsn=LSN{0/16CBC58}, txId=505, timestamp=2023-05-20T14:17:36.448742Z, snapshot=FALSE, schema=, table=], lastSnapshotRecord=false, lastCompletelyProcessedLsn=null, lastCommitLsn=null, streamingStoppingLsn=null, transactionContext=TransactionContext [currentTransactionId=null, perTableEventCount={}, totalEventCount=0], incrementalSnapshotContext=IncrementalSnapshotContext [windowOpened=false, chunkEndPosition=null, dataCollectionsToSnapshot=[], lastEventKeySent=null, maximumKey=null]]"}}
{"type":"LOG","log":{"level":"INFO","message":"INFO i.d.u.Threads(threadFactory):270 Requested thread factory for connector PostgresConnector, id = db_kqoclebyqc named = change-event-source-coordinator"}}
{"type":"LOG","log":{"level":"INFO","message":"INFO i.d.u.Threads$3(newThread):287 Creating thread debezium-postgresconnector-db_kqoclebyqc-change-event-source-coordinator"}}
{"type":"LOG","log":{"level":"INFO","message":"INFO i.d.c.c.BaseSourceTask(startIfNeededAndPossible):245 Successfully started task"}}
{"type":"LOG","log":{"level":"INFO","message":"INFO i.d.p.ChangeEventSourceCoordinator(lambda$start$0):103 Metrics registered"}}
{"type":"LOG","log":{"level":"INFO","message":"INFO i.d.p.ChangeEventSourceCoordinator(lambda$start$0):106 Context created"}}
{"type":"LOG","log":{"level":"INFO","message":"INFO i.d.c.p.s.InitialSnapshotter(shouldSnapshot):42 Previous snapshot has completed successfully, streaming logical changes from last known position"}}
{"type":"LOG","log":{"level":"INFO","message":"INFO i.d.c.p.PostgresSnapshotChangeEventSource(getSnapshottingTask):68 According to the connector configuration no snapshot will be executed"}}
{"type":"LOG","log":{"level":"INFO","message":"INFO i.d.p.ChangeEventSourceCoordinator(doSnapshot):156 Snapshot ended with SnapshotResult [status=SKIPPED, offset=PostgresOffsetContext [sourceInfoSchema=Schema{io.debezium.connector.postgresql.Source:STRUCT}, sourceInfo=source_info[server='db_kqoclebyqc'db='db_kqoclebyqc', lsn=LSN{0/16CBC58}, txId=505, timestamp=2023-05-20T14:17:36.448742Z, snapshot=FALSE, schema=, table=], lastSnapshotRecord=false, lastCompletelyProcessedLsn=null, lastCommitLsn=null, streamingStoppingLsn=null, transactionContext=TransactionContext [currentTransactionId=null, perTableEventCount={}, totalEventCount=0], incrementalSnapshotContext=IncrementalSnapshotContext [windowOpened=false, chunkEndPosition=null, dataCollectionsToSnapshot=[], lastEventKeySent=null, maximumKey=null]]]"}}
{"type":"LOG","log":{"level":"INFO","message":"INFO i.d.p.ChangeEventSourceCoordinator(streamingConnected):240 Connected metrics set to 'true'"}}
{"type":"LOG","log":{"level":"INFO","message":"INFO i.d.c.p.PostgresSchema(printReplicaIdentityInfo):100 REPLICA IDENTITY for 'models_schema.models' is 'DEFAULT'; UPDATE and DELETE events will contain previous values only for PK columns"}}
{"type":"LOG","log":{"level":"INFO","message":"INFO i.d.p.ChangeEventSourceCoordinator(streamEvents):173 Starting streaming"}}
{"type":"LOG","log":{"level":"INFO","message":"INFO i.d.c.p.PostgresStreamingChangeEventSource(execute):136 Retrieved latest position from stored offset 'LSN{0/16CBC58}'"}}
{"type":"LOG","log":{"level":"INFO","message":"INFO i.d.c.p.c.WalPositionLocator(<init>):48 Looking for WAL restart position for last commit LSN 'null' and last change LSN 'LSN{0/16CBC58}'"}}
{"type":"LOG","log":{"level":"INFO","message":"INFO i.d.c.p.c.PostgresReplicationConnection(initPublication):147 Initializing PgOutput logical decoder publication"}}
{"type":"LOG","log":{"level":"INFO","message":"INFO i.d.c.p.c.PostgresConnection(readReplicationSlotInfo):264 Obtained valid replication slot ReplicationSlot [active=false, latestFlushedLsn=LSN{0/16CBC58}, catalogXmin=504]"}}
{"type":"LOG","log":{"level":"INFO","message":"INFO i.d.j.JdbcConnection(lambda$doClose$4):947 Connection gracefully closed"}}
{"type":"LOG","log":{"level":"INFO","message":"INFO i.d.c.p.c.PostgresReplicationConnection(validateSlotIsInExpectedState):364 Seeking to LSN{0/16CBC58} on the replication slot with command SELECT pg_replication_slot_advance('debezium_slot_db_kqoclebyqc', '0/16CBC58')"}}
{"type":"LOG","log":{"level":"INFO","message":"INFO i.d.u.Threads(threadFactory):270 Requested thread factory for connector PostgresConnector, id = db_kqoclebyqc named = keep-alive"}}
{"type":"LOG","log":{"level":"INFO","message":"INFO i.d.u.Threads$3(newThread):287 Creating thread debezium-postgresconnector-db_kqoclebyqc-keep-alive"}}
{"type":"LOG","log":{"level":"INFO","message":"INFO i.d.c.p.PostgresSchema(printReplicaIdentityInfo):100 REPLICA IDENTITY for 'models_schema.models' is 'DEFAULT'; UPDATE and DELETE events will contain previous values only for PK columns"}}
{"type":"LOG","log":{"level":"INFO","message":"INFO i.d.c.p.PostgresStreamingChangeEventSource(searchWalPosition):327 Searching for WAL resume position"}}
{"type":"LOG","log":{"level":"INFO","message":"INFO i.d.c.p.c.WalPositionLocator(resumeFromLsn):71 First LSN 'LSN{0/16CBC80}' received"}}
{"type":"LOG","log":{"level":"INFO","message":"INFO i.d.c.p.PostgresStreamingChangeEventSource(searchWalPosition):348 WAL resume position 'LSN{0/16CBC80}' discovered"}}
{"type":"LOG","log":{"level":"INFO","message":"INFO i.d.j.JdbcConnection(lambda$doClose$4):947 Connection gracefully closed"}}
{"type":"LOG","log":{"level":"INFO","message":"INFO i.d.j.JdbcConnection(lambda$doClose$4):947 Connection gracefully closed"}}
{"type":"LOG","log":{"level":"INFO","message":"INFO i.d.c.p.c.PostgresReplicationConnection(initPublication):147 Initializing PgOutput logical decoder publication"}}
{"type":"LOG","log":{"level":"INFO","message":"INFO i.d.c.p.c.PostgresReplicationConnection(validateSlotIsInExpectedState):364 Seeking to LSN{0/16CBC58} on the replication slot with command SELECT pg_replication_slot_advance('debezium_slot_db_kqoclebyqc', '0/16CBC58')"}}
{"type":"LOG","log":{"level":"INFO","message":"INFO i.d.u.Threads(threadFactory):270 Requested thread factory for connector PostgresConnector, id = db_kqoclebyqc named = keep-alive"}}
{"type":"LOG","log":{"level":"INFO","message":"INFO i.d.u.Threads$3(newThread):287 Creating thread debezium-postgresconnector-db_kqoclebyqc-keep-alive"}}
{"type":"LOG","log":{"level":"INFO","message":"INFO i.d.c.p.PostgresStreamingChangeEventSource(processMessages):211 Processing messages"}}
{"type":"LOG","log":{"level":"INFO","message":"INFO i.d.c.p.c.WalPositionLocator(skipMessage):152 Message with LSN 'LSN{0/16CBC80}' arrived, switching off the filtering"}}
{"type":"LOG","log":{"level":"INFO","message":"INFO i.d.c.c.BaseSourceTask(logStatistics):195 21 records sent during previous 00:00:10.235, last recorded offset of {server=db_kqoclebyqc} partition is {transaction_id=null, lsn_proc=23907064, messageType=INSERT, lsn_commit=23907064, lsn=23907064, txId=525, ts_usec=1684592267398766}"}}
{"type":"LOG","log":{"level":"INFO","message":"INFO i.a.i.d.i.DebeziumRecordIterator(requestClose):208 Closing: Heartbeat indicates sync is done"}}
{"type":"LOG","log":{"level":"INFO","message":"INFO i.d.e.EmbeddedEngine(stop):1146 Stopping the embedded engine"}}
{"type":"LOG","log":{"level":"INFO","message":"INFO i.d.e.EmbeddedEngine(stop):1153 Waiting for PT5M for connector to stop"}}
{"type":"LOG","log":{"level":"INFO","message":"INFO i.d.e.EmbeddedEngine(run):944 Stopping the task and engine"}}
{"type":"LOG","log":{"level":"INFO","message":"INFO i.d.c.c.BaseSourceTask(stop):278 Stopping down connector"}}
{"type":"LOG","log":{"level":"INFO","message":"INFO i.d.j.JdbcConnection(lambda$doClose$4):947 Connection gracefully closed"}}
{"type":"LOG","log":{"level":"INFO","message":"INFO i.d.j.JdbcConnection(lambda$doClose$4):947 Connection gracefully closed"}}
{"type":"LOG","log":{"level":"INFO","message":"INFO i.d.p.ChangeEventSourceCoordinator(streamEvents):175 Finished streaming"}}
{"type":"LOG","log":{"level":"INFO","message":"INFO i.d.p.ChangeEventSourceCoordinator(streamingConnected):240 Connected metrics set to 'false'"}}
{"type":"LOG","log":{"level":"INFO","message":"INFO o.a.k.c.s.FileOffsetBackingStore(stop):66 Stopped FileOffsetBackingStore"}}
{"type":"LOG","log":{"level":"INFO","message":"INFO i.a.i.d.i.DebeziumRecordPublisher(lambda$start$1):73 Debezium engine shutdown."}}
{"type":"LOG","log":{"level":"INFO","message":"INFO i.a.i.d.i.DebeziumRecordPublisher(lambda$start$1):74 Connector 'io.debezium.connector.postgresql.PostgresConnector' completed normally."}}
{"type":"LOG","log":{"level":"INFO","message":"INFO i.a.i.s.p.PostgresCdcStateHandler(saveState):37 debezium state: {\"[\\\"db_kqoclebyqc\\\",{\\\"server\\\":\\\"db_kqoclebyqc\\\"}]\":\"{\\\"transaction_id\\\":null,\\\"lsn_proc\\\":23907064,\\\"messageType\\\":\\\"INSERT\\\",\\\"lsn_commit\\\":23907064,\\\"lsn\\\":23907064,\\\"txId\\\":525,\\\"ts_usec\\\":1684592267398766}\"}"}}
{"type":"LOG","log":{"level":"INFO","message":"INFO i.a.i.s.r.AbstractDbSource(lambda$read$1):173 Closing database connection pool."}}
{"type":"LOG","log":{"level":"INFO","message":"INFO c.z.h.HikariDataSource(close):350 HikariPool-57 - Shutdown initiated..."}}
{"type":"LOG","log":{"level":"INFO","message":"INFO c.z.h.HikariDataSource(close):352 HikariPool-57 - Shutdown completed."}}
{"type":"LOG","log":{"level":"INFO","message":"INFO i.a.i.s.r.AbstractDbSource(lambda$read$1):175 Closed database connection pool."}}
{"type":"LOG","log":{"level":"INFO","message":"INFO i.a.i.s.p.PostgresUtils(isCdc):53 using CDC: true"}}
{"type":"LOG","log":{"level":"INFO","message":"INFO i.a.i.s.r.s.StateManagerFactory(createStateManager):51 Global state manager selected to manage state object with type GLOBAL."}}
{"type":"LOG","log":{"level":"INFO","message":"INFO i.a.i.s.r.CdcStateManager(<init>):29 Initialized CDC state with: io.airbyte.integrations.source.relationaldb.models.CdcState@221ffed[state={\"[\\\"db_kqoclebyqc\\\",{\\\"server\\\":\\\"db_kqoclebyqc\\\"}]\":\"{\\\"transaction_id\\\":null,\\\"lsn\\\":23903320,\\\"txId\\\":505,\\\"ts_usec\\\":1684592256448742}\"},additionalProperties={}]"}}
{"type":"LOG","log":{"level":"INFO","message":"INFO c.z.h.HikariDataSource(<init>):80 HikariPool-58 - Starting..."}}
{"type":"LOG","log":{"level":"INFO","message":"INFO c.z.h.HikariDataSource(<init>):82 HikariPool-58 - Start completed."}}
{"type":"LOG","log":{"level":"INFO","message":"INFO i.a.i.s.p.PostgresUtils(isCdc):53 using CDC: true"}}
{"type":"LOG","log":{"level":"INFO","message":"INFO i.a.d.j.s.AdaptiveStreamingQueryConfig(initialize):31 Set initial fetch size: 10 rows"}}
{"type":"LOG","log":{"level":"INFO","message":"INFO i.a.i.s.p.PostgresCdcCatalogHelper(getPublicizedTables):119 For CDC, only tables in publication publication will be included in the sync: [models_schema.models, models_schema_random.models_random]"}}
{"type":"LOG","log":{"level":"INFO","message":"INFO i.a.i.s.j.AbstractJdbcSource(logPreSyncDebugData):450 Data source product recognized as PostgreSQL:13.11"}}
{"type":"LOG","log":{"level":"INFO","message":"INFO i.a.i.s.p.PostgresSource(logPreSyncDebugData):221 Discovering indexes for schema \"models_schema\", table \"models\""}}
{"type":"LOG","log":{"level":"INFO","message":"INFO i.a.i.s.p.PostgresSource(logPreSyncDebugData):223 Index name: models_pkey, Column: id, Unique: true"}}
{"type":"LOG","log":{"level":"INFO","message":"INFO i.a.i.s.p.PostgresQueryUtils(logXminStatus):77 Xmin Status : {Number of wraparounds: 0, Xmin Transaction Value: 527, Xmin Raw Value: 527"}}
{"type":"LOG","log":{"level":"INFO","message":"INFO i.a.i.s.j.AbstractJdbcSource(discoverInternal):166 Internal schemas to exclude: [catalog_history, information_schema, pg_catalog, pg_internal]"}}
{"type":"LOG","log":{"level":"INFO","message":"INFO i.a.d.j.s.AdaptiveStreamingQueryConfig(initialize):31 Set initial fetch size: 10 rows"}}
{"type":"LOG","log":{"level":"INFO","message":"INFO i.a.i.s.j.AbstractJdbcSource(discoverInternal):166 Internal schemas to exclude: [catalog_history, information_schema, pg_catalog, pg_internal]"}}
{"type":"LOG","log":{"level":"INFO","message":"INFO i.a.d.j.s.AdaptiveStreamingQueryConfig(initialize):31 Set initial fetch size: 10 rows"}}
{"type":"LOG","log":{"level":"INFO","message":"INFO i.a.i.s.p.PostgresUtils(isCdc):53 using CDC: true"}}
{"type":"LOG","log":{"level":"INFO","message":"INFO i.a.i.s.p.PostgresUtils(getFirstRecordWaitTime):111 First record waiting time: 30 seconds"}}
{"type":"LOG","log":{"level":"INFO","message":"INFO i.a.i.s.p.PostgresSource(getIncrementalIterators):369 First record waiting time: 30 seconds"}}
{"type":"LOG","log":{"level":"INFO","message":"INFO i.a.i.s.p.PostgresUtils(shouldFlushAfterSync):61 Should flush after sync: false"}}
{"type":"LOG","log":{"level":"INFO","message":"INFO o.a.k.c.c.AbstractConfig(logAll):376 StandaloneConfig values: \n\taccess.control.allow.methods = \n\taccess.control.allow.origin = \n\tadmin.listeners = null\n\tauto.include.jmx.reporter = true\n\tbootstrap.servers = [localhost:9092]\n\tclient.dns.lookup = use_all_dns_ips\n\tconfig.providers = []\n\tconnector.client.config.override.policy = All\n\theader.converter = class org.apache.kafka.connect.storage.SimpleHeaderConverter\n\tkey.converter = class org.apache.kafka.connect.json.JsonConverter\n\tlisteners = [http://:8083]\n\tmetric.reporters = []\n\tmetrics.num.samples = 2\n\tmetrics.recording.level = INFO\n\tmetrics.sample.window.ms = 30000\n\toffset.flush.interval.ms = 1000\n\toffset.flush.timeout.ms = 5000\n\toffset.storage.file.filename = /tmp/cdc-state-offset18191171171920233879/offset.dat\n\tplugin.path = null\n\tresponse.http.headers.config = \n\trest.advertised.host.name = null\n\trest.advertised.listener = null\n\trest.advertised.port = null\n\trest.extension.classes = []\n\tssl.cipher.suites = null\n\tssl.client.auth = none\n\tssl.enabled.protocols = [TLSv1.2, TLSv1.3]\n\tssl.endpoint.identification.algorithm = https\n\tssl.engine.factory.class = null\n\tssl.key.password = null\n\tssl.keymanager.algorithm = SunX509\n\tssl.keystore.certificate.chain = null\n\tssl.keystore.key = null\n\tssl.keystore.location = null\n\tssl.keystore.password = null\n\tssl.keystore.type = JKS\n\tssl.protocol = TLSv1.3\n\tssl.provider = null\n\tssl.secure.random.implementation = null\n\tssl.trustmanager.algorithm = PKIX\n\tssl.truststore.certificates = null\n\tssl.truststore.location = null\n\tssl.truststore.password = null\n\tssl.truststore.type = JKS\n\ttask.shutdown.graceful.timeout.ms = 5000\n\ttopic.creation.enable = true\n\ttopic.tracking.allow.reset = true\n\ttopic.tracking.enable = true\n\tvalue.converter = class org.apache.kafka.connect.json.JsonConverter\n"}}
{"type":"LOG","log":{"level":"WARN","message":"WARN o.a.k.c.r.WorkerConfig(logPluginPathConfigProviderWarning):379 Variables cannot be used in the 'plugin.path' property, since the property is used by plugin scanning before the config providers that replace the variables are initialized. The raw value 'null' was used for plugin scanning, as opposed to the transformed value 'null', and this may cause unexpected results."}}
{"type":"LOG","log":{"level":"INFO","message":"INFO o.a.k.c.s.FileOffsetBackingStore(start):58 Starting FileOffsetBackingStore with file /tmp/cdc-state-offset18191171171920233879/offset.dat"}}
{"type":"LOG","log":{"level":"INFO","message":"INFO o.a.k.c.c.AbstractConfig(logAll):376 JsonConverterConfig values: \n\tconverter.type = key\n\tdecimal.format = BASE64\n\tschemas.cache.size = 1000\n\tschemas.enable = false\n"}}
{"type":"LOG","log":{"level":"INFO","message":"INFO o.a.k.c.c.AbstractConfig(logAll):376 JsonConverterConfig values: \n\tconverter.type = value\n\tdecimal.format = BASE64\n\tschemas.cache.size = 1000\n\tschemas.enable = false\n"}}
{"type":"LOG","log":{"level":"INFO","message":"INFO i.a.i.d.i.p.PostgresDebeziumStateUtil(extractLsn):201 Found previous partition offset PostgresPartition [sourcePartition={server=db_kqoclebyqc}]: {transaction_id=null, lsn=23903320, txId=505, ts_usec=1684592256448742}"}}
{"type":"LOG","log":{"level":"INFO","message":"INFO i.a.i.d.i.p.PostgresDebeziumStateUtil(parseSavedOffset):181 Closing offsetStorageReader and fileOffsetBackingStore"}}
{"type":"LOG","log":{"level":"INFO","message":"INFO o.a.k.c.s.FileOffsetBackingStore(stop):66 Stopped FileOffsetBackingStore"}}
{"type":"LOG","log":{"level":"INFO","message":"INFO i.a.i.s.p.PostgresSource(lambda$getReplicationSlot$4):296 Attempting to find the named replication slot using the query: HikariProxyPreparedStatement@1048224457 wrapping SELECT * FROM pg_replication_slots WHERE slot_name = 'debezium_slot_db_kqoclebyqc' AND plugin = 'pgoutput' AND database = 'db_kqoclebyqc'"}}
{"type":"LOG","log":{"level":"INFO","message":"INFO i.a.d.j.s.AdaptiveStreamingQueryConfig(initialize):31 Set initial fetch size: 10 rows"}}
{"type":"LOG","log":{"level":"INFO","message":"INFO i.a.i.d.i.p.PostgresDebeziumStateUtil(isSavedOffsetAfterReplicationSlotLSN):62 Replication slot confirmed_flush_lsn : 23907064 Saved offset LSN : 23903320"}}
{"type":"LOG","log":{"level":"WARN","message":"WARN i.a.i.s.p.PostgresSource(getIncrementalIterators):397 Saved offset is before Replication slot's confirmed_flush_lsn, Airbyte will trigger sync from scratch"}}
{"type":"LOG","log":{"level":"INFO","message":"INFO i.a.i.d.i.p.PostgresCdcTargetPosition(targetPosition):49 identified target lsn: PgLsn{lsn=23907304}"}}
{"type":"LOG","log":{"level":"INFO","message":"INFO i.a.i.s.p.PostgresUtils(shouldFlushAfterSync):61 Should flush after sync: false"}}
{"type":"LOG","log":{"level":"INFO","message":"INFO i.a.i.d.AirbyteDebeziumHandler(getIncrementalIterators):95 Using CDC: true"}}
{"type":"LOG","log":{"level":"INFO","message":"INFO o.a.k.c.c.AbstractConfig(logAll):376 JsonConverterConfig values: \n\tconverter.type = key\n\tdecimal.format = BASE64\n\tschemas.cache.size = 1000\n\tschemas.enable = false\n"}}
{"type":"LOG","log":{"level":"INFO","message":"INFO o.a.k.c.c.AbstractConfig(logAll):376 JsonConverterConfig values: \n\tconverter.type = value\n\tdecimal.format = BASE64\n\tschemas.cache.size = 1000\n\tschemas.enable = false\n"}}
{"type":"LOG","log":{"level":"INFO","message":"INFO o.a.k.c.c.AbstractConfig(logAll):376 EmbeddedConfig values: \n\taccess.control.allow.methods = \n\taccess.control.allow.origin = \n\tadmin.listeners = null\n\tauto.include.jmx.reporter = true\n\tbootstrap.servers = [localhost:9092]\n\tclient.dns.lookup = use_all_dns_ips\n\tconfig.providers = []\n\tconnector.client.config.override.policy = All\n\theader.converter = class org.apache.kafka.connect.storage.SimpleHeaderConverter\n\tkey.converter = class org.apache.kafka.connect.json.JsonConverter\n\tlisteners = [http://:8083]\n\tmetric.reporters = []\n\tmetrics.num.samples = 2\n\tmetrics.recording.level = INFO\n\tmetrics.sample.window.ms = 30000\n\toffset.flush.interval.ms = 1000\n\toffset.flush.timeout.ms = 5000\n\toffset.storage.file.filename = /tmp/cdc-state-offset2245802673672260192/offset.dat\n\toffset.storage.partitions = null\n\toffset.storage.replication.factor = null\n\toffset.storage.topic = \n\tplugin.path = null\n\tresponse.http.headers.config = \n\trest.advertised.host.name = null\n\trest.advertised.listener = null\n\trest.advertised.port = null\n\trest.extension.classes = []\n\tssl.cipher.suites = null\n\tssl.client.auth = none\n\tssl.enabled.protocols = [TLSv1.2, TLSv1.3]\n\tssl.endpoint.identification.algorithm = https\n\tssl.engine.factory.class = null\n\tssl.key.password = null\n\tssl.keymanager.algorithm = SunX509\n\tssl.keystore.certificate.chain = null\n\tssl.keystore.key = null\n\tssl.keystore.location = null\n\tssl.keystore.password = null\n\tssl.keystore.type = JKS\n\tssl.protocol = TLSv1.3\n\tssl.provider = null\n\tssl.secure.random.implementation = null\n\tssl.trustmanager.algorithm = PKIX\n\tssl.truststore.certificates = null\n\tssl.truststore.location = null\n\tssl.truststore.password = null\n\tssl.truststore.type = JKS\n\ttask.shutdown.graceful.timeout.ms = 5000\n\ttopic.creation.enable = true\n\ttopic.tracking.allow.reset = true\n\ttopic.tracking.enable = true\n\tvalue.converter = class org.apache.kafka.connect.json.JsonConverter\n"}}
{"type":"LOG","log":{"level":"WARN","message":"WARN o.a.k.c.r.WorkerConfig(logPluginPathConfigProviderWarning):379 Variables cannot be used in the 'plugin.path' property, since the property is used by plugin scanning before the config providers that replace the variables are initialized. The raw value 'null' was used for plugin scanning, as opposed to the transformed value 'null', and this may cause unexpected results."}}
{"type":"LOG","log":{"level":"INFO","message":"INFO o.a.k.c.c.AbstractConfig(logAll):376 JsonConverterConfig values: \n\tconverter.type = key\n\tdecimal.format = BASE64\n\tschemas.cache.size = 1000\n\tschemas.enable = false\n"}}
{"type":"LOG","log":{"level":"INFO","message":"INFO o.a.k.c.c.AbstractConfig(logAll):376 JsonConverterConfig values: \n\tconverter.type = value\n\tdecimal.format = BASE64\n\tschemas.cache.size = 1000\n\tschemas.enable = false\n"}}
{"type":"LOG","log":{"level":"INFO","message":"INFO i.d.c.p.PostgresConnector(testConnection):154 Successfully tested connection for jdbc:postgresql://localhost:56387/db_kqoclebyqc with user 'test'"}}
{"type":"LOG","log":{"level":"INFO","message":"INFO i.d.j.JdbcConnection(lambda$doClose$4):947 Connection gracefully closed"}}
{"type":"LOG","log":{"level":"INFO","message":"INFO o.a.k.c.s.FileOffsetBackingStore(start):58 Starting FileOffsetBackingStore with file /tmp/cdc-state-offset2245802673672260192/offset.dat"}}
{"type":"LOG","log":{"level":"INFO","message":"INFO i.d.c.c.BaseSourceTask(start):124 Starting PostgresConnectorTask with configuration:"}}
{"type":"LOG","log":{"level":"INFO","message":"INFO i.d.c.c.BaseSourceTask(lambda$start$0):126    connector.class = io.debezium.connector.postgresql.PostgresConnector"}}
{"type":"LOG","log":{"level":"INFO","message":"INFO i.d.c.c.BaseSourceTask(lambda$start$0):126    max.queue.size = 8192"}}
{"type":"LOG","log":{"level":"INFO","message":"INFO i.d.c.c.BaseSourceTask(lambda$start$0):126    slot.name = debezium_slot_db_kqoclebyqc"}}
{"type":"LOG","log":{"level":"INFO","message":"INFO i.d.c.c.BaseSourceTask(lambda$start$0):126    publication.name = publication"}}
{"type":"LOG","log":{"level":"INFO","message":"INFO i.d.c.c.BaseSourceTask(lambda$start$0):126    topic.prefix = db_kqoclebyqc"}}
{"type":"LOG","log":{"level":"INFO","message":"INFO i.d.c.c.BaseSourceTask(lambda$start$0):126    offset.storage.file.filename = /tmp/cdc-state-offset2245802673672260192/offset.dat"}}
{"type":"LOG","log":{"level":"INFO","message":"INFO i.d.c.c.BaseSourceTask(lambda$start$0):126    decimal.handling.mode = string"}}
{"type":"LOG","log":{"level":"INFO","message":"INFO i.d.c.c.BaseSourceTask(lambda$start$0):126    converters = datetime"}}
{"type":"LOG","log":{"level":"INFO","message":"INFO i.d.c.c.BaseSourceTask(lambda$start$0):126    errors.retry.delay.initial.ms = 299"}}
{"type":"LOG","log":{"level":"INFO","message":"INFO i.d.c.c.BaseSourceTask(lambda$start$0):126    datetime.type = io.airbyte.integrations.debezium.internals.postgres.PostgresConverter"}}
{"type":"LOG","log":{"level":"INFO","message":"INFO i.d.c.c.BaseSourceTask(lambda$start$0):126    value.converter = org.apache.kafka.connect.json.JsonConverter"}}
{"type":"LOG","log":{"level":"INFO","message":"INFO i.d.c.c.BaseSourceTask(lambda$start$0):126    key.converter = org.apache.kafka.connect.json.JsonConverter"}}
{"type":"LOG","log":{"level":"INFO","message":"INFO i.d.c.c.BaseSourceTask(lambda$start$0):126    publication.autocreate.mode = disabled"}}
{"type":"LOG","log":{"level":"INFO","message":"INFO i.d.c.c.BaseSourceTask(lambda$start$0):126    database.user = test"}}
{"type":"LOG","log":{"level":"INFO","message":"INFO i.d.c.c.BaseSourceTask(lambda$start$0):126    database.dbname = db_kqoclebyqc"}}
{"type":"LOG","log":{"level":"INFO","message":"INFO i.d.c.c.BaseSourceTask(lambda$start$0):126    offset.storage = org.apache.kafka.connect.storage.FileOffsetBackingStore"}}
{"type":"LOG","log":{"level":"INFO","message":"INFO i.d.c.c.BaseSourceTask(lambda$start$0):126    errors.retry.delay.max.ms = 300"}}
{"type":"LOG","log":{"level":"INFO","message":"INFO i.d.c.c.BaseSourceTask(lambda$start$0):126    offset.flush.timeout.ms = 5000"}}
{"type":"LOG","log":{"level":"INFO","message":"INFO i.d.c.c.BaseSourceTask(lambda$start$0):126    heartbeat.interval.ms = 10000"}}
{"type":"LOG","log":{"level":"INFO","message":"INFO i.d.c.c.BaseSourceTask(lambda$start$0):126    column.include.list = \\Qmodels_schema.models\\E\\.(\\Qmodel\\E|\\Qid\\E|\\Qmake_id\\E)"}}
{"type":"LOG","log":{"level":"INFO","message":"INFO i.d.c.c.BaseSourceTask(lambda$start$0):126    plugin.name = pgoutput"}}
{"type":"LOG","log":{"level":"INFO","message":"INFO i.d.c.c.BaseSourceTask(lambda$start$0):126    database.port = 56387"}}
{"type":"LOG","log":{"level":"INFO","message":"INFO i.d.c.c.BaseSourceTask(lambda$start$0):126    offset.flush.interval.ms = 1000"}}
{"type":"LOG","log":{"level":"INFO","message":"INFO i.d.c.c.BaseSourceTask(lambda$start$0):126    key.converter.schemas.enable = false"}}
{"type":"LOG","log":{"level":"INFO","message":"INFO i.d.c.c.BaseSourceTask(lambda$start$0):126    include.unknown.datatypes = true"}}
{"type":"LOG","log":{"level":"INFO","message":"INFO i.d.c.c.BaseSourceTask(lambda$start$0):126    errors.max.retries = 10"}}
{"type":"LOG","log":{"level":"INFO","message":"INFO i.d.c.c.BaseSourceTask(lambda$start$0):126    database.hostname = localhost"}}
{"type":"LOG","log":{"level":"INFO","message":"INFO i.d.c.c.BaseSourceTask(lambda$start$0):126    database.password = ********"}}
{"type":"LOG","log":{"level":"INFO","message":"INFO i.d.c.c.BaseSourceTask(lambda$start$0):126    value.converter.schemas.enable = false"}}
{"type":"LOG","log":{"level":"INFO","message":"INFO i.d.c.c.BaseSourceTask(lambda$start$0):126    name = db_kqoclebyqc"}}
{"type":"LOG","log":{"level":"INFO","message":"INFO i.d.c.c.BaseSourceTask(lambda$start$0):126    max.batch.size = 2048"}}
{"type":"LOG","log":{"level":"INFO","message":"INFO i.d.c.c.BaseSourceTask(lambda$start$0):126    table.include.list = \\Qmodels_schema.models\\E"}}
{"type":"LOG","log":{"level":"INFO","message":"INFO i.d.c.c.BaseSourceTask(lambda$start$0):126    snapshot.mode = initial"}}
{"type":"LOG","log":{"level":"INFO","message":"INFO i.d.c.c.BaseSourceTask(startIfNeededAndPossible):243 Attempting to start task"}}
{"type":"LOG","log":{"level":"INFO","message":"INFO i.d.c.CommonConnectorConfig(getTopicNamingStrategy):849 Loading the custom topic naming strategy plugin: io.debezium.schema.SchemaTopicNamingStrategy"}}
{"type":"LOG","log":{"level":"INFO","message":"INFO i.d.j.JdbcConnection(lambda$doClose$4):947 Connection gracefully closed"}}
{"type":"LOG","log":{"level":"INFO","message":"INFO i.d.c.c.BaseSourceTask(getPreviousOffsets):375 No previous offsets found"}}
{"type":"LOG","log":{"level":"INFO","message":"INFO i.d.c.p.PostgresConnectorTask(start):113 user 'test' connected to database 'db_kqoclebyqc' on PostgreSQL 13.11 on x86_64-pc-linux-musl, compiled by gcc (Alpine 12.2.1_git20220924-r10) 12.2.1 20220924, 64-bit with roles:\n\trole 'pg_read_all_settings' [superuser: false, replication: false, inherit: true, create role: false, create db: false, can log in: false]\n\trole 'pg_stat_scan_tables' [superuser: false, replication: false, inherit: true, create role: false, create db: false, can log in: false]\n\trole 'pg_write_server_files' [superuser: false, replication: false, inherit: true, create role: false, create db: false, can log in: false]\n\trole 'test' [superuser: true, replication: true, inherit: true, create role: true, create db: true, can log in: true]\n\trole 'pg_monitor' [superuser: false, replication: false, inherit: true, create role: false, create db: false, can log in: false]\n\trole 'pg_read_server_files' [superuser: false, replication: false, inherit: true, create role: false, create db: false, can log in: false]\n\trole 'pg_execute_server_program' [superuser: false, replication: false, inherit: true, create role: false, create db: false, can log in: false]\n\trole 'pg_read_all_stats' [superuser: false, replication: false, inherit: true, create role: false, create db: false, can log in: false]\n\trole 'pg_signal_backend' [superuser: false, replication: false, inherit: true, create role: false, create db: false, can log in: false]"}}
{"type":"LOG","log":{"level":"INFO","message":"INFO i.d.c.p.c.PostgresConnection(readReplicationSlotInfo):264 Obtained valid replication slot ReplicationSlot [active=false, latestFlushedLsn=LSN{0/16CCAF8}, catalogXmin=504]"}}
{"type":"LOG","log":{"level":"INFO","message":"INFO i.d.c.p.PostgresConnectorTask(start):122 No previous offset found"}}
{"type":"LOG","log":{"level":"INFO","message":"INFO i.d.u.Threads(threadFactory):270 Requested thread factory for connector PostgresConnector, id = db_kqoclebyqc named = change-event-source-coordinator"}}
{"type":"LOG","log":{"level":"INFO","message":"INFO i.d.u.Threads$3(newThread):287 Creating thread debezium-postgresconnector-db_kqoclebyqc-change-event-source-coordinator"}}
{"type":"LOG","log":{"level":"INFO","message":"INFO i.d.c.c.BaseSourceTask(startIfNeededAndPossible):245 Successfully started task"}}
{"type":"LOG","log":{"level":"INFO","message":"INFO i.d.p.ChangeEventSourceCoordinator(lambda$start$0):103 Metrics registered"}}
{"type":"LOG","log":{"level":"INFO","message":"INFO i.d.p.ChangeEventSourceCoordinator(lambda$start$0):106 Context created"}}
{"type":"LOG","log":{"level":"INFO","message":"INFO i.d.c.p.s.InitialSnapshotter(shouldSnapshot):34 Taking initial snapshot for new datasource"}}
{"type":"LOG","log":{"level":"INFO","message":"INFO i.d.c.p.PostgresSnapshotChangeEventSource(getSnapshottingTask):65 According to the connector configuration data will be snapshotted"}}
{"type":"LOG","log":{"level":"INFO","message":"INFO i.d.r.RelationalSnapshotChangeEventSource(doExecute):110 Snapshot step 1 - Preparing"}}
{"type":"LOG","log":{"level":"INFO","message":"INFO i.d.r.RelationalSnapshotChangeEventSource(doExecute):119 Snapshot step 2 - Determining captured tables"}}
{"type":"LOG","log":{"level":"INFO","message":"INFO i.d.r.RelationalSnapshotChangeEventSource(determineCapturedTables):267 Adding table models_schema.models to the list of capture schema tables"}}
{"type":"LOG","log":{"level":"INFO","message":"INFO i.d.r.RelationalSnapshotChangeEventSource(determineCapturedTables):267 Adding table models_schema_random.models_random to the list of capture schema tables"}}
{"type":"LOG","log":{"level":"INFO","message":"INFO i.d.r.RelationalSnapshotChangeEventSource(doExecute):126 Snapshot step 3 - Locking captured tables [models_schema.models]"}}
{"type":"LOG","log":{"level":"INFO","message":"INFO i.d.r.RelationalSnapshotChangeEventSource(doExecute):132 Snapshot step 4 - Determining snapshot offset"}}
{"type":"LOG","log":{"level":"INFO","message":"INFO i.d.c.p.PostgresOffsetContext(initialContext):233 Creating initial offset context"}}
{"type":"LOG","log":{"level":"INFO","message":"INFO i.d.c.p.PostgresOffsetContext(initialContext):236 Read xlogStart at 'LSN{0/16CCBE8}' from transaction '527'"}}
{"type":"LOG","log":{"level":"INFO","message":"INFO i.d.c.p.PostgresSnapshotChangeEventSource(updateOffsetForSnapshot):147 Read xlogStart at 'LSN{0/16CCBE8}' from transaction '527'"}}
{"type":"LOG","log":{"level":"INFO","message":"INFO i.d.r.RelationalSnapshotChangeEventSource(doExecute):135 Snapshot step 5 - Reading structure of captured tables"}}
{"type":"LOG","log":{"level":"INFO","message":"INFO i.d.c.p.PostgresSnapshotChangeEventSource(readTableStructure):193 Reading structure of schema 'models_schema' of catalog 'db_kqoclebyqc'"}}
{"type":"LOG","log":{"level":"INFO","message":"INFO i.d.r.RelationalSnapshotChangeEventSource(doExecute):139 Snapshot step 5.a - Creating connection pool"}}
{"type":"LOG","log":{"level":"INFO","message":"INFO i.d.r.RelationalSnapshotChangeEventSource(createConnectionPool):213 Created connection pool with 1 threads"}}
{"type":"LOG","log":{"level":"INFO","message":"INFO i.d.r.RelationalSnapshotChangeEventSource(doExecute):144 Snapshot step 6 - Persisting schema history"}}
{"type":"LOG","log":{"level":"INFO","message":"INFO i.d.r.RelationalSnapshotChangeEventSource(doExecute):156 Snapshot step 7 - Snapshotting data"}}
{"type":"LOG","log":{"level":"INFO","message":"INFO i.d.r.RelationalSnapshotChangeEventSource(createDataEvents):390 Creating snapshot worker pool with 1 worker thread(s)"}}
{"type":"LOG","log":{"level":"INFO","message":"INFO i.d.r.RelationalSnapshotChangeEventSource(createDataEvents):399 For table 'models_schema.models' using select statement: 'SELECT \"id\", \"make_id\", \"model\" FROM \"models_schema\".\"models\"'"}}
{"type":"LOG","log":{"level":"INFO","message":"INFO i.d.r.RelationalSnapshotChangeEventSource(doCreateDataEventsForTable):513 Exporting data from table 'models_schema.models' (1 of 1 tables)"}}
{"type":"LOG","log":{"level":"INFO","message":"INFO i.d.r.RelationalSnapshotChangeEventSource(doCreateDataEventsForTable):559 \t Finished exporting 27 records for table 'models_schema.models' (1 of 1 tables); total duration '00:00:00.011'"}}
{"type":"LOG","log":{"level":"INFO","message":"INFO i.d.p.s.AbstractSnapshotChangeEventSource(execute):88 Snapshot - Final stage"}}
{"type":"LOG","log":{"level":"INFO","message":"INFO i.d.p.s.AbstractSnapshotChangeEventSource(execute):92 Snapshot completed"}}
{"type":"LOG","log":{"level":"INFO","message":"INFO i.d.p.ChangeEventSourceCoordinator(doSnapshot):156 Snapshot ended with SnapshotResult [status=COMPLETED, offset=PostgresOffsetContext [sourceInfoSchema=Schema{io.debezium.connector.postgresql.Source:STRUCT}, sourceInfo=source_info[server='db_kqoclebyqc'db='db_kqoclebyqc', lsn=LSN{0/16CCBE8}, txId=527, timestamp=2023-05-20T14:18:08.198648Z, snapshot=FALSE, schema=models_schema, table=models], lastSnapshotRecord=true, lastCompletelyProcessedLsn=null, lastCommitLsn=null, streamingStoppingLsn=null, transactionContext=TransactionContext [currentTransactionId=null, perTableEventCount={}, totalEventCount=0], incrementalSnapshotContext=IncrementalSnapshotContext [windowOpened=false, chunkEndPosition=null, dataCollectionsToSnapshot=[], lastEventKeySent=null, maximumKey=null]]]"}}
{"type":"LOG","log":{"level":"INFO","message":"INFO i.d.p.ChangeEventSourceCoordinator(streamingConnected):240 Connected metrics set to 'true'"}}
{"type":"LOG","log":{"level":"INFO","message":"INFO i.d.c.p.PostgresSchema(printReplicaIdentityInfo):100 REPLICA IDENTITY for 'models_schema.models' is 'DEFAULT'; UPDATE and DELETE events will contain previous values only for PK columns"}}
{"type":"LOG","log":{"level":"INFO","message":"INFO i.d.p.ChangeEventSourceCoordinator(streamEvents):173 Starting streaming"}}
{"type":"LOG","log":{"level":"INFO","message":"INFO i.d.c.p.PostgresStreamingChangeEventSource(execute):136 Retrieved latest position from stored offset 'LSN{0/16CCBE8}'"}}
{"type":"LOG","log":{"level":"INFO","message":"INFO i.d.c.p.c.WalPositionLocator(<init>):48 Looking for WAL restart position for last commit LSN 'null' and last change LSN 'LSN{0/16CCBE8}'"}}
{"type":"LOG","log":{"level":"INFO","message":"INFO i.d.c.p.c.PostgresReplicationConnection(initPublication):147 Initializing PgOutput logical decoder publication"}}
{"type":"LOG","log":{"level":"INFO","message":"INFO i.d.c.p.c.PostgresConnection(readReplicationSlotInfo):264 Obtained valid replication slot ReplicationSlot [active=false, latestFlushedLsn=LSN{0/16CCAF8}, catalogXmin=504]"}}
{"type":"LOG","log":{"level":"INFO","message":"INFO i.d.j.JdbcConnection(lambda$doClose$4):947 Connection gracefully closed"}}
{"type":"LOG","log":{"level":"INFO","message":"INFO i.d.c.p.c.PostgresReplicationConnection(validateSlotIsInExpectedState):364 Seeking to LSN{0/16CCBE8} on the replication slot with command SELECT pg_replication_slot_advance('debezium_slot_db_kqoclebyqc', '0/16CCBE8')"}}
{"type":"LOG","log":{"level":"INFO","message":"INFO i.a.i.d.i.p.PostgresCdcTargetPosition(reachedTargetPosition):61 Signalling close because Snapshot is complete"}}
{"type":"LOG","log":{"level":"INFO","message":"INFO i.a.i.d.i.DebeziumRecordIterator(requestClose):208 Closing: Change event reached target position"}}
{"type":"LOG","log":{"level":"INFO","message":"INFO i.d.e.EmbeddedEngine(stop):1146 Stopping the embedded engine"}}
{"type":"LOG","log":{"level":"INFO","message":"INFO i.d.e.EmbeddedEngine(stop):1153 Waiting for PT5M for connector to stop"}}
{"type":"LOG","log":{"level":"INFO","message":"INFO i.d.u.Threads(threadFactory):270 Requested thread factory for connector PostgresConnector, id = db_kqoclebyqc named = keep-alive"}}
{"type":"LOG","log":{"level":"INFO","message":"INFO i.d.u.Threads$3(newThread):287 Creating thread debezium-postgresconnector-db_kqoclebyqc-keep-alive"}}
{"type":"LOG","log":{"level":"INFO","message":"INFO i.d.c.p.PostgresSchema(printReplicaIdentityInfo):100 REPLICA IDENTITY for 'models_schema.models' is 'DEFAULT'; UPDATE and DELETE events will contain previous values only for PK columns"}}
{"type":"LOG","log":{"level":"INFO","message":"INFO i.d.c.p.PostgresStreamingChangeEventSource(searchWalPosition):327 Searching for WAL resume position"}}
{"type":"LOG","log":{"level":"INFO","message":"INFO i.d.e.EmbeddedEngine(run):944 Stopping the task and engine"}}
{"type":"LOG","log":{"level":"INFO","message":"INFO i.d.c.c.BaseSourceTask(stop):278 Stopping down connector"}}
{"type":"LOG","log":{"level":"INFO","message":"INFO i.d.c.p.PostgresStreamingChangeEventSource(searchWalPosition):348 WAL resume position 'null' discovered"}}
{"type":"LOG","log":{"level":"INFO","message":"INFO i.d.j.JdbcConnection(lambda$doClose$4):947 Connection gracefully closed"}}
{"type":"LOG","log":{"level":"INFO","message":"INFO i.d.j.JdbcConnection(lambda$doClose$4):947 Connection gracefully closed"}}
{"type":"LOG","log":{"level":"INFO","message":"INFO i.d.c.p.c.PostgresReplicationConnection(initPublication):147 Initializing PgOutput logical decoder publication"}}
{"type":"LOG","log":{"level":"INFO","message":"INFO i.d.c.p.c.PostgresReplicationConnection(validateSlotIsInExpectedState):364 Seeking to LSN{0/16CCBE8} on the replication slot with command SELECT pg_replication_slot_advance('debezium_slot_db_kqoclebyqc', '0/16CCBE8')"}}
{"type":"LOG","log":{"level":"INFO","message":"INFO i.d.u.Threads(threadFactory):270 Requested thread factory for connector PostgresConnector, id = db_kqoclebyqc named = keep-alive"}}
{"type":"LOG","log":{"level":"INFO","message":"INFO i.d.u.Threads$3(newThread):287 Creating thread debezium-postgresconnector-db_kqoclebyqc-keep-alive"}}
{"type":"LOG","log":{"level":"INFO","message":"INFO i.d.c.p.PostgresStreamingChangeEventSource(processMessages):211 Processing messages"}}
{"type":"LOG","log":{"level":"INFO","message":"INFO i.d.j.JdbcConnection(lambda$doClose$4):947 Connection gracefully closed"}}
{"type":"LOG","log":{"level":"INFO","message":"INFO i.d.j.JdbcConnection(lambda$doClose$4):947 Connection gracefully closed"}}
{"type":"LOG","log":{"level":"INFO","message":"INFO i.d.p.ChangeEventSourceCoordinator(streamEvents):175 Finished streaming"}}
{"type":"LOG","log":{"level":"INFO","message":"INFO i.d.p.ChangeEventSourceCoordinator(streamingConnected):240 Connected metrics set to 'false'"}}
{"type":"LOG","log":{"level":"INFO","message":"INFO o.a.k.c.s.FileOffsetBackingStore(stop):66 Stopped FileOffsetBackingStore"}}
{"type":"LOG","log":{"level":"INFO","message":"INFO i.a.i.d.i.DebeziumRecordPublisher(lambda$start$1):73 Debezium engine shutdown."}}
{"type":"LOG","log":{"level":"INFO","message":"INFO i.a.i.d.i.DebeziumRecordPublisher(lambda$start$1):74 Connector 'io.debezium.connector.postgresql.PostgresConnector' completed normally."}}
{"type":"LOG","log":{"level":"INFO","message":"INFO i.a.i.s.p.PostgresCdcStateHandler(saveState):37 debezium state: {\"[\\\"db_kqoclebyqc\\\",{\\\"server\\\":\\\"db_kqoclebyqc\\\"}]\":\"{\\\"transaction_id\\\":null,\\\"lsn\\\":23907304,\\\"txId\\\":527,\\\"ts_usec\\\":1684592288198648}\"}"}}
{"type":"LOG","log":{"level":"INFO","message":"INFO i.a.i.s.r.AbstractDbSource(lambda$read$1):173 Closing database connection pool."}}
{"type":"LOG","log":{"level":"INFO","message":"INFO c.z.h.HikariDataSource(close):350 HikariPool-58 - Shutdown initiated..."}}
{"type":"LOG","log":{"level":"INFO","message":"INFO c.z.h.HikariDataSource(close):352 HikariPool-58 - Shutdown completed."}}
{"type":"LOG","log":{"level":"INFO","message":"INFO i.a.i.s.r.AbstractDbSource(lambda$read$1):175 Closed database connection pool."}}
{"type":"LOG","log":{"level":"INFO","message":"INFO o.t.c.GenericContainer(tryStart):376 Creating container for image: debezium/postgres:13-alpine"}}
{"type":"LOG","log":{"level":"INFO","message":"INFO o.t.c.GenericContainer(tryStart):440 Container debezium/postgres:13-alpine is starting: c15235caa774e927d93b8e1519ea452f87340957ebce45e6550880c4edde04e1"}}
{"type":"LOG","log":{"level":"INFO","message":"INFO o.t.c.GenericContainer(tryStart):520 Container debezium/postgres:13-alpine started in PT9.569683S"}}
{"type":"LOG","log":{"level":"INFO","message":"INFO c.z.h.HikariDataSource(<init>):80 HikariPool-59 - Starting..."}}
{"type":"LOG","log":{"level":"INFO","message":"INFO c.z.h.HikariDataSource(<init>):82 HikariPool-59 - Start completed."}}
{"type":"LOG","log":{"level":"INFO","message":"INFO c.z.h.HikariDataSource(<init>):80 HikariPool-60 - Starting..."}}
{"type":"LOG","log":{"level":"INFO","message":"INFO c.z.h.HikariDataSource(<init>):82 HikariPool-60 - Start completed."}}
{"type":"LOG","log":{"level":"INFO","message":"INFO i.a.i.d.i.p.PostgresCdcTargetPosition(targetPosition):49 identified target lsn: PgLsn{lsn=23903320}"}}
]]></system-out>
  <system-err><![CDATA[]]></system-err>
</testsuite>
