<?xml version="1.0" encoding="UTF-8"?>
<testsuite name="io.airbyte.integrations.source.postgres.PostgresUtilsTest" tests="3" skipped="0" failures="0" errors="0" timestamp="2023-05-20T13:44:49" hostname="MacBook-Pro-3" time="0.04">
  <properties/>
  <testcase name="testGetFirstRecordWaitTime()" classname="io.airbyte.integrations.source.postgres.PostgresUtilsTest" time="0.017"/>
  <testcase name="shouldFlushAfterSync()" classname="io.airbyte.integrations.source.postgres.PostgresUtilsTest" time="0.018"/>
  <testcase name="testIsCdc()" classname="io.airbyte.integrations.source.postgres.PostgresUtilsTest" time="0.003"/>
  <system-out><![CDATA[{"type":"LOG","log":{"level":"INFO","message":"INFO i.a.i.s.p.PostgresUtils(getFirstRecordWaitTime):111 First record waiting time: 300 seconds"}}
{"type":"LOG","log":{"level":"INFO","message":"INFO i.a.i.s.p.PostgresUtils(getFirstRecordWaitTime):111 First record waiting time: 500 seconds"}}
{"type":"LOG","log":{"level":"WARN","message":"WARN i.a.i.s.p.PostgresUtils(getFirstRecordWaitTime):101 First record waiting time is overridden to 2 minutes, which is the min time allowed for safety."}}
{"type":"LOG","log":{"level":"INFO","message":"INFO i.a.i.s.p.PostgresUtils(getFirstRecordWaitTime):111 First record waiting time: 120 seconds"}}
{"type":"LOG","log":{"level":"WARN","message":"WARN i.a.i.s.p.PostgresUtils(getFirstRecordWaitTime):105 First record waiting time is overridden to 20 minutes, which is the max time allowed for safety."}}
{"type":"LOG","log":{"level":"INFO","message":"INFO i.a.i.s.p.PostgresUtils(getFirstRecordWaitTime):111 First record waiting time: 1200 seconds"}}
{"type":"LOG","log":{"level":"INFO","message":"INFO i.a.i.s.p.PostgresUtils(shouldFlushAfterSync):61 Should flush after sync: true"}}
{"type":"LOG","log":{"level":"INFO","message":"INFO i.a.i.s.p.PostgresUtils(shouldFlushAfterSync):61 Should flush after sync: false"}}
{"type":"LOG","log":{"level":"INFO","message":"INFO i.a.i.s.p.PostgresUtils(isCdc):53 using CDC: false"}}
{"type":"LOG","log":{"level":"INFO","message":"INFO i.a.i.s.p.PostgresUtils(isCdc):53 using CDC: true"}}
]]></system-out>
  <system-err><![CDATA[]]></system-err>
</testsuite>
