<?xml version="1.0" encoding="UTF-8"?>
<testsuite name="io.airbyte.integrations.source.postgres.PostgresStressTest" tests="1" skipped="1" failures="0" errors="0" timestamp="2023-05-20T13:43:55" hostname="MacBook-Pro-3" time="0.0">
  <properties/>
  <testcase name="stressTest()" classname="io.airbyte.integrations.source.postgres.PostgresStressTest" time="0.0">
    <skipped/>
  </testcase>
  <system-out><![CDATA[]]></system-out>
  <system-err><![CDATA[]]></system-err>
</testsuite>
