<?xml version="1.0" encoding="UTF-8"?>
<testsuite name="io.airbyte.integrations.source.postgres.PostgresSourceOperationsTest" tests="3" skipped="0" failures="0" errors="0" timestamp="2023-05-20T13:43:51" hostname="MacBook-Pro-3" time="130.618">
  <properties/>
  <testcase name="numericColumnAsCursor()" classname="io.airbyte.integrations.source.postgres.PostgresSourceOperationsTest" time="67.419"/>
  <testcase name="timeColumnAsCursor()" classname="io.airbyte.integrations.source.postgres.PostgresSourceOperationsTest" time="28.157"/>
  <testcase name="testParseMoneyValue()" classname="io.airbyte.integrations.source.postgres.PostgresSourceOperationsTest" time="35.04"/>
  <system-out><![CDATA[{"type":"LOG","log":{"level":"INFO","message":"INFO o.t.u.ImageNameSubstitutor(instance):55 Image name substitution will be performed by: DefaultImageNameSubstitutor (composite of 'ConfigurationFileImageNameSubstitutor' and 'PrefixingImageNameSubstitutor')"}}
{"type":"LOG","log":{"level":"INFO","message":"INFO o.t.d.DockerClientProviderStrategy(lambda$loadConfiguredStrategy$9):362 Loaded org.testcontainers.dockerclient.UnixSocketClientProviderStrategy from ~/.testcontainers.properties, will try it first"}}
{"type":"LOG","log":{"level":"INFO","message":"INFO o.t.d.DockerClientProviderStrategy(tryOutStrategy):272 Found Docker environment with local Unix socket (unix:///var/run/docker.sock)"}}
{"type":"LOG","log":{"level":"INFO","message":"INFO o.t.DockerClientFactory(client):198 Docker host IP address is localhost"}}
{"type":"LOG","log":{"level":"INFO","message":"INFO o.t.DockerClientFactory(client):205 Connected to docker: \n  Server Version: 20.10.12\n  API Version: 1.41\n  Operating System: Docker Desktop\n  Total Memory: 1985 MB"}}
{"type":"LOG","log":{"level":"INFO","message":"INFO o.t.c.GenericContainer(tryStart):376 Creating container for image: testcontainers/ryuk:0.3.4"}}
{"type":"LOG","log":{"level":"INFO","message":"INFO o.t.c.GenericContainer(tryStart):440 Container testcontainers/ryuk:0.3.4 is starting: 10a4420e3a19ae8fcd17fb380c1cd9292b5c3283859d0ce91ebb295ba3357669"}}
{"type":"LOG","log":{"level":"INFO","message":"INFO o.t.c.GenericContainer(tryStart):520 Container testcontainers/ryuk:0.3.4 started in PT8.814201S"}}
{"type":"LOG","log":{"level":"INFO","message":"INFO o.t.u.RyukResourceReaper(init):43 Ryuk started - will monitor and terminate Testcontainers containers on JVM exit"}}
{"type":"LOG","log":{"level":"INFO","message":"INFO o.t.DockerClientFactory(client):235 Checking the system..."}}
{"type":"LOG","log":{"level":"INFO","message":"INFO o.t.DockerClientFactory(check):256 ✔︎ Docker server version should be at least 1.6.0"}}
{"type":"LOG","log":{"level":"INFO","message":"INFO o.t.c.GenericContainer(tryStart):376 Creating container for image: postgres:14-alpine"}}
{"type":"LOG","log":{"level":"INFO","message":"INFO o.t.c.GenericContainer(tryStart):440 Container postgres:14-alpine is starting: 11159dd4394f3be3c8ad0694fab4521cbdbe300d21a880d08aa5c7db4742d139"}}
{"type":"LOG","log":{"level":"INFO","message":"INFO o.t.c.GenericContainer(tryStart):520 Container postgres:14-alpine started in PT44.95826S"}}
{"type":"LOG","log":{"level":"INFO","message":"INFO c.z.h.HikariDataSource(<init>):80 HikariPool-1 - Starting..."}}
{"type":"LOG","log":{"level":"INFO","message":"INFO c.z.h.HikariDataSource(<init>):82 HikariPool-1 - Start completed."}}
{"type":"LOG","log":{"level":"INFO","message":"INFO o.j.t.JooqLogger(info):312 \n                                      \n@@@@@@@@@@@@@@@@@@@@@@@@@@@@@@@@@@@@@@\n@@@@@@@@@@@@@@@@@@@@@@@@@@@@@@@@@@@@@@\n@@@@@@@@@@@@@@@@  @@        @@@@@@@@@@\n@@@@@@@@@@@@@@@@@@@@        @@@@@@@@@@\n@@@@@@@@@@@@@@@@  @@  @@    @@@@@@@@@@\n@@@@@@@@@@  @@@@  @@  @@    @@@@@@@@@@\n@@@@@@@@@@        @@        @@@@@@@@@@\n@@@@@@@@@@@@@@@@@@@@@@@@@@@@@@@@@@@@@@\n@@@@@@@@@@@@@@@@@@@@@@@@@@@@@@@@@@@@@@\n@@@@@@@@@@        @@        @@@@@@@@@@\n@@@@@@@@@@    @@  @@  @@@@  @@@@@@@@@@\n@@@@@@@@@@    @@  @@  @@@@  @@@@@@@@@@\n@@@@@@@@@@        @@  @  @  @@@@@@@@@@\n@@@@@@@@@@        @@        @@@@@@@@@@\n@@@@@@@@@@@@@@@@@@@@@@@  @@@@@@@@@@@@@\n@@@@@@@@@@@@@@@@@@@@@@@@@@@@@@@@@@@@@@\n@@@@@@@@@@@@@@@@@@@@@@@@@@@@@@@@@@@@@@  Thank you for using jOOQ 3.13.4\n                                      "}}
{"type":"LOG","log":{"level":"INFO","message":"INFO o.t.c.GenericContainer(tryStart):376 Creating container for image: postgres:14-alpine"}}
{"type":"LOG","log":{"level":"INFO","message":"INFO o.t.c.GenericContainer(tryStart):440 Container postgres:14-alpine is starting: d40fa64e336cd2b7ce2682e9dacdb4ae9477e84087500851eabfe8e4b9970d16"}}
{"type":"LOG","log":{"level":"INFO","message":"INFO o.t.c.GenericContainer(tryStart):520 Container postgres:14-alpine started in PT24.551138S"}}
{"type":"LOG","log":{"level":"INFO","message":"INFO c.z.h.HikariDataSource(<init>):80 HikariPool-2 - Starting..."}}
{"type":"LOG","log":{"level":"INFO","message":"INFO c.z.h.HikariDataSource(<init>):82 HikariPool-2 - Start completed."}}
{"type":"LOG","log":{"level":"INFO","message":"INFO o.t.c.GenericContainer(tryStart):376 Creating container for image: postgres:14-alpine"}}
{"type":"LOG","log":{"level":"INFO","message":"INFO o.t.c.GenericContainer(tryStart):440 Container postgres:14-alpine is starting: d219f2d33a5ef7f4e745e364752d492cd4db5efbb2645a292b71b4bba2e95158"}}
{"type":"LOG","log":{"level":"INFO","message":"INFO o.t.c.GenericContainer(tryStart):520 Container postgres:14-alpine started in PT33.308277S"}}
{"type":"LOG","log":{"level":"INFO","message":"INFO c.z.h.HikariDataSource(<init>):80 HikariPool-3 - Starting..."}}
{"type":"LOG","log":{"level":"INFO","message":"INFO c.z.h.HikariDataSource(<init>):82 HikariPool-3 - Start completed."}}
]]></system-out>
  <system-err><![CDATA[]]></system-err>
</testsuite>
